[2024-10-21T13:25:50.483+0700] {processor.py:186} INFO - Started process (PID=34701) to work on /Users/punny/Documents/GitHub/NYC-Taxi-ETL-Pipeline/dags/example_dag.py
[2024-10-21T13:25:50.487+0700] {processor.py:914} INFO - Processing file /Users/punny/Documents/GitHub/NYC-Taxi-ETL-Pipeline/dags/example_dag.py for tasks to queue
[2024-10-21T13:25:50.488+0700] {logging_mixin.py:190} INFO - [2024-10-21T13:25:50.488+0700] {dagbag.py:588} INFO - Filling up the DagBag from /Users/punny/Documents/GitHub/NYC-Taxi-ETL-Pipeline/dags/example_dag.py
[2024-10-21T13:25:50.510+0700] {processor.py:925} INFO - DAG(s) 'bash_example' retrieved from /Users/punny/Documents/GitHub/NYC-Taxi-ETL-Pipeline/dags/example_dag.py
[2024-10-21T13:25:50.821+0700] {logging_mixin.py:190} INFO - [2024-10-21T13:25:50.820+0700] {dag.py:3239} INFO - Sync 1 DAGs
[2024-10-21T13:25:50.857+0700] {logging_mixin.py:190} INFO - [2024-10-21T13:25:50.857+0700] {dag.py:4180} INFO - Setting next_dagrun for bash_example to 2024-10-20 22:45:00+00:00, run_after=2024-10-21 22:45:00+00:00
[2024-10-21T13:25:50.899+0700] {processor.py:208} INFO - Processing /Users/punny/Documents/GitHub/NYC-Taxi-ETL-Pipeline/dags/example_dag.py took 0.426 seconds
[2024-10-21T14:23:48.087+0700] {processor.py:186} INFO - Started process (PID=35463) to work on /Users/punny/Documents/GitHub/NYC-Taxi-ETL-Pipeline/dags/example_dag.py
[2024-10-21T14:23:48.091+0700] {processor.py:914} INFO - Processing file /Users/punny/Documents/GitHub/NYC-Taxi-ETL-Pipeline/dags/example_dag.py for tasks to queue
[2024-10-21T14:23:48.093+0700] {logging_mixin.py:190} INFO - [2024-10-21T14:23:48.092+0700] {dagbag.py:588} INFO - Filling up the DagBag from /Users/punny/Documents/GitHub/NYC-Taxi-ETL-Pipeline/dags/example_dag.py
[2024-10-21T14:23:48.109+0700] {processor.py:925} INFO - DAG(s) 'bash_example' retrieved from /Users/punny/Documents/GitHub/NYC-Taxi-ETL-Pipeline/dags/example_dag.py
[2024-10-21T14:23:48.352+0700] {logging_mixin.py:190} INFO - [2024-10-21T14:23:48.352+0700] {dag.py:3239} INFO - Sync 1 DAGs
[2024-10-21T14:23:48.380+0700] {logging_mixin.py:190} INFO - [2024-10-21T14:23:48.380+0700] {dag.py:4180} INFO - Setting next_dagrun for bash_example to 2024-10-20 22:45:00+00:00, run_after=2024-10-21 22:45:00+00:00
[2024-10-21T14:23:48.406+0700] {processor.py:208} INFO - Processing /Users/punny/Documents/GitHub/NYC-Taxi-ETL-Pipeline/dags/example_dag.py took 0.331 seconds
[2024-10-21T14:50:24.185+0700] {processor.py:186} INFO - Started process (PID=36263) to work on /Users/punny/Documents/GitHub/NYC-Taxi-ETL-Pipeline/dags/example_dag.py
[2024-10-21T14:50:24.189+0700] {processor.py:914} INFO - Processing file /Users/punny/Documents/GitHub/NYC-Taxi-ETL-Pipeline/dags/example_dag.py for tasks to queue
[2024-10-21T14:50:24.190+0700] {logging_mixin.py:190} INFO - [2024-10-21T14:50:24.189+0700] {dagbag.py:588} INFO - Filling up the DagBag from /Users/punny/Documents/GitHub/NYC-Taxi-ETL-Pipeline/dags/example_dag.py
[2024-10-21T14:50:24.202+0700] {processor.py:925} INFO - DAG(s) 'bash_example' retrieved from /Users/punny/Documents/GitHub/NYC-Taxi-ETL-Pipeline/dags/example_dag.py
[2024-10-21T14:50:24.393+0700] {logging_mixin.py:190} INFO - [2024-10-21T14:50:24.393+0700] {dag.py:3239} INFO - Sync 1 DAGs
[2024-10-21T14:50:24.415+0700] {logging_mixin.py:190} INFO - [2024-10-21T14:50:24.415+0700] {dag.py:4180} INFO - Setting next_dagrun for bash_example to 2024-10-20 22:45:00+00:00, run_after=2024-10-21 22:45:00+00:00
[2024-10-21T14:50:24.438+0700] {processor.py:208} INFO - Processing /Users/punny/Documents/GitHub/NYC-Taxi-ETL-Pipeline/dags/example_dag.py took 0.262 seconds
[2024-10-21T14:53:59.065+0700] {processor.py:186} INFO - Started process (PID=36783) to work on /Users/punny/Documents/GitHub/NYC-Taxi-ETL-Pipeline/dags/example_dag.py
[2024-10-21T14:53:59.069+0700] {processor.py:914} INFO - Processing file /Users/punny/Documents/GitHub/NYC-Taxi-ETL-Pipeline/dags/example_dag.py for tasks to queue
[2024-10-21T14:53:59.070+0700] {logging_mixin.py:190} INFO - [2024-10-21T14:53:59.070+0700] {dagbag.py:588} INFO - Filling up the DagBag from /Users/punny/Documents/GitHub/NYC-Taxi-ETL-Pipeline/dags/example_dag.py
[2024-10-21T14:53:59.097+0700] {processor.py:925} INFO - DAG(s) 'bash_example' retrieved from /Users/punny/Documents/GitHub/NYC-Taxi-ETL-Pipeline/dags/example_dag.py
[2024-10-21T14:53:59.360+0700] {logging_mixin.py:190} INFO - [2024-10-21T14:53:59.360+0700] {dag.py:3239} INFO - Sync 1 DAGs
[2024-10-21T14:53:59.393+0700] {logging_mixin.py:190} INFO - [2024-10-21T14:53:59.392+0700] {dag.py:4180} INFO - Setting next_dagrun for bash_example to 2024-10-20 22:45:00+00:00, run_after=2024-10-21 22:45:00+00:00
[2024-10-21T14:53:59.421+0700] {processor.py:208} INFO - Processing /Users/punny/Documents/GitHub/NYC-Taxi-ETL-Pipeline/dags/example_dag.py took 0.364 seconds
[2024-10-21T14:58:13.643+0700] {processor.py:186} INFO - Started process (PID=37428) to work on /Users/punny/Documents/GitHub/NYC-Taxi-ETL-Pipeline/dags/example_dag.py
[2024-10-21T14:58:13.653+0700] {processor.py:914} INFO - Processing file /Users/punny/Documents/GitHub/NYC-Taxi-ETL-Pipeline/dags/example_dag.py for tasks to queue
[2024-10-21T14:58:13.656+0700] {logging_mixin.py:190} INFO - [2024-10-21T14:58:13.655+0700] {dagbag.py:588} INFO - Filling up the DagBag from /Users/punny/Documents/GitHub/NYC-Taxi-ETL-Pipeline/dags/example_dag.py
[2024-10-21T14:58:13.707+0700] {processor.py:925} INFO - DAG(s) 'bash_example' retrieved from /Users/punny/Documents/GitHub/NYC-Taxi-ETL-Pipeline/dags/example_dag.py
[2024-10-21T14:58:17.165+0700] {logging_mixin.py:190} INFO - [2024-10-21T14:58:17.165+0700] {dag.py:3239} INFO - Sync 1 DAGs
[2024-10-21T14:58:17.269+0700] {logging_mixin.py:190} INFO - [2024-10-21T14:58:17.268+0700] {dag.py:4180} INFO - Setting next_dagrun for bash_example to 2024-10-20 22:45:00+00:00, run_after=2024-10-21 22:45:00+00:00
[2024-10-21T14:58:17.353+0700] {processor.py:208} INFO - Processing /Users/punny/Documents/GitHub/NYC-Taxi-ETL-Pipeline/dags/example_dag.py took 3.725 seconds
[2024-10-21T15:03:46.511+0700] {processor.py:186} INFO - Started process (PID=38224) to work on /Users/punny/Documents/GitHub/NYC-Taxi-ETL-Pipeline/dags/example_dag.py
[2024-10-21T15:03:46.517+0700] {processor.py:914} INFO - Processing file /Users/punny/Documents/GitHub/NYC-Taxi-ETL-Pipeline/dags/example_dag.py for tasks to queue
[2024-10-21T15:03:46.520+0700] {logging_mixin.py:190} INFO - [2024-10-21T15:03:46.519+0700] {dagbag.py:588} INFO - Filling up the DagBag from /Users/punny/Documents/GitHub/NYC-Taxi-ETL-Pipeline/dags/example_dag.py
[2024-10-21T15:03:46.553+0700] {processor.py:925} INFO - DAG(s) 'bash_example' retrieved from /Users/punny/Documents/GitHub/NYC-Taxi-ETL-Pipeline/dags/example_dag.py
[2024-10-21T15:03:47.002+0700] {logging_mixin.py:190} INFO - [2024-10-21T15:03:47.001+0700] {dag.py:3239} INFO - Sync 1 DAGs
[2024-10-21T15:03:47.061+0700] {logging_mixin.py:190} INFO - [2024-10-21T15:03:47.060+0700] {dag.py:4180} INFO - Setting next_dagrun for bash_example to 2024-10-20 22:45:00+00:00, run_after=2024-10-21 22:45:00+00:00
[2024-10-21T15:03:47.111+0700] {processor.py:208} INFO - Processing /Users/punny/Documents/GitHub/NYC-Taxi-ETL-Pipeline/dags/example_dag.py took 0.618 seconds
[2024-10-21T15:08:34.924+0700] {processor.py:186} INFO - Started process (PID=38802) to work on /Users/punny/Documents/GitHub/NYC-Taxi-ETL-Pipeline/dags/example_dag.py
[2024-10-21T15:08:34.931+0700] {processor.py:914} INFO - Processing file /Users/punny/Documents/GitHub/NYC-Taxi-ETL-Pipeline/dags/example_dag.py for tasks to queue
[2024-10-21T15:08:34.934+0700] {logging_mixin.py:190} INFO - [2024-10-21T15:08:34.933+0700] {dagbag.py:588} INFO - Filling up the DagBag from /Users/punny/Documents/GitHub/NYC-Taxi-ETL-Pipeline/dags/example_dag.py
[2024-10-21T15:08:34.956+0700] {processor.py:925} INFO - DAG(s) 'bash_example' retrieved from /Users/punny/Documents/GitHub/NYC-Taxi-ETL-Pipeline/dags/example_dag.py
[2024-10-21T15:08:35.253+0700] {logging_mixin.py:190} INFO - [2024-10-21T15:08:35.253+0700] {dag.py:3239} INFO - Sync 1 DAGs
[2024-10-21T15:08:35.290+0700] {logging_mixin.py:190} INFO - [2024-10-21T15:08:35.289+0700] {dag.py:4180} INFO - Setting next_dagrun for bash_example to 2024-10-20 22:45:00+00:00, run_after=2024-10-21 22:45:00+00:00
[2024-10-21T15:08:35.328+0700] {processor.py:208} INFO - Processing /Users/punny/Documents/GitHub/NYC-Taxi-ETL-Pipeline/dags/example_dag.py took 0.415 seconds
[2024-10-21T15:13:05.820+0700] {processor.py:186} INFO - Started process (PID=39410) to work on /Users/punny/Documents/GitHub/NYC-Taxi-ETL-Pipeline/dags/example_dag.py
[2024-10-21T15:13:05.826+0700] {processor.py:914} INFO - Processing file /Users/punny/Documents/GitHub/NYC-Taxi-ETL-Pipeline/dags/example_dag.py for tasks to queue
[2024-10-21T15:13:05.828+0700] {logging_mixin.py:190} INFO - [2024-10-21T15:13:05.827+0700] {dagbag.py:588} INFO - Filling up the DagBag from /Users/punny/Documents/GitHub/NYC-Taxi-ETL-Pipeline/dags/example_dag.py
[2024-10-21T15:13:05.848+0700] {processor.py:925} INFO - DAG(s) 'bash_example' retrieved from /Users/punny/Documents/GitHub/NYC-Taxi-ETL-Pipeline/dags/example_dag.py
[2024-10-21T15:13:06.150+0700] {logging_mixin.py:190} INFO - [2024-10-21T15:13:06.150+0700] {dag.py:3239} INFO - Sync 1 DAGs
[2024-10-21T15:13:06.185+0700] {logging_mixin.py:190} INFO - [2024-10-21T15:13:06.185+0700] {dag.py:4180} INFO - Setting next_dagrun for bash_example to 2024-10-20 22:45:00+00:00, run_after=2024-10-21 22:45:00+00:00
[2024-10-21T15:13:06.221+0700] {processor.py:208} INFO - Processing /Users/punny/Documents/GitHub/NYC-Taxi-ETL-Pipeline/dags/example_dag.py took 0.412 seconds
[2024-10-21T15:17:26.600+0700] {processor.py:186} INFO - Started process (PID=39933) to work on /Users/punny/Documents/GitHub/NYC-Taxi-ETL-Pipeline/dags/example_dag.py
[2024-10-21T15:17:26.604+0700] {processor.py:914} INFO - Processing file /Users/punny/Documents/GitHub/NYC-Taxi-ETL-Pipeline/dags/example_dag.py for tasks to queue
[2024-10-21T15:17:26.605+0700] {logging_mixin.py:190} INFO - [2024-10-21T15:17:26.605+0700] {dagbag.py:588} INFO - Filling up the DagBag from /Users/punny/Documents/GitHub/NYC-Taxi-ETL-Pipeline/dags/example_dag.py
[2024-10-21T15:17:26.625+0700] {processor.py:925} INFO - DAG(s) 'bash_example' retrieved from /Users/punny/Documents/GitHub/NYC-Taxi-ETL-Pipeline/dags/example_dag.py
[2024-10-21T15:17:26.907+0700] {logging_mixin.py:190} INFO - [2024-10-21T15:17:26.906+0700] {dag.py:3239} INFO - Sync 1 DAGs
[2024-10-21T15:17:26.943+0700] {logging_mixin.py:190} INFO - [2024-10-21T15:17:26.942+0700] {dag.py:4180} INFO - Setting next_dagrun for bash_example to 2024-10-20 22:45:00+00:00, run_after=2024-10-21 22:45:00+00:00
[2024-10-21T15:17:26.975+0700] {processor.py:208} INFO - Processing /Users/punny/Documents/GitHub/NYC-Taxi-ETL-Pipeline/dags/example_dag.py took 0.390 seconds
[2024-10-21T15:21:38.357+0700] {processor.py:186} INFO - Started process (PID=40491) to work on /Users/punny/Documents/GitHub/NYC-Taxi-ETL-Pipeline/dags/example_dag.py
[2024-10-21T15:21:38.362+0700] {processor.py:914} INFO - Processing file /Users/punny/Documents/GitHub/NYC-Taxi-ETL-Pipeline/dags/example_dag.py for tasks to queue
[2024-10-21T15:21:38.364+0700] {logging_mixin.py:190} INFO - [2024-10-21T15:21:38.363+0700] {dagbag.py:588} INFO - Filling up the DagBag from /Users/punny/Documents/GitHub/NYC-Taxi-ETL-Pipeline/dags/example_dag.py
[2024-10-21T15:21:38.383+0700] {processor.py:925} INFO - DAG(s) 'bash_example' retrieved from /Users/punny/Documents/GitHub/NYC-Taxi-ETL-Pipeline/dags/example_dag.py
[2024-10-21T15:21:38.659+0700] {logging_mixin.py:190} INFO - [2024-10-21T15:21:38.658+0700] {dag.py:3239} INFO - Sync 1 DAGs
[2024-10-21T15:21:38.690+0700] {logging_mixin.py:190} INFO - [2024-10-21T15:21:38.689+0700] {dag.py:4180} INFO - Setting next_dagrun for bash_example to 2024-10-20 22:45:00+00:00, run_after=2024-10-21 22:45:00+00:00
[2024-10-21T15:21:38.721+0700] {processor.py:208} INFO - Processing /Users/punny/Documents/GitHub/NYC-Taxi-ETL-Pipeline/dags/example_dag.py took 0.378 seconds
[2024-10-21T15:25:37.726+0700] {processor.py:186} INFO - Started process (PID=40980) to work on /Users/punny/Documents/GitHub/NYC-Taxi-ETL-Pipeline/dags/example_dag.py
[2024-10-21T15:25:37.729+0700] {processor.py:914} INFO - Processing file /Users/punny/Documents/GitHub/NYC-Taxi-ETL-Pipeline/dags/example_dag.py for tasks to queue
[2024-10-21T15:25:37.730+0700] {logging_mixin.py:190} INFO - [2024-10-21T15:25:37.730+0700] {dagbag.py:588} INFO - Filling up the DagBag from /Users/punny/Documents/GitHub/NYC-Taxi-ETL-Pipeline/dags/example_dag.py
[2024-10-21T15:25:37.749+0700] {processor.py:925} INFO - DAG(s) 'bash_example' retrieved from /Users/punny/Documents/GitHub/NYC-Taxi-ETL-Pipeline/dags/example_dag.py
[2024-10-21T15:25:38.031+0700] {logging_mixin.py:190} INFO - [2024-10-21T15:25:38.030+0700] {dag.py:3239} INFO - Sync 1 DAGs
[2024-10-21T15:25:38.066+0700] {logging_mixin.py:190} INFO - [2024-10-21T15:25:38.065+0700] {dag.py:4180} INFO - Setting next_dagrun for bash_example to 2024-10-20 22:45:00+00:00, run_after=2024-10-21 22:45:00+00:00
[2024-10-21T15:25:38.097+0700] {processor.py:208} INFO - Processing /Users/punny/Documents/GitHub/NYC-Taxi-ETL-Pipeline/dags/example_dag.py took 0.383 seconds
[2024-10-21T15:29:39.821+0700] {processor.py:186} INFO - Started process (PID=41496) to work on /Users/punny/Documents/GitHub/NYC-Taxi-ETL-Pipeline/dags/example_dag.py
[2024-10-21T15:29:39.825+0700] {processor.py:914} INFO - Processing file /Users/punny/Documents/GitHub/NYC-Taxi-ETL-Pipeline/dags/example_dag.py for tasks to queue
[2024-10-21T15:29:39.826+0700] {logging_mixin.py:190} INFO - [2024-10-21T15:29:39.826+0700] {dagbag.py:588} INFO - Filling up the DagBag from /Users/punny/Documents/GitHub/NYC-Taxi-ETL-Pipeline/dags/example_dag.py
[2024-10-21T15:29:39.852+0700] {processor.py:925} INFO - DAG(s) 'bash_example' retrieved from /Users/punny/Documents/GitHub/NYC-Taxi-ETL-Pipeline/dags/example_dag.py
[2024-10-21T15:29:40.237+0700] {logging_mixin.py:190} INFO - [2024-10-21T15:29:40.237+0700] {dag.py:3239} INFO - Sync 1 DAGs
[2024-10-21T15:29:40.283+0700] {logging_mixin.py:190} INFO - [2024-10-21T15:29:40.283+0700] {dag.py:4180} INFO - Setting next_dagrun for bash_example to 2024-10-20 22:45:00+00:00, run_after=2024-10-21 22:45:00+00:00
[2024-10-21T15:29:40.318+0700] {processor.py:208} INFO - Processing /Users/punny/Documents/GitHub/NYC-Taxi-ETL-Pipeline/dags/example_dag.py took 0.508 seconds
[2024-10-21T15:33:44.945+0700] {processor.py:186} INFO - Started process (PID=42012) to work on /Users/punny/Documents/GitHub/NYC-Taxi-ETL-Pipeline/dags/example_dag.py
[2024-10-21T15:33:44.951+0700] {processor.py:914} INFO - Processing file /Users/punny/Documents/GitHub/NYC-Taxi-ETL-Pipeline/dags/example_dag.py for tasks to queue
[2024-10-21T15:33:44.953+0700] {logging_mixin.py:190} INFO - [2024-10-21T15:33:44.953+0700] {dagbag.py:588} INFO - Filling up the DagBag from /Users/punny/Documents/GitHub/NYC-Taxi-ETL-Pipeline/dags/example_dag.py
[2024-10-21T15:33:44.978+0700] {processor.py:925} INFO - DAG(s) 'bash_example' retrieved from /Users/punny/Documents/GitHub/NYC-Taxi-ETL-Pipeline/dags/example_dag.py
[2024-10-21T15:33:45.311+0700] {logging_mixin.py:190} INFO - [2024-10-21T15:33:45.311+0700] {dag.py:3239} INFO - Sync 1 DAGs
[2024-10-21T15:33:45.350+0700] {logging_mixin.py:190} INFO - [2024-10-21T15:33:45.349+0700] {dag.py:4180} INFO - Setting next_dagrun for bash_example to 2024-10-20 22:45:00+00:00, run_after=2024-10-21 22:45:00+00:00
[2024-10-21T15:33:45.390+0700] {processor.py:208} INFO - Processing /Users/punny/Documents/GitHub/NYC-Taxi-ETL-Pipeline/dags/example_dag.py took 0.456 seconds
[2024-10-21T15:37:35.064+0700] {processor.py:186} INFO - Started process (PID=42512) to work on /Users/punny/Documents/GitHub/NYC-Taxi-ETL-Pipeline/dags/example_dag.py
[2024-10-21T15:37:35.069+0700] {processor.py:914} INFO - Processing file /Users/punny/Documents/GitHub/NYC-Taxi-ETL-Pipeline/dags/example_dag.py for tasks to queue
[2024-10-21T15:37:35.072+0700] {logging_mixin.py:190} INFO - [2024-10-21T15:37:35.072+0700] {dagbag.py:588} INFO - Filling up the DagBag from /Users/punny/Documents/GitHub/NYC-Taxi-ETL-Pipeline/dags/example_dag.py
[2024-10-21T15:37:35.092+0700] {processor.py:925} INFO - DAG(s) 'bash_example' retrieved from /Users/punny/Documents/GitHub/NYC-Taxi-ETL-Pipeline/dags/example_dag.py
[2024-10-21T15:37:35.550+0700] {logging_mixin.py:190} INFO - [2024-10-21T15:37:35.549+0700] {dag.py:3239} INFO - Sync 1 DAGs
[2024-10-21T15:37:35.608+0700] {logging_mixin.py:190} INFO - [2024-10-21T15:37:35.607+0700] {dag.py:4180} INFO - Setting next_dagrun for bash_example to 2024-10-20 22:45:00+00:00, run_after=2024-10-21 22:45:00+00:00
[2024-10-21T15:37:35.647+0700] {processor.py:208} INFO - Processing /Users/punny/Documents/GitHub/NYC-Taxi-ETL-Pipeline/dags/example_dag.py took 0.593 seconds
[2024-10-21T15:41:36.754+0700] {processor.py:186} INFO - Started process (PID=43089) to work on /Users/punny/Documents/GitHub/NYC-Taxi-ETL-Pipeline/dags/example_dag.py
[2024-10-21T15:41:36.758+0700] {processor.py:914} INFO - Processing file /Users/punny/Documents/GitHub/NYC-Taxi-ETL-Pipeline/dags/example_dag.py for tasks to queue
[2024-10-21T15:41:36.759+0700] {logging_mixin.py:190} INFO - [2024-10-21T15:41:36.759+0700] {dagbag.py:588} INFO - Filling up the DagBag from /Users/punny/Documents/GitHub/NYC-Taxi-ETL-Pipeline/dags/example_dag.py
[2024-10-21T15:41:36.777+0700] {processor.py:925} INFO - DAG(s) 'bash_example' retrieved from /Users/punny/Documents/GitHub/NYC-Taxi-ETL-Pipeline/dags/example_dag.py
[2024-10-21T15:41:37.062+0700] {logging_mixin.py:190} INFO - [2024-10-21T15:41:37.061+0700] {dag.py:3239} INFO - Sync 1 DAGs
[2024-10-21T15:41:37.093+0700] {logging_mixin.py:190} INFO - [2024-10-21T15:41:37.092+0700] {dag.py:4180} INFO - Setting next_dagrun for bash_example to 2024-10-20 22:45:00+00:00, run_after=2024-10-21 22:45:00+00:00
[2024-10-21T15:41:37.123+0700] {processor.py:208} INFO - Processing /Users/punny/Documents/GitHub/NYC-Taxi-ETL-Pipeline/dags/example_dag.py took 0.383 seconds
[2024-10-21T15:45:30.098+0700] {processor.py:186} INFO - Started process (PID=43580) to work on /Users/punny/Documents/GitHub/NYC-Taxi-ETL-Pipeline/dags/example_dag.py
[2024-10-21T15:45:30.102+0700] {processor.py:914} INFO - Processing file /Users/punny/Documents/GitHub/NYC-Taxi-ETL-Pipeline/dags/example_dag.py for tasks to queue
[2024-10-21T15:45:30.104+0700] {logging_mixin.py:190} INFO - [2024-10-21T15:45:30.103+0700] {dagbag.py:588} INFO - Filling up the DagBag from /Users/punny/Documents/GitHub/NYC-Taxi-ETL-Pipeline/dags/example_dag.py
[2024-10-21T15:45:30.123+0700] {processor.py:925} INFO - DAG(s) 'bash_example' retrieved from /Users/punny/Documents/GitHub/NYC-Taxi-ETL-Pipeline/dags/example_dag.py
[2024-10-21T15:45:30.401+0700] {logging_mixin.py:190} INFO - [2024-10-21T15:45:30.401+0700] {dag.py:3239} INFO - Sync 1 DAGs
[2024-10-21T15:45:30.455+0700] {logging_mixin.py:190} INFO - [2024-10-21T15:45:30.454+0700] {dag.py:4180} INFO - Setting next_dagrun for bash_example to 2024-10-20 22:45:00+00:00, run_after=2024-10-21 22:45:00+00:00
[2024-10-21T15:45:30.503+0700] {processor.py:208} INFO - Processing /Users/punny/Documents/GitHub/NYC-Taxi-ETL-Pipeline/dags/example_dag.py took 0.418 seconds
[2024-10-21T15:49:23.601+0700] {processor.py:186} INFO - Started process (PID=44038) to work on /Users/punny/Documents/GitHub/NYC-Taxi-ETL-Pipeline/dags/example_dag.py
[2024-10-21T15:49:23.606+0700] {processor.py:914} INFO - Processing file /Users/punny/Documents/GitHub/NYC-Taxi-ETL-Pipeline/dags/example_dag.py for tasks to queue
[2024-10-21T15:49:23.608+0700] {logging_mixin.py:190} INFO - [2024-10-21T15:49:23.608+0700] {dagbag.py:588} INFO - Filling up the DagBag from /Users/punny/Documents/GitHub/NYC-Taxi-ETL-Pipeline/dags/example_dag.py
[2024-10-21T15:49:23.631+0700] {processor.py:925} INFO - DAG(s) 'bash_example' retrieved from /Users/punny/Documents/GitHub/NYC-Taxi-ETL-Pipeline/dags/example_dag.py
[2024-10-21T15:49:23.903+0700] {logging_mixin.py:190} INFO - [2024-10-21T15:49:23.903+0700] {dag.py:3239} INFO - Sync 1 DAGs
[2024-10-21T15:49:23.935+0700] {logging_mixin.py:190} INFO - [2024-10-21T15:49:23.935+0700] {dag.py:4180} INFO - Setting next_dagrun for bash_example to 2024-10-20 22:45:00+00:00, run_after=2024-10-21 22:45:00+00:00
[2024-10-21T15:49:23.966+0700] {processor.py:208} INFO - Processing /Users/punny/Documents/GitHub/NYC-Taxi-ETL-Pipeline/dags/example_dag.py took 0.380 seconds
[2024-10-21T15:53:19.684+0700] {processor.py:186} INFO - Started process (PID=44575) to work on /Users/punny/Documents/GitHub/NYC-Taxi-ETL-Pipeline/dags/example_dag.py
[2024-10-21T15:53:19.687+0700] {processor.py:914} INFO - Processing file /Users/punny/Documents/GitHub/NYC-Taxi-ETL-Pipeline/dags/example_dag.py for tasks to queue
[2024-10-21T15:53:19.689+0700] {logging_mixin.py:190} INFO - [2024-10-21T15:53:19.689+0700] {dagbag.py:588} INFO - Filling up the DagBag from /Users/punny/Documents/GitHub/NYC-Taxi-ETL-Pipeline/dags/example_dag.py
[2024-10-21T15:53:19.710+0700] {processor.py:925} INFO - DAG(s) 'bash_example' retrieved from /Users/punny/Documents/GitHub/NYC-Taxi-ETL-Pipeline/dags/example_dag.py
[2024-10-21T15:53:19.981+0700] {logging_mixin.py:190} INFO - [2024-10-21T15:53:19.980+0700] {dag.py:3239} INFO - Sync 1 DAGs
[2024-10-21T15:53:20.010+0700] {logging_mixin.py:190} INFO - [2024-10-21T15:53:20.010+0700] {dag.py:4180} INFO - Setting next_dagrun for bash_example to 2024-10-20 22:45:00+00:00, run_after=2024-10-21 22:45:00+00:00
[2024-10-21T15:53:20.036+0700] {processor.py:208} INFO - Processing /Users/punny/Documents/GitHub/NYC-Taxi-ETL-Pipeline/dags/example_dag.py took 0.367 seconds
[2024-10-21T15:57:25.951+0700] {processor.py:186} INFO - Started process (PID=45084) to work on /Users/punny/Documents/GitHub/NYC-Taxi-ETL-Pipeline/dags/example_dag.py
[2024-10-21T15:57:25.956+0700] {processor.py:914} INFO - Processing file /Users/punny/Documents/GitHub/NYC-Taxi-ETL-Pipeline/dags/example_dag.py for tasks to queue
[2024-10-21T15:57:25.957+0700] {logging_mixin.py:190} INFO - [2024-10-21T15:57:25.957+0700] {dagbag.py:588} INFO - Filling up the DagBag from /Users/punny/Documents/GitHub/NYC-Taxi-ETL-Pipeline/dags/example_dag.py
[2024-10-21T15:57:25.979+0700] {processor.py:925} INFO - DAG(s) 'bash_example' retrieved from /Users/punny/Documents/GitHub/NYC-Taxi-ETL-Pipeline/dags/example_dag.py
[2024-10-21T15:57:26.293+0700] {logging_mixin.py:190} INFO - [2024-10-21T15:57:26.292+0700] {dag.py:3239} INFO - Sync 1 DAGs
[2024-10-21T15:57:26.329+0700] {logging_mixin.py:190} INFO - [2024-10-21T15:57:26.329+0700] {dag.py:4180} INFO - Setting next_dagrun for bash_example to 2024-10-20 22:45:00+00:00, run_after=2024-10-21 22:45:00+00:00
[2024-10-21T15:57:26.362+0700] {processor.py:208} INFO - Processing /Users/punny/Documents/GitHub/NYC-Taxi-ETL-Pipeline/dags/example_dag.py took 0.425 seconds
[2024-10-21T16:01:38.657+0700] {processor.py:186} INFO - Started process (PID=45654) to work on /Users/punny/Documents/GitHub/NYC-Taxi-ETL-Pipeline/dags/example_dag.py
[2024-10-21T16:01:38.661+0700] {processor.py:914} INFO - Processing file /Users/punny/Documents/GitHub/NYC-Taxi-ETL-Pipeline/dags/example_dag.py for tasks to queue
[2024-10-21T16:01:38.663+0700] {logging_mixin.py:190} INFO - [2024-10-21T16:01:38.663+0700] {dagbag.py:588} INFO - Filling up the DagBag from /Users/punny/Documents/GitHub/NYC-Taxi-ETL-Pipeline/dags/example_dag.py
[2024-10-21T16:01:38.691+0700] {processor.py:925} INFO - DAG(s) 'bash_example' retrieved from /Users/punny/Documents/GitHub/NYC-Taxi-ETL-Pipeline/dags/example_dag.py
[2024-10-21T16:01:38.960+0700] {logging_mixin.py:190} INFO - [2024-10-21T16:01:38.960+0700] {dag.py:3239} INFO - Sync 1 DAGs
[2024-10-21T16:01:38.989+0700] {logging_mixin.py:190} INFO - [2024-10-21T16:01:38.989+0700] {dag.py:4180} INFO - Setting next_dagrun for bash_example to 2024-10-20 22:45:00+00:00, run_after=2024-10-21 22:45:00+00:00
[2024-10-21T16:01:39.018+0700] {processor.py:208} INFO - Processing /Users/punny/Documents/GitHub/NYC-Taxi-ETL-Pipeline/dags/example_dag.py took 0.375 seconds
[2024-10-21T20:35:59.833+0700] {processor.py:186} INFO - Started process (PID=4170) to work on /Users/punny/Documents/GitHub/NYC-Taxi-ETL-Pipeline/dags/example_dag.py
[2024-10-21T20:35:59.836+0700] {processor.py:914} INFO - Processing file /Users/punny/Documents/GitHub/NYC-Taxi-ETL-Pipeline/dags/example_dag.py for tasks to queue
[2024-10-21T20:35:59.838+0700] {logging_mixin.py:190} INFO - [2024-10-21T20:35:59.837+0700] {dagbag.py:588} INFO - Filling up the DagBag from /Users/punny/Documents/GitHub/NYC-Taxi-ETL-Pipeline/dags/example_dag.py
[2024-10-21T20:35:59.856+0700] {processor.py:925} INFO - DAG(s) 'bash_example' retrieved from /Users/punny/Documents/GitHub/NYC-Taxi-ETL-Pipeline/dags/example_dag.py
[2024-10-21T20:36:00.316+0700] {logging_mixin.py:190} INFO - [2024-10-21T20:36:00.316+0700] {dag.py:3239} INFO - Sync 1 DAGs
[2024-10-21T20:36:00.344+0700] {logging_mixin.py:190} INFO - [2024-10-21T20:36:00.344+0700] {dag.py:4180} INFO - Setting next_dagrun for bash_example to 2024-10-20 22:45:00+00:00, run_after=2024-10-21 22:45:00+00:00
[2024-10-21T20:36:00.371+0700] {processor.py:208} INFO - Processing /Users/punny/Documents/GitHub/NYC-Taxi-ETL-Pipeline/dags/example_dag.py took 0.549 seconds
[2024-10-21T20:39:53.545+0700] {processor.py:186} INFO - Started process (PID=4483) to work on /Users/punny/Documents/GitHub/NYC-Taxi-ETL-Pipeline/dags/example_dag.py
[2024-10-21T20:39:53.549+0700] {processor.py:914} INFO - Processing file /Users/punny/Documents/GitHub/NYC-Taxi-ETL-Pipeline/dags/example_dag.py for tasks to queue
[2024-10-21T20:39:53.551+0700] {logging_mixin.py:190} INFO - [2024-10-21T20:39:53.550+0700] {dagbag.py:588} INFO - Filling up the DagBag from /Users/punny/Documents/GitHub/NYC-Taxi-ETL-Pipeline/dags/example_dag.py
[2024-10-21T20:39:53.564+0700] {processor.py:925} INFO - DAG(s) 'bash_example' retrieved from /Users/punny/Documents/GitHub/NYC-Taxi-ETL-Pipeline/dags/example_dag.py
[2024-10-21T20:39:53.745+0700] {logging_mixin.py:190} INFO - [2024-10-21T20:39:53.744+0700] {dag.py:3239} INFO - Sync 1 DAGs
[2024-10-21T20:39:53.766+0700] {logging_mixin.py:190} INFO - [2024-10-21T20:39:53.765+0700] {dag.py:4180} INFO - Setting next_dagrun for bash_example to 2024-10-20 22:45:00+00:00, run_after=2024-10-21 22:45:00+00:00
[2024-10-21T20:39:53.786+0700] {processor.py:208} INFO - Processing /Users/punny/Documents/GitHub/NYC-Taxi-ETL-Pipeline/dags/example_dag.py took 0.250 seconds
[2024-10-21T20:43:04.671+0700] {processor.py:186} INFO - Started process (PID=4797) to work on /Users/punny/Documents/GitHub/NYC-Taxi-ETL-Pipeline/dags/example_dag.py
[2024-10-21T20:43:04.681+0700] {processor.py:914} INFO - Processing file /Users/punny/Documents/GitHub/NYC-Taxi-ETL-Pipeline/dags/example_dag.py for tasks to queue
[2024-10-21T20:43:04.685+0700] {logging_mixin.py:190} INFO - [2024-10-21T20:43:04.684+0700] {dagbag.py:588} INFO - Filling up the DagBag from /Users/punny/Documents/GitHub/NYC-Taxi-ETL-Pipeline/dags/example_dag.py
[2024-10-21T20:43:04.703+0700] {logging_mixin.py:190} INFO - [2024-10-21T20:43:04.700+0700] {dagbag.py:387} ERROR - Failed to import: /Users/punny/Documents/GitHub/NYC-Taxi-ETL-Pipeline/dags/example_dag.py
Traceback (most recent call last):
  File "/Users/punny/Documents/GitHub/NYC-Taxi-ETL-Pipeline/.venv/lib/python3.10/site-packages/airflow/models/dagbag.py", line 383, in parse
    loader.exec_module(new_module)
  File "<frozen importlib._bootstrap_external>", line 883, in exec_module
  File "<frozen importlib._bootstrap>", line 241, in _call_with_frames_removed
  File "/Users/punny/Documents/GitHub/NYC-Taxi-ETL-Pipeline/dags/example_dag.py", line 16, in <module>
    print(os.pwd())
AttributeError: module 'os' has no attribute 'pwd'
[2024-10-21T20:43:04.705+0700] {processor.py:927} WARNING - No viable dags retrieved from /Users/punny/Documents/GitHub/NYC-Taxi-ETL-Pipeline/dags/example_dag.py
[2024-10-21T20:43:06.801+0700] {processor.py:208} INFO - Processing /Users/punny/Documents/GitHub/NYC-Taxi-ETL-Pipeline/dags/example_dag.py took 2.144 seconds
[2024-10-21T20:47:07.023+0700] {processor.py:186} INFO - Started process (PID=5188) to work on /Users/punny/Documents/GitHub/NYC-Taxi-ETL-Pipeline/dags/example_dag.py
[2024-10-21T20:47:07.027+0700] {processor.py:914} INFO - Processing file /Users/punny/Documents/GitHub/NYC-Taxi-ETL-Pipeline/dags/example_dag.py for tasks to queue
[2024-10-21T20:47:07.028+0700] {logging_mixin.py:190} INFO - [2024-10-21T20:47:07.028+0700] {dagbag.py:588} INFO - Filling up the DagBag from /Users/punny/Documents/GitHub/NYC-Taxi-ETL-Pipeline/dags/example_dag.py
[2024-10-21T20:47:07.050+0700] {processor.py:925} INFO - DAG(s) 'bash_example' retrieved from /Users/punny/Documents/GitHub/NYC-Taxi-ETL-Pipeline/dags/example_dag.py
[2024-10-21T20:47:07.411+0700] {logging_mixin.py:190} INFO - [2024-10-21T20:47:07.410+0700] {dag.py:3239} INFO - Sync 1 DAGs
[2024-10-21T20:47:07.437+0700] {logging_mixin.py:190} INFO - [2024-10-21T20:47:07.437+0700] {dag.py:4180} INFO - Setting next_dagrun for bash_example to 2024-10-20 22:45:00+00:00, run_after=2024-10-21 22:45:00+00:00
[2024-10-21T20:47:07.466+0700] {processor.py:208} INFO - Processing /Users/punny/Documents/GitHub/NYC-Taxi-ETL-Pipeline/dags/example_dag.py took 0.452 seconds
[2024-10-21T20:50:43.524+0700] {processor.py:186} INFO - Started process (PID=5496) to work on /Users/punny/Documents/GitHub/NYC-Taxi-ETL-Pipeline/dags/example_dag.py
[2024-10-21T20:50:43.528+0700] {processor.py:914} INFO - Processing file /Users/punny/Documents/GitHub/NYC-Taxi-ETL-Pipeline/dags/example_dag.py for tasks to queue
[2024-10-21T20:50:43.529+0700] {logging_mixin.py:190} INFO - [2024-10-21T20:50:43.529+0700] {dagbag.py:588} INFO - Filling up the DagBag from /Users/punny/Documents/GitHub/NYC-Taxi-ETL-Pipeline/dags/example_dag.py
[2024-10-21T20:50:43.543+0700] {processor.py:925} INFO - DAG(s) 'bash_example' retrieved from /Users/punny/Documents/GitHub/NYC-Taxi-ETL-Pipeline/dags/example_dag.py
[2024-10-21T20:50:43.770+0700] {logging_mixin.py:190} INFO - [2024-10-21T20:50:43.769+0700] {dag.py:3239} INFO - Sync 1 DAGs
[2024-10-21T20:50:43.795+0700] {logging_mixin.py:190} INFO - [2024-10-21T20:50:43.794+0700] {dag.py:4180} INFO - Setting next_dagrun for bash_example to 2024-10-20 22:45:00+00:00, run_after=2024-10-21 22:45:00+00:00
[2024-10-21T20:50:43.819+0700] {processor.py:208} INFO - Processing /Users/punny/Documents/GitHub/NYC-Taxi-ETL-Pipeline/dags/example_dag.py took 0.305 seconds
[2024-10-21T20:51:36.971+0700] {processor.py:186} INFO - Started process (PID=5580) to work on /Users/punny/Documents/GitHub/NYC-Taxi-ETL-Pipeline/dags/example_dag.py
[2024-10-21T20:51:36.974+0700] {processor.py:914} INFO - Processing file /Users/punny/Documents/GitHub/NYC-Taxi-ETL-Pipeline/dags/example_dag.py for tasks to queue
[2024-10-21T20:51:36.976+0700] {logging_mixin.py:190} INFO - [2024-10-21T20:51:36.975+0700] {dagbag.py:588} INFO - Filling up the DagBag from /Users/punny/Documents/GitHub/NYC-Taxi-ETL-Pipeline/dags/example_dag.py
[2024-10-21T20:51:36.995+0700] {processor.py:925} INFO - DAG(s) 'bash_example' retrieved from /Users/punny/Documents/GitHub/NYC-Taxi-ETL-Pipeline/dags/example_dag.py
[2024-10-21T20:51:37.419+0700] {logging_mixin.py:190} INFO - [2024-10-21T20:51:37.419+0700] {dag.py:3239} INFO - Sync 1 DAGs
[2024-10-21T20:51:37.451+0700] {logging_mixin.py:190} INFO - [2024-10-21T20:51:37.451+0700] {dag.py:4180} INFO - Setting next_dagrun for bash_example to 2024-10-20 00:00:00+00:00, run_after=2024-10-20 00:01:00+00:00
[2024-10-21T20:51:37.481+0700] {processor.py:208} INFO - Processing /Users/punny/Documents/GitHub/NYC-Taxi-ETL-Pipeline/dags/example_dag.py took 0.520 seconds
[2024-10-21T20:53:42.294+0700] {processor.py:186} INFO - Started process (PID=5780) to work on /Users/punny/Documents/GitHub/NYC-Taxi-ETL-Pipeline/dags/example_dag.py
[2024-10-21T20:53:42.297+0700] {processor.py:914} INFO - Processing file /Users/punny/Documents/GitHub/NYC-Taxi-ETL-Pipeline/dags/example_dag.py for tasks to queue
[2024-10-21T20:53:42.298+0700] {logging_mixin.py:190} INFO - [2024-10-21T20:53:42.298+0700] {dagbag.py:588} INFO - Filling up the DagBag from /Users/punny/Documents/GitHub/NYC-Taxi-ETL-Pipeline/dags/example_dag.py
[2024-10-21T20:53:42.316+0700] {processor.py:925} INFO - DAG(s) 'bash_example' retrieved from /Users/punny/Documents/GitHub/NYC-Taxi-ETL-Pipeline/dags/example_dag.py
[2024-10-21T20:53:42.700+0700] {logging_mixin.py:190} INFO - [2024-10-21T20:53:42.700+0700] {dag.py:3239} INFO - Sync 1 DAGs
[2024-10-21T20:53:42.727+0700] {logging_mixin.py:190} INFO - [2024-10-21T20:53:42.727+0700] {dag.py:4180} INFO - Setting next_dagrun for bash_example to 2024-10-20 00:05:00+00:00, run_after=2024-10-20 00:06:00+00:00
[2024-10-21T20:53:42.755+0700] {processor.py:208} INFO - Processing /Users/punny/Documents/GitHub/NYC-Taxi-ETL-Pipeline/dags/example_dag.py took 0.470 seconds
[2024-10-21T20:54:44.073+0700] {processor.py:186} INFO - Started process (PID=5913) to work on /Users/punny/Documents/GitHub/NYC-Taxi-ETL-Pipeline/dags/example_dag.py
[2024-10-21T20:54:44.077+0700] {processor.py:914} INFO - Processing file /Users/punny/Documents/GitHub/NYC-Taxi-ETL-Pipeline/dags/example_dag.py for tasks to queue
[2024-10-21T20:54:44.078+0700] {logging_mixin.py:190} INFO - [2024-10-21T20:54:44.077+0700] {dagbag.py:588} INFO - Filling up the DagBag from /Users/punny/Documents/GitHub/NYC-Taxi-ETL-Pipeline/dags/example_dag.py
[2024-10-21T20:54:44.090+0700] {processor.py:925} INFO - DAG(s) 'bash_example' retrieved from /Users/punny/Documents/GitHub/NYC-Taxi-ETL-Pipeline/dags/example_dag.py
[2024-10-21T20:54:44.303+0700] {logging_mixin.py:190} INFO - [2024-10-21T20:54:44.303+0700] {dag.py:3239} INFO - Sync 1 DAGs
[2024-10-21T20:54:44.327+0700] {logging_mixin.py:190} INFO - [2024-10-21T20:54:44.327+0700] {dag.py:4180} INFO - Setting next_dagrun for bash_example to 2024-10-20 00:06:00+00:00, run_after=2024-10-20 00:07:00+00:00
[2024-10-21T20:54:44.350+0700] {processor.py:208} INFO - Processing /Users/punny/Documents/GitHub/NYC-Taxi-ETL-Pipeline/dags/example_dag.py took 0.286 seconds
[2024-10-21T20:54:59.141+0700] {processor.py:186} INFO - Started process (PID=5937) to work on /Users/punny/Documents/GitHub/NYC-Taxi-ETL-Pipeline/dags/example_dag.py
[2024-10-21T20:54:59.143+0700] {processor.py:914} INFO - Processing file /Users/punny/Documents/GitHub/NYC-Taxi-ETL-Pipeline/dags/example_dag.py for tasks to queue
[2024-10-21T20:54:59.144+0700] {logging_mixin.py:190} INFO - [2024-10-21T20:54:59.144+0700] {dagbag.py:588} INFO - Filling up the DagBag from /Users/punny/Documents/GitHub/NYC-Taxi-ETL-Pipeline/dags/example_dag.py
[2024-10-21T20:54:59.162+0700] {processor.py:925} INFO - DAG(s) 'bash_example' retrieved from /Users/punny/Documents/GitHub/NYC-Taxi-ETL-Pipeline/dags/example_dag.py
[2024-10-21T20:54:59.502+0700] {logging_mixin.py:190} INFO - [2024-10-21T20:54:59.502+0700] {dag.py:3239} INFO - Sync 1 DAGs
[2024-10-21T20:54:59.525+0700] {logging_mixin.py:190} INFO - [2024-10-21T20:54:59.525+0700] {dag.py:4180} INFO - Setting next_dagrun for bash_example to 2024-10-20 00:06:00+00:00, run_after=2024-10-20 00:07:00+00:00
[2024-10-21T20:54:59.547+0700] {processor.py:208} INFO - Processing /Users/punny/Documents/GitHub/NYC-Taxi-ETL-Pipeline/dags/example_dag.py took 0.414 seconds
[2024-10-21T20:59:17.320+0700] {processor.py:186} INFO - Started process (PID=6383) to work on /Users/punny/Documents/GitHub/NYC-Taxi-ETL-Pipeline/dags/example_dag.py
[2024-10-21T20:59:17.326+0700] {processor.py:914} INFO - Processing file /Users/punny/Documents/GitHub/NYC-Taxi-ETL-Pipeline/dags/example_dag.py for tasks to queue
[2024-10-21T20:59:17.328+0700] {logging_mixin.py:190} INFO - [2024-10-21T20:59:17.327+0700] {dagbag.py:588} INFO - Filling up the DagBag from /Users/punny/Documents/GitHub/NYC-Taxi-ETL-Pipeline/dags/example_dag.py
[2024-10-21T20:59:17.347+0700] {processor.py:925} INFO - DAG(s) 'bash_example' retrieved from /Users/punny/Documents/GitHub/NYC-Taxi-ETL-Pipeline/dags/example_dag.py
[2024-10-21T20:59:17.643+0700] {logging_mixin.py:190} INFO - [2024-10-21T20:59:17.643+0700] {dag.py:3239} INFO - Sync 1 DAGs
[2024-10-21T20:59:17.691+0700] {logging_mixin.py:190} INFO - [2024-10-21T20:59:17.690+0700] {dag.py:4180} INFO - Setting next_dagrun for bash_example to 2024-10-20 00:15:00+00:00, run_after=2024-10-20 00:16:00+00:00
[2024-10-21T20:59:17.733+0700] {processor.py:208} INFO - Processing /Users/punny/Documents/GitHub/NYC-Taxi-ETL-Pipeline/dags/example_dag.py took 0.421 seconds
[2024-10-21T21:03:25.893+0700] {processor.py:186} INFO - Started process (PID=6695) to work on /Users/punny/Documents/GitHub/NYC-Taxi-ETL-Pipeline/dags/example_dag.py
[2024-10-21T21:03:25.897+0700] {processor.py:914} INFO - Processing file /Users/punny/Documents/GitHub/NYC-Taxi-ETL-Pipeline/dags/example_dag.py for tasks to queue
[2024-10-21T21:03:25.898+0700] {logging_mixin.py:190} INFO - [2024-10-21T21:03:25.898+0700] {dagbag.py:588} INFO - Filling up the DagBag from /Users/punny/Documents/GitHub/NYC-Taxi-ETL-Pipeline/dags/example_dag.py
[2024-10-21T21:03:25.912+0700] {processor.py:925} INFO - DAG(s) 'bash_example' retrieved from /Users/punny/Documents/GitHub/NYC-Taxi-ETL-Pipeline/dags/example_dag.py
[2024-10-21T21:03:26.299+0700] {logging_mixin.py:190} INFO - [2024-10-21T21:03:26.299+0700] {dag.py:3239} INFO - Sync 1 DAGs
[2024-10-21T21:03:26.329+0700] {logging_mixin.py:190} INFO - [2024-10-21T21:03:26.329+0700] {dag.py:4180} INFO - Setting next_dagrun for bash_example to 2024-10-20 00:18:00+00:00, run_after=2024-10-20 00:19:00+00:00
[2024-10-21T21:03:26.356+0700] {processor.py:208} INFO - Processing /Users/punny/Documents/GitHub/NYC-Taxi-ETL-Pipeline/dags/example_dag.py took 0.472 seconds
[2024-10-21T21:06:38.361+0700] {processor.py:186} INFO - Started process (PID=6951) to work on /Users/punny/Documents/GitHub/NYC-Taxi-ETL-Pipeline/dags/example_dag.py
[2024-10-21T21:06:38.365+0700] {processor.py:914} INFO - Processing file /Users/punny/Documents/GitHub/NYC-Taxi-ETL-Pipeline/dags/example_dag.py for tasks to queue
[2024-10-21T21:06:38.367+0700] {logging_mixin.py:190} INFO - [2024-10-21T21:06:38.366+0700] {dagbag.py:588} INFO - Filling up the DagBag from /Users/punny/Documents/GitHub/NYC-Taxi-ETL-Pipeline/dags/example_dag.py
[2024-10-21T21:06:38.383+0700] {processor.py:925} INFO - DAG(s) 'bash_example' retrieved from /Users/punny/Documents/GitHub/NYC-Taxi-ETL-Pipeline/dags/example_dag.py
[2024-10-21T21:06:38.744+0700] {logging_mixin.py:190} INFO - [2024-10-21T21:06:38.744+0700] {dag.py:3239} INFO - Sync 1 DAGs
[2024-10-21T21:06:38.790+0700] {logging_mixin.py:190} INFO - [2024-10-21T21:06:38.790+0700] {dag.py:4180} INFO - Setting next_dagrun for bash_example to 2024-10-20 00:18:00+00:00, run_after=2024-10-20 00:19:00+00:00
[2024-10-21T21:06:38.818+0700] {processor.py:208} INFO - Processing /Users/punny/Documents/GitHub/NYC-Taxi-ETL-Pipeline/dags/example_dag.py took 0.466 seconds
[2024-10-21T21:10:07.972+0700] {processor.py:186} INFO - Started process (PID=7181) to work on /Users/punny/Documents/GitHub/NYC-Taxi-ETL-Pipeline/dags/example_dag.py
[2024-10-21T21:10:07.975+0700] {processor.py:914} INFO - Processing file /Users/punny/Documents/GitHub/NYC-Taxi-ETL-Pipeline/dags/example_dag.py for tasks to queue
[2024-10-21T21:10:07.977+0700] {logging_mixin.py:190} INFO - [2024-10-21T21:10:07.977+0700] {dagbag.py:588} INFO - Filling up the DagBag from /Users/punny/Documents/GitHub/NYC-Taxi-ETL-Pipeline/dags/example_dag.py
[2024-10-21T21:10:07.992+0700] {processor.py:925} INFO - DAG(s) 'bash_example' retrieved from /Users/punny/Documents/GitHub/NYC-Taxi-ETL-Pipeline/dags/example_dag.py
[2024-10-21T21:10:08.327+0700] {logging_mixin.py:190} INFO - [2024-10-21T21:10:08.327+0700] {dag.py:3239} INFO - Sync 1 DAGs
[2024-10-21T21:10:08.351+0700] {logging_mixin.py:190} INFO - [2024-10-21T21:10:08.350+0700] {dag.py:4180} INFO - Setting next_dagrun for bash_example to 2024-10-20 00:18:00+00:00, run_after=2024-10-20 00:19:00+00:00
[2024-10-21T21:10:08.374+0700] {processor.py:208} INFO - Processing /Users/punny/Documents/GitHub/NYC-Taxi-ETL-Pipeline/dags/example_dag.py took 0.409 seconds
[2024-10-21T21:13:05.435+0700] {processor.py:186} INFO - Started process (PID=7446) to work on /Users/punny/Documents/GitHub/NYC-Taxi-ETL-Pipeline/dags/example_dag.py
[2024-10-21T21:13:05.439+0700] {processor.py:914} INFO - Processing file /Users/punny/Documents/GitHub/NYC-Taxi-ETL-Pipeline/dags/example_dag.py for tasks to queue
[2024-10-21T21:13:05.441+0700] {logging_mixin.py:190} INFO - [2024-10-21T21:13:05.441+0700] {dagbag.py:588} INFO - Filling up the DagBag from /Users/punny/Documents/GitHub/NYC-Taxi-ETL-Pipeline/dags/example_dag.py
[2024-10-21T21:13:05.457+0700] {processor.py:925} INFO - DAG(s) 'bash_example' retrieved from /Users/punny/Documents/GitHub/NYC-Taxi-ETL-Pipeline/dags/example_dag.py
[2024-10-21T21:13:05.671+0700] {logging_mixin.py:190} INFO - [2024-10-21T21:13:05.671+0700] {dag.py:3239} INFO - Sync 1 DAGs
[2024-10-21T21:13:05.701+0700] {logging_mixin.py:190} INFO - [2024-10-21T21:13:05.701+0700] {dag.py:4180} INFO - Setting next_dagrun for bash_example to 2024-10-20 00:18:00+00:00, run_after=2024-10-20 00:19:00+00:00
[2024-10-21T21:13:05.722+0700] {processor.py:208} INFO - Processing /Users/punny/Documents/GitHub/NYC-Taxi-ETL-Pipeline/dags/example_dag.py took 0.296 seconds
[2024-10-21T21:16:15.716+0700] {processor.py:186} INFO - Started process (PID=7832) to work on /Users/punny/Documents/GitHub/NYC-Taxi-ETL-Pipeline/dags/example_dag.py
[2024-10-21T21:16:15.719+0700] {processor.py:914} INFO - Processing file /Users/punny/Documents/GitHub/NYC-Taxi-ETL-Pipeline/dags/example_dag.py for tasks to queue
[2024-10-21T21:16:15.720+0700] {logging_mixin.py:190} INFO - [2024-10-21T21:16:15.720+0700] {dagbag.py:588} INFO - Filling up the DagBag from /Users/punny/Documents/GitHub/NYC-Taxi-ETL-Pipeline/dags/example_dag.py
[2024-10-21T21:16:15.738+0700] {processor.py:925} INFO - DAG(s) 'bash_example' retrieved from /Users/punny/Documents/GitHub/NYC-Taxi-ETL-Pipeline/dags/example_dag.py
[2024-10-21T21:16:15.958+0700] {logging_mixin.py:190} INFO - [2024-10-21T21:16:15.958+0700] {dag.py:3239} INFO - Sync 1 DAGs
[2024-10-21T21:16:15.986+0700] {logging_mixin.py:190} INFO - [2024-10-21T21:16:15.986+0700] {dag.py:4180} INFO - Setting next_dagrun for bash_example to 2024-10-20 00:18:00+00:00, run_after=2024-10-20 00:19:00+00:00
[2024-10-21T21:16:16.010+0700] {processor.py:208} INFO - Processing /Users/punny/Documents/GitHub/NYC-Taxi-ETL-Pipeline/dags/example_dag.py took 0.304 seconds
[2024-10-21T21:19:35.052+0700] {processor.py:186} INFO - Started process (PID=8014) to work on /Users/punny/Documents/GitHub/NYC-Taxi-ETL-Pipeline/dags/example_dag.py
[2024-10-21T21:19:35.055+0700] {processor.py:914} INFO - Processing file /Users/punny/Documents/GitHub/NYC-Taxi-ETL-Pipeline/dags/example_dag.py for tasks to queue
[2024-10-21T21:19:35.056+0700] {logging_mixin.py:190} INFO - [2024-10-21T21:19:35.056+0700] {dagbag.py:588} INFO - Filling up the DagBag from /Users/punny/Documents/GitHub/NYC-Taxi-ETL-Pipeline/dags/example_dag.py
[2024-10-21T21:19:35.070+0700] {processor.py:925} INFO - DAG(s) 'bash_example' retrieved from /Users/punny/Documents/GitHub/NYC-Taxi-ETL-Pipeline/dags/example_dag.py
[2024-10-21T21:19:35.249+0700] {logging_mixin.py:190} INFO - [2024-10-21T21:19:35.249+0700] {dag.py:3239} INFO - Sync 1 DAGs
[2024-10-21T21:19:35.273+0700] {logging_mixin.py:190} INFO - [2024-10-21T21:19:35.273+0700] {dag.py:4180} INFO - Setting next_dagrun for bash_example to 2024-10-20 00:18:00+00:00, run_after=2024-10-20 00:19:00+00:00
[2024-10-21T21:19:35.295+0700] {processor.py:208} INFO - Processing /Users/punny/Documents/GitHub/NYC-Taxi-ETL-Pipeline/dags/example_dag.py took 0.252 seconds
[2024-10-21T21:22:23.566+0700] {processor.py:186} INFO - Started process (PID=8179) to work on /Users/punny/Documents/GitHub/NYC-Taxi-ETL-Pipeline/dags/example_dag.py
[2024-10-21T21:22:23.569+0700] {processor.py:914} INFO - Processing file /Users/punny/Documents/GitHub/NYC-Taxi-ETL-Pipeline/dags/example_dag.py for tasks to queue
[2024-10-21T21:22:23.570+0700] {logging_mixin.py:190} INFO - [2024-10-21T21:22:23.570+0700] {dagbag.py:588} INFO - Filling up the DagBag from /Users/punny/Documents/GitHub/NYC-Taxi-ETL-Pipeline/dags/example_dag.py
[2024-10-21T21:22:23.583+0700] {processor.py:925} INFO - DAG(s) 'bash_example' retrieved from /Users/punny/Documents/GitHub/NYC-Taxi-ETL-Pipeline/dags/example_dag.py
[2024-10-21T21:22:23.774+0700] {logging_mixin.py:190} INFO - [2024-10-21T21:22:23.774+0700] {dag.py:3239} INFO - Sync 1 DAGs
[2024-10-21T21:22:23.797+0700] {logging_mixin.py:190} INFO - [2024-10-21T21:22:23.797+0700] {dag.py:4180} INFO - Setting next_dagrun for bash_example to 2024-10-20 00:18:00+00:00, run_after=2024-10-20 00:19:00+00:00
[2024-10-21T21:22:23.818+0700] {processor.py:208} INFO - Processing /Users/punny/Documents/GitHub/NYC-Taxi-ETL-Pipeline/dags/example_dag.py took 0.259 seconds
[2024-10-21T21:25:23.463+0700] {processor.py:186} INFO - Started process (PID=8498) to work on /Users/punny/Documents/GitHub/NYC-Taxi-ETL-Pipeline/dags/example_dag.py
[2024-10-21T21:25:23.466+0700] {processor.py:914} INFO - Processing file /Users/punny/Documents/GitHub/NYC-Taxi-ETL-Pipeline/dags/example_dag.py for tasks to queue
[2024-10-21T21:25:23.468+0700] {logging_mixin.py:190} INFO - [2024-10-21T21:25:23.467+0700] {dagbag.py:588} INFO - Filling up the DagBag from /Users/punny/Documents/GitHub/NYC-Taxi-ETL-Pipeline/dags/example_dag.py
[2024-10-21T21:25:23.481+0700] {processor.py:925} INFO - DAG(s) 'bash_example' retrieved from /Users/punny/Documents/GitHub/NYC-Taxi-ETL-Pipeline/dags/example_dag.py
[2024-10-21T21:25:23.669+0700] {logging_mixin.py:190} INFO - [2024-10-21T21:25:23.669+0700] {dag.py:3239} INFO - Sync 1 DAGs
[2024-10-21T21:25:23.692+0700] {logging_mixin.py:190} INFO - [2024-10-21T21:25:23.692+0700] {dag.py:4180} INFO - Setting next_dagrun for bash_example to 2024-10-20 00:18:00+00:00, run_after=2024-10-20 00:19:00+00:00
[2024-10-21T21:25:23.716+0700] {processor.py:208} INFO - Processing /Users/punny/Documents/GitHub/NYC-Taxi-ETL-Pipeline/dags/example_dag.py took 0.263 seconds
[2024-10-21T21:28:58.023+0700] {processor.py:186} INFO - Started process (PID=8812) to work on /Users/punny/Documents/GitHub/NYC-Taxi-ETL-Pipeline/dags/example_dag.py
[2024-10-21T21:28:58.026+0700] {processor.py:914} INFO - Processing file /Users/punny/Documents/GitHub/NYC-Taxi-ETL-Pipeline/dags/example_dag.py for tasks to queue
[2024-10-21T21:28:58.027+0700] {logging_mixin.py:190} INFO - [2024-10-21T21:28:58.027+0700] {dagbag.py:588} INFO - Filling up the DagBag from /Users/punny/Documents/GitHub/NYC-Taxi-ETL-Pipeline/dags/example_dag.py
[2024-10-21T21:28:58.039+0700] {processor.py:925} INFO - DAG(s) 'bash_example' retrieved from /Users/punny/Documents/GitHub/NYC-Taxi-ETL-Pipeline/dags/example_dag.py
[2024-10-21T21:28:58.220+0700] {logging_mixin.py:190} INFO - [2024-10-21T21:28:58.219+0700] {dag.py:3239} INFO - Sync 1 DAGs
[2024-10-21T21:28:58.242+0700] {logging_mixin.py:190} INFO - [2024-10-21T21:28:58.242+0700] {dag.py:4180} INFO - Setting next_dagrun for bash_example to 2024-10-20 00:18:00+00:00, run_after=2024-10-20 00:19:00+00:00
[2024-10-21T21:28:58.264+0700] {processor.py:208} INFO - Processing /Users/punny/Documents/GitHub/NYC-Taxi-ETL-Pipeline/dags/example_dag.py took 0.249 seconds
[2024-10-21T21:31:49.817+0700] {processor.py:186} INFO - Started process (PID=9065) to work on /Users/punny/Documents/GitHub/NYC-Taxi-ETL-Pipeline/dags/example_dag.py
[2024-10-21T21:31:49.821+0700] {processor.py:914} INFO - Processing file /Users/punny/Documents/GitHub/NYC-Taxi-ETL-Pipeline/dags/example_dag.py for tasks to queue
[2024-10-21T21:31:49.822+0700] {logging_mixin.py:190} INFO - [2024-10-21T21:31:49.822+0700] {dagbag.py:588} INFO - Filling up the DagBag from /Users/punny/Documents/GitHub/NYC-Taxi-ETL-Pipeline/dags/example_dag.py
[2024-10-21T21:31:49.834+0700] {processor.py:925} INFO - DAG(s) 'bash_example' retrieved from /Users/punny/Documents/GitHub/NYC-Taxi-ETL-Pipeline/dags/example_dag.py
[2024-10-21T21:31:50.014+0700] {logging_mixin.py:190} INFO - [2024-10-21T21:31:50.014+0700] {dag.py:3239} INFO - Sync 1 DAGs
[2024-10-21T21:31:50.038+0700] {logging_mixin.py:190} INFO - [2024-10-21T21:31:50.037+0700] {dag.py:4180} INFO - Setting next_dagrun for bash_example to 2024-10-20 00:18:00+00:00, run_after=2024-10-20 00:19:00+00:00
[2024-10-21T21:31:50.059+0700] {processor.py:208} INFO - Processing /Users/punny/Documents/GitHub/NYC-Taxi-ETL-Pipeline/dags/example_dag.py took 0.249 seconds
[2024-10-21T21:34:44.453+0700] {processor.py:186} INFO - Started process (PID=9249) to work on /Users/punny/Documents/GitHub/NYC-Taxi-ETL-Pipeline/dags/example_dag.py
[2024-10-21T21:34:44.458+0700] {processor.py:914} INFO - Processing file /Users/punny/Documents/GitHub/NYC-Taxi-ETL-Pipeline/dags/example_dag.py for tasks to queue
[2024-10-21T21:34:44.460+0700] {logging_mixin.py:190} INFO - [2024-10-21T21:34:44.459+0700] {dagbag.py:588} INFO - Filling up the DagBag from /Users/punny/Documents/GitHub/NYC-Taxi-ETL-Pipeline/dags/example_dag.py
[2024-10-21T21:34:44.472+0700] {processor.py:925} INFO - DAG(s) 'bash_example' retrieved from /Users/punny/Documents/GitHub/NYC-Taxi-ETL-Pipeline/dags/example_dag.py
[2024-10-21T21:34:44.653+0700] {logging_mixin.py:190} INFO - [2024-10-21T21:34:44.653+0700] {dag.py:3239} INFO - Sync 1 DAGs
[2024-10-21T21:34:44.674+0700] {logging_mixin.py:190} INFO - [2024-10-21T21:34:44.674+0700] {dag.py:4180} INFO - Setting next_dagrun for bash_example to 2024-10-20 00:18:00+00:00, run_after=2024-10-20 00:19:00+00:00
[2024-10-21T21:34:44.696+0700] {processor.py:208} INFO - Processing /Users/punny/Documents/GitHub/NYC-Taxi-ETL-Pipeline/dags/example_dag.py took 0.250 seconds
[2024-10-21T21:37:41.679+0700] {processor.py:186} INFO - Started process (PID=9531) to work on /Users/punny/Documents/GitHub/NYC-Taxi-ETL-Pipeline/dags/example_dag.py
[2024-10-21T21:37:41.682+0700] {processor.py:914} INFO - Processing file /Users/punny/Documents/GitHub/NYC-Taxi-ETL-Pipeline/dags/example_dag.py for tasks to queue
[2024-10-21T21:37:41.683+0700] {logging_mixin.py:190} INFO - [2024-10-21T21:37:41.683+0700] {dagbag.py:588} INFO - Filling up the DagBag from /Users/punny/Documents/GitHub/NYC-Taxi-ETL-Pipeline/dags/example_dag.py
[2024-10-21T21:37:41.696+0700] {processor.py:925} INFO - DAG(s) 'bash_example' retrieved from /Users/punny/Documents/GitHub/NYC-Taxi-ETL-Pipeline/dags/example_dag.py
[2024-10-21T21:37:41.882+0700] {logging_mixin.py:190} INFO - [2024-10-21T21:37:41.881+0700] {dag.py:3239} INFO - Sync 1 DAGs
[2024-10-21T21:37:41.906+0700] {logging_mixin.py:190} INFO - [2024-10-21T21:37:41.906+0700] {dag.py:4180} INFO - Setting next_dagrun for bash_example to 2024-10-20 00:18:00+00:00, run_after=2024-10-20 00:19:00+00:00
[2024-10-21T21:37:41.936+0700] {processor.py:208} INFO - Processing /Users/punny/Documents/GitHub/NYC-Taxi-ETL-Pipeline/dags/example_dag.py took 0.265 seconds
[2024-10-21T21:38:33.382+0700] {processor.py:186} INFO - Started process (PID=9606) to work on /Users/punny/Documents/GitHub/NYC-Taxi-ETL-Pipeline/dags/example_dag.py
[2024-10-21T21:38:33.385+0700] {processor.py:914} INFO - Processing file /Users/punny/Documents/GitHub/NYC-Taxi-ETL-Pipeline/dags/example_dag.py for tasks to queue
[2024-10-21T21:38:33.386+0700] {logging_mixin.py:190} INFO - [2024-10-21T21:38:33.386+0700] {dagbag.py:588} INFO - Filling up the DagBag from /Users/punny/Documents/GitHub/NYC-Taxi-ETL-Pipeline/dags/example_dag.py
[2024-10-21T21:38:33.399+0700] {processor.py:925} INFO - DAG(s) 'bash_example' retrieved from /Users/punny/Documents/GitHub/NYC-Taxi-ETL-Pipeline/dags/example_dag.py
[2024-10-21T21:38:33.783+0700] {logging_mixin.py:190} INFO - [2024-10-21T21:38:33.782+0700] {dag.py:3239} INFO - Sync 1 DAGs
[2024-10-21T21:38:33.807+0700] {logging_mixin.py:190} INFO - [2024-10-21T21:38:33.807+0700] {dag.py:4180} INFO - Setting next_dagrun for bash_example to 2024-10-20 00:19:00+00:00, run_after=2024-10-20 00:20:00+00:00
[2024-10-21T21:38:33.831+0700] {processor.py:208} INFO - Processing /Users/punny/Documents/GitHub/NYC-Taxi-ETL-Pipeline/dags/example_dag.py took 0.457 seconds
[2024-10-21T21:41:53.511+0700] {processor.py:186} INFO - Started process (PID=9943) to work on /Users/punny/Documents/GitHub/NYC-Taxi-ETL-Pipeline/dags/example_dag.py
[2024-10-21T21:41:53.514+0700] {processor.py:914} INFO - Processing file /Users/punny/Documents/GitHub/NYC-Taxi-ETL-Pipeline/dags/example_dag.py for tasks to queue
[2024-10-21T21:41:53.515+0700] {logging_mixin.py:190} INFO - [2024-10-21T21:41:53.515+0700] {dagbag.py:588} INFO - Filling up the DagBag from /Users/punny/Documents/GitHub/NYC-Taxi-ETL-Pipeline/dags/example_dag.py
[2024-10-21T21:41:53.530+0700] {processor.py:925} INFO - DAG(s) 'bash_example' retrieved from /Users/punny/Documents/GitHub/NYC-Taxi-ETL-Pipeline/dags/example_dag.py
[2024-10-21T21:41:54.085+0700] {logging_mixin.py:190} INFO - [2024-10-21T21:41:54.084+0700] {dag.py:3239} INFO - Sync 1 DAGs
[2024-10-21T21:41:54.107+0700] {logging_mixin.py:190} INFO - [2024-10-21T21:41:54.107+0700] {dag.py:4180} INFO - Setting next_dagrun for bash_example to 2024-10-20 00:32:00+00:00, run_after=2024-10-20 00:33:00+00:00
[2024-10-21T21:41:54.131+0700] {processor.py:208} INFO - Processing /Users/punny/Documents/GitHub/NYC-Taxi-ETL-Pipeline/dags/example_dag.py took 0.627 seconds
[2024-10-21T21:45:32.930+0700] {processor.py:186} INFO - Started process (PID=10325) to work on /Users/punny/Documents/GitHub/NYC-Taxi-ETL-Pipeline/dags/example_dag.py
[2024-10-21T21:45:32.935+0700] {processor.py:914} INFO - Processing file /Users/punny/Documents/GitHub/NYC-Taxi-ETL-Pipeline/dags/example_dag.py for tasks to queue
[2024-10-21T21:45:32.936+0700] {logging_mixin.py:190} INFO - [2024-10-21T21:45:32.936+0700] {dagbag.py:588} INFO - Filling up the DagBag from /Users/punny/Documents/GitHub/NYC-Taxi-ETL-Pipeline/dags/example_dag.py
[2024-10-21T21:45:32.949+0700] {processor.py:925} INFO - DAG(s) 'bash_example' retrieved from /Users/punny/Documents/GitHub/NYC-Taxi-ETL-Pipeline/dags/example_dag.py
[2024-10-21T21:45:33.160+0700] {logging_mixin.py:190} INFO - [2024-10-21T21:45:33.159+0700] {dag.py:3239} INFO - Sync 1 DAGs
[2024-10-21T21:45:33.183+0700] {logging_mixin.py:190} INFO - [2024-10-21T21:45:33.183+0700] {dag.py:4180} INFO - Setting next_dagrun for bash_example to 2024-10-20 00:42:00+00:00, run_after=2024-10-20 00:43:00+00:00
[2024-10-21T21:45:33.205+0700] {processor.py:208} INFO - Processing /Users/punny/Documents/GitHub/NYC-Taxi-ETL-Pipeline/dags/example_dag.py took 0.285 seconds
[2024-10-21T21:48:32.161+0700] {processor.py:186} INFO - Started process (PID=10571) to work on /Users/punny/Documents/GitHub/NYC-Taxi-ETL-Pipeline/dags/example_dag.py
[2024-10-21T21:48:32.165+0700] {processor.py:914} INFO - Processing file /Users/punny/Documents/GitHub/NYC-Taxi-ETL-Pipeline/dags/example_dag.py for tasks to queue
[2024-10-21T21:48:32.166+0700] {logging_mixin.py:190} INFO - [2024-10-21T21:48:32.165+0700] {dagbag.py:588} INFO - Filling up the DagBag from /Users/punny/Documents/GitHub/NYC-Taxi-ETL-Pipeline/dags/example_dag.py
[2024-10-21T21:48:32.170+0700] {logging_mixin.py:190} INFO - /Users/punny/Documents/GitHub/NYC-Taxi-ETL-Pipeline
[2024-10-21T21:48:32.179+0700] {processor.py:925} INFO - DAG(s) 'bash_example' retrieved from /Users/punny/Documents/GitHub/NYC-Taxi-ETL-Pipeline/dags/example_dag.py
[2024-10-21T21:48:32.467+0700] {logging_mixin.py:190} INFO - [2024-10-21T21:48:32.467+0700] {dag.py:3239} INFO - Sync 1 DAGs
[2024-10-21T21:48:32.489+0700] {logging_mixin.py:190} INFO - [2024-10-21T21:48:32.489+0700] {dag.py:4180} INFO - Setting next_dagrun for bash_example to 2024-10-20 00:42:00+00:00, run_after=2024-10-20 00:43:00+00:00
[2024-10-21T21:48:32.511+0700] {processor.py:208} INFO - Processing /Users/punny/Documents/GitHub/NYC-Taxi-ETL-Pipeline/dags/example_dag.py took 0.357 seconds
[2024-10-21T21:50:04.026+0700] {processor.py:186} INFO - Started process (PID=10682) to work on /Users/punny/Documents/GitHub/NYC-Taxi-ETL-Pipeline/dags/example_dag.py
[2024-10-21T21:50:04.029+0700] {processor.py:914} INFO - Processing file /Users/punny/Documents/GitHub/NYC-Taxi-ETL-Pipeline/dags/example_dag.py for tasks to queue
[2024-10-21T21:50:04.031+0700] {logging_mixin.py:190} INFO - [2024-10-21T21:50:04.030+0700] {dagbag.py:588} INFO - Filling up the DagBag from /Users/punny/Documents/GitHub/NYC-Taxi-ETL-Pipeline/dags/example_dag.py
[2024-10-21T21:50:04.036+0700] {logging_mixin.py:190} INFO - /Users/punny/Documents/GitHub/NYC-Taxi-ETL-Pipeline
[2024-10-21T21:50:04.049+0700] {processor.py:925} INFO - DAG(s) 'bash_example' retrieved from /Users/punny/Documents/GitHub/NYC-Taxi-ETL-Pipeline/dags/example_dag.py
[2024-10-21T21:50:04.381+0700] {logging_mixin.py:190} INFO - [2024-10-21T21:50:04.381+0700] {dag.py:3239} INFO - Sync 1 DAGs
[2024-10-21T21:50:04.405+0700] {logging_mixin.py:190} INFO - [2024-10-21T21:50:04.405+0700] {dag.py:4180} INFO - Setting next_dagrun for bash_example to 2024-10-20 00:42:00+00:00, run_after=2024-10-20 00:43:00+00:00
[2024-10-21T21:50:04.429+0700] {processor.py:208} INFO - Processing /Users/punny/Documents/GitHub/NYC-Taxi-ETL-Pipeline/dags/example_dag.py took 0.412 seconds
[2024-10-21T21:53:26.608+0700] {processor.py:186} INFO - Started process (PID=10917) to work on /Users/punny/Documents/GitHub/NYC-Taxi-ETL-Pipeline/dags/example_dag.py
[2024-10-21T21:53:26.612+0700] {processor.py:914} INFO - Processing file /Users/punny/Documents/GitHub/NYC-Taxi-ETL-Pipeline/dags/example_dag.py for tasks to queue
[2024-10-21T21:53:26.613+0700] {logging_mixin.py:190} INFO - [2024-10-21T21:53:26.613+0700] {dagbag.py:588} INFO - Filling up the DagBag from /Users/punny/Documents/GitHub/NYC-Taxi-ETL-Pipeline/dags/example_dag.py
[2024-10-21T21:53:26.618+0700] {logging_mixin.py:190} INFO - /Users/punny/Documents/GitHub/NYC-Taxi-ETL-Pipeline
[2024-10-21T21:53:26.626+0700] {processor.py:925} INFO - DAG(s) 'bash_example' retrieved from /Users/punny/Documents/GitHub/NYC-Taxi-ETL-Pipeline/dags/example_dag.py
[2024-10-21T21:53:26.924+0700] {logging_mixin.py:190} INFO - [2024-10-21T21:53:26.923+0700] {dag.py:3239} INFO - Sync 1 DAGs
[2024-10-21T21:53:26.947+0700] {logging_mixin.py:190} INFO - [2024-10-21T21:53:26.946+0700] {dag.py:4180} INFO - Setting next_dagrun for bash_example to 2024-10-20 00:42:00+00:00, run_after=2024-10-20 00:43:00+00:00
[2024-10-21T21:53:26.970+0700] {processor.py:208} INFO - Processing /Users/punny/Documents/GitHub/NYC-Taxi-ETL-Pipeline/dags/example_dag.py took 0.370 seconds
[2024-10-21T21:54:44.204+0700] {processor.py:186} INFO - Started process (PID=11083) to work on /Users/punny/Documents/GitHub/NYC-Taxi-ETL-Pipeline/dags/example_dag.py
[2024-10-21T21:54:44.207+0700] {processor.py:914} INFO - Processing file /Users/punny/Documents/GitHub/NYC-Taxi-ETL-Pipeline/dags/example_dag.py for tasks to queue
[2024-10-21T21:54:44.208+0700] {logging_mixin.py:190} INFO - [2024-10-21T21:54:44.208+0700] {dagbag.py:588} INFO - Filling up the DagBag from /Users/punny/Documents/GitHub/NYC-Taxi-ETL-Pipeline/dags/example_dag.py
[2024-10-21T21:54:44.212+0700] {logging_mixin.py:190} INFO - /Users/punny/Documents/GitHub/NYC-Taxi-ETL-Pipeline
[2024-10-21T21:54:44.221+0700] {processor.py:925} INFO - DAG(s) 'bash_example' retrieved from /Users/punny/Documents/GitHub/NYC-Taxi-ETL-Pipeline/dags/example_dag.py
[2024-10-21T21:54:44.412+0700] {logging_mixin.py:190} INFO - [2024-10-21T21:54:44.412+0700] {dag.py:3239} INFO - Sync 1 DAGs
[2024-10-21T21:54:44.437+0700] {logging_mixin.py:190} INFO - [2024-10-21T21:54:44.437+0700] {dag.py:4180} INFO - Setting next_dagrun for bash_example to 2024-10-20 00:48:00+00:00, run_after=2024-10-20 00:49:00+00:00
[2024-10-21T21:54:44.459+0700] {processor.py:208} INFO - Processing /Users/punny/Documents/GitHub/NYC-Taxi-ETL-Pipeline/dags/example_dag.py took 0.263 seconds
[2024-10-21T21:57:41.003+0700] {processor.py:186} INFO - Started process (PID=11515) to work on /Users/punny/Documents/GitHub/NYC-Taxi-ETL-Pipeline/dags/example_dag.py
[2024-10-21T21:57:41.006+0700] {processor.py:914} INFO - Processing file /Users/punny/Documents/GitHub/NYC-Taxi-ETL-Pipeline/dags/example_dag.py for tasks to queue
[2024-10-21T21:57:41.008+0700] {logging_mixin.py:190} INFO - [2024-10-21T21:57:41.007+0700] {dagbag.py:588} INFO - Filling up the DagBag from /Users/punny/Documents/GitHub/NYC-Taxi-ETL-Pipeline/dags/example_dag.py
[2024-10-21T21:57:41.011+0700] {logging_mixin.py:190} INFO - /Users/punny/Documents/GitHub/NYC-Taxi-ETL-Pipeline
[2024-10-21T21:57:41.020+0700] {processor.py:925} INFO - DAG(s) 'bash_example' retrieved from /Users/punny/Documents/GitHub/NYC-Taxi-ETL-Pipeline/dags/example_dag.py
[2024-10-21T21:57:41.313+0700] {logging_mixin.py:190} INFO - [2024-10-21T21:57:41.313+0700] {dag.py:3239} INFO - Sync 1 DAGs
[2024-10-21T21:57:41.337+0700] {logging_mixin.py:190} INFO - [2024-10-21T21:57:41.336+0700] {dag.py:4180} INFO - Setting next_dagrun for bash_example to 2024-10-20 00:59:00+00:00, run_after=2024-10-20 01:00:00+00:00
[2024-10-21T21:57:41.358+0700] {processor.py:208} INFO - Processing /Users/punny/Documents/GitHub/NYC-Taxi-ETL-Pipeline/dags/example_dag.py took 0.360 seconds
[2024-10-21T22:15:24.202+0700] {processor.py:186} INFO - Started process (PID=11965) to work on /Users/punny/Documents/GitHub/NYC-Taxi-ETL-Pipeline/dags/example_dag.py
[2024-10-21T22:15:24.205+0700] {processor.py:914} INFO - Processing file /Users/punny/Documents/GitHub/NYC-Taxi-ETL-Pipeline/dags/example_dag.py for tasks to queue
[2024-10-21T22:15:24.206+0700] {logging_mixin.py:190} INFO - [2024-10-21T22:15:24.205+0700] {dagbag.py:588} INFO - Filling up the DagBag from /Users/punny/Documents/GitHub/NYC-Taxi-ETL-Pipeline/dags/example_dag.py
[2024-10-21T22:15:24.221+0700] {processor.py:925} INFO - DAG(s) 'bash_example' retrieved from /Users/punny/Documents/GitHub/NYC-Taxi-ETL-Pipeline/dags/example_dag.py
[2024-10-21T22:15:24.517+0700] {logging_mixin.py:190} INFO - [2024-10-21T22:15:24.517+0700] {dag.py:3239} INFO - Sync 1 DAGs
[2024-10-21T22:15:24.541+0700] {logging_mixin.py:190} INFO - [2024-10-21T22:15:24.541+0700] {dag.py:4180} INFO - Setting next_dagrun for bash_example to 2024-10-20 01:07:00+00:00, run_after=2024-10-20 01:08:00+00:00
[2024-10-21T22:15:24.569+0700] {processor.py:208} INFO - Processing /Users/punny/Documents/GitHub/NYC-Taxi-ETL-Pipeline/dags/example_dag.py took 0.374 seconds
[2024-10-21T22:18:21.155+0700] {processor.py:186} INFO - Started process (PID=12191) to work on /Users/punny/Documents/GitHub/NYC-Taxi-ETL-Pipeline/dags/example_dag.py
[2024-10-21T22:18:21.160+0700] {processor.py:914} INFO - Processing file /Users/punny/Documents/GitHub/NYC-Taxi-ETL-Pipeline/dags/example_dag.py for tasks to queue
[2024-10-21T22:18:21.161+0700] {logging_mixin.py:190} INFO - [2024-10-21T22:18:21.161+0700] {dagbag.py:588} INFO - Filling up the DagBag from /Users/punny/Documents/GitHub/NYC-Taxi-ETL-Pipeline/dags/example_dag.py
[2024-10-21T22:18:21.178+0700] {processor.py:925} INFO - DAG(s) 'bash_example' retrieved from /Users/punny/Documents/GitHub/NYC-Taxi-ETL-Pipeline/dags/example_dag.py
[2024-10-21T22:18:21.387+0700] {logging_mixin.py:190} INFO - [2024-10-21T22:18:21.387+0700] {dag.py:3239} INFO - Sync 1 DAGs
[2024-10-21T22:18:21.414+0700] {logging_mixin.py:190} INFO - [2024-10-21T22:18:21.413+0700] {dag.py:4180} INFO - Setting next_dagrun for bash_example to 2024-10-20 01:07:00+00:00, run_after=2024-10-20 01:08:00+00:00
[2024-10-21T22:18:21.435+0700] {processor.py:208} INFO - Processing /Users/punny/Documents/GitHub/NYC-Taxi-ETL-Pipeline/dags/example_dag.py took 0.289 seconds
[2024-10-21T22:19:34.289+0700] {processor.py:186} INFO - Started process (PID=12349) to work on /Users/punny/Documents/GitHub/NYC-Taxi-ETL-Pipeline/dags/example_dag.py
[2024-10-21T22:19:34.295+0700] {processor.py:914} INFO - Processing file /Users/punny/Documents/GitHub/NYC-Taxi-ETL-Pipeline/dags/example_dag.py for tasks to queue
[2024-10-21T22:19:34.297+0700] {logging_mixin.py:190} INFO - [2024-10-21T22:19:34.296+0700] {dagbag.py:588} INFO - Filling up the DagBag from /Users/punny/Documents/GitHub/NYC-Taxi-ETL-Pipeline/dags/example_dag.py
[2024-10-21T22:19:34.319+0700] {processor.py:925} INFO - DAG(s) 'bash_example' retrieved from /Users/punny/Documents/GitHub/NYC-Taxi-ETL-Pipeline/dags/example_dag.py
[2024-10-21T22:19:34.692+0700] {logging_mixin.py:190} INFO - [2024-10-21T22:19:34.692+0700] {dag.py:3239} INFO - Sync 1 DAGs
[2024-10-21T22:19:34.717+0700] {logging_mixin.py:190} INFO - [2024-10-21T22:19:34.717+0700] {dag.py:4180} INFO - Setting next_dagrun for bash_example to 2024-10-20 01:07:00+00:00, run_after=2024-10-20 01:08:00+00:00
[2024-10-21T22:19:34.741+0700] {processor.py:208} INFO - Processing /Users/punny/Documents/GitHub/NYC-Taxi-ETL-Pipeline/dags/example_dag.py took 0.460 seconds
[2024-10-21T22:21:08.588+0700] {processor.py:186} INFO - Started process (PID=12516) to work on /Users/punny/Documents/GitHub/NYC-Taxi-ETL-Pipeline/dags/example_dag.py
[2024-10-21T22:21:08.593+0700] {processor.py:914} INFO - Processing file /Users/punny/Documents/GitHub/NYC-Taxi-ETL-Pipeline/dags/example_dag.py for tasks to queue
[2024-10-21T22:21:08.595+0700] {logging_mixin.py:190} INFO - [2024-10-21T22:21:08.594+0700] {dagbag.py:588} INFO - Filling up the DagBag from /Users/punny/Documents/GitHub/NYC-Taxi-ETL-Pipeline/dags/example_dag.py
[2024-10-21T22:21:08.612+0700] {processor.py:925} INFO - DAG(s) 'bash_example' retrieved from /Users/punny/Documents/GitHub/NYC-Taxi-ETL-Pipeline/dags/example_dag.py
[2024-10-21T22:21:08.975+0700] {logging_mixin.py:190} INFO - [2024-10-21T22:21:08.975+0700] {dag.py:3239} INFO - Sync 1 DAGs
[2024-10-21T22:21:09.000+0700] {logging_mixin.py:190} INFO - [2024-10-21T22:21:09.000+0700] {dag.py:4180} INFO - Setting next_dagrun for bash_example to 2024-10-20 01:12:00+00:00, run_after=2024-10-20 01:13:00+00:00
[2024-10-21T22:21:09.025+0700] {processor.py:208} INFO - Processing /Users/punny/Documents/GitHub/NYC-Taxi-ETL-Pipeline/dags/example_dag.py took 0.446 seconds
[2024-10-21T22:22:37.885+0700] {processor.py:186} INFO - Started process (PID=12859) to work on /Users/punny/Documents/GitHub/NYC-Taxi-ETL-Pipeline/dags/example_dag.py
[2024-10-21T22:22:37.889+0700] {processor.py:914} INFO - Processing file /Users/punny/Documents/GitHub/NYC-Taxi-ETL-Pipeline/dags/example_dag.py for tasks to queue
[2024-10-21T22:22:37.890+0700] {logging_mixin.py:190} INFO - [2024-10-21T22:22:37.890+0700] {dagbag.py:588} INFO - Filling up the DagBag from /Users/punny/Documents/GitHub/NYC-Taxi-ETL-Pipeline/dags/example_dag.py
[2024-10-21T22:22:37.902+0700] {processor.py:925} INFO - DAG(s) 'bash_example' retrieved from /Users/punny/Documents/GitHub/NYC-Taxi-ETL-Pipeline/dags/example_dag.py
[2024-10-21T22:22:38.075+0700] {logging_mixin.py:190} INFO - [2024-10-21T22:22:38.075+0700] {dag.py:3239} INFO - Sync 1 DAGs
[2024-10-21T22:22:38.098+0700] {logging_mixin.py:190} INFO - [2024-10-21T22:22:38.097+0700] {dag.py:4180} INFO - Setting next_dagrun for bash_example to 2024-10-20 01:19:00+00:00, run_after=2024-10-20 01:20:00+00:00
[2024-10-21T22:22:38.120+0700] {processor.py:208} INFO - Processing /Users/punny/Documents/GitHub/NYC-Taxi-ETL-Pipeline/dags/example_dag.py took 0.241 seconds
[2024-10-21T22:27:21.058+0700] {processor.py:186} INFO - Started process (PID=13425) to work on /Users/punny/Documents/GitHub/NYC-Taxi-ETL-Pipeline/dags/example_dag.py
[2024-10-21T22:27:21.062+0700] {processor.py:914} INFO - Processing file /Users/punny/Documents/GitHub/NYC-Taxi-ETL-Pipeline/dags/example_dag.py for tasks to queue
[2024-10-21T22:27:21.064+0700] {logging_mixin.py:190} INFO - [2024-10-21T22:27:21.063+0700] {dagbag.py:588} INFO - Filling up the DagBag from /Users/punny/Documents/GitHub/NYC-Taxi-ETL-Pipeline/dags/example_dag.py
[2024-10-21T22:27:21.078+0700] {processor.py:925} INFO - DAG(s) 'bash_example' retrieved from /Users/punny/Documents/GitHub/NYC-Taxi-ETL-Pipeline/dags/example_dag.py
[2024-10-21T22:27:21.266+0700] {logging_mixin.py:190} INFO - [2024-10-21T22:27:21.266+0700] {dag.py:3239} INFO - Sync 1 DAGs
[2024-10-21T22:27:21.291+0700] {logging_mixin.py:190} INFO - [2024-10-21T22:27:21.290+0700] {dag.py:4180} INFO - Setting next_dagrun for bash_example to 2024-10-20 01:38:00+00:00, run_after=2024-10-20 01:39:00+00:00
[2024-10-21T22:27:21.313+0700] {processor.py:208} INFO - Processing /Users/punny/Documents/GitHub/NYC-Taxi-ETL-Pipeline/dags/example_dag.py took 0.263 seconds
[2024-10-21T22:30:18.706+0700] {processor.py:186} INFO - Started process (PID=13652) to work on /Users/punny/Documents/GitHub/NYC-Taxi-ETL-Pipeline/dags/example_dag.py
[2024-10-21T22:30:18.710+0700] {processor.py:914} INFO - Processing file /Users/punny/Documents/GitHub/NYC-Taxi-ETL-Pipeline/dags/example_dag.py for tasks to queue
[2024-10-21T22:30:18.711+0700] {logging_mixin.py:190} INFO - [2024-10-21T22:30:18.711+0700] {dagbag.py:588} INFO - Filling up the DagBag from /Users/punny/Documents/GitHub/NYC-Taxi-ETL-Pipeline/dags/example_dag.py
[2024-10-21T22:30:18.723+0700] {processor.py:925} INFO - DAG(s) 'bash_example' retrieved from /Users/punny/Documents/GitHub/NYC-Taxi-ETL-Pipeline/dags/example_dag.py
[2024-10-21T22:30:18.910+0700] {logging_mixin.py:190} INFO - [2024-10-21T22:30:18.910+0700] {dag.py:3239} INFO - Sync 1 DAGs
[2024-10-21T22:30:18.934+0700] {logging_mixin.py:190} INFO - [2024-10-21T22:30:18.934+0700] {dag.py:4180} INFO - Setting next_dagrun for bash_example to 2024-10-20 01:38:00+00:00, run_after=2024-10-20 01:39:00+00:00
[2024-10-21T22:30:18.954+0700] {processor.py:208} INFO - Processing /Users/punny/Documents/GitHub/NYC-Taxi-ETL-Pipeline/dags/example_dag.py took 0.256 seconds
[2024-10-21T22:33:10.839+0700] {processor.py:186} INFO - Started process (PID=13810) to work on /Users/punny/Documents/GitHub/NYC-Taxi-ETL-Pipeline/dags/example_dag.py
[2024-10-21T22:33:10.843+0700] {processor.py:914} INFO - Processing file /Users/punny/Documents/GitHub/NYC-Taxi-ETL-Pipeline/dags/example_dag.py for tasks to queue
[2024-10-21T22:33:10.844+0700] {logging_mixin.py:190} INFO - [2024-10-21T22:33:10.844+0700] {dagbag.py:588} INFO - Filling up the DagBag from /Users/punny/Documents/GitHub/NYC-Taxi-ETL-Pipeline/dags/example_dag.py
[2024-10-21T22:33:10.857+0700] {processor.py:925} INFO - DAG(s) 'bash_example' retrieved from /Users/punny/Documents/GitHub/NYC-Taxi-ETL-Pipeline/dags/example_dag.py
[2024-10-21T22:33:11.035+0700] {logging_mixin.py:190} INFO - [2024-10-21T22:33:11.034+0700] {dag.py:3239} INFO - Sync 1 DAGs
[2024-10-21T22:33:11.057+0700] {logging_mixin.py:190} INFO - [2024-10-21T22:33:11.057+0700] {dag.py:4180} INFO - Setting next_dagrun for bash_example to 2024-10-20 01:38:00+00:00, run_after=2024-10-20 01:39:00+00:00
[2024-10-21T22:33:11.079+0700] {processor.py:208} INFO - Processing /Users/punny/Documents/GitHub/NYC-Taxi-ETL-Pipeline/dags/example_dag.py took 0.247 seconds
