[2024-10-21T13:25:54.264+0700] {processor.py:186} INFO - Started process (PID=34712) to work on /Users/punny/Documents/GitHub/NYC-Taxi-ETL-Pipeline/dags/vehicle_trip_dag.py
[2024-10-21T13:25:54.268+0700] {processor.py:914} INFO - Processing file /Users/punny/Documents/GitHub/NYC-Taxi-ETL-Pipeline/dags/vehicle_trip_dag.py for tasks to queue
[2024-10-21T13:25:54.270+0700] {logging_mixin.py:190} INFO - [2024-10-21T13:25:54.269+0700] {dagbag.py:588} INFO - Filling up the DagBag from /Users/punny/Documents/GitHub/NYC-Taxi-ETL-Pipeline/dags/vehicle_trip_dag.py
[2024-10-21T13:25:54.314+0700] {logging_mixin.py:190} INFO - [2024-10-21T13:25:54.312+0700] {dagbag.py:387} ERROR - Failed to import: /Users/punny/Documents/GitHub/NYC-Taxi-ETL-Pipeline/dags/vehicle_trip_dag.py
Traceback (most recent call last):
  File "/Users/punny/Documents/GitHub/NYC-Taxi-ETL-Pipeline/.venv/lib/python3.10/site-packages/airflow/models/dagbag.py", line 383, in parse
    loader.exec_module(new_module)
  File "<frozen importlib._bootstrap_external>", line 883, in exec_module
  File "<frozen importlib._bootstrap>", line 241, in _call_with_frames_removed
  File "/Users/punny/Documents/GitHub/NYC-Taxi-ETL-Pipeline/dags/vehicle_trip_dag.py", line 9, in <module>
    from main import pipeline_1st, pipeline_2nd
ModuleNotFoundError: No module named 'main'
[2024-10-21T13:25:54.315+0700] {processor.py:927} WARNING - No viable dags retrieved from /Users/punny/Documents/GitHub/NYC-Taxi-ETL-Pipeline/dags/vehicle_trip_dag.py
[2024-10-21T13:25:55.445+0700] {processor.py:208} INFO - Processing /Users/punny/Documents/GitHub/NYC-Taxi-ETL-Pipeline/dags/vehicle_trip_dag.py took 1.192 seconds
[2024-10-21T14:23:52.650+0700] {processor.py:186} INFO - Started process (PID=35473) to work on /Users/punny/Documents/GitHub/NYC-Taxi-ETL-Pipeline/dags/vehicle_trip_dag.py
[2024-10-21T14:23:52.654+0700] {processor.py:914} INFO - Processing file /Users/punny/Documents/GitHub/NYC-Taxi-ETL-Pipeline/dags/vehicle_trip_dag.py for tasks to queue
[2024-10-21T14:23:52.656+0700] {logging_mixin.py:190} INFO - [2024-10-21T14:23:52.655+0700] {dagbag.py:588} INFO - Filling up the DagBag from /Users/punny/Documents/GitHub/NYC-Taxi-ETL-Pipeline/dags/vehicle_trip_dag.py
[2024-10-21T14:23:52.693+0700] {logging_mixin.py:190} INFO - [2024-10-21T14:23:52.691+0700] {dagbag.py:387} ERROR - Failed to import: /Users/punny/Documents/GitHub/NYC-Taxi-ETL-Pipeline/dags/vehicle_trip_dag.py
Traceback (most recent call last):
  File "/Users/punny/Documents/GitHub/NYC-Taxi-ETL-Pipeline/.venv/lib/python3.10/site-packages/airflow/models/dagbag.py", line 383, in parse
    loader.exec_module(new_module)
  File "<frozen importlib._bootstrap_external>", line 883, in exec_module
  File "<frozen importlib._bootstrap>", line 241, in _call_with_frames_removed
  File "/Users/punny/Documents/GitHub/NYC-Taxi-ETL-Pipeline/dags/vehicle_trip_dag.py", line 9, in <module>
    from main import pipeline_1st, pipeline_2nd
ModuleNotFoundError: No module named 'main'
[2024-10-21T14:23:52.694+0700] {processor.py:927} WARNING - No viable dags retrieved from /Users/punny/Documents/GitHub/NYC-Taxi-ETL-Pipeline/dags/vehicle_trip_dag.py
[2024-10-21T14:23:53.721+0700] {processor.py:208} INFO - Processing /Users/punny/Documents/GitHub/NYC-Taxi-ETL-Pipeline/dags/vehicle_trip_dag.py took 1.082 seconds
[2024-10-21T14:50:27.649+0700] {processor.py:186} INFO - Started process (PID=36264) to work on /Users/punny/Documents/GitHub/NYC-Taxi-ETL-Pipeline/dags/vehicle_trip_dag.py
[2024-10-21T14:50:27.652+0700] {processor.py:914} INFO - Processing file /Users/punny/Documents/GitHub/NYC-Taxi-ETL-Pipeline/dags/vehicle_trip_dag.py for tasks to queue
[2024-10-21T14:50:27.653+0700] {logging_mixin.py:190} INFO - [2024-10-21T14:50:27.653+0700] {dagbag.py:588} INFO - Filling up the DagBag from /Users/punny/Documents/GitHub/NYC-Taxi-ETL-Pipeline/dags/vehicle_trip_dag.py
[2024-10-21T14:50:27.678+0700] {logging_mixin.py:190} INFO - [2024-10-21T14:50:27.676+0700] {dagbag.py:387} ERROR - Failed to import: /Users/punny/Documents/GitHub/NYC-Taxi-ETL-Pipeline/dags/vehicle_trip_dag.py
Traceback (most recent call last):
  File "/Users/punny/Documents/GitHub/NYC-Taxi-ETL-Pipeline/.venv/lib/python3.10/site-packages/airflow/models/dagbag.py", line 383, in parse
    loader.exec_module(new_module)
  File "<frozen importlib._bootstrap_external>", line 883, in exec_module
  File "<frozen importlib._bootstrap>", line 241, in _call_with_frames_removed
  File "/Users/punny/Documents/GitHub/NYC-Taxi-ETL-Pipeline/dags/vehicle_trip_dag.py", line 9, in <module>
    from main import pipeline_1st, pipeline_2nd
ModuleNotFoundError: No module named 'main'
[2024-10-21T14:50:27.679+0700] {processor.py:927} WARNING - No viable dags retrieved from /Users/punny/Documents/GitHub/NYC-Taxi-ETL-Pipeline/dags/vehicle_trip_dag.py
[2024-10-21T14:50:28.449+0700] {processor.py:208} INFO - Processing /Users/punny/Documents/GitHub/NYC-Taxi-ETL-Pipeline/dags/vehicle_trip_dag.py took 0.808 seconds
[2024-10-21T14:54:03.104+0700] {processor.py:186} INFO - Started process (PID=36797) to work on /Users/punny/Documents/GitHub/NYC-Taxi-ETL-Pipeline/dags/vehicle_trip_dag.py
[2024-10-21T14:54:03.109+0700] {processor.py:914} INFO - Processing file /Users/punny/Documents/GitHub/NYC-Taxi-ETL-Pipeline/dags/vehicle_trip_dag.py for tasks to queue
[2024-10-21T14:54:03.111+0700] {logging_mixin.py:190} INFO - [2024-10-21T14:54:03.111+0700] {dagbag.py:588} INFO - Filling up the DagBag from /Users/punny/Documents/GitHub/NYC-Taxi-ETL-Pipeline/dags/vehicle_trip_dag.py
[2024-10-21T14:54:03.157+0700] {logging_mixin.py:190} INFO - [2024-10-21T14:54:03.154+0700] {dagbag.py:387} ERROR - Failed to import: /Users/punny/Documents/GitHub/NYC-Taxi-ETL-Pipeline/dags/vehicle_trip_dag.py
Traceback (most recent call last):
  File "/Users/punny/Documents/GitHub/NYC-Taxi-ETL-Pipeline/.venv/lib/python3.10/site-packages/airflow/models/dagbag.py", line 383, in parse
    loader.exec_module(new_module)
  File "<frozen importlib._bootstrap_external>", line 883, in exec_module
  File "<frozen importlib._bootstrap>", line 241, in _call_with_frames_removed
  File "/Users/punny/Documents/GitHub/NYC-Taxi-ETL-Pipeline/dags/vehicle_trip_dag.py", line 9, in <module>
    from main import pipeline_1st, pipeline_2nd
ModuleNotFoundError: No module named 'main'
[2024-10-21T14:54:03.157+0700] {processor.py:927} WARNING - No viable dags retrieved from /Users/punny/Documents/GitHub/NYC-Taxi-ETL-Pipeline/dags/vehicle_trip_dag.py
[2024-10-21T14:54:04.356+0700] {processor.py:208} INFO - Processing /Users/punny/Documents/GitHub/NYC-Taxi-ETL-Pipeline/dags/vehicle_trip_dag.py took 1.267 seconds
[2024-10-21T14:58:27.428+0700] {processor.py:186} INFO - Started process (PID=37458) to work on /Users/punny/Documents/GitHub/NYC-Taxi-ETL-Pipeline/dags/vehicle_trip_dag.py
[2024-10-21T14:58:27.434+0700] {processor.py:914} INFO - Processing file /Users/punny/Documents/GitHub/NYC-Taxi-ETL-Pipeline/dags/vehicle_trip_dag.py for tasks to queue
[2024-10-21T14:58:27.436+0700] {logging_mixin.py:190} INFO - [2024-10-21T14:58:27.435+0700] {dagbag.py:588} INFO - Filling up the DagBag from /Users/punny/Documents/GitHub/NYC-Taxi-ETL-Pipeline/dags/vehicle_trip_dag.py
[2024-10-21T14:58:27.504+0700] {logging_mixin.py:190} INFO - [2024-10-21T14:58:27.501+0700] {dagbag.py:387} ERROR - Failed to import: /Users/punny/Documents/GitHub/NYC-Taxi-ETL-Pipeline/dags/vehicle_trip_dag.py
Traceback (most recent call last):
  File "/Users/punny/Documents/GitHub/NYC-Taxi-ETL-Pipeline/.venv/lib/python3.10/site-packages/airflow/models/dagbag.py", line 383, in parse
    loader.exec_module(new_module)
  File "<frozen importlib._bootstrap_external>", line 883, in exec_module
  File "<frozen importlib._bootstrap>", line 241, in _call_with_frames_removed
  File "/Users/punny/Documents/GitHub/NYC-Taxi-ETL-Pipeline/dags/vehicle_trip_dag.py", line 9, in <module>
    from main import pipeline_1st, pipeline_2nd
ModuleNotFoundError: No module named 'main'
[2024-10-21T14:58:27.505+0700] {processor.py:927} WARNING - No viable dags retrieved from /Users/punny/Documents/GitHub/NYC-Taxi-ETL-Pipeline/dags/vehicle_trip_dag.py
[2024-10-21T14:58:29.164+0700] {processor.py:208} INFO - Processing /Users/punny/Documents/GitHub/NYC-Taxi-ETL-Pipeline/dags/vehicle_trip_dag.py took 1.753 seconds
[2024-10-21T15:03:54.340+0700] {processor.py:186} INFO - Started process (PID=38242) to work on /Users/punny/Documents/GitHub/NYC-Taxi-ETL-Pipeline/dags/vehicle_trip_dag.py
[2024-10-21T15:03:54.350+0700] {processor.py:914} INFO - Processing file /Users/punny/Documents/GitHub/NYC-Taxi-ETL-Pipeline/dags/vehicle_trip_dag.py for tasks to queue
[2024-10-21T15:03:54.354+0700] {logging_mixin.py:190} INFO - [2024-10-21T15:03:54.353+0700] {dagbag.py:588} INFO - Filling up the DagBag from /Users/punny/Documents/GitHub/NYC-Taxi-ETL-Pipeline/dags/vehicle_trip_dag.py
[2024-10-21T15:03:54.426+0700] {logging_mixin.py:190} INFO - [2024-10-21T15:03:54.423+0700] {dagbag.py:387} ERROR - Failed to import: /Users/punny/Documents/GitHub/NYC-Taxi-ETL-Pipeline/dags/vehicle_trip_dag.py
Traceback (most recent call last):
  File "/Users/punny/Documents/GitHub/NYC-Taxi-ETL-Pipeline/.venv/lib/python3.10/site-packages/airflow/models/dagbag.py", line 383, in parse
    loader.exec_module(new_module)
  File "<frozen importlib._bootstrap_external>", line 883, in exec_module
  File "<frozen importlib._bootstrap>", line 241, in _call_with_frames_removed
  File "/Users/punny/Documents/GitHub/NYC-Taxi-ETL-Pipeline/dags/vehicle_trip_dag.py", line 9, in <module>
    from main import pipeline_1st, pipeline_2nd
ModuleNotFoundError: No module named 'main'
[2024-10-21T15:03:54.426+0700] {processor.py:927} WARNING - No viable dags retrieved from /Users/punny/Documents/GitHub/NYC-Taxi-ETL-Pipeline/dags/vehicle_trip_dag.py
[2024-10-21T15:03:56.518+0700] {processor.py:208} INFO - Processing /Users/punny/Documents/GitHub/NYC-Taxi-ETL-Pipeline/dags/vehicle_trip_dag.py took 2.222 seconds
[2024-10-21T15:08:39.370+0700] {processor.py:186} INFO - Started process (PID=38811) to work on /Users/punny/Documents/GitHub/NYC-Taxi-ETL-Pipeline/dags/vehicle_trip_dag.py
[2024-10-21T15:08:39.375+0700] {processor.py:914} INFO - Processing file /Users/punny/Documents/GitHub/NYC-Taxi-ETL-Pipeline/dags/vehicle_trip_dag.py for tasks to queue
[2024-10-21T15:08:39.378+0700] {logging_mixin.py:190} INFO - [2024-10-21T15:08:39.377+0700] {dagbag.py:588} INFO - Filling up the DagBag from /Users/punny/Documents/GitHub/NYC-Taxi-ETL-Pipeline/dags/vehicle_trip_dag.py
[2024-10-21T15:08:39.415+0700] {logging_mixin.py:190} INFO - [2024-10-21T15:08:39.414+0700] {dagbag.py:387} ERROR - Failed to import: /Users/punny/Documents/GitHub/NYC-Taxi-ETL-Pipeline/dags/vehicle_trip_dag.py
Traceback (most recent call last):
  File "/Users/punny/Documents/GitHub/NYC-Taxi-ETL-Pipeline/.venv/lib/python3.10/site-packages/airflow/models/dagbag.py", line 383, in parse
    loader.exec_module(new_module)
  File "<frozen importlib._bootstrap_external>", line 883, in exec_module
  File "<frozen importlib._bootstrap>", line 241, in _call_with_frames_removed
  File "/Users/punny/Documents/GitHub/NYC-Taxi-ETL-Pipeline/dags/vehicle_trip_dag.py", line 9, in <module>
    from main import pipeline_1st, pipeline_2nd
ModuleNotFoundError: No module named 'main'
[2024-10-21T15:08:39.416+0700] {processor.py:927} WARNING - No viable dags retrieved from /Users/punny/Documents/GitHub/NYC-Taxi-ETL-Pipeline/dags/vehicle_trip_dag.py
[2024-10-21T15:08:40.642+0700] {processor.py:208} INFO - Processing /Users/punny/Documents/GitHub/NYC-Taxi-ETL-Pipeline/dags/vehicle_trip_dag.py took 1.280 seconds
[2024-10-21T15:13:09.764+0700] {processor.py:186} INFO - Started process (PID=39420) to work on /Users/punny/Documents/GitHub/NYC-Taxi-ETL-Pipeline/dags/vehicle_trip_dag.py
[2024-10-21T15:13:09.768+0700] {processor.py:914} INFO - Processing file /Users/punny/Documents/GitHub/NYC-Taxi-ETL-Pipeline/dags/vehicle_trip_dag.py for tasks to queue
[2024-10-21T15:13:09.770+0700] {logging_mixin.py:190} INFO - [2024-10-21T15:13:09.770+0700] {dagbag.py:588} INFO - Filling up the DagBag from /Users/punny/Documents/GitHub/NYC-Taxi-ETL-Pipeline/dags/vehicle_trip_dag.py
[2024-10-21T15:13:09.821+0700] {logging_mixin.py:190} INFO - [2024-10-21T15:13:09.819+0700] {dagbag.py:387} ERROR - Failed to import: /Users/punny/Documents/GitHub/NYC-Taxi-ETL-Pipeline/dags/vehicle_trip_dag.py
Traceback (most recent call last):
  File "/Users/punny/Documents/GitHub/NYC-Taxi-ETL-Pipeline/.venv/lib/python3.10/site-packages/airflow/models/dagbag.py", line 383, in parse
    loader.exec_module(new_module)
  File "<frozen importlib._bootstrap_external>", line 883, in exec_module
  File "<frozen importlib._bootstrap>", line 241, in _call_with_frames_removed
  File "/Users/punny/Documents/GitHub/NYC-Taxi-ETL-Pipeline/dags/vehicle_trip_dag.py", line 9, in <module>
    from main import pipeline_1st, pipeline_2nd
ModuleNotFoundError: No module named 'main'
[2024-10-21T15:13:09.822+0700] {processor.py:927} WARNING - No viable dags retrieved from /Users/punny/Documents/GitHub/NYC-Taxi-ETL-Pipeline/dags/vehicle_trip_dag.py
[2024-10-21T15:13:11.045+0700] {processor.py:208} INFO - Processing /Users/punny/Documents/GitHub/NYC-Taxi-ETL-Pipeline/dags/vehicle_trip_dag.py took 1.301 seconds
[2024-10-21T15:17:30.476+0700] {processor.py:186} INFO - Started process (PID=39942) to work on /Users/punny/Documents/GitHub/NYC-Taxi-ETL-Pipeline/dags/vehicle_trip_dag.py
[2024-10-21T15:17:30.482+0700] {processor.py:914} INFO - Processing file /Users/punny/Documents/GitHub/NYC-Taxi-ETL-Pipeline/dags/vehicle_trip_dag.py for tasks to queue
[2024-10-21T15:17:30.484+0700] {logging_mixin.py:190} INFO - [2024-10-21T15:17:30.484+0700] {dagbag.py:588} INFO - Filling up the DagBag from /Users/punny/Documents/GitHub/NYC-Taxi-ETL-Pipeline/dags/vehicle_trip_dag.py
[2024-10-21T15:17:30.529+0700] {logging_mixin.py:190} INFO - [2024-10-21T15:17:30.527+0700] {dagbag.py:387} ERROR - Failed to import: /Users/punny/Documents/GitHub/NYC-Taxi-ETL-Pipeline/dags/vehicle_trip_dag.py
Traceback (most recent call last):
  File "/Users/punny/Documents/GitHub/NYC-Taxi-ETL-Pipeline/.venv/lib/python3.10/site-packages/airflow/models/dagbag.py", line 383, in parse
    loader.exec_module(new_module)
  File "<frozen importlib._bootstrap_external>", line 883, in exec_module
  File "<frozen importlib._bootstrap>", line 241, in _call_with_frames_removed
  File "/Users/punny/Documents/GitHub/NYC-Taxi-ETL-Pipeline/dags/vehicle_trip_dag.py", line 9, in <module>
    from main import pipeline_1st, pipeline_2nd
ModuleNotFoundError: No module named 'main'
[2024-10-21T15:17:30.530+0700] {processor.py:927} WARNING - No viable dags retrieved from /Users/punny/Documents/GitHub/NYC-Taxi-ETL-Pipeline/dags/vehicle_trip_dag.py
[2024-10-21T15:17:31.834+0700] {processor.py:208} INFO - Processing /Users/punny/Documents/GitHub/NYC-Taxi-ETL-Pipeline/dags/vehicle_trip_dag.py took 1.371 seconds
[2024-10-21T15:21:42.881+0700] {processor.py:186} INFO - Started process (PID=40500) to work on /Users/punny/Documents/GitHub/NYC-Taxi-ETL-Pipeline/dags/vehicle_trip_dag.py
[2024-10-21T15:21:42.885+0700] {processor.py:914} INFO - Processing file /Users/punny/Documents/GitHub/NYC-Taxi-ETL-Pipeline/dags/vehicle_trip_dag.py for tasks to queue
[2024-10-21T15:21:42.887+0700] {logging_mixin.py:190} INFO - [2024-10-21T15:21:42.887+0700] {dagbag.py:588} INFO - Filling up the DagBag from /Users/punny/Documents/GitHub/NYC-Taxi-ETL-Pipeline/dags/vehicle_trip_dag.py
[2024-10-21T15:21:42.922+0700] {logging_mixin.py:190} INFO - [2024-10-21T15:21:42.920+0700] {dagbag.py:387} ERROR - Failed to import: /Users/punny/Documents/GitHub/NYC-Taxi-ETL-Pipeline/dags/vehicle_trip_dag.py
Traceback (most recent call last):
  File "/Users/punny/Documents/GitHub/NYC-Taxi-ETL-Pipeline/.venv/lib/python3.10/site-packages/airflow/models/dagbag.py", line 383, in parse
    loader.exec_module(new_module)
  File "<frozen importlib._bootstrap_external>", line 883, in exec_module
  File "<frozen importlib._bootstrap>", line 241, in _call_with_frames_removed
  File "/Users/punny/Documents/GitHub/NYC-Taxi-ETL-Pipeline/dags/vehicle_trip_dag.py", line 9, in <module>
    from main import pipeline_1st, pipeline_2nd
ModuleNotFoundError: No module named 'main'
[2024-10-21T15:21:42.922+0700] {processor.py:927} WARNING - No viable dags retrieved from /Users/punny/Documents/GitHub/NYC-Taxi-ETL-Pipeline/dags/vehicle_trip_dag.py
[2024-10-21T15:21:44.002+0700] {processor.py:208} INFO - Processing /Users/punny/Documents/GitHub/NYC-Taxi-ETL-Pipeline/dags/vehicle_trip_dag.py took 1.131 seconds
[2024-10-21T15:25:41.763+0700] {processor.py:186} INFO - Started process (PID=40986) to work on /Users/punny/Documents/GitHub/NYC-Taxi-ETL-Pipeline/dags/vehicle_trip_dag.py
[2024-10-21T15:25:41.772+0700] {processor.py:914} INFO - Processing file /Users/punny/Documents/GitHub/NYC-Taxi-ETL-Pipeline/dags/vehicle_trip_dag.py for tasks to queue
[2024-10-21T15:25:41.775+0700] {logging_mixin.py:190} INFO - [2024-10-21T15:25:41.774+0700] {dagbag.py:588} INFO - Filling up the DagBag from /Users/punny/Documents/GitHub/NYC-Taxi-ETL-Pipeline/dags/vehicle_trip_dag.py
[2024-10-21T15:25:41.819+0700] {logging_mixin.py:190} INFO - [2024-10-21T15:25:41.817+0700] {dagbag.py:387} ERROR - Failed to import: /Users/punny/Documents/GitHub/NYC-Taxi-ETL-Pipeline/dags/vehicle_trip_dag.py
Traceback (most recent call last):
  File "/Users/punny/Documents/GitHub/NYC-Taxi-ETL-Pipeline/.venv/lib/python3.10/site-packages/airflow/models/dagbag.py", line 383, in parse
    loader.exec_module(new_module)
  File "<frozen importlib._bootstrap_external>", line 883, in exec_module
  File "<frozen importlib._bootstrap>", line 241, in _call_with_frames_removed
  File "/Users/punny/Documents/GitHub/NYC-Taxi-ETL-Pipeline/dags/vehicle_trip_dag.py", line 9, in <module>
    from main import pipeline_1st, pipeline_2nd
ModuleNotFoundError: No module named 'main'
[2024-10-21T15:25:41.819+0700] {processor.py:927} WARNING - No viable dags retrieved from /Users/punny/Documents/GitHub/NYC-Taxi-ETL-Pipeline/dags/vehicle_trip_dag.py
[2024-10-21T15:25:42.696+0700] {processor.py:208} INFO - Processing /Users/punny/Documents/GitHub/NYC-Taxi-ETL-Pipeline/dags/vehicle_trip_dag.py took 0.940 seconds
[2024-10-21T15:29:45.811+0700] {processor.py:186} INFO - Started process (PID=41509) to work on /Users/punny/Documents/GitHub/NYC-Taxi-ETL-Pipeline/dags/vehicle_trip_dag.py
[2024-10-21T15:29:45.816+0700] {processor.py:914} INFO - Processing file /Users/punny/Documents/GitHub/NYC-Taxi-ETL-Pipeline/dags/vehicle_trip_dag.py for tasks to queue
[2024-10-21T15:29:45.818+0700] {logging_mixin.py:190} INFO - [2024-10-21T15:29:45.818+0700] {dagbag.py:588} INFO - Filling up the DagBag from /Users/punny/Documents/GitHub/NYC-Taxi-ETL-Pipeline/dags/vehicle_trip_dag.py
[2024-10-21T15:29:45.870+0700] {logging_mixin.py:190} INFO - [2024-10-21T15:29:45.868+0700] {dagbag.py:387} ERROR - Failed to import: /Users/punny/Documents/GitHub/NYC-Taxi-ETL-Pipeline/dags/vehicle_trip_dag.py
Traceback (most recent call last):
  File "/Users/punny/Documents/GitHub/NYC-Taxi-ETL-Pipeline/.venv/lib/python3.10/site-packages/airflow/models/dagbag.py", line 383, in parse
    loader.exec_module(new_module)
  File "<frozen importlib._bootstrap_external>", line 883, in exec_module
  File "<frozen importlib._bootstrap>", line 241, in _call_with_frames_removed
  File "/Users/punny/Documents/GitHub/NYC-Taxi-ETL-Pipeline/dags/vehicle_trip_dag.py", line 9, in <module>
    from main import pipeline_1st, pipeline_2nd
ModuleNotFoundError: No module named 'main'
[2024-10-21T15:29:45.871+0700] {processor.py:927} WARNING - No viable dags retrieved from /Users/punny/Documents/GitHub/NYC-Taxi-ETL-Pipeline/dags/vehicle_trip_dag.py
[2024-10-21T15:29:47.303+0700] {processor.py:208} INFO - Processing /Users/punny/Documents/GitHub/NYC-Taxi-ETL-Pipeline/dags/vehicle_trip_dag.py took 1.502 seconds
[2024-10-21T15:33:49.600+0700] {processor.py:186} INFO - Started process (PID=42021) to work on /Users/punny/Documents/GitHub/NYC-Taxi-ETL-Pipeline/dags/vehicle_trip_dag.py
[2024-10-21T15:33:49.604+0700] {processor.py:914} INFO - Processing file /Users/punny/Documents/GitHub/NYC-Taxi-ETL-Pipeline/dags/vehicle_trip_dag.py for tasks to queue
[2024-10-21T15:33:49.606+0700] {logging_mixin.py:190} INFO - [2024-10-21T15:33:49.606+0700] {dagbag.py:588} INFO - Filling up the DagBag from /Users/punny/Documents/GitHub/NYC-Taxi-ETL-Pipeline/dags/vehicle_trip_dag.py
[2024-10-21T15:33:49.657+0700] {logging_mixin.py:190} INFO - [2024-10-21T15:33:49.656+0700] {dagbag.py:387} ERROR - Failed to import: /Users/punny/Documents/GitHub/NYC-Taxi-ETL-Pipeline/dags/vehicle_trip_dag.py
Traceback (most recent call last):
  File "/Users/punny/Documents/GitHub/NYC-Taxi-ETL-Pipeline/.venv/lib/python3.10/site-packages/airflow/models/dagbag.py", line 383, in parse
    loader.exec_module(new_module)
  File "<frozen importlib._bootstrap_external>", line 883, in exec_module
  File "<frozen importlib._bootstrap>", line 241, in _call_with_frames_removed
  File "/Users/punny/Documents/GitHub/NYC-Taxi-ETL-Pipeline/dags/vehicle_trip_dag.py", line 9, in <module>
    from main import pipeline_1st, pipeline_2nd
ModuleNotFoundError: No module named 'main'
[2024-10-21T15:33:49.657+0700] {processor.py:927} WARNING - No viable dags retrieved from /Users/punny/Documents/GitHub/NYC-Taxi-ETL-Pipeline/dags/vehicle_trip_dag.py
[2024-10-21T15:33:50.898+0700] {processor.py:208} INFO - Processing /Users/punny/Documents/GitHub/NYC-Taxi-ETL-Pipeline/dags/vehicle_trip_dag.py took 1.313 seconds
[2024-10-21T15:37:40.012+0700] {processor.py:186} INFO - Started process (PID=42524) to work on /Users/punny/Documents/GitHub/NYC-Taxi-ETL-Pipeline/dags/vehicle_trip_dag.py
[2024-10-21T15:37:40.017+0700] {processor.py:914} INFO - Processing file /Users/punny/Documents/GitHub/NYC-Taxi-ETL-Pipeline/dags/vehicle_trip_dag.py for tasks to queue
[2024-10-21T15:37:40.020+0700] {logging_mixin.py:190} INFO - [2024-10-21T15:37:40.020+0700] {dagbag.py:588} INFO - Filling up the DagBag from /Users/punny/Documents/GitHub/NYC-Taxi-ETL-Pipeline/dags/vehicle_trip_dag.py
[2024-10-21T15:37:40.067+0700] {logging_mixin.py:190} INFO - [2024-10-21T15:37:40.064+0700] {dagbag.py:387} ERROR - Failed to import: /Users/punny/Documents/GitHub/NYC-Taxi-ETL-Pipeline/dags/vehicle_trip_dag.py
Traceback (most recent call last):
  File "/Users/punny/Documents/GitHub/NYC-Taxi-ETL-Pipeline/.venv/lib/python3.10/site-packages/airflow/models/dagbag.py", line 383, in parse
    loader.exec_module(new_module)
  File "<frozen importlib._bootstrap_external>", line 883, in exec_module
  File "<frozen importlib._bootstrap>", line 241, in _call_with_frames_removed
  File "/Users/punny/Documents/GitHub/NYC-Taxi-ETL-Pipeline/dags/vehicle_trip_dag.py", line 9, in <module>
    from main import pipeline_1st, pipeline_2nd
ModuleNotFoundError: No module named 'main'
[2024-10-21T15:37:40.067+0700] {processor.py:927} WARNING - No viable dags retrieved from /Users/punny/Documents/GitHub/NYC-Taxi-ETL-Pipeline/dags/vehicle_trip_dag.py
[2024-10-21T15:37:41.323+0700] {processor.py:208} INFO - Processing /Users/punny/Documents/GitHub/NYC-Taxi-ETL-Pipeline/dags/vehicle_trip_dag.py took 1.326 seconds
[2024-10-21T15:41:40.697+0700] {processor.py:186} INFO - Started process (PID=43099) to work on /Users/punny/Documents/GitHub/NYC-Taxi-ETL-Pipeline/dags/vehicle_trip_dag.py
[2024-10-21T15:41:40.702+0700] {processor.py:914} INFO - Processing file /Users/punny/Documents/GitHub/NYC-Taxi-ETL-Pipeline/dags/vehicle_trip_dag.py for tasks to queue
[2024-10-21T15:41:40.704+0700] {logging_mixin.py:190} INFO - [2024-10-21T15:41:40.704+0700] {dagbag.py:588} INFO - Filling up the DagBag from /Users/punny/Documents/GitHub/NYC-Taxi-ETL-Pipeline/dags/vehicle_trip_dag.py
[2024-10-21T15:41:40.738+0700] {logging_mixin.py:190} INFO - [2024-10-21T15:41:40.736+0700] {dagbag.py:387} ERROR - Failed to import: /Users/punny/Documents/GitHub/NYC-Taxi-ETL-Pipeline/dags/vehicle_trip_dag.py
Traceback (most recent call last):
  File "/Users/punny/Documents/GitHub/NYC-Taxi-ETL-Pipeline/.venv/lib/python3.10/site-packages/airflow/models/dagbag.py", line 383, in parse
    loader.exec_module(new_module)
  File "<frozen importlib._bootstrap_external>", line 883, in exec_module
  File "<frozen importlib._bootstrap>", line 241, in _call_with_frames_removed
  File "/Users/punny/Documents/GitHub/NYC-Taxi-ETL-Pipeline/dags/vehicle_trip_dag.py", line 9, in <module>
    from main import pipeline_1st, pipeline_2nd
ModuleNotFoundError: No module named 'main'
[2024-10-21T15:41:40.738+0700] {processor.py:927} WARNING - No viable dags retrieved from /Users/punny/Documents/GitHub/NYC-Taxi-ETL-Pipeline/dags/vehicle_trip_dag.py
[2024-10-21T15:41:41.818+0700] {processor.py:208} INFO - Processing /Users/punny/Documents/GitHub/NYC-Taxi-ETL-Pipeline/dags/vehicle_trip_dag.py took 1.132 seconds
[2024-10-21T15:45:34.047+0700] {processor.py:186} INFO - Started process (PID=43590) to work on /Users/punny/Documents/GitHub/NYC-Taxi-ETL-Pipeline/dags/vehicle_trip_dag.py
[2024-10-21T15:45:34.052+0700] {processor.py:914} INFO - Processing file /Users/punny/Documents/GitHub/NYC-Taxi-ETL-Pipeline/dags/vehicle_trip_dag.py for tasks to queue
[2024-10-21T15:45:34.053+0700] {logging_mixin.py:190} INFO - [2024-10-21T15:45:34.053+0700] {dagbag.py:588} INFO - Filling up the DagBag from /Users/punny/Documents/GitHub/NYC-Taxi-ETL-Pipeline/dags/vehicle_trip_dag.py
[2024-10-21T15:45:34.090+0700] {logging_mixin.py:190} INFO - [2024-10-21T15:45:34.089+0700] {dagbag.py:387} ERROR - Failed to import: /Users/punny/Documents/GitHub/NYC-Taxi-ETL-Pipeline/dags/vehicle_trip_dag.py
Traceback (most recent call last):
  File "/Users/punny/Documents/GitHub/NYC-Taxi-ETL-Pipeline/.venv/lib/python3.10/site-packages/airflow/models/dagbag.py", line 383, in parse
    loader.exec_module(new_module)
  File "<frozen importlib._bootstrap_external>", line 883, in exec_module
  File "<frozen importlib._bootstrap>", line 241, in _call_with_frames_removed
  File "/Users/punny/Documents/GitHub/NYC-Taxi-ETL-Pipeline/dags/vehicle_trip_dag.py", line 9, in <module>
    from main import pipeline_1st, pipeline_2nd
ModuleNotFoundError: No module named 'main'
[2024-10-21T15:45:34.091+0700] {processor.py:927} WARNING - No viable dags retrieved from /Users/punny/Documents/GitHub/NYC-Taxi-ETL-Pipeline/dags/vehicle_trip_dag.py
[2024-10-21T15:45:35.300+0700] {processor.py:208} INFO - Processing /Users/punny/Documents/GitHub/NYC-Taxi-ETL-Pipeline/dags/vehicle_trip_dag.py took 1.261 seconds
[2024-10-21T15:49:28.170+0700] {processor.py:186} INFO - Started process (PID=44048) to work on /Users/punny/Documents/GitHub/NYC-Taxi-ETL-Pipeline/dags/vehicle_trip_dag.py
[2024-10-21T15:49:28.175+0700] {processor.py:914} INFO - Processing file /Users/punny/Documents/GitHub/NYC-Taxi-ETL-Pipeline/dags/vehicle_trip_dag.py for tasks to queue
[2024-10-21T15:49:28.177+0700] {logging_mixin.py:190} INFO - [2024-10-21T15:49:28.177+0700] {dagbag.py:588} INFO - Filling up the DagBag from /Users/punny/Documents/GitHub/NYC-Taxi-ETL-Pipeline/dags/vehicle_trip_dag.py
[2024-10-21T15:49:28.214+0700] {logging_mixin.py:190} INFO - [2024-10-21T15:49:28.212+0700] {dagbag.py:387} ERROR - Failed to import: /Users/punny/Documents/GitHub/NYC-Taxi-ETL-Pipeline/dags/vehicle_trip_dag.py
Traceback (most recent call last):
  File "/Users/punny/Documents/GitHub/NYC-Taxi-ETL-Pipeline/.venv/lib/python3.10/site-packages/airflow/models/dagbag.py", line 383, in parse
    loader.exec_module(new_module)
  File "<frozen importlib._bootstrap_external>", line 883, in exec_module
  File "<frozen importlib._bootstrap>", line 241, in _call_with_frames_removed
  File "/Users/punny/Documents/GitHub/NYC-Taxi-ETL-Pipeline/dags/vehicle_trip_dag.py", line 9, in <module>
    from main import pipeline_1st, pipeline_2nd
ModuleNotFoundError: No module named 'main'
[2024-10-21T15:49:28.214+0700] {processor.py:927} WARNING - No viable dags retrieved from /Users/punny/Documents/GitHub/NYC-Taxi-ETL-Pipeline/dags/vehicle_trip_dag.py
[2024-10-21T15:49:29.429+0700] {processor.py:208} INFO - Processing /Users/punny/Documents/GitHub/NYC-Taxi-ETL-Pipeline/dags/vehicle_trip_dag.py took 1.268 seconds
[2024-10-21T15:53:24.126+0700] {processor.py:186} INFO - Started process (PID=44585) to work on /Users/punny/Documents/GitHub/NYC-Taxi-ETL-Pipeline/dags/vehicle_trip_dag.py
[2024-10-21T15:53:24.130+0700] {processor.py:914} INFO - Processing file /Users/punny/Documents/GitHub/NYC-Taxi-ETL-Pipeline/dags/vehicle_trip_dag.py for tasks to queue
[2024-10-21T15:53:24.131+0700] {logging_mixin.py:190} INFO - [2024-10-21T15:53:24.131+0700] {dagbag.py:588} INFO - Filling up the DagBag from /Users/punny/Documents/GitHub/NYC-Taxi-ETL-Pipeline/dags/vehicle_trip_dag.py
[2024-10-21T15:53:24.165+0700] {logging_mixin.py:190} INFO - [2024-10-21T15:53:24.163+0700] {dagbag.py:387} ERROR - Failed to import: /Users/punny/Documents/GitHub/NYC-Taxi-ETL-Pipeline/dags/vehicle_trip_dag.py
Traceback (most recent call last):
  File "/Users/punny/Documents/GitHub/NYC-Taxi-ETL-Pipeline/.venv/lib/python3.10/site-packages/airflow/models/dagbag.py", line 383, in parse
    loader.exec_module(new_module)
  File "<frozen importlib._bootstrap_external>", line 883, in exec_module
  File "<frozen importlib._bootstrap>", line 241, in _call_with_frames_removed
  File "/Users/punny/Documents/GitHub/NYC-Taxi-ETL-Pipeline/dags/vehicle_trip_dag.py", line 9, in <module>
    from main import pipeline_1st, pipeline_2nd
ModuleNotFoundError: No module named 'main'
[2024-10-21T15:53:24.165+0700] {processor.py:927} WARNING - No viable dags retrieved from /Users/punny/Documents/GitHub/NYC-Taxi-ETL-Pipeline/dags/vehicle_trip_dag.py
[2024-10-21T15:53:25.330+0700] {processor.py:208} INFO - Processing /Users/punny/Documents/GitHub/NYC-Taxi-ETL-Pipeline/dags/vehicle_trip_dag.py took 1.212 seconds
[2024-10-21T15:57:30.387+0700] {processor.py:186} INFO - Started process (PID=45094) to work on /Users/punny/Documents/GitHub/NYC-Taxi-ETL-Pipeline/dags/vehicle_trip_dag.py
[2024-10-21T15:57:30.394+0700] {processor.py:914} INFO - Processing file /Users/punny/Documents/GitHub/NYC-Taxi-ETL-Pipeline/dags/vehicle_trip_dag.py for tasks to queue
[2024-10-21T15:57:30.396+0700] {logging_mixin.py:190} INFO - [2024-10-21T15:57:30.395+0700] {dagbag.py:588} INFO - Filling up the DagBag from /Users/punny/Documents/GitHub/NYC-Taxi-ETL-Pipeline/dags/vehicle_trip_dag.py
[2024-10-21T15:57:30.453+0700] {logging_mixin.py:190} INFO - [2024-10-21T15:57:30.451+0700] {dagbag.py:387} ERROR - Failed to import: /Users/punny/Documents/GitHub/NYC-Taxi-ETL-Pipeline/dags/vehicle_trip_dag.py
Traceback (most recent call last):
  File "/Users/punny/Documents/GitHub/NYC-Taxi-ETL-Pipeline/.venv/lib/python3.10/site-packages/airflow/models/dagbag.py", line 383, in parse
    loader.exec_module(new_module)
  File "<frozen importlib._bootstrap_external>", line 883, in exec_module
  File "<frozen importlib._bootstrap>", line 241, in _call_with_frames_removed
  File "/Users/punny/Documents/GitHub/NYC-Taxi-ETL-Pipeline/dags/vehicle_trip_dag.py", line 9, in <module>
    from main import pipeline_1st, pipeline_2nd
ModuleNotFoundError: No module named 'main'
[2024-10-21T15:57:30.454+0700] {processor.py:927} WARNING - No viable dags retrieved from /Users/punny/Documents/GitHub/NYC-Taxi-ETL-Pipeline/dags/vehicle_trip_dag.py
[2024-10-21T15:57:31.627+0700] {processor.py:208} INFO - Processing /Users/punny/Documents/GitHub/NYC-Taxi-ETL-Pipeline/dags/vehicle_trip_dag.py took 1.254 seconds
[2024-10-21T16:01:42.584+0700] {processor.py:186} INFO - Started process (PID=45664) to work on /Users/punny/Documents/GitHub/NYC-Taxi-ETL-Pipeline/dags/vehicle_trip_dag.py
[2024-10-21T16:01:42.588+0700] {processor.py:914} INFO - Processing file /Users/punny/Documents/GitHub/NYC-Taxi-ETL-Pipeline/dags/vehicle_trip_dag.py for tasks to queue
[2024-10-21T16:01:42.590+0700] {logging_mixin.py:190} INFO - [2024-10-21T16:01:42.589+0700] {dagbag.py:588} INFO - Filling up the DagBag from /Users/punny/Documents/GitHub/NYC-Taxi-ETL-Pipeline/dags/vehicle_trip_dag.py
[2024-10-21T16:01:42.652+0700] {logging_mixin.py:190} INFO - [2024-10-21T16:01:42.650+0700] {dagbag.py:387} ERROR - Failed to import: /Users/punny/Documents/GitHub/NYC-Taxi-ETL-Pipeline/dags/vehicle_trip_dag.py
Traceback (most recent call last):
  File "/Users/punny/Documents/GitHub/NYC-Taxi-ETL-Pipeline/.venv/lib/python3.10/site-packages/airflow/models/dagbag.py", line 383, in parse
    loader.exec_module(new_module)
  File "<frozen importlib._bootstrap_external>", line 883, in exec_module
  File "<frozen importlib._bootstrap>", line 241, in _call_with_frames_removed
  File "/Users/punny/Documents/GitHub/NYC-Taxi-ETL-Pipeline/dags/vehicle_trip_dag.py", line 9, in <module>
    from main import pipeline_1st, pipeline_2nd
ModuleNotFoundError: No module named 'main'
[2024-10-21T16:01:42.653+0700] {processor.py:927} WARNING - No viable dags retrieved from /Users/punny/Documents/GitHub/NYC-Taxi-ETL-Pipeline/dags/vehicle_trip_dag.py
[2024-10-21T16:01:43.734+0700] {processor.py:208} INFO - Processing /Users/punny/Documents/GitHub/NYC-Taxi-ETL-Pipeline/dags/vehicle_trip_dag.py took 1.159 seconds
[2024-10-21T20:36:03.927+0700] {processor.py:186} INFO - Started process (PID=4184) to work on /Users/punny/Documents/GitHub/NYC-Taxi-ETL-Pipeline/dags/vehicle_trip_dag.py
[2024-10-21T20:36:03.931+0700] {processor.py:914} INFO - Processing file /Users/punny/Documents/GitHub/NYC-Taxi-ETL-Pipeline/dags/vehicle_trip_dag.py for tasks to queue
[2024-10-21T20:36:03.932+0700] {logging_mixin.py:190} INFO - [2024-10-21T20:36:03.932+0700] {dagbag.py:588} INFO - Filling up the DagBag from /Users/punny/Documents/GitHub/NYC-Taxi-ETL-Pipeline/dags/vehicle_trip_dag.py
[2024-10-21T20:36:03.960+0700] {logging_mixin.py:190} INFO - [2024-10-21T20:36:03.958+0700] {dagbag.py:387} ERROR - Failed to import: /Users/punny/Documents/GitHub/NYC-Taxi-ETL-Pipeline/dags/vehicle_trip_dag.py
Traceback (most recent call last):
  File "/Users/punny/Documents/GitHub/NYC-Taxi-ETL-Pipeline/.venv/lib/python3.10/site-packages/airflow/models/dagbag.py", line 383, in parse
    loader.exec_module(new_module)
  File "<frozen importlib._bootstrap_external>", line 883, in exec_module
  File "<frozen importlib._bootstrap>", line 241, in _call_with_frames_removed
  File "/Users/punny/Documents/GitHub/NYC-Taxi-ETL-Pipeline/dags/vehicle_trip_dag.py", line 9, in <module>
    from main import pipeline_1st, pipeline_2nd
ModuleNotFoundError: No module named 'main'
[2024-10-21T20:36:03.960+0700] {processor.py:927} WARNING - No viable dags retrieved from /Users/punny/Documents/GitHub/NYC-Taxi-ETL-Pipeline/dags/vehicle_trip_dag.py
[2024-10-21T20:36:04.636+0700] {processor.py:208} INFO - Processing /Users/punny/Documents/GitHub/NYC-Taxi-ETL-Pipeline/dags/vehicle_trip_dag.py took 0.717 seconds
[2024-10-21T20:39:49.799+0700] {processor.py:186} INFO - Started process (PID=4473) to work on /Users/punny/Documents/GitHub/NYC-Taxi-ETL-Pipeline/dags/vehicle_trip_dag.py
[2024-10-21T20:39:49.802+0700] {processor.py:914} INFO - Processing file /Users/punny/Documents/GitHub/NYC-Taxi-ETL-Pipeline/dags/vehicle_trip_dag.py for tasks to queue
[2024-10-21T20:39:49.803+0700] {logging_mixin.py:190} INFO - [2024-10-21T20:39:49.803+0700] {dagbag.py:588} INFO - Filling up the DagBag from /Users/punny/Documents/GitHub/NYC-Taxi-ETL-Pipeline/dags/vehicle_trip_dag.py
[2024-10-21T20:39:49.833+0700] {processor.py:925} INFO - DAG(s) 'vehicle_trip' retrieved from /Users/punny/Documents/GitHub/NYC-Taxi-ETL-Pipeline/dags/vehicle_trip_dag.py
[2024-10-21T20:39:50.134+0700] {logging_mixin.py:190} INFO - [2024-10-21T20:39:50.134+0700] {override.py:1907} INFO - Created Permission View: can edit on DAG:vehicle_trip
[2024-10-21T20:39:50.146+0700] {logging_mixin.py:190} INFO - [2024-10-21T20:39:50.146+0700] {override.py:1907} INFO - Created Permission View: can delete on DAG:vehicle_trip
[2024-10-21T20:39:50.154+0700] {logging_mixin.py:190} INFO - [2024-10-21T20:39:50.153+0700] {override.py:1907} INFO - Created Permission View: can read on DAG:vehicle_trip
[2024-10-21T20:39:50.164+0700] {logging_mixin.py:190} INFO - [2024-10-21T20:39:50.163+0700] {override.py:1907} INFO - Created Permission View: menu access on DAG Run:vehicle_trip
[2024-10-21T20:39:50.171+0700] {logging_mixin.py:190} INFO - [2024-10-21T20:39:50.171+0700] {override.py:1907} INFO - Created Permission View: can create on DAG Run:vehicle_trip
[2024-10-21T20:39:50.179+0700] {logging_mixin.py:190} INFO - [2024-10-21T20:39:50.178+0700] {override.py:1907} INFO - Created Permission View: can delete on DAG Run:vehicle_trip
[2024-10-21T20:39:50.186+0700] {logging_mixin.py:190} INFO - [2024-10-21T20:39:50.186+0700] {override.py:1907} INFO - Created Permission View: can read on DAG Run:vehicle_trip
[2024-10-21T20:39:50.187+0700] {logging_mixin.py:190} INFO - [2024-10-21T20:39:50.187+0700] {dag.py:3239} INFO - Sync 1 DAGs
[2024-10-21T20:39:50.202+0700] {logging_mixin.py:190} INFO - [2024-10-21T20:39:50.201+0700] {dag.py:3262} INFO - Creating ORM DAG for vehicle_trip
[2024-10-21T20:39:50.211+0700] {logging_mixin.py:190} INFO - [2024-10-21T20:39:50.211+0700] {dag.py:4180} INFO - Setting next_dagrun for vehicle_trip to 2023-01-01 00:00:00+00:00, run_after=2023-01-02 00:00:00+00:00
[2024-10-21T20:39:50.236+0700] {processor.py:208} INFO - Processing /Users/punny/Documents/GitHub/NYC-Taxi-ETL-Pipeline/dags/vehicle_trip_dag.py took 0.446 seconds
[2024-10-21T20:43:11.513+0700] {processor.py:186} INFO - Started process (PID=4810) to work on /Users/punny/Documents/GitHub/NYC-Taxi-ETL-Pipeline/dags/vehicle_trip_dag.py
[2024-10-21T20:43:11.518+0700] {processor.py:914} INFO - Processing file /Users/punny/Documents/GitHub/NYC-Taxi-ETL-Pipeline/dags/vehicle_trip_dag.py for tasks to queue
[2024-10-21T20:43:11.519+0700] {logging_mixin.py:190} INFO - [2024-10-21T20:43:11.519+0700] {dagbag.py:588} INFO - Filling up the DagBag from /Users/punny/Documents/GitHub/NYC-Taxi-ETL-Pipeline/dags/vehicle_trip_dag.py
[2024-10-21T20:43:11.574+0700] {processor.py:925} INFO - DAG(s) 'vehicle_trip' retrieved from /Users/punny/Documents/GitHub/NYC-Taxi-ETL-Pipeline/dags/vehicle_trip_dag.py
[2024-10-21T20:43:11.848+0700] {logging_mixin.py:190} INFO - [2024-10-21T20:43:11.847+0700] {dag.py:3239} INFO - Sync 1 DAGs
[2024-10-21T20:43:11.882+0700] {logging_mixin.py:190} INFO - [2024-10-21T20:43:11.882+0700] {dag.py:4180} INFO - Setting next_dagrun for vehicle_trip to 2023-01-01 00:00:00+00:00, run_after=2023-01-02 00:00:00+00:00
[2024-10-21T20:43:11.915+0700] {processor.py:208} INFO - Processing /Users/punny/Documents/GitHub/NYC-Taxi-ETL-Pipeline/dags/vehicle_trip_dag.py took 0.410 seconds
[2024-10-21T20:47:10.962+0700] {processor.py:186} INFO - Started process (PID=5200) to work on /Users/punny/Documents/GitHub/NYC-Taxi-ETL-Pipeline/dags/vehicle_trip_dag.py
[2024-10-21T20:47:10.965+0700] {processor.py:914} INFO - Processing file /Users/punny/Documents/GitHub/NYC-Taxi-ETL-Pipeline/dags/vehicle_trip_dag.py for tasks to queue
[2024-10-21T20:47:10.966+0700] {logging_mixin.py:190} INFO - [2024-10-21T20:47:10.966+0700] {dagbag.py:588} INFO - Filling up the DagBag from /Users/punny/Documents/GitHub/NYC-Taxi-ETL-Pipeline/dags/vehicle_trip_dag.py
[2024-10-21T20:47:11.004+0700] {processor.py:925} INFO - DAG(s) 'vehicle_trip' retrieved from /Users/punny/Documents/GitHub/NYC-Taxi-ETL-Pipeline/dags/vehicle_trip_dag.py
[2024-10-21T20:47:11.200+0700] {logging_mixin.py:190} INFO - [2024-10-21T20:47:11.200+0700] {dag.py:3239} INFO - Sync 1 DAGs
[2024-10-21T20:47:11.227+0700] {logging_mixin.py:190} INFO - [2024-10-21T20:47:11.226+0700] {dag.py:4180} INFO - Setting next_dagrun for vehicle_trip to 2023-01-01 00:00:00+00:00, run_after=2023-01-02 00:00:00+00:00
[2024-10-21T20:47:11.254+0700] {processor.py:208} INFO - Processing /Users/punny/Documents/GitHub/NYC-Taxi-ETL-Pipeline/dags/vehicle_trip_dag.py took 0.300 seconds
[2024-10-21T20:50:47.269+0700] {processor.py:186} INFO - Started process (PID=5497) to work on /Users/punny/Documents/GitHub/NYC-Taxi-ETL-Pipeline/dags/vehicle_trip_dag.py
[2024-10-21T20:50:47.273+0700] {processor.py:914} INFO - Processing file /Users/punny/Documents/GitHub/NYC-Taxi-ETL-Pipeline/dags/vehicle_trip_dag.py for tasks to queue
[2024-10-21T20:50:47.275+0700] {logging_mixin.py:190} INFO - [2024-10-21T20:50:47.275+0700] {dagbag.py:588} INFO - Filling up the DagBag from /Users/punny/Documents/GitHub/NYC-Taxi-ETL-Pipeline/dags/vehicle_trip_dag.py
[2024-10-21T20:50:47.308+0700] {processor.py:925} INFO - DAG(s) 'vehicle_trip' retrieved from /Users/punny/Documents/GitHub/NYC-Taxi-ETL-Pipeline/dags/vehicle_trip_dag.py
[2024-10-21T20:50:47.515+0700] {logging_mixin.py:190} INFO - [2024-10-21T20:50:47.515+0700] {dag.py:3239} INFO - Sync 1 DAGs
[2024-10-21T20:50:47.544+0700] {logging_mixin.py:190} INFO - [2024-10-21T20:50:47.544+0700] {dag.py:4180} INFO - Setting next_dagrun for vehicle_trip to 2023-01-01 00:00:00+00:00, run_after=2023-01-02 00:00:00+00:00
[2024-10-21T20:50:47.570+0700] {processor.py:208} INFO - Processing /Users/punny/Documents/GitHub/NYC-Taxi-ETL-Pipeline/dags/vehicle_trip_dag.py took 0.309 seconds
[2024-10-21T20:54:47.642+0700] {processor.py:186} INFO - Started process (PID=5919) to work on /Users/punny/Documents/GitHub/NYC-Taxi-ETL-Pipeline/dags/vehicle_trip_dag.py
[2024-10-21T20:54:47.645+0700] {processor.py:914} INFO - Processing file /Users/punny/Documents/GitHub/NYC-Taxi-ETL-Pipeline/dags/vehicle_trip_dag.py for tasks to queue
[2024-10-21T20:54:47.647+0700] {logging_mixin.py:190} INFO - [2024-10-21T20:54:47.646+0700] {dagbag.py:588} INFO - Filling up the DagBag from /Users/punny/Documents/GitHub/NYC-Taxi-ETL-Pipeline/dags/vehicle_trip_dag.py
[2024-10-21T20:54:47.682+0700] {processor.py:925} INFO - DAG(s) 'vehicle_trip' retrieved from /Users/punny/Documents/GitHub/NYC-Taxi-ETL-Pipeline/dags/vehicle_trip_dag.py
[2024-10-21T20:54:47.866+0700] {logging_mixin.py:190} INFO - [2024-10-21T20:54:47.866+0700] {dag.py:3239} INFO - Sync 1 DAGs
[2024-10-21T20:54:47.889+0700] {logging_mixin.py:190} INFO - [2024-10-21T20:54:47.889+0700] {dag.py:4180} INFO - Setting next_dagrun for vehicle_trip to 2023-01-01 00:00:00+00:00, run_after=2023-01-02 00:00:00+00:00
[2024-10-21T20:54:47.909+0700] {processor.py:208} INFO - Processing /Users/punny/Documents/GitHub/NYC-Taxi-ETL-Pipeline/dags/vehicle_trip_dag.py took 0.276 seconds
[2024-10-21T20:59:21.913+0700] {processor.py:186} INFO - Started process (PID=6388) to work on /Users/punny/Documents/GitHub/NYC-Taxi-ETL-Pipeline/dags/vehicle_trip_dag.py
[2024-10-21T20:59:21.917+0700] {processor.py:914} INFO - Processing file /Users/punny/Documents/GitHub/NYC-Taxi-ETL-Pipeline/dags/vehicle_trip_dag.py for tasks to queue
[2024-10-21T20:59:21.919+0700] {logging_mixin.py:190} INFO - [2024-10-21T20:59:21.919+0700] {dagbag.py:588} INFO - Filling up the DagBag from /Users/punny/Documents/GitHub/NYC-Taxi-ETL-Pipeline/dags/vehicle_trip_dag.py
[2024-10-21T20:59:21.976+0700] {processor.py:925} INFO - DAG(s) 'vehicle_trip' retrieved from /Users/punny/Documents/GitHub/NYC-Taxi-ETL-Pipeline/dags/vehicle_trip_dag.py
[2024-10-21T20:59:22.271+0700] {logging_mixin.py:190} INFO - [2024-10-21T20:59:22.270+0700] {dag.py:3239} INFO - Sync 1 DAGs
[2024-10-21T20:59:22.309+0700] {logging_mixin.py:190} INFO - [2024-10-21T20:59:22.308+0700] {dag.py:4180} INFO - Setting next_dagrun for vehicle_trip to 2023-01-01 00:00:00+00:00, run_after=2023-01-02 00:00:00+00:00
[2024-10-21T20:59:22.346+0700] {processor.py:208} INFO - Processing /Users/punny/Documents/GitHub/NYC-Taxi-ETL-Pipeline/dags/vehicle_trip_dag.py took 0.454 seconds
[2024-10-21T21:03:29.802+0700] {processor.py:186} INFO - Started process (PID=6699) to work on /Users/punny/Documents/GitHub/NYC-Taxi-ETL-Pipeline/dags/vehicle_trip_dag.py
[2024-10-21T21:03:29.806+0700] {processor.py:914} INFO - Processing file /Users/punny/Documents/GitHub/NYC-Taxi-ETL-Pipeline/dags/vehicle_trip_dag.py for tasks to queue
[2024-10-21T21:03:29.807+0700] {logging_mixin.py:190} INFO - [2024-10-21T21:03:29.807+0700] {dagbag.py:588} INFO - Filling up the DagBag from /Users/punny/Documents/GitHub/NYC-Taxi-ETL-Pipeline/dags/vehicle_trip_dag.py
[2024-10-21T21:03:29.843+0700] {processor.py:925} INFO - DAG(s) 'vehicle_trip' retrieved from /Users/punny/Documents/GitHub/NYC-Taxi-ETL-Pipeline/dags/vehicle_trip_dag.py
[2024-10-21T21:03:30.052+0700] {logging_mixin.py:190} INFO - [2024-10-21T21:03:30.051+0700] {dag.py:3239} INFO - Sync 1 DAGs
[2024-10-21T21:03:30.080+0700] {logging_mixin.py:190} INFO - [2024-10-21T21:03:30.079+0700] {dag.py:4180} INFO - Setting next_dagrun for vehicle_trip to 2023-01-01 00:00:00+00:00, run_after=2023-01-02 00:00:00+00:00
[2024-10-21T21:03:30.104+0700] {processor.py:208} INFO - Processing /Users/punny/Documents/GitHub/NYC-Taxi-ETL-Pipeline/dags/vehicle_trip_dag.py took 0.310 seconds
[2024-10-21T21:06:42.629+0700] {processor.py:186} INFO - Started process (PID=6954) to work on /Users/punny/Documents/GitHub/NYC-Taxi-ETL-Pipeline/dags/vehicle_trip_dag.py
[2024-10-21T21:06:42.634+0700] {processor.py:914} INFO - Processing file /Users/punny/Documents/GitHub/NYC-Taxi-ETL-Pipeline/dags/vehicle_trip_dag.py for tasks to queue
[2024-10-21T21:06:42.636+0700] {logging_mixin.py:190} INFO - [2024-10-21T21:06:42.636+0700] {dagbag.py:588} INFO - Filling up the DagBag from /Users/punny/Documents/GitHub/NYC-Taxi-ETL-Pipeline/dags/vehicle_trip_dag.py
[2024-10-21T21:06:42.674+0700] {processor.py:925} INFO - DAG(s) 'vehicle_trip' retrieved from /Users/punny/Documents/GitHub/NYC-Taxi-ETL-Pipeline/dags/vehicle_trip_dag.py
[2024-10-21T21:06:42.918+0700] {logging_mixin.py:190} INFO - [2024-10-21T21:06:42.917+0700] {dag.py:3239} INFO - Sync 1 DAGs
[2024-10-21T21:06:42.946+0700] {logging_mixin.py:190} INFO - [2024-10-21T21:06:42.946+0700] {dag.py:4180} INFO - Setting next_dagrun for vehicle_trip to 2023-01-01 00:00:00+00:00, run_after=2023-01-02 00:00:00+00:00
[2024-10-21T21:06:42.972+0700] {processor.py:208} INFO - Processing /Users/punny/Documents/GitHub/NYC-Taxi-ETL-Pipeline/dags/vehicle_trip_dag.py took 0.355 seconds
[2024-10-21T21:10:11.527+0700] {processor.py:186} INFO - Started process (PID=7186) to work on /Users/punny/Documents/GitHub/NYC-Taxi-ETL-Pipeline/dags/vehicle_trip_dag.py
[2024-10-21T21:10:11.530+0700] {processor.py:914} INFO - Processing file /Users/punny/Documents/GitHub/NYC-Taxi-ETL-Pipeline/dags/vehicle_trip_dag.py for tasks to queue
[2024-10-21T21:10:11.532+0700] {logging_mixin.py:190} INFO - [2024-10-21T21:10:11.532+0700] {dagbag.py:588} INFO - Filling up the DagBag from /Users/punny/Documents/GitHub/NYC-Taxi-ETL-Pipeline/dags/vehicle_trip_dag.py
[2024-10-21T21:10:11.562+0700] {processor.py:925} INFO - DAG(s) 'vehicle_trip' retrieved from /Users/punny/Documents/GitHub/NYC-Taxi-ETL-Pipeline/dags/vehicle_trip_dag.py
[2024-10-21T21:10:11.737+0700] {logging_mixin.py:190} INFO - [2024-10-21T21:10:11.737+0700] {dag.py:3239} INFO - Sync 1 DAGs
[2024-10-21T21:10:11.759+0700] {logging_mixin.py:190} INFO - [2024-10-21T21:10:11.759+0700] {dag.py:4180} INFO - Setting next_dagrun for vehicle_trip to 2023-01-01 00:00:00+00:00, run_after=2023-01-02 00:00:00+00:00
[2024-10-21T21:10:11.779+0700] {processor.py:208} INFO - Processing /Users/punny/Documents/GitHub/NYC-Taxi-ETL-Pipeline/dags/vehicle_trip_dag.py took 0.259 seconds
[2024-10-21T21:13:09.235+0700] {processor.py:186} INFO - Started process (PID=7458) to work on /Users/punny/Documents/GitHub/NYC-Taxi-ETL-Pipeline/dags/vehicle_trip_dag.py
[2024-10-21T21:13:09.239+0700] {processor.py:914} INFO - Processing file /Users/punny/Documents/GitHub/NYC-Taxi-ETL-Pipeline/dags/vehicle_trip_dag.py for tasks to queue
[2024-10-21T21:13:09.241+0700] {logging_mixin.py:190} INFO - [2024-10-21T21:13:09.240+0700] {dagbag.py:588} INFO - Filling up the DagBag from /Users/punny/Documents/GitHub/NYC-Taxi-ETL-Pipeline/dags/vehicle_trip_dag.py
[2024-10-21T21:13:09.274+0700] {processor.py:925} INFO - DAG(s) 'vehicle_trip' retrieved from /Users/punny/Documents/GitHub/NYC-Taxi-ETL-Pipeline/dags/vehicle_trip_dag.py
[2024-10-21T21:13:09.476+0700] {logging_mixin.py:190} INFO - [2024-10-21T21:13:09.475+0700] {dag.py:3239} INFO - Sync 1 DAGs
[2024-10-21T21:13:09.504+0700] {logging_mixin.py:190} INFO - [2024-10-21T21:13:09.504+0700] {dag.py:4180} INFO - Setting next_dagrun for vehicle_trip to 2023-01-01 00:00:00+00:00, run_after=2023-01-02 00:00:00+00:00
[2024-10-21T21:13:09.524+0700] {processor.py:208} INFO - Processing /Users/punny/Documents/GitHub/NYC-Taxi-ETL-Pipeline/dags/vehicle_trip_dag.py took 0.296 seconds
[2024-10-21T21:16:19.975+0700] {processor.py:186} INFO - Started process (PID=7835) to work on /Users/punny/Documents/GitHub/NYC-Taxi-ETL-Pipeline/dags/vehicle_trip_dag.py
[2024-10-21T21:16:19.980+0700] {processor.py:914} INFO - Processing file /Users/punny/Documents/GitHub/NYC-Taxi-ETL-Pipeline/dags/vehicle_trip_dag.py for tasks to queue
[2024-10-21T21:16:19.982+0700] {logging_mixin.py:190} INFO - [2024-10-21T21:16:19.981+0700] {dagbag.py:588} INFO - Filling up the DagBag from /Users/punny/Documents/GitHub/NYC-Taxi-ETL-Pipeline/dags/vehicle_trip_dag.py
[2024-10-21T21:16:20.031+0700] {processor.py:925} INFO - DAG(s) 'vehicle_trip' retrieved from /Users/punny/Documents/GitHub/NYC-Taxi-ETL-Pipeline/dags/vehicle_trip_dag.py
[2024-10-21T21:16:20.421+0700] {logging_mixin.py:190} INFO - [2024-10-21T21:16:20.420+0700] {dag.py:3239} INFO - Sync 1 DAGs
[2024-10-21T21:16:20.456+0700] {logging_mixin.py:190} INFO - [2024-10-21T21:16:20.455+0700] {dag.py:4180} INFO - Setting next_dagrun for vehicle_trip to 2023-01-01 00:00:00+00:00, run_after=2023-01-02 00:00:00+00:00
[2024-10-21T21:16:20.480+0700] {processor.py:208} INFO - Processing /Users/punny/Documents/GitHub/NYC-Taxi-ETL-Pipeline/dags/vehicle_trip_dag.py took 0.517 seconds
[2024-10-21T21:19:38.467+0700] {processor.py:186} INFO - Started process (PID=8017) to work on /Users/punny/Documents/GitHub/NYC-Taxi-ETL-Pipeline/dags/vehicle_trip_dag.py
[2024-10-21T21:19:38.469+0700] {processor.py:914} INFO - Processing file /Users/punny/Documents/GitHub/NYC-Taxi-ETL-Pipeline/dags/vehicle_trip_dag.py for tasks to queue
[2024-10-21T21:19:38.471+0700] {logging_mixin.py:190} INFO - [2024-10-21T21:19:38.470+0700] {dagbag.py:588} INFO - Filling up the DagBag from /Users/punny/Documents/GitHub/NYC-Taxi-ETL-Pipeline/dags/vehicle_trip_dag.py
[2024-10-21T21:19:38.502+0700] {processor.py:925} INFO - DAG(s) 'vehicle_trip' retrieved from /Users/punny/Documents/GitHub/NYC-Taxi-ETL-Pipeline/dags/vehicle_trip_dag.py
[2024-10-21T21:19:38.672+0700] {logging_mixin.py:190} INFO - [2024-10-21T21:19:38.671+0700] {dag.py:3239} INFO - Sync 1 DAGs
[2024-10-21T21:19:38.694+0700] {logging_mixin.py:190} INFO - [2024-10-21T21:19:38.694+0700] {dag.py:4180} INFO - Setting next_dagrun for vehicle_trip to 2023-01-01 00:00:00+00:00, run_after=2023-01-02 00:00:00+00:00
[2024-10-21T21:19:38.715+0700] {processor.py:208} INFO - Processing /Users/punny/Documents/GitHub/NYC-Taxi-ETL-Pipeline/dags/vehicle_trip_dag.py took 0.255 seconds
[2024-10-21T21:22:26.852+0700] {processor.py:186} INFO - Started process (PID=8183) to work on /Users/punny/Documents/GitHub/NYC-Taxi-ETL-Pipeline/dags/vehicle_trip_dag.py
[2024-10-21T21:22:26.856+0700] {processor.py:914} INFO - Processing file /Users/punny/Documents/GitHub/NYC-Taxi-ETL-Pipeline/dags/vehicle_trip_dag.py for tasks to queue
[2024-10-21T21:22:26.858+0700] {logging_mixin.py:190} INFO - [2024-10-21T21:22:26.858+0700] {dagbag.py:588} INFO - Filling up the DagBag from /Users/punny/Documents/GitHub/NYC-Taxi-ETL-Pipeline/dags/vehicle_trip_dag.py
[2024-10-21T21:22:26.891+0700] {processor.py:925} INFO - DAG(s) 'vehicle_trip' retrieved from /Users/punny/Documents/GitHub/NYC-Taxi-ETL-Pipeline/dags/vehicle_trip_dag.py
[2024-10-21T21:22:27.080+0700] {logging_mixin.py:190} INFO - [2024-10-21T21:22:27.080+0700] {dag.py:3239} INFO - Sync 1 DAGs
[2024-10-21T21:22:27.103+0700] {logging_mixin.py:190} INFO - [2024-10-21T21:22:27.103+0700] {dag.py:4180} INFO - Setting next_dagrun for vehicle_trip to 2023-01-01 00:00:00+00:00, run_after=2023-01-02 00:00:00+00:00
[2024-10-21T21:22:27.125+0700] {processor.py:208} INFO - Processing /Users/punny/Documents/GitHub/NYC-Taxi-ETL-Pipeline/dags/vehicle_trip_dag.py took 0.283 seconds
[2024-10-21T21:25:27.101+0700] {processor.py:186} INFO - Started process (PID=8510) to work on /Users/punny/Documents/GitHub/NYC-Taxi-ETL-Pipeline/dags/vehicle_trip_dag.py
[2024-10-21T21:25:27.104+0700] {processor.py:914} INFO - Processing file /Users/punny/Documents/GitHub/NYC-Taxi-ETL-Pipeline/dags/vehicle_trip_dag.py for tasks to queue
[2024-10-21T21:25:27.106+0700] {logging_mixin.py:190} INFO - [2024-10-21T21:25:27.105+0700] {dagbag.py:588} INFO - Filling up the DagBag from /Users/punny/Documents/GitHub/NYC-Taxi-ETL-Pipeline/dags/vehicle_trip_dag.py
[2024-10-21T21:25:27.141+0700] {processor.py:925} INFO - DAG(s) 'vehicle_trip' retrieved from /Users/punny/Documents/GitHub/NYC-Taxi-ETL-Pipeline/dags/vehicle_trip_dag.py
[2024-10-21T21:25:27.320+0700] {logging_mixin.py:190} INFO - [2024-10-21T21:25:27.319+0700] {dag.py:3239} INFO - Sync 1 DAGs
[2024-10-21T21:25:27.342+0700] {logging_mixin.py:190} INFO - [2024-10-21T21:25:27.342+0700] {dag.py:4180} INFO - Setting next_dagrun for vehicle_trip to 2023-01-01 00:00:00+00:00, run_after=2023-01-02 00:00:00+00:00
[2024-10-21T21:25:27.363+0700] {processor.py:208} INFO - Processing /Users/punny/Documents/GitHub/NYC-Taxi-ETL-Pipeline/dags/vehicle_trip_dag.py took 0.269 seconds
[2024-10-21T21:29:01.117+0700] {processor.py:186} INFO - Started process (PID=8816) to work on /Users/punny/Documents/GitHub/NYC-Taxi-ETL-Pipeline/dags/vehicle_trip_dag.py
[2024-10-21T21:29:01.120+0700] {processor.py:914} INFO - Processing file /Users/punny/Documents/GitHub/NYC-Taxi-ETL-Pipeline/dags/vehicle_trip_dag.py for tasks to queue
[2024-10-21T21:29:01.121+0700] {logging_mixin.py:190} INFO - [2024-10-21T21:29:01.121+0700] {dagbag.py:588} INFO - Filling up the DagBag from /Users/punny/Documents/GitHub/NYC-Taxi-ETL-Pipeline/dags/vehicle_trip_dag.py
[2024-10-21T21:29:01.150+0700] {processor.py:925} INFO - DAG(s) 'vehicle_trip' retrieved from /Users/punny/Documents/GitHub/NYC-Taxi-ETL-Pipeline/dags/vehicle_trip_dag.py
[2024-10-21T21:29:01.322+0700] {logging_mixin.py:190} INFO - [2024-10-21T21:29:01.322+0700] {dag.py:3239} INFO - Sync 1 DAGs
[2024-10-21T21:29:01.344+0700] {logging_mixin.py:190} INFO - [2024-10-21T21:29:01.344+0700] {dag.py:4180} INFO - Setting next_dagrun for vehicle_trip to 2023-01-01 00:00:00+00:00, run_after=2023-01-02 00:00:00+00:00
[2024-10-21T21:29:01.366+0700] {processor.py:208} INFO - Processing /Users/punny/Documents/GitHub/NYC-Taxi-ETL-Pipeline/dags/vehicle_trip_dag.py took 0.257 seconds
[2024-10-21T21:31:53.164+0700] {processor.py:186} INFO - Started process (PID=9067) to work on /Users/punny/Documents/GitHub/NYC-Taxi-ETL-Pipeline/dags/vehicle_trip_dag.py
[2024-10-21T21:31:53.168+0700] {processor.py:914} INFO - Processing file /Users/punny/Documents/GitHub/NYC-Taxi-ETL-Pipeline/dags/vehicle_trip_dag.py for tasks to queue
[2024-10-21T21:31:53.170+0700] {logging_mixin.py:190} INFO - [2024-10-21T21:31:53.169+0700] {dagbag.py:588} INFO - Filling up the DagBag from /Users/punny/Documents/GitHub/NYC-Taxi-ETL-Pipeline/dags/vehicle_trip_dag.py
[2024-10-21T21:31:53.199+0700] {processor.py:925} INFO - DAG(s) 'vehicle_trip' retrieved from /Users/punny/Documents/GitHub/NYC-Taxi-ETL-Pipeline/dags/vehicle_trip_dag.py
[2024-10-21T21:31:53.379+0700] {logging_mixin.py:190} INFO - [2024-10-21T21:31:53.378+0700] {dag.py:3239} INFO - Sync 1 DAGs
[2024-10-21T21:31:53.402+0700] {logging_mixin.py:190} INFO - [2024-10-21T21:31:53.401+0700] {dag.py:4180} INFO - Setting next_dagrun for vehicle_trip to 2023-01-01 00:00:00+00:00, run_after=2023-01-02 00:00:00+00:00
[2024-10-21T21:31:53.424+0700] {processor.py:208} INFO - Processing /Users/punny/Documents/GitHub/NYC-Taxi-ETL-Pipeline/dags/vehicle_trip_dag.py took 0.267 seconds
[2024-10-21T21:34:47.067+0700] {processor.py:186} INFO - Started process (PID=9250) to work on /Users/punny/Documents/GitHub/NYC-Taxi-ETL-Pipeline/dags/vehicle_trip_dag.py
[2024-10-21T21:34:47.071+0700] {processor.py:914} INFO - Processing file /Users/punny/Documents/GitHub/NYC-Taxi-ETL-Pipeline/dags/vehicle_trip_dag.py for tasks to queue
[2024-10-21T21:34:47.072+0700] {logging_mixin.py:190} INFO - [2024-10-21T21:34:47.072+0700] {dagbag.py:588} INFO - Filling up the DagBag from /Users/punny/Documents/GitHub/NYC-Taxi-ETL-Pipeline/dags/vehicle_trip_dag.py
[2024-10-21T21:34:47.101+0700] {processor.py:925} INFO - DAG(s) 'vehicle_trip' retrieved from /Users/punny/Documents/GitHub/NYC-Taxi-ETL-Pipeline/dags/vehicle_trip_dag.py
[2024-10-21T21:34:47.278+0700] {logging_mixin.py:190} INFO - [2024-10-21T21:34:47.277+0700] {dag.py:3239} INFO - Sync 1 DAGs
[2024-10-21T21:34:47.301+0700] {logging_mixin.py:190} INFO - [2024-10-21T21:34:47.300+0700] {dag.py:4180} INFO - Setting next_dagrun for vehicle_trip to 2023-01-01 00:00:00+00:00, run_after=2023-01-02 00:00:00+00:00
[2024-10-21T21:34:47.322+0700] {processor.py:208} INFO - Processing /Users/punny/Documents/GitHub/NYC-Taxi-ETL-Pipeline/dags/vehicle_trip_dag.py took 0.264 seconds
[2024-10-21T21:37:45.261+0700] {processor.py:186} INFO - Started process (PID=9544) to work on /Users/punny/Documents/GitHub/NYC-Taxi-ETL-Pipeline/dags/vehicle_trip_dag.py
[2024-10-21T21:37:45.265+0700] {processor.py:914} INFO - Processing file /Users/punny/Documents/GitHub/NYC-Taxi-ETL-Pipeline/dags/vehicle_trip_dag.py for tasks to queue
[2024-10-21T21:37:45.267+0700] {logging_mixin.py:190} INFO - [2024-10-21T21:37:45.266+0700] {dagbag.py:588} INFO - Filling up the DagBag from /Users/punny/Documents/GitHub/NYC-Taxi-ETL-Pipeline/dags/vehicle_trip_dag.py
[2024-10-21T21:37:45.312+0700] {processor.py:925} INFO - DAG(s) 'vehicle_trip' retrieved from /Users/punny/Documents/GitHub/NYC-Taxi-ETL-Pipeline/dags/vehicle_trip_dag.py
[2024-10-21T21:37:45.483+0700] {logging_mixin.py:190} INFO - [2024-10-21T21:37:45.482+0700] {dag.py:3239} INFO - Sync 1 DAGs
[2024-10-21T21:37:45.504+0700] {logging_mixin.py:190} INFO - [2024-10-21T21:37:45.504+0700] {dag.py:4180} INFO - Setting next_dagrun for vehicle_trip to 2023-01-01 00:00:00+00:00, run_after=2023-01-02 00:00:00+00:00
[2024-10-21T21:37:45.524+0700] {processor.py:208} INFO - Processing /Users/punny/Documents/GitHub/NYC-Taxi-ETL-Pipeline/dags/vehicle_trip_dag.py took 0.271 seconds
[2024-10-21T21:41:57.236+0700] {processor.py:186} INFO - Started process (PID=9947) to work on /Users/punny/Documents/GitHub/NYC-Taxi-ETL-Pipeline/dags/vehicle_trip_dag.py
[2024-10-21T21:41:57.238+0700] {processor.py:914} INFO - Processing file /Users/punny/Documents/GitHub/NYC-Taxi-ETL-Pipeline/dags/vehicle_trip_dag.py for tasks to queue
[2024-10-21T21:41:57.239+0700] {logging_mixin.py:190} INFO - [2024-10-21T21:41:57.239+0700] {dagbag.py:588} INFO - Filling up the DagBag from /Users/punny/Documents/GitHub/NYC-Taxi-ETL-Pipeline/dags/vehicle_trip_dag.py
[2024-10-21T21:41:57.270+0700] {processor.py:925} INFO - DAG(s) 'vehicle_trip' retrieved from /Users/punny/Documents/GitHub/NYC-Taxi-ETL-Pipeline/dags/vehicle_trip_dag.py
[2024-10-21T21:41:57.445+0700] {logging_mixin.py:190} INFO - [2024-10-21T21:41:57.445+0700] {dag.py:3239} INFO - Sync 1 DAGs
[2024-10-21T21:41:57.467+0700] {logging_mixin.py:190} INFO - [2024-10-21T21:41:57.466+0700] {dag.py:4180} INFO - Setting next_dagrun for vehicle_trip to 2023-01-01 00:00:00+00:00, run_after=2023-01-02 00:00:00+00:00
[2024-10-21T21:41:57.486+0700] {processor.py:208} INFO - Processing /Users/punny/Documents/GitHub/NYC-Taxi-ETL-Pipeline/dags/vehicle_trip_dag.py took 0.257 seconds
[2024-10-21T21:45:37.328+0700] {processor.py:186} INFO - Started process (PID=10331) to work on /Users/punny/Documents/GitHub/NYC-Taxi-ETL-Pipeline/dags/vehicle_trip_dag.py
[2024-10-21T21:45:37.332+0700] {processor.py:914} INFO - Processing file /Users/punny/Documents/GitHub/NYC-Taxi-ETL-Pipeline/dags/vehicle_trip_dag.py for tasks to queue
[2024-10-21T21:45:37.334+0700] {logging_mixin.py:190} INFO - [2024-10-21T21:45:37.333+0700] {dagbag.py:588} INFO - Filling up the DagBag from /Users/punny/Documents/GitHub/NYC-Taxi-ETL-Pipeline/dags/vehicle_trip_dag.py
[2024-10-21T21:45:37.365+0700] {processor.py:925} INFO - DAG(s) 'vehicle_trip' retrieved from /Users/punny/Documents/GitHub/NYC-Taxi-ETL-Pipeline/dags/vehicle_trip_dag.py
[2024-10-21T21:45:37.541+0700] {logging_mixin.py:190} INFO - [2024-10-21T21:45:37.541+0700] {dag.py:3239} INFO - Sync 1 DAGs
[2024-10-21T21:45:37.565+0700] {logging_mixin.py:190} INFO - [2024-10-21T21:45:37.564+0700] {dag.py:4180} INFO - Setting next_dagrun for vehicle_trip to 2023-01-01 00:00:00+00:00, run_after=2023-01-02 00:00:00+00:00
[2024-10-21T21:45:37.585+0700] {processor.py:208} INFO - Processing /Users/punny/Documents/GitHub/NYC-Taxi-ETL-Pipeline/dags/vehicle_trip_dag.py took 0.266 seconds
[2024-10-21T21:48:35.585+0700] {processor.py:186} INFO - Started process (PID=10575) to work on /Users/punny/Documents/GitHub/NYC-Taxi-ETL-Pipeline/dags/vehicle_trip_dag.py
[2024-10-21T21:48:35.588+0700] {processor.py:914} INFO - Processing file /Users/punny/Documents/GitHub/NYC-Taxi-ETL-Pipeline/dags/vehicle_trip_dag.py for tasks to queue
[2024-10-21T21:48:35.589+0700] {logging_mixin.py:190} INFO - [2024-10-21T21:48:35.589+0700] {dagbag.py:588} INFO - Filling up the DagBag from /Users/punny/Documents/GitHub/NYC-Taxi-ETL-Pipeline/dags/vehicle_trip_dag.py
[2024-10-21T21:48:35.618+0700] {processor.py:925} INFO - DAG(s) 'vehicle_trip' retrieved from /Users/punny/Documents/GitHub/NYC-Taxi-ETL-Pipeline/dags/vehicle_trip_dag.py
[2024-10-21T21:48:35.791+0700] {logging_mixin.py:190} INFO - [2024-10-21T21:48:35.791+0700] {dag.py:3239} INFO - Sync 1 DAGs
[2024-10-21T21:48:35.813+0700] {logging_mixin.py:190} INFO - [2024-10-21T21:48:35.813+0700] {dag.py:4180} INFO - Setting next_dagrun for vehicle_trip to 2023-01-01 00:00:00+00:00, run_after=2023-01-02 00:00:00+00:00
[2024-10-21T21:48:35.832+0700] {processor.py:208} INFO - Processing /Users/punny/Documents/GitHub/NYC-Taxi-ETL-Pipeline/dags/vehicle_trip_dag.py took 0.257 seconds
[2024-10-21T21:50:06.859+0700] {processor.py:186} INFO - Started process (PID=10685) to work on /Users/punny/Documents/GitHub/NYC-Taxi-ETL-Pipeline/dags/vehicle_trip_dag.py
[2024-10-21T21:50:06.862+0700] {processor.py:914} INFO - Processing file /Users/punny/Documents/GitHub/NYC-Taxi-ETL-Pipeline/dags/vehicle_trip_dag.py for tasks to queue
[2024-10-21T21:50:06.863+0700] {logging_mixin.py:190} INFO - [2024-10-21T21:50:06.863+0700] {dagbag.py:588} INFO - Filling up the DagBag from /Users/punny/Documents/GitHub/NYC-Taxi-ETL-Pipeline/dags/vehicle_trip_dag.py
[2024-10-21T21:50:06.894+0700] {processor.py:925} INFO - DAG(s) 'vehicle_trip' retrieved from /Users/punny/Documents/GitHub/NYC-Taxi-ETL-Pipeline/dags/vehicle_trip_dag.py
[2024-10-21T21:50:07.069+0700] {logging_mixin.py:190} INFO - [2024-10-21T21:50:07.068+0700] {dag.py:3239} INFO - Sync 1 DAGs
[2024-10-21T21:50:07.090+0700] {logging_mixin.py:190} INFO - [2024-10-21T21:50:07.090+0700] {dag.py:4180} INFO - Setting next_dagrun for vehicle_trip to 2023-01-01 00:00:00+00:00, run_after=2023-01-02 00:00:00+00:00
[2024-10-21T21:50:07.110+0700] {processor.py:208} INFO - Processing /Users/punny/Documents/GitHub/NYC-Taxi-ETL-Pipeline/dags/vehicle_trip_dag.py took 0.259 seconds
[2024-10-21T21:53:30.248+0700] {processor.py:186} INFO - Started process (PID=10920) to work on /Users/punny/Documents/GitHub/NYC-Taxi-ETL-Pipeline/dags/vehicle_trip_dag.py
[2024-10-21T21:53:30.251+0700] {processor.py:914} INFO - Processing file /Users/punny/Documents/GitHub/NYC-Taxi-ETL-Pipeline/dags/vehicle_trip_dag.py for tasks to queue
[2024-10-21T21:53:30.253+0700] {logging_mixin.py:190} INFO - [2024-10-21T21:53:30.252+0700] {dagbag.py:588} INFO - Filling up the DagBag from /Users/punny/Documents/GitHub/NYC-Taxi-ETL-Pipeline/dags/vehicle_trip_dag.py
[2024-10-21T21:53:30.285+0700] {processor.py:925} INFO - DAG(s) 'vehicle_trip' retrieved from /Users/punny/Documents/GitHub/NYC-Taxi-ETL-Pipeline/dags/vehicle_trip_dag.py
[2024-10-21T21:53:30.483+0700] {logging_mixin.py:190} INFO - [2024-10-21T21:53:30.483+0700] {dag.py:3239} INFO - Sync 1 DAGs
[2024-10-21T21:53:30.507+0700] {logging_mixin.py:190} INFO - [2024-10-21T21:53:30.507+0700] {dag.py:4180} INFO - Setting next_dagrun for vehicle_trip to 2023-01-01 00:00:00+00:00, run_after=2023-01-02 00:00:00+00:00
[2024-10-21T21:53:30.543+0700] {processor.py:208} INFO - Processing /Users/punny/Documents/GitHub/NYC-Taxi-ETL-Pipeline/dags/vehicle_trip_dag.py took 0.303 seconds
[2024-10-21T21:57:43.983+0700] {processor.py:186} INFO - Started process (PID=11520) to work on /Users/punny/Documents/GitHub/NYC-Taxi-ETL-Pipeline/dags/vehicle_trip_dag.py
[2024-10-21T21:57:43.987+0700] {processor.py:914} INFO - Processing file /Users/punny/Documents/GitHub/NYC-Taxi-ETL-Pipeline/dags/vehicle_trip_dag.py for tasks to queue
[2024-10-21T21:57:43.989+0700] {logging_mixin.py:190} INFO - [2024-10-21T21:57:43.988+0700] {dagbag.py:588} INFO - Filling up the DagBag from /Users/punny/Documents/GitHub/NYC-Taxi-ETL-Pipeline/dags/vehicle_trip_dag.py
[2024-10-21T21:57:44.019+0700] {processor.py:925} INFO - DAG(s) 'vehicle_trip' retrieved from /Users/punny/Documents/GitHub/NYC-Taxi-ETL-Pipeline/dags/vehicle_trip_dag.py
[2024-10-21T21:57:44.201+0700] {logging_mixin.py:190} INFO - [2024-10-21T21:57:44.200+0700] {dag.py:3239} INFO - Sync 1 DAGs
[2024-10-21T21:57:44.224+0700] {logging_mixin.py:190} INFO - [2024-10-21T21:57:44.224+0700] {dag.py:4180} INFO - Setting next_dagrun for vehicle_trip to 2023-01-01 00:00:00+00:00, run_after=2023-01-02 00:00:00+00:00
[2024-10-21T21:57:44.245+0700] {processor.py:208} INFO - Processing /Users/punny/Documents/GitHub/NYC-Taxi-ETL-Pipeline/dags/vehicle_trip_dag.py took 0.271 seconds
[2024-10-21T22:15:28.095+0700] {processor.py:186} INFO - Started process (PID=11970) to work on /Users/punny/Documents/GitHub/NYC-Taxi-ETL-Pipeline/dags/vehicle_trip_dag.py
[2024-10-21T22:15:28.097+0700] {processor.py:914} INFO - Processing file /Users/punny/Documents/GitHub/NYC-Taxi-ETL-Pipeline/dags/vehicle_trip_dag.py for tasks to queue
[2024-10-21T22:15:28.098+0700] {logging_mixin.py:190} INFO - [2024-10-21T22:15:28.098+0700] {dagbag.py:588} INFO - Filling up the DagBag from /Users/punny/Documents/GitHub/NYC-Taxi-ETL-Pipeline/dags/vehicle_trip_dag.py
[2024-10-21T22:15:28.129+0700] {processor.py:925} INFO - DAG(s) 'vehicle_trip' retrieved from /Users/punny/Documents/GitHub/NYC-Taxi-ETL-Pipeline/dags/vehicle_trip_dag.py
[2024-10-21T22:15:28.315+0700] {logging_mixin.py:190} INFO - [2024-10-21T22:15:28.315+0700] {dag.py:3239} INFO - Sync 1 DAGs
[2024-10-21T22:15:28.340+0700] {logging_mixin.py:190} INFO - [2024-10-21T22:15:28.340+0700] {dag.py:4180} INFO - Setting next_dagrun for vehicle_trip to 2023-01-01 00:00:00+00:00, run_after=2023-01-02 00:00:00+00:00
[2024-10-21T22:15:28.368+0700] {processor.py:208} INFO - Processing /Users/punny/Documents/GitHub/NYC-Taxi-ETL-Pipeline/dags/vehicle_trip_dag.py took 0.282 seconds
[2024-10-21T22:18:24.816+0700] {processor.py:186} INFO - Started process (PID=12194) to work on /Users/punny/Documents/GitHub/NYC-Taxi-ETL-Pipeline/dags/vehicle_trip_dag.py
[2024-10-21T22:18:24.820+0700] {processor.py:914} INFO - Processing file /Users/punny/Documents/GitHub/NYC-Taxi-ETL-Pipeline/dags/vehicle_trip_dag.py for tasks to queue
[2024-10-21T22:18:24.821+0700] {logging_mixin.py:190} INFO - [2024-10-21T22:18:24.821+0700] {dagbag.py:588} INFO - Filling up the DagBag from /Users/punny/Documents/GitHub/NYC-Taxi-ETL-Pipeline/dags/vehicle_trip_dag.py
[2024-10-21T22:18:24.854+0700] {processor.py:925} INFO - DAG(s) 'vehicle_trip' retrieved from /Users/punny/Documents/GitHub/NYC-Taxi-ETL-Pipeline/dags/vehicle_trip_dag.py
[2024-10-21T22:18:25.040+0700] {logging_mixin.py:190} INFO - [2024-10-21T22:18:25.039+0700] {dag.py:3239} INFO - Sync 1 DAGs
[2024-10-21T22:18:25.063+0700] {logging_mixin.py:190} INFO - [2024-10-21T22:18:25.063+0700] {dag.py:4180} INFO - Setting next_dagrun for vehicle_trip to 2023-01-01 00:00:00+00:00, run_after=2023-01-02 00:00:00+00:00
[2024-10-21T22:18:25.084+0700] {processor.py:208} INFO - Processing /Users/punny/Documents/GitHub/NYC-Taxi-ETL-Pipeline/dags/vehicle_trip_dag.py took 0.274 seconds
[2024-10-21T22:22:41.739+0700] {processor.py:186} INFO - Started process (PID=12862) to work on /Users/punny/Documents/GitHub/NYC-Taxi-ETL-Pipeline/dags/vehicle_trip_dag.py
[2024-10-21T22:22:41.744+0700] {processor.py:914} INFO - Processing file /Users/punny/Documents/GitHub/NYC-Taxi-ETL-Pipeline/dags/vehicle_trip_dag.py for tasks to queue
[2024-10-21T22:22:41.746+0700] {logging_mixin.py:190} INFO - [2024-10-21T22:22:41.746+0700] {dagbag.py:588} INFO - Filling up the DagBag from /Users/punny/Documents/GitHub/NYC-Taxi-ETL-Pipeline/dags/vehicle_trip_dag.py
[2024-10-21T22:22:41.781+0700] {processor.py:925} INFO - DAG(s) 'vehicle_trip' retrieved from /Users/punny/Documents/GitHub/NYC-Taxi-ETL-Pipeline/dags/vehicle_trip_dag.py
[2024-10-21T22:22:41.975+0700] {logging_mixin.py:190} INFO - [2024-10-21T22:22:41.975+0700] {dag.py:3239} INFO - Sync 1 DAGs
[2024-10-21T22:22:41.998+0700] {logging_mixin.py:190} INFO - [2024-10-21T22:22:41.998+0700] {dag.py:4180} INFO - Setting next_dagrun for vehicle_trip to 2023-01-01 00:00:00+00:00, run_after=2023-01-02 00:00:00+00:00
[2024-10-21T22:22:42.018+0700] {processor.py:208} INFO - Processing /Users/punny/Documents/GitHub/NYC-Taxi-ETL-Pipeline/dags/vehicle_trip_dag.py took 0.287 seconds
[2024-10-21T22:27:24.534+0700] {processor.py:186} INFO - Started process (PID=13429) to work on /Users/punny/Documents/GitHub/NYC-Taxi-ETL-Pipeline/dags/vehicle_trip_dag.py
[2024-10-21T22:27:24.536+0700] {processor.py:914} INFO - Processing file /Users/punny/Documents/GitHub/NYC-Taxi-ETL-Pipeline/dags/vehicle_trip_dag.py for tasks to queue
[2024-10-21T22:27:24.537+0700] {logging_mixin.py:190} INFO - [2024-10-21T22:27:24.537+0700] {dagbag.py:588} INFO - Filling up the DagBag from /Users/punny/Documents/GitHub/NYC-Taxi-ETL-Pipeline/dags/vehicle_trip_dag.py
[2024-10-21T22:27:24.569+0700] {processor.py:925} INFO - DAG(s) 'vehicle_trip' retrieved from /Users/punny/Documents/GitHub/NYC-Taxi-ETL-Pipeline/dags/vehicle_trip_dag.py
[2024-10-21T22:27:24.749+0700] {logging_mixin.py:190} INFO - [2024-10-21T22:27:24.748+0700] {dag.py:3239} INFO - Sync 1 DAGs
[2024-10-21T22:27:24.772+0700] {logging_mixin.py:190} INFO - [2024-10-21T22:27:24.772+0700] {dag.py:4180} INFO - Setting next_dagrun for vehicle_trip to 2023-01-01 00:00:00+00:00, run_after=2023-01-02 00:00:00+00:00
[2024-10-21T22:27:24.793+0700] {processor.py:208} INFO - Processing /Users/punny/Documents/GitHub/NYC-Taxi-ETL-Pipeline/dags/vehicle_trip_dag.py took 0.267 seconds
[2024-10-21T22:30:22.121+0700] {processor.py:186} INFO - Started process (PID=13653) to work on /Users/punny/Documents/GitHub/NYC-Taxi-ETL-Pipeline/dags/vehicle_trip_dag.py
[2024-10-21T22:30:22.124+0700] {processor.py:914} INFO - Processing file /Users/punny/Documents/GitHub/NYC-Taxi-ETL-Pipeline/dags/vehicle_trip_dag.py for tasks to queue
[2024-10-21T22:30:22.126+0700] {logging_mixin.py:190} INFO - [2024-10-21T22:30:22.125+0700] {dagbag.py:588} INFO - Filling up the DagBag from /Users/punny/Documents/GitHub/NYC-Taxi-ETL-Pipeline/dags/vehicle_trip_dag.py
[2024-10-21T22:30:22.155+0700] {processor.py:925} INFO - DAG(s) 'vehicle_trip' retrieved from /Users/punny/Documents/GitHub/NYC-Taxi-ETL-Pipeline/dags/vehicle_trip_dag.py
[2024-10-21T22:30:22.336+0700] {logging_mixin.py:190} INFO - [2024-10-21T22:30:22.335+0700] {dag.py:3239} INFO - Sync 1 DAGs
[2024-10-21T22:30:22.359+0700] {logging_mixin.py:190} INFO - [2024-10-21T22:30:22.358+0700] {dag.py:4180} INFO - Setting next_dagrun for vehicle_trip to 2023-01-01 00:00:00+00:00, run_after=2023-01-02 00:00:00+00:00
[2024-10-21T22:30:22.379+0700] {processor.py:208} INFO - Processing /Users/punny/Documents/GitHub/NYC-Taxi-ETL-Pipeline/dags/vehicle_trip_dag.py took 0.267 seconds
[2024-10-21T22:33:15.354+0700] {processor.py:186} INFO - Started process (PID=13812) to work on /Users/punny/Documents/GitHub/NYC-Taxi-ETL-Pipeline/dags/vehicle_trip_dag.py
[2024-10-21T22:33:15.359+0700] {processor.py:914} INFO - Processing file /Users/punny/Documents/GitHub/NYC-Taxi-ETL-Pipeline/dags/vehicle_trip_dag.py for tasks to queue
[2024-10-21T22:33:15.361+0700] {logging_mixin.py:190} INFO - [2024-10-21T22:33:15.361+0700] {dagbag.py:588} INFO - Filling up the DagBag from /Users/punny/Documents/GitHub/NYC-Taxi-ETL-Pipeline/dags/vehicle_trip_dag.py
[2024-10-21T22:33:15.425+0700] {processor.py:925} INFO - DAG(s) 'vehicle_trip' retrieved from /Users/punny/Documents/GitHub/NYC-Taxi-ETL-Pipeline/dags/vehicle_trip_dag.py
[2024-10-21T22:33:15.734+0700] {logging_mixin.py:190} INFO - [2024-10-21T22:33:15.733+0700] {dag.py:3239} INFO - Sync 1 DAGs
[2024-10-21T22:33:15.767+0700] {logging_mixin.py:190} INFO - [2024-10-21T22:33:15.767+0700] {dag.py:4180} INFO - Setting next_dagrun for vehicle_trip to 2023-01-01 00:00:00+00:00, run_after=2023-01-02 00:00:00+00:00
[2024-10-21T22:33:15.799+0700] {processor.py:208} INFO - Processing /Users/punny/Documents/GitHub/NYC-Taxi-ETL-Pipeline/dags/vehicle_trip_dag.py took 0.454 seconds
