[2024-10-20T20:41:39.062+0700] {processor.py:186} INFO - Started process (PID=22445) to work on /Users/punny/Documents/GitHub/NYC-Taxi-ETL-Pipeline/.venv/lib/python3.10/site-packages/airflow/example_dags/plugins/listener_plugin.py
[2024-10-20T20:41:39.065+0700] {processor.py:914} INFO - Processing file /Users/punny/Documents/GitHub/NYC-Taxi-ETL-Pipeline/.venv/lib/python3.10/site-packages/airflow/example_dags/plugins/listener_plugin.py for tasks to queue
[2024-10-20T20:41:39.066+0700] {logging_mixin.py:190} INFO - [2024-10-20T20:41:39.066+0700] {dagbag.py:588} INFO - Filling up the DagBag from /Users/punny/Documents/GitHub/NYC-Taxi-ETL-Pipeline/.venv/lib/python3.10/site-packages/airflow/example_dags/plugins/listener_plugin.py
[2024-10-20T20:41:39.069+0700] {processor.py:927} WARNING - No viable dags retrieved from /Users/punny/Documents/GitHub/NYC-Taxi-ETL-Pipeline/.venv/lib/python3.10/site-packages/airflow/example_dags/plugins/listener_plugin.py
[2024-10-20T20:41:39.249+0700] {processor.py:208} INFO - Processing /Users/punny/Documents/GitHub/NYC-Taxi-ETL-Pipeline/.venv/lib/python3.10/site-packages/airflow/example_dags/plugins/listener_plugin.py took 0.197 seconds
[2024-10-20T20:46:12.690+0700] {processor.py:186} INFO - Started process (PID=23228) to work on /Users/punny/Documents/GitHub/NYC-Taxi-ETL-Pipeline/.venv/lib/python3.10/site-packages/airflow/example_dags/plugins/listener_plugin.py
[2024-10-20T20:46:12.693+0700] {processor.py:914} INFO - Processing file /Users/punny/Documents/GitHub/NYC-Taxi-ETL-Pipeline/.venv/lib/python3.10/site-packages/airflow/example_dags/plugins/listener_plugin.py for tasks to queue
[2024-10-20T20:46:12.694+0700] {logging_mixin.py:190} INFO - [2024-10-20T20:46:12.694+0700] {dagbag.py:588} INFO - Filling up the DagBag from /Users/punny/Documents/GitHub/NYC-Taxi-ETL-Pipeline/.venv/lib/python3.10/site-packages/airflow/example_dags/plugins/listener_plugin.py
[2024-10-20T20:46:12.699+0700] {processor.py:927} WARNING - No viable dags retrieved from /Users/punny/Documents/GitHub/NYC-Taxi-ETL-Pipeline/.venv/lib/python3.10/site-packages/airflow/example_dags/plugins/listener_plugin.py
[2024-10-20T20:46:12.878+0700] {processor.py:208} INFO - Processing /Users/punny/Documents/GitHub/NYC-Taxi-ETL-Pipeline/.venv/lib/python3.10/site-packages/airflow/example_dags/plugins/listener_plugin.py took 0.196 seconds
[2024-10-20T20:49:29.033+0700] {processor.py:186} INFO - Started process (PID=23704) to work on /Users/punny/Documents/GitHub/NYC-Taxi-ETL-Pipeline/.venv/lib/python3.10/site-packages/airflow/example_dags/plugins/listener_plugin.py
[2024-10-20T20:49:29.036+0700] {processor.py:914} INFO - Processing file /Users/punny/Documents/GitHub/NYC-Taxi-ETL-Pipeline/.venv/lib/python3.10/site-packages/airflow/example_dags/plugins/listener_plugin.py for tasks to queue
[2024-10-20T20:49:29.038+0700] {logging_mixin.py:190} INFO - [2024-10-20T20:49:29.037+0700] {dagbag.py:588} INFO - Filling up the DagBag from /Users/punny/Documents/GitHub/NYC-Taxi-ETL-Pipeline/.venv/lib/python3.10/site-packages/airflow/example_dags/plugins/listener_plugin.py
[2024-10-20T20:49:29.042+0700] {processor.py:927} WARNING - No viable dags retrieved from /Users/punny/Documents/GitHub/NYC-Taxi-ETL-Pipeline/.venv/lib/python3.10/site-packages/airflow/example_dags/plugins/listener_plugin.py
[2024-10-20T20:49:29.243+0700] {processor.py:208} INFO - Processing /Users/punny/Documents/GitHub/NYC-Taxi-ETL-Pipeline/.venv/lib/python3.10/site-packages/airflow/example_dags/plugins/listener_plugin.py took 0.218 seconds
[2024-10-20T20:52:43.524+0700] {processor.py:186} INFO - Started process (PID=24141) to work on /Users/punny/Documents/GitHub/NYC-Taxi-ETL-Pipeline/.venv/lib/python3.10/site-packages/airflow/example_dags/plugins/listener_plugin.py
[2024-10-20T20:52:43.527+0700] {processor.py:914} INFO - Processing file /Users/punny/Documents/GitHub/NYC-Taxi-ETL-Pipeline/.venv/lib/python3.10/site-packages/airflow/example_dags/plugins/listener_plugin.py for tasks to queue
[2024-10-20T20:52:43.528+0700] {logging_mixin.py:190} INFO - [2024-10-20T20:52:43.528+0700] {dagbag.py:588} INFO - Filling up the DagBag from /Users/punny/Documents/GitHub/NYC-Taxi-ETL-Pipeline/.venv/lib/python3.10/site-packages/airflow/example_dags/plugins/listener_plugin.py
[2024-10-20T20:52:43.531+0700] {processor.py:927} WARNING - No viable dags retrieved from /Users/punny/Documents/GitHub/NYC-Taxi-ETL-Pipeline/.venv/lib/python3.10/site-packages/airflow/example_dags/plugins/listener_plugin.py
[2024-10-20T20:52:43.716+0700] {processor.py:208} INFO - Processing /Users/punny/Documents/GitHub/NYC-Taxi-ETL-Pipeline/.venv/lib/python3.10/site-packages/airflow/example_dags/plugins/listener_plugin.py took 0.198 seconds
[2024-10-20T20:56:08.477+0700] {processor.py:186} INFO - Started process (PID=24665) to work on /Users/punny/Documents/GitHub/NYC-Taxi-ETL-Pipeline/.venv/lib/python3.10/site-packages/airflow/example_dags/plugins/listener_plugin.py
[2024-10-20T20:56:08.481+0700] {processor.py:914} INFO - Processing file /Users/punny/Documents/GitHub/NYC-Taxi-ETL-Pipeline/.venv/lib/python3.10/site-packages/airflow/example_dags/plugins/listener_plugin.py for tasks to queue
[2024-10-20T20:56:08.482+0700] {logging_mixin.py:190} INFO - [2024-10-20T20:56:08.482+0700] {dagbag.py:588} INFO - Filling up the DagBag from /Users/punny/Documents/GitHub/NYC-Taxi-ETL-Pipeline/.venv/lib/python3.10/site-packages/airflow/example_dags/plugins/listener_plugin.py
[2024-10-20T20:56:08.485+0700] {processor.py:927} WARNING - No viable dags retrieved from /Users/punny/Documents/GitHub/NYC-Taxi-ETL-Pipeline/.venv/lib/python3.10/site-packages/airflow/example_dags/plugins/listener_plugin.py
[2024-10-20T20:56:08.671+0700] {processor.py:208} INFO - Processing /Users/punny/Documents/GitHub/NYC-Taxi-ETL-Pipeline/.venv/lib/python3.10/site-packages/airflow/example_dags/plugins/listener_plugin.py took 0.203 seconds
[2024-10-20T20:59:35.039+0700] {processor.py:186} INFO - Started process (PID=25231) to work on /Users/punny/Documents/GitHub/NYC-Taxi-ETL-Pipeline/.venv/lib/python3.10/site-packages/airflow/example_dags/plugins/listener_plugin.py
[2024-10-20T20:59:35.043+0700] {processor.py:914} INFO - Processing file /Users/punny/Documents/GitHub/NYC-Taxi-ETL-Pipeline/.venv/lib/python3.10/site-packages/airflow/example_dags/plugins/listener_plugin.py for tasks to queue
[2024-10-20T20:59:35.044+0700] {logging_mixin.py:190} INFO - [2024-10-20T20:59:35.044+0700] {dagbag.py:588} INFO - Filling up the DagBag from /Users/punny/Documents/GitHub/NYC-Taxi-ETL-Pipeline/.venv/lib/python3.10/site-packages/airflow/example_dags/plugins/listener_plugin.py
[2024-10-20T20:59:35.049+0700] {processor.py:927} WARNING - No viable dags retrieved from /Users/punny/Documents/GitHub/NYC-Taxi-ETL-Pipeline/.venv/lib/python3.10/site-packages/airflow/example_dags/plugins/listener_plugin.py
[2024-10-20T20:59:35.261+0700] {processor.py:208} INFO - Processing /Users/punny/Documents/GitHub/NYC-Taxi-ETL-Pipeline/.venv/lib/python3.10/site-packages/airflow/example_dags/plugins/listener_plugin.py took 0.230 seconds
[2024-10-20T21:03:06.945+0700] {processor.py:186} INFO - Started process (PID=25752) to work on /Users/punny/Documents/GitHub/NYC-Taxi-ETL-Pipeline/.venv/lib/python3.10/site-packages/airflow/example_dags/plugins/listener_plugin.py
[2024-10-20T21:03:06.948+0700] {processor.py:914} INFO - Processing file /Users/punny/Documents/GitHub/NYC-Taxi-ETL-Pipeline/.venv/lib/python3.10/site-packages/airflow/example_dags/plugins/listener_plugin.py for tasks to queue
[2024-10-20T21:03:06.949+0700] {logging_mixin.py:190} INFO - [2024-10-20T21:03:06.949+0700] {dagbag.py:588} INFO - Filling up the DagBag from /Users/punny/Documents/GitHub/NYC-Taxi-ETL-Pipeline/.venv/lib/python3.10/site-packages/airflow/example_dags/plugins/listener_plugin.py
[2024-10-20T21:03:06.954+0700] {processor.py:927} WARNING - No viable dags retrieved from /Users/punny/Documents/GitHub/NYC-Taxi-ETL-Pipeline/.venv/lib/python3.10/site-packages/airflow/example_dags/plugins/listener_plugin.py
[2024-10-20T21:03:07.155+0700] {processor.py:208} INFO - Processing /Users/punny/Documents/GitHub/NYC-Taxi-ETL-Pipeline/.venv/lib/python3.10/site-packages/airflow/example_dags/plugins/listener_plugin.py took 0.219 seconds
[2024-10-20T21:07:01.232+0700] {processor.py:186} INFO - Started process (PID=26359) to work on /Users/punny/Documents/GitHub/NYC-Taxi-ETL-Pipeline/.venv/lib/python3.10/site-packages/airflow/example_dags/plugins/listener_plugin.py
[2024-10-20T21:07:01.235+0700] {processor.py:914} INFO - Processing file /Users/punny/Documents/GitHub/NYC-Taxi-ETL-Pipeline/.venv/lib/python3.10/site-packages/airflow/example_dags/plugins/listener_plugin.py for tasks to queue
[2024-10-20T21:07:01.236+0700] {logging_mixin.py:190} INFO - [2024-10-20T21:07:01.236+0700] {dagbag.py:588} INFO - Filling up the DagBag from /Users/punny/Documents/GitHub/NYC-Taxi-ETL-Pipeline/.venv/lib/python3.10/site-packages/airflow/example_dags/plugins/listener_plugin.py
[2024-10-20T21:07:01.240+0700] {processor.py:927} WARNING - No viable dags retrieved from /Users/punny/Documents/GitHub/NYC-Taxi-ETL-Pipeline/.venv/lib/python3.10/site-packages/airflow/example_dags/plugins/listener_plugin.py
[2024-10-20T21:07:01.417+0700] {processor.py:208} INFO - Processing /Users/punny/Documents/GitHub/NYC-Taxi-ETL-Pipeline/.venv/lib/python3.10/site-packages/airflow/example_dags/plugins/listener_plugin.py took 0.195 seconds
[2024-10-20T21:09:59.023+0700] {processor.py:186} INFO - Started process (PID=26716) to work on /Users/punny/Documents/GitHub/NYC-Taxi-ETL-Pipeline/.venv/lib/python3.10/site-packages/airflow/example_dags/plugins/listener_plugin.py
[2024-10-20T21:09:59.027+0700] {processor.py:914} INFO - Processing file /Users/punny/Documents/GitHub/NYC-Taxi-ETL-Pipeline/.venv/lib/python3.10/site-packages/airflow/example_dags/plugins/listener_plugin.py for tasks to queue
[2024-10-20T21:09:59.028+0700] {logging_mixin.py:190} INFO - [2024-10-20T21:09:59.028+0700] {dagbag.py:588} INFO - Filling up the DagBag from /Users/punny/Documents/GitHub/NYC-Taxi-ETL-Pipeline/.venv/lib/python3.10/site-packages/airflow/example_dags/plugins/listener_plugin.py
[2024-10-20T21:09:59.032+0700] {processor.py:927} WARNING - No viable dags retrieved from /Users/punny/Documents/GitHub/NYC-Taxi-ETL-Pipeline/.venv/lib/python3.10/site-packages/airflow/example_dags/plugins/listener_plugin.py
[2024-10-20T21:09:59.226+0700] {processor.py:208} INFO - Processing /Users/punny/Documents/GitHub/NYC-Taxi-ETL-Pipeline/.venv/lib/python3.10/site-packages/airflow/example_dags/plugins/listener_plugin.py took 0.212 seconds
[2024-10-20T21:28:09.522+0700] {processor.py:186} INFO - Started process (PID=27236) to work on /Users/punny/Documents/GitHub/NYC-Taxi-ETL-Pipeline/.venv/lib/python3.10/site-packages/airflow/example_dags/plugins/listener_plugin.py
[2024-10-20T21:28:09.525+0700] {processor.py:914} INFO - Processing file /Users/punny/Documents/GitHub/NYC-Taxi-ETL-Pipeline/.venv/lib/python3.10/site-packages/airflow/example_dags/plugins/listener_plugin.py for tasks to queue
[2024-10-20T21:28:09.526+0700] {logging_mixin.py:190} INFO - [2024-10-20T21:28:09.525+0700] {dagbag.py:588} INFO - Filling up the DagBag from /Users/punny/Documents/GitHub/NYC-Taxi-ETL-Pipeline/.venv/lib/python3.10/site-packages/airflow/example_dags/plugins/listener_plugin.py
[2024-10-20T21:28:09.530+0700] {processor.py:927} WARNING - No viable dags retrieved from /Users/punny/Documents/GitHub/NYC-Taxi-ETL-Pipeline/.venv/lib/python3.10/site-packages/airflow/example_dags/plugins/listener_plugin.py
[2024-10-20T21:28:09.712+0700] {processor.py:208} INFO - Processing /Users/punny/Documents/GitHub/NYC-Taxi-ETL-Pipeline/.venv/lib/python3.10/site-packages/airflow/example_dags/plugins/listener_plugin.py took 0.199 seconds
[2024-10-20T21:31:41.787+0700] {processor.py:186} INFO - Started process (PID=27873) to work on /Users/punny/Documents/GitHub/NYC-Taxi-ETL-Pipeline/.venv/lib/python3.10/site-packages/airflow/example_dags/plugins/listener_plugin.py
[2024-10-20T21:31:41.792+0700] {processor.py:914} INFO - Processing file /Users/punny/Documents/GitHub/NYC-Taxi-ETL-Pipeline/.venv/lib/python3.10/site-packages/airflow/example_dags/plugins/listener_plugin.py for tasks to queue
[2024-10-20T21:31:41.794+0700] {logging_mixin.py:190} INFO - [2024-10-20T21:31:41.793+0700] {dagbag.py:588} INFO - Filling up the DagBag from /Users/punny/Documents/GitHub/NYC-Taxi-ETL-Pipeline/.venv/lib/python3.10/site-packages/airflow/example_dags/plugins/listener_plugin.py
[2024-10-20T21:31:41.811+0700] {processor.py:927} WARNING - No viable dags retrieved from /Users/punny/Documents/GitHub/NYC-Taxi-ETL-Pipeline/.venv/lib/python3.10/site-packages/airflow/example_dags/plugins/listener_plugin.py
[2024-10-20T21:31:42.320+0700] {processor.py:208} INFO - Processing /Users/punny/Documents/GitHub/NYC-Taxi-ETL-Pipeline/.venv/lib/python3.10/site-packages/airflow/example_dags/plugins/listener_plugin.py took 0.549 seconds
[2024-10-20T21:55:28.639+0700] {processor.py:186} INFO - Started process (PID=31048) to work on /Users/punny/Documents/GitHub/NYC-Taxi-ETL-Pipeline/.venv/lib/python3.10/site-packages/airflow/example_dags/plugins/listener_plugin.py
[2024-10-20T21:55:28.642+0700] {processor.py:914} INFO - Processing file /Users/punny/Documents/GitHub/NYC-Taxi-ETL-Pipeline/.venv/lib/python3.10/site-packages/airflow/example_dags/plugins/listener_plugin.py for tasks to queue
[2024-10-20T21:55:28.643+0700] {logging_mixin.py:190} INFO - [2024-10-20T21:55:28.642+0700] {dagbag.py:588} INFO - Filling up the DagBag from /Users/punny/Documents/GitHub/NYC-Taxi-ETL-Pipeline/.venv/lib/python3.10/site-packages/airflow/example_dags/plugins/listener_plugin.py
[2024-10-20T21:55:28.645+0700] {processor.py:927} WARNING - No viable dags retrieved from /Users/punny/Documents/GitHub/NYC-Taxi-ETL-Pipeline/.venv/lib/python3.10/site-packages/airflow/example_dags/plugins/listener_plugin.py
[2024-10-20T21:55:28.837+0700] {processor.py:208} INFO - Processing /Users/punny/Documents/GitHub/NYC-Taxi-ETL-Pipeline/.venv/lib/python3.10/site-packages/airflow/example_dags/plugins/listener_plugin.py took 0.205 seconds
[2024-10-20T21:59:30.500+0700] {processor.py:186} INFO - Started process (PID=31664) to work on /Users/punny/Documents/GitHub/NYC-Taxi-ETL-Pipeline/.venv/lib/python3.10/site-packages/airflow/example_dags/plugins/listener_plugin.py
[2024-10-20T21:59:30.503+0700] {processor.py:914} INFO - Processing file /Users/punny/Documents/GitHub/NYC-Taxi-ETL-Pipeline/.venv/lib/python3.10/site-packages/airflow/example_dags/plugins/listener_plugin.py for tasks to queue
[2024-10-20T21:59:30.504+0700] {logging_mixin.py:190} INFO - [2024-10-20T21:59:30.504+0700] {dagbag.py:588} INFO - Filling up the DagBag from /Users/punny/Documents/GitHub/NYC-Taxi-ETL-Pipeline/.venv/lib/python3.10/site-packages/airflow/example_dags/plugins/listener_plugin.py
[2024-10-20T21:59:30.509+0700] {processor.py:927} WARNING - No viable dags retrieved from /Users/punny/Documents/GitHub/NYC-Taxi-ETL-Pipeline/.venv/lib/python3.10/site-packages/airflow/example_dags/plugins/listener_plugin.py
[2024-10-20T21:59:30.688+0700] {processor.py:208} INFO - Processing /Users/punny/Documents/GitHub/NYC-Taxi-ETL-Pipeline/.venv/lib/python3.10/site-packages/airflow/example_dags/plugins/listener_plugin.py took 0.196 seconds
[2024-10-21T00:01:14.127+0700] {processor.py:186} INFO - Started process (PID=32375) to work on /Users/punny/Documents/GitHub/NYC-Taxi-ETL-Pipeline/.venv/lib/python3.10/site-packages/airflow/example_dags/plugins/listener_plugin.py
[2024-10-21T00:01:14.131+0700] {processor.py:914} INFO - Processing file /Users/punny/Documents/GitHub/NYC-Taxi-ETL-Pipeline/.venv/lib/python3.10/site-packages/airflow/example_dags/plugins/listener_plugin.py for tasks to queue
[2024-10-21T00:01:14.132+0700] {logging_mixin.py:190} INFO - [2024-10-21T00:01:14.132+0700] {dagbag.py:588} INFO - Filling up the DagBag from /Users/punny/Documents/GitHub/NYC-Taxi-ETL-Pipeline/.venv/lib/python3.10/site-packages/airflow/example_dags/plugins/listener_plugin.py
[2024-10-21T00:01:14.138+0700] {processor.py:927} WARNING - No viable dags retrieved from /Users/punny/Documents/GitHub/NYC-Taxi-ETL-Pipeline/.venv/lib/python3.10/site-packages/airflow/example_dags/plugins/listener_plugin.py
[2024-10-21T00:01:14.388+0700] {processor.py:208} INFO - Processing /Users/punny/Documents/GitHub/NYC-Taxi-ETL-Pipeline/.venv/lib/python3.10/site-packages/airflow/example_dags/plugins/listener_plugin.py took 0.272 seconds
[2024-10-21T02:18:36.262+0700] {processor.py:186} INFO - Started process (PID=33072) to work on /Users/punny/Documents/GitHub/NYC-Taxi-ETL-Pipeline/.venv/lib/python3.10/site-packages/airflow/example_dags/plugins/listener_plugin.py
[2024-10-21T02:18:36.264+0700] {processor.py:914} INFO - Processing file /Users/punny/Documents/GitHub/NYC-Taxi-ETL-Pipeline/.venv/lib/python3.10/site-packages/airflow/example_dags/plugins/listener_plugin.py for tasks to queue
[2024-10-21T02:18:36.265+0700] {logging_mixin.py:190} INFO - [2024-10-21T02:18:36.265+0700] {dagbag.py:588} INFO - Filling up the DagBag from /Users/punny/Documents/GitHub/NYC-Taxi-ETL-Pipeline/.venv/lib/python3.10/site-packages/airflow/example_dags/plugins/listener_plugin.py
[2024-10-21T02:18:36.268+0700] {processor.py:927} WARNING - No viable dags retrieved from /Users/punny/Documents/GitHub/NYC-Taxi-ETL-Pipeline/.venv/lib/python3.10/site-packages/airflow/example_dags/plugins/listener_plugin.py
[2024-10-21T02:18:36.440+0700] {processor.py:208} INFO - Processing /Users/punny/Documents/GitHub/NYC-Taxi-ETL-Pipeline/.venv/lib/python3.10/site-packages/airflow/example_dags/plugins/listener_plugin.py took 0.186 seconds
[2024-10-21T04:20:53.888+0700] {processor.py:186} INFO - Started process (PID=33683) to work on /Users/punny/Documents/GitHub/NYC-Taxi-ETL-Pipeline/.venv/lib/python3.10/site-packages/airflow/example_dags/plugins/listener_plugin.py
[2024-10-21T04:20:53.891+0700] {processor.py:914} INFO - Processing file /Users/punny/Documents/GitHub/NYC-Taxi-ETL-Pipeline/.venv/lib/python3.10/site-packages/airflow/example_dags/plugins/listener_plugin.py for tasks to queue
[2024-10-21T04:20:53.892+0700] {logging_mixin.py:190} INFO - [2024-10-21T04:20:53.892+0700] {dagbag.py:588} INFO - Filling up the DagBag from /Users/punny/Documents/GitHub/NYC-Taxi-ETL-Pipeline/.venv/lib/python3.10/site-packages/airflow/example_dags/plugins/listener_plugin.py
[2024-10-21T04:20:53.895+0700] {processor.py:927} WARNING - No viable dags retrieved from /Users/punny/Documents/GitHub/NYC-Taxi-ETL-Pipeline/.venv/lib/python3.10/site-packages/airflow/example_dags/plugins/listener_plugin.py
[2024-10-21T04:20:54.067+0700] {processor.py:208} INFO - Processing /Users/punny/Documents/GitHub/NYC-Taxi-ETL-Pipeline/.venv/lib/python3.10/site-packages/airflow/example_dags/plugins/listener_plugin.py took 0.188 seconds
