[2024-10-20T20:41:35.120+0700] {processor.py:186} INFO - Started process (PID=22436) to work on /Users/punny/Documents/GitHub/NYC-Taxi-ETL-Pipeline/.venv/lib/python3.10/site-packages/airflow/example_dags/plugins/workday.py
[2024-10-20T20:41:35.124+0700] {processor.py:914} INFO - Processing file /Users/punny/Documents/GitHub/NYC-Taxi-ETL-Pipeline/.venv/lib/python3.10/site-packages/airflow/example_dags/plugins/workday.py for tasks to queue
[2024-10-20T20:41:35.126+0700] {logging_mixin.py:190} INFO - [2024-10-20T20:41:35.126+0700] {dagbag.py:588} INFO - Filling up the DagBag from /Users/punny/Documents/GitHub/NYC-Taxi-ETL-Pipeline/.venv/lib/python3.10/site-packages/airflow/example_dags/plugins/workday.py
[2024-10-20T20:41:35.750+0700] {processor.py:927} WARNING - No viable dags retrieved from /Users/punny/Documents/GitHub/NYC-Taxi-ETL-Pipeline/.venv/lib/python3.10/site-packages/airflow/example_dags/plugins/workday.py
[2024-10-20T20:41:35.888+0700] {processor.py:208} INFO - Processing /Users/punny/Documents/GitHub/NYC-Taxi-ETL-Pipeline/.venv/lib/python3.10/site-packages/airflow/example_dags/plugins/workday.py took 0.778 seconds
[2024-10-20T20:46:07.987+0700] {processor.py:186} INFO - Started process (PID=23216) to work on /Users/punny/Documents/GitHub/NYC-Taxi-ETL-Pipeline/.venv/lib/python3.10/site-packages/airflow/example_dags/plugins/workday.py
[2024-10-20T20:46:08.012+0700] {processor.py:914} INFO - Processing file /Users/punny/Documents/GitHub/NYC-Taxi-ETL-Pipeline/.venv/lib/python3.10/site-packages/airflow/example_dags/plugins/workday.py for tasks to queue
[2024-10-20T20:46:08.042+0700] {logging_mixin.py:190} INFO - [2024-10-20T20:46:08.018+0700] {dagbag.py:588} INFO - Filling up the DagBag from /Users/punny/Documents/GitHub/NYC-Taxi-ETL-Pipeline/.venv/lib/python3.10/site-packages/airflow/example_dags/plugins/workday.py
[2024-10-20T20:46:09.206+0700] {processor.py:927} WARNING - No viable dags retrieved from /Users/punny/Documents/GitHub/NYC-Taxi-ETL-Pipeline/.venv/lib/python3.10/site-packages/airflow/example_dags/plugins/workday.py
[2024-10-20T20:46:09.344+0700] {processor.py:208} INFO - Processing /Users/punny/Documents/GitHub/NYC-Taxi-ETL-Pipeline/.venv/lib/python3.10/site-packages/airflow/example_dags/plugins/workday.py took 1.382 seconds
[2024-10-20T20:49:24.023+0700] {processor.py:186} INFO - Started process (PID=23695) to work on /Users/punny/Documents/GitHub/NYC-Taxi-ETL-Pipeline/.venv/lib/python3.10/site-packages/airflow/example_dags/plugins/workday.py
[2024-10-20T20:49:24.027+0700] {processor.py:914} INFO - Processing file /Users/punny/Documents/GitHub/NYC-Taxi-ETL-Pipeline/.venv/lib/python3.10/site-packages/airflow/example_dags/plugins/workday.py for tasks to queue
[2024-10-20T20:49:24.028+0700] {logging_mixin.py:190} INFO - [2024-10-20T20:49:24.028+0700] {dagbag.py:588} INFO - Filling up the DagBag from /Users/punny/Documents/GitHub/NYC-Taxi-ETL-Pipeline/.venv/lib/python3.10/site-packages/airflow/example_dags/plugins/workday.py
[2024-10-20T20:49:24.812+0700] {processor.py:927} WARNING - No viable dags retrieved from /Users/punny/Documents/GitHub/NYC-Taxi-ETL-Pipeline/.venv/lib/python3.10/site-packages/airflow/example_dags/plugins/workday.py
[2024-10-20T20:49:25.014+0700] {processor.py:208} INFO - Processing /Users/punny/Documents/GitHub/NYC-Taxi-ETL-Pipeline/.venv/lib/python3.10/site-packages/airflow/example_dags/plugins/workday.py took 0.999 seconds
[2024-10-20T20:52:39.350+0700] {processor.py:186} INFO - Started process (PID=24132) to work on /Users/punny/Documents/GitHub/NYC-Taxi-ETL-Pipeline/.venv/lib/python3.10/site-packages/airflow/example_dags/plugins/workday.py
[2024-10-20T20:52:39.355+0700] {processor.py:914} INFO - Processing file /Users/punny/Documents/GitHub/NYC-Taxi-ETL-Pipeline/.venv/lib/python3.10/site-packages/airflow/example_dags/plugins/workday.py for tasks to queue
[2024-10-20T20:52:39.356+0700] {logging_mixin.py:190} INFO - [2024-10-20T20:52:39.356+0700] {dagbag.py:588} INFO - Filling up the DagBag from /Users/punny/Documents/GitHub/NYC-Taxi-ETL-Pipeline/.venv/lib/python3.10/site-packages/airflow/example_dags/plugins/workday.py
[2024-10-20T20:52:39.904+0700] {processor.py:927} WARNING - No viable dags retrieved from /Users/punny/Documents/GitHub/NYC-Taxi-ETL-Pipeline/.venv/lib/python3.10/site-packages/airflow/example_dags/plugins/workday.py
[2024-10-20T20:52:40.058+0700] {processor.py:208} INFO - Processing /Users/punny/Documents/GitHub/NYC-Taxi-ETL-Pipeline/.venv/lib/python3.10/site-packages/airflow/example_dags/plugins/workday.py took 0.719 seconds
[2024-10-20T20:56:04.446+0700] {processor.py:186} INFO - Started process (PID=24655) to work on /Users/punny/Documents/GitHub/NYC-Taxi-ETL-Pipeline/.venv/lib/python3.10/site-packages/airflow/example_dags/plugins/workday.py
[2024-10-20T20:56:04.449+0700] {processor.py:914} INFO - Processing file /Users/punny/Documents/GitHub/NYC-Taxi-ETL-Pipeline/.venv/lib/python3.10/site-packages/airflow/example_dags/plugins/workday.py for tasks to queue
[2024-10-20T20:56:04.450+0700] {logging_mixin.py:190} INFO - [2024-10-20T20:56:04.450+0700] {dagbag.py:588} INFO - Filling up the DagBag from /Users/punny/Documents/GitHub/NYC-Taxi-ETL-Pipeline/.venv/lib/python3.10/site-packages/airflow/example_dags/plugins/workday.py
[2024-10-20T20:56:05.090+0700] {processor.py:927} WARNING - No viable dags retrieved from /Users/punny/Documents/GitHub/NYC-Taxi-ETL-Pipeline/.venv/lib/python3.10/site-packages/airflow/example_dags/plugins/workday.py
[2024-10-20T20:56:05.243+0700] {processor.py:208} INFO - Processing /Users/punny/Documents/GitHub/NYC-Taxi-ETL-Pipeline/.venv/lib/python3.10/site-packages/airflow/example_dags/plugins/workday.py took 0.805 seconds
[2024-10-20T20:59:29.820+0700] {processor.py:186} INFO - Started process (PID=25218) to work on /Users/punny/Documents/GitHub/NYC-Taxi-ETL-Pipeline/.venv/lib/python3.10/site-packages/airflow/example_dags/plugins/workday.py
[2024-10-20T20:59:29.824+0700] {processor.py:914} INFO - Processing file /Users/punny/Documents/GitHub/NYC-Taxi-ETL-Pipeline/.venv/lib/python3.10/site-packages/airflow/example_dags/plugins/workday.py for tasks to queue
[2024-10-20T20:59:29.826+0700] {logging_mixin.py:190} INFO - [2024-10-20T20:59:29.825+0700] {dagbag.py:588} INFO - Filling up the DagBag from /Users/punny/Documents/GitHub/NYC-Taxi-ETL-Pipeline/.venv/lib/python3.10/site-packages/airflow/example_dags/plugins/workday.py
[2024-10-20T20:59:30.609+0700] {processor.py:927} WARNING - No viable dags retrieved from /Users/punny/Documents/GitHub/NYC-Taxi-ETL-Pipeline/.venv/lib/python3.10/site-packages/airflow/example_dags/plugins/workday.py
[2024-10-20T20:59:30.919+0700] {processor.py:208} INFO - Processing /Users/punny/Documents/GitHub/NYC-Taxi-ETL-Pipeline/.venv/lib/python3.10/site-packages/airflow/example_dags/plugins/workday.py took 1.109 seconds
[2024-10-20T21:03:02.742+0700] {processor.py:186} INFO - Started process (PID=25742) to work on /Users/punny/Documents/GitHub/NYC-Taxi-ETL-Pipeline/.venv/lib/python3.10/site-packages/airflow/example_dags/plugins/workday.py
[2024-10-20T21:03:02.747+0700] {processor.py:914} INFO - Processing file /Users/punny/Documents/GitHub/NYC-Taxi-ETL-Pipeline/.venv/lib/python3.10/site-packages/airflow/example_dags/plugins/workday.py for tasks to queue
[2024-10-20T21:03:02.749+0700] {logging_mixin.py:190} INFO - [2024-10-20T21:03:02.748+0700] {dagbag.py:588} INFO - Filling up the DagBag from /Users/punny/Documents/GitHub/NYC-Taxi-ETL-Pipeline/.venv/lib/python3.10/site-packages/airflow/example_dags/plugins/workday.py
[2024-10-20T21:03:03.630+0700] {processor.py:927} WARNING - No viable dags retrieved from /Users/punny/Documents/GitHub/NYC-Taxi-ETL-Pipeline/.venv/lib/python3.10/site-packages/airflow/example_dags/plugins/workday.py
[2024-10-20T21:03:03.824+0700] {processor.py:208} INFO - Processing /Users/punny/Documents/GitHub/NYC-Taxi-ETL-Pipeline/.venv/lib/python3.10/site-packages/airflow/example_dags/plugins/workday.py took 1.091 seconds
[2024-10-20T21:06:57.331+0700] {processor.py:186} INFO - Started process (PID=26349) to work on /Users/punny/Documents/GitHub/NYC-Taxi-ETL-Pipeline/.venv/lib/python3.10/site-packages/airflow/example_dags/plugins/workday.py
[2024-10-20T21:06:57.335+0700] {processor.py:914} INFO - Processing file /Users/punny/Documents/GitHub/NYC-Taxi-ETL-Pipeline/.venv/lib/python3.10/site-packages/airflow/example_dags/plugins/workday.py for tasks to queue
[2024-10-20T21:06:57.337+0700] {logging_mixin.py:190} INFO - [2024-10-20T21:06:57.337+0700] {dagbag.py:588} INFO - Filling up the DagBag from /Users/punny/Documents/GitHub/NYC-Taxi-ETL-Pipeline/.venv/lib/python3.10/site-packages/airflow/example_dags/plugins/workday.py
[2024-10-20T21:06:57.828+0700] {processor.py:927} WARNING - No viable dags retrieved from /Users/punny/Documents/GitHub/NYC-Taxi-ETL-Pipeline/.venv/lib/python3.10/site-packages/airflow/example_dags/plugins/workday.py
[2024-10-20T21:06:57.949+0700] {processor.py:208} INFO - Processing /Users/punny/Documents/GitHub/NYC-Taxi-ETL-Pipeline/.venv/lib/python3.10/site-packages/airflow/example_dags/plugins/workday.py took 0.627 seconds
[2024-10-20T21:09:55.679+0700] {processor.py:186} INFO - Started process (PID=26715) to work on /Users/punny/Documents/GitHub/NYC-Taxi-ETL-Pipeline/.venv/lib/python3.10/site-packages/airflow/example_dags/plugins/workday.py
[2024-10-20T21:09:55.683+0700] {processor.py:914} INFO - Processing file /Users/punny/Documents/GitHub/NYC-Taxi-ETL-Pipeline/.venv/lib/python3.10/site-packages/airflow/example_dags/plugins/workday.py for tasks to queue
[2024-10-20T21:09:55.684+0700] {logging_mixin.py:190} INFO - [2024-10-20T21:09:55.684+0700] {dagbag.py:588} INFO - Filling up the DagBag from /Users/punny/Documents/GitHub/NYC-Taxi-ETL-Pipeline/.venv/lib/python3.10/site-packages/airflow/example_dags/plugins/workday.py
[2024-10-20T21:09:56.184+0700] {processor.py:927} WARNING - No viable dags retrieved from /Users/punny/Documents/GitHub/NYC-Taxi-ETL-Pipeline/.venv/lib/python3.10/site-packages/airflow/example_dags/plugins/workday.py
[2024-10-20T21:09:56.309+0700] {processor.py:208} INFO - Processing /Users/punny/Documents/GitHub/NYC-Taxi-ETL-Pipeline/.venv/lib/python3.10/site-packages/airflow/example_dags/plugins/workday.py took 0.638 seconds
[2024-10-20T21:28:05.012+0700] {processor.py:186} INFO - Started process (PID=27215) to work on /Users/punny/Documents/GitHub/NYC-Taxi-ETL-Pipeline/.venv/lib/python3.10/site-packages/airflow/example_dags/plugins/workday.py
[2024-10-20T21:28:05.015+0700] {processor.py:914} INFO - Processing file /Users/punny/Documents/GitHub/NYC-Taxi-ETL-Pipeline/.venv/lib/python3.10/site-packages/airflow/example_dags/plugins/workday.py for tasks to queue
[2024-10-20T21:28:05.016+0700] {logging_mixin.py:190} INFO - [2024-10-20T21:28:05.016+0700] {dagbag.py:588} INFO - Filling up the DagBag from /Users/punny/Documents/GitHub/NYC-Taxi-ETL-Pipeline/.venv/lib/python3.10/site-packages/airflow/example_dags/plugins/workday.py
[2024-10-20T21:28:05.833+0700] {processor.py:927} WARNING - No viable dags retrieved from /Users/punny/Documents/GitHub/NYC-Taxi-ETL-Pipeline/.venv/lib/python3.10/site-packages/airflow/example_dags/plugins/workday.py
[2024-10-20T21:28:06.056+0700] {processor.py:208} INFO - Processing /Users/punny/Documents/GitHub/NYC-Taxi-ETL-Pipeline/.venv/lib/python3.10/site-packages/airflow/example_dags/plugins/workday.py took 1.053 seconds
[2024-10-20T21:31:36.647+0700] {processor.py:186} INFO - Started process (PID=27860) to work on /Users/punny/Documents/GitHub/NYC-Taxi-ETL-Pipeline/.venv/lib/python3.10/site-packages/airflow/example_dags/plugins/workday.py
[2024-10-20T21:31:36.650+0700] {processor.py:914} INFO - Processing file /Users/punny/Documents/GitHub/NYC-Taxi-ETL-Pipeline/.venv/lib/python3.10/site-packages/airflow/example_dags/plugins/workday.py for tasks to queue
[2024-10-20T21:31:36.651+0700] {logging_mixin.py:190} INFO - [2024-10-20T21:31:36.651+0700] {dagbag.py:588} INFO - Filling up the DagBag from /Users/punny/Documents/GitHub/NYC-Taxi-ETL-Pipeline/.venv/lib/python3.10/site-packages/airflow/example_dags/plugins/workday.py
[2024-10-20T21:31:37.287+0700] {processor.py:927} WARNING - No viable dags retrieved from /Users/punny/Documents/GitHub/NYC-Taxi-ETL-Pipeline/.venv/lib/python3.10/site-packages/airflow/example_dags/plugins/workday.py
[2024-10-20T21:31:37.457+0700] {processor.py:208} INFO - Processing /Users/punny/Documents/GitHub/NYC-Taxi-ETL-Pipeline/.venv/lib/python3.10/site-packages/airflow/example_dags/plugins/workday.py took 0.824 seconds
[2024-10-20T21:55:24.527+0700] {processor.py:186} INFO - Started process (PID=31036) to work on /Users/punny/Documents/GitHub/NYC-Taxi-ETL-Pipeline/.venv/lib/python3.10/site-packages/airflow/example_dags/plugins/workday.py
[2024-10-20T21:55:24.532+0700] {processor.py:914} INFO - Processing file /Users/punny/Documents/GitHub/NYC-Taxi-ETL-Pipeline/.venv/lib/python3.10/site-packages/airflow/example_dags/plugins/workday.py for tasks to queue
[2024-10-20T21:55:24.534+0700] {logging_mixin.py:190} INFO - [2024-10-20T21:55:24.533+0700] {dagbag.py:588} INFO - Filling up the DagBag from /Users/punny/Documents/GitHub/NYC-Taxi-ETL-Pipeline/.venv/lib/python3.10/site-packages/airflow/example_dags/plugins/workday.py
[2024-10-20T21:55:25.141+0700] {processor.py:927} WARNING - No viable dags retrieved from /Users/punny/Documents/GitHub/NYC-Taxi-ETL-Pipeline/.venv/lib/python3.10/site-packages/airflow/example_dags/plugins/workday.py
[2024-10-20T21:55:25.263+0700] {processor.py:208} INFO - Processing /Users/punny/Documents/GitHub/NYC-Taxi-ETL-Pipeline/.venv/lib/python3.10/site-packages/airflow/example_dags/plugins/workday.py took 0.745 seconds
[2024-10-20T21:59:26.185+0700] {processor.py:186} INFO - Started process (PID=31644) to work on /Users/punny/Documents/GitHub/NYC-Taxi-ETL-Pipeline/.venv/lib/python3.10/site-packages/airflow/example_dags/plugins/workday.py
[2024-10-20T21:59:26.189+0700] {processor.py:914} INFO - Processing file /Users/punny/Documents/GitHub/NYC-Taxi-ETL-Pipeline/.venv/lib/python3.10/site-packages/airflow/example_dags/plugins/workday.py for tasks to queue
[2024-10-20T21:59:26.191+0700] {logging_mixin.py:190} INFO - [2024-10-20T21:59:26.190+0700] {dagbag.py:588} INFO - Filling up the DagBag from /Users/punny/Documents/GitHub/NYC-Taxi-ETL-Pipeline/.venv/lib/python3.10/site-packages/airflow/example_dags/plugins/workday.py
[2024-10-20T21:59:26.973+0700] {processor.py:927} WARNING - No viable dags retrieved from /Users/punny/Documents/GitHub/NYC-Taxi-ETL-Pipeline/.venv/lib/python3.10/site-packages/airflow/example_dags/plugins/workday.py
[2024-10-20T21:59:27.114+0700] {processor.py:208} INFO - Processing /Users/punny/Documents/GitHub/NYC-Taxi-ETL-Pipeline/.venv/lib/python3.10/site-packages/airflow/example_dags/plugins/workday.py took 0.936 seconds
[2024-10-21T00:00:44.191+0700] {processor.py:186} INFO - Started process (PID=32353) to work on /Users/punny/Documents/GitHub/NYC-Taxi-ETL-Pipeline/.venv/lib/python3.10/site-packages/airflow/example_dags/plugins/workday.py
[2024-10-21T00:00:44.195+0700] {processor.py:914} INFO - Processing file /Users/punny/Documents/GitHub/NYC-Taxi-ETL-Pipeline/.venv/lib/python3.10/site-packages/airflow/example_dags/plugins/workday.py for tasks to queue
[2024-10-21T00:00:44.198+0700] {logging_mixin.py:190} INFO - [2024-10-21T00:00:44.197+0700] {dagbag.py:588} INFO - Filling up the DagBag from /Users/punny/Documents/GitHub/NYC-Taxi-ETL-Pipeline/.venv/lib/python3.10/site-packages/airflow/example_dags/plugins/workday.py
[2024-10-21T00:00:45.117+0700] {processor.py:927} WARNING - No viable dags retrieved from /Users/punny/Documents/GitHub/NYC-Taxi-ETL-Pipeline/.venv/lib/python3.10/site-packages/airflow/example_dags/plugins/workday.py
[2024-10-21T00:00:45.316+0700] {processor.py:208} INFO - Processing /Users/punny/Documents/GitHub/NYC-Taxi-ETL-Pipeline/.venv/lib/python3.10/site-packages/airflow/example_dags/plugins/workday.py took 1.140 seconds
[2024-10-21T02:18:32.270+0700] {processor.py:186} INFO - Started process (PID=33060) to work on /Users/punny/Documents/GitHub/NYC-Taxi-ETL-Pipeline/.venv/lib/python3.10/site-packages/airflow/example_dags/plugins/workday.py
[2024-10-21T02:18:32.273+0700] {processor.py:914} INFO - Processing file /Users/punny/Documents/GitHub/NYC-Taxi-ETL-Pipeline/.venv/lib/python3.10/site-packages/airflow/example_dags/plugins/workday.py for tasks to queue
[2024-10-21T02:18:32.274+0700] {logging_mixin.py:190} INFO - [2024-10-21T02:18:32.274+0700] {dagbag.py:588} INFO - Filling up the DagBag from /Users/punny/Documents/GitHub/NYC-Taxi-ETL-Pipeline/.venv/lib/python3.10/site-packages/airflow/example_dags/plugins/workday.py
[2024-10-21T02:18:32.733+0700] {processor.py:927} WARNING - No viable dags retrieved from /Users/punny/Documents/GitHub/NYC-Taxi-ETL-Pipeline/.venv/lib/python3.10/site-packages/airflow/example_dags/plugins/workday.py
[2024-10-21T02:18:32.858+0700] {processor.py:208} INFO - Processing /Users/punny/Documents/GitHub/NYC-Taxi-ETL-Pipeline/.venv/lib/python3.10/site-packages/airflow/example_dags/plugins/workday.py took 0.593 seconds
[2024-10-21T04:20:49.885+0700] {processor.py:186} INFO - Started process (PID=33682) to work on /Users/punny/Documents/GitHub/NYC-Taxi-ETL-Pipeline/.venv/lib/python3.10/site-packages/airflow/example_dags/plugins/workday.py
[2024-10-21T04:20:49.888+0700] {processor.py:914} INFO - Processing file /Users/punny/Documents/GitHub/NYC-Taxi-ETL-Pipeline/.venv/lib/python3.10/site-packages/airflow/example_dags/plugins/workday.py for tasks to queue
[2024-10-21T04:20:49.889+0700] {logging_mixin.py:190} INFO - [2024-10-21T04:20:49.889+0700] {dagbag.py:588} INFO - Filling up the DagBag from /Users/punny/Documents/GitHub/NYC-Taxi-ETL-Pipeline/.venv/lib/python3.10/site-packages/airflow/example_dags/plugins/workday.py
[2024-10-21T04:20:50.336+0700] {processor.py:927} WARNING - No viable dags retrieved from /Users/punny/Documents/GitHub/NYC-Taxi-ETL-Pipeline/.venv/lib/python3.10/site-packages/airflow/example_dags/plugins/workday.py
[2024-10-21T04:20:50.463+0700] {processor.py:208} INFO - Processing /Users/punny/Documents/GitHub/NYC-Taxi-ETL-Pipeline/.venv/lib/python3.10/site-packages/airflow/example_dags/plugins/workday.py took 0.586 seconds
