[2024-10-22T09:06:59.039+0700] {processor.py:186} INFO - Started process (PID=14168) to work on /Users/punny/Documents/GitHub/NYC-Taxi-ETL-Pipeline/.venv/lib/python3.10/site-packages/airflow/example_dags/example_kubernetes_executor.py
[2024-10-22T09:06:59.044+0700] {processor.py:914} INFO - Processing file /Users/punny/Documents/GitHub/NYC-Taxi-ETL-Pipeline/.venv/lib/python3.10/site-packages/airflow/example_dags/example_kubernetes_executor.py for tasks to queue
[2024-10-22T09:06:59.047+0700] {logging_mixin.py:190} INFO - [2024-10-22T09:06:59.046+0700] {dagbag.py:588} INFO - Filling up the DagBag from /Users/punny/Documents/GitHub/NYC-Taxi-ETL-Pipeline/.venv/lib/python3.10/site-packages/airflow/example_dags/example_kubernetes_executor.py
[2024-10-22T09:06:59.911+0700] {processor.py:925} INFO - DAG(s) 'example_kubernetes_executor' retrieved from /Users/punny/Documents/GitHub/NYC-Taxi-ETL-Pipeline/.venv/lib/python3.10/site-packages/airflow/example_dags/example_kubernetes_executor.py
[2024-10-22T09:07:00.122+0700] {logging_mixin.py:190} WARNING - /Users/punny/Documents/GitHub/NYC-Taxi-ETL-Pipeline/.venv/lib/python3.10/site-packages/airflow/serialization/serialized_objects.py:1884 DeprecationWarning: This module is deprecated. The `cncf.kubernetes` provider before version 7.4.0 uses this module - you should migrate to a newer version of `cncf.kubernetes` to get rid of this warning. If you import the module via `airflow.kubernetes` import, please use `cncf.kubernetes' provider 7.4.0+ and switch all your imports to use `apache.airflow.providers.cncf.kubernetes` to get rid of the warning.
[2024-10-22T09:07:00.143+0700] {logging_mixin.py:190} INFO - [2024-10-22T09:07:00.142+0700] {dag.py:3239} INFO - Sync 1 DAGs
[2024-10-22T09:07:00.156+0700] {logging_mixin.py:190} INFO - [2024-10-22T09:07:00.156+0700] {dag.py:4180} INFO - Setting next_dagrun for example_kubernetes_executor to None, run_after=None
[2024-10-22T09:07:00.179+0700] {processor.py:208} INFO - Processing /Users/punny/Documents/GitHub/NYC-Taxi-ETL-Pipeline/.venv/lib/python3.10/site-packages/airflow/example_dags/example_kubernetes_executor.py took 1.154 seconds
[2024-10-22T09:10:26.837+0700] {processor.py:186} INFO - Started process (PID=14679) to work on /Users/punny/Documents/GitHub/NYC-Taxi-ETL-Pipeline/.venv/lib/python3.10/site-packages/airflow/example_dags/example_kubernetes_executor.py
[2024-10-22T09:10:26.841+0700] {processor.py:914} INFO - Processing file /Users/punny/Documents/GitHub/NYC-Taxi-ETL-Pipeline/.venv/lib/python3.10/site-packages/airflow/example_dags/example_kubernetes_executor.py for tasks to queue
[2024-10-22T09:10:26.843+0700] {logging_mixin.py:190} INFO - [2024-10-22T09:10:26.842+0700] {dagbag.py:588} INFO - Filling up the DagBag from /Users/punny/Documents/GitHub/NYC-Taxi-ETL-Pipeline/.venv/lib/python3.10/site-packages/airflow/example_dags/example_kubernetes_executor.py
[2024-10-22T09:10:28.007+0700] {processor.py:925} INFO - DAG(s) 'example_kubernetes_executor' retrieved from /Users/punny/Documents/GitHub/NYC-Taxi-ETL-Pipeline/.venv/lib/python3.10/site-packages/airflow/example_dags/example_kubernetes_executor.py
[2024-10-22T09:10:28.288+0700] {logging_mixin.py:190} WARNING - /Users/punny/Documents/GitHub/NYC-Taxi-ETL-Pipeline/.venv/lib/python3.10/site-packages/airflow/serialization/serialized_objects.py:1884 DeprecationWarning: This module is deprecated. The `cncf.kubernetes` provider before version 7.4.0 uses this module - you should migrate to a newer version of `cncf.kubernetes` to get rid of this warning. If you import the module via `airflow.kubernetes` import, please use `cncf.kubernetes' provider 7.4.0+ and switch all your imports to use `apache.airflow.providers.cncf.kubernetes` to get rid of the warning.
[2024-10-22T09:10:28.318+0700] {logging_mixin.py:190} INFO - [2024-10-22T09:10:28.317+0700] {dag.py:3239} INFO - Sync 1 DAGs
[2024-10-22T09:10:28.338+0700] {logging_mixin.py:190} INFO - [2024-10-22T09:10:28.338+0700] {dag.py:4180} INFO - Setting next_dagrun for example_kubernetes_executor to None, run_after=None
[2024-10-22T09:10:28.371+0700] {processor.py:208} INFO - Processing /Users/punny/Documents/GitHub/NYC-Taxi-ETL-Pipeline/.venv/lib/python3.10/site-packages/airflow/example_dags/example_kubernetes_executor.py took 1.545 seconds
[2024-10-22T09:13:42.753+0700] {processor.py:186} INFO - Started process (PID=15660) to work on /Users/punny/Documents/GitHub/NYC-Taxi-ETL-Pipeline/.venv/lib/python3.10/site-packages/airflow/example_dags/example_kubernetes_executor.py
[2024-10-22T09:13:42.756+0700] {processor.py:914} INFO - Processing file /Users/punny/Documents/GitHub/NYC-Taxi-ETL-Pipeline/.venv/lib/python3.10/site-packages/airflow/example_dags/example_kubernetes_executor.py for tasks to queue
[2024-10-22T09:13:42.758+0700] {logging_mixin.py:190} INFO - [2024-10-22T09:13:42.757+0700] {dagbag.py:588} INFO - Filling up the DagBag from /Users/punny/Documents/GitHub/NYC-Taxi-ETL-Pipeline/.venv/lib/python3.10/site-packages/airflow/example_dags/example_kubernetes_executor.py
[2024-10-22T09:13:43.254+0700] {processor.py:925} INFO - DAG(s) 'example_kubernetes_executor' retrieved from /Users/punny/Documents/GitHub/NYC-Taxi-ETL-Pipeline/.venv/lib/python3.10/site-packages/airflow/example_dags/example_kubernetes_executor.py
[2024-10-22T09:13:43.457+0700] {logging_mixin.py:190} WARNING - /Users/punny/Documents/GitHub/NYC-Taxi-ETL-Pipeline/.venv/lib/python3.10/site-packages/airflow/serialization/serialized_objects.py:1884 DeprecationWarning: This module is deprecated. The `cncf.kubernetes` provider before version 7.4.0 uses this module - you should migrate to a newer version of `cncf.kubernetes` to get rid of this warning. If you import the module via `airflow.kubernetes` import, please use `cncf.kubernetes' provider 7.4.0+ and switch all your imports to use `apache.airflow.providers.cncf.kubernetes` to get rid of the warning.
[2024-10-22T09:13:43.511+0700] {logging_mixin.py:190} INFO - [2024-10-22T09:13:43.510+0700] {dag.py:3239} INFO - Sync 1 DAGs
[2024-10-22T09:13:43.526+0700] {logging_mixin.py:190} INFO - [2024-10-22T09:13:43.526+0700] {dag.py:4180} INFO - Setting next_dagrun for example_kubernetes_executor to None, run_after=None
[2024-10-22T09:13:43.551+0700] {processor.py:208} INFO - Processing /Users/punny/Documents/GitHub/NYC-Taxi-ETL-Pipeline/.venv/lib/python3.10/site-packages/airflow/example_dags/example_kubernetes_executor.py took 0.807 seconds
