[2024-10-22T07:22:48.080+0700] {processor.py:186} INFO - Started process (PID=14028) to work on /Users/punny/Documents/GitHub/NYC-Taxi-ETL-Pipeline/.venv/lib/python3.10/site-packages/airflow/example_dags/example_subdag_operator.py
[2024-10-22T07:22:48.084+0700] {processor.py:914} INFO - Processing file /Users/punny/Documents/GitHub/NYC-Taxi-ETL-Pipeline/.venv/lib/python3.10/site-packages/airflow/example_dags/example_subdag_operator.py for tasks to queue
[2024-10-22T07:22:48.086+0700] {logging_mixin.py:190} INFO - [2024-10-22T07:22:48.086+0700] {dagbag.py:588} INFO - Filling up the DagBag from /Users/punny/Documents/GitHub/NYC-Taxi-ETL-Pipeline/.venv/lib/python3.10/site-packages/airflow/example_dags/example_subdag_operator.py
[2024-10-22T07:22:48.308+0700] {processor.py:925} INFO - DAG(s) 'example_subdag_operator.section-1', 'example_subdag_operator.section-2', 'example_subdag_operator' retrieved from /Users/punny/Documents/GitHub/NYC-Taxi-ETL-Pipeline/.venv/lib/python3.10/site-packages/airflow/example_dags/example_subdag_operator.py
[2024-10-22T07:22:49.186+0700] {logging_mixin.py:190} INFO - [2024-10-22T07:22:49.185+0700] {dag.py:3239} INFO - Sync 3 DAGs
[2024-10-22T07:22:49.209+0700] {logging_mixin.py:190} INFO - [2024-10-22T07:22:49.209+0700] {dag.py:4180} INFO - Setting next_dagrun for example_subdag_operator to 2022-01-01 00:00:00+00:00, run_after=2022-01-01 00:00:00+00:00
[2024-10-22T07:22:49.213+0700] {logging_mixin.py:190} INFO - [2024-10-22T07:22:49.213+0700] {dag.py:4180} INFO - Setting next_dagrun for example_subdag_operator.section-1 to None, run_after=None
[2024-10-22T07:22:49.214+0700] {logging_mixin.py:190} INFO - [2024-10-22T07:22:49.214+0700] {dag.py:4180} INFO - Setting next_dagrun for example_subdag_operator.section-2 to None, run_after=None
[2024-10-22T07:22:49.221+0700] {logging_mixin.py:190} INFO - [2024-10-22T07:22:49.220+0700] {dag.py:3239} INFO - Sync 2 DAGs
[2024-10-22T07:22:49.229+0700] {logging_mixin.py:190} INFO - [2024-10-22T07:22:49.228+0700] {dag.py:4180} INFO - Setting next_dagrun for example_subdag_operator.section-1 to None, run_after=None
[2024-10-22T07:22:49.230+0700] {logging_mixin.py:190} INFO - [2024-10-22T07:22:49.229+0700] {dag.py:4180} INFO - Setting next_dagrun for example_subdag_operator.section-2 to None, run_after=None
[2024-10-22T07:22:49.247+0700] {processor.py:208} INFO - Processing /Users/punny/Documents/GitHub/NYC-Taxi-ETL-Pipeline/.venv/lib/python3.10/site-packages/airflow/example_dags/example_subdag_operator.py took 1.176 seconds
[2024-10-22T09:09:01.552+0700] {processor.py:186} INFO - Started process (PID=14436) to work on /Users/punny/Documents/GitHub/NYC-Taxi-ETL-Pipeline/.venv/lib/python3.10/site-packages/airflow/example_dags/example_subdag_operator.py
[2024-10-22T09:09:01.556+0700] {processor.py:914} INFO - Processing file /Users/punny/Documents/GitHub/NYC-Taxi-ETL-Pipeline/.venv/lib/python3.10/site-packages/airflow/example_dags/example_subdag_operator.py for tasks to queue
[2024-10-22T09:09:01.557+0700] {logging_mixin.py:190} INFO - [2024-10-22T09:09:01.557+0700] {dagbag.py:588} INFO - Filling up the DagBag from /Users/punny/Documents/GitHub/NYC-Taxi-ETL-Pipeline/.venv/lib/python3.10/site-packages/airflow/example_dags/example_subdag_operator.py
[2024-10-22T09:09:01.791+0700] {processor.py:925} INFO - DAG(s) 'example_subdag_operator.section-1', 'example_subdag_operator.section-2', 'example_subdag_operator' retrieved from /Users/punny/Documents/GitHub/NYC-Taxi-ETL-Pipeline/.venv/lib/python3.10/site-packages/airflow/example_dags/example_subdag_operator.py
[2024-10-22T09:09:02.400+0700] {logging_mixin.py:190} INFO - [2024-10-22T09:09:02.400+0700] {dag.py:3239} INFO - Sync 3 DAGs
[2024-10-22T09:09:02.433+0700] {logging_mixin.py:190} INFO - [2024-10-22T09:09:02.433+0700] {dag.py:4180} INFO - Setting next_dagrun for example_subdag_operator to 2022-01-01 00:00:00+00:00, run_after=2022-01-01 00:00:00+00:00
[2024-10-22T09:09:02.438+0700] {logging_mixin.py:190} INFO - [2024-10-22T09:09:02.438+0700] {dag.py:4180} INFO - Setting next_dagrun for example_subdag_operator.section-1 to None, run_after=None
[2024-10-22T09:09:02.440+0700] {logging_mixin.py:190} INFO - [2024-10-22T09:09:02.440+0700] {dag.py:4180} INFO - Setting next_dagrun for example_subdag_operator.section-2 to None, run_after=None
[2024-10-22T09:09:02.449+0700] {logging_mixin.py:190} INFO - [2024-10-22T09:09:02.449+0700] {dag.py:3239} INFO - Sync 2 DAGs
[2024-10-22T09:09:02.455+0700] {logging_mixin.py:190} INFO - [2024-10-22T09:09:02.455+0700] {dag.py:4180} INFO - Setting next_dagrun for example_subdag_operator.section-1 to None, run_after=None
[2024-10-22T09:09:02.456+0700] {logging_mixin.py:190} INFO - [2024-10-22T09:09:02.455+0700] {dag.py:4180} INFO - Setting next_dagrun for example_subdag_operator.section-2 to None, run_after=None
[2024-10-22T09:09:02.475+0700] {processor.py:208} INFO - Processing /Users/punny/Documents/GitHub/NYC-Taxi-ETL-Pipeline/.venv/lib/python3.10/site-packages/airflow/example_dags/example_subdag_operator.py took 0.930 seconds
[2024-10-22T09:12:30.837+0700] {processor.py:186} INFO - Started process (PID=15177) to work on /Users/punny/Documents/GitHub/NYC-Taxi-ETL-Pipeline/.venv/lib/python3.10/site-packages/airflow/example_dags/example_subdag_operator.py
[2024-10-22T09:12:30.840+0700] {processor.py:914} INFO - Processing file /Users/punny/Documents/GitHub/NYC-Taxi-ETL-Pipeline/.venv/lib/python3.10/site-packages/airflow/example_dags/example_subdag_operator.py for tasks to queue
[2024-10-22T09:12:30.841+0700] {logging_mixin.py:190} INFO - [2024-10-22T09:12:30.841+0700] {dagbag.py:588} INFO - Filling up the DagBag from /Users/punny/Documents/GitHub/NYC-Taxi-ETL-Pipeline/.venv/lib/python3.10/site-packages/airflow/example_dags/example_subdag_operator.py
[2024-10-22T09:12:31.026+0700] {processor.py:925} INFO - DAG(s) 'example_subdag_operator.section-1', 'example_subdag_operator.section-2', 'example_subdag_operator' retrieved from /Users/punny/Documents/GitHub/NYC-Taxi-ETL-Pipeline/.venv/lib/python3.10/site-packages/airflow/example_dags/example_subdag_operator.py
[2024-10-22T09:12:31.568+0700] {logging_mixin.py:190} INFO - [2024-10-22T09:12:31.567+0700] {dag.py:3239} INFO - Sync 3 DAGs
[2024-10-22T09:12:31.595+0700] {logging_mixin.py:190} INFO - [2024-10-22T09:12:31.595+0700] {dag.py:4180} INFO - Setting next_dagrun for example_subdag_operator to 2022-01-01 00:00:00+00:00, run_after=2022-01-01 00:00:00+00:00
[2024-10-22T09:12:31.598+0700] {logging_mixin.py:190} INFO - [2024-10-22T09:12:31.598+0700] {dag.py:4180} INFO - Setting next_dagrun for example_subdag_operator.section-1 to None, run_after=None
[2024-10-22T09:12:31.600+0700] {logging_mixin.py:190} INFO - [2024-10-22T09:12:31.600+0700] {dag.py:4180} INFO - Setting next_dagrun for example_subdag_operator.section-2 to None, run_after=None
[2024-10-22T09:12:31.607+0700] {logging_mixin.py:190} INFO - [2024-10-22T09:12:31.606+0700] {dag.py:3239} INFO - Sync 2 DAGs
[2024-10-22T09:12:31.611+0700] {logging_mixin.py:190} INFO - [2024-10-22T09:12:31.611+0700] {dag.py:4180} INFO - Setting next_dagrun for example_subdag_operator.section-1 to None, run_after=None
[2024-10-22T09:12:31.612+0700] {logging_mixin.py:190} INFO - [2024-10-22T09:12:31.612+0700] {dag.py:4180} INFO - Setting next_dagrun for example_subdag_operator.section-2 to None, run_after=None
[2024-10-22T09:12:31.627+0700] {processor.py:208} INFO - Processing /Users/punny/Documents/GitHub/NYC-Taxi-ETL-Pipeline/.venv/lib/python3.10/site-packages/airflow/example_dags/example_subdag_operator.py took 0.798 seconds
