[2024-10-22T09:06:51.929+0700] {processor.py:186} INFO - Started process (PID=14145) to work on /Users/punny/Documents/GitHub/NYC-Taxi-ETL-Pipeline/.venv/lib/python3.10/site-packages/airflow/example_dags/example_latest_only_with_trigger.py
[2024-10-22T09:06:51.932+0700] {processor.py:914} INFO - Processing file /Users/punny/Documents/GitHub/NYC-Taxi-ETL-Pipeline/.venv/lib/python3.10/site-packages/airflow/example_dags/example_latest_only_with_trigger.py for tasks to queue
[2024-10-22T09:06:51.934+0700] {logging_mixin.py:190} INFO - [2024-10-22T09:06:51.933+0700] {dagbag.py:588} INFO - Filling up the DagBag from /Users/punny/Documents/GitHub/NYC-Taxi-ETL-Pipeline/.venv/lib/python3.10/site-packages/airflow/example_dags/example_latest_only_with_trigger.py
[2024-10-22T09:06:51.944+0700] {processor.py:925} INFO - DAG(s) 'latest_only_with_trigger' retrieved from /Users/punny/Documents/GitHub/NYC-Taxi-ETL-Pipeline/.venv/lib/python3.10/site-packages/airflow/example_dags/example_latest_only_with_trigger.py
[2024-10-22T09:06:52.128+0700] {logging_mixin.py:190} INFO - [2024-10-22T09:06:52.127+0700] {dag.py:3239} INFO - Sync 1 DAGs
[2024-10-22T09:06:52.150+0700] {logging_mixin.py:190} INFO - [2024-10-22T09:06:52.150+0700] {dag.py:4180} INFO - Setting next_dagrun for latest_only_with_trigger to 2024-10-21 20:00:00+00:00, run_after=2024-10-22 00:00:00+00:00
[2024-10-22T09:06:52.173+0700] {processor.py:208} INFO - Processing /Users/punny/Documents/GitHub/NYC-Taxi-ETL-Pipeline/.venv/lib/python3.10/site-packages/airflow/example_dags/example_latest_only_with_trigger.py took 0.252 seconds
[2024-10-22T09:10:17.266+0700] {processor.py:186} INFO - Started process (PID=14627) to work on /Users/punny/Documents/GitHub/NYC-Taxi-ETL-Pipeline/.venv/lib/python3.10/site-packages/airflow/example_dags/example_latest_only_with_trigger.py
[2024-10-22T09:10:17.272+0700] {processor.py:914} INFO - Processing file /Users/punny/Documents/GitHub/NYC-Taxi-ETL-Pipeline/.venv/lib/python3.10/site-packages/airflow/example_dags/example_latest_only_with_trigger.py for tasks to queue
[2024-10-22T09:10:17.274+0700] {logging_mixin.py:190} INFO - [2024-10-22T09:10:17.274+0700] {dagbag.py:588} INFO - Filling up the DagBag from /Users/punny/Documents/GitHub/NYC-Taxi-ETL-Pipeline/.venv/lib/python3.10/site-packages/airflow/example_dags/example_latest_only_with_trigger.py
[2024-10-22T09:10:17.293+0700] {processor.py:925} INFO - DAG(s) 'latest_only_with_trigger' retrieved from /Users/punny/Documents/GitHub/NYC-Taxi-ETL-Pipeline/.venv/lib/python3.10/site-packages/airflow/example_dags/example_latest_only_with_trigger.py
[2024-10-22T09:10:17.604+0700] {logging_mixin.py:190} INFO - [2024-10-22T09:10:17.603+0700] {dag.py:3239} INFO - Sync 1 DAGs
[2024-10-22T09:10:17.643+0700] {logging_mixin.py:190} INFO - [2024-10-22T09:10:17.642+0700] {dag.py:4180} INFO - Setting next_dagrun for latest_only_with_trigger to 2024-10-21 20:00:00+00:00, run_after=2024-10-22 00:00:00+00:00
[2024-10-22T09:10:17.700+0700] {processor.py:208} INFO - Processing /Users/punny/Documents/GitHub/NYC-Taxi-ETL-Pipeline/.venv/lib/python3.10/site-packages/airflow/example_dags/example_latest_only_with_trigger.py took 0.446 seconds
[2024-10-22T09:13:35.550+0700] {processor.py:186} INFO - Started process (PID=15608) to work on /Users/punny/Documents/GitHub/NYC-Taxi-ETL-Pipeline/.venv/lib/python3.10/site-packages/airflow/example_dags/example_latest_only_with_trigger.py
[2024-10-22T09:13:35.554+0700] {processor.py:914} INFO - Processing file /Users/punny/Documents/GitHub/NYC-Taxi-ETL-Pipeline/.venv/lib/python3.10/site-packages/airflow/example_dags/example_latest_only_with_trigger.py for tasks to queue
[2024-10-22T09:13:35.555+0700] {logging_mixin.py:190} INFO - [2024-10-22T09:13:35.555+0700] {dagbag.py:588} INFO - Filling up the DagBag from /Users/punny/Documents/GitHub/NYC-Taxi-ETL-Pipeline/.venv/lib/python3.10/site-packages/airflow/example_dags/example_latest_only_with_trigger.py
[2024-10-22T09:13:35.566+0700] {processor.py:925} INFO - DAG(s) 'latest_only_with_trigger' retrieved from /Users/punny/Documents/GitHub/NYC-Taxi-ETL-Pipeline/.venv/lib/python3.10/site-packages/airflow/example_dags/example_latest_only_with_trigger.py
[2024-10-22T09:13:35.763+0700] {logging_mixin.py:190} INFO - [2024-10-22T09:13:35.763+0700] {dag.py:3239} INFO - Sync 1 DAGs
[2024-10-22T09:13:35.788+0700] {logging_mixin.py:190} INFO - [2024-10-22T09:13:35.788+0700] {dag.py:4180} INFO - Setting next_dagrun for latest_only_with_trigger to 2024-10-21 20:00:00+00:00, run_after=2024-10-22 00:00:00+00:00
[2024-10-22T09:13:35.811+0700] {processor.py:208} INFO - Processing /Users/punny/Documents/GitHub/NYC-Taxi-ETL-Pipeline/.venv/lib/python3.10/site-packages/airflow/example_dags/example_latest_only_with_trigger.py took 0.270 seconds
