[2024-10-22T07:23:12.369+0700] {processor.py:186} INFO - Started process (PID=14066) to work on /Users/punny/Documents/GitHub/NYC-Taxi-ETL-Pipeline/.venv/lib/python3.10/site-packages/airflow/example_dags/example_setup_teardown.py
[2024-10-22T07:23:12.372+0700] {processor.py:914} INFO - Processing file /Users/punny/Documents/GitHub/NYC-Taxi-ETL-Pipeline/.venv/lib/python3.10/site-packages/airflow/example_dags/example_setup_teardown.py for tasks to queue
[2024-10-22T07:23:12.374+0700] {logging_mixin.py:190} INFO - [2024-10-22T07:23:12.373+0700] {dagbag.py:588} INFO - Filling up the DagBag from /Users/punny/Documents/GitHub/NYC-Taxi-ETL-Pipeline/.venv/lib/python3.10/site-packages/airflow/example_dags/example_setup_teardown.py
[2024-10-22T07:23:12.391+0700] {processor.py:925} INFO - DAG(s) 'example_setup_teardown' retrieved from /Users/punny/Documents/GitHub/NYC-Taxi-ETL-Pipeline/.venv/lib/python3.10/site-packages/airflow/example_dags/example_setup_teardown.py
[2024-10-22T07:23:12.602+0700] {logging_mixin.py:190} INFO - [2024-10-22T07:23:12.601+0700] {dag.py:3239} INFO - Sync 1 DAGs
[2024-10-22T07:23:12.615+0700] {logging_mixin.py:190} INFO - [2024-10-22T07:23:12.615+0700] {dag.py:4180} INFO - Setting next_dagrun for example_setup_teardown to None, run_after=None
[2024-10-22T07:23:12.638+0700] {processor.py:208} INFO - Processing /Users/punny/Documents/GitHub/NYC-Taxi-ETL-Pipeline/.venv/lib/python3.10/site-packages/airflow/example_dags/example_setup_teardown.py took 0.278 seconds
[2024-10-22T09:09:25.227+0700] {processor.py:186} INFO - Started process (PID=14466) to work on /Users/punny/Documents/GitHub/NYC-Taxi-ETL-Pipeline/.venv/lib/python3.10/site-packages/airflow/example_dags/example_setup_teardown.py
[2024-10-22T09:09:25.230+0700] {processor.py:914} INFO - Processing file /Users/punny/Documents/GitHub/NYC-Taxi-ETL-Pipeline/.venv/lib/python3.10/site-packages/airflow/example_dags/example_setup_teardown.py for tasks to queue
[2024-10-22T09:09:25.231+0700] {logging_mixin.py:190} INFO - [2024-10-22T09:09:25.231+0700] {dagbag.py:588} INFO - Filling up the DagBag from /Users/punny/Documents/GitHub/NYC-Taxi-ETL-Pipeline/.venv/lib/python3.10/site-packages/airflow/example_dags/example_setup_teardown.py
[2024-10-22T09:09:25.247+0700] {processor.py:925} INFO - DAG(s) 'example_setup_teardown' retrieved from /Users/punny/Documents/GitHub/NYC-Taxi-ETL-Pipeline/.venv/lib/python3.10/site-packages/airflow/example_dags/example_setup_teardown.py
[2024-10-22T09:09:25.545+0700] {logging_mixin.py:190} INFO - [2024-10-22T09:09:25.545+0700] {dag.py:3239} INFO - Sync 1 DAGs
[2024-10-22T09:09:25.579+0700] {logging_mixin.py:190} INFO - [2024-10-22T09:09:25.579+0700] {dag.py:4180} INFO - Setting next_dagrun for example_setup_teardown to None, run_after=None
[2024-10-22T09:09:25.609+0700] {processor.py:208} INFO - Processing /Users/punny/Documents/GitHub/NYC-Taxi-ETL-Pipeline/.venv/lib/python3.10/site-packages/airflow/example_dags/example_setup_teardown.py took 0.390 seconds
[2024-10-22T09:12:53.508+0700] {processor.py:186} INFO - Started process (PID=15311) to work on /Users/punny/Documents/GitHub/NYC-Taxi-ETL-Pipeline/.venv/lib/python3.10/site-packages/airflow/example_dags/example_setup_teardown.py
[2024-10-22T09:12:53.511+0700] {processor.py:914} INFO - Processing file /Users/punny/Documents/GitHub/NYC-Taxi-ETL-Pipeline/.venv/lib/python3.10/site-packages/airflow/example_dags/example_setup_teardown.py for tasks to queue
[2024-10-22T09:12:53.512+0700] {logging_mixin.py:190} INFO - [2024-10-22T09:12:53.512+0700] {dagbag.py:588} INFO - Filling up the DagBag from /Users/punny/Documents/GitHub/NYC-Taxi-ETL-Pipeline/.venv/lib/python3.10/site-packages/airflow/example_dags/example_setup_teardown.py
[2024-10-22T09:12:53.525+0700] {processor.py:925} INFO - DAG(s) 'example_setup_teardown' retrieved from /Users/punny/Documents/GitHub/NYC-Taxi-ETL-Pipeline/.venv/lib/python3.10/site-packages/airflow/example_dags/example_setup_teardown.py
[2024-10-22T09:12:53.712+0700] {logging_mixin.py:190} INFO - [2024-10-22T09:12:53.712+0700] {dag.py:3239} INFO - Sync 1 DAGs
[2024-10-22T09:12:53.726+0700] {logging_mixin.py:190} INFO - [2024-10-22T09:12:53.725+0700] {dag.py:4180} INFO - Setting next_dagrun for example_setup_teardown to None, run_after=None
[2024-10-22T09:12:53.748+0700] {processor.py:208} INFO - Processing /Users/punny/Documents/GitHub/NYC-Taxi-ETL-Pipeline/.venv/lib/python3.10/site-packages/airflow/example_dags/example_setup_teardown.py took 0.248 seconds
