[2024-10-20T20:42:50.907+0700] {processor.py:186} INFO - Started process (PID=22629) to work on /Users/punny/Documents/GitHub/NYC-Taxi-ETL-Pipeline/.venv/lib/python3.10/site-packages/airflow/example_dags/example_subdag_operator.py
[2024-10-20T20:42:50.920+0700] {processor.py:914} INFO - Processing file /Users/punny/Documents/GitHub/NYC-Taxi-ETL-Pipeline/.venv/lib/python3.10/site-packages/airflow/example_dags/example_subdag_operator.py for tasks to queue
[2024-10-20T20:42:50.924+0700] {logging_mixin.py:190} INFO - [2024-10-20T20:42:50.923+0700] {dagbag.py:588} INFO - Filling up the DagBag from /Users/punny/Documents/GitHub/NYC-Taxi-ETL-Pipeline/.venv/lib/python3.10/site-packages/airflow/example_dags/example_subdag_operator.py
[2024-10-20T20:42:51.208+0700] {processor.py:925} INFO - DAG(s) 'example_subdag_operator.section-1', 'example_subdag_operator.section-2', 'example_subdag_operator' retrieved from /Users/punny/Documents/GitHub/NYC-Taxi-ETL-Pipeline/.venv/lib/python3.10/site-packages/airflow/example_dags/example_subdag_operator.py
[2024-10-20T20:42:52.412+0700] {logging_mixin.py:190} INFO - [2024-10-20T20:42:52.412+0700] {override.py:1907} INFO - Created Permission View: can delete on DAG:example_subdag_operator
[2024-10-20T20:42:52.424+0700] {logging_mixin.py:190} INFO - [2024-10-20T20:42:52.424+0700] {override.py:1907} INFO - Created Permission View: can read on DAG:example_subdag_operator
[2024-10-20T20:42:52.433+0700] {logging_mixin.py:190} INFO - [2024-10-20T20:42:52.433+0700] {override.py:1907} INFO - Created Permission View: can edit on DAG:example_subdag_operator
[2024-10-20T20:42:52.443+0700] {logging_mixin.py:190} INFO - [2024-10-20T20:42:52.443+0700] {override.py:1907} INFO - Created Permission View: can delete on DAG Run:example_subdag_operator
[2024-10-20T20:42:52.452+0700] {logging_mixin.py:190} INFO - [2024-10-20T20:42:52.452+0700] {override.py:1907} INFO - Created Permission View: can create on DAG Run:example_subdag_operator
[2024-10-20T20:42:52.460+0700] {logging_mixin.py:190} INFO - [2024-10-20T20:42:52.459+0700] {override.py:1907} INFO - Created Permission View: can read on DAG Run:example_subdag_operator
[2024-10-20T20:42:52.469+0700] {logging_mixin.py:190} INFO - [2024-10-20T20:42:52.468+0700] {override.py:1907} INFO - Created Permission View: menu access on DAG Run:example_subdag_operator
[2024-10-20T20:42:52.469+0700] {logging_mixin.py:190} INFO - [2024-10-20T20:42:52.469+0700] {dag.py:3239} INFO - Sync 3 DAGs
[2024-10-20T20:42:52.486+0700] {logging_mixin.py:190} INFO - [2024-10-20T20:42:52.485+0700] {dag.py:3262} INFO - Creating ORM DAG for example_subdag_operator.section-2
[2024-10-20T20:42:52.487+0700] {logging_mixin.py:190} INFO - [2024-10-20T20:42:52.486+0700] {dag.py:3262} INFO - Creating ORM DAG for example_subdag_operator
[2024-10-20T20:42:52.487+0700] {logging_mixin.py:190} INFO - [2024-10-20T20:42:52.487+0700] {dag.py:3262} INFO - Creating ORM DAG for example_subdag_operator.section-1
[2024-10-20T20:42:52.498+0700] {logging_mixin.py:190} INFO - [2024-10-20T20:42:52.498+0700] {dag.py:4180} INFO - Setting next_dagrun for example_subdag_operator to 2022-01-01 00:00:00+00:00, run_after=2022-01-01 00:00:00+00:00
[2024-10-20T20:42:52.500+0700] {logging_mixin.py:190} INFO - [2024-10-20T20:42:52.500+0700] {dag.py:4180} INFO - Setting next_dagrun for example_subdag_operator.section-1 to None, run_after=None
[2024-10-20T20:42:52.501+0700] {logging_mixin.py:190} INFO - [2024-10-20T20:42:52.501+0700] {dag.py:4180} INFO - Setting next_dagrun for example_subdag_operator.section-2 to None, run_after=None
[2024-10-20T20:42:52.510+0700] {logging_mixin.py:190} INFO - [2024-10-20T20:42:52.510+0700] {dag.py:3239} INFO - Sync 2 DAGs
[2024-10-20T20:42:52.517+0700] {logging_mixin.py:190} INFO - [2024-10-20T20:42:52.517+0700] {dag.py:4180} INFO - Setting next_dagrun for example_subdag_operator.section-1 to None, run_after=None
[2024-10-20T20:42:52.521+0700] {logging_mixin.py:190} INFO - [2024-10-20T20:42:52.520+0700] {dag.py:4180} INFO - Setting next_dagrun for example_subdag_operator.section-2 to None, run_after=None
[2024-10-20T20:42:52.538+0700] {processor.py:208} INFO - Processing /Users/punny/Documents/GitHub/NYC-Taxi-ETL-Pipeline/.venv/lib/python3.10/site-packages/airflow/example_dags/example_subdag_operator.py took 1.647 seconds
[2024-10-20T20:47:09.593+0700] {processor.py:186} INFO - Started process (PID=23376) to work on /Users/punny/Documents/GitHub/NYC-Taxi-ETL-Pipeline/.venv/lib/python3.10/site-packages/airflow/example_dags/example_subdag_operator.py
[2024-10-20T20:47:09.596+0700] {processor.py:914} INFO - Processing file /Users/punny/Documents/GitHub/NYC-Taxi-ETL-Pipeline/.venv/lib/python3.10/site-packages/airflow/example_dags/example_subdag_operator.py for tasks to queue
[2024-10-20T20:47:09.597+0700] {logging_mixin.py:190} INFO - [2024-10-20T20:47:09.597+0700] {dagbag.py:588} INFO - Filling up the DagBag from /Users/punny/Documents/GitHub/NYC-Taxi-ETL-Pipeline/.venv/lib/python3.10/site-packages/airflow/example_dags/example_subdag_operator.py
[2024-10-20T20:47:09.791+0700] {processor.py:925} INFO - DAG(s) 'example_subdag_operator.section-1', 'example_subdag_operator.section-2', 'example_subdag_operator' retrieved from /Users/punny/Documents/GitHub/NYC-Taxi-ETL-Pipeline/.venv/lib/python3.10/site-packages/airflow/example_dags/example_subdag_operator.py
[2024-10-20T20:47:10.228+0700] {logging_mixin.py:190} INFO - [2024-10-20T20:47:10.228+0700] {dag.py:3239} INFO - Sync 3 DAGs
[2024-10-20T20:47:10.251+0700] {logging_mixin.py:190} INFO - [2024-10-20T20:47:10.250+0700] {dag.py:4180} INFO - Setting next_dagrun for example_subdag_operator to 2022-01-01 00:00:00+00:00, run_after=2022-01-01 00:00:00+00:00
[2024-10-20T20:47:10.254+0700] {logging_mixin.py:190} INFO - [2024-10-20T20:47:10.254+0700] {dag.py:4180} INFO - Setting next_dagrun for example_subdag_operator.section-1 to None, run_after=None
[2024-10-20T20:47:10.255+0700] {logging_mixin.py:190} INFO - [2024-10-20T20:47:10.255+0700] {dag.py:4180} INFO - Setting next_dagrun for example_subdag_operator.section-2 to None, run_after=None
[2024-10-20T20:47:10.262+0700] {logging_mixin.py:190} INFO - [2024-10-20T20:47:10.262+0700] {dag.py:3239} INFO - Sync 2 DAGs
[2024-10-20T20:47:10.267+0700] {logging_mixin.py:190} INFO - [2024-10-20T20:47:10.267+0700] {dag.py:4180} INFO - Setting next_dagrun for example_subdag_operator.section-1 to None, run_after=None
[2024-10-20T20:47:10.267+0700] {logging_mixin.py:190} INFO - [2024-10-20T20:47:10.267+0700] {dag.py:4180} INFO - Setting next_dagrun for example_subdag_operator.section-2 to None, run_after=None
[2024-10-20T20:47:10.283+0700] {processor.py:208} INFO - Processing /Users/punny/Documents/GitHub/NYC-Taxi-ETL-Pipeline/.venv/lib/python3.10/site-packages/airflow/example_dags/example_subdag_operator.py took 0.698 seconds
[2024-10-20T20:50:29.188+0700] {processor.py:186} INFO - Started process (PID=23830) to work on /Users/punny/Documents/GitHub/NYC-Taxi-ETL-Pipeline/.venv/lib/python3.10/site-packages/airflow/example_dags/example_subdag_operator.py
[2024-10-20T20:50:29.192+0700] {processor.py:914} INFO - Processing file /Users/punny/Documents/GitHub/NYC-Taxi-ETL-Pipeline/.venv/lib/python3.10/site-packages/airflow/example_dags/example_subdag_operator.py for tasks to queue
[2024-10-20T20:50:29.193+0700] {logging_mixin.py:190} INFO - [2024-10-20T20:50:29.193+0700] {dagbag.py:588} INFO - Filling up the DagBag from /Users/punny/Documents/GitHub/NYC-Taxi-ETL-Pipeline/.venv/lib/python3.10/site-packages/airflow/example_dags/example_subdag_operator.py
[2024-10-20T20:50:29.388+0700] {processor.py:925} INFO - DAG(s) 'example_subdag_operator.section-1', 'example_subdag_operator.section-2', 'example_subdag_operator' retrieved from /Users/punny/Documents/GitHub/NYC-Taxi-ETL-Pipeline/.venv/lib/python3.10/site-packages/airflow/example_dags/example_subdag_operator.py
[2024-10-20T20:50:29.951+0700] {logging_mixin.py:190} INFO - [2024-10-20T20:50:29.951+0700] {dag.py:3239} INFO - Sync 3 DAGs
[2024-10-20T20:50:29.973+0700] {logging_mixin.py:190} INFO - [2024-10-20T20:50:29.973+0700] {dag.py:4180} INFO - Setting next_dagrun for example_subdag_operator to 2022-01-01 00:00:00+00:00, run_after=2022-01-01 00:00:00+00:00
[2024-10-20T20:50:29.977+0700] {logging_mixin.py:190} INFO - [2024-10-20T20:50:29.977+0700] {dag.py:4180} INFO - Setting next_dagrun for example_subdag_operator.section-1 to None, run_after=None
[2024-10-20T20:50:29.978+0700] {logging_mixin.py:190} INFO - [2024-10-20T20:50:29.978+0700] {dag.py:4180} INFO - Setting next_dagrun for example_subdag_operator.section-2 to None, run_after=None
[2024-10-20T20:50:29.985+0700] {logging_mixin.py:190} INFO - [2024-10-20T20:50:29.984+0700] {dag.py:3239} INFO - Sync 2 DAGs
[2024-10-20T20:50:29.989+0700] {logging_mixin.py:190} INFO - [2024-10-20T20:50:29.989+0700] {dag.py:4180} INFO - Setting next_dagrun for example_subdag_operator.section-1 to None, run_after=None
[2024-10-20T20:50:29.990+0700] {logging_mixin.py:190} INFO - [2024-10-20T20:50:29.990+0700] {dag.py:4180} INFO - Setting next_dagrun for example_subdag_operator.section-2 to None, run_after=None
[2024-10-20T20:50:30.008+0700] {processor.py:208} INFO - Processing /Users/punny/Documents/GitHub/NYC-Taxi-ETL-Pipeline/.venv/lib/python3.10/site-packages/airflow/example_dags/example_subdag_operator.py took 0.828 seconds
[2024-10-20T20:53:51.040+0700] {processor.py:186} INFO - Started process (PID=24334) to work on /Users/punny/Documents/GitHub/NYC-Taxi-ETL-Pipeline/.venv/lib/python3.10/site-packages/airflow/example_dags/example_subdag_operator.py
[2024-10-20T20:53:51.044+0700] {processor.py:914} INFO - Processing file /Users/punny/Documents/GitHub/NYC-Taxi-ETL-Pipeline/.venv/lib/python3.10/site-packages/airflow/example_dags/example_subdag_operator.py for tasks to queue
[2024-10-20T20:53:51.045+0700] {logging_mixin.py:190} INFO - [2024-10-20T20:53:51.045+0700] {dagbag.py:588} INFO - Filling up the DagBag from /Users/punny/Documents/GitHub/NYC-Taxi-ETL-Pipeline/.venv/lib/python3.10/site-packages/airflow/example_dags/example_subdag_operator.py
[2024-10-20T20:53:51.301+0700] {processor.py:925} INFO - DAG(s) 'example_subdag_operator.section-1', 'example_subdag_operator.section-2', 'example_subdag_operator' retrieved from /Users/punny/Documents/GitHub/NYC-Taxi-ETL-Pipeline/.venv/lib/python3.10/site-packages/airflow/example_dags/example_subdag_operator.py
[2024-10-20T20:53:51.930+0700] {logging_mixin.py:190} INFO - [2024-10-20T20:53:51.929+0700] {dag.py:3239} INFO - Sync 3 DAGs
[2024-10-20T20:53:51.952+0700] {logging_mixin.py:190} INFO - [2024-10-20T20:53:51.952+0700] {dag.py:4180} INFO - Setting next_dagrun for example_subdag_operator to 2022-01-01 00:00:00+00:00, run_after=2022-01-01 00:00:00+00:00
[2024-10-20T20:53:51.956+0700] {logging_mixin.py:190} INFO - [2024-10-20T20:53:51.956+0700] {dag.py:4180} INFO - Setting next_dagrun for example_subdag_operator.section-1 to None, run_after=None
[2024-10-20T20:53:51.957+0700] {logging_mixin.py:190} INFO - [2024-10-20T20:53:51.957+0700] {dag.py:4180} INFO - Setting next_dagrun for example_subdag_operator.section-2 to None, run_after=None
[2024-10-20T20:53:51.964+0700] {logging_mixin.py:190} INFO - [2024-10-20T20:53:51.964+0700] {dag.py:3239} INFO - Sync 2 DAGs
[2024-10-20T20:53:51.969+0700] {logging_mixin.py:190} INFO - [2024-10-20T20:53:51.969+0700] {dag.py:4180} INFO - Setting next_dagrun for example_subdag_operator.section-1 to None, run_after=None
[2024-10-20T20:53:51.969+0700] {logging_mixin.py:190} INFO - [2024-10-20T20:53:51.969+0700] {dag.py:4180} INFO - Setting next_dagrun for example_subdag_operator.section-2 to None, run_after=None
[2024-10-20T20:53:51.987+0700] {processor.py:208} INFO - Processing /Users/punny/Documents/GitHub/NYC-Taxi-ETL-Pipeline/.venv/lib/python3.10/site-packages/airflow/example_dags/example_subdag_operator.py took 0.955 seconds
[2024-10-20T20:57:09.868+0700] {processor.py:186} INFO - Started process (PID=24810) to work on /Users/punny/Documents/GitHub/NYC-Taxi-ETL-Pipeline/.venv/lib/python3.10/site-packages/airflow/example_dags/example_subdag_operator.py
[2024-10-20T20:57:09.872+0700] {processor.py:914} INFO - Processing file /Users/punny/Documents/GitHub/NYC-Taxi-ETL-Pipeline/.venv/lib/python3.10/site-packages/airflow/example_dags/example_subdag_operator.py for tasks to queue
[2024-10-20T20:57:09.874+0700] {logging_mixin.py:190} INFO - [2024-10-20T20:57:09.873+0700] {dagbag.py:588} INFO - Filling up the DagBag from /Users/punny/Documents/GitHub/NYC-Taxi-ETL-Pipeline/.venv/lib/python3.10/site-packages/airflow/example_dags/example_subdag_operator.py
[2024-10-20T20:57:10.086+0700] {processor.py:925} INFO - DAG(s) 'example_subdag_operator.section-1', 'example_subdag_operator.section-2', 'example_subdag_operator' retrieved from /Users/punny/Documents/GitHub/NYC-Taxi-ETL-Pipeline/.venv/lib/python3.10/site-packages/airflow/example_dags/example_subdag_operator.py
[2024-10-20T20:57:10.750+0700] {logging_mixin.py:190} INFO - [2024-10-20T20:57:10.749+0700] {dag.py:3239} INFO - Sync 3 DAGs
[2024-10-20T20:57:10.775+0700] {logging_mixin.py:190} INFO - [2024-10-20T20:57:10.774+0700] {dag.py:4180} INFO - Setting next_dagrun for example_subdag_operator to 2022-01-01 00:00:00+00:00, run_after=2022-01-01 00:00:00+00:00
[2024-10-20T20:57:10.778+0700] {logging_mixin.py:190} INFO - [2024-10-20T20:57:10.778+0700] {dag.py:4180} INFO - Setting next_dagrun for example_subdag_operator.section-1 to None, run_after=None
[2024-10-20T20:57:10.779+0700] {logging_mixin.py:190} INFO - [2024-10-20T20:57:10.779+0700] {dag.py:4180} INFO - Setting next_dagrun for example_subdag_operator.section-2 to None, run_after=None
[2024-10-20T20:57:10.786+0700] {logging_mixin.py:190} INFO - [2024-10-20T20:57:10.786+0700] {dag.py:3239} INFO - Sync 2 DAGs
[2024-10-20T20:57:10.790+0700] {logging_mixin.py:190} INFO - [2024-10-20T20:57:10.790+0700] {dag.py:4180} INFO - Setting next_dagrun for example_subdag_operator.section-1 to None, run_after=None
[2024-10-20T20:57:10.791+0700] {logging_mixin.py:190} INFO - [2024-10-20T20:57:10.791+0700] {dag.py:4180} INFO - Setting next_dagrun for example_subdag_operator.section-2 to None, run_after=None
[2024-10-20T20:57:10.806+0700] {processor.py:208} INFO - Processing /Users/punny/Documents/GitHub/NYC-Taxi-ETL-Pipeline/.venv/lib/python3.10/site-packages/airflow/example_dags/example_subdag_operator.py took 0.945 seconds
[2024-10-20T21:00:39.764+0700] {processor.py:186} INFO - Started process (PID=25449) to work on /Users/punny/Documents/GitHub/NYC-Taxi-ETL-Pipeline/.venv/lib/python3.10/site-packages/airflow/example_dags/example_subdag_operator.py
[2024-10-20T21:00:39.769+0700] {processor.py:914} INFO - Processing file /Users/punny/Documents/GitHub/NYC-Taxi-ETL-Pipeline/.venv/lib/python3.10/site-packages/airflow/example_dags/example_subdag_operator.py for tasks to queue
[2024-10-20T21:00:39.770+0700] {logging_mixin.py:190} INFO - [2024-10-20T21:00:39.770+0700] {dagbag.py:588} INFO - Filling up the DagBag from /Users/punny/Documents/GitHub/NYC-Taxi-ETL-Pipeline/.venv/lib/python3.10/site-packages/airflow/example_dags/example_subdag_operator.py
[2024-10-20T21:00:40.002+0700] {processor.py:925} INFO - DAG(s) 'example_subdag_operator.section-1', 'example_subdag_operator.section-2', 'example_subdag_operator' retrieved from /Users/punny/Documents/GitHub/NYC-Taxi-ETL-Pipeline/.venv/lib/python3.10/site-packages/airflow/example_dags/example_subdag_operator.py
[2024-10-20T21:00:40.449+0700] {logging_mixin.py:190} INFO - [2024-10-20T21:00:40.449+0700] {dag.py:3239} INFO - Sync 3 DAGs
[2024-10-20T21:00:40.472+0700] {logging_mixin.py:190} INFO - [2024-10-20T21:00:40.472+0700] {dag.py:4180} INFO - Setting next_dagrun for example_subdag_operator to 2022-01-01 00:00:00+00:00, run_after=2022-01-01 00:00:00+00:00
[2024-10-20T21:00:40.475+0700] {logging_mixin.py:190} INFO - [2024-10-20T21:00:40.475+0700] {dag.py:4180} INFO - Setting next_dagrun for example_subdag_operator.section-1 to None, run_after=None
[2024-10-20T21:00:40.477+0700] {logging_mixin.py:190} INFO - [2024-10-20T21:00:40.476+0700] {dag.py:4180} INFO - Setting next_dagrun for example_subdag_operator.section-2 to None, run_after=None
[2024-10-20T21:00:40.483+0700] {logging_mixin.py:190} INFO - [2024-10-20T21:00:40.483+0700] {dag.py:3239} INFO - Sync 2 DAGs
[2024-10-20T21:00:40.488+0700] {logging_mixin.py:190} INFO - [2024-10-20T21:00:40.488+0700] {dag.py:4180} INFO - Setting next_dagrun for example_subdag_operator.section-1 to None, run_after=None
[2024-10-20T21:00:40.488+0700] {logging_mixin.py:190} INFO - [2024-10-20T21:00:40.488+0700] {dag.py:4180} INFO - Setting next_dagrun for example_subdag_operator.section-2 to None, run_after=None
[2024-10-20T21:00:40.503+0700] {processor.py:208} INFO - Processing /Users/punny/Documents/GitHub/NYC-Taxi-ETL-Pipeline/.venv/lib/python3.10/site-packages/airflow/example_dags/example_subdag_operator.py took 0.745 seconds
[2024-10-20T21:04:13.272+0700] {processor.py:186} INFO - Started process (PID=25963) to work on /Users/punny/Documents/GitHub/NYC-Taxi-ETL-Pipeline/.venv/lib/python3.10/site-packages/airflow/example_dags/example_subdag_operator.py
[2024-10-20T21:04:13.278+0700] {processor.py:914} INFO - Processing file /Users/punny/Documents/GitHub/NYC-Taxi-ETL-Pipeline/.venv/lib/python3.10/site-packages/airflow/example_dags/example_subdag_operator.py for tasks to queue
[2024-10-20T21:04:13.280+0700] {logging_mixin.py:190} INFO - [2024-10-20T21:04:13.280+0700] {dagbag.py:588} INFO - Filling up the DagBag from /Users/punny/Documents/GitHub/NYC-Taxi-ETL-Pipeline/.venv/lib/python3.10/site-packages/airflow/example_dags/example_subdag_operator.py
[2024-10-20T21:04:13.945+0700] {processor.py:925} INFO - DAG(s) 'example_subdag_operator.section-1', 'example_subdag_operator.section-2', 'example_subdag_operator' retrieved from /Users/punny/Documents/GitHub/NYC-Taxi-ETL-Pipeline/.venv/lib/python3.10/site-packages/airflow/example_dags/example_subdag_operator.py
[2024-10-20T21:04:14.701+0700] {logging_mixin.py:190} INFO - [2024-10-20T21:04:14.701+0700] {dag.py:3239} INFO - Sync 3 DAGs
[2024-10-20T21:04:14.726+0700] {logging_mixin.py:190} INFO - [2024-10-20T21:04:14.725+0700] {dag.py:4180} INFO - Setting next_dagrun for example_subdag_operator to 2022-01-01 00:00:00+00:00, run_after=2022-01-01 00:00:00+00:00
[2024-10-20T21:04:14.732+0700] {logging_mixin.py:190} INFO - [2024-10-20T21:04:14.731+0700] {dag.py:4180} INFO - Setting next_dagrun for example_subdag_operator.section-1 to None, run_after=None
[2024-10-20T21:04:14.733+0700] {logging_mixin.py:190} INFO - [2024-10-20T21:04:14.733+0700] {dag.py:4180} INFO - Setting next_dagrun for example_subdag_operator.section-2 to None, run_after=None
[2024-10-20T21:04:14.741+0700] {logging_mixin.py:190} INFO - [2024-10-20T21:04:14.741+0700] {dag.py:3239} INFO - Sync 2 DAGs
[2024-10-20T21:04:14.748+0700] {logging_mixin.py:190} INFO - [2024-10-20T21:04:14.748+0700] {dag.py:4180} INFO - Setting next_dagrun for example_subdag_operator.section-1 to None, run_after=None
[2024-10-20T21:04:14.749+0700] {logging_mixin.py:190} INFO - [2024-10-20T21:04:14.749+0700] {dag.py:4180} INFO - Setting next_dagrun for example_subdag_operator.section-2 to None, run_after=None
[2024-10-20T21:04:14.766+0700] {processor.py:208} INFO - Processing /Users/punny/Documents/GitHub/NYC-Taxi-ETL-Pipeline/.venv/lib/python3.10/site-packages/airflow/example_dags/example_subdag_operator.py took 1.578 seconds
[2024-10-20T21:07:57.856+0700] {processor.py:186} INFO - Started process (PID=26473) to work on /Users/punny/Documents/GitHub/NYC-Taxi-ETL-Pipeline/.venv/lib/python3.10/site-packages/airflow/example_dags/example_subdag_operator.py
[2024-10-20T21:07:57.860+0700] {processor.py:914} INFO - Processing file /Users/punny/Documents/GitHub/NYC-Taxi-ETL-Pipeline/.venv/lib/python3.10/site-packages/airflow/example_dags/example_subdag_operator.py for tasks to queue
[2024-10-20T21:07:57.862+0700] {logging_mixin.py:190} INFO - [2024-10-20T21:07:57.861+0700] {dagbag.py:588} INFO - Filling up the DagBag from /Users/punny/Documents/GitHub/NYC-Taxi-ETL-Pipeline/.venv/lib/python3.10/site-packages/airflow/example_dags/example_subdag_operator.py
[2024-10-20T21:07:58.057+0700] {processor.py:925} INFO - DAG(s) 'example_subdag_operator.section-1', 'example_subdag_operator.section-2', 'example_subdag_operator' retrieved from /Users/punny/Documents/GitHub/NYC-Taxi-ETL-Pipeline/.venv/lib/python3.10/site-packages/airflow/example_dags/example_subdag_operator.py
[2024-10-20T21:07:58.658+0700] {logging_mixin.py:190} INFO - [2024-10-20T21:07:58.657+0700] {dag.py:3239} INFO - Sync 3 DAGs
[2024-10-20T21:07:58.680+0700] {logging_mixin.py:190} INFO - [2024-10-20T21:07:58.679+0700] {dag.py:4180} INFO - Setting next_dagrun for example_subdag_operator to 2022-01-01 00:00:00+00:00, run_after=2022-01-01 00:00:00+00:00
[2024-10-20T21:07:58.683+0700] {logging_mixin.py:190} INFO - [2024-10-20T21:07:58.683+0700] {dag.py:4180} INFO - Setting next_dagrun for example_subdag_operator.section-1 to None, run_after=None
[2024-10-20T21:07:58.685+0700] {logging_mixin.py:190} INFO - [2024-10-20T21:07:58.684+0700] {dag.py:4180} INFO - Setting next_dagrun for example_subdag_operator.section-2 to None, run_after=None
[2024-10-20T21:07:58.691+0700] {logging_mixin.py:190} INFO - [2024-10-20T21:07:58.691+0700] {dag.py:3239} INFO - Sync 2 DAGs
[2024-10-20T21:07:58.695+0700] {logging_mixin.py:190} INFO - [2024-10-20T21:07:58.695+0700] {dag.py:4180} INFO - Setting next_dagrun for example_subdag_operator.section-1 to None, run_after=None
[2024-10-20T21:07:58.696+0700] {logging_mixin.py:190} INFO - [2024-10-20T21:07:58.696+0700] {dag.py:4180} INFO - Setting next_dagrun for example_subdag_operator.section-2 to None, run_after=None
[2024-10-20T21:07:58.716+0700] {processor.py:208} INFO - Processing /Users/punny/Documents/GitHub/NYC-Taxi-ETL-Pipeline/.venv/lib/python3.10/site-packages/airflow/example_dags/example_subdag_operator.py took 0.868 seconds
[2024-10-20T21:10:55.334+0700] {processor.py:186} INFO - Started process (PID=26836) to work on /Users/punny/Documents/GitHub/NYC-Taxi-ETL-Pipeline/.venv/lib/python3.10/site-packages/airflow/example_dags/example_subdag_operator.py
[2024-10-20T21:10:55.338+0700] {processor.py:914} INFO - Processing file /Users/punny/Documents/GitHub/NYC-Taxi-ETL-Pipeline/.venv/lib/python3.10/site-packages/airflow/example_dags/example_subdag_operator.py for tasks to queue
[2024-10-20T21:10:55.339+0700] {logging_mixin.py:190} INFO - [2024-10-20T21:10:55.339+0700] {dagbag.py:588} INFO - Filling up the DagBag from /Users/punny/Documents/GitHub/NYC-Taxi-ETL-Pipeline/.venv/lib/python3.10/site-packages/airflow/example_dags/example_subdag_operator.py
[2024-10-20T21:10:55.535+0700] {processor.py:925} INFO - DAG(s) 'example_subdag_operator.section-1', 'example_subdag_operator.section-2', 'example_subdag_operator' retrieved from /Users/punny/Documents/GitHub/NYC-Taxi-ETL-Pipeline/.venv/lib/python3.10/site-packages/airflow/example_dags/example_subdag_operator.py
[2024-10-20T21:10:56.130+0700] {logging_mixin.py:190} INFO - [2024-10-20T21:10:56.129+0700] {dag.py:3239} INFO - Sync 3 DAGs
[2024-10-20T21:10:56.151+0700] {logging_mixin.py:190} INFO - [2024-10-20T21:10:56.151+0700] {dag.py:4180} INFO - Setting next_dagrun for example_subdag_operator to 2022-01-01 00:00:00+00:00, run_after=2022-01-01 00:00:00+00:00
[2024-10-20T21:10:56.156+0700] {logging_mixin.py:190} INFO - [2024-10-20T21:10:56.155+0700] {dag.py:4180} INFO - Setting next_dagrun for example_subdag_operator.section-1 to None, run_after=None
[2024-10-20T21:10:56.157+0700] {logging_mixin.py:190} INFO - [2024-10-20T21:10:56.157+0700] {dag.py:4180} INFO - Setting next_dagrun for example_subdag_operator.section-2 to None, run_after=None
[2024-10-20T21:10:56.164+0700] {logging_mixin.py:190} INFO - [2024-10-20T21:10:56.164+0700] {dag.py:3239} INFO - Sync 2 DAGs
[2024-10-20T21:10:56.169+0700] {logging_mixin.py:190} INFO - [2024-10-20T21:10:56.168+0700] {dag.py:4180} INFO - Setting next_dagrun for example_subdag_operator.section-1 to None, run_after=None
[2024-10-20T21:10:56.169+0700] {logging_mixin.py:190} INFO - [2024-10-20T21:10:56.169+0700] {dag.py:4180} INFO - Setting next_dagrun for example_subdag_operator.section-2 to None, run_after=None
[2024-10-20T21:10:56.191+0700] {processor.py:208} INFO - Processing /Users/punny/Documents/GitHub/NYC-Taxi-ETL-Pipeline/.venv/lib/python3.10/site-packages/airflow/example_dags/example_subdag_operator.py took 0.866 seconds
[2024-10-20T21:29:17.809+0700] {processor.py:186} INFO - Started process (PID=27482) to work on /Users/punny/Documents/GitHub/NYC-Taxi-ETL-Pipeline/.venv/lib/python3.10/site-packages/airflow/example_dags/example_subdag_operator.py
[2024-10-20T21:29:17.813+0700] {processor.py:914} INFO - Processing file /Users/punny/Documents/GitHub/NYC-Taxi-ETL-Pipeline/.venv/lib/python3.10/site-packages/airflow/example_dags/example_subdag_operator.py for tasks to queue
[2024-10-20T21:29:17.815+0700] {logging_mixin.py:190} INFO - [2024-10-20T21:29:17.815+0700] {dagbag.py:588} INFO - Filling up the DagBag from /Users/punny/Documents/GitHub/NYC-Taxi-ETL-Pipeline/.venv/lib/python3.10/site-packages/airflow/example_dags/example_subdag_operator.py
[2024-10-20T21:29:18.077+0700] {processor.py:925} INFO - DAG(s) 'example_subdag_operator.section-1', 'example_subdag_operator.section-2', 'example_subdag_operator' retrieved from /Users/punny/Documents/GitHub/NYC-Taxi-ETL-Pipeline/.venv/lib/python3.10/site-packages/airflow/example_dags/example_subdag_operator.py
[2024-10-20T21:29:18.872+0700] {logging_mixin.py:190} INFO - [2024-10-20T21:29:18.871+0700] {dag.py:3239} INFO - Sync 3 DAGs
[2024-10-20T21:29:18.898+0700] {logging_mixin.py:190} INFO - [2024-10-20T21:29:18.898+0700] {dag.py:4180} INFO - Setting next_dagrun for example_subdag_operator to 2022-01-01 00:00:00+00:00, run_after=2022-01-01 00:00:00+00:00
[2024-10-20T21:29:18.902+0700] {logging_mixin.py:190} INFO - [2024-10-20T21:29:18.902+0700] {dag.py:4180} INFO - Setting next_dagrun for example_subdag_operator.section-1 to None, run_after=None
[2024-10-20T21:29:18.904+0700] {logging_mixin.py:190} INFO - [2024-10-20T21:29:18.903+0700] {dag.py:4180} INFO - Setting next_dagrun for example_subdag_operator.section-2 to None, run_after=None
[2024-10-20T21:29:18.912+0700] {logging_mixin.py:190} INFO - [2024-10-20T21:29:18.912+0700] {dag.py:3239} INFO - Sync 2 DAGs
[2024-10-20T21:29:18.918+0700] {logging_mixin.py:190} INFO - [2024-10-20T21:29:18.917+0700] {dag.py:4180} INFO - Setting next_dagrun for example_subdag_operator.section-1 to None, run_after=None
[2024-10-20T21:29:18.918+0700] {logging_mixin.py:190} INFO - [2024-10-20T21:29:18.918+0700] {dag.py:4180} INFO - Setting next_dagrun for example_subdag_operator.section-2 to None, run_after=None
[2024-10-20T21:29:18.936+0700] {processor.py:208} INFO - Processing /Users/punny/Documents/GitHub/NYC-Taxi-ETL-Pipeline/.venv/lib/python3.10/site-packages/airflow/example_dags/example_subdag_operator.py took 1.141 seconds
[2024-10-20T21:32:59.217+0700] {processor.py:186} INFO - Started process (PID=28103) to work on /Users/punny/Documents/GitHub/NYC-Taxi-ETL-Pipeline/.venv/lib/python3.10/site-packages/airflow/example_dags/example_subdag_operator.py
[2024-10-20T21:32:59.224+0700] {processor.py:914} INFO - Processing file /Users/punny/Documents/GitHub/NYC-Taxi-ETL-Pipeline/.venv/lib/python3.10/site-packages/airflow/example_dags/example_subdag_operator.py for tasks to queue
[2024-10-20T21:32:59.226+0700] {logging_mixin.py:190} INFO - [2024-10-20T21:32:59.226+0700] {dagbag.py:588} INFO - Filling up the DagBag from /Users/punny/Documents/GitHub/NYC-Taxi-ETL-Pipeline/.venv/lib/python3.10/site-packages/airflow/example_dags/example_subdag_operator.py
[2024-10-20T21:32:59.464+0700] {processor.py:925} INFO - DAG(s) 'example_subdag_operator.section-1', 'example_subdag_operator.section-2', 'example_subdag_operator' retrieved from /Users/punny/Documents/GitHub/NYC-Taxi-ETL-Pipeline/.venv/lib/python3.10/site-packages/airflow/example_dags/example_subdag_operator.py
[2024-10-20T21:33:00.154+0700] {logging_mixin.py:190} INFO - [2024-10-20T21:33:00.154+0700] {dag.py:3239} INFO - Sync 3 DAGs
[2024-10-20T21:33:00.178+0700] {logging_mixin.py:190} INFO - [2024-10-20T21:33:00.177+0700] {dag.py:4180} INFO - Setting next_dagrun for example_subdag_operator to 2022-01-01 00:00:00+00:00, run_after=2022-01-01 00:00:00+00:00
[2024-10-20T21:33:00.181+0700] {logging_mixin.py:190} INFO - [2024-10-20T21:33:00.181+0700] {dag.py:4180} INFO - Setting next_dagrun for example_subdag_operator.section-1 to None, run_after=None
[2024-10-20T21:33:00.183+0700] {logging_mixin.py:190} INFO - [2024-10-20T21:33:00.182+0700] {dag.py:4180} INFO - Setting next_dagrun for example_subdag_operator.section-2 to None, run_after=None
[2024-10-20T21:33:00.190+0700] {logging_mixin.py:190} INFO - [2024-10-20T21:33:00.190+0700] {dag.py:3239} INFO - Sync 2 DAGs
[2024-10-20T21:33:00.195+0700] {logging_mixin.py:190} INFO - [2024-10-20T21:33:00.195+0700] {dag.py:4180} INFO - Setting next_dagrun for example_subdag_operator.section-1 to None, run_after=None
[2024-10-20T21:33:00.196+0700] {logging_mixin.py:190} INFO - [2024-10-20T21:33:00.195+0700] {dag.py:4180} INFO - Setting next_dagrun for example_subdag_operator.section-2 to None, run_after=None
[2024-10-20T21:33:00.210+0700] {processor.py:208} INFO - Processing /Users/punny/Documents/GitHub/NYC-Taxi-ETL-Pipeline/.venv/lib/python3.10/site-packages/airflow/example_dags/example_subdag_operator.py took 1.009 seconds
[2024-10-20T21:56:30.308+0700] {processor.py:186} INFO - Started process (PID=31190) to work on /Users/punny/Documents/GitHub/NYC-Taxi-ETL-Pipeline/.venv/lib/python3.10/site-packages/airflow/example_dags/example_subdag_operator.py
[2024-10-20T21:56:30.311+0700] {processor.py:914} INFO - Processing file /Users/punny/Documents/GitHub/NYC-Taxi-ETL-Pipeline/.venv/lib/python3.10/site-packages/airflow/example_dags/example_subdag_operator.py for tasks to queue
[2024-10-20T21:56:30.313+0700] {logging_mixin.py:190} INFO - [2024-10-20T21:56:30.312+0700] {dagbag.py:588} INFO - Filling up the DagBag from /Users/punny/Documents/GitHub/NYC-Taxi-ETL-Pipeline/.venv/lib/python3.10/site-packages/airflow/example_dags/example_subdag_operator.py
[2024-10-20T21:56:30.511+0700] {processor.py:925} INFO - DAG(s) 'example_subdag_operator.section-1', 'example_subdag_operator.section-2', 'example_subdag_operator' retrieved from /Users/punny/Documents/GitHub/NYC-Taxi-ETL-Pipeline/.venv/lib/python3.10/site-packages/airflow/example_dags/example_subdag_operator.py
[2024-10-20T21:56:30.996+0700] {logging_mixin.py:190} INFO - [2024-10-20T21:56:30.995+0700] {dag.py:3239} INFO - Sync 3 DAGs
[2024-10-20T21:56:31.023+0700] {logging_mixin.py:190} INFO - [2024-10-20T21:56:31.022+0700] {dag.py:4180} INFO - Setting next_dagrun for example_subdag_operator to 2022-01-01 00:00:00+00:00, run_after=2022-01-01 00:00:00+00:00
[2024-10-20T21:56:31.027+0700] {logging_mixin.py:190} INFO - [2024-10-20T21:56:31.026+0700] {dag.py:4180} INFO - Setting next_dagrun for example_subdag_operator.section-1 to None, run_after=None
[2024-10-20T21:56:31.029+0700] {logging_mixin.py:190} INFO - [2024-10-20T21:56:31.028+0700] {dag.py:4180} INFO - Setting next_dagrun for example_subdag_operator.section-2 to None, run_after=None
[2024-10-20T21:56:31.037+0700] {logging_mixin.py:190} INFO - [2024-10-20T21:56:31.037+0700] {dag.py:3239} INFO - Sync 2 DAGs
[2024-10-20T21:56:31.043+0700] {logging_mixin.py:190} INFO - [2024-10-20T21:56:31.042+0700] {dag.py:4180} INFO - Setting next_dagrun for example_subdag_operator.section-1 to None, run_after=None
[2024-10-20T21:56:31.043+0700] {logging_mixin.py:190} INFO - [2024-10-20T21:56:31.043+0700] {dag.py:4180} INFO - Setting next_dagrun for example_subdag_operator.section-2 to None, run_after=None
[2024-10-20T21:56:31.059+0700] {processor.py:208} INFO - Processing /Users/punny/Documents/GitHub/NYC-Taxi-ETL-Pipeline/.venv/lib/python3.10/site-packages/airflow/example_dags/example_subdag_operator.py took 0.760 seconds
[2024-10-20T22:30:47.022+0700] {processor.py:186} INFO - Started process (PID=31882) to work on /Users/punny/Documents/GitHub/NYC-Taxi-ETL-Pipeline/.venv/lib/python3.10/site-packages/airflow/example_dags/example_subdag_operator.py
[2024-10-20T22:30:47.026+0700] {processor.py:914} INFO - Processing file /Users/punny/Documents/GitHub/NYC-Taxi-ETL-Pipeline/.venv/lib/python3.10/site-packages/airflow/example_dags/example_subdag_operator.py for tasks to queue
[2024-10-20T22:30:47.028+0700] {logging_mixin.py:190} INFO - [2024-10-20T22:30:47.028+0700] {dagbag.py:588} INFO - Filling up the DagBag from /Users/punny/Documents/GitHub/NYC-Taxi-ETL-Pipeline/.venv/lib/python3.10/site-packages/airflow/example_dags/example_subdag_operator.py
[2024-10-20T22:30:47.365+0700] {processor.py:925} INFO - DAG(s) 'example_subdag_operator.section-1', 'example_subdag_operator.section-2', 'example_subdag_operator' retrieved from /Users/punny/Documents/GitHub/NYC-Taxi-ETL-Pipeline/.venv/lib/python3.10/site-packages/airflow/example_dags/example_subdag_operator.py
[2024-10-20T22:30:48.332+0700] {logging_mixin.py:190} INFO - [2024-10-20T22:30:48.331+0700] {dag.py:3239} INFO - Sync 3 DAGs
[2024-10-20T22:30:48.370+0700] {logging_mixin.py:190} INFO - [2024-10-20T22:30:48.370+0700] {dag.py:4180} INFO - Setting next_dagrun for example_subdag_operator to 2022-01-01 00:00:00+00:00, run_after=2022-01-01 00:00:00+00:00
[2024-10-20T22:30:48.378+0700] {logging_mixin.py:190} INFO - [2024-10-20T22:30:48.377+0700] {dag.py:4180} INFO - Setting next_dagrun for example_subdag_operator.section-1 to None, run_after=None
[2024-10-20T22:30:48.380+0700] {logging_mixin.py:190} INFO - [2024-10-20T22:30:48.380+0700] {dag.py:4180} INFO - Setting next_dagrun for example_subdag_operator.section-2 to None, run_after=None
[2024-10-20T22:30:48.391+0700] {logging_mixin.py:190} INFO - [2024-10-20T22:30:48.390+0700] {dag.py:3239} INFO - Sync 2 DAGs
[2024-10-20T22:30:48.398+0700] {logging_mixin.py:190} INFO - [2024-10-20T22:30:48.397+0700] {dag.py:4180} INFO - Setting next_dagrun for example_subdag_operator.section-1 to None, run_after=None
[2024-10-20T22:30:48.399+0700] {logging_mixin.py:190} INFO - [2024-10-20T22:30:48.398+0700] {dag.py:4180} INFO - Setting next_dagrun for example_subdag_operator.section-2 to None, run_after=None
[2024-10-20T22:30:48.422+0700] {processor.py:208} INFO - Processing /Users/punny/Documents/GitHub/NYC-Taxi-ETL-Pipeline/.venv/lib/python3.10/site-packages/airflow/example_dags/example_subdag_operator.py took 1.414 seconds
[2024-10-21T00:47:58.128+0700] {processor.py:186} INFO - Started process (PID=32581) to work on /Users/punny/Documents/GitHub/NYC-Taxi-ETL-Pipeline/.venv/lib/python3.10/site-packages/airflow/example_dags/example_subdag_operator.py
[2024-10-21T00:47:58.132+0700] {processor.py:914} INFO - Processing file /Users/punny/Documents/GitHub/NYC-Taxi-ETL-Pipeline/.venv/lib/python3.10/site-packages/airflow/example_dags/example_subdag_operator.py for tasks to queue
[2024-10-21T00:47:58.133+0700] {logging_mixin.py:190} INFO - [2024-10-21T00:47:58.133+0700] {dagbag.py:588} INFO - Filling up the DagBag from /Users/punny/Documents/GitHub/NYC-Taxi-ETL-Pipeline/.venv/lib/python3.10/site-packages/airflow/example_dags/example_subdag_operator.py
[2024-10-21T00:47:58.378+0700] {processor.py:925} INFO - DAG(s) 'example_subdag_operator.section-1', 'example_subdag_operator.section-2', 'example_subdag_operator' retrieved from /Users/punny/Documents/GitHub/NYC-Taxi-ETL-Pipeline/.venv/lib/python3.10/site-packages/airflow/example_dags/example_subdag_operator.py
[2024-10-21T00:47:58.893+0700] {logging_mixin.py:190} INFO - [2024-10-21T00:47:58.892+0700] {dag.py:3239} INFO - Sync 3 DAGs
[2024-10-21T00:47:58.917+0700] {logging_mixin.py:190} INFO - [2024-10-21T00:47:58.916+0700] {dag.py:4180} INFO - Setting next_dagrun for example_subdag_operator to 2022-01-01 00:00:00+00:00, run_after=2022-01-01 00:00:00+00:00
[2024-10-21T00:47:58.920+0700] {logging_mixin.py:190} INFO - [2024-10-21T00:47:58.920+0700] {dag.py:4180} INFO - Setting next_dagrun for example_subdag_operator.section-1 to None, run_after=None
[2024-10-21T00:47:58.922+0700] {logging_mixin.py:190} INFO - [2024-10-21T00:47:58.922+0700] {dag.py:4180} INFO - Setting next_dagrun for example_subdag_operator.section-2 to None, run_after=None
[2024-10-21T00:47:58.929+0700] {logging_mixin.py:190} INFO - [2024-10-21T00:47:58.929+0700] {dag.py:3239} INFO - Sync 2 DAGs
[2024-10-21T00:47:58.934+0700] {logging_mixin.py:190} INFO - [2024-10-21T00:47:58.934+0700] {dag.py:4180} INFO - Setting next_dagrun for example_subdag_operator.section-1 to None, run_after=None
[2024-10-21T00:47:58.935+0700] {logging_mixin.py:190} INFO - [2024-10-21T00:47:58.935+0700] {dag.py:4180} INFO - Setting next_dagrun for example_subdag_operator.section-2 to None, run_after=None
[2024-10-21T00:47:58.950+0700] {processor.py:208} INFO - Processing /Users/punny/Documents/GitHub/NYC-Taxi-ETL-Pipeline/.venv/lib/python3.10/site-packages/airflow/example_dags/example_subdag_operator.py took 0.830 seconds
[2024-10-21T03:03:54.840+0700] {processor.py:186} INFO - Started process (PID=33259) to work on /Users/punny/Documents/GitHub/NYC-Taxi-ETL-Pipeline/.venv/lib/python3.10/site-packages/airflow/example_dags/example_subdag_operator.py
[2024-10-21T03:03:54.845+0700] {processor.py:914} INFO - Processing file /Users/punny/Documents/GitHub/NYC-Taxi-ETL-Pipeline/.venv/lib/python3.10/site-packages/airflow/example_dags/example_subdag_operator.py for tasks to queue
[2024-10-21T03:03:54.846+0700] {logging_mixin.py:190} INFO - [2024-10-21T03:03:54.846+0700] {dagbag.py:588} INFO - Filling up the DagBag from /Users/punny/Documents/GitHub/NYC-Taxi-ETL-Pipeline/.venv/lib/python3.10/site-packages/airflow/example_dags/example_subdag_operator.py
[2024-10-21T03:03:55.063+0700] {processor.py:925} INFO - DAG(s) 'example_subdag_operator.section-1', 'example_subdag_operator.section-2', 'example_subdag_operator' retrieved from /Users/punny/Documents/GitHub/NYC-Taxi-ETL-Pipeline/.venv/lib/python3.10/site-packages/airflow/example_dags/example_subdag_operator.py
[2024-10-21T03:03:55.736+0700] {logging_mixin.py:190} INFO - [2024-10-21T03:03:55.735+0700] {dag.py:3239} INFO - Sync 3 DAGs
[2024-10-21T03:03:55.762+0700] {logging_mixin.py:190} INFO - [2024-10-21T03:03:55.761+0700] {dag.py:4180} INFO - Setting next_dagrun for example_subdag_operator to 2022-01-01 00:00:00+00:00, run_after=2022-01-01 00:00:00+00:00
[2024-10-21T03:03:55.765+0700] {logging_mixin.py:190} INFO - [2024-10-21T03:03:55.765+0700] {dag.py:4180} INFO - Setting next_dagrun for example_subdag_operator.section-1 to None, run_after=None
[2024-10-21T03:03:55.767+0700] {logging_mixin.py:190} INFO - [2024-10-21T03:03:55.767+0700] {dag.py:4180} INFO - Setting next_dagrun for example_subdag_operator.section-2 to None, run_after=None
[2024-10-21T03:03:55.773+0700] {logging_mixin.py:190} INFO - [2024-10-21T03:03:55.773+0700] {dag.py:3239} INFO - Sync 2 DAGs
[2024-10-21T03:03:55.778+0700] {logging_mixin.py:190} INFO - [2024-10-21T03:03:55.778+0700] {dag.py:4180} INFO - Setting next_dagrun for example_subdag_operator.section-1 to None, run_after=None
[2024-10-21T03:03:55.778+0700] {logging_mixin.py:190} INFO - [2024-10-21T03:03:55.778+0700] {dag.py:4180} INFO - Setting next_dagrun for example_subdag_operator.section-2 to None, run_after=None
[2024-10-21T03:03:55.795+0700] {processor.py:208} INFO - Processing /Users/punny/Documents/GitHub/NYC-Taxi-ETL-Pipeline/.venv/lib/python3.10/site-packages/airflow/example_dags/example_subdag_operator.py took 0.966 seconds
