[2024-10-20T20:42:23.619+0700] {processor.py:186} INFO - Started process (PID=22568) to work on /Users/punny/Documents/GitHub/NYC-Taxi-ETL-Pipeline/.venv/lib/python3.10/site-packages/airflow/example_dags/example_trigger_target_dag.py
[2024-10-20T20:42:23.622+0700] {processor.py:914} INFO - Processing file /Users/punny/Documents/GitHub/NYC-Taxi-ETL-Pipeline/.venv/lib/python3.10/site-packages/airflow/example_dags/example_trigger_target_dag.py for tasks to queue
[2024-10-20T20:42:23.623+0700] {logging_mixin.py:190} INFO - [2024-10-20T20:42:23.623+0700] {dagbag.py:588} INFO - Filling up the DagBag from /Users/punny/Documents/GitHub/NYC-Taxi-ETL-Pipeline/.venv/lib/python3.10/site-packages/airflow/example_dags/example_trigger_target_dag.py
[2024-10-20T20:42:23.712+0700] {processor.py:925} INFO - DAG(s) 'example_trigger_target_dag' retrieved from /Users/punny/Documents/GitHub/NYC-Taxi-ETL-Pipeline/.venv/lib/python3.10/site-packages/airflow/example_dags/example_trigger_target_dag.py
[2024-10-20T20:42:24.135+0700] {logging_mixin.py:190} INFO - [2024-10-20T20:42:24.134+0700] {override.py:1907} INFO - Created Permission View: can edit on DAG:example_trigger_target_dag
[2024-10-20T20:42:24.150+0700] {logging_mixin.py:190} INFO - [2024-10-20T20:42:24.149+0700] {override.py:1907} INFO - Created Permission View: can read on DAG:example_trigger_target_dag
[2024-10-20T20:42:24.163+0700] {logging_mixin.py:190} INFO - [2024-10-20T20:42:24.162+0700] {override.py:1907} INFO - Created Permission View: can delete on DAG:example_trigger_target_dag
[2024-10-20T20:42:24.175+0700] {logging_mixin.py:190} INFO - [2024-10-20T20:42:24.174+0700] {override.py:1907} INFO - Created Permission View: menu access on DAG Run:example_trigger_target_dag
[2024-10-20T20:42:24.184+0700] {logging_mixin.py:190} INFO - [2024-10-20T20:42:24.183+0700] {override.py:1907} INFO - Created Permission View: can read on DAG Run:example_trigger_target_dag
[2024-10-20T20:42:24.193+0700] {logging_mixin.py:190} INFO - [2024-10-20T20:42:24.192+0700] {override.py:1907} INFO - Created Permission View: can create on DAG Run:example_trigger_target_dag
[2024-10-20T20:42:24.202+0700] {logging_mixin.py:190} INFO - [2024-10-20T20:42:24.202+0700] {override.py:1907} INFO - Created Permission View: can delete on DAG Run:example_trigger_target_dag
[2024-10-20T20:42:24.203+0700] {logging_mixin.py:190} INFO - [2024-10-20T20:42:24.203+0700] {dag.py:3239} INFO - Sync 1 DAGs
[2024-10-20T20:42:24.220+0700] {logging_mixin.py:190} INFO - [2024-10-20T20:42:24.219+0700] {dag.py:3262} INFO - Creating ORM DAG for example_trigger_target_dag
[2024-10-20T20:42:24.220+0700] {logging_mixin.py:190} INFO - [2024-10-20T20:42:24.220+0700] {dag.py:4180} INFO - Setting next_dagrun for example_trigger_target_dag to None, run_after=None
[2024-10-20T20:42:24.244+0700] {processor.py:208} INFO - Processing /Users/punny/Documents/GitHub/NYC-Taxi-ETL-Pipeline/.venv/lib/python3.10/site-packages/airflow/example_dags/example_trigger_target_dag.py took 0.637 seconds
[2024-10-20T20:46:51.577+0700] {processor.py:186} INFO - Started process (PID=23326) to work on /Users/punny/Documents/GitHub/NYC-Taxi-ETL-Pipeline/.venv/lib/python3.10/site-packages/airflow/example_dags/example_trigger_target_dag.py
[2024-10-20T20:46:51.580+0700] {processor.py:914} INFO - Processing file /Users/punny/Documents/GitHub/NYC-Taxi-ETL-Pipeline/.venv/lib/python3.10/site-packages/airflow/example_dags/example_trigger_target_dag.py for tasks to queue
[2024-10-20T20:46:51.581+0700] {logging_mixin.py:190} INFO - [2024-10-20T20:46:51.581+0700] {dagbag.py:588} INFO - Filling up the DagBag from /Users/punny/Documents/GitHub/NYC-Taxi-ETL-Pipeline/.venv/lib/python3.10/site-packages/airflow/example_dags/example_trigger_target_dag.py
[2024-10-20T20:46:51.623+0700] {processor.py:925} INFO - DAG(s) 'example_trigger_target_dag' retrieved from /Users/punny/Documents/GitHub/NYC-Taxi-ETL-Pipeline/.venv/lib/python3.10/site-packages/airflow/example_dags/example_trigger_target_dag.py
[2024-10-20T20:46:51.811+0700] {logging_mixin.py:190} INFO - [2024-10-20T20:46:51.810+0700] {dag.py:3239} INFO - Sync 1 DAGs
[2024-10-20T20:46:51.825+0700] {logging_mixin.py:190} INFO - [2024-10-20T20:46:51.825+0700] {dag.py:4180} INFO - Setting next_dagrun for example_trigger_target_dag to None, run_after=None
[2024-10-20T20:46:51.846+0700] {processor.py:208} INFO - Processing /Users/punny/Documents/GitHub/NYC-Taxi-ETL-Pipeline/.venv/lib/python3.10/site-packages/airflow/example_dags/example_trigger_target_dag.py took 0.277 seconds
[2024-10-20T20:50:09.622+0700] {processor.py:186} INFO - Started process (PID=23791) to work on /Users/punny/Documents/GitHub/NYC-Taxi-ETL-Pipeline/.venv/lib/python3.10/site-packages/airflow/example_dags/example_trigger_target_dag.py
[2024-10-20T20:50:09.625+0700] {processor.py:914} INFO - Processing file /Users/punny/Documents/GitHub/NYC-Taxi-ETL-Pipeline/.venv/lib/python3.10/site-packages/airflow/example_dags/example_trigger_target_dag.py for tasks to queue
[2024-10-20T20:50:09.626+0700] {logging_mixin.py:190} INFO - [2024-10-20T20:50:09.626+0700] {dagbag.py:588} INFO - Filling up the DagBag from /Users/punny/Documents/GitHub/NYC-Taxi-ETL-Pipeline/.venv/lib/python3.10/site-packages/airflow/example_dags/example_trigger_target_dag.py
[2024-10-20T20:50:09.668+0700] {processor.py:925} INFO - DAG(s) 'example_trigger_target_dag' retrieved from /Users/punny/Documents/GitHub/NYC-Taxi-ETL-Pipeline/.venv/lib/python3.10/site-packages/airflow/example_dags/example_trigger_target_dag.py
[2024-10-20T20:50:09.874+0700] {logging_mixin.py:190} INFO - [2024-10-20T20:50:09.874+0700] {dag.py:3239} INFO - Sync 1 DAGs
[2024-10-20T20:50:09.888+0700] {logging_mixin.py:190} INFO - [2024-10-20T20:50:09.888+0700] {dag.py:4180} INFO - Setting next_dagrun for example_trigger_target_dag to None, run_after=None
[2024-10-20T20:50:09.910+0700] {processor.py:208} INFO - Processing /Users/punny/Documents/GitHub/NYC-Taxi-ETL-Pipeline/.venv/lib/python3.10/site-packages/airflow/example_dags/example_trigger_target_dag.py took 0.296 seconds
[2024-10-20T20:53:30.621+0700] {processor.py:186} INFO - Started process (PID=24261) to work on /Users/punny/Documents/GitHub/NYC-Taxi-ETL-Pipeline/.venv/lib/python3.10/site-packages/airflow/example_dags/example_trigger_target_dag.py
[2024-10-20T20:53:30.625+0700] {processor.py:914} INFO - Processing file /Users/punny/Documents/GitHub/NYC-Taxi-ETL-Pipeline/.venv/lib/python3.10/site-packages/airflow/example_dags/example_trigger_target_dag.py for tasks to queue
[2024-10-20T20:53:30.626+0700] {logging_mixin.py:190} INFO - [2024-10-20T20:53:30.626+0700] {dagbag.py:588} INFO - Filling up the DagBag from /Users/punny/Documents/GitHub/NYC-Taxi-ETL-Pipeline/.venv/lib/python3.10/site-packages/airflow/example_dags/example_trigger_target_dag.py
[2024-10-20T20:53:30.685+0700] {processor.py:925} INFO - DAG(s) 'example_trigger_target_dag' retrieved from /Users/punny/Documents/GitHub/NYC-Taxi-ETL-Pipeline/.venv/lib/python3.10/site-packages/airflow/example_dags/example_trigger_target_dag.py
[2024-10-20T20:53:30.878+0700] {logging_mixin.py:190} INFO - [2024-10-20T20:53:30.878+0700] {dag.py:3239} INFO - Sync 1 DAGs
[2024-10-20T20:53:30.895+0700] {logging_mixin.py:190} INFO - [2024-10-20T20:53:30.895+0700] {dag.py:4180} INFO - Setting next_dagrun for example_trigger_target_dag to None, run_after=None
[2024-10-20T20:53:30.918+0700] {processor.py:208} INFO - Processing /Users/punny/Documents/GitHub/NYC-Taxi-ETL-Pipeline/.venv/lib/python3.10/site-packages/airflow/example_dags/example_trigger_target_dag.py took 0.304 seconds
[2024-10-20T20:56:51.077+0700] {processor.py:186} INFO - Started process (PID=24755) to work on /Users/punny/Documents/GitHub/NYC-Taxi-ETL-Pipeline/.venv/lib/python3.10/site-packages/airflow/example_dags/example_trigger_target_dag.py
[2024-10-20T20:56:51.081+0700] {processor.py:914} INFO - Processing file /Users/punny/Documents/GitHub/NYC-Taxi-ETL-Pipeline/.venv/lib/python3.10/site-packages/airflow/example_dags/example_trigger_target_dag.py for tasks to queue
[2024-10-20T20:56:51.082+0700] {logging_mixin.py:190} INFO - [2024-10-20T20:56:51.082+0700] {dagbag.py:588} INFO - Filling up the DagBag from /Users/punny/Documents/GitHub/NYC-Taxi-ETL-Pipeline/.venv/lib/python3.10/site-packages/airflow/example_dags/example_trigger_target_dag.py
[2024-10-20T20:56:51.131+0700] {processor.py:925} INFO - DAG(s) 'example_trigger_target_dag' retrieved from /Users/punny/Documents/GitHub/NYC-Taxi-ETL-Pipeline/.venv/lib/python3.10/site-packages/airflow/example_dags/example_trigger_target_dag.py
[2024-10-20T20:56:51.369+0700] {logging_mixin.py:190} INFO - [2024-10-20T20:56:51.369+0700] {dag.py:3239} INFO - Sync 1 DAGs
[2024-10-20T20:56:51.389+0700] {logging_mixin.py:190} INFO - [2024-10-20T20:56:51.389+0700] {dag.py:4180} INFO - Setting next_dagrun for example_trigger_target_dag to None, run_after=None
[2024-10-20T20:56:51.416+0700] {processor.py:208} INFO - Processing /Users/punny/Documents/GitHub/NYC-Taxi-ETL-Pipeline/.venv/lib/python3.10/site-packages/airflow/example_dags/example_trigger_target_dag.py took 0.348 seconds
[2024-10-20T21:00:18.938+0700] {processor.py:186} INFO - Started process (PID=25338) to work on /Users/punny/Documents/GitHub/NYC-Taxi-ETL-Pipeline/.venv/lib/python3.10/site-packages/airflow/example_dags/example_trigger_target_dag.py
[2024-10-20T21:00:18.941+0700] {processor.py:914} INFO - Processing file /Users/punny/Documents/GitHub/NYC-Taxi-ETL-Pipeline/.venv/lib/python3.10/site-packages/airflow/example_dags/example_trigger_target_dag.py for tasks to queue
[2024-10-20T21:00:18.942+0700] {logging_mixin.py:190} INFO - [2024-10-20T21:00:18.942+0700] {dagbag.py:588} INFO - Filling up the DagBag from /Users/punny/Documents/GitHub/NYC-Taxi-ETL-Pipeline/.venv/lib/python3.10/site-packages/airflow/example_dags/example_trigger_target_dag.py
[2024-10-20T21:00:19.009+0700] {processor.py:925} INFO - DAG(s) 'example_trigger_target_dag' retrieved from /Users/punny/Documents/GitHub/NYC-Taxi-ETL-Pipeline/.venv/lib/python3.10/site-packages/airflow/example_dags/example_trigger_target_dag.py
[2024-10-20T21:00:19.290+0700] {logging_mixin.py:190} INFO - [2024-10-20T21:00:19.289+0700] {dag.py:3239} INFO - Sync 1 DAGs
[2024-10-20T21:00:19.315+0700] {logging_mixin.py:190} INFO - [2024-10-20T21:00:19.314+0700] {dag.py:4180} INFO - Setting next_dagrun for example_trigger_target_dag to None, run_after=None
[2024-10-20T21:00:19.354+0700] {processor.py:208} INFO - Processing /Users/punny/Documents/GitHub/NYC-Taxi-ETL-Pipeline/.venv/lib/python3.10/site-packages/airflow/example_dags/example_trigger_target_dag.py took 0.430 seconds
[2024-10-20T21:03:52.924+0700] {processor.py:186} INFO - Started process (PID=25922) to work on /Users/punny/Documents/GitHub/NYC-Taxi-ETL-Pipeline/.venv/lib/python3.10/site-packages/airflow/example_dags/example_trigger_target_dag.py
[2024-10-20T21:03:52.927+0700] {processor.py:914} INFO - Processing file /Users/punny/Documents/GitHub/NYC-Taxi-ETL-Pipeline/.venv/lib/python3.10/site-packages/airflow/example_dags/example_trigger_target_dag.py for tasks to queue
[2024-10-20T21:03:52.928+0700] {logging_mixin.py:190} INFO - [2024-10-20T21:03:52.928+0700] {dagbag.py:588} INFO - Filling up the DagBag from /Users/punny/Documents/GitHub/NYC-Taxi-ETL-Pipeline/.venv/lib/python3.10/site-packages/airflow/example_dags/example_trigger_target_dag.py
[2024-10-20T21:03:52.976+0700] {processor.py:925} INFO - DAG(s) 'example_trigger_target_dag' retrieved from /Users/punny/Documents/GitHub/NYC-Taxi-ETL-Pipeline/.venv/lib/python3.10/site-packages/airflow/example_dags/example_trigger_target_dag.py
[2024-10-20T21:03:53.217+0700] {logging_mixin.py:190} INFO - [2024-10-20T21:03:53.216+0700] {dag.py:3239} INFO - Sync 1 DAGs
[2024-10-20T21:03:53.242+0700] {logging_mixin.py:190} INFO - [2024-10-20T21:03:53.241+0700] {dag.py:4180} INFO - Setting next_dagrun for example_trigger_target_dag to None, run_after=None
[2024-10-20T21:03:53.265+0700] {processor.py:208} INFO - Processing /Users/punny/Documents/GitHub/NYC-Taxi-ETL-Pipeline/.venv/lib/python3.10/site-packages/airflow/example_dags/example_trigger_target_dag.py took 0.350 seconds
[2024-10-20T21:07:40.101+0700] {processor.py:186} INFO - Started process (PID=26439) to work on /Users/punny/Documents/GitHub/NYC-Taxi-ETL-Pipeline/.venv/lib/python3.10/site-packages/airflow/example_dags/example_trigger_target_dag.py
[2024-10-20T21:07:40.105+0700] {processor.py:914} INFO - Processing file /Users/punny/Documents/GitHub/NYC-Taxi-ETL-Pipeline/.venv/lib/python3.10/site-packages/airflow/example_dags/example_trigger_target_dag.py for tasks to queue
[2024-10-20T21:07:40.106+0700] {logging_mixin.py:190} INFO - [2024-10-20T21:07:40.106+0700] {dagbag.py:588} INFO - Filling up the DagBag from /Users/punny/Documents/GitHub/NYC-Taxi-ETL-Pipeline/.venv/lib/python3.10/site-packages/airflow/example_dags/example_trigger_target_dag.py
[2024-10-20T21:07:40.154+0700] {processor.py:925} INFO - DAG(s) 'example_trigger_target_dag' retrieved from /Users/punny/Documents/GitHub/NYC-Taxi-ETL-Pipeline/.venv/lib/python3.10/site-packages/airflow/example_dags/example_trigger_target_dag.py
[2024-10-20T21:07:40.352+0700] {logging_mixin.py:190} INFO - [2024-10-20T21:07:40.351+0700] {dag.py:3239} INFO - Sync 1 DAGs
[2024-10-20T21:07:40.366+0700] {logging_mixin.py:190} INFO - [2024-10-20T21:07:40.366+0700] {dag.py:4180} INFO - Setting next_dagrun for example_trigger_target_dag to None, run_after=None
[2024-10-20T21:07:40.389+0700] {processor.py:208} INFO - Processing /Users/punny/Documents/GitHub/NYC-Taxi-ETL-Pipeline/.venv/lib/python3.10/site-packages/airflow/example_dags/example_trigger_target_dag.py took 0.298 seconds
[2024-10-20T21:10:37.007+0700] {processor.py:186} INFO - Started process (PID=26796) to work on /Users/punny/Documents/GitHub/NYC-Taxi-ETL-Pipeline/.venv/lib/python3.10/site-packages/airflow/example_dags/example_trigger_target_dag.py
[2024-10-20T21:10:37.010+0700] {processor.py:914} INFO - Processing file /Users/punny/Documents/GitHub/NYC-Taxi-ETL-Pipeline/.venv/lib/python3.10/site-packages/airflow/example_dags/example_trigger_target_dag.py for tasks to queue
[2024-10-20T21:10:37.011+0700] {logging_mixin.py:190} INFO - [2024-10-20T21:10:37.011+0700] {dagbag.py:588} INFO - Filling up the DagBag from /Users/punny/Documents/GitHub/NYC-Taxi-ETL-Pipeline/.venv/lib/python3.10/site-packages/airflow/example_dags/example_trigger_target_dag.py
[2024-10-20T21:10:37.054+0700] {processor.py:925} INFO - DAG(s) 'example_trigger_target_dag' retrieved from /Users/punny/Documents/GitHub/NYC-Taxi-ETL-Pipeline/.venv/lib/python3.10/site-packages/airflow/example_dags/example_trigger_target_dag.py
[2024-10-20T21:10:37.257+0700] {logging_mixin.py:190} INFO - [2024-10-20T21:10:37.256+0700] {dag.py:3239} INFO - Sync 1 DAGs
[2024-10-20T21:10:37.273+0700] {logging_mixin.py:190} INFO - [2024-10-20T21:10:37.273+0700] {dag.py:4180} INFO - Setting next_dagrun for example_trigger_target_dag to None, run_after=None
[2024-10-20T21:10:37.311+0700] {processor.py:208} INFO - Processing /Users/punny/Documents/GitHub/NYC-Taxi-ETL-Pipeline/.venv/lib/python3.10/site-packages/airflow/example_dags/example_trigger_target_dag.py took 0.312 seconds
[2024-10-20T21:28:54.568+0700] {processor.py:186} INFO - Started process (PID=27433) to work on /Users/punny/Documents/GitHub/NYC-Taxi-ETL-Pipeline/.venv/lib/python3.10/site-packages/airflow/example_dags/example_trigger_target_dag.py
[2024-10-20T21:28:54.573+0700] {processor.py:914} INFO - Processing file /Users/punny/Documents/GitHub/NYC-Taxi-ETL-Pipeline/.venv/lib/python3.10/site-packages/airflow/example_dags/example_trigger_target_dag.py for tasks to queue
[2024-10-20T21:28:54.575+0700] {logging_mixin.py:190} INFO - [2024-10-20T21:28:54.574+0700] {dagbag.py:588} INFO - Filling up the DagBag from /Users/punny/Documents/GitHub/NYC-Taxi-ETL-Pipeline/.venv/lib/python3.10/site-packages/airflow/example_dags/example_trigger_target_dag.py
[2024-10-20T21:28:54.639+0700] {processor.py:925} INFO - DAG(s) 'example_trigger_target_dag' retrieved from /Users/punny/Documents/GitHub/NYC-Taxi-ETL-Pipeline/.venv/lib/python3.10/site-packages/airflow/example_dags/example_trigger_target_dag.py
[2024-10-20T21:28:54.834+0700] {logging_mixin.py:190} INFO - [2024-10-20T21:28:54.834+0700] {dag.py:3239} INFO - Sync 1 DAGs
[2024-10-20T21:28:54.848+0700] {logging_mixin.py:190} INFO - [2024-10-20T21:28:54.848+0700] {dag.py:4180} INFO - Setting next_dagrun for example_trigger_target_dag to None, run_after=None
[2024-10-20T21:28:54.870+0700] {processor.py:208} INFO - Processing /Users/punny/Documents/GitHub/NYC-Taxi-ETL-Pipeline/.venv/lib/python3.10/site-packages/airflow/example_dags/example_trigger_target_dag.py took 0.309 seconds
[2024-10-20T21:32:34.662+0700] {processor.py:186} INFO - Started process (PID=28033) to work on /Users/punny/Documents/GitHub/NYC-Taxi-ETL-Pipeline/.venv/lib/python3.10/site-packages/airflow/example_dags/example_trigger_target_dag.py
[2024-10-20T21:32:34.671+0700] {processor.py:914} INFO - Processing file /Users/punny/Documents/GitHub/NYC-Taxi-ETL-Pipeline/.venv/lib/python3.10/site-packages/airflow/example_dags/example_trigger_target_dag.py for tasks to queue
[2024-10-20T21:32:34.674+0700] {logging_mixin.py:190} INFO - [2024-10-20T21:32:34.673+0700] {dagbag.py:588} INFO - Filling up the DagBag from /Users/punny/Documents/GitHub/NYC-Taxi-ETL-Pipeline/.venv/lib/python3.10/site-packages/airflow/example_dags/example_trigger_target_dag.py
[2024-10-20T21:32:34.941+0700] {processor.py:925} INFO - DAG(s) 'example_trigger_target_dag' retrieved from /Users/punny/Documents/GitHub/NYC-Taxi-ETL-Pipeline/.venv/lib/python3.10/site-packages/airflow/example_dags/example_trigger_target_dag.py
[2024-10-20T21:32:35.307+0700] {logging_mixin.py:190} INFO - [2024-10-20T21:32:35.306+0700] {dag.py:3239} INFO - Sync 1 DAGs
[2024-10-20T21:32:35.326+0700] {logging_mixin.py:190} INFO - [2024-10-20T21:32:35.326+0700] {dag.py:4180} INFO - Setting next_dagrun for example_trigger_target_dag to None, run_after=None
[2024-10-20T21:32:35.355+0700] {processor.py:208} INFO - Processing /Users/punny/Documents/GitHub/NYC-Taxi-ETL-Pipeline/.venv/lib/python3.10/site-packages/airflow/example_dags/example_trigger_target_dag.py took 0.708 seconds
[2024-10-20T21:56:12.486+0700] {processor.py:186} INFO - Started process (PID=31148) to work on /Users/punny/Documents/GitHub/NYC-Taxi-ETL-Pipeline/.venv/lib/python3.10/site-packages/airflow/example_dags/example_trigger_target_dag.py
[2024-10-20T21:56:12.491+0700] {processor.py:914} INFO - Processing file /Users/punny/Documents/GitHub/NYC-Taxi-ETL-Pipeline/.venv/lib/python3.10/site-packages/airflow/example_dags/example_trigger_target_dag.py for tasks to queue
[2024-10-20T21:56:12.493+0700] {logging_mixin.py:190} INFO - [2024-10-20T21:56:12.492+0700] {dagbag.py:588} INFO - Filling up the DagBag from /Users/punny/Documents/GitHub/NYC-Taxi-ETL-Pipeline/.venv/lib/python3.10/site-packages/airflow/example_dags/example_trigger_target_dag.py
[2024-10-20T21:56:12.547+0700] {processor.py:925} INFO - DAG(s) 'example_trigger_target_dag' retrieved from /Users/punny/Documents/GitHub/NYC-Taxi-ETL-Pipeline/.venv/lib/python3.10/site-packages/airflow/example_dags/example_trigger_target_dag.py
[2024-10-20T21:56:12.804+0700] {logging_mixin.py:190} INFO - [2024-10-20T21:56:12.804+0700] {dag.py:3239} INFO - Sync 1 DAGs
[2024-10-20T21:56:12.823+0700] {logging_mixin.py:190} INFO - [2024-10-20T21:56:12.822+0700] {dag.py:4180} INFO - Setting next_dagrun for example_trigger_target_dag to None, run_after=None
[2024-10-20T21:56:12.854+0700] {processor.py:208} INFO - Processing /Users/punny/Documents/GitHub/NYC-Taxi-ETL-Pipeline/.venv/lib/python3.10/site-packages/airflow/example_dags/example_trigger_target_dag.py took 0.379 seconds
[2024-10-20T22:30:20.914+0700] {processor.py:186} INFO - Started process (PID=31806) to work on /Users/punny/Documents/GitHub/NYC-Taxi-ETL-Pipeline/.venv/lib/python3.10/site-packages/airflow/example_dags/example_trigger_target_dag.py
[2024-10-20T22:30:20.917+0700] {processor.py:914} INFO - Processing file /Users/punny/Documents/GitHub/NYC-Taxi-ETL-Pipeline/.venv/lib/python3.10/site-packages/airflow/example_dags/example_trigger_target_dag.py for tasks to queue
[2024-10-20T22:30:20.918+0700] {logging_mixin.py:190} INFO - [2024-10-20T22:30:20.918+0700] {dagbag.py:588} INFO - Filling up the DagBag from /Users/punny/Documents/GitHub/NYC-Taxi-ETL-Pipeline/.venv/lib/python3.10/site-packages/airflow/example_dags/example_trigger_target_dag.py
[2024-10-20T22:30:20.971+0700] {processor.py:925} INFO - DAG(s) 'example_trigger_target_dag' retrieved from /Users/punny/Documents/GitHub/NYC-Taxi-ETL-Pipeline/.venv/lib/python3.10/site-packages/airflow/example_dags/example_trigger_target_dag.py
[2024-10-20T22:30:21.150+0700] {logging_mixin.py:190} INFO - [2024-10-20T22:30:21.150+0700] {dag.py:3239} INFO - Sync 1 DAGs
[2024-10-20T22:30:21.164+0700] {logging_mixin.py:190} INFO - [2024-10-20T22:30:21.164+0700] {dag.py:4180} INFO - Setting next_dagrun for example_trigger_target_dag to None, run_after=None
[2024-10-20T22:30:21.186+0700] {processor.py:208} INFO - Processing /Users/punny/Documents/GitHub/NYC-Taxi-ETL-Pipeline/.venv/lib/python3.10/site-packages/airflow/example_dags/example_trigger_target_dag.py took 0.280 seconds
[2024-10-21T00:32:26.431+0700] {processor.py:186} INFO - Started process (PID=32524) to work on /Users/punny/Documents/GitHub/NYC-Taxi-ETL-Pipeline/.venv/lib/python3.10/site-packages/airflow/example_dags/example_trigger_target_dag.py
[2024-10-21T00:32:26.435+0700] {processor.py:914} INFO - Processing file /Users/punny/Documents/GitHub/NYC-Taxi-ETL-Pipeline/.venv/lib/python3.10/site-packages/airflow/example_dags/example_trigger_target_dag.py for tasks to queue
[2024-10-21T00:32:26.436+0700] {logging_mixin.py:190} INFO - [2024-10-21T00:32:26.435+0700] {dagbag.py:588} INFO - Filling up the DagBag from /Users/punny/Documents/GitHub/NYC-Taxi-ETL-Pipeline/.venv/lib/python3.10/site-packages/airflow/example_dags/example_trigger_target_dag.py
[2024-10-21T00:32:26.477+0700] {processor.py:925} INFO - DAG(s) 'example_trigger_target_dag' retrieved from /Users/punny/Documents/GitHub/NYC-Taxi-ETL-Pipeline/.venv/lib/python3.10/site-packages/airflow/example_dags/example_trigger_target_dag.py
[2024-10-21T00:32:26.663+0700] {logging_mixin.py:190} INFO - [2024-10-21T00:32:26.662+0700] {dag.py:3239} INFO - Sync 1 DAGs
[2024-10-21T00:32:26.677+0700] {logging_mixin.py:190} INFO - [2024-10-21T00:32:26.677+0700] {dag.py:4180} INFO - Setting next_dagrun for example_trigger_target_dag to None, run_after=None
[2024-10-21T00:32:26.699+0700] {processor.py:208} INFO - Processing /Users/punny/Documents/GitHub/NYC-Taxi-ETL-Pipeline/.venv/lib/python3.10/site-packages/airflow/example_dags/example_trigger_target_dag.py took 0.276 seconds
[2024-10-21T02:49:43.605+0700] {processor.py:186} INFO - Started process (PID=33229) to work on /Users/punny/Documents/GitHub/NYC-Taxi-ETL-Pipeline/.venv/lib/python3.10/site-packages/airflow/example_dags/example_trigger_target_dag.py
[2024-10-21T02:49:43.608+0700] {processor.py:914} INFO - Processing file /Users/punny/Documents/GitHub/NYC-Taxi-ETL-Pipeline/.venv/lib/python3.10/site-packages/airflow/example_dags/example_trigger_target_dag.py for tasks to queue
[2024-10-21T02:49:43.609+0700] {logging_mixin.py:190} INFO - [2024-10-21T02:49:43.609+0700] {dagbag.py:588} INFO - Filling up the DagBag from /Users/punny/Documents/GitHub/NYC-Taxi-ETL-Pipeline/.venv/lib/python3.10/site-packages/airflow/example_dags/example_trigger_target_dag.py
[2024-10-21T02:49:43.668+0700] {processor.py:925} INFO - DAG(s) 'example_trigger_target_dag' retrieved from /Users/punny/Documents/GitHub/NYC-Taxi-ETL-Pipeline/.venv/lib/python3.10/site-packages/airflow/example_dags/example_trigger_target_dag.py
[2024-10-21T02:49:43.848+0700] {logging_mixin.py:190} INFO - [2024-10-21T02:49:43.848+0700] {dag.py:3239} INFO - Sync 1 DAGs
[2024-10-21T02:49:43.862+0700] {logging_mixin.py:190} INFO - [2024-10-21T02:49:43.862+0700] {dag.py:4180} INFO - Setting next_dagrun for example_trigger_target_dag to None, run_after=None
[2024-10-21T02:49:43.883+0700] {processor.py:208} INFO - Processing /Users/punny/Documents/GitHub/NYC-Taxi-ETL-Pipeline/.venv/lib/python3.10/site-packages/airflow/example_dags/example_trigger_target_dag.py took 0.287 seconds
