[2024-10-20T20:45:48.650+0700] {processor.py:186} INFO - Started process (PID=23177) to work on /Users/punny/Documents/GitHub/NYC-Taxi-ETL-Pipeline/.venv/lib/python3.10/site-packages/airflow/example_dags/example_bash_operator.py
[2024-10-20T20:45:48.653+0700] {processor.py:914} INFO - Processing file /Users/punny/Documents/GitHub/NYC-Taxi-ETL-Pipeline/.venv/lib/python3.10/site-packages/airflow/example_dags/example_bash_operator.py for tasks to queue
[2024-10-20T20:45:48.654+0700] {logging_mixin.py:190} INFO - [2024-10-20T20:45:48.654+0700] {dagbag.py:588} INFO - Filling up the DagBag from /Users/punny/Documents/GitHub/NYC-Taxi-ETL-Pipeline/.venv/lib/python3.10/site-packages/airflow/example_dags/example_bash_operator.py
[2024-10-20T20:45:48.681+0700] {processor.py:925} INFO - DAG(s) 'example_bash_operator' retrieved from /Users/punny/Documents/GitHub/NYC-Taxi-ETL-Pipeline/.venv/lib/python3.10/site-packages/airflow/example_dags/example_bash_operator.py
[2024-10-20T20:45:48.986+0700] {logging_mixin.py:190} INFO - [2024-10-20T20:45:48.986+0700] {override.py:1907} INFO - Created Permission View: can read on DAG:example_bash_operator
[2024-10-20T20:45:48.998+0700] {logging_mixin.py:190} INFO - [2024-10-20T20:45:48.998+0700] {override.py:1907} INFO - Created Permission View: can edit on DAG:example_bash_operator
[2024-10-20T20:45:49.005+0700] {logging_mixin.py:190} INFO - [2024-10-20T20:45:49.005+0700] {override.py:1907} INFO - Created Permission View: can delete on DAG:example_bash_operator
[2024-10-20T20:45:49.017+0700] {logging_mixin.py:190} INFO - [2024-10-20T20:45:49.016+0700] {override.py:1907} INFO - Created Permission View: can create on DAG Run:example_bash_operator
[2024-10-20T20:45:49.024+0700] {logging_mixin.py:190} INFO - [2024-10-20T20:45:49.024+0700] {override.py:1907} INFO - Created Permission View: can read on DAG Run:example_bash_operator
[2024-10-20T20:45:49.031+0700] {logging_mixin.py:190} INFO - [2024-10-20T20:45:49.031+0700] {override.py:1907} INFO - Created Permission View: menu access on DAG Run:example_bash_operator
[2024-10-20T20:45:49.038+0700] {logging_mixin.py:190} INFO - [2024-10-20T20:45:49.038+0700] {override.py:1907} INFO - Created Permission View: can delete on DAG Run:example_bash_operator
[2024-10-20T20:45:49.039+0700] {logging_mixin.py:190} INFO - [2024-10-20T20:45:49.039+0700] {dag.py:3239} INFO - Sync 1 DAGs
[2024-10-20T20:45:49.053+0700] {logging_mixin.py:190} INFO - [2024-10-20T20:45:49.052+0700] {dag.py:3262} INFO - Creating ORM DAG for example_bash_operator
[2024-10-20T20:45:49.063+0700] {logging_mixin.py:190} INFO - [2024-10-20T20:45:49.063+0700] {dag.py:4180} INFO - Setting next_dagrun for example_bash_operator to 2024-10-19 00:00:00+00:00, run_after=2024-10-20 00:00:00+00:00
[2024-10-20T20:45:49.082+0700] {processor.py:208} INFO - Processing /Users/punny/Documents/GitHub/NYC-Taxi-ETL-Pipeline/.venv/lib/python3.10/site-packages/airflow/example_dags/example_bash_operator.py took 0.440 seconds
[2024-10-20T20:52:17.467+0700] {processor.py:186} INFO - Started process (PID=24080) to work on /Users/punny/Documents/GitHub/NYC-Taxi-ETL-Pipeline/.venv/lib/python3.10/site-packages/airflow/example_dags/example_bash_operator.py
[2024-10-20T20:52:17.471+0700] {processor.py:914} INFO - Processing file /Users/punny/Documents/GitHub/NYC-Taxi-ETL-Pipeline/.venv/lib/python3.10/site-packages/airflow/example_dags/example_bash_operator.py for tasks to queue
[2024-10-20T20:52:17.489+0700] {logging_mixin.py:190} INFO - [2024-10-20T20:52:17.489+0700] {dagbag.py:588} INFO - Filling up the DagBag from /Users/punny/Documents/GitHub/NYC-Taxi-ETL-Pipeline/.venv/lib/python3.10/site-packages/airflow/example_dags/example_bash_operator.py
[2024-10-20T20:52:17.560+0700] {processor.py:925} INFO - DAG(s) 'example_bash_operator' retrieved from /Users/punny/Documents/GitHub/NYC-Taxi-ETL-Pipeline/.venv/lib/python3.10/site-packages/airflow/example_dags/example_bash_operator.py
[2024-10-20T20:52:17.836+0700] {logging_mixin.py:190} INFO - [2024-10-20T20:52:17.835+0700] {dag.py:3239} INFO - Sync 1 DAGs
[2024-10-20T20:52:17.868+0700] {logging_mixin.py:190} INFO - [2024-10-20T20:52:17.868+0700] {dag.py:4180} INFO - Setting next_dagrun for example_bash_operator to 2024-10-19 00:00:00+00:00, run_after=2024-10-20 00:00:00+00:00
[2024-10-20T20:52:17.896+0700] {processor.py:208} INFO - Processing /Users/punny/Documents/GitHub/NYC-Taxi-ETL-Pipeline/.venv/lib/python3.10/site-packages/airflow/example_dags/example_bash_operator.py took 0.434 seconds
[2024-10-20T20:59:06.953+0700] {processor.py:186} INFO - Started process (PID=25139) to work on /Users/punny/Documents/GitHub/NYC-Taxi-ETL-Pipeline/.venv/lib/python3.10/site-packages/airflow/example_dags/example_bash_operator.py
[2024-10-20T20:59:06.956+0700] {processor.py:914} INFO - Processing file /Users/punny/Documents/GitHub/NYC-Taxi-ETL-Pipeline/.venv/lib/python3.10/site-packages/airflow/example_dags/example_bash_operator.py for tasks to queue
[2024-10-20T20:59:06.957+0700] {logging_mixin.py:190} INFO - [2024-10-20T20:59:06.957+0700] {dagbag.py:588} INFO - Filling up the DagBag from /Users/punny/Documents/GitHub/NYC-Taxi-ETL-Pipeline/.venv/lib/python3.10/site-packages/airflow/example_dags/example_bash_operator.py
[2024-10-20T20:59:06.975+0700] {processor.py:925} INFO - DAG(s) 'example_bash_operator' retrieved from /Users/punny/Documents/GitHub/NYC-Taxi-ETL-Pipeline/.venv/lib/python3.10/site-packages/airflow/example_dags/example_bash_operator.py
[2024-10-20T20:59:07.182+0700] {logging_mixin.py:190} INFO - [2024-10-20T20:59:07.182+0700] {dag.py:3239} INFO - Sync 1 DAGs
[2024-10-20T20:59:07.205+0700] {logging_mixin.py:190} INFO - [2024-10-20T20:59:07.205+0700] {dag.py:4180} INFO - Setting next_dagrun for example_bash_operator to 2024-10-19 00:00:00+00:00, run_after=2024-10-20 00:00:00+00:00
[2024-10-20T20:59:07.228+0700] {processor.py:208} INFO - Processing /Users/punny/Documents/GitHub/NYC-Taxi-ETL-Pipeline/.venv/lib/python3.10/site-packages/airflow/example_dags/example_bash_operator.py took 0.280 seconds
[2024-10-20T21:06:39.113+0700] {processor.py:186} INFO - Started process (PID=26319) to work on /Users/punny/Documents/GitHub/NYC-Taxi-ETL-Pipeline/.venv/lib/python3.10/site-packages/airflow/example_dags/example_bash_operator.py
[2024-10-20T21:06:39.116+0700] {processor.py:914} INFO - Processing file /Users/punny/Documents/GitHub/NYC-Taxi-ETL-Pipeline/.venv/lib/python3.10/site-packages/airflow/example_dags/example_bash_operator.py for tasks to queue
[2024-10-20T21:06:39.118+0700] {logging_mixin.py:190} INFO - [2024-10-20T21:06:39.117+0700] {dagbag.py:588} INFO - Filling up the DagBag from /Users/punny/Documents/GitHub/NYC-Taxi-ETL-Pipeline/.venv/lib/python3.10/site-packages/airflow/example_dags/example_bash_operator.py
[2024-10-20T21:06:39.134+0700] {processor.py:925} INFO - DAG(s) 'example_bash_operator' retrieved from /Users/punny/Documents/GitHub/NYC-Taxi-ETL-Pipeline/.venv/lib/python3.10/site-packages/airflow/example_dags/example_bash_operator.py
[2024-10-20T21:06:39.354+0700] {logging_mixin.py:190} INFO - [2024-10-20T21:06:39.353+0700] {dag.py:3239} INFO - Sync 1 DAGs
[2024-10-20T21:06:39.375+0700] {logging_mixin.py:190} INFO - [2024-10-20T21:06:39.375+0700] {dag.py:4180} INFO - Setting next_dagrun for example_bash_operator to 2024-10-19 00:00:00+00:00, run_after=2024-10-20 00:00:00+00:00
[2024-10-20T21:06:39.396+0700] {processor.py:208} INFO - Processing /Users/punny/Documents/GitHub/NYC-Taxi-ETL-Pipeline/.venv/lib/python3.10/site-packages/airflow/example_dags/example_bash_operator.py took 0.291 seconds
[2024-10-20T21:27:46.288+0700] {processor.py:186} INFO - Started process (PID=27168) to work on /Users/punny/Documents/GitHub/NYC-Taxi-ETL-Pipeline/.venv/lib/python3.10/site-packages/airflow/example_dags/example_bash_operator.py
[2024-10-20T21:27:46.291+0700] {processor.py:914} INFO - Processing file /Users/punny/Documents/GitHub/NYC-Taxi-ETL-Pipeline/.venv/lib/python3.10/site-packages/airflow/example_dags/example_bash_operator.py for tasks to queue
[2024-10-20T21:27:46.292+0700] {logging_mixin.py:190} INFO - [2024-10-20T21:27:46.292+0700] {dagbag.py:588} INFO - Filling up the DagBag from /Users/punny/Documents/GitHub/NYC-Taxi-ETL-Pipeline/.venv/lib/python3.10/site-packages/airflow/example_dags/example_bash_operator.py
[2024-10-20T21:27:46.310+0700] {processor.py:925} INFO - DAG(s) 'example_bash_operator' retrieved from /Users/punny/Documents/GitHub/NYC-Taxi-ETL-Pipeline/.venv/lib/python3.10/site-packages/airflow/example_dags/example_bash_operator.py
[2024-10-20T21:27:46.511+0700] {logging_mixin.py:190} INFO - [2024-10-20T21:27:46.510+0700] {dag.py:3239} INFO - Sync 1 DAGs
[2024-10-20T21:27:46.534+0700] {logging_mixin.py:190} INFO - [2024-10-20T21:27:46.534+0700] {dag.py:4180} INFO - Setting next_dagrun for example_bash_operator to 2024-10-19 00:00:00+00:00, run_after=2024-10-20 00:00:00+00:00
[2024-10-20T21:27:46.558+0700] {processor.py:208} INFO - Processing /Users/punny/Documents/GitHub/NYC-Taxi-ETL-Pipeline/.venv/lib/python3.10/site-packages/airflow/example_dags/example_bash_operator.py took 0.279 seconds
[2024-10-20T21:59:03.261+0700] {processor.py:186} INFO - Started process (PID=31587) to work on /Users/punny/Documents/GitHub/NYC-Taxi-ETL-Pipeline/.venv/lib/python3.10/site-packages/airflow/example_dags/example_bash_operator.py
[2024-10-20T21:59:03.266+0700] {processor.py:914} INFO - Processing file /Users/punny/Documents/GitHub/NYC-Taxi-ETL-Pipeline/.venv/lib/python3.10/site-packages/airflow/example_dags/example_bash_operator.py for tasks to queue
[2024-10-20T21:59:03.268+0700] {logging_mixin.py:190} INFO - [2024-10-20T21:59:03.267+0700] {dagbag.py:588} INFO - Filling up the DagBag from /Users/punny/Documents/GitHub/NYC-Taxi-ETL-Pipeline/.venv/lib/python3.10/site-packages/airflow/example_dags/example_bash_operator.py
[2024-10-20T21:59:03.306+0700] {processor.py:925} INFO - DAG(s) 'example_bash_operator' retrieved from /Users/punny/Documents/GitHub/NYC-Taxi-ETL-Pipeline/.venv/lib/python3.10/site-packages/airflow/example_dags/example_bash_operator.py
[2024-10-20T21:59:03.503+0700] {logging_mixin.py:190} INFO - [2024-10-20T21:59:03.503+0700] {dag.py:3239} INFO - Sync 1 DAGs
[2024-10-20T21:59:03.525+0700] {logging_mixin.py:190} INFO - [2024-10-20T21:59:03.525+0700] {dag.py:4180} INFO - Setting next_dagrun for example_bash_operator to 2024-10-19 00:00:00+00:00, run_after=2024-10-20 00:00:00+00:00
[2024-10-20T21:59:03.547+0700] {processor.py:208} INFO - Processing /Users/punny/Documents/GitHub/NYC-Taxi-ETL-Pipeline/.venv/lib/python3.10/site-packages/airflow/example_dags/example_bash_operator.py took 0.294 seconds
[2024-10-21T02:02:59.669+0700] {processor.py:186} INFO - Started process (PID=32937) to work on /Users/punny/Documents/GitHub/NYC-Taxi-ETL-Pipeline/.venv/lib/python3.10/site-packages/airflow/example_dags/example_bash_operator.py
[2024-10-21T02:02:59.672+0700] {processor.py:914} INFO - Processing file /Users/punny/Documents/GitHub/NYC-Taxi-ETL-Pipeline/.venv/lib/python3.10/site-packages/airflow/example_dags/example_bash_operator.py for tasks to queue
[2024-10-21T02:02:59.673+0700] {logging_mixin.py:190} INFO - [2024-10-21T02:02:59.673+0700] {dagbag.py:588} INFO - Filling up the DagBag from /Users/punny/Documents/GitHub/NYC-Taxi-ETL-Pipeline/.venv/lib/python3.10/site-packages/airflow/example_dags/example_bash_operator.py
[2024-10-21T02:02:59.690+0700] {processor.py:925} INFO - DAG(s) 'example_bash_operator' retrieved from /Users/punny/Documents/GitHub/NYC-Taxi-ETL-Pipeline/.venv/lib/python3.10/site-packages/airflow/example_dags/example_bash_operator.py
[2024-10-21T02:02:59.893+0700] {logging_mixin.py:190} INFO - [2024-10-21T02:02:59.893+0700] {dag.py:3239} INFO - Sync 1 DAGs
[2024-10-21T02:02:59.919+0700] {logging_mixin.py:190} INFO - [2024-10-21T02:02:59.919+0700] {dag.py:4180} INFO - Setting next_dagrun for example_bash_operator to 2024-10-19 00:00:00+00:00, run_after=2024-10-20 00:00:00+00:00
[2024-10-21T02:02:59.942+0700] {processor.py:208} INFO - Processing /Users/punny/Documents/GitHub/NYC-Taxi-ETL-Pipeline/.venv/lib/python3.10/site-packages/airflow/example_dags/example_bash_operator.py took 0.280 seconds
