[2024-10-20T20:44:22.770+0700] {processor.py:186} INFO - Started process (PID=22928) to work on /Users/punny/Documents/GitHub/NYC-Taxi-ETL-Pipeline/.venv/lib/python3.10/site-packages/airflow/example_dags/example_kubernetes_executor.py
[2024-10-20T20:44:22.775+0700] {processor.py:914} INFO - Processing file /Users/punny/Documents/GitHub/NYC-Taxi-ETL-Pipeline/.venv/lib/python3.10/site-packages/airflow/example_dags/example_kubernetes_executor.py for tasks to queue
[2024-10-20T20:44:22.777+0700] {logging_mixin.py:190} INFO - [2024-10-20T20:44:22.776+0700] {dagbag.py:588} INFO - Filling up the DagBag from /Users/punny/Documents/GitHub/NYC-Taxi-ETL-Pipeline/.venv/lib/python3.10/site-packages/airflow/example_dags/example_kubernetes_executor.py
[2024-10-20T20:44:22.947+0700] {logging_mixin.py:190} INFO - [2024-10-20T20:44:22.928+0700] {example_kubernetes_executor.py:39} WARNING - The example_kubernetes_executor example DAG requires the kubernetes provider. Please install it with: pip install apache-airflow[cncf.kubernetes]
[2024-10-20T20:44:22.961+0700] {processor.py:927} WARNING - No viable dags retrieved from /Users/punny/Documents/GitHub/NYC-Taxi-ETL-Pipeline/.venv/lib/python3.10/site-packages/airflow/example_dags/example_kubernetes_executor.py
[2024-10-20T20:44:23.453+0700] {processor.py:208} INFO - Processing /Users/punny/Documents/GitHub/NYC-Taxi-ETL-Pipeline/.venv/lib/python3.10/site-packages/airflow/example_dags/example_kubernetes_executor.py took 0.702 seconds
[2024-10-20T20:48:19.640+0700] {processor.py:186} INFO - Started process (PID=23519) to work on /Users/punny/Documents/GitHub/NYC-Taxi-ETL-Pipeline/.venv/lib/python3.10/site-packages/airflow/example_dags/example_kubernetes_executor.py
[2024-10-20T20:48:19.643+0700] {processor.py:914} INFO - Processing file /Users/punny/Documents/GitHub/NYC-Taxi-ETL-Pipeline/.venv/lib/python3.10/site-packages/airflow/example_dags/example_kubernetes_executor.py for tasks to queue
[2024-10-20T20:48:19.645+0700] {logging_mixin.py:190} INFO - [2024-10-20T20:48:19.644+0700] {dagbag.py:588} INFO - Filling up the DagBag from /Users/punny/Documents/GitHub/NYC-Taxi-ETL-Pipeline/.venv/lib/python3.10/site-packages/airflow/example_dags/example_kubernetes_executor.py
[2024-10-20T20:48:19.688+0700] {logging_mixin.py:190} INFO - [2024-10-20T20:48:19.688+0700] {example_kubernetes_executor.py:39} WARNING - The example_kubernetes_executor example DAG requires the kubernetes provider. Please install it with: pip install apache-airflow[cncf.kubernetes]
[2024-10-20T20:48:19.688+0700] {processor.py:927} WARNING - No viable dags retrieved from /Users/punny/Documents/GitHub/NYC-Taxi-ETL-Pipeline/.venv/lib/python3.10/site-packages/airflow/example_dags/example_kubernetes_executor.py
[2024-10-20T20:48:19.885+0700] {processor.py:208} INFO - Processing /Users/punny/Documents/GitHub/NYC-Taxi-ETL-Pipeline/.venv/lib/python3.10/site-packages/airflow/example_dags/example_kubernetes_executor.py took 0.255 seconds
[2024-10-20T20:51:38.459+0700] {processor.py:186} INFO - Started process (PID=24008) to work on /Users/punny/Documents/GitHub/NYC-Taxi-ETL-Pipeline/.venv/lib/python3.10/site-packages/airflow/example_dags/example_kubernetes_executor.py
[2024-10-20T20:51:38.463+0700] {processor.py:914} INFO - Processing file /Users/punny/Documents/GitHub/NYC-Taxi-ETL-Pipeline/.venv/lib/python3.10/site-packages/airflow/example_dags/example_kubernetes_executor.py for tasks to queue
[2024-10-20T20:51:38.464+0700] {logging_mixin.py:190} INFO - [2024-10-20T20:51:38.464+0700] {dagbag.py:588} INFO - Filling up the DagBag from /Users/punny/Documents/GitHub/NYC-Taxi-ETL-Pipeline/.venv/lib/python3.10/site-packages/airflow/example_dags/example_kubernetes_executor.py
[2024-10-20T20:51:38.503+0700] {logging_mixin.py:190} INFO - [2024-10-20T20:51:38.503+0700] {example_kubernetes_executor.py:39} WARNING - The example_kubernetes_executor example DAG requires the kubernetes provider. Please install it with: pip install apache-airflow[cncf.kubernetes]
[2024-10-20T20:51:38.504+0700] {processor.py:927} WARNING - No viable dags retrieved from /Users/punny/Documents/GitHub/NYC-Taxi-ETL-Pipeline/.venv/lib/python3.10/site-packages/airflow/example_dags/example_kubernetes_executor.py
[2024-10-20T20:51:38.691+0700] {processor.py:208} INFO - Processing /Users/punny/Documents/GitHub/NYC-Taxi-ETL-Pipeline/.venv/lib/python3.10/site-packages/airflow/example_dags/example_kubernetes_executor.py took 0.238 seconds
[2024-10-20T20:55:08.336+0700] {processor.py:186} INFO - Started process (PID=24536) to work on /Users/punny/Documents/GitHub/NYC-Taxi-ETL-Pipeline/.venv/lib/python3.10/site-packages/airflow/example_dags/example_kubernetes_executor.py
[2024-10-20T20:55:08.341+0700] {processor.py:914} INFO - Processing file /Users/punny/Documents/GitHub/NYC-Taxi-ETL-Pipeline/.venv/lib/python3.10/site-packages/airflow/example_dags/example_kubernetes_executor.py for tasks to queue
[2024-10-20T20:55:08.343+0700] {logging_mixin.py:190} INFO - [2024-10-20T20:55:08.343+0700] {dagbag.py:588} INFO - Filling up the DagBag from /Users/punny/Documents/GitHub/NYC-Taxi-ETL-Pipeline/.venv/lib/python3.10/site-packages/airflow/example_dags/example_kubernetes_executor.py
[2024-10-20T20:55:08.401+0700] {logging_mixin.py:190} INFO - [2024-10-20T20:55:08.401+0700] {example_kubernetes_executor.py:39} WARNING - The example_kubernetes_executor example DAG requires the kubernetes provider. Please install it with: pip install apache-airflow[cncf.kubernetes]
[2024-10-20T20:55:08.401+0700] {processor.py:927} WARNING - No viable dags retrieved from /Users/punny/Documents/GitHub/NYC-Taxi-ETL-Pipeline/.venv/lib/python3.10/site-packages/airflow/example_dags/example_kubernetes_executor.py
[2024-10-20T20:55:08.581+0700] {processor.py:208} INFO - Processing /Users/punny/Documents/GitHub/NYC-Taxi-ETL-Pipeline/.venv/lib/python3.10/site-packages/airflow/example_dags/example_kubernetes_executor.py took 0.275 seconds
[2024-10-20T20:58:33.712+0700] {processor.py:186} INFO - Started process (PID=25046) to work on /Users/punny/Documents/GitHub/NYC-Taxi-ETL-Pipeline/.venv/lib/python3.10/site-packages/airflow/example_dags/example_kubernetes_executor.py
[2024-10-20T20:58:33.717+0700] {processor.py:914} INFO - Processing file /Users/punny/Documents/GitHub/NYC-Taxi-ETL-Pipeline/.venv/lib/python3.10/site-packages/airflow/example_dags/example_kubernetes_executor.py for tasks to queue
[2024-10-20T20:58:33.720+0700] {logging_mixin.py:190} INFO - [2024-10-20T20:58:33.719+0700] {dagbag.py:588} INFO - Filling up the DagBag from /Users/punny/Documents/GitHub/NYC-Taxi-ETL-Pipeline/.venv/lib/python3.10/site-packages/airflow/example_dags/example_kubernetes_executor.py
[2024-10-20T20:58:33.811+0700] {logging_mixin.py:190} INFO - [2024-10-20T20:58:33.810+0700] {example_kubernetes_executor.py:39} WARNING - The example_kubernetes_executor example DAG requires the kubernetes provider. Please install it with: pip install apache-airflow[cncf.kubernetes]
[2024-10-20T20:58:33.811+0700] {processor.py:927} WARNING - No viable dags retrieved from /Users/punny/Documents/GitHub/NYC-Taxi-ETL-Pipeline/.venv/lib/python3.10/site-packages/airflow/example_dags/example_kubernetes_executor.py
[2024-10-20T20:58:34.075+0700] {processor.py:208} INFO - Processing /Users/punny/Documents/GitHub/NYC-Taxi-ETL-Pipeline/.venv/lib/python3.10/site-packages/airflow/example_dags/example_kubernetes_executor.py took 0.375 seconds
[2024-10-20T21:02:10.212+0700] {processor.py:186} INFO - Started process (PID=25641) to work on /Users/punny/Documents/GitHub/NYC-Taxi-ETL-Pipeline/.venv/lib/python3.10/site-packages/airflow/example_dags/example_kubernetes_executor.py
[2024-10-20T21:02:10.215+0700] {processor.py:914} INFO - Processing file /Users/punny/Documents/GitHub/NYC-Taxi-ETL-Pipeline/.venv/lib/python3.10/site-packages/airflow/example_dags/example_kubernetes_executor.py for tasks to queue
[2024-10-20T21:02:10.217+0700] {logging_mixin.py:190} INFO - [2024-10-20T21:02:10.216+0700] {dagbag.py:588} INFO - Filling up the DagBag from /Users/punny/Documents/GitHub/NYC-Taxi-ETL-Pipeline/.venv/lib/python3.10/site-packages/airflow/example_dags/example_kubernetes_executor.py
[2024-10-20T21:02:10.267+0700] {logging_mixin.py:190} INFO - [2024-10-20T21:02:10.267+0700] {example_kubernetes_executor.py:39} WARNING - The example_kubernetes_executor example DAG requires the kubernetes provider. Please install it with: pip install apache-airflow[cncf.kubernetes]
[2024-10-20T21:02:10.268+0700] {processor.py:927} WARNING - No viable dags retrieved from /Users/punny/Documents/GitHub/NYC-Taxi-ETL-Pipeline/.venv/lib/python3.10/site-packages/airflow/example_dags/example_kubernetes_executor.py
[2024-10-20T21:02:10.488+0700] {processor.py:208} INFO - Processing /Users/punny/Documents/GitHub/NYC-Taxi-ETL-Pipeline/.venv/lib/python3.10/site-packages/airflow/example_dags/example_kubernetes_executor.py took 0.285 seconds
[2024-10-20T21:06:02.423+0700] {processor.py:186} INFO - Started process (PID=26231) to work on /Users/punny/Documents/GitHub/NYC-Taxi-ETL-Pipeline/.venv/lib/python3.10/site-packages/airflow/example_dags/example_kubernetes_executor.py
[2024-10-20T21:06:02.427+0700] {processor.py:914} INFO - Processing file /Users/punny/Documents/GitHub/NYC-Taxi-ETL-Pipeline/.venv/lib/python3.10/site-packages/airflow/example_dags/example_kubernetes_executor.py for tasks to queue
[2024-10-20T21:06:02.428+0700] {logging_mixin.py:190} INFO - [2024-10-20T21:06:02.428+0700] {dagbag.py:588} INFO - Filling up the DagBag from /Users/punny/Documents/GitHub/NYC-Taxi-ETL-Pipeline/.venv/lib/python3.10/site-packages/airflow/example_dags/example_kubernetes_executor.py
[2024-10-20T21:06:02.624+0700] {logging_mixin.py:190} INFO - [2024-10-20T21:06:02.624+0700] {example_kubernetes_executor.py:39} WARNING - The example_kubernetes_executor example DAG requires the kubernetes provider. Please install it with: pip install apache-airflow[cncf.kubernetes]
[2024-10-20T21:06:02.625+0700] {processor.py:927} WARNING - No viable dags retrieved from /Users/punny/Documents/GitHub/NYC-Taxi-ETL-Pipeline/.venv/lib/python3.10/site-packages/airflow/example_dags/example_kubernetes_executor.py
[2024-10-20T21:06:03.002+0700] {processor.py:208} INFO - Processing /Users/punny/Documents/GitHub/NYC-Taxi-ETL-Pipeline/.venv/lib/python3.10/site-packages/airflow/example_dags/example_kubernetes_executor.py took 0.586 seconds
[2024-10-20T21:09:06.635+0700] {processor.py:186} INFO - Started process (PID=26615) to work on /Users/punny/Documents/GitHub/NYC-Taxi-ETL-Pipeline/.venv/lib/python3.10/site-packages/airflow/example_dags/example_kubernetes_executor.py
[2024-10-20T21:09:06.638+0700] {processor.py:914} INFO - Processing file /Users/punny/Documents/GitHub/NYC-Taxi-ETL-Pipeline/.venv/lib/python3.10/site-packages/airflow/example_dags/example_kubernetes_executor.py for tasks to queue
[2024-10-20T21:09:06.639+0700] {logging_mixin.py:190} INFO - [2024-10-20T21:09:06.639+0700] {dagbag.py:588} INFO - Filling up the DagBag from /Users/punny/Documents/GitHub/NYC-Taxi-ETL-Pipeline/.venv/lib/python3.10/site-packages/airflow/example_dags/example_kubernetes_executor.py
[2024-10-20T21:09:06.693+0700] {logging_mixin.py:190} INFO - [2024-10-20T21:09:06.693+0700] {example_kubernetes_executor.py:39} WARNING - The example_kubernetes_executor example DAG requires the kubernetes provider. Please install it with: pip install apache-airflow[cncf.kubernetes]
[2024-10-20T21:09:06.694+0700] {processor.py:927} WARNING - No viable dags retrieved from /Users/punny/Documents/GitHub/NYC-Taxi-ETL-Pipeline/.venv/lib/python3.10/site-packages/airflow/example_dags/example_kubernetes_executor.py
[2024-10-20T21:09:06.868+0700] {processor.py:208} INFO - Processing /Users/punny/Documents/GitHub/NYC-Taxi-ETL-Pipeline/.venv/lib/python3.10/site-packages/airflow/example_dags/example_kubernetes_executor.py took 0.241 seconds
[2024-10-20T21:27:13.338+0700] {processor.py:186} INFO - Started process (PID=27062) to work on /Users/punny/Documents/GitHub/NYC-Taxi-ETL-Pipeline/.venv/lib/python3.10/site-packages/airflow/example_dags/example_kubernetes_executor.py
[2024-10-20T21:27:13.344+0700] {processor.py:914} INFO - Processing file /Users/punny/Documents/GitHub/NYC-Taxi-ETL-Pipeline/.venv/lib/python3.10/site-packages/airflow/example_dags/example_kubernetes_executor.py for tasks to queue
[2024-10-20T21:27:13.347+0700] {logging_mixin.py:190} INFO - [2024-10-20T21:27:13.346+0700] {dagbag.py:588} INFO - Filling up the DagBag from /Users/punny/Documents/GitHub/NYC-Taxi-ETL-Pipeline/.venv/lib/python3.10/site-packages/airflow/example_dags/example_kubernetes_executor.py
[2024-10-20T21:27:13.436+0700] {logging_mixin.py:190} INFO - [2024-10-20T21:27:13.436+0700] {example_kubernetes_executor.py:39} WARNING - The example_kubernetes_executor example DAG requires the kubernetes provider. Please install it with: pip install apache-airflow[cncf.kubernetes]
[2024-10-20T21:27:13.436+0700] {processor.py:927} WARNING - No viable dags retrieved from /Users/punny/Documents/GitHub/NYC-Taxi-ETL-Pipeline/.venv/lib/python3.10/site-packages/airflow/example_dags/example_kubernetes_executor.py
[2024-10-20T21:27:13.753+0700] {processor.py:208} INFO - Processing /Users/punny/Documents/GitHub/NYC-Taxi-ETL-Pipeline/.venv/lib/python3.10/site-packages/airflow/example_dags/example_kubernetes_executor.py took 0.426 seconds
[2024-10-20T21:30:36.350+0700] {processor.py:186} INFO - Started process (PID=27672) to work on /Users/punny/Documents/GitHub/NYC-Taxi-ETL-Pipeline/.venv/lib/python3.10/site-packages/airflow/example_dags/example_kubernetes_executor.py
[2024-10-20T21:30:36.356+0700] {processor.py:914} INFO - Processing file /Users/punny/Documents/GitHub/NYC-Taxi-ETL-Pipeline/.venv/lib/python3.10/site-packages/airflow/example_dags/example_kubernetes_executor.py for tasks to queue
[2024-10-20T21:30:36.360+0700] {logging_mixin.py:190} INFO - [2024-10-20T21:30:36.359+0700] {dagbag.py:588} INFO - Filling up the DagBag from /Users/punny/Documents/GitHub/NYC-Taxi-ETL-Pipeline/.venv/lib/python3.10/site-packages/airflow/example_dags/example_kubernetes_executor.py
[2024-10-20T21:30:36.419+0700] {logging_mixin.py:190} INFO - [2024-10-20T21:30:36.419+0700] {example_kubernetes_executor.py:39} WARNING - The example_kubernetes_executor example DAG requires the kubernetes provider. Please install it with: pip install apache-airflow[cncf.kubernetes]
[2024-10-20T21:30:36.419+0700] {processor.py:927} WARNING - No viable dags retrieved from /Users/punny/Documents/GitHub/NYC-Taxi-ETL-Pipeline/.venv/lib/python3.10/site-packages/airflow/example_dags/example_kubernetes_executor.py
[2024-10-20T21:30:36.627+0700] {processor.py:208} INFO - Processing /Users/punny/Documents/GitHub/NYC-Taxi-ETL-Pipeline/.venv/lib/python3.10/site-packages/airflow/example_dags/example_kubernetes_executor.py took 0.289 seconds
[2024-10-20T21:57:54.005+0700] {processor.py:186} INFO - Started process (PID=31378) to work on /Users/punny/Documents/GitHub/NYC-Taxi-ETL-Pipeline/.venv/lib/python3.10/site-packages/airflow/example_dags/example_kubernetes_executor.py
[2024-10-20T21:57:54.010+0700] {processor.py:914} INFO - Processing file /Users/punny/Documents/GitHub/NYC-Taxi-ETL-Pipeline/.venv/lib/python3.10/site-packages/airflow/example_dags/example_kubernetes_executor.py for tasks to queue
[2024-10-20T21:57:54.011+0700] {logging_mixin.py:190} INFO - [2024-10-20T21:57:54.011+0700] {dagbag.py:588} INFO - Filling up the DagBag from /Users/punny/Documents/GitHub/NYC-Taxi-ETL-Pipeline/.venv/lib/python3.10/site-packages/airflow/example_dags/example_kubernetes_executor.py
[2024-10-20T21:57:54.071+0700] {logging_mixin.py:190} INFO - [2024-10-20T21:57:54.071+0700] {example_kubernetes_executor.py:39} WARNING - The example_kubernetes_executor example DAG requires the kubernetes provider. Please install it with: pip install apache-airflow[cncf.kubernetes]
[2024-10-20T21:57:54.072+0700] {processor.py:927} WARNING - No viable dags retrieved from /Users/punny/Documents/GitHub/NYC-Taxi-ETL-Pipeline/.venv/lib/python3.10/site-packages/airflow/example_dags/example_kubernetes_executor.py
[2024-10-20T21:57:54.278+0700] {processor.py:208} INFO - Processing /Users/punny/Documents/GitHub/NYC-Taxi-ETL-Pipeline/.venv/lib/python3.10/site-packages/airflow/example_dags/example_kubernetes_executor.py took 0.284 seconds
[2024-10-20T23:32:27.080+0700] {processor.py:186} INFO - Started process (PID=32127) to work on /Users/punny/Documents/GitHub/NYC-Taxi-ETL-Pipeline/.venv/lib/python3.10/site-packages/airflow/example_dags/example_kubernetes_executor.py
[2024-10-20T23:32:27.085+0700] {processor.py:914} INFO - Processing file /Users/punny/Documents/GitHub/NYC-Taxi-ETL-Pipeline/.venv/lib/python3.10/site-packages/airflow/example_dags/example_kubernetes_executor.py for tasks to queue
[2024-10-20T23:32:27.087+0700] {logging_mixin.py:190} INFO - [2024-10-20T23:32:27.086+0700] {dagbag.py:588} INFO - Filling up the DagBag from /Users/punny/Documents/GitHub/NYC-Taxi-ETL-Pipeline/.venv/lib/python3.10/site-packages/airflow/example_dags/example_kubernetes_executor.py
[2024-10-20T23:32:27.175+0700] {logging_mixin.py:190} INFO - [2024-10-20T23:32:27.175+0700] {example_kubernetes_executor.py:39} WARNING - The example_kubernetes_executor example DAG requires the kubernetes provider. Please install it with: pip install apache-airflow[cncf.kubernetes]
[2024-10-20T23:32:27.176+0700] {processor.py:927} WARNING - No viable dags retrieved from /Users/punny/Documents/GitHub/NYC-Taxi-ETL-Pipeline/.venv/lib/python3.10/site-packages/airflow/example_dags/example_kubernetes_executor.py
[2024-10-20T23:32:27.441+0700] {processor.py:208} INFO - Processing /Users/punny/Documents/GitHub/NYC-Taxi-ETL-Pipeline/.venv/lib/python3.10/site-packages/airflow/example_dags/example_kubernetes_executor.py took 0.373 seconds
[2024-10-21T01:32:56.734+0700] {processor.py:186} INFO - Started process (PID=32774) to work on /Users/punny/Documents/GitHub/NYC-Taxi-ETL-Pipeline/.venv/lib/python3.10/site-packages/airflow/example_dags/example_kubernetes_executor.py
[2024-10-21T01:32:56.737+0700] {processor.py:914} INFO - Processing file /Users/punny/Documents/GitHub/NYC-Taxi-ETL-Pipeline/.venv/lib/python3.10/site-packages/airflow/example_dags/example_kubernetes_executor.py for tasks to queue
[2024-10-21T01:32:56.738+0700] {logging_mixin.py:190} INFO - [2024-10-21T01:32:56.738+0700] {dagbag.py:588} INFO - Filling up the DagBag from /Users/punny/Documents/GitHub/NYC-Taxi-ETL-Pipeline/.venv/lib/python3.10/site-packages/airflow/example_dags/example_kubernetes_executor.py
[2024-10-21T01:32:56.791+0700] {logging_mixin.py:190} INFO - [2024-10-21T01:32:56.791+0700] {example_kubernetes_executor.py:39} WARNING - The example_kubernetes_executor example DAG requires the kubernetes provider. Please install it with: pip install apache-airflow[cncf.kubernetes]
[2024-10-21T01:32:56.791+0700] {processor.py:927} WARNING - No viable dags retrieved from /Users/punny/Documents/GitHub/NYC-Taxi-ETL-Pipeline/.venv/lib/python3.10/site-packages/airflow/example_dags/example_kubernetes_executor.py
[2024-10-21T01:32:56.985+0700] {processor.py:208} INFO - Processing /Users/punny/Documents/GitHub/NYC-Taxi-ETL-Pipeline/.venv/lib/python3.10/site-packages/airflow/example_dags/example_kubernetes_executor.py took 0.260 seconds
[2024-10-21T03:35:33.939+0700] {processor.py:186} INFO - Started process (PID=33509) to work on /Users/punny/Documents/GitHub/NYC-Taxi-ETL-Pipeline/.venv/lib/python3.10/site-packages/airflow/example_dags/example_kubernetes_executor.py
[2024-10-21T03:35:33.944+0700] {processor.py:914} INFO - Processing file /Users/punny/Documents/GitHub/NYC-Taxi-ETL-Pipeline/.venv/lib/python3.10/site-packages/airflow/example_dags/example_kubernetes_executor.py for tasks to queue
[2024-10-21T03:35:33.945+0700] {logging_mixin.py:190} INFO - [2024-10-21T03:35:33.945+0700] {dagbag.py:588} INFO - Filling up the DagBag from /Users/punny/Documents/GitHub/NYC-Taxi-ETL-Pipeline/.venv/lib/python3.10/site-packages/airflow/example_dags/example_kubernetes_executor.py
[2024-10-21T03:35:33.984+0700] {logging_mixin.py:190} INFO - [2024-10-21T03:35:33.983+0700] {example_kubernetes_executor.py:39} WARNING - The example_kubernetes_executor example DAG requires the kubernetes provider. Please install it with: pip install apache-airflow[cncf.kubernetes]
[2024-10-21T03:35:33.984+0700] {processor.py:927} WARNING - No viable dags retrieved from /Users/punny/Documents/GitHub/NYC-Taxi-ETL-Pipeline/.venv/lib/python3.10/site-packages/airflow/example_dags/example_kubernetes_executor.py
[2024-10-21T03:35:34.155+0700] {processor.py:208} INFO - Processing /Users/punny/Documents/GitHub/NYC-Taxi-ETL-Pipeline/.venv/lib/python3.10/site-packages/airflow/example_dags/example_kubernetes_executor.py took 0.224 seconds
