[2024-10-20T20:42:56.236+0700] {processor.py:186} INFO - Started process (PID=22654) to work on /Users/punny/Documents/GitHub/NYC-Taxi-ETL-Pipeline/.venv/lib/python3.10/site-packages/airflow/example_dags/example_sla_dag.py
[2024-10-20T20:42:56.238+0700] {processor.py:914} INFO - Processing file /Users/punny/Documents/GitHub/NYC-Taxi-ETL-Pipeline/.venv/lib/python3.10/site-packages/airflow/example_dags/example_sla_dag.py for tasks to queue
[2024-10-20T20:42:56.240+0700] {logging_mixin.py:190} INFO - [2024-10-20T20:42:56.239+0700] {dagbag.py:588} INFO - Filling up the DagBag from /Users/punny/Documents/GitHub/NYC-Taxi-ETL-Pipeline/.venv/lib/python3.10/site-packages/airflow/example_dags/example_sla_dag.py
[2024-10-20T20:42:56.305+0700] {processor.py:925} INFO - DAG(s) 'example_sla_dag' retrieved from /Users/punny/Documents/GitHub/NYC-Taxi-ETL-Pipeline/.venv/lib/python3.10/site-packages/airflow/example_dags/example_sla_dag.py
[2024-10-20T20:42:56.651+0700] {logging_mixin.py:190} INFO - [2024-10-20T20:42:56.649+0700] {override.py:1907} INFO - Created Permission View: can delete on DAG:example_sla_dag
[2024-10-20T20:42:56.668+0700] {logging_mixin.py:190} INFO - [2024-10-20T20:42:56.667+0700] {override.py:1907} INFO - Created Permission View: can edit on DAG:example_sla_dag
[2024-10-20T20:42:56.677+0700] {logging_mixin.py:190} INFO - [2024-10-20T20:42:56.677+0700] {override.py:1907} INFO - Created Permission View: can read on DAG:example_sla_dag
[2024-10-20T20:42:56.691+0700] {logging_mixin.py:190} INFO - [2024-10-20T20:42:56.690+0700] {override.py:1907} INFO - Created Permission View: can delete on DAG Run:example_sla_dag
[2024-10-20T20:42:56.701+0700] {logging_mixin.py:190} INFO - [2024-10-20T20:42:56.700+0700] {override.py:1907} INFO - Created Permission View: can create on DAG Run:example_sla_dag
[2024-10-20T20:42:56.708+0700] {logging_mixin.py:190} INFO - [2024-10-20T20:42:56.708+0700] {override.py:1907} INFO - Created Permission View: can read on DAG Run:example_sla_dag
[2024-10-20T20:42:56.718+0700] {logging_mixin.py:190} INFO - [2024-10-20T20:42:56.717+0700] {override.py:1907} INFO - Created Permission View: menu access on DAG Run:example_sla_dag
[2024-10-20T20:42:56.718+0700] {logging_mixin.py:190} INFO - [2024-10-20T20:42:56.718+0700] {dag.py:3239} INFO - Sync 1 DAGs
[2024-10-20T20:42:56.735+0700] {logging_mixin.py:190} INFO - [2024-10-20T20:42:56.734+0700] {dag.py:3262} INFO - Creating ORM DAG for example_sla_dag
[2024-10-20T20:42:56.752+0700] {logging_mixin.py:190} INFO - [2024-10-20T20:42:56.752+0700] {dag.py:4180} INFO - Setting next_dagrun for example_sla_dag to 2024-10-20 13:40:00+00:00, run_after=2024-10-20 13:42:00+00:00
[2024-10-20T20:42:56.772+0700] {processor.py:208} INFO - Processing /Users/punny/Documents/GitHub/NYC-Taxi-ETL-Pipeline/.venv/lib/python3.10/site-packages/airflow/example_dags/example_sla_dag.py took 0.546 seconds
[2024-10-20T20:47:13.484+0700] {processor.py:186} INFO - Started process (PID=23385) to work on /Users/punny/Documents/GitHub/NYC-Taxi-ETL-Pipeline/.venv/lib/python3.10/site-packages/airflow/example_dags/example_sla_dag.py
[2024-10-20T20:47:13.487+0700] {processor.py:914} INFO - Processing file /Users/punny/Documents/GitHub/NYC-Taxi-ETL-Pipeline/.venv/lib/python3.10/site-packages/airflow/example_dags/example_sla_dag.py for tasks to queue
[2024-10-20T20:47:13.488+0700] {logging_mixin.py:190} INFO - [2024-10-20T20:47:13.488+0700] {dagbag.py:588} INFO - Filling up the DagBag from /Users/punny/Documents/GitHub/NYC-Taxi-ETL-Pipeline/.venv/lib/python3.10/site-packages/airflow/example_dags/example_sla_dag.py
[2024-10-20T20:47:13.533+0700] {processor.py:925} INFO - DAG(s) 'example_sla_dag' retrieved from /Users/punny/Documents/GitHub/NYC-Taxi-ETL-Pipeline/.venv/lib/python3.10/site-packages/airflow/example_dags/example_sla_dag.py
[2024-10-20T20:47:13.719+0700] {logging_mixin.py:190} INFO - [2024-10-20T20:47:13.718+0700] {dag.py:3239} INFO - Sync 1 DAGs
[2024-10-20T20:47:13.745+0700] {logging_mixin.py:190} INFO - [2024-10-20T20:47:13.745+0700] {dag.py:4180} INFO - Setting next_dagrun for example_sla_dag to 2024-10-20 13:44:00+00:00, run_after=2024-10-20 13:46:00+00:00
[2024-10-20T20:47:13.766+0700] {processor.py:208} INFO - Processing /Users/punny/Documents/GitHub/NYC-Taxi-ETL-Pipeline/.venv/lib/python3.10/site-packages/airflow/example_dags/example_sla_dag.py took 0.291 seconds
[2024-10-20T20:50:33.297+0700] {processor.py:186} INFO - Started process (PID=23840) to work on /Users/punny/Documents/GitHub/NYC-Taxi-ETL-Pipeline/.venv/lib/python3.10/site-packages/airflow/example_dags/example_sla_dag.py
[2024-10-20T20:50:33.301+0700] {processor.py:914} INFO - Processing file /Users/punny/Documents/GitHub/NYC-Taxi-ETL-Pipeline/.venv/lib/python3.10/site-packages/airflow/example_dags/example_sla_dag.py for tasks to queue
[2024-10-20T20:50:33.302+0700] {logging_mixin.py:190} INFO - [2024-10-20T20:50:33.302+0700] {dagbag.py:588} INFO - Filling up the DagBag from /Users/punny/Documents/GitHub/NYC-Taxi-ETL-Pipeline/.venv/lib/python3.10/site-packages/airflow/example_dags/example_sla_dag.py
[2024-10-20T20:50:33.346+0700] {processor.py:925} INFO - DAG(s) 'example_sla_dag' retrieved from /Users/punny/Documents/GitHub/NYC-Taxi-ETL-Pipeline/.venv/lib/python3.10/site-packages/airflow/example_dags/example_sla_dag.py
[2024-10-20T20:50:33.534+0700] {logging_mixin.py:190} INFO - [2024-10-20T20:50:33.534+0700] {dag.py:3239} INFO - Sync 1 DAGs
[2024-10-20T20:50:33.562+0700] {logging_mixin.py:190} INFO - [2024-10-20T20:50:33.562+0700] {dag.py:4180} INFO - Setting next_dagrun for example_sla_dag to 2024-10-20 13:48:00+00:00, run_after=2024-10-20 13:50:00+00:00
[2024-10-20T20:50:33.584+0700] {processor.py:208} INFO - Processing /Users/punny/Documents/GitHub/NYC-Taxi-ETL-Pipeline/.venv/lib/python3.10/site-packages/airflow/example_dags/example_sla_dag.py took 0.294 seconds
[2024-10-20T20:53:55.921+0700] {processor.py:186} INFO - Started process (PID=24344) to work on /Users/punny/Documents/GitHub/NYC-Taxi-ETL-Pipeline/.venv/lib/python3.10/site-packages/airflow/example_dags/example_sla_dag.py
[2024-10-20T20:53:55.925+0700] {processor.py:914} INFO - Processing file /Users/punny/Documents/GitHub/NYC-Taxi-ETL-Pipeline/.venv/lib/python3.10/site-packages/airflow/example_dags/example_sla_dag.py for tasks to queue
[2024-10-20T20:53:55.926+0700] {logging_mixin.py:190} INFO - [2024-10-20T20:53:55.926+0700] {dagbag.py:588} INFO - Filling up the DagBag from /Users/punny/Documents/GitHub/NYC-Taxi-ETL-Pipeline/.venv/lib/python3.10/site-packages/airflow/example_dags/example_sla_dag.py
[2024-10-20T20:53:55.987+0700] {processor.py:925} INFO - DAG(s) 'example_sla_dag' retrieved from /Users/punny/Documents/GitHub/NYC-Taxi-ETL-Pipeline/.venv/lib/python3.10/site-packages/airflow/example_dags/example_sla_dag.py
[2024-10-20T20:53:56.267+0700] {logging_mixin.py:190} INFO - [2024-10-20T20:53:56.266+0700] {dag.py:3239} INFO - Sync 1 DAGs
[2024-10-20T20:53:56.302+0700] {logging_mixin.py:190} INFO - [2024-10-20T20:53:56.301+0700] {dag.py:4180} INFO - Setting next_dagrun for example_sla_dag to 2024-10-20 13:50:00+00:00, run_after=2024-10-20 13:52:00+00:00
[2024-10-20T20:53:56.328+0700] {processor.py:208} INFO - Processing /Users/punny/Documents/GitHub/NYC-Taxi-ETL-Pipeline/.venv/lib/python3.10/site-packages/airflow/example_dags/example_sla_dag.py took 0.414 seconds
[2024-10-20T20:57:14.521+0700] {processor.py:186} INFO - Started process (PID=24819) to work on /Users/punny/Documents/GitHub/NYC-Taxi-ETL-Pipeline/.venv/lib/python3.10/site-packages/airflow/example_dags/example_sla_dag.py
[2024-10-20T20:57:14.524+0700] {processor.py:914} INFO - Processing file /Users/punny/Documents/GitHub/NYC-Taxi-ETL-Pipeline/.venv/lib/python3.10/site-packages/airflow/example_dags/example_sla_dag.py for tasks to queue
[2024-10-20T20:57:14.526+0700] {logging_mixin.py:190} INFO - [2024-10-20T20:57:14.526+0700] {dagbag.py:588} INFO - Filling up the DagBag from /Users/punny/Documents/GitHub/NYC-Taxi-ETL-Pipeline/.venv/lib/python3.10/site-packages/airflow/example_dags/example_sla_dag.py
[2024-10-20T20:57:14.591+0700] {processor.py:925} INFO - DAG(s) 'example_sla_dag' retrieved from /Users/punny/Documents/GitHub/NYC-Taxi-ETL-Pipeline/.venv/lib/python3.10/site-packages/airflow/example_dags/example_sla_dag.py
[2024-10-20T20:57:14.787+0700] {logging_mixin.py:190} INFO - [2024-10-20T20:57:14.786+0700] {dag.py:3239} INFO - Sync 1 DAGs
[2024-10-20T20:57:14.818+0700] {logging_mixin.py:190} INFO - [2024-10-20T20:57:14.818+0700] {dag.py:4180} INFO - Setting next_dagrun for example_sla_dag to 2024-10-20 13:54:00+00:00, run_after=2024-10-20 13:56:00+00:00
[2024-10-20T20:57:14.842+0700] {processor.py:208} INFO - Processing /Users/punny/Documents/GitHub/NYC-Taxi-ETL-Pipeline/.venv/lib/python3.10/site-packages/airflow/example_dags/example_sla_dag.py took 0.329 seconds
[2024-10-20T21:00:43.771+0700] {processor.py:186} INFO - Started process (PID=25459) to work on /Users/punny/Documents/GitHub/NYC-Taxi-ETL-Pipeline/.venv/lib/python3.10/site-packages/airflow/example_dags/example_sla_dag.py
[2024-10-20T21:00:43.780+0700] {processor.py:914} INFO - Processing file /Users/punny/Documents/GitHub/NYC-Taxi-ETL-Pipeline/.venv/lib/python3.10/site-packages/airflow/example_dags/example_sla_dag.py for tasks to queue
[2024-10-20T21:00:43.782+0700] {logging_mixin.py:190} INFO - [2024-10-20T21:00:43.782+0700] {dagbag.py:588} INFO - Filling up the DagBag from /Users/punny/Documents/GitHub/NYC-Taxi-ETL-Pipeline/.venv/lib/python3.10/site-packages/airflow/example_dags/example_sla_dag.py
[2024-10-20T21:00:43.829+0700] {processor.py:925} INFO - DAG(s) 'example_sla_dag' retrieved from /Users/punny/Documents/GitHub/NYC-Taxi-ETL-Pipeline/.venv/lib/python3.10/site-packages/airflow/example_dags/example_sla_dag.py
[2024-10-20T21:00:44.020+0700] {logging_mixin.py:190} INFO - [2024-10-20T21:00:44.019+0700] {dag.py:3239} INFO - Sync 1 DAGs
[2024-10-20T21:00:44.052+0700] {logging_mixin.py:190} INFO - [2024-10-20T21:00:44.052+0700] {dag.py:4180} INFO - Setting next_dagrun for example_sla_dag to 2024-10-20 13:58:00+00:00, run_after=2024-10-20 14:00:00+00:00
[2024-10-20T21:00:44.086+0700] {processor.py:208} INFO - Processing /Users/punny/Documents/GitHub/NYC-Taxi-ETL-Pipeline/.venv/lib/python3.10/site-packages/airflow/example_dags/example_sla_dag.py took 0.350 seconds
[2024-10-20T21:04:18.494+0700] {processor.py:186} INFO - Started process (PID=25977) to work on /Users/punny/Documents/GitHub/NYC-Taxi-ETL-Pipeline/.venv/lib/python3.10/site-packages/airflow/example_dags/example_sla_dag.py
[2024-10-20T21:04:18.497+0700] {processor.py:914} INFO - Processing file /Users/punny/Documents/GitHub/NYC-Taxi-ETL-Pipeline/.venv/lib/python3.10/site-packages/airflow/example_dags/example_sla_dag.py for tasks to queue
[2024-10-20T21:04:18.498+0700] {logging_mixin.py:190} INFO - [2024-10-20T21:04:18.498+0700] {dagbag.py:588} INFO - Filling up the DagBag from /Users/punny/Documents/GitHub/NYC-Taxi-ETL-Pipeline/.venv/lib/python3.10/site-packages/airflow/example_dags/example_sla_dag.py
[2024-10-20T21:04:18.565+0700] {processor.py:925} INFO - DAG(s) 'example_sla_dag' retrieved from /Users/punny/Documents/GitHub/NYC-Taxi-ETL-Pipeline/.venv/lib/python3.10/site-packages/airflow/example_dags/example_sla_dag.py
[2024-10-20T21:04:18.803+0700] {logging_mixin.py:190} INFO - [2024-10-20T21:04:18.802+0700] {dag.py:3239} INFO - Sync 1 DAGs
[2024-10-20T21:04:18.830+0700] {logging_mixin.py:190} INFO - [2024-10-20T21:04:18.829+0700] {dag.py:4180} INFO - Setting next_dagrun for example_sla_dag to 2024-10-20 14:02:00+00:00, run_after=2024-10-20 14:04:00+00:00
[2024-10-20T21:04:18.851+0700] {processor.py:208} INFO - Processing /Users/punny/Documents/GitHub/NYC-Taxi-ETL-Pipeline/.venv/lib/python3.10/site-packages/airflow/example_dags/example_sla_dag.py took 0.366 seconds
[2024-10-20T21:08:02.024+0700] {processor.py:186} INFO - Started process (PID=26483) to work on /Users/punny/Documents/GitHub/NYC-Taxi-ETL-Pipeline/.venv/lib/python3.10/site-packages/airflow/example_dags/example_sla_dag.py
[2024-10-20T21:08:02.028+0700] {processor.py:914} INFO - Processing file /Users/punny/Documents/GitHub/NYC-Taxi-ETL-Pipeline/.venv/lib/python3.10/site-packages/airflow/example_dags/example_sla_dag.py for tasks to queue
[2024-10-20T21:08:02.029+0700] {logging_mixin.py:190} INFO - [2024-10-20T21:08:02.029+0700] {dagbag.py:588} INFO - Filling up the DagBag from /Users/punny/Documents/GitHub/NYC-Taxi-ETL-Pipeline/.venv/lib/python3.10/site-packages/airflow/example_dags/example_sla_dag.py
[2024-10-20T21:08:02.075+0700] {processor.py:925} INFO - DAG(s) 'example_sla_dag' retrieved from /Users/punny/Documents/GitHub/NYC-Taxi-ETL-Pipeline/.venv/lib/python3.10/site-packages/airflow/example_dags/example_sla_dag.py
[2024-10-20T21:08:02.285+0700] {logging_mixin.py:190} INFO - [2024-10-20T21:08:02.284+0700] {dag.py:3239} INFO - Sync 1 DAGs
[2024-10-20T21:08:02.315+0700] {logging_mixin.py:190} INFO - [2024-10-20T21:08:02.314+0700] {dag.py:4180} INFO - Setting next_dagrun for example_sla_dag to 2024-10-20 14:06:00+00:00, run_after=2024-10-20 14:08:00+00:00
[2024-10-20T21:08:02.340+0700] {processor.py:208} INFO - Processing /Users/punny/Documents/GitHub/NYC-Taxi-ETL-Pipeline/.venv/lib/python3.10/site-packages/airflow/example_dags/example_sla_dag.py took 0.324 seconds
[2024-10-20T21:10:59.460+0700] {processor.py:186} INFO - Started process (PID=26845) to work on /Users/punny/Documents/GitHub/NYC-Taxi-ETL-Pipeline/.venv/lib/python3.10/site-packages/airflow/example_dags/example_sla_dag.py
[2024-10-20T21:10:59.464+0700] {processor.py:914} INFO - Processing file /Users/punny/Documents/GitHub/NYC-Taxi-ETL-Pipeline/.venv/lib/python3.10/site-packages/airflow/example_dags/example_sla_dag.py for tasks to queue
[2024-10-20T21:10:59.465+0700] {logging_mixin.py:190} INFO - [2024-10-20T21:10:59.464+0700] {dagbag.py:588} INFO - Filling up the DagBag from /Users/punny/Documents/GitHub/NYC-Taxi-ETL-Pipeline/.venv/lib/python3.10/site-packages/airflow/example_dags/example_sla_dag.py
[2024-10-20T21:10:59.523+0700] {processor.py:925} INFO - DAG(s) 'example_sla_dag' retrieved from /Users/punny/Documents/GitHub/NYC-Taxi-ETL-Pipeline/.venv/lib/python3.10/site-packages/airflow/example_dags/example_sla_dag.py
[2024-10-20T21:10:59.709+0700] {logging_mixin.py:190} INFO - [2024-10-20T21:10:59.708+0700] {dag.py:3239} INFO - Sync 1 DAGs
[2024-10-20T21:10:59.735+0700] {logging_mixin.py:190} INFO - [2024-10-20T21:10:59.735+0700] {dag.py:4180} INFO - Setting next_dagrun for example_sla_dag to 2024-10-20 14:08:00+00:00, run_after=2024-10-20 14:10:00+00:00
[2024-10-20T21:10:59.756+0700] {processor.py:208} INFO - Processing /Users/punny/Documents/GitHub/NYC-Taxi-ETL-Pipeline/.venv/lib/python3.10/site-packages/airflow/example_dags/example_sla_dag.py took 0.301 seconds
[2024-10-20T21:29:21.458+0700] {processor.py:186} INFO - Started process (PID=27491) to work on /Users/punny/Documents/GitHub/NYC-Taxi-ETL-Pipeline/.venv/lib/python3.10/site-packages/airflow/example_dags/example_sla_dag.py
[2024-10-20T21:29:21.461+0700] {processor.py:914} INFO - Processing file /Users/punny/Documents/GitHub/NYC-Taxi-ETL-Pipeline/.venv/lib/python3.10/site-packages/airflow/example_dags/example_sla_dag.py for tasks to queue
[2024-10-20T21:29:21.463+0700] {logging_mixin.py:190} INFO - [2024-10-20T21:29:21.462+0700] {dagbag.py:588} INFO - Filling up the DagBag from /Users/punny/Documents/GitHub/NYC-Taxi-ETL-Pipeline/.venv/lib/python3.10/site-packages/airflow/example_dags/example_sla_dag.py
[2024-10-20T21:29:21.536+0700] {processor.py:925} INFO - DAG(s) 'example_sla_dag' retrieved from /Users/punny/Documents/GitHub/NYC-Taxi-ETL-Pipeline/.venv/lib/python3.10/site-packages/airflow/example_dags/example_sla_dag.py
[2024-10-20T21:29:21.779+0700] {logging_mixin.py:190} INFO - [2024-10-20T21:29:21.778+0700] {dag.py:3239} INFO - Sync 1 DAGs
[2024-10-20T21:29:21.815+0700] {logging_mixin.py:190} INFO - [2024-10-20T21:29:21.815+0700] {dag.py:4180} INFO - Setting next_dagrun for example_sla_dag to 2024-10-20 14:26:00+00:00, run_after=2024-10-20 14:28:00+00:00
[2024-10-20T21:29:21.847+0700] {processor.py:208} INFO - Processing /Users/punny/Documents/GitHub/NYC-Taxi-ETL-Pipeline/.venv/lib/python3.10/site-packages/airflow/example_dags/example_sla_dag.py took 0.398 seconds
[2024-10-20T21:33:02.924+0700] {processor.py:186} INFO - Started process (PID=28115) to work on /Users/punny/Documents/GitHub/NYC-Taxi-ETL-Pipeline/.venv/lib/python3.10/site-packages/airflow/example_dags/example_sla_dag.py
[2024-10-20T21:33:02.928+0700] {processor.py:914} INFO - Processing file /Users/punny/Documents/GitHub/NYC-Taxi-ETL-Pipeline/.venv/lib/python3.10/site-packages/airflow/example_dags/example_sla_dag.py for tasks to queue
[2024-10-20T21:33:02.930+0700] {logging_mixin.py:190} INFO - [2024-10-20T21:33:02.930+0700] {dagbag.py:588} INFO - Filling up the DagBag from /Users/punny/Documents/GitHub/NYC-Taxi-ETL-Pipeline/.venv/lib/python3.10/site-packages/airflow/example_dags/example_sla_dag.py
[2024-10-20T21:33:02.993+0700] {processor.py:925} INFO - DAG(s) 'example_sla_dag' retrieved from /Users/punny/Documents/GitHub/NYC-Taxi-ETL-Pipeline/.venv/lib/python3.10/site-packages/airflow/example_dags/example_sla_dag.py
[2024-10-20T21:33:03.212+0700] {logging_mixin.py:190} INFO - [2024-10-20T21:33:03.211+0700] {dag.py:3239} INFO - Sync 1 DAGs
[2024-10-20T21:33:03.241+0700] {logging_mixin.py:190} INFO - [2024-10-20T21:33:03.241+0700] {dag.py:4180} INFO - Setting next_dagrun for example_sla_dag to 2024-10-20 14:30:00+00:00, run_after=2024-10-20 14:32:00+00:00
[2024-10-20T21:33:03.272+0700] {processor.py:208} INFO - Processing /Users/punny/Documents/GitHub/NYC-Taxi-ETL-Pipeline/.venv/lib/python3.10/site-packages/airflow/example_dags/example_sla_dag.py took 0.356 seconds
[2024-10-20T21:56:36.560+0700] {processor.py:186} INFO - Started process (PID=31200) to work on /Users/punny/Documents/GitHub/NYC-Taxi-ETL-Pipeline/.venv/lib/python3.10/site-packages/airflow/example_dags/example_sla_dag.py
[2024-10-20T21:56:36.564+0700] {processor.py:914} INFO - Processing file /Users/punny/Documents/GitHub/NYC-Taxi-ETL-Pipeline/.venv/lib/python3.10/site-packages/airflow/example_dags/example_sla_dag.py for tasks to queue
[2024-10-20T21:56:36.566+0700] {logging_mixin.py:190} INFO - [2024-10-20T21:56:36.565+0700] {dagbag.py:588} INFO - Filling up the DagBag from /Users/punny/Documents/GitHub/NYC-Taxi-ETL-Pipeline/.venv/lib/python3.10/site-packages/airflow/example_dags/example_sla_dag.py
[2024-10-20T21:56:36.639+0700] {processor.py:925} INFO - DAG(s) 'example_sla_dag' retrieved from /Users/punny/Documents/GitHub/NYC-Taxi-ETL-Pipeline/.venv/lib/python3.10/site-packages/airflow/example_dags/example_sla_dag.py
[2024-10-20T21:56:36.937+0700] {logging_mixin.py:190} INFO - [2024-10-20T21:56:36.936+0700] {dag.py:3239} INFO - Sync 1 DAGs
[2024-10-20T21:56:36.973+0700] {logging_mixin.py:190} INFO - [2024-10-20T21:56:36.972+0700] {dag.py:4180} INFO - Setting next_dagrun for example_sla_dag to 2024-10-20 14:54:00+00:00, run_after=2024-10-20 14:56:00+00:00
[2024-10-20T21:56:37.003+0700] {processor.py:208} INFO - Processing /Users/punny/Documents/GitHub/NYC-Taxi-ETL-Pipeline/.venv/lib/python3.10/site-packages/airflow/example_dags/example_sla_dag.py took 0.452 seconds
[2024-10-20T22:30:53.501+0700] {processor.py:186} INFO - Started process (PID=31896) to work on /Users/punny/Documents/GitHub/NYC-Taxi-ETL-Pipeline/.venv/lib/python3.10/site-packages/airflow/example_dags/example_sla_dag.py
[2024-10-20T22:30:53.506+0700] {processor.py:914} INFO - Processing file /Users/punny/Documents/GitHub/NYC-Taxi-ETL-Pipeline/.venv/lib/python3.10/site-packages/airflow/example_dags/example_sla_dag.py for tasks to queue
[2024-10-20T22:30:53.508+0700] {logging_mixin.py:190} INFO - [2024-10-20T22:30:53.507+0700] {dagbag.py:588} INFO - Filling up the DagBag from /Users/punny/Documents/GitHub/NYC-Taxi-ETL-Pipeline/.venv/lib/python3.10/site-packages/airflow/example_dags/example_sla_dag.py
[2024-10-20T22:30:53.590+0700] {processor.py:925} INFO - DAG(s) 'example_sla_dag' retrieved from /Users/punny/Documents/GitHub/NYC-Taxi-ETL-Pipeline/.venv/lib/python3.10/site-packages/airflow/example_dags/example_sla_dag.py
[2024-10-20T22:30:53.908+0700] {logging_mixin.py:190} INFO - [2024-10-20T22:30:53.907+0700] {dag.py:3239} INFO - Sync 1 DAGs
[2024-10-20T22:30:53.949+0700] {logging_mixin.py:190} INFO - [2024-10-20T22:30:53.949+0700] {dag.py:4180} INFO - Setting next_dagrun for example_sla_dag to 2024-10-20 15:28:00+00:00, run_after=2024-10-20 15:30:00+00:00
[2024-10-20T22:30:53.982+0700] {processor.py:208} INFO - Processing /Users/punny/Documents/GitHub/NYC-Taxi-ETL-Pipeline/.venv/lib/python3.10/site-packages/airflow/example_dags/example_sla_dag.py took 0.495 seconds
[2024-10-21T00:48:02.244+0700] {processor.py:186} INFO - Started process (PID=32590) to work on /Users/punny/Documents/GitHub/NYC-Taxi-ETL-Pipeline/.venv/lib/python3.10/site-packages/airflow/example_dags/example_sla_dag.py
[2024-10-21T00:48:02.247+0700] {processor.py:914} INFO - Processing file /Users/punny/Documents/GitHub/NYC-Taxi-ETL-Pipeline/.venv/lib/python3.10/site-packages/airflow/example_dags/example_sla_dag.py for tasks to queue
[2024-10-21T00:48:02.248+0700] {logging_mixin.py:190} INFO - [2024-10-21T00:48:02.248+0700] {dagbag.py:588} INFO - Filling up the DagBag from /Users/punny/Documents/GitHub/NYC-Taxi-ETL-Pipeline/.venv/lib/python3.10/site-packages/airflow/example_dags/example_sla_dag.py
[2024-10-21T00:48:02.292+0700] {processor.py:925} INFO - DAG(s) 'example_sla_dag' retrieved from /Users/punny/Documents/GitHub/NYC-Taxi-ETL-Pipeline/.venv/lib/python3.10/site-packages/airflow/example_dags/example_sla_dag.py
[2024-10-21T00:48:02.470+0700] {logging_mixin.py:190} INFO - [2024-10-21T00:48:02.470+0700] {dag.py:3239} INFO - Sync 1 DAGs
[2024-10-21T00:48:02.498+0700] {logging_mixin.py:190} INFO - [2024-10-21T00:48:02.497+0700] {dag.py:4180} INFO - Setting next_dagrun for example_sla_dag to 2024-10-20 17:46:00+00:00, run_after=2024-10-20 17:48:00+00:00
[2024-10-21T00:48:02.520+0700] {processor.py:208} INFO - Processing /Users/punny/Documents/GitHub/NYC-Taxi-ETL-Pipeline/.venv/lib/python3.10/site-packages/airflow/example_dags/example_sla_dag.py took 0.284 seconds
[2024-10-21T03:03:59.399+0700] {processor.py:186} INFO - Started process (PID=33285) to work on /Users/punny/Documents/GitHub/NYC-Taxi-ETL-Pipeline/.venv/lib/python3.10/site-packages/airflow/example_dags/example_sla_dag.py
[2024-10-21T03:03:59.402+0700] {processor.py:914} INFO - Processing file /Users/punny/Documents/GitHub/NYC-Taxi-ETL-Pipeline/.venv/lib/python3.10/site-packages/airflow/example_dags/example_sla_dag.py for tasks to queue
[2024-10-21T03:03:59.404+0700] {logging_mixin.py:190} INFO - [2024-10-21T03:03:59.403+0700] {dagbag.py:588} INFO - Filling up the DagBag from /Users/punny/Documents/GitHub/NYC-Taxi-ETL-Pipeline/.venv/lib/python3.10/site-packages/airflow/example_dags/example_sla_dag.py
[2024-10-21T03:03:59.463+0700] {processor.py:925} INFO - DAG(s) 'example_sla_dag' retrieved from /Users/punny/Documents/GitHub/NYC-Taxi-ETL-Pipeline/.venv/lib/python3.10/site-packages/airflow/example_dags/example_sla_dag.py
[2024-10-21T03:03:59.638+0700] {logging_mixin.py:190} INFO - [2024-10-21T03:03:59.638+0700] {dag.py:3239} INFO - Sync 1 DAGs
[2024-10-21T03:03:59.667+0700] {logging_mixin.py:190} INFO - [2024-10-21T03:03:59.666+0700] {dag.py:4180} INFO - Setting next_dagrun for example_sla_dag to 2024-10-20 20:00:00+00:00, run_after=2024-10-20 20:02:00+00:00
[2024-10-21T03:03:59.687+0700] {processor.py:208} INFO - Processing /Users/punny/Documents/GitHub/NYC-Taxi-ETL-Pipeline/.venv/lib/python3.10/site-packages/airflow/example_dags/example_sla_dag.py took 0.298 seconds
