[2024-10-20T20:44:59.777+0700] {processor.py:186} INFO - Started process (PID=23039) to work on /Users/punny/Documents/GitHub/NYC-Taxi-ETL-Pipeline/.venv/lib/python3.10/site-packages/airflow/example_dags/example_dataset_alias_with_no_taskflow.py
[2024-10-20T20:44:59.780+0700] {processor.py:914} INFO - Processing file /Users/punny/Documents/GitHub/NYC-Taxi-ETL-Pipeline/.venv/lib/python3.10/site-packages/airflow/example_dags/example_dataset_alias_with_no_taskflow.py for tasks to queue
[2024-10-20T20:44:59.781+0700] {logging_mixin.py:190} INFO - [2024-10-20T20:44:59.780+0700] {dagbag.py:588} INFO - Filling up the DagBag from /Users/punny/Documents/GitHub/NYC-Taxi-ETL-Pipeline/.venv/lib/python3.10/site-packages/airflow/example_dags/example_dataset_alias_with_no_taskflow.py
[2024-10-20T20:45:00.085+0700] {processor.py:925} INFO - DAG(s) 'dataset_alias_example_alias_consumer_with_no_taskflow', 'dataset_alias_example_alias_producer_with_no_taskflow', 'dataset_s3_bucket_consumer_with_no_taskflow', 'dataset_s3_bucket_producer_with_no_taskflow' retrieved from /Users/punny/Documents/GitHub/NYC-Taxi-ETL-Pipeline/.venv/lib/python3.10/site-packages/airflow/example_dags/example_dataset_alias_with_no_taskflow.py
[2024-10-20T20:45:00.243+0700] {logging_mixin.py:190} INFO - [2024-10-20T20:45:00.242+0700] {override.py:1907} INFO - Created Permission View: can delete on DAG:dataset_alias_example_alias_consumer_with_no_taskflow
[2024-10-20T20:45:00.264+0700] {logging_mixin.py:190} INFO - [2024-10-20T20:45:00.263+0700] {override.py:1907} INFO - Created Permission View: can read on DAG:dataset_alias_example_alias_consumer_with_no_taskflow
[2024-10-20T20:45:00.274+0700] {logging_mixin.py:190} INFO - [2024-10-20T20:45:00.273+0700] {override.py:1907} INFO - Created Permission View: can edit on DAG:dataset_alias_example_alias_consumer_with_no_taskflow
[2024-10-20T20:45:00.286+0700] {logging_mixin.py:190} INFO - [2024-10-20T20:45:00.285+0700] {override.py:1907} INFO - Created Permission View: can delete on DAG Run:dataset_alias_example_alias_consumer_with_no_taskflow
[2024-10-20T20:45:00.296+0700] {logging_mixin.py:190} INFO - [2024-10-20T20:45:00.295+0700] {override.py:1907} INFO - Created Permission View: can read on DAG Run:dataset_alias_example_alias_consumer_with_no_taskflow
[2024-10-20T20:45:00.304+0700] {logging_mixin.py:190} INFO - [2024-10-20T20:45:00.303+0700] {override.py:1907} INFO - Created Permission View: menu access on DAG Run:dataset_alias_example_alias_consumer_with_no_taskflow
[2024-10-20T20:45:00.312+0700] {logging_mixin.py:190} INFO - [2024-10-20T20:45:00.311+0700] {override.py:1907} INFO - Created Permission View: can create on DAG Run:dataset_alias_example_alias_consumer_with_no_taskflow
[2024-10-20T20:45:00.332+0700] {logging_mixin.py:190} INFO - [2024-10-20T20:45:00.332+0700] {override.py:1907} INFO - Created Permission View: can delete on DAG:dataset_alias_example_alias_producer_with_no_taskflow
[2024-10-20T20:45:00.341+0700] {logging_mixin.py:190} INFO - [2024-10-20T20:45:00.341+0700] {override.py:1907} INFO - Created Permission View: can read on DAG:dataset_alias_example_alias_producer_with_no_taskflow
[2024-10-20T20:45:00.349+0700] {logging_mixin.py:190} INFO - [2024-10-20T20:45:00.349+0700] {override.py:1907} INFO - Created Permission View: can edit on DAG:dataset_alias_example_alias_producer_with_no_taskflow
[2024-10-20T20:45:00.363+0700] {logging_mixin.py:190} INFO - [2024-10-20T20:45:00.362+0700] {override.py:1907} INFO - Created Permission View: can delete on DAG Run:dataset_alias_example_alias_producer_with_no_taskflow
[2024-10-20T20:45:00.371+0700] {logging_mixin.py:190} INFO - [2024-10-20T20:45:00.370+0700] {override.py:1907} INFO - Created Permission View: can read on DAG Run:dataset_alias_example_alias_producer_with_no_taskflow
[2024-10-20T20:45:00.378+0700] {logging_mixin.py:190} INFO - [2024-10-20T20:45:00.378+0700] {override.py:1907} INFO - Created Permission View: menu access on DAG Run:dataset_alias_example_alias_producer_with_no_taskflow
[2024-10-20T20:45:00.387+0700] {logging_mixin.py:190} INFO - [2024-10-20T20:45:00.386+0700] {override.py:1907} INFO - Created Permission View: can create on DAG Run:dataset_alias_example_alias_producer_with_no_taskflow
[2024-10-20T20:45:00.407+0700] {logging_mixin.py:190} INFO - [2024-10-20T20:45:00.406+0700] {override.py:1907} INFO - Created Permission View: can delete on DAG:dataset_s3_bucket_consumer_with_no_taskflow
[2024-10-20T20:45:00.415+0700] {logging_mixin.py:190} INFO - [2024-10-20T20:45:00.415+0700] {override.py:1907} INFO - Created Permission View: can read on DAG:dataset_s3_bucket_consumer_with_no_taskflow
[2024-10-20T20:45:00.427+0700] {logging_mixin.py:190} INFO - [2024-10-20T20:45:00.427+0700] {override.py:1907} INFO - Created Permission View: can edit on DAG:dataset_s3_bucket_consumer_with_no_taskflow
[2024-10-20T20:45:00.441+0700] {logging_mixin.py:190} INFO - [2024-10-20T20:45:00.441+0700] {override.py:1907} INFO - Created Permission View: can delete on DAG Run:dataset_s3_bucket_consumer_with_no_taskflow
[2024-10-20T20:45:00.452+0700] {logging_mixin.py:190} INFO - [2024-10-20T20:45:00.451+0700] {override.py:1907} INFO - Created Permission View: can read on DAG Run:dataset_s3_bucket_consumer_with_no_taskflow
[2024-10-20T20:45:00.460+0700] {logging_mixin.py:190} INFO - [2024-10-20T20:45:00.459+0700] {override.py:1907} INFO - Created Permission View: menu access on DAG Run:dataset_s3_bucket_consumer_with_no_taskflow
[2024-10-20T20:45:00.468+0700] {logging_mixin.py:190} INFO - [2024-10-20T20:45:00.468+0700] {override.py:1907} INFO - Created Permission View: can create on DAG Run:dataset_s3_bucket_consumer_with_no_taskflow
[2024-10-20T20:45:00.495+0700] {logging_mixin.py:190} INFO - [2024-10-20T20:45:00.494+0700] {override.py:1907} INFO - Created Permission View: can delete on DAG:dataset_s3_bucket_producer_with_no_taskflow
[2024-10-20T20:45:00.504+0700] {logging_mixin.py:190} INFO - [2024-10-20T20:45:00.504+0700] {override.py:1907} INFO - Created Permission View: can read on DAG:dataset_s3_bucket_producer_with_no_taskflow
[2024-10-20T20:45:00.512+0700] {logging_mixin.py:190} INFO - [2024-10-20T20:45:00.512+0700] {override.py:1907} INFO - Created Permission View: can edit on DAG:dataset_s3_bucket_producer_with_no_taskflow
[2024-10-20T20:45:00.524+0700] {logging_mixin.py:190} INFO - [2024-10-20T20:45:00.524+0700] {override.py:1907} INFO - Created Permission View: can delete on DAG Run:dataset_s3_bucket_producer_with_no_taskflow
[2024-10-20T20:45:00.533+0700] {logging_mixin.py:190} INFO - [2024-10-20T20:45:00.533+0700] {override.py:1907} INFO - Created Permission View: can read on DAG Run:dataset_s3_bucket_producer_with_no_taskflow
[2024-10-20T20:45:00.545+0700] {logging_mixin.py:190} INFO - [2024-10-20T20:45:00.544+0700] {override.py:1907} INFO - Created Permission View: menu access on DAG Run:dataset_s3_bucket_producer_with_no_taskflow
[2024-10-20T20:45:00.555+0700] {logging_mixin.py:190} INFO - [2024-10-20T20:45:00.554+0700] {override.py:1907} INFO - Created Permission View: can create on DAG Run:dataset_s3_bucket_producer_with_no_taskflow
[2024-10-20T20:45:00.555+0700] {logging_mixin.py:190} INFO - [2024-10-20T20:45:00.555+0700] {dag.py:3239} INFO - Sync 4 DAGs
[2024-10-20T20:45:00.572+0700] {logging_mixin.py:190} INFO - [2024-10-20T20:45:00.572+0700] {dag.py:3262} INFO - Creating ORM DAG for dataset_s3_bucket_producer_with_no_taskflow
[2024-10-20T20:45:00.573+0700] {logging_mixin.py:190} INFO - [2024-10-20T20:45:00.573+0700] {dag.py:3262} INFO - Creating ORM DAG for dataset_alias_example_alias_consumer_with_no_taskflow
[2024-10-20T20:45:00.574+0700] {logging_mixin.py:190} INFO - [2024-10-20T20:45:00.574+0700] {dag.py:3262} INFO - Creating ORM DAG for dataset_alias_example_alias_producer_with_no_taskflow
[2024-10-20T20:45:00.574+0700] {logging_mixin.py:190} INFO - [2024-10-20T20:45:00.574+0700] {dag.py:3262} INFO - Creating ORM DAG for dataset_s3_bucket_consumer_with_no_taskflow
[2024-10-20T20:45:00.583+0700] {logging_mixin.py:190} INFO - [2024-10-20T20:45:00.583+0700] {dag.py:4180} INFO - Setting next_dagrun for dataset_alias_example_alias_consumer_with_no_taskflow to None, run_after=None
[2024-10-20T20:45:00.584+0700] {logging_mixin.py:190} INFO - [2024-10-20T20:45:00.584+0700] {dag.py:4180} INFO - Setting next_dagrun for dataset_alias_example_alias_producer_with_no_taskflow to None, run_after=None
[2024-10-20T20:45:00.585+0700] {logging_mixin.py:190} INFO - [2024-10-20T20:45:00.585+0700] {dag.py:4180} INFO - Setting next_dagrun for dataset_s3_bucket_consumer_with_no_taskflow to None, run_after=None
[2024-10-20T20:45:00.587+0700] {logging_mixin.py:190} INFO - [2024-10-20T20:45:00.586+0700] {dag.py:4180} INFO - Setting next_dagrun for dataset_s3_bucket_producer_with_no_taskflow to None, run_after=None
[2024-10-20T20:45:01.345+0700] {processor.py:208} INFO - Processing /Users/punny/Documents/GitHub/NYC-Taxi-ETL-Pipeline/.venv/lib/python3.10/site-packages/airflow/example_dags/example_dataset_alias_with_no_taskflow.py took 1.578 seconds
[2024-10-20T20:48:49.211+0700] {processor.py:186} INFO - Started process (PID=23582) to work on /Users/punny/Documents/GitHub/NYC-Taxi-ETL-Pipeline/.venv/lib/python3.10/site-packages/airflow/example_dags/example_dataset_alias_with_no_taskflow.py
[2024-10-20T20:48:49.215+0700] {processor.py:914} INFO - Processing file /Users/punny/Documents/GitHub/NYC-Taxi-ETL-Pipeline/.venv/lib/python3.10/site-packages/airflow/example_dags/example_dataset_alias_with_no_taskflow.py for tasks to queue
[2024-10-20T20:48:49.216+0700] {logging_mixin.py:190} INFO - [2024-10-20T20:48:49.216+0700] {dagbag.py:588} INFO - Filling up the DagBag from /Users/punny/Documents/GitHub/NYC-Taxi-ETL-Pipeline/.venv/lib/python3.10/site-packages/airflow/example_dags/example_dataset_alias_with_no_taskflow.py
[2024-10-20T20:48:49.798+0700] {processor.py:925} INFO - DAG(s) 'dataset_alias_example_alias_consumer_with_no_taskflow', 'dataset_s3_bucket_producer_with_no_taskflow', 'dataset_s3_bucket_consumer_with_no_taskflow', 'dataset_alias_example_alias_producer_with_no_taskflow' retrieved from /Users/punny/Documents/GitHub/NYC-Taxi-ETL-Pipeline/.venv/lib/python3.10/site-packages/airflow/example_dags/example_dataset_alias_with_no_taskflow.py
[2024-10-20T20:48:49.831+0700] {logging_mixin.py:190} INFO - [2024-10-20T20:48:49.830+0700] {dag.py:3239} INFO - Sync 4 DAGs
[2024-10-20T20:48:49.857+0700] {logging_mixin.py:190} INFO - [2024-10-20T20:48:49.856+0700] {dag.py:4180} INFO - Setting next_dagrun for dataset_alias_example_alias_consumer_with_no_taskflow to None, run_after=None
[2024-10-20T20:48:49.860+0700] {logging_mixin.py:190} INFO - [2024-10-20T20:48:49.859+0700] {dag.py:4180} INFO - Setting next_dagrun for dataset_alias_example_alias_producer_with_no_taskflow to None, run_after=None
[2024-10-20T20:48:49.861+0700] {logging_mixin.py:190} INFO - [2024-10-20T20:48:49.861+0700] {dag.py:4180} INFO - Setting next_dagrun for dataset_s3_bucket_consumer_with_no_taskflow to None, run_after=None
[2024-10-20T20:48:49.862+0700] {logging_mixin.py:190} INFO - [2024-10-20T20:48:49.862+0700] {dag.py:4180} INFO - Setting next_dagrun for dataset_s3_bucket_producer_with_no_taskflow to None, run_after=None
[2024-10-20T20:48:49.892+0700] {processor.py:208} INFO - Processing /Users/punny/Documents/GitHub/NYC-Taxi-ETL-Pipeline/.venv/lib/python3.10/site-packages/airflow/example_dags/example_dataset_alias_with_no_taskflow.py took 0.690 seconds
[2024-10-20T20:55:36.065+0700] {processor.py:186} INFO - Started process (PID=24596) to work on /Users/punny/Documents/GitHub/NYC-Taxi-ETL-Pipeline/.venv/lib/python3.10/site-packages/airflow/example_dags/example_dataset_alias_with_no_taskflow.py
[2024-10-20T20:55:36.068+0700] {processor.py:914} INFO - Processing file /Users/punny/Documents/GitHub/NYC-Taxi-ETL-Pipeline/.venv/lib/python3.10/site-packages/airflow/example_dags/example_dataset_alias_with_no_taskflow.py for tasks to queue
[2024-10-20T20:55:36.069+0700] {logging_mixin.py:190} INFO - [2024-10-20T20:55:36.069+0700] {dagbag.py:588} INFO - Filling up the DagBag from /Users/punny/Documents/GitHub/NYC-Taxi-ETL-Pipeline/.venv/lib/python3.10/site-packages/airflow/example_dags/example_dataset_alias_with_no_taskflow.py
[2024-10-20T20:55:36.333+0700] {processor.py:925} INFO - DAG(s) 'dataset_alias_example_alias_consumer_with_no_taskflow', 'dataset_alias_example_alias_producer_with_no_taskflow', 'dataset_s3_bucket_consumer_with_no_taskflow', 'dataset_s3_bucket_producer_with_no_taskflow' retrieved from /Users/punny/Documents/GitHub/NYC-Taxi-ETL-Pipeline/.venv/lib/python3.10/site-packages/airflow/example_dags/example_dataset_alias_with_no_taskflow.py
[2024-10-20T20:55:36.365+0700] {logging_mixin.py:190} INFO - [2024-10-20T20:55:36.364+0700] {dag.py:3239} INFO - Sync 4 DAGs
[2024-10-20T20:55:36.388+0700] {logging_mixin.py:190} INFO - [2024-10-20T20:55:36.388+0700] {dag.py:4180} INFO - Setting next_dagrun for dataset_alias_example_alias_consumer_with_no_taskflow to None, run_after=None
[2024-10-20T20:55:36.394+0700] {logging_mixin.py:190} INFO - [2024-10-20T20:55:36.394+0700] {dag.py:4180} INFO - Setting next_dagrun for dataset_alias_example_alias_producer_with_no_taskflow to None, run_after=None
[2024-10-20T20:55:36.396+0700] {logging_mixin.py:190} INFO - [2024-10-20T20:55:36.396+0700] {dag.py:4180} INFO - Setting next_dagrun for dataset_s3_bucket_consumer_with_no_taskflow to None, run_after=None
[2024-10-20T20:55:36.398+0700] {logging_mixin.py:190} INFO - [2024-10-20T20:55:36.398+0700] {dag.py:4180} INFO - Setting next_dagrun for dataset_s3_bucket_producer_with_no_taskflow to None, run_after=None
[2024-10-20T20:55:36.425+0700] {processor.py:208} INFO - Processing /Users/punny/Documents/GitHub/NYC-Taxi-ETL-Pipeline/.venv/lib/python3.10/site-packages/airflow/example_dags/example_dataset_alias_with_no_taskflow.py took 0.366 seconds
[2024-10-20T21:02:31.163+0700] {processor.py:186} INFO - Started process (PID=25681) to work on /Users/punny/Documents/GitHub/NYC-Taxi-ETL-Pipeline/.venv/lib/python3.10/site-packages/airflow/example_dags/example_dataset_alias_with_no_taskflow.py
[2024-10-20T21:02:31.167+0700] {processor.py:914} INFO - Processing file /Users/punny/Documents/GitHub/NYC-Taxi-ETL-Pipeline/.venv/lib/python3.10/site-packages/airflow/example_dags/example_dataset_alias_with_no_taskflow.py for tasks to queue
[2024-10-20T21:02:31.169+0700] {logging_mixin.py:190} INFO - [2024-10-20T21:02:31.168+0700] {dagbag.py:588} INFO - Filling up the DagBag from /Users/punny/Documents/GitHub/NYC-Taxi-ETL-Pipeline/.venv/lib/python3.10/site-packages/airflow/example_dags/example_dataset_alias_with_no_taskflow.py
[2024-10-20T21:02:31.451+0700] {processor.py:925} INFO - DAG(s) 'dataset_s3_bucket_consumer_with_no_taskflow', 'dataset_s3_bucket_producer_with_no_taskflow', 'dataset_alias_example_alias_producer_with_no_taskflow', 'dataset_alias_example_alias_consumer_with_no_taskflow' retrieved from /Users/punny/Documents/GitHub/NYC-Taxi-ETL-Pipeline/.venv/lib/python3.10/site-packages/airflow/example_dags/example_dataset_alias_with_no_taskflow.py
[2024-10-20T21:02:31.484+0700] {logging_mixin.py:190} INFO - [2024-10-20T21:02:31.484+0700] {dag.py:3239} INFO - Sync 4 DAGs
[2024-10-20T21:02:31.507+0700] {logging_mixin.py:190} INFO - [2024-10-20T21:02:31.507+0700] {dag.py:4180} INFO - Setting next_dagrun for dataset_alias_example_alias_consumer_with_no_taskflow to None, run_after=None
[2024-10-20T21:02:31.510+0700] {logging_mixin.py:190} INFO - [2024-10-20T21:02:31.510+0700] {dag.py:4180} INFO - Setting next_dagrun for dataset_alias_example_alias_producer_with_no_taskflow to None, run_after=None
[2024-10-20T21:02:31.511+0700] {logging_mixin.py:190} INFO - [2024-10-20T21:02:31.511+0700] {dag.py:4180} INFO - Setting next_dagrun for dataset_s3_bucket_consumer_with_no_taskflow to None, run_after=None
[2024-10-20T21:02:31.512+0700] {logging_mixin.py:190} INFO - [2024-10-20T21:02:31.512+0700] {dag.py:4180} INFO - Setting next_dagrun for dataset_s3_bucket_producer_with_no_taskflow to None, run_after=None
[2024-10-20T21:02:31.538+0700] {processor.py:208} INFO - Processing /Users/punny/Documents/GitHub/NYC-Taxi-ETL-Pipeline/.venv/lib/python3.10/site-packages/airflow/example_dags/example_dataset_alias_with_no_taskflow.py took 0.383 seconds
[2024-10-20T21:09:26.750+0700] {processor.py:186} INFO - Started process (PID=26656) to work on /Users/punny/Documents/GitHub/NYC-Taxi-ETL-Pipeline/.venv/lib/python3.10/site-packages/airflow/example_dags/example_dataset_alias_with_no_taskflow.py
[2024-10-20T21:09:26.753+0700] {processor.py:914} INFO - Processing file /Users/punny/Documents/GitHub/NYC-Taxi-ETL-Pipeline/.venv/lib/python3.10/site-packages/airflow/example_dags/example_dataset_alias_with_no_taskflow.py for tasks to queue
[2024-10-20T21:09:26.754+0700] {logging_mixin.py:190} INFO - [2024-10-20T21:09:26.754+0700] {dagbag.py:588} INFO - Filling up the DagBag from /Users/punny/Documents/GitHub/NYC-Taxi-ETL-Pipeline/.venv/lib/python3.10/site-packages/airflow/example_dags/example_dataset_alias_with_no_taskflow.py
[2024-10-20T21:09:26.999+0700] {processor.py:925} INFO - DAG(s) 'dataset_s3_bucket_consumer_with_no_taskflow', 'dataset_s3_bucket_producer_with_no_taskflow', 'dataset_alias_example_alias_consumer_with_no_taskflow', 'dataset_alias_example_alias_producer_with_no_taskflow' retrieved from /Users/punny/Documents/GitHub/NYC-Taxi-ETL-Pipeline/.venv/lib/python3.10/site-packages/airflow/example_dags/example_dataset_alias_with_no_taskflow.py
[2024-10-20T21:09:27.028+0700] {logging_mixin.py:190} INFO - [2024-10-20T21:09:27.028+0700] {dag.py:3239} INFO - Sync 4 DAGs
[2024-10-20T21:09:27.051+0700] {logging_mixin.py:190} INFO - [2024-10-20T21:09:27.051+0700] {dag.py:4180} INFO - Setting next_dagrun for dataset_alias_example_alias_consumer_with_no_taskflow to None, run_after=None
[2024-10-20T21:09:27.053+0700] {logging_mixin.py:190} INFO - [2024-10-20T21:09:27.053+0700] {dag.py:4180} INFO - Setting next_dagrun for dataset_alias_example_alias_producer_with_no_taskflow to None, run_after=None
[2024-10-20T21:09:27.055+0700] {logging_mixin.py:190} INFO - [2024-10-20T21:09:27.054+0700] {dag.py:4180} INFO - Setting next_dagrun for dataset_s3_bucket_consumer_with_no_taskflow to None, run_after=None
[2024-10-20T21:09:27.056+0700] {logging_mixin.py:190} INFO - [2024-10-20T21:09:27.055+0700] {dag.py:4180} INFO - Setting next_dagrun for dataset_s3_bucket_producer_with_no_taskflow to None, run_after=None
[2024-10-20T21:09:27.080+0700] {processor.py:208} INFO - Processing /Users/punny/Documents/GitHub/NYC-Taxi-ETL-Pipeline/.venv/lib/python3.10/site-packages/airflow/example_dags/example_dataset_alias_with_no_taskflow.py took 0.339 seconds
[2024-10-20T21:30:59.952+0700] {processor.py:186} INFO - Started process (PID=27732) to work on /Users/punny/Documents/GitHub/NYC-Taxi-ETL-Pipeline/.venv/lib/python3.10/site-packages/airflow/example_dags/example_dataset_alias_with_no_taskflow.py
[2024-10-20T21:30:59.955+0700] {processor.py:914} INFO - Processing file /Users/punny/Documents/GitHub/NYC-Taxi-ETL-Pipeline/.venv/lib/python3.10/site-packages/airflow/example_dags/example_dataset_alias_with_no_taskflow.py for tasks to queue
[2024-10-20T21:30:59.957+0700] {logging_mixin.py:190} INFO - [2024-10-20T21:30:59.956+0700] {dagbag.py:588} INFO - Filling up the DagBag from /Users/punny/Documents/GitHub/NYC-Taxi-ETL-Pipeline/.venv/lib/python3.10/site-packages/airflow/example_dags/example_dataset_alias_with_no_taskflow.py
[2024-10-20T21:31:00.210+0700] {processor.py:925} INFO - DAG(s) 'dataset_alias_example_alias_consumer_with_no_taskflow', 'dataset_alias_example_alias_producer_with_no_taskflow', 'dataset_s3_bucket_producer_with_no_taskflow', 'dataset_s3_bucket_consumer_with_no_taskflow' retrieved from /Users/punny/Documents/GitHub/NYC-Taxi-ETL-Pipeline/.venv/lib/python3.10/site-packages/airflow/example_dags/example_dataset_alias_with_no_taskflow.py
[2024-10-20T21:31:00.241+0700] {logging_mixin.py:190} INFO - [2024-10-20T21:31:00.241+0700] {dag.py:3239} INFO - Sync 4 DAGs
[2024-10-20T21:31:00.264+0700] {logging_mixin.py:190} INFO - [2024-10-20T21:31:00.264+0700] {dag.py:4180} INFO - Setting next_dagrun for dataset_alias_example_alias_consumer_with_no_taskflow to None, run_after=None
[2024-10-20T21:31:00.267+0700] {logging_mixin.py:190} INFO - [2024-10-20T21:31:00.267+0700] {dag.py:4180} INFO - Setting next_dagrun for dataset_alias_example_alias_producer_with_no_taskflow to None, run_after=None
[2024-10-20T21:31:00.268+0700] {logging_mixin.py:190} INFO - [2024-10-20T21:31:00.268+0700] {dag.py:4180} INFO - Setting next_dagrun for dataset_s3_bucket_consumer_with_no_taskflow to None, run_after=None
[2024-10-20T21:31:00.269+0700] {logging_mixin.py:190} INFO - [2024-10-20T21:31:00.269+0700] {dag.py:4180} INFO - Setting next_dagrun for dataset_s3_bucket_producer_with_no_taskflow to None, run_after=None
[2024-10-20T21:31:00.295+0700] {processor.py:208} INFO - Processing /Users/punny/Documents/GitHub/NYC-Taxi-ETL-Pipeline/.venv/lib/python3.10/site-packages/airflow/example_dags/example_dataset_alias_with_no_taskflow.py took 0.352 seconds
[2024-10-20T21:58:21.795+0700] {processor.py:186} INFO - Started process (PID=31464) to work on /Users/punny/Documents/GitHub/NYC-Taxi-ETL-Pipeline/.venv/lib/python3.10/site-packages/airflow/example_dags/example_dataset_alias_with_no_taskflow.py
[2024-10-20T21:58:21.799+0700] {processor.py:914} INFO - Processing file /Users/punny/Documents/GitHub/NYC-Taxi-ETL-Pipeline/.venv/lib/python3.10/site-packages/airflow/example_dags/example_dataset_alias_with_no_taskflow.py for tasks to queue
[2024-10-20T21:58:21.801+0700] {logging_mixin.py:190} INFO - [2024-10-20T21:58:21.800+0700] {dagbag.py:588} INFO - Filling up the DagBag from /Users/punny/Documents/GitHub/NYC-Taxi-ETL-Pipeline/.venv/lib/python3.10/site-packages/airflow/example_dags/example_dataset_alias_with_no_taskflow.py
[2024-10-20T21:58:22.229+0700] {processor.py:925} INFO - DAG(s) 'dataset_alias_example_alias_producer_with_no_taskflow', 'dataset_alias_example_alias_consumer_with_no_taskflow', 'dataset_s3_bucket_consumer_with_no_taskflow', 'dataset_s3_bucket_producer_with_no_taskflow' retrieved from /Users/punny/Documents/GitHub/NYC-Taxi-ETL-Pipeline/.venv/lib/python3.10/site-packages/airflow/example_dags/example_dataset_alias_with_no_taskflow.py
[2024-10-20T21:58:22.275+0700] {logging_mixin.py:190} INFO - [2024-10-20T21:58:22.274+0700] {dag.py:3239} INFO - Sync 4 DAGs
[2024-10-20T21:58:22.316+0700] {logging_mixin.py:190} INFO - [2024-10-20T21:58:22.316+0700] {dag.py:4180} INFO - Setting next_dagrun for dataset_alias_example_alias_consumer_with_no_taskflow to None, run_after=None
[2024-10-20T21:58:22.320+0700] {logging_mixin.py:190} INFO - [2024-10-20T21:58:22.320+0700] {dag.py:4180} INFO - Setting next_dagrun for dataset_alias_example_alias_producer_with_no_taskflow to None, run_after=None
[2024-10-20T21:58:22.322+0700] {logging_mixin.py:190} INFO - [2024-10-20T21:58:22.321+0700] {dag.py:4180} INFO - Setting next_dagrun for dataset_s3_bucket_consumer_with_no_taskflow to None, run_after=None
[2024-10-20T21:58:22.323+0700] {logging_mixin.py:190} INFO - [2024-10-20T21:58:22.323+0700] {dag.py:4180} INFO - Setting next_dagrun for dataset_s3_bucket_producer_with_no_taskflow to None, run_after=None
[2024-10-20T21:58:22.363+0700] {processor.py:208} INFO - Processing /Users/punny/Documents/GitHub/NYC-Taxi-ETL-Pipeline/.venv/lib/python3.10/site-packages/airflow/example_dags/example_dataset_alias_with_no_taskflow.py took 0.577 seconds
[2024-10-20T23:48:03.273+0700] {processor.py:186} INFO - Started process (PID=32233) to work on /Users/punny/Documents/GitHub/NYC-Taxi-ETL-Pipeline/.venv/lib/python3.10/site-packages/airflow/example_dags/example_dataset_alias_with_no_taskflow.py
[2024-10-20T23:48:03.276+0700] {processor.py:914} INFO - Processing file /Users/punny/Documents/GitHub/NYC-Taxi-ETL-Pipeline/.venv/lib/python3.10/site-packages/airflow/example_dags/example_dataset_alias_with_no_taskflow.py for tasks to queue
[2024-10-20T23:48:03.277+0700] {logging_mixin.py:190} INFO - [2024-10-20T23:48:03.277+0700] {dagbag.py:588} INFO - Filling up the DagBag from /Users/punny/Documents/GitHub/NYC-Taxi-ETL-Pipeline/.venv/lib/python3.10/site-packages/airflow/example_dags/example_dataset_alias_with_no_taskflow.py
[2024-10-20T23:48:03.534+0700] {processor.py:925} INFO - DAG(s) 'dataset_s3_bucket_producer_with_no_taskflow', 'dataset_alias_example_alias_consumer_with_no_taskflow', 'dataset_s3_bucket_consumer_with_no_taskflow', 'dataset_alias_example_alias_producer_with_no_taskflow' retrieved from /Users/punny/Documents/GitHub/NYC-Taxi-ETL-Pipeline/.venv/lib/python3.10/site-packages/airflow/example_dags/example_dataset_alias_with_no_taskflow.py
[2024-10-20T23:48:03.578+0700] {logging_mixin.py:190} INFO - [2024-10-20T23:48:03.577+0700] {dag.py:3239} INFO - Sync 4 DAGs
[2024-10-20T23:48:03.613+0700] {logging_mixin.py:190} INFO - [2024-10-20T23:48:03.612+0700] {dag.py:4180} INFO - Setting next_dagrun for dataset_alias_example_alias_consumer_with_no_taskflow to None, run_after=None
[2024-10-20T23:48:03.617+0700] {logging_mixin.py:190} INFO - [2024-10-20T23:48:03.616+0700] {dag.py:4180} INFO - Setting next_dagrun for dataset_alias_example_alias_producer_with_no_taskflow to None, run_after=None
[2024-10-20T23:48:03.618+0700] {logging_mixin.py:190} INFO - [2024-10-20T23:48:03.618+0700] {dag.py:4180} INFO - Setting next_dagrun for dataset_s3_bucket_consumer_with_no_taskflow to None, run_after=None
[2024-10-20T23:48:03.620+0700] {logging_mixin.py:190} INFO - [2024-10-20T23:48:03.620+0700] {dag.py:4180} INFO - Setting next_dagrun for dataset_s3_bucket_producer_with_no_taskflow to None, run_after=None
[2024-10-20T23:48:03.657+0700] {processor.py:208} INFO - Processing /Users/punny/Documents/GitHub/NYC-Taxi-ETL-Pipeline/.venv/lib/python3.10/site-packages/airflow/example_dags/example_dataset_alias_with_no_taskflow.py took 0.389 seconds
[2024-10-21T01:48:32.603+0700] {processor.py:186} INFO - Started process (PID=32839) to work on /Users/punny/Documents/GitHub/NYC-Taxi-ETL-Pipeline/.venv/lib/python3.10/site-packages/airflow/example_dags/example_dataset_alias_with_no_taskflow.py
[2024-10-21T01:48:32.607+0700] {processor.py:914} INFO - Processing file /Users/punny/Documents/GitHub/NYC-Taxi-ETL-Pipeline/.venv/lib/python3.10/site-packages/airflow/example_dags/example_dataset_alias_with_no_taskflow.py for tasks to queue
[2024-10-21T01:48:32.608+0700] {logging_mixin.py:190} INFO - [2024-10-21T01:48:32.608+0700] {dagbag.py:588} INFO - Filling up the DagBag from /Users/punny/Documents/GitHub/NYC-Taxi-ETL-Pipeline/.venv/lib/python3.10/site-packages/airflow/example_dags/example_dataset_alias_with_no_taskflow.py
[2024-10-21T01:48:32.855+0700] {processor.py:925} INFO - DAG(s) 'dataset_s3_bucket_producer_with_no_taskflow', 'dataset_alias_example_alias_consumer_with_no_taskflow', 'dataset_alias_example_alias_producer_with_no_taskflow', 'dataset_s3_bucket_consumer_with_no_taskflow' retrieved from /Users/punny/Documents/GitHub/NYC-Taxi-ETL-Pipeline/.venv/lib/python3.10/site-packages/airflow/example_dags/example_dataset_alias_with_no_taskflow.py
[2024-10-21T01:48:32.884+0700] {logging_mixin.py:190} INFO - [2024-10-21T01:48:32.884+0700] {dag.py:3239} INFO - Sync 4 DAGs
[2024-10-21T01:48:32.908+0700] {logging_mixin.py:190} INFO - [2024-10-21T01:48:32.908+0700] {dag.py:4180} INFO - Setting next_dagrun for dataset_alias_example_alias_consumer_with_no_taskflow to None, run_after=None
[2024-10-21T01:48:32.911+0700] {logging_mixin.py:190} INFO - [2024-10-21T01:48:32.910+0700] {dag.py:4180} INFO - Setting next_dagrun for dataset_alias_example_alias_producer_with_no_taskflow to None, run_after=None
[2024-10-21T01:48:32.912+0700] {logging_mixin.py:190} INFO - [2024-10-21T01:48:32.912+0700] {dag.py:4180} INFO - Setting next_dagrun for dataset_s3_bucket_consumer_with_no_taskflow to None, run_after=None
[2024-10-21T01:48:32.913+0700] {logging_mixin.py:190} INFO - [2024-10-21T01:48:32.913+0700] {dag.py:4180} INFO - Setting next_dagrun for dataset_s3_bucket_producer_with_no_taskflow to None, run_after=None
[2024-10-21T01:48:32.938+0700] {processor.py:208} INFO - Processing /Users/punny/Documents/GitHub/NYC-Taxi-ETL-Pipeline/.venv/lib/python3.10/site-packages/airflow/example_dags/example_dataset_alias_with_no_taskflow.py took 0.344 seconds
[2024-10-21T04:05:02.369+0700] {processor.py:186} INFO - Started process (PID=33574) to work on /Users/punny/Documents/GitHub/NYC-Taxi-ETL-Pipeline/.venv/lib/python3.10/site-packages/airflow/example_dags/example_dataset_alias_with_no_taskflow.py
[2024-10-21T04:05:02.377+0700] {processor.py:914} INFO - Processing file /Users/punny/Documents/GitHub/NYC-Taxi-ETL-Pipeline/.venv/lib/python3.10/site-packages/airflow/example_dags/example_dataset_alias_with_no_taskflow.py for tasks to queue
[2024-10-21T04:05:02.379+0700] {logging_mixin.py:190} INFO - [2024-10-21T04:05:02.378+0700] {dagbag.py:588} INFO - Filling up the DagBag from /Users/punny/Documents/GitHub/NYC-Taxi-ETL-Pipeline/.venv/lib/python3.10/site-packages/airflow/example_dags/example_dataset_alias_with_no_taskflow.py
[2024-10-21T04:05:02.873+0700] {processor.py:925} INFO - DAG(s) 'dataset_alias_example_alias_consumer_with_no_taskflow', 'dataset_alias_example_alias_producer_with_no_taskflow', 'dataset_s3_bucket_consumer_with_no_taskflow', 'dataset_s3_bucket_producer_with_no_taskflow' retrieved from /Users/punny/Documents/GitHub/NYC-Taxi-ETL-Pipeline/.venv/lib/python3.10/site-packages/airflow/example_dags/example_dataset_alias_with_no_taskflow.py
[2024-10-21T04:05:02.927+0700] {logging_mixin.py:190} INFO - [2024-10-21T04:05:02.926+0700] {dag.py:3239} INFO - Sync 4 DAGs
[2024-10-21T04:05:02.976+0700] {logging_mixin.py:190} INFO - [2024-10-21T04:05:02.975+0700] {dag.py:4180} INFO - Setting next_dagrun for dataset_alias_example_alias_consumer_with_no_taskflow to None, run_after=None
[2024-10-21T04:05:02.980+0700] {logging_mixin.py:190} INFO - [2024-10-21T04:05:02.980+0700] {dag.py:4180} INFO - Setting next_dagrun for dataset_alias_example_alias_producer_with_no_taskflow to None, run_after=None
[2024-10-21T04:05:02.982+0700] {logging_mixin.py:190} INFO - [2024-10-21T04:05:02.982+0700] {dag.py:4180} INFO - Setting next_dagrun for dataset_s3_bucket_consumer_with_no_taskflow to None, run_after=None
[2024-10-21T04:05:02.984+0700] {logging_mixin.py:190} INFO - [2024-10-21T04:05:02.984+0700] {dag.py:4180} INFO - Setting next_dagrun for dataset_s3_bucket_producer_with_no_taskflow to None, run_after=None
[2024-10-21T04:05:03.028+0700] {processor.py:208} INFO - Processing /Users/punny/Documents/GitHub/NYC-Taxi-ETL-Pipeline/.venv/lib/python3.10/site-packages/airflow/example_dags/example_dataset_alias_with_no_taskflow.py took 0.672 seconds
