[2024-10-20T20:43:06.562+0700] {processor.py:186} INFO - Started process (PID=22682) to work on /Users/punny/Documents/GitHub/NYC-Taxi-ETL-Pipeline/.venv/lib/python3.10/site-packages/airflow/example_dags/example_short_circuit_operator.py
[2024-10-20T20:43:06.565+0700] {processor.py:914} INFO - Processing file /Users/punny/Documents/GitHub/NYC-Taxi-ETL-Pipeline/.venv/lib/python3.10/site-packages/airflow/example_dags/example_short_circuit_operator.py for tasks to queue
[2024-10-20T20:43:06.566+0700] {logging_mixin.py:190} INFO - [2024-10-20T20:43:06.566+0700] {dagbag.py:588} INFO - Filling up the DagBag from /Users/punny/Documents/GitHub/NYC-Taxi-ETL-Pipeline/.venv/lib/python3.10/site-packages/airflow/example_dags/example_short_circuit_operator.py
[2024-10-20T20:43:06.607+0700] {processor.py:925} INFO - DAG(s) 'example_short_circuit_operator' retrieved from /Users/punny/Documents/GitHub/NYC-Taxi-ETL-Pipeline/.venv/lib/python3.10/site-packages/airflow/example_dags/example_short_circuit_operator.py
[2024-10-20T20:43:06.919+0700] {logging_mixin.py:190} INFO - [2024-10-20T20:43:06.918+0700] {override.py:1907} INFO - Created Permission View: can read on DAG:example_short_circuit_operator
[2024-10-20T20:43:06.930+0700] {logging_mixin.py:190} INFO - [2024-10-20T20:43:06.930+0700] {override.py:1907} INFO - Created Permission View: can delete on DAG:example_short_circuit_operator
[2024-10-20T20:43:06.939+0700] {logging_mixin.py:190} INFO - [2024-10-20T20:43:06.938+0700] {override.py:1907} INFO - Created Permission View: can edit on DAG:example_short_circuit_operator
[2024-10-20T20:43:06.949+0700] {logging_mixin.py:190} INFO - [2024-10-20T20:43:06.949+0700] {override.py:1907} INFO - Created Permission View: can read on DAG Run:example_short_circuit_operator
[2024-10-20T20:43:06.958+0700] {logging_mixin.py:190} INFO - [2024-10-20T20:43:06.957+0700] {override.py:1907} INFO - Created Permission View: can create on DAG Run:example_short_circuit_operator
[2024-10-20T20:43:06.965+0700] {logging_mixin.py:190} INFO - [2024-10-20T20:43:06.965+0700] {override.py:1907} INFO - Created Permission View: can delete on DAG Run:example_short_circuit_operator
[2024-10-20T20:43:06.973+0700] {logging_mixin.py:190} INFO - [2024-10-20T20:43:06.972+0700] {override.py:1907} INFO - Created Permission View: menu access on DAG Run:example_short_circuit_operator
[2024-10-20T20:43:06.973+0700] {logging_mixin.py:190} INFO - [2024-10-20T20:43:06.973+0700] {dag.py:3239} INFO - Sync 1 DAGs
[2024-10-20T20:43:06.988+0700] {logging_mixin.py:190} INFO - [2024-10-20T20:43:06.988+0700] {dag.py:3262} INFO - Creating ORM DAG for example_short_circuit_operator
[2024-10-20T20:43:06.989+0700] {logging_mixin.py:190} INFO - [2024-10-20T20:43:06.989+0700] {dag.py:4180} INFO - Setting next_dagrun for example_short_circuit_operator to None, run_after=None
[2024-10-20T20:43:07.008+0700] {processor.py:208} INFO - Processing /Users/punny/Documents/GitHub/NYC-Taxi-ETL-Pipeline/.venv/lib/python3.10/site-packages/airflow/example_dags/example_short_circuit_operator.py took 0.456 seconds
[2024-10-20T20:47:19.990+0700] {processor.py:186} INFO - Started process (PID=23396) to work on /Users/punny/Documents/GitHub/NYC-Taxi-ETL-Pipeline/.venv/lib/python3.10/site-packages/airflow/example_dags/example_short_circuit_operator.py
[2024-10-20T20:47:19.994+0700] {processor.py:914} INFO - Processing file /Users/punny/Documents/GitHub/NYC-Taxi-ETL-Pipeline/.venv/lib/python3.10/site-packages/airflow/example_dags/example_short_circuit_operator.py for tasks to queue
[2024-10-20T20:47:19.995+0700] {logging_mixin.py:190} INFO - [2024-10-20T20:47:19.995+0700] {dagbag.py:588} INFO - Filling up the DagBag from /Users/punny/Documents/GitHub/NYC-Taxi-ETL-Pipeline/.venv/lib/python3.10/site-packages/airflow/example_dags/example_short_circuit_operator.py
[2024-10-20T20:47:20.031+0700] {processor.py:925} INFO - DAG(s) 'example_short_circuit_operator' retrieved from /Users/punny/Documents/GitHub/NYC-Taxi-ETL-Pipeline/.venv/lib/python3.10/site-packages/airflow/example_dags/example_short_circuit_operator.py
[2024-10-20T20:47:20.238+0700] {logging_mixin.py:190} INFO - [2024-10-20T20:47:20.238+0700] {dag.py:3239} INFO - Sync 1 DAGs
[2024-10-20T20:47:20.252+0700] {logging_mixin.py:190} INFO - [2024-10-20T20:47:20.252+0700] {dag.py:4180} INFO - Setting next_dagrun for example_short_circuit_operator to None, run_after=None
[2024-10-20T20:47:20.275+0700] {processor.py:208} INFO - Processing /Users/punny/Documents/GitHub/NYC-Taxi-ETL-Pipeline/.venv/lib/python3.10/site-packages/airflow/example_dags/example_short_circuit_operator.py took 0.292 seconds
[2024-10-20T20:50:40.211+0700] {processor.py:186} INFO - Started process (PID=23851) to work on /Users/punny/Documents/GitHub/NYC-Taxi-ETL-Pipeline/.venv/lib/python3.10/site-packages/airflow/example_dags/example_short_circuit_operator.py
[2024-10-20T20:50:40.215+0700] {processor.py:914} INFO - Processing file /Users/punny/Documents/GitHub/NYC-Taxi-ETL-Pipeline/.venv/lib/python3.10/site-packages/airflow/example_dags/example_short_circuit_operator.py for tasks to queue
[2024-10-20T20:50:40.216+0700] {logging_mixin.py:190} INFO - [2024-10-20T20:50:40.216+0700] {dagbag.py:588} INFO - Filling up the DagBag from /Users/punny/Documents/GitHub/NYC-Taxi-ETL-Pipeline/.venv/lib/python3.10/site-packages/airflow/example_dags/example_short_circuit_operator.py
[2024-10-20T20:50:40.247+0700] {processor.py:925} INFO - DAG(s) 'example_short_circuit_operator' retrieved from /Users/punny/Documents/GitHub/NYC-Taxi-ETL-Pipeline/.venv/lib/python3.10/site-packages/airflow/example_dags/example_short_circuit_operator.py
[2024-10-20T20:50:40.439+0700] {logging_mixin.py:190} INFO - [2024-10-20T20:50:40.439+0700] {dag.py:3239} INFO - Sync 1 DAGs
[2024-10-20T20:50:40.452+0700] {logging_mixin.py:190} INFO - [2024-10-20T20:50:40.452+0700] {dag.py:4180} INFO - Setting next_dagrun for example_short_circuit_operator to None, run_after=None
[2024-10-20T20:50:40.475+0700] {processor.py:208} INFO - Processing /Users/punny/Documents/GitHub/NYC-Taxi-ETL-Pipeline/.venv/lib/python3.10/site-packages/airflow/example_dags/example_short_circuit_operator.py took 0.272 seconds
[2024-10-20T20:54:03.403+0700] {processor.py:186} INFO - Started process (PID=24368) to work on /Users/punny/Documents/GitHub/NYC-Taxi-ETL-Pipeline/.venv/lib/python3.10/site-packages/airflow/example_dags/example_short_circuit_operator.py
[2024-10-20T20:54:03.407+0700] {processor.py:914} INFO - Processing file /Users/punny/Documents/GitHub/NYC-Taxi-ETL-Pipeline/.venv/lib/python3.10/site-packages/airflow/example_dags/example_short_circuit_operator.py for tasks to queue
[2024-10-20T20:54:03.409+0700] {logging_mixin.py:190} INFO - [2024-10-20T20:54:03.409+0700] {dagbag.py:588} INFO - Filling up the DagBag from /Users/punny/Documents/GitHub/NYC-Taxi-ETL-Pipeline/.venv/lib/python3.10/site-packages/airflow/example_dags/example_short_circuit_operator.py
[2024-10-20T20:54:03.478+0700] {processor.py:925} INFO - DAG(s) 'example_short_circuit_operator' retrieved from /Users/punny/Documents/GitHub/NYC-Taxi-ETL-Pipeline/.venv/lib/python3.10/site-packages/airflow/example_dags/example_short_circuit_operator.py
[2024-10-20T20:54:03.709+0700] {logging_mixin.py:190} INFO - [2024-10-20T20:54:03.709+0700] {dag.py:3239} INFO - Sync 1 DAGs
[2024-10-20T20:54:03.724+0700] {logging_mixin.py:190} INFO - [2024-10-20T20:54:03.724+0700] {dag.py:4180} INFO - Setting next_dagrun for example_short_circuit_operator to None, run_after=None
[2024-10-20T20:54:03.763+0700] {processor.py:208} INFO - Processing /Users/punny/Documents/GitHub/NYC-Taxi-ETL-Pipeline/.venv/lib/python3.10/site-packages/airflow/example_dags/example_short_circuit_operator.py took 0.374 seconds
[2024-10-20T20:57:22.769+0700] {processor.py:186} INFO - Started process (PID=24833) to work on /Users/punny/Documents/GitHub/NYC-Taxi-ETL-Pipeline/.venv/lib/python3.10/site-packages/airflow/example_dags/example_short_circuit_operator.py
[2024-10-20T20:57:22.772+0700] {processor.py:914} INFO - Processing file /Users/punny/Documents/GitHub/NYC-Taxi-ETL-Pipeline/.venv/lib/python3.10/site-packages/airflow/example_dags/example_short_circuit_operator.py for tasks to queue
[2024-10-20T20:57:22.773+0700] {logging_mixin.py:190} INFO - [2024-10-20T20:57:22.773+0700] {dagbag.py:588} INFO - Filling up the DagBag from /Users/punny/Documents/GitHub/NYC-Taxi-ETL-Pipeline/.venv/lib/python3.10/site-packages/airflow/example_dags/example_short_circuit_operator.py
[2024-10-20T20:57:22.812+0700] {processor.py:925} INFO - DAG(s) 'example_short_circuit_operator' retrieved from /Users/punny/Documents/GitHub/NYC-Taxi-ETL-Pipeline/.venv/lib/python3.10/site-packages/airflow/example_dags/example_short_circuit_operator.py
[2024-10-20T20:57:23.012+0700] {logging_mixin.py:190} INFO - [2024-10-20T20:57:23.012+0700] {dag.py:3239} INFO - Sync 1 DAGs
[2024-10-20T20:57:23.026+0700] {logging_mixin.py:190} INFO - [2024-10-20T20:57:23.026+0700] {dag.py:4180} INFO - Setting next_dagrun for example_short_circuit_operator to None, run_after=None
[2024-10-20T20:57:23.050+0700] {processor.py:208} INFO - Processing /Users/punny/Documents/GitHub/NYC-Taxi-ETL-Pipeline/.venv/lib/python3.10/site-packages/airflow/example_dags/example_short_circuit_operator.py took 0.291 seconds
[2024-10-20T21:00:54.096+0700] {processor.py:186} INFO - Started process (PID=25473) to work on /Users/punny/Documents/GitHub/NYC-Taxi-ETL-Pipeline/.venv/lib/python3.10/site-packages/airflow/example_dags/example_short_circuit_operator.py
[2024-10-20T21:00:54.102+0700] {processor.py:914} INFO - Processing file /Users/punny/Documents/GitHub/NYC-Taxi-ETL-Pipeline/.venv/lib/python3.10/site-packages/airflow/example_dags/example_short_circuit_operator.py for tasks to queue
[2024-10-20T21:00:54.105+0700] {logging_mixin.py:190} INFO - [2024-10-20T21:00:54.104+0700] {dagbag.py:588} INFO - Filling up the DagBag from /Users/punny/Documents/GitHub/NYC-Taxi-ETL-Pipeline/.venv/lib/python3.10/site-packages/airflow/example_dags/example_short_circuit_operator.py
[2024-10-20T21:00:54.171+0700] {processor.py:925} INFO - DAG(s) 'example_short_circuit_operator' retrieved from /Users/punny/Documents/GitHub/NYC-Taxi-ETL-Pipeline/.venv/lib/python3.10/site-packages/airflow/example_dags/example_short_circuit_operator.py
[2024-10-20T21:00:54.572+0700] {logging_mixin.py:190} INFO - [2024-10-20T21:00:54.571+0700] {dag.py:3239} INFO - Sync 1 DAGs
[2024-10-20T21:00:54.586+0700] {logging_mixin.py:190} INFO - [2024-10-20T21:00:54.586+0700] {dag.py:4180} INFO - Setting next_dagrun for example_short_circuit_operator to None, run_after=None
[2024-10-20T21:00:54.610+0700] {processor.py:208} INFO - Processing /Users/punny/Documents/GitHub/NYC-Taxi-ETL-Pipeline/.venv/lib/python3.10/site-packages/airflow/example_dags/example_short_circuit_operator.py took 0.522 seconds
[2024-10-20T21:04:26.231+0700] {processor.py:186} INFO - Started process (PID=25996) to work on /Users/punny/Documents/GitHub/NYC-Taxi-ETL-Pipeline/.venv/lib/python3.10/site-packages/airflow/example_dags/example_short_circuit_operator.py
[2024-10-20T21:04:26.237+0700] {processor.py:914} INFO - Processing file /Users/punny/Documents/GitHub/NYC-Taxi-ETL-Pipeline/.venv/lib/python3.10/site-packages/airflow/example_dags/example_short_circuit_operator.py for tasks to queue
[2024-10-20T21:04:26.240+0700] {logging_mixin.py:190} INFO - [2024-10-20T21:04:26.239+0700] {dagbag.py:588} INFO - Filling up the DagBag from /Users/punny/Documents/GitHub/NYC-Taxi-ETL-Pipeline/.venv/lib/python3.10/site-packages/airflow/example_dags/example_short_circuit_operator.py
[2024-10-20T21:04:26.299+0700] {processor.py:925} INFO - DAG(s) 'example_short_circuit_operator' retrieved from /Users/punny/Documents/GitHub/NYC-Taxi-ETL-Pipeline/.venv/lib/python3.10/site-packages/airflow/example_dags/example_short_circuit_operator.py
[2024-10-20T21:04:26.532+0700] {logging_mixin.py:190} INFO - [2024-10-20T21:04:26.532+0700] {dag.py:3239} INFO - Sync 1 DAGs
[2024-10-20T21:04:26.557+0700] {logging_mixin.py:190} INFO - [2024-10-20T21:04:26.556+0700] {dag.py:4180} INFO - Setting next_dagrun for example_short_circuit_operator to None, run_after=None
[2024-10-20T21:04:26.616+0700] {processor.py:208} INFO - Processing /Users/punny/Documents/GitHub/NYC-Taxi-ETL-Pipeline/.venv/lib/python3.10/site-packages/airflow/example_dags/example_short_circuit_operator.py took 0.404 seconds
[2024-10-20T21:08:09.246+0700] {processor.py:186} INFO - Started process (PID=26502) to work on /Users/punny/Documents/GitHub/NYC-Taxi-ETL-Pipeline/.venv/lib/python3.10/site-packages/airflow/example_dags/example_short_circuit_operator.py
[2024-10-20T21:08:09.250+0700] {processor.py:914} INFO - Processing file /Users/punny/Documents/GitHub/NYC-Taxi-ETL-Pipeline/.venv/lib/python3.10/site-packages/airflow/example_dags/example_short_circuit_operator.py for tasks to queue
[2024-10-20T21:08:09.251+0700] {logging_mixin.py:190} INFO - [2024-10-20T21:08:09.251+0700] {dagbag.py:588} INFO - Filling up the DagBag from /Users/punny/Documents/GitHub/NYC-Taxi-ETL-Pipeline/.venv/lib/python3.10/site-packages/airflow/example_dags/example_short_circuit_operator.py
[2024-10-20T21:08:09.283+0700] {processor.py:925} INFO - DAG(s) 'example_short_circuit_operator' retrieved from /Users/punny/Documents/GitHub/NYC-Taxi-ETL-Pipeline/.venv/lib/python3.10/site-packages/airflow/example_dags/example_short_circuit_operator.py
[2024-10-20T21:08:09.477+0700] {logging_mixin.py:190} INFO - [2024-10-20T21:08:09.476+0700] {dag.py:3239} INFO - Sync 1 DAGs
[2024-10-20T21:08:09.490+0700] {logging_mixin.py:190} INFO - [2024-10-20T21:08:09.489+0700] {dag.py:4180} INFO - Setting next_dagrun for example_short_circuit_operator to None, run_after=None
[2024-10-20T21:08:09.521+0700] {processor.py:208} INFO - Processing /Users/punny/Documents/GitHub/NYC-Taxi-ETL-Pipeline/.venv/lib/python3.10/site-packages/airflow/example_dags/example_short_circuit_operator.py took 0.284 seconds
[2024-10-20T21:11:05.863+0700] {processor.py:186} INFO - Started process (PID=26856) to work on /Users/punny/Documents/GitHub/NYC-Taxi-ETL-Pipeline/.venv/lib/python3.10/site-packages/airflow/example_dags/example_short_circuit_operator.py
[2024-10-20T21:11:05.867+0700] {processor.py:914} INFO - Processing file /Users/punny/Documents/GitHub/NYC-Taxi-ETL-Pipeline/.venv/lib/python3.10/site-packages/airflow/example_dags/example_short_circuit_operator.py for tasks to queue
[2024-10-20T21:11:05.868+0700] {logging_mixin.py:190} INFO - [2024-10-20T21:11:05.868+0700] {dagbag.py:588} INFO - Filling up the DagBag from /Users/punny/Documents/GitHub/NYC-Taxi-ETL-Pipeline/.venv/lib/python3.10/site-packages/airflow/example_dags/example_short_circuit_operator.py
[2024-10-20T21:11:05.899+0700] {processor.py:925} INFO - DAG(s) 'example_short_circuit_operator' retrieved from /Users/punny/Documents/GitHub/NYC-Taxi-ETL-Pipeline/.venv/lib/python3.10/site-packages/airflow/example_dags/example_short_circuit_operator.py
[2024-10-20T21:11:06.093+0700] {logging_mixin.py:190} INFO - [2024-10-20T21:11:06.092+0700] {dag.py:3239} INFO - Sync 1 DAGs
[2024-10-20T21:11:06.106+0700] {logging_mixin.py:190} INFO - [2024-10-20T21:11:06.105+0700] {dag.py:4180} INFO - Setting next_dagrun for example_short_circuit_operator to None, run_after=None
[2024-10-20T21:11:06.129+0700] {processor.py:208} INFO - Processing /Users/punny/Documents/GitHub/NYC-Taxi-ETL-Pipeline/.venv/lib/python3.10/site-packages/airflow/example_dags/example_short_circuit_operator.py took 0.274 seconds
[2024-10-20T21:29:30.937+0700] {processor.py:186} INFO - Started process (PID=27514) to work on /Users/punny/Documents/GitHub/NYC-Taxi-ETL-Pipeline/.venv/lib/python3.10/site-packages/airflow/example_dags/example_short_circuit_operator.py
[2024-10-20T21:29:30.941+0700] {processor.py:914} INFO - Processing file /Users/punny/Documents/GitHub/NYC-Taxi-ETL-Pipeline/.venv/lib/python3.10/site-packages/airflow/example_dags/example_short_circuit_operator.py for tasks to queue
[2024-10-20T21:29:30.942+0700] {logging_mixin.py:190} INFO - [2024-10-20T21:29:30.942+0700] {dagbag.py:588} INFO - Filling up the DagBag from /Users/punny/Documents/GitHub/NYC-Taxi-ETL-Pipeline/.venv/lib/python3.10/site-packages/airflow/example_dags/example_short_circuit_operator.py
[2024-10-20T21:29:30.975+0700] {processor.py:925} INFO - DAG(s) 'example_short_circuit_operator' retrieved from /Users/punny/Documents/GitHub/NYC-Taxi-ETL-Pipeline/.venv/lib/python3.10/site-packages/airflow/example_dags/example_short_circuit_operator.py
[2024-10-20T21:29:31.226+0700] {logging_mixin.py:190} INFO - [2024-10-20T21:29:31.226+0700] {dag.py:3239} INFO - Sync 1 DAGs
[2024-10-20T21:29:31.240+0700] {logging_mixin.py:190} INFO - [2024-10-20T21:29:31.240+0700] {dag.py:4180} INFO - Setting next_dagrun for example_short_circuit_operator to None, run_after=None
[2024-10-20T21:29:31.267+0700] {processor.py:208} INFO - Processing /Users/punny/Documents/GitHub/NYC-Taxi-ETL-Pipeline/.venv/lib/python3.10/site-packages/airflow/example_dags/example_short_circuit_operator.py took 0.340 seconds
[2024-10-20T21:33:14.924+0700] {processor.py:186} INFO - Started process (PID=28139) to work on /Users/punny/Documents/GitHub/NYC-Taxi-ETL-Pipeline/.venv/lib/python3.10/site-packages/airflow/example_dags/example_short_circuit_operator.py
[2024-10-20T21:33:14.929+0700] {processor.py:914} INFO - Processing file /Users/punny/Documents/GitHub/NYC-Taxi-ETL-Pipeline/.venv/lib/python3.10/site-packages/airflow/example_dags/example_short_circuit_operator.py for tasks to queue
[2024-10-20T21:33:14.931+0700] {logging_mixin.py:190} INFO - [2024-10-20T21:33:14.930+0700] {dagbag.py:588} INFO - Filling up the DagBag from /Users/punny/Documents/GitHub/NYC-Taxi-ETL-Pipeline/.venv/lib/python3.10/site-packages/airflow/example_dags/example_short_circuit_operator.py
[2024-10-20T21:33:15.057+0700] {processor.py:925} INFO - DAG(s) 'example_short_circuit_operator' retrieved from /Users/punny/Documents/GitHub/NYC-Taxi-ETL-Pipeline/.venv/lib/python3.10/site-packages/airflow/example_dags/example_short_circuit_operator.py
[2024-10-20T21:33:15.737+0700] {logging_mixin.py:190} INFO - [2024-10-20T21:33:15.736+0700] {dag.py:3239} INFO - Sync 1 DAGs
[2024-10-20T21:33:15.759+0700] {logging_mixin.py:190} INFO - [2024-10-20T21:33:15.759+0700] {dag.py:4180} INFO - Setting next_dagrun for example_short_circuit_operator to None, run_after=None
[2024-10-20T21:33:15.798+0700] {processor.py:208} INFO - Processing /Users/punny/Documents/GitHub/NYC-Taxi-ETL-Pipeline/.venv/lib/python3.10/site-packages/airflow/example_dags/example_short_circuit_operator.py took 0.883 seconds
[2024-10-20T21:56:43.903+0700] {processor.py:186} INFO - Started process (PID=31220) to work on /Users/punny/Documents/GitHub/NYC-Taxi-ETL-Pipeline/.venv/lib/python3.10/site-packages/airflow/example_dags/example_short_circuit_operator.py
[2024-10-20T21:56:43.906+0700] {processor.py:914} INFO - Processing file /Users/punny/Documents/GitHub/NYC-Taxi-ETL-Pipeline/.venv/lib/python3.10/site-packages/airflow/example_dags/example_short_circuit_operator.py for tasks to queue
[2024-10-20T21:56:43.908+0700] {logging_mixin.py:190} INFO - [2024-10-20T21:56:43.907+0700] {dagbag.py:588} INFO - Filling up the DagBag from /Users/punny/Documents/GitHub/NYC-Taxi-ETL-Pipeline/.venv/lib/python3.10/site-packages/airflow/example_dags/example_short_circuit_operator.py
[2024-10-20T21:56:43.939+0700] {processor.py:925} INFO - DAG(s) 'example_short_circuit_operator' retrieved from /Users/punny/Documents/GitHub/NYC-Taxi-ETL-Pipeline/.venv/lib/python3.10/site-packages/airflow/example_dags/example_short_circuit_operator.py
[2024-10-20T21:56:44.137+0700] {logging_mixin.py:190} INFO - [2024-10-20T21:56:44.137+0700] {dag.py:3239} INFO - Sync 1 DAGs
[2024-10-20T21:56:44.151+0700] {logging_mixin.py:190} INFO - [2024-10-20T21:56:44.150+0700] {dag.py:4180} INFO - Setting next_dagrun for example_short_circuit_operator to None, run_after=None
[2024-10-20T21:56:44.174+0700] {processor.py:208} INFO - Processing /Users/punny/Documents/GitHub/NYC-Taxi-ETL-Pipeline/.venv/lib/python3.10/site-packages/airflow/example_dags/example_short_circuit_operator.py took 0.280 seconds
[2024-10-20T22:31:02.315+0700] {processor.py:186} INFO - Started process (PID=31917) to work on /Users/punny/Documents/GitHub/NYC-Taxi-ETL-Pipeline/.venv/lib/python3.10/site-packages/airflow/example_dags/example_short_circuit_operator.py
[2024-10-20T22:31:02.319+0700] {processor.py:914} INFO - Processing file /Users/punny/Documents/GitHub/NYC-Taxi-ETL-Pipeline/.venv/lib/python3.10/site-packages/airflow/example_dags/example_short_circuit_operator.py for tasks to queue
[2024-10-20T22:31:02.320+0700] {logging_mixin.py:190} INFO - [2024-10-20T22:31:02.320+0700] {dagbag.py:588} INFO - Filling up the DagBag from /Users/punny/Documents/GitHub/NYC-Taxi-ETL-Pipeline/.venv/lib/python3.10/site-packages/airflow/example_dags/example_short_circuit_operator.py
[2024-10-20T22:31:02.375+0700] {processor.py:925} INFO - DAG(s) 'example_short_circuit_operator' retrieved from /Users/punny/Documents/GitHub/NYC-Taxi-ETL-Pipeline/.venv/lib/python3.10/site-packages/airflow/example_dags/example_short_circuit_operator.py
[2024-10-20T22:31:02.788+0700] {logging_mixin.py:190} INFO - [2024-10-20T22:31:02.787+0700] {dag.py:3239} INFO - Sync 1 DAGs
[2024-10-20T22:31:02.825+0700] {logging_mixin.py:190} INFO - [2024-10-20T22:31:02.825+0700] {dag.py:4180} INFO - Setting next_dagrun for example_short_circuit_operator to None, run_after=None
[2024-10-20T22:31:02.877+0700] {processor.py:208} INFO - Processing /Users/punny/Documents/GitHub/NYC-Taxi-ETL-Pipeline/.venv/lib/python3.10/site-packages/airflow/example_dags/example_short_circuit_operator.py took 0.574 seconds
[2024-10-21T00:48:08.342+0700] {processor.py:186} INFO - Started process (PID=32601) to work on /Users/punny/Documents/GitHub/NYC-Taxi-ETL-Pipeline/.venv/lib/python3.10/site-packages/airflow/example_dags/example_short_circuit_operator.py
[2024-10-21T00:48:08.346+0700] {processor.py:914} INFO - Processing file /Users/punny/Documents/GitHub/NYC-Taxi-ETL-Pipeline/.venv/lib/python3.10/site-packages/airflow/example_dags/example_short_circuit_operator.py for tasks to queue
[2024-10-21T00:48:08.347+0700] {logging_mixin.py:190} INFO - [2024-10-21T00:48:08.346+0700] {dagbag.py:588} INFO - Filling up the DagBag from /Users/punny/Documents/GitHub/NYC-Taxi-ETL-Pipeline/.venv/lib/python3.10/site-packages/airflow/example_dags/example_short_circuit_operator.py
[2024-10-21T00:48:08.377+0700] {processor.py:925} INFO - DAG(s) 'example_short_circuit_operator' retrieved from /Users/punny/Documents/GitHub/NYC-Taxi-ETL-Pipeline/.venv/lib/python3.10/site-packages/airflow/example_dags/example_short_circuit_operator.py
[2024-10-21T00:48:08.564+0700] {logging_mixin.py:190} INFO - [2024-10-21T00:48:08.563+0700] {dag.py:3239} INFO - Sync 1 DAGs
[2024-10-21T00:48:08.579+0700] {logging_mixin.py:190} INFO - [2024-10-21T00:48:08.579+0700] {dag.py:4180} INFO - Setting next_dagrun for example_short_circuit_operator to None, run_after=None
[2024-10-21T00:48:08.622+0700] {processor.py:208} INFO - Processing /Users/punny/Documents/GitHub/NYC-Taxi-ETL-Pipeline/.venv/lib/python3.10/site-packages/airflow/example_dags/example_short_circuit_operator.py took 0.287 seconds
[2024-10-21T03:04:06.517+0700] {processor.py:186} INFO - Started process (PID=33298) to work on /Users/punny/Documents/GitHub/NYC-Taxi-ETL-Pipeline/.venv/lib/python3.10/site-packages/airflow/example_dags/example_short_circuit_operator.py
[2024-10-21T03:04:06.521+0700] {processor.py:914} INFO - Processing file /Users/punny/Documents/GitHub/NYC-Taxi-ETL-Pipeline/.venv/lib/python3.10/site-packages/airflow/example_dags/example_short_circuit_operator.py for tasks to queue
[2024-10-21T03:04:06.522+0700] {logging_mixin.py:190} INFO - [2024-10-21T03:04:06.522+0700] {dagbag.py:588} INFO - Filling up the DagBag from /Users/punny/Documents/GitHub/NYC-Taxi-ETL-Pipeline/.venv/lib/python3.10/site-packages/airflow/example_dags/example_short_circuit_operator.py
[2024-10-21T03:04:06.553+0700] {processor.py:925} INFO - DAG(s) 'example_short_circuit_operator' retrieved from /Users/punny/Documents/GitHub/NYC-Taxi-ETL-Pipeline/.venv/lib/python3.10/site-packages/airflow/example_dags/example_short_circuit_operator.py
[2024-10-21T03:04:06.948+0700] {logging_mixin.py:190} INFO - [2024-10-21T03:04:06.947+0700] {dag.py:3239} INFO - Sync 1 DAGs
[2024-10-21T03:04:06.965+0700] {logging_mixin.py:190} INFO - [2024-10-21T03:04:06.964+0700] {dag.py:4180} INFO - Setting next_dagrun for example_short_circuit_operator to None, run_after=None
[2024-10-21T03:04:06.991+0700] {processor.py:208} INFO - Processing /Users/punny/Documents/GitHub/NYC-Taxi-ETL-Pipeline/.venv/lib/python3.10/site-packages/airflow/example_dags/example_short_circuit_operator.py took 0.483 seconds
