[2024-10-20T20:45:32.216+0700] {processor.py:186} INFO - Started process (PID=23125) to work on /Users/punny/Documents/GitHub/NYC-Taxi-ETL-Pipeline/.venv/lib/python3.10/site-packages/airflow/example_dags/example_branch_operator.py
[2024-10-20T20:45:32.222+0700] {processor.py:914} INFO - Processing file /Users/punny/Documents/GitHub/NYC-Taxi-ETL-Pipeline/.venv/lib/python3.10/site-packages/airflow/example_dags/example_branch_operator.py for tasks to queue
[2024-10-20T20:45:32.225+0700] {logging_mixin.py:190} INFO - [2024-10-20T20:45:32.225+0700] {dagbag.py:588} INFO - Filling up the DagBag from /Users/punny/Documents/GitHub/NYC-Taxi-ETL-Pipeline/.venv/lib/python3.10/site-packages/airflow/example_dags/example_branch_operator.py
[2024-10-20T20:45:32.429+0700] {processor.py:925} INFO - DAG(s) 'example_branch_operator' retrieved from /Users/punny/Documents/GitHub/NYC-Taxi-ETL-Pipeline/.venv/lib/python3.10/site-packages/airflow/example_dags/example_branch_operator.py
[2024-10-20T20:45:32.988+0700] {logging_mixin.py:190} INFO - [2024-10-20T20:45:32.987+0700] {override.py:1907} INFO - Created Permission View: can edit on DAG:example_branch_operator
[2024-10-20T20:45:33.000+0700] {logging_mixin.py:190} INFO - [2024-10-20T20:45:33.000+0700] {override.py:1907} INFO - Created Permission View: can read on DAG:example_branch_operator
[2024-10-20T20:45:33.010+0700] {logging_mixin.py:190} INFO - [2024-10-20T20:45:33.009+0700] {override.py:1907} INFO - Created Permission View: can delete on DAG:example_branch_operator
[2024-10-20T20:45:33.022+0700] {logging_mixin.py:190} INFO - [2024-10-20T20:45:33.021+0700] {override.py:1907} INFO - Created Permission View: can delete on DAG Run:example_branch_operator
[2024-10-20T20:45:33.031+0700] {logging_mixin.py:190} INFO - [2024-10-20T20:45:33.030+0700] {override.py:1907} INFO - Created Permission View: can read on DAG Run:example_branch_operator
[2024-10-20T20:45:33.039+0700] {logging_mixin.py:190} INFO - [2024-10-20T20:45:33.039+0700] {override.py:1907} INFO - Created Permission View: menu access on DAG Run:example_branch_operator
[2024-10-20T20:45:33.047+0700] {logging_mixin.py:190} INFO - [2024-10-20T20:45:33.047+0700] {override.py:1907} INFO - Created Permission View: can create on DAG Run:example_branch_operator
[2024-10-20T20:45:33.048+0700] {logging_mixin.py:190} INFO - [2024-10-20T20:45:33.047+0700] {dag.py:3239} INFO - Sync 1 DAGs
[2024-10-20T20:45:33.063+0700] {logging_mixin.py:190} INFO - [2024-10-20T20:45:33.062+0700] {dag.py:3262} INFO - Creating ORM DAG for example_branch_operator
[2024-10-20T20:45:33.075+0700] {logging_mixin.py:190} INFO - [2024-10-20T20:45:33.075+0700] {dag.py:4180} INFO - Setting next_dagrun for example_branch_operator to 2024-10-19 00:00:00+00:00, run_after=2024-10-20 00:00:00+00:00
[2024-10-20T20:45:33.103+0700] {processor.py:208} INFO - Processing /Users/punny/Documents/GitHub/NYC-Taxi-ETL-Pipeline/.venv/lib/python3.10/site-packages/airflow/example_dags/example_branch_operator.py took 0.898 seconds
[2024-10-20T20:52:00.292+0700] {processor.py:186} INFO - Started process (PID=24050) to work on /Users/punny/Documents/GitHub/NYC-Taxi-ETL-Pipeline/.venv/lib/python3.10/site-packages/airflow/example_dags/example_branch_operator.py
[2024-10-20T20:52:00.295+0700] {processor.py:914} INFO - Processing file /Users/punny/Documents/GitHub/NYC-Taxi-ETL-Pipeline/.venv/lib/python3.10/site-packages/airflow/example_dags/example_branch_operator.py for tasks to queue
[2024-10-20T20:52:00.297+0700] {logging_mixin.py:190} INFO - [2024-10-20T20:52:00.296+0700] {dagbag.py:588} INFO - Filling up the DagBag from /Users/punny/Documents/GitHub/NYC-Taxi-ETL-Pipeline/.venv/lib/python3.10/site-packages/airflow/example_dags/example_branch_operator.py
[2024-10-20T20:52:00.337+0700] {processor.py:925} INFO - DAG(s) 'example_branch_operator' retrieved from /Users/punny/Documents/GitHub/NYC-Taxi-ETL-Pipeline/.venv/lib/python3.10/site-packages/airflow/example_dags/example_branch_operator.py
[2024-10-20T20:52:00.651+0700] {logging_mixin.py:190} INFO - [2024-10-20T20:52:00.651+0700] {dag.py:3239} INFO - Sync 1 DAGs
[2024-10-20T20:52:00.673+0700] {logging_mixin.py:190} INFO - [2024-10-20T20:52:00.673+0700] {dag.py:4180} INFO - Setting next_dagrun for example_branch_operator to 2024-10-19 00:00:00+00:00, run_after=2024-10-20 00:00:00+00:00
[2024-10-20T20:52:00.698+0700] {processor.py:208} INFO - Processing /Users/punny/Documents/GitHub/NYC-Taxi-ETL-Pipeline/.venv/lib/python3.10/site-packages/airflow/example_dags/example_branch_operator.py took 0.415 seconds
[2024-10-20T20:58:50.617+0700] {processor.py:186} INFO - Started process (PID=25090) to work on /Users/punny/Documents/GitHub/NYC-Taxi-ETL-Pipeline/.venv/lib/python3.10/site-packages/airflow/example_dags/example_branch_operator.py
[2024-10-20T20:58:50.621+0700] {processor.py:914} INFO - Processing file /Users/punny/Documents/GitHub/NYC-Taxi-ETL-Pipeline/.venv/lib/python3.10/site-packages/airflow/example_dags/example_branch_operator.py for tasks to queue
[2024-10-20T20:58:50.623+0700] {logging_mixin.py:190} INFO - [2024-10-20T20:58:50.623+0700] {dagbag.py:588} INFO - Filling up the DagBag from /Users/punny/Documents/GitHub/NYC-Taxi-ETL-Pipeline/.venv/lib/python3.10/site-packages/airflow/example_dags/example_branch_operator.py
[2024-10-20T20:58:50.674+0700] {processor.py:925} INFO - DAG(s) 'example_branch_operator' retrieved from /Users/punny/Documents/GitHub/NYC-Taxi-ETL-Pipeline/.venv/lib/python3.10/site-packages/airflow/example_dags/example_branch_operator.py
[2024-10-20T20:58:51.414+0700] {logging_mixin.py:190} INFO - [2024-10-20T20:58:51.414+0700] {dag.py:3239} INFO - Sync 1 DAGs
[2024-10-20T20:58:51.441+0700] {logging_mixin.py:190} INFO - [2024-10-20T20:58:51.441+0700] {dag.py:4180} INFO - Setting next_dagrun for example_branch_operator to 2024-10-19 00:00:00+00:00, run_after=2024-10-20 00:00:00+00:00
[2024-10-20T20:58:51.470+0700] {processor.py:208} INFO - Processing /Users/punny/Documents/GitHub/NYC-Taxi-ETL-Pipeline/.venv/lib/python3.10/site-packages/airflow/example_dags/example_branch_operator.py took 0.863 seconds
[2024-10-20T21:06:24.171+0700] {processor.py:186} INFO - Started process (PID=26277) to work on /Users/punny/Documents/GitHub/NYC-Taxi-ETL-Pipeline/.venv/lib/python3.10/site-packages/airflow/example_dags/example_branch_operator.py
[2024-10-20T21:06:24.177+0700] {processor.py:914} INFO - Processing file /Users/punny/Documents/GitHub/NYC-Taxi-ETL-Pipeline/.venv/lib/python3.10/site-packages/airflow/example_dags/example_branch_operator.py for tasks to queue
[2024-10-20T21:06:24.179+0700] {logging_mixin.py:190} INFO - [2024-10-20T21:06:24.179+0700] {dagbag.py:588} INFO - Filling up the DagBag from /Users/punny/Documents/GitHub/NYC-Taxi-ETL-Pipeline/.venv/lib/python3.10/site-packages/airflow/example_dags/example_branch_operator.py
[2024-10-20T21:06:24.286+0700] {processor.py:925} INFO - DAG(s) 'example_branch_operator' retrieved from /Users/punny/Documents/GitHub/NYC-Taxi-ETL-Pipeline/.venv/lib/python3.10/site-packages/airflow/example_dags/example_branch_operator.py
[2024-10-20T21:06:25.034+0700] {logging_mixin.py:190} INFO - [2024-10-20T21:06:25.034+0700] {dag.py:3239} INFO - Sync 1 DAGs
[2024-10-20T21:06:25.065+0700] {logging_mixin.py:190} INFO - [2024-10-20T21:06:25.064+0700] {dag.py:4180} INFO - Setting next_dagrun for example_branch_operator to 2024-10-19 00:00:00+00:00, run_after=2024-10-20 00:00:00+00:00
[2024-10-20T21:06:25.093+0700] {processor.py:208} INFO - Processing /Users/punny/Documents/GitHub/NYC-Taxi-ETL-Pipeline/.venv/lib/python3.10/site-packages/airflow/example_dags/example_branch_operator.py took 0.937 seconds
[2024-10-20T21:27:30.145+0700] {processor.py:186} INFO - Started process (PID=27129) to work on /Users/punny/Documents/GitHub/NYC-Taxi-ETL-Pipeline/.venv/lib/python3.10/site-packages/airflow/example_dags/example_branch_operator.py
[2024-10-20T21:27:30.149+0700] {processor.py:914} INFO - Processing file /Users/punny/Documents/GitHub/NYC-Taxi-ETL-Pipeline/.venv/lib/python3.10/site-packages/airflow/example_dags/example_branch_operator.py for tasks to queue
[2024-10-20T21:27:30.150+0700] {logging_mixin.py:190} INFO - [2024-10-20T21:27:30.150+0700] {dagbag.py:588} INFO - Filling up the DagBag from /Users/punny/Documents/GitHub/NYC-Taxi-ETL-Pipeline/.venv/lib/python3.10/site-packages/airflow/example_dags/example_branch_operator.py
[2024-10-20T21:27:30.203+0700] {processor.py:925} INFO - DAG(s) 'example_branch_operator' retrieved from /Users/punny/Documents/GitHub/NYC-Taxi-ETL-Pipeline/.venv/lib/python3.10/site-packages/airflow/example_dags/example_branch_operator.py
[2024-10-20T21:27:30.654+0700] {logging_mixin.py:190} INFO - [2024-10-20T21:27:30.653+0700] {dag.py:3239} INFO - Sync 1 DAGs
[2024-10-20T21:27:30.697+0700] {logging_mixin.py:190} INFO - [2024-10-20T21:27:30.696+0700] {dag.py:4180} INFO - Setting next_dagrun for example_branch_operator to 2024-10-19 00:00:00+00:00, run_after=2024-10-20 00:00:00+00:00
[2024-10-20T21:27:30.735+0700] {processor.py:208} INFO - Processing /Users/punny/Documents/GitHub/NYC-Taxi-ETL-Pipeline/.venv/lib/python3.10/site-packages/airflow/example_dags/example_branch_operator.py took 0.600 seconds
[2024-10-20T21:58:48.569+0700] {processor.py:186} INFO - Started process (PID=31549) to work on /Users/punny/Documents/GitHub/NYC-Taxi-ETL-Pipeline/.venv/lib/python3.10/site-packages/airflow/example_dags/example_branch_operator.py
[2024-10-20T21:58:48.572+0700] {processor.py:914} INFO - Processing file /Users/punny/Documents/GitHub/NYC-Taxi-ETL-Pipeline/.venv/lib/python3.10/site-packages/airflow/example_dags/example_branch_operator.py for tasks to queue
[2024-10-20T21:58:48.573+0700] {logging_mixin.py:190} INFO - [2024-10-20T21:58:48.573+0700] {dagbag.py:588} INFO - Filling up the DagBag from /Users/punny/Documents/GitHub/NYC-Taxi-ETL-Pipeline/.venv/lib/python3.10/site-packages/airflow/example_dags/example_branch_operator.py
[2024-10-20T21:58:48.618+0700] {processor.py:925} INFO - DAG(s) 'example_branch_operator' retrieved from /Users/punny/Documents/GitHub/NYC-Taxi-ETL-Pipeline/.venv/lib/python3.10/site-packages/airflow/example_dags/example_branch_operator.py
[2024-10-20T21:58:49.024+0700] {logging_mixin.py:190} INFO - [2024-10-20T21:58:49.024+0700] {dag.py:3239} INFO - Sync 1 DAGs
[2024-10-20T21:58:49.047+0700] {logging_mixin.py:190} INFO - [2024-10-20T21:58:49.047+0700] {dag.py:4180} INFO - Setting next_dagrun for example_branch_operator to 2024-10-19 00:00:00+00:00, run_after=2024-10-20 00:00:00+00:00
[2024-10-20T21:58:49.075+0700] {processor.py:208} INFO - Processing /Users/punny/Documents/GitHub/NYC-Taxi-ETL-Pipeline/.venv/lib/python3.10/site-packages/airflow/example_dags/example_branch_operator.py took 0.515 seconds
[2024-10-21T02:02:44.174+0700] {processor.py:186} INFO - Started process (PID=32880) to work on /Users/punny/Documents/GitHub/NYC-Taxi-ETL-Pipeline/.venv/lib/python3.10/site-packages/airflow/example_dags/example_branch_operator.py
[2024-10-21T02:02:44.179+0700] {processor.py:914} INFO - Processing file /Users/punny/Documents/GitHub/NYC-Taxi-ETL-Pipeline/.venv/lib/python3.10/site-packages/airflow/example_dags/example_branch_operator.py for tasks to queue
[2024-10-21T02:02:44.180+0700] {logging_mixin.py:190} INFO - [2024-10-21T02:02:44.180+0700] {dagbag.py:588} INFO - Filling up the DagBag from /Users/punny/Documents/GitHub/NYC-Taxi-ETL-Pipeline/.venv/lib/python3.10/site-packages/airflow/example_dags/example_branch_operator.py
[2024-10-21T02:02:44.266+0700] {processor.py:925} INFO - DAG(s) 'example_branch_operator' retrieved from /Users/punny/Documents/GitHub/NYC-Taxi-ETL-Pipeline/.venv/lib/python3.10/site-packages/airflow/example_dags/example_branch_operator.py
[2024-10-21T02:02:44.853+0700] {logging_mixin.py:190} INFO - [2024-10-21T02:02:44.853+0700] {dag.py:3239} INFO - Sync 1 DAGs
[2024-10-21T02:02:44.893+0700] {logging_mixin.py:190} INFO - [2024-10-21T02:02:44.893+0700] {dag.py:4180} INFO - Setting next_dagrun for example_branch_operator to 2024-10-19 00:00:00+00:00, run_after=2024-10-20 00:00:00+00:00
[2024-10-21T02:02:44.932+0700] {processor.py:208} INFO - Processing /Users/punny/Documents/GitHub/NYC-Taxi-ETL-Pipeline/.venv/lib/python3.10/site-packages/airflow/example_dags/example_branch_operator.py took 0.770 seconds
