[2024-10-20T20:44:32.111+0700] {processor.py:186} INFO - Started process (PID=22959) to work on /Users/punny/Documents/GitHub/NYC-Taxi-ETL-Pipeline/.venv/lib/python3.10/site-packages/airflow/example_dags/example_external_task_marker_dag.py
[2024-10-20T20:44:32.119+0700] {processor.py:914} INFO - Processing file /Users/punny/Documents/GitHub/NYC-Taxi-ETL-Pipeline/.venv/lib/python3.10/site-packages/airflow/example_dags/example_external_task_marker_dag.py for tasks to queue
[2024-10-20T20:44:32.121+0700] {logging_mixin.py:190} INFO - [2024-10-20T20:44:32.121+0700] {dagbag.py:588} INFO - Filling up the DagBag from /Users/punny/Documents/GitHub/NYC-Taxi-ETL-Pipeline/.venv/lib/python3.10/site-packages/airflow/example_dags/example_external_task_marker_dag.py
[2024-10-20T20:44:32.157+0700] {processor.py:925} INFO - DAG(s) 'example_external_task_marker_child', 'example_external_task_marker_parent' retrieved from /Users/punny/Documents/GitHub/NYC-Taxi-ETL-Pipeline/.venv/lib/python3.10/site-packages/airflow/example_dags/example_external_task_marker_dag.py
[2024-10-20T20:44:34.776+0700] {logging_mixin.py:190} INFO - [2024-10-20T20:44:34.775+0700] {override.py:1907} INFO - Created Permission View: can edit on DAG:example_external_task_marker_child
[2024-10-20T20:44:34.793+0700] {logging_mixin.py:190} INFO - [2024-10-20T20:44:34.792+0700] {override.py:1907} INFO - Created Permission View: can delete on DAG:example_external_task_marker_child
[2024-10-20T20:44:34.807+0700] {logging_mixin.py:190} INFO - [2024-10-20T20:44:34.806+0700] {override.py:1907} INFO - Created Permission View: can read on DAG:example_external_task_marker_child
[2024-10-20T20:44:34.829+0700] {logging_mixin.py:190} INFO - [2024-10-20T20:44:34.829+0700] {override.py:1907} INFO - Created Permission View: menu access on DAG Run:example_external_task_marker_child
[2024-10-20T20:44:34.839+0700] {logging_mixin.py:190} INFO - [2024-10-20T20:44:34.838+0700] {override.py:1907} INFO - Created Permission View: can delete on DAG Run:example_external_task_marker_child
[2024-10-20T20:44:34.852+0700] {logging_mixin.py:190} INFO - [2024-10-20T20:44:34.851+0700] {override.py:1907} INFO - Created Permission View: can read on DAG Run:example_external_task_marker_child
[2024-10-20T20:44:34.872+0700] {logging_mixin.py:190} INFO - [2024-10-20T20:44:34.872+0700] {override.py:1907} INFO - Created Permission View: can create on DAG Run:example_external_task_marker_child
[2024-10-20T20:44:34.893+0700] {logging_mixin.py:190} INFO - [2024-10-20T20:44:34.893+0700] {override.py:1907} INFO - Created Permission View: can edit on DAG:example_external_task_marker_parent
[2024-10-20T20:44:34.902+0700] {logging_mixin.py:190} INFO - [2024-10-20T20:44:34.901+0700] {override.py:1907} INFO - Created Permission View: can delete on DAG:example_external_task_marker_parent
[2024-10-20T20:44:34.910+0700] {logging_mixin.py:190} INFO - [2024-10-20T20:44:34.909+0700] {override.py:1907} INFO - Created Permission View: can read on DAG:example_external_task_marker_parent
[2024-10-20T20:44:34.921+0700] {logging_mixin.py:190} INFO - [2024-10-20T20:44:34.921+0700] {override.py:1907} INFO - Created Permission View: menu access on DAG Run:example_external_task_marker_parent
[2024-10-20T20:44:34.929+0700] {logging_mixin.py:190} INFO - [2024-10-20T20:44:34.928+0700] {override.py:1907} INFO - Created Permission View: can delete on DAG Run:example_external_task_marker_parent
[2024-10-20T20:44:34.936+0700] {logging_mixin.py:190} INFO - [2024-10-20T20:44:34.936+0700] {override.py:1907} INFO - Created Permission View: can read on DAG Run:example_external_task_marker_parent
[2024-10-20T20:44:34.944+0700] {logging_mixin.py:190} INFO - [2024-10-20T20:44:34.944+0700] {override.py:1907} INFO - Created Permission View: can create on DAG Run:example_external_task_marker_parent
[2024-10-20T20:44:34.945+0700] {logging_mixin.py:190} INFO - [2024-10-20T20:44:34.945+0700] {dag.py:3239} INFO - Sync 2 DAGs
[2024-10-20T20:44:34.962+0700] {logging_mixin.py:190} INFO - [2024-10-20T20:44:34.962+0700] {dag.py:3262} INFO - Creating ORM DAG for example_external_task_marker_parent
[2024-10-20T20:44:34.963+0700] {logging_mixin.py:190} INFO - [2024-10-20T20:44:34.963+0700] {dag.py:3262} INFO - Creating ORM DAG for example_external_task_marker_child
[2024-10-20T20:44:34.964+0700] {logging_mixin.py:190} INFO - [2024-10-20T20:44:34.964+0700] {dag.py:4180} INFO - Setting next_dagrun for example_external_task_marker_child to None, run_after=None
[2024-10-20T20:44:34.965+0700] {logging_mixin.py:190} INFO - [2024-10-20T20:44:34.965+0700] {dag.py:4180} INFO - Setting next_dagrun for example_external_task_marker_parent to None, run_after=None
[2024-10-20T20:44:34.989+0700] {processor.py:208} INFO - Processing /Users/punny/Documents/GitHub/NYC-Taxi-ETL-Pipeline/.venv/lib/python3.10/site-packages/airflow/example_dags/example_external_task_marker_dag.py took 2.888 seconds
[2024-10-20T20:48:27.976+0700] {processor.py:186} INFO - Started process (PID=23532) to work on /Users/punny/Documents/GitHub/NYC-Taxi-ETL-Pipeline/.venv/lib/python3.10/site-packages/airflow/example_dags/example_external_task_marker_dag.py
[2024-10-20T20:48:27.979+0700] {processor.py:914} INFO - Processing file /Users/punny/Documents/GitHub/NYC-Taxi-ETL-Pipeline/.venv/lib/python3.10/site-packages/airflow/example_dags/example_external_task_marker_dag.py for tasks to queue
[2024-10-20T20:48:27.980+0700] {logging_mixin.py:190} INFO - [2024-10-20T20:48:27.980+0700] {dagbag.py:588} INFO - Filling up the DagBag from /Users/punny/Documents/GitHub/NYC-Taxi-ETL-Pipeline/.venv/lib/python3.10/site-packages/airflow/example_dags/example_external_task_marker_dag.py
[2024-10-20T20:48:28.000+0700] {processor.py:925} INFO - DAG(s) 'example_external_task_marker_child', 'example_external_task_marker_parent' retrieved from /Users/punny/Documents/GitHub/NYC-Taxi-ETL-Pipeline/.venv/lib/python3.10/site-packages/airflow/example_dags/example_external_task_marker_dag.py
[2024-10-20T20:48:28.927+0700] {logging_mixin.py:190} INFO - [2024-10-20T20:48:28.926+0700] {dag.py:3239} INFO - Sync 2 DAGs
[2024-10-20T20:48:28.943+0700] {logging_mixin.py:190} INFO - [2024-10-20T20:48:28.943+0700] {dag.py:4180} INFO - Setting next_dagrun for example_external_task_marker_child to None, run_after=None
[2024-10-20T20:48:28.947+0700] {logging_mixin.py:190} INFO - [2024-10-20T20:48:28.947+0700] {dag.py:4180} INFO - Setting next_dagrun for example_external_task_marker_parent to None, run_after=None
[2024-10-20T20:48:28.969+0700] {processor.py:208} INFO - Processing /Users/punny/Documents/GitHub/NYC-Taxi-ETL-Pipeline/.venv/lib/python3.10/site-packages/airflow/example_dags/example_external_task_marker_dag.py took 1.003 seconds
[2024-10-20T20:51:45.464+0700] {processor.py:186} INFO - Started process (PID=24019) to work on /Users/punny/Documents/GitHub/NYC-Taxi-ETL-Pipeline/.venv/lib/python3.10/site-packages/airflow/example_dags/example_external_task_marker_dag.py
[2024-10-20T20:51:45.468+0700] {processor.py:914} INFO - Processing file /Users/punny/Documents/GitHub/NYC-Taxi-ETL-Pipeline/.venv/lib/python3.10/site-packages/airflow/example_dags/example_external_task_marker_dag.py for tasks to queue
[2024-10-20T20:51:45.469+0700] {logging_mixin.py:190} INFO - [2024-10-20T20:51:45.469+0700] {dagbag.py:588} INFO - Filling up the DagBag from /Users/punny/Documents/GitHub/NYC-Taxi-ETL-Pipeline/.venv/lib/python3.10/site-packages/airflow/example_dags/example_external_task_marker_dag.py
[2024-10-20T20:51:45.485+0700] {processor.py:925} INFO - DAG(s) 'example_external_task_marker_child', 'example_external_task_marker_parent' retrieved from /Users/punny/Documents/GitHub/NYC-Taxi-ETL-Pipeline/.venv/lib/python3.10/site-packages/airflow/example_dags/example_external_task_marker_dag.py
[2024-10-20T20:51:46.313+0700] {logging_mixin.py:190} INFO - [2024-10-20T20:51:46.312+0700] {dag.py:3239} INFO - Sync 2 DAGs
[2024-10-20T20:51:46.328+0700] {logging_mixin.py:190} INFO - [2024-10-20T20:51:46.327+0700] {dag.py:4180} INFO - Setting next_dagrun for example_external_task_marker_child to None, run_after=None
[2024-10-20T20:51:46.331+0700] {logging_mixin.py:190} INFO - [2024-10-20T20:51:46.331+0700] {dag.py:4180} INFO - Setting next_dagrun for example_external_task_marker_parent to None, run_after=None
[2024-10-20T20:51:46.351+0700] {processor.py:208} INFO - Processing /Users/punny/Documents/GitHub/NYC-Taxi-ETL-Pipeline/.venv/lib/python3.10/site-packages/airflow/example_dags/example_external_task_marker_dag.py took 0.895 seconds
[2024-10-20T20:55:16.622+0700] {processor.py:186} INFO - Started process (PID=24555) to work on /Users/punny/Documents/GitHub/NYC-Taxi-ETL-Pipeline/.venv/lib/python3.10/site-packages/airflow/example_dags/example_external_task_marker_dag.py
[2024-10-20T20:55:16.625+0700] {processor.py:914} INFO - Processing file /Users/punny/Documents/GitHub/NYC-Taxi-ETL-Pipeline/.venv/lib/python3.10/site-packages/airflow/example_dags/example_external_task_marker_dag.py for tasks to queue
[2024-10-20T20:55:16.627+0700] {logging_mixin.py:190} INFO - [2024-10-20T20:55:16.627+0700] {dagbag.py:588} INFO - Filling up the DagBag from /Users/punny/Documents/GitHub/NYC-Taxi-ETL-Pipeline/.venv/lib/python3.10/site-packages/airflow/example_dags/example_external_task_marker_dag.py
[2024-10-20T20:55:16.645+0700] {processor.py:925} INFO - DAG(s) 'example_external_task_marker_parent', 'example_external_task_marker_child' retrieved from /Users/punny/Documents/GitHub/NYC-Taxi-ETL-Pipeline/.venv/lib/python3.10/site-packages/airflow/example_dags/example_external_task_marker_dag.py
[2024-10-20T20:55:17.489+0700] {logging_mixin.py:190} INFO - [2024-10-20T20:55:17.489+0700] {dag.py:3239} INFO - Sync 2 DAGs
[2024-10-20T20:55:17.504+0700] {logging_mixin.py:190} INFO - [2024-10-20T20:55:17.504+0700] {dag.py:4180} INFO - Setting next_dagrun for example_external_task_marker_child to None, run_after=None
[2024-10-20T20:55:17.508+0700] {logging_mixin.py:190} INFO - [2024-10-20T20:55:17.508+0700] {dag.py:4180} INFO - Setting next_dagrun for example_external_task_marker_parent to None, run_after=None
[2024-10-20T20:55:17.530+0700] {processor.py:208} INFO - Processing /Users/punny/Documents/GitHub/NYC-Taxi-ETL-Pipeline/.venv/lib/python3.10/site-packages/airflow/example_dags/example_external_task_marker_dag.py took 0.918 seconds
[2024-10-20T20:58:41.365+0700] {processor.py:186} INFO - Started process (PID=25067) to work on /Users/punny/Documents/GitHub/NYC-Taxi-ETL-Pipeline/.venv/lib/python3.10/site-packages/airflow/example_dags/example_external_task_marker_dag.py
[2024-10-20T20:58:41.369+0700] {processor.py:914} INFO - Processing file /Users/punny/Documents/GitHub/NYC-Taxi-ETL-Pipeline/.venv/lib/python3.10/site-packages/airflow/example_dags/example_external_task_marker_dag.py for tasks to queue
[2024-10-20T20:58:41.370+0700] {logging_mixin.py:190} INFO - [2024-10-20T20:58:41.369+0700] {dagbag.py:588} INFO - Filling up the DagBag from /Users/punny/Documents/GitHub/NYC-Taxi-ETL-Pipeline/.venv/lib/python3.10/site-packages/airflow/example_dags/example_external_task_marker_dag.py
[2024-10-20T20:58:41.389+0700] {processor.py:925} INFO - DAG(s) 'example_external_task_marker_parent', 'example_external_task_marker_child' retrieved from /Users/punny/Documents/GitHub/NYC-Taxi-ETL-Pipeline/.venv/lib/python3.10/site-packages/airflow/example_dags/example_external_task_marker_dag.py
[2024-10-20T20:58:42.368+0700] {logging_mixin.py:190} INFO - [2024-10-20T20:58:42.368+0700] {dag.py:3239} INFO - Sync 2 DAGs
[2024-10-20T20:58:42.383+0700] {logging_mixin.py:190} INFO - [2024-10-20T20:58:42.382+0700] {dag.py:4180} INFO - Setting next_dagrun for example_external_task_marker_child to None, run_after=None
[2024-10-20T20:58:42.386+0700] {logging_mixin.py:190} INFO - [2024-10-20T20:58:42.386+0700] {dag.py:4180} INFO - Setting next_dagrun for example_external_task_marker_parent to None, run_after=None
[2024-10-20T20:58:42.405+0700] {processor.py:208} INFO - Processing /Users/punny/Documents/GitHub/NYC-Taxi-ETL-Pipeline/.venv/lib/python3.10/site-packages/airflow/example_dags/example_external_task_marker_dag.py took 1.050 seconds
[2024-10-20T21:06:10.710+0700] {processor.py:186} INFO - Started process (PID=26253) to work on /Users/punny/Documents/GitHub/NYC-Taxi-ETL-Pipeline/.venv/lib/python3.10/site-packages/airflow/example_dags/example_external_task_marker_dag.py
[2024-10-20T21:06:10.713+0700] {processor.py:914} INFO - Processing file /Users/punny/Documents/GitHub/NYC-Taxi-ETL-Pipeline/.venv/lib/python3.10/site-packages/airflow/example_dags/example_external_task_marker_dag.py for tasks to queue
[2024-10-20T21:06:10.715+0700] {logging_mixin.py:190} INFO - [2024-10-20T21:06:10.714+0700] {dagbag.py:588} INFO - Filling up the DagBag from /Users/punny/Documents/GitHub/NYC-Taxi-ETL-Pipeline/.venv/lib/python3.10/site-packages/airflow/example_dags/example_external_task_marker_dag.py
[2024-10-20T21:06:10.733+0700] {processor.py:925} INFO - DAG(s) 'example_external_task_marker_parent', 'example_external_task_marker_child' retrieved from /Users/punny/Documents/GitHub/NYC-Taxi-ETL-Pipeline/.venv/lib/python3.10/site-packages/airflow/example_dags/example_external_task_marker_dag.py
[2024-10-20T21:06:11.691+0700] {logging_mixin.py:190} INFO - [2024-10-20T21:06:11.690+0700] {dag.py:3239} INFO - Sync 2 DAGs
[2024-10-20T21:06:11.706+0700] {logging_mixin.py:190} INFO - [2024-10-20T21:06:11.706+0700] {dag.py:4180} INFO - Setting next_dagrun for example_external_task_marker_child to None, run_after=None
[2024-10-20T21:06:11.710+0700] {logging_mixin.py:190} INFO - [2024-10-20T21:06:11.710+0700] {dag.py:4180} INFO - Setting next_dagrun for example_external_task_marker_parent to None, run_after=None
[2024-10-20T21:06:11.731+0700] {processor.py:208} INFO - Processing /Users/punny/Documents/GitHub/NYC-Taxi-ETL-Pipeline/.venv/lib/python3.10/site-packages/airflow/example_dags/example_external_task_marker_dag.py took 1.029 seconds
[2024-10-20T21:09:13.639+0700] {processor.py:186} INFO - Started process (PID=26626) to work on /Users/punny/Documents/GitHub/NYC-Taxi-ETL-Pipeline/.venv/lib/python3.10/site-packages/airflow/example_dags/example_external_task_marker_dag.py
[2024-10-20T21:09:13.643+0700] {processor.py:914} INFO - Processing file /Users/punny/Documents/GitHub/NYC-Taxi-ETL-Pipeline/.venv/lib/python3.10/site-packages/airflow/example_dags/example_external_task_marker_dag.py for tasks to queue
[2024-10-20T21:09:13.644+0700] {logging_mixin.py:190} INFO - [2024-10-20T21:09:13.644+0700] {dagbag.py:588} INFO - Filling up the DagBag from /Users/punny/Documents/GitHub/NYC-Taxi-ETL-Pipeline/.venv/lib/python3.10/site-packages/airflow/example_dags/example_external_task_marker_dag.py
[2024-10-20T21:09:13.660+0700] {processor.py:925} INFO - DAG(s) 'example_external_task_marker_child', 'example_external_task_marker_parent' retrieved from /Users/punny/Documents/GitHub/NYC-Taxi-ETL-Pipeline/.venv/lib/python3.10/site-packages/airflow/example_dags/example_external_task_marker_dag.py
[2024-10-20T21:09:14.454+0700] {logging_mixin.py:190} INFO - [2024-10-20T21:09:14.454+0700] {dag.py:3239} INFO - Sync 2 DAGs
[2024-10-20T21:09:14.469+0700] {logging_mixin.py:190} INFO - [2024-10-20T21:09:14.469+0700] {dag.py:4180} INFO - Setting next_dagrun for example_external_task_marker_child to None, run_after=None
[2024-10-20T21:09:14.473+0700] {logging_mixin.py:190} INFO - [2024-10-20T21:09:14.472+0700] {dag.py:4180} INFO - Setting next_dagrun for example_external_task_marker_parent to None, run_after=None
[2024-10-20T21:09:14.492+0700] {processor.py:208} INFO - Processing /Users/punny/Documents/GitHub/NYC-Taxi-ETL-Pipeline/.venv/lib/python3.10/site-packages/airflow/example_dags/example_external_task_marker_dag.py took 0.862 seconds
[2024-10-20T21:30:44.426+0700] {processor.py:186} INFO - Started process (PID=27691) to work on /Users/punny/Documents/GitHub/NYC-Taxi-ETL-Pipeline/.venv/lib/python3.10/site-packages/airflow/example_dags/example_external_task_marker_dag.py
[2024-10-20T21:30:44.430+0700] {processor.py:914} INFO - Processing file /Users/punny/Documents/GitHub/NYC-Taxi-ETL-Pipeline/.venv/lib/python3.10/site-packages/airflow/example_dags/example_external_task_marker_dag.py for tasks to queue
[2024-10-20T21:30:44.431+0700] {logging_mixin.py:190} INFO - [2024-10-20T21:30:44.431+0700] {dagbag.py:588} INFO - Filling up the DagBag from /Users/punny/Documents/GitHub/NYC-Taxi-ETL-Pipeline/.venv/lib/python3.10/site-packages/airflow/example_dags/example_external_task_marker_dag.py
[2024-10-20T21:30:44.451+0700] {processor.py:925} INFO - DAG(s) 'example_external_task_marker_child', 'example_external_task_marker_parent' retrieved from /Users/punny/Documents/GitHub/NYC-Taxi-ETL-Pipeline/.venv/lib/python3.10/site-packages/airflow/example_dags/example_external_task_marker_dag.py
[2024-10-20T21:30:45.283+0700] {logging_mixin.py:190} INFO - [2024-10-20T21:30:45.283+0700] {dag.py:3239} INFO - Sync 2 DAGs
[2024-10-20T21:30:45.304+0700] {logging_mixin.py:190} INFO - [2024-10-20T21:30:45.303+0700] {dag.py:4180} INFO - Setting next_dagrun for example_external_task_marker_child to None, run_after=None
[2024-10-20T21:30:45.308+0700] {logging_mixin.py:190} INFO - [2024-10-20T21:30:45.308+0700] {dag.py:4180} INFO - Setting next_dagrun for example_external_task_marker_parent to None, run_after=None
[2024-10-20T21:30:45.334+0700] {processor.py:208} INFO - Processing /Users/punny/Documents/GitHub/NYC-Taxi-ETL-Pipeline/.venv/lib/python3.10/site-packages/airflow/example_dags/example_external_task_marker_dag.py took 0.917 seconds
[2024-10-20T21:58:01.450+0700] {processor.py:186} INFO - Started process (PID=31397) to work on /Users/punny/Documents/GitHub/NYC-Taxi-ETL-Pipeline/.venv/lib/python3.10/site-packages/airflow/example_dags/example_external_task_marker_dag.py
[2024-10-20T21:58:01.453+0700] {processor.py:914} INFO - Processing file /Users/punny/Documents/GitHub/NYC-Taxi-ETL-Pipeline/.venv/lib/python3.10/site-packages/airflow/example_dags/example_external_task_marker_dag.py for tasks to queue
[2024-10-20T21:58:01.454+0700] {logging_mixin.py:190} INFO - [2024-10-20T21:58:01.454+0700] {dagbag.py:588} INFO - Filling up the DagBag from /Users/punny/Documents/GitHub/NYC-Taxi-ETL-Pipeline/.venv/lib/python3.10/site-packages/airflow/example_dags/example_external_task_marker_dag.py
[2024-10-20T21:58:01.472+0700] {processor.py:925} INFO - DAG(s) 'example_external_task_marker_parent', 'example_external_task_marker_child' retrieved from /Users/punny/Documents/GitHub/NYC-Taxi-ETL-Pipeline/.venv/lib/python3.10/site-packages/airflow/example_dags/example_external_task_marker_dag.py
[2024-10-20T21:58:02.344+0700] {logging_mixin.py:190} INFO - [2024-10-20T21:58:02.343+0700] {dag.py:3239} INFO - Sync 2 DAGs
[2024-10-20T21:58:02.365+0700] {logging_mixin.py:190} INFO - [2024-10-20T21:58:02.364+0700] {dag.py:4180} INFO - Setting next_dagrun for example_external_task_marker_child to None, run_after=None
[2024-10-20T21:58:02.369+0700] {logging_mixin.py:190} INFO - [2024-10-20T21:58:02.369+0700] {dag.py:4180} INFO - Setting next_dagrun for example_external_task_marker_parent to None, run_after=None
[2024-10-20T21:58:02.391+0700] {processor.py:208} INFO - Processing /Users/punny/Documents/GitHub/NYC-Taxi-ETL-Pipeline/.venv/lib/python3.10/site-packages/airflow/example_dags/example_external_task_marker_dag.py took 0.950 seconds
[2024-10-20T23:32:34.849+0700] {processor.py:186} INFO - Started process (PID=32164) to work on /Users/punny/Documents/GitHub/NYC-Taxi-ETL-Pipeline/.venv/lib/python3.10/site-packages/airflow/example_dags/example_external_task_marker_dag.py
[2024-10-20T23:32:34.851+0700] {processor.py:914} INFO - Processing file /Users/punny/Documents/GitHub/NYC-Taxi-ETL-Pipeline/.venv/lib/python3.10/site-packages/airflow/example_dags/example_external_task_marker_dag.py for tasks to queue
[2024-10-20T23:32:34.852+0700] {logging_mixin.py:190} INFO - [2024-10-20T23:32:34.852+0700] {dagbag.py:588} INFO - Filling up the DagBag from /Users/punny/Documents/GitHub/NYC-Taxi-ETL-Pipeline/.venv/lib/python3.10/site-packages/airflow/example_dags/example_external_task_marker_dag.py
[2024-10-20T23:32:34.868+0700] {processor.py:925} INFO - DAG(s) 'example_external_task_marker_parent', 'example_external_task_marker_child' retrieved from /Users/punny/Documents/GitHub/NYC-Taxi-ETL-Pipeline/.venv/lib/python3.10/site-packages/airflow/example_dags/example_external_task_marker_dag.py
[2024-10-20T23:32:35.877+0700] {logging_mixin.py:190} INFO - [2024-10-20T23:32:35.876+0700] {dag.py:3239} INFO - Sync 2 DAGs
[2024-10-20T23:32:35.902+0700] {logging_mixin.py:190} INFO - [2024-10-20T23:32:35.902+0700] {dag.py:4180} INFO - Setting next_dagrun for example_external_task_marker_child to None, run_after=None
[2024-10-20T23:32:35.908+0700] {logging_mixin.py:190} INFO - [2024-10-20T23:32:35.908+0700] {dag.py:4180} INFO - Setting next_dagrun for example_external_task_marker_parent to None, run_after=None
[2024-10-20T23:32:35.939+0700] {processor.py:208} INFO - Processing /Users/punny/Documents/GitHub/NYC-Taxi-ETL-Pipeline/.venv/lib/python3.10/site-packages/airflow/example_dags/example_external_task_marker_dag.py took 1.102 seconds
[2024-10-21T01:33:03.822+0700] {processor.py:186} INFO - Started process (PID=32795) to work on /Users/punny/Documents/GitHub/NYC-Taxi-ETL-Pipeline/.venv/lib/python3.10/site-packages/airflow/example_dags/example_external_task_marker_dag.py
[2024-10-21T01:33:03.825+0700] {processor.py:914} INFO - Processing file /Users/punny/Documents/GitHub/NYC-Taxi-ETL-Pipeline/.venv/lib/python3.10/site-packages/airflow/example_dags/example_external_task_marker_dag.py for tasks to queue
[2024-10-21T01:33:03.827+0700] {logging_mixin.py:190} INFO - [2024-10-21T01:33:03.826+0700] {dagbag.py:588} INFO - Filling up the DagBag from /Users/punny/Documents/GitHub/NYC-Taxi-ETL-Pipeline/.venv/lib/python3.10/site-packages/airflow/example_dags/example_external_task_marker_dag.py
[2024-10-21T01:33:03.842+0700] {processor.py:925} INFO - DAG(s) 'example_external_task_marker_parent', 'example_external_task_marker_child' retrieved from /Users/punny/Documents/GitHub/NYC-Taxi-ETL-Pipeline/.venv/lib/python3.10/site-packages/airflow/example_dags/example_external_task_marker_dag.py
[2024-10-21T01:33:04.800+0700] {logging_mixin.py:190} INFO - [2024-10-21T01:33:04.800+0700] {dag.py:3239} INFO - Sync 2 DAGs
[2024-10-21T01:33:04.816+0700] {logging_mixin.py:190} INFO - [2024-10-21T01:33:04.815+0700] {dag.py:4180} INFO - Setting next_dagrun for example_external_task_marker_child to None, run_after=None
[2024-10-21T01:33:04.819+0700] {logging_mixin.py:190} INFO - [2024-10-21T01:33:04.819+0700] {dag.py:4180} INFO - Setting next_dagrun for example_external_task_marker_parent to None, run_after=None
[2024-10-21T01:33:04.840+0700] {processor.py:208} INFO - Processing /Users/punny/Documents/GitHub/NYC-Taxi-ETL-Pipeline/.venv/lib/python3.10/site-packages/airflow/example_dags/example_external_task_marker_dag.py took 1.027 seconds
[2024-10-21T03:50:56.970+0700] {processor.py:186} INFO - Started process (PID=33535) to work on /Users/punny/Documents/GitHub/NYC-Taxi-ETL-Pipeline/.venv/lib/python3.10/site-packages/airflow/example_dags/example_external_task_marker_dag.py
[2024-10-21T03:50:56.973+0700] {processor.py:914} INFO - Processing file /Users/punny/Documents/GitHub/NYC-Taxi-ETL-Pipeline/.venv/lib/python3.10/site-packages/airflow/example_dags/example_external_task_marker_dag.py for tasks to queue
[2024-10-21T03:50:56.975+0700] {logging_mixin.py:190} INFO - [2024-10-21T03:50:56.974+0700] {dagbag.py:588} INFO - Filling up the DagBag from /Users/punny/Documents/GitHub/NYC-Taxi-ETL-Pipeline/.venv/lib/python3.10/site-packages/airflow/example_dags/example_external_task_marker_dag.py
[2024-10-21T03:50:56.993+0700] {processor.py:925} INFO - DAG(s) 'example_external_task_marker_child', 'example_external_task_marker_parent' retrieved from /Users/punny/Documents/GitHub/NYC-Taxi-ETL-Pipeline/.venv/lib/python3.10/site-packages/airflow/example_dags/example_external_task_marker_dag.py
[2024-10-21T03:50:57.904+0700] {logging_mixin.py:190} INFO - [2024-10-21T03:50:57.903+0700] {dag.py:3239} INFO - Sync 2 DAGs
[2024-10-21T03:50:57.918+0700] {logging_mixin.py:190} INFO - [2024-10-21T03:50:57.918+0700] {dag.py:4180} INFO - Setting next_dagrun for example_external_task_marker_child to None, run_after=None
[2024-10-21T03:50:57.921+0700] {logging_mixin.py:190} INFO - [2024-10-21T03:50:57.921+0700] {dag.py:4180} INFO - Setting next_dagrun for example_external_task_marker_parent to None, run_after=None
[2024-10-21T03:50:57.940+0700] {processor.py:208} INFO - Processing /Users/punny/Documents/GitHub/NYC-Taxi-ETL-Pipeline/.venv/lib/python3.10/site-packages/airflow/example_dags/example_external_task_marker_dag.py took 0.981 seconds
