[2024-10-20T20:43:28.072+0700] {processor.py:186} INFO - Started process (PID=22747) to work on /Users/punny/Documents/GitHub/NYC-Taxi-ETL-Pipeline/.venv/lib/python3.10/site-packages/airflow/example_dags/example_sensor_decorator.py
[2024-10-20T20:43:28.075+0700] {processor.py:914} INFO - Processing file /Users/punny/Documents/GitHub/NYC-Taxi-ETL-Pipeline/.venv/lib/python3.10/site-packages/airflow/example_dags/example_sensor_decorator.py for tasks to queue
[2024-10-20T20:43:28.076+0700] {logging_mixin.py:190} INFO - [2024-10-20T20:43:28.075+0700] {dagbag.py:588} INFO - Filling up the DagBag from /Users/punny/Documents/GitHub/NYC-Taxi-ETL-Pipeline/.venv/lib/python3.10/site-packages/airflow/example_dags/example_sensor_decorator.py
[2024-10-20T20:43:28.131+0700] {processor.py:925} INFO - DAG(s) 'example_sensor_decorator' retrieved from /Users/punny/Documents/GitHub/NYC-Taxi-ETL-Pipeline/.venv/lib/python3.10/site-packages/airflow/example_dags/example_sensor_decorator.py
[2024-10-20T20:43:29.227+0700] {logging_mixin.py:190} INFO - [2024-10-20T20:43:29.226+0700] {override.py:1907} INFO - Created Permission View: can edit on DAG:example_sensor_decorator
[2024-10-20T20:43:29.244+0700] {logging_mixin.py:190} INFO - [2024-10-20T20:43:29.244+0700] {override.py:1907} INFO - Created Permission View: can delete on DAG:example_sensor_decorator
[2024-10-20T20:43:29.261+0700] {logging_mixin.py:190} INFO - [2024-10-20T20:43:29.260+0700] {override.py:1907} INFO - Created Permission View: can read on DAG:example_sensor_decorator
[2024-10-20T20:43:29.276+0700] {logging_mixin.py:190} INFO - [2024-10-20T20:43:29.275+0700] {override.py:1907} INFO - Created Permission View: can delete on DAG Run:example_sensor_decorator
[2024-10-20T20:43:29.289+0700] {logging_mixin.py:190} INFO - [2024-10-20T20:43:29.288+0700] {override.py:1907} INFO - Created Permission View: menu access on DAG Run:example_sensor_decorator
[2024-10-20T20:43:29.302+0700] {logging_mixin.py:190} INFO - [2024-10-20T20:43:29.301+0700] {override.py:1907} INFO - Created Permission View: can create on DAG Run:example_sensor_decorator
[2024-10-20T20:43:29.312+0700] {logging_mixin.py:190} INFO - [2024-10-20T20:43:29.311+0700] {override.py:1907} INFO - Created Permission View: can read on DAG Run:example_sensor_decorator
[2024-10-20T20:43:29.315+0700] {logging_mixin.py:190} INFO - [2024-10-20T20:43:29.313+0700] {dag.py:3239} INFO - Sync 1 DAGs
[2024-10-20T20:43:29.335+0700] {logging_mixin.py:190} INFO - [2024-10-20T20:43:29.334+0700] {dag.py:3262} INFO - Creating ORM DAG for example_sensor_decorator
[2024-10-20T20:43:29.335+0700] {logging_mixin.py:190} INFO - [2024-10-20T20:43:29.335+0700] {dag.py:4180} INFO - Setting next_dagrun for example_sensor_decorator to None, run_after=None
[2024-10-20T20:43:29.365+0700] {processor.py:208} INFO - Processing /Users/punny/Documents/GitHub/NYC-Taxi-ETL-Pipeline/.venv/lib/python3.10/site-packages/airflow/example_dags/example_sensor_decorator.py took 1.303 seconds
[2024-10-20T20:47:36.518+0700] {processor.py:186} INFO - Started process (PID=23426) to work on /Users/punny/Documents/GitHub/NYC-Taxi-ETL-Pipeline/.venv/lib/python3.10/site-packages/airflow/example_dags/example_sensor_decorator.py
[2024-10-20T20:47:36.521+0700] {processor.py:914} INFO - Processing file /Users/punny/Documents/GitHub/NYC-Taxi-ETL-Pipeline/.venv/lib/python3.10/site-packages/airflow/example_dags/example_sensor_decorator.py for tasks to queue
[2024-10-20T20:47:36.523+0700] {logging_mixin.py:190} INFO - [2024-10-20T20:47:36.522+0700] {dagbag.py:588} INFO - Filling up the DagBag from /Users/punny/Documents/GitHub/NYC-Taxi-ETL-Pipeline/.venv/lib/python3.10/site-packages/airflow/example_dags/example_sensor_decorator.py
[2024-10-20T20:47:36.566+0700] {processor.py:925} INFO - DAG(s) 'example_sensor_decorator' retrieved from /Users/punny/Documents/GitHub/NYC-Taxi-ETL-Pipeline/.venv/lib/python3.10/site-packages/airflow/example_dags/example_sensor_decorator.py
[2024-10-20T20:47:37.465+0700] {logging_mixin.py:190} INFO - [2024-10-20T20:47:37.464+0700] {dag.py:3239} INFO - Sync 1 DAGs
[2024-10-20T20:47:37.478+0700] {logging_mixin.py:190} INFO - [2024-10-20T20:47:37.478+0700] {dag.py:4180} INFO - Setting next_dagrun for example_sensor_decorator to None, run_after=None
[2024-10-20T20:47:37.556+0700] {processor.py:208} INFO - Processing /Users/punny/Documents/GitHub/NYC-Taxi-ETL-Pipeline/.venv/lib/python3.10/site-packages/airflow/example_dags/example_sensor_decorator.py took 1.047 seconds
[2024-10-20T20:50:58.230+0700] {processor.py:186} INFO - Started process (PID=23890) to work on /Users/punny/Documents/GitHub/NYC-Taxi-ETL-Pipeline/.venv/lib/python3.10/site-packages/airflow/example_dags/example_sensor_decorator.py
[2024-10-20T20:50:58.234+0700] {processor.py:914} INFO - Processing file /Users/punny/Documents/GitHub/NYC-Taxi-ETL-Pipeline/.venv/lib/python3.10/site-packages/airflow/example_dags/example_sensor_decorator.py for tasks to queue
[2024-10-20T20:50:58.235+0700] {logging_mixin.py:190} INFO - [2024-10-20T20:50:58.235+0700] {dagbag.py:588} INFO - Filling up the DagBag from /Users/punny/Documents/GitHub/NYC-Taxi-ETL-Pipeline/.venv/lib/python3.10/site-packages/airflow/example_dags/example_sensor_decorator.py
[2024-10-20T20:50:58.277+0700] {processor.py:925} INFO - DAG(s) 'example_sensor_decorator' retrieved from /Users/punny/Documents/GitHub/NYC-Taxi-ETL-Pipeline/.venv/lib/python3.10/site-packages/airflow/example_dags/example_sensor_decorator.py
[2024-10-20T20:50:58.882+0700] {logging_mixin.py:190} INFO - [2024-10-20T20:50:58.882+0700] {dag.py:3239} INFO - Sync 1 DAGs
[2024-10-20T20:50:58.895+0700] {logging_mixin.py:190} INFO - [2024-10-20T20:50:58.895+0700] {dag.py:4180} INFO - Setting next_dagrun for example_sensor_decorator to None, run_after=None
[2024-10-20T20:50:58.917+0700] {processor.py:208} INFO - Processing /Users/punny/Documents/GitHub/NYC-Taxi-ETL-Pipeline/.venv/lib/python3.10/site-packages/airflow/example_dags/example_sensor_decorator.py took 0.696 seconds
[2024-10-20T20:54:24.021+0700] {processor.py:186} INFO - Started process (PID=24403) to work on /Users/punny/Documents/GitHub/NYC-Taxi-ETL-Pipeline/.venv/lib/python3.10/site-packages/airflow/example_dags/example_sensor_decorator.py
[2024-10-20T20:54:24.025+0700] {processor.py:914} INFO - Processing file /Users/punny/Documents/GitHub/NYC-Taxi-ETL-Pipeline/.venv/lib/python3.10/site-packages/airflow/example_dags/example_sensor_decorator.py for tasks to queue
[2024-10-20T20:54:24.028+0700] {logging_mixin.py:190} INFO - [2024-10-20T20:54:24.027+0700] {dagbag.py:588} INFO - Filling up the DagBag from /Users/punny/Documents/GitHub/NYC-Taxi-ETL-Pipeline/.venv/lib/python3.10/site-packages/airflow/example_dags/example_sensor_decorator.py
[2024-10-20T20:54:24.162+0700] {processor.py:925} INFO - DAG(s) 'example_sensor_decorator' retrieved from /Users/punny/Documents/GitHub/NYC-Taxi-ETL-Pipeline/.venv/lib/python3.10/site-packages/airflow/example_dags/example_sensor_decorator.py
[2024-10-20T20:54:25.105+0700] {logging_mixin.py:190} INFO - [2024-10-20T20:54:25.104+0700] {dag.py:3239} INFO - Sync 1 DAGs
[2024-10-20T20:54:25.119+0700] {logging_mixin.py:190} INFO - [2024-10-20T20:54:25.118+0700] {dag.py:4180} INFO - Setting next_dagrun for example_sensor_decorator to None, run_after=None
[2024-10-20T20:54:25.142+0700] {processor.py:208} INFO - Processing /Users/punny/Documents/GitHub/NYC-Taxi-ETL-Pipeline/.venv/lib/python3.10/site-packages/airflow/example_dags/example_sensor_decorator.py took 1.131 seconds
[2024-10-20T20:57:48.123+0700] {processor.py:186} INFO - Started process (PID=24913) to work on /Users/punny/Documents/GitHub/NYC-Taxi-ETL-Pipeline/.venv/lib/python3.10/site-packages/airflow/example_dags/example_sensor_decorator.py
[2024-10-20T20:57:48.127+0700] {processor.py:914} INFO - Processing file /Users/punny/Documents/GitHub/NYC-Taxi-ETL-Pipeline/.venv/lib/python3.10/site-packages/airflow/example_dags/example_sensor_decorator.py for tasks to queue
[2024-10-20T20:57:48.128+0700] {logging_mixin.py:190} INFO - [2024-10-20T20:57:48.128+0700] {dagbag.py:588} INFO - Filling up the DagBag from /Users/punny/Documents/GitHub/NYC-Taxi-ETL-Pipeline/.venv/lib/python3.10/site-packages/airflow/example_dags/example_sensor_decorator.py
[2024-10-20T20:57:48.231+0700] {processor.py:925} INFO - DAG(s) 'example_sensor_decorator' retrieved from /Users/punny/Documents/GitHub/NYC-Taxi-ETL-Pipeline/.venv/lib/python3.10/site-packages/airflow/example_dags/example_sensor_decorator.py
[2024-10-20T20:57:49.001+0700] {logging_mixin.py:190} INFO - [2024-10-20T20:57:49.000+0700] {dag.py:3239} INFO - Sync 1 DAGs
[2024-10-20T20:57:49.020+0700] {logging_mixin.py:190} INFO - [2024-10-20T20:57:49.020+0700] {dag.py:4180} INFO - Setting next_dagrun for example_sensor_decorator to None, run_after=None
[2024-10-20T20:57:49.045+0700] {processor.py:208} INFO - Processing /Users/punny/Documents/GitHub/NYC-Taxi-ETL-Pipeline/.venv/lib/python3.10/site-packages/airflow/example_dags/example_sensor_decorator.py took 0.936 seconds
[2024-10-20T21:01:23.757+0700] {processor.py:186} INFO - Started process (PID=25541) to work on /Users/punny/Documents/GitHub/NYC-Taxi-ETL-Pipeline/.venv/lib/python3.10/site-packages/airflow/example_dags/example_sensor_decorator.py
[2024-10-20T21:01:23.760+0700] {processor.py:914} INFO - Processing file /Users/punny/Documents/GitHub/NYC-Taxi-ETL-Pipeline/.venv/lib/python3.10/site-packages/airflow/example_dags/example_sensor_decorator.py for tasks to queue
[2024-10-20T21:01:23.761+0700] {logging_mixin.py:190} INFO - [2024-10-20T21:01:23.761+0700] {dagbag.py:588} INFO - Filling up the DagBag from /Users/punny/Documents/GitHub/NYC-Taxi-ETL-Pipeline/.venv/lib/python3.10/site-packages/airflow/example_dags/example_sensor_decorator.py
[2024-10-20T21:01:23.814+0700] {processor.py:925} INFO - DAG(s) 'example_sensor_decorator' retrieved from /Users/punny/Documents/GitHub/NYC-Taxi-ETL-Pipeline/.venv/lib/python3.10/site-packages/airflow/example_dags/example_sensor_decorator.py
[2024-10-20T21:01:24.682+0700] {logging_mixin.py:190} INFO - [2024-10-20T21:01:24.681+0700] {dag.py:3239} INFO - Sync 1 DAGs
[2024-10-20T21:01:24.699+0700] {logging_mixin.py:190} INFO - [2024-10-20T21:01:24.699+0700] {dag.py:4180} INFO - Setting next_dagrun for example_sensor_decorator to None, run_after=None
[2024-10-20T21:01:24.732+0700] {processor.py:208} INFO - Processing /Users/punny/Documents/GitHub/NYC-Taxi-ETL-Pipeline/.venv/lib/python3.10/site-packages/airflow/example_dags/example_sensor_decorator.py took 0.982 seconds
[2024-10-20T21:04:49.005+0700] {processor.py:186} INFO - Started process (PID=26038) to work on /Users/punny/Documents/GitHub/NYC-Taxi-ETL-Pipeline/.venv/lib/python3.10/site-packages/airflow/example_dags/example_sensor_decorator.py
[2024-10-20T21:04:49.010+0700] {processor.py:914} INFO - Processing file /Users/punny/Documents/GitHub/NYC-Taxi-ETL-Pipeline/.venv/lib/python3.10/site-packages/airflow/example_dags/example_sensor_decorator.py for tasks to queue
[2024-10-20T21:04:49.012+0700] {logging_mixin.py:190} INFO - [2024-10-20T21:04:49.011+0700] {dagbag.py:588} INFO - Filling up the DagBag from /Users/punny/Documents/GitHub/NYC-Taxi-ETL-Pipeline/.venv/lib/python3.10/site-packages/airflow/example_dags/example_sensor_decorator.py
[2024-10-20T21:04:49.124+0700] {processor.py:925} INFO - DAG(s) 'example_sensor_decorator' retrieved from /Users/punny/Documents/GitHub/NYC-Taxi-ETL-Pipeline/.venv/lib/python3.10/site-packages/airflow/example_dags/example_sensor_decorator.py
[2024-10-20T21:04:51.046+0700] {logging_mixin.py:190} INFO - [2024-10-20T21:04:51.045+0700] {dag.py:3239} INFO - Sync 1 DAGs
[2024-10-20T21:04:51.061+0700] {logging_mixin.py:190} INFO - [2024-10-20T21:04:51.060+0700] {dag.py:4180} INFO - Setting next_dagrun for example_sensor_decorator to None, run_after=None
[2024-10-20T21:04:51.084+0700] {processor.py:208} INFO - Processing /Users/punny/Documents/GitHub/NYC-Taxi-ETL-Pipeline/.venv/lib/python3.10/site-packages/airflow/example_dags/example_sensor_decorator.py took 2.089 seconds
[2024-10-20T21:08:26.976+0700] {processor.py:186} INFO - Started process (PID=26532) to work on /Users/punny/Documents/GitHub/NYC-Taxi-ETL-Pipeline/.venv/lib/python3.10/site-packages/airflow/example_dags/example_sensor_decorator.py
[2024-10-20T21:08:26.979+0700] {processor.py:914} INFO - Processing file /Users/punny/Documents/GitHub/NYC-Taxi-ETL-Pipeline/.venv/lib/python3.10/site-packages/airflow/example_dags/example_sensor_decorator.py for tasks to queue
[2024-10-20T21:08:26.980+0700] {logging_mixin.py:190} INFO - [2024-10-20T21:08:26.980+0700] {dagbag.py:588} INFO - Filling up the DagBag from /Users/punny/Documents/GitHub/NYC-Taxi-ETL-Pipeline/.venv/lib/python3.10/site-packages/airflow/example_dags/example_sensor_decorator.py
[2024-10-20T21:08:27.022+0700] {processor.py:925} INFO - DAG(s) 'example_sensor_decorator' retrieved from /Users/punny/Documents/GitHub/NYC-Taxi-ETL-Pipeline/.venv/lib/python3.10/site-packages/airflow/example_dags/example_sensor_decorator.py
[2024-10-20T21:08:27.716+0700] {logging_mixin.py:190} INFO - [2024-10-20T21:08:27.715+0700] {dag.py:3239} INFO - Sync 1 DAGs
[2024-10-20T21:08:27.729+0700] {logging_mixin.py:190} INFO - [2024-10-20T21:08:27.729+0700] {dag.py:4180} INFO - Setting next_dagrun for example_sensor_decorator to None, run_after=None
[2024-10-20T21:08:27.750+0700] {processor.py:208} INFO - Processing /Users/punny/Documents/GitHub/NYC-Taxi-ETL-Pipeline/.venv/lib/python3.10/site-packages/airflow/example_dags/example_sensor_decorator.py took 0.783 seconds
[2024-10-20T21:11:22.956+0700] {processor.py:186} INFO - Started process (PID=26888) to work on /Users/punny/Documents/GitHub/NYC-Taxi-ETL-Pipeline/.venv/lib/python3.10/site-packages/airflow/example_dags/example_sensor_decorator.py
[2024-10-20T21:11:22.960+0700] {processor.py:914} INFO - Processing file /Users/punny/Documents/GitHub/NYC-Taxi-ETL-Pipeline/.venv/lib/python3.10/site-packages/airflow/example_dags/example_sensor_decorator.py for tasks to queue
[2024-10-20T21:11:22.961+0700] {logging_mixin.py:190} INFO - [2024-10-20T21:11:22.961+0700] {dagbag.py:588} INFO - Filling up the DagBag from /Users/punny/Documents/GitHub/NYC-Taxi-ETL-Pipeline/.venv/lib/python3.10/site-packages/airflow/example_dags/example_sensor_decorator.py
[2024-10-20T21:11:23.003+0700] {processor.py:925} INFO - DAG(s) 'example_sensor_decorator' retrieved from /Users/punny/Documents/GitHub/NYC-Taxi-ETL-Pipeline/.venv/lib/python3.10/site-packages/airflow/example_dags/example_sensor_decorator.py
[2024-10-20T21:11:23.620+0700] {logging_mixin.py:190} INFO - [2024-10-20T21:11:23.620+0700] {dag.py:3239} INFO - Sync 1 DAGs
[2024-10-20T21:11:23.633+0700] {logging_mixin.py:190} INFO - [2024-10-20T21:11:23.633+0700] {dag.py:4180} INFO - Setting next_dagrun for example_sensor_decorator to None, run_after=None
[2024-10-20T21:11:23.655+0700] {processor.py:208} INFO - Processing /Users/punny/Documents/GitHub/NYC-Taxi-ETL-Pipeline/.venv/lib/python3.10/site-packages/airflow/example_dags/example_sensor_decorator.py took 0.707 seconds
[2024-10-20T21:29:52.948+0700] {processor.py:186} INFO - Started process (PID=27564) to work on /Users/punny/Documents/GitHub/NYC-Taxi-ETL-Pipeline/.venv/lib/python3.10/site-packages/airflow/example_dags/example_sensor_decorator.py
[2024-10-20T21:29:52.951+0700] {processor.py:914} INFO - Processing file /Users/punny/Documents/GitHub/NYC-Taxi-ETL-Pipeline/.venv/lib/python3.10/site-packages/airflow/example_dags/example_sensor_decorator.py for tasks to queue
[2024-10-20T21:29:52.952+0700] {logging_mixin.py:190} INFO - [2024-10-20T21:29:52.952+0700] {dagbag.py:588} INFO - Filling up the DagBag from /Users/punny/Documents/GitHub/NYC-Taxi-ETL-Pipeline/.venv/lib/python3.10/site-packages/airflow/example_dags/example_sensor_decorator.py
[2024-10-20T21:29:53.015+0700] {processor.py:925} INFO - DAG(s) 'example_sensor_decorator' retrieved from /Users/punny/Documents/GitHub/NYC-Taxi-ETL-Pipeline/.venv/lib/python3.10/site-packages/airflow/example_dags/example_sensor_decorator.py
[2024-10-20T21:29:53.683+0700] {logging_mixin.py:190} INFO - [2024-10-20T21:29:53.682+0700] {dag.py:3239} INFO - Sync 1 DAGs
[2024-10-20T21:29:53.697+0700] {logging_mixin.py:190} INFO - [2024-10-20T21:29:53.697+0700] {dag.py:4180} INFO - Setting next_dagrun for example_sensor_decorator to None, run_after=None
[2024-10-20T21:29:53.721+0700] {processor.py:208} INFO - Processing /Users/punny/Documents/GitHub/NYC-Taxi-ETL-Pipeline/.venv/lib/python3.10/site-packages/airflow/example_dags/example_sensor_decorator.py took 0.782 seconds
[2024-10-20T21:33:37.114+0700] {processor.py:186} INFO - Started process (PID=28199) to work on /Users/punny/Documents/GitHub/NYC-Taxi-ETL-Pipeline/.venv/lib/python3.10/site-packages/airflow/example_dags/example_sensor_decorator.py
[2024-10-20T21:33:37.117+0700] {processor.py:914} INFO - Processing file /Users/punny/Documents/GitHub/NYC-Taxi-ETL-Pipeline/.venv/lib/python3.10/site-packages/airflow/example_dags/example_sensor_decorator.py for tasks to queue
[2024-10-20T21:33:37.118+0700] {logging_mixin.py:190} INFO - [2024-10-20T21:33:37.118+0700] {dagbag.py:588} INFO - Filling up the DagBag from /Users/punny/Documents/GitHub/NYC-Taxi-ETL-Pipeline/.venv/lib/python3.10/site-packages/airflow/example_dags/example_sensor_decorator.py
[2024-10-20T21:33:37.163+0700] {processor.py:925} INFO - DAG(s) 'example_sensor_decorator' retrieved from /Users/punny/Documents/GitHub/NYC-Taxi-ETL-Pipeline/.venv/lib/python3.10/site-packages/airflow/example_dags/example_sensor_decorator.py
[2024-10-20T21:33:38.107+0700] {logging_mixin.py:190} INFO - [2024-10-20T21:33:38.106+0700] {dag.py:3239} INFO - Sync 1 DAGs
[2024-10-20T21:33:38.175+0700] {logging_mixin.py:190} INFO - [2024-10-20T21:33:38.174+0700] {dag.py:4180} INFO - Setting next_dagrun for example_sensor_decorator to None, run_after=None
[2024-10-20T21:33:38.307+0700] {processor.py:208} INFO - Processing /Users/punny/Documents/GitHub/NYC-Taxi-ETL-Pipeline/.venv/lib/python3.10/site-packages/airflow/example_dags/example_sensor_decorator.py took 1.202 seconds
[2024-10-20T21:57:08.261+0700] {processor.py:186} INFO - Started process (PID=31269) to work on /Users/punny/Documents/GitHub/NYC-Taxi-ETL-Pipeline/.venv/lib/python3.10/site-packages/airflow/example_dags/example_sensor_decorator.py
[2024-10-20T21:57:08.264+0700] {processor.py:914} INFO - Processing file /Users/punny/Documents/GitHub/NYC-Taxi-ETL-Pipeline/.venv/lib/python3.10/site-packages/airflow/example_dags/example_sensor_decorator.py for tasks to queue
[2024-10-20T21:57:08.266+0700] {logging_mixin.py:190} INFO - [2024-10-20T21:57:08.265+0700] {dagbag.py:588} INFO - Filling up the DagBag from /Users/punny/Documents/GitHub/NYC-Taxi-ETL-Pipeline/.venv/lib/python3.10/site-packages/airflow/example_dags/example_sensor_decorator.py
[2024-10-20T21:57:08.328+0700] {processor.py:925} INFO - DAG(s) 'example_sensor_decorator' retrieved from /Users/punny/Documents/GitHub/NYC-Taxi-ETL-Pipeline/.venv/lib/python3.10/site-packages/airflow/example_dags/example_sensor_decorator.py
[2024-10-20T21:57:09.425+0700] {logging_mixin.py:190} INFO - [2024-10-20T21:57:09.424+0700] {dag.py:3239} INFO - Sync 1 DAGs
[2024-10-20T21:57:09.441+0700] {logging_mixin.py:190} INFO - [2024-10-20T21:57:09.441+0700] {dag.py:4180} INFO - Setting next_dagrun for example_sensor_decorator to None, run_after=None
[2024-10-20T21:57:09.472+0700] {processor.py:208} INFO - Processing /Users/punny/Documents/GitHub/NYC-Taxi-ETL-Pipeline/.venv/lib/python3.10/site-packages/airflow/example_dags/example_sensor_decorator.py took 1.218 seconds
[2024-10-20T22:46:29.295+0700] {processor.py:186} INFO - Started process (PID=31985) to work on /Users/punny/Documents/GitHub/NYC-Taxi-ETL-Pipeline/.venv/lib/python3.10/site-packages/airflow/example_dags/example_sensor_decorator.py
[2024-10-20T22:46:29.302+0700] {processor.py:914} INFO - Processing file /Users/punny/Documents/GitHub/NYC-Taxi-ETL-Pipeline/.venv/lib/python3.10/site-packages/airflow/example_dags/example_sensor_decorator.py for tasks to queue
[2024-10-20T22:46:29.304+0700] {logging_mixin.py:190} INFO - [2024-10-20T22:46:29.304+0700] {dagbag.py:588} INFO - Filling up the DagBag from /Users/punny/Documents/GitHub/NYC-Taxi-ETL-Pipeline/.venv/lib/python3.10/site-packages/airflow/example_dags/example_sensor_decorator.py
[2024-10-20T22:46:29.440+0700] {processor.py:925} INFO - DAG(s) 'example_sensor_decorator' retrieved from /Users/punny/Documents/GitHub/NYC-Taxi-ETL-Pipeline/.venv/lib/python3.10/site-packages/airflow/example_dags/example_sensor_decorator.py
[2024-10-20T22:46:30.706+0700] {logging_mixin.py:190} INFO - [2024-10-20T22:46:30.705+0700] {dag.py:3239} INFO - Sync 1 DAGs
[2024-10-20T22:46:30.729+0700] {logging_mixin.py:190} INFO - [2024-10-20T22:46:30.728+0700] {dag.py:4180} INFO - Setting next_dagrun for example_sensor_decorator to None, run_after=None
[2024-10-20T22:46:30.764+0700] {processor.py:208} INFO - Processing /Users/punny/Documents/GitHub/NYC-Taxi-ETL-Pipeline/.venv/lib/python3.10/site-packages/airflow/example_dags/example_sensor_decorator.py took 1.483 seconds
[2024-10-21T01:01:49.100+0700] {processor.py:186} INFO - Started process (PID=32657) to work on /Users/punny/Documents/GitHub/NYC-Taxi-ETL-Pipeline/.venv/lib/python3.10/site-packages/airflow/example_dags/example_sensor_decorator.py
[2024-10-21T01:01:49.103+0700] {processor.py:914} INFO - Processing file /Users/punny/Documents/GitHub/NYC-Taxi-ETL-Pipeline/.venv/lib/python3.10/site-packages/airflow/example_dags/example_sensor_decorator.py for tasks to queue
[2024-10-21T01:01:49.104+0700] {logging_mixin.py:190} INFO - [2024-10-21T01:01:49.104+0700] {dagbag.py:588} INFO - Filling up the DagBag from /Users/punny/Documents/GitHub/NYC-Taxi-ETL-Pipeline/.venv/lib/python3.10/site-packages/airflow/example_dags/example_sensor_decorator.py
[2024-10-21T01:01:49.145+0700] {processor.py:925} INFO - DAG(s) 'example_sensor_decorator' retrieved from /Users/punny/Documents/GitHub/NYC-Taxi-ETL-Pipeline/.venv/lib/python3.10/site-packages/airflow/example_dags/example_sensor_decorator.py
[2024-10-21T01:01:49.999+0700] {logging_mixin.py:190} INFO - [2024-10-21T01:01:49.998+0700] {dag.py:3239} INFO - Sync 1 DAGs
[2024-10-21T01:01:50.012+0700] {logging_mixin.py:190} INFO - [2024-10-21T01:01:50.011+0700] {dag.py:4180} INFO - Setting next_dagrun for example_sensor_decorator to None, run_after=None
[2024-10-21T01:01:50.036+0700] {processor.py:208} INFO - Processing /Users/punny/Documents/GitHub/NYC-Taxi-ETL-Pipeline/.venv/lib/python3.10/site-packages/airflow/example_dags/example_sensor_decorator.py took 0.944 seconds
[2024-10-21T03:19:39.763+0700] {processor.py:186} INFO - Started process (PID=33365) to work on /Users/punny/Documents/GitHub/NYC-Taxi-ETL-Pipeline/.venv/lib/python3.10/site-packages/airflow/example_dags/example_sensor_decorator.py
[2024-10-21T03:19:39.765+0700] {processor.py:914} INFO - Processing file /Users/punny/Documents/GitHub/NYC-Taxi-ETL-Pipeline/.venv/lib/python3.10/site-packages/airflow/example_dags/example_sensor_decorator.py for tasks to queue
[2024-10-21T03:19:39.767+0700] {logging_mixin.py:190} INFO - [2024-10-21T03:19:39.766+0700] {dagbag.py:588} INFO - Filling up the DagBag from /Users/punny/Documents/GitHub/NYC-Taxi-ETL-Pipeline/.venv/lib/python3.10/site-packages/airflow/example_dags/example_sensor_decorator.py
[2024-10-21T03:19:39.821+0700] {processor.py:925} INFO - DAG(s) 'example_sensor_decorator' retrieved from /Users/punny/Documents/GitHub/NYC-Taxi-ETL-Pipeline/.venv/lib/python3.10/site-packages/airflow/example_dags/example_sensor_decorator.py
[2024-10-21T03:19:40.410+0700] {logging_mixin.py:190} INFO - [2024-10-21T03:19:40.409+0700] {dag.py:3239} INFO - Sync 1 DAGs
[2024-10-21T03:19:40.423+0700] {logging_mixin.py:190} INFO - [2024-10-21T03:19:40.423+0700] {dag.py:4180} INFO - Setting next_dagrun for example_sensor_decorator to None, run_after=None
[2024-10-21T03:19:40.443+0700] {processor.py:208} INFO - Processing /Users/punny/Documents/GitHub/NYC-Taxi-ETL-Pipeline/.venv/lib/python3.10/site-packages/airflow/example_dags/example_sensor_decorator.py took 0.689 seconds
