[2024-10-20T20:45:44.694+0700] {processor.py:186} INFO - Started process (PID=23162) to work on /Users/punny/Documents/GitHub/NYC-Taxi-ETL-Pipeline/.venv/lib/python3.10/site-packages/airflow/example_dags/example_branch_datetime_operator.py
[2024-10-20T20:45:44.697+0700] {processor.py:914} INFO - Processing file /Users/punny/Documents/GitHub/NYC-Taxi-ETL-Pipeline/.venv/lib/python3.10/site-packages/airflow/example_dags/example_branch_datetime_operator.py for tasks to queue
[2024-10-20T20:45:44.699+0700] {logging_mixin.py:190} INFO - [2024-10-20T20:45:44.699+0700] {dagbag.py:588} INFO - Filling up the DagBag from /Users/punny/Documents/GitHub/NYC-Taxi-ETL-Pipeline/.venv/lib/python3.10/site-packages/airflow/example_dags/example_branch_datetime_operator.py
[2024-10-20T20:45:44.729+0700] {processor.py:925} INFO - DAG(s) 'example_branch_datetime_operator', 'example_branch_datetime_operator_3', 'example_branch_datetime_operator_2' retrieved from /Users/punny/Documents/GitHub/NYC-Taxi-ETL-Pipeline/.venv/lib/python3.10/site-packages/airflow/example_dags/example_branch_datetime_operator.py
[2024-10-20T20:45:45.280+0700] {logging_mixin.py:190} INFO - [2024-10-20T20:45:45.279+0700] {override.py:1907} INFO - Created Permission View: can delete on DAG:example_branch_datetime_operator
[2024-10-20T20:45:45.448+0700] {logging_mixin.py:190} INFO - [2024-10-20T20:45:45.447+0700] {override.py:1907} INFO - Created Permission View: can edit on DAG:example_branch_datetime_operator
[2024-10-20T20:45:45.565+0700] {logging_mixin.py:190} INFO - [2024-10-20T20:45:45.564+0700] {override.py:1907} INFO - Created Permission View: can read on DAG:example_branch_datetime_operator
[2024-10-20T20:45:45.597+0700] {logging_mixin.py:190} INFO - [2024-10-20T20:45:45.597+0700] {override.py:1907} INFO - Created Permission View: can delete on DAG Run:example_branch_datetime_operator
[2024-10-20T20:45:45.612+0700] {logging_mixin.py:190} INFO - [2024-10-20T20:45:45.612+0700] {override.py:1907} INFO - Created Permission View: menu access on DAG Run:example_branch_datetime_operator
[2024-10-20T20:45:45.627+0700] {logging_mixin.py:190} INFO - [2024-10-20T20:45:45.626+0700] {override.py:1907} INFO - Created Permission View: can create on DAG Run:example_branch_datetime_operator
[2024-10-20T20:45:45.637+0700] {logging_mixin.py:190} INFO - [2024-10-20T20:45:45.636+0700] {override.py:1907} INFO - Created Permission View: can read on DAG Run:example_branch_datetime_operator
[2024-10-20T20:45:45.670+0700] {logging_mixin.py:190} INFO - [2024-10-20T20:45:45.669+0700] {override.py:1907} INFO - Created Permission View: can delete on DAG:example_branch_datetime_operator_3
[2024-10-20T20:45:45.679+0700] {logging_mixin.py:190} INFO - [2024-10-20T20:45:45.679+0700] {override.py:1907} INFO - Created Permission View: can edit on DAG:example_branch_datetime_operator_3
[2024-10-20T20:45:45.692+0700] {logging_mixin.py:190} INFO - [2024-10-20T20:45:45.691+0700] {override.py:1907} INFO - Created Permission View: can read on DAG:example_branch_datetime_operator_3
[2024-10-20T20:45:45.707+0700] {logging_mixin.py:190} INFO - [2024-10-20T20:45:45.706+0700] {override.py:1907} INFO - Created Permission View: can delete on DAG Run:example_branch_datetime_operator_3
[2024-10-20T20:45:45.715+0700] {logging_mixin.py:190} INFO - [2024-10-20T20:45:45.715+0700] {override.py:1907} INFO - Created Permission View: menu access on DAG Run:example_branch_datetime_operator_3
[2024-10-20T20:45:45.729+0700] {logging_mixin.py:190} INFO - [2024-10-20T20:45:45.728+0700] {override.py:1907} INFO - Created Permission View: can create on DAG Run:example_branch_datetime_operator_3
[2024-10-20T20:45:45.741+0700] {logging_mixin.py:190} INFO - [2024-10-20T20:45:45.741+0700] {override.py:1907} INFO - Created Permission View: can read on DAG Run:example_branch_datetime_operator_3
[2024-10-20T20:45:45.768+0700] {logging_mixin.py:190} INFO - [2024-10-20T20:45:45.767+0700] {override.py:1907} INFO - Created Permission View: can delete on DAG:example_branch_datetime_operator_2
[2024-10-20T20:45:45.801+0700] {logging_mixin.py:190} INFO - [2024-10-20T20:45:45.801+0700] {override.py:1907} INFO - Created Permission View: can edit on DAG:example_branch_datetime_operator_2
[2024-10-20T20:45:45.815+0700] {logging_mixin.py:190} INFO - [2024-10-20T20:45:45.815+0700] {override.py:1907} INFO - Created Permission View: can read on DAG:example_branch_datetime_operator_2
[2024-10-20T20:45:45.836+0700] {logging_mixin.py:190} INFO - [2024-10-20T20:45:45.835+0700] {override.py:1907} INFO - Created Permission View: can delete on DAG Run:example_branch_datetime_operator_2
[2024-10-20T20:45:45.848+0700] {logging_mixin.py:190} INFO - [2024-10-20T20:45:45.847+0700] {override.py:1907} INFO - Created Permission View: menu access on DAG Run:example_branch_datetime_operator_2
[2024-10-20T20:45:45.857+0700] {logging_mixin.py:190} INFO - [2024-10-20T20:45:45.857+0700] {override.py:1907} INFO - Created Permission View: can create on DAG Run:example_branch_datetime_operator_2
[2024-10-20T20:45:45.866+0700] {logging_mixin.py:190} INFO - [2024-10-20T20:45:45.866+0700] {override.py:1907} INFO - Created Permission View: can read on DAG Run:example_branch_datetime_operator_2
[2024-10-20T20:45:45.867+0700] {logging_mixin.py:190} INFO - [2024-10-20T20:45:45.866+0700] {dag.py:3239} INFO - Sync 3 DAGs
[2024-10-20T20:45:45.886+0700] {logging_mixin.py:190} INFO - [2024-10-20T20:45:45.885+0700] {dag.py:3262} INFO - Creating ORM DAG for example_branch_datetime_operator_2
[2024-10-20T20:45:45.888+0700] {logging_mixin.py:190} INFO - [2024-10-20T20:45:45.887+0700] {dag.py:3262} INFO - Creating ORM DAG for example_branch_datetime_operator
[2024-10-20T20:45:45.888+0700] {logging_mixin.py:190} INFO - [2024-10-20T20:45:45.888+0700] {dag.py:3262} INFO - Creating ORM DAG for example_branch_datetime_operator_3
[2024-10-20T20:45:45.903+0700] {logging_mixin.py:190} INFO - [2024-10-20T20:45:45.903+0700] {dag.py:4180} INFO - Setting next_dagrun for example_branch_datetime_operator to 2024-10-19 00:00:00+00:00, run_after=2024-10-20 00:00:00+00:00
[2024-10-20T20:45:45.906+0700] {logging_mixin.py:190} INFO - [2024-10-20T20:45:45.905+0700] {dag.py:4180} INFO - Setting next_dagrun for example_branch_datetime_operator_2 to 2024-10-19 00:00:00+00:00, run_after=2024-10-20 00:00:00+00:00
[2024-10-20T20:45:45.909+0700] {logging_mixin.py:190} INFO - [2024-10-20T20:45:45.908+0700] {dag.py:4180} INFO - Setting next_dagrun for example_branch_datetime_operator_3 to 2024-10-19 00:00:00+00:00, run_after=2024-10-20 00:00:00+00:00
[2024-10-20T20:45:45.937+0700] {processor.py:208} INFO - Processing /Users/punny/Documents/GitHub/NYC-Taxi-ETL-Pipeline/.venv/lib/python3.10/site-packages/airflow/example_dags/example_branch_datetime_operator.py took 1.249 seconds
[2024-10-20T20:52:13.703+0700] {processor.py:186} INFO - Started process (PID=24070) to work on /Users/punny/Documents/GitHub/NYC-Taxi-ETL-Pipeline/.venv/lib/python3.10/site-packages/airflow/example_dags/example_branch_datetime_operator.py
[2024-10-20T20:52:13.710+0700] {processor.py:914} INFO - Processing file /Users/punny/Documents/GitHub/NYC-Taxi-ETL-Pipeline/.venv/lib/python3.10/site-packages/airflow/example_dags/example_branch_datetime_operator.py for tasks to queue
[2024-10-20T20:52:13.711+0700] {logging_mixin.py:190} INFO - [2024-10-20T20:52:13.711+0700] {dagbag.py:588} INFO - Filling up the DagBag from /Users/punny/Documents/GitHub/NYC-Taxi-ETL-Pipeline/.venv/lib/python3.10/site-packages/airflow/example_dags/example_branch_datetime_operator.py
[2024-10-20T20:52:13.743+0700] {processor.py:925} INFO - DAG(s) 'example_branch_datetime_operator_2', 'example_branch_datetime_operator_3', 'example_branch_datetime_operator' retrieved from /Users/punny/Documents/GitHub/NYC-Taxi-ETL-Pipeline/.venv/lib/python3.10/site-packages/airflow/example_dags/example_branch_datetime_operator.py
[2024-10-20T20:52:14.049+0700] {logging_mixin.py:190} INFO - [2024-10-20T20:52:14.049+0700] {dag.py:3239} INFO - Sync 3 DAGs
[2024-10-20T20:52:14.084+0700] {logging_mixin.py:190} INFO - [2024-10-20T20:52:14.084+0700] {dag.py:4180} INFO - Setting next_dagrun for example_branch_datetime_operator to 2024-10-19 00:00:00+00:00, run_after=2024-10-20 00:00:00+00:00
[2024-10-20T20:52:14.091+0700] {logging_mixin.py:190} INFO - [2024-10-20T20:52:14.091+0700] {dag.py:4180} INFO - Setting next_dagrun for example_branch_datetime_operator_2 to 2024-10-19 00:00:00+00:00, run_after=2024-10-20 00:00:00+00:00
[2024-10-20T20:52:14.096+0700] {logging_mixin.py:190} INFO - [2024-10-20T20:52:14.096+0700] {dag.py:4180} INFO - Setting next_dagrun for example_branch_datetime_operator_3 to 2024-10-19 00:00:00+00:00, run_after=2024-10-20 00:00:00+00:00
[2024-10-20T20:52:14.119+0700] {processor.py:208} INFO - Processing /Users/punny/Documents/GitHub/NYC-Taxi-ETL-Pipeline/.venv/lib/python3.10/site-packages/airflow/example_dags/example_branch_datetime_operator.py took 0.430 seconds
[2024-10-20T20:59:03.223+0700] {processor.py:186} INFO - Started process (PID=25124) to work on /Users/punny/Documents/GitHub/NYC-Taxi-ETL-Pipeline/.venv/lib/python3.10/site-packages/airflow/example_dags/example_branch_datetime_operator.py
[2024-10-20T20:59:03.227+0700] {processor.py:914} INFO - Processing file /Users/punny/Documents/GitHub/NYC-Taxi-ETL-Pipeline/.venv/lib/python3.10/site-packages/airflow/example_dags/example_branch_datetime_operator.py for tasks to queue
[2024-10-20T20:59:03.229+0700] {logging_mixin.py:190} INFO - [2024-10-20T20:59:03.228+0700] {dagbag.py:588} INFO - Filling up the DagBag from /Users/punny/Documents/GitHub/NYC-Taxi-ETL-Pipeline/.venv/lib/python3.10/site-packages/airflow/example_dags/example_branch_datetime_operator.py
[2024-10-20T20:59:03.250+0700] {processor.py:925} INFO - DAG(s) 'example_branch_datetime_operator_3', 'example_branch_datetime_operator', 'example_branch_datetime_operator_2' retrieved from /Users/punny/Documents/GitHub/NYC-Taxi-ETL-Pipeline/.venv/lib/python3.10/site-packages/airflow/example_dags/example_branch_datetime_operator.py
[2024-10-20T20:59:03.460+0700] {logging_mixin.py:190} INFO - [2024-10-20T20:59:03.459+0700] {dag.py:3239} INFO - Sync 3 DAGs
[2024-10-20T20:59:03.485+0700] {logging_mixin.py:190} INFO - [2024-10-20T20:59:03.485+0700] {dag.py:4180} INFO - Setting next_dagrun for example_branch_datetime_operator to 2024-10-19 00:00:00+00:00, run_after=2024-10-20 00:00:00+00:00
[2024-10-20T20:59:03.490+0700] {logging_mixin.py:190} INFO - [2024-10-20T20:59:03.490+0700] {dag.py:4180} INFO - Setting next_dagrun for example_branch_datetime_operator_2 to 2024-10-19 00:00:00+00:00, run_after=2024-10-20 00:00:00+00:00
[2024-10-20T20:59:03.493+0700] {logging_mixin.py:190} INFO - [2024-10-20T20:59:03.493+0700] {dag.py:4180} INFO - Setting next_dagrun for example_branch_datetime_operator_3 to 2024-10-19 00:00:00+00:00, run_after=2024-10-20 00:00:00+00:00
[2024-10-20T20:59:03.512+0700] {processor.py:208} INFO - Processing /Users/punny/Documents/GitHub/NYC-Taxi-ETL-Pipeline/.venv/lib/python3.10/site-packages/airflow/example_dags/example_branch_datetime_operator.py took 0.302 seconds
[2024-10-20T21:06:35.648+0700] {processor.py:186} INFO - Started process (PID=26309) to work on /Users/punny/Documents/GitHub/NYC-Taxi-ETL-Pipeline/.venv/lib/python3.10/site-packages/airflow/example_dags/example_branch_datetime_operator.py
[2024-10-20T21:06:35.651+0700] {processor.py:914} INFO - Processing file /Users/punny/Documents/GitHub/NYC-Taxi-ETL-Pipeline/.venv/lib/python3.10/site-packages/airflow/example_dags/example_branch_datetime_operator.py for tasks to queue
[2024-10-20T21:06:35.652+0700] {logging_mixin.py:190} INFO - [2024-10-20T21:06:35.652+0700] {dagbag.py:588} INFO - Filling up the DagBag from /Users/punny/Documents/GitHub/NYC-Taxi-ETL-Pipeline/.venv/lib/python3.10/site-packages/airflow/example_dags/example_branch_datetime_operator.py
[2024-10-20T21:06:35.669+0700] {processor.py:925} INFO - DAG(s) 'example_branch_datetime_operator', 'example_branch_datetime_operator_3', 'example_branch_datetime_operator_2' retrieved from /Users/punny/Documents/GitHub/NYC-Taxi-ETL-Pipeline/.venv/lib/python3.10/site-packages/airflow/example_dags/example_branch_datetime_operator.py
[2024-10-20T21:06:35.879+0700] {logging_mixin.py:190} INFO - [2024-10-20T21:06:35.879+0700] {dag.py:3239} INFO - Sync 3 DAGs
[2024-10-20T21:06:35.910+0700] {logging_mixin.py:190} INFO - [2024-10-20T21:06:35.909+0700] {dag.py:4180} INFO - Setting next_dagrun for example_branch_datetime_operator to 2024-10-19 00:00:00+00:00, run_after=2024-10-20 00:00:00+00:00
[2024-10-20T21:06:35.916+0700] {logging_mixin.py:190} INFO - [2024-10-20T21:06:35.916+0700] {dag.py:4180} INFO - Setting next_dagrun for example_branch_datetime_operator_2 to 2024-10-19 00:00:00+00:00, run_after=2024-10-20 00:00:00+00:00
[2024-10-20T21:06:35.921+0700] {logging_mixin.py:190} INFO - [2024-10-20T21:06:35.921+0700] {dag.py:4180} INFO - Setting next_dagrun for example_branch_datetime_operator_3 to 2024-10-19 00:00:00+00:00, run_after=2024-10-20 00:00:00+00:00
[2024-10-20T21:06:35.942+0700] {processor.py:208} INFO - Processing /Users/punny/Documents/GitHub/NYC-Taxi-ETL-Pipeline/.venv/lib/python3.10/site-packages/airflow/example_dags/example_branch_datetime_operator.py took 0.299 seconds
[2024-10-20T21:27:42.630+0700] {processor.py:186} INFO - Started process (PID=27158) to work on /Users/punny/Documents/GitHub/NYC-Taxi-ETL-Pipeline/.venv/lib/python3.10/site-packages/airflow/example_dags/example_branch_datetime_operator.py
[2024-10-20T21:27:42.635+0700] {processor.py:914} INFO - Processing file /Users/punny/Documents/GitHub/NYC-Taxi-ETL-Pipeline/.venv/lib/python3.10/site-packages/airflow/example_dags/example_branch_datetime_operator.py for tasks to queue
[2024-10-20T21:27:42.637+0700] {logging_mixin.py:190} INFO - [2024-10-20T21:27:42.636+0700] {dagbag.py:588} INFO - Filling up the DagBag from /Users/punny/Documents/GitHub/NYC-Taxi-ETL-Pipeline/.venv/lib/python3.10/site-packages/airflow/example_dags/example_branch_datetime_operator.py
[2024-10-20T21:27:42.661+0700] {processor.py:925} INFO - DAG(s) 'example_branch_datetime_operator_3', 'example_branch_datetime_operator', 'example_branch_datetime_operator_2' retrieved from /Users/punny/Documents/GitHub/NYC-Taxi-ETL-Pipeline/.venv/lib/python3.10/site-packages/airflow/example_dags/example_branch_datetime_operator.py
[2024-10-20T21:27:42.900+0700] {logging_mixin.py:190} INFO - [2024-10-20T21:27:42.900+0700] {dag.py:3239} INFO - Sync 3 DAGs
[2024-10-20T21:27:42.928+0700] {logging_mixin.py:190} INFO - [2024-10-20T21:27:42.928+0700] {dag.py:4180} INFO - Setting next_dagrun for example_branch_datetime_operator to 2024-10-19 00:00:00+00:00, run_after=2024-10-20 00:00:00+00:00
[2024-10-20T21:27:42.934+0700] {logging_mixin.py:190} INFO - [2024-10-20T21:27:42.934+0700] {dag.py:4180} INFO - Setting next_dagrun for example_branch_datetime_operator_2 to 2024-10-19 00:00:00+00:00, run_after=2024-10-20 00:00:00+00:00
[2024-10-20T21:27:42.937+0700] {logging_mixin.py:190} INFO - [2024-10-20T21:27:42.937+0700] {dag.py:4180} INFO - Setting next_dagrun for example_branch_datetime_operator_3 to 2024-10-19 00:00:00+00:00, run_after=2024-10-20 00:00:00+00:00
[2024-10-20T21:27:42.966+0700] {processor.py:208} INFO - Processing /Users/punny/Documents/GitHub/NYC-Taxi-ETL-Pipeline/.venv/lib/python3.10/site-packages/airflow/example_dags/example_branch_datetime_operator.py took 0.350 seconds
[2024-10-20T21:58:59.985+0700] {processor.py:186} INFO - Started process (PID=31576) to work on /Users/punny/Documents/GitHub/NYC-Taxi-ETL-Pipeline/.venv/lib/python3.10/site-packages/airflow/example_dags/example_branch_datetime_operator.py
[2024-10-20T21:58:59.988+0700] {processor.py:914} INFO - Processing file /Users/punny/Documents/GitHub/NYC-Taxi-ETL-Pipeline/.venv/lib/python3.10/site-packages/airflow/example_dags/example_branch_datetime_operator.py for tasks to queue
[2024-10-20T21:58:59.989+0700] {logging_mixin.py:190} INFO - [2024-10-20T21:58:59.989+0700] {dagbag.py:588} INFO - Filling up the DagBag from /Users/punny/Documents/GitHub/NYC-Taxi-ETL-Pipeline/.venv/lib/python3.10/site-packages/airflow/example_dags/example_branch_datetime_operator.py
[2024-10-20T21:59:00.016+0700] {processor.py:925} INFO - DAG(s) 'example_branch_datetime_operator_2', 'example_branch_datetime_operator_3', 'example_branch_datetime_operator' retrieved from /Users/punny/Documents/GitHub/NYC-Taxi-ETL-Pipeline/.venv/lib/python3.10/site-packages/airflow/example_dags/example_branch_datetime_operator.py
[2024-10-20T21:59:00.234+0700] {logging_mixin.py:190} INFO - [2024-10-20T21:59:00.234+0700] {dag.py:3239} INFO - Sync 3 DAGs
[2024-10-20T21:59:00.261+0700] {logging_mixin.py:190} INFO - [2024-10-20T21:59:00.261+0700] {dag.py:4180} INFO - Setting next_dagrun for example_branch_datetime_operator to 2024-10-19 00:00:00+00:00, run_after=2024-10-20 00:00:00+00:00
[2024-10-20T21:59:00.268+0700] {logging_mixin.py:190} INFO - [2024-10-20T21:59:00.267+0700] {dag.py:4180} INFO - Setting next_dagrun for example_branch_datetime_operator_2 to 2024-10-19 00:00:00+00:00, run_after=2024-10-20 00:00:00+00:00
[2024-10-20T21:59:00.271+0700] {logging_mixin.py:190} INFO - [2024-10-20T21:59:00.271+0700] {dag.py:4180} INFO - Setting next_dagrun for example_branch_datetime_operator_3 to 2024-10-19 00:00:00+00:00, run_after=2024-10-20 00:00:00+00:00
[2024-10-20T21:59:00.294+0700] {processor.py:208} INFO - Processing /Users/punny/Documents/GitHub/NYC-Taxi-ETL-Pipeline/.venv/lib/python3.10/site-packages/airflow/example_dags/example_branch_datetime_operator.py took 0.315 seconds
[2024-10-21T02:02:56.055+0700] {processor.py:186} INFO - Started process (PID=32923) to work on /Users/punny/Documents/GitHub/NYC-Taxi-ETL-Pipeline/.venv/lib/python3.10/site-packages/airflow/example_dags/example_branch_datetime_operator.py
[2024-10-21T02:02:56.058+0700] {processor.py:914} INFO - Processing file /Users/punny/Documents/GitHub/NYC-Taxi-ETL-Pipeline/.venv/lib/python3.10/site-packages/airflow/example_dags/example_branch_datetime_operator.py for tasks to queue
[2024-10-21T02:02:56.059+0700] {logging_mixin.py:190} INFO - [2024-10-21T02:02:56.059+0700] {dagbag.py:588} INFO - Filling up the DagBag from /Users/punny/Documents/GitHub/NYC-Taxi-ETL-Pipeline/.venv/lib/python3.10/site-packages/airflow/example_dags/example_branch_datetime_operator.py
[2024-10-21T02:02:56.075+0700] {processor.py:925} INFO - DAG(s) 'example_branch_datetime_operator_2', 'example_branch_datetime_operator', 'example_branch_datetime_operator_3' retrieved from /Users/punny/Documents/GitHub/NYC-Taxi-ETL-Pipeline/.venv/lib/python3.10/site-packages/airflow/example_dags/example_branch_datetime_operator.py
[2024-10-21T02:02:56.269+0700] {logging_mixin.py:190} INFO - [2024-10-21T02:02:56.268+0700] {dag.py:3239} INFO - Sync 3 DAGs
[2024-10-21T02:02:56.292+0700] {logging_mixin.py:190} INFO - [2024-10-21T02:02:56.292+0700] {dag.py:4180} INFO - Setting next_dagrun for example_branch_datetime_operator to 2024-10-19 00:00:00+00:00, run_after=2024-10-20 00:00:00+00:00
[2024-10-21T02:02:56.297+0700] {logging_mixin.py:190} INFO - [2024-10-21T02:02:56.297+0700] {dag.py:4180} INFO - Setting next_dagrun for example_branch_datetime_operator_2 to 2024-10-19 00:00:00+00:00, run_after=2024-10-20 00:00:00+00:00
[2024-10-21T02:02:56.300+0700] {logging_mixin.py:190} INFO - [2024-10-21T02:02:56.300+0700] {dag.py:4180} INFO - Setting next_dagrun for example_branch_datetime_operator_3 to 2024-10-19 00:00:00+00:00, run_after=2024-10-20 00:00:00+00:00
[2024-10-21T02:02:56.320+0700] {processor.py:208} INFO - Processing /Users/punny/Documents/GitHub/NYC-Taxi-ETL-Pipeline/.venv/lib/python3.10/site-packages/airflow/example_dags/example_branch_datetime_operator.py took 0.273 seconds
