[2024-10-20T20:43:22.423+0700] {processor.py:186} INFO - Started process (PID=22722) to work on /Users/punny/Documents/GitHub/NYC-Taxi-ETL-Pipeline/.venv/lib/python3.10/site-packages/airflow/example_dags/example_sensors.py
[2024-10-20T20:43:22.427+0700] {processor.py:914} INFO - Processing file /Users/punny/Documents/GitHub/NYC-Taxi-ETL-Pipeline/.venv/lib/python3.10/site-packages/airflow/example_dags/example_sensors.py for tasks to queue
[2024-10-20T20:43:22.428+0700] {logging_mixin.py:190} INFO - [2024-10-20T20:43:22.427+0700] {dagbag.py:588} INFO - Filling up the DagBag from /Users/punny/Documents/GitHub/NYC-Taxi-ETL-Pipeline/.venv/lib/python3.10/site-packages/airflow/example_dags/example_sensors.py
[2024-10-20T20:43:22.448+0700] {processor.py:925} INFO - DAG(s) 'example_sensors' retrieved from /Users/punny/Documents/GitHub/NYC-Taxi-ETL-Pipeline/.venv/lib/python3.10/site-packages/airflow/example_dags/example_sensors.py
[2024-10-20T20:43:24.001+0700] {logging_mixin.py:190} INFO - [2024-10-20T20:43:24.000+0700] {override.py:1907} INFO - Created Permission View: can delete on DAG:example_sensors
[2024-10-20T20:43:24.018+0700] {logging_mixin.py:190} INFO - [2024-10-20T20:43:24.018+0700] {override.py:1907} INFO - Created Permission View: can read on DAG:example_sensors
[2024-10-20T20:43:24.028+0700] {logging_mixin.py:190} INFO - [2024-10-20T20:43:24.028+0700] {override.py:1907} INFO - Created Permission View: can edit on DAG:example_sensors
[2024-10-20T20:43:24.043+0700] {logging_mixin.py:190} INFO - [2024-10-20T20:43:24.042+0700] {override.py:1907} INFO - Created Permission View: menu access on DAG Run:example_sensors
[2024-10-20T20:43:24.053+0700] {logging_mixin.py:190} INFO - [2024-10-20T20:43:24.053+0700] {override.py:1907} INFO - Created Permission View: can delete on DAG Run:example_sensors
[2024-10-20T20:43:24.064+0700] {logging_mixin.py:190} INFO - [2024-10-20T20:43:24.064+0700] {override.py:1907} INFO - Created Permission View: can create on DAG Run:example_sensors
[2024-10-20T20:43:24.073+0700] {logging_mixin.py:190} INFO - [2024-10-20T20:43:24.072+0700] {override.py:1907} INFO - Created Permission View: can read on DAG Run:example_sensors
[2024-10-20T20:43:24.073+0700] {logging_mixin.py:190} INFO - [2024-10-20T20:43:24.073+0700] {dag.py:3239} INFO - Sync 1 DAGs
[2024-10-20T20:43:24.096+0700] {logging_mixin.py:190} INFO - [2024-10-20T20:43:24.095+0700] {dag.py:3262} INFO - Creating ORM DAG for example_sensors
[2024-10-20T20:43:24.096+0700] {logging_mixin.py:190} INFO - [2024-10-20T20:43:24.096+0700] {dag.py:4180} INFO - Setting next_dagrun for example_sensors to None, run_after=None
[2024-10-20T20:43:24.121+0700] {processor.py:208} INFO - Processing /Users/punny/Documents/GitHub/NYC-Taxi-ETL-Pipeline/.venv/lib/python3.10/site-packages/airflow/example_dags/example_sensors.py took 1.709 seconds
[2024-10-20T20:47:32.284+0700] {processor.py:186} INFO - Started process (PID=23417) to work on /Users/punny/Documents/GitHub/NYC-Taxi-ETL-Pipeline/.venv/lib/python3.10/site-packages/airflow/example_dags/example_sensors.py
[2024-10-20T20:47:32.287+0700] {processor.py:914} INFO - Processing file /Users/punny/Documents/GitHub/NYC-Taxi-ETL-Pipeline/.venv/lib/python3.10/site-packages/airflow/example_dags/example_sensors.py for tasks to queue
[2024-10-20T20:47:32.288+0700] {logging_mixin.py:190} INFO - [2024-10-20T20:47:32.288+0700] {dagbag.py:588} INFO - Filling up the DagBag from /Users/punny/Documents/GitHub/NYC-Taxi-ETL-Pipeline/.venv/lib/python3.10/site-packages/airflow/example_dags/example_sensors.py
[2024-10-20T20:47:32.311+0700] {processor.py:925} INFO - DAG(s) 'example_sensors' retrieved from /Users/punny/Documents/GitHub/NYC-Taxi-ETL-Pipeline/.venv/lib/python3.10/site-packages/airflow/example_dags/example_sensors.py
[2024-10-20T20:47:33.126+0700] {logging_mixin.py:190} INFO - [2024-10-20T20:47:33.125+0700] {dag.py:3239} INFO - Sync 1 DAGs
[2024-10-20T20:47:33.141+0700] {logging_mixin.py:190} INFO - [2024-10-20T20:47:33.140+0700] {dag.py:4180} INFO - Setting next_dagrun for example_sensors to None, run_after=None
[2024-10-20T20:47:33.170+0700] {processor.py:208} INFO - Processing /Users/punny/Documents/GitHub/NYC-Taxi-ETL-Pipeline/.venv/lib/python3.10/site-packages/airflow/example_dags/example_sensors.py took 0.895 seconds
[2024-10-20T20:50:54.351+0700] {processor.py:186} INFO - Started process (PID=23881) to work on /Users/punny/Documents/GitHub/NYC-Taxi-ETL-Pipeline/.venv/lib/python3.10/site-packages/airflow/example_dags/example_sensors.py
[2024-10-20T20:50:54.354+0700] {processor.py:914} INFO - Processing file /Users/punny/Documents/GitHub/NYC-Taxi-ETL-Pipeline/.venv/lib/python3.10/site-packages/airflow/example_dags/example_sensors.py for tasks to queue
[2024-10-20T20:50:54.355+0700] {logging_mixin.py:190} INFO - [2024-10-20T20:50:54.355+0700] {dagbag.py:588} INFO - Filling up the DagBag from /Users/punny/Documents/GitHub/NYC-Taxi-ETL-Pipeline/.venv/lib/python3.10/site-packages/airflow/example_dags/example_sensors.py
[2024-10-20T20:50:54.378+0700] {processor.py:925} INFO - DAG(s) 'example_sensors' retrieved from /Users/punny/Documents/GitHub/NYC-Taxi-ETL-Pipeline/.venv/lib/python3.10/site-packages/airflow/example_dags/example_sensors.py
[2024-10-20T20:50:55.153+0700] {logging_mixin.py:190} INFO - [2024-10-20T20:50:55.152+0700] {dag.py:3239} INFO - Sync 1 DAGs
[2024-10-20T20:50:55.171+0700] {logging_mixin.py:190} INFO - [2024-10-20T20:50:55.171+0700] {dag.py:4180} INFO - Setting next_dagrun for example_sensors to None, run_after=None
[2024-10-20T20:50:55.193+0700] {processor.py:208} INFO - Processing /Users/punny/Documents/GitHub/NYC-Taxi-ETL-Pipeline/.venv/lib/python3.10/site-packages/airflow/example_dags/example_sensors.py took 0.850 seconds
[2024-10-20T20:54:18.220+0700] {processor.py:186} INFO - Started process (PID=24401) to work on /Users/punny/Documents/GitHub/NYC-Taxi-ETL-Pipeline/.venv/lib/python3.10/site-packages/airflow/example_dags/example_sensors.py
[2024-10-20T20:54:18.224+0700] {processor.py:914} INFO - Processing file /Users/punny/Documents/GitHub/NYC-Taxi-ETL-Pipeline/.venv/lib/python3.10/site-packages/airflow/example_dags/example_sensors.py for tasks to queue
[2024-10-20T20:54:18.225+0700] {logging_mixin.py:190} INFO - [2024-10-20T20:54:18.224+0700] {dagbag.py:588} INFO - Filling up the DagBag from /Users/punny/Documents/GitHub/NYC-Taxi-ETL-Pipeline/.venv/lib/python3.10/site-packages/airflow/example_dags/example_sensors.py
[2024-10-20T20:54:18.249+0700] {processor.py:925} INFO - DAG(s) 'example_sensors' retrieved from /Users/punny/Documents/GitHub/NYC-Taxi-ETL-Pipeline/.venv/lib/python3.10/site-packages/airflow/example_dags/example_sensors.py
[2024-10-20T20:54:19.030+0700] {logging_mixin.py:190} INFO - [2024-10-20T20:54:19.030+0700] {dag.py:3239} INFO - Sync 1 DAGs
[2024-10-20T20:54:19.045+0700] {logging_mixin.py:190} INFO - [2024-10-20T20:54:19.044+0700] {dag.py:4180} INFO - Setting next_dagrun for example_sensors to None, run_after=None
[2024-10-20T20:54:19.066+0700] {processor.py:208} INFO - Processing /Users/punny/Documents/GitHub/NYC-Taxi-ETL-Pipeline/.venv/lib/python3.10/site-packages/airflow/example_dags/example_sensors.py took 0.854 seconds
[2024-10-20T20:57:43.202+0700] {processor.py:186} INFO - Started process (PID=24902) to work on /Users/punny/Documents/GitHub/NYC-Taxi-ETL-Pipeline/.venv/lib/python3.10/site-packages/airflow/example_dags/example_sensors.py
[2024-10-20T20:57:43.205+0700] {processor.py:914} INFO - Processing file /Users/punny/Documents/GitHub/NYC-Taxi-ETL-Pipeline/.venv/lib/python3.10/site-packages/airflow/example_dags/example_sensors.py for tasks to queue
[2024-10-20T20:57:43.206+0700] {logging_mixin.py:190} INFO - [2024-10-20T20:57:43.206+0700] {dagbag.py:588} INFO - Filling up the DagBag from /Users/punny/Documents/GitHub/NYC-Taxi-ETL-Pipeline/.venv/lib/python3.10/site-packages/airflow/example_dags/example_sensors.py
[2024-10-20T20:57:43.238+0700] {processor.py:925} INFO - DAG(s) 'example_sensors' retrieved from /Users/punny/Documents/GitHub/NYC-Taxi-ETL-Pipeline/.venv/lib/python3.10/site-packages/airflow/example_dags/example_sensors.py
[2024-10-20T20:57:44.120+0700] {logging_mixin.py:190} INFO - [2024-10-20T20:57:44.119+0700] {dag.py:3239} INFO - Sync 1 DAGs
[2024-10-20T20:57:44.134+0700] {logging_mixin.py:190} INFO - [2024-10-20T20:57:44.134+0700] {dag.py:4180} INFO - Setting next_dagrun for example_sensors to None, run_after=None
[2024-10-20T20:57:44.158+0700] {processor.py:208} INFO - Processing /Users/punny/Documents/GitHub/NYC-Taxi-ETL-Pipeline/.venv/lib/python3.10/site-packages/airflow/example_dags/example_sensors.py took 0.966 seconds
[2024-10-20T21:01:17.598+0700] {processor.py:186} INFO - Started process (PID=25531) to work on /Users/punny/Documents/GitHub/NYC-Taxi-ETL-Pipeline/.venv/lib/python3.10/site-packages/airflow/example_dags/example_sensors.py
[2024-10-20T21:01:17.604+0700] {processor.py:914} INFO - Processing file /Users/punny/Documents/GitHub/NYC-Taxi-ETL-Pipeline/.venv/lib/python3.10/site-packages/airflow/example_dags/example_sensors.py for tasks to queue
[2024-10-20T21:01:17.605+0700] {logging_mixin.py:190} INFO - [2024-10-20T21:01:17.605+0700] {dagbag.py:588} INFO - Filling up the DagBag from /Users/punny/Documents/GitHub/NYC-Taxi-ETL-Pipeline/.venv/lib/python3.10/site-packages/airflow/example_dags/example_sensors.py
[2024-10-20T21:01:17.637+0700] {processor.py:925} INFO - DAG(s) 'example_sensors' retrieved from /Users/punny/Documents/GitHub/NYC-Taxi-ETL-Pipeline/.venv/lib/python3.10/site-packages/airflow/example_dags/example_sensors.py
[2024-10-20T21:01:19.012+0700] {logging_mixin.py:190} INFO - [2024-10-20T21:01:19.011+0700] {dag.py:3239} INFO - Sync 1 DAGs
[2024-10-20T21:01:19.038+0700] {logging_mixin.py:190} INFO - [2024-10-20T21:01:19.037+0700] {dag.py:4180} INFO - Setting next_dagrun for example_sensors to None, run_after=None
[2024-10-20T21:01:19.075+0700] {processor.py:208} INFO - Processing /Users/punny/Documents/GitHub/NYC-Taxi-ETL-Pipeline/.venv/lib/python3.10/site-packages/airflow/example_dags/example_sensors.py took 1.485 seconds
[2024-10-20T21:04:43.220+0700] {processor.py:186} INFO - Started process (PID=26028) to work on /Users/punny/Documents/GitHub/NYC-Taxi-ETL-Pipeline/.venv/lib/python3.10/site-packages/airflow/example_dags/example_sensors.py
[2024-10-20T21:04:43.224+0700] {processor.py:914} INFO - Processing file /Users/punny/Documents/GitHub/NYC-Taxi-ETL-Pipeline/.venv/lib/python3.10/site-packages/airflow/example_dags/example_sensors.py for tasks to queue
[2024-10-20T21:04:43.225+0700] {logging_mixin.py:190} INFO - [2024-10-20T21:04:43.225+0700] {dagbag.py:588} INFO - Filling up the DagBag from /Users/punny/Documents/GitHub/NYC-Taxi-ETL-Pipeline/.venv/lib/python3.10/site-packages/airflow/example_dags/example_sensors.py
[2024-10-20T21:04:43.248+0700] {processor.py:925} INFO - DAG(s) 'example_sensors' retrieved from /Users/punny/Documents/GitHub/NYC-Taxi-ETL-Pipeline/.venv/lib/python3.10/site-packages/airflow/example_dags/example_sensors.py
[2024-10-20T21:04:44.425+0700] {logging_mixin.py:190} INFO - [2024-10-20T21:04:44.424+0700] {dag.py:3239} INFO - Sync 1 DAGs
[2024-10-20T21:04:44.490+0700] {logging_mixin.py:190} INFO - [2024-10-20T21:04:44.489+0700] {dag.py:4180} INFO - Setting next_dagrun for example_sensors to None, run_after=None
[2024-10-20T21:04:44.537+0700] {processor.py:208} INFO - Processing /Users/punny/Documents/GitHub/NYC-Taxi-ETL-Pipeline/.venv/lib/python3.10/site-packages/airflow/example_dags/example_sensors.py took 1.326 seconds
[2024-10-20T21:08:22.977+0700] {processor.py:186} INFO - Started process (PID=26523) to work on /Users/punny/Documents/GitHub/NYC-Taxi-ETL-Pipeline/.venv/lib/python3.10/site-packages/airflow/example_dags/example_sensors.py
[2024-10-20T21:08:22.981+0700] {processor.py:914} INFO - Processing file /Users/punny/Documents/GitHub/NYC-Taxi-ETL-Pipeline/.venv/lib/python3.10/site-packages/airflow/example_dags/example_sensors.py for tasks to queue
[2024-10-20T21:08:22.982+0700] {logging_mixin.py:190} INFO - [2024-10-20T21:08:22.982+0700] {dagbag.py:588} INFO - Filling up the DagBag from /Users/punny/Documents/GitHub/NYC-Taxi-ETL-Pipeline/.venv/lib/python3.10/site-packages/airflow/example_dags/example_sensors.py
[2024-10-20T21:08:23.006+0700] {processor.py:925} INFO - DAG(s) 'example_sensors' retrieved from /Users/punny/Documents/GitHub/NYC-Taxi-ETL-Pipeline/.venv/lib/python3.10/site-packages/airflow/example_dags/example_sensors.py
[2024-10-20T21:08:23.806+0700] {logging_mixin.py:190} INFO - [2024-10-20T21:08:23.806+0700] {dag.py:3239} INFO - Sync 1 DAGs
[2024-10-20T21:08:23.820+0700] {logging_mixin.py:190} INFO - [2024-10-20T21:08:23.820+0700] {dag.py:4180} INFO - Setting next_dagrun for example_sensors to None, run_after=None
[2024-10-20T21:08:23.841+0700] {processor.py:208} INFO - Processing /Users/punny/Documents/GitHub/NYC-Taxi-ETL-Pipeline/.venv/lib/python3.10/site-packages/airflow/example_dags/example_sensors.py took 0.873 seconds
[2024-10-20T21:11:18.946+0700] {processor.py:186} INFO - Started process (PID=26877) to work on /Users/punny/Documents/GitHub/NYC-Taxi-ETL-Pipeline/.venv/lib/python3.10/site-packages/airflow/example_dags/example_sensors.py
[2024-10-20T21:11:18.950+0700] {processor.py:914} INFO - Processing file /Users/punny/Documents/GitHub/NYC-Taxi-ETL-Pipeline/.venv/lib/python3.10/site-packages/airflow/example_dags/example_sensors.py for tasks to queue
[2024-10-20T21:11:18.951+0700] {logging_mixin.py:190} INFO - [2024-10-20T21:11:18.950+0700] {dagbag.py:588} INFO - Filling up the DagBag from /Users/punny/Documents/GitHub/NYC-Taxi-ETL-Pipeline/.venv/lib/python3.10/site-packages/airflow/example_dags/example_sensors.py
[2024-10-20T21:11:18.975+0700] {processor.py:925} INFO - DAG(s) 'example_sensors' retrieved from /Users/punny/Documents/GitHub/NYC-Taxi-ETL-Pipeline/.venv/lib/python3.10/site-packages/airflow/example_dags/example_sensors.py
[2024-10-20T21:11:19.814+0700] {logging_mixin.py:190} INFO - [2024-10-20T21:11:19.814+0700] {dag.py:3239} INFO - Sync 1 DAGs
[2024-10-20T21:11:19.828+0700] {logging_mixin.py:190} INFO - [2024-10-20T21:11:19.828+0700] {dag.py:4180} INFO - Setting next_dagrun for example_sensors to None, run_after=None
[2024-10-20T21:11:19.850+0700] {processor.py:208} INFO - Processing /Users/punny/Documents/GitHub/NYC-Taxi-ETL-Pipeline/.venv/lib/python3.10/site-packages/airflow/example_dags/example_sensors.py took 0.912 seconds
[2024-10-20T21:29:48.366+0700] {processor.py:186} INFO - Started process (PID=27555) to work on /Users/punny/Documents/GitHub/NYC-Taxi-ETL-Pipeline/.venv/lib/python3.10/site-packages/airflow/example_dags/example_sensors.py
[2024-10-20T21:29:48.369+0700] {processor.py:914} INFO - Processing file /Users/punny/Documents/GitHub/NYC-Taxi-ETL-Pipeline/.venv/lib/python3.10/site-packages/airflow/example_dags/example_sensors.py for tasks to queue
[2024-10-20T21:29:48.370+0700] {logging_mixin.py:190} INFO - [2024-10-20T21:29:48.370+0700] {dagbag.py:588} INFO - Filling up the DagBag from /Users/punny/Documents/GitHub/NYC-Taxi-ETL-Pipeline/.venv/lib/python3.10/site-packages/airflow/example_dags/example_sensors.py
[2024-10-20T21:29:48.394+0700] {processor.py:925} INFO - DAG(s) 'example_sensors' retrieved from /Users/punny/Documents/GitHub/NYC-Taxi-ETL-Pipeline/.venv/lib/python3.10/site-packages/airflow/example_dags/example_sensors.py
[2024-10-20T21:29:49.379+0700] {logging_mixin.py:190} INFO - [2024-10-20T21:29:49.379+0700] {dag.py:3239} INFO - Sync 1 DAGs
[2024-10-20T21:29:49.396+0700] {logging_mixin.py:190} INFO - [2024-10-20T21:29:49.396+0700] {dag.py:4180} INFO - Setting next_dagrun for example_sensors to None, run_after=None
[2024-10-20T21:29:49.425+0700] {processor.py:208} INFO - Processing /Users/punny/Documents/GitHub/NYC-Taxi-ETL-Pipeline/.venv/lib/python3.10/site-packages/airflow/example_dags/example_sensors.py took 1.068 seconds
[2024-10-20T21:33:33.144+0700] {processor.py:186} INFO - Started process (PID=28188) to work on /Users/punny/Documents/GitHub/NYC-Taxi-ETL-Pipeline/.venv/lib/python3.10/site-packages/airflow/example_dags/example_sensors.py
[2024-10-20T21:33:33.148+0700] {processor.py:914} INFO - Processing file /Users/punny/Documents/GitHub/NYC-Taxi-ETL-Pipeline/.venv/lib/python3.10/site-packages/airflow/example_dags/example_sensors.py for tasks to queue
[2024-10-20T21:33:33.149+0700] {logging_mixin.py:190} INFO - [2024-10-20T21:33:33.149+0700] {dagbag.py:588} INFO - Filling up the DagBag from /Users/punny/Documents/GitHub/NYC-Taxi-ETL-Pipeline/.venv/lib/python3.10/site-packages/airflow/example_dags/example_sensors.py
[2024-10-20T21:33:33.175+0700] {processor.py:925} INFO - DAG(s) 'example_sensors' retrieved from /Users/punny/Documents/GitHub/NYC-Taxi-ETL-Pipeline/.venv/lib/python3.10/site-packages/airflow/example_dags/example_sensors.py
[2024-10-20T21:33:34.065+0700] {logging_mixin.py:190} INFO - [2024-10-20T21:33:34.065+0700] {dag.py:3239} INFO - Sync 1 DAGs
[2024-10-20T21:33:34.081+0700] {logging_mixin.py:190} INFO - [2024-10-20T21:33:34.080+0700] {dag.py:4180} INFO - Setting next_dagrun for example_sensors to None, run_after=None
[2024-10-20T21:33:34.104+0700] {processor.py:208} INFO - Processing /Users/punny/Documents/GitHub/NYC-Taxi-ETL-Pipeline/.venv/lib/python3.10/site-packages/airflow/example_dags/example_sensors.py took 0.969 seconds
[2024-10-20T21:57:01.040+0700] {processor.py:186} INFO - Started process (PID=31251) to work on /Users/punny/Documents/GitHub/NYC-Taxi-ETL-Pipeline/.venv/lib/python3.10/site-packages/airflow/example_dags/example_sensors.py
[2024-10-20T21:57:01.048+0700] {processor.py:914} INFO - Processing file /Users/punny/Documents/GitHub/NYC-Taxi-ETL-Pipeline/.venv/lib/python3.10/site-packages/airflow/example_dags/example_sensors.py for tasks to queue
[2024-10-20T21:57:01.050+0700] {logging_mixin.py:190} INFO - [2024-10-20T21:57:01.049+0700] {dagbag.py:588} INFO - Filling up the DagBag from /Users/punny/Documents/GitHub/NYC-Taxi-ETL-Pipeline/.venv/lib/python3.10/site-packages/airflow/example_dags/example_sensors.py
[2024-10-20T21:57:01.090+0700] {processor.py:925} INFO - DAG(s) 'example_sensors' retrieved from /Users/punny/Documents/GitHub/NYC-Taxi-ETL-Pipeline/.venv/lib/python3.10/site-packages/airflow/example_dags/example_sensors.py
[2024-10-20T21:57:03.207+0700] {logging_mixin.py:190} INFO - [2024-10-20T21:57:03.204+0700] {dag.py:3239} INFO - Sync 1 DAGs
[2024-10-20T21:57:03.238+0700] {logging_mixin.py:190} INFO - [2024-10-20T21:57:03.238+0700] {dag.py:4180} INFO - Setting next_dagrun for example_sensors to None, run_after=None
[2024-10-20T21:57:03.270+0700] {processor.py:208} INFO - Processing /Users/punny/Documents/GitHub/NYC-Taxi-ETL-Pipeline/.venv/lib/python3.10/site-packages/airflow/example_dags/example_sensors.py took 2.240 seconds
[2024-10-20T22:46:22.738+0700] {processor.py:186} INFO - Started process (PID=31973) to work on /Users/punny/Documents/GitHub/NYC-Taxi-ETL-Pipeline/.venv/lib/python3.10/site-packages/airflow/example_dags/example_sensors.py
[2024-10-20T22:46:22.743+0700] {processor.py:914} INFO - Processing file /Users/punny/Documents/GitHub/NYC-Taxi-ETL-Pipeline/.venv/lib/python3.10/site-packages/airflow/example_dags/example_sensors.py for tasks to queue
[2024-10-20T22:46:22.745+0700] {logging_mixin.py:190} INFO - [2024-10-20T22:46:22.744+0700] {dagbag.py:588} INFO - Filling up the DagBag from /Users/punny/Documents/GitHub/NYC-Taxi-ETL-Pipeline/.venv/lib/python3.10/site-packages/airflow/example_dags/example_sensors.py
[2024-10-20T22:46:22.781+0700] {processor.py:925} INFO - DAG(s) 'example_sensors' retrieved from /Users/punny/Documents/GitHub/NYC-Taxi-ETL-Pipeline/.venv/lib/python3.10/site-packages/airflow/example_dags/example_sensors.py
[2024-10-20T22:46:24.078+0700] {logging_mixin.py:190} INFO - [2024-10-20T22:46:24.078+0700] {dag.py:3239} INFO - Sync 1 DAGs
[2024-10-20T22:46:24.102+0700] {logging_mixin.py:190} INFO - [2024-10-20T22:46:24.101+0700] {dag.py:4180} INFO - Setting next_dagrun for example_sensors to None, run_after=None
[2024-10-20T22:46:24.137+0700] {processor.py:208} INFO - Processing /Users/punny/Documents/GitHub/NYC-Taxi-ETL-Pipeline/.venv/lib/python3.10/site-packages/airflow/example_dags/example_sensors.py took 1.412 seconds
[2024-10-21T01:01:45.719+0700] {processor.py:186} INFO - Started process (PID=32645) to work on /Users/punny/Documents/GitHub/NYC-Taxi-ETL-Pipeline/.venv/lib/python3.10/site-packages/airflow/example_dags/example_sensors.py
[2024-10-21T01:01:45.722+0700] {processor.py:914} INFO - Processing file /Users/punny/Documents/GitHub/NYC-Taxi-ETL-Pipeline/.venv/lib/python3.10/site-packages/airflow/example_dags/example_sensors.py for tasks to queue
[2024-10-21T01:01:45.724+0700] {logging_mixin.py:190} INFO - [2024-10-21T01:01:45.723+0700] {dagbag.py:588} INFO - Filling up the DagBag from /Users/punny/Documents/GitHub/NYC-Taxi-ETL-Pipeline/.venv/lib/python3.10/site-packages/airflow/example_dags/example_sensors.py
[2024-10-21T01:01:45.744+0700] {processor.py:925} INFO - DAG(s) 'example_sensors' retrieved from /Users/punny/Documents/GitHub/NYC-Taxi-ETL-Pipeline/.venv/lib/python3.10/site-packages/airflow/example_dags/example_sensors.py
[2024-10-21T01:01:46.669+0700] {logging_mixin.py:190} INFO - [2024-10-21T01:01:46.669+0700] {dag.py:3239} INFO - Sync 1 DAGs
[2024-10-21T01:01:46.684+0700] {logging_mixin.py:190} INFO - [2024-10-21T01:01:46.683+0700] {dag.py:4180} INFO - Setting next_dagrun for example_sensors to None, run_after=None
[2024-10-21T01:01:46.707+0700] {processor.py:208} INFO - Processing /Users/punny/Documents/GitHub/NYC-Taxi-ETL-Pipeline/.venv/lib/python3.10/site-packages/airflow/example_dags/example_sensors.py took 0.992 seconds
[2024-10-21T03:19:35.116+0700] {processor.py:186} INFO - Started process (PID=33342) to work on /Users/punny/Documents/GitHub/NYC-Taxi-ETL-Pipeline/.venv/lib/python3.10/site-packages/airflow/example_dags/example_sensors.py
[2024-10-21T03:19:35.120+0700] {processor.py:914} INFO - Processing file /Users/punny/Documents/GitHub/NYC-Taxi-ETL-Pipeline/.venv/lib/python3.10/site-packages/airflow/example_dags/example_sensors.py for tasks to queue
[2024-10-21T03:19:35.121+0700] {logging_mixin.py:190} INFO - [2024-10-21T03:19:35.121+0700] {dagbag.py:588} INFO - Filling up the DagBag from /Users/punny/Documents/GitHub/NYC-Taxi-ETL-Pipeline/.venv/lib/python3.10/site-packages/airflow/example_dags/example_sensors.py
[2024-10-21T03:19:35.152+0700] {processor.py:925} INFO - DAG(s) 'example_sensors' retrieved from /Users/punny/Documents/GitHub/NYC-Taxi-ETL-Pipeline/.venv/lib/python3.10/site-packages/airflow/example_dags/example_sensors.py
[2024-10-21T03:19:36.122+0700] {logging_mixin.py:190} INFO - [2024-10-21T03:19:36.122+0700] {dag.py:3239} INFO - Sync 1 DAGs
[2024-10-21T03:19:36.142+0700] {logging_mixin.py:190} INFO - [2024-10-21T03:19:36.141+0700] {dag.py:4180} INFO - Setting next_dagrun for example_sensors to None, run_after=None
[2024-10-21T03:19:36.165+0700] {processor.py:208} INFO - Processing /Users/punny/Documents/GitHub/NYC-Taxi-ETL-Pipeline/.venv/lib/python3.10/site-packages/airflow/example_dags/example_sensors.py took 1.055 seconds
