[2024-10-20T20:44:26.514+0700] {processor.py:186} INFO - Started process (PID=22946) to work on /Users/punny/Documents/GitHub/NYC-Taxi-ETL-Pipeline/.venv/lib/python3.10/site-packages/airflow/example_dags/example_inlet_event_extra.py
[2024-10-20T20:44:26.517+0700] {processor.py:914} INFO - Processing file /Users/punny/Documents/GitHub/NYC-Taxi-ETL-Pipeline/.venv/lib/python3.10/site-packages/airflow/example_dags/example_inlet_event_extra.py for tasks to queue
[2024-10-20T20:44:26.518+0700] {logging_mixin.py:190} INFO - [2024-10-20T20:44:26.518+0700] {dagbag.py:588} INFO - Filling up the DagBag from /Users/punny/Documents/GitHub/NYC-Taxi-ETL-Pipeline/.venv/lib/python3.10/site-packages/airflow/example_dags/example_inlet_event_extra.py
[2024-10-20T20:44:26.649+0700] {processor.py:925} INFO - DAG(s) 'read_dataset_event_from_classic', 'read_dataset_event' retrieved from /Users/punny/Documents/GitHub/NYC-Taxi-ETL-Pipeline/.venv/lib/python3.10/site-packages/airflow/example_dags/example_inlet_event_extra.py
[2024-10-20T20:44:27.045+0700] {logging_mixin.py:190} INFO - [2024-10-20T20:44:27.044+0700] {override.py:1907} INFO - Created Permission View: can read on DAG:read_dataset_event_from_classic
[2024-10-20T20:44:27.057+0700] {logging_mixin.py:190} INFO - [2024-10-20T20:44:27.057+0700] {override.py:1907} INFO - Created Permission View: can delete on DAG:read_dataset_event_from_classic
[2024-10-20T20:44:27.066+0700] {logging_mixin.py:190} INFO - [2024-10-20T20:44:27.065+0700] {override.py:1907} INFO - Created Permission View: can edit on DAG:read_dataset_event_from_classic
[2024-10-20T20:44:27.078+0700] {logging_mixin.py:190} INFO - [2024-10-20T20:44:27.078+0700] {override.py:1907} INFO - Created Permission View: can read on DAG Run:read_dataset_event_from_classic
[2024-10-20T20:44:27.087+0700] {logging_mixin.py:190} INFO - [2024-10-20T20:44:27.086+0700] {override.py:1907} INFO - Created Permission View: can delete on DAG Run:read_dataset_event_from_classic
[2024-10-20T20:44:27.096+0700] {logging_mixin.py:190} INFO - [2024-10-20T20:44:27.095+0700] {override.py:1907} INFO - Created Permission View: menu access on DAG Run:read_dataset_event_from_classic
[2024-10-20T20:44:27.105+0700] {logging_mixin.py:190} INFO - [2024-10-20T20:44:27.104+0700] {override.py:1907} INFO - Created Permission View: can create on DAG Run:read_dataset_event_from_classic
[2024-10-20T20:44:27.122+0700] {logging_mixin.py:190} INFO - [2024-10-20T20:44:27.122+0700] {override.py:1907} INFO - Created Permission View: can read on DAG:read_dataset_event
[2024-10-20T20:44:27.131+0700] {logging_mixin.py:190} INFO - [2024-10-20T20:44:27.131+0700] {override.py:1907} INFO - Created Permission View: can delete on DAG:read_dataset_event
[2024-10-20T20:44:27.140+0700] {logging_mixin.py:190} INFO - [2024-10-20T20:44:27.139+0700] {override.py:1907} INFO - Created Permission View: can edit on DAG:read_dataset_event
[2024-10-20T20:44:27.154+0700] {logging_mixin.py:190} INFO - [2024-10-20T20:44:27.154+0700] {override.py:1907} INFO - Created Permission View: can read on DAG Run:read_dataset_event
[2024-10-20T20:44:27.163+0700] {logging_mixin.py:190} INFO - [2024-10-20T20:44:27.163+0700] {override.py:1907} INFO - Created Permission View: can delete on DAG Run:read_dataset_event
[2024-10-20T20:44:27.175+0700] {logging_mixin.py:190} INFO - [2024-10-20T20:44:27.174+0700] {override.py:1907} INFO - Created Permission View: menu access on DAG Run:read_dataset_event
[2024-10-20T20:44:27.192+0700] {logging_mixin.py:190} INFO - [2024-10-20T20:44:27.191+0700] {override.py:1907} INFO - Created Permission View: can create on DAG Run:read_dataset_event
[2024-10-20T20:44:27.193+0700] {logging_mixin.py:190} INFO - [2024-10-20T20:44:27.192+0700] {dag.py:3239} INFO - Sync 2 DAGs
[2024-10-20T20:44:27.219+0700] {logging_mixin.py:190} INFO - [2024-10-20T20:44:27.218+0700] {dag.py:3262} INFO - Creating ORM DAG for read_dataset_event
[2024-10-20T20:44:27.220+0700] {logging_mixin.py:190} INFO - [2024-10-20T20:44:27.220+0700] {dag.py:3262} INFO - Creating ORM DAG for read_dataset_event_from_classic
[2024-10-20T20:44:27.236+0700] {logging_mixin.py:190} INFO - [2024-10-20T20:44:27.235+0700] {dag.py:4180} INFO - Setting next_dagrun for read_dataset_event to 2024-10-19 00:00:00+00:00, run_after=2024-10-20 00:00:00+00:00
[2024-10-20T20:44:27.239+0700] {logging_mixin.py:190} INFO - [2024-10-20T20:44:27.239+0700] {dag.py:4180} INFO - Setting next_dagrun for read_dataset_event_from_classic to 2024-10-19 00:00:00+00:00, run_after=2024-10-20 00:00:00+00:00
[2024-10-20T20:44:27.290+0700] {processor.py:208} INFO - Processing /Users/punny/Documents/GitHub/NYC-Taxi-ETL-Pipeline/.venv/lib/python3.10/site-packages/airflow/example_dags/example_inlet_event_extra.py took 0.785 seconds
[2024-10-20T20:48:23.550+0700] {processor.py:186} INFO - Started process (PID=23530) to work on /Users/punny/Documents/GitHub/NYC-Taxi-ETL-Pipeline/.venv/lib/python3.10/site-packages/airflow/example_dags/example_inlet_event_extra.py
[2024-10-20T20:48:23.554+0700] {processor.py:914} INFO - Processing file /Users/punny/Documents/GitHub/NYC-Taxi-ETL-Pipeline/.venv/lib/python3.10/site-packages/airflow/example_dags/example_inlet_event_extra.py for tasks to queue
[2024-10-20T20:48:23.555+0700] {logging_mixin.py:190} INFO - [2024-10-20T20:48:23.555+0700] {dagbag.py:588} INFO - Filling up the DagBag from /Users/punny/Documents/GitHub/NYC-Taxi-ETL-Pipeline/.venv/lib/python3.10/site-packages/airflow/example_dags/example_inlet_event_extra.py
[2024-10-20T20:48:23.681+0700] {processor.py:925} INFO - DAG(s) 'read_dataset_event', 'read_dataset_event_from_classic' retrieved from /Users/punny/Documents/GitHub/NYC-Taxi-ETL-Pipeline/.venv/lib/python3.10/site-packages/airflow/example_dags/example_inlet_event_extra.py
[2024-10-20T20:48:23.904+0700] {logging_mixin.py:190} INFO - [2024-10-20T20:48:23.904+0700] {dag.py:3239} INFO - Sync 2 DAGs
[2024-10-20T20:48:23.933+0700] {logging_mixin.py:190} INFO - [2024-10-20T20:48:23.932+0700] {dag.py:4180} INFO - Setting next_dagrun for read_dataset_event to 2024-10-19 00:00:00+00:00, run_after=2024-10-20 00:00:00+00:00
[2024-10-20T20:48:23.939+0700] {logging_mixin.py:190} INFO - [2024-10-20T20:48:23.939+0700] {dag.py:4180} INFO - Setting next_dagrun for read_dataset_event_from_classic to 2024-10-19 00:00:00+00:00, run_after=2024-10-20 00:00:00+00:00
[2024-10-20T20:48:23.961+0700] {processor.py:208} INFO - Processing /Users/punny/Documents/GitHub/NYC-Taxi-ETL-Pipeline/.venv/lib/python3.10/site-packages/airflow/example_dags/example_inlet_event_extra.py took 0.421 seconds
[2024-10-20T20:51:41.891+0700] {processor.py:186} INFO - Started process (PID=24009) to work on /Users/punny/Documents/GitHub/NYC-Taxi-ETL-Pipeline/.venv/lib/python3.10/site-packages/airflow/example_dags/example_inlet_event_extra.py
[2024-10-20T20:51:41.894+0700] {processor.py:914} INFO - Processing file /Users/punny/Documents/GitHub/NYC-Taxi-ETL-Pipeline/.venv/lib/python3.10/site-packages/airflow/example_dags/example_inlet_event_extra.py for tasks to queue
[2024-10-20T20:51:41.895+0700] {logging_mixin.py:190} INFO - [2024-10-20T20:51:41.895+0700] {dagbag.py:588} INFO - Filling up the DagBag from /Users/punny/Documents/GitHub/NYC-Taxi-ETL-Pipeline/.venv/lib/python3.10/site-packages/airflow/example_dags/example_inlet_event_extra.py
[2024-10-20T20:51:42.002+0700] {processor.py:925} INFO - DAG(s) 'read_dataset_event', 'read_dataset_event_from_classic' retrieved from /Users/punny/Documents/GitHub/NYC-Taxi-ETL-Pipeline/.venv/lib/python3.10/site-packages/airflow/example_dags/example_inlet_event_extra.py
[2024-10-20T20:51:42.192+0700] {logging_mixin.py:190} INFO - [2024-10-20T20:51:42.192+0700] {dag.py:3239} INFO - Sync 2 DAGs
[2024-10-20T20:51:42.215+0700] {logging_mixin.py:190} INFO - [2024-10-20T20:51:42.214+0700] {dag.py:4180} INFO - Setting next_dagrun for read_dataset_event to 2024-10-19 00:00:00+00:00, run_after=2024-10-20 00:00:00+00:00
[2024-10-20T20:51:42.220+0700] {logging_mixin.py:190} INFO - [2024-10-20T20:51:42.220+0700] {dag.py:4180} INFO - Setting next_dagrun for read_dataset_event_from_classic to 2024-10-19 00:00:00+00:00, run_after=2024-10-20 00:00:00+00:00
[2024-10-20T20:51:42.243+0700] {processor.py:208} INFO - Processing /Users/punny/Documents/GitHub/NYC-Taxi-ETL-Pipeline/.venv/lib/python3.10/site-packages/airflow/example_dags/example_inlet_event_extra.py took 0.362 seconds
[2024-10-20T20:55:12.840+0700] {processor.py:186} INFO - Started process (PID=24545) to work on /Users/punny/Documents/GitHub/NYC-Taxi-ETL-Pipeline/.venv/lib/python3.10/site-packages/airflow/example_dags/example_inlet_event_extra.py
[2024-10-20T20:55:12.844+0700] {processor.py:914} INFO - Processing file /Users/punny/Documents/GitHub/NYC-Taxi-ETL-Pipeline/.venv/lib/python3.10/site-packages/airflow/example_dags/example_inlet_event_extra.py for tasks to queue
[2024-10-20T20:55:12.845+0700] {logging_mixin.py:190} INFO - [2024-10-20T20:55:12.845+0700] {dagbag.py:588} INFO - Filling up the DagBag from /Users/punny/Documents/GitHub/NYC-Taxi-ETL-Pipeline/.venv/lib/python3.10/site-packages/airflow/example_dags/example_inlet_event_extra.py
[2024-10-20T20:55:13.136+0700] {processor.py:925} INFO - DAG(s) 'read_dataset_event', 'read_dataset_event_from_classic' retrieved from /Users/punny/Documents/GitHub/NYC-Taxi-ETL-Pipeline/.venv/lib/python3.10/site-packages/airflow/example_dags/example_inlet_event_extra.py
[2024-10-20T20:55:13.371+0700] {logging_mixin.py:190} INFO - [2024-10-20T20:55:13.370+0700] {dag.py:3239} INFO - Sync 2 DAGs
[2024-10-20T20:55:13.398+0700] {logging_mixin.py:190} INFO - [2024-10-20T20:55:13.397+0700] {dag.py:4180} INFO - Setting next_dagrun for read_dataset_event to 2024-10-19 00:00:00+00:00, run_after=2024-10-20 00:00:00+00:00
[2024-10-20T20:55:13.405+0700] {logging_mixin.py:190} INFO - [2024-10-20T20:55:13.405+0700] {dag.py:4180} INFO - Setting next_dagrun for read_dataset_event_from_classic to 2024-10-19 00:00:00+00:00, run_after=2024-10-20 00:00:00+00:00
[2024-10-20T20:55:13.426+0700] {processor.py:208} INFO - Processing /Users/punny/Documents/GitHub/NYC-Taxi-ETL-Pipeline/.venv/lib/python3.10/site-packages/airflow/example_dags/example_inlet_event_extra.py took 0.600 seconds
[2024-10-20T20:58:37.592+0700] {processor.py:186} INFO - Started process (PID=25055) to work on /Users/punny/Documents/GitHub/NYC-Taxi-ETL-Pipeline/.venv/lib/python3.10/site-packages/airflow/example_dags/example_inlet_event_extra.py
[2024-10-20T20:58:37.596+0700] {processor.py:914} INFO - Processing file /Users/punny/Documents/GitHub/NYC-Taxi-ETL-Pipeline/.venv/lib/python3.10/site-packages/airflow/example_dags/example_inlet_event_extra.py for tasks to queue
[2024-10-20T20:58:37.597+0700] {logging_mixin.py:190} INFO - [2024-10-20T20:58:37.597+0700] {dagbag.py:588} INFO - Filling up the DagBag from /Users/punny/Documents/GitHub/NYC-Taxi-ETL-Pipeline/.venv/lib/python3.10/site-packages/airflow/example_dags/example_inlet_event_extra.py
[2024-10-20T20:58:37.725+0700] {processor.py:925} INFO - DAG(s) 'read_dataset_event', 'read_dataset_event_from_classic' retrieved from /Users/punny/Documents/GitHub/NYC-Taxi-ETL-Pipeline/.venv/lib/python3.10/site-packages/airflow/example_dags/example_inlet_event_extra.py
[2024-10-20T20:58:37.936+0700] {logging_mixin.py:190} INFO - [2024-10-20T20:58:37.935+0700] {dag.py:3239} INFO - Sync 2 DAGs
[2024-10-20T20:58:37.958+0700] {logging_mixin.py:190} INFO - [2024-10-20T20:58:37.958+0700] {dag.py:4180} INFO - Setting next_dagrun for read_dataset_event to 2024-10-19 00:00:00+00:00, run_after=2024-10-20 00:00:00+00:00
[2024-10-20T20:58:37.963+0700] {logging_mixin.py:190} INFO - [2024-10-20T20:58:37.963+0700] {dag.py:4180} INFO - Setting next_dagrun for read_dataset_event_from_classic to 2024-10-19 00:00:00+00:00, run_after=2024-10-20 00:00:00+00:00
[2024-10-20T20:58:37.982+0700] {processor.py:208} INFO - Processing /Users/punny/Documents/GitHub/NYC-Taxi-ETL-Pipeline/.venv/lib/python3.10/site-packages/airflow/example_dags/example_inlet_event_extra.py took 0.399 seconds
[2024-10-20T21:02:12.969+0700] {processor.py:186} INFO - Started process (PID=25642) to work on /Users/punny/Documents/GitHub/NYC-Taxi-ETL-Pipeline/.venv/lib/python3.10/site-packages/airflow/example_dags/example_inlet_event_extra.py
[2024-10-20T21:02:12.973+0700] {processor.py:914} INFO - Processing file /Users/punny/Documents/GitHub/NYC-Taxi-ETL-Pipeline/.venv/lib/python3.10/site-packages/airflow/example_dags/example_inlet_event_extra.py for tasks to queue
[2024-10-20T21:02:12.975+0700] {logging_mixin.py:190} INFO - [2024-10-20T21:02:12.974+0700] {dagbag.py:588} INFO - Filling up the DagBag from /Users/punny/Documents/GitHub/NYC-Taxi-ETL-Pipeline/.venv/lib/python3.10/site-packages/airflow/example_dags/example_inlet_event_extra.py
[2024-10-20T21:02:13.066+0700] {processor.py:925} INFO - DAG(s) 'read_dataset_event', 'read_dataset_event_from_classic' retrieved from /Users/punny/Documents/GitHub/NYC-Taxi-ETL-Pipeline/.venv/lib/python3.10/site-packages/airflow/example_dags/example_inlet_event_extra.py
[2024-10-20T21:02:13.265+0700] {logging_mixin.py:190} INFO - [2024-10-20T21:02:13.264+0700] {dag.py:3239} INFO - Sync 2 DAGs
[2024-10-20T21:02:13.288+0700] {logging_mixin.py:190} INFO - [2024-10-20T21:02:13.288+0700] {dag.py:4180} INFO - Setting next_dagrun for read_dataset_event to 2024-10-19 00:00:00+00:00, run_after=2024-10-20 00:00:00+00:00
[2024-10-20T21:02:13.294+0700] {logging_mixin.py:190} INFO - [2024-10-20T21:02:13.294+0700] {dag.py:4180} INFO - Setting next_dagrun for read_dataset_event_from_classic to 2024-10-19 00:00:00+00:00, run_after=2024-10-20 00:00:00+00:00
[2024-10-20T21:02:13.315+0700] {processor.py:208} INFO - Processing /Users/punny/Documents/GitHub/NYC-Taxi-ETL-Pipeline/.venv/lib/python3.10/site-packages/airflow/example_dags/example_inlet_event_extra.py took 0.353 seconds
[2024-10-20T21:06:06.732+0700] {processor.py:186} INFO - Started process (PID=26242) to work on /Users/punny/Documents/GitHub/NYC-Taxi-ETL-Pipeline/.venv/lib/python3.10/site-packages/airflow/example_dags/example_inlet_event_extra.py
[2024-10-20T21:06:06.737+0700] {processor.py:914} INFO - Processing file /Users/punny/Documents/GitHub/NYC-Taxi-ETL-Pipeline/.venv/lib/python3.10/site-packages/airflow/example_dags/example_inlet_event_extra.py for tasks to queue
[2024-10-20T21:06:06.738+0700] {logging_mixin.py:190} INFO - [2024-10-20T21:06:06.738+0700] {dagbag.py:588} INFO - Filling up the DagBag from /Users/punny/Documents/GitHub/NYC-Taxi-ETL-Pipeline/.venv/lib/python3.10/site-packages/airflow/example_dags/example_inlet_event_extra.py
[2024-10-20T21:06:06.877+0700] {processor.py:925} INFO - DAG(s) 'read_dataset_event', 'read_dataset_event_from_classic' retrieved from /Users/punny/Documents/GitHub/NYC-Taxi-ETL-Pipeline/.venv/lib/python3.10/site-packages/airflow/example_dags/example_inlet_event_extra.py
[2024-10-20T21:06:07.082+0700] {logging_mixin.py:190} INFO - [2024-10-20T21:06:07.082+0700] {dag.py:3239} INFO - Sync 2 DAGs
[2024-10-20T21:06:07.111+0700] {logging_mixin.py:190} INFO - [2024-10-20T21:06:07.110+0700] {dag.py:4180} INFO - Setting next_dagrun for read_dataset_event to 2024-10-19 00:00:00+00:00, run_after=2024-10-20 00:00:00+00:00
[2024-10-20T21:06:07.117+0700] {logging_mixin.py:190} INFO - [2024-10-20T21:06:07.116+0700] {dag.py:4180} INFO - Setting next_dagrun for read_dataset_event_from_classic to 2024-10-19 00:00:00+00:00, run_after=2024-10-20 00:00:00+00:00
[2024-10-20T21:06:07.138+0700] {processor.py:208} INFO - Processing /Users/punny/Documents/GitHub/NYC-Taxi-ETL-Pipeline/.venv/lib/python3.10/site-packages/airflow/example_dags/example_inlet_event_extra.py took 0.416 seconds
[2024-10-20T21:09:10.098+0700] {processor.py:186} INFO - Started process (PID=26625) to work on /Users/punny/Documents/GitHub/NYC-Taxi-ETL-Pipeline/.venv/lib/python3.10/site-packages/airflow/example_dags/example_inlet_event_extra.py
[2024-10-20T21:09:10.102+0700] {processor.py:914} INFO - Processing file /Users/punny/Documents/GitHub/NYC-Taxi-ETL-Pipeline/.venv/lib/python3.10/site-packages/airflow/example_dags/example_inlet_event_extra.py for tasks to queue
[2024-10-20T21:09:10.103+0700] {logging_mixin.py:190} INFO - [2024-10-20T21:09:10.103+0700] {dagbag.py:588} INFO - Filling up the DagBag from /Users/punny/Documents/GitHub/NYC-Taxi-ETL-Pipeline/.venv/lib/python3.10/site-packages/airflow/example_dags/example_inlet_event_extra.py
[2024-10-20T21:09:10.209+0700] {processor.py:925} INFO - DAG(s) 'read_dataset_event', 'read_dataset_event_from_classic' retrieved from /Users/punny/Documents/GitHub/NYC-Taxi-ETL-Pipeline/.venv/lib/python3.10/site-packages/airflow/example_dags/example_inlet_event_extra.py
[2024-10-20T21:09:10.400+0700] {logging_mixin.py:190} INFO - [2024-10-20T21:09:10.399+0700] {dag.py:3239} INFO - Sync 2 DAGs
[2024-10-20T21:09:10.422+0700] {logging_mixin.py:190} INFO - [2024-10-20T21:09:10.422+0700] {dag.py:4180} INFO - Setting next_dagrun for read_dataset_event to 2024-10-19 00:00:00+00:00, run_after=2024-10-20 00:00:00+00:00
[2024-10-20T21:09:10.428+0700] {logging_mixin.py:190} INFO - [2024-10-20T21:09:10.427+0700] {dag.py:4180} INFO - Setting next_dagrun for read_dataset_event_from_classic to 2024-10-19 00:00:00+00:00, run_after=2024-10-20 00:00:00+00:00
[2024-10-20T21:09:10.449+0700] {processor.py:208} INFO - Processing /Users/punny/Documents/GitHub/NYC-Taxi-ETL-Pipeline/.venv/lib/python3.10/site-packages/airflow/example_dags/example_inlet_event_extra.py took 0.359 seconds
[2024-10-20T21:27:17.448+0700] {processor.py:186} INFO - Started process (PID=27080) to work on /Users/punny/Documents/GitHub/NYC-Taxi-ETL-Pipeline/.venv/lib/python3.10/site-packages/airflow/example_dags/example_inlet_event_extra.py
[2024-10-20T21:27:17.451+0700] {processor.py:914} INFO - Processing file /Users/punny/Documents/GitHub/NYC-Taxi-ETL-Pipeline/.venv/lib/python3.10/site-packages/airflow/example_dags/example_inlet_event_extra.py for tasks to queue
[2024-10-20T21:27:17.453+0700] {logging_mixin.py:190} INFO - [2024-10-20T21:27:17.453+0700] {dagbag.py:588} INFO - Filling up the DagBag from /Users/punny/Documents/GitHub/NYC-Taxi-ETL-Pipeline/.venv/lib/python3.10/site-packages/airflow/example_dags/example_inlet_event_extra.py
[2024-10-20T21:27:17.587+0700] {processor.py:925} INFO - DAG(s) 'read_dataset_event_from_classic', 'read_dataset_event' retrieved from /Users/punny/Documents/GitHub/NYC-Taxi-ETL-Pipeline/.venv/lib/python3.10/site-packages/airflow/example_dags/example_inlet_event_extra.py
[2024-10-20T21:27:17.797+0700] {logging_mixin.py:190} INFO - [2024-10-20T21:27:17.797+0700] {dag.py:3239} INFO - Sync 2 DAGs
[2024-10-20T21:27:17.824+0700] {logging_mixin.py:190} INFO - [2024-10-20T21:27:17.824+0700] {dag.py:4180} INFO - Setting next_dagrun for read_dataset_event to 2024-10-19 00:00:00+00:00, run_after=2024-10-20 00:00:00+00:00
[2024-10-20T21:27:17.831+0700] {logging_mixin.py:190} INFO - [2024-10-20T21:27:17.831+0700] {dag.py:4180} INFO - Setting next_dagrun for read_dataset_event_from_classic to 2024-10-19 00:00:00+00:00, run_after=2024-10-20 00:00:00+00:00
[2024-10-20T21:27:17.851+0700] {processor.py:208} INFO - Processing /Users/punny/Documents/GitHub/NYC-Taxi-ETL-Pipeline/.venv/lib/python3.10/site-packages/airflow/example_dags/example_inlet_event_extra.py took 0.415 seconds
[2024-10-20T21:30:40.602+0700] {processor.py:186} INFO - Started process (PID=27682) to work on /Users/punny/Documents/GitHub/NYC-Taxi-ETL-Pipeline/.venv/lib/python3.10/site-packages/airflow/example_dags/example_inlet_event_extra.py
[2024-10-20T21:30:40.605+0700] {processor.py:914} INFO - Processing file /Users/punny/Documents/GitHub/NYC-Taxi-ETL-Pipeline/.venv/lib/python3.10/site-packages/airflow/example_dags/example_inlet_event_extra.py for tasks to queue
[2024-10-20T21:30:40.606+0700] {logging_mixin.py:190} INFO - [2024-10-20T21:30:40.606+0700] {dagbag.py:588} INFO - Filling up the DagBag from /Users/punny/Documents/GitHub/NYC-Taxi-ETL-Pipeline/.venv/lib/python3.10/site-packages/airflow/example_dags/example_inlet_event_extra.py
[2024-10-20T21:30:40.733+0700] {processor.py:925} INFO - DAG(s) 'read_dataset_event', 'read_dataset_event_from_classic' retrieved from /Users/punny/Documents/GitHub/NYC-Taxi-ETL-Pipeline/.venv/lib/python3.10/site-packages/airflow/example_dags/example_inlet_event_extra.py
[2024-10-20T21:30:40.943+0700] {logging_mixin.py:190} INFO - [2024-10-20T21:30:40.942+0700] {dag.py:3239} INFO - Sync 2 DAGs
[2024-10-20T21:30:40.970+0700] {logging_mixin.py:190} INFO - [2024-10-20T21:30:40.970+0700] {dag.py:4180} INFO - Setting next_dagrun for read_dataset_event to 2024-10-19 00:00:00+00:00, run_after=2024-10-20 00:00:00+00:00
[2024-10-20T21:30:40.977+0700] {logging_mixin.py:190} INFO - [2024-10-20T21:30:40.977+0700] {dag.py:4180} INFO - Setting next_dagrun for read_dataset_event_from_classic to 2024-10-19 00:00:00+00:00, run_after=2024-10-20 00:00:00+00:00
[2024-10-20T21:30:41.001+0700] {processor.py:208} INFO - Processing /Users/punny/Documents/GitHub/NYC-Taxi-ETL-Pipeline/.venv/lib/python3.10/site-packages/airflow/example_dags/example_inlet_event_extra.py took 0.406 seconds
[2024-10-20T21:57:57.465+0700] {processor.py:186} INFO - Started process (PID=31388) to work on /Users/punny/Documents/GitHub/NYC-Taxi-ETL-Pipeline/.venv/lib/python3.10/site-packages/airflow/example_dags/example_inlet_event_extra.py
[2024-10-20T21:57:57.468+0700] {processor.py:914} INFO - Processing file /Users/punny/Documents/GitHub/NYC-Taxi-ETL-Pipeline/.venv/lib/python3.10/site-packages/airflow/example_dags/example_inlet_event_extra.py for tasks to queue
[2024-10-20T21:57:57.470+0700] {logging_mixin.py:190} INFO - [2024-10-20T21:57:57.469+0700] {dagbag.py:588} INFO - Filling up the DagBag from /Users/punny/Documents/GitHub/NYC-Taxi-ETL-Pipeline/.venv/lib/python3.10/site-packages/airflow/example_dags/example_inlet_event_extra.py
[2024-10-20T21:57:57.578+0700] {processor.py:925} INFO - DAG(s) 'read_dataset_event', 'read_dataset_event_from_classic' retrieved from /Users/punny/Documents/GitHub/NYC-Taxi-ETL-Pipeline/.venv/lib/python3.10/site-packages/airflow/example_dags/example_inlet_event_extra.py
[2024-10-20T21:57:57.775+0700] {logging_mixin.py:190} INFO - [2024-10-20T21:57:57.775+0700] {dag.py:3239} INFO - Sync 2 DAGs
[2024-10-20T21:57:57.802+0700] {logging_mixin.py:190} INFO - [2024-10-20T21:57:57.802+0700] {dag.py:4180} INFO - Setting next_dagrun for read_dataset_event to 2024-10-19 00:00:00+00:00, run_after=2024-10-20 00:00:00+00:00
[2024-10-20T21:57:57.811+0700] {logging_mixin.py:190} INFO - [2024-10-20T21:57:57.810+0700] {dag.py:4180} INFO - Setting next_dagrun for read_dataset_event_from_classic to 2024-10-19 00:00:00+00:00, run_after=2024-10-20 00:00:00+00:00
[2024-10-20T21:57:57.832+0700] {processor.py:208} INFO - Processing /Users/punny/Documents/GitHub/NYC-Taxi-ETL-Pipeline/.venv/lib/python3.10/site-packages/airflow/example_dags/example_inlet_event_extra.py took 0.374 seconds
[2024-10-20T23:32:31.308+0700] {processor.py:186} INFO - Started process (PID=32152) to work on /Users/punny/Documents/GitHub/NYC-Taxi-ETL-Pipeline/.venv/lib/python3.10/site-packages/airflow/example_dags/example_inlet_event_extra.py
[2024-10-20T23:32:31.311+0700] {processor.py:914} INFO - Processing file /Users/punny/Documents/GitHub/NYC-Taxi-ETL-Pipeline/.venv/lib/python3.10/site-packages/airflow/example_dags/example_inlet_event_extra.py for tasks to queue
[2024-10-20T23:32:31.312+0700] {logging_mixin.py:190} INFO - [2024-10-20T23:32:31.312+0700] {dagbag.py:588} INFO - Filling up the DagBag from /Users/punny/Documents/GitHub/NYC-Taxi-ETL-Pipeline/.venv/lib/python3.10/site-packages/airflow/example_dags/example_inlet_event_extra.py
[2024-10-20T23:32:31.438+0700] {processor.py:925} INFO - DAG(s) 'read_dataset_event', 'read_dataset_event_from_classic' retrieved from /Users/punny/Documents/GitHub/NYC-Taxi-ETL-Pipeline/.venv/lib/python3.10/site-packages/airflow/example_dags/example_inlet_event_extra.py
[2024-10-20T23:32:31.626+0700] {logging_mixin.py:190} INFO - [2024-10-20T23:32:31.626+0700] {dag.py:3239} INFO - Sync 2 DAGs
[2024-10-20T23:32:31.649+0700] {logging_mixin.py:190} INFO - [2024-10-20T23:32:31.649+0700] {dag.py:4180} INFO - Setting next_dagrun for read_dataset_event to 2024-10-19 00:00:00+00:00, run_after=2024-10-20 00:00:00+00:00
[2024-10-20T23:32:31.654+0700] {logging_mixin.py:190} INFO - [2024-10-20T23:32:31.654+0700] {dag.py:4180} INFO - Setting next_dagrun for read_dataset_event_from_classic to 2024-10-19 00:00:00+00:00, run_after=2024-10-20 00:00:00+00:00
[2024-10-20T23:32:31.674+0700] {processor.py:208} INFO - Processing /Users/punny/Documents/GitHub/NYC-Taxi-ETL-Pipeline/.venv/lib/python3.10/site-packages/airflow/example_dags/example_inlet_event_extra.py took 0.376 seconds
[2024-10-21T01:33:00.052+0700] {processor.py:186} INFO - Started process (PID=32785) to work on /Users/punny/Documents/GitHub/NYC-Taxi-ETL-Pipeline/.venv/lib/python3.10/site-packages/airflow/example_dags/example_inlet_event_extra.py
[2024-10-21T01:33:00.055+0700] {processor.py:914} INFO - Processing file /Users/punny/Documents/GitHub/NYC-Taxi-ETL-Pipeline/.venv/lib/python3.10/site-packages/airflow/example_dags/example_inlet_event_extra.py for tasks to queue
[2024-10-21T01:33:00.056+0700] {logging_mixin.py:190} INFO - [2024-10-21T01:33:00.055+0700] {dagbag.py:588} INFO - Filling up the DagBag from /Users/punny/Documents/GitHub/NYC-Taxi-ETL-Pipeline/.venv/lib/python3.10/site-packages/airflow/example_dags/example_inlet_event_extra.py
[2024-10-21T01:33:00.165+0700] {processor.py:925} INFO - DAG(s) 'read_dataset_event', 'read_dataset_event_from_classic' retrieved from /Users/punny/Documents/GitHub/NYC-Taxi-ETL-Pipeline/.venv/lib/python3.10/site-packages/airflow/example_dags/example_inlet_event_extra.py
[2024-10-21T01:33:00.351+0700] {logging_mixin.py:190} INFO - [2024-10-21T01:33:00.351+0700] {dag.py:3239} INFO - Sync 2 DAGs
[2024-10-21T01:33:00.375+0700] {logging_mixin.py:190} INFO - [2024-10-21T01:33:00.374+0700] {dag.py:4180} INFO - Setting next_dagrun for read_dataset_event to 2024-10-19 00:00:00+00:00, run_after=2024-10-20 00:00:00+00:00
[2024-10-21T01:33:00.381+0700] {logging_mixin.py:190} INFO - [2024-10-21T01:33:00.380+0700] {dag.py:4180} INFO - Setting next_dagrun for read_dataset_event_from_classic to 2024-10-19 00:00:00+00:00, run_after=2024-10-20 00:00:00+00:00
[2024-10-21T01:33:00.401+0700] {processor.py:208} INFO - Processing /Users/punny/Documents/GitHub/NYC-Taxi-ETL-Pipeline/.venv/lib/python3.10/site-packages/airflow/example_dags/example_inlet_event_extra.py took 0.359 seconds
[2024-10-21T03:50:53.286+0700] {processor.py:186} INFO - Started process (PID=33526) to work on /Users/punny/Documents/GitHub/NYC-Taxi-ETL-Pipeline/.venv/lib/python3.10/site-packages/airflow/example_dags/example_inlet_event_extra.py
[2024-10-21T03:50:53.290+0700] {processor.py:914} INFO - Processing file /Users/punny/Documents/GitHub/NYC-Taxi-ETL-Pipeline/.venv/lib/python3.10/site-packages/airflow/example_dags/example_inlet_event_extra.py for tasks to queue
[2024-10-21T03:50:53.292+0700] {logging_mixin.py:190} INFO - [2024-10-21T03:50:53.291+0700] {dagbag.py:588} INFO - Filling up the DagBag from /Users/punny/Documents/GitHub/NYC-Taxi-ETL-Pipeline/.venv/lib/python3.10/site-packages/airflow/example_dags/example_inlet_event_extra.py
[2024-10-21T03:50:53.421+0700] {processor.py:925} INFO - DAG(s) 'read_dataset_event_from_classic', 'read_dataset_event' retrieved from /Users/punny/Documents/GitHub/NYC-Taxi-ETL-Pipeline/.venv/lib/python3.10/site-packages/airflow/example_dags/example_inlet_event_extra.py
[2024-10-21T03:50:53.615+0700] {logging_mixin.py:190} INFO - [2024-10-21T03:50:53.615+0700] {dag.py:3239} INFO - Sync 2 DAGs
[2024-10-21T03:50:53.641+0700] {logging_mixin.py:190} INFO - [2024-10-21T03:50:53.640+0700] {dag.py:4180} INFO - Setting next_dagrun for read_dataset_event to 2024-10-19 00:00:00+00:00, run_after=2024-10-20 00:00:00+00:00
[2024-10-21T03:50:53.646+0700] {logging_mixin.py:190} INFO - [2024-10-21T03:50:53.646+0700] {dag.py:4180} INFO - Setting next_dagrun for read_dataset_event_from_classic to 2024-10-19 00:00:00+00:00, run_after=2024-10-20 00:00:00+00:00
[2024-10-21T03:50:53.666+0700] {processor.py:208} INFO - Processing /Users/punny/Documents/GitHub/NYC-Taxi-ETL-Pipeline/.venv/lib/python3.10/site-packages/airflow/example_dags/example_inlet_event_extra.py took 0.390 seconds
