[2024-10-20T20:42:13.280+0700] {processor.py:186} INFO - Started process (PID=22545) to work on /Users/punny/Documents/GitHub/NYC-Taxi-ETL-Pipeline/.venv/lib/python3.10/site-packages/airflow/example_dags/example_xcom.py
[2024-10-20T20:42:13.283+0700] {processor.py:914} INFO - Processing file /Users/punny/Documents/GitHub/NYC-Taxi-ETL-Pipeline/.venv/lib/python3.10/site-packages/airflow/example_dags/example_xcom.py for tasks to queue
[2024-10-20T20:42:13.284+0700] {logging_mixin.py:190} INFO - [2024-10-20T20:42:13.284+0700] {dagbag.py:588} INFO - Filling up the DagBag from /Users/punny/Documents/GitHub/NYC-Taxi-ETL-Pipeline/.venv/lib/python3.10/site-packages/airflow/example_dags/example_xcom.py
[2024-10-20T20:42:13.335+0700] {processor.py:925} INFO - DAG(s) 'example_xcom' retrieved from /Users/punny/Documents/GitHub/NYC-Taxi-ETL-Pipeline/.venv/lib/python3.10/site-packages/airflow/example_dags/example_xcom.py
[2024-10-20T20:42:13.712+0700] {logging_mixin.py:190} INFO - [2024-10-20T20:42:13.711+0700] {override.py:1907} INFO - Created Permission View: can read on DAG:example_xcom
[2024-10-20T20:42:13.723+0700] {logging_mixin.py:190} INFO - [2024-10-20T20:42:13.722+0700] {override.py:1907} INFO - Created Permission View: can edit on DAG:example_xcom
[2024-10-20T20:42:13.730+0700] {logging_mixin.py:190} INFO - [2024-10-20T20:42:13.730+0700] {override.py:1907} INFO - Created Permission View: can delete on DAG:example_xcom
[2024-10-20T20:42:13.740+0700] {logging_mixin.py:190} INFO - [2024-10-20T20:42:13.740+0700] {override.py:1907} INFO - Created Permission View: can read on DAG Run:example_xcom
[2024-10-20T20:42:13.749+0700] {logging_mixin.py:190} INFO - [2024-10-20T20:42:13.748+0700] {override.py:1907} INFO - Created Permission View: can create on DAG Run:example_xcom
[2024-10-20T20:42:13.757+0700] {logging_mixin.py:190} INFO - [2024-10-20T20:42:13.756+0700] {override.py:1907} INFO - Created Permission View: menu access on DAG Run:example_xcom
[2024-10-20T20:42:13.765+0700] {logging_mixin.py:190} INFO - [2024-10-20T20:42:13.764+0700] {override.py:1907} INFO - Created Permission View: can delete on DAG Run:example_xcom
[2024-10-20T20:42:13.765+0700] {logging_mixin.py:190} INFO - [2024-10-20T20:42:13.765+0700] {dag.py:3239} INFO - Sync 1 DAGs
[2024-10-20T20:42:13.779+0700] {logging_mixin.py:190} INFO - [2024-10-20T20:42:13.779+0700] {dag.py:3262} INFO - Creating ORM DAG for example_xcom
[2024-10-20T20:42:13.790+0700] {logging_mixin.py:190} INFO - [2024-10-20T20:42:13.790+0700] {dag.py:4180} INFO - Setting next_dagrun for example_xcom to 2021-01-01 00:00:00+00:00, run_after=2021-01-01 00:00:00+00:00
[2024-10-20T20:42:13.810+0700] {processor.py:208} INFO - Processing /Users/punny/Documents/GitHub/NYC-Taxi-ETL-Pipeline/.venv/lib/python3.10/site-packages/airflow/example_dags/example_xcom.py took 0.538 seconds
[2024-10-20T20:46:44.002+0700] {processor.py:186} INFO - Started process (PID=23311) to work on /Users/punny/Documents/GitHub/NYC-Taxi-ETL-Pipeline/.venv/lib/python3.10/site-packages/airflow/example_dags/example_xcom.py
[2024-10-20T20:46:44.005+0700] {processor.py:914} INFO - Processing file /Users/punny/Documents/GitHub/NYC-Taxi-ETL-Pipeline/.venv/lib/python3.10/site-packages/airflow/example_dags/example_xcom.py for tasks to queue
[2024-10-20T20:46:44.006+0700] {logging_mixin.py:190} INFO - [2024-10-20T20:46:44.006+0700] {dagbag.py:588} INFO - Filling up the DagBag from /Users/punny/Documents/GitHub/NYC-Taxi-ETL-Pipeline/.venv/lib/python3.10/site-packages/airflow/example_dags/example_xcom.py
[2024-10-20T20:46:44.048+0700] {processor.py:925} INFO - DAG(s) 'example_xcom' retrieved from /Users/punny/Documents/GitHub/NYC-Taxi-ETL-Pipeline/.venv/lib/python3.10/site-packages/airflow/example_dags/example_xcom.py
[2024-10-20T20:46:44.239+0700] {logging_mixin.py:190} INFO - [2024-10-20T20:46:44.239+0700] {dag.py:3239} INFO - Sync 1 DAGs
[2024-10-20T20:46:44.263+0700] {logging_mixin.py:190} INFO - [2024-10-20T20:46:44.263+0700] {dag.py:4180} INFO - Setting next_dagrun for example_xcom to 2021-01-01 00:00:00+00:00, run_after=2021-01-01 00:00:00+00:00
[2024-10-20T20:46:44.285+0700] {processor.py:208} INFO - Processing /Users/punny/Documents/GitHub/NYC-Taxi-ETL-Pipeline/.venv/lib/python3.10/site-packages/airflow/example_dags/example_xcom.py took 0.292 seconds
[2024-10-20T20:50:02.092+0700] {processor.py:186} INFO - Started process (PID=23773) to work on /Users/punny/Documents/GitHub/NYC-Taxi-ETL-Pipeline/.venv/lib/python3.10/site-packages/airflow/example_dags/example_xcom.py
[2024-10-20T20:50:02.095+0700] {processor.py:914} INFO - Processing file /Users/punny/Documents/GitHub/NYC-Taxi-ETL-Pipeline/.venv/lib/python3.10/site-packages/airflow/example_dags/example_xcom.py for tasks to queue
[2024-10-20T20:50:02.096+0700] {logging_mixin.py:190} INFO - [2024-10-20T20:50:02.096+0700] {dagbag.py:588} INFO - Filling up the DagBag from /Users/punny/Documents/GitHub/NYC-Taxi-ETL-Pipeline/.venv/lib/python3.10/site-packages/airflow/example_dags/example_xcom.py
[2024-10-20T20:50:02.145+0700] {processor.py:925} INFO - DAG(s) 'example_xcom' retrieved from /Users/punny/Documents/GitHub/NYC-Taxi-ETL-Pipeline/.venv/lib/python3.10/site-packages/airflow/example_dags/example_xcom.py
[2024-10-20T20:50:02.339+0700] {logging_mixin.py:190} INFO - [2024-10-20T20:50:02.338+0700] {dag.py:3239} INFO - Sync 1 DAGs
[2024-10-20T20:50:02.361+0700] {logging_mixin.py:190} INFO - [2024-10-20T20:50:02.360+0700] {dag.py:4180} INFO - Setting next_dagrun for example_xcom to 2021-01-01 00:00:00+00:00, run_after=2021-01-01 00:00:00+00:00
[2024-10-20T20:50:02.383+0700] {processor.py:208} INFO - Processing /Users/punny/Documents/GitHub/NYC-Taxi-ETL-Pipeline/.venv/lib/python3.10/site-packages/airflow/example_dags/example_xcom.py took 0.300 seconds
[2024-10-20T20:53:20.370+0700] {processor.py:186} INFO - Started process (PID=24212) to work on /Users/punny/Documents/GitHub/NYC-Taxi-ETL-Pipeline/.venv/lib/python3.10/site-packages/airflow/example_dags/example_xcom.py
[2024-10-20T20:53:20.374+0700] {processor.py:914} INFO - Processing file /Users/punny/Documents/GitHub/NYC-Taxi-ETL-Pipeline/.venv/lib/python3.10/site-packages/airflow/example_dags/example_xcom.py for tasks to queue
[2024-10-20T20:53:20.375+0700] {logging_mixin.py:190} INFO - [2024-10-20T20:53:20.375+0700] {dagbag.py:588} INFO - Filling up the DagBag from /Users/punny/Documents/GitHub/NYC-Taxi-ETL-Pipeline/.venv/lib/python3.10/site-packages/airflow/example_dags/example_xcom.py
[2024-10-20T20:53:20.431+0700] {processor.py:925} INFO - DAG(s) 'example_xcom' retrieved from /Users/punny/Documents/GitHub/NYC-Taxi-ETL-Pipeline/.venv/lib/python3.10/site-packages/airflow/example_dags/example_xcom.py
[2024-10-20T20:53:20.732+0700] {logging_mixin.py:190} INFO - [2024-10-20T20:53:20.731+0700] {dag.py:3239} INFO - Sync 1 DAGs
[2024-10-20T20:53:20.761+0700] {logging_mixin.py:190} INFO - [2024-10-20T20:53:20.760+0700] {dag.py:4180} INFO - Setting next_dagrun for example_xcom to 2021-01-01 00:00:00+00:00, run_after=2021-01-01 00:00:00+00:00
[2024-10-20T20:53:20.790+0700] {processor.py:208} INFO - Processing /Users/punny/Documents/GitHub/NYC-Taxi-ETL-Pipeline/.venv/lib/python3.10/site-packages/airflow/example_dags/example_xcom.py took 0.428 seconds
[2024-10-20T20:56:42.727+0700] {processor.py:186} INFO - Started process (PID=24735) to work on /Users/punny/Documents/GitHub/NYC-Taxi-ETL-Pipeline/.venv/lib/python3.10/site-packages/airflow/example_dags/example_xcom.py
[2024-10-20T20:56:42.733+0700] {processor.py:914} INFO - Processing file /Users/punny/Documents/GitHub/NYC-Taxi-ETL-Pipeline/.venv/lib/python3.10/site-packages/airflow/example_dags/example_xcom.py for tasks to queue
[2024-10-20T20:56:42.735+0700] {logging_mixin.py:190} INFO - [2024-10-20T20:56:42.735+0700] {dagbag.py:588} INFO - Filling up the DagBag from /Users/punny/Documents/GitHub/NYC-Taxi-ETL-Pipeline/.venv/lib/python3.10/site-packages/airflow/example_dags/example_xcom.py
[2024-10-20T20:56:42.794+0700] {processor.py:925} INFO - DAG(s) 'example_xcom' retrieved from /Users/punny/Documents/GitHub/NYC-Taxi-ETL-Pipeline/.venv/lib/python3.10/site-packages/airflow/example_dags/example_xcom.py
[2024-10-20T20:56:42.977+0700] {logging_mixin.py:190} INFO - [2024-10-20T20:56:42.977+0700] {dag.py:3239} INFO - Sync 1 DAGs
[2024-10-20T20:56:43.000+0700] {logging_mixin.py:190} INFO - [2024-10-20T20:56:42.999+0700] {dag.py:4180} INFO - Setting next_dagrun for example_xcom to 2021-01-01 00:00:00+00:00, run_after=2021-01-01 00:00:00+00:00
[2024-10-20T20:56:43.022+0700] {processor.py:208} INFO - Processing /Users/punny/Documents/GitHub/NYC-Taxi-ETL-Pipeline/.venv/lib/python3.10/site-packages/airflow/example_dags/example_xcom.py took 0.304 seconds
[2024-10-20T21:00:09.877+0700] {processor.py:186} INFO - Started process (PID=25315) to work on /Users/punny/Documents/GitHub/NYC-Taxi-ETL-Pipeline/.venv/lib/python3.10/site-packages/airflow/example_dags/example_xcom.py
[2024-10-20T21:00:09.880+0700] {processor.py:914} INFO - Processing file /Users/punny/Documents/GitHub/NYC-Taxi-ETL-Pipeline/.venv/lib/python3.10/site-packages/airflow/example_dags/example_xcom.py for tasks to queue
[2024-10-20T21:00:09.881+0700] {logging_mixin.py:190} INFO - [2024-10-20T21:00:09.881+0700] {dagbag.py:588} INFO - Filling up the DagBag from /Users/punny/Documents/GitHub/NYC-Taxi-ETL-Pipeline/.venv/lib/python3.10/site-packages/airflow/example_dags/example_xcom.py
[2024-10-20T21:00:09.927+0700] {processor.py:925} INFO - DAG(s) 'example_xcom' retrieved from /Users/punny/Documents/GitHub/NYC-Taxi-ETL-Pipeline/.venv/lib/python3.10/site-packages/airflow/example_dags/example_xcom.py
[2024-10-20T21:00:10.162+0700] {logging_mixin.py:190} INFO - [2024-10-20T21:00:10.162+0700] {dag.py:3239} INFO - Sync 1 DAGs
[2024-10-20T21:00:10.194+0700] {logging_mixin.py:190} INFO - [2024-10-20T21:00:10.194+0700] {dag.py:4180} INFO - Setting next_dagrun for example_xcom to 2021-01-01 00:00:00+00:00, run_after=2021-01-01 00:00:00+00:00
[2024-10-20T21:00:10.226+0700] {processor.py:208} INFO - Processing /Users/punny/Documents/GitHub/NYC-Taxi-ETL-Pipeline/.venv/lib/python3.10/site-packages/airflow/example_dags/example_xcom.py took 0.358 seconds
[2024-10-20T21:03:45.482+0700] {processor.py:186} INFO - Started process (PID=25899) to work on /Users/punny/Documents/GitHub/NYC-Taxi-ETL-Pipeline/.venv/lib/python3.10/site-packages/airflow/example_dags/example_xcom.py
[2024-10-20T21:03:45.486+0700] {processor.py:914} INFO - Processing file /Users/punny/Documents/GitHub/NYC-Taxi-ETL-Pipeline/.venv/lib/python3.10/site-packages/airflow/example_dags/example_xcom.py for tasks to queue
[2024-10-20T21:03:45.487+0700] {logging_mixin.py:190} INFO - [2024-10-20T21:03:45.487+0700] {dagbag.py:588} INFO - Filling up the DagBag from /Users/punny/Documents/GitHub/NYC-Taxi-ETL-Pipeline/.venv/lib/python3.10/site-packages/airflow/example_dags/example_xcom.py
[2024-10-20T21:03:45.537+0700] {processor.py:925} INFO - DAG(s) 'example_xcom' retrieved from /Users/punny/Documents/GitHub/NYC-Taxi-ETL-Pipeline/.venv/lib/python3.10/site-packages/airflow/example_dags/example_xcom.py
[2024-10-20T21:03:45.747+0700] {logging_mixin.py:190} INFO - [2024-10-20T21:03:45.747+0700] {dag.py:3239} INFO - Sync 1 DAGs
[2024-10-20T21:03:45.772+0700] {logging_mixin.py:190} INFO - [2024-10-20T21:03:45.772+0700] {dag.py:4180} INFO - Setting next_dagrun for example_xcom to 2021-01-01 00:00:00+00:00, run_after=2021-01-01 00:00:00+00:00
[2024-10-20T21:03:45.797+0700] {processor.py:208} INFO - Processing /Users/punny/Documents/GitHub/NYC-Taxi-ETL-Pipeline/.venv/lib/python3.10/site-packages/airflow/example_dags/example_xcom.py took 0.326 seconds
[2024-10-20T21:07:32.369+0700] {processor.py:186} INFO - Started process (PID=26419) to work on /Users/punny/Documents/GitHub/NYC-Taxi-ETL-Pipeline/.venv/lib/python3.10/site-packages/airflow/example_dags/example_xcom.py
[2024-10-20T21:07:32.373+0700] {processor.py:914} INFO - Processing file /Users/punny/Documents/GitHub/NYC-Taxi-ETL-Pipeline/.venv/lib/python3.10/site-packages/airflow/example_dags/example_xcom.py for tasks to queue
[2024-10-20T21:07:32.374+0700] {logging_mixin.py:190} INFO - [2024-10-20T21:07:32.374+0700] {dagbag.py:588} INFO - Filling up the DagBag from /Users/punny/Documents/GitHub/NYC-Taxi-ETL-Pipeline/.venv/lib/python3.10/site-packages/airflow/example_dags/example_xcom.py
[2024-10-20T21:07:32.419+0700] {processor.py:925} INFO - DAG(s) 'example_xcom' retrieved from /Users/punny/Documents/GitHub/NYC-Taxi-ETL-Pipeline/.venv/lib/python3.10/site-packages/airflow/example_dags/example_xcom.py
[2024-10-20T21:07:32.610+0700] {logging_mixin.py:190} INFO - [2024-10-20T21:07:32.609+0700] {dag.py:3239} INFO - Sync 1 DAGs
[2024-10-20T21:07:32.631+0700] {logging_mixin.py:190} INFO - [2024-10-20T21:07:32.631+0700] {dag.py:4180} INFO - Setting next_dagrun for example_xcom to 2021-01-01 00:00:00+00:00, run_after=2021-01-01 00:00:00+00:00
[2024-10-20T21:07:32.654+0700] {processor.py:208} INFO - Processing /Users/punny/Documents/GitHub/NYC-Taxi-ETL-Pipeline/.venv/lib/python3.10/site-packages/airflow/example_dags/example_xcom.py took 0.295 seconds
[2024-10-20T21:10:29.285+0700] {processor.py:186} INFO - Started process (PID=26785) to work on /Users/punny/Documents/GitHub/NYC-Taxi-ETL-Pipeline/.venv/lib/python3.10/site-packages/airflow/example_dags/example_xcom.py
[2024-10-20T21:10:29.288+0700] {processor.py:914} INFO - Processing file /Users/punny/Documents/GitHub/NYC-Taxi-ETL-Pipeline/.venv/lib/python3.10/site-packages/airflow/example_dags/example_xcom.py for tasks to queue
[2024-10-20T21:10:29.289+0700] {logging_mixin.py:190} INFO - [2024-10-20T21:10:29.289+0700] {dagbag.py:588} INFO - Filling up the DagBag from /Users/punny/Documents/GitHub/NYC-Taxi-ETL-Pipeline/.venv/lib/python3.10/site-packages/airflow/example_dags/example_xcom.py
[2024-10-20T21:10:29.333+0700] {processor.py:925} INFO - DAG(s) 'example_xcom' retrieved from /Users/punny/Documents/GitHub/NYC-Taxi-ETL-Pipeline/.venv/lib/python3.10/site-packages/airflow/example_dags/example_xcom.py
[2024-10-20T21:10:29.520+0700] {logging_mixin.py:190} INFO - [2024-10-20T21:10:29.520+0700] {dag.py:3239} INFO - Sync 1 DAGs
[2024-10-20T21:10:29.541+0700] {logging_mixin.py:190} INFO - [2024-10-20T21:10:29.541+0700] {dag.py:4180} INFO - Setting next_dagrun for example_xcom to 2021-01-01 00:00:00+00:00, run_after=2021-01-01 00:00:00+00:00
[2024-10-20T21:10:29.563+0700] {processor.py:208} INFO - Processing /Users/punny/Documents/GitHub/NYC-Taxi-ETL-Pipeline/.venv/lib/python3.10/site-packages/airflow/example_dags/example_xcom.py took 0.286 seconds
[2024-10-20T21:28:45.536+0700] {processor.py:186} INFO - Started process (PID=27413) to work on /Users/punny/Documents/GitHub/NYC-Taxi-ETL-Pipeline/.venv/lib/python3.10/site-packages/airflow/example_dags/example_xcom.py
[2024-10-20T21:28:45.540+0700] {processor.py:914} INFO - Processing file /Users/punny/Documents/GitHub/NYC-Taxi-ETL-Pipeline/.venv/lib/python3.10/site-packages/airflow/example_dags/example_xcom.py for tasks to queue
[2024-10-20T21:28:45.541+0700] {logging_mixin.py:190} INFO - [2024-10-20T21:28:45.540+0700] {dagbag.py:588} INFO - Filling up the DagBag from /Users/punny/Documents/GitHub/NYC-Taxi-ETL-Pipeline/.venv/lib/python3.10/site-packages/airflow/example_dags/example_xcom.py
[2024-10-20T21:28:45.595+0700] {processor.py:925} INFO - DAG(s) 'example_xcom' retrieved from /Users/punny/Documents/GitHub/NYC-Taxi-ETL-Pipeline/.venv/lib/python3.10/site-packages/airflow/example_dags/example_xcom.py
[2024-10-20T21:28:45.844+0700] {logging_mixin.py:190} INFO - [2024-10-20T21:28:45.844+0700] {dag.py:3239} INFO - Sync 1 DAGs
[2024-10-20T21:28:45.869+0700] {logging_mixin.py:190} INFO - [2024-10-20T21:28:45.869+0700] {dag.py:4180} INFO - Setting next_dagrun for example_xcom to 2021-01-01 00:00:00+00:00, run_after=2021-01-01 00:00:00+00:00
[2024-10-20T21:28:45.896+0700] {processor.py:208} INFO - Processing /Users/punny/Documents/GitHub/NYC-Taxi-ETL-Pipeline/.venv/lib/python3.10/site-packages/airflow/example_dags/example_xcom.py took 0.366 seconds
[2024-10-20T21:32:24.990+0700] {processor.py:186} INFO - Started process (PID=28016) to work on /Users/punny/Documents/GitHub/NYC-Taxi-ETL-Pipeline/.venv/lib/python3.10/site-packages/airflow/example_dags/example_xcom.py
[2024-10-20T21:32:24.995+0700] {processor.py:914} INFO - Processing file /Users/punny/Documents/GitHub/NYC-Taxi-ETL-Pipeline/.venv/lib/python3.10/site-packages/airflow/example_dags/example_xcom.py for tasks to queue
[2024-10-20T21:32:24.996+0700] {logging_mixin.py:190} INFO - [2024-10-20T21:32:24.996+0700] {dagbag.py:588} INFO - Filling up the DagBag from /Users/punny/Documents/GitHub/NYC-Taxi-ETL-Pipeline/.venv/lib/python3.10/site-packages/airflow/example_dags/example_xcom.py
[2024-10-20T21:32:25.073+0700] {processor.py:925} INFO - DAG(s) 'example_xcom' retrieved from /Users/punny/Documents/GitHub/NYC-Taxi-ETL-Pipeline/.venv/lib/python3.10/site-packages/airflow/example_dags/example_xcom.py
[2024-10-20T21:32:25.338+0700] {logging_mixin.py:190} INFO - [2024-10-20T21:32:25.337+0700] {dag.py:3239} INFO - Sync 1 DAGs
[2024-10-20T21:32:25.362+0700] {logging_mixin.py:190} INFO - [2024-10-20T21:32:25.362+0700] {dag.py:4180} INFO - Setting next_dagrun for example_xcom to 2021-01-01 00:00:00+00:00, run_after=2021-01-01 00:00:00+00:00
[2024-10-20T21:32:25.389+0700] {processor.py:208} INFO - Processing /Users/punny/Documents/GitHub/NYC-Taxi-ETL-Pipeline/.venv/lib/python3.10/site-packages/airflow/example_dags/example_xcom.py took 0.409 seconds
[2024-10-20T21:56:03.050+0700] {processor.py:186} INFO - Started process (PID=31128) to work on /Users/punny/Documents/GitHub/NYC-Taxi-ETL-Pipeline/.venv/lib/python3.10/site-packages/airflow/example_dags/example_xcom.py
[2024-10-20T21:56:03.053+0700] {processor.py:914} INFO - Processing file /Users/punny/Documents/GitHub/NYC-Taxi-ETL-Pipeline/.venv/lib/python3.10/site-packages/airflow/example_dags/example_xcom.py for tasks to queue
[2024-10-20T21:56:03.054+0700] {logging_mixin.py:190} INFO - [2024-10-20T21:56:03.054+0700] {dagbag.py:588} INFO - Filling up the DagBag from /Users/punny/Documents/GitHub/NYC-Taxi-ETL-Pipeline/.venv/lib/python3.10/site-packages/airflow/example_dags/example_xcom.py
[2024-10-20T21:56:03.099+0700] {processor.py:925} INFO - DAG(s) 'example_xcom' retrieved from /Users/punny/Documents/GitHub/NYC-Taxi-ETL-Pipeline/.venv/lib/python3.10/site-packages/airflow/example_dags/example_xcom.py
[2024-10-20T21:56:03.309+0700] {logging_mixin.py:190} INFO - [2024-10-20T21:56:03.309+0700] {dag.py:3239} INFO - Sync 1 DAGs
[2024-10-20T21:56:03.332+0700] {logging_mixin.py:190} INFO - [2024-10-20T21:56:03.332+0700] {dag.py:4180} INFO - Setting next_dagrun for example_xcom to 2021-01-01 00:00:00+00:00, run_after=2021-01-01 00:00:00+00:00
[2024-10-20T21:56:03.354+0700] {processor.py:208} INFO - Processing /Users/punny/Documents/GitHub/NYC-Taxi-ETL-Pipeline/.venv/lib/python3.10/site-packages/airflow/example_dags/example_xcom.py took 0.316 seconds
[2024-10-20T22:15:09.693+0700] {processor.py:186} INFO - Started process (PID=31771) to work on /Users/punny/Documents/GitHub/NYC-Taxi-ETL-Pipeline/.venv/lib/python3.10/site-packages/airflow/example_dags/example_xcom.py
[2024-10-20T22:15:09.698+0700] {processor.py:914} INFO - Processing file /Users/punny/Documents/GitHub/NYC-Taxi-ETL-Pipeline/.venv/lib/python3.10/site-packages/airflow/example_dags/example_xcom.py for tasks to queue
[2024-10-20T22:15:09.701+0700] {logging_mixin.py:190} INFO - [2024-10-20T22:15:09.700+0700] {dagbag.py:588} INFO - Filling up the DagBag from /Users/punny/Documents/GitHub/NYC-Taxi-ETL-Pipeline/.venv/lib/python3.10/site-packages/airflow/example_dags/example_xcom.py
[2024-10-20T22:15:09.780+0700] {processor.py:925} INFO - DAG(s) 'example_xcom' retrieved from /Users/punny/Documents/GitHub/NYC-Taxi-ETL-Pipeline/.venv/lib/python3.10/site-packages/airflow/example_dags/example_xcom.py
[2024-10-20T22:15:10.073+0700] {logging_mixin.py:190} INFO - [2024-10-20T22:15:10.073+0700] {dag.py:3239} INFO - Sync 1 DAGs
[2024-10-20T22:15:10.110+0700] {logging_mixin.py:190} INFO - [2024-10-20T22:15:10.109+0700] {dag.py:4180} INFO - Setting next_dagrun for example_xcom to 2021-01-01 00:00:00+00:00, run_after=2021-01-01 00:00:00+00:00
[2024-10-20T22:15:10.150+0700] {processor.py:208} INFO - Processing /Users/punny/Documents/GitHub/NYC-Taxi-ETL-Pipeline/.venv/lib/python3.10/site-packages/airflow/example_dags/example_xcom.py took 0.471 seconds
[2024-10-21T00:32:18.399+0700] {processor.py:186} INFO - Started process (PID=32504) to work on /Users/punny/Documents/GitHub/NYC-Taxi-ETL-Pipeline/.venv/lib/python3.10/site-packages/airflow/example_dags/example_xcom.py
[2024-10-21T00:32:18.401+0700] {processor.py:914} INFO - Processing file /Users/punny/Documents/GitHub/NYC-Taxi-ETL-Pipeline/.venv/lib/python3.10/site-packages/airflow/example_dags/example_xcom.py for tasks to queue
[2024-10-21T00:32:18.403+0700] {logging_mixin.py:190} INFO - [2024-10-21T00:32:18.402+0700] {dagbag.py:588} INFO - Filling up the DagBag from /Users/punny/Documents/GitHub/NYC-Taxi-ETL-Pipeline/.venv/lib/python3.10/site-packages/airflow/example_dags/example_xcom.py
[2024-10-21T00:32:18.445+0700] {processor.py:925} INFO - DAG(s) 'example_xcom' retrieved from /Users/punny/Documents/GitHub/NYC-Taxi-ETL-Pipeline/.venv/lib/python3.10/site-packages/airflow/example_dags/example_xcom.py
[2024-10-21T00:32:18.630+0700] {logging_mixin.py:190} INFO - [2024-10-21T00:32:18.630+0700] {dag.py:3239} INFO - Sync 1 DAGs
[2024-10-21T00:32:18.652+0700] {logging_mixin.py:190} INFO - [2024-10-21T00:32:18.652+0700] {dag.py:4180} INFO - Setting next_dagrun for example_xcom to 2021-01-01 00:00:00+00:00, run_after=2021-01-01 00:00:00+00:00
[2024-10-21T00:32:18.674+0700] {processor.py:208} INFO - Processing /Users/punny/Documents/GitHub/NYC-Taxi-ETL-Pipeline/.venv/lib/python3.10/site-packages/airflow/example_dags/example_xcom.py took 0.284 seconds
[2024-10-21T02:34:20.679+0700] {processor.py:186} INFO - Started process (PID=33185) to work on /Users/punny/Documents/GitHub/NYC-Taxi-ETL-Pipeline/.venv/lib/python3.10/site-packages/airflow/example_dags/example_xcom.py
[2024-10-21T02:34:20.682+0700] {processor.py:914} INFO - Processing file /Users/punny/Documents/GitHub/NYC-Taxi-ETL-Pipeline/.venv/lib/python3.10/site-packages/airflow/example_dags/example_xcom.py for tasks to queue
[2024-10-21T02:34:20.683+0700] {logging_mixin.py:190} INFO - [2024-10-21T02:34:20.682+0700] {dagbag.py:588} INFO - Filling up the DagBag from /Users/punny/Documents/GitHub/NYC-Taxi-ETL-Pipeline/.venv/lib/python3.10/site-packages/airflow/example_dags/example_xcom.py
[2024-10-21T02:34:20.729+0700] {processor.py:925} INFO - DAG(s) 'example_xcom' retrieved from /Users/punny/Documents/GitHub/NYC-Taxi-ETL-Pipeline/.venv/lib/python3.10/site-packages/airflow/example_dags/example_xcom.py
[2024-10-21T02:34:20.908+0700] {logging_mixin.py:190} INFO - [2024-10-21T02:34:20.908+0700] {dag.py:3239} INFO - Sync 1 DAGs
[2024-10-21T02:34:20.930+0700] {logging_mixin.py:190} INFO - [2024-10-21T02:34:20.930+0700] {dag.py:4180} INFO - Setting next_dagrun for example_xcom to 2021-01-01 00:00:00+00:00, run_after=2021-01-01 00:00:00+00:00
[2024-10-21T02:34:20.950+0700] {processor.py:208} INFO - Processing /Users/punny/Documents/GitHub/NYC-Taxi-ETL-Pipeline/.venv/lib/python3.10/site-packages/airflow/example_dags/example_xcom.py took 0.279 seconds
