[2024-10-20T20:42:44.901+0700] {processor.py:186} INFO - Started process (PID=22620) to work on /Users/punny/Documents/GitHub/NYC-Taxi-ETL-Pipeline/.venv/lib/python3.10/site-packages/airflow/example_dags/example_task_group.py
[2024-10-20T20:42:44.904+0700] {processor.py:914} INFO - Processing file /Users/punny/Documents/GitHub/NYC-Taxi-ETL-Pipeline/.venv/lib/python3.10/site-packages/airflow/example_dags/example_task_group.py for tasks to queue
[2024-10-20T20:42:44.905+0700] {logging_mixin.py:190} INFO - [2024-10-20T20:42:44.905+0700] {dagbag.py:588} INFO - Filling up the DagBag from /Users/punny/Documents/GitHub/NYC-Taxi-ETL-Pipeline/.venv/lib/python3.10/site-packages/airflow/example_dags/example_task_group.py
[2024-10-20T20:42:44.918+0700] {processor.py:925} INFO - DAG(s) 'example_task_group' retrieved from /Users/punny/Documents/GitHub/NYC-Taxi-ETL-Pipeline/.venv/lib/python3.10/site-packages/airflow/example_dags/example_task_group.py
[2024-10-20T20:42:45.227+0700] {logging_mixin.py:190} INFO - [2024-10-20T20:42:45.226+0700] {override.py:1907} INFO - Created Permission View: can edit on DAG:example_task_group
[2024-10-20T20:42:45.238+0700] {logging_mixin.py:190} INFO - [2024-10-20T20:42:45.237+0700] {override.py:1907} INFO - Created Permission View: can read on DAG:example_task_group
[2024-10-20T20:42:45.247+0700] {logging_mixin.py:190} INFO - [2024-10-20T20:42:45.246+0700] {override.py:1907} INFO - Created Permission View: can delete on DAG:example_task_group
[2024-10-20T20:42:45.263+0700] {logging_mixin.py:190} INFO - [2024-10-20T20:42:45.262+0700] {override.py:1907} INFO - Created Permission View: menu access on DAG Run:example_task_group
[2024-10-20T20:42:45.271+0700] {logging_mixin.py:190} INFO - [2024-10-20T20:42:45.270+0700] {override.py:1907} INFO - Created Permission View: can read on DAG Run:example_task_group
[2024-10-20T20:42:45.278+0700] {logging_mixin.py:190} INFO - [2024-10-20T20:42:45.278+0700] {override.py:1907} INFO - Created Permission View: can delete on DAG Run:example_task_group
[2024-10-20T20:42:45.286+0700] {logging_mixin.py:190} INFO - [2024-10-20T20:42:45.286+0700] {override.py:1907} INFO - Created Permission View: can create on DAG Run:example_task_group
[2024-10-20T20:42:45.287+0700] {logging_mixin.py:190} INFO - [2024-10-20T20:42:45.287+0700] {dag.py:3239} INFO - Sync 1 DAGs
[2024-10-20T20:42:45.303+0700] {logging_mixin.py:190} INFO - [2024-10-20T20:42:45.303+0700] {dag.py:3262} INFO - Creating ORM DAG for example_task_group
[2024-10-20T20:42:45.304+0700] {logging_mixin.py:190} INFO - [2024-10-20T20:42:45.304+0700] {dag.py:4180} INFO - Setting next_dagrun for example_task_group to None, run_after=None
[2024-10-20T20:42:45.324+0700] {processor.py:208} INFO - Processing /Users/punny/Documents/GitHub/NYC-Taxi-ETL-Pipeline/.venv/lib/python3.10/site-packages/airflow/example_dags/example_task_group.py took 0.434 seconds
[2024-10-20T20:47:06.201+0700] {processor.py:186} INFO - Started process (PID=23366) to work on /Users/punny/Documents/GitHub/NYC-Taxi-ETL-Pipeline/.venv/lib/python3.10/site-packages/airflow/example_dags/example_task_group.py
[2024-10-20T20:47:06.204+0700] {processor.py:914} INFO - Processing file /Users/punny/Documents/GitHub/NYC-Taxi-ETL-Pipeline/.venv/lib/python3.10/site-packages/airflow/example_dags/example_task_group.py for tasks to queue
[2024-10-20T20:47:06.206+0700] {logging_mixin.py:190} INFO - [2024-10-20T20:47:06.205+0700] {dagbag.py:588} INFO - Filling up the DagBag from /Users/punny/Documents/GitHub/NYC-Taxi-ETL-Pipeline/.venv/lib/python3.10/site-packages/airflow/example_dags/example_task_group.py
[2024-10-20T20:47:06.217+0700] {processor.py:925} INFO - DAG(s) 'example_task_group' retrieved from /Users/punny/Documents/GitHub/NYC-Taxi-ETL-Pipeline/.venv/lib/python3.10/site-packages/airflow/example_dags/example_task_group.py
[2024-10-20T20:47:06.409+0700] {logging_mixin.py:190} INFO - [2024-10-20T20:47:06.409+0700] {dag.py:3239} INFO - Sync 1 DAGs
[2024-10-20T20:47:06.422+0700] {logging_mixin.py:190} INFO - [2024-10-20T20:47:06.422+0700] {dag.py:4180} INFO - Setting next_dagrun for example_task_group to None, run_after=None
[2024-10-20T20:47:06.443+0700] {processor.py:208} INFO - Processing /Users/punny/Documents/GitHub/NYC-Taxi-ETL-Pipeline/.venv/lib/python3.10/site-packages/airflow/example_dags/example_task_group.py took 0.251 seconds
[2024-10-20T20:50:25.740+0700] {processor.py:186} INFO - Started process (PID=23821) to work on /Users/punny/Documents/GitHub/NYC-Taxi-ETL-Pipeline/.venv/lib/python3.10/site-packages/airflow/example_dags/example_task_group.py
[2024-10-20T20:50:25.743+0700] {processor.py:914} INFO - Processing file /Users/punny/Documents/GitHub/NYC-Taxi-ETL-Pipeline/.venv/lib/python3.10/site-packages/airflow/example_dags/example_task_group.py for tasks to queue
[2024-10-20T20:50:25.744+0700] {logging_mixin.py:190} INFO - [2024-10-20T20:50:25.744+0700] {dagbag.py:588} INFO - Filling up the DagBag from /Users/punny/Documents/GitHub/NYC-Taxi-ETL-Pipeline/.venv/lib/python3.10/site-packages/airflow/example_dags/example_task_group.py
[2024-10-20T20:50:25.756+0700] {processor.py:925} INFO - DAG(s) 'example_task_group' retrieved from /Users/punny/Documents/GitHub/NYC-Taxi-ETL-Pipeline/.venv/lib/python3.10/site-packages/airflow/example_dags/example_task_group.py
[2024-10-20T20:50:25.948+0700] {logging_mixin.py:190} INFO - [2024-10-20T20:50:25.947+0700] {dag.py:3239} INFO - Sync 1 DAGs
[2024-10-20T20:50:25.960+0700] {logging_mixin.py:190} INFO - [2024-10-20T20:50:25.960+0700] {dag.py:4180} INFO - Setting next_dagrun for example_task_group to None, run_after=None
[2024-10-20T20:50:25.982+0700] {processor.py:208} INFO - Processing /Users/punny/Documents/GitHub/NYC-Taxi-ETL-Pipeline/.venv/lib/python3.10/site-packages/airflow/example_dags/example_task_group.py took 0.251 seconds
[2024-10-20T20:53:47.160+0700] {processor.py:186} INFO - Started process (PID=24321) to work on /Users/punny/Documents/GitHub/NYC-Taxi-ETL-Pipeline/.venv/lib/python3.10/site-packages/airflow/example_dags/example_task_group.py
[2024-10-20T20:53:47.163+0700] {processor.py:914} INFO - Processing file /Users/punny/Documents/GitHub/NYC-Taxi-ETL-Pipeline/.venv/lib/python3.10/site-packages/airflow/example_dags/example_task_group.py for tasks to queue
[2024-10-20T20:53:47.164+0700] {logging_mixin.py:190} INFO - [2024-10-20T20:53:47.164+0700] {dagbag.py:588} INFO - Filling up the DagBag from /Users/punny/Documents/GitHub/NYC-Taxi-ETL-Pipeline/.venv/lib/python3.10/site-packages/airflow/example_dags/example_task_group.py
[2024-10-20T20:53:47.177+0700] {processor.py:925} INFO - DAG(s) 'example_task_group' retrieved from /Users/punny/Documents/GitHub/NYC-Taxi-ETL-Pipeline/.venv/lib/python3.10/site-packages/airflow/example_dags/example_task_group.py
[2024-10-20T20:53:47.649+0700] {logging_mixin.py:190} INFO - [2024-10-20T20:53:47.649+0700] {dag.py:3239} INFO - Sync 1 DAGs
[2024-10-20T20:53:47.665+0700] {logging_mixin.py:190} INFO - [2024-10-20T20:53:47.664+0700] {dag.py:4180} INFO - Setting next_dagrun for example_task_group to None, run_after=None
[2024-10-20T20:53:47.695+0700] {processor.py:208} INFO - Processing /Users/punny/Documents/GitHub/NYC-Taxi-ETL-Pipeline/.venv/lib/python3.10/site-packages/airflow/example_dags/example_task_group.py took 0.544 seconds
[2024-10-20T20:57:06.343+0700] {processor.py:186} INFO - Started process (PID=24800) to work on /Users/punny/Documents/GitHub/NYC-Taxi-ETL-Pipeline/.venv/lib/python3.10/site-packages/airflow/example_dags/example_task_group.py
[2024-10-20T20:57:06.347+0700] {processor.py:914} INFO - Processing file /Users/punny/Documents/GitHub/NYC-Taxi-ETL-Pipeline/.venv/lib/python3.10/site-packages/airflow/example_dags/example_task_group.py for tasks to queue
[2024-10-20T20:57:06.348+0700] {logging_mixin.py:190} INFO - [2024-10-20T20:57:06.348+0700] {dagbag.py:588} INFO - Filling up the DagBag from /Users/punny/Documents/GitHub/NYC-Taxi-ETL-Pipeline/.venv/lib/python3.10/site-packages/airflow/example_dags/example_task_group.py
[2024-10-20T20:57:06.363+0700] {processor.py:925} INFO - DAG(s) 'example_task_group' retrieved from /Users/punny/Documents/GitHub/NYC-Taxi-ETL-Pipeline/.venv/lib/python3.10/site-packages/airflow/example_dags/example_task_group.py
[2024-10-20T20:57:06.602+0700] {logging_mixin.py:190} INFO - [2024-10-20T20:57:06.602+0700] {dag.py:3239} INFO - Sync 1 DAGs
[2024-10-20T20:57:06.615+0700] {logging_mixin.py:190} INFO - [2024-10-20T20:57:06.615+0700] {dag.py:4180} INFO - Setting next_dagrun for example_task_group to None, run_after=None
[2024-10-20T20:57:06.637+0700] {processor.py:208} INFO - Processing /Users/punny/Documents/GitHub/NYC-Taxi-ETL-Pipeline/.venv/lib/python3.10/site-packages/airflow/example_dags/example_task_group.py took 0.302 seconds
[2024-10-20T21:00:36.014+0700] {processor.py:186} INFO - Started process (PID=25433) to work on /Users/punny/Documents/GitHub/NYC-Taxi-ETL-Pipeline/.venv/lib/python3.10/site-packages/airflow/example_dags/example_task_group.py
[2024-10-20T21:00:36.021+0700] {processor.py:914} INFO - Processing file /Users/punny/Documents/GitHub/NYC-Taxi-ETL-Pipeline/.venv/lib/python3.10/site-packages/airflow/example_dags/example_task_group.py for tasks to queue
[2024-10-20T21:00:36.023+0700] {logging_mixin.py:190} INFO - [2024-10-20T21:00:36.023+0700] {dagbag.py:588} INFO - Filling up the DagBag from /Users/punny/Documents/GitHub/NYC-Taxi-ETL-Pipeline/.venv/lib/python3.10/site-packages/airflow/example_dags/example_task_group.py
[2024-10-20T21:00:36.047+0700] {processor.py:925} INFO - DAG(s) 'example_task_group' retrieved from /Users/punny/Documents/GitHub/NYC-Taxi-ETL-Pipeline/.venv/lib/python3.10/site-packages/airflow/example_dags/example_task_group.py
[2024-10-20T21:00:36.277+0700] {logging_mixin.py:190} INFO - [2024-10-20T21:00:36.276+0700] {dag.py:3239} INFO - Sync 1 DAGs
[2024-10-20T21:00:36.290+0700] {logging_mixin.py:190} INFO - [2024-10-20T21:00:36.289+0700] {dag.py:4180} INFO - Setting next_dagrun for example_task_group to None, run_after=None
[2024-10-20T21:00:36.312+0700] {processor.py:208} INFO - Processing /Users/punny/Documents/GitHub/NYC-Taxi-ETL-Pipeline/.venv/lib/python3.10/site-packages/airflow/example_dags/example_task_group.py took 0.305 seconds
[2024-10-20T21:04:09.630+0700] {processor.py:186} INFO - Started process (PID=25959) to work on /Users/punny/Documents/GitHub/NYC-Taxi-ETL-Pipeline/.venv/lib/python3.10/site-packages/airflow/example_dags/example_task_group.py
[2024-10-20T21:04:09.635+0700] {processor.py:914} INFO - Processing file /Users/punny/Documents/GitHub/NYC-Taxi-ETL-Pipeline/.venv/lib/python3.10/site-packages/airflow/example_dags/example_task_group.py for tasks to queue
[2024-10-20T21:04:09.637+0700] {logging_mixin.py:190} INFO - [2024-10-20T21:04:09.636+0700] {dagbag.py:588} INFO - Filling up the DagBag from /Users/punny/Documents/GitHub/NYC-Taxi-ETL-Pipeline/.venv/lib/python3.10/site-packages/airflow/example_dags/example_task_group.py
[2024-10-20T21:04:09.652+0700] {processor.py:925} INFO - DAG(s) 'example_task_group' retrieved from /Users/punny/Documents/GitHub/NYC-Taxi-ETL-Pipeline/.venv/lib/python3.10/site-packages/airflow/example_dags/example_task_group.py
[2024-10-20T21:04:09.863+0700] {logging_mixin.py:190} INFO - [2024-10-20T21:04:09.862+0700] {dag.py:3239} INFO - Sync 1 DAGs
[2024-10-20T21:04:09.879+0700] {logging_mixin.py:190} INFO - [2024-10-20T21:04:09.879+0700] {dag.py:4180} INFO - Setting next_dagrun for example_task_group to None, run_after=None
[2024-10-20T21:04:09.905+0700] {processor.py:208} INFO - Processing /Users/punny/Documents/GitHub/NYC-Taxi-ETL-Pipeline/.venv/lib/python3.10/site-packages/airflow/example_dags/example_task_group.py took 0.286 seconds
[2024-10-20T21:07:54.305+0700] {processor.py:186} INFO - Started process (PID=26470) to work on /Users/punny/Documents/GitHub/NYC-Taxi-ETL-Pipeline/.venv/lib/python3.10/site-packages/airflow/example_dags/example_task_group.py
[2024-10-20T21:07:54.309+0700] {processor.py:914} INFO - Processing file /Users/punny/Documents/GitHub/NYC-Taxi-ETL-Pipeline/.venv/lib/python3.10/site-packages/airflow/example_dags/example_task_group.py for tasks to queue
[2024-10-20T21:07:54.310+0700] {logging_mixin.py:190} INFO - [2024-10-20T21:07:54.310+0700] {dagbag.py:588} INFO - Filling up the DagBag from /Users/punny/Documents/GitHub/NYC-Taxi-ETL-Pipeline/.venv/lib/python3.10/site-packages/airflow/example_dags/example_task_group.py
[2024-10-20T21:07:54.323+0700] {processor.py:925} INFO - DAG(s) 'example_task_group' retrieved from /Users/punny/Documents/GitHub/NYC-Taxi-ETL-Pipeline/.venv/lib/python3.10/site-packages/airflow/example_dags/example_task_group.py
[2024-10-20T21:07:54.517+0700] {logging_mixin.py:190} INFO - [2024-10-20T21:07:54.516+0700] {dag.py:3239} INFO - Sync 1 DAGs
[2024-10-20T21:07:54.530+0700] {logging_mixin.py:190} INFO - [2024-10-20T21:07:54.530+0700] {dag.py:4180} INFO - Setting next_dagrun for example_task_group to None, run_after=None
[2024-10-20T21:07:54.558+0700] {processor.py:208} INFO - Processing /Users/punny/Documents/GitHub/NYC-Taxi-ETL-Pipeline/.venv/lib/python3.10/site-packages/airflow/example_dags/example_task_group.py took 0.262 seconds
[2024-10-20T21:10:51.851+0700] {processor.py:186} INFO - Started process (PID=26827) to work on /Users/punny/Documents/GitHub/NYC-Taxi-ETL-Pipeline/.venv/lib/python3.10/site-packages/airflow/example_dags/example_task_group.py
[2024-10-20T21:10:51.854+0700] {processor.py:914} INFO - Processing file /Users/punny/Documents/GitHub/NYC-Taxi-ETL-Pipeline/.venv/lib/python3.10/site-packages/airflow/example_dags/example_task_group.py for tasks to queue
[2024-10-20T21:10:51.855+0700] {logging_mixin.py:190} INFO - [2024-10-20T21:10:51.855+0700] {dagbag.py:588} INFO - Filling up the DagBag from /Users/punny/Documents/GitHub/NYC-Taxi-ETL-Pipeline/.venv/lib/python3.10/site-packages/airflow/example_dags/example_task_group.py
[2024-10-20T21:10:51.867+0700] {processor.py:925} INFO - DAG(s) 'example_task_group' retrieved from /Users/punny/Documents/GitHub/NYC-Taxi-ETL-Pipeline/.venv/lib/python3.10/site-packages/airflow/example_dags/example_task_group.py
[2024-10-20T21:10:52.062+0700] {logging_mixin.py:190} INFO - [2024-10-20T21:10:52.061+0700] {dag.py:3239} INFO - Sync 1 DAGs
[2024-10-20T21:10:52.075+0700] {logging_mixin.py:190} INFO - [2024-10-20T21:10:52.074+0700] {dag.py:4180} INFO - Setting next_dagrun for example_task_group to None, run_after=None
[2024-10-20T21:10:52.096+0700] {processor.py:208} INFO - Processing /Users/punny/Documents/GitHub/NYC-Taxi-ETL-Pipeline/.venv/lib/python3.10/site-packages/airflow/example_dags/example_task_group.py took 0.254 seconds
[2024-10-20T21:29:13.795+0700] {processor.py:186} INFO - Started process (PID=27468) to work on /Users/punny/Documents/GitHub/NYC-Taxi-ETL-Pipeline/.venv/lib/python3.10/site-packages/airflow/example_dags/example_task_group.py
[2024-10-20T21:29:13.798+0700] {processor.py:914} INFO - Processing file /Users/punny/Documents/GitHub/NYC-Taxi-ETL-Pipeline/.venv/lib/python3.10/site-packages/airflow/example_dags/example_task_group.py for tasks to queue
[2024-10-20T21:29:13.799+0700] {logging_mixin.py:190} INFO - [2024-10-20T21:29:13.799+0700] {dagbag.py:588} INFO - Filling up the DagBag from /Users/punny/Documents/GitHub/NYC-Taxi-ETL-Pipeline/.venv/lib/python3.10/site-packages/airflow/example_dags/example_task_group.py
[2024-10-20T21:29:13.812+0700] {processor.py:925} INFO - DAG(s) 'example_task_group' retrieved from /Users/punny/Documents/GitHub/NYC-Taxi-ETL-Pipeline/.venv/lib/python3.10/site-packages/airflow/example_dags/example_task_group.py
[2024-10-20T21:29:14.003+0700] {logging_mixin.py:190} INFO - [2024-10-20T21:29:14.003+0700] {dag.py:3239} INFO - Sync 1 DAGs
[2024-10-20T21:29:14.017+0700] {logging_mixin.py:190} INFO - [2024-10-20T21:29:14.016+0700] {dag.py:4180} INFO - Setting next_dagrun for example_task_group to None, run_after=None
[2024-10-20T21:29:14.039+0700] {processor.py:208} INFO - Processing /Users/punny/Documents/GitHub/NYC-Taxi-ETL-Pipeline/.venv/lib/python3.10/site-packages/airflow/example_dags/example_task_group.py took 0.253 seconds
[2024-10-20T21:32:55.109+0700] {processor.py:186} INFO - Started process (PID=28099) to work on /Users/punny/Documents/GitHub/NYC-Taxi-ETL-Pipeline/.venv/lib/python3.10/site-packages/airflow/example_dags/example_task_group.py
[2024-10-20T21:32:55.112+0700] {processor.py:914} INFO - Processing file /Users/punny/Documents/GitHub/NYC-Taxi-ETL-Pipeline/.venv/lib/python3.10/site-packages/airflow/example_dags/example_task_group.py for tasks to queue
[2024-10-20T21:32:55.114+0700] {logging_mixin.py:190} INFO - [2024-10-20T21:32:55.113+0700] {dagbag.py:588} INFO - Filling up the DagBag from /Users/punny/Documents/GitHub/NYC-Taxi-ETL-Pipeline/.venv/lib/python3.10/site-packages/airflow/example_dags/example_task_group.py
[2024-10-20T21:32:55.126+0700] {processor.py:925} INFO - DAG(s) 'example_task_group' retrieved from /Users/punny/Documents/GitHub/NYC-Taxi-ETL-Pipeline/.venv/lib/python3.10/site-packages/airflow/example_dags/example_task_group.py
[2024-10-20T21:32:55.320+0700] {logging_mixin.py:190} INFO - [2024-10-20T21:32:55.320+0700] {dag.py:3239} INFO - Sync 1 DAGs
[2024-10-20T21:32:55.333+0700] {logging_mixin.py:190} INFO - [2024-10-20T21:32:55.333+0700] {dag.py:4180} INFO - Setting next_dagrun for example_task_group to None, run_after=None
[2024-10-20T21:32:55.354+0700] {processor.py:208} INFO - Processing /Users/punny/Documents/GitHub/NYC-Taxi-ETL-Pipeline/.venv/lib/python3.10/site-packages/airflow/example_dags/example_task_group.py took 0.255 seconds
[2024-10-20T21:56:27.504+0700] {processor.py:186} INFO - Started process (PID=31189) to work on /Users/punny/Documents/GitHub/NYC-Taxi-ETL-Pipeline/.venv/lib/python3.10/site-packages/airflow/example_dags/example_task_group.py
[2024-10-20T21:56:27.508+0700] {processor.py:914} INFO - Processing file /Users/punny/Documents/GitHub/NYC-Taxi-ETL-Pipeline/.venv/lib/python3.10/site-packages/airflow/example_dags/example_task_group.py for tasks to queue
[2024-10-20T21:56:27.509+0700] {logging_mixin.py:190} INFO - [2024-10-20T21:56:27.509+0700] {dagbag.py:588} INFO - Filling up the DagBag from /Users/punny/Documents/GitHub/NYC-Taxi-ETL-Pipeline/.venv/lib/python3.10/site-packages/airflow/example_dags/example_task_group.py
[2024-10-20T21:56:27.523+0700] {processor.py:925} INFO - DAG(s) 'example_task_group' retrieved from /Users/punny/Documents/GitHub/NYC-Taxi-ETL-Pipeline/.venv/lib/python3.10/site-packages/airflow/example_dags/example_task_group.py
[2024-10-20T21:56:27.735+0700] {logging_mixin.py:190} INFO - [2024-10-20T21:56:27.735+0700] {dag.py:3239} INFO - Sync 1 DAGs
[2024-10-20T21:56:27.748+0700] {logging_mixin.py:190} INFO - [2024-10-20T21:56:27.748+0700] {dag.py:4180} INFO - Setting next_dagrun for example_task_group to None, run_after=None
[2024-10-20T21:56:27.771+0700] {processor.py:208} INFO - Processing /Users/punny/Documents/GitHub/NYC-Taxi-ETL-Pipeline/.venv/lib/python3.10/site-packages/airflow/example_dags/example_task_group.py took 0.278 seconds
[2024-10-20T22:30:41.729+0700] {processor.py:186} INFO - Started process (PID=31857) to work on /Users/punny/Documents/GitHub/NYC-Taxi-ETL-Pipeline/.venv/lib/python3.10/site-packages/airflow/example_dags/example_task_group.py
[2024-10-20T22:30:41.733+0700] {processor.py:914} INFO - Processing file /Users/punny/Documents/GitHub/NYC-Taxi-ETL-Pipeline/.venv/lib/python3.10/site-packages/airflow/example_dags/example_task_group.py for tasks to queue
[2024-10-20T22:30:41.735+0700] {logging_mixin.py:190} INFO - [2024-10-20T22:30:41.735+0700] {dagbag.py:588} INFO - Filling up the DagBag from /Users/punny/Documents/GitHub/NYC-Taxi-ETL-Pipeline/.venv/lib/python3.10/site-packages/airflow/example_dags/example_task_group.py
[2024-10-20T22:30:41.754+0700] {processor.py:925} INFO - DAG(s) 'example_task_group' retrieved from /Users/punny/Documents/GitHub/NYC-Taxi-ETL-Pipeline/.venv/lib/python3.10/site-packages/airflow/example_dags/example_task_group.py
[2024-10-20T22:30:42.036+0700] {logging_mixin.py:190} INFO - [2024-10-20T22:30:42.036+0700] {dag.py:3239} INFO - Sync 1 DAGs
[2024-10-20T22:30:42.064+0700] {logging_mixin.py:190} INFO - [2024-10-20T22:30:42.064+0700] {dag.py:4180} INFO - Setting next_dagrun for example_task_group to None, run_after=None
[2024-10-20T22:30:42.101+0700] {processor.py:208} INFO - Processing /Users/punny/Documents/GitHub/NYC-Taxi-ETL-Pipeline/.venv/lib/python3.10/site-packages/airflow/example_dags/example_task_group.py took 0.385 seconds
[2024-10-21T00:47:54.747+0700] {processor.py:186} INFO - Started process (PID=32569) to work on /Users/punny/Documents/GitHub/NYC-Taxi-ETL-Pipeline/.venv/lib/python3.10/site-packages/airflow/example_dags/example_task_group.py
[2024-10-21T00:47:54.750+0700] {processor.py:914} INFO - Processing file /Users/punny/Documents/GitHub/NYC-Taxi-ETL-Pipeline/.venv/lib/python3.10/site-packages/airflow/example_dags/example_task_group.py for tasks to queue
[2024-10-21T00:47:54.751+0700] {logging_mixin.py:190} INFO - [2024-10-21T00:47:54.751+0700] {dagbag.py:588} INFO - Filling up the DagBag from /Users/punny/Documents/GitHub/NYC-Taxi-ETL-Pipeline/.venv/lib/python3.10/site-packages/airflow/example_dags/example_task_group.py
[2024-10-21T00:47:54.764+0700] {processor.py:925} INFO - DAG(s) 'example_task_group' retrieved from /Users/punny/Documents/GitHub/NYC-Taxi-ETL-Pipeline/.venv/lib/python3.10/site-packages/airflow/example_dags/example_task_group.py
[2024-10-21T00:47:54.963+0700] {logging_mixin.py:190} INFO - [2024-10-21T00:47:54.963+0700] {dag.py:3239} INFO - Sync 1 DAGs
[2024-10-21T00:47:54.976+0700] {logging_mixin.py:190} INFO - [2024-10-21T00:47:54.976+0700] {dag.py:4180} INFO - Setting next_dagrun for example_task_group to None, run_after=None
[2024-10-21T00:47:54.998+0700] {processor.py:208} INFO - Processing /Users/punny/Documents/GitHub/NYC-Taxi-ETL-Pipeline/.venv/lib/python3.10/site-packages/airflow/example_dags/example_task_group.py took 0.261 seconds
[2024-10-21T02:49:57.121+0700] {processor.py:186} INFO - Started process (PID=33250) to work on /Users/punny/Documents/GitHub/NYC-Taxi-ETL-Pipeline/.venv/lib/python3.10/site-packages/airflow/example_dags/example_task_group.py
[2024-10-21T02:49:57.124+0700] {processor.py:914} INFO - Processing file /Users/punny/Documents/GitHub/NYC-Taxi-ETL-Pipeline/.venv/lib/python3.10/site-packages/airflow/example_dags/example_task_group.py for tasks to queue
[2024-10-21T02:49:57.125+0700] {logging_mixin.py:190} INFO - [2024-10-21T02:49:57.125+0700] {dagbag.py:588} INFO - Filling up the DagBag from /Users/punny/Documents/GitHub/NYC-Taxi-ETL-Pipeline/.venv/lib/python3.10/site-packages/airflow/example_dags/example_task_group.py
[2024-10-21T02:49:57.136+0700] {processor.py:925} INFO - DAG(s) 'example_task_group' retrieved from /Users/punny/Documents/GitHub/NYC-Taxi-ETL-Pipeline/.venv/lib/python3.10/site-packages/airflow/example_dags/example_task_group.py
[2024-10-21T02:49:57.327+0700] {logging_mixin.py:190} INFO - [2024-10-21T02:49:57.327+0700] {dag.py:3239} INFO - Sync 1 DAGs
[2024-10-21T02:49:57.341+0700] {logging_mixin.py:190} INFO - [2024-10-21T02:49:57.340+0700] {dag.py:4180} INFO - Setting next_dagrun for example_task_group to None, run_after=None
[2024-10-21T02:49:57.363+0700] {processor.py:208} INFO - Processing /Users/punny/Documents/GitHub/NYC-Taxi-ETL-Pipeline/.venv/lib/python3.10/site-packages/airflow/example_dags/example_task_group.py took 0.250 seconds
