[2024-10-20T20:44:42.623+0700] {processor.py:186} INFO - Started process (PID=22986) to work on /Users/punny/Documents/GitHub/NYC-Taxi-ETL-Pipeline/.venv/lib/python3.10/site-packages/airflow/example_dags/example_dynamic_task_mapping.py
[2024-10-20T20:44:42.626+0700] {processor.py:914} INFO - Processing file /Users/punny/Documents/GitHub/NYC-Taxi-ETL-Pipeline/.venv/lib/python3.10/site-packages/airflow/example_dags/example_dynamic_task_mapping.py for tasks to queue
[2024-10-20T20:44:42.627+0700] {logging_mixin.py:190} INFO - [2024-10-20T20:44:42.627+0700] {dagbag.py:588} INFO - Filling up the DagBag from /Users/punny/Documents/GitHub/NYC-Taxi-ETL-Pipeline/.venv/lib/python3.10/site-packages/airflow/example_dags/example_dynamic_task_mapping.py
[2024-10-20T20:44:42.681+0700] {processor.py:925} INFO - DAG(s) 'example_dynamic_task_mapping' retrieved from /Users/punny/Documents/GitHub/NYC-Taxi-ETL-Pipeline/.venv/lib/python3.10/site-packages/airflow/example_dags/example_dynamic_task_mapping.py
[2024-10-20T20:44:43.006+0700] {logging_mixin.py:190} INFO - [2024-10-20T20:44:43.005+0700] {override.py:1907} INFO - Created Permission View: can read on DAG:example_dynamic_task_mapping
[2024-10-20T20:44:43.021+0700] {logging_mixin.py:190} INFO - [2024-10-20T20:44:43.020+0700] {override.py:1907} INFO - Created Permission View: can edit on DAG:example_dynamic_task_mapping
[2024-10-20T20:44:43.029+0700] {logging_mixin.py:190} INFO - [2024-10-20T20:44:43.029+0700] {override.py:1907} INFO - Created Permission View: can delete on DAG:example_dynamic_task_mapping
[2024-10-20T20:44:43.042+0700] {logging_mixin.py:190} INFO - [2024-10-20T20:44:43.041+0700] {override.py:1907} INFO - Created Permission View: can create on DAG Run:example_dynamic_task_mapping
[2024-10-20T20:44:43.056+0700] {logging_mixin.py:190} INFO - [2024-10-20T20:44:43.056+0700] {override.py:1907} INFO - Created Permission View: can read on DAG Run:example_dynamic_task_mapping
[2024-10-20T20:44:43.067+0700] {logging_mixin.py:190} INFO - [2024-10-20T20:44:43.065+0700] {override.py:1907} INFO - Created Permission View: menu access on DAG Run:example_dynamic_task_mapping
[2024-10-20T20:44:43.076+0700] {logging_mixin.py:190} INFO - [2024-10-20T20:44:43.075+0700] {override.py:1907} INFO - Created Permission View: can delete on DAG Run:example_dynamic_task_mapping
[2024-10-20T20:44:43.076+0700] {logging_mixin.py:190} INFO - [2024-10-20T20:44:43.076+0700] {dag.py:3239} INFO - Sync 1 DAGs
[2024-10-20T20:44:43.096+0700] {logging_mixin.py:190} INFO - [2024-10-20T20:44:43.096+0700] {dag.py:3262} INFO - Creating ORM DAG for example_dynamic_task_mapping
[2024-10-20T20:44:43.097+0700] {logging_mixin.py:190} INFO - [2024-10-20T20:44:43.097+0700] {dag.py:4180} INFO - Setting next_dagrun for example_dynamic_task_mapping to None, run_after=None
[2024-10-20T20:44:43.123+0700] {processor.py:208} INFO - Processing /Users/punny/Documents/GitHub/NYC-Taxi-ETL-Pipeline/.venv/lib/python3.10/site-packages/airflow/example_dags/example_dynamic_task_mapping.py took 0.513 seconds
[2024-10-20T20:48:35.696+0700] {processor.py:186} INFO - Started process (PID=23552) to work on /Users/punny/Documents/GitHub/NYC-Taxi-ETL-Pipeline/.venv/lib/python3.10/site-packages/airflow/example_dags/example_dynamic_task_mapping.py
[2024-10-20T20:48:35.702+0700] {processor.py:914} INFO - Processing file /Users/punny/Documents/GitHub/NYC-Taxi-ETL-Pipeline/.venv/lib/python3.10/site-packages/airflow/example_dags/example_dynamic_task_mapping.py for tasks to queue
[2024-10-20T20:48:35.703+0700] {logging_mixin.py:190} INFO - [2024-10-20T20:48:35.703+0700] {dagbag.py:588} INFO - Filling up the DagBag from /Users/punny/Documents/GitHub/NYC-Taxi-ETL-Pipeline/.venv/lib/python3.10/site-packages/airflow/example_dags/example_dynamic_task_mapping.py
[2024-10-20T20:48:35.772+0700] {processor.py:925} INFO - DAG(s) 'example_dynamic_task_mapping' retrieved from /Users/punny/Documents/GitHub/NYC-Taxi-ETL-Pipeline/.venv/lib/python3.10/site-packages/airflow/example_dags/example_dynamic_task_mapping.py
[2024-10-20T20:48:36.035+0700] {logging_mixin.py:190} INFO - [2024-10-20T20:48:36.035+0700] {dag.py:3239} INFO - Sync 1 DAGs
[2024-10-20T20:48:36.054+0700] {logging_mixin.py:190} INFO - [2024-10-20T20:48:36.054+0700] {dag.py:4180} INFO - Setting next_dagrun for example_dynamic_task_mapping to None, run_after=None
[2024-10-20T20:48:36.085+0700] {processor.py:208} INFO - Processing /Users/punny/Documents/GitHub/NYC-Taxi-ETL-Pipeline/.venv/lib/python3.10/site-packages/airflow/example_dags/example_dynamic_task_mapping.py took 0.402 seconds
[2024-10-20T20:51:53.003+0700] {processor.py:186} INFO - Started process (PID=24038) to work on /Users/punny/Documents/GitHub/NYC-Taxi-ETL-Pipeline/.venv/lib/python3.10/site-packages/airflow/example_dags/example_dynamic_task_mapping.py
[2024-10-20T20:51:53.007+0700] {processor.py:914} INFO - Processing file /Users/punny/Documents/GitHub/NYC-Taxi-ETL-Pipeline/.venv/lib/python3.10/site-packages/airflow/example_dags/example_dynamic_task_mapping.py for tasks to queue
[2024-10-20T20:51:53.008+0700] {logging_mixin.py:190} INFO - [2024-10-20T20:51:53.008+0700] {dagbag.py:588} INFO - Filling up the DagBag from /Users/punny/Documents/GitHub/NYC-Taxi-ETL-Pipeline/.venv/lib/python3.10/site-packages/airflow/example_dags/example_dynamic_task_mapping.py
[2024-10-20T20:51:53.107+0700] {processor.py:925} INFO - DAG(s) 'example_dynamic_task_mapping' retrieved from /Users/punny/Documents/GitHub/NYC-Taxi-ETL-Pipeline/.venv/lib/python3.10/site-packages/airflow/example_dags/example_dynamic_task_mapping.py
[2024-10-20T20:51:53.296+0700] {logging_mixin.py:190} INFO - [2024-10-20T20:51:53.295+0700] {dag.py:3239} INFO - Sync 1 DAGs
[2024-10-20T20:51:53.310+0700] {logging_mixin.py:190} INFO - [2024-10-20T20:51:53.309+0700] {dag.py:4180} INFO - Setting next_dagrun for example_dynamic_task_mapping to None, run_after=None
[2024-10-20T20:51:53.330+0700] {processor.py:208} INFO - Processing /Users/punny/Documents/GitHub/NYC-Taxi-ETL-Pipeline/.venv/lib/python3.10/site-packages/airflow/example_dags/example_dynamic_task_mapping.py took 0.334 seconds
[2024-10-20T20:55:24.821+0700] {processor.py:186} INFO - Started process (PID=24576) to work on /Users/punny/Documents/GitHub/NYC-Taxi-ETL-Pipeline/.venv/lib/python3.10/site-packages/airflow/example_dags/example_dynamic_task_mapping.py
[2024-10-20T20:55:24.825+0700] {processor.py:914} INFO - Processing file /Users/punny/Documents/GitHub/NYC-Taxi-ETL-Pipeline/.venv/lib/python3.10/site-packages/airflow/example_dags/example_dynamic_task_mapping.py for tasks to queue
[2024-10-20T20:55:24.826+0700] {logging_mixin.py:190} INFO - [2024-10-20T20:55:24.826+0700] {dagbag.py:588} INFO - Filling up the DagBag from /Users/punny/Documents/GitHub/NYC-Taxi-ETL-Pipeline/.venv/lib/python3.10/site-packages/airflow/example_dags/example_dynamic_task_mapping.py
[2024-10-20T20:55:24.873+0700] {processor.py:925} INFO - DAG(s) 'example_dynamic_task_mapping' retrieved from /Users/punny/Documents/GitHub/NYC-Taxi-ETL-Pipeline/.venv/lib/python3.10/site-packages/airflow/example_dags/example_dynamic_task_mapping.py
[2024-10-20T20:55:25.107+0700] {logging_mixin.py:190} INFO - [2024-10-20T20:55:25.106+0700] {dag.py:3239} INFO - Sync 1 DAGs
[2024-10-20T20:55:25.141+0700] {logging_mixin.py:190} INFO - [2024-10-20T20:55:25.140+0700] {dag.py:4180} INFO - Setting next_dagrun for example_dynamic_task_mapping to None, run_after=None
[2024-10-20T20:55:25.166+0700] {processor.py:208} INFO - Processing /Users/punny/Documents/GitHub/NYC-Taxi-ETL-Pipeline/.venv/lib/python3.10/site-packages/airflow/example_dags/example_dynamic_task_mapping.py took 0.353 seconds
[2024-10-20T21:02:20.339+0700] {processor.py:186} INFO - Started process (PID=25661) to work on /Users/punny/Documents/GitHub/NYC-Taxi-ETL-Pipeline/.venv/lib/python3.10/site-packages/airflow/example_dags/example_dynamic_task_mapping.py
[2024-10-20T21:02:20.342+0700] {processor.py:914} INFO - Processing file /Users/punny/Documents/GitHub/NYC-Taxi-ETL-Pipeline/.venv/lib/python3.10/site-packages/airflow/example_dags/example_dynamic_task_mapping.py for tasks to queue
[2024-10-20T21:02:20.344+0700] {logging_mixin.py:190} INFO - [2024-10-20T21:02:20.344+0700] {dagbag.py:588} INFO - Filling up the DagBag from /Users/punny/Documents/GitHub/NYC-Taxi-ETL-Pipeline/.venv/lib/python3.10/site-packages/airflow/example_dags/example_dynamic_task_mapping.py
[2024-10-20T21:02:20.391+0700] {processor.py:925} INFO - DAG(s) 'example_dynamic_task_mapping' retrieved from /Users/punny/Documents/GitHub/NYC-Taxi-ETL-Pipeline/.venv/lib/python3.10/site-packages/airflow/example_dags/example_dynamic_task_mapping.py
[2024-10-20T21:02:20.593+0700] {logging_mixin.py:190} INFO - [2024-10-20T21:02:20.592+0700] {dag.py:3239} INFO - Sync 1 DAGs
[2024-10-20T21:02:20.608+0700] {logging_mixin.py:190} INFO - [2024-10-20T21:02:20.607+0700] {dag.py:4180} INFO - Setting next_dagrun for example_dynamic_task_mapping to None, run_after=None
[2024-10-20T21:02:20.631+0700] {processor.py:208} INFO - Processing /Users/punny/Documents/GitHub/NYC-Taxi-ETL-Pipeline/.venv/lib/python3.10/site-packages/airflow/example_dags/example_dynamic_task_mapping.py took 0.301 seconds
[2024-10-20T21:09:17.713+0700] {processor.py:186} INFO - Started process (PID=26635) to work on /Users/punny/Documents/GitHub/NYC-Taxi-ETL-Pipeline/.venv/lib/python3.10/site-packages/airflow/example_dags/example_dynamic_task_mapping.py
[2024-10-20T21:09:17.716+0700] {processor.py:914} INFO - Processing file /Users/punny/Documents/GitHub/NYC-Taxi-ETL-Pipeline/.venv/lib/python3.10/site-packages/airflow/example_dags/example_dynamic_task_mapping.py for tasks to queue
[2024-10-20T21:09:17.717+0700] {logging_mixin.py:190} INFO - [2024-10-20T21:09:17.717+0700] {dagbag.py:588} INFO - Filling up the DagBag from /Users/punny/Documents/GitHub/NYC-Taxi-ETL-Pipeline/.venv/lib/python3.10/site-packages/airflow/example_dags/example_dynamic_task_mapping.py
[2024-10-20T21:09:17.759+0700] {processor.py:925} INFO - DAG(s) 'example_dynamic_task_mapping' retrieved from /Users/punny/Documents/GitHub/NYC-Taxi-ETL-Pipeline/.venv/lib/python3.10/site-packages/airflow/example_dags/example_dynamic_task_mapping.py
[2024-10-20T21:09:17.950+0700] {logging_mixin.py:190} INFO - [2024-10-20T21:09:17.949+0700] {dag.py:3239} INFO - Sync 1 DAGs
[2024-10-20T21:09:17.966+0700] {logging_mixin.py:190} INFO - [2024-10-20T21:09:17.966+0700] {dag.py:4180} INFO - Setting next_dagrun for example_dynamic_task_mapping to None, run_after=None
[2024-10-20T21:09:17.991+0700] {processor.py:208} INFO - Processing /Users/punny/Documents/GitHub/NYC-Taxi-ETL-Pipeline/.venv/lib/python3.10/site-packages/airflow/example_dags/example_dynamic_task_mapping.py took 0.287 seconds
[2024-10-20T21:30:48.700+0700] {processor.py:186} INFO - Started process (PID=27697) to work on /Users/punny/Documents/GitHub/NYC-Taxi-ETL-Pipeline/.venv/lib/python3.10/site-packages/airflow/example_dags/example_dynamic_task_mapping.py
[2024-10-20T21:30:48.708+0700] {processor.py:914} INFO - Processing file /Users/punny/Documents/GitHub/NYC-Taxi-ETL-Pipeline/.venv/lib/python3.10/site-packages/airflow/example_dags/example_dynamic_task_mapping.py for tasks to queue
[2024-10-20T21:30:48.711+0700] {logging_mixin.py:190} INFO - [2024-10-20T21:30:48.710+0700] {dagbag.py:588} INFO - Filling up the DagBag from /Users/punny/Documents/GitHub/NYC-Taxi-ETL-Pipeline/.venv/lib/python3.10/site-packages/airflow/example_dags/example_dynamic_task_mapping.py
[2024-10-20T21:30:48.784+0700] {processor.py:925} INFO - DAG(s) 'example_dynamic_task_mapping' retrieved from /Users/punny/Documents/GitHub/NYC-Taxi-ETL-Pipeline/.venv/lib/python3.10/site-packages/airflow/example_dags/example_dynamic_task_mapping.py
[2024-10-20T21:30:48.990+0700] {logging_mixin.py:190} INFO - [2024-10-20T21:30:48.990+0700] {dag.py:3239} INFO - Sync 1 DAGs
[2024-10-20T21:30:49.005+0700] {logging_mixin.py:190} INFO - [2024-10-20T21:30:49.004+0700] {dag.py:4180} INFO - Setting next_dagrun for example_dynamic_task_mapping to None, run_after=None
[2024-10-20T21:30:49.026+0700] {processor.py:208} INFO - Processing /Users/punny/Documents/GitHub/NYC-Taxi-ETL-Pipeline/.venv/lib/python3.10/site-packages/airflow/example_dags/example_dynamic_task_mapping.py took 0.334 seconds
[2024-10-20T21:58:09.586+0700] {processor.py:186} INFO - Started process (PID=31408) to work on /Users/punny/Documents/GitHub/NYC-Taxi-ETL-Pipeline/.venv/lib/python3.10/site-packages/airflow/example_dags/example_dynamic_task_mapping.py
[2024-10-20T21:58:09.589+0700] {processor.py:914} INFO - Processing file /Users/punny/Documents/GitHub/NYC-Taxi-ETL-Pipeline/.venv/lib/python3.10/site-packages/airflow/example_dags/example_dynamic_task_mapping.py for tasks to queue
[2024-10-20T21:58:09.590+0700] {logging_mixin.py:190} INFO - [2024-10-20T21:58:09.590+0700] {dagbag.py:588} INFO - Filling up the DagBag from /Users/punny/Documents/GitHub/NYC-Taxi-ETL-Pipeline/.venv/lib/python3.10/site-packages/airflow/example_dags/example_dynamic_task_mapping.py
[2024-10-20T21:58:09.649+0700] {processor.py:925} INFO - DAG(s) 'example_dynamic_task_mapping' retrieved from /Users/punny/Documents/GitHub/NYC-Taxi-ETL-Pipeline/.venv/lib/python3.10/site-packages/airflow/example_dags/example_dynamic_task_mapping.py
[2024-10-20T21:58:09.916+0700] {logging_mixin.py:190} INFO - [2024-10-20T21:58:09.915+0700] {dag.py:3239} INFO - Sync 1 DAGs
[2024-10-20T21:58:09.932+0700] {logging_mixin.py:190} INFO - [2024-10-20T21:58:09.931+0700] {dag.py:4180} INFO - Setting next_dagrun for example_dynamic_task_mapping to None, run_after=None
[2024-10-20T21:58:09.953+0700] {processor.py:208} INFO - Processing /Users/punny/Documents/GitHub/NYC-Taxi-ETL-Pipeline/.venv/lib/python3.10/site-packages/airflow/example_dags/example_dynamic_task_mapping.py took 0.375 seconds
[2024-10-20T23:32:48.627+0700] {processor.py:186} INFO - Started process (PID=32186) to work on /Users/punny/Documents/GitHub/NYC-Taxi-ETL-Pipeline/.venv/lib/python3.10/site-packages/airflow/example_dags/example_dynamic_task_mapping.py
[2024-10-20T23:32:48.632+0700] {processor.py:914} INFO - Processing file /Users/punny/Documents/GitHub/NYC-Taxi-ETL-Pipeline/.venv/lib/python3.10/site-packages/airflow/example_dags/example_dynamic_task_mapping.py for tasks to queue
[2024-10-20T23:32:48.634+0700] {logging_mixin.py:190} INFO - [2024-10-20T23:32:48.633+0700] {dagbag.py:588} INFO - Filling up the DagBag from /Users/punny/Documents/GitHub/NYC-Taxi-ETL-Pipeline/.venv/lib/python3.10/site-packages/airflow/example_dags/example_dynamic_task_mapping.py
[2024-10-20T23:32:48.751+0700] {processor.py:925} INFO - DAG(s) 'example_dynamic_task_mapping' retrieved from /Users/punny/Documents/GitHub/NYC-Taxi-ETL-Pipeline/.venv/lib/python3.10/site-packages/airflow/example_dags/example_dynamic_task_mapping.py
[2024-10-20T23:32:49.248+0700] {logging_mixin.py:190} INFO - [2024-10-20T23:32:49.247+0700] {dag.py:3239} INFO - Sync 1 DAGs
[2024-10-20T23:32:49.277+0700] {logging_mixin.py:190} INFO - [2024-10-20T23:32:49.276+0700] {dag.py:4180} INFO - Setting next_dagrun for example_dynamic_task_mapping to None, run_after=None
[2024-10-20T23:32:49.318+0700] {processor.py:208} INFO - Processing /Users/punny/Documents/GitHub/NYC-Taxi-ETL-Pipeline/.venv/lib/python3.10/site-packages/airflow/example_dags/example_dynamic_task_mapping.py took 0.704 seconds
[2024-10-21T01:33:10.559+0700] {processor.py:186} INFO - Started process (PID=32806) to work on /Users/punny/Documents/GitHub/NYC-Taxi-ETL-Pipeline/.venv/lib/python3.10/site-packages/airflow/example_dags/example_dynamic_task_mapping.py
[2024-10-21T01:33:10.562+0700] {processor.py:914} INFO - Processing file /Users/punny/Documents/GitHub/NYC-Taxi-ETL-Pipeline/.venv/lib/python3.10/site-packages/airflow/example_dags/example_dynamic_task_mapping.py for tasks to queue
[2024-10-21T01:33:10.563+0700] {logging_mixin.py:190} INFO - [2024-10-21T01:33:10.563+0700] {dagbag.py:588} INFO - Filling up the DagBag from /Users/punny/Documents/GitHub/NYC-Taxi-ETL-Pipeline/.venv/lib/python3.10/site-packages/airflow/example_dags/example_dynamic_task_mapping.py
[2024-10-21T01:33:10.605+0700] {processor.py:925} INFO - DAG(s) 'example_dynamic_task_mapping' retrieved from /Users/punny/Documents/GitHub/NYC-Taxi-ETL-Pipeline/.venv/lib/python3.10/site-packages/airflow/example_dags/example_dynamic_task_mapping.py
[2024-10-21T01:33:10.805+0700] {logging_mixin.py:190} INFO - [2024-10-21T01:33:10.804+0700] {dag.py:3239} INFO - Sync 1 DAGs
[2024-10-21T01:33:10.830+0700] {logging_mixin.py:190} INFO - [2024-10-21T01:33:10.830+0700] {dag.py:4180} INFO - Setting next_dagrun for example_dynamic_task_mapping to None, run_after=None
[2024-10-21T01:33:10.861+0700] {processor.py:208} INFO - Processing /Users/punny/Documents/GitHub/NYC-Taxi-ETL-Pipeline/.venv/lib/python3.10/site-packages/airflow/example_dags/example_dynamic_task_mapping.py took 0.309 seconds
[2024-10-21T03:51:04.294+0700] {processor.py:186} INFO - Started process (PID=33554) to work on /Users/punny/Documents/GitHub/NYC-Taxi-ETL-Pipeline/.venv/lib/python3.10/site-packages/airflow/example_dags/example_dynamic_task_mapping.py
[2024-10-21T03:51:04.297+0700] {processor.py:914} INFO - Processing file /Users/punny/Documents/GitHub/NYC-Taxi-ETL-Pipeline/.venv/lib/python3.10/site-packages/airflow/example_dags/example_dynamic_task_mapping.py for tasks to queue
[2024-10-21T03:51:04.298+0700] {logging_mixin.py:190} INFO - [2024-10-21T03:51:04.298+0700] {dagbag.py:588} INFO - Filling up the DagBag from /Users/punny/Documents/GitHub/NYC-Taxi-ETL-Pipeline/.venv/lib/python3.10/site-packages/airflow/example_dags/example_dynamic_task_mapping.py
[2024-10-21T03:51:04.340+0700] {processor.py:925} INFO - DAG(s) 'example_dynamic_task_mapping' retrieved from /Users/punny/Documents/GitHub/NYC-Taxi-ETL-Pipeline/.venv/lib/python3.10/site-packages/airflow/example_dags/example_dynamic_task_mapping.py
[2024-10-21T03:51:04.519+0700] {logging_mixin.py:190} INFO - [2024-10-21T03:51:04.519+0700] {dag.py:3239} INFO - Sync 1 DAGs
[2024-10-21T03:51:04.534+0700] {logging_mixin.py:190} INFO - [2024-10-21T03:51:04.534+0700] {dag.py:4180} INFO - Setting next_dagrun for example_dynamic_task_mapping to None, run_after=None
[2024-10-21T03:51:04.556+0700] {processor.py:208} INFO - Processing /Users/punny/Documents/GitHub/NYC-Taxi-ETL-Pipeline/.venv/lib/python3.10/site-packages/airflow/example_dags/example_dynamic_task_mapping.py took 0.269 seconds
