[2024-10-20T20:45:40.550+0700] {processor.py:186} INFO - Started process (PID=23152) to work on /Users/punny/Documents/GitHub/NYC-Taxi-ETL-Pipeline/.venv/lib/python3.10/site-packages/airflow/example_dags/example_branch_day_of_week_operator.py
[2024-10-20T20:45:40.554+0700] {processor.py:914} INFO - Processing file /Users/punny/Documents/GitHub/NYC-Taxi-ETL-Pipeline/.venv/lib/python3.10/site-packages/airflow/example_dags/example_branch_day_of_week_operator.py for tasks to queue
[2024-10-20T20:45:40.555+0700] {logging_mixin.py:190} INFO - [2024-10-20T20:45:40.555+0700] {dagbag.py:588} INFO - Filling up the DagBag from /Users/punny/Documents/GitHub/NYC-Taxi-ETL-Pipeline/.venv/lib/python3.10/site-packages/airflow/example_dags/example_branch_day_of_week_operator.py
[2024-10-20T20:45:40.572+0700] {processor.py:925} INFO - DAG(s) 'example_weekday_branch_operator' retrieved from /Users/punny/Documents/GitHub/NYC-Taxi-ETL-Pipeline/.venv/lib/python3.10/site-packages/airflow/example_dags/example_branch_day_of_week_operator.py
[2024-10-20T20:45:41.014+0700] {logging_mixin.py:190} INFO - [2024-10-20T20:45:41.013+0700] {override.py:1907} INFO - Created Permission View: can read on DAG:example_weekday_branch_operator
[2024-10-20T20:45:41.029+0700] {logging_mixin.py:190} INFO - [2024-10-20T20:45:41.029+0700] {override.py:1907} INFO - Created Permission View: can delete on DAG:example_weekday_branch_operator
[2024-10-20T20:45:41.038+0700] {logging_mixin.py:190} INFO - [2024-10-20T20:45:41.038+0700] {override.py:1907} INFO - Created Permission View: can edit on DAG:example_weekday_branch_operator
[2024-10-20T20:45:41.051+0700] {logging_mixin.py:190} INFO - [2024-10-20T20:45:41.051+0700] {override.py:1907} INFO - Created Permission View: can read on DAG Run:example_weekday_branch_operator
[2024-10-20T20:45:41.061+0700] {logging_mixin.py:190} INFO - [2024-10-20T20:45:41.060+0700] {override.py:1907} INFO - Created Permission View: can delete on DAG Run:example_weekday_branch_operator
[2024-10-20T20:45:41.070+0700] {logging_mixin.py:190} INFO - [2024-10-20T20:45:41.069+0700] {override.py:1907} INFO - Created Permission View: can create on DAG Run:example_weekday_branch_operator
[2024-10-20T20:45:41.085+0700] {logging_mixin.py:190} INFO - [2024-10-20T20:45:41.084+0700] {override.py:1907} INFO - Created Permission View: menu access on DAG Run:example_weekday_branch_operator
[2024-10-20T20:45:41.085+0700] {logging_mixin.py:190} INFO - [2024-10-20T20:45:41.085+0700] {dag.py:3239} INFO - Sync 1 DAGs
[2024-10-20T20:45:41.109+0700] {logging_mixin.py:190} INFO - [2024-10-20T20:45:41.109+0700] {dag.py:3262} INFO - Creating ORM DAG for example_weekday_branch_operator
[2024-10-20T20:45:41.121+0700] {logging_mixin.py:190} INFO - [2024-10-20T20:45:41.121+0700] {dag.py:4180} INFO - Setting next_dagrun for example_weekday_branch_operator to 2024-10-19 00:00:00+00:00, run_after=2024-10-20 00:00:00+00:00
[2024-10-20T20:45:41.146+0700] {processor.py:208} INFO - Processing /Users/punny/Documents/GitHub/NYC-Taxi-ETL-Pipeline/.venv/lib/python3.10/site-packages/airflow/example_dags/example_branch_day_of_week_operator.py took 0.604 seconds
[2024-10-20T20:52:08.776+0700] {processor.py:186} INFO - Started process (PID=24061) to work on /Users/punny/Documents/GitHub/NYC-Taxi-ETL-Pipeline/.venv/lib/python3.10/site-packages/airflow/example_dags/example_branch_day_of_week_operator.py
[2024-10-20T20:52:08.779+0700] {processor.py:914} INFO - Processing file /Users/punny/Documents/GitHub/NYC-Taxi-ETL-Pipeline/.venv/lib/python3.10/site-packages/airflow/example_dags/example_branch_day_of_week_operator.py for tasks to queue
[2024-10-20T20:52:08.781+0700] {logging_mixin.py:190} INFO - [2024-10-20T20:52:08.780+0700] {dagbag.py:588} INFO - Filling up the DagBag from /Users/punny/Documents/GitHub/NYC-Taxi-ETL-Pipeline/.venv/lib/python3.10/site-packages/airflow/example_dags/example_branch_day_of_week_operator.py
[2024-10-20T20:52:08.806+0700] {processor.py:925} INFO - DAG(s) 'example_weekday_branch_operator' retrieved from /Users/punny/Documents/GitHub/NYC-Taxi-ETL-Pipeline/.venv/lib/python3.10/site-packages/airflow/example_dags/example_branch_day_of_week_operator.py
[2024-10-20T20:52:09.122+0700] {logging_mixin.py:190} INFO - [2024-10-20T20:52:09.121+0700] {dag.py:3239} INFO - Sync 1 DAGs
[2024-10-20T20:52:09.147+0700] {logging_mixin.py:190} INFO - [2024-10-20T20:52:09.146+0700] {dag.py:4180} INFO - Setting next_dagrun for example_weekday_branch_operator to 2024-10-19 00:00:00+00:00, run_after=2024-10-20 00:00:00+00:00
[2024-10-20T20:52:09.169+0700] {processor.py:208} INFO - Processing /Users/punny/Documents/GitHub/NYC-Taxi-ETL-Pipeline/.venv/lib/python3.10/site-packages/airflow/example_dags/example_branch_day_of_week_operator.py took 0.405 seconds
[2024-10-20T20:58:59.205+0700] {processor.py:186} INFO - Started process (PID=25118) to work on /Users/punny/Documents/GitHub/NYC-Taxi-ETL-Pipeline/.venv/lib/python3.10/site-packages/airflow/example_dags/example_branch_day_of_week_operator.py
[2024-10-20T20:58:59.208+0700] {processor.py:914} INFO - Processing file /Users/punny/Documents/GitHub/NYC-Taxi-ETL-Pipeline/.venv/lib/python3.10/site-packages/airflow/example_dags/example_branch_day_of_week_operator.py for tasks to queue
[2024-10-20T20:58:59.209+0700] {logging_mixin.py:190} INFO - [2024-10-20T20:58:59.209+0700] {dagbag.py:588} INFO - Filling up the DagBag from /Users/punny/Documents/GitHub/NYC-Taxi-ETL-Pipeline/.venv/lib/python3.10/site-packages/airflow/example_dags/example_branch_day_of_week_operator.py
[2024-10-20T20:58:59.225+0700] {processor.py:925} INFO - DAG(s) 'example_weekday_branch_operator' retrieved from /Users/punny/Documents/GitHub/NYC-Taxi-ETL-Pipeline/.venv/lib/python3.10/site-packages/airflow/example_dags/example_branch_day_of_week_operator.py
[2024-10-20T20:58:59.417+0700] {logging_mixin.py:190} INFO - [2024-10-20T20:58:59.416+0700] {dag.py:3239} INFO - Sync 1 DAGs
[2024-10-20T20:58:59.439+0700] {logging_mixin.py:190} INFO - [2024-10-20T20:58:59.438+0700] {dag.py:4180} INFO - Setting next_dagrun for example_weekday_branch_operator to 2024-10-19 00:00:00+00:00, run_after=2024-10-20 00:00:00+00:00
[2024-10-20T20:58:59.459+0700] {processor.py:208} INFO - Processing /Users/punny/Documents/GitHub/NYC-Taxi-ETL-Pipeline/.venv/lib/python3.10/site-packages/airflow/example_dags/example_branch_day_of_week_operator.py took 0.263 seconds
[2024-10-20T21:06:32.106+0700] {processor.py:186} INFO - Started process (PID=26298) to work on /Users/punny/Documents/GitHub/NYC-Taxi-ETL-Pipeline/.venv/lib/python3.10/site-packages/airflow/example_dags/example_branch_day_of_week_operator.py
[2024-10-20T21:06:32.109+0700] {processor.py:914} INFO - Processing file /Users/punny/Documents/GitHub/NYC-Taxi-ETL-Pipeline/.venv/lib/python3.10/site-packages/airflow/example_dags/example_branch_day_of_week_operator.py for tasks to queue
[2024-10-20T21:06:32.111+0700] {logging_mixin.py:190} INFO - [2024-10-20T21:06:32.110+0700] {dagbag.py:588} INFO - Filling up the DagBag from /Users/punny/Documents/GitHub/NYC-Taxi-ETL-Pipeline/.venv/lib/python3.10/site-packages/airflow/example_dags/example_branch_day_of_week_operator.py
[2024-10-20T21:06:32.127+0700] {processor.py:925} INFO - DAG(s) 'example_weekday_branch_operator' retrieved from /Users/punny/Documents/GitHub/NYC-Taxi-ETL-Pipeline/.venv/lib/python3.10/site-packages/airflow/example_dags/example_branch_day_of_week_operator.py
[2024-10-20T21:06:32.362+0700] {logging_mixin.py:190} INFO - [2024-10-20T21:06:32.362+0700] {dag.py:3239} INFO - Sync 1 DAGs
[2024-10-20T21:06:32.384+0700] {logging_mixin.py:190} INFO - [2024-10-20T21:06:32.383+0700] {dag.py:4180} INFO - Setting next_dagrun for example_weekday_branch_operator to 2024-10-19 00:00:00+00:00, run_after=2024-10-20 00:00:00+00:00
[2024-10-20T21:06:32.404+0700] {processor.py:208} INFO - Processing /Users/punny/Documents/GitHub/NYC-Taxi-ETL-Pipeline/.venv/lib/python3.10/site-packages/airflow/example_dags/example_branch_day_of_week_operator.py took 0.308 seconds
[2024-10-20T21:27:38.539+0700] {processor.py:186} INFO - Started process (PID=27147) to work on /Users/punny/Documents/GitHub/NYC-Taxi-ETL-Pipeline/.venv/lib/python3.10/site-packages/airflow/example_dags/example_branch_day_of_week_operator.py
[2024-10-20T21:27:38.543+0700] {processor.py:914} INFO - Processing file /Users/punny/Documents/GitHub/NYC-Taxi-ETL-Pipeline/.venv/lib/python3.10/site-packages/airflow/example_dags/example_branch_day_of_week_operator.py for tasks to queue
[2024-10-20T21:27:38.544+0700] {logging_mixin.py:190} INFO - [2024-10-20T21:27:38.543+0700] {dagbag.py:588} INFO - Filling up the DagBag from /Users/punny/Documents/GitHub/NYC-Taxi-ETL-Pipeline/.venv/lib/python3.10/site-packages/airflow/example_dags/example_branch_day_of_week_operator.py
[2024-10-20T21:27:38.558+0700] {processor.py:925} INFO - DAG(s) 'example_weekday_branch_operator' retrieved from /Users/punny/Documents/GitHub/NYC-Taxi-ETL-Pipeline/.venv/lib/python3.10/site-packages/airflow/example_dags/example_branch_day_of_week_operator.py
[2024-10-20T21:27:38.756+0700] {logging_mixin.py:190} INFO - [2024-10-20T21:27:38.756+0700] {dag.py:3239} INFO - Sync 1 DAGs
[2024-10-20T21:27:38.786+0700] {logging_mixin.py:190} INFO - [2024-10-20T21:27:38.786+0700] {dag.py:4180} INFO - Setting next_dagrun for example_weekday_branch_operator to 2024-10-19 00:00:00+00:00, run_after=2024-10-20 00:00:00+00:00
[2024-10-20T21:27:38.819+0700] {processor.py:208} INFO - Processing /Users/punny/Documents/GitHub/NYC-Taxi-ETL-Pipeline/.venv/lib/python3.10/site-packages/airflow/example_dags/example_branch_day_of_week_operator.py took 0.288 seconds
[2024-10-20T21:58:56.227+0700] {processor.py:186} INFO - Started process (PID=31575) to work on /Users/punny/Documents/GitHub/NYC-Taxi-ETL-Pipeline/.venv/lib/python3.10/site-packages/airflow/example_dags/example_branch_day_of_week_operator.py
[2024-10-20T21:58:56.231+0700] {processor.py:914} INFO - Processing file /Users/punny/Documents/GitHub/NYC-Taxi-ETL-Pipeline/.venv/lib/python3.10/site-packages/airflow/example_dags/example_branch_day_of_week_operator.py for tasks to queue
[2024-10-20T21:58:56.232+0700] {logging_mixin.py:190} INFO - [2024-10-20T21:58:56.232+0700] {dagbag.py:588} INFO - Filling up the DagBag from /Users/punny/Documents/GitHub/NYC-Taxi-ETL-Pipeline/.venv/lib/python3.10/site-packages/airflow/example_dags/example_branch_day_of_week_operator.py
[2024-10-20T21:58:56.249+0700] {processor.py:925} INFO - DAG(s) 'example_weekday_branch_operator' retrieved from /Users/punny/Documents/GitHub/NYC-Taxi-ETL-Pipeline/.venv/lib/python3.10/site-packages/airflow/example_dags/example_branch_day_of_week_operator.py
[2024-10-20T21:58:56.515+0700] {logging_mixin.py:190} INFO - [2024-10-20T21:58:56.514+0700] {dag.py:3239} INFO - Sync 1 DAGs
[2024-10-20T21:58:56.542+0700] {logging_mixin.py:190} INFO - [2024-10-20T21:58:56.541+0700] {dag.py:4180} INFO - Setting next_dagrun for example_weekday_branch_operator to 2024-10-19 00:00:00+00:00, run_after=2024-10-20 00:00:00+00:00
[2024-10-20T21:58:56.568+0700] {processor.py:208} INFO - Processing /Users/punny/Documents/GitHub/NYC-Taxi-ETL-Pipeline/.venv/lib/python3.10/site-packages/airflow/example_dags/example_branch_day_of_week_operator.py took 0.350 seconds
[2024-10-21T02:02:52.561+0700] {processor.py:186} INFO - Started process (PID=32920) to work on /Users/punny/Documents/GitHub/NYC-Taxi-ETL-Pipeline/.venv/lib/python3.10/site-packages/airflow/example_dags/example_branch_day_of_week_operator.py
[2024-10-21T02:02:52.564+0700] {processor.py:914} INFO - Processing file /Users/punny/Documents/GitHub/NYC-Taxi-ETL-Pipeline/.venv/lib/python3.10/site-packages/airflow/example_dags/example_branch_day_of_week_operator.py for tasks to queue
[2024-10-21T02:02:52.565+0700] {logging_mixin.py:190} INFO - [2024-10-21T02:02:52.565+0700] {dagbag.py:588} INFO - Filling up the DagBag from /Users/punny/Documents/GitHub/NYC-Taxi-ETL-Pipeline/.venv/lib/python3.10/site-packages/airflow/example_dags/example_branch_day_of_week_operator.py
[2024-10-21T02:02:52.578+0700] {processor.py:925} INFO - DAG(s) 'example_weekday_branch_operator' retrieved from /Users/punny/Documents/GitHub/NYC-Taxi-ETL-Pipeline/.venv/lib/python3.10/site-packages/airflow/example_dags/example_branch_day_of_week_operator.py
[2024-10-21T02:02:52.761+0700] {logging_mixin.py:190} INFO - [2024-10-21T02:02:52.761+0700] {dag.py:3239} INFO - Sync 1 DAGs
[2024-10-21T02:02:52.783+0700] {logging_mixin.py:190} INFO - [2024-10-21T02:02:52.783+0700] {dag.py:4180} INFO - Setting next_dagrun for example_weekday_branch_operator to 2024-10-19 00:00:00+00:00, run_after=2024-10-20 00:00:00+00:00
[2024-10-21T02:02:52.803+0700] {processor.py:208} INFO - Processing /Users/punny/Documents/GitHub/NYC-Taxi-ETL-Pipeline/.venv/lib/python3.10/site-packages/airflow/example_dags/example_branch_day_of_week_operator.py took 0.248 seconds
