[2024-10-20T20:45:05.127+0700] {processor.py:186} INFO - Started process (PID=23052) to work on /Users/punny/Documents/GitHub/NYC-Taxi-ETL-Pipeline/.venv/lib/python3.10/site-packages/airflow/example_dags/example_dataset_alias.py
[2024-10-20T20:45:05.130+0700] {processor.py:914} INFO - Processing file /Users/punny/Documents/GitHub/NYC-Taxi-ETL-Pipeline/.venv/lib/python3.10/site-packages/airflow/example_dags/example_dataset_alias.py for tasks to queue
[2024-10-20T20:45:05.132+0700] {logging_mixin.py:190} INFO - [2024-10-20T20:45:05.131+0700] {dagbag.py:588} INFO - Filling up the DagBag from /Users/punny/Documents/GitHub/NYC-Taxi-ETL-Pipeline/.venv/lib/python3.10/site-packages/airflow/example_dags/example_dataset_alias.py
[2024-10-20T20:45:05.518+0700] {processor.py:925} INFO - DAG(s) 'dataset_alias_example_alias_consumer', 'dataset_s3_bucket_consumer', 'dataset_s3_bucket_producer', 'dataset_alias_example_alias_producer' retrieved from /Users/punny/Documents/GitHub/NYC-Taxi-ETL-Pipeline/.venv/lib/python3.10/site-packages/airflow/example_dags/example_dataset_alias.py
[2024-10-20T20:45:05.664+0700] {logging_mixin.py:190} INFO - [2024-10-20T20:45:05.663+0700] {override.py:1907} INFO - Created Permission View: can delete on DAG:dataset_alias_example_alias_consumer
[2024-10-20T20:45:05.679+0700] {logging_mixin.py:190} INFO - [2024-10-20T20:45:05.679+0700] {override.py:1907} INFO - Created Permission View: can read on DAG:dataset_alias_example_alias_consumer
[2024-10-20T20:45:05.694+0700] {logging_mixin.py:190} INFO - [2024-10-20T20:45:05.693+0700] {override.py:1907} INFO - Created Permission View: can edit on DAG:dataset_alias_example_alias_consumer
[2024-10-20T20:45:05.709+0700] {logging_mixin.py:190} INFO - [2024-10-20T20:45:05.709+0700] {override.py:1907} INFO - Created Permission View: can delete on DAG Run:dataset_alias_example_alias_consumer
[2024-10-20T20:45:05.724+0700] {logging_mixin.py:190} INFO - [2024-10-20T20:45:05.723+0700] {override.py:1907} INFO - Created Permission View: menu access on DAG Run:dataset_alias_example_alias_consumer
[2024-10-20T20:45:05.736+0700] {logging_mixin.py:190} INFO - [2024-10-20T20:45:05.736+0700] {override.py:1907} INFO - Created Permission View: can create on DAG Run:dataset_alias_example_alias_consumer
[2024-10-20T20:45:05.747+0700] {logging_mixin.py:190} INFO - [2024-10-20T20:45:05.747+0700] {override.py:1907} INFO - Created Permission View: can read on DAG Run:dataset_alias_example_alias_consumer
[2024-10-20T20:45:05.768+0700] {logging_mixin.py:190} INFO - [2024-10-20T20:45:05.767+0700] {override.py:1907} INFO - Created Permission View: can delete on DAG:dataset_s3_bucket_consumer
[2024-10-20T20:45:05.786+0700] {logging_mixin.py:190} INFO - [2024-10-20T20:45:05.784+0700] {override.py:1907} INFO - Created Permission View: can read on DAG:dataset_s3_bucket_consumer
[2024-10-20T20:45:05.797+0700] {logging_mixin.py:190} INFO - [2024-10-20T20:45:05.797+0700] {override.py:1907} INFO - Created Permission View: can edit on DAG:dataset_s3_bucket_consumer
[2024-10-20T20:45:05.814+0700] {logging_mixin.py:190} INFO - [2024-10-20T20:45:05.812+0700] {override.py:1907} INFO - Created Permission View: can delete on DAG Run:dataset_s3_bucket_consumer
[2024-10-20T20:45:05.824+0700] {logging_mixin.py:190} INFO - [2024-10-20T20:45:05.823+0700] {override.py:1907} INFO - Created Permission View: menu access on DAG Run:dataset_s3_bucket_consumer
[2024-10-20T20:45:05.832+0700] {logging_mixin.py:190} INFO - [2024-10-20T20:45:05.831+0700] {override.py:1907} INFO - Created Permission View: can create on DAG Run:dataset_s3_bucket_consumer
[2024-10-20T20:45:05.842+0700] {logging_mixin.py:190} INFO - [2024-10-20T20:45:05.842+0700] {override.py:1907} INFO - Created Permission View: can read on DAG Run:dataset_s3_bucket_consumer
[2024-10-20T20:45:05.863+0700] {logging_mixin.py:190} INFO - [2024-10-20T20:45:05.862+0700] {override.py:1907} INFO - Created Permission View: can delete on DAG:dataset_s3_bucket_producer
[2024-10-20T20:45:05.871+0700] {logging_mixin.py:190} INFO - [2024-10-20T20:45:05.871+0700] {override.py:1907} INFO - Created Permission View: can read on DAG:dataset_s3_bucket_producer
[2024-10-20T20:45:05.879+0700] {logging_mixin.py:190} INFO - [2024-10-20T20:45:05.878+0700] {override.py:1907} INFO - Created Permission View: can edit on DAG:dataset_s3_bucket_producer
[2024-10-20T20:45:05.890+0700] {logging_mixin.py:190} INFO - [2024-10-20T20:45:05.890+0700] {override.py:1907} INFO - Created Permission View: can delete on DAG Run:dataset_s3_bucket_producer
[2024-10-20T20:45:05.899+0700] {logging_mixin.py:190} INFO - [2024-10-20T20:45:05.898+0700] {override.py:1907} INFO - Created Permission View: menu access on DAG Run:dataset_s3_bucket_producer
[2024-10-20T20:45:05.910+0700] {logging_mixin.py:190} INFO - [2024-10-20T20:45:05.910+0700] {override.py:1907} INFO - Created Permission View: can create on DAG Run:dataset_s3_bucket_producer
[2024-10-20T20:45:05.921+0700] {logging_mixin.py:190} INFO - [2024-10-20T20:45:05.920+0700] {override.py:1907} INFO - Created Permission View: can read on DAG Run:dataset_s3_bucket_producer
[2024-10-20T20:45:05.943+0700] {logging_mixin.py:190} INFO - [2024-10-20T20:45:05.942+0700] {override.py:1907} INFO - Created Permission View: can delete on DAG:dataset_alias_example_alias_producer
[2024-10-20T20:45:05.951+0700] {logging_mixin.py:190} INFO - [2024-10-20T20:45:05.951+0700] {override.py:1907} INFO - Created Permission View: can read on DAG:dataset_alias_example_alias_producer
[2024-10-20T20:45:05.959+0700] {logging_mixin.py:190} INFO - [2024-10-20T20:45:05.959+0700] {override.py:1907} INFO - Created Permission View: can edit on DAG:dataset_alias_example_alias_producer
[2024-10-20T20:45:05.971+0700] {logging_mixin.py:190} INFO - [2024-10-20T20:45:05.970+0700] {override.py:1907} INFO - Created Permission View: can delete on DAG Run:dataset_alias_example_alias_producer
[2024-10-20T20:45:05.981+0700] {logging_mixin.py:190} INFO - [2024-10-20T20:45:05.981+0700] {override.py:1907} INFO - Created Permission View: menu access on DAG Run:dataset_alias_example_alias_producer
[2024-10-20T20:45:05.993+0700] {logging_mixin.py:190} INFO - [2024-10-20T20:45:05.992+0700] {override.py:1907} INFO - Created Permission View: can create on DAG Run:dataset_alias_example_alias_producer
[2024-10-20T20:45:06.002+0700] {logging_mixin.py:190} INFO - [2024-10-20T20:45:06.002+0700] {override.py:1907} INFO - Created Permission View: can read on DAG Run:dataset_alias_example_alias_producer
[2024-10-20T20:45:06.003+0700] {logging_mixin.py:190} INFO - [2024-10-20T20:45:06.002+0700] {dag.py:3239} INFO - Sync 4 DAGs
[2024-10-20T20:45:06.023+0700] {logging_mixin.py:190} INFO - [2024-10-20T20:45:06.023+0700] {dag.py:3262} INFO - Creating ORM DAG for dataset_s3_bucket_producer
[2024-10-20T20:45:06.024+0700] {logging_mixin.py:190} INFO - [2024-10-20T20:45:06.024+0700] {dag.py:3262} INFO - Creating ORM DAG for dataset_alias_example_alias_producer
[2024-10-20T20:45:06.025+0700] {logging_mixin.py:190} INFO - [2024-10-20T20:45:06.025+0700] {dag.py:3262} INFO - Creating ORM DAG for dataset_s3_bucket_consumer
[2024-10-20T20:45:06.026+0700] {logging_mixin.py:190} INFO - [2024-10-20T20:45:06.026+0700] {dag.py:3262} INFO - Creating ORM DAG for dataset_alias_example_alias_consumer
[2024-10-20T20:45:06.037+0700] {logging_mixin.py:190} INFO - [2024-10-20T20:45:06.037+0700] {dag.py:4180} INFO - Setting next_dagrun for dataset_alias_example_alias_consumer to None, run_after=None
[2024-10-20T20:45:06.038+0700] {logging_mixin.py:190} INFO - [2024-10-20T20:45:06.038+0700] {dag.py:4180} INFO - Setting next_dagrun for dataset_alias_example_alias_producer to None, run_after=None
[2024-10-20T20:45:06.039+0700] {logging_mixin.py:190} INFO - [2024-10-20T20:45:06.039+0700] {dag.py:4180} INFO - Setting next_dagrun for dataset_s3_bucket_consumer to None, run_after=None
[2024-10-20T20:45:06.041+0700] {logging_mixin.py:190} INFO - [2024-10-20T20:45:06.040+0700] {dag.py:4180} INFO - Setting next_dagrun for dataset_s3_bucket_producer to None, run_after=None
[2024-10-20T20:45:06.778+0700] {processor.py:208} INFO - Processing /Users/punny/Documents/GitHub/NYC-Taxi-ETL-Pipeline/.venv/lib/python3.10/site-packages/airflow/example_dags/example_dataset_alias.py took 1.662 seconds
[2024-10-20T20:48:53.015+0700] {processor.py:186} INFO - Started process (PID=23585) to work on /Users/punny/Documents/GitHub/NYC-Taxi-ETL-Pipeline/.venv/lib/python3.10/site-packages/airflow/example_dags/example_dataset_alias.py
[2024-10-20T20:48:53.019+0700] {processor.py:914} INFO - Processing file /Users/punny/Documents/GitHub/NYC-Taxi-ETL-Pipeline/.venv/lib/python3.10/site-packages/airflow/example_dags/example_dataset_alias.py for tasks to queue
[2024-10-20T20:48:53.020+0700] {logging_mixin.py:190} INFO - [2024-10-20T20:48:53.019+0700] {dagbag.py:588} INFO - Filling up the DagBag from /Users/punny/Documents/GitHub/NYC-Taxi-ETL-Pipeline/.venv/lib/python3.10/site-packages/airflow/example_dags/example_dataset_alias.py
[2024-10-20T20:48:53.315+0700] {processor.py:925} INFO - DAG(s) 'dataset_s3_bucket_consumer', 'dataset_alias_example_alias_consumer', 'dataset_alias_example_alias_producer', 'dataset_s3_bucket_producer' retrieved from /Users/punny/Documents/GitHub/NYC-Taxi-ETL-Pipeline/.venv/lib/python3.10/site-packages/airflow/example_dags/example_dataset_alias.py
[2024-10-20T20:48:53.355+0700] {logging_mixin.py:190} INFO - [2024-10-20T20:48:53.354+0700] {dag.py:3239} INFO - Sync 4 DAGs
[2024-10-20T20:48:53.381+0700] {logging_mixin.py:190} INFO - [2024-10-20T20:48:53.381+0700] {dag.py:4180} INFO - Setting next_dagrun for dataset_alias_example_alias_consumer to None, run_after=None
[2024-10-20T20:48:53.386+0700] {logging_mixin.py:190} INFO - [2024-10-20T20:48:53.385+0700] {dag.py:4180} INFO - Setting next_dagrun for dataset_alias_example_alias_producer to None, run_after=None
[2024-10-20T20:48:53.388+0700] {logging_mixin.py:190} INFO - [2024-10-20T20:48:53.388+0700] {dag.py:4180} INFO - Setting next_dagrun for dataset_s3_bucket_consumer to None, run_after=None
[2024-10-20T20:48:53.389+0700] {logging_mixin.py:190} INFO - [2024-10-20T20:48:53.389+0700] {dag.py:4180} INFO - Setting next_dagrun for dataset_s3_bucket_producer to None, run_after=None
[2024-10-20T20:48:53.423+0700] {processor.py:208} INFO - Processing /Users/punny/Documents/GitHub/NYC-Taxi-ETL-Pipeline/.venv/lib/python3.10/site-packages/airflow/example_dags/example_dataset_alias.py took 0.417 seconds
[2024-10-20T20:55:39.619+0700] {processor.py:186} INFO - Started process (PID=24606) to work on /Users/punny/Documents/GitHub/NYC-Taxi-ETL-Pipeline/.venv/lib/python3.10/site-packages/airflow/example_dags/example_dataset_alias.py
[2024-10-20T20:55:39.623+0700] {processor.py:914} INFO - Processing file /Users/punny/Documents/GitHub/NYC-Taxi-ETL-Pipeline/.venv/lib/python3.10/site-packages/airflow/example_dags/example_dataset_alias.py for tasks to queue
[2024-10-20T20:55:39.624+0700] {logging_mixin.py:190} INFO - [2024-10-20T20:55:39.624+0700] {dagbag.py:588} INFO - Filling up the DagBag from /Users/punny/Documents/GitHub/NYC-Taxi-ETL-Pipeline/.venv/lib/python3.10/site-packages/airflow/example_dags/example_dataset_alias.py
[2024-10-20T20:55:39.882+0700] {processor.py:925} INFO - DAG(s) 'dataset_s3_bucket_consumer', 'dataset_alias_example_alias_consumer', 'dataset_alias_example_alias_producer', 'dataset_s3_bucket_producer' retrieved from /Users/punny/Documents/GitHub/NYC-Taxi-ETL-Pipeline/.venv/lib/python3.10/site-packages/airflow/example_dags/example_dataset_alias.py
[2024-10-20T20:55:39.912+0700] {logging_mixin.py:190} INFO - [2024-10-20T20:55:39.911+0700] {dag.py:3239} INFO - Sync 4 DAGs
[2024-10-20T20:55:39.933+0700] {logging_mixin.py:190} INFO - [2024-10-20T20:55:39.933+0700] {dag.py:4180} INFO - Setting next_dagrun for dataset_alias_example_alias_consumer to None, run_after=None
[2024-10-20T20:55:39.936+0700] {logging_mixin.py:190} INFO - [2024-10-20T20:55:39.935+0700] {dag.py:4180} INFO - Setting next_dagrun for dataset_alias_example_alias_producer to None, run_after=None
[2024-10-20T20:55:39.937+0700] {logging_mixin.py:190} INFO - [2024-10-20T20:55:39.936+0700] {dag.py:4180} INFO - Setting next_dagrun for dataset_s3_bucket_consumer to None, run_after=None
[2024-10-20T20:55:39.938+0700] {logging_mixin.py:190} INFO - [2024-10-20T20:55:39.938+0700] {dag.py:4180} INFO - Setting next_dagrun for dataset_s3_bucket_producer to None, run_after=None
[2024-10-20T20:55:39.963+0700] {processor.py:208} INFO - Processing /Users/punny/Documents/GitHub/NYC-Taxi-ETL-Pipeline/.venv/lib/python3.10/site-packages/airflow/example_dags/example_dataset_alias.py took 0.353 seconds
[2024-10-20T21:02:35.088+0700] {processor.py:186} INFO - Started process (PID=25691) to work on /Users/punny/Documents/GitHub/NYC-Taxi-ETL-Pipeline/.venv/lib/python3.10/site-packages/airflow/example_dags/example_dataset_alias.py
[2024-10-20T21:02:35.091+0700] {processor.py:914} INFO - Processing file /Users/punny/Documents/GitHub/NYC-Taxi-ETL-Pipeline/.venv/lib/python3.10/site-packages/airflow/example_dags/example_dataset_alias.py for tasks to queue
[2024-10-20T21:02:35.092+0700] {logging_mixin.py:190} INFO - [2024-10-20T21:02:35.092+0700] {dagbag.py:588} INFO - Filling up the DagBag from /Users/punny/Documents/GitHub/NYC-Taxi-ETL-Pipeline/.venv/lib/python3.10/site-packages/airflow/example_dags/example_dataset_alias.py
[2024-10-20T21:02:35.423+0700] {processor.py:925} INFO - DAG(s) 'dataset_alias_example_alias_consumer', 'dataset_s3_bucket_producer', 'dataset_s3_bucket_consumer', 'dataset_alias_example_alias_producer' retrieved from /Users/punny/Documents/GitHub/NYC-Taxi-ETL-Pipeline/.venv/lib/python3.10/site-packages/airflow/example_dags/example_dataset_alias.py
[2024-10-20T21:02:35.457+0700] {logging_mixin.py:190} INFO - [2024-10-20T21:02:35.457+0700] {dag.py:3239} INFO - Sync 4 DAGs
[2024-10-20T21:02:35.483+0700] {logging_mixin.py:190} INFO - [2024-10-20T21:02:35.483+0700] {dag.py:4180} INFO - Setting next_dagrun for dataset_alias_example_alias_consumer to None, run_after=None
[2024-10-20T21:02:35.485+0700] {logging_mixin.py:190} INFO - [2024-10-20T21:02:35.485+0700] {dag.py:4180} INFO - Setting next_dagrun for dataset_alias_example_alias_producer to None, run_after=None
[2024-10-20T21:02:35.487+0700] {logging_mixin.py:190} INFO - [2024-10-20T21:02:35.486+0700] {dag.py:4180} INFO - Setting next_dagrun for dataset_s3_bucket_consumer to None, run_after=None
[2024-10-20T21:02:35.488+0700] {logging_mixin.py:190} INFO - [2024-10-20T21:02:35.488+0700] {dag.py:4180} INFO - Setting next_dagrun for dataset_s3_bucket_producer to None, run_after=None
[2024-10-20T21:02:35.516+0700] {processor.py:208} INFO - Processing /Users/punny/Documents/GitHub/NYC-Taxi-ETL-Pipeline/.venv/lib/python3.10/site-packages/airflow/example_dags/example_dataset_alias.py took 0.436 seconds
[2024-10-20T21:09:30.305+0700] {processor.py:186} INFO - Started process (PID=26666) to work on /Users/punny/Documents/GitHub/NYC-Taxi-ETL-Pipeline/.venv/lib/python3.10/site-packages/airflow/example_dags/example_dataset_alias.py
[2024-10-20T21:09:30.308+0700] {processor.py:914} INFO - Processing file /Users/punny/Documents/GitHub/NYC-Taxi-ETL-Pipeline/.venv/lib/python3.10/site-packages/airflow/example_dags/example_dataset_alias.py for tasks to queue
[2024-10-20T21:09:30.309+0700] {logging_mixin.py:190} INFO - [2024-10-20T21:09:30.309+0700] {dagbag.py:588} INFO - Filling up the DagBag from /Users/punny/Documents/GitHub/NYC-Taxi-ETL-Pipeline/.venv/lib/python3.10/site-packages/airflow/example_dags/example_dataset_alias.py
[2024-10-20T21:09:30.566+0700] {processor.py:925} INFO - DAG(s) 'dataset_alias_example_alias_consumer', 'dataset_s3_bucket_consumer', 'dataset_alias_example_alias_producer', 'dataset_s3_bucket_producer' retrieved from /Users/punny/Documents/GitHub/NYC-Taxi-ETL-Pipeline/.venv/lib/python3.10/site-packages/airflow/example_dags/example_dataset_alias.py
[2024-10-20T21:09:30.596+0700] {logging_mixin.py:190} INFO - [2024-10-20T21:09:30.596+0700] {dag.py:3239} INFO - Sync 4 DAGs
[2024-10-20T21:09:30.617+0700] {logging_mixin.py:190} INFO - [2024-10-20T21:09:30.617+0700] {dag.py:4180} INFO - Setting next_dagrun for dataset_alias_example_alias_consumer to None, run_after=None
[2024-10-20T21:09:30.620+0700] {logging_mixin.py:190} INFO - [2024-10-20T21:09:30.619+0700] {dag.py:4180} INFO - Setting next_dagrun for dataset_alias_example_alias_producer to None, run_after=None
[2024-10-20T21:09:30.621+0700] {logging_mixin.py:190} INFO - [2024-10-20T21:09:30.621+0700] {dag.py:4180} INFO - Setting next_dagrun for dataset_s3_bucket_consumer to None, run_after=None
[2024-10-20T21:09:30.622+0700] {logging_mixin.py:190} INFO - [2024-10-20T21:09:30.622+0700] {dag.py:4180} INFO - Setting next_dagrun for dataset_s3_bucket_producer to None, run_after=None
[2024-10-20T21:09:30.647+0700] {processor.py:208} INFO - Processing /Users/punny/Documents/GitHub/NYC-Taxi-ETL-Pipeline/.venv/lib/python3.10/site-packages/airflow/example_dags/example_dataset_alias.py took 0.352 seconds
[2024-10-20T21:31:03.792+0700] {processor.py:186} INFO - Started process (PID=27761) to work on /Users/punny/Documents/GitHub/NYC-Taxi-ETL-Pipeline/.venv/lib/python3.10/site-packages/airflow/example_dags/example_dataset_alias.py
[2024-10-20T21:31:03.795+0700] {processor.py:914} INFO - Processing file /Users/punny/Documents/GitHub/NYC-Taxi-ETL-Pipeline/.venv/lib/python3.10/site-packages/airflow/example_dags/example_dataset_alias.py for tasks to queue
[2024-10-20T21:31:03.797+0700] {logging_mixin.py:190} INFO - [2024-10-20T21:31:03.797+0700] {dagbag.py:588} INFO - Filling up the DagBag from /Users/punny/Documents/GitHub/NYC-Taxi-ETL-Pipeline/.venv/lib/python3.10/site-packages/airflow/example_dags/example_dataset_alias.py
[2024-10-20T21:31:04.070+0700] {processor.py:925} INFO - DAG(s) 'dataset_alias_example_alias_producer', 'dataset_s3_bucket_consumer', 'dataset_s3_bucket_producer', 'dataset_alias_example_alias_consumer' retrieved from /Users/punny/Documents/GitHub/NYC-Taxi-ETL-Pipeline/.venv/lib/python3.10/site-packages/airflow/example_dags/example_dataset_alias.py
[2024-10-20T21:31:04.101+0700] {logging_mixin.py:190} INFO - [2024-10-20T21:31:04.100+0700] {dag.py:3239} INFO - Sync 4 DAGs
[2024-10-20T21:31:04.123+0700] {logging_mixin.py:190} INFO - [2024-10-20T21:31:04.122+0700] {dag.py:4180} INFO - Setting next_dagrun for dataset_alias_example_alias_consumer to None, run_after=None
[2024-10-20T21:31:04.125+0700] {logging_mixin.py:190} INFO - [2024-10-20T21:31:04.125+0700] {dag.py:4180} INFO - Setting next_dagrun for dataset_alias_example_alias_producer to None, run_after=None
[2024-10-20T21:31:04.126+0700] {logging_mixin.py:190} INFO - [2024-10-20T21:31:04.126+0700] {dag.py:4180} INFO - Setting next_dagrun for dataset_s3_bucket_consumer to None, run_after=None
[2024-10-20T21:31:04.128+0700] {logging_mixin.py:190} INFO - [2024-10-20T21:31:04.127+0700] {dag.py:4180} INFO - Setting next_dagrun for dataset_s3_bucket_producer to None, run_after=None
[2024-10-20T21:31:04.153+0700] {processor.py:208} INFO - Processing /Users/punny/Documents/GitHub/NYC-Taxi-ETL-Pipeline/.venv/lib/python3.10/site-packages/airflow/example_dags/example_dataset_alias.py took 0.372 seconds
[2024-10-20T21:58:27.063+0700] {processor.py:186} INFO - Started process (PID=31474) to work on /Users/punny/Documents/GitHub/NYC-Taxi-ETL-Pipeline/.venv/lib/python3.10/site-packages/airflow/example_dags/example_dataset_alias.py
[2024-10-20T21:58:27.067+0700] {processor.py:914} INFO - Processing file /Users/punny/Documents/GitHub/NYC-Taxi-ETL-Pipeline/.venv/lib/python3.10/site-packages/airflow/example_dags/example_dataset_alias.py for tasks to queue
[2024-10-20T21:58:27.069+0700] {logging_mixin.py:190} INFO - [2024-10-20T21:58:27.069+0700] {dagbag.py:588} INFO - Filling up the DagBag from /Users/punny/Documents/GitHub/NYC-Taxi-ETL-Pipeline/.venv/lib/python3.10/site-packages/airflow/example_dags/example_dataset_alias.py
[2024-10-20T21:58:27.427+0700] {processor.py:925} INFO - DAG(s) 'dataset_s3_bucket_producer', 'dataset_alias_example_alias_producer', 'dataset_s3_bucket_consumer', 'dataset_alias_example_alias_consumer' retrieved from /Users/punny/Documents/GitHub/NYC-Taxi-ETL-Pipeline/.venv/lib/python3.10/site-packages/airflow/example_dags/example_dataset_alias.py
[2024-10-20T21:58:27.464+0700] {logging_mixin.py:190} INFO - [2024-10-20T21:58:27.463+0700] {dag.py:3239} INFO - Sync 4 DAGs
[2024-10-20T21:58:27.489+0700] {logging_mixin.py:190} INFO - [2024-10-20T21:58:27.488+0700] {dag.py:4180} INFO - Setting next_dagrun for dataset_alias_example_alias_consumer to None, run_after=None
[2024-10-20T21:58:27.491+0700] {logging_mixin.py:190} INFO - [2024-10-20T21:58:27.491+0700] {dag.py:4180} INFO - Setting next_dagrun for dataset_alias_example_alias_producer to None, run_after=None
[2024-10-20T21:58:27.493+0700] {logging_mixin.py:190} INFO - [2024-10-20T21:58:27.493+0700] {dag.py:4180} INFO - Setting next_dagrun for dataset_s3_bucket_consumer to None, run_after=None
[2024-10-20T21:58:27.495+0700] {logging_mixin.py:190} INFO - [2024-10-20T21:58:27.494+0700] {dag.py:4180} INFO - Setting next_dagrun for dataset_s3_bucket_producer to None, run_after=None
[2024-10-20T21:58:27.536+0700] {processor.py:208} INFO - Processing /Users/punny/Documents/GitHub/NYC-Taxi-ETL-Pipeline/.venv/lib/python3.10/site-packages/airflow/example_dags/example_dataset_alias.py took 0.483 seconds
[2024-10-20T23:48:08.255+0700] {processor.py:186} INFO - Started process (PID=32244) to work on /Users/punny/Documents/GitHub/NYC-Taxi-ETL-Pipeline/.venv/lib/python3.10/site-packages/airflow/example_dags/example_dataset_alias.py
[2024-10-20T23:48:08.260+0700] {processor.py:914} INFO - Processing file /Users/punny/Documents/GitHub/NYC-Taxi-ETL-Pipeline/.venv/lib/python3.10/site-packages/airflow/example_dags/example_dataset_alias.py for tasks to queue
[2024-10-20T23:48:08.262+0700] {logging_mixin.py:190} INFO - [2024-10-20T23:48:08.262+0700] {dagbag.py:588} INFO - Filling up the DagBag from /Users/punny/Documents/GitHub/NYC-Taxi-ETL-Pipeline/.venv/lib/python3.10/site-packages/airflow/example_dags/example_dataset_alias.py
[2024-10-20T23:48:08.667+0700] {processor.py:925} INFO - DAG(s) 'dataset_alias_example_alias_producer', 'dataset_s3_bucket_producer', 'dataset_alias_example_alias_consumer', 'dataset_s3_bucket_consumer' retrieved from /Users/punny/Documents/GitHub/NYC-Taxi-ETL-Pipeline/.venv/lib/python3.10/site-packages/airflow/example_dags/example_dataset_alias.py
[2024-10-20T23:48:08.713+0700] {logging_mixin.py:190} INFO - [2024-10-20T23:48:08.713+0700] {dag.py:3239} INFO - Sync 4 DAGs
[2024-10-20T23:48:08.747+0700] {logging_mixin.py:190} INFO - [2024-10-20T23:48:08.747+0700] {dag.py:4180} INFO - Setting next_dagrun for dataset_alias_example_alias_consumer to None, run_after=None
[2024-10-20T23:48:08.751+0700] {logging_mixin.py:190} INFO - [2024-10-20T23:48:08.750+0700] {dag.py:4180} INFO - Setting next_dagrun for dataset_alias_example_alias_producer to None, run_after=None
[2024-10-20T23:48:08.752+0700] {logging_mixin.py:190} INFO - [2024-10-20T23:48:08.752+0700] {dag.py:4180} INFO - Setting next_dagrun for dataset_s3_bucket_consumer to None, run_after=None
[2024-10-20T23:48:08.755+0700] {logging_mixin.py:190} INFO - [2024-10-20T23:48:08.754+0700] {dag.py:4180} INFO - Setting next_dagrun for dataset_s3_bucket_producer to None, run_after=None
[2024-10-20T23:48:08.791+0700] {processor.py:208} INFO - Processing /Users/punny/Documents/GitHub/NYC-Taxi-ETL-Pipeline/.venv/lib/python3.10/site-packages/airflow/example_dags/example_dataset_alias.py took 0.552 seconds
[2024-10-21T01:48:36.524+0700] {processor.py:186} INFO - Started process (PID=32851) to work on /Users/punny/Documents/GitHub/NYC-Taxi-ETL-Pipeline/.venv/lib/python3.10/site-packages/airflow/example_dags/example_dataset_alias.py
[2024-10-21T01:48:36.527+0700] {processor.py:914} INFO - Processing file /Users/punny/Documents/GitHub/NYC-Taxi-ETL-Pipeline/.venv/lib/python3.10/site-packages/airflow/example_dags/example_dataset_alias.py for tasks to queue
[2024-10-21T01:48:36.528+0700] {logging_mixin.py:190} INFO - [2024-10-21T01:48:36.528+0700] {dagbag.py:588} INFO - Filling up the DagBag from /Users/punny/Documents/GitHub/NYC-Taxi-ETL-Pipeline/.venv/lib/python3.10/site-packages/airflow/example_dags/example_dataset_alias.py
[2024-10-21T01:48:36.789+0700] {processor.py:925} INFO - DAG(s) 'dataset_s3_bucket_consumer', 'dataset_alias_example_alias_consumer', 'dataset_alias_example_alias_producer', 'dataset_s3_bucket_producer' retrieved from /Users/punny/Documents/GitHub/NYC-Taxi-ETL-Pipeline/.venv/lib/python3.10/site-packages/airflow/example_dags/example_dataset_alias.py
[2024-10-21T01:48:36.819+0700] {logging_mixin.py:190} INFO - [2024-10-21T01:48:36.819+0700] {dag.py:3239} INFO - Sync 4 DAGs
[2024-10-21T01:48:37.023+0700] {logging_mixin.py:190} INFO - [2024-10-21T01:48:37.023+0700] {dag.py:4180} INFO - Setting next_dagrun for dataset_alias_example_alias_consumer to None, run_after=None
[2024-10-21T01:48:37.031+0700] {logging_mixin.py:190} INFO - [2024-10-21T01:48:37.030+0700] {dag.py:4180} INFO - Setting next_dagrun for dataset_alias_example_alias_producer to None, run_after=None
[2024-10-21T01:48:37.038+0700] {logging_mixin.py:190} INFO - [2024-10-21T01:48:37.035+0700] {dag.py:4180} INFO - Setting next_dagrun for dataset_s3_bucket_consumer to None, run_after=None
[2024-10-21T01:48:37.041+0700] {logging_mixin.py:190} INFO - [2024-10-21T01:48:37.040+0700] {dag.py:4180} INFO - Setting next_dagrun for dataset_s3_bucket_producer to None, run_after=None
[2024-10-21T01:48:37.204+0700] {processor.py:208} INFO - Processing /Users/punny/Documents/GitHub/NYC-Taxi-ETL-Pipeline/.venv/lib/python3.10/site-packages/airflow/example_dags/example_dataset_alias.py took 0.689 seconds
[2024-10-21T04:05:07.248+0700] {processor.py:186} INFO - Started process (PID=33604) to work on /Users/punny/Documents/GitHub/NYC-Taxi-ETL-Pipeline/.venv/lib/python3.10/site-packages/airflow/example_dags/example_dataset_alias.py
[2024-10-21T04:05:07.251+0700] {processor.py:914} INFO - Processing file /Users/punny/Documents/GitHub/NYC-Taxi-ETL-Pipeline/.venv/lib/python3.10/site-packages/airflow/example_dags/example_dataset_alias.py for tasks to queue
[2024-10-21T04:05:07.252+0700] {logging_mixin.py:190} INFO - [2024-10-21T04:05:07.252+0700] {dagbag.py:588} INFO - Filling up the DagBag from /Users/punny/Documents/GitHub/NYC-Taxi-ETL-Pipeline/.venv/lib/python3.10/site-packages/airflow/example_dags/example_dataset_alias.py
[2024-10-21T04:05:07.514+0700] {processor.py:925} INFO - DAG(s) 'dataset_alias_example_alias_producer', 'dataset_alias_example_alias_consumer', 'dataset_s3_bucket_producer', 'dataset_s3_bucket_consumer' retrieved from /Users/punny/Documents/GitHub/NYC-Taxi-ETL-Pipeline/.venv/lib/python3.10/site-packages/airflow/example_dags/example_dataset_alias.py
[2024-10-21T04:05:07.544+0700] {logging_mixin.py:190} INFO - [2024-10-21T04:05:07.544+0700] {dag.py:3239} INFO - Sync 4 DAGs
[2024-10-21T04:05:07.566+0700] {logging_mixin.py:190} INFO - [2024-10-21T04:05:07.565+0700] {dag.py:4180} INFO - Setting next_dagrun for dataset_alias_example_alias_consumer to None, run_after=None
[2024-10-21T04:05:07.568+0700] {logging_mixin.py:190} INFO - [2024-10-21T04:05:07.568+0700] {dag.py:4180} INFO - Setting next_dagrun for dataset_alias_example_alias_producer to None, run_after=None
[2024-10-21T04:05:07.570+0700] {logging_mixin.py:190} INFO - [2024-10-21T04:05:07.569+0700] {dag.py:4180} INFO - Setting next_dagrun for dataset_s3_bucket_consumer to None, run_after=None
[2024-10-21T04:05:07.571+0700] {logging_mixin.py:190} INFO - [2024-10-21T04:05:07.571+0700] {dag.py:4180} INFO - Setting next_dagrun for dataset_s3_bucket_producer to None, run_after=None
[2024-10-21T04:05:07.596+0700] {processor.py:208} INFO - Processing /Users/punny/Documents/GitHub/NYC-Taxi-ETL-Pipeline/.venv/lib/python3.10/site-packages/airflow/example_dags/example_dataset_alias.py took 0.357 seconds
