[2024-10-20T20:45:21.890+0700] {processor.py:186} INFO - Started process (PID=23091) to work on /Users/punny/Documents/GitHub/NYC-Taxi-ETL-Pipeline/.venv/lib/python3.10/site-packages/airflow/example_dags/example_branch_python_dop_operator_3.py
[2024-10-20T20:45:21.893+0700] {processor.py:914} INFO - Processing file /Users/punny/Documents/GitHub/NYC-Taxi-ETL-Pipeline/.venv/lib/python3.10/site-packages/airflow/example_dags/example_branch_python_dop_operator_3.py for tasks to queue
[2024-10-20T20:45:21.894+0700] {logging_mixin.py:190} INFO - [2024-10-20T20:45:21.894+0700] {dagbag.py:588} INFO - Filling up the DagBag from /Users/punny/Documents/GitHub/NYC-Taxi-ETL-Pipeline/.venv/lib/python3.10/site-packages/airflow/example_dags/example_branch_python_dop_operator_3.py
[2024-10-20T20:45:21.956+0700] {processor.py:925} INFO - DAG(s) 'example_branch_dop_operator_v3' retrieved from /Users/punny/Documents/GitHub/NYC-Taxi-ETL-Pipeline/.venv/lib/python3.10/site-packages/airflow/example_dags/example_branch_python_dop_operator_3.py
[2024-10-20T20:45:22.453+0700] {logging_mixin.py:190} INFO - [2024-10-20T20:45:22.451+0700] {override.py:1907} INFO - Created Permission View: can edit on DAG:example_branch_dop_operator_v3
[2024-10-20T20:45:22.484+0700] {logging_mixin.py:190} INFO - [2024-10-20T20:45:22.483+0700] {override.py:1907} INFO - Created Permission View: can delete on DAG:example_branch_dop_operator_v3
[2024-10-20T20:45:22.564+0700] {logging_mixin.py:190} INFO - [2024-10-20T20:45:22.552+0700] {override.py:1907} INFO - Created Permission View: can read on DAG:example_branch_dop_operator_v3
[2024-10-20T20:45:22.621+0700] {logging_mixin.py:190} INFO - [2024-10-20T20:45:22.620+0700] {override.py:1907} INFO - Created Permission View: menu access on DAG Run:example_branch_dop_operator_v3
[2024-10-20T20:45:22.634+0700] {logging_mixin.py:190} INFO - [2024-10-20T20:45:22.633+0700] {override.py:1907} INFO - Created Permission View: can delete on DAG Run:example_branch_dop_operator_v3
[2024-10-20T20:45:22.668+0700] {logging_mixin.py:190} INFO - [2024-10-20T20:45:22.667+0700] {override.py:1907} INFO - Created Permission View: can create on DAG Run:example_branch_dop_operator_v3
[2024-10-20T20:45:22.682+0700] {logging_mixin.py:190} INFO - [2024-10-20T20:45:22.682+0700] {override.py:1907} INFO - Created Permission View: can read on DAG Run:example_branch_dop_operator_v3
[2024-10-20T20:45:22.683+0700] {logging_mixin.py:190} INFO - [2024-10-20T20:45:22.683+0700] {dag.py:3239} INFO - Sync 1 DAGs
[2024-10-20T20:45:22.737+0700] {logging_mixin.py:190} INFO - [2024-10-20T20:45:22.724+0700] {dag.py:3262} INFO - Creating ORM DAG for example_branch_dop_operator_v3
[2024-10-20T20:45:22.861+0700] {logging_mixin.py:190} INFO - [2024-10-20T20:45:22.860+0700] {dag.py:4180} INFO - Setting next_dagrun for example_branch_dop_operator_v3 to 2024-10-20 13:44:00+00:00, run_after=2024-10-20 13:45:00+00:00
[2024-10-20T20:45:22.909+0700] {processor.py:208} INFO - Processing /Users/punny/Documents/GitHub/NYC-Taxi-ETL-Pipeline/.venv/lib/python3.10/site-packages/airflow/example_dags/example_branch_python_dop_operator_3.py took 1.029 seconds
[2024-10-20T20:49:06.841+0700] {processor.py:186} INFO - Started process (PID=23652) to work on /Users/punny/Documents/GitHub/NYC-Taxi-ETL-Pipeline/.venv/lib/python3.10/site-packages/airflow/example_dags/example_branch_python_dop_operator_3.py
[2024-10-20T20:49:06.845+0700] {processor.py:914} INFO - Processing file /Users/punny/Documents/GitHub/NYC-Taxi-ETL-Pipeline/.venv/lib/python3.10/site-packages/airflow/example_dags/example_branch_python_dop_operator_3.py for tasks to queue
[2024-10-20T20:49:06.846+0700] {logging_mixin.py:190} INFO - [2024-10-20T20:49:06.845+0700] {dagbag.py:588} INFO - Filling up the DagBag from /Users/punny/Documents/GitHub/NYC-Taxi-ETL-Pipeline/.venv/lib/python3.10/site-packages/airflow/example_dags/example_branch_python_dop_operator_3.py
[2024-10-20T20:49:06.898+0700] {processor.py:925} INFO - DAG(s) 'example_branch_dop_operator_v3' retrieved from /Users/punny/Documents/GitHub/NYC-Taxi-ETL-Pipeline/.venv/lib/python3.10/site-packages/airflow/example_dags/example_branch_python_dop_operator_3.py
[2024-10-20T20:49:07.089+0700] {logging_mixin.py:190} INFO - [2024-10-20T20:49:07.089+0700] {dag.py:3239} INFO - Sync 1 DAGs
[2024-10-20T20:49:07.118+0700] {logging_mixin.py:190} INFO - [2024-10-20T20:49:07.117+0700] {dag.py:4180} INFO - Setting next_dagrun for example_branch_dop_operator_v3 to 2024-10-20 13:48:00+00:00, run_after=2024-10-20 13:49:00+00:00
[2024-10-20T20:49:07.147+0700] {processor.py:208} INFO - Processing /Users/punny/Documents/GitHub/NYC-Taxi-ETL-Pipeline/.venv/lib/python3.10/site-packages/airflow/example_dags/example_branch_python_dop_operator_3.py took 0.315 seconds
[2024-10-20T20:55:50.020+0700] {processor.py:186} INFO - Started process (PID=24626) to work on /Users/punny/Documents/GitHub/NYC-Taxi-ETL-Pipeline/.venv/lib/python3.10/site-packages/airflow/example_dags/example_branch_python_dop_operator_3.py
[2024-10-20T20:55:50.024+0700] {processor.py:914} INFO - Processing file /Users/punny/Documents/GitHub/NYC-Taxi-ETL-Pipeline/.venv/lib/python3.10/site-packages/airflow/example_dags/example_branch_python_dop_operator_3.py for tasks to queue
[2024-10-20T20:55:50.025+0700] {logging_mixin.py:190} INFO - [2024-10-20T20:55:50.025+0700] {dagbag.py:588} INFO - Filling up the DagBag from /Users/punny/Documents/GitHub/NYC-Taxi-ETL-Pipeline/.venv/lib/python3.10/site-packages/airflow/example_dags/example_branch_python_dop_operator_3.py
[2024-10-20T20:55:50.070+0700] {processor.py:925} INFO - DAG(s) 'example_branch_dop_operator_v3' retrieved from /Users/punny/Documents/GitHub/NYC-Taxi-ETL-Pipeline/.venv/lib/python3.10/site-packages/airflow/example_dags/example_branch_python_dop_operator_3.py
[2024-10-20T20:55:50.260+0700] {logging_mixin.py:190} INFO - [2024-10-20T20:55:50.259+0700] {dag.py:3239} INFO - Sync 1 DAGs
[2024-10-20T20:55:50.288+0700] {logging_mixin.py:190} INFO - [2024-10-20T20:55:50.287+0700] {dag.py:4180} INFO - Setting next_dagrun for example_branch_dop_operator_v3 to 2024-10-20 13:54:00+00:00, run_after=2024-10-20 13:55:00+00:00
[2024-10-20T20:55:50.309+0700] {processor.py:208} INFO - Processing /Users/punny/Documents/GitHub/NYC-Taxi-ETL-Pipeline/.venv/lib/python3.10/site-packages/airflow/example_dags/example_branch_python_dop_operator_3.py took 0.297 seconds
[2024-10-20T21:02:47.696+0700] {processor.py:186} INFO - Started process (PID=25711) to work on /Users/punny/Documents/GitHub/NYC-Taxi-ETL-Pipeline/.venv/lib/python3.10/site-packages/airflow/example_dags/example_branch_python_dop_operator_3.py
[2024-10-20T21:02:47.699+0700] {processor.py:914} INFO - Processing file /Users/punny/Documents/GitHub/NYC-Taxi-ETL-Pipeline/.venv/lib/python3.10/site-packages/airflow/example_dags/example_branch_python_dop_operator_3.py for tasks to queue
[2024-10-20T21:02:47.700+0700] {logging_mixin.py:190} INFO - [2024-10-20T21:02:47.700+0700] {dagbag.py:588} INFO - Filling up the DagBag from /Users/punny/Documents/GitHub/NYC-Taxi-ETL-Pipeline/.venv/lib/python3.10/site-packages/airflow/example_dags/example_branch_python_dop_operator_3.py
[2024-10-20T21:02:47.765+0700] {processor.py:925} INFO - DAG(s) 'example_branch_dop_operator_v3' retrieved from /Users/punny/Documents/GitHub/NYC-Taxi-ETL-Pipeline/.venv/lib/python3.10/site-packages/airflow/example_dags/example_branch_python_dop_operator_3.py
[2024-10-20T21:02:47.990+0700] {logging_mixin.py:190} INFO - [2024-10-20T21:02:47.989+0700] {dag.py:3239} INFO - Sync 1 DAGs
[2024-10-20T21:02:48.023+0700] {logging_mixin.py:190} INFO - [2024-10-20T21:02:48.022+0700] {dag.py:4180} INFO - Setting next_dagrun for example_branch_dop_operator_v3 to 2024-10-20 14:01:00+00:00, run_after=2024-10-20 14:02:00+00:00
[2024-10-20T21:02:48.055+0700] {processor.py:208} INFO - Processing /Users/punny/Documents/GitHub/NYC-Taxi-ETL-Pipeline/.venv/lib/python3.10/site-packages/airflow/example_dags/example_branch_python_dop_operator_3.py took 0.370 seconds
[2024-10-20T21:09:41.366+0700] {processor.py:186} INFO - Started process (PID=26686) to work on /Users/punny/Documents/GitHub/NYC-Taxi-ETL-Pipeline/.venv/lib/python3.10/site-packages/airflow/example_dags/example_branch_python_dop_operator_3.py
[2024-10-20T21:09:41.370+0700] {processor.py:914} INFO - Processing file /Users/punny/Documents/GitHub/NYC-Taxi-ETL-Pipeline/.venv/lib/python3.10/site-packages/airflow/example_dags/example_branch_python_dop_operator_3.py for tasks to queue
[2024-10-20T21:09:41.371+0700] {logging_mixin.py:190} INFO - [2024-10-20T21:09:41.371+0700] {dagbag.py:588} INFO - Filling up the DagBag from /Users/punny/Documents/GitHub/NYC-Taxi-ETL-Pipeline/.venv/lib/python3.10/site-packages/airflow/example_dags/example_branch_python_dop_operator_3.py
[2024-10-20T21:09:41.418+0700] {processor.py:925} INFO - DAG(s) 'example_branch_dop_operator_v3' retrieved from /Users/punny/Documents/GitHub/NYC-Taxi-ETL-Pipeline/.venv/lib/python3.10/site-packages/airflow/example_dags/example_branch_python_dop_operator_3.py
[2024-10-20T21:09:41.605+0700] {logging_mixin.py:190} INFO - [2024-10-20T21:09:41.604+0700] {dag.py:3239} INFO - Sync 1 DAGs
[2024-10-20T21:09:41.633+0700] {logging_mixin.py:190} INFO - [2024-10-20T21:09:41.632+0700] {dag.py:4180} INFO - Setting next_dagrun for example_branch_dop_operator_v3 to 2024-10-20 14:08:00+00:00, run_after=2024-10-20 14:09:00+00:00
[2024-10-20T21:09:41.655+0700] {processor.py:208} INFO - Processing /Users/punny/Documents/GitHub/NYC-Taxi-ETL-Pipeline/.venv/lib/python3.10/site-packages/airflow/example_dags/example_branch_python_dop_operator_3.py took 0.297 seconds
[2024-10-20T21:31:18.294+0700] {processor.py:186} INFO - Started process (PID=27798) to work on /Users/punny/Documents/GitHub/NYC-Taxi-ETL-Pipeline/.venv/lib/python3.10/site-packages/airflow/example_dags/example_branch_python_dop_operator_3.py
[2024-10-20T21:31:18.297+0700] {processor.py:914} INFO - Processing file /Users/punny/Documents/GitHub/NYC-Taxi-ETL-Pipeline/.venv/lib/python3.10/site-packages/airflow/example_dags/example_branch_python_dop_operator_3.py for tasks to queue
[2024-10-20T21:31:18.298+0700] {logging_mixin.py:190} INFO - [2024-10-20T21:31:18.298+0700] {dagbag.py:588} INFO - Filling up the DagBag from /Users/punny/Documents/GitHub/NYC-Taxi-ETL-Pipeline/.venv/lib/python3.10/site-packages/airflow/example_dags/example_branch_python_dop_operator_3.py
[2024-10-20T21:31:18.383+0700] {processor.py:925} INFO - DAG(s) 'example_branch_dop_operator_v3' retrieved from /Users/punny/Documents/GitHub/NYC-Taxi-ETL-Pipeline/.venv/lib/python3.10/site-packages/airflow/example_dags/example_branch_python_dop_operator_3.py
[2024-10-20T21:31:18.628+0700] {logging_mixin.py:190} INFO - [2024-10-20T21:31:18.628+0700] {dag.py:3239} INFO - Sync 1 DAGs
[2024-10-20T21:31:18.661+0700] {logging_mixin.py:190} INFO - [2024-10-20T21:31:18.661+0700] {dag.py:4180} INFO - Setting next_dagrun for example_branch_dop_operator_v3 to 2024-10-20 14:30:00+00:00, run_after=2024-10-20 14:31:00+00:00
[2024-10-20T21:31:18.685+0700] {processor.py:208} INFO - Processing /Users/punny/Documents/GitHub/NYC-Taxi-ETL-Pipeline/.venv/lib/python3.10/site-packages/airflow/example_dags/example_branch_python_dop_operator_3.py took 0.401 seconds
[2024-10-20T21:58:40.757+0700] {processor.py:186} INFO - Started process (PID=31525) to work on /Users/punny/Documents/GitHub/NYC-Taxi-ETL-Pipeline/.venv/lib/python3.10/site-packages/airflow/example_dags/example_branch_python_dop_operator_3.py
[2024-10-20T21:58:40.766+0700] {processor.py:914} INFO - Processing file /Users/punny/Documents/GitHub/NYC-Taxi-ETL-Pipeline/.venv/lib/python3.10/site-packages/airflow/example_dags/example_branch_python_dop_operator_3.py for tasks to queue
[2024-10-20T21:58:40.768+0700] {logging_mixin.py:190} INFO - [2024-10-20T21:58:40.768+0700] {dagbag.py:588} INFO - Filling up the DagBag from /Users/punny/Documents/GitHub/NYC-Taxi-ETL-Pipeline/.venv/lib/python3.10/site-packages/airflow/example_dags/example_branch_python_dop_operator_3.py
[2024-10-20T21:58:40.829+0700] {processor.py:925} INFO - DAG(s) 'example_branch_dop_operator_v3' retrieved from /Users/punny/Documents/GitHub/NYC-Taxi-ETL-Pipeline/.venv/lib/python3.10/site-packages/airflow/example_dags/example_branch_python_dop_operator_3.py
[2024-10-20T21:58:41.026+0700] {logging_mixin.py:190} INFO - [2024-10-20T21:58:41.025+0700] {dag.py:3239} INFO - Sync 1 DAGs
[2024-10-20T21:58:41.054+0700] {logging_mixin.py:190} INFO - [2024-10-20T21:58:41.054+0700] {dag.py:4180} INFO - Setting next_dagrun for example_branch_dop_operator_v3 to 2024-10-20 14:57:00+00:00, run_after=2024-10-20 14:58:00+00:00
[2024-10-20T21:58:41.085+0700] {processor.py:208} INFO - Processing /Users/punny/Documents/GitHub/NYC-Taxi-ETL-Pipeline/.venv/lib/python3.10/site-packages/airflow/example_dags/example_branch_python_dop_operator_3.py took 0.337 seconds
[2024-10-21T01:48:44.624+0700] {processor.py:186} INFO - Started process (PID=32861) to work on /Users/punny/Documents/GitHub/NYC-Taxi-ETL-Pipeline/.venv/lib/python3.10/site-packages/airflow/example_dags/example_branch_python_dop_operator_3.py
[2024-10-21T01:48:44.627+0700] {processor.py:914} INFO - Processing file /Users/punny/Documents/GitHub/NYC-Taxi-ETL-Pipeline/.venv/lib/python3.10/site-packages/airflow/example_dags/example_branch_python_dop_operator_3.py for tasks to queue
[2024-10-21T01:48:44.628+0700] {logging_mixin.py:190} INFO - [2024-10-21T01:48:44.628+0700] {dagbag.py:588} INFO - Filling up the DagBag from /Users/punny/Documents/GitHub/NYC-Taxi-ETL-Pipeline/.venv/lib/python3.10/site-packages/airflow/example_dags/example_branch_python_dop_operator_3.py
[2024-10-21T01:48:44.673+0700] {processor.py:925} INFO - DAG(s) 'example_branch_dop_operator_v3' retrieved from /Users/punny/Documents/GitHub/NYC-Taxi-ETL-Pipeline/.venv/lib/python3.10/site-packages/airflow/example_dags/example_branch_python_dop_operator_3.py
[2024-10-21T01:48:44.854+0700] {logging_mixin.py:190} INFO - [2024-10-21T01:48:44.854+0700] {dag.py:3239} INFO - Sync 1 DAGs
[2024-10-21T01:48:44.883+0700] {logging_mixin.py:190} INFO - [2024-10-21T01:48:44.883+0700] {dag.py:4180} INFO - Setting next_dagrun for example_branch_dop_operator_v3 to 2024-10-20 18:47:00+00:00, run_after=2024-10-20 18:48:00+00:00
[2024-10-21T01:48:44.905+0700] {processor.py:208} INFO - Processing /Users/punny/Documents/GitHub/NYC-Taxi-ETL-Pipeline/.venv/lib/python3.10/site-packages/airflow/example_dags/example_branch_python_dop_operator_3.py took 0.290 seconds
[2024-10-21T04:05:18.311+0700] {processor.py:186} INFO - Started process (PID=33624) to work on /Users/punny/Documents/GitHub/NYC-Taxi-ETL-Pipeline/.venv/lib/python3.10/site-packages/airflow/example_dags/example_branch_python_dop_operator_3.py
[2024-10-21T04:05:18.314+0700] {processor.py:914} INFO - Processing file /Users/punny/Documents/GitHub/NYC-Taxi-ETL-Pipeline/.venv/lib/python3.10/site-packages/airflow/example_dags/example_branch_python_dop_operator_3.py for tasks to queue
[2024-10-21T04:05:18.315+0700] {logging_mixin.py:190} INFO - [2024-10-21T04:05:18.315+0700] {dagbag.py:588} INFO - Filling up the DagBag from /Users/punny/Documents/GitHub/NYC-Taxi-ETL-Pipeline/.venv/lib/python3.10/site-packages/airflow/example_dags/example_branch_python_dop_operator_3.py
[2024-10-21T04:05:18.360+0700] {processor.py:925} INFO - DAG(s) 'example_branch_dop_operator_v3' retrieved from /Users/punny/Documents/GitHub/NYC-Taxi-ETL-Pipeline/.venv/lib/python3.10/site-packages/airflow/example_dags/example_branch_python_dop_operator_3.py
[2024-10-21T04:05:18.539+0700] {logging_mixin.py:190} INFO - [2024-10-21T04:05:18.539+0700] {dag.py:3239} INFO - Sync 1 DAGs
[2024-10-21T04:05:18.569+0700] {logging_mixin.py:190} INFO - [2024-10-21T04:05:18.569+0700] {dag.py:4180} INFO - Setting next_dagrun for example_branch_dop_operator_v3 to 2024-10-20 21:04:00+00:00, run_after=2024-10-20 21:05:00+00:00
[2024-10-21T04:05:18.591+0700] {processor.py:208} INFO - Processing /Users/punny/Documents/GitHub/NYC-Taxi-ETL-Pipeline/.venv/lib/python3.10/site-packages/airflow/example_dags/example_branch_python_dop_operator_3.py took 0.288 seconds
