[2024-10-20T20:45:17.767+0700] {processor.py:186} INFO - Started process (PID=23079) to work on /Users/punny/Documents/GitHub/NYC-Taxi-ETL-Pipeline/.venv/lib/python3.10/site-packages/airflow/example_dags/example_complex.py
[2024-10-20T20:45:17.778+0700] {processor.py:914} INFO - Processing file /Users/punny/Documents/GitHub/NYC-Taxi-ETL-Pipeline/.venv/lib/python3.10/site-packages/airflow/example_dags/example_complex.py for tasks to queue
[2024-10-20T20:45:17.780+0700] {logging_mixin.py:190} INFO - [2024-10-20T20:45:17.779+0700] {dagbag.py:588} INFO - Filling up the DagBag from /Users/punny/Documents/GitHub/NYC-Taxi-ETL-Pipeline/.venv/lib/python3.10/site-packages/airflow/example_dags/example_complex.py
[2024-10-20T20:45:17.808+0700] {processor.py:925} INFO - DAG(s) 'example_complex' retrieved from /Users/punny/Documents/GitHub/NYC-Taxi-ETL-Pipeline/.venv/lib/python3.10/site-packages/airflow/example_dags/example_complex.py
[2024-10-20T20:45:18.467+0700] {logging_mixin.py:190} INFO - [2024-10-20T20:45:18.467+0700] {override.py:1907} INFO - Created Permission View: can read on DAG:example_complex
[2024-10-20T20:45:18.482+0700] {logging_mixin.py:190} INFO - [2024-10-20T20:45:18.481+0700] {override.py:1907} INFO - Created Permission View: can delete on DAG:example_complex
[2024-10-20T20:45:18.492+0700] {logging_mixin.py:190} INFO - [2024-10-20T20:45:18.492+0700] {override.py:1907} INFO - Created Permission View: can edit on DAG:example_complex
[2024-10-20T20:45:18.507+0700] {logging_mixin.py:190} INFO - [2024-10-20T20:45:18.506+0700] {override.py:1907} INFO - Created Permission View: can read on DAG Run:example_complex
[2024-10-20T20:45:18.516+0700] {logging_mixin.py:190} INFO - [2024-10-20T20:45:18.515+0700] {override.py:1907} INFO - Created Permission View: can create on DAG Run:example_complex
[2024-10-20T20:45:18.525+0700] {logging_mixin.py:190} INFO - [2024-10-20T20:45:18.525+0700] {override.py:1907} INFO - Created Permission View: menu access on DAG Run:example_complex
[2024-10-20T20:45:18.533+0700] {logging_mixin.py:190} INFO - [2024-10-20T20:45:18.533+0700] {override.py:1907} INFO - Created Permission View: can delete on DAG Run:example_complex
[2024-10-20T20:45:18.534+0700] {logging_mixin.py:190} INFO - [2024-10-20T20:45:18.534+0700] {dag.py:3239} INFO - Sync 1 DAGs
[2024-10-20T20:45:18.553+0700] {logging_mixin.py:190} INFO - [2024-10-20T20:45:18.552+0700] {dag.py:3262} INFO - Creating ORM DAG for example_complex
[2024-10-20T20:45:18.554+0700] {logging_mixin.py:190} INFO - [2024-10-20T20:45:18.554+0700] {dag.py:4180} INFO - Setting next_dagrun for example_complex to None, run_after=None
[2024-10-20T20:45:18.577+0700] {processor.py:208} INFO - Processing /Users/punny/Documents/GitHub/NYC-Taxi-ETL-Pipeline/.venv/lib/python3.10/site-packages/airflow/example_dags/example_complex.py took 0.819 seconds
[2024-10-20T20:49:02.366+0700] {processor.py:186} INFO - Started process (PID=23643) to work on /Users/punny/Documents/GitHub/NYC-Taxi-ETL-Pipeline/.venv/lib/python3.10/site-packages/airflow/example_dags/example_complex.py
[2024-10-20T20:49:02.369+0700] {processor.py:914} INFO - Processing file /Users/punny/Documents/GitHub/NYC-Taxi-ETL-Pipeline/.venv/lib/python3.10/site-packages/airflow/example_dags/example_complex.py for tasks to queue
[2024-10-20T20:49:02.370+0700] {logging_mixin.py:190} INFO - [2024-10-20T20:49:02.370+0700] {dagbag.py:588} INFO - Filling up the DagBag from /Users/punny/Documents/GitHub/NYC-Taxi-ETL-Pipeline/.venv/lib/python3.10/site-packages/airflow/example_dags/example_complex.py
[2024-10-20T20:49:02.392+0700] {processor.py:925} INFO - DAG(s) 'example_complex' retrieved from /Users/punny/Documents/GitHub/NYC-Taxi-ETL-Pipeline/.venv/lib/python3.10/site-packages/airflow/example_dags/example_complex.py
[2024-10-20T20:49:02.610+0700] {logging_mixin.py:190} INFO - [2024-10-20T20:49:02.610+0700] {dag.py:3239} INFO - Sync 1 DAGs
[2024-10-20T20:49:02.624+0700] {logging_mixin.py:190} INFO - [2024-10-20T20:49:02.624+0700] {dag.py:4180} INFO - Setting next_dagrun for example_complex to None, run_after=None
[2024-10-20T20:49:02.644+0700] {processor.py:208} INFO - Processing /Users/punny/Documents/GitHub/NYC-Taxi-ETL-Pipeline/.venv/lib/python3.10/site-packages/airflow/example_dags/example_complex.py took 0.283 seconds
[2024-10-20T20:55:46.574+0700] {processor.py:186} INFO - Started process (PID=24616) to work on /Users/punny/Documents/GitHub/NYC-Taxi-ETL-Pipeline/.venv/lib/python3.10/site-packages/airflow/example_dags/example_complex.py
[2024-10-20T20:55:46.577+0700] {processor.py:914} INFO - Processing file /Users/punny/Documents/GitHub/NYC-Taxi-ETL-Pipeline/.venv/lib/python3.10/site-packages/airflow/example_dags/example_complex.py for tasks to queue
[2024-10-20T20:55:46.578+0700] {logging_mixin.py:190} INFO - [2024-10-20T20:55:46.578+0700] {dagbag.py:588} INFO - Filling up the DagBag from /Users/punny/Documents/GitHub/NYC-Taxi-ETL-Pipeline/.venv/lib/python3.10/site-packages/airflow/example_dags/example_complex.py
[2024-10-20T20:55:46.595+0700] {processor.py:925} INFO - DAG(s) 'example_complex' retrieved from /Users/punny/Documents/GitHub/NYC-Taxi-ETL-Pipeline/.venv/lib/python3.10/site-packages/airflow/example_dags/example_complex.py
[2024-10-20T20:55:46.802+0700] {logging_mixin.py:190} INFO - [2024-10-20T20:55:46.801+0700] {dag.py:3239} INFO - Sync 1 DAGs
[2024-10-20T20:55:46.814+0700] {logging_mixin.py:190} INFO - [2024-10-20T20:55:46.814+0700] {dag.py:4180} INFO - Setting next_dagrun for example_complex to None, run_after=None
[2024-10-20T20:55:46.835+0700] {processor.py:208} INFO - Processing /Users/punny/Documents/GitHub/NYC-Taxi-ETL-Pipeline/.venv/lib/python3.10/site-packages/airflow/example_dags/example_complex.py took 0.271 seconds
[2024-10-20T21:02:43.065+0700] {processor.py:186} INFO - Started process (PID=25701) to work on /Users/punny/Documents/GitHub/NYC-Taxi-ETL-Pipeline/.venv/lib/python3.10/site-packages/airflow/example_dags/example_complex.py
[2024-10-20T21:02:43.069+0700] {processor.py:914} INFO - Processing file /Users/punny/Documents/GitHub/NYC-Taxi-ETL-Pipeline/.venv/lib/python3.10/site-packages/airflow/example_dags/example_complex.py for tasks to queue
[2024-10-20T21:02:43.070+0700] {logging_mixin.py:190} INFO - [2024-10-20T21:02:43.070+0700] {dagbag.py:588} INFO - Filling up the DagBag from /Users/punny/Documents/GitHub/NYC-Taxi-ETL-Pipeline/.venv/lib/python3.10/site-packages/airflow/example_dags/example_complex.py
[2024-10-20T21:02:43.094+0700] {processor.py:925} INFO - DAG(s) 'example_complex' retrieved from /Users/punny/Documents/GitHub/NYC-Taxi-ETL-Pipeline/.venv/lib/python3.10/site-packages/airflow/example_dags/example_complex.py
[2024-10-20T21:02:43.370+0700] {logging_mixin.py:190} INFO - [2024-10-20T21:02:43.370+0700] {dag.py:3239} INFO - Sync 1 DAGs
[2024-10-20T21:02:43.389+0700] {logging_mixin.py:190} INFO - [2024-10-20T21:02:43.388+0700] {dag.py:4180} INFO - Setting next_dagrun for example_complex to None, run_after=None
[2024-10-20T21:02:43.419+0700] {processor.py:208} INFO - Processing /Users/punny/Documents/GitHub/NYC-Taxi-ETL-Pipeline/.venv/lib/python3.10/site-packages/airflow/example_dags/example_complex.py took 0.366 seconds
[2024-10-20T21:09:37.856+0700] {processor.py:186} INFO - Started process (PID=26676) to work on /Users/punny/Documents/GitHub/NYC-Taxi-ETL-Pipeline/.venv/lib/python3.10/site-packages/airflow/example_dags/example_complex.py
[2024-10-20T21:09:37.859+0700] {processor.py:914} INFO - Processing file /Users/punny/Documents/GitHub/NYC-Taxi-ETL-Pipeline/.venv/lib/python3.10/site-packages/airflow/example_dags/example_complex.py for tasks to queue
[2024-10-20T21:09:37.860+0700] {logging_mixin.py:190} INFO - [2024-10-20T21:09:37.860+0700] {dagbag.py:588} INFO - Filling up the DagBag from /Users/punny/Documents/GitHub/NYC-Taxi-ETL-Pipeline/.venv/lib/python3.10/site-packages/airflow/example_dags/example_complex.py
[2024-10-20T21:09:37.879+0700] {processor.py:925} INFO - DAG(s) 'example_complex' retrieved from /Users/punny/Documents/GitHub/NYC-Taxi-ETL-Pipeline/.venv/lib/python3.10/site-packages/airflow/example_dags/example_complex.py
[2024-10-20T21:09:38.090+0700] {logging_mixin.py:190} INFO - [2024-10-20T21:09:38.090+0700] {dag.py:3239} INFO - Sync 1 DAGs
[2024-10-20T21:09:38.105+0700] {logging_mixin.py:190} INFO - [2024-10-20T21:09:38.104+0700] {dag.py:4180} INFO - Setting next_dagrun for example_complex to None, run_after=None
[2024-10-20T21:09:38.126+0700] {processor.py:208} INFO - Processing /Users/punny/Documents/GitHub/NYC-Taxi-ETL-Pipeline/.venv/lib/python3.10/site-packages/airflow/example_dags/example_complex.py took 0.279 seconds
[2024-10-20T21:31:12.106+0700] {processor.py:186} INFO - Started process (PID=27785) to work on /Users/punny/Documents/GitHub/NYC-Taxi-ETL-Pipeline/.venv/lib/python3.10/site-packages/airflow/example_dags/example_complex.py
[2024-10-20T21:31:12.111+0700] {processor.py:914} INFO - Processing file /Users/punny/Documents/GitHub/NYC-Taxi-ETL-Pipeline/.venv/lib/python3.10/site-packages/airflow/example_dags/example_complex.py for tasks to queue
[2024-10-20T21:31:12.113+0700] {logging_mixin.py:190} INFO - [2024-10-20T21:31:12.113+0700] {dagbag.py:588} INFO - Filling up the DagBag from /Users/punny/Documents/GitHub/NYC-Taxi-ETL-Pipeline/.venv/lib/python3.10/site-packages/airflow/example_dags/example_complex.py
[2024-10-20T21:31:12.152+0700] {processor.py:925} INFO - DAG(s) 'example_complex' retrieved from /Users/punny/Documents/GitHub/NYC-Taxi-ETL-Pipeline/.venv/lib/python3.10/site-packages/airflow/example_dags/example_complex.py
[2024-10-20T21:31:13.151+0700] {logging_mixin.py:190} INFO - [2024-10-20T21:31:13.151+0700] {dag.py:3239} INFO - Sync 1 DAGs
[2024-10-20T21:31:13.184+0700] {logging_mixin.py:190} INFO - [2024-10-20T21:31:13.183+0700] {dag.py:4180} INFO - Setting next_dagrun for example_complex to None, run_after=None
[2024-10-20T21:31:13.224+0700] {processor.py:208} INFO - Processing /Users/punny/Documents/GitHub/NYC-Taxi-ETL-Pipeline/.venv/lib/python3.10/site-packages/airflow/example_dags/example_complex.py took 1.126 seconds
[2024-10-20T21:58:36.732+0700] {processor.py:186} INFO - Started process (PID=31514) to work on /Users/punny/Documents/GitHub/NYC-Taxi-ETL-Pipeline/.venv/lib/python3.10/site-packages/airflow/example_dags/example_complex.py
[2024-10-20T21:58:36.738+0700] {processor.py:914} INFO - Processing file /Users/punny/Documents/GitHub/NYC-Taxi-ETL-Pipeline/.venv/lib/python3.10/site-packages/airflow/example_dags/example_complex.py for tasks to queue
[2024-10-20T21:58:36.740+0700] {logging_mixin.py:190} INFO - [2024-10-20T21:58:36.739+0700] {dagbag.py:588} INFO - Filling up the DagBag from /Users/punny/Documents/GitHub/NYC-Taxi-ETL-Pipeline/.venv/lib/python3.10/site-packages/airflow/example_dags/example_complex.py
[2024-10-20T21:58:36.769+0700] {processor.py:925} INFO - DAG(s) 'example_complex' retrieved from /Users/punny/Documents/GitHub/NYC-Taxi-ETL-Pipeline/.venv/lib/python3.10/site-packages/airflow/example_dags/example_complex.py
[2024-10-20T21:58:37.066+0700] {logging_mixin.py:190} INFO - [2024-10-20T21:58:37.065+0700] {dag.py:3239} INFO - Sync 1 DAGs
[2024-10-20T21:58:37.079+0700] {logging_mixin.py:190} INFO - [2024-10-20T21:58:37.079+0700] {dag.py:4180} INFO - Setting next_dagrun for example_complex to None, run_after=None
[2024-10-20T21:58:37.102+0700] {processor.py:208} INFO - Processing /Users/punny/Documents/GitHub/NYC-Taxi-ETL-Pipeline/.venv/lib/python3.10/site-packages/airflow/example_dags/example_complex.py took 0.375 seconds
[2024-10-21T00:00:23.980+0700] {processor.py:186} INFO - Started process (PID=32263) to work on /Users/punny/Documents/GitHub/NYC-Taxi-ETL-Pipeline/.venv/lib/python3.10/site-packages/airflow/example_dags/example_complex.py
[2024-10-21T00:00:23.984+0700] {processor.py:914} INFO - Processing file /Users/punny/Documents/GitHub/NYC-Taxi-ETL-Pipeline/.venv/lib/python3.10/site-packages/airflow/example_dags/example_complex.py for tasks to queue
[2024-10-21T00:00:23.986+0700] {logging_mixin.py:190} INFO - [2024-10-21T00:00:23.985+0700] {dagbag.py:588} INFO - Filling up the DagBag from /Users/punny/Documents/GitHub/NYC-Taxi-ETL-Pipeline/.venv/lib/python3.10/site-packages/airflow/example_dags/example_complex.py
[2024-10-21T00:00:24.017+0700] {processor.py:925} INFO - DAG(s) 'example_complex' retrieved from /Users/punny/Documents/GitHub/NYC-Taxi-ETL-Pipeline/.venv/lib/python3.10/site-packages/airflow/example_dags/example_complex.py
[2024-10-21T00:00:24.394+0700] {logging_mixin.py:190} INFO - [2024-10-21T00:00:24.394+0700] {dag.py:3239} INFO - Sync 1 DAGs
[2024-10-21T00:00:24.417+0700] {logging_mixin.py:190} INFO - [2024-10-21T00:00:24.417+0700] {dag.py:4180} INFO - Setting next_dagrun for example_complex to None, run_after=None
[2024-10-21T00:00:24.452+0700] {processor.py:208} INFO - Processing /Users/punny/Documents/GitHub/NYC-Taxi-ETL-Pipeline/.venv/lib/python3.10/site-packages/airflow/example_dags/example_complex.py took 0.481 seconds
[2024-10-21T04:05:14.638+0700] {processor.py:186} INFO - Started process (PID=33615) to work on /Users/punny/Documents/GitHub/NYC-Taxi-ETL-Pipeline/.venv/lib/python3.10/site-packages/airflow/example_dags/example_complex.py
[2024-10-21T04:05:14.640+0700] {processor.py:914} INFO - Processing file /Users/punny/Documents/GitHub/NYC-Taxi-ETL-Pipeline/.venv/lib/python3.10/site-packages/airflow/example_dags/example_complex.py for tasks to queue
[2024-10-21T04:05:14.641+0700] {logging_mixin.py:190} INFO - [2024-10-21T04:05:14.641+0700] {dagbag.py:588} INFO - Filling up the DagBag from /Users/punny/Documents/GitHub/NYC-Taxi-ETL-Pipeline/.venv/lib/python3.10/site-packages/airflow/example_dags/example_complex.py
[2024-10-21T04:05:14.658+0700] {processor.py:925} INFO - DAG(s) 'example_complex' retrieved from /Users/punny/Documents/GitHub/NYC-Taxi-ETL-Pipeline/.venv/lib/python3.10/site-packages/airflow/example_dags/example_complex.py
[2024-10-21T04:05:15.125+0700] {logging_mixin.py:190} INFO - [2024-10-21T04:05:15.125+0700] {dag.py:3239} INFO - Sync 1 DAGs
[2024-10-21T04:05:15.139+0700] {logging_mixin.py:190} INFO - [2024-10-21T04:05:15.138+0700] {dag.py:4180} INFO - Setting next_dagrun for example_complex to None, run_after=None
[2024-10-21T04:05:15.162+0700] {processor.py:208} INFO - Processing /Users/punny/Documents/GitHub/NYC-Taxi-ETL-Pipeline/.venv/lib/python3.10/site-packages/airflow/example_dags/example_complex.py took 0.534 seconds
