[2024-10-20T20:42:09.189+0700] {processor.py:186} INFO - Started process (PID=22533) to work on /Users/punny/Documents/GitHub/NYC-Taxi-ETL-Pipeline/.venv/lib/python3.10/site-packages/airflow/example_dags/example_xcomargs.py
[2024-10-20T20:42:09.192+0700] {processor.py:914} INFO - Processing file /Users/punny/Documents/GitHub/NYC-Taxi-ETL-Pipeline/.venv/lib/python3.10/site-packages/airflow/example_dags/example_xcomargs.py for tasks to queue
[2024-10-20T20:42:09.193+0700] {logging_mixin.py:190} INFO - [2024-10-20T20:42:09.193+0700] {dagbag.py:588} INFO - Filling up the DagBag from /Users/punny/Documents/GitHub/NYC-Taxi-ETL-Pipeline/.venv/lib/python3.10/site-packages/airflow/example_dags/example_xcomargs.py
[2024-10-20T20:42:09.250+0700] {processor.py:925} INFO - DAG(s) 'example_xcom_args', 'example_xcom_args_with_operators' retrieved from /Users/punny/Documents/GitHub/NYC-Taxi-ETL-Pipeline/.venv/lib/python3.10/site-packages/airflow/example_dags/example_xcomargs.py
[2024-10-20T20:42:09.591+0700] {logging_mixin.py:190} INFO - [2024-10-20T20:42:09.589+0700] {override.py:1907} INFO - Created Permission View: can read on DAG:example_xcom_args
[2024-10-20T20:42:09.611+0700] {logging_mixin.py:190} INFO - [2024-10-20T20:42:09.610+0700] {override.py:1907} INFO - Created Permission View: can delete on DAG:example_xcom_args
[2024-10-20T20:42:09.622+0700] {logging_mixin.py:190} INFO - [2024-10-20T20:42:09.621+0700] {override.py:1907} INFO - Created Permission View: can edit on DAG:example_xcom_args
[2024-10-20T20:42:09.634+0700] {logging_mixin.py:190} INFO - [2024-10-20T20:42:09.633+0700] {override.py:1907} INFO - Created Permission View: can read on DAG Run:example_xcom_args
[2024-10-20T20:42:09.647+0700] {logging_mixin.py:190} INFO - [2024-10-20T20:42:09.646+0700] {override.py:1907} INFO - Created Permission View: can delete on DAG Run:example_xcom_args
[2024-10-20T20:42:09.658+0700] {logging_mixin.py:190} INFO - [2024-10-20T20:42:09.658+0700] {override.py:1907} INFO - Created Permission View: menu access on DAG Run:example_xcom_args
[2024-10-20T20:42:09.674+0700] {logging_mixin.py:190} INFO - [2024-10-20T20:42:09.673+0700] {override.py:1907} INFO - Created Permission View: can create on DAG Run:example_xcom_args
[2024-10-20T20:42:09.695+0700] {logging_mixin.py:190} INFO - [2024-10-20T20:42:09.694+0700] {override.py:1907} INFO - Created Permission View: can read on DAG:example_xcom_args_with_operators
[2024-10-20T20:42:09.705+0700] {logging_mixin.py:190} INFO - [2024-10-20T20:42:09.705+0700] {override.py:1907} INFO - Created Permission View: can delete on DAG:example_xcom_args_with_operators
[2024-10-20T20:42:09.713+0700] {logging_mixin.py:190} INFO - [2024-10-20T20:42:09.712+0700] {override.py:1907} INFO - Created Permission View: can edit on DAG:example_xcom_args_with_operators
[2024-10-20T20:42:09.725+0700] {logging_mixin.py:190} INFO - [2024-10-20T20:42:09.724+0700] {override.py:1907} INFO - Created Permission View: can read on DAG Run:example_xcom_args_with_operators
[2024-10-20T20:42:09.734+0700] {logging_mixin.py:190} INFO - [2024-10-20T20:42:09.733+0700] {override.py:1907} INFO - Created Permission View: can delete on DAG Run:example_xcom_args_with_operators
[2024-10-20T20:42:09.742+0700] {logging_mixin.py:190} INFO - [2024-10-20T20:42:09.741+0700] {override.py:1907} INFO - Created Permission View: menu access on DAG Run:example_xcom_args_with_operators
[2024-10-20T20:42:09.750+0700] {logging_mixin.py:190} INFO - [2024-10-20T20:42:09.749+0700] {override.py:1907} INFO - Created Permission View: can create on DAG Run:example_xcom_args_with_operators
[2024-10-20T20:42:09.750+0700] {logging_mixin.py:190} INFO - [2024-10-20T20:42:09.750+0700] {dag.py:3239} INFO - Sync 2 DAGs
[2024-10-20T20:42:09.766+0700] {logging_mixin.py:190} INFO - [2024-10-20T20:42:09.766+0700] {dag.py:3262} INFO - Creating ORM DAG for example_xcom_args_with_operators
[2024-10-20T20:42:09.767+0700] {logging_mixin.py:190} INFO - [2024-10-20T20:42:09.767+0700] {dag.py:3262} INFO - Creating ORM DAG for example_xcom_args
[2024-10-20T20:42:09.768+0700] {logging_mixin.py:190} INFO - [2024-10-20T20:42:09.768+0700] {dag.py:4180} INFO - Setting next_dagrun for example_xcom_args to None, run_after=None
[2024-10-20T20:42:09.768+0700] {logging_mixin.py:190} INFO - [2024-10-20T20:42:09.768+0700] {dag.py:4180} INFO - Setting next_dagrun for example_xcom_args_with_operators to None, run_after=None
[2024-10-20T20:42:09.793+0700] {processor.py:208} INFO - Processing /Users/punny/Documents/GitHub/NYC-Taxi-ETL-Pipeline/.venv/lib/python3.10/site-packages/airflow/example_dags/example_xcomargs.py took 0.614 seconds
[2024-10-20T20:46:40.263+0700] {processor.py:186} INFO - Started process (PID=23302) to work on /Users/punny/Documents/GitHub/NYC-Taxi-ETL-Pipeline/.venv/lib/python3.10/site-packages/airflow/example_dags/example_xcomargs.py
[2024-10-20T20:46:40.266+0700] {processor.py:914} INFO - Processing file /Users/punny/Documents/GitHub/NYC-Taxi-ETL-Pipeline/.venv/lib/python3.10/site-packages/airflow/example_dags/example_xcomargs.py for tasks to queue
[2024-10-20T20:46:40.267+0700] {logging_mixin.py:190} INFO - [2024-10-20T20:46:40.267+0700] {dagbag.py:588} INFO - Filling up the DagBag from /Users/punny/Documents/GitHub/NYC-Taxi-ETL-Pipeline/.venv/lib/python3.10/site-packages/airflow/example_dags/example_xcomargs.py
[2024-10-20T20:46:40.313+0700] {processor.py:925} INFO - DAG(s) 'example_xcom_args', 'example_xcom_args_with_operators' retrieved from /Users/punny/Documents/GitHub/NYC-Taxi-ETL-Pipeline/.venv/lib/python3.10/site-packages/airflow/example_dags/example_xcomargs.py
[2024-10-20T20:46:40.512+0700] {logging_mixin.py:190} INFO - [2024-10-20T20:46:40.512+0700] {dag.py:3239} INFO - Sync 2 DAGs
[2024-10-20T20:46:40.715+0700] {logging_mixin.py:190} INFO - [2024-10-20T20:46:40.715+0700] {dag.py:4180} INFO - Setting next_dagrun for example_xcom_args to None, run_after=None
[2024-10-20T20:46:40.721+0700] {logging_mixin.py:190} INFO - [2024-10-20T20:46:40.720+0700] {dag.py:4180} INFO - Setting next_dagrun for example_xcom_args_with_operators to None, run_after=None
[2024-10-20T20:46:40.744+0700] {processor.py:208} INFO - Processing /Users/punny/Documents/GitHub/NYC-Taxi-ETL-Pipeline/.venv/lib/python3.10/site-packages/airflow/example_dags/example_xcomargs.py took 0.488 seconds
[2024-10-20T20:49:58.731+0700] {processor.py:186} INFO - Started process (PID=23771) to work on /Users/punny/Documents/GitHub/NYC-Taxi-ETL-Pipeline/.venv/lib/python3.10/site-packages/airflow/example_dags/example_xcomargs.py
[2024-10-20T20:49:58.735+0700] {processor.py:914} INFO - Processing file /Users/punny/Documents/GitHub/NYC-Taxi-ETL-Pipeline/.venv/lib/python3.10/site-packages/airflow/example_dags/example_xcomargs.py for tasks to queue
[2024-10-20T20:49:58.736+0700] {logging_mixin.py:190} INFO - [2024-10-20T20:49:58.736+0700] {dagbag.py:588} INFO - Filling up the DagBag from /Users/punny/Documents/GitHub/NYC-Taxi-ETL-Pipeline/.venv/lib/python3.10/site-packages/airflow/example_dags/example_xcomargs.py
[2024-10-20T20:49:58.780+0700] {processor.py:925} INFO - DAG(s) 'example_xcom_args_with_operators', 'example_xcom_args' retrieved from /Users/punny/Documents/GitHub/NYC-Taxi-ETL-Pipeline/.venv/lib/python3.10/site-packages/airflow/example_dags/example_xcomargs.py
[2024-10-20T20:49:58.972+0700] {logging_mixin.py:190} INFO - [2024-10-20T20:49:58.972+0700] {dag.py:3239} INFO - Sync 2 DAGs
[2024-10-20T20:49:58.987+0700] {logging_mixin.py:190} INFO - [2024-10-20T20:49:58.987+0700] {dag.py:4180} INFO - Setting next_dagrun for example_xcom_args to None, run_after=None
[2024-10-20T20:49:58.990+0700] {logging_mixin.py:190} INFO - [2024-10-20T20:49:58.990+0700] {dag.py:4180} INFO - Setting next_dagrun for example_xcom_args_with_operators to None, run_after=None
[2024-10-20T20:49:59.009+0700] {processor.py:208} INFO - Processing /Users/punny/Documents/GitHub/NYC-Taxi-ETL-Pipeline/.venv/lib/python3.10/site-packages/airflow/example_dags/example_xcomargs.py took 0.286 seconds
[2024-10-20T20:53:16.097+0700] {processor.py:186} INFO - Started process (PID=24203) to work on /Users/punny/Documents/GitHub/NYC-Taxi-ETL-Pipeline/.venv/lib/python3.10/site-packages/airflow/example_dags/example_xcomargs.py
[2024-10-20T20:53:16.100+0700] {processor.py:914} INFO - Processing file /Users/punny/Documents/GitHub/NYC-Taxi-ETL-Pipeline/.venv/lib/python3.10/site-packages/airflow/example_dags/example_xcomargs.py for tasks to queue
[2024-10-20T20:53:16.102+0700] {logging_mixin.py:190} INFO - [2024-10-20T20:53:16.101+0700] {dagbag.py:588} INFO - Filling up the DagBag from /Users/punny/Documents/GitHub/NYC-Taxi-ETL-Pipeline/.venv/lib/python3.10/site-packages/airflow/example_dags/example_xcomargs.py
[2024-10-20T20:53:16.153+0700] {processor.py:925} INFO - DAG(s) 'example_xcom_args', 'example_xcom_args_with_operators' retrieved from /Users/punny/Documents/GitHub/NYC-Taxi-ETL-Pipeline/.venv/lib/python3.10/site-packages/airflow/example_dags/example_xcomargs.py
[2024-10-20T20:53:16.366+0700] {logging_mixin.py:190} INFO - [2024-10-20T20:53:16.365+0700] {dag.py:3239} INFO - Sync 2 DAGs
[2024-10-20T20:53:16.385+0700] {logging_mixin.py:190} INFO - [2024-10-20T20:53:16.385+0700] {dag.py:4180} INFO - Setting next_dagrun for example_xcom_args to None, run_after=None
[2024-10-20T20:53:16.390+0700] {logging_mixin.py:190} INFO - [2024-10-20T20:53:16.389+0700] {dag.py:4180} INFO - Setting next_dagrun for example_xcom_args_with_operators to None, run_after=None
[2024-10-20T20:53:16.409+0700] {processor.py:208} INFO - Processing /Users/punny/Documents/GitHub/NYC-Taxi-ETL-Pipeline/.venv/lib/python3.10/site-packages/airflow/example_dags/example_xcomargs.py took 0.320 seconds
[2024-10-20T20:56:38.316+0700] {processor.py:186} INFO - Started process (PID=24733) to work on /Users/punny/Documents/GitHub/NYC-Taxi-ETL-Pipeline/.venv/lib/python3.10/site-packages/airflow/example_dags/example_xcomargs.py
[2024-10-20T20:56:38.320+0700] {processor.py:914} INFO - Processing file /Users/punny/Documents/GitHub/NYC-Taxi-ETL-Pipeline/.venv/lib/python3.10/site-packages/airflow/example_dags/example_xcomargs.py for tasks to queue
[2024-10-20T20:56:38.321+0700] {logging_mixin.py:190} INFO - [2024-10-20T20:56:38.321+0700] {dagbag.py:588} INFO - Filling up the DagBag from /Users/punny/Documents/GitHub/NYC-Taxi-ETL-Pipeline/.venv/lib/python3.10/site-packages/airflow/example_dags/example_xcomargs.py
[2024-10-20T20:56:38.389+0700] {processor.py:925} INFO - DAG(s) 'example_xcom_args', 'example_xcom_args_with_operators' retrieved from /Users/punny/Documents/GitHub/NYC-Taxi-ETL-Pipeline/.venv/lib/python3.10/site-packages/airflow/example_dags/example_xcomargs.py
[2024-10-20T20:56:38.623+0700] {logging_mixin.py:190} INFO - [2024-10-20T20:56:38.623+0700] {dag.py:3239} INFO - Sync 2 DAGs
[2024-10-20T20:56:38.640+0700] {logging_mixin.py:190} INFO - [2024-10-20T20:56:38.639+0700] {dag.py:4180} INFO - Setting next_dagrun for example_xcom_args to None, run_after=None
[2024-10-20T20:56:38.643+0700] {logging_mixin.py:190} INFO - [2024-10-20T20:56:38.643+0700] {dag.py:4180} INFO - Setting next_dagrun for example_xcom_args_with_operators to None, run_after=None
[2024-10-20T20:56:38.668+0700] {processor.py:208} INFO - Processing /Users/punny/Documents/GitHub/NYC-Taxi-ETL-Pipeline/.venv/lib/python3.10/site-packages/airflow/example_dags/example_xcomargs.py took 0.364 seconds
[2024-10-20T21:00:05.859+0700] {processor.py:186} INFO - Started process (PID=25303) to work on /Users/punny/Documents/GitHub/NYC-Taxi-ETL-Pipeline/.venv/lib/python3.10/site-packages/airflow/example_dags/example_xcomargs.py
[2024-10-20T21:00:05.869+0700] {processor.py:914} INFO - Processing file /Users/punny/Documents/GitHub/NYC-Taxi-ETL-Pipeline/.venv/lib/python3.10/site-packages/airflow/example_dags/example_xcomargs.py for tasks to queue
[2024-10-20T21:00:05.873+0700] {logging_mixin.py:190} INFO - [2024-10-20T21:00:05.872+0700] {dagbag.py:588} INFO - Filling up the DagBag from /Users/punny/Documents/GitHub/NYC-Taxi-ETL-Pipeline/.venv/lib/python3.10/site-packages/airflow/example_dags/example_xcomargs.py
[2024-10-20T21:00:05.943+0700] {processor.py:925} INFO - DAG(s) 'example_xcom_args_with_operators', 'example_xcom_args' retrieved from /Users/punny/Documents/GitHub/NYC-Taxi-ETL-Pipeline/.venv/lib/python3.10/site-packages/airflow/example_dags/example_xcomargs.py
[2024-10-20T21:00:06.202+0700] {logging_mixin.py:190} INFO - [2024-10-20T21:00:06.201+0700] {dag.py:3239} INFO - Sync 2 DAGs
[2024-10-20T21:00:06.225+0700] {logging_mixin.py:190} INFO - [2024-10-20T21:00:06.225+0700] {dag.py:4180} INFO - Setting next_dagrun for example_xcom_args to None, run_after=None
[2024-10-20T21:00:06.234+0700] {logging_mixin.py:190} INFO - [2024-10-20T21:00:06.233+0700] {dag.py:4180} INFO - Setting next_dagrun for example_xcom_args_with_operators to None, run_after=None
[2024-10-20T21:00:06.261+0700] {processor.py:208} INFO - Processing /Users/punny/Documents/GitHub/NYC-Taxi-ETL-Pipeline/.venv/lib/python3.10/site-packages/airflow/example_dags/example_xcomargs.py took 0.415 seconds
[2024-10-20T21:03:41.451+0700] {processor.py:186} INFO - Started process (PID=25878) to work on /Users/punny/Documents/GitHub/NYC-Taxi-ETL-Pipeline/.venv/lib/python3.10/site-packages/airflow/example_dags/example_xcomargs.py
[2024-10-20T21:03:41.455+0700] {processor.py:914} INFO - Processing file /Users/punny/Documents/GitHub/NYC-Taxi-ETL-Pipeline/.venv/lib/python3.10/site-packages/airflow/example_dags/example_xcomargs.py for tasks to queue
[2024-10-20T21:03:41.456+0700] {logging_mixin.py:190} INFO - [2024-10-20T21:03:41.455+0700] {dagbag.py:588} INFO - Filling up the DagBag from /Users/punny/Documents/GitHub/NYC-Taxi-ETL-Pipeline/.venv/lib/python3.10/site-packages/airflow/example_dags/example_xcomargs.py
[2024-10-20T21:03:41.504+0700] {processor.py:925} INFO - DAG(s) 'example_xcom_args_with_operators', 'example_xcom_args' retrieved from /Users/punny/Documents/GitHub/NYC-Taxi-ETL-Pipeline/.venv/lib/python3.10/site-packages/airflow/example_dags/example_xcomargs.py
[2024-10-20T21:03:41.812+0700] {logging_mixin.py:190} INFO - [2024-10-20T21:03:41.811+0700] {dag.py:3239} INFO - Sync 2 DAGs
[2024-10-20T21:03:41.842+0700] {logging_mixin.py:190} INFO - [2024-10-20T21:03:41.842+0700] {dag.py:4180} INFO - Setting next_dagrun for example_xcom_args to None, run_after=None
[2024-10-20T21:03:41.850+0700] {logging_mixin.py:190} INFO - [2024-10-20T21:03:41.849+0700] {dag.py:4180} INFO - Setting next_dagrun for example_xcom_args_with_operators to None, run_after=None
[2024-10-20T21:03:41.882+0700] {processor.py:208} INFO - Processing /Users/punny/Documents/GitHub/NYC-Taxi-ETL-Pipeline/.venv/lib/python3.10/site-packages/airflow/example_dags/example_xcomargs.py took 0.440 seconds
[2024-10-20T21:07:28.802+0700] {processor.py:186} INFO - Started process (PID=26410) to work on /Users/punny/Documents/GitHub/NYC-Taxi-ETL-Pipeline/.venv/lib/python3.10/site-packages/airflow/example_dags/example_xcomargs.py
[2024-10-20T21:07:28.805+0700] {processor.py:914} INFO - Processing file /Users/punny/Documents/GitHub/NYC-Taxi-ETL-Pipeline/.venv/lib/python3.10/site-packages/airflow/example_dags/example_xcomargs.py for tasks to queue
[2024-10-20T21:07:28.806+0700] {logging_mixin.py:190} INFO - [2024-10-20T21:07:28.806+0700] {dagbag.py:588} INFO - Filling up the DagBag from /Users/punny/Documents/GitHub/NYC-Taxi-ETL-Pipeline/.venv/lib/python3.10/site-packages/airflow/example_dags/example_xcomargs.py
[2024-10-20T21:07:28.850+0700] {processor.py:925} INFO - DAG(s) 'example_xcom_args_with_operators', 'example_xcom_args' retrieved from /Users/punny/Documents/GitHub/NYC-Taxi-ETL-Pipeline/.venv/lib/python3.10/site-packages/airflow/example_dags/example_xcomargs.py
[2024-10-20T21:07:29.042+0700] {logging_mixin.py:190} INFO - [2024-10-20T21:07:29.041+0700] {dag.py:3239} INFO - Sync 2 DAGs
[2024-10-20T21:07:29.056+0700] {logging_mixin.py:190} INFO - [2024-10-20T21:07:29.056+0700] {dag.py:4180} INFO - Setting next_dagrun for example_xcom_args to None, run_after=None
[2024-10-20T21:07:29.060+0700] {logging_mixin.py:190} INFO - [2024-10-20T21:07:29.059+0700] {dag.py:4180} INFO - Setting next_dagrun for example_xcom_args_with_operators to None, run_after=None
[2024-10-20T21:07:29.078+0700] {processor.py:208} INFO - Processing /Users/punny/Documents/GitHub/NYC-Taxi-ETL-Pipeline/.venv/lib/python3.10/site-packages/airflow/example_dags/example_xcomargs.py took 0.285 seconds
[2024-10-20T21:10:25.774+0700] {processor.py:186} INFO - Started process (PID=26776) to work on /Users/punny/Documents/GitHub/NYC-Taxi-ETL-Pipeline/.venv/lib/python3.10/site-packages/airflow/example_dags/example_xcomargs.py
[2024-10-20T21:10:25.778+0700] {processor.py:914} INFO - Processing file /Users/punny/Documents/GitHub/NYC-Taxi-ETL-Pipeline/.venv/lib/python3.10/site-packages/airflow/example_dags/example_xcomargs.py for tasks to queue
[2024-10-20T21:10:25.779+0700] {logging_mixin.py:190} INFO - [2024-10-20T21:10:25.779+0700] {dagbag.py:588} INFO - Filling up the DagBag from /Users/punny/Documents/GitHub/NYC-Taxi-ETL-Pipeline/.venv/lib/python3.10/site-packages/airflow/example_dags/example_xcomargs.py
[2024-10-20T21:10:25.824+0700] {processor.py:925} INFO - DAG(s) 'example_xcom_args_with_operators', 'example_xcom_args' retrieved from /Users/punny/Documents/GitHub/NYC-Taxi-ETL-Pipeline/.venv/lib/python3.10/site-packages/airflow/example_dags/example_xcomargs.py
[2024-10-20T21:10:26.014+0700] {logging_mixin.py:190} INFO - [2024-10-20T21:10:26.014+0700] {dag.py:3239} INFO - Sync 2 DAGs
[2024-10-20T21:10:26.029+0700] {logging_mixin.py:190} INFO - [2024-10-20T21:10:26.029+0700] {dag.py:4180} INFO - Setting next_dagrun for example_xcom_args to None, run_after=None
[2024-10-20T21:10:26.032+0700] {logging_mixin.py:190} INFO - [2024-10-20T21:10:26.032+0700] {dag.py:4180} INFO - Setting next_dagrun for example_xcom_args_with_operators to None, run_after=None
[2024-10-20T21:10:26.052+0700] {processor.py:208} INFO - Processing /Users/punny/Documents/GitHub/NYC-Taxi-ETL-Pipeline/.venv/lib/python3.10/site-packages/airflow/example_dags/example_xcomargs.py took 0.283 seconds
[2024-10-20T21:28:41.717+0700] {processor.py:186} INFO - Started process (PID=27404) to work on /Users/punny/Documents/GitHub/NYC-Taxi-ETL-Pipeline/.venv/lib/python3.10/site-packages/airflow/example_dags/example_xcomargs.py
[2024-10-20T21:28:41.721+0700] {processor.py:914} INFO - Processing file /Users/punny/Documents/GitHub/NYC-Taxi-ETL-Pipeline/.venv/lib/python3.10/site-packages/airflow/example_dags/example_xcomargs.py for tasks to queue
[2024-10-20T21:28:41.722+0700] {logging_mixin.py:190} INFO - [2024-10-20T21:28:41.722+0700] {dagbag.py:588} INFO - Filling up the DagBag from /Users/punny/Documents/GitHub/NYC-Taxi-ETL-Pipeline/.venv/lib/python3.10/site-packages/airflow/example_dags/example_xcomargs.py
[2024-10-20T21:28:41.774+0700] {processor.py:925} INFO - DAG(s) 'example_xcom_args', 'example_xcom_args_with_operators' retrieved from /Users/punny/Documents/GitHub/NYC-Taxi-ETL-Pipeline/.venv/lib/python3.10/site-packages/airflow/example_dags/example_xcomargs.py
[2024-10-20T21:28:41.963+0700] {logging_mixin.py:190} INFO - [2024-10-20T21:28:41.963+0700] {dag.py:3239} INFO - Sync 2 DAGs
[2024-10-20T21:28:41.978+0700] {logging_mixin.py:190} INFO - [2024-10-20T21:28:41.978+0700] {dag.py:4180} INFO - Setting next_dagrun for example_xcom_args to None, run_after=None
[2024-10-20T21:28:41.982+0700] {logging_mixin.py:190} INFO - [2024-10-20T21:28:41.982+0700] {dag.py:4180} INFO - Setting next_dagrun for example_xcom_args_with_operators to None, run_after=None
[2024-10-20T21:28:42.003+0700] {processor.py:208} INFO - Processing /Users/punny/Documents/GitHub/NYC-Taxi-ETL-Pipeline/.venv/lib/python3.10/site-packages/airflow/example_dags/example_xcomargs.py took 0.294 seconds
[2024-10-20T21:32:21.348+0700] {processor.py:186} INFO - Started process (PID=28005) to work on /Users/punny/Documents/GitHub/NYC-Taxi-ETL-Pipeline/.venv/lib/python3.10/site-packages/airflow/example_dags/example_xcomargs.py
[2024-10-20T21:32:21.352+0700] {processor.py:914} INFO - Processing file /Users/punny/Documents/GitHub/NYC-Taxi-ETL-Pipeline/.venv/lib/python3.10/site-packages/airflow/example_dags/example_xcomargs.py for tasks to queue
[2024-10-20T21:32:21.353+0700] {logging_mixin.py:190} INFO - [2024-10-20T21:32:21.353+0700] {dagbag.py:588} INFO - Filling up the DagBag from /Users/punny/Documents/GitHub/NYC-Taxi-ETL-Pipeline/.venv/lib/python3.10/site-packages/airflow/example_dags/example_xcomargs.py
[2024-10-20T21:32:21.397+0700] {processor.py:925} INFO - DAG(s) 'example_xcom_args', 'example_xcom_args_with_operators' retrieved from /Users/punny/Documents/GitHub/NYC-Taxi-ETL-Pipeline/.venv/lib/python3.10/site-packages/airflow/example_dags/example_xcomargs.py
[2024-10-20T21:32:21.629+0700] {logging_mixin.py:190} INFO - [2024-10-20T21:32:21.629+0700] {dag.py:3239} INFO - Sync 2 DAGs
[2024-10-20T21:32:21.645+0700] {logging_mixin.py:190} INFO - [2024-10-20T21:32:21.645+0700] {dag.py:4180} INFO - Setting next_dagrun for example_xcom_args to None, run_after=None
[2024-10-20T21:32:21.649+0700] {logging_mixin.py:190} INFO - [2024-10-20T21:32:21.649+0700] {dag.py:4180} INFO - Setting next_dagrun for example_xcom_args_with_operators to None, run_after=None
[2024-10-20T21:32:21.668+0700] {processor.py:208} INFO - Processing /Users/punny/Documents/GitHub/NYC-Taxi-ETL-Pipeline/.venv/lib/python3.10/site-packages/airflow/example_dags/example_xcomargs.py took 0.325 seconds
[2024-10-20T21:55:59.483+0700] {processor.py:186} INFO - Started process (PID=31116) to work on /Users/punny/Documents/GitHub/NYC-Taxi-ETL-Pipeline/.venv/lib/python3.10/site-packages/airflow/example_dags/example_xcomargs.py
[2024-10-20T21:55:59.487+0700] {processor.py:914} INFO - Processing file /Users/punny/Documents/GitHub/NYC-Taxi-ETL-Pipeline/.venv/lib/python3.10/site-packages/airflow/example_dags/example_xcomargs.py for tasks to queue
[2024-10-20T21:55:59.488+0700] {logging_mixin.py:190} INFO - [2024-10-20T21:55:59.488+0700] {dagbag.py:588} INFO - Filling up the DagBag from /Users/punny/Documents/GitHub/NYC-Taxi-ETL-Pipeline/.venv/lib/python3.10/site-packages/airflow/example_dags/example_xcomargs.py
[2024-10-20T21:55:59.550+0700] {processor.py:925} INFO - DAG(s) 'example_xcom_args', 'example_xcom_args_with_operators' retrieved from /Users/punny/Documents/GitHub/NYC-Taxi-ETL-Pipeline/.venv/lib/python3.10/site-packages/airflow/example_dags/example_xcomargs.py
[2024-10-20T21:55:59.788+0700] {logging_mixin.py:190} INFO - [2024-10-20T21:55:59.787+0700] {dag.py:3239} INFO - Sync 2 DAGs
[2024-10-20T21:55:59.803+0700] {logging_mixin.py:190} INFO - [2024-10-20T21:55:59.803+0700] {dag.py:4180} INFO - Setting next_dagrun for example_xcom_args to None, run_after=None
[2024-10-20T21:55:59.807+0700] {logging_mixin.py:190} INFO - [2024-10-20T21:55:59.807+0700] {dag.py:4180} INFO - Setting next_dagrun for example_xcom_args_with_operators to None, run_after=None
[2024-10-20T21:55:59.830+0700] {processor.py:208} INFO - Processing /Users/punny/Documents/GitHub/NYC-Taxi-ETL-Pipeline/.venv/lib/python3.10/site-packages/airflow/example_dags/example_xcomargs.py took 0.358 seconds
[2024-10-20T22:15:05.056+0700] {processor.py:186} INFO - Started process (PID=31760) to work on /Users/punny/Documents/GitHub/NYC-Taxi-ETL-Pipeline/.venv/lib/python3.10/site-packages/airflow/example_dags/example_xcomargs.py
[2024-10-20T22:15:05.062+0700] {processor.py:914} INFO - Processing file /Users/punny/Documents/GitHub/NYC-Taxi-ETL-Pipeline/.venv/lib/python3.10/site-packages/airflow/example_dags/example_xcomargs.py for tasks to queue
[2024-10-20T22:15:05.065+0700] {logging_mixin.py:190} INFO - [2024-10-20T22:15:05.064+0700] {dagbag.py:588} INFO - Filling up the DagBag from /Users/punny/Documents/GitHub/NYC-Taxi-ETL-Pipeline/.venv/lib/python3.10/site-packages/airflow/example_dags/example_xcomargs.py
[2024-10-20T22:15:05.152+0700] {processor.py:925} INFO - DAG(s) 'example_xcom_args', 'example_xcom_args_with_operators' retrieved from /Users/punny/Documents/GitHub/NYC-Taxi-ETL-Pipeline/.venv/lib/python3.10/site-packages/airflow/example_dags/example_xcomargs.py
[2024-10-20T22:15:05.452+0700] {logging_mixin.py:190} INFO - [2024-10-20T22:15:05.452+0700] {dag.py:3239} INFO - Sync 2 DAGs
[2024-10-20T22:15:05.475+0700] {logging_mixin.py:190} INFO - [2024-10-20T22:15:05.475+0700] {dag.py:4180} INFO - Setting next_dagrun for example_xcom_args to None, run_after=None
[2024-10-20T22:15:05.481+0700] {logging_mixin.py:190} INFO - [2024-10-20T22:15:05.480+0700] {dag.py:4180} INFO - Setting next_dagrun for example_xcom_args_with_operators to None, run_after=None
[2024-10-20T22:15:05.512+0700] {processor.py:208} INFO - Processing /Users/punny/Documents/GitHub/NYC-Taxi-ETL-Pipeline/.venv/lib/python3.10/site-packages/airflow/example_dags/example_xcomargs.py took 0.472 seconds
[2024-10-21T00:32:14.776+0700] {processor.py:186} INFO - Started process (PID=32490) to work on /Users/punny/Documents/GitHub/NYC-Taxi-ETL-Pipeline/.venv/lib/python3.10/site-packages/airflow/example_dags/example_xcomargs.py
[2024-10-21T00:32:14.780+0700] {processor.py:914} INFO - Processing file /Users/punny/Documents/GitHub/NYC-Taxi-ETL-Pipeline/.venv/lib/python3.10/site-packages/airflow/example_dags/example_xcomargs.py for tasks to queue
[2024-10-21T00:32:14.782+0700] {logging_mixin.py:190} INFO - [2024-10-21T00:32:14.781+0700] {dagbag.py:588} INFO - Filling up the DagBag from /Users/punny/Documents/GitHub/NYC-Taxi-ETL-Pipeline/.venv/lib/python3.10/site-packages/airflow/example_dags/example_xcomargs.py
[2024-10-21T00:32:14.848+0700] {processor.py:925} INFO - DAG(s) 'example_xcom_args_with_operators', 'example_xcom_args' retrieved from /Users/punny/Documents/GitHub/NYC-Taxi-ETL-Pipeline/.venv/lib/python3.10/site-packages/airflow/example_dags/example_xcomargs.py
[2024-10-21T00:32:15.061+0700] {logging_mixin.py:190} INFO - [2024-10-21T00:32:15.061+0700] {dag.py:3239} INFO - Sync 2 DAGs
[2024-10-21T00:32:15.078+0700] {logging_mixin.py:190} INFO - [2024-10-21T00:32:15.078+0700] {dag.py:4180} INFO - Setting next_dagrun for example_xcom_args to None, run_after=None
[2024-10-21T00:32:15.082+0700] {logging_mixin.py:190} INFO - [2024-10-21T00:32:15.082+0700] {dag.py:4180} INFO - Setting next_dagrun for example_xcom_args_with_operators to None, run_after=None
[2024-10-21T00:32:15.104+0700] {processor.py:208} INFO - Processing /Users/punny/Documents/GitHub/NYC-Taxi-ETL-Pipeline/.venv/lib/python3.10/site-packages/airflow/example_dags/example_xcomargs.py took 0.339 seconds
[2024-10-21T02:34:17.233+0700] {processor.py:186} INFO - Started process (PID=33176) to work on /Users/punny/Documents/GitHub/NYC-Taxi-ETL-Pipeline/.venv/lib/python3.10/site-packages/airflow/example_dags/example_xcomargs.py
[2024-10-21T02:34:17.236+0700] {processor.py:914} INFO - Processing file /Users/punny/Documents/GitHub/NYC-Taxi-ETL-Pipeline/.venv/lib/python3.10/site-packages/airflow/example_dags/example_xcomargs.py for tasks to queue
[2024-10-21T02:34:17.237+0700] {logging_mixin.py:190} INFO - [2024-10-21T02:34:17.237+0700] {dagbag.py:588} INFO - Filling up the DagBag from /Users/punny/Documents/GitHub/NYC-Taxi-ETL-Pipeline/.venv/lib/python3.10/site-packages/airflow/example_dags/example_xcomargs.py
[2024-10-21T02:34:17.282+0700] {processor.py:925} INFO - DAG(s) 'example_xcom_args_with_operators', 'example_xcom_args' retrieved from /Users/punny/Documents/GitHub/NYC-Taxi-ETL-Pipeline/.venv/lib/python3.10/site-packages/airflow/example_dags/example_xcomargs.py
[2024-10-21T02:34:17.469+0700] {logging_mixin.py:190} INFO - [2024-10-21T02:34:17.469+0700] {dag.py:3239} INFO - Sync 2 DAGs
[2024-10-21T02:34:17.484+0700] {logging_mixin.py:190} INFO - [2024-10-21T02:34:17.484+0700] {dag.py:4180} INFO - Setting next_dagrun for example_xcom_args to None, run_after=None
[2024-10-21T02:34:17.488+0700] {logging_mixin.py:190} INFO - [2024-10-21T02:34:17.487+0700] {dag.py:4180} INFO - Setting next_dagrun for example_xcom_args_with_operators to None, run_after=None
[2024-10-21T02:34:17.507+0700] {processor.py:208} INFO - Processing /Users/punny/Documents/GitHub/NYC-Taxi-ETL-Pipeline/.venv/lib/python3.10/site-packages/airflow/example_dags/example_xcomargs.py took 0.283 seconds
