[2024-10-20T20:42:41.495+0700] {processor.py:186} INFO - Started process (PID=22607) to work on /Users/punny/Documents/GitHub/NYC-Taxi-ETL-Pipeline/.venv/lib/python3.10/site-packages/airflow/example_dags/example_task_group_decorator.py
[2024-10-20T20:42:41.499+0700] {processor.py:914} INFO - Processing file /Users/punny/Documents/GitHub/NYC-Taxi-ETL-Pipeline/.venv/lib/python3.10/site-packages/airflow/example_dags/example_task_group_decorator.py for tasks to queue
[2024-10-20T20:42:41.501+0700] {logging_mixin.py:190} INFO - [2024-10-20T20:42:41.501+0700] {dagbag.py:588} INFO - Filling up the DagBag from /Users/punny/Documents/GitHub/NYC-Taxi-ETL-Pipeline/.venv/lib/python3.10/site-packages/airflow/example_dags/example_task_group_decorator.py
[2024-10-20T20:42:41.591+0700] {processor.py:925} INFO - DAG(s) 'example_task_group_decorator' retrieved from /Users/punny/Documents/GitHub/NYC-Taxi-ETL-Pipeline/.venv/lib/python3.10/site-packages/airflow/example_dags/example_task_group_decorator.py
[2024-10-20T20:42:41.925+0700] {logging_mixin.py:190} INFO - [2024-10-20T20:42:41.925+0700] {override.py:1907} INFO - Created Permission View: can edit on DAG:example_task_group_decorator
[2024-10-20T20:42:41.937+0700] {logging_mixin.py:190} INFO - [2024-10-20T20:42:41.936+0700] {override.py:1907} INFO - Created Permission View: can read on DAG:example_task_group_decorator
[2024-10-20T20:42:41.944+0700] {logging_mixin.py:190} INFO - [2024-10-20T20:42:41.944+0700] {override.py:1907} INFO - Created Permission View: can delete on DAG:example_task_group_decorator
[2024-10-20T20:42:41.954+0700] {logging_mixin.py:190} INFO - [2024-10-20T20:42:41.954+0700] {override.py:1907} INFO - Created Permission View: menu access on DAG Run:example_task_group_decorator
[2024-10-20T20:42:41.962+0700] {logging_mixin.py:190} INFO - [2024-10-20T20:42:41.962+0700] {override.py:1907} INFO - Created Permission View: can create on DAG Run:example_task_group_decorator
[2024-10-20T20:42:41.969+0700] {logging_mixin.py:190} INFO - [2024-10-20T20:42:41.969+0700] {override.py:1907} INFO - Created Permission View: can read on DAG Run:example_task_group_decorator
[2024-10-20T20:42:41.976+0700] {logging_mixin.py:190} INFO - [2024-10-20T20:42:41.976+0700] {override.py:1907} INFO - Created Permission View: can delete on DAG Run:example_task_group_decorator
[2024-10-20T20:42:41.977+0700] {logging_mixin.py:190} INFO - [2024-10-20T20:42:41.977+0700] {dag.py:3239} INFO - Sync 1 DAGs
[2024-10-20T20:42:41.992+0700] {logging_mixin.py:190} INFO - [2024-10-20T20:42:41.992+0700] {dag.py:3262} INFO - Creating ORM DAG for example_task_group_decorator
[2024-10-20T20:42:41.993+0700] {logging_mixin.py:190} INFO - [2024-10-20T20:42:41.993+0700] {dag.py:4180} INFO - Setting next_dagrun for example_task_group_decorator to None, run_after=None
[2024-10-20T20:42:42.016+0700] {processor.py:208} INFO - Processing /Users/punny/Documents/GitHub/NYC-Taxi-ETL-Pipeline/.venv/lib/python3.10/site-packages/airflow/example_dags/example_task_group_decorator.py took 0.535 seconds
[2024-10-20T20:47:02.741+0700] {processor.py:186} INFO - Started process (PID=23350) to work on /Users/punny/Documents/GitHub/NYC-Taxi-ETL-Pipeline/.venv/lib/python3.10/site-packages/airflow/example_dags/example_task_group_decorator.py
[2024-10-20T20:47:02.744+0700] {processor.py:914} INFO - Processing file /Users/punny/Documents/GitHub/NYC-Taxi-ETL-Pipeline/.venv/lib/python3.10/site-packages/airflow/example_dags/example_task_group_decorator.py for tasks to queue
[2024-10-20T20:47:02.745+0700] {logging_mixin.py:190} INFO - [2024-10-20T20:47:02.745+0700] {dagbag.py:588} INFO - Filling up the DagBag from /Users/punny/Documents/GitHub/NYC-Taxi-ETL-Pipeline/.venv/lib/python3.10/site-packages/airflow/example_dags/example_task_group_decorator.py
[2024-10-20T20:47:02.799+0700] {processor.py:925} INFO - DAG(s) 'example_task_group_decorator' retrieved from /Users/punny/Documents/GitHub/NYC-Taxi-ETL-Pipeline/.venv/lib/python3.10/site-packages/airflow/example_dags/example_task_group_decorator.py
[2024-10-20T20:47:02.994+0700] {logging_mixin.py:190} INFO - [2024-10-20T20:47:02.993+0700] {dag.py:3239} INFO - Sync 1 DAGs
[2024-10-20T20:47:03.008+0700] {logging_mixin.py:190} INFO - [2024-10-20T20:47:03.008+0700] {dag.py:4180} INFO - Setting next_dagrun for example_task_group_decorator to None, run_after=None
[2024-10-20T20:47:03.031+0700] {processor.py:208} INFO - Processing /Users/punny/Documents/GitHub/NYC-Taxi-ETL-Pipeline/.venv/lib/python3.10/site-packages/airflow/example_dags/example_task_group_decorator.py took 0.299 seconds
[2024-10-20T20:50:22.244+0700] {processor.py:186} INFO - Started process (PID=23812) to work on /Users/punny/Documents/GitHub/NYC-Taxi-ETL-Pipeline/.venv/lib/python3.10/site-packages/airflow/example_dags/example_task_group_decorator.py
[2024-10-20T20:50:22.248+0700] {processor.py:914} INFO - Processing file /Users/punny/Documents/GitHub/NYC-Taxi-ETL-Pipeline/.venv/lib/python3.10/site-packages/airflow/example_dags/example_task_group_decorator.py for tasks to queue
[2024-10-20T20:50:22.249+0700] {logging_mixin.py:190} INFO - [2024-10-20T20:50:22.249+0700] {dagbag.py:588} INFO - Filling up the DagBag from /Users/punny/Documents/GitHub/NYC-Taxi-ETL-Pipeline/.venv/lib/python3.10/site-packages/airflow/example_dags/example_task_group_decorator.py
[2024-10-20T20:50:22.301+0700] {processor.py:925} INFO - DAG(s) 'example_task_group_decorator' retrieved from /Users/punny/Documents/GitHub/NYC-Taxi-ETL-Pipeline/.venv/lib/python3.10/site-packages/airflow/example_dags/example_task_group_decorator.py
[2024-10-20T20:50:22.494+0700] {logging_mixin.py:190} INFO - [2024-10-20T20:50:22.494+0700] {dag.py:3239} INFO - Sync 1 DAGs
[2024-10-20T20:50:22.509+0700] {logging_mixin.py:190} INFO - [2024-10-20T20:50:22.508+0700] {dag.py:4180} INFO - Setting next_dagrun for example_task_group_decorator to None, run_after=None
[2024-10-20T20:50:22.531+0700] {processor.py:208} INFO - Processing /Users/punny/Documents/GitHub/NYC-Taxi-ETL-Pipeline/.venv/lib/python3.10/site-packages/airflow/example_dags/example_task_group_decorator.py took 0.296 seconds
[2024-10-20T20:53:42.949+0700] {processor.py:186} INFO - Started process (PID=24299) to work on /Users/punny/Documents/GitHub/NYC-Taxi-ETL-Pipeline/.venv/lib/python3.10/site-packages/airflow/example_dags/example_task_group_decorator.py
[2024-10-20T20:53:42.955+0700] {processor.py:914} INFO - Processing file /Users/punny/Documents/GitHub/NYC-Taxi-ETL-Pipeline/.venv/lib/python3.10/site-packages/airflow/example_dags/example_task_group_decorator.py for tasks to queue
[2024-10-20T20:53:42.957+0700] {logging_mixin.py:190} INFO - [2024-10-20T20:53:42.956+0700] {dagbag.py:588} INFO - Filling up the DagBag from /Users/punny/Documents/GitHub/NYC-Taxi-ETL-Pipeline/.venv/lib/python3.10/site-packages/airflow/example_dags/example_task_group_decorator.py
[2024-10-20T20:53:43.176+0700] {processor.py:925} INFO - DAG(s) 'example_task_group_decorator' retrieved from /Users/punny/Documents/GitHub/NYC-Taxi-ETL-Pipeline/.venv/lib/python3.10/site-packages/airflow/example_dags/example_task_group_decorator.py
[2024-10-20T20:53:43.565+0700] {logging_mixin.py:190} INFO - [2024-10-20T20:53:43.565+0700] {dag.py:3239} INFO - Sync 1 DAGs
[2024-10-20T20:53:43.590+0700] {logging_mixin.py:190} INFO - [2024-10-20T20:53:43.590+0700] {dag.py:4180} INFO - Setting next_dagrun for example_task_group_decorator to None, run_after=None
[2024-10-20T20:53:43.689+0700] {processor.py:208} INFO - Processing /Users/punny/Documents/GitHub/NYC-Taxi-ETL-Pipeline/.venv/lib/python3.10/site-packages/airflow/example_dags/example_task_group_decorator.py took 0.755 seconds
[2024-10-20T20:57:02.787+0700] {processor.py:186} INFO - Started process (PID=24790) to work on /Users/punny/Documents/GitHub/NYC-Taxi-ETL-Pipeline/.venv/lib/python3.10/site-packages/airflow/example_dags/example_task_group_decorator.py
[2024-10-20T20:57:02.791+0700] {processor.py:914} INFO - Processing file /Users/punny/Documents/GitHub/NYC-Taxi-ETL-Pipeline/.venv/lib/python3.10/site-packages/airflow/example_dags/example_task_group_decorator.py for tasks to queue
[2024-10-20T20:57:02.792+0700] {logging_mixin.py:190} INFO - [2024-10-20T20:57:02.791+0700] {dagbag.py:588} INFO - Filling up the DagBag from /Users/punny/Documents/GitHub/NYC-Taxi-ETL-Pipeline/.venv/lib/python3.10/site-packages/airflow/example_dags/example_task_group_decorator.py
[2024-10-20T20:57:02.859+0700] {processor.py:925} INFO - DAG(s) 'example_task_group_decorator' retrieved from /Users/punny/Documents/GitHub/NYC-Taxi-ETL-Pipeline/.venv/lib/python3.10/site-packages/airflow/example_dags/example_task_group_decorator.py
[2024-10-20T20:57:03.055+0700] {logging_mixin.py:190} INFO - [2024-10-20T20:57:03.055+0700] {dag.py:3239} INFO - Sync 1 DAGs
[2024-10-20T20:57:03.069+0700] {logging_mixin.py:190} INFO - [2024-10-20T20:57:03.069+0700] {dag.py:4180} INFO - Setting next_dagrun for example_task_group_decorator to None, run_after=None
[2024-10-20T20:57:03.090+0700] {processor.py:208} INFO - Processing /Users/punny/Documents/GitHub/NYC-Taxi-ETL-Pipeline/.venv/lib/python3.10/site-packages/airflow/example_dags/example_task_group_decorator.py took 0.313 seconds
[2024-10-20T21:00:31.886+0700] {processor.py:186} INFO - Started process (PID=25414) to work on /Users/punny/Documents/GitHub/NYC-Taxi-ETL-Pipeline/.venv/lib/python3.10/site-packages/airflow/example_dags/example_task_group_decorator.py
[2024-10-20T21:00:31.890+0700] {processor.py:914} INFO - Processing file /Users/punny/Documents/GitHub/NYC-Taxi-ETL-Pipeline/.venv/lib/python3.10/site-packages/airflow/example_dags/example_task_group_decorator.py for tasks to queue
[2024-10-20T21:00:31.891+0700] {logging_mixin.py:190} INFO - [2024-10-20T21:00:31.891+0700] {dagbag.py:588} INFO - Filling up the DagBag from /Users/punny/Documents/GitHub/NYC-Taxi-ETL-Pipeline/.venv/lib/python3.10/site-packages/airflow/example_dags/example_task_group_decorator.py
[2024-10-20T21:00:31.971+0700] {processor.py:925} INFO - DAG(s) 'example_task_group_decorator' retrieved from /Users/punny/Documents/GitHub/NYC-Taxi-ETL-Pipeline/.venv/lib/python3.10/site-packages/airflow/example_dags/example_task_group_decorator.py
[2024-10-20T21:00:32.166+0700] {logging_mixin.py:190} INFO - [2024-10-20T21:00:32.165+0700] {dag.py:3239} INFO - Sync 1 DAGs
[2024-10-20T21:00:32.181+0700] {logging_mixin.py:190} INFO - [2024-10-20T21:00:32.180+0700] {dag.py:4180} INFO - Setting next_dagrun for example_task_group_decorator to None, run_after=None
[2024-10-20T21:00:32.202+0700] {processor.py:208} INFO - Processing /Users/punny/Documents/GitHub/NYC-Taxi-ETL-Pipeline/.venv/lib/python3.10/site-packages/airflow/example_dags/example_task_group_decorator.py took 0.326 seconds
[2024-10-20T21:04:05.986+0700] {processor.py:186} INFO - Started process (PID=25951) to work on /Users/punny/Documents/GitHub/NYC-Taxi-ETL-Pipeline/.venv/lib/python3.10/site-packages/airflow/example_dags/example_task_group_decorator.py
[2024-10-20T21:04:05.989+0700] {processor.py:914} INFO - Processing file /Users/punny/Documents/GitHub/NYC-Taxi-ETL-Pipeline/.venv/lib/python3.10/site-packages/airflow/example_dags/example_task_group_decorator.py for tasks to queue
[2024-10-20T21:04:05.991+0700] {logging_mixin.py:190} INFO - [2024-10-20T21:04:05.990+0700] {dagbag.py:588} INFO - Filling up the DagBag from /Users/punny/Documents/GitHub/NYC-Taxi-ETL-Pipeline/.venv/lib/python3.10/site-packages/airflow/example_dags/example_task_group_decorator.py
[2024-10-20T21:04:06.054+0700] {processor.py:925} INFO - DAG(s) 'example_task_group_decorator' retrieved from /Users/punny/Documents/GitHub/NYC-Taxi-ETL-Pipeline/.venv/lib/python3.10/site-packages/airflow/example_dags/example_task_group_decorator.py
[2024-10-20T21:04:06.270+0700] {logging_mixin.py:190} INFO - [2024-10-20T21:04:06.270+0700] {dag.py:3239} INFO - Sync 1 DAGs
[2024-10-20T21:04:06.285+0700] {logging_mixin.py:190} INFO - [2024-10-20T21:04:06.285+0700] {dag.py:4180} INFO - Setting next_dagrun for example_task_group_decorator to None, run_after=None
[2024-10-20T21:04:06.307+0700] {processor.py:208} INFO - Processing /Users/punny/Documents/GitHub/NYC-Taxi-ETL-Pipeline/.venv/lib/python3.10/site-packages/airflow/example_dags/example_task_group_decorator.py took 0.337 seconds
[2024-10-20T21:07:50.591+0700] {processor.py:186} INFO - Started process (PID=26460) to work on /Users/punny/Documents/GitHub/NYC-Taxi-ETL-Pipeline/.venv/lib/python3.10/site-packages/airflow/example_dags/example_task_group_decorator.py
[2024-10-20T21:07:50.595+0700] {processor.py:914} INFO - Processing file /Users/punny/Documents/GitHub/NYC-Taxi-ETL-Pipeline/.venv/lib/python3.10/site-packages/airflow/example_dags/example_task_group_decorator.py for tasks to queue
[2024-10-20T21:07:50.596+0700] {logging_mixin.py:190} INFO - [2024-10-20T21:07:50.596+0700] {dagbag.py:588} INFO - Filling up the DagBag from /Users/punny/Documents/GitHub/NYC-Taxi-ETL-Pipeline/.venv/lib/python3.10/site-packages/airflow/example_dags/example_task_group_decorator.py
[2024-10-20T21:07:50.649+0700] {processor.py:925} INFO - DAG(s) 'example_task_group_decorator' retrieved from /Users/punny/Documents/GitHub/NYC-Taxi-ETL-Pipeline/.venv/lib/python3.10/site-packages/airflow/example_dags/example_task_group_decorator.py
[2024-10-20T21:07:50.844+0700] {logging_mixin.py:190} INFO - [2024-10-20T21:07:50.844+0700] {dag.py:3239} INFO - Sync 1 DAGs
[2024-10-20T21:07:50.859+0700] {logging_mixin.py:190} INFO - [2024-10-20T21:07:50.859+0700] {dag.py:4180} INFO - Setting next_dagrun for example_task_group_decorator to None, run_after=None
[2024-10-20T21:07:50.881+0700] {processor.py:208} INFO - Processing /Users/punny/Documents/GitHub/NYC-Taxi-ETL-Pipeline/.venv/lib/python3.10/site-packages/airflow/example_dags/example_task_group_decorator.py took 0.298 seconds
[2024-10-20T21:10:48.363+0700] {processor.py:186} INFO - Started process (PID=26817) to work on /Users/punny/Documents/GitHub/NYC-Taxi-ETL-Pipeline/.venv/lib/python3.10/site-packages/airflow/example_dags/example_task_group_decorator.py
[2024-10-20T21:10:48.367+0700] {processor.py:914} INFO - Processing file /Users/punny/Documents/GitHub/NYC-Taxi-ETL-Pipeline/.venv/lib/python3.10/site-packages/airflow/example_dags/example_task_group_decorator.py for tasks to queue
[2024-10-20T21:10:48.368+0700] {logging_mixin.py:190} INFO - [2024-10-20T21:10:48.367+0700] {dagbag.py:588} INFO - Filling up the DagBag from /Users/punny/Documents/GitHub/NYC-Taxi-ETL-Pipeline/.venv/lib/python3.10/site-packages/airflow/example_dags/example_task_group_decorator.py
[2024-10-20T21:10:48.435+0700] {processor.py:925} INFO - DAG(s) 'example_task_group_decorator' retrieved from /Users/punny/Documents/GitHub/NYC-Taxi-ETL-Pipeline/.venv/lib/python3.10/site-packages/airflow/example_dags/example_task_group_decorator.py
[2024-10-20T21:10:48.628+0700] {logging_mixin.py:190} INFO - [2024-10-20T21:10:48.628+0700] {dag.py:3239} INFO - Sync 1 DAGs
[2024-10-20T21:10:48.643+0700] {logging_mixin.py:190} INFO - [2024-10-20T21:10:48.642+0700] {dag.py:4180} INFO - Setting next_dagrun for example_task_group_decorator to None, run_after=None
[2024-10-20T21:10:48.664+0700] {processor.py:208} INFO - Processing /Users/punny/Documents/GitHub/NYC-Taxi-ETL-Pipeline/.venv/lib/python3.10/site-packages/airflow/example_dags/example_task_group_decorator.py took 0.310 seconds
[2024-10-20T21:29:07.656+0700] {processor.py:186} INFO - Started process (PID=27456) to work on /Users/punny/Documents/GitHub/NYC-Taxi-ETL-Pipeline/.venv/lib/python3.10/site-packages/airflow/example_dags/example_task_group_decorator.py
[2024-10-20T21:29:07.659+0700] {processor.py:914} INFO - Processing file /Users/punny/Documents/GitHub/NYC-Taxi-ETL-Pipeline/.venv/lib/python3.10/site-packages/airflow/example_dags/example_task_group_decorator.py for tasks to queue
[2024-10-20T21:29:07.661+0700] {logging_mixin.py:190} INFO - [2024-10-20T21:29:07.660+0700] {dagbag.py:588} INFO - Filling up the DagBag from /Users/punny/Documents/GitHub/NYC-Taxi-ETL-Pipeline/.venv/lib/python3.10/site-packages/airflow/example_dags/example_task_group_decorator.py
[2024-10-20T21:29:07.732+0700] {processor.py:925} INFO - DAG(s) 'example_task_group_decorator' retrieved from /Users/punny/Documents/GitHub/NYC-Taxi-ETL-Pipeline/.venv/lib/python3.10/site-packages/airflow/example_dags/example_task_group_decorator.py
[2024-10-20T21:29:07.924+0700] {logging_mixin.py:190} INFO - [2024-10-20T21:29:07.923+0700] {dag.py:3239} INFO - Sync 1 DAGs
[2024-10-20T21:29:07.938+0700] {logging_mixin.py:190} INFO - [2024-10-20T21:29:07.938+0700] {dag.py:4180} INFO - Setting next_dagrun for example_task_group_decorator to None, run_after=None
[2024-10-20T21:29:07.959+0700] {processor.py:208} INFO - Processing /Users/punny/Documents/GitHub/NYC-Taxi-ETL-Pipeline/.venv/lib/python3.10/site-packages/airflow/example_dags/example_task_group_decorator.py took 0.312 seconds
[2024-10-20T21:32:51.314+0700] {processor.py:186} INFO - Started process (PID=28088) to work on /Users/punny/Documents/GitHub/NYC-Taxi-ETL-Pipeline/.venv/lib/python3.10/site-packages/airflow/example_dags/example_task_group_decorator.py
[2024-10-20T21:32:51.320+0700] {processor.py:914} INFO - Processing file /Users/punny/Documents/GitHub/NYC-Taxi-ETL-Pipeline/.venv/lib/python3.10/site-packages/airflow/example_dags/example_task_group_decorator.py for tasks to queue
[2024-10-20T21:32:51.322+0700] {logging_mixin.py:190} INFO - [2024-10-20T21:32:51.322+0700] {dagbag.py:588} INFO - Filling up the DagBag from /Users/punny/Documents/GitHub/NYC-Taxi-ETL-Pipeline/.venv/lib/python3.10/site-packages/airflow/example_dags/example_task_group_decorator.py
[2024-10-20T21:32:51.413+0700] {processor.py:925} INFO - DAG(s) 'example_task_group_decorator' retrieved from /Users/punny/Documents/GitHub/NYC-Taxi-ETL-Pipeline/.venv/lib/python3.10/site-packages/airflow/example_dags/example_task_group_decorator.py
[2024-10-20T21:32:51.686+0700] {logging_mixin.py:190} INFO - [2024-10-20T21:32:51.685+0700] {dag.py:3239} INFO - Sync 1 DAGs
[2024-10-20T21:32:51.711+0700] {logging_mixin.py:190} INFO - [2024-10-20T21:32:51.710+0700] {dag.py:4180} INFO - Setting next_dagrun for example_task_group_decorator to None, run_after=None
[2024-10-20T21:32:51.738+0700] {processor.py:208} INFO - Processing /Users/punny/Documents/GitHub/NYC-Taxi-ETL-Pipeline/.venv/lib/python3.10/site-packages/airflow/example_dags/example_task_group_decorator.py took 0.445 seconds
[2024-10-20T21:56:23.719+0700] {processor.py:186} INFO - Started process (PID=31180) to work on /Users/punny/Documents/GitHub/NYC-Taxi-ETL-Pipeline/.venv/lib/python3.10/site-packages/airflow/example_dags/example_task_group_decorator.py
[2024-10-20T21:56:23.724+0700] {processor.py:914} INFO - Processing file /Users/punny/Documents/GitHub/NYC-Taxi-ETL-Pipeline/.venv/lib/python3.10/site-packages/airflow/example_dags/example_task_group_decorator.py for tasks to queue
[2024-10-20T21:56:23.726+0700] {logging_mixin.py:190} INFO - [2024-10-20T21:56:23.726+0700] {dagbag.py:588} INFO - Filling up the DagBag from /Users/punny/Documents/GitHub/NYC-Taxi-ETL-Pipeline/.venv/lib/python3.10/site-packages/airflow/example_dags/example_task_group_decorator.py
[2024-10-20T21:56:23.811+0700] {processor.py:925} INFO - DAG(s) 'example_task_group_decorator' retrieved from /Users/punny/Documents/GitHub/NYC-Taxi-ETL-Pipeline/.venv/lib/python3.10/site-packages/airflow/example_dags/example_task_group_decorator.py
[2024-10-20T21:56:24.076+0700] {logging_mixin.py:190} INFO - [2024-10-20T21:56:24.076+0700] {dag.py:3239} INFO - Sync 1 DAGs
[2024-10-20T21:56:24.092+0700] {logging_mixin.py:190} INFO - [2024-10-20T21:56:24.091+0700] {dag.py:4180} INFO - Setting next_dagrun for example_task_group_decorator to None, run_after=None
[2024-10-20T21:56:24.114+0700] {processor.py:208} INFO - Processing /Users/punny/Documents/GitHub/NYC-Taxi-ETL-Pipeline/.venv/lib/python3.10/site-packages/airflow/example_dags/example_task_group_decorator.py took 0.407 seconds
[2024-10-20T22:30:34.045+0700] {processor.py:186} INFO - Started process (PID=31844) to work on /Users/punny/Documents/GitHub/NYC-Taxi-ETL-Pipeline/.venv/lib/python3.10/site-packages/airflow/example_dags/example_task_group_decorator.py
[2024-10-20T22:30:34.051+0700] {processor.py:914} INFO - Processing file /Users/punny/Documents/GitHub/NYC-Taxi-ETL-Pipeline/.venv/lib/python3.10/site-packages/airflow/example_dags/example_task_group_decorator.py for tasks to queue
[2024-10-20T22:30:34.052+0700] {logging_mixin.py:190} INFO - [2024-10-20T22:30:34.052+0700] {dagbag.py:588} INFO - Filling up the DagBag from /Users/punny/Documents/GitHub/NYC-Taxi-ETL-Pipeline/.venv/lib/python3.10/site-packages/airflow/example_dags/example_task_group_decorator.py
[2024-10-20T22:30:34.179+0700] {processor.py:925} INFO - DAG(s) 'example_task_group_decorator' retrieved from /Users/punny/Documents/GitHub/NYC-Taxi-ETL-Pipeline/.venv/lib/python3.10/site-packages/airflow/example_dags/example_task_group_decorator.py
[2024-10-20T22:30:34.527+0700] {logging_mixin.py:190} INFO - [2024-10-20T22:30:34.526+0700] {dag.py:3239} INFO - Sync 1 DAGs
[2024-10-20T22:30:34.556+0700] {logging_mixin.py:190} INFO - [2024-10-20T22:30:34.554+0700] {dag.py:4180} INFO - Setting next_dagrun for example_task_group_decorator to None, run_after=None
[2024-10-20T22:30:34.596+0700] {processor.py:208} INFO - Processing /Users/punny/Documents/GitHub/NYC-Taxi-ETL-Pipeline/.venv/lib/python3.10/site-packages/airflow/example_dags/example_task_group_decorator.py took 0.561 seconds
[2024-10-21T00:47:51.292+0700] {processor.py:186} INFO - Started process (PID=32558) to work on /Users/punny/Documents/GitHub/NYC-Taxi-ETL-Pipeline/.venv/lib/python3.10/site-packages/airflow/example_dags/example_task_group_decorator.py
[2024-10-21T00:47:51.296+0700] {processor.py:914} INFO - Processing file /Users/punny/Documents/GitHub/NYC-Taxi-ETL-Pipeline/.venv/lib/python3.10/site-packages/airflow/example_dags/example_task_group_decorator.py for tasks to queue
[2024-10-21T00:47:51.297+0700] {logging_mixin.py:190} INFO - [2024-10-21T00:47:51.297+0700] {dagbag.py:588} INFO - Filling up the DagBag from /Users/punny/Documents/GitHub/NYC-Taxi-ETL-Pipeline/.venv/lib/python3.10/site-packages/airflow/example_dags/example_task_group_decorator.py
[2024-10-21T00:47:51.369+0700] {processor.py:925} INFO - DAG(s) 'example_task_group_decorator' retrieved from /Users/punny/Documents/GitHub/NYC-Taxi-ETL-Pipeline/.venv/lib/python3.10/site-packages/airflow/example_dags/example_task_group_decorator.py
[2024-10-21T00:47:51.562+0700] {logging_mixin.py:190} INFO - [2024-10-21T00:47:51.562+0700] {dag.py:3239} INFO - Sync 1 DAGs
[2024-10-21T00:47:51.576+0700] {logging_mixin.py:190} INFO - [2024-10-21T00:47:51.576+0700] {dag.py:4180} INFO - Setting next_dagrun for example_task_group_decorator to None, run_after=None
[2024-10-21T00:47:51.597+0700] {processor.py:208} INFO - Processing /Users/punny/Documents/GitHub/NYC-Taxi-ETL-Pipeline/.venv/lib/python3.10/site-packages/airflow/example_dags/example_task_group_decorator.py took 0.313 seconds
[2024-10-21T02:49:53.536+0700] {processor.py:186} INFO - Started process (PID=33249) to work on /Users/punny/Documents/GitHub/NYC-Taxi-ETL-Pipeline/.venv/lib/python3.10/site-packages/airflow/example_dags/example_task_group_decorator.py
[2024-10-21T02:49:53.539+0700] {processor.py:914} INFO - Processing file /Users/punny/Documents/GitHub/NYC-Taxi-ETL-Pipeline/.venv/lib/python3.10/site-packages/airflow/example_dags/example_task_group_decorator.py for tasks to queue
[2024-10-21T02:49:53.540+0700] {logging_mixin.py:190} INFO - [2024-10-21T02:49:53.540+0700] {dagbag.py:588} INFO - Filling up the DagBag from /Users/punny/Documents/GitHub/NYC-Taxi-ETL-Pipeline/.venv/lib/python3.10/site-packages/airflow/example_dags/example_task_group_decorator.py
[2024-10-21T02:49:53.593+0700] {processor.py:925} INFO - DAG(s) 'example_task_group_decorator' retrieved from /Users/punny/Documents/GitHub/NYC-Taxi-ETL-Pipeline/.venv/lib/python3.10/site-packages/airflow/example_dags/example_task_group_decorator.py
[2024-10-21T02:49:53.786+0700] {logging_mixin.py:190} INFO - [2024-10-21T02:49:53.786+0700] {dag.py:3239} INFO - Sync 1 DAGs
[2024-10-21T02:49:53.801+0700] {logging_mixin.py:190} INFO - [2024-10-21T02:49:53.800+0700] {dag.py:4180} INFO - Setting next_dagrun for example_task_group_decorator to None, run_after=None
[2024-10-21T02:49:53.823+0700] {processor.py:208} INFO - Processing /Users/punny/Documents/GitHub/NYC-Taxi-ETL-Pipeline/.venv/lib/python3.10/site-packages/airflow/example_dags/example_task_group_decorator.py took 0.297 seconds
