[2024-10-20T20:44:01.556+0700] {processor.py:186} INFO - Started process (PID=22877) to work on /Users/punny/Documents/GitHub/NYC-Taxi-ETL-Pipeline/.venv/lib/python3.10/site-packages/airflow/example_dags/example_nested_branch_dag.py
[2024-10-20T20:44:01.559+0700] {processor.py:914} INFO - Processing file /Users/punny/Documents/GitHub/NYC-Taxi-ETL-Pipeline/.venv/lib/python3.10/site-packages/airflow/example_dags/example_nested_branch_dag.py for tasks to queue
[2024-10-20T20:44:01.560+0700] {logging_mixin.py:190} INFO - [2024-10-20T20:44:01.560+0700] {dagbag.py:588} INFO - Filling up the DagBag from /Users/punny/Documents/GitHub/NYC-Taxi-ETL-Pipeline/.venv/lib/python3.10/site-packages/airflow/example_dags/example_nested_branch_dag.py
[2024-10-20T20:44:01.617+0700] {processor.py:925} INFO - DAG(s) 'example_nested_branch_dag' retrieved from /Users/punny/Documents/GitHub/NYC-Taxi-ETL-Pipeline/.venv/lib/python3.10/site-packages/airflow/example_dags/example_nested_branch_dag.py
[2024-10-20T20:44:01.972+0700] {logging_mixin.py:190} INFO - [2024-10-20T20:44:01.971+0700] {override.py:1907} INFO - Created Permission View: can edit on DAG:example_nested_branch_dag
[2024-10-20T20:44:01.985+0700] {logging_mixin.py:190} INFO - [2024-10-20T20:44:01.984+0700] {override.py:1907} INFO - Created Permission View: can delete on DAG:example_nested_branch_dag
[2024-10-20T20:44:01.994+0700] {logging_mixin.py:190} INFO - [2024-10-20T20:44:01.994+0700] {override.py:1907} INFO - Created Permission View: can read on DAG:example_nested_branch_dag
[2024-10-20T20:44:02.007+0700] {logging_mixin.py:190} INFO - [2024-10-20T20:44:02.007+0700] {override.py:1907} INFO - Created Permission View: can create on DAG Run:example_nested_branch_dag
[2024-10-20T20:44:02.016+0700] {logging_mixin.py:190} INFO - [2024-10-20T20:44:02.016+0700] {override.py:1907} INFO - Created Permission View: menu access on DAG Run:example_nested_branch_dag
[2024-10-20T20:44:02.027+0700] {logging_mixin.py:190} INFO - [2024-10-20T20:44:02.026+0700] {override.py:1907} INFO - Created Permission View: can delete on DAG Run:example_nested_branch_dag
[2024-10-20T20:44:02.038+0700] {logging_mixin.py:190} INFO - [2024-10-20T20:44:02.037+0700] {override.py:1907} INFO - Created Permission View: can read on DAG Run:example_nested_branch_dag
[2024-10-20T20:44:02.038+0700] {logging_mixin.py:190} INFO - [2024-10-20T20:44:02.038+0700] {dag.py:3239} INFO - Sync 1 DAGs
[2024-10-20T20:44:02.058+0700] {logging_mixin.py:190} INFO - [2024-10-20T20:44:02.058+0700] {dag.py:3262} INFO - Creating ORM DAG for example_nested_branch_dag
[2024-10-20T20:44:02.090+0700] {logging_mixin.py:190} INFO - [2024-10-20T20:44:02.089+0700] {dag.py:4180} INFO - Setting next_dagrun for example_nested_branch_dag to 2024-10-19 00:00:00+00:00, run_after=2024-10-20 00:00:00+00:00
[2024-10-20T20:44:02.123+0700] {processor.py:208} INFO - Processing /Users/punny/Documents/GitHub/NYC-Taxi-ETL-Pipeline/.venv/lib/python3.10/site-packages/airflow/example_dags/example_nested_branch_dag.py took 0.578 seconds
[2024-10-20T20:48:03.167+0700] {processor.py:186} INFO - Started process (PID=23488) to work on /Users/punny/Documents/GitHub/NYC-Taxi-ETL-Pipeline/.venv/lib/python3.10/site-packages/airflow/example_dags/example_nested_branch_dag.py
[2024-10-20T20:48:03.170+0700] {processor.py:914} INFO - Processing file /Users/punny/Documents/GitHub/NYC-Taxi-ETL-Pipeline/.venv/lib/python3.10/site-packages/airflow/example_dags/example_nested_branch_dag.py for tasks to queue
[2024-10-20T20:48:03.171+0700] {logging_mixin.py:190} INFO - [2024-10-20T20:48:03.171+0700] {dagbag.py:588} INFO - Filling up the DagBag from /Users/punny/Documents/GitHub/NYC-Taxi-ETL-Pipeline/.venv/lib/python3.10/site-packages/airflow/example_dags/example_nested_branch_dag.py
[2024-10-20T20:48:03.226+0700] {processor.py:925} INFO - DAG(s) 'example_nested_branch_dag' retrieved from /Users/punny/Documents/GitHub/NYC-Taxi-ETL-Pipeline/.venv/lib/python3.10/site-packages/airflow/example_dags/example_nested_branch_dag.py
[2024-10-20T20:48:03.446+0700] {logging_mixin.py:190} INFO - [2024-10-20T20:48:03.446+0700] {dag.py:3239} INFO - Sync 1 DAGs
[2024-10-20T20:48:03.473+0700] {logging_mixin.py:190} INFO - [2024-10-20T20:48:03.473+0700] {dag.py:4180} INFO - Setting next_dagrun for example_nested_branch_dag to 2024-10-19 00:00:00+00:00, run_after=2024-10-20 00:00:00+00:00
[2024-10-20T20:48:03.499+0700] {processor.py:208} INFO - Processing /Users/punny/Documents/GitHub/NYC-Taxi-ETL-Pipeline/.venv/lib/python3.10/site-packages/airflow/example_dags/example_nested_branch_dag.py took 0.341 seconds
[2024-10-20T20:51:23.370+0700] {processor.py:186} INFO - Started process (PID=23937) to work on /Users/punny/Documents/GitHub/NYC-Taxi-ETL-Pipeline/.venv/lib/python3.10/site-packages/airflow/example_dags/example_nested_branch_dag.py
[2024-10-20T20:51:23.375+0700] {processor.py:914} INFO - Processing file /Users/punny/Documents/GitHub/NYC-Taxi-ETL-Pipeline/.venv/lib/python3.10/site-packages/airflow/example_dags/example_nested_branch_dag.py for tasks to queue
[2024-10-20T20:51:23.377+0700] {logging_mixin.py:190} INFO - [2024-10-20T20:51:23.376+0700] {dagbag.py:588} INFO - Filling up the DagBag from /Users/punny/Documents/GitHub/NYC-Taxi-ETL-Pipeline/.venv/lib/python3.10/site-packages/airflow/example_dags/example_nested_branch_dag.py
[2024-10-20T20:51:23.454+0700] {processor.py:925} INFO - DAG(s) 'example_nested_branch_dag' retrieved from /Users/punny/Documents/GitHub/NYC-Taxi-ETL-Pipeline/.venv/lib/python3.10/site-packages/airflow/example_dags/example_nested_branch_dag.py
[2024-10-20T20:51:23.751+0700] {logging_mixin.py:190} INFO - [2024-10-20T20:51:23.750+0700] {dag.py:3239} INFO - Sync 1 DAGs
[2024-10-20T20:51:23.791+0700] {logging_mixin.py:190} INFO - [2024-10-20T20:51:23.791+0700] {dag.py:4180} INFO - Setting next_dagrun for example_nested_branch_dag to 2024-10-19 00:00:00+00:00, run_after=2024-10-20 00:00:00+00:00
[2024-10-20T20:51:23.819+0700] {processor.py:208} INFO - Processing /Users/punny/Documents/GitHub/NYC-Taxi-ETL-Pipeline/.venv/lib/python3.10/site-packages/airflow/example_dags/example_nested_branch_dag.py took 0.459 seconds
[2024-10-20T20:54:51.847+0700] {processor.py:186} INFO - Started process (PID=24506) to work on /Users/punny/Documents/GitHub/NYC-Taxi-ETL-Pipeline/.venv/lib/python3.10/site-packages/airflow/example_dags/example_nested_branch_dag.py
[2024-10-20T20:54:51.850+0700] {processor.py:914} INFO - Processing file /Users/punny/Documents/GitHub/NYC-Taxi-ETL-Pipeline/.venv/lib/python3.10/site-packages/airflow/example_dags/example_nested_branch_dag.py for tasks to queue
[2024-10-20T20:54:51.851+0700] {logging_mixin.py:190} INFO - [2024-10-20T20:54:51.851+0700] {dagbag.py:588} INFO - Filling up the DagBag from /Users/punny/Documents/GitHub/NYC-Taxi-ETL-Pipeline/.venv/lib/python3.10/site-packages/airflow/example_dags/example_nested_branch_dag.py
[2024-10-20T20:54:51.899+0700] {processor.py:925} INFO - DAG(s) 'example_nested_branch_dag' retrieved from /Users/punny/Documents/GitHub/NYC-Taxi-ETL-Pipeline/.venv/lib/python3.10/site-packages/airflow/example_dags/example_nested_branch_dag.py
[2024-10-20T20:54:52.085+0700] {logging_mixin.py:190} INFO - [2024-10-20T20:54:52.085+0700] {dag.py:3239} INFO - Sync 1 DAGs
[2024-10-20T20:54:52.114+0700] {logging_mixin.py:190} INFO - [2024-10-20T20:54:52.114+0700] {dag.py:4180} INFO - Setting next_dagrun for example_nested_branch_dag to 2024-10-19 00:00:00+00:00, run_after=2024-10-20 00:00:00+00:00
[2024-10-20T20:54:52.138+0700] {processor.py:208} INFO - Processing /Users/punny/Documents/GitHub/NYC-Taxi-ETL-Pipeline/.venv/lib/python3.10/site-packages/airflow/example_dags/example_nested_branch_dag.py took 0.299 seconds
[2024-10-20T20:58:17.204+0700] {processor.py:186} INFO - Started process (PID=25011) to work on /Users/punny/Documents/GitHub/NYC-Taxi-ETL-Pipeline/.venv/lib/python3.10/site-packages/airflow/example_dags/example_nested_branch_dag.py
[2024-10-20T20:58:17.208+0700] {processor.py:914} INFO - Processing file /Users/punny/Documents/GitHub/NYC-Taxi-ETL-Pipeline/.venv/lib/python3.10/site-packages/airflow/example_dags/example_nested_branch_dag.py for tasks to queue
[2024-10-20T20:58:17.210+0700] {logging_mixin.py:190} INFO - [2024-10-20T20:58:17.209+0700] {dagbag.py:588} INFO - Filling up the DagBag from /Users/punny/Documents/GitHub/NYC-Taxi-ETL-Pipeline/.venv/lib/python3.10/site-packages/airflow/example_dags/example_nested_branch_dag.py
[2024-10-20T20:58:17.264+0700] {processor.py:925} INFO - DAG(s) 'example_nested_branch_dag' retrieved from /Users/punny/Documents/GitHub/NYC-Taxi-ETL-Pipeline/.venv/lib/python3.10/site-packages/airflow/example_dags/example_nested_branch_dag.py
[2024-10-20T20:58:17.474+0700] {logging_mixin.py:190} INFO - [2024-10-20T20:58:17.473+0700] {dag.py:3239} INFO - Sync 1 DAGs
[2024-10-20T20:58:17.499+0700] {logging_mixin.py:190} INFO - [2024-10-20T20:58:17.499+0700] {dag.py:4180} INFO - Setting next_dagrun for example_nested_branch_dag to 2024-10-19 00:00:00+00:00, run_after=2024-10-20 00:00:00+00:00
[2024-10-20T20:58:17.524+0700] {processor.py:208} INFO - Processing /Users/punny/Documents/GitHub/NYC-Taxi-ETL-Pipeline/.venv/lib/python3.10/site-packages/airflow/example_dags/example_nested_branch_dag.py took 0.332 seconds
[2024-10-20T21:01:55.217+0700] {processor.py:186} INFO - Started process (PID=25612) to work on /Users/punny/Documents/GitHub/NYC-Taxi-ETL-Pipeline/.venv/lib/python3.10/site-packages/airflow/example_dags/example_nested_branch_dag.py
[2024-10-20T21:01:55.220+0700] {processor.py:914} INFO - Processing file /Users/punny/Documents/GitHub/NYC-Taxi-ETL-Pipeline/.venv/lib/python3.10/site-packages/airflow/example_dags/example_nested_branch_dag.py for tasks to queue
[2024-10-20T21:01:55.222+0700] {logging_mixin.py:190} INFO - [2024-10-20T21:01:55.221+0700] {dagbag.py:588} INFO - Filling up the DagBag from /Users/punny/Documents/GitHub/NYC-Taxi-ETL-Pipeline/.venv/lib/python3.10/site-packages/airflow/example_dags/example_nested_branch_dag.py
[2024-10-20T21:01:55.285+0700] {processor.py:925} INFO - DAG(s) 'example_nested_branch_dag' retrieved from /Users/punny/Documents/GitHub/NYC-Taxi-ETL-Pipeline/.venv/lib/python3.10/site-packages/airflow/example_dags/example_nested_branch_dag.py
[2024-10-20T21:01:55.498+0700] {logging_mixin.py:190} INFO - [2024-10-20T21:01:55.497+0700] {dag.py:3239} INFO - Sync 1 DAGs
[2024-10-20T21:01:55.522+0700] {logging_mixin.py:190} INFO - [2024-10-20T21:01:55.521+0700] {dag.py:4180} INFO - Setting next_dagrun for example_nested_branch_dag to 2024-10-19 00:00:00+00:00, run_after=2024-10-20 00:00:00+00:00
[2024-10-20T21:01:55.545+0700] {processor.py:208} INFO - Processing /Users/punny/Documents/GitHub/NYC-Taxi-ETL-Pipeline/.venv/lib/python3.10/site-packages/airflow/example_dags/example_nested_branch_dag.py took 0.333 seconds
[2024-10-20T21:05:21.159+0700] {processor.py:186} INFO - Started process (PID=26125) to work on /Users/punny/Documents/GitHub/NYC-Taxi-ETL-Pipeline/.venv/lib/python3.10/site-packages/airflow/example_dags/example_nested_branch_dag.py
[2024-10-20T21:05:21.162+0700] {processor.py:914} INFO - Processing file /Users/punny/Documents/GitHub/NYC-Taxi-ETL-Pipeline/.venv/lib/python3.10/site-packages/airflow/example_dags/example_nested_branch_dag.py for tasks to queue
[2024-10-20T21:05:21.164+0700] {logging_mixin.py:190} INFO - [2024-10-20T21:05:21.163+0700] {dagbag.py:588} INFO - Filling up the DagBag from /Users/punny/Documents/GitHub/NYC-Taxi-ETL-Pipeline/.venv/lib/python3.10/site-packages/airflow/example_dags/example_nested_branch_dag.py
[2024-10-20T21:05:21.209+0700] {processor.py:925} INFO - DAG(s) 'example_nested_branch_dag' retrieved from /Users/punny/Documents/GitHub/NYC-Taxi-ETL-Pipeline/.venv/lib/python3.10/site-packages/airflow/example_dags/example_nested_branch_dag.py
[2024-10-20T21:05:21.403+0700] {logging_mixin.py:190} INFO - [2024-10-20T21:05:21.403+0700] {dag.py:3239} INFO - Sync 1 DAGs
[2024-10-20T21:05:21.426+0700] {logging_mixin.py:190} INFO - [2024-10-20T21:05:21.426+0700] {dag.py:4180} INFO - Setting next_dagrun for example_nested_branch_dag to 2024-10-19 00:00:00+00:00, run_after=2024-10-20 00:00:00+00:00
[2024-10-20T21:05:21.447+0700] {processor.py:208} INFO - Processing /Users/punny/Documents/GitHub/NYC-Taxi-ETL-Pipeline/.venv/lib/python3.10/site-packages/airflow/example_dags/example_nested_branch_dag.py took 0.296 seconds
[2024-10-20T21:08:52.567+0700] {processor.py:186} INFO - Started process (PID=26583) to work on /Users/punny/Documents/GitHub/NYC-Taxi-ETL-Pipeline/.venv/lib/python3.10/site-packages/airflow/example_dags/example_nested_branch_dag.py
[2024-10-20T21:08:52.570+0700] {processor.py:914} INFO - Processing file /Users/punny/Documents/GitHub/NYC-Taxi-ETL-Pipeline/.venv/lib/python3.10/site-packages/airflow/example_dags/example_nested_branch_dag.py for tasks to queue
[2024-10-20T21:08:52.571+0700] {logging_mixin.py:190} INFO - [2024-10-20T21:08:52.571+0700] {dagbag.py:588} INFO - Filling up the DagBag from /Users/punny/Documents/GitHub/NYC-Taxi-ETL-Pipeline/.venv/lib/python3.10/site-packages/airflow/example_dags/example_nested_branch_dag.py
[2024-10-20T21:08:52.617+0700] {processor.py:925} INFO - DAG(s) 'example_nested_branch_dag' retrieved from /Users/punny/Documents/GitHub/NYC-Taxi-ETL-Pipeline/.venv/lib/python3.10/site-packages/airflow/example_dags/example_nested_branch_dag.py
[2024-10-20T21:08:52.807+0700] {logging_mixin.py:190} INFO - [2024-10-20T21:08:52.806+0700] {dag.py:3239} INFO - Sync 1 DAGs
[2024-10-20T21:08:52.830+0700] {logging_mixin.py:190} INFO - [2024-10-20T21:08:52.830+0700] {dag.py:4180} INFO - Setting next_dagrun for example_nested_branch_dag to 2024-10-19 00:00:00+00:00, run_after=2024-10-20 00:00:00+00:00
[2024-10-20T21:08:52.852+0700] {processor.py:208} INFO - Processing /Users/punny/Documents/GitHub/NYC-Taxi-ETL-Pipeline/.venv/lib/python3.10/site-packages/airflow/example_dags/example_nested_branch_dag.py took 0.293 seconds
[2024-10-20T21:11:53.625+0700] {processor.py:186} INFO - Started process (PID=26962) to work on /Users/punny/Documents/GitHub/NYC-Taxi-ETL-Pipeline/.venv/lib/python3.10/site-packages/airflow/example_dags/example_nested_branch_dag.py
[2024-10-20T21:11:53.629+0700] {processor.py:914} INFO - Processing file /Users/punny/Documents/GitHub/NYC-Taxi-ETL-Pipeline/.venv/lib/python3.10/site-packages/airflow/example_dags/example_nested_branch_dag.py for tasks to queue
[2024-10-20T21:11:53.631+0700] {logging_mixin.py:190} INFO - [2024-10-20T21:11:53.630+0700] {dagbag.py:588} INFO - Filling up the DagBag from /Users/punny/Documents/GitHub/NYC-Taxi-ETL-Pipeline/.venv/lib/python3.10/site-packages/airflow/example_dags/example_nested_branch_dag.py
[2024-10-20T21:11:53.683+0700] {processor.py:925} INFO - DAG(s) 'example_nested_branch_dag' retrieved from /Users/punny/Documents/GitHub/NYC-Taxi-ETL-Pipeline/.venv/lib/python3.10/site-packages/airflow/example_dags/example_nested_branch_dag.py
[2024-10-20T21:11:53.888+0700] {logging_mixin.py:190} INFO - [2024-10-20T21:11:53.888+0700] {dag.py:3239} INFO - Sync 1 DAGs
[2024-10-20T21:11:53.914+0700] {logging_mixin.py:190} INFO - [2024-10-20T21:11:53.914+0700] {dag.py:4180} INFO - Setting next_dagrun for example_nested_branch_dag to 2024-10-19 00:00:00+00:00, run_after=2024-10-20 00:00:00+00:00
[2024-10-20T21:11:53.939+0700] {processor.py:208} INFO - Processing /Users/punny/Documents/GitHub/NYC-Taxi-ETL-Pipeline/.venv/lib/python3.10/site-packages/airflow/example_dags/example_nested_branch_dag.py took 0.322 seconds
[2024-10-20T21:30:20.353+0700] {processor.py:186} INFO - Started process (PID=27624) to work on /Users/punny/Documents/GitHub/NYC-Taxi-ETL-Pipeline/.venv/lib/python3.10/site-packages/airflow/example_dags/example_nested_branch_dag.py
[2024-10-20T21:30:20.357+0700] {processor.py:914} INFO - Processing file /Users/punny/Documents/GitHub/NYC-Taxi-ETL-Pipeline/.venv/lib/python3.10/site-packages/airflow/example_dags/example_nested_branch_dag.py for tasks to queue
[2024-10-20T21:30:20.358+0700] {logging_mixin.py:190} INFO - [2024-10-20T21:30:20.358+0700] {dagbag.py:588} INFO - Filling up the DagBag from /Users/punny/Documents/GitHub/NYC-Taxi-ETL-Pipeline/.venv/lib/python3.10/site-packages/airflow/example_dags/example_nested_branch_dag.py
[2024-10-20T21:30:20.419+0700] {processor.py:925} INFO - DAG(s) 'example_nested_branch_dag' retrieved from /Users/punny/Documents/GitHub/NYC-Taxi-ETL-Pipeline/.venv/lib/python3.10/site-packages/airflow/example_dags/example_nested_branch_dag.py
[2024-10-20T21:30:20.689+0700] {logging_mixin.py:190} INFO - [2024-10-20T21:30:20.688+0700] {dag.py:3239} INFO - Sync 1 DAGs
[2024-10-20T21:30:20.721+0700] {logging_mixin.py:190} INFO - [2024-10-20T21:30:20.720+0700] {dag.py:4180} INFO - Setting next_dagrun for example_nested_branch_dag to 2024-10-19 00:00:00+00:00, run_after=2024-10-20 00:00:00+00:00
[2024-10-20T21:30:20.751+0700] {processor.py:208} INFO - Processing /Users/punny/Documents/GitHub/NYC-Taxi-ETL-Pipeline/.venv/lib/python3.10/site-packages/airflow/example_dags/example_nested_branch_dag.py took 0.407 seconds
[2024-10-20T21:57:37.869+0700] {processor.py:186} INFO - Started process (PID=31347) to work on /Users/punny/Documents/GitHub/NYC-Taxi-ETL-Pipeline/.venv/lib/python3.10/site-packages/airflow/example_dags/example_nested_branch_dag.py
[2024-10-20T21:57:37.873+0700] {processor.py:914} INFO - Processing file /Users/punny/Documents/GitHub/NYC-Taxi-ETL-Pipeline/.venv/lib/python3.10/site-packages/airflow/example_dags/example_nested_branch_dag.py for tasks to queue
[2024-10-20T21:57:37.874+0700] {logging_mixin.py:190} INFO - [2024-10-20T21:57:37.874+0700] {dagbag.py:588} INFO - Filling up the DagBag from /Users/punny/Documents/GitHub/NYC-Taxi-ETL-Pipeline/.venv/lib/python3.10/site-packages/airflow/example_dags/example_nested_branch_dag.py
[2024-10-20T21:57:37.922+0700] {processor.py:925} INFO - DAG(s) 'example_nested_branch_dag' retrieved from /Users/punny/Documents/GitHub/NYC-Taxi-ETL-Pipeline/.venv/lib/python3.10/site-packages/airflow/example_dags/example_nested_branch_dag.py
[2024-10-20T21:57:38.135+0700] {logging_mixin.py:190} INFO - [2024-10-20T21:57:38.134+0700] {dag.py:3239} INFO - Sync 1 DAGs
[2024-10-20T21:57:38.170+0700] {logging_mixin.py:190} INFO - [2024-10-20T21:57:38.169+0700] {dag.py:4180} INFO - Setting next_dagrun for example_nested_branch_dag to 2024-10-19 00:00:00+00:00, run_after=2024-10-20 00:00:00+00:00
[2024-10-20T21:57:38.210+0700] {processor.py:208} INFO - Processing /Users/punny/Documents/GitHub/NYC-Taxi-ETL-Pipeline/.venv/lib/python3.10/site-packages/airflow/example_dags/example_nested_branch_dag.py took 0.349 seconds
[2024-10-20T23:17:07.403+0700] {processor.py:186} INFO - Started process (PID=32093) to work on /Users/punny/Documents/GitHub/NYC-Taxi-ETL-Pipeline/.venv/lib/python3.10/site-packages/airflow/example_dags/example_nested_branch_dag.py
[2024-10-20T23:17:07.407+0700] {processor.py:914} INFO - Processing file /Users/punny/Documents/GitHub/NYC-Taxi-ETL-Pipeline/.venv/lib/python3.10/site-packages/airflow/example_dags/example_nested_branch_dag.py for tasks to queue
[2024-10-20T23:17:07.408+0700] {logging_mixin.py:190} INFO - [2024-10-20T23:17:07.408+0700] {dagbag.py:588} INFO - Filling up the DagBag from /Users/punny/Documents/GitHub/NYC-Taxi-ETL-Pipeline/.venv/lib/python3.10/site-packages/airflow/example_dags/example_nested_branch_dag.py
[2024-10-20T23:17:07.454+0700] {processor.py:925} INFO - DAG(s) 'example_nested_branch_dag' retrieved from /Users/punny/Documents/GitHub/NYC-Taxi-ETL-Pipeline/.venv/lib/python3.10/site-packages/airflow/example_dags/example_nested_branch_dag.py
[2024-10-20T23:17:07.698+0700] {logging_mixin.py:190} INFO - [2024-10-20T23:17:07.698+0700] {dag.py:3239} INFO - Sync 1 DAGs
[2024-10-20T23:17:07.723+0700] {logging_mixin.py:190} INFO - [2024-10-20T23:17:07.722+0700] {dag.py:4180} INFO - Setting next_dagrun for example_nested_branch_dag to 2024-10-19 00:00:00+00:00, run_after=2024-10-20 00:00:00+00:00
[2024-10-20T23:17:07.748+0700] {processor.py:208} INFO - Processing /Users/punny/Documents/GitHub/NYC-Taxi-ETL-Pipeline/.venv/lib/python3.10/site-packages/airflow/example_dags/example_nested_branch_dag.py took 0.356 seconds
[2024-10-21T01:17:28.922+0700] {processor.py:186} INFO - Started process (PID=32723) to work on /Users/punny/Documents/GitHub/NYC-Taxi-ETL-Pipeline/.venv/lib/python3.10/site-packages/airflow/example_dags/example_nested_branch_dag.py
[2024-10-21T01:17:28.926+0700] {processor.py:914} INFO - Processing file /Users/punny/Documents/GitHub/NYC-Taxi-ETL-Pipeline/.venv/lib/python3.10/site-packages/airflow/example_dags/example_nested_branch_dag.py for tasks to queue
[2024-10-21T01:17:28.927+0700] {logging_mixin.py:190} INFO - [2024-10-21T01:17:28.927+0700] {dagbag.py:588} INFO - Filling up the DagBag from /Users/punny/Documents/GitHub/NYC-Taxi-ETL-Pipeline/.venv/lib/python3.10/site-packages/airflow/example_dags/example_nested_branch_dag.py
[2024-10-21T01:17:28.972+0700] {processor.py:925} INFO - DAG(s) 'example_nested_branch_dag' retrieved from /Users/punny/Documents/GitHub/NYC-Taxi-ETL-Pipeline/.venv/lib/python3.10/site-packages/airflow/example_dags/example_nested_branch_dag.py
[2024-10-21T01:17:29.156+0700] {logging_mixin.py:190} INFO - [2024-10-21T01:17:29.155+0700] {dag.py:3239} INFO - Sync 1 DAGs
[2024-10-21T01:17:29.179+0700] {logging_mixin.py:190} INFO - [2024-10-21T01:17:29.179+0700] {dag.py:4180} INFO - Setting next_dagrun for example_nested_branch_dag to 2024-10-19 00:00:00+00:00, run_after=2024-10-20 00:00:00+00:00
[2024-10-21T01:17:29.201+0700] {processor.py:208} INFO - Processing /Users/punny/Documents/GitHub/NYC-Taxi-ETL-Pipeline/.venv/lib/python3.10/site-packages/airflow/example_dags/example_nested_branch_dag.py took 0.287 seconds
[2024-10-21T03:35:18.992+0700] {processor.py:186} INFO - Started process (PID=33480) to work on /Users/punny/Documents/GitHub/NYC-Taxi-ETL-Pipeline/.venv/lib/python3.10/site-packages/airflow/example_dags/example_nested_branch_dag.py
[2024-10-21T03:35:18.995+0700] {processor.py:914} INFO - Processing file /Users/punny/Documents/GitHub/NYC-Taxi-ETL-Pipeline/.venv/lib/python3.10/site-packages/airflow/example_dags/example_nested_branch_dag.py for tasks to queue
[2024-10-21T03:35:18.996+0700] {logging_mixin.py:190} INFO - [2024-10-21T03:35:18.996+0700] {dagbag.py:588} INFO - Filling up the DagBag from /Users/punny/Documents/GitHub/NYC-Taxi-ETL-Pipeline/.venv/lib/python3.10/site-packages/airflow/example_dags/example_nested_branch_dag.py
[2024-10-21T03:35:19.041+0700] {processor.py:925} INFO - DAG(s) 'example_nested_branch_dag' retrieved from /Users/punny/Documents/GitHub/NYC-Taxi-ETL-Pipeline/.venv/lib/python3.10/site-packages/airflow/example_dags/example_nested_branch_dag.py
[2024-10-21T03:35:19.222+0700] {logging_mixin.py:190} INFO - [2024-10-21T03:35:19.221+0700] {dag.py:3239} INFO - Sync 1 DAGs
[2024-10-21T03:35:19.254+0700] {logging_mixin.py:190} INFO - [2024-10-21T03:35:19.253+0700] {dag.py:4180} INFO - Setting next_dagrun for example_nested_branch_dag to 2024-10-19 00:00:00+00:00, run_after=2024-10-20 00:00:00+00:00
[2024-10-21T03:35:19.274+0700] {processor.py:208} INFO - Processing /Users/punny/Documents/GitHub/NYC-Taxi-ETL-Pipeline/.venv/lib/python3.10/site-packages/airflow/example_dags/example_nested_branch_dag.py took 0.288 seconds
