[2024-10-20T20:43:00.218+0700] {processor.py:186} INFO - Started process (PID=22670) to work on /Users/punny/Documents/GitHub/NYC-Taxi-ETL-Pipeline/.venv/lib/python3.10/site-packages/airflow/example_dags/example_skip_dag.py
[2024-10-20T20:43:00.221+0700] {processor.py:914} INFO - Processing file /Users/punny/Documents/GitHub/NYC-Taxi-ETL-Pipeline/.venv/lib/python3.10/site-packages/airflow/example_dags/example_skip_dag.py for tasks to queue
[2024-10-20T20:43:00.223+0700] {logging_mixin.py:190} INFO - [2024-10-20T20:43:00.222+0700] {dagbag.py:588} INFO - Filling up the DagBag from /Users/punny/Documents/GitHub/NYC-Taxi-ETL-Pipeline/.venv/lib/python3.10/site-packages/airflow/example_dags/example_skip_dag.py
[2024-10-20T20:43:00.235+0700] {processor.py:925} INFO - DAG(s) 'example_skip_dag' retrieved from /Users/punny/Documents/GitHub/NYC-Taxi-ETL-Pipeline/.venv/lib/python3.10/site-packages/airflow/example_dags/example_skip_dag.py
[2024-10-20T20:43:00.600+0700] {logging_mixin.py:190} INFO - [2024-10-20T20:43:00.599+0700] {override.py:1907} INFO - Created Permission View: can read on DAG:example_skip_dag
[2024-10-20T20:43:00.611+0700] {logging_mixin.py:190} INFO - [2024-10-20T20:43:00.610+0700] {override.py:1907} INFO - Created Permission View: can edit on DAG:example_skip_dag
[2024-10-20T20:43:00.620+0700] {logging_mixin.py:190} INFO - [2024-10-20T20:43:00.620+0700] {override.py:1907} INFO - Created Permission View: can delete on DAG:example_skip_dag
[2024-10-20T20:43:00.632+0700] {logging_mixin.py:190} INFO - [2024-10-20T20:43:00.631+0700] {override.py:1907} INFO - Created Permission View: can read on DAG Run:example_skip_dag
[2024-10-20T20:43:00.640+0700] {logging_mixin.py:190} INFO - [2024-10-20T20:43:00.640+0700] {override.py:1907} INFO - Created Permission View: can delete on DAG Run:example_skip_dag
[2024-10-20T20:43:00.651+0700] {logging_mixin.py:190} INFO - [2024-10-20T20:43:00.650+0700] {override.py:1907} INFO - Created Permission View: menu access on DAG Run:example_skip_dag
[2024-10-20T20:43:00.661+0700] {logging_mixin.py:190} INFO - [2024-10-20T20:43:00.660+0700] {override.py:1907} INFO - Created Permission View: can create on DAG Run:example_skip_dag
[2024-10-20T20:43:00.662+0700] {logging_mixin.py:190} INFO - [2024-10-20T20:43:00.661+0700] {dag.py:3239} INFO - Sync 1 DAGs
[2024-10-20T20:43:00.680+0700] {logging_mixin.py:190} INFO - [2024-10-20T20:43:00.680+0700] {dag.py:3262} INFO - Creating ORM DAG for example_skip_dag
[2024-10-20T20:43:00.692+0700] {logging_mixin.py:190} INFO - [2024-10-20T20:43:00.692+0700] {dag.py:4180} INFO - Setting next_dagrun for example_skip_dag to 2024-10-19 00:00:00+00:00, run_after=2024-10-20 00:00:00+00:00
[2024-10-20T20:43:00.717+0700] {processor.py:208} INFO - Processing /Users/punny/Documents/GitHub/NYC-Taxi-ETL-Pipeline/.venv/lib/python3.10/site-packages/airflow/example_dags/example_skip_dag.py took 0.509 seconds
[2024-10-20T20:47:16.557+0700] {processor.py:186} INFO - Started process (PID=23386) to work on /Users/punny/Documents/GitHub/NYC-Taxi-ETL-Pipeline/.venv/lib/python3.10/site-packages/airflow/example_dags/example_skip_dag.py
[2024-10-20T20:47:16.560+0700] {processor.py:914} INFO - Processing file /Users/punny/Documents/GitHub/NYC-Taxi-ETL-Pipeline/.venv/lib/python3.10/site-packages/airflow/example_dags/example_skip_dag.py for tasks to queue
[2024-10-20T20:47:16.561+0700] {logging_mixin.py:190} INFO - [2024-10-20T20:47:16.561+0700] {dagbag.py:588} INFO - Filling up the DagBag from /Users/punny/Documents/GitHub/NYC-Taxi-ETL-Pipeline/.venv/lib/python3.10/site-packages/airflow/example_dags/example_skip_dag.py
[2024-10-20T20:47:16.571+0700] {processor.py:925} INFO - DAG(s) 'example_skip_dag' retrieved from /Users/punny/Documents/GitHub/NYC-Taxi-ETL-Pipeline/.venv/lib/python3.10/site-packages/airflow/example_dags/example_skip_dag.py
[2024-10-20T20:47:16.764+0700] {logging_mixin.py:190} INFO - [2024-10-20T20:47:16.764+0700] {dag.py:3239} INFO - Sync 1 DAGs
[2024-10-20T20:47:16.786+0700] {logging_mixin.py:190} INFO - [2024-10-20T20:47:16.786+0700] {dag.py:4180} INFO - Setting next_dagrun for example_skip_dag to 2024-10-19 00:00:00+00:00, run_after=2024-10-20 00:00:00+00:00
[2024-10-20T20:47:16.808+0700] {processor.py:208} INFO - Processing /Users/punny/Documents/GitHub/NYC-Taxi-ETL-Pipeline/.venv/lib/python3.10/site-packages/airflow/example_dags/example_skip_dag.py took 0.260 seconds
[2024-10-20T20:50:36.770+0700] {processor.py:186} INFO - Started process (PID=23842) to work on /Users/punny/Documents/GitHub/NYC-Taxi-ETL-Pipeline/.venv/lib/python3.10/site-packages/airflow/example_dags/example_skip_dag.py
[2024-10-20T20:50:36.773+0700] {processor.py:914} INFO - Processing file /Users/punny/Documents/GitHub/NYC-Taxi-ETL-Pipeline/.venv/lib/python3.10/site-packages/airflow/example_dags/example_skip_dag.py for tasks to queue
[2024-10-20T20:50:36.775+0700] {logging_mixin.py:190} INFO - [2024-10-20T20:50:36.774+0700] {dagbag.py:588} INFO - Filling up the DagBag from /Users/punny/Documents/GitHub/NYC-Taxi-ETL-Pipeline/.venv/lib/python3.10/site-packages/airflow/example_dags/example_skip_dag.py
[2024-10-20T20:50:36.784+0700] {processor.py:925} INFO - DAG(s) 'example_skip_dag' retrieved from /Users/punny/Documents/GitHub/NYC-Taxi-ETL-Pipeline/.venv/lib/python3.10/site-packages/airflow/example_dags/example_skip_dag.py
[2024-10-20T20:50:36.977+0700] {logging_mixin.py:190} INFO - [2024-10-20T20:50:36.976+0700] {dag.py:3239} INFO - Sync 1 DAGs
[2024-10-20T20:50:36.998+0700] {logging_mixin.py:190} INFO - [2024-10-20T20:50:36.998+0700] {dag.py:4180} INFO - Setting next_dagrun for example_skip_dag to 2024-10-19 00:00:00+00:00, run_after=2024-10-20 00:00:00+00:00
[2024-10-20T20:50:37.020+0700] {processor.py:208} INFO - Processing /Users/punny/Documents/GitHub/NYC-Taxi-ETL-Pipeline/.venv/lib/python3.10/site-packages/airflow/example_dags/example_skip_dag.py took 0.258 seconds
[2024-10-20T20:53:59.907+0700] {processor.py:186} INFO - Started process (PID=24353) to work on /Users/punny/Documents/GitHub/NYC-Taxi-ETL-Pipeline/.venv/lib/python3.10/site-packages/airflow/example_dags/example_skip_dag.py
[2024-10-20T20:53:59.910+0700] {processor.py:914} INFO - Processing file /Users/punny/Documents/GitHub/NYC-Taxi-ETL-Pipeline/.venv/lib/python3.10/site-packages/airflow/example_dags/example_skip_dag.py for tasks to queue
[2024-10-20T20:53:59.912+0700] {logging_mixin.py:190} INFO - [2024-10-20T20:53:59.911+0700] {dagbag.py:588} INFO - Filling up the DagBag from /Users/punny/Documents/GitHub/NYC-Taxi-ETL-Pipeline/.venv/lib/python3.10/site-packages/airflow/example_dags/example_skip_dag.py
[2024-10-20T20:53:59.922+0700] {processor.py:925} INFO - DAG(s) 'example_skip_dag' retrieved from /Users/punny/Documents/GitHub/NYC-Taxi-ETL-Pipeline/.venv/lib/python3.10/site-packages/airflow/example_dags/example_skip_dag.py
[2024-10-20T20:54:00.141+0700] {logging_mixin.py:190} INFO - [2024-10-20T20:54:00.141+0700] {dag.py:3239} INFO - Sync 1 DAGs
[2024-10-20T20:54:00.165+0700] {logging_mixin.py:190} INFO - [2024-10-20T20:54:00.164+0700] {dag.py:4180} INFO - Setting next_dagrun for example_skip_dag to 2024-10-19 00:00:00+00:00, run_after=2024-10-20 00:00:00+00:00
[2024-10-20T20:54:00.188+0700] {processor.py:208} INFO - Processing /Users/punny/Documents/GitHub/NYC-Taxi-ETL-Pipeline/.venv/lib/python3.10/site-packages/airflow/example_dags/example_skip_dag.py took 0.287 seconds
[2024-10-20T20:57:18.525+0700] {processor.py:186} INFO - Started process (PID=24821) to work on /Users/punny/Documents/GitHub/NYC-Taxi-ETL-Pipeline/.venv/lib/python3.10/site-packages/airflow/example_dags/example_skip_dag.py
[2024-10-20T20:57:18.529+0700] {processor.py:914} INFO - Processing file /Users/punny/Documents/GitHub/NYC-Taxi-ETL-Pipeline/.venv/lib/python3.10/site-packages/airflow/example_dags/example_skip_dag.py for tasks to queue
[2024-10-20T20:57:18.531+0700] {logging_mixin.py:190} INFO - [2024-10-20T20:57:18.530+0700] {dagbag.py:588} INFO - Filling up the DagBag from /Users/punny/Documents/GitHub/NYC-Taxi-ETL-Pipeline/.venv/lib/python3.10/site-packages/airflow/example_dags/example_skip_dag.py
[2024-10-20T20:57:18.542+0700] {processor.py:925} INFO - DAG(s) 'example_skip_dag' retrieved from /Users/punny/Documents/GitHub/NYC-Taxi-ETL-Pipeline/.venv/lib/python3.10/site-packages/airflow/example_dags/example_skip_dag.py
[2024-10-20T20:57:18.946+0700] {logging_mixin.py:190} INFO - [2024-10-20T20:57:18.945+0700] {dag.py:3239} INFO - Sync 1 DAGs
[2024-10-20T20:57:18.974+0700] {logging_mixin.py:190} INFO - [2024-10-20T20:57:18.974+0700] {dag.py:4180} INFO - Setting next_dagrun for example_skip_dag to 2024-10-19 00:00:00+00:00, run_after=2024-10-20 00:00:00+00:00
[2024-10-20T20:57:19.015+0700] {processor.py:208} INFO - Processing /Users/punny/Documents/GitHub/NYC-Taxi-ETL-Pipeline/.venv/lib/python3.10/site-packages/airflow/example_dags/example_skip_dag.py took 0.497 seconds
[2024-10-20T21:00:47.892+0700] {processor.py:186} INFO - Started process (PID=25463) to work on /Users/punny/Documents/GitHub/NYC-Taxi-ETL-Pipeline/.venv/lib/python3.10/site-packages/airflow/example_dags/example_skip_dag.py
[2024-10-20T21:00:47.895+0700] {processor.py:914} INFO - Processing file /Users/punny/Documents/GitHub/NYC-Taxi-ETL-Pipeline/.venv/lib/python3.10/site-packages/airflow/example_dags/example_skip_dag.py for tasks to queue
[2024-10-20T21:00:47.896+0700] {logging_mixin.py:190} INFO - [2024-10-20T21:00:47.896+0700] {dagbag.py:588} INFO - Filling up the DagBag from /Users/punny/Documents/GitHub/NYC-Taxi-ETL-Pipeline/.venv/lib/python3.10/site-packages/airflow/example_dags/example_skip_dag.py
[2024-10-20T21:00:47.908+0700] {processor.py:925} INFO - DAG(s) 'example_skip_dag' retrieved from /Users/punny/Documents/GitHub/NYC-Taxi-ETL-Pipeline/.venv/lib/python3.10/site-packages/airflow/example_dags/example_skip_dag.py
[2024-10-20T21:00:48.136+0700] {logging_mixin.py:190} INFO - [2024-10-20T21:00:48.135+0700] {dag.py:3239} INFO - Sync 1 DAGs
[2024-10-20T21:00:48.158+0700] {logging_mixin.py:190} INFO - [2024-10-20T21:00:48.158+0700] {dag.py:4180} INFO - Setting next_dagrun for example_skip_dag to 2024-10-19 00:00:00+00:00, run_after=2024-10-20 00:00:00+00:00
[2024-10-20T21:00:48.180+0700] {processor.py:208} INFO - Processing /Users/punny/Documents/GitHub/NYC-Taxi-ETL-Pipeline/.venv/lib/python3.10/site-packages/airflow/example_dags/example_skip_dag.py took 0.297 seconds
[2024-10-20T21:04:22.132+0700] {processor.py:186} INFO - Started process (PID=25986) to work on /Users/punny/Documents/GitHub/NYC-Taxi-ETL-Pipeline/.venv/lib/python3.10/site-packages/airflow/example_dags/example_skip_dag.py
[2024-10-20T21:04:22.136+0700] {processor.py:914} INFO - Processing file /Users/punny/Documents/GitHub/NYC-Taxi-ETL-Pipeline/.venv/lib/python3.10/site-packages/airflow/example_dags/example_skip_dag.py for tasks to queue
[2024-10-20T21:04:22.137+0700] {logging_mixin.py:190} INFO - [2024-10-20T21:04:22.137+0700] {dagbag.py:588} INFO - Filling up the DagBag from /Users/punny/Documents/GitHub/NYC-Taxi-ETL-Pipeline/.venv/lib/python3.10/site-packages/airflow/example_dags/example_skip_dag.py
[2024-10-20T21:04:22.147+0700] {processor.py:925} INFO - DAG(s) 'example_skip_dag' retrieved from /Users/punny/Documents/GitHub/NYC-Taxi-ETL-Pipeline/.venv/lib/python3.10/site-packages/airflow/example_dags/example_skip_dag.py
[2024-10-20T21:04:22.356+0700] {logging_mixin.py:190} INFO - [2024-10-20T21:04:22.356+0700] {dag.py:3239} INFO - Sync 1 DAGs
[2024-10-20T21:04:22.379+0700] {logging_mixin.py:190} INFO - [2024-10-20T21:04:22.379+0700] {dag.py:4180} INFO - Setting next_dagrun for example_skip_dag to 2024-10-19 00:00:00+00:00, run_after=2024-10-20 00:00:00+00:00
[2024-10-20T21:04:22.401+0700] {processor.py:208} INFO - Processing /Users/punny/Documents/GitHub/NYC-Taxi-ETL-Pipeline/.venv/lib/python3.10/site-packages/airflow/example_dags/example_skip_dag.py took 0.279 seconds
[2024-10-20T21:08:05.715+0700] {processor.py:186} INFO - Started process (PID=26492) to work on /Users/punny/Documents/GitHub/NYC-Taxi-ETL-Pipeline/.venv/lib/python3.10/site-packages/airflow/example_dags/example_skip_dag.py
[2024-10-20T21:08:05.718+0700] {processor.py:914} INFO - Processing file /Users/punny/Documents/GitHub/NYC-Taxi-ETL-Pipeline/.venv/lib/python3.10/site-packages/airflow/example_dags/example_skip_dag.py for tasks to queue
[2024-10-20T21:08:05.719+0700] {logging_mixin.py:190} INFO - [2024-10-20T21:08:05.719+0700] {dagbag.py:588} INFO - Filling up the DagBag from /Users/punny/Documents/GitHub/NYC-Taxi-ETL-Pipeline/.venv/lib/python3.10/site-packages/airflow/example_dags/example_skip_dag.py
[2024-10-20T21:08:05.729+0700] {processor.py:925} INFO - DAG(s) 'example_skip_dag' retrieved from /Users/punny/Documents/GitHub/NYC-Taxi-ETL-Pipeline/.venv/lib/python3.10/site-packages/airflow/example_dags/example_skip_dag.py
[2024-10-20T21:08:05.922+0700] {logging_mixin.py:190} INFO - [2024-10-20T21:08:05.921+0700] {dag.py:3239} INFO - Sync 1 DAGs
[2024-10-20T21:08:05.944+0700] {logging_mixin.py:190} INFO - [2024-10-20T21:08:05.943+0700] {dag.py:4180} INFO - Setting next_dagrun for example_skip_dag to 2024-10-19 00:00:00+00:00, run_after=2024-10-20 00:00:00+00:00
[2024-10-20T21:08:05.966+0700] {processor.py:208} INFO - Processing /Users/punny/Documents/GitHub/NYC-Taxi-ETL-Pipeline/.venv/lib/python3.10/site-packages/airflow/example_dags/example_skip_dag.py took 0.261 seconds
[2024-10-20T21:11:03.315+0700] {processor.py:186} INFO - Started process (PID=26847) to work on /Users/punny/Documents/GitHub/NYC-Taxi-ETL-Pipeline/.venv/lib/python3.10/site-packages/airflow/example_dags/example_skip_dag.py
[2024-10-20T21:11:03.318+0700] {processor.py:914} INFO - Processing file /Users/punny/Documents/GitHub/NYC-Taxi-ETL-Pipeline/.venv/lib/python3.10/site-packages/airflow/example_dags/example_skip_dag.py for tasks to queue
[2024-10-20T21:11:03.319+0700] {logging_mixin.py:190} INFO - [2024-10-20T21:11:03.319+0700] {dagbag.py:588} INFO - Filling up the DagBag from /Users/punny/Documents/GitHub/NYC-Taxi-ETL-Pipeline/.venv/lib/python3.10/site-packages/airflow/example_dags/example_skip_dag.py
[2024-10-20T21:11:03.330+0700] {processor.py:925} INFO - DAG(s) 'example_skip_dag' retrieved from /Users/punny/Documents/GitHub/NYC-Taxi-ETL-Pipeline/.venv/lib/python3.10/site-packages/airflow/example_dags/example_skip_dag.py
[2024-10-20T21:11:03.520+0700] {logging_mixin.py:190} INFO - [2024-10-20T21:11:03.520+0700] {dag.py:3239} INFO - Sync 1 DAGs
[2024-10-20T21:11:03.542+0700] {logging_mixin.py:190} INFO - [2024-10-20T21:11:03.542+0700] {dag.py:4180} INFO - Setting next_dagrun for example_skip_dag to 2024-10-19 00:00:00+00:00, run_after=2024-10-20 00:00:00+00:00
[2024-10-20T21:11:03.564+0700] {processor.py:208} INFO - Processing /Users/punny/Documents/GitHub/NYC-Taxi-ETL-Pipeline/.venv/lib/python3.10/site-packages/airflow/example_dags/example_skip_dag.py took 0.258 seconds
[2024-10-20T21:29:26.472+0700] {processor.py:186} INFO - Started process (PID=27503) to work on /Users/punny/Documents/GitHub/NYC-Taxi-ETL-Pipeline/.venv/lib/python3.10/site-packages/airflow/example_dags/example_skip_dag.py
[2024-10-20T21:29:26.480+0700] {processor.py:914} INFO - Processing file /Users/punny/Documents/GitHub/NYC-Taxi-ETL-Pipeline/.venv/lib/python3.10/site-packages/airflow/example_dags/example_skip_dag.py for tasks to queue
[2024-10-20T21:29:26.483+0700] {logging_mixin.py:190} INFO - [2024-10-20T21:29:26.482+0700] {dagbag.py:588} INFO - Filling up the DagBag from /Users/punny/Documents/GitHub/NYC-Taxi-ETL-Pipeline/.venv/lib/python3.10/site-packages/airflow/example_dags/example_skip_dag.py
[2024-10-20T21:29:26.517+0700] {processor.py:925} INFO - DAG(s) 'example_skip_dag' retrieved from /Users/punny/Documents/GitHub/NYC-Taxi-ETL-Pipeline/.venv/lib/python3.10/site-packages/airflow/example_dags/example_skip_dag.py
[2024-10-20T21:29:26.872+0700] {logging_mixin.py:190} INFO - [2024-10-20T21:29:26.871+0700] {dag.py:3239} INFO - Sync 1 DAGs
[2024-10-20T21:29:26.930+0700] {logging_mixin.py:190} INFO - [2024-10-20T21:29:26.930+0700] {dag.py:4180} INFO - Setting next_dagrun for example_skip_dag to 2024-10-19 00:00:00+00:00, run_after=2024-10-20 00:00:00+00:00
[2024-10-20T21:29:26.976+0700] {processor.py:208} INFO - Processing /Users/punny/Documents/GitHub/NYC-Taxi-ETL-Pipeline/.venv/lib/python3.10/site-packages/airflow/example_dags/example_skip_dag.py took 0.513 seconds
[2024-10-20T21:33:08.387+0700] {processor.py:186} INFO - Started process (PID=28126) to work on /Users/punny/Documents/GitHub/NYC-Taxi-ETL-Pipeline/.venv/lib/python3.10/site-packages/airflow/example_dags/example_skip_dag.py
[2024-10-20T21:33:08.394+0700] {processor.py:914} INFO - Processing file /Users/punny/Documents/GitHub/NYC-Taxi-ETL-Pipeline/.venv/lib/python3.10/site-packages/airflow/example_dags/example_skip_dag.py for tasks to queue
[2024-10-20T21:33:08.396+0700] {logging_mixin.py:190} INFO - [2024-10-20T21:33:08.396+0700] {dagbag.py:588} INFO - Filling up the DagBag from /Users/punny/Documents/GitHub/NYC-Taxi-ETL-Pipeline/.venv/lib/python3.10/site-packages/airflow/example_dags/example_skip_dag.py
[2024-10-20T21:33:08.413+0700] {processor.py:925} INFO - DAG(s) 'example_skip_dag' retrieved from /Users/punny/Documents/GitHub/NYC-Taxi-ETL-Pipeline/.venv/lib/python3.10/site-packages/airflow/example_dags/example_skip_dag.py
[2024-10-20T21:33:08.728+0700] {logging_mixin.py:190} INFO - [2024-10-20T21:33:08.727+0700] {dag.py:3239} INFO - Sync 1 DAGs
[2024-10-20T21:33:08.755+0700] {logging_mixin.py:190} INFO - [2024-10-20T21:33:08.754+0700] {dag.py:4180} INFO - Setting next_dagrun for example_skip_dag to 2024-10-19 00:00:00+00:00, run_after=2024-10-20 00:00:00+00:00
[2024-10-20T21:33:08.780+0700] {processor.py:208} INFO - Processing /Users/punny/Documents/GitHub/NYC-Taxi-ETL-Pipeline/.venv/lib/python3.10/site-packages/airflow/example_dags/example_skip_dag.py took 0.400 seconds
[2024-10-20T21:56:40.340+0700] {processor.py:186} INFO - Started process (PID=31209) to work on /Users/punny/Documents/GitHub/NYC-Taxi-ETL-Pipeline/.venv/lib/python3.10/site-packages/airflow/example_dags/example_skip_dag.py
[2024-10-20T21:56:40.345+0700] {processor.py:914} INFO - Processing file /Users/punny/Documents/GitHub/NYC-Taxi-ETL-Pipeline/.venv/lib/python3.10/site-packages/airflow/example_dags/example_skip_dag.py for tasks to queue
[2024-10-20T21:56:40.346+0700] {logging_mixin.py:190} INFO - [2024-10-20T21:56:40.346+0700] {dagbag.py:588} INFO - Filling up the DagBag from /Users/punny/Documents/GitHub/NYC-Taxi-ETL-Pipeline/.venv/lib/python3.10/site-packages/airflow/example_dags/example_skip_dag.py
[2024-10-20T21:56:40.357+0700] {processor.py:925} INFO - DAG(s) 'example_skip_dag' retrieved from /Users/punny/Documents/GitHub/NYC-Taxi-ETL-Pipeline/.venv/lib/python3.10/site-packages/airflow/example_dags/example_skip_dag.py
[2024-10-20T21:56:40.552+0700] {logging_mixin.py:190} INFO - [2024-10-20T21:56:40.551+0700] {dag.py:3239} INFO - Sync 1 DAGs
[2024-10-20T21:56:40.573+0700] {logging_mixin.py:190} INFO - [2024-10-20T21:56:40.573+0700] {dag.py:4180} INFO - Setting next_dagrun for example_skip_dag to 2024-10-19 00:00:00+00:00, run_after=2024-10-20 00:00:00+00:00
[2024-10-20T21:56:40.599+0700] {processor.py:208} INFO - Processing /Users/punny/Documents/GitHub/NYC-Taxi-ETL-Pipeline/.venv/lib/python3.10/site-packages/airflow/example_dags/example_skip_dag.py took 0.268 seconds
[2024-10-20T22:30:58.363+0700] {processor.py:186} INFO - Started process (PID=31908) to work on /Users/punny/Documents/GitHub/NYC-Taxi-ETL-Pipeline/.venv/lib/python3.10/site-packages/airflow/example_dags/example_skip_dag.py
[2024-10-20T22:30:58.368+0700] {processor.py:914} INFO - Processing file /Users/punny/Documents/GitHub/NYC-Taxi-ETL-Pipeline/.venv/lib/python3.10/site-packages/airflow/example_dags/example_skip_dag.py for tasks to queue
[2024-10-20T22:30:58.372+0700] {logging_mixin.py:190} INFO - [2024-10-20T22:30:58.372+0700] {dagbag.py:588} INFO - Filling up the DagBag from /Users/punny/Documents/GitHub/NYC-Taxi-ETL-Pipeline/.venv/lib/python3.10/site-packages/airflow/example_dags/example_skip_dag.py
[2024-10-20T22:30:58.398+0700] {processor.py:925} INFO - DAG(s) 'example_skip_dag' retrieved from /Users/punny/Documents/GitHub/NYC-Taxi-ETL-Pipeline/.venv/lib/python3.10/site-packages/airflow/example_dags/example_skip_dag.py
[2024-10-20T22:30:58.695+0700] {logging_mixin.py:190} INFO - [2024-10-20T22:30:58.695+0700] {dag.py:3239} INFO - Sync 1 DAGs
[2024-10-20T22:30:58.727+0700] {logging_mixin.py:190} INFO - [2024-10-20T22:30:58.727+0700] {dag.py:4180} INFO - Setting next_dagrun for example_skip_dag to 2024-10-19 00:00:00+00:00, run_after=2024-10-20 00:00:00+00:00
[2024-10-20T22:30:58.758+0700] {processor.py:208} INFO - Processing /Users/punny/Documents/GitHub/NYC-Taxi-ETL-Pipeline/.venv/lib/python3.10/site-packages/airflow/example_dags/example_skip_dag.py took 0.408 seconds
[2024-10-21T00:48:04.810+0700] {processor.py:186} INFO - Started process (PID=32591) to work on /Users/punny/Documents/GitHub/NYC-Taxi-ETL-Pipeline/.venv/lib/python3.10/site-packages/airflow/example_dags/example_skip_dag.py
[2024-10-21T00:48:04.813+0700] {processor.py:914} INFO - Processing file /Users/punny/Documents/GitHub/NYC-Taxi-ETL-Pipeline/.venv/lib/python3.10/site-packages/airflow/example_dags/example_skip_dag.py for tasks to queue
[2024-10-21T00:48:04.814+0700] {logging_mixin.py:190} INFO - [2024-10-21T00:48:04.814+0700] {dagbag.py:588} INFO - Filling up the DagBag from /Users/punny/Documents/GitHub/NYC-Taxi-ETL-Pipeline/.venv/lib/python3.10/site-packages/airflow/example_dags/example_skip_dag.py
[2024-10-21T00:48:04.823+0700] {processor.py:925} INFO - DAG(s) 'example_skip_dag' retrieved from /Users/punny/Documents/GitHub/NYC-Taxi-ETL-Pipeline/.venv/lib/python3.10/site-packages/airflow/example_dags/example_skip_dag.py
[2024-10-21T00:48:05.012+0700] {logging_mixin.py:190} INFO - [2024-10-21T00:48:05.012+0700] {dag.py:3239} INFO - Sync 1 DAGs
[2024-10-21T00:48:05.037+0700] {logging_mixin.py:190} INFO - [2024-10-21T00:48:05.036+0700] {dag.py:4180} INFO - Setting next_dagrun for example_skip_dag to 2024-10-19 00:00:00+00:00, run_after=2024-10-20 00:00:00+00:00
[2024-10-21T00:48:05.060+0700] {processor.py:208} INFO - Processing /Users/punny/Documents/GitHub/NYC-Taxi-ETL-Pipeline/.venv/lib/python3.10/site-packages/airflow/example_dags/example_skip_dag.py took 0.258 seconds
[2024-10-21T03:04:03.086+0700] {processor.py:186} INFO - Started process (PID=33295) to work on /Users/punny/Documents/GitHub/NYC-Taxi-ETL-Pipeline/.venv/lib/python3.10/site-packages/airflow/example_dags/example_skip_dag.py
[2024-10-21T03:04:03.089+0700] {processor.py:914} INFO - Processing file /Users/punny/Documents/GitHub/NYC-Taxi-ETL-Pipeline/.venv/lib/python3.10/site-packages/airflow/example_dags/example_skip_dag.py for tasks to queue
[2024-10-21T03:04:03.090+0700] {logging_mixin.py:190} INFO - [2024-10-21T03:04:03.090+0700] {dagbag.py:588} INFO - Filling up the DagBag from /Users/punny/Documents/GitHub/NYC-Taxi-ETL-Pipeline/.venv/lib/python3.10/site-packages/airflow/example_dags/example_skip_dag.py
[2024-10-21T03:04:03.099+0700] {processor.py:925} INFO - DAG(s) 'example_skip_dag' retrieved from /Users/punny/Documents/GitHub/NYC-Taxi-ETL-Pipeline/.venv/lib/python3.10/site-packages/airflow/example_dags/example_skip_dag.py
[2024-10-21T03:04:03.289+0700] {logging_mixin.py:190} INFO - [2024-10-21T03:04:03.288+0700] {dag.py:3239} INFO - Sync 1 DAGs
[2024-10-21T03:04:03.310+0700] {logging_mixin.py:190} INFO - [2024-10-21T03:04:03.310+0700] {dag.py:4180} INFO - Setting next_dagrun for example_skip_dag to 2024-10-19 00:00:00+00:00, run_after=2024-10-20 00:00:00+00:00
[2024-10-21T03:04:03.331+0700] {processor.py:208} INFO - Processing /Users/punny/Documents/GitHub/NYC-Taxi-ETL-Pipeline/.venv/lib/python3.10/site-packages/airflow/example_dags/example_skip_dag.py took 0.253 seconds
