[2024-10-20T20:43:51.793+0700] {processor.py:186} INFO - Started process (PID=22852) to work on /Users/punny/Documents/GitHub/NYC-Taxi-ETL-Pipeline/.venv/lib/python3.10/site-packages/airflow/example_dags/example_params_trigger_ui.py
[2024-10-20T20:43:51.796+0700] {processor.py:914} INFO - Processing file /Users/punny/Documents/GitHub/NYC-Taxi-ETL-Pipeline/.venv/lib/python3.10/site-packages/airflow/example_dags/example_params_trigger_ui.py for tasks to queue
[2024-10-20T20:43:51.797+0700] {logging_mixin.py:190} INFO - [2024-10-20T20:43:51.797+0700] {dagbag.py:588} INFO - Filling up the DagBag from /Users/punny/Documents/GitHub/NYC-Taxi-ETL-Pipeline/.venv/lib/python3.10/site-packages/airflow/example_dags/example_params_trigger_ui.py
[2024-10-20T20:43:51.850+0700] {processor.py:925} INFO - DAG(s) 'example_params_trigger_ui' retrieved from /Users/punny/Documents/GitHub/NYC-Taxi-ETL-Pipeline/.venv/lib/python3.10/site-packages/airflow/example_dags/example_params_trigger_ui.py
[2024-10-20T20:43:52.225+0700] {logging_mixin.py:190} INFO - [2024-10-20T20:43:52.224+0700] {override.py:1907} INFO - Created Permission View: can read on DAG:example_params_trigger_ui
[2024-10-20T20:43:52.238+0700] {logging_mixin.py:190} INFO - [2024-10-20T20:43:52.238+0700] {override.py:1907} INFO - Created Permission View: can delete on DAG:example_params_trigger_ui
[2024-10-20T20:43:52.247+0700] {logging_mixin.py:190} INFO - [2024-10-20T20:43:52.247+0700] {override.py:1907} INFO - Created Permission View: can edit on DAG:example_params_trigger_ui
[2024-10-20T20:43:52.265+0700] {logging_mixin.py:190} INFO - [2024-10-20T20:43:52.264+0700] {override.py:1907} INFO - Created Permission View: can read on DAG Run:example_params_trigger_ui
[2024-10-20T20:43:52.273+0700] {logging_mixin.py:190} INFO - [2024-10-20T20:43:52.272+0700] {override.py:1907} INFO - Created Permission View: can delete on DAG Run:example_params_trigger_ui
[2024-10-20T20:43:52.281+0700] {logging_mixin.py:190} INFO - [2024-10-20T20:43:52.280+0700] {override.py:1907} INFO - Created Permission View: can create on DAG Run:example_params_trigger_ui
[2024-10-20T20:43:52.289+0700] {logging_mixin.py:190} INFO - [2024-10-20T20:43:52.288+0700] {override.py:1907} INFO - Created Permission View: menu access on DAG Run:example_params_trigger_ui
[2024-10-20T20:43:52.289+0700] {logging_mixin.py:190} INFO - [2024-10-20T20:43:52.289+0700] {dag.py:3239} INFO - Sync 1 DAGs
[2024-10-20T20:43:52.305+0700] {logging_mixin.py:190} INFO - [2024-10-20T20:43:52.305+0700] {dag.py:3262} INFO - Creating ORM DAG for example_params_trigger_ui
[2024-10-20T20:43:52.305+0700] {logging_mixin.py:190} INFO - [2024-10-20T20:43:52.305+0700] {dag.py:4180} INFO - Setting next_dagrun for example_params_trigger_ui to None, run_after=None
[2024-10-20T20:43:52.326+0700] {processor.py:208} INFO - Processing /Users/punny/Documents/GitHub/NYC-Taxi-ETL-Pipeline/.venv/lib/python3.10/site-packages/airflow/example_dags/example_params_trigger_ui.py took 0.542 seconds
[2024-10-20T20:47:55.082+0700] {processor.py:186} INFO - Started process (PID=23467) to work on /Users/punny/Documents/GitHub/NYC-Taxi-ETL-Pipeline/.venv/lib/python3.10/site-packages/airflow/example_dags/example_params_trigger_ui.py
[2024-10-20T20:47:55.087+0700] {processor.py:914} INFO - Processing file /Users/punny/Documents/GitHub/NYC-Taxi-ETL-Pipeline/.venv/lib/python3.10/site-packages/airflow/example_dags/example_params_trigger_ui.py for tasks to queue
[2024-10-20T20:47:55.089+0700] {logging_mixin.py:190} INFO - [2024-10-20T20:47:55.089+0700] {dagbag.py:588} INFO - Filling up the DagBag from /Users/punny/Documents/GitHub/NYC-Taxi-ETL-Pipeline/.venv/lib/python3.10/site-packages/airflow/example_dags/example_params_trigger_ui.py
[2024-10-20T20:47:55.188+0700] {processor.py:925} INFO - DAG(s) 'example_params_trigger_ui' retrieved from /Users/punny/Documents/GitHub/NYC-Taxi-ETL-Pipeline/.venv/lib/python3.10/site-packages/airflow/example_dags/example_params_trigger_ui.py
[2024-10-20T20:47:55.485+0700] {logging_mixin.py:190} INFO - [2024-10-20T20:47:55.485+0700] {dag.py:3239} INFO - Sync 1 DAGs
[2024-10-20T20:47:55.501+0700] {logging_mixin.py:190} INFO - [2024-10-20T20:47:55.500+0700] {dag.py:4180} INFO - Setting next_dagrun for example_params_trigger_ui to None, run_after=None
[2024-10-20T20:47:55.527+0700] {processor.py:208} INFO - Processing /Users/punny/Documents/GitHub/NYC-Taxi-ETL-Pipeline/.venv/lib/python3.10/site-packages/airflow/example_dags/example_params_trigger_ui.py took 0.456 seconds
[2024-10-20T20:51:15.950+0700] {processor.py:186} INFO - Started process (PID=23921) to work on /Users/punny/Documents/GitHub/NYC-Taxi-ETL-Pipeline/.venv/lib/python3.10/site-packages/airflow/example_dags/example_params_trigger_ui.py
[2024-10-20T20:51:15.953+0700] {processor.py:914} INFO - Processing file /Users/punny/Documents/GitHub/NYC-Taxi-ETL-Pipeline/.venv/lib/python3.10/site-packages/airflow/example_dags/example_params_trigger_ui.py for tasks to queue
[2024-10-20T20:51:15.954+0700] {logging_mixin.py:190} INFO - [2024-10-20T20:51:15.954+0700] {dagbag.py:588} INFO - Filling up the DagBag from /Users/punny/Documents/GitHub/NYC-Taxi-ETL-Pipeline/.venv/lib/python3.10/site-packages/airflow/example_dags/example_params_trigger_ui.py
[2024-10-20T20:51:16.001+0700] {processor.py:925} INFO - DAG(s) 'example_params_trigger_ui' retrieved from /Users/punny/Documents/GitHub/NYC-Taxi-ETL-Pipeline/.venv/lib/python3.10/site-packages/airflow/example_dags/example_params_trigger_ui.py
[2024-10-20T20:51:16.242+0700] {logging_mixin.py:190} INFO - [2024-10-20T20:51:16.242+0700] {dag.py:3239} INFO - Sync 1 DAGs
[2024-10-20T20:51:16.259+0700] {logging_mixin.py:190} INFO - [2024-10-20T20:51:16.259+0700] {dag.py:4180} INFO - Setting next_dagrun for example_params_trigger_ui to None, run_after=None
[2024-10-20T20:51:16.283+0700] {processor.py:208} INFO - Processing /Users/punny/Documents/GitHub/NYC-Taxi-ETL-Pipeline/.venv/lib/python3.10/site-packages/airflow/example_dags/example_params_trigger_ui.py took 0.341 seconds
[2024-10-20T20:54:43.857+0700] {processor.py:186} INFO - Started process (PID=24495) to work on /Users/punny/Documents/GitHub/NYC-Taxi-ETL-Pipeline/.venv/lib/python3.10/site-packages/airflow/example_dags/example_params_trigger_ui.py
[2024-10-20T20:54:43.861+0700] {processor.py:914} INFO - Processing file /Users/punny/Documents/GitHub/NYC-Taxi-ETL-Pipeline/.venv/lib/python3.10/site-packages/airflow/example_dags/example_params_trigger_ui.py for tasks to queue
[2024-10-20T20:54:43.862+0700] {logging_mixin.py:190} INFO - [2024-10-20T20:54:43.862+0700] {dagbag.py:588} INFO - Filling up the DagBag from /Users/punny/Documents/GitHub/NYC-Taxi-ETL-Pipeline/.venv/lib/python3.10/site-packages/airflow/example_dags/example_params_trigger_ui.py
[2024-10-20T20:54:43.946+0700] {processor.py:925} INFO - DAG(s) 'example_params_trigger_ui' retrieved from /Users/punny/Documents/GitHub/NYC-Taxi-ETL-Pipeline/.venv/lib/python3.10/site-packages/airflow/example_dags/example_params_trigger_ui.py
[2024-10-20T20:54:44.181+0700] {logging_mixin.py:190} INFO - [2024-10-20T20:54:44.181+0700] {dag.py:3239} INFO - Sync 1 DAGs
[2024-10-20T20:54:44.196+0700] {logging_mixin.py:190} INFO - [2024-10-20T20:54:44.196+0700] {dag.py:4180} INFO - Setting next_dagrun for example_params_trigger_ui to None, run_after=None
[2024-10-20T20:54:44.218+0700] {processor.py:208} INFO - Processing /Users/punny/Documents/GitHub/NYC-Taxi-ETL-Pipeline/.venv/lib/python3.10/site-packages/airflow/example_dags/example_params_trigger_ui.py took 0.373 seconds
[2024-10-20T20:58:09.626+0700] {processor.py:186} INFO - Started process (PID=24999) to work on /Users/punny/Documents/GitHub/NYC-Taxi-ETL-Pipeline/.venv/lib/python3.10/site-packages/airflow/example_dags/example_params_trigger_ui.py
[2024-10-20T20:58:09.630+0700] {processor.py:914} INFO - Processing file /Users/punny/Documents/GitHub/NYC-Taxi-ETL-Pipeline/.venv/lib/python3.10/site-packages/airflow/example_dags/example_params_trigger_ui.py for tasks to queue
[2024-10-20T20:58:09.631+0700] {logging_mixin.py:190} INFO - [2024-10-20T20:58:09.631+0700] {dagbag.py:588} INFO - Filling up the DagBag from /Users/punny/Documents/GitHub/NYC-Taxi-ETL-Pipeline/.venv/lib/python3.10/site-packages/airflow/example_dags/example_params_trigger_ui.py
[2024-10-20T20:58:09.680+0700] {processor.py:925} INFO - DAG(s) 'example_params_trigger_ui' retrieved from /Users/punny/Documents/GitHub/NYC-Taxi-ETL-Pipeline/.venv/lib/python3.10/site-packages/airflow/example_dags/example_params_trigger_ui.py
[2024-10-20T20:58:09.925+0700] {logging_mixin.py:190} INFO - [2024-10-20T20:58:09.924+0700] {dag.py:3239} INFO - Sync 1 DAGs
[2024-10-20T20:58:09.940+0700] {logging_mixin.py:190} INFO - [2024-10-20T20:58:09.939+0700] {dag.py:4180} INFO - Setting next_dagrun for example_params_trigger_ui to None, run_after=None
[2024-10-20T20:58:09.962+0700] {processor.py:208} INFO - Processing /Users/punny/Documents/GitHub/NYC-Taxi-ETL-Pipeline/.venv/lib/python3.10/site-packages/airflow/example_dags/example_params_trigger_ui.py took 0.344 seconds
[2024-10-20T21:01:45.493+0700] {processor.py:186} INFO - Started process (PID=25590) to work on /Users/punny/Documents/GitHub/NYC-Taxi-ETL-Pipeline/.venv/lib/python3.10/site-packages/airflow/example_dags/example_params_trigger_ui.py
[2024-10-20T21:01:45.498+0700] {processor.py:914} INFO - Processing file /Users/punny/Documents/GitHub/NYC-Taxi-ETL-Pipeline/.venv/lib/python3.10/site-packages/airflow/example_dags/example_params_trigger_ui.py for tasks to queue
[2024-10-20T21:01:45.499+0700] {logging_mixin.py:190} INFO - [2024-10-20T21:01:45.499+0700] {dagbag.py:588} INFO - Filling up the DagBag from /Users/punny/Documents/GitHub/NYC-Taxi-ETL-Pipeline/.venv/lib/python3.10/site-packages/airflow/example_dags/example_params_trigger_ui.py
[2024-10-20T21:01:45.556+0700] {processor.py:925} INFO - DAG(s) 'example_params_trigger_ui' retrieved from /Users/punny/Documents/GitHub/NYC-Taxi-ETL-Pipeline/.venv/lib/python3.10/site-packages/airflow/example_dags/example_params_trigger_ui.py
[2024-10-20T21:01:45.815+0700] {logging_mixin.py:190} INFO - [2024-10-20T21:01:45.815+0700] {dag.py:3239} INFO - Sync 1 DAGs
[2024-10-20T21:01:45.831+0700] {logging_mixin.py:190} INFO - [2024-10-20T21:01:45.831+0700] {dag.py:4180} INFO - Setting next_dagrun for example_params_trigger_ui to None, run_after=None
[2024-10-20T21:01:45.856+0700] {processor.py:208} INFO - Processing /Users/punny/Documents/GitHub/NYC-Taxi-ETL-Pipeline/.venv/lib/python3.10/site-packages/airflow/example_dags/example_params_trigger_ui.py took 0.373 seconds
[2024-10-20T21:05:13.596+0700] {processor.py:186} INFO - Started process (PID=26101) to work on /Users/punny/Documents/GitHub/NYC-Taxi-ETL-Pipeline/.venv/lib/python3.10/site-packages/airflow/example_dags/example_params_trigger_ui.py
[2024-10-20T21:05:13.600+0700] {processor.py:914} INFO - Processing file /Users/punny/Documents/GitHub/NYC-Taxi-ETL-Pipeline/.venv/lib/python3.10/site-packages/airflow/example_dags/example_params_trigger_ui.py for tasks to queue
[2024-10-20T21:05:13.601+0700] {logging_mixin.py:190} INFO - [2024-10-20T21:05:13.600+0700] {dagbag.py:588} INFO - Filling up the DagBag from /Users/punny/Documents/GitHub/NYC-Taxi-ETL-Pipeline/.venv/lib/python3.10/site-packages/airflow/example_dags/example_params_trigger_ui.py
[2024-10-20T21:05:13.657+0700] {processor.py:925} INFO - DAG(s) 'example_params_trigger_ui' retrieved from /Users/punny/Documents/GitHub/NYC-Taxi-ETL-Pipeline/.venv/lib/python3.10/site-packages/airflow/example_dags/example_params_trigger_ui.py
[2024-10-20T21:05:14.007+0700] {logging_mixin.py:190} INFO - [2024-10-20T21:05:14.007+0700] {dag.py:3239} INFO - Sync 1 DAGs
[2024-10-20T21:05:14.030+0700] {logging_mixin.py:190} INFO - [2024-10-20T21:05:14.029+0700] {dag.py:4180} INFO - Setting next_dagrun for example_params_trigger_ui to None, run_after=None
[2024-10-20T21:05:14.092+0700] {processor.py:208} INFO - Processing /Users/punny/Documents/GitHub/NYC-Taxi-ETL-Pipeline/.venv/lib/python3.10/site-packages/airflow/example_dags/example_params_trigger_ui.py took 0.504 seconds
[2024-10-20T21:08:45.586+0700] {processor.py:186} INFO - Started process (PID=26572) to work on /Users/punny/Documents/GitHub/NYC-Taxi-ETL-Pipeline/.venv/lib/python3.10/site-packages/airflow/example_dags/example_params_trigger_ui.py
[2024-10-20T21:08:45.589+0700] {processor.py:914} INFO - Processing file /Users/punny/Documents/GitHub/NYC-Taxi-ETL-Pipeline/.venv/lib/python3.10/site-packages/airflow/example_dags/example_params_trigger_ui.py for tasks to queue
[2024-10-20T21:08:45.591+0700] {logging_mixin.py:190} INFO - [2024-10-20T21:08:45.590+0700] {dagbag.py:588} INFO - Filling up the DagBag from /Users/punny/Documents/GitHub/NYC-Taxi-ETL-Pipeline/.venv/lib/python3.10/site-packages/airflow/example_dags/example_params_trigger_ui.py
[2024-10-20T21:08:45.635+0700] {processor.py:925} INFO - DAG(s) 'example_params_trigger_ui' retrieved from /Users/punny/Documents/GitHub/NYC-Taxi-ETL-Pipeline/.venv/lib/python3.10/site-packages/airflow/example_dags/example_params_trigger_ui.py
[2024-10-20T21:08:45.860+0700] {logging_mixin.py:190} INFO - [2024-10-20T21:08:45.859+0700] {dag.py:3239} INFO - Sync 1 DAGs
[2024-10-20T21:08:45.874+0700] {logging_mixin.py:190} INFO - [2024-10-20T21:08:45.874+0700] {dag.py:4180} INFO - Setting next_dagrun for example_params_trigger_ui to None, run_after=None
[2024-10-20T21:08:45.897+0700] {processor.py:208} INFO - Processing /Users/punny/Documents/GitHub/NYC-Taxi-ETL-Pipeline/.venv/lib/python3.10/site-packages/airflow/example_dags/example_params_trigger_ui.py took 0.319 seconds
[2024-10-20T21:11:45.077+0700] {processor.py:186} INFO - Started process (PID=26937) to work on /Users/punny/Documents/GitHub/NYC-Taxi-ETL-Pipeline/.venv/lib/python3.10/site-packages/airflow/example_dags/example_params_trigger_ui.py
[2024-10-20T21:11:45.111+0700] {processor.py:914} INFO - Processing file /Users/punny/Documents/GitHub/NYC-Taxi-ETL-Pipeline/.venv/lib/python3.10/site-packages/airflow/example_dags/example_params_trigger_ui.py for tasks to queue
[2024-10-20T21:11:45.132+0700] {logging_mixin.py:190} INFO - [2024-10-20T21:11:45.120+0700] {dagbag.py:588} INFO - Filling up the DagBag from /Users/punny/Documents/GitHub/NYC-Taxi-ETL-Pipeline/.venv/lib/python3.10/site-packages/airflow/example_dags/example_params_trigger_ui.py
[2024-10-20T21:11:45.413+0700] {processor.py:925} INFO - DAG(s) 'example_params_trigger_ui' retrieved from /Users/punny/Documents/GitHub/NYC-Taxi-ETL-Pipeline/.venv/lib/python3.10/site-packages/airflow/example_dags/example_params_trigger_ui.py
[2024-10-20T21:11:45.932+0700] {logging_mixin.py:190} INFO - [2024-10-20T21:11:45.931+0700] {dag.py:3239} INFO - Sync 1 DAGs
[2024-10-20T21:11:45.951+0700] {logging_mixin.py:190} INFO - [2024-10-20T21:11:45.951+0700] {dag.py:4180} INFO - Setting next_dagrun for example_params_trigger_ui to None, run_after=None
[2024-10-20T21:11:45.988+0700] {processor.py:208} INFO - Processing /Users/punny/Documents/GitHub/NYC-Taxi-ETL-Pipeline/.venv/lib/python3.10/site-packages/airflow/example_dags/example_params_trigger_ui.py took 0.947 seconds
[2024-10-20T21:30:12.337+0700] {processor.py:186} INFO - Started process (PID=27605) to work on /Users/punny/Documents/GitHub/NYC-Taxi-ETL-Pipeline/.venv/lib/python3.10/site-packages/airflow/example_dags/example_params_trigger_ui.py
[2024-10-20T21:30:12.341+0700] {processor.py:914} INFO - Processing file /Users/punny/Documents/GitHub/NYC-Taxi-ETL-Pipeline/.venv/lib/python3.10/site-packages/airflow/example_dags/example_params_trigger_ui.py for tasks to queue
[2024-10-20T21:30:12.343+0700] {logging_mixin.py:190} INFO - [2024-10-20T21:30:12.342+0700] {dagbag.py:588} INFO - Filling up the DagBag from /Users/punny/Documents/GitHub/NYC-Taxi-ETL-Pipeline/.venv/lib/python3.10/site-packages/airflow/example_dags/example_params_trigger_ui.py
[2024-10-20T21:30:12.395+0700] {processor.py:925} INFO - DAG(s) 'example_params_trigger_ui' retrieved from /Users/punny/Documents/GitHub/NYC-Taxi-ETL-Pipeline/.venv/lib/python3.10/site-packages/airflow/example_dags/example_params_trigger_ui.py
[2024-10-20T21:30:12.642+0700] {logging_mixin.py:190} INFO - [2024-10-20T21:30:12.641+0700] {dag.py:3239} INFO - Sync 1 DAGs
[2024-10-20T21:30:12.656+0700] {logging_mixin.py:190} INFO - [2024-10-20T21:30:12.656+0700] {dag.py:4180} INFO - Setting next_dagrun for example_params_trigger_ui to None, run_after=None
[2024-10-20T21:30:12.678+0700] {processor.py:208} INFO - Processing /Users/punny/Documents/GitHub/NYC-Taxi-ETL-Pipeline/.venv/lib/python3.10/site-packages/airflow/example_dags/example_params_trigger_ui.py took 0.350 seconds
[2024-10-20T21:57:29.349+0700] {processor.py:186} INFO - Started process (PID=31323) to work on /Users/punny/Documents/GitHub/NYC-Taxi-ETL-Pipeline/.venv/lib/python3.10/site-packages/airflow/example_dags/example_params_trigger_ui.py
[2024-10-20T21:57:29.353+0700] {processor.py:914} INFO - Processing file /Users/punny/Documents/GitHub/NYC-Taxi-ETL-Pipeline/.venv/lib/python3.10/site-packages/airflow/example_dags/example_params_trigger_ui.py for tasks to queue
[2024-10-20T21:57:29.354+0700] {logging_mixin.py:190} INFO - [2024-10-20T21:57:29.354+0700] {dagbag.py:588} INFO - Filling up the DagBag from /Users/punny/Documents/GitHub/NYC-Taxi-ETL-Pipeline/.venv/lib/python3.10/site-packages/airflow/example_dags/example_params_trigger_ui.py
[2024-10-20T21:57:29.408+0700] {processor.py:925} INFO - DAG(s) 'example_params_trigger_ui' retrieved from /Users/punny/Documents/GitHub/NYC-Taxi-ETL-Pipeline/.venv/lib/python3.10/site-packages/airflow/example_dags/example_params_trigger_ui.py
[2024-10-20T21:57:29.691+0700] {logging_mixin.py:190} INFO - [2024-10-20T21:57:29.691+0700] {dag.py:3239} INFO - Sync 1 DAGs
[2024-10-20T21:57:29.708+0700] {logging_mixin.py:190} INFO - [2024-10-20T21:57:29.708+0700] {dag.py:4180} INFO - Setting next_dagrun for example_params_trigger_ui to None, run_after=None
[2024-10-20T21:57:29.732+0700] {processor.py:208} INFO - Processing /Users/punny/Documents/GitHub/NYC-Taxi-ETL-Pipeline/.venv/lib/python3.10/site-packages/airflow/example_dags/example_params_trigger_ui.py took 0.392 seconds
[2024-10-20T23:01:57.521+0700] {processor.py:186} INFO - Started process (PID=32057) to work on /Users/punny/Documents/GitHub/NYC-Taxi-ETL-Pipeline/.venv/lib/python3.10/site-packages/airflow/example_dags/example_params_trigger_ui.py
[2024-10-20T23:01:57.525+0700] {processor.py:914} INFO - Processing file /Users/punny/Documents/GitHub/NYC-Taxi-ETL-Pipeline/.venv/lib/python3.10/site-packages/airflow/example_dags/example_params_trigger_ui.py for tasks to queue
[2024-10-20T23:01:57.528+0700] {logging_mixin.py:190} INFO - [2024-10-20T23:01:57.527+0700] {dagbag.py:588} INFO - Filling up the DagBag from /Users/punny/Documents/GitHub/NYC-Taxi-ETL-Pipeline/.venv/lib/python3.10/site-packages/airflow/example_dags/example_params_trigger_ui.py
[2024-10-20T23:01:57.677+0700] {processor.py:925} INFO - DAG(s) 'example_params_trigger_ui' retrieved from /Users/punny/Documents/GitHub/NYC-Taxi-ETL-Pipeline/.venv/lib/python3.10/site-packages/airflow/example_dags/example_params_trigger_ui.py
[2024-10-20T23:01:58.125+0700] {logging_mixin.py:190} INFO - [2024-10-20T23:01:58.124+0700] {dag.py:3239} INFO - Sync 1 DAGs
[2024-10-20T23:01:58.148+0700] {logging_mixin.py:190} INFO - [2024-10-20T23:01:58.148+0700] {dag.py:4180} INFO - Setting next_dagrun for example_params_trigger_ui to None, run_after=None
[2024-10-20T23:01:58.186+0700] {processor.py:208} INFO - Processing /Users/punny/Documents/GitHub/NYC-Taxi-ETL-Pipeline/.venv/lib/python3.10/site-packages/airflow/example_dags/example_params_trigger_ui.py took 0.681 seconds
[2024-10-21T01:17:21.375+0700] {processor.py:186} INFO - Started process (PID=32713) to work on /Users/punny/Documents/GitHub/NYC-Taxi-ETL-Pipeline/.venv/lib/python3.10/site-packages/airflow/example_dags/example_params_trigger_ui.py
[2024-10-21T01:17:21.378+0700] {processor.py:914} INFO - Processing file /Users/punny/Documents/GitHub/NYC-Taxi-ETL-Pipeline/.venv/lib/python3.10/site-packages/airflow/example_dags/example_params_trigger_ui.py for tasks to queue
[2024-10-21T01:17:21.379+0700] {logging_mixin.py:190} INFO - [2024-10-21T01:17:21.379+0700] {dagbag.py:588} INFO - Filling up the DagBag from /Users/punny/Documents/GitHub/NYC-Taxi-ETL-Pipeline/.venv/lib/python3.10/site-packages/airflow/example_dags/example_params_trigger_ui.py
[2024-10-21T01:17:21.424+0700] {processor.py:925} INFO - DAG(s) 'example_params_trigger_ui' retrieved from /Users/punny/Documents/GitHub/NYC-Taxi-ETL-Pipeline/.venv/lib/python3.10/site-packages/airflow/example_dags/example_params_trigger_ui.py
[2024-10-21T01:17:21.678+0700] {logging_mixin.py:190} INFO - [2024-10-21T01:17:21.677+0700] {dag.py:3239} INFO - Sync 1 DAGs
[2024-10-21T01:17:21.692+0700] {logging_mixin.py:190} INFO - [2024-10-21T01:17:21.692+0700] {dag.py:4180} INFO - Setting next_dagrun for example_params_trigger_ui to None, run_after=None
[2024-10-21T01:17:21.715+0700] {processor.py:208} INFO - Processing /Users/punny/Documents/GitHub/NYC-Taxi-ETL-Pipeline/.venv/lib/python3.10/site-packages/airflow/example_dags/example_params_trigger_ui.py took 0.346 seconds
[2024-10-21T03:35:11.706+0700] {processor.py:186} INFO - Started process (PID=33406) to work on /Users/punny/Documents/GitHub/NYC-Taxi-ETL-Pipeline/.venv/lib/python3.10/site-packages/airflow/example_dags/example_params_trigger_ui.py
[2024-10-21T03:35:11.710+0700] {processor.py:914} INFO - Processing file /Users/punny/Documents/GitHub/NYC-Taxi-ETL-Pipeline/.venv/lib/python3.10/site-packages/airflow/example_dags/example_params_trigger_ui.py for tasks to queue
[2024-10-21T03:35:11.712+0700] {logging_mixin.py:190} INFO - [2024-10-21T03:35:11.711+0700] {dagbag.py:588} INFO - Filling up the DagBag from /Users/punny/Documents/GitHub/NYC-Taxi-ETL-Pipeline/.venv/lib/python3.10/site-packages/airflow/example_dags/example_params_trigger_ui.py
[2024-10-21T03:35:11.788+0700] {processor.py:925} INFO - DAG(s) 'example_params_trigger_ui' retrieved from /Users/punny/Documents/GitHub/NYC-Taxi-ETL-Pipeline/.venv/lib/python3.10/site-packages/airflow/example_dags/example_params_trigger_ui.py
[2024-10-21T03:35:12.010+0700] {logging_mixin.py:190} INFO - [2024-10-21T03:35:12.010+0700] {dag.py:3239} INFO - Sync 1 DAGs
[2024-10-21T03:35:12.026+0700] {logging_mixin.py:190} INFO - [2024-10-21T03:35:12.026+0700] {dag.py:4180} INFO - Setting next_dagrun for example_params_trigger_ui to None, run_after=None
[2024-10-21T03:35:12.049+0700] {processor.py:208} INFO - Processing /Users/punny/Documents/GitHub/NYC-Taxi-ETL-Pipeline/.venv/lib/python3.10/site-packages/airflow/example_dags/example_params_trigger_ui.py took 0.351 seconds
