[2024-10-20T20:42:27.185+0700] {processor.py:186} INFO - Started process (PID=22573) to work on /Users/punny/Documents/GitHub/NYC-Taxi-ETL-Pipeline/.venv/lib/python3.10/site-packages/airflow/example_dags/example_trigger_controller_dag.py
[2024-10-20T20:42:27.188+0700] {processor.py:914} INFO - Processing file /Users/punny/Documents/GitHub/NYC-Taxi-ETL-Pipeline/.venv/lib/python3.10/site-packages/airflow/example_dags/example_trigger_controller_dag.py for tasks to queue
[2024-10-20T20:42:27.189+0700] {logging_mixin.py:190} INFO - [2024-10-20T20:42:27.189+0700] {dagbag.py:588} INFO - Filling up the DagBag from /Users/punny/Documents/GitHub/NYC-Taxi-ETL-Pipeline/.venv/lib/python3.10/site-packages/airflow/example_dags/example_trigger_controller_dag.py
[2024-10-20T20:42:27.203+0700] {processor.py:925} INFO - DAG(s) 'example_trigger_controller_dag' retrieved from /Users/punny/Documents/GitHub/NYC-Taxi-ETL-Pipeline/.venv/lib/python3.10/site-packages/airflow/example_dags/example_trigger_controller_dag.py
[2024-10-20T20:42:27.519+0700] {logging_mixin.py:190} INFO - [2024-10-20T20:42:27.518+0700] {override.py:1907} INFO - Created Permission View: can delete on DAG:example_trigger_controller_dag
[2024-10-20T20:42:27.530+0700] {logging_mixin.py:190} INFO - [2024-10-20T20:42:27.530+0700] {override.py:1907} INFO - Created Permission View: can read on DAG:example_trigger_controller_dag
[2024-10-20T20:42:27.539+0700] {logging_mixin.py:190} INFO - [2024-10-20T20:42:27.538+0700] {override.py:1907} INFO - Created Permission View: can edit on DAG:example_trigger_controller_dag
[2024-10-20T20:42:27.550+0700] {logging_mixin.py:190} INFO - [2024-10-20T20:42:27.549+0700] {override.py:1907} INFO - Created Permission View: can create on DAG Run:example_trigger_controller_dag
[2024-10-20T20:42:27.558+0700] {logging_mixin.py:190} INFO - [2024-10-20T20:42:27.558+0700] {override.py:1907} INFO - Created Permission View: menu access on DAG Run:example_trigger_controller_dag
[2024-10-20T20:42:27.568+0700] {logging_mixin.py:190} INFO - [2024-10-20T20:42:27.568+0700] {override.py:1907} INFO - Created Permission View: can read on DAG Run:example_trigger_controller_dag
[2024-10-20T20:42:27.576+0700] {logging_mixin.py:190} INFO - [2024-10-20T20:42:27.576+0700] {override.py:1907} INFO - Created Permission View: can delete on DAG Run:example_trigger_controller_dag
[2024-10-20T20:42:27.577+0700] {logging_mixin.py:190} INFO - [2024-10-20T20:42:27.577+0700] {dag.py:3239} INFO - Sync 1 DAGs
[2024-10-20T20:42:27.594+0700] {logging_mixin.py:190} INFO - [2024-10-20T20:42:27.594+0700] {dag.py:3262} INFO - Creating ORM DAG for example_trigger_controller_dag
[2024-10-20T20:42:27.604+0700] {logging_mixin.py:190} INFO - [2024-10-20T20:42:27.603+0700] {dag.py:4180} INFO - Setting next_dagrun for example_trigger_controller_dag to 2021-01-01 00:00:00+00:00, run_after=2021-01-01 00:00:00+00:00
[2024-10-20T20:42:27.624+0700] {processor.py:208} INFO - Processing /Users/punny/Documents/GitHub/NYC-Taxi-ETL-Pipeline/.venv/lib/python3.10/site-packages/airflow/example_dags/example_trigger_controller_dag.py took 0.449 seconds
[2024-10-20T20:46:55.047+0700] {processor.py:186} INFO - Started process (PID=23337) to work on /Users/punny/Documents/GitHub/NYC-Taxi-ETL-Pipeline/.venv/lib/python3.10/site-packages/airflow/example_dags/example_trigger_controller_dag.py
[2024-10-20T20:46:55.051+0700] {processor.py:914} INFO - Processing file /Users/punny/Documents/GitHub/NYC-Taxi-ETL-Pipeline/.venv/lib/python3.10/site-packages/airflow/example_dags/example_trigger_controller_dag.py for tasks to queue
[2024-10-20T20:46:55.052+0700] {logging_mixin.py:190} INFO - [2024-10-20T20:46:55.052+0700] {dagbag.py:588} INFO - Filling up the DagBag from /Users/punny/Documents/GitHub/NYC-Taxi-ETL-Pipeline/.venv/lib/python3.10/site-packages/airflow/example_dags/example_trigger_controller_dag.py
[2024-10-20T20:46:55.066+0700] {processor.py:925} INFO - DAG(s) 'example_trigger_controller_dag' retrieved from /Users/punny/Documents/GitHub/NYC-Taxi-ETL-Pipeline/.venv/lib/python3.10/site-packages/airflow/example_dags/example_trigger_controller_dag.py
[2024-10-20T20:46:55.248+0700] {logging_mixin.py:190} INFO - [2024-10-20T20:46:55.248+0700] {dag.py:3239} INFO - Sync 1 DAGs
[2024-10-20T20:46:55.268+0700] {logging_mixin.py:190} INFO - [2024-10-20T20:46:55.268+0700] {dag.py:4180} INFO - Setting next_dagrun for example_trigger_controller_dag to 2021-01-01 00:00:00+00:00, run_after=2021-01-01 00:00:00+00:00
[2024-10-20T20:46:55.289+0700] {processor.py:208} INFO - Processing /Users/punny/Documents/GitHub/NYC-Taxi-ETL-Pipeline/.venv/lib/python3.10/site-packages/airflow/example_dags/example_trigger_controller_dag.py took 0.251 seconds
[2024-10-20T20:50:13.426+0700] {processor.py:186} INFO - Started process (PID=23801) to work on /Users/punny/Documents/GitHub/NYC-Taxi-ETL-Pipeline/.venv/lib/python3.10/site-packages/airflow/example_dags/example_trigger_controller_dag.py
[2024-10-20T20:50:13.430+0700] {processor.py:914} INFO - Processing file /Users/punny/Documents/GitHub/NYC-Taxi-ETL-Pipeline/.venv/lib/python3.10/site-packages/airflow/example_dags/example_trigger_controller_dag.py for tasks to queue
[2024-10-20T20:50:13.431+0700] {logging_mixin.py:190} INFO - [2024-10-20T20:50:13.431+0700] {dagbag.py:588} INFO - Filling up the DagBag from /Users/punny/Documents/GitHub/NYC-Taxi-ETL-Pipeline/.venv/lib/python3.10/site-packages/airflow/example_dags/example_trigger_controller_dag.py
[2024-10-20T20:50:13.444+0700] {processor.py:925} INFO - DAG(s) 'example_trigger_controller_dag' retrieved from /Users/punny/Documents/GitHub/NYC-Taxi-ETL-Pipeline/.venv/lib/python3.10/site-packages/airflow/example_dags/example_trigger_controller_dag.py
[2024-10-20T20:50:14.326+0700] {logging_mixin.py:190} INFO - [2024-10-20T20:50:14.322+0700] {dag.py:3239} INFO - Sync 1 DAGs
[2024-10-20T20:50:14.368+0700] {logging_mixin.py:190} INFO - [2024-10-20T20:50:14.368+0700] {dag.py:4180} INFO - Setting next_dagrun for example_trigger_controller_dag to 2021-01-01 00:00:00+00:00, run_after=2021-01-01 00:00:00+00:00
[2024-10-20T20:50:14.411+0700] {processor.py:208} INFO - Processing /Users/punny/Documents/GitHub/NYC-Taxi-ETL-Pipeline/.venv/lib/python3.10/site-packages/airflow/example_dags/example_trigger_controller_dag.py took 0.992 seconds
[2024-10-20T20:53:33.911+0700] {processor.py:186} INFO - Started process (PID=24271) to work on /Users/punny/Documents/GitHub/NYC-Taxi-ETL-Pipeline/.venv/lib/python3.10/site-packages/airflow/example_dags/example_trigger_controller_dag.py
[2024-10-20T20:53:33.915+0700] {processor.py:914} INFO - Processing file /Users/punny/Documents/GitHub/NYC-Taxi-ETL-Pipeline/.venv/lib/python3.10/site-packages/airflow/example_dags/example_trigger_controller_dag.py for tasks to queue
[2024-10-20T20:53:33.916+0700] {logging_mixin.py:190} INFO - [2024-10-20T20:53:33.916+0700] {dagbag.py:588} INFO - Filling up the DagBag from /Users/punny/Documents/GitHub/NYC-Taxi-ETL-Pipeline/.venv/lib/python3.10/site-packages/airflow/example_dags/example_trigger_controller_dag.py
[2024-10-20T20:53:33.933+0700] {processor.py:925} INFO - DAG(s) 'example_trigger_controller_dag' retrieved from /Users/punny/Documents/GitHub/NYC-Taxi-ETL-Pipeline/.venv/lib/python3.10/site-packages/airflow/example_dags/example_trigger_controller_dag.py
[2024-10-20T20:53:34.142+0700] {logging_mixin.py:190} INFO - [2024-10-20T20:53:34.142+0700] {dag.py:3239} INFO - Sync 1 DAGs
[2024-10-20T20:53:34.163+0700] {logging_mixin.py:190} INFO - [2024-10-20T20:53:34.163+0700] {dag.py:4180} INFO - Setting next_dagrun for example_trigger_controller_dag to 2021-01-01 00:00:00+00:00, run_after=2021-01-01 00:00:00+00:00
[2024-10-20T20:53:34.186+0700] {processor.py:208} INFO - Processing /Users/punny/Documents/GitHub/NYC-Taxi-ETL-Pipeline/.venv/lib/python3.10/site-packages/airflow/example_dags/example_trigger_controller_dag.py took 0.284 seconds
[2024-10-20T20:56:55.130+0700] {processor.py:186} INFO - Started process (PID=24765) to work on /Users/punny/Documents/GitHub/NYC-Taxi-ETL-Pipeline/.venv/lib/python3.10/site-packages/airflow/example_dags/example_trigger_controller_dag.py
[2024-10-20T20:56:55.137+0700] {processor.py:914} INFO - Processing file /Users/punny/Documents/GitHub/NYC-Taxi-ETL-Pipeline/.venv/lib/python3.10/site-packages/airflow/example_dags/example_trigger_controller_dag.py for tasks to queue
[2024-10-20T20:56:55.139+0700] {logging_mixin.py:190} INFO - [2024-10-20T20:56:55.138+0700] {dagbag.py:588} INFO - Filling up the DagBag from /Users/punny/Documents/GitHub/NYC-Taxi-ETL-Pipeline/.venv/lib/python3.10/site-packages/airflow/example_dags/example_trigger_controller_dag.py
[2024-10-20T20:56:55.163+0700] {processor.py:925} INFO - DAG(s) 'example_trigger_controller_dag' retrieved from /Users/punny/Documents/GitHub/NYC-Taxi-ETL-Pipeline/.venv/lib/python3.10/site-packages/airflow/example_dags/example_trigger_controller_dag.py
[2024-10-20T20:56:55.416+0700] {logging_mixin.py:190} INFO - [2024-10-20T20:56:55.416+0700] {dag.py:3239} INFO - Sync 1 DAGs
[2024-10-20T20:56:55.438+0700] {logging_mixin.py:190} INFO - [2024-10-20T20:56:55.438+0700] {dag.py:4180} INFO - Setting next_dagrun for example_trigger_controller_dag to 2021-01-01 00:00:00+00:00, run_after=2021-01-01 00:00:00+00:00
[2024-10-20T20:56:55.462+0700] {processor.py:208} INFO - Processing /Users/punny/Documents/GitHub/NYC-Taxi-ETL-Pipeline/.venv/lib/python3.10/site-packages/airflow/example_dags/example_trigger_controller_dag.py took 0.358 seconds
[2024-10-20T21:00:23.509+0700] {processor.py:186} INFO - Started process (PID=25340) to work on /Users/punny/Documents/GitHub/NYC-Taxi-ETL-Pipeline/.venv/lib/python3.10/site-packages/airflow/example_dags/example_trigger_controller_dag.py
[2024-10-20T21:00:23.514+0700] {processor.py:914} INFO - Processing file /Users/punny/Documents/GitHub/NYC-Taxi-ETL-Pipeline/.venv/lib/python3.10/site-packages/airflow/example_dags/example_trigger_controller_dag.py for tasks to queue
[2024-10-20T21:00:23.515+0700] {logging_mixin.py:190} INFO - [2024-10-20T21:00:23.515+0700] {dagbag.py:588} INFO - Filling up the DagBag from /Users/punny/Documents/GitHub/NYC-Taxi-ETL-Pipeline/.venv/lib/python3.10/site-packages/airflow/example_dags/example_trigger_controller_dag.py
[2024-10-20T21:00:23.536+0700] {processor.py:925} INFO - DAG(s) 'example_trigger_controller_dag' retrieved from /Users/punny/Documents/GitHub/NYC-Taxi-ETL-Pipeline/.venv/lib/python3.10/site-packages/airflow/example_dags/example_trigger_controller_dag.py
[2024-10-20T21:00:23.759+0700] {logging_mixin.py:190} INFO - [2024-10-20T21:00:23.759+0700] {dag.py:3239} INFO - Sync 1 DAGs
[2024-10-20T21:00:23.782+0700] {logging_mixin.py:190} INFO - [2024-10-20T21:00:23.782+0700] {dag.py:4180} INFO - Setting next_dagrun for example_trigger_controller_dag to 2021-01-01 00:00:00+00:00, run_after=2021-01-01 00:00:00+00:00
[2024-10-20T21:00:23.805+0700] {processor.py:208} INFO - Processing /Users/punny/Documents/GitHub/NYC-Taxi-ETL-Pipeline/.venv/lib/python3.10/site-packages/airflow/example_dags/example_trigger_controller_dag.py took 0.304 seconds
[2024-10-20T21:03:56.471+0700] {processor.py:186} INFO - Started process (PID=25932) to work on /Users/punny/Documents/GitHub/NYC-Taxi-ETL-Pipeline/.venv/lib/python3.10/site-packages/airflow/example_dags/example_trigger_controller_dag.py
[2024-10-20T21:03:56.475+0700] {processor.py:914} INFO - Processing file /Users/punny/Documents/GitHub/NYC-Taxi-ETL-Pipeline/.venv/lib/python3.10/site-packages/airflow/example_dags/example_trigger_controller_dag.py for tasks to queue
[2024-10-20T21:03:56.476+0700] {logging_mixin.py:190} INFO - [2024-10-20T21:03:56.475+0700] {dagbag.py:588} INFO - Filling up the DagBag from /Users/punny/Documents/GitHub/NYC-Taxi-ETL-Pipeline/.venv/lib/python3.10/site-packages/airflow/example_dags/example_trigger_controller_dag.py
[2024-10-20T21:03:56.492+0700] {processor.py:925} INFO - DAG(s) 'example_trigger_controller_dag' retrieved from /Users/punny/Documents/GitHub/NYC-Taxi-ETL-Pipeline/.venv/lib/python3.10/site-packages/airflow/example_dags/example_trigger_controller_dag.py
[2024-10-20T21:03:56.688+0700] {logging_mixin.py:190} INFO - [2024-10-20T21:03:56.687+0700] {dag.py:3239} INFO - Sync 1 DAGs
[2024-10-20T21:03:56.711+0700] {logging_mixin.py:190} INFO - [2024-10-20T21:03:56.710+0700] {dag.py:4180} INFO - Setting next_dagrun for example_trigger_controller_dag to 2021-01-01 00:00:00+00:00, run_after=2021-01-01 00:00:00+00:00
[2024-10-20T21:03:56.732+0700] {processor.py:208} INFO - Processing /Users/punny/Documents/GitHub/NYC-Taxi-ETL-Pipeline/.venv/lib/python3.10/site-packages/airflow/example_dags/example_trigger_controller_dag.py took 0.269 seconds
[2024-10-20T21:07:43.020+0700] {processor.py:186} INFO - Started process (PID=26440) to work on /Users/punny/Documents/GitHub/NYC-Taxi-ETL-Pipeline/.venv/lib/python3.10/site-packages/airflow/example_dags/example_trigger_controller_dag.py
[2024-10-20T21:07:43.024+0700] {processor.py:914} INFO - Processing file /Users/punny/Documents/GitHub/NYC-Taxi-ETL-Pipeline/.venv/lib/python3.10/site-packages/airflow/example_dags/example_trigger_controller_dag.py for tasks to queue
[2024-10-20T21:07:43.026+0700] {logging_mixin.py:190} INFO - [2024-10-20T21:07:43.026+0700] {dagbag.py:588} INFO - Filling up the DagBag from /Users/punny/Documents/GitHub/NYC-Taxi-ETL-Pipeline/.venv/lib/python3.10/site-packages/airflow/example_dags/example_trigger_controller_dag.py
[2024-10-20T21:07:43.044+0700] {processor.py:925} INFO - DAG(s) 'example_trigger_controller_dag' retrieved from /Users/punny/Documents/GitHub/NYC-Taxi-ETL-Pipeline/.venv/lib/python3.10/site-packages/airflow/example_dags/example_trigger_controller_dag.py
[2024-10-20T21:07:43.244+0700] {logging_mixin.py:190} INFO - [2024-10-20T21:07:43.243+0700] {dag.py:3239} INFO - Sync 1 DAGs
[2024-10-20T21:07:43.264+0700] {logging_mixin.py:190} INFO - [2024-10-20T21:07:43.264+0700] {dag.py:4180} INFO - Setting next_dagrun for example_trigger_controller_dag to 2021-01-01 00:00:00+00:00, run_after=2021-01-01 00:00:00+00:00
[2024-10-20T21:07:43.285+0700] {processor.py:208} INFO - Processing /Users/punny/Documents/GitHub/NYC-Taxi-ETL-Pipeline/.venv/lib/python3.10/site-packages/airflow/example_dags/example_trigger_controller_dag.py took 0.274 seconds
[2024-10-20T21:10:40.602+0700] {processor.py:186} INFO - Started process (PID=26805) to work on /Users/punny/Documents/GitHub/NYC-Taxi-ETL-Pipeline/.venv/lib/python3.10/site-packages/airflow/example_dags/example_trigger_controller_dag.py
[2024-10-20T21:10:40.606+0700] {processor.py:914} INFO - Processing file /Users/punny/Documents/GitHub/NYC-Taxi-ETL-Pipeline/.venv/lib/python3.10/site-packages/airflow/example_dags/example_trigger_controller_dag.py for tasks to queue
[2024-10-20T21:10:40.607+0700] {logging_mixin.py:190} INFO - [2024-10-20T21:10:40.607+0700] {dagbag.py:588} INFO - Filling up the DagBag from /Users/punny/Documents/GitHub/NYC-Taxi-ETL-Pipeline/.venv/lib/python3.10/site-packages/airflow/example_dags/example_trigger_controller_dag.py
[2024-10-20T21:10:40.621+0700] {processor.py:925} INFO - DAG(s) 'example_trigger_controller_dag' retrieved from /Users/punny/Documents/GitHub/NYC-Taxi-ETL-Pipeline/.venv/lib/python3.10/site-packages/airflow/example_dags/example_trigger_controller_dag.py
[2024-10-20T21:10:40.804+0700] {logging_mixin.py:190} INFO - [2024-10-20T21:10:40.804+0700] {dag.py:3239} INFO - Sync 1 DAGs
[2024-10-20T21:10:40.824+0700] {logging_mixin.py:190} INFO - [2024-10-20T21:10:40.824+0700] {dag.py:4180} INFO - Setting next_dagrun for example_trigger_controller_dag to 2021-01-01 00:00:00+00:00, run_after=2021-01-01 00:00:00+00:00
[2024-10-20T21:10:40.851+0700] {processor.py:208} INFO - Processing /Users/punny/Documents/GitHub/NYC-Taxi-ETL-Pipeline/.venv/lib/python3.10/site-packages/airflow/example_dags/example_trigger_controller_dag.py took 0.257 seconds
[2024-10-20T21:28:58.304+0700] {processor.py:186} INFO - Started process (PID=27435) to work on /Users/punny/Documents/GitHub/NYC-Taxi-ETL-Pipeline/.venv/lib/python3.10/site-packages/airflow/example_dags/example_trigger_controller_dag.py
[2024-10-20T21:28:58.307+0700] {processor.py:914} INFO - Processing file /Users/punny/Documents/GitHub/NYC-Taxi-ETL-Pipeline/.venv/lib/python3.10/site-packages/airflow/example_dags/example_trigger_controller_dag.py for tasks to queue
[2024-10-20T21:28:58.308+0700] {logging_mixin.py:190} INFO - [2024-10-20T21:28:58.308+0700] {dagbag.py:588} INFO - Filling up the DagBag from /Users/punny/Documents/GitHub/NYC-Taxi-ETL-Pipeline/.venv/lib/python3.10/site-packages/airflow/example_dags/example_trigger_controller_dag.py
[2024-10-20T21:28:58.323+0700] {processor.py:925} INFO - DAG(s) 'example_trigger_controller_dag' retrieved from /Users/punny/Documents/GitHub/NYC-Taxi-ETL-Pipeline/.venv/lib/python3.10/site-packages/airflow/example_dags/example_trigger_controller_dag.py
[2024-10-20T21:28:58.550+0700] {logging_mixin.py:190} INFO - [2024-10-20T21:28:58.549+0700] {dag.py:3239} INFO - Sync 1 DAGs
[2024-10-20T21:28:58.578+0700] {logging_mixin.py:190} INFO - [2024-10-20T21:28:58.578+0700] {dag.py:4180} INFO - Setting next_dagrun for example_trigger_controller_dag to 2021-01-01 00:00:00+00:00, run_after=2021-01-01 00:00:00+00:00
[2024-10-20T21:28:58.602+0700] {processor.py:208} INFO - Processing /Users/punny/Documents/GitHub/NYC-Taxi-ETL-Pipeline/.venv/lib/python3.10/site-packages/airflow/example_dags/example_trigger_controller_dag.py took 0.307 seconds
[2024-10-20T21:32:39.417+0700] {processor.py:186} INFO - Started process (PID=28045) to work on /Users/punny/Documents/GitHub/NYC-Taxi-ETL-Pipeline/.venv/lib/python3.10/site-packages/airflow/example_dags/example_trigger_controller_dag.py
[2024-10-20T21:32:39.420+0700] {processor.py:914} INFO - Processing file /Users/punny/Documents/GitHub/NYC-Taxi-ETL-Pipeline/.venv/lib/python3.10/site-packages/airflow/example_dags/example_trigger_controller_dag.py for tasks to queue
[2024-10-20T21:32:39.422+0700] {logging_mixin.py:190} INFO - [2024-10-20T21:32:39.422+0700] {dagbag.py:588} INFO - Filling up the DagBag from /Users/punny/Documents/GitHub/NYC-Taxi-ETL-Pipeline/.venv/lib/python3.10/site-packages/airflow/example_dags/example_trigger_controller_dag.py
[2024-10-20T21:32:39.444+0700] {processor.py:925} INFO - DAG(s) 'example_trigger_controller_dag' retrieved from /Users/punny/Documents/GitHub/NYC-Taxi-ETL-Pipeline/.venv/lib/python3.10/site-packages/airflow/example_dags/example_trigger_controller_dag.py
[2024-10-20T21:32:39.890+0700] {logging_mixin.py:190} INFO - [2024-10-20T21:32:39.890+0700] {dag.py:3239} INFO - Sync 1 DAGs
[2024-10-20T21:32:39.930+0700] {logging_mixin.py:190} INFO - [2024-10-20T21:32:39.930+0700] {dag.py:4180} INFO - Setting next_dagrun for example_trigger_controller_dag to 2021-01-01 00:00:00+00:00, run_after=2021-01-01 00:00:00+00:00
[2024-10-20T21:32:39.962+0700] {processor.py:208} INFO - Processing /Users/punny/Documents/GitHub/NYC-Taxi-ETL-Pipeline/.venv/lib/python3.10/site-packages/airflow/example_dags/example_trigger_controller_dag.py took 0.556 seconds
[2024-10-20T21:56:15.901+0700] {processor.py:186} INFO - Started process (PID=31167) to work on /Users/punny/Documents/GitHub/NYC-Taxi-ETL-Pipeline/.venv/lib/python3.10/site-packages/airflow/example_dags/example_trigger_controller_dag.py
[2024-10-20T21:56:15.905+0700] {processor.py:914} INFO - Processing file /Users/punny/Documents/GitHub/NYC-Taxi-ETL-Pipeline/.venv/lib/python3.10/site-packages/airflow/example_dags/example_trigger_controller_dag.py for tasks to queue
[2024-10-20T21:56:15.906+0700] {logging_mixin.py:190} INFO - [2024-10-20T21:56:15.906+0700] {dagbag.py:588} INFO - Filling up the DagBag from /Users/punny/Documents/GitHub/NYC-Taxi-ETL-Pipeline/.venv/lib/python3.10/site-packages/airflow/example_dags/example_trigger_controller_dag.py
[2024-10-20T21:56:15.924+0700] {processor.py:925} INFO - DAG(s) 'example_trigger_controller_dag' retrieved from /Users/punny/Documents/GitHub/NYC-Taxi-ETL-Pipeline/.venv/lib/python3.10/site-packages/airflow/example_dags/example_trigger_controller_dag.py
[2024-10-20T21:56:16.176+0700] {logging_mixin.py:190} INFO - [2024-10-20T21:56:16.175+0700] {dag.py:3239} INFO - Sync 1 DAGs
[2024-10-20T21:56:16.204+0700] {logging_mixin.py:190} INFO - [2024-10-20T21:56:16.204+0700] {dag.py:4180} INFO - Setting next_dagrun for example_trigger_controller_dag to 2021-01-01 00:00:00+00:00, run_after=2021-01-01 00:00:00+00:00
[2024-10-20T21:56:16.230+0700] {processor.py:208} INFO - Processing /Users/punny/Documents/GitHub/NYC-Taxi-ETL-Pipeline/.venv/lib/python3.10/site-packages/airflow/example_dags/example_trigger_controller_dag.py took 0.335 seconds
[2024-10-20T22:30:23.906+0700] {processor.py:186} INFO - Started process (PID=31816) to work on /Users/punny/Documents/GitHub/NYC-Taxi-ETL-Pipeline/.venv/lib/python3.10/site-packages/airflow/example_dags/example_trigger_controller_dag.py
[2024-10-20T22:30:23.909+0700] {processor.py:914} INFO - Processing file /Users/punny/Documents/GitHub/NYC-Taxi-ETL-Pipeline/.venv/lib/python3.10/site-packages/airflow/example_dags/example_trigger_controller_dag.py for tasks to queue
[2024-10-20T22:30:23.910+0700] {logging_mixin.py:190} INFO - [2024-10-20T22:30:23.910+0700] {dagbag.py:588} INFO - Filling up the DagBag from /Users/punny/Documents/GitHub/NYC-Taxi-ETL-Pipeline/.venv/lib/python3.10/site-packages/airflow/example_dags/example_trigger_controller_dag.py
[2024-10-20T22:30:23.927+0700] {processor.py:925} INFO - DAG(s) 'example_trigger_controller_dag' retrieved from /Users/punny/Documents/GitHub/NYC-Taxi-ETL-Pipeline/.venv/lib/python3.10/site-packages/airflow/example_dags/example_trigger_controller_dag.py
[2024-10-20T22:30:24.119+0700] {logging_mixin.py:190} INFO - [2024-10-20T22:30:24.119+0700] {dag.py:3239} INFO - Sync 1 DAGs
[2024-10-20T22:30:24.140+0700] {logging_mixin.py:190} INFO - [2024-10-20T22:30:24.140+0700] {dag.py:4180} INFO - Setting next_dagrun for example_trigger_controller_dag to 2021-01-01 00:00:00+00:00, run_after=2021-01-01 00:00:00+00:00
[2024-10-20T22:30:24.161+0700] {processor.py:208} INFO - Processing /Users/punny/Documents/GitHub/NYC-Taxi-ETL-Pipeline/.venv/lib/python3.10/site-packages/airflow/example_dags/example_trigger_controller_dag.py took 0.263 seconds
[2024-10-21T00:32:29.884+0700] {processor.py:186} INFO - Started process (PID=32534) to work on /Users/punny/Documents/GitHub/NYC-Taxi-ETL-Pipeline/.venv/lib/python3.10/site-packages/airflow/example_dags/example_trigger_controller_dag.py
[2024-10-21T00:32:29.887+0700] {processor.py:914} INFO - Processing file /Users/punny/Documents/GitHub/NYC-Taxi-ETL-Pipeline/.venv/lib/python3.10/site-packages/airflow/example_dags/example_trigger_controller_dag.py for tasks to queue
[2024-10-21T00:32:29.888+0700] {logging_mixin.py:190} INFO - [2024-10-21T00:32:29.887+0700] {dagbag.py:588} INFO - Filling up the DagBag from /Users/punny/Documents/GitHub/NYC-Taxi-ETL-Pipeline/.venv/lib/python3.10/site-packages/airflow/example_dags/example_trigger_controller_dag.py
[2024-10-21T00:32:29.901+0700] {processor.py:925} INFO - DAG(s) 'example_trigger_controller_dag' retrieved from /Users/punny/Documents/GitHub/NYC-Taxi-ETL-Pipeline/.venv/lib/python3.10/site-packages/airflow/example_dags/example_trigger_controller_dag.py
[2024-10-21T00:32:30.081+0700] {logging_mixin.py:190} INFO - [2024-10-21T00:32:30.080+0700] {dag.py:3239} INFO - Sync 1 DAGs
[2024-10-21T00:32:30.101+0700] {logging_mixin.py:190} INFO - [2024-10-21T00:32:30.101+0700] {dag.py:4180} INFO - Setting next_dagrun for example_trigger_controller_dag to 2021-01-01 00:00:00+00:00, run_after=2021-01-01 00:00:00+00:00
[2024-10-21T00:32:30.123+0700] {processor.py:208} INFO - Processing /Users/punny/Documents/GitHub/NYC-Taxi-ETL-Pipeline/.venv/lib/python3.10/site-packages/airflow/example_dags/example_trigger_controller_dag.py took 0.248 seconds
[2024-10-21T02:49:46.113+0700] {processor.py:186} INFO - Started process (PID=33230) to work on /Users/punny/Documents/GitHub/NYC-Taxi-ETL-Pipeline/.venv/lib/python3.10/site-packages/airflow/example_dags/example_trigger_controller_dag.py
[2024-10-21T02:49:46.115+0700] {processor.py:914} INFO - Processing file /Users/punny/Documents/GitHub/NYC-Taxi-ETL-Pipeline/.venv/lib/python3.10/site-packages/airflow/example_dags/example_trigger_controller_dag.py for tasks to queue
[2024-10-21T02:49:46.117+0700] {logging_mixin.py:190} INFO - [2024-10-21T02:49:46.116+0700] {dagbag.py:588} INFO - Filling up the DagBag from /Users/punny/Documents/GitHub/NYC-Taxi-ETL-Pipeline/.venv/lib/python3.10/site-packages/airflow/example_dags/example_trigger_controller_dag.py
[2024-10-21T02:49:46.130+0700] {processor.py:925} INFO - DAG(s) 'example_trigger_controller_dag' retrieved from /Users/punny/Documents/GitHub/NYC-Taxi-ETL-Pipeline/.venv/lib/python3.10/site-packages/airflow/example_dags/example_trigger_controller_dag.py
[2024-10-21T02:49:46.328+0700] {logging_mixin.py:190} INFO - [2024-10-21T02:49:46.327+0700] {dag.py:3239} INFO - Sync 1 DAGs
[2024-10-21T02:49:46.353+0700] {logging_mixin.py:190} INFO - [2024-10-21T02:49:46.353+0700] {dag.py:4180} INFO - Setting next_dagrun for example_trigger_controller_dag to 2021-01-01 00:00:00+00:00, run_after=2021-01-01 00:00:00+00:00
[2024-10-21T02:49:46.374+0700] {processor.py:208} INFO - Processing /Users/punny/Documents/GitHub/NYC-Taxi-ETL-Pipeline/.venv/lib/python3.10/site-packages/airflow/example_dags/example_trigger_controller_dag.py took 0.270 seconds
