[2024-10-20T20:43:47.737+0700] {processor.py:186} INFO - Started process (PID=22835) to work on /Users/punny/Documents/GitHub/NYC-Taxi-ETL-Pipeline/.venv/lib/python3.10/site-packages/airflow/example_dags/example_params_ui_tutorial.py
[2024-10-20T20:43:47.740+0700] {processor.py:914} INFO - Processing file /Users/punny/Documents/GitHub/NYC-Taxi-ETL-Pipeline/.venv/lib/python3.10/site-packages/airflow/example_dags/example_params_ui_tutorial.py for tasks to queue
[2024-10-20T20:43:47.741+0700] {logging_mixin.py:190} INFO - [2024-10-20T20:43:47.741+0700] {dagbag.py:588} INFO - Filling up the DagBag from /Users/punny/Documents/GitHub/NYC-Taxi-ETL-Pipeline/.venv/lib/python3.10/site-packages/airflow/example_dags/example_params_ui_tutorial.py
[2024-10-20T20:43:47.792+0700] {processor.py:925} INFO - DAG(s) 'example_params_ui_tutorial' retrieved from /Users/punny/Documents/GitHub/NYC-Taxi-ETL-Pipeline/.venv/lib/python3.10/site-packages/airflow/example_dags/example_params_ui_tutorial.py
[2024-10-20T20:43:48.237+0700] {logging_mixin.py:190} INFO - [2024-10-20T20:43:48.236+0700] {override.py:1907} INFO - Created Permission View: can edit on DAG:example_params_ui_tutorial
[2024-10-20T20:43:48.249+0700] {logging_mixin.py:190} INFO - [2024-10-20T20:43:48.249+0700] {override.py:1907} INFO - Created Permission View: can read on DAG:example_params_ui_tutorial
[2024-10-20T20:43:48.260+0700] {logging_mixin.py:190} INFO - [2024-10-20T20:43:48.260+0700] {override.py:1907} INFO - Created Permission View: can delete on DAG:example_params_ui_tutorial
[2024-10-20T20:43:48.271+0700] {logging_mixin.py:190} INFO - [2024-10-20T20:43:48.271+0700] {override.py:1907} INFO - Created Permission View: can create on DAG Run:example_params_ui_tutorial
[2024-10-20T20:43:48.280+0700] {logging_mixin.py:190} INFO - [2024-10-20T20:43:48.279+0700] {override.py:1907} INFO - Created Permission View: can read on DAG Run:example_params_ui_tutorial
[2024-10-20T20:43:48.289+0700] {logging_mixin.py:190} INFO - [2024-10-20T20:43:48.288+0700] {override.py:1907} INFO - Created Permission View: can delete on DAG Run:example_params_ui_tutorial
[2024-10-20T20:43:48.296+0700] {logging_mixin.py:190} INFO - [2024-10-20T20:43:48.296+0700] {override.py:1907} INFO - Created Permission View: menu access on DAG Run:example_params_ui_tutorial
[2024-10-20T20:43:48.297+0700] {logging_mixin.py:190} INFO - [2024-10-20T20:43:48.297+0700] {dag.py:3239} INFO - Sync 1 DAGs
[2024-10-20T20:43:48.314+0700] {logging_mixin.py:190} INFO - [2024-10-20T20:43:48.314+0700] {dag.py:3262} INFO - Creating ORM DAG for example_params_ui_tutorial
[2024-10-20T20:43:48.315+0700] {logging_mixin.py:190} INFO - [2024-10-20T20:43:48.315+0700] {dag.py:4180} INFO - Setting next_dagrun for example_params_ui_tutorial to None, run_after=None
[2024-10-20T20:43:48.339+0700] {processor.py:208} INFO - Processing /Users/punny/Documents/GitHub/NYC-Taxi-ETL-Pipeline/.venv/lib/python3.10/site-packages/airflow/example_dags/example_params_ui_tutorial.py took 0.608 seconds
[2024-10-20T20:47:51.575+0700] {processor.py:186} INFO - Started process (PID=23457) to work on /Users/punny/Documents/GitHub/NYC-Taxi-ETL-Pipeline/.venv/lib/python3.10/site-packages/airflow/example_dags/example_params_ui_tutorial.py
[2024-10-20T20:47:51.578+0700] {processor.py:914} INFO - Processing file /Users/punny/Documents/GitHub/NYC-Taxi-ETL-Pipeline/.venv/lib/python3.10/site-packages/airflow/example_dags/example_params_ui_tutorial.py for tasks to queue
[2024-10-20T20:47:51.579+0700] {logging_mixin.py:190} INFO - [2024-10-20T20:47:51.578+0700] {dagbag.py:588} INFO - Filling up the DagBag from /Users/punny/Documents/GitHub/NYC-Taxi-ETL-Pipeline/.venv/lib/python3.10/site-packages/airflow/example_dags/example_params_ui_tutorial.py
[2024-10-20T20:47:51.622+0700] {processor.py:925} INFO - DAG(s) 'example_params_ui_tutorial' retrieved from /Users/punny/Documents/GitHub/NYC-Taxi-ETL-Pipeline/.venv/lib/python3.10/site-packages/airflow/example_dags/example_params_ui_tutorial.py
[2024-10-20T20:47:51.845+0700] {logging_mixin.py:190} INFO - [2024-10-20T20:47:51.845+0700] {dag.py:3239} INFO - Sync 1 DAGs
[2024-10-20T20:47:51.860+0700] {logging_mixin.py:190} INFO - [2024-10-20T20:47:51.859+0700] {dag.py:4180} INFO - Setting next_dagrun for example_params_ui_tutorial to None, run_after=None
[2024-10-20T20:47:51.881+0700] {processor.py:208} INFO - Processing /Users/punny/Documents/GitHub/NYC-Taxi-ETL-Pipeline/.venv/lib/python3.10/site-packages/airflow/example_dags/example_params_ui_tutorial.py took 0.315 seconds
[2024-10-20T20:51:12.457+0700] {processor.py:186} INFO - Started process (PID=23911) to work on /Users/punny/Documents/GitHub/NYC-Taxi-ETL-Pipeline/.venv/lib/python3.10/site-packages/airflow/example_dags/example_params_ui_tutorial.py
[2024-10-20T20:51:12.460+0700] {processor.py:914} INFO - Processing file /Users/punny/Documents/GitHub/NYC-Taxi-ETL-Pipeline/.venv/lib/python3.10/site-packages/airflow/example_dags/example_params_ui_tutorial.py for tasks to queue
[2024-10-20T20:51:12.461+0700] {logging_mixin.py:190} INFO - [2024-10-20T20:51:12.461+0700] {dagbag.py:588} INFO - Filling up the DagBag from /Users/punny/Documents/GitHub/NYC-Taxi-ETL-Pipeline/.venv/lib/python3.10/site-packages/airflow/example_dags/example_params_ui_tutorial.py
[2024-10-20T20:51:12.505+0700] {processor.py:925} INFO - DAG(s) 'example_params_ui_tutorial' retrieved from /Users/punny/Documents/GitHub/NYC-Taxi-ETL-Pipeline/.venv/lib/python3.10/site-packages/airflow/example_dags/example_params_ui_tutorial.py
[2024-10-20T20:51:12.739+0700] {logging_mixin.py:190} INFO - [2024-10-20T20:51:12.738+0700] {dag.py:3239} INFO - Sync 1 DAGs
[2024-10-20T20:51:12.754+0700] {logging_mixin.py:190} INFO - [2024-10-20T20:51:12.753+0700] {dag.py:4180} INFO - Setting next_dagrun for example_params_ui_tutorial to None, run_after=None
[2024-10-20T20:51:12.776+0700] {processor.py:208} INFO - Processing /Users/punny/Documents/GitHub/NYC-Taxi-ETL-Pipeline/.venv/lib/python3.10/site-packages/airflow/example_dags/example_params_ui_tutorial.py took 0.325 seconds
[2024-10-20T20:54:39.795+0700] {processor.py:186} INFO - Started process (PID=24486) to work on /Users/punny/Documents/GitHub/NYC-Taxi-ETL-Pipeline/.venv/lib/python3.10/site-packages/airflow/example_dags/example_params_ui_tutorial.py
[2024-10-20T20:54:39.799+0700] {processor.py:914} INFO - Processing file /Users/punny/Documents/GitHub/NYC-Taxi-ETL-Pipeline/.venv/lib/python3.10/site-packages/airflow/example_dags/example_params_ui_tutorial.py for tasks to queue
[2024-10-20T20:54:39.800+0700] {logging_mixin.py:190} INFO - [2024-10-20T20:54:39.800+0700] {dagbag.py:588} INFO - Filling up the DagBag from /Users/punny/Documents/GitHub/NYC-Taxi-ETL-Pipeline/.venv/lib/python3.10/site-packages/airflow/example_dags/example_params_ui_tutorial.py
[2024-10-20T20:54:39.874+0700] {processor.py:925} INFO - DAG(s) 'example_params_ui_tutorial' retrieved from /Users/punny/Documents/GitHub/NYC-Taxi-ETL-Pipeline/.venv/lib/python3.10/site-packages/airflow/example_dags/example_params_ui_tutorial.py
[2024-10-20T20:54:40.134+0700] {logging_mixin.py:190} INFO - [2024-10-20T20:54:40.134+0700] {dag.py:3239} INFO - Sync 1 DAGs
[2024-10-20T20:54:40.152+0700] {logging_mixin.py:190} INFO - [2024-10-20T20:54:40.151+0700] {dag.py:4180} INFO - Setting next_dagrun for example_params_ui_tutorial to None, run_after=None
[2024-10-20T20:54:40.179+0700] {processor.py:208} INFO - Processing /Users/punny/Documents/GitHub/NYC-Taxi-ETL-Pipeline/.venv/lib/python3.10/site-packages/airflow/example_dags/example_params_ui_tutorial.py took 0.394 seconds
[2024-10-20T20:58:06.377+0700] {processor.py:186} INFO - Started process (PID=24983) to work on /Users/punny/Documents/GitHub/NYC-Taxi-ETL-Pipeline/.venv/lib/python3.10/site-packages/airflow/example_dags/example_params_ui_tutorial.py
[2024-10-20T20:58:06.380+0700] {processor.py:914} INFO - Processing file /Users/punny/Documents/GitHub/NYC-Taxi-ETL-Pipeline/.venv/lib/python3.10/site-packages/airflow/example_dags/example_params_ui_tutorial.py for tasks to queue
[2024-10-20T20:58:06.382+0700] {logging_mixin.py:190} INFO - [2024-10-20T20:58:06.381+0700] {dagbag.py:588} INFO - Filling up the DagBag from /Users/punny/Documents/GitHub/NYC-Taxi-ETL-Pipeline/.venv/lib/python3.10/site-packages/airflow/example_dags/example_params_ui_tutorial.py
[2024-10-20T20:58:06.436+0700] {processor.py:925} INFO - DAG(s) 'example_params_ui_tutorial' retrieved from /Users/punny/Documents/GitHub/NYC-Taxi-ETL-Pipeline/.venv/lib/python3.10/site-packages/airflow/example_dags/example_params_ui_tutorial.py
[2024-10-20T20:58:06.688+0700] {logging_mixin.py:190} INFO - [2024-10-20T20:58:06.688+0700] {dag.py:3239} INFO - Sync 1 DAGs
[2024-10-20T20:58:06.703+0700] {logging_mixin.py:190} INFO - [2024-10-20T20:58:06.702+0700] {dag.py:4180} INFO - Setting next_dagrun for example_params_ui_tutorial to None, run_after=None
[2024-10-20T20:58:06.724+0700] {processor.py:208} INFO - Processing /Users/punny/Documents/GitHub/NYC-Taxi-ETL-Pipeline/.venv/lib/python3.10/site-packages/airflow/example_dags/example_params_ui_tutorial.py took 0.358 seconds
[2024-10-20T21:01:40.904+0700] {processor.py:186} INFO - Started process (PID=25580) to work on /Users/punny/Documents/GitHub/NYC-Taxi-ETL-Pipeline/.venv/lib/python3.10/site-packages/airflow/example_dags/example_params_ui_tutorial.py
[2024-10-20T21:01:40.909+0700] {processor.py:914} INFO - Processing file /Users/punny/Documents/GitHub/NYC-Taxi-ETL-Pipeline/.venv/lib/python3.10/site-packages/airflow/example_dags/example_params_ui_tutorial.py for tasks to queue
[2024-10-20T21:01:40.911+0700] {logging_mixin.py:190} INFO - [2024-10-20T21:01:40.911+0700] {dagbag.py:588} INFO - Filling up the DagBag from /Users/punny/Documents/GitHub/NYC-Taxi-ETL-Pipeline/.venv/lib/python3.10/site-packages/airflow/example_dags/example_params_ui_tutorial.py
[2024-10-20T21:01:40.980+0700] {processor.py:925} INFO - DAG(s) 'example_params_ui_tutorial' retrieved from /Users/punny/Documents/GitHub/NYC-Taxi-ETL-Pipeline/.venv/lib/python3.10/site-packages/airflow/example_dags/example_params_ui_tutorial.py
[2024-10-20T21:01:41.326+0700] {logging_mixin.py:190} INFO - [2024-10-20T21:01:41.326+0700] {dag.py:3239} INFO - Sync 1 DAGs
[2024-10-20T21:01:41.350+0700] {logging_mixin.py:190} INFO - [2024-10-20T21:01:41.350+0700] {dag.py:4180} INFO - Setting next_dagrun for example_params_ui_tutorial to None, run_after=None
[2024-10-20T21:01:41.393+0700] {processor.py:208} INFO - Processing /Users/punny/Documents/GitHub/NYC-Taxi-ETL-Pipeline/.venv/lib/python3.10/site-packages/airflow/example_dags/example_params_ui_tutorial.py took 0.496 seconds
[2024-10-20T21:05:08.915+0700] {processor.py:186} INFO - Started process (PID=26089) to work on /Users/punny/Documents/GitHub/NYC-Taxi-ETL-Pipeline/.venv/lib/python3.10/site-packages/airflow/example_dags/example_params_ui_tutorial.py
[2024-10-20T21:05:08.919+0700] {processor.py:914} INFO - Processing file /Users/punny/Documents/GitHub/NYC-Taxi-ETL-Pipeline/.venv/lib/python3.10/site-packages/airflow/example_dags/example_params_ui_tutorial.py for tasks to queue
[2024-10-20T21:05:08.921+0700] {logging_mixin.py:190} INFO - [2024-10-20T21:05:08.921+0700] {dagbag.py:588} INFO - Filling up the DagBag from /Users/punny/Documents/GitHub/NYC-Taxi-ETL-Pipeline/.venv/lib/python3.10/site-packages/airflow/example_dags/example_params_ui_tutorial.py
[2024-10-20T21:05:09.015+0700] {processor.py:925} INFO - DAG(s) 'example_params_ui_tutorial' retrieved from /Users/punny/Documents/GitHub/NYC-Taxi-ETL-Pipeline/.venv/lib/python3.10/site-packages/airflow/example_dags/example_params_ui_tutorial.py
[2024-10-20T21:05:09.454+0700] {logging_mixin.py:190} INFO - [2024-10-20T21:05:09.453+0700] {dag.py:3239} INFO - Sync 1 DAGs
[2024-10-20T21:05:09.481+0700] {logging_mixin.py:190} INFO - [2024-10-20T21:05:09.481+0700] {dag.py:4180} INFO - Setting next_dagrun for example_params_ui_tutorial to None, run_after=None
[2024-10-20T21:05:09.515+0700] {processor.py:208} INFO - Processing /Users/punny/Documents/GitHub/NYC-Taxi-ETL-Pipeline/.venv/lib/python3.10/site-packages/airflow/example_dags/example_params_ui_tutorial.py took 0.608 seconds
[2024-10-20T21:08:42.042+0700] {processor.py:186} INFO - Started process (PID=26563) to work on /Users/punny/Documents/GitHub/NYC-Taxi-ETL-Pipeline/.venv/lib/python3.10/site-packages/airflow/example_dags/example_params_ui_tutorial.py
[2024-10-20T21:08:42.045+0700] {processor.py:914} INFO - Processing file /Users/punny/Documents/GitHub/NYC-Taxi-ETL-Pipeline/.venv/lib/python3.10/site-packages/airflow/example_dags/example_params_ui_tutorial.py for tasks to queue
[2024-10-20T21:08:42.046+0700] {logging_mixin.py:190} INFO - [2024-10-20T21:08:42.046+0700] {dagbag.py:588} INFO - Filling up the DagBag from /Users/punny/Documents/GitHub/NYC-Taxi-ETL-Pipeline/.venv/lib/python3.10/site-packages/airflow/example_dags/example_params_ui_tutorial.py
[2024-10-20T21:08:42.090+0700] {processor.py:925} INFO - DAG(s) 'example_params_ui_tutorial' retrieved from /Users/punny/Documents/GitHub/NYC-Taxi-ETL-Pipeline/.venv/lib/python3.10/site-packages/airflow/example_dags/example_params_ui_tutorial.py
[2024-10-20T21:08:42.366+0700] {logging_mixin.py:190} INFO - [2024-10-20T21:08:42.366+0700] {dag.py:3239} INFO - Sync 1 DAGs
[2024-10-20T21:08:42.381+0700] {logging_mixin.py:190} INFO - [2024-10-20T21:08:42.381+0700] {dag.py:4180} INFO - Setting next_dagrun for example_params_ui_tutorial to None, run_after=None
[2024-10-20T21:08:42.404+0700] {processor.py:208} INFO - Processing /Users/punny/Documents/GitHub/NYC-Taxi-ETL-Pipeline/.venv/lib/python3.10/site-packages/airflow/example_dags/example_params_ui_tutorial.py took 0.372 seconds
[2024-10-20T21:11:39.829+0700] {processor.py:186} INFO - Started process (PID=26935) to work on /Users/punny/Documents/GitHub/NYC-Taxi-ETL-Pipeline/.venv/lib/python3.10/site-packages/airflow/example_dags/example_params_ui_tutorial.py
[2024-10-20T21:11:39.832+0700] {processor.py:914} INFO - Processing file /Users/punny/Documents/GitHub/NYC-Taxi-ETL-Pipeline/.venv/lib/python3.10/site-packages/airflow/example_dags/example_params_ui_tutorial.py for tasks to queue
[2024-10-20T21:11:39.834+0700] {logging_mixin.py:190} INFO - [2024-10-20T21:11:39.833+0700] {dagbag.py:588} INFO - Filling up the DagBag from /Users/punny/Documents/GitHub/NYC-Taxi-ETL-Pipeline/.venv/lib/python3.10/site-packages/airflow/example_dags/example_params_ui_tutorial.py
[2024-10-20T21:11:39.879+0700] {processor.py:925} INFO - DAG(s) 'example_params_ui_tutorial' retrieved from /Users/punny/Documents/GitHub/NYC-Taxi-ETL-Pipeline/.venv/lib/python3.10/site-packages/airflow/example_dags/example_params_ui_tutorial.py
[2024-10-20T21:11:40.128+0700] {logging_mixin.py:190} INFO - [2024-10-20T21:11:40.128+0700] {dag.py:3239} INFO - Sync 1 DAGs
[2024-10-20T21:11:40.142+0700] {logging_mixin.py:190} INFO - [2024-10-20T21:11:40.142+0700] {dag.py:4180} INFO - Setting next_dagrun for example_params_ui_tutorial to None, run_after=None
[2024-10-20T21:11:40.164+0700] {processor.py:208} INFO - Processing /Users/punny/Documents/GitHub/NYC-Taxi-ETL-Pipeline/.venv/lib/python3.10/site-packages/airflow/example_dags/example_params_ui_tutorial.py took 0.343 seconds
[2024-10-20T21:30:08.619+0700] {processor.py:186} INFO - Started process (PID=27596) to work on /Users/punny/Documents/GitHub/NYC-Taxi-ETL-Pipeline/.venv/lib/python3.10/site-packages/airflow/example_dags/example_params_ui_tutorial.py
[2024-10-20T21:30:08.623+0700] {processor.py:914} INFO - Processing file /Users/punny/Documents/GitHub/NYC-Taxi-ETL-Pipeline/.venv/lib/python3.10/site-packages/airflow/example_dags/example_params_ui_tutorial.py for tasks to queue
[2024-10-20T21:30:08.624+0700] {logging_mixin.py:190} INFO - [2024-10-20T21:30:08.624+0700] {dagbag.py:588} INFO - Filling up the DagBag from /Users/punny/Documents/GitHub/NYC-Taxi-ETL-Pipeline/.venv/lib/python3.10/site-packages/airflow/example_dags/example_params_ui_tutorial.py
[2024-10-20T21:30:08.669+0700] {processor.py:925} INFO - DAG(s) 'example_params_ui_tutorial' retrieved from /Users/punny/Documents/GitHub/NYC-Taxi-ETL-Pipeline/.venv/lib/python3.10/site-packages/airflow/example_dags/example_params_ui_tutorial.py
[2024-10-20T21:30:08.901+0700] {logging_mixin.py:190} INFO - [2024-10-20T21:30:08.900+0700] {dag.py:3239} INFO - Sync 1 DAGs
[2024-10-20T21:30:08.915+0700] {logging_mixin.py:190} INFO - [2024-10-20T21:30:08.915+0700] {dag.py:4180} INFO - Setting next_dagrun for example_params_ui_tutorial to None, run_after=None
[2024-10-20T21:30:08.938+0700] {processor.py:208} INFO - Processing /Users/punny/Documents/GitHub/NYC-Taxi-ETL-Pipeline/.venv/lib/python3.10/site-packages/airflow/example_dags/example_params_ui_tutorial.py took 0.327 seconds
[2024-10-20T21:57:25.282+0700] {processor.py:186} INFO - Started process (PID=31305) to work on /Users/punny/Documents/GitHub/NYC-Taxi-ETL-Pipeline/.venv/lib/python3.10/site-packages/airflow/example_dags/example_params_ui_tutorial.py
[2024-10-20T21:57:25.285+0700] {processor.py:914} INFO - Processing file /Users/punny/Documents/GitHub/NYC-Taxi-ETL-Pipeline/.venv/lib/python3.10/site-packages/airflow/example_dags/example_params_ui_tutorial.py for tasks to queue
[2024-10-20T21:57:25.286+0700] {logging_mixin.py:190} INFO - [2024-10-20T21:57:25.285+0700] {dagbag.py:588} INFO - Filling up the DagBag from /Users/punny/Documents/GitHub/NYC-Taxi-ETL-Pipeline/.venv/lib/python3.10/site-packages/airflow/example_dags/example_params_ui_tutorial.py
[2024-10-20T21:57:25.332+0700] {processor.py:925} INFO - DAG(s) 'example_params_ui_tutorial' retrieved from /Users/punny/Documents/GitHub/NYC-Taxi-ETL-Pipeline/.venv/lib/python3.10/site-packages/airflow/example_dags/example_params_ui_tutorial.py
[2024-10-20T21:57:25.562+0700] {logging_mixin.py:190} INFO - [2024-10-20T21:57:25.561+0700] {dag.py:3239} INFO - Sync 1 DAGs
[2024-10-20T21:57:25.576+0700] {logging_mixin.py:190} INFO - [2024-10-20T21:57:25.575+0700] {dag.py:4180} INFO - Setting next_dagrun for example_params_ui_tutorial to None, run_after=None
[2024-10-20T21:57:25.597+0700] {processor.py:208} INFO - Processing /Users/punny/Documents/GitHub/NYC-Taxi-ETL-Pipeline/.venv/lib/python3.10/site-packages/airflow/example_dags/example_params_ui_tutorial.py took 0.321 seconds
[2024-10-20T23:01:52.120+0700] {processor.py:186} INFO - Started process (PID=32047) to work on /Users/punny/Documents/GitHub/NYC-Taxi-ETL-Pipeline/.venv/lib/python3.10/site-packages/airflow/example_dags/example_params_ui_tutorial.py
[2024-10-20T23:01:52.126+0700] {processor.py:914} INFO - Processing file /Users/punny/Documents/GitHub/NYC-Taxi-ETL-Pipeline/.venv/lib/python3.10/site-packages/airflow/example_dags/example_params_ui_tutorial.py for tasks to queue
[2024-10-20T23:01:52.129+0700] {logging_mixin.py:190} INFO - [2024-10-20T23:01:52.128+0700] {dagbag.py:588} INFO - Filling up the DagBag from /Users/punny/Documents/GitHub/NYC-Taxi-ETL-Pipeline/.venv/lib/python3.10/site-packages/airflow/example_dags/example_params_ui_tutorial.py
[2024-10-20T23:01:52.220+0700] {processor.py:925} INFO - DAG(s) 'example_params_ui_tutorial' retrieved from /Users/punny/Documents/GitHub/NYC-Taxi-ETL-Pipeline/.venv/lib/python3.10/site-packages/airflow/example_dags/example_params_ui_tutorial.py
[2024-10-20T23:01:52.619+0700] {logging_mixin.py:190} INFO - [2024-10-20T23:01:52.618+0700] {dag.py:3239} INFO - Sync 1 DAGs
[2024-10-20T23:01:52.655+0700] {logging_mixin.py:190} INFO - [2024-10-20T23:01:52.655+0700] {dag.py:4180} INFO - Setting next_dagrun for example_params_ui_tutorial to None, run_after=None
[2024-10-20T23:01:52.700+0700] {processor.py:208} INFO - Processing /Users/punny/Documents/GitHub/NYC-Taxi-ETL-Pipeline/.venv/lib/python3.10/site-packages/airflow/example_dags/example_params_ui_tutorial.py took 0.598 seconds
[2024-10-21T01:17:17.656+0700] {processor.py:186} INFO - Started process (PID=32703) to work on /Users/punny/Documents/GitHub/NYC-Taxi-ETL-Pipeline/.venv/lib/python3.10/site-packages/airflow/example_dags/example_params_ui_tutorial.py
[2024-10-21T01:17:17.659+0700] {processor.py:914} INFO - Processing file /Users/punny/Documents/GitHub/NYC-Taxi-ETL-Pipeline/.venv/lib/python3.10/site-packages/airflow/example_dags/example_params_ui_tutorial.py for tasks to queue
[2024-10-21T01:17:17.660+0700] {logging_mixin.py:190} INFO - [2024-10-21T01:17:17.659+0700] {dagbag.py:588} INFO - Filling up the DagBag from /Users/punny/Documents/GitHub/NYC-Taxi-ETL-Pipeline/.venv/lib/python3.10/site-packages/airflow/example_dags/example_params_ui_tutorial.py
[2024-10-21T01:17:17.703+0700] {processor.py:925} INFO - DAG(s) 'example_params_ui_tutorial' retrieved from /Users/punny/Documents/GitHub/NYC-Taxi-ETL-Pipeline/.venv/lib/python3.10/site-packages/airflow/example_dags/example_params_ui_tutorial.py
[2024-10-21T01:17:18.094+0700] {logging_mixin.py:190} INFO - [2024-10-21T01:17:18.094+0700] {dag.py:3239} INFO - Sync 1 DAGs
[2024-10-21T01:17:18.108+0700] {logging_mixin.py:190} INFO - [2024-10-21T01:17:18.108+0700] {dag.py:4180} INFO - Setting next_dagrun for example_params_ui_tutorial to None, run_after=None
[2024-10-21T01:17:18.135+0700] {processor.py:208} INFO - Processing /Users/punny/Documents/GitHub/NYC-Taxi-ETL-Pipeline/.venv/lib/python3.10/site-packages/airflow/example_dags/example_params_ui_tutorial.py took 0.487 seconds
[2024-10-21T03:19:53.804+0700] {processor.py:186} INFO - Started process (PID=33387) to work on /Users/punny/Documents/GitHub/NYC-Taxi-ETL-Pipeline/.venv/lib/python3.10/site-packages/airflow/example_dags/example_params_ui_tutorial.py
[2024-10-21T03:19:53.807+0700] {processor.py:914} INFO - Processing file /Users/punny/Documents/GitHub/NYC-Taxi-ETL-Pipeline/.venv/lib/python3.10/site-packages/airflow/example_dags/example_params_ui_tutorial.py for tasks to queue
[2024-10-21T03:19:53.809+0700] {logging_mixin.py:190} INFO - [2024-10-21T03:19:53.808+0700] {dagbag.py:588} INFO - Filling up the DagBag from /Users/punny/Documents/GitHub/NYC-Taxi-ETL-Pipeline/.venv/lib/python3.10/site-packages/airflow/example_dags/example_params_ui_tutorial.py
[2024-10-21T03:19:53.863+0700] {processor.py:925} INFO - DAG(s) 'example_params_ui_tutorial' retrieved from /Users/punny/Documents/GitHub/NYC-Taxi-ETL-Pipeline/.venv/lib/python3.10/site-packages/airflow/example_dags/example_params_ui_tutorial.py
[2024-10-21T03:19:54.098+0700] {logging_mixin.py:190} INFO - [2024-10-21T03:19:54.097+0700] {dag.py:3239} INFO - Sync 1 DAGs
[2024-10-21T03:19:54.112+0700] {logging_mixin.py:190} INFO - [2024-10-21T03:19:54.112+0700] {dag.py:4180} INFO - Setting next_dagrun for example_params_ui_tutorial to None, run_after=None
[2024-10-21T03:19:54.135+0700] {processor.py:208} INFO - Processing /Users/punny/Documents/GitHub/NYC-Taxi-ETL-Pipeline/.venv/lib/python3.10/site-packages/airflow/example_dags/example_params_ui_tutorial.py took 0.339 seconds
