[2024-10-20T20:45:52.745+0700] {processor.py:186} INFO - Started process (PID=23180) to work on /Users/punny/Documents/GitHub/NYC-Taxi-ETL-Pipeline/.venv/lib/python3.10/site-packages/airflow/example_dags/example_bash_decorator.py
[2024-10-20T20:45:52.747+0700] {processor.py:914} INFO - Processing file /Users/punny/Documents/GitHub/NYC-Taxi-ETL-Pipeline/.venv/lib/python3.10/site-packages/airflow/example_dags/example_bash_decorator.py for tasks to queue
[2024-10-20T20:45:52.748+0700] {logging_mixin.py:190} INFO - [2024-10-20T20:45:52.748+0700] {dagbag.py:588} INFO - Filling up the DagBag from /Users/punny/Documents/GitHub/NYC-Taxi-ETL-Pipeline/.venv/lib/python3.10/site-packages/airflow/example_dags/example_bash_decorator.py
[2024-10-20T20:45:52.812+0700] {processor.py:925} INFO - DAG(s) 'example_bash_decorator' retrieved from /Users/punny/Documents/GitHub/NYC-Taxi-ETL-Pipeline/.venv/lib/python3.10/site-packages/airflow/example_dags/example_bash_decorator.py
[2024-10-20T20:45:53.178+0700] {logging_mixin.py:190} INFO - [2024-10-20T20:45:53.177+0700] {override.py:1907} INFO - Created Permission View: can delete on DAG:example_bash_decorator
[2024-10-20T20:45:53.189+0700] {logging_mixin.py:190} INFO - [2024-10-20T20:45:53.189+0700] {override.py:1907} INFO - Created Permission View: can read on DAG:example_bash_decorator
[2024-10-20T20:45:53.197+0700] {logging_mixin.py:190} INFO - [2024-10-20T20:45:53.197+0700] {override.py:1907} INFO - Created Permission View: can edit on DAG:example_bash_decorator
[2024-10-20T20:45:53.208+0700] {logging_mixin.py:190} INFO - [2024-10-20T20:45:53.207+0700] {override.py:1907} INFO - Created Permission View: can delete on DAG Run:example_bash_decorator
[2024-10-20T20:45:53.218+0700] {logging_mixin.py:190} INFO - [2024-10-20T20:45:53.217+0700] {override.py:1907} INFO - Created Permission View: can read on DAG Run:example_bash_decorator
[2024-10-20T20:45:53.231+0700] {logging_mixin.py:190} INFO - [2024-10-20T20:45:53.231+0700] {override.py:1907} INFO - Created Permission View: menu access on DAG Run:example_bash_decorator
[2024-10-20T20:45:53.239+0700] {logging_mixin.py:190} INFO - [2024-10-20T20:45:53.239+0700] {override.py:1907} INFO - Created Permission View: can create on DAG Run:example_bash_decorator
[2024-10-20T20:45:53.239+0700] {logging_mixin.py:190} INFO - [2024-10-20T20:45:53.239+0700] {dag.py:3239} INFO - Sync 1 DAGs
[2024-10-20T20:45:53.254+0700] {logging_mixin.py:190} INFO - [2024-10-20T20:45:53.254+0700] {dag.py:3262} INFO - Creating ORM DAG for example_bash_decorator
[2024-10-20T20:45:53.255+0700] {logging_mixin.py:190} INFO - [2024-10-20T20:45:53.254+0700] {dag.py:4180} INFO - Setting next_dagrun for example_bash_decorator to None, run_after=None
[2024-10-20T20:45:53.279+0700] {processor.py:208} INFO - Processing /Users/punny/Documents/GitHub/NYC-Taxi-ETL-Pipeline/.venv/lib/python3.10/site-packages/airflow/example_dags/example_bash_decorator.py took 0.542 seconds
[2024-10-20T20:52:21.925+0700] {processor.py:186} INFO - Started process (PID=24090) to work on /Users/punny/Documents/GitHub/NYC-Taxi-ETL-Pipeline/.venv/lib/python3.10/site-packages/airflow/example_dags/example_bash_decorator.py
[2024-10-20T20:52:21.933+0700] {processor.py:914} INFO - Processing file /Users/punny/Documents/GitHub/NYC-Taxi-ETL-Pipeline/.venv/lib/python3.10/site-packages/airflow/example_dags/example_bash_decorator.py for tasks to queue
[2024-10-20T20:52:21.937+0700] {logging_mixin.py:190} INFO - [2024-10-20T20:52:21.935+0700] {dagbag.py:588} INFO - Filling up the DagBag from /Users/punny/Documents/GitHub/NYC-Taxi-ETL-Pipeline/.venv/lib/python3.10/site-packages/airflow/example_dags/example_bash_decorator.py
[2024-10-20T20:52:22.073+0700] {processor.py:925} INFO - DAG(s) 'example_bash_decorator' retrieved from /Users/punny/Documents/GitHub/NYC-Taxi-ETL-Pipeline/.venv/lib/python3.10/site-packages/airflow/example_dags/example_bash_decorator.py
[2024-10-20T20:52:22.775+0700] {logging_mixin.py:190} INFO - [2024-10-20T20:52:22.775+0700] {dag.py:3239} INFO - Sync 1 DAGs
[2024-10-20T20:52:22.788+0700] {logging_mixin.py:190} INFO - [2024-10-20T20:52:22.788+0700] {dag.py:4180} INFO - Setting next_dagrun for example_bash_decorator to None, run_after=None
[2024-10-20T20:52:22.828+0700] {processor.py:208} INFO - Processing /Users/punny/Documents/GitHub/NYC-Taxi-ETL-Pipeline/.venv/lib/python3.10/site-packages/airflow/example_dags/example_bash_decorator.py took 0.915 seconds
[2024-10-20T20:59:10.822+0700] {processor.py:186} INFO - Started process (PID=25151) to work on /Users/punny/Documents/GitHub/NYC-Taxi-ETL-Pipeline/.venv/lib/python3.10/site-packages/airflow/example_dags/example_bash_decorator.py
[2024-10-20T20:59:10.827+0700] {processor.py:914} INFO - Processing file /Users/punny/Documents/GitHub/NYC-Taxi-ETL-Pipeline/.venv/lib/python3.10/site-packages/airflow/example_dags/example_bash_decorator.py for tasks to queue
[2024-10-20T20:59:10.829+0700] {logging_mixin.py:190} INFO - [2024-10-20T20:59:10.829+0700] {dagbag.py:588} INFO - Filling up the DagBag from /Users/punny/Documents/GitHub/NYC-Taxi-ETL-Pipeline/.venv/lib/python3.10/site-packages/airflow/example_dags/example_bash_decorator.py
[2024-10-20T20:59:10.915+0700] {processor.py:925} INFO - DAG(s) 'example_bash_decorator' retrieved from /Users/punny/Documents/GitHub/NYC-Taxi-ETL-Pipeline/.venv/lib/python3.10/site-packages/airflow/example_dags/example_bash_decorator.py
[2024-10-20T20:59:11.373+0700] {logging_mixin.py:190} INFO - [2024-10-20T20:59:11.373+0700] {dag.py:3239} INFO - Sync 1 DAGs
[2024-10-20T20:59:11.389+0700] {logging_mixin.py:190} INFO - [2024-10-20T20:59:11.389+0700] {dag.py:4180} INFO - Setting next_dagrun for example_bash_decorator to None, run_after=None
[2024-10-20T20:59:11.418+0700] {processor.py:208} INFO - Processing /Users/punny/Documents/GitHub/NYC-Taxi-ETL-Pipeline/.venv/lib/python3.10/site-packages/airflow/example_dags/example_bash_decorator.py took 0.610 seconds
[2024-10-20T21:06:42.656+0700] {processor.py:186} INFO - Started process (PID=26320) to work on /Users/punny/Documents/GitHub/NYC-Taxi-ETL-Pipeline/.venv/lib/python3.10/site-packages/airflow/example_dags/example_bash_decorator.py
[2024-10-20T21:06:42.660+0700] {processor.py:914} INFO - Processing file /Users/punny/Documents/GitHub/NYC-Taxi-ETL-Pipeline/.venv/lib/python3.10/site-packages/airflow/example_dags/example_bash_decorator.py for tasks to queue
[2024-10-20T21:06:42.661+0700] {logging_mixin.py:190} INFO - [2024-10-20T21:06:42.661+0700] {dagbag.py:588} INFO - Filling up the DagBag from /Users/punny/Documents/GitHub/NYC-Taxi-ETL-Pipeline/.venv/lib/python3.10/site-packages/airflow/example_dags/example_bash_decorator.py
[2024-10-20T21:06:42.742+0700] {processor.py:925} INFO - DAG(s) 'example_bash_decorator' retrieved from /Users/punny/Documents/GitHub/NYC-Taxi-ETL-Pipeline/.venv/lib/python3.10/site-packages/airflow/example_dags/example_bash_decorator.py
[2024-10-20T21:06:43.063+0700] {logging_mixin.py:190} INFO - [2024-10-20T21:06:43.062+0700] {dag.py:3239} INFO - Sync 1 DAGs
[2024-10-20T21:06:43.077+0700] {logging_mixin.py:190} INFO - [2024-10-20T21:06:43.077+0700] {dag.py:4180} INFO - Setting next_dagrun for example_bash_decorator to None, run_after=None
[2024-10-20T21:06:43.110+0700] {processor.py:208} INFO - Processing /Users/punny/Documents/GitHub/NYC-Taxi-ETL-Pipeline/.venv/lib/python3.10/site-packages/airflow/example_dags/example_bash_decorator.py took 0.461 seconds
[2024-10-20T21:27:50.271+0700] {processor.py:186} INFO - Started process (PID=27179) to work on /Users/punny/Documents/GitHub/NYC-Taxi-ETL-Pipeline/.venv/lib/python3.10/site-packages/airflow/example_dags/example_bash_decorator.py
[2024-10-20T21:27:50.279+0700] {processor.py:914} INFO - Processing file /Users/punny/Documents/GitHub/NYC-Taxi-ETL-Pipeline/.venv/lib/python3.10/site-packages/airflow/example_dags/example_bash_decorator.py for tasks to queue
[2024-10-20T21:27:50.282+0700] {logging_mixin.py:190} INFO - [2024-10-20T21:27:50.281+0700] {dagbag.py:588} INFO - Filling up the DagBag from /Users/punny/Documents/GitHub/NYC-Taxi-ETL-Pipeline/.venv/lib/python3.10/site-packages/airflow/example_dags/example_bash_decorator.py
[2024-10-20T21:27:50.401+0700] {processor.py:925} INFO - DAG(s) 'example_bash_decorator' retrieved from /Users/punny/Documents/GitHub/NYC-Taxi-ETL-Pipeline/.venv/lib/python3.10/site-packages/airflow/example_dags/example_bash_decorator.py
[2024-10-20T21:27:50.914+0700] {logging_mixin.py:190} INFO - [2024-10-20T21:27:50.913+0700] {dag.py:3239} INFO - Sync 1 DAGs
[2024-10-20T21:27:50.928+0700] {logging_mixin.py:190} INFO - [2024-10-20T21:27:50.928+0700] {dag.py:4180} INFO - Setting next_dagrun for example_bash_decorator to None, run_after=None
[2024-10-20T21:27:50.956+0700] {processor.py:208} INFO - Processing /Users/punny/Documents/GitHub/NYC-Taxi-ETL-Pipeline/.venv/lib/python3.10/site-packages/airflow/example_dags/example_bash_decorator.py took 0.696 seconds
[2024-10-20T21:59:06.947+0700] {processor.py:186} INFO - Started process (PID=31599) to work on /Users/punny/Documents/GitHub/NYC-Taxi-ETL-Pipeline/.venv/lib/python3.10/site-packages/airflow/example_dags/example_bash_decorator.py
[2024-10-20T21:59:06.950+0700] {processor.py:914} INFO - Processing file /Users/punny/Documents/GitHub/NYC-Taxi-ETL-Pipeline/.venv/lib/python3.10/site-packages/airflow/example_dags/example_bash_decorator.py for tasks to queue
[2024-10-20T21:59:06.951+0700] {logging_mixin.py:190} INFO - [2024-10-20T21:59:06.951+0700] {dagbag.py:588} INFO - Filling up the DagBag from /Users/punny/Documents/GitHub/NYC-Taxi-ETL-Pipeline/.venv/lib/python3.10/site-packages/airflow/example_dags/example_bash_decorator.py
[2024-10-20T21:59:07.014+0700] {processor.py:925} INFO - DAG(s) 'example_bash_decorator' retrieved from /Users/punny/Documents/GitHub/NYC-Taxi-ETL-Pipeline/.venv/lib/python3.10/site-packages/airflow/example_dags/example_bash_decorator.py
[2024-10-20T21:59:07.366+0700] {logging_mixin.py:190} INFO - [2024-10-20T21:59:07.365+0700] {dag.py:3239} INFO - Sync 1 DAGs
[2024-10-20T21:59:07.378+0700] {logging_mixin.py:190} INFO - [2024-10-20T21:59:07.378+0700] {dag.py:4180} INFO - Setting next_dagrun for example_bash_decorator to None, run_after=None
[2024-10-20T21:59:07.403+0700] {processor.py:208} INFO - Processing /Users/punny/Documents/GitHub/NYC-Taxi-ETL-Pipeline/.venv/lib/python3.10/site-packages/airflow/example_dags/example_bash_decorator.py took 0.464 seconds
[2024-10-21T02:03:03.317+0700] {processor.py:186} INFO - Started process (PID=32957) to work on /Users/punny/Documents/GitHub/NYC-Taxi-ETL-Pipeline/.venv/lib/python3.10/site-packages/airflow/example_dags/example_bash_decorator.py
[2024-10-21T02:03:03.320+0700] {processor.py:914} INFO - Processing file /Users/punny/Documents/GitHub/NYC-Taxi-ETL-Pipeline/.venv/lib/python3.10/site-packages/airflow/example_dags/example_bash_decorator.py for tasks to queue
[2024-10-21T02:03:03.322+0700] {logging_mixin.py:190} INFO - [2024-10-21T02:03:03.321+0700] {dagbag.py:588} INFO - Filling up the DagBag from /Users/punny/Documents/GitHub/NYC-Taxi-ETL-Pipeline/.venv/lib/python3.10/site-packages/airflow/example_dags/example_bash_decorator.py
[2024-10-21T02:03:03.386+0700] {processor.py:925} INFO - DAG(s) 'example_bash_decorator' retrieved from /Users/punny/Documents/GitHub/NYC-Taxi-ETL-Pipeline/.venv/lib/python3.10/site-packages/airflow/example_dags/example_bash_decorator.py
[2024-10-21T02:03:03.754+0700] {logging_mixin.py:190} INFO - [2024-10-21T02:03:03.754+0700] {dag.py:3239} INFO - Sync 1 DAGs
[2024-10-21T02:03:03.769+0700] {logging_mixin.py:190} INFO - [2024-10-21T02:03:03.769+0700] {dag.py:4180} INFO - Setting next_dagrun for example_bash_decorator to None, run_after=None
[2024-10-21T02:03:03.793+0700] {processor.py:208} INFO - Processing /Users/punny/Documents/GitHub/NYC-Taxi-ETL-Pipeline/.venv/lib/python3.10/site-packages/airflow/example_dags/example_bash_decorator.py took 0.483 seconds
