[2024-10-20T20:43:14.810+0700] {processor.py:186} INFO - Started process (PID=22707) to work on /Users/punny/Documents/GitHub/NYC-Taxi-ETL-Pipeline/.venv/lib/python3.10/site-packages/airflow/example_dags/example_setup_teardown_taskflow.py
[2024-10-20T20:43:14.813+0700] {processor.py:914} INFO - Processing file /Users/punny/Documents/GitHub/NYC-Taxi-ETL-Pipeline/.venv/lib/python3.10/site-packages/airflow/example_dags/example_setup_teardown_taskflow.py for tasks to queue
[2024-10-20T20:43:14.814+0700] {logging_mixin.py:190} INFO - [2024-10-20T20:43:14.814+0700] {dagbag.py:588} INFO - Filling up the DagBag from /Users/punny/Documents/GitHub/NYC-Taxi-ETL-Pipeline/.venv/lib/python3.10/site-packages/airflow/example_dags/example_setup_teardown_taskflow.py
[2024-10-20T20:43:14.870+0700] {processor.py:925} INFO - DAG(s) 'example_setup_teardown_taskflow' retrieved from /Users/punny/Documents/GitHub/NYC-Taxi-ETL-Pipeline/.venv/lib/python3.10/site-packages/airflow/example_dags/example_setup_teardown_taskflow.py
[2024-10-20T20:43:15.217+0700] {logging_mixin.py:190} INFO - [2024-10-20T20:43:15.216+0700] {override.py:1907} INFO - Created Permission View: can read on DAG:example_setup_teardown_taskflow
[2024-10-20T20:43:15.232+0700] {logging_mixin.py:190} INFO - [2024-10-20T20:43:15.231+0700] {override.py:1907} INFO - Created Permission View: can delete on DAG:example_setup_teardown_taskflow
[2024-10-20T20:43:15.241+0700] {logging_mixin.py:190} INFO - [2024-10-20T20:43:15.240+0700] {override.py:1907} INFO - Created Permission View: can edit on DAG:example_setup_teardown_taskflow
[2024-10-20T20:43:15.262+0700] {logging_mixin.py:190} INFO - [2024-10-20T20:43:15.262+0700] {override.py:1907} INFO - Created Permission View: can read on DAG Run:example_setup_teardown_taskflow
[2024-10-20T20:43:15.271+0700] {logging_mixin.py:190} INFO - [2024-10-20T20:43:15.271+0700] {override.py:1907} INFO - Created Permission View: can create on DAG Run:example_setup_teardown_taskflow
[2024-10-20T20:43:15.280+0700] {logging_mixin.py:190} INFO - [2024-10-20T20:43:15.280+0700] {override.py:1907} INFO - Created Permission View: can delete on DAG Run:example_setup_teardown_taskflow
[2024-10-20T20:43:15.288+0700] {logging_mixin.py:190} INFO - [2024-10-20T20:43:15.288+0700] {override.py:1907} INFO - Created Permission View: menu access on DAG Run:example_setup_teardown_taskflow
[2024-10-20T20:43:15.289+0700] {logging_mixin.py:190} INFO - [2024-10-20T20:43:15.289+0700] {dag.py:3239} INFO - Sync 1 DAGs
[2024-10-20T20:43:15.305+0700] {logging_mixin.py:190} INFO - [2024-10-20T20:43:15.305+0700] {dag.py:3262} INFO - Creating ORM DAG for example_setup_teardown_taskflow
[2024-10-20T20:43:15.306+0700] {logging_mixin.py:190} INFO - [2024-10-20T20:43:15.306+0700] {dag.py:4180} INFO - Setting next_dagrun for example_setup_teardown_taskflow to None, run_after=None
[2024-10-20T20:43:15.331+0700] {processor.py:208} INFO - Processing /Users/punny/Documents/GitHub/NYC-Taxi-ETL-Pipeline/.venv/lib/python3.10/site-packages/airflow/example_dags/example_setup_teardown_taskflow.py took 0.531 seconds
[2024-10-20T20:47:26.170+0700] {processor.py:186} INFO - Started process (PID=23406) to work on /Users/punny/Documents/GitHub/NYC-Taxi-ETL-Pipeline/.venv/lib/python3.10/site-packages/airflow/example_dags/example_setup_teardown_taskflow.py
[2024-10-20T20:47:26.173+0700] {processor.py:914} INFO - Processing file /Users/punny/Documents/GitHub/NYC-Taxi-ETL-Pipeline/.venv/lib/python3.10/site-packages/airflow/example_dags/example_setup_teardown_taskflow.py for tasks to queue
[2024-10-20T20:47:26.174+0700] {logging_mixin.py:190} INFO - [2024-10-20T20:47:26.174+0700] {dagbag.py:588} INFO - Filling up the DagBag from /Users/punny/Documents/GitHub/NYC-Taxi-ETL-Pipeline/.venv/lib/python3.10/site-packages/airflow/example_dags/example_setup_teardown_taskflow.py
[2024-10-20T20:47:26.221+0700] {processor.py:925} INFO - DAG(s) 'example_setup_teardown_taskflow' retrieved from /Users/punny/Documents/GitHub/NYC-Taxi-ETL-Pipeline/.venv/lib/python3.10/site-packages/airflow/example_dags/example_setup_teardown_taskflow.py
[2024-10-20T20:47:26.414+0700] {logging_mixin.py:190} INFO - [2024-10-20T20:47:26.413+0700] {dag.py:3239} INFO - Sync 1 DAGs
[2024-10-20T20:47:26.428+0700] {logging_mixin.py:190} INFO - [2024-10-20T20:47:26.428+0700] {dag.py:4180} INFO - Setting next_dagrun for example_setup_teardown_taskflow to None, run_after=None
[2024-10-20T20:47:26.450+0700] {processor.py:208} INFO - Processing /Users/punny/Documents/GitHub/NYC-Taxi-ETL-Pipeline/.venv/lib/python3.10/site-packages/airflow/example_dags/example_setup_teardown_taskflow.py took 0.289 seconds
[2024-10-20T20:50:47.146+0700] {processor.py:186} INFO - Started process (PID=23862) to work on /Users/punny/Documents/GitHub/NYC-Taxi-ETL-Pipeline/.venv/lib/python3.10/site-packages/airflow/example_dags/example_setup_teardown_taskflow.py
[2024-10-20T20:50:47.150+0700] {processor.py:914} INFO - Processing file /Users/punny/Documents/GitHub/NYC-Taxi-ETL-Pipeline/.venv/lib/python3.10/site-packages/airflow/example_dags/example_setup_teardown_taskflow.py for tasks to queue
[2024-10-20T20:50:47.151+0700] {logging_mixin.py:190} INFO - [2024-10-20T20:50:47.151+0700] {dagbag.py:588} INFO - Filling up the DagBag from /Users/punny/Documents/GitHub/NYC-Taxi-ETL-Pipeline/.venv/lib/python3.10/site-packages/airflow/example_dags/example_setup_teardown_taskflow.py
[2024-10-20T20:50:47.197+0700] {processor.py:925} INFO - DAG(s) 'example_setup_teardown_taskflow' retrieved from /Users/punny/Documents/GitHub/NYC-Taxi-ETL-Pipeline/.venv/lib/python3.10/site-packages/airflow/example_dags/example_setup_teardown_taskflow.py
[2024-10-20T20:50:47.524+0700] {logging_mixin.py:190} INFO - [2024-10-20T20:50:47.524+0700] {dag.py:3239} INFO - Sync 1 DAGs
[2024-10-20T20:50:47.540+0700] {logging_mixin.py:190} INFO - [2024-10-20T20:50:47.540+0700] {dag.py:4180} INFO - Setting next_dagrun for example_setup_teardown_taskflow to None, run_after=None
[2024-10-20T20:50:47.561+0700] {processor.py:208} INFO - Processing /Users/punny/Documents/GitHub/NYC-Taxi-ETL-Pipeline/.venv/lib/python3.10/site-packages/airflow/example_dags/example_setup_teardown_taskflow.py took 0.423 seconds
[2024-10-20T20:54:10.557+0700] {processor.py:186} INFO - Started process (PID=24382) to work on /Users/punny/Documents/GitHub/NYC-Taxi-ETL-Pipeline/.venv/lib/python3.10/site-packages/airflow/example_dags/example_setup_teardown_taskflow.py
[2024-10-20T20:54:10.560+0700] {processor.py:914} INFO - Processing file /Users/punny/Documents/GitHub/NYC-Taxi-ETL-Pipeline/.venv/lib/python3.10/site-packages/airflow/example_dags/example_setup_teardown_taskflow.py for tasks to queue
[2024-10-20T20:54:10.561+0700] {logging_mixin.py:190} INFO - [2024-10-20T20:54:10.561+0700] {dagbag.py:588} INFO - Filling up the DagBag from /Users/punny/Documents/GitHub/NYC-Taxi-ETL-Pipeline/.venv/lib/python3.10/site-packages/airflow/example_dags/example_setup_teardown_taskflow.py
[2024-10-20T20:54:10.607+0700] {processor.py:925} INFO - DAG(s) 'example_setup_teardown_taskflow' retrieved from /Users/punny/Documents/GitHub/NYC-Taxi-ETL-Pipeline/.venv/lib/python3.10/site-packages/airflow/example_dags/example_setup_teardown_taskflow.py
[2024-10-20T20:54:10.800+0700] {logging_mixin.py:190} INFO - [2024-10-20T20:54:10.799+0700] {dag.py:3239} INFO - Sync 1 DAGs
[2024-10-20T20:54:10.814+0700] {logging_mixin.py:190} INFO - [2024-10-20T20:54:10.814+0700] {dag.py:4180} INFO - Setting next_dagrun for example_setup_teardown_taskflow to None, run_after=None
[2024-10-20T20:54:10.836+0700] {processor.py:208} INFO - Processing /Users/punny/Documents/GitHub/NYC-Taxi-ETL-Pipeline/.venv/lib/python3.10/site-packages/airflow/example_dags/example_setup_teardown_taskflow.py took 0.286 seconds
[2024-10-20T20:57:34.699+0700] {processor.py:186} INFO - Started process (PID=24852) to work on /Users/punny/Documents/GitHub/NYC-Taxi-ETL-Pipeline/.venv/lib/python3.10/site-packages/airflow/example_dags/example_setup_teardown_taskflow.py
[2024-10-20T20:57:34.702+0700] {processor.py:914} INFO - Processing file /Users/punny/Documents/GitHub/NYC-Taxi-ETL-Pipeline/.venv/lib/python3.10/site-packages/airflow/example_dags/example_setup_teardown_taskflow.py for tasks to queue
[2024-10-20T20:57:34.705+0700] {logging_mixin.py:190} INFO - [2024-10-20T20:57:34.704+0700] {dagbag.py:588} INFO - Filling up the DagBag from /Users/punny/Documents/GitHub/NYC-Taxi-ETL-Pipeline/.venv/lib/python3.10/site-packages/airflow/example_dags/example_setup_teardown_taskflow.py
[2024-10-20T20:57:34.779+0700] {processor.py:925} INFO - DAG(s) 'example_setup_teardown_taskflow' retrieved from /Users/punny/Documents/GitHub/NYC-Taxi-ETL-Pipeline/.venv/lib/python3.10/site-packages/airflow/example_dags/example_setup_teardown_taskflow.py
[2024-10-20T20:57:35.216+0700] {logging_mixin.py:190} INFO - [2024-10-20T20:57:35.215+0700] {dag.py:3239} INFO - Sync 1 DAGs
[2024-10-20T20:57:35.245+0700] {logging_mixin.py:190} INFO - [2024-10-20T20:57:35.244+0700] {dag.py:4180} INFO - Setting next_dagrun for example_setup_teardown_taskflow to None, run_after=None
[2024-10-20T20:57:35.277+0700] {processor.py:208} INFO - Processing /Users/punny/Documents/GitHub/NYC-Taxi-ETL-Pipeline/.venv/lib/python3.10/site-packages/airflow/example_dags/example_setup_teardown_taskflow.py took 0.584 seconds
[2024-10-20T21:01:06.722+0700] {processor.py:186} INFO - Started process (PID=25506) to work on /Users/punny/Documents/GitHub/NYC-Taxi-ETL-Pipeline/.venv/lib/python3.10/site-packages/airflow/example_dags/example_setup_teardown_taskflow.py
[2024-10-20T21:01:06.752+0700] {processor.py:914} INFO - Processing file /Users/punny/Documents/GitHub/NYC-Taxi-ETL-Pipeline/.venv/lib/python3.10/site-packages/airflow/example_dags/example_setup_teardown_taskflow.py for tasks to queue
[2024-10-20T21:01:06.756+0700] {logging_mixin.py:190} INFO - [2024-10-20T21:01:06.754+0700] {dagbag.py:588} INFO - Filling up the DagBag from /Users/punny/Documents/GitHub/NYC-Taxi-ETL-Pipeline/.venv/lib/python3.10/site-packages/airflow/example_dags/example_setup_teardown_taskflow.py
[2024-10-20T21:01:06.934+0700] {processor.py:925} INFO - DAG(s) 'example_setup_teardown_taskflow' retrieved from /Users/punny/Documents/GitHub/NYC-Taxi-ETL-Pipeline/.venv/lib/python3.10/site-packages/airflow/example_dags/example_setup_teardown_taskflow.py
[2024-10-20T21:01:07.346+0700] {logging_mixin.py:190} INFO - [2024-10-20T21:01:07.345+0700] {dag.py:3239} INFO - Sync 1 DAGs
[2024-10-20T21:01:07.370+0700] {logging_mixin.py:190} INFO - [2024-10-20T21:01:07.370+0700] {dag.py:4180} INFO - Setting next_dagrun for example_setup_teardown_taskflow to None, run_after=None
[2024-10-20T21:01:07.398+0700] {processor.py:208} INFO - Processing /Users/punny/Documents/GitHub/NYC-Taxi-ETL-Pipeline/.venv/lib/python3.10/site-packages/airflow/example_dags/example_setup_teardown_taskflow.py took 0.689 seconds
[2024-10-20T21:04:35.180+0700] {processor.py:186} INFO - Started process (PID=26008) to work on /Users/punny/Documents/GitHub/NYC-Taxi-ETL-Pipeline/.venv/lib/python3.10/site-packages/airflow/example_dags/example_setup_teardown_taskflow.py
[2024-10-20T21:04:35.185+0700] {processor.py:914} INFO - Processing file /Users/punny/Documents/GitHub/NYC-Taxi-ETL-Pipeline/.venv/lib/python3.10/site-packages/airflow/example_dags/example_setup_teardown_taskflow.py for tasks to queue
[2024-10-20T21:04:35.186+0700] {logging_mixin.py:190} INFO - [2024-10-20T21:04:35.186+0700] {dagbag.py:588} INFO - Filling up the DagBag from /Users/punny/Documents/GitHub/NYC-Taxi-ETL-Pipeline/.venv/lib/python3.10/site-packages/airflow/example_dags/example_setup_teardown_taskflow.py
[2024-10-20T21:04:35.251+0700] {processor.py:925} INFO - DAG(s) 'example_setup_teardown_taskflow' retrieved from /Users/punny/Documents/GitHub/NYC-Taxi-ETL-Pipeline/.venv/lib/python3.10/site-packages/airflow/example_dags/example_setup_teardown_taskflow.py
[2024-10-20T21:04:35.714+0700] {logging_mixin.py:190} INFO - [2024-10-20T21:04:35.714+0700] {dag.py:3239} INFO - Sync 1 DAGs
[2024-10-20T21:04:35.730+0700] {logging_mixin.py:190} INFO - [2024-10-20T21:04:35.730+0700] {dag.py:4180} INFO - Setting next_dagrun for example_setup_teardown_taskflow to None, run_after=None
[2024-10-20T21:04:35.757+0700] {processor.py:208} INFO - Processing /Users/punny/Documents/GitHub/NYC-Taxi-ETL-Pipeline/.venv/lib/python3.10/site-packages/airflow/example_dags/example_setup_teardown_taskflow.py took 0.586 seconds
[2024-10-20T21:08:16.003+0700] {processor.py:186} INFO - Started process (PID=26512) to work on /Users/punny/Documents/GitHub/NYC-Taxi-ETL-Pipeline/.venv/lib/python3.10/site-packages/airflow/example_dags/example_setup_teardown_taskflow.py
[2024-10-20T21:08:16.006+0700] {processor.py:914} INFO - Processing file /Users/punny/Documents/GitHub/NYC-Taxi-ETL-Pipeline/.venv/lib/python3.10/site-packages/airflow/example_dags/example_setup_teardown_taskflow.py for tasks to queue
[2024-10-20T21:08:16.007+0700] {logging_mixin.py:190} INFO - [2024-10-20T21:08:16.007+0700] {dagbag.py:588} INFO - Filling up the DagBag from /Users/punny/Documents/GitHub/NYC-Taxi-ETL-Pipeline/.venv/lib/python3.10/site-packages/airflow/example_dags/example_setup_teardown_taskflow.py
[2024-10-20T21:08:16.054+0700] {processor.py:925} INFO - DAG(s) 'example_setup_teardown_taskflow' retrieved from /Users/punny/Documents/GitHub/NYC-Taxi-ETL-Pipeline/.venv/lib/python3.10/site-packages/airflow/example_dags/example_setup_teardown_taskflow.py
[2024-10-20T21:08:16.267+0700] {logging_mixin.py:190} INFO - [2024-10-20T21:08:16.267+0700] {dag.py:3239} INFO - Sync 1 DAGs
[2024-10-20T21:08:16.281+0700] {logging_mixin.py:190} INFO - [2024-10-20T21:08:16.281+0700] {dag.py:4180} INFO - Setting next_dagrun for example_setup_teardown_taskflow to None, run_after=None
[2024-10-20T21:08:16.303+0700] {processor.py:208} INFO - Processing /Users/punny/Documents/GitHub/NYC-Taxi-ETL-Pipeline/.venv/lib/python3.10/site-packages/airflow/example_dags/example_setup_teardown_taskflow.py took 0.308 seconds
[2024-10-20T21:11:11.939+0700] {processor.py:186} INFO - Started process (PID=26867) to work on /Users/punny/Documents/GitHub/NYC-Taxi-ETL-Pipeline/.venv/lib/python3.10/site-packages/airflow/example_dags/example_setup_teardown_taskflow.py
[2024-10-20T21:11:11.942+0700] {processor.py:914} INFO - Processing file /Users/punny/Documents/GitHub/NYC-Taxi-ETL-Pipeline/.venv/lib/python3.10/site-packages/airflow/example_dags/example_setup_teardown_taskflow.py for tasks to queue
[2024-10-20T21:11:11.943+0700] {logging_mixin.py:190} INFO - [2024-10-20T21:11:11.943+0700] {dagbag.py:588} INFO - Filling up the DagBag from /Users/punny/Documents/GitHub/NYC-Taxi-ETL-Pipeline/.venv/lib/python3.10/site-packages/airflow/example_dags/example_setup_teardown_taskflow.py
[2024-10-20T21:11:11.989+0700] {processor.py:925} INFO - DAG(s) 'example_setup_teardown_taskflow' retrieved from /Users/punny/Documents/GitHub/NYC-Taxi-ETL-Pipeline/.venv/lib/python3.10/site-packages/airflow/example_dags/example_setup_teardown_taskflow.py
[2024-10-20T21:11:12.184+0700] {logging_mixin.py:190} INFO - [2024-10-20T21:11:12.184+0700] {dag.py:3239} INFO - Sync 1 DAGs
[2024-10-20T21:11:12.199+0700] {logging_mixin.py:190} INFO - [2024-10-20T21:11:12.199+0700] {dag.py:4180} INFO - Setting next_dagrun for example_setup_teardown_taskflow to None, run_after=None
[2024-10-20T21:11:12.221+0700] {processor.py:208} INFO - Processing /Users/punny/Documents/GitHub/NYC-Taxi-ETL-Pipeline/.venv/lib/python3.10/site-packages/airflow/example_dags/example_setup_teardown_taskflow.py took 0.290 seconds
[2024-10-20T21:29:41.196+0700] {processor.py:186} INFO - Started process (PID=27544) to work on /Users/punny/Documents/GitHub/NYC-Taxi-ETL-Pipeline/.venv/lib/python3.10/site-packages/airflow/example_dags/example_setup_teardown_taskflow.py
[2024-10-20T21:29:41.200+0700] {processor.py:914} INFO - Processing file /Users/punny/Documents/GitHub/NYC-Taxi-ETL-Pipeline/.venv/lib/python3.10/site-packages/airflow/example_dags/example_setup_teardown_taskflow.py for tasks to queue
[2024-10-20T21:29:41.201+0700] {logging_mixin.py:190} INFO - [2024-10-20T21:29:41.201+0700] {dagbag.py:588} INFO - Filling up the DagBag from /Users/punny/Documents/GitHub/NYC-Taxi-ETL-Pipeline/.venv/lib/python3.10/site-packages/airflow/example_dags/example_setup_teardown_taskflow.py
[2024-10-20T21:29:41.248+0700] {processor.py:925} INFO - DAG(s) 'example_setup_teardown_taskflow' retrieved from /Users/punny/Documents/GitHub/NYC-Taxi-ETL-Pipeline/.venv/lib/python3.10/site-packages/airflow/example_dags/example_setup_teardown_taskflow.py
[2024-10-20T21:29:41.447+0700] {logging_mixin.py:190} INFO - [2024-10-20T21:29:41.447+0700] {dag.py:3239} INFO - Sync 1 DAGs
[2024-10-20T21:29:41.463+0700] {logging_mixin.py:190} INFO - [2024-10-20T21:29:41.462+0700] {dag.py:4180} INFO - Setting next_dagrun for example_setup_teardown_taskflow to None, run_after=None
[2024-10-20T21:29:41.503+0700] {processor.py:208} INFO - Processing /Users/punny/Documents/GitHub/NYC-Taxi-ETL-Pipeline/.venv/lib/python3.10/site-packages/airflow/example_dags/example_setup_teardown_taskflow.py took 0.317 seconds
[2024-10-20T21:33:24.695+0700] {processor.py:186} INFO - Started process (PID=28165) to work on /Users/punny/Documents/GitHub/NYC-Taxi-ETL-Pipeline/.venv/lib/python3.10/site-packages/airflow/example_dags/example_setup_teardown_taskflow.py
[2024-10-20T21:33:24.699+0700] {processor.py:914} INFO - Processing file /Users/punny/Documents/GitHub/NYC-Taxi-ETL-Pipeline/.venv/lib/python3.10/site-packages/airflow/example_dags/example_setup_teardown_taskflow.py for tasks to queue
[2024-10-20T21:33:24.701+0700] {logging_mixin.py:190} INFO - [2024-10-20T21:33:24.701+0700] {dagbag.py:588} INFO - Filling up the DagBag from /Users/punny/Documents/GitHub/NYC-Taxi-ETL-Pipeline/.venv/lib/python3.10/site-packages/airflow/example_dags/example_setup_teardown_taskflow.py
[2024-10-20T21:33:24.784+0700] {processor.py:925} INFO - DAG(s) 'example_setup_teardown_taskflow' retrieved from /Users/punny/Documents/GitHub/NYC-Taxi-ETL-Pipeline/.venv/lib/python3.10/site-packages/airflow/example_dags/example_setup_teardown_taskflow.py
[2024-10-20T21:33:25.126+0700] {logging_mixin.py:190} INFO - [2024-10-20T21:33:25.126+0700] {dag.py:3239} INFO - Sync 1 DAGs
[2024-10-20T21:33:25.148+0700] {logging_mixin.py:190} INFO - [2024-10-20T21:33:25.148+0700] {dag.py:4180} INFO - Setting next_dagrun for example_setup_teardown_taskflow to None, run_after=None
[2024-10-20T21:33:25.181+0700] {processor.py:208} INFO - Processing /Users/punny/Documents/GitHub/NYC-Taxi-ETL-Pipeline/.venv/lib/python3.10/site-packages/airflow/example_dags/example_setup_teardown_taskflow.py took 0.494 seconds
[2024-10-20T21:56:52.297+0700] {processor.py:186} INFO - Started process (PID=31239) to work on /Users/punny/Documents/GitHub/NYC-Taxi-ETL-Pipeline/.venv/lib/python3.10/site-packages/airflow/example_dags/example_setup_teardown_taskflow.py
[2024-10-20T21:56:52.302+0700] {processor.py:914} INFO - Processing file /Users/punny/Documents/GitHub/NYC-Taxi-ETL-Pipeline/.venv/lib/python3.10/site-packages/airflow/example_dags/example_setup_teardown_taskflow.py for tasks to queue
[2024-10-20T21:56:52.304+0700] {logging_mixin.py:190} INFO - [2024-10-20T21:56:52.304+0700] {dagbag.py:588} INFO - Filling up the DagBag from /Users/punny/Documents/GitHub/NYC-Taxi-ETL-Pipeline/.venv/lib/python3.10/site-packages/airflow/example_dags/example_setup_teardown_taskflow.py
[2024-10-20T21:56:52.378+0700] {processor.py:925} INFO - DAG(s) 'example_setup_teardown_taskflow' retrieved from /Users/punny/Documents/GitHub/NYC-Taxi-ETL-Pipeline/.venv/lib/python3.10/site-packages/airflow/example_dags/example_setup_teardown_taskflow.py
[2024-10-20T21:56:52.717+0700] {logging_mixin.py:190} INFO - [2024-10-20T21:56:52.716+0700] {dag.py:3239} INFO - Sync 1 DAGs
[2024-10-20T21:56:52.737+0700] {logging_mixin.py:190} INFO - [2024-10-20T21:56:52.737+0700] {dag.py:4180} INFO - Setting next_dagrun for example_setup_teardown_taskflow to None, run_after=None
[2024-10-20T21:56:52.772+0700] {processor.py:208} INFO - Processing /Users/punny/Documents/GitHub/NYC-Taxi-ETL-Pipeline/.venv/lib/python3.10/site-packages/airflow/example_dags/example_setup_teardown_taskflow.py took 0.483 seconds
[2024-10-20T22:46:13.530+0700] {processor.py:186} INFO - Started process (PID=31959) to work on /Users/punny/Documents/GitHub/NYC-Taxi-ETL-Pipeline/.venv/lib/python3.10/site-packages/airflow/example_dags/example_setup_teardown_taskflow.py
[2024-10-20T22:46:13.533+0700] {processor.py:914} INFO - Processing file /Users/punny/Documents/GitHub/NYC-Taxi-ETL-Pipeline/.venv/lib/python3.10/site-packages/airflow/example_dags/example_setup_teardown_taskflow.py for tasks to queue
[2024-10-20T22:46:13.535+0700] {logging_mixin.py:190} INFO - [2024-10-20T22:46:13.535+0700] {dagbag.py:588} INFO - Filling up the DagBag from /Users/punny/Documents/GitHub/NYC-Taxi-ETL-Pipeline/.venv/lib/python3.10/site-packages/airflow/example_dags/example_setup_teardown_taskflow.py
[2024-10-20T22:46:13.581+0700] {processor.py:925} INFO - DAG(s) 'example_setup_teardown_taskflow' retrieved from /Users/punny/Documents/GitHub/NYC-Taxi-ETL-Pipeline/.venv/lib/python3.10/site-packages/airflow/example_dags/example_setup_teardown_taskflow.py
[2024-10-20T22:46:13.776+0700] {logging_mixin.py:190} INFO - [2024-10-20T22:46:13.775+0700] {dag.py:3239} INFO - Sync 1 DAGs
[2024-10-20T22:46:13.790+0700] {logging_mixin.py:190} INFO - [2024-10-20T22:46:13.790+0700] {dag.py:4180} INFO - Setting next_dagrun for example_setup_teardown_taskflow to None, run_after=None
[2024-10-20T22:46:13.811+0700] {processor.py:208} INFO - Processing /Users/punny/Documents/GitHub/NYC-Taxi-ETL-Pipeline/.venv/lib/python3.10/site-packages/airflow/example_dags/example_setup_teardown_taskflow.py took 0.287 seconds
[2024-10-21T01:01:38.904+0700] {processor.py:186} INFO - Started process (PID=32626) to work on /Users/punny/Documents/GitHub/NYC-Taxi-ETL-Pipeline/.venv/lib/python3.10/site-packages/airflow/example_dags/example_setup_teardown_taskflow.py
[2024-10-21T01:01:38.907+0700] {processor.py:914} INFO - Processing file /Users/punny/Documents/GitHub/NYC-Taxi-ETL-Pipeline/.venv/lib/python3.10/site-packages/airflow/example_dags/example_setup_teardown_taskflow.py for tasks to queue
[2024-10-21T01:01:38.908+0700] {logging_mixin.py:190} INFO - [2024-10-21T01:01:38.907+0700] {dagbag.py:588} INFO - Filling up the DagBag from /Users/punny/Documents/GitHub/NYC-Taxi-ETL-Pipeline/.venv/lib/python3.10/site-packages/airflow/example_dags/example_setup_teardown_taskflow.py
[2024-10-21T01:01:38.953+0700] {processor.py:925} INFO - DAG(s) 'example_setup_teardown_taskflow' retrieved from /Users/punny/Documents/GitHub/NYC-Taxi-ETL-Pipeline/.venv/lib/python3.10/site-packages/airflow/example_dags/example_setup_teardown_taskflow.py
[2024-10-21T01:01:39.137+0700] {logging_mixin.py:190} INFO - [2024-10-21T01:01:39.137+0700] {dag.py:3239} INFO - Sync 1 DAGs
[2024-10-21T01:01:39.151+0700] {logging_mixin.py:190} INFO - [2024-10-21T01:01:39.151+0700] {dag.py:4180} INFO - Setting next_dagrun for example_setup_teardown_taskflow to None, run_after=None
[2024-10-21T01:01:39.172+0700] {processor.py:208} INFO - Processing /Users/punny/Documents/GitHub/NYC-Taxi-ETL-Pipeline/.venv/lib/python3.10/site-packages/airflow/example_dags/example_setup_teardown_taskflow.py took 0.277 seconds
[2024-10-21T03:04:13.636+0700] {processor.py:186} INFO - Started process (PID=33317) to work on /Users/punny/Documents/GitHub/NYC-Taxi-ETL-Pipeline/.venv/lib/python3.10/site-packages/airflow/example_dags/example_setup_teardown_taskflow.py
[2024-10-21T03:04:13.639+0700] {processor.py:914} INFO - Processing file /Users/punny/Documents/GitHub/NYC-Taxi-ETL-Pipeline/.venv/lib/python3.10/site-packages/airflow/example_dags/example_setup_teardown_taskflow.py for tasks to queue
[2024-10-21T03:04:13.640+0700] {logging_mixin.py:190} INFO - [2024-10-21T03:04:13.640+0700] {dagbag.py:588} INFO - Filling up the DagBag from /Users/punny/Documents/GitHub/NYC-Taxi-ETL-Pipeline/.venv/lib/python3.10/site-packages/airflow/example_dags/example_setup_teardown_taskflow.py
[2024-10-21T03:04:13.687+0700] {processor.py:925} INFO - DAG(s) 'example_setup_teardown_taskflow' retrieved from /Users/punny/Documents/GitHub/NYC-Taxi-ETL-Pipeline/.venv/lib/python3.10/site-packages/airflow/example_dags/example_setup_teardown_taskflow.py
[2024-10-21T03:04:13.876+0700] {logging_mixin.py:190} INFO - [2024-10-21T03:04:13.875+0700] {dag.py:3239} INFO - Sync 1 DAGs
[2024-10-21T03:04:13.890+0700] {logging_mixin.py:190} INFO - [2024-10-21T03:04:13.890+0700] {dag.py:4180} INFO - Setting next_dagrun for example_setup_teardown_taskflow to None, run_after=None
[2024-10-21T03:04:13.912+0700] {processor.py:208} INFO - Processing /Users/punny/Documents/GitHub/NYC-Taxi-ETL-Pipeline/.venv/lib/python3.10/site-packages/airflow/example_dags/example_setup_teardown_taskflow.py took 0.284 seconds
