[2024-10-20T20:45:12.397+0700] {processor.py:186} INFO - Started process (PID=23066) to work on /Users/punny/Documents/GitHub/NYC-Taxi-ETL-Pipeline/.venv/lib/python3.10/site-packages/airflow/example_dags/example_dag_decorator.py
[2024-10-20T20:45:12.400+0700] {processor.py:914} INFO - Processing file /Users/punny/Documents/GitHub/NYC-Taxi-ETL-Pipeline/.venv/lib/python3.10/site-packages/airflow/example_dags/example_dag_decorator.py for tasks to queue
[2024-10-20T20:45:12.401+0700] {logging_mixin.py:190} INFO - [2024-10-20T20:45:12.400+0700] {dagbag.py:588} INFO - Filling up the DagBag from /Users/punny/Documents/GitHub/NYC-Taxi-ETL-Pipeline/.venv/lib/python3.10/site-packages/airflow/example_dags/example_dag_decorator.py
[2024-10-20T20:45:12.876+0700] {processor.py:925} INFO - DAG(s) 'example_dag_decorator' retrieved from /Users/punny/Documents/GitHub/NYC-Taxi-ETL-Pipeline/.venv/lib/python3.10/site-packages/airflow/example_dags/example_dag_decorator.py
[2024-10-20T20:45:13.697+0700] {logging_mixin.py:190} INFO - [2024-10-20T20:45:13.696+0700] {override.py:1907} INFO - Created Permission View: can edit on DAG:example_dag_decorator
[2024-10-20T20:45:13.713+0700] {logging_mixin.py:190} INFO - [2024-10-20T20:45:13.713+0700] {override.py:1907} INFO - Created Permission View: can read on DAG:example_dag_decorator
[2024-10-20T20:45:13.724+0700] {logging_mixin.py:190} INFO - [2024-10-20T20:45:13.723+0700] {override.py:1907} INFO - Created Permission View: can delete on DAG:example_dag_decorator
[2024-10-20T20:45:13.736+0700] {logging_mixin.py:190} INFO - [2024-10-20T20:45:13.736+0700] {override.py:1907} INFO - Created Permission View: can read on DAG Run:example_dag_decorator
[2024-10-20T20:45:13.748+0700] {logging_mixin.py:190} INFO - [2024-10-20T20:45:13.748+0700] {override.py:1907} INFO - Created Permission View: can delete on DAG Run:example_dag_decorator
[2024-10-20T20:45:13.760+0700] {logging_mixin.py:190} INFO - [2024-10-20T20:45:13.760+0700] {override.py:1907} INFO - Created Permission View: menu access on DAG Run:example_dag_decorator
[2024-10-20T20:45:13.771+0700] {logging_mixin.py:190} INFO - [2024-10-20T20:45:13.770+0700] {override.py:1907} INFO - Created Permission View: can create on DAG Run:example_dag_decorator
[2024-10-20T20:45:13.772+0700] {logging_mixin.py:190} INFO - [2024-10-20T20:45:13.771+0700] {dag.py:3239} INFO - Sync 1 DAGs
[2024-10-20T20:45:13.793+0700] {logging_mixin.py:190} INFO - [2024-10-20T20:45:13.793+0700] {dag.py:3262} INFO - Creating ORM DAG for example_dag_decorator
[2024-10-20T20:45:13.794+0700] {logging_mixin.py:190} INFO - [2024-10-20T20:45:13.794+0700] {dag.py:4180} INFO - Setting next_dagrun for example_dag_decorator to None, run_after=None
[2024-10-20T20:45:13.824+0700] {processor.py:208} INFO - Processing /Users/punny/Documents/GitHub/NYC-Taxi-ETL-Pipeline/.venv/lib/python3.10/site-packages/airflow/example_dags/example_dag_decorator.py took 1.440 seconds
[2024-10-20T20:48:57.263+0700] {processor.py:186} INFO - Started process (PID=23619) to work on /Users/punny/Documents/GitHub/NYC-Taxi-ETL-Pipeline/.venv/lib/python3.10/site-packages/airflow/example_dags/example_dag_decorator.py
[2024-10-20T20:48:57.266+0700] {processor.py:914} INFO - Processing file /Users/punny/Documents/GitHub/NYC-Taxi-ETL-Pipeline/.venv/lib/python3.10/site-packages/airflow/example_dags/example_dag_decorator.py for tasks to queue
[2024-10-20T20:48:57.267+0700] {logging_mixin.py:190} INFO - [2024-10-20T20:48:57.267+0700] {dagbag.py:588} INFO - Filling up the DagBag from /Users/punny/Documents/GitHub/NYC-Taxi-ETL-Pipeline/.venv/lib/python3.10/site-packages/airflow/example_dags/example_dag_decorator.py
[2024-10-20T20:48:57.643+0700] {processor.py:925} INFO - DAG(s) 'example_dag_decorator' retrieved from /Users/punny/Documents/GitHub/NYC-Taxi-ETL-Pipeline/.venv/lib/python3.10/site-packages/airflow/example_dags/example_dag_decorator.py
[2024-10-20T20:48:58.401+0700] {logging_mixin.py:190} INFO - [2024-10-20T20:48:58.401+0700] {dag.py:3239} INFO - Sync 1 DAGs
[2024-10-20T20:48:58.420+0700] {logging_mixin.py:190} INFO - [2024-10-20T20:48:58.419+0700] {dag.py:4180} INFO - Setting next_dagrun for example_dag_decorator to None, run_after=None
[2024-10-20T20:48:58.456+0700] {processor.py:208} INFO - Processing /Users/punny/Documents/GitHub/NYC-Taxi-ETL-Pipeline/.venv/lib/python3.10/site-packages/airflow/example_dags/example_dag_decorator.py took 1.202 seconds
[2024-10-20T20:55:42.715+0700] {processor.py:186} INFO - Started process (PID=24607) to work on /Users/punny/Documents/GitHub/NYC-Taxi-ETL-Pipeline/.venv/lib/python3.10/site-packages/airflow/example_dags/example_dag_decorator.py
[2024-10-20T20:55:42.718+0700] {processor.py:914} INFO - Processing file /Users/punny/Documents/GitHub/NYC-Taxi-ETL-Pipeline/.venv/lib/python3.10/site-packages/airflow/example_dags/example_dag_decorator.py for tasks to queue
[2024-10-20T20:55:42.719+0700] {logging_mixin.py:190} INFO - [2024-10-20T20:55:42.719+0700] {dagbag.py:588} INFO - Filling up the DagBag from /Users/punny/Documents/GitHub/NYC-Taxi-ETL-Pipeline/.venv/lib/python3.10/site-packages/airflow/example_dags/example_dag_decorator.py
[2024-10-20T20:55:43.052+0700] {processor.py:925} INFO - DAG(s) 'example_dag_decorator' retrieved from /Users/punny/Documents/GitHub/NYC-Taxi-ETL-Pipeline/.venv/lib/python3.10/site-packages/airflow/example_dags/example_dag_decorator.py
[2024-10-20T20:55:43.339+0700] {logging_mixin.py:190} INFO - [2024-10-20T20:55:43.338+0700] {dag.py:3239} INFO - Sync 1 DAGs
[2024-10-20T20:55:43.353+0700] {logging_mixin.py:190} INFO - [2024-10-20T20:55:43.352+0700] {dag.py:4180} INFO - Setting next_dagrun for example_dag_decorator to None, run_after=None
[2024-10-20T20:55:43.374+0700] {processor.py:208} INFO - Processing /Users/punny/Documents/GitHub/NYC-Taxi-ETL-Pipeline/.venv/lib/python3.10/site-packages/airflow/example_dags/example_dag_decorator.py took 0.668 seconds
[2024-10-20T21:02:39.541+0700] {processor.py:186} INFO - Started process (PID=25699) to work on /Users/punny/Documents/GitHub/NYC-Taxi-ETL-Pipeline/.venv/lib/python3.10/site-packages/airflow/example_dags/example_dag_decorator.py
[2024-10-20T21:02:39.545+0700] {processor.py:914} INFO - Processing file /Users/punny/Documents/GitHub/NYC-Taxi-ETL-Pipeline/.venv/lib/python3.10/site-packages/airflow/example_dags/example_dag_decorator.py for tasks to queue
[2024-10-20T21:02:39.546+0700] {logging_mixin.py:190} INFO - [2024-10-20T21:02:39.546+0700] {dagbag.py:588} INFO - Filling up the DagBag from /Users/punny/Documents/GitHub/NYC-Taxi-ETL-Pipeline/.venv/lib/python3.10/site-packages/airflow/example_dags/example_dag_decorator.py
[2024-10-20T21:02:39.934+0700] {processor.py:925} INFO - DAG(s) 'example_dag_decorator' retrieved from /Users/punny/Documents/GitHub/NYC-Taxi-ETL-Pipeline/.venv/lib/python3.10/site-packages/airflow/example_dags/example_dag_decorator.py
[2024-10-20T21:02:40.286+0700] {logging_mixin.py:190} INFO - [2024-10-20T21:02:40.285+0700] {dag.py:3239} INFO - Sync 1 DAGs
[2024-10-20T21:02:40.303+0700] {logging_mixin.py:190} INFO - [2024-10-20T21:02:40.303+0700] {dag.py:4180} INFO - Setting next_dagrun for example_dag_decorator to None, run_after=None
[2024-10-20T21:02:40.332+0700] {processor.py:208} INFO - Processing /Users/punny/Documents/GitHub/NYC-Taxi-ETL-Pipeline/.venv/lib/python3.10/site-packages/airflow/example_dags/example_dag_decorator.py took 0.798 seconds
[2024-10-20T21:09:33.898+0700] {processor.py:186} INFO - Started process (PID=26667) to work on /Users/punny/Documents/GitHub/NYC-Taxi-ETL-Pipeline/.venv/lib/python3.10/site-packages/airflow/example_dags/example_dag_decorator.py
[2024-10-20T21:09:33.902+0700] {processor.py:914} INFO - Processing file /Users/punny/Documents/GitHub/NYC-Taxi-ETL-Pipeline/.venv/lib/python3.10/site-packages/airflow/example_dags/example_dag_decorator.py for tasks to queue
[2024-10-20T21:09:33.903+0700] {logging_mixin.py:190} INFO - [2024-10-20T21:09:33.903+0700] {dagbag.py:588} INFO - Filling up the DagBag from /Users/punny/Documents/GitHub/NYC-Taxi-ETL-Pipeline/.venv/lib/python3.10/site-packages/airflow/example_dags/example_dag_decorator.py
[2024-10-20T21:09:34.267+0700] {processor.py:925} INFO - DAG(s) 'example_dag_decorator' retrieved from /Users/punny/Documents/GitHub/NYC-Taxi-ETL-Pipeline/.venv/lib/python3.10/site-packages/airflow/example_dags/example_dag_decorator.py
[2024-10-20T21:09:34.549+0700] {logging_mixin.py:190} INFO - [2024-10-20T21:09:34.548+0700] {dag.py:3239} INFO - Sync 1 DAGs
[2024-10-20T21:09:34.563+0700] {logging_mixin.py:190} INFO - [2024-10-20T21:09:34.562+0700] {dag.py:4180} INFO - Setting next_dagrun for example_dag_decorator to None, run_after=None
[2024-10-20T21:09:34.586+0700] {processor.py:208} INFO - Processing /Users/punny/Documents/GitHub/NYC-Taxi-ETL-Pipeline/.venv/lib/python3.10/site-packages/airflow/example_dags/example_dag_decorator.py took 0.693 seconds
[2024-10-20T21:31:07.621+0700] {processor.py:186} INFO - Started process (PID=27773) to work on /Users/punny/Documents/GitHub/NYC-Taxi-ETL-Pipeline/.venv/lib/python3.10/site-packages/airflow/example_dags/example_dag_decorator.py
[2024-10-20T21:31:07.626+0700] {processor.py:914} INFO - Processing file /Users/punny/Documents/GitHub/NYC-Taxi-ETL-Pipeline/.venv/lib/python3.10/site-packages/airflow/example_dags/example_dag_decorator.py for tasks to queue
[2024-10-20T21:31:07.627+0700] {logging_mixin.py:190} INFO - [2024-10-20T21:31:07.627+0700] {dagbag.py:588} INFO - Filling up the DagBag from /Users/punny/Documents/GitHub/NYC-Taxi-ETL-Pipeline/.venv/lib/python3.10/site-packages/airflow/example_dags/example_dag_decorator.py
[2024-10-20T21:31:08.019+0700] {processor.py:925} INFO - DAG(s) 'example_dag_decorator' retrieved from /Users/punny/Documents/GitHub/NYC-Taxi-ETL-Pipeline/.venv/lib/python3.10/site-packages/airflow/example_dags/example_dag_decorator.py
[2024-10-20T21:31:08.359+0700] {logging_mixin.py:190} INFO - [2024-10-20T21:31:08.359+0700] {dag.py:3239} INFO - Sync 1 DAGs
[2024-10-20T21:31:08.374+0700] {logging_mixin.py:190} INFO - [2024-10-20T21:31:08.373+0700] {dag.py:4180} INFO - Setting next_dagrun for example_dag_decorator to None, run_after=None
[2024-10-20T21:31:08.399+0700] {processor.py:208} INFO - Processing /Users/punny/Documents/GitHub/NYC-Taxi-ETL-Pipeline/.venv/lib/python3.10/site-packages/airflow/example_dags/example_dag_decorator.py took 0.788 seconds
[2024-10-20T21:58:31.730+0700] {processor.py:186} INFO - Started process (PID=31492) to work on /Users/punny/Documents/GitHub/NYC-Taxi-ETL-Pipeline/.venv/lib/python3.10/site-packages/airflow/example_dags/example_dag_decorator.py
[2024-10-20T21:58:31.733+0700] {processor.py:914} INFO - Processing file /Users/punny/Documents/GitHub/NYC-Taxi-ETL-Pipeline/.venv/lib/python3.10/site-packages/airflow/example_dags/example_dag_decorator.py for tasks to queue
[2024-10-20T21:58:31.734+0700] {logging_mixin.py:190} INFO - [2024-10-20T21:58:31.734+0700] {dagbag.py:588} INFO - Filling up the DagBag from /Users/punny/Documents/GitHub/NYC-Taxi-ETL-Pipeline/.venv/lib/python3.10/site-packages/airflow/example_dags/example_dag_decorator.py
[2024-10-20T21:58:32.311+0700] {processor.py:925} INFO - DAG(s) 'example_dag_decorator' retrieved from /Users/punny/Documents/GitHub/NYC-Taxi-ETL-Pipeline/.venv/lib/python3.10/site-packages/airflow/example_dags/example_dag_decorator.py
[2024-10-20T21:58:32.707+0700] {logging_mixin.py:190} INFO - [2024-10-20T21:58:32.706+0700] {dag.py:3239} INFO - Sync 1 DAGs
[2024-10-20T21:58:32.724+0700] {logging_mixin.py:190} INFO - [2024-10-20T21:58:32.724+0700] {dag.py:4180} INFO - Setting next_dagrun for example_dag_decorator to None, run_after=None
[2024-10-20T21:58:32.752+0700] {processor.py:208} INFO - Processing /Users/punny/Documents/GitHub/NYC-Taxi-ETL-Pipeline/.venv/lib/python3.10/site-packages/airflow/example_dags/example_dag_decorator.py took 1.028 seconds
[2024-10-20T23:48:13.471+0700] {processor.py:186} INFO - Started process (PID=32254) to work on /Users/punny/Documents/GitHub/NYC-Taxi-ETL-Pipeline/.venv/lib/python3.10/site-packages/airflow/example_dags/example_dag_decorator.py
[2024-10-20T23:48:13.480+0700] {processor.py:914} INFO - Processing file /Users/punny/Documents/GitHub/NYC-Taxi-ETL-Pipeline/.venv/lib/python3.10/site-packages/airflow/example_dags/example_dag_decorator.py for tasks to queue
[2024-10-20T23:48:13.482+0700] {logging_mixin.py:190} INFO - [2024-10-20T23:48:13.482+0700] {dagbag.py:588} INFO - Filling up the DagBag from /Users/punny/Documents/GitHub/NYC-Taxi-ETL-Pipeline/.venv/lib/python3.10/site-packages/airflow/example_dags/example_dag_decorator.py
[2024-10-20T23:48:13.962+0700] {processor.py:925} INFO - DAG(s) 'example_dag_decorator' retrieved from /Users/punny/Documents/GitHub/NYC-Taxi-ETL-Pipeline/.venv/lib/python3.10/site-packages/airflow/example_dags/example_dag_decorator.py
[2024-10-20T23:48:14.409+0700] {logging_mixin.py:190} INFO - [2024-10-20T23:48:14.409+0700] {dag.py:3239} INFO - Sync 1 DAGs
[2024-10-20T23:48:14.431+0700] {logging_mixin.py:190} INFO - [2024-10-20T23:48:14.431+0700] {dag.py:4180} INFO - Setting next_dagrun for example_dag_decorator to None, run_after=None
[2024-10-20T23:48:14.476+0700] {processor.py:208} INFO - Processing /Users/punny/Documents/GitHub/NYC-Taxi-ETL-Pipeline/.venv/lib/python3.10/site-packages/airflow/example_dags/example_dag_decorator.py took 1.026 seconds
[2024-10-21T01:48:40.442+0700] {processor.py:186} INFO - Started process (PID=32852) to work on /Users/punny/Documents/GitHub/NYC-Taxi-ETL-Pipeline/.venv/lib/python3.10/site-packages/airflow/example_dags/example_dag_decorator.py
[2024-10-21T01:48:40.446+0700] {processor.py:914} INFO - Processing file /Users/punny/Documents/GitHub/NYC-Taxi-ETL-Pipeline/.venv/lib/python3.10/site-packages/airflow/example_dags/example_dag_decorator.py for tasks to queue
[2024-10-21T01:48:40.447+0700] {logging_mixin.py:190} INFO - [2024-10-21T01:48:40.447+0700] {dagbag.py:588} INFO - Filling up the DagBag from /Users/punny/Documents/GitHub/NYC-Taxi-ETL-Pipeline/.venv/lib/python3.10/site-packages/airflow/example_dags/example_dag_decorator.py
[2024-10-21T01:48:40.779+0700] {processor.py:925} INFO - DAG(s) 'example_dag_decorator' retrieved from /Users/punny/Documents/GitHub/NYC-Taxi-ETL-Pipeline/.venv/lib/python3.10/site-packages/airflow/example_dags/example_dag_decorator.py
[2024-10-21T01:48:41.080+0700] {logging_mixin.py:190} INFO - [2024-10-21T01:48:41.079+0700] {dag.py:3239} INFO - Sync 1 DAGs
[2024-10-21T01:48:41.094+0700] {logging_mixin.py:190} INFO - [2024-10-21T01:48:41.094+0700] {dag.py:4180} INFO - Setting next_dagrun for example_dag_decorator to None, run_after=None
[2024-10-21T01:48:41.117+0700] {processor.py:208} INFO - Processing /Users/punny/Documents/GitHub/NYC-Taxi-ETL-Pipeline/.venv/lib/python3.10/site-packages/airflow/example_dags/example_dag_decorator.py took 0.684 seconds
[2024-10-21T04:05:10.519+0700] {processor.py:186} INFO - Started process (PID=33605) to work on /Users/punny/Documents/GitHub/NYC-Taxi-ETL-Pipeline/.venv/lib/python3.10/site-packages/airflow/example_dags/example_dag_decorator.py
[2024-10-21T04:05:10.522+0700] {processor.py:914} INFO - Processing file /Users/punny/Documents/GitHub/NYC-Taxi-ETL-Pipeline/.venv/lib/python3.10/site-packages/airflow/example_dags/example_dag_decorator.py for tasks to queue
[2024-10-21T04:05:10.524+0700] {logging_mixin.py:190} INFO - [2024-10-21T04:05:10.523+0700] {dagbag.py:588} INFO - Filling up the DagBag from /Users/punny/Documents/GitHub/NYC-Taxi-ETL-Pipeline/.venv/lib/python3.10/site-packages/airflow/example_dags/example_dag_decorator.py
[2024-10-21T04:05:10.837+0700] {processor.py:925} INFO - DAG(s) 'example_dag_decorator' retrieved from /Users/punny/Documents/GitHub/NYC-Taxi-ETL-Pipeline/.venv/lib/python3.10/site-packages/airflow/example_dags/example_dag_decorator.py
[2024-10-21T04:05:11.132+0700] {logging_mixin.py:190} INFO - [2024-10-21T04:05:11.131+0700] {dag.py:3239} INFO - Sync 1 DAGs
[2024-10-21T04:05:11.146+0700] {logging_mixin.py:190} INFO - [2024-10-21T04:05:11.145+0700] {dag.py:4180} INFO - Setting next_dagrun for example_dag_decorator to None, run_after=None
[2024-10-21T04:05:11.167+0700] {processor.py:208} INFO - Processing /Users/punny/Documents/GitHub/NYC-Taxi-ETL-Pipeline/.venv/lib/python3.10/site-packages/airflow/example_dags/example_dag_decorator.py took 0.654 seconds
