[2024-10-20T20:44:51.652+0700] {processor.py:186} INFO - Started process (PID=23009) to work on /Users/punny/Documents/GitHub/NYC-Taxi-ETL-Pipeline/.venv/lib/python3.10/site-packages/airflow/example_dags/example_datasets.py
[2024-10-20T20:44:51.658+0700] {processor.py:914} INFO - Processing file /Users/punny/Documents/GitHub/NYC-Taxi-ETL-Pipeline/.venv/lib/python3.10/site-packages/airflow/example_dags/example_datasets.py for tasks to queue
[2024-10-20T20:44:51.660+0700] {logging_mixin.py:190} INFO - [2024-10-20T20:44:51.659+0700] {dagbag.py:588} INFO - Filling up the DagBag from /Users/punny/Documents/GitHub/NYC-Taxi-ETL-Pipeline/.venv/lib/python3.10/site-packages/airflow/example_dags/example_datasets.py
[2024-10-20T20:44:51.988+0700] {processor.py:925} INFO - DAG(s) 'consume_1_or_both_2_and_3_with_dataset_expressions', 'dataset_consumes_1', 'dataset_consumes_1_never_scheduled', 'dataset_produces_1', 'dataset_produces_2', 'consume_1_or_2_with_dataset_expressions', 'dataset_consumes_unknown_never_scheduled', 'dataset_consumes_1_and_2', 'conditional_dataset_and_time_based_timetable', 'consume_1_and_2_with_dataset_expressions' retrieved from /Users/punny/Documents/GitHub/NYC-Taxi-ETL-Pipeline/.venv/lib/python3.10/site-packages/airflow/example_dags/example_datasets.py
[2024-10-20T20:44:52.801+0700] {logging_mixin.py:190} INFO - [2024-10-20T20:44:52.800+0700] {override.py:1907} INFO - Created Permission View: can edit on DAG:consume_1_or_both_2_and_3_with_dataset_expressions
[2024-10-20T20:44:52.820+0700] {logging_mixin.py:190} INFO - [2024-10-20T20:44:52.818+0700] {override.py:1907} INFO - Created Permission View: can delete on DAG:consume_1_or_both_2_and_3_with_dataset_expressions
[2024-10-20T20:44:52.835+0700] {logging_mixin.py:190} INFO - [2024-10-20T20:44:52.834+0700] {override.py:1907} INFO - Created Permission View: can read on DAG:consume_1_or_both_2_and_3_with_dataset_expressions
[2024-10-20T20:44:52.854+0700] {logging_mixin.py:190} INFO - [2024-10-20T20:44:52.853+0700] {override.py:1907} INFO - Created Permission View: can delete on DAG Run:consume_1_or_both_2_and_3_with_dataset_expressions
[2024-10-20T20:44:52.867+0700] {logging_mixin.py:190} INFO - [2024-10-20T20:44:52.866+0700] {override.py:1907} INFO - Created Permission View: can create on DAG Run:consume_1_or_both_2_and_3_with_dataset_expressions
[2024-10-20T20:44:52.887+0700] {logging_mixin.py:190} INFO - [2024-10-20T20:44:52.886+0700] {override.py:1907} INFO - Created Permission View: can read on DAG Run:consume_1_or_both_2_and_3_with_dataset_expressions
[2024-10-20T20:44:52.903+0700] {logging_mixin.py:190} INFO - [2024-10-20T20:44:52.902+0700] {override.py:1907} INFO - Created Permission View: menu access on DAG Run:consume_1_or_both_2_and_3_with_dataset_expressions
[2024-10-20T20:44:52.927+0700] {logging_mixin.py:190} INFO - [2024-10-20T20:44:52.926+0700] {override.py:1907} INFO - Created Permission View: can edit on DAG:dataset_consumes_1
[2024-10-20T20:44:52.955+0700] {logging_mixin.py:190} INFO - [2024-10-20T20:44:52.954+0700] {override.py:1907} INFO - Created Permission View: can delete on DAG:dataset_consumes_1
[2024-10-20T20:44:52.970+0700] {logging_mixin.py:190} INFO - [2024-10-20T20:44:52.969+0700] {override.py:1907} INFO - Created Permission View: can read on DAG:dataset_consumes_1
[2024-10-20T20:44:52.988+0700] {logging_mixin.py:190} INFO - [2024-10-20T20:44:52.987+0700] {override.py:1907} INFO - Created Permission View: can delete on DAG Run:dataset_consumes_1
[2024-10-20T20:44:53.000+0700] {logging_mixin.py:190} INFO - [2024-10-20T20:44:53.000+0700] {override.py:1907} INFO - Created Permission View: can create on DAG Run:dataset_consumes_1
[2024-10-20T20:44:53.035+0700] {logging_mixin.py:190} INFO - [2024-10-20T20:44:53.034+0700] {override.py:1907} INFO - Created Permission View: can read on DAG Run:dataset_consumes_1
[2024-10-20T20:44:53.072+0700] {logging_mixin.py:190} INFO - [2024-10-20T20:44:53.072+0700] {override.py:1907} INFO - Created Permission View: menu access on DAG Run:dataset_consumes_1
[2024-10-20T20:44:53.140+0700] {logging_mixin.py:190} INFO - [2024-10-20T20:44:53.139+0700] {override.py:1907} INFO - Created Permission View: can edit on DAG:dataset_consumes_1_never_scheduled
[2024-10-20T20:44:53.153+0700] {logging_mixin.py:190} INFO - [2024-10-20T20:44:53.152+0700] {override.py:1907} INFO - Created Permission View: can delete on DAG:dataset_consumes_1_never_scheduled
[2024-10-20T20:44:53.167+0700] {logging_mixin.py:190} INFO - [2024-10-20T20:44:53.166+0700] {override.py:1907} INFO - Created Permission View: can read on DAG:dataset_consumes_1_never_scheduled
[2024-10-20T20:44:53.186+0700] {logging_mixin.py:190} INFO - [2024-10-20T20:44:53.186+0700] {override.py:1907} INFO - Created Permission View: can delete on DAG Run:dataset_consumes_1_never_scheduled
[2024-10-20T20:44:53.200+0700] {logging_mixin.py:190} INFO - [2024-10-20T20:44:53.199+0700] {override.py:1907} INFO - Created Permission View: can create on DAG Run:dataset_consumes_1_never_scheduled
[2024-10-20T20:44:53.216+0700] {logging_mixin.py:190} INFO - [2024-10-20T20:44:53.216+0700] {override.py:1907} INFO - Created Permission View: can read on DAG Run:dataset_consumes_1_never_scheduled
[2024-10-20T20:44:53.231+0700] {logging_mixin.py:190} INFO - [2024-10-20T20:44:53.230+0700] {override.py:1907} INFO - Created Permission View: menu access on DAG Run:dataset_consumes_1_never_scheduled
[2024-10-20T20:44:53.279+0700] {logging_mixin.py:190} INFO - [2024-10-20T20:44:53.277+0700] {override.py:1907} INFO - Created Permission View: can edit on DAG:dataset_produces_1
[2024-10-20T20:44:53.293+0700] {logging_mixin.py:190} INFO - [2024-10-20T20:44:53.293+0700] {override.py:1907} INFO - Created Permission View: can delete on DAG:dataset_produces_1
[2024-10-20T20:44:53.311+0700] {logging_mixin.py:190} INFO - [2024-10-20T20:44:53.310+0700] {override.py:1907} INFO - Created Permission View: can read on DAG:dataset_produces_1
[2024-10-20T20:44:53.329+0700] {logging_mixin.py:190} INFO - [2024-10-20T20:44:53.328+0700] {override.py:1907} INFO - Created Permission View: can delete on DAG Run:dataset_produces_1
[2024-10-20T20:44:53.346+0700] {logging_mixin.py:190} INFO - [2024-10-20T20:44:53.346+0700] {override.py:1907} INFO - Created Permission View: can create on DAG Run:dataset_produces_1
[2024-10-20T20:44:53.374+0700] {logging_mixin.py:190} INFO - [2024-10-20T20:44:53.373+0700] {override.py:1907} INFO - Created Permission View: can read on DAG Run:dataset_produces_1
[2024-10-20T20:44:53.385+0700] {logging_mixin.py:190} INFO - [2024-10-20T20:44:53.384+0700] {override.py:1907} INFO - Created Permission View: menu access on DAG Run:dataset_produces_1
[2024-10-20T20:44:53.403+0700] {logging_mixin.py:190} INFO - [2024-10-20T20:44:53.403+0700] {override.py:1907} INFO - Created Permission View: can edit on DAG:dataset_produces_2
[2024-10-20T20:44:53.427+0700] {logging_mixin.py:190} INFO - [2024-10-20T20:44:53.425+0700] {override.py:1907} INFO - Created Permission View: can delete on DAG:dataset_produces_2
[2024-10-20T20:44:53.439+0700] {logging_mixin.py:190} INFO - [2024-10-20T20:44:53.438+0700] {override.py:1907} INFO - Created Permission View: can read on DAG:dataset_produces_2
[2024-10-20T20:44:53.455+0700] {logging_mixin.py:190} INFO - [2024-10-20T20:44:53.455+0700] {override.py:1907} INFO - Created Permission View: can delete on DAG Run:dataset_produces_2
[2024-10-20T20:44:53.472+0700] {logging_mixin.py:190} INFO - [2024-10-20T20:44:53.471+0700] {override.py:1907} INFO - Created Permission View: can create on DAG Run:dataset_produces_2
[2024-10-20T20:44:53.484+0700] {logging_mixin.py:190} INFO - [2024-10-20T20:44:53.483+0700] {override.py:1907} INFO - Created Permission View: can read on DAG Run:dataset_produces_2
[2024-10-20T20:44:53.497+0700] {logging_mixin.py:190} INFO - [2024-10-20T20:44:53.496+0700] {override.py:1907} INFO - Created Permission View: menu access on DAG Run:dataset_produces_2
[2024-10-20T20:44:53.533+0700] {logging_mixin.py:190} INFO - [2024-10-20T20:44:53.532+0700] {override.py:1907} INFO - Created Permission View: can edit on DAG:consume_1_or_2_with_dataset_expressions
[2024-10-20T20:44:53.555+0700] {logging_mixin.py:190} INFO - [2024-10-20T20:44:53.554+0700] {override.py:1907} INFO - Created Permission View: can delete on DAG:consume_1_or_2_with_dataset_expressions
[2024-10-20T20:44:53.573+0700] {logging_mixin.py:190} INFO - [2024-10-20T20:44:53.573+0700] {override.py:1907} INFO - Created Permission View: can read on DAG:consume_1_or_2_with_dataset_expressions
[2024-10-20T20:44:53.599+0700] {logging_mixin.py:190} INFO - [2024-10-20T20:44:53.598+0700] {override.py:1907} INFO - Created Permission View: can delete on DAG Run:consume_1_or_2_with_dataset_expressions
[2024-10-20T20:44:53.619+0700] {logging_mixin.py:190} INFO - [2024-10-20T20:44:53.617+0700] {override.py:1907} INFO - Created Permission View: can create on DAG Run:consume_1_or_2_with_dataset_expressions
[2024-10-20T20:44:53.636+0700] {logging_mixin.py:190} INFO - [2024-10-20T20:44:53.636+0700] {override.py:1907} INFO - Created Permission View: can read on DAG Run:consume_1_or_2_with_dataset_expressions
[2024-10-20T20:44:53.648+0700] {logging_mixin.py:190} INFO - [2024-10-20T20:44:53.647+0700] {override.py:1907} INFO - Created Permission View: menu access on DAG Run:consume_1_or_2_with_dataset_expressions
[2024-10-20T20:44:53.670+0700] {logging_mixin.py:190} INFO - [2024-10-20T20:44:53.670+0700] {override.py:1907} INFO - Created Permission View: can edit on DAG:dataset_consumes_unknown_never_scheduled
[2024-10-20T20:44:53.687+0700] {logging_mixin.py:190} INFO - [2024-10-20T20:44:53.686+0700] {override.py:1907} INFO - Created Permission View: can delete on DAG:dataset_consumes_unknown_never_scheduled
[2024-10-20T20:44:53.701+0700] {logging_mixin.py:190} INFO - [2024-10-20T20:44:53.700+0700] {override.py:1907} INFO - Created Permission View: can read on DAG:dataset_consumes_unknown_never_scheduled
[2024-10-20T20:44:53.717+0700] {logging_mixin.py:190} INFO - [2024-10-20T20:44:53.717+0700] {override.py:1907} INFO - Created Permission View: can delete on DAG Run:dataset_consumes_unknown_never_scheduled
[2024-10-20T20:44:53.728+0700] {logging_mixin.py:190} INFO - [2024-10-20T20:44:53.728+0700] {override.py:1907} INFO - Created Permission View: can create on DAG Run:dataset_consumes_unknown_never_scheduled
[2024-10-20T20:44:53.738+0700] {logging_mixin.py:190} INFO - [2024-10-20T20:44:53.738+0700] {override.py:1907} INFO - Created Permission View: can read on DAG Run:dataset_consumes_unknown_never_scheduled
[2024-10-20T20:44:53.748+0700] {logging_mixin.py:190} INFO - [2024-10-20T20:44:53.748+0700] {override.py:1907} INFO - Created Permission View: menu access on DAG Run:dataset_consumes_unknown_never_scheduled
[2024-10-20T20:44:53.774+0700] {logging_mixin.py:190} INFO - [2024-10-20T20:44:53.773+0700] {override.py:1907} INFO - Created Permission View: can edit on DAG:dataset_consumes_1_and_2
[2024-10-20T20:44:53.785+0700] {logging_mixin.py:190} INFO - [2024-10-20T20:44:53.785+0700] {override.py:1907} INFO - Created Permission View: can delete on DAG:dataset_consumes_1_and_2
[2024-10-20T20:44:53.796+0700] {logging_mixin.py:190} INFO - [2024-10-20T20:44:53.795+0700] {override.py:1907} INFO - Created Permission View: can read on DAG:dataset_consumes_1_and_2
[2024-10-20T20:44:53.811+0700] {logging_mixin.py:190} INFO - [2024-10-20T20:44:53.810+0700] {override.py:1907} INFO - Created Permission View: can delete on DAG Run:dataset_consumes_1_and_2
[2024-10-20T20:44:53.829+0700] {logging_mixin.py:190} INFO - [2024-10-20T20:44:53.828+0700] {override.py:1907} INFO - Created Permission View: can create on DAG Run:dataset_consumes_1_and_2
[2024-10-20T20:44:53.839+0700] {logging_mixin.py:190} INFO - [2024-10-20T20:44:53.839+0700] {override.py:1907} INFO - Created Permission View: can read on DAG Run:dataset_consumes_1_and_2
[2024-10-20T20:44:53.850+0700] {logging_mixin.py:190} INFO - [2024-10-20T20:44:53.850+0700] {override.py:1907} INFO - Created Permission View: menu access on DAG Run:dataset_consumes_1_and_2
[2024-10-20T20:44:53.875+0700] {logging_mixin.py:190} INFO - [2024-10-20T20:44:53.875+0700] {override.py:1907} INFO - Created Permission View: can edit on DAG:conditional_dataset_and_time_based_timetable
[2024-10-20T20:44:53.938+0700] {logging_mixin.py:190} INFO - [2024-10-20T20:44:53.924+0700] {override.py:1907} INFO - Created Permission View: can delete on DAG:conditional_dataset_and_time_based_timetable
[2024-10-20T20:44:53.971+0700] {logging_mixin.py:190} INFO - [2024-10-20T20:44:53.970+0700] {override.py:1907} INFO - Created Permission View: can read on DAG:conditional_dataset_and_time_based_timetable
[2024-10-20T20:44:53.993+0700] {logging_mixin.py:190} INFO - [2024-10-20T20:44:53.993+0700] {override.py:1907} INFO - Created Permission View: can delete on DAG Run:conditional_dataset_and_time_based_timetable
[2024-10-20T20:44:54.009+0700] {logging_mixin.py:190} INFO - [2024-10-20T20:44:54.009+0700] {override.py:1907} INFO - Created Permission View: can create on DAG Run:conditional_dataset_and_time_based_timetable
[2024-10-20T20:44:54.076+0700] {logging_mixin.py:190} INFO - [2024-10-20T20:44:54.075+0700] {override.py:1907} INFO - Created Permission View: can read on DAG Run:conditional_dataset_and_time_based_timetable
[2024-10-20T20:44:54.106+0700] {logging_mixin.py:190} INFO - [2024-10-20T20:44:54.105+0700] {override.py:1907} INFO - Created Permission View: menu access on DAG Run:conditional_dataset_and_time_based_timetable
[2024-10-20T20:44:54.137+0700] {logging_mixin.py:190} INFO - [2024-10-20T20:44:54.136+0700] {override.py:1907} INFO - Created Permission View: can edit on DAG:consume_1_and_2_with_dataset_expressions
[2024-10-20T20:44:54.173+0700] {logging_mixin.py:190} INFO - [2024-10-20T20:44:54.173+0700] {override.py:1907} INFO - Created Permission View: can delete on DAG:consume_1_and_2_with_dataset_expressions
[2024-10-20T20:44:54.189+0700] {logging_mixin.py:190} INFO - [2024-10-20T20:44:54.188+0700] {override.py:1907} INFO - Created Permission View: can read on DAG:consume_1_and_2_with_dataset_expressions
[2024-10-20T20:44:54.206+0700] {logging_mixin.py:190} INFO - [2024-10-20T20:44:54.205+0700] {override.py:1907} INFO - Created Permission View: can delete on DAG Run:consume_1_and_2_with_dataset_expressions
[2024-10-20T20:44:54.218+0700] {logging_mixin.py:190} INFO - [2024-10-20T20:44:54.218+0700] {override.py:1907} INFO - Created Permission View: can create on DAG Run:consume_1_and_2_with_dataset_expressions
[2024-10-20T20:44:54.230+0700] {logging_mixin.py:190} INFO - [2024-10-20T20:44:54.230+0700] {override.py:1907} INFO - Created Permission View: can read on DAG Run:consume_1_and_2_with_dataset_expressions
[2024-10-20T20:44:54.243+0700] {logging_mixin.py:190} INFO - [2024-10-20T20:44:54.242+0700] {override.py:1907} INFO - Created Permission View: menu access on DAG Run:consume_1_and_2_with_dataset_expressions
[2024-10-20T20:44:54.244+0700] {logging_mixin.py:190} INFO - [2024-10-20T20:44:54.243+0700] {dag.py:3239} INFO - Sync 10 DAGs
[2024-10-20T20:44:54.285+0700] {logging_mixin.py:190} INFO - [2024-10-20T20:44:54.284+0700] {dag.py:3262} INFO - Creating ORM DAG for dataset_consumes_1_never_scheduled
[2024-10-20T20:44:54.287+0700] {logging_mixin.py:190} INFO - [2024-10-20T20:44:54.286+0700] {dag.py:3262} INFO - Creating ORM DAG for dataset_produces_1
[2024-10-20T20:44:54.288+0700] {logging_mixin.py:190} INFO - [2024-10-20T20:44:54.287+0700] {dag.py:3262} INFO - Creating ORM DAG for consume_1_or_both_2_and_3_with_dataset_expressions
[2024-10-20T20:44:54.289+0700] {logging_mixin.py:190} INFO - [2024-10-20T20:44:54.289+0700] {dag.py:3262} INFO - Creating ORM DAG for conditional_dataset_and_time_based_timetable
[2024-10-20T20:44:54.291+0700] {logging_mixin.py:190} INFO - [2024-10-20T20:44:54.290+0700] {dag.py:3262} INFO - Creating ORM DAG for dataset_produces_2
[2024-10-20T20:44:54.293+0700] {logging_mixin.py:190} INFO - [2024-10-20T20:44:54.292+0700] {dag.py:3262} INFO - Creating ORM DAG for consume_1_and_2_with_dataset_expressions
[2024-10-20T20:44:54.294+0700] {logging_mixin.py:190} INFO - [2024-10-20T20:44:54.294+0700] {dag.py:3262} INFO - Creating ORM DAG for dataset_consumes_unknown_never_scheduled
[2024-10-20T20:44:54.295+0700] {logging_mixin.py:190} INFO - [2024-10-20T20:44:54.295+0700] {dag.py:3262} INFO - Creating ORM DAG for dataset_consumes_1
[2024-10-20T20:44:54.297+0700] {logging_mixin.py:190} INFO - [2024-10-20T20:44:54.296+0700] {dag.py:3262} INFO - Creating ORM DAG for dataset_consumes_1_and_2
[2024-10-20T20:44:54.298+0700] {logging_mixin.py:190} INFO - [2024-10-20T20:44:54.298+0700] {dag.py:3262} INFO - Creating ORM DAG for consume_1_or_2_with_dataset_expressions
[2024-10-20T20:44:54.322+0700] {logging_mixin.py:190} INFO - [2024-10-20T20:44:54.322+0700] {dag.py:4180} INFO - Setting next_dagrun for conditional_dataset_and_time_based_timetable to 2024-10-16 01:00:00+00:00, run_after=2024-10-16 01:00:00+00:00
[2024-10-20T20:44:54.324+0700] {logging_mixin.py:190} INFO - [2024-10-20T20:44:54.324+0700] {dag.py:4180} INFO - Setting next_dagrun for consume_1_and_2_with_dataset_expressions to None, run_after=None
[2024-10-20T20:44:54.326+0700] {logging_mixin.py:190} INFO - [2024-10-20T20:44:54.325+0700] {dag.py:4180} INFO - Setting next_dagrun for consume_1_or_2_with_dataset_expressions to None, run_after=None
[2024-10-20T20:44:54.327+0700] {logging_mixin.py:190} INFO - [2024-10-20T20:44:54.326+0700] {dag.py:4180} INFO - Setting next_dagrun for consume_1_or_both_2_and_3_with_dataset_expressions to None, run_after=None
[2024-10-20T20:44:54.327+0700] {logging_mixin.py:190} INFO - [2024-10-20T20:44:54.327+0700] {dag.py:4180} INFO - Setting next_dagrun for dataset_consumes_1 to None, run_after=None
[2024-10-20T20:44:54.381+0700] {logging_mixin.py:190} INFO - [2024-10-20T20:44:54.329+0700] {dag.py:4180} INFO - Setting next_dagrun for dataset_consumes_1_and_2 to None, run_after=None
[2024-10-20T20:44:54.386+0700] {logging_mixin.py:190} INFO - [2024-10-20T20:44:54.386+0700] {dag.py:4180} INFO - Setting next_dagrun for dataset_consumes_1_never_scheduled to None, run_after=None
[2024-10-20T20:44:54.389+0700] {logging_mixin.py:190} INFO - [2024-10-20T20:44:54.389+0700] {dag.py:4180} INFO - Setting next_dagrun for dataset_consumes_unknown_never_scheduled to None, run_after=None
[2024-10-20T20:44:54.412+0700] {logging_mixin.py:190} INFO - [2024-10-20T20:44:54.412+0700] {dag.py:4180} INFO - Setting next_dagrun for dataset_produces_1 to 2024-10-19 00:00:00+00:00, run_after=2024-10-20 00:00:00+00:00
[2024-10-20T20:44:54.431+0700] {logging_mixin.py:190} INFO - [2024-10-20T20:44:54.431+0700] {dag.py:4180} INFO - Setting next_dagrun for dataset_produces_2 to None, run_after=None
[2024-10-20T20:44:55.826+0700] {processor.py:208} INFO - Processing /Users/punny/Documents/GitHub/NYC-Taxi-ETL-Pipeline/.venv/lib/python3.10/site-packages/airflow/example_dags/example_datasets.py took 4.199 seconds
[2024-10-20T20:48:44.785+0700] {processor.py:186} INFO - Started process (PID=23573) to work on /Users/punny/Documents/GitHub/NYC-Taxi-ETL-Pipeline/.venv/lib/python3.10/site-packages/airflow/example_dags/example_datasets.py
[2024-10-20T20:48:44.789+0700] {processor.py:914} INFO - Processing file /Users/punny/Documents/GitHub/NYC-Taxi-ETL-Pipeline/.venv/lib/python3.10/site-packages/airflow/example_dags/example_datasets.py for tasks to queue
[2024-10-20T20:48:44.791+0700] {logging_mixin.py:190} INFO - [2024-10-20T20:48:44.790+0700] {dagbag.py:588} INFO - Filling up the DagBag from /Users/punny/Documents/GitHub/NYC-Taxi-ETL-Pipeline/.venv/lib/python3.10/site-packages/airflow/example_dags/example_datasets.py
[2024-10-20T20:48:44.871+0700] {processor.py:925} INFO - DAG(s) 'dataset_produces_2', 'dataset_consumes_1', 'consume_1_and_2_with_dataset_expressions', 'consume_1_or_both_2_and_3_with_dataset_expressions', 'consume_1_or_2_with_dataset_expressions', 'dataset_consumes_unknown_never_scheduled', 'conditional_dataset_and_time_based_timetable', 'dataset_consumes_1_never_scheduled', 'dataset_produces_1', 'dataset_consumes_1_and_2' retrieved from /Users/punny/Documents/GitHub/NYC-Taxi-ETL-Pipeline/.venv/lib/python3.10/site-packages/airflow/example_dags/example_datasets.py
[2024-10-20T20:48:45.129+0700] {logging_mixin.py:190} INFO - [2024-10-20T20:48:45.129+0700] {dag.py:3239} INFO - Sync 10 DAGs
[2024-10-20T20:48:45.158+0700] {logging_mixin.py:190} INFO - [2024-10-20T20:48:45.158+0700] {dag.py:4180} INFO - Setting next_dagrun for conditional_dataset_and_time_based_timetable to 2024-10-16 01:00:00+00:00, run_after=2024-10-16 01:00:00+00:00
[2024-10-20T20:48:45.162+0700] {logging_mixin.py:190} INFO - [2024-10-20T20:48:45.162+0700] {dag.py:4180} INFO - Setting next_dagrun for consume_1_and_2_with_dataset_expressions to None, run_after=None
[2024-10-20T20:48:45.163+0700] {logging_mixin.py:190} INFO - [2024-10-20T20:48:45.163+0700] {dag.py:4180} INFO - Setting next_dagrun for consume_1_or_2_with_dataset_expressions to None, run_after=None
[2024-10-20T20:48:45.164+0700] {logging_mixin.py:190} INFO - [2024-10-20T20:48:45.164+0700] {dag.py:4180} INFO - Setting next_dagrun for consume_1_or_both_2_and_3_with_dataset_expressions to None, run_after=None
[2024-10-20T20:48:45.165+0700] {logging_mixin.py:190} INFO - [2024-10-20T20:48:45.165+0700] {dag.py:4180} INFO - Setting next_dagrun for dataset_consumes_1 to None, run_after=None
[2024-10-20T20:48:45.167+0700] {logging_mixin.py:190} INFO - [2024-10-20T20:48:45.166+0700] {dag.py:4180} INFO - Setting next_dagrun for dataset_consumes_1_and_2 to None, run_after=None
[2024-10-20T20:48:45.168+0700] {logging_mixin.py:190} INFO - [2024-10-20T20:48:45.168+0700] {dag.py:4180} INFO - Setting next_dagrun for dataset_consumes_1_never_scheduled to None, run_after=None
[2024-10-20T20:48:45.169+0700] {logging_mixin.py:190} INFO - [2024-10-20T20:48:45.169+0700] {dag.py:4180} INFO - Setting next_dagrun for dataset_consumes_unknown_never_scheduled to None, run_after=None
[2024-10-20T20:48:45.172+0700] {logging_mixin.py:190} INFO - [2024-10-20T20:48:45.172+0700] {dag.py:4180} INFO - Setting next_dagrun for dataset_produces_1 to 2024-10-19 00:00:00+00:00, run_after=2024-10-20 00:00:00+00:00
[2024-10-20T20:48:45.175+0700] {logging_mixin.py:190} INFO - [2024-10-20T20:48:45.174+0700] {dag.py:4180} INFO - Setting next_dagrun for dataset_produces_2 to None, run_after=None
[2024-10-20T20:48:45.211+0700] {processor.py:208} INFO - Processing /Users/punny/Documents/GitHub/NYC-Taxi-ETL-Pipeline/.venv/lib/python3.10/site-packages/airflow/example_dags/example_datasets.py took 0.435 seconds
[2024-10-20T20:55:32.497+0700] {processor.py:186} INFO - Started process (PID=24587) to work on /Users/punny/Documents/GitHub/NYC-Taxi-ETL-Pipeline/.venv/lib/python3.10/site-packages/airflow/example_dags/example_datasets.py
[2024-10-20T20:55:32.500+0700] {processor.py:914} INFO - Processing file /Users/punny/Documents/GitHub/NYC-Taxi-ETL-Pipeline/.venv/lib/python3.10/site-packages/airflow/example_dags/example_datasets.py for tasks to queue
[2024-10-20T20:55:32.501+0700] {logging_mixin.py:190} INFO - [2024-10-20T20:55:32.501+0700] {dagbag.py:588} INFO - Filling up the DagBag from /Users/punny/Documents/GitHub/NYC-Taxi-ETL-Pipeline/.venv/lib/python3.10/site-packages/airflow/example_dags/example_datasets.py
[2024-10-20T20:55:32.561+0700] {processor.py:925} INFO - DAG(s) 'dataset_consumes_1_and_2', 'consume_1_or_2_with_dataset_expressions', 'dataset_consumes_1_never_scheduled', 'dataset_consumes_1', 'dataset_produces_1', 'dataset_consumes_unknown_never_scheduled', 'conditional_dataset_and_time_based_timetable', 'consume_1_or_both_2_and_3_with_dataset_expressions', 'consume_1_and_2_with_dataset_expressions', 'dataset_produces_2' retrieved from /Users/punny/Documents/GitHub/NYC-Taxi-ETL-Pipeline/.venv/lib/python3.10/site-packages/airflow/example_dags/example_datasets.py
[2024-10-20T20:55:32.775+0700] {logging_mixin.py:190} INFO - [2024-10-20T20:55:32.775+0700] {dag.py:3239} INFO - Sync 10 DAGs
[2024-10-20T20:55:32.801+0700] {logging_mixin.py:190} INFO - [2024-10-20T20:55:32.801+0700] {dag.py:4180} INFO - Setting next_dagrun for conditional_dataset_and_time_based_timetable to 2024-10-16 01:00:00+00:00, run_after=2024-10-16 01:00:00+00:00
[2024-10-20T20:55:32.805+0700] {logging_mixin.py:190} INFO - [2024-10-20T20:55:32.805+0700] {dag.py:4180} INFO - Setting next_dagrun for consume_1_and_2_with_dataset_expressions to None, run_after=None
[2024-10-20T20:55:32.806+0700] {logging_mixin.py:190} INFO - [2024-10-20T20:55:32.806+0700] {dag.py:4180} INFO - Setting next_dagrun for consume_1_or_2_with_dataset_expressions to None, run_after=None
[2024-10-20T20:55:32.807+0700] {logging_mixin.py:190} INFO - [2024-10-20T20:55:32.807+0700] {dag.py:4180} INFO - Setting next_dagrun for consume_1_or_both_2_and_3_with_dataset_expressions to None, run_after=None
[2024-10-20T20:55:32.808+0700] {logging_mixin.py:190} INFO - [2024-10-20T20:55:32.808+0700] {dag.py:4180} INFO - Setting next_dagrun for dataset_consumes_1 to None, run_after=None
[2024-10-20T20:55:32.809+0700] {logging_mixin.py:190} INFO - [2024-10-20T20:55:32.809+0700] {dag.py:4180} INFO - Setting next_dagrun for dataset_consumes_1_and_2 to None, run_after=None
[2024-10-20T20:55:32.810+0700] {logging_mixin.py:190} INFO - [2024-10-20T20:55:32.810+0700] {dag.py:4180} INFO - Setting next_dagrun for dataset_consumes_1_never_scheduled to None, run_after=None
[2024-10-20T20:55:32.812+0700] {logging_mixin.py:190} INFO - [2024-10-20T20:55:32.811+0700] {dag.py:4180} INFO - Setting next_dagrun for dataset_consumes_unknown_never_scheduled to None, run_after=None
[2024-10-20T20:55:32.814+0700] {logging_mixin.py:190} INFO - [2024-10-20T20:55:32.814+0700] {dag.py:4180} INFO - Setting next_dagrun for dataset_produces_1 to 2024-10-19 00:00:00+00:00, run_after=2024-10-20 00:00:00+00:00
[2024-10-20T20:55:32.816+0700] {logging_mixin.py:190} INFO - [2024-10-20T20:55:32.815+0700] {dag.py:4180} INFO - Setting next_dagrun for dataset_produces_2 to None, run_after=None
[2024-10-20T20:55:32.849+0700] {processor.py:208} INFO - Processing /Users/punny/Documents/GitHub/NYC-Taxi-ETL-Pipeline/.venv/lib/python3.10/site-packages/airflow/example_dags/example_datasets.py took 0.360 seconds
[2024-10-20T21:02:27.892+0700] {processor.py:186} INFO - Started process (PID=25672) to work on /Users/punny/Documents/GitHub/NYC-Taxi-ETL-Pipeline/.venv/lib/python3.10/site-packages/airflow/example_dags/example_datasets.py
[2024-10-20T21:02:27.896+0700] {processor.py:914} INFO - Processing file /Users/punny/Documents/GitHub/NYC-Taxi-ETL-Pipeline/.venv/lib/python3.10/site-packages/airflow/example_dags/example_datasets.py for tasks to queue
[2024-10-20T21:02:27.897+0700] {logging_mixin.py:190} INFO - [2024-10-20T21:02:27.897+0700] {dagbag.py:588} INFO - Filling up the DagBag from /Users/punny/Documents/GitHub/NYC-Taxi-ETL-Pipeline/.venv/lib/python3.10/site-packages/airflow/example_dags/example_datasets.py
[2024-10-20T21:02:27.979+0700] {processor.py:925} INFO - DAG(s) 'dataset_consumes_1_never_scheduled', 'dataset_produces_2', 'dataset_consumes_1_and_2', 'consume_1_and_2_with_dataset_expressions', 'dataset_consumes_unknown_never_scheduled', 'consume_1_or_2_with_dataset_expressions', 'conditional_dataset_and_time_based_timetable', 'dataset_consumes_1', 'consume_1_or_both_2_and_3_with_dataset_expressions', 'dataset_produces_1' retrieved from /Users/punny/Documents/GitHub/NYC-Taxi-ETL-Pipeline/.venv/lib/python3.10/site-packages/airflow/example_dags/example_datasets.py
[2024-10-20T21:02:28.202+0700] {logging_mixin.py:190} INFO - [2024-10-20T21:02:28.201+0700] {dag.py:3239} INFO - Sync 10 DAGs
[2024-10-20T21:02:28.233+0700] {logging_mixin.py:190} INFO - [2024-10-20T21:02:28.233+0700] {dag.py:4180} INFO - Setting next_dagrun for conditional_dataset_and_time_based_timetable to 2024-10-16 01:00:00+00:00, run_after=2024-10-16 01:00:00+00:00
[2024-10-20T21:02:28.236+0700] {logging_mixin.py:190} INFO - [2024-10-20T21:02:28.236+0700] {dag.py:4180} INFO - Setting next_dagrun for consume_1_and_2_with_dataset_expressions to None, run_after=None
[2024-10-20T21:02:28.238+0700] {logging_mixin.py:190} INFO - [2024-10-20T21:02:28.237+0700] {dag.py:4180} INFO - Setting next_dagrun for consume_1_or_2_with_dataset_expressions to None, run_after=None
[2024-10-20T21:02:28.239+0700] {logging_mixin.py:190} INFO - [2024-10-20T21:02:28.238+0700] {dag.py:4180} INFO - Setting next_dagrun for consume_1_or_both_2_and_3_with_dataset_expressions to None, run_after=None
[2024-10-20T21:02:28.240+0700] {logging_mixin.py:190} INFO - [2024-10-20T21:02:28.240+0700] {dag.py:4180} INFO - Setting next_dagrun for dataset_consumes_1 to None, run_after=None
[2024-10-20T21:02:28.242+0700] {logging_mixin.py:190} INFO - [2024-10-20T21:02:28.241+0700] {dag.py:4180} INFO - Setting next_dagrun for dataset_consumes_1_and_2 to None, run_after=None
[2024-10-20T21:02:28.244+0700] {logging_mixin.py:190} INFO - [2024-10-20T21:02:28.243+0700] {dag.py:4180} INFO - Setting next_dagrun for dataset_consumes_1_never_scheduled to None, run_after=None
[2024-10-20T21:02:28.245+0700] {logging_mixin.py:190} INFO - [2024-10-20T21:02:28.244+0700] {dag.py:4180} INFO - Setting next_dagrun for dataset_consumes_unknown_never_scheduled to None, run_after=None
[2024-10-20T21:02:28.247+0700] {logging_mixin.py:190} INFO - [2024-10-20T21:02:28.247+0700] {dag.py:4180} INFO - Setting next_dagrun for dataset_produces_1 to 2024-10-19 00:00:00+00:00, run_after=2024-10-20 00:00:00+00:00
[2024-10-20T21:02:28.249+0700] {logging_mixin.py:190} INFO - [2024-10-20T21:02:28.248+0700] {dag.py:4180} INFO - Setting next_dagrun for dataset_produces_2 to None, run_after=None
[2024-10-20T21:02:28.286+0700] {processor.py:208} INFO - Processing /Users/punny/Documents/GitHub/NYC-Taxi-ETL-Pipeline/.venv/lib/python3.10/site-packages/airflow/example_dags/example_datasets.py took 0.402 seconds
[2024-10-20T21:09:24.076+0700] {processor.py:186} INFO - Started process (PID=26654) to work on /Users/punny/Documents/GitHub/NYC-Taxi-ETL-Pipeline/.venv/lib/python3.10/site-packages/airflow/example_dags/example_datasets.py
[2024-10-20T21:09:24.080+0700] {processor.py:914} INFO - Processing file /Users/punny/Documents/GitHub/NYC-Taxi-ETL-Pipeline/.venv/lib/python3.10/site-packages/airflow/example_dags/example_datasets.py for tasks to queue
[2024-10-20T21:09:24.081+0700] {logging_mixin.py:190} INFO - [2024-10-20T21:09:24.080+0700] {dagbag.py:588} INFO - Filling up the DagBag from /Users/punny/Documents/GitHub/NYC-Taxi-ETL-Pipeline/.venv/lib/python3.10/site-packages/airflow/example_dags/example_datasets.py
[2024-10-20T21:09:24.138+0700] {processor.py:925} INFO - DAG(s) 'dataset_produces_2', 'consume_1_or_2_with_dataset_expressions', 'dataset_produces_1', 'conditional_dataset_and_time_based_timetable', 'dataset_consumes_1_and_2', 'consume_1_or_both_2_and_3_with_dataset_expressions', 'dataset_consumes_1', 'consume_1_and_2_with_dataset_expressions', 'dataset_consumes_unknown_never_scheduled', 'dataset_consumes_1_never_scheduled' retrieved from /Users/punny/Documents/GitHub/NYC-Taxi-ETL-Pipeline/.venv/lib/python3.10/site-packages/airflow/example_dags/example_datasets.py
[2024-10-20T21:09:24.366+0700] {logging_mixin.py:190} INFO - [2024-10-20T21:09:24.365+0700] {dag.py:3239} INFO - Sync 10 DAGs
[2024-10-20T21:09:24.392+0700] {logging_mixin.py:190} INFO - [2024-10-20T21:09:24.391+0700] {dag.py:4180} INFO - Setting next_dagrun for conditional_dataset_and_time_based_timetable to 2024-10-16 01:00:00+00:00, run_after=2024-10-16 01:00:00+00:00
[2024-10-20T21:09:24.395+0700] {logging_mixin.py:190} INFO - [2024-10-20T21:09:24.395+0700] {dag.py:4180} INFO - Setting next_dagrun for consume_1_and_2_with_dataset_expressions to None, run_after=None
[2024-10-20T21:09:24.397+0700] {logging_mixin.py:190} INFO - [2024-10-20T21:09:24.396+0700] {dag.py:4180} INFO - Setting next_dagrun for consume_1_or_2_with_dataset_expressions to None, run_after=None
[2024-10-20T21:09:24.398+0700] {logging_mixin.py:190} INFO - [2024-10-20T21:09:24.398+0700] {dag.py:4180} INFO - Setting next_dagrun for consume_1_or_both_2_and_3_with_dataset_expressions to None, run_after=None
[2024-10-20T21:09:24.399+0700] {logging_mixin.py:190} INFO - [2024-10-20T21:09:24.399+0700] {dag.py:4180} INFO - Setting next_dagrun for dataset_consumes_1 to None, run_after=None
[2024-10-20T21:09:24.400+0700] {logging_mixin.py:190} INFO - [2024-10-20T21:09:24.400+0700] {dag.py:4180} INFO - Setting next_dagrun for dataset_consumes_1_and_2 to None, run_after=None
[2024-10-20T21:09:24.401+0700] {logging_mixin.py:190} INFO - [2024-10-20T21:09:24.401+0700] {dag.py:4180} INFO - Setting next_dagrun for dataset_consumes_1_never_scheduled to None, run_after=None
[2024-10-20T21:09:24.402+0700] {logging_mixin.py:190} INFO - [2024-10-20T21:09:24.402+0700] {dag.py:4180} INFO - Setting next_dagrun for dataset_consumes_unknown_never_scheduled to None, run_after=None
[2024-10-20T21:09:24.405+0700] {logging_mixin.py:190} INFO - [2024-10-20T21:09:24.405+0700] {dag.py:4180} INFO - Setting next_dagrun for dataset_produces_1 to 2024-10-19 00:00:00+00:00, run_after=2024-10-20 00:00:00+00:00
[2024-10-20T21:09:24.406+0700] {logging_mixin.py:190} INFO - [2024-10-20T21:09:24.406+0700] {dag.py:4180} INFO - Setting next_dagrun for dataset_produces_2 to None, run_after=None
[2024-10-20T21:09:24.441+0700] {processor.py:208} INFO - Processing /Users/punny/Documents/GitHub/NYC-Taxi-ETL-Pipeline/.venv/lib/python3.10/site-packages/airflow/example_dags/example_datasets.py took 0.373 seconds
[2024-10-20T21:30:56.052+0700] {processor.py:186} INFO - Started process (PID=27717) to work on /Users/punny/Documents/GitHub/NYC-Taxi-ETL-Pipeline/.venv/lib/python3.10/site-packages/airflow/example_dags/example_datasets.py
[2024-10-20T21:30:56.056+0700] {processor.py:914} INFO - Processing file /Users/punny/Documents/GitHub/NYC-Taxi-ETL-Pipeline/.venv/lib/python3.10/site-packages/airflow/example_dags/example_datasets.py for tasks to queue
[2024-10-20T21:30:56.057+0700] {logging_mixin.py:190} INFO - [2024-10-20T21:30:56.057+0700] {dagbag.py:588} INFO - Filling up the DagBag from /Users/punny/Documents/GitHub/NYC-Taxi-ETL-Pipeline/.venv/lib/python3.10/site-packages/airflow/example_dags/example_datasets.py
[2024-10-20T21:30:56.122+0700] {processor.py:925} INFO - DAG(s) 'dataset_consumes_unknown_never_scheduled', 'dataset_consumes_1', 'consume_1_or_both_2_and_3_with_dataset_expressions', 'dataset_produces_2', 'conditional_dataset_and_time_based_timetable', 'consume_1_or_2_with_dataset_expressions', 'consume_1_and_2_with_dataset_expressions', 'dataset_consumes_1_and_2', 'dataset_produces_1', 'dataset_consumes_1_never_scheduled' retrieved from /Users/punny/Documents/GitHub/NYC-Taxi-ETL-Pipeline/.venv/lib/python3.10/site-packages/airflow/example_dags/example_datasets.py
[2024-10-20T21:30:56.347+0700] {logging_mixin.py:190} INFO - [2024-10-20T21:30:56.346+0700] {dag.py:3239} INFO - Sync 10 DAGs
[2024-10-20T21:30:56.374+0700] {logging_mixin.py:190} INFO - [2024-10-20T21:30:56.374+0700] {dag.py:4180} INFO - Setting next_dagrun for conditional_dataset_and_time_based_timetable to 2024-10-16 01:00:00+00:00, run_after=2024-10-16 01:00:00+00:00
[2024-10-20T21:30:56.378+0700] {logging_mixin.py:190} INFO - [2024-10-20T21:30:56.378+0700] {dag.py:4180} INFO - Setting next_dagrun for consume_1_and_2_with_dataset_expressions to None, run_after=None
[2024-10-20T21:30:56.379+0700] {logging_mixin.py:190} INFO - [2024-10-20T21:30:56.379+0700] {dag.py:4180} INFO - Setting next_dagrun for consume_1_or_2_with_dataset_expressions to None, run_after=None
[2024-10-20T21:30:56.380+0700] {logging_mixin.py:190} INFO - [2024-10-20T21:30:56.380+0700] {dag.py:4180} INFO - Setting next_dagrun for consume_1_or_both_2_and_3_with_dataset_expressions to None, run_after=None
[2024-10-20T21:30:56.382+0700] {logging_mixin.py:190} INFO - [2024-10-20T21:30:56.381+0700] {dag.py:4180} INFO - Setting next_dagrun for dataset_consumes_1 to None, run_after=None
[2024-10-20T21:30:56.383+0700] {logging_mixin.py:190} INFO - [2024-10-20T21:30:56.383+0700] {dag.py:4180} INFO - Setting next_dagrun for dataset_consumes_1_and_2 to None, run_after=None
[2024-10-20T21:30:56.384+0700] {logging_mixin.py:190} INFO - [2024-10-20T21:30:56.384+0700] {dag.py:4180} INFO - Setting next_dagrun for dataset_consumes_1_never_scheduled to None, run_after=None
[2024-10-20T21:30:56.385+0700] {logging_mixin.py:190} INFO - [2024-10-20T21:30:56.385+0700] {dag.py:4180} INFO - Setting next_dagrun for dataset_consumes_unknown_never_scheduled to None, run_after=None
[2024-10-20T21:30:56.388+0700] {logging_mixin.py:190} INFO - [2024-10-20T21:30:56.388+0700] {dag.py:4180} INFO - Setting next_dagrun for dataset_produces_1 to 2024-10-19 00:00:00+00:00, run_after=2024-10-20 00:00:00+00:00
[2024-10-20T21:30:56.389+0700] {logging_mixin.py:190} INFO - [2024-10-20T21:30:56.389+0700] {dag.py:4180} INFO - Setting next_dagrun for dataset_produces_2 to None, run_after=None
[2024-10-20T21:30:56.434+0700] {processor.py:208} INFO - Processing /Users/punny/Documents/GitHub/NYC-Taxi-ETL-Pipeline/.venv/lib/python3.10/site-packages/airflow/example_dags/example_datasets.py took 0.390 seconds
[2024-10-20T21:58:18.255+0700] {processor.py:186} INFO - Started process (PID=31428) to work on /Users/punny/Documents/GitHub/NYC-Taxi-ETL-Pipeline/.venv/lib/python3.10/site-packages/airflow/example_dags/example_datasets.py
[2024-10-20T21:58:18.259+0700] {processor.py:914} INFO - Processing file /Users/punny/Documents/GitHub/NYC-Taxi-ETL-Pipeline/.venv/lib/python3.10/site-packages/airflow/example_dags/example_datasets.py for tasks to queue
[2024-10-20T21:58:18.260+0700] {logging_mixin.py:190} INFO - [2024-10-20T21:58:18.260+0700] {dagbag.py:588} INFO - Filling up the DagBag from /Users/punny/Documents/GitHub/NYC-Taxi-ETL-Pipeline/.venv/lib/python3.10/site-packages/airflow/example_dags/example_datasets.py
[2024-10-20T21:58:18.371+0700] {processor.py:925} INFO - DAG(s) 'conditional_dataset_and_time_based_timetable', 'dataset_consumes_1_never_scheduled', 'dataset_consumes_unknown_never_scheduled', 'consume_1_or_2_with_dataset_expressions', 'consume_1_or_both_2_and_3_with_dataset_expressions', 'dataset_produces_1', 'dataset_produces_2', 'dataset_consumes_1', 'dataset_consumes_1_and_2', 'consume_1_and_2_with_dataset_expressions' retrieved from /Users/punny/Documents/GitHub/NYC-Taxi-ETL-Pipeline/.venv/lib/python3.10/site-packages/airflow/example_dags/example_datasets.py
[2024-10-20T21:58:18.681+0700] {logging_mixin.py:190} INFO - [2024-10-20T21:58:18.681+0700] {dag.py:3239} INFO - Sync 10 DAGs
[2024-10-20T21:58:18.721+0700] {logging_mixin.py:190} INFO - [2024-10-20T21:58:18.721+0700] {dag.py:4180} INFO - Setting next_dagrun for conditional_dataset_and_time_based_timetable to 2024-10-16 01:00:00+00:00, run_after=2024-10-16 01:00:00+00:00
[2024-10-20T21:58:18.727+0700] {logging_mixin.py:190} INFO - [2024-10-20T21:58:18.726+0700] {dag.py:4180} INFO - Setting next_dagrun for consume_1_and_2_with_dataset_expressions to None, run_after=None
[2024-10-20T21:58:18.729+0700] {logging_mixin.py:190} INFO - [2024-10-20T21:58:18.729+0700] {dag.py:4180} INFO - Setting next_dagrun for consume_1_or_2_with_dataset_expressions to None, run_after=None
[2024-10-20T21:58:18.731+0700] {logging_mixin.py:190} INFO - [2024-10-20T21:58:18.731+0700] {dag.py:4180} INFO - Setting next_dagrun for consume_1_or_both_2_and_3_with_dataset_expressions to None, run_after=None
[2024-10-20T21:58:18.733+0700] {logging_mixin.py:190} INFO - [2024-10-20T21:58:18.733+0700] {dag.py:4180} INFO - Setting next_dagrun for dataset_consumes_1 to None, run_after=None
[2024-10-20T21:58:18.735+0700] {logging_mixin.py:190} INFO - [2024-10-20T21:58:18.735+0700] {dag.py:4180} INFO - Setting next_dagrun for dataset_consumes_1_and_2 to None, run_after=None
[2024-10-20T21:58:18.737+0700] {logging_mixin.py:190} INFO - [2024-10-20T21:58:18.736+0700] {dag.py:4180} INFO - Setting next_dagrun for dataset_consumes_1_never_scheduled to None, run_after=None
[2024-10-20T21:58:18.738+0700] {logging_mixin.py:190} INFO - [2024-10-20T21:58:18.738+0700] {dag.py:4180} INFO - Setting next_dagrun for dataset_consumes_unknown_never_scheduled to None, run_after=None
[2024-10-20T21:58:18.743+0700] {logging_mixin.py:190} INFO - [2024-10-20T21:58:18.743+0700] {dag.py:4180} INFO - Setting next_dagrun for dataset_produces_1 to 2024-10-19 00:00:00+00:00, run_after=2024-10-20 00:00:00+00:00
[2024-10-20T21:58:18.745+0700] {logging_mixin.py:190} INFO - [2024-10-20T21:58:18.745+0700] {dag.py:4180} INFO - Setting next_dagrun for dataset_produces_2 to None, run_after=None
[2024-10-20T21:58:18.882+0700] {processor.py:208} INFO - Processing /Users/punny/Documents/GitHub/NYC-Taxi-ETL-Pipeline/.venv/lib/python3.10/site-packages/airflow/example_dags/example_datasets.py took 0.635 seconds
[2024-10-20T23:47:59.668+0700] {processor.py:186} INFO - Started process (PID=32223) to work on /Users/punny/Documents/GitHub/NYC-Taxi-ETL-Pipeline/.venv/lib/python3.10/site-packages/airflow/example_dags/example_datasets.py
[2024-10-20T23:47:59.671+0700] {processor.py:914} INFO - Processing file /Users/punny/Documents/GitHub/NYC-Taxi-ETL-Pipeline/.venv/lib/python3.10/site-packages/airflow/example_dags/example_datasets.py for tasks to queue
[2024-10-20T23:47:59.672+0700] {logging_mixin.py:190} INFO - [2024-10-20T23:47:59.672+0700] {dagbag.py:588} INFO - Filling up the DagBag from /Users/punny/Documents/GitHub/NYC-Taxi-ETL-Pipeline/.venv/lib/python3.10/site-packages/airflow/example_dags/example_datasets.py
[2024-10-20T23:47:59.755+0700] {processor.py:925} INFO - DAG(s) 'dataset_produces_1', 'dataset_consumes_1_never_scheduled', 'dataset_consumes_unknown_never_scheduled', 'consume_1_and_2_with_dataset_expressions', 'dataset_produces_2', 'consume_1_or_2_with_dataset_expressions', 'dataset_consumes_1', 'conditional_dataset_and_time_based_timetable', 'consume_1_or_both_2_and_3_with_dataset_expressions', 'dataset_consumes_1_and_2' retrieved from /Users/punny/Documents/GitHub/NYC-Taxi-ETL-Pipeline/.venv/lib/python3.10/site-packages/airflow/example_dags/example_datasets.py
[2024-10-20T23:47:59.974+0700] {logging_mixin.py:190} INFO - [2024-10-20T23:47:59.973+0700] {dag.py:3239} INFO - Sync 10 DAGs
[2024-10-20T23:48:00.005+0700] {logging_mixin.py:190} INFO - [2024-10-20T23:48:00.005+0700] {dag.py:4180} INFO - Setting next_dagrun for conditional_dataset_and_time_based_timetable to 2024-10-16 01:00:00+00:00, run_after=2024-10-16 01:00:00+00:00
[2024-10-20T23:48:00.012+0700] {logging_mixin.py:190} INFO - [2024-10-20T23:48:00.012+0700] {dag.py:4180} INFO - Setting next_dagrun for consume_1_and_2_with_dataset_expressions to None, run_after=None
[2024-10-20T23:48:00.014+0700] {logging_mixin.py:190} INFO - [2024-10-20T23:48:00.014+0700] {dag.py:4180} INFO - Setting next_dagrun for consume_1_or_2_with_dataset_expressions to None, run_after=None
[2024-10-20T23:48:00.016+0700] {logging_mixin.py:190} INFO - [2024-10-20T23:48:00.016+0700] {dag.py:4180} INFO - Setting next_dagrun for consume_1_or_both_2_and_3_with_dataset_expressions to None, run_after=None
[2024-10-20T23:48:00.018+0700] {logging_mixin.py:190} INFO - [2024-10-20T23:48:00.017+0700] {dag.py:4180} INFO - Setting next_dagrun for dataset_consumes_1 to None, run_after=None
[2024-10-20T23:48:00.021+0700] {logging_mixin.py:190} INFO - [2024-10-20T23:48:00.021+0700] {dag.py:4180} INFO - Setting next_dagrun for dataset_consumes_1_and_2 to None, run_after=None
[2024-10-20T23:48:00.024+0700] {logging_mixin.py:190} INFO - [2024-10-20T23:48:00.024+0700] {dag.py:4180} INFO - Setting next_dagrun for dataset_consumes_1_never_scheduled to None, run_after=None
[2024-10-20T23:48:00.026+0700] {logging_mixin.py:190} INFO - [2024-10-20T23:48:00.026+0700] {dag.py:4180} INFO - Setting next_dagrun for dataset_consumes_unknown_never_scheduled to None, run_after=None
[2024-10-20T23:48:00.031+0700] {logging_mixin.py:190} INFO - [2024-10-20T23:48:00.030+0700] {dag.py:4180} INFO - Setting next_dagrun for dataset_produces_1 to 2024-10-19 00:00:00+00:00, run_after=2024-10-20 00:00:00+00:00
[2024-10-20T23:48:00.032+0700] {logging_mixin.py:190} INFO - [2024-10-20T23:48:00.032+0700] {dag.py:4180} INFO - Setting next_dagrun for dataset_produces_2 to None, run_after=None
[2024-10-20T23:48:00.068+0700] {processor.py:208} INFO - Processing /Users/punny/Documents/GitHub/NYC-Taxi-ETL-Pipeline/.venv/lib/python3.10/site-packages/airflow/example_dags/example_datasets.py took 0.409 seconds
[2024-10-21T01:48:29.021+0700] {processor.py:186} INFO - Started process (PID=32825) to work on /Users/punny/Documents/GitHub/NYC-Taxi-ETL-Pipeline/.venv/lib/python3.10/site-packages/airflow/example_dags/example_datasets.py
[2024-10-21T01:48:29.026+0700] {processor.py:914} INFO - Processing file /Users/punny/Documents/GitHub/NYC-Taxi-ETL-Pipeline/.venv/lib/python3.10/site-packages/airflow/example_dags/example_datasets.py for tasks to queue
[2024-10-21T01:48:29.028+0700] {logging_mixin.py:190} INFO - [2024-10-21T01:48:29.028+0700] {dagbag.py:588} INFO - Filling up the DagBag from /Users/punny/Documents/GitHub/NYC-Taxi-ETL-Pipeline/.venv/lib/python3.10/site-packages/airflow/example_dags/example_datasets.py
[2024-10-21T01:48:29.127+0700] {processor.py:925} INFO - DAG(s) 'consume_1_and_2_with_dataset_expressions', 'conditional_dataset_and_time_based_timetable', 'dataset_consumes_unknown_never_scheduled', 'dataset_consumes_1', 'consume_1_or_both_2_and_3_with_dataset_expressions', 'dataset_consumes_1_never_scheduled', 'consume_1_or_2_with_dataset_expressions', 'dataset_produces_1', 'dataset_produces_2', 'dataset_consumes_1_and_2' retrieved from /Users/punny/Documents/GitHub/NYC-Taxi-ETL-Pipeline/.venv/lib/python3.10/site-packages/airflow/example_dags/example_datasets.py
[2024-10-21T01:48:29.358+0700] {logging_mixin.py:190} INFO - [2024-10-21T01:48:29.358+0700] {dag.py:3239} INFO - Sync 10 DAGs
[2024-10-21T01:48:29.391+0700] {logging_mixin.py:190} INFO - [2024-10-21T01:48:29.390+0700] {dag.py:4180} INFO - Setting next_dagrun for conditional_dataset_and_time_based_timetable to 2024-10-16 01:00:00+00:00, run_after=2024-10-16 01:00:00+00:00
[2024-10-21T01:48:29.395+0700] {logging_mixin.py:190} INFO - [2024-10-21T01:48:29.394+0700] {dag.py:4180} INFO - Setting next_dagrun for consume_1_and_2_with_dataset_expressions to None, run_after=None
[2024-10-21T01:48:29.396+0700] {logging_mixin.py:190} INFO - [2024-10-21T01:48:29.396+0700] {dag.py:4180} INFO - Setting next_dagrun for consume_1_or_2_with_dataset_expressions to None, run_after=None
[2024-10-21T01:48:29.397+0700] {logging_mixin.py:190} INFO - [2024-10-21T01:48:29.397+0700] {dag.py:4180} INFO - Setting next_dagrun for consume_1_or_both_2_and_3_with_dataset_expressions to None, run_after=None
[2024-10-21T01:48:29.398+0700] {logging_mixin.py:190} INFO - [2024-10-21T01:48:29.398+0700] {dag.py:4180} INFO - Setting next_dagrun for dataset_consumes_1 to None, run_after=None
[2024-10-21T01:48:29.399+0700] {logging_mixin.py:190} INFO - [2024-10-21T01:48:29.399+0700] {dag.py:4180} INFO - Setting next_dagrun for dataset_consumes_1_and_2 to None, run_after=None
[2024-10-21T01:48:29.400+0700] {logging_mixin.py:190} INFO - [2024-10-21T01:48:29.400+0700] {dag.py:4180} INFO - Setting next_dagrun for dataset_consumes_1_never_scheduled to None, run_after=None
[2024-10-21T01:48:29.401+0700] {logging_mixin.py:190} INFO - [2024-10-21T01:48:29.401+0700] {dag.py:4180} INFO - Setting next_dagrun for dataset_consumes_unknown_never_scheduled to None, run_after=None
[2024-10-21T01:48:29.404+0700] {logging_mixin.py:190} INFO - [2024-10-21T01:48:29.404+0700] {dag.py:4180} INFO - Setting next_dagrun for dataset_produces_1 to 2024-10-19 00:00:00+00:00, run_after=2024-10-20 00:00:00+00:00
[2024-10-21T01:48:29.406+0700] {logging_mixin.py:190} INFO - [2024-10-21T01:48:29.405+0700] {dag.py:4180} INFO - Setting next_dagrun for dataset_produces_2 to None, run_after=None
[2024-10-21T01:48:29.442+0700] {processor.py:208} INFO - Processing /Users/punny/Documents/GitHub/NYC-Taxi-ETL-Pipeline/.venv/lib/python3.10/site-packages/airflow/example_dags/example_datasets.py took 0.432 seconds
[2024-10-21T03:51:10.821+0700] {processor.py:186} INFO - Started process (PID=33565) to work on /Users/punny/Documents/GitHub/NYC-Taxi-ETL-Pipeline/.venv/lib/python3.10/site-packages/airflow/example_dags/example_datasets.py
[2024-10-21T03:51:10.824+0700] {processor.py:914} INFO - Processing file /Users/punny/Documents/GitHub/NYC-Taxi-ETL-Pipeline/.venv/lib/python3.10/site-packages/airflow/example_dags/example_datasets.py for tasks to queue
[2024-10-21T03:51:10.825+0700] {logging_mixin.py:190} INFO - [2024-10-21T03:51:10.824+0700] {dagbag.py:588} INFO - Filling up the DagBag from /Users/punny/Documents/GitHub/NYC-Taxi-ETL-Pipeline/.venv/lib/python3.10/site-packages/airflow/example_dags/example_datasets.py
[2024-10-21T03:51:10.883+0700] {processor.py:925} INFO - DAG(s) 'dataset_consumes_1', 'consume_1_and_2_with_dataset_expressions', 'conditional_dataset_and_time_based_timetable', 'dataset_consumes_1_never_scheduled', 'dataset_consumes_unknown_never_scheduled', 'consume_1_or_both_2_and_3_with_dataset_expressions', 'dataset_produces_1', 'dataset_consumes_1_and_2', 'dataset_produces_2', 'consume_1_or_2_with_dataset_expressions' retrieved from /Users/punny/Documents/GitHub/NYC-Taxi-ETL-Pipeline/.venv/lib/python3.10/site-packages/airflow/example_dags/example_datasets.py
[2024-10-21T03:51:11.138+0700] {logging_mixin.py:190} INFO - [2024-10-21T03:51:11.138+0700] {dag.py:3239} INFO - Sync 10 DAGs
[2024-10-21T03:51:11.167+0700] {logging_mixin.py:190} INFO - [2024-10-21T03:51:11.167+0700] {dag.py:4180} INFO - Setting next_dagrun for conditional_dataset_and_time_based_timetable to 2024-10-16 01:00:00+00:00, run_after=2024-10-16 01:00:00+00:00
[2024-10-21T03:51:11.171+0700] {logging_mixin.py:190} INFO - [2024-10-21T03:51:11.171+0700] {dag.py:4180} INFO - Setting next_dagrun for consume_1_and_2_with_dataset_expressions to None, run_after=None
[2024-10-21T03:51:11.172+0700] {logging_mixin.py:190} INFO - [2024-10-21T03:51:11.172+0700] {dag.py:4180} INFO - Setting next_dagrun for consume_1_or_2_with_dataset_expressions to None, run_after=None
[2024-10-21T03:51:11.174+0700] {logging_mixin.py:190} INFO - [2024-10-21T03:51:11.173+0700] {dag.py:4180} INFO - Setting next_dagrun for consume_1_or_both_2_and_3_with_dataset_expressions to None, run_after=None
[2024-10-21T03:51:11.175+0700] {logging_mixin.py:190} INFO - [2024-10-21T03:51:11.174+0700] {dag.py:4180} INFO - Setting next_dagrun for dataset_consumes_1 to None, run_after=None
[2024-10-21T03:51:11.176+0700] {logging_mixin.py:190} INFO - [2024-10-21T03:51:11.176+0700] {dag.py:4180} INFO - Setting next_dagrun for dataset_consumes_1_and_2 to None, run_after=None
[2024-10-21T03:51:11.177+0700] {logging_mixin.py:190} INFO - [2024-10-21T03:51:11.177+0700] {dag.py:4180} INFO - Setting next_dagrun for dataset_consumes_1_never_scheduled to None, run_after=None
[2024-10-21T03:51:11.178+0700] {logging_mixin.py:190} INFO - [2024-10-21T03:51:11.178+0700] {dag.py:4180} INFO - Setting next_dagrun for dataset_consumes_unknown_never_scheduled to None, run_after=None
[2024-10-21T03:51:11.181+0700] {logging_mixin.py:190} INFO - [2024-10-21T03:51:11.181+0700] {dag.py:4180} INFO - Setting next_dagrun for dataset_produces_1 to 2024-10-19 00:00:00+00:00, run_after=2024-10-20 00:00:00+00:00
[2024-10-21T03:51:11.182+0700] {logging_mixin.py:190} INFO - [2024-10-21T03:51:11.182+0700] {dag.py:4180} INFO - Setting next_dagrun for dataset_produces_2 to None, run_after=None
[2024-10-21T03:51:11.217+0700] {processor.py:208} INFO - Processing /Users/punny/Documents/GitHub/NYC-Taxi-ETL-Pipeline/.venv/lib/python3.10/site-packages/airflow/example_dags/example_datasets.py took 0.405 seconds
