[2024-10-20T20:44:12.355+0700] {processor.py:186} INFO - Started process (PID=22904) to work on /Users/punny/Documents/GitHub/NYC-Taxi-ETL-Pipeline/.venv/lib/python3.10/site-packages/airflow/example_dags/example_latest_only_with_trigger.py
[2024-10-20T20:44:12.358+0700] {processor.py:914} INFO - Processing file /Users/punny/Documents/GitHub/NYC-Taxi-ETL-Pipeline/.venv/lib/python3.10/site-packages/airflow/example_dags/example_latest_only_with_trigger.py for tasks to queue
[2024-10-20T20:44:12.360+0700] {logging_mixin.py:190} INFO - [2024-10-20T20:44:12.359+0700] {dagbag.py:588} INFO - Filling up the DagBag from /Users/punny/Documents/GitHub/NYC-Taxi-ETL-Pipeline/.venv/lib/python3.10/site-packages/airflow/example_dags/example_latest_only_with_trigger.py
[2024-10-20T20:44:12.374+0700] {processor.py:925} INFO - DAG(s) 'latest_only_with_trigger' retrieved from /Users/punny/Documents/GitHub/NYC-Taxi-ETL-Pipeline/.venv/lib/python3.10/site-packages/airflow/example_dags/example_latest_only_with_trigger.py
[2024-10-20T20:44:13.058+0700] {logging_mixin.py:190} INFO - [2024-10-20T20:44:13.057+0700] {override.py:1907} INFO - Created Permission View: can delete on DAG:latest_only_with_trigger
[2024-10-20T20:44:13.072+0700] {logging_mixin.py:190} INFO - [2024-10-20T20:44:13.071+0700] {override.py:1907} INFO - Created Permission View: can edit on DAG:latest_only_with_trigger
[2024-10-20T20:44:13.084+0700] {logging_mixin.py:190} INFO - [2024-10-20T20:44:13.083+0700] {override.py:1907} INFO - Created Permission View: can read on DAG:latest_only_with_trigger
[2024-10-20T20:44:13.095+0700] {logging_mixin.py:190} INFO - [2024-10-20T20:44:13.094+0700] {override.py:1907} INFO - Created Permission View: can create on DAG Run:latest_only_with_trigger
[2024-10-20T20:44:13.105+0700] {logging_mixin.py:190} INFO - [2024-10-20T20:44:13.105+0700] {override.py:1907} INFO - Created Permission View: can delete on DAG Run:latest_only_with_trigger
[2024-10-20T20:44:13.115+0700] {logging_mixin.py:190} INFO - [2024-10-20T20:44:13.115+0700] {override.py:1907} INFO - Created Permission View: menu access on DAG Run:latest_only_with_trigger
[2024-10-20T20:44:13.126+0700] {logging_mixin.py:190} INFO - [2024-10-20T20:44:13.125+0700] {override.py:1907} INFO - Created Permission View: can read on DAG Run:latest_only_with_trigger
[2024-10-20T20:44:13.127+0700] {logging_mixin.py:190} INFO - [2024-10-20T20:44:13.126+0700] {dag.py:3239} INFO - Sync 1 DAGs
[2024-10-20T20:44:13.151+0700] {logging_mixin.py:190} INFO - [2024-10-20T20:44:13.150+0700] {dag.py:3262} INFO - Creating ORM DAG for latest_only_with_trigger
[2024-10-20T20:44:13.170+0700] {logging_mixin.py:190} INFO - [2024-10-20T20:44:13.169+0700] {dag.py:4180} INFO - Setting next_dagrun for latest_only_with_trigger to 2024-10-20 08:00:00+00:00, run_after=2024-10-20 12:00:00+00:00
[2024-10-20T20:44:13.215+0700] {processor.py:208} INFO - Processing /Users/punny/Documents/GitHub/NYC-Taxi-ETL-Pipeline/.venv/lib/python3.10/site-packages/airflow/example_dags/example_latest_only_with_trigger.py took 0.871 seconds
[2024-10-20T20:48:11.082+0700] {processor.py:186} INFO - Started process (PID=23501) to work on /Users/punny/Documents/GitHub/NYC-Taxi-ETL-Pipeline/.venv/lib/python3.10/site-packages/airflow/example_dags/example_latest_only_with_trigger.py
[2024-10-20T20:48:11.086+0700] {processor.py:914} INFO - Processing file /Users/punny/Documents/GitHub/NYC-Taxi-ETL-Pipeline/.venv/lib/python3.10/site-packages/airflow/example_dags/example_latest_only_with_trigger.py for tasks to queue
[2024-10-20T20:48:11.087+0700] {logging_mixin.py:190} INFO - [2024-10-20T20:48:11.087+0700] {dagbag.py:588} INFO - Filling up the DagBag from /Users/punny/Documents/GitHub/NYC-Taxi-ETL-Pipeline/.venv/lib/python3.10/site-packages/airflow/example_dags/example_latest_only_with_trigger.py
[2024-10-20T20:48:11.099+0700] {processor.py:925} INFO - DAG(s) 'latest_only_with_trigger' retrieved from /Users/punny/Documents/GitHub/NYC-Taxi-ETL-Pipeline/.venv/lib/python3.10/site-packages/airflow/example_dags/example_latest_only_with_trigger.py
[2024-10-20T20:48:11.541+0700] {logging_mixin.py:190} INFO - [2024-10-20T20:48:11.540+0700] {dag.py:3239} INFO - Sync 1 DAGs
[2024-10-20T20:48:11.574+0700] {logging_mixin.py:190} INFO - [2024-10-20T20:48:11.574+0700] {dag.py:4180} INFO - Setting next_dagrun for latest_only_with_trigger to 2024-10-20 08:00:00+00:00, run_after=2024-10-20 12:00:00+00:00
[2024-10-20T20:48:11.606+0700] {processor.py:208} INFO - Processing /Users/punny/Documents/GitHub/NYC-Taxi-ETL-Pipeline/.venv/lib/python3.10/site-packages/airflow/example_dags/example_latest_only_with_trigger.py took 0.537 seconds
[2024-10-20T20:51:31.963+0700] {processor.py:186} INFO - Started process (PID=23987) to work on /Users/punny/Documents/GitHub/NYC-Taxi-ETL-Pipeline/.venv/lib/python3.10/site-packages/airflow/example_dags/example_latest_only_with_trigger.py
[2024-10-20T20:51:31.967+0700] {processor.py:914} INFO - Processing file /Users/punny/Documents/GitHub/NYC-Taxi-ETL-Pipeline/.venv/lib/python3.10/site-packages/airflow/example_dags/example_latest_only_with_trigger.py for tasks to queue
[2024-10-20T20:51:31.968+0700] {logging_mixin.py:190} INFO - [2024-10-20T20:51:31.968+0700] {dagbag.py:588} INFO - Filling up the DagBag from /Users/punny/Documents/GitHub/NYC-Taxi-ETL-Pipeline/.venv/lib/python3.10/site-packages/airflow/example_dags/example_latest_only_with_trigger.py
[2024-10-20T20:51:31.980+0700] {processor.py:925} INFO - DAG(s) 'latest_only_with_trigger' retrieved from /Users/punny/Documents/GitHub/NYC-Taxi-ETL-Pipeline/.venv/lib/python3.10/site-packages/airflow/example_dags/example_latest_only_with_trigger.py
[2024-10-20T20:51:32.196+0700] {logging_mixin.py:190} INFO - [2024-10-20T20:51:32.196+0700] {dag.py:3239} INFO - Sync 1 DAGs
[2024-10-20T20:51:32.219+0700] {logging_mixin.py:190} INFO - [2024-10-20T20:51:32.219+0700] {dag.py:4180} INFO - Setting next_dagrun for latest_only_with_trigger to 2024-10-20 08:00:00+00:00, run_after=2024-10-20 12:00:00+00:00
[2024-10-20T20:51:32.246+0700] {processor.py:208} INFO - Processing /Users/punny/Documents/GitHub/NYC-Taxi-ETL-Pipeline/.venv/lib/python3.10/site-packages/airflow/example_dags/example_latest_only_with_trigger.py took 0.292 seconds
[2024-10-20T20:54:59.219+0700] {processor.py:186} INFO - Started process (PID=24525) to work on /Users/punny/Documents/GitHub/NYC-Taxi-ETL-Pipeline/.venv/lib/python3.10/site-packages/airflow/example_dags/example_latest_only_with_trigger.py
[2024-10-20T20:54:59.223+0700] {processor.py:914} INFO - Processing file /Users/punny/Documents/GitHub/NYC-Taxi-ETL-Pipeline/.venv/lib/python3.10/site-packages/airflow/example_dags/example_latest_only_with_trigger.py for tasks to queue
[2024-10-20T20:54:59.224+0700] {logging_mixin.py:190} INFO - [2024-10-20T20:54:59.224+0700] {dagbag.py:588} INFO - Filling up the DagBag from /Users/punny/Documents/GitHub/NYC-Taxi-ETL-Pipeline/.venv/lib/python3.10/site-packages/airflow/example_dags/example_latest_only_with_trigger.py
[2024-10-20T20:54:59.242+0700] {processor.py:925} INFO - DAG(s) 'latest_only_with_trigger' retrieved from /Users/punny/Documents/GitHub/NYC-Taxi-ETL-Pipeline/.venv/lib/python3.10/site-packages/airflow/example_dags/example_latest_only_with_trigger.py
[2024-10-20T20:54:59.493+0700] {logging_mixin.py:190} INFO - [2024-10-20T20:54:59.492+0700] {dag.py:3239} INFO - Sync 1 DAGs
[2024-10-20T20:54:59.520+0700] {logging_mixin.py:190} INFO - [2024-10-20T20:54:59.519+0700] {dag.py:4180} INFO - Setting next_dagrun for latest_only_with_trigger to 2024-10-20 08:00:00+00:00, run_after=2024-10-20 12:00:00+00:00
[2024-10-20T20:54:59.541+0700] {processor.py:208} INFO - Processing /Users/punny/Documents/GitHub/NYC-Taxi-ETL-Pipeline/.venv/lib/python3.10/site-packages/airflow/example_dags/example_latest_only_with_trigger.py took 0.328 seconds
[2024-10-20T20:58:25.519+0700] {processor.py:186} INFO - Started process (PID=25033) to work on /Users/punny/Documents/GitHub/NYC-Taxi-ETL-Pipeline/.venv/lib/python3.10/site-packages/airflow/example_dags/example_latest_only_with_trigger.py
[2024-10-20T20:58:25.524+0700] {processor.py:914} INFO - Processing file /Users/punny/Documents/GitHub/NYC-Taxi-ETL-Pipeline/.venv/lib/python3.10/site-packages/airflow/example_dags/example_latest_only_with_trigger.py for tasks to queue
[2024-10-20T20:58:25.525+0700] {logging_mixin.py:190} INFO - [2024-10-20T20:58:25.525+0700] {dagbag.py:588} INFO - Filling up the DagBag from /Users/punny/Documents/GitHub/NYC-Taxi-ETL-Pipeline/.venv/lib/python3.10/site-packages/airflow/example_dags/example_latest_only_with_trigger.py
[2024-10-20T20:58:25.538+0700] {processor.py:925} INFO - DAG(s) 'latest_only_with_trigger' retrieved from /Users/punny/Documents/GitHub/NYC-Taxi-ETL-Pipeline/.venv/lib/python3.10/site-packages/airflow/example_dags/example_latest_only_with_trigger.py
[2024-10-20T20:58:25.763+0700] {logging_mixin.py:190} INFO - [2024-10-20T20:58:25.763+0700] {dag.py:3239} INFO - Sync 1 DAGs
[2024-10-20T20:58:25.788+0700] {logging_mixin.py:190} INFO - [2024-10-20T20:58:25.787+0700] {dag.py:4180} INFO - Setting next_dagrun for latest_only_with_trigger to 2024-10-20 08:00:00+00:00, run_after=2024-10-20 12:00:00+00:00
[2024-10-20T20:58:25.811+0700] {processor.py:208} INFO - Processing /Users/punny/Documents/GitHub/NYC-Taxi-ETL-Pipeline/.venv/lib/python3.10/site-packages/airflow/example_dags/example_latest_only_with_trigger.py took 0.302 seconds
[2024-10-20T21:02:02.621+0700] {processor.py:186} INFO - Started process (PID=25622) to work on /Users/punny/Documents/GitHub/NYC-Taxi-ETL-Pipeline/.venv/lib/python3.10/site-packages/airflow/example_dags/example_latest_only_with_trigger.py
[2024-10-20T21:02:02.625+0700] {processor.py:914} INFO - Processing file /Users/punny/Documents/GitHub/NYC-Taxi-ETL-Pipeline/.venv/lib/python3.10/site-packages/airflow/example_dags/example_latest_only_with_trigger.py for tasks to queue
[2024-10-20T21:02:02.628+0700] {logging_mixin.py:190} INFO - [2024-10-20T21:02:02.627+0700] {dagbag.py:588} INFO - Filling up the DagBag from /Users/punny/Documents/GitHub/NYC-Taxi-ETL-Pipeline/.venv/lib/python3.10/site-packages/airflow/example_dags/example_latest_only_with_trigger.py
[2024-10-20T21:02:02.638+0700] {processor.py:925} INFO - DAG(s) 'latest_only_with_trigger' retrieved from /Users/punny/Documents/GitHub/NYC-Taxi-ETL-Pipeline/.venv/lib/python3.10/site-packages/airflow/example_dags/example_latest_only_with_trigger.py
[2024-10-20T21:02:02.850+0700] {logging_mixin.py:190} INFO - [2024-10-20T21:02:02.849+0700] {dag.py:3239} INFO - Sync 1 DAGs
[2024-10-20T21:02:02.877+0700] {logging_mixin.py:190} INFO - [2024-10-20T21:02:02.876+0700] {dag.py:4180} INFO - Setting next_dagrun for latest_only_with_trigger to 2024-10-20 08:00:00+00:00, run_after=2024-10-20 12:00:00+00:00
[2024-10-20T21:02:02.900+0700] {processor.py:208} INFO - Processing /Users/punny/Documents/GitHub/NYC-Taxi-ETL-Pipeline/.venv/lib/python3.10/site-packages/airflow/example_dags/example_latest_only_with_trigger.py took 0.288 seconds
[2024-10-20T21:05:43.560+0700] {processor.py:186} INFO - Started process (PID=26177) to work on /Users/punny/Documents/GitHub/NYC-Taxi-ETL-Pipeline/.venv/lib/python3.10/site-packages/airflow/example_dags/example_latest_only_with_trigger.py
[2024-10-20T21:05:43.563+0700] {processor.py:914} INFO - Processing file /Users/punny/Documents/GitHub/NYC-Taxi-ETL-Pipeline/.venv/lib/python3.10/site-packages/airflow/example_dags/example_latest_only_with_trigger.py for tasks to queue
[2024-10-20T21:05:43.564+0700] {logging_mixin.py:190} INFO - [2024-10-20T21:05:43.564+0700] {dagbag.py:588} INFO - Filling up the DagBag from /Users/punny/Documents/GitHub/NYC-Taxi-ETL-Pipeline/.venv/lib/python3.10/site-packages/airflow/example_dags/example_latest_only_with_trigger.py
[2024-10-20T21:05:43.574+0700] {processor.py:925} INFO - DAG(s) 'latest_only_with_trigger' retrieved from /Users/punny/Documents/GitHub/NYC-Taxi-ETL-Pipeline/.venv/lib/python3.10/site-packages/airflow/example_dags/example_latest_only_with_trigger.py
[2024-10-20T21:05:43.771+0700] {logging_mixin.py:190} INFO - [2024-10-20T21:05:43.771+0700] {dag.py:3239} INFO - Sync 1 DAGs
[2024-10-20T21:05:43.794+0700] {logging_mixin.py:190} INFO - [2024-10-20T21:05:43.794+0700] {dag.py:4180} INFO - Setting next_dagrun for latest_only_with_trigger to 2024-10-20 08:00:00+00:00, run_after=2024-10-20 12:00:00+00:00
[2024-10-20T21:05:43.816+0700] {processor.py:208} INFO - Processing /Users/punny/Documents/GitHub/NYC-Taxi-ETL-Pipeline/.venv/lib/python3.10/site-packages/airflow/example_dags/example_latest_only_with_trigger.py took 0.264 seconds
[2024-10-20T21:08:59.530+0700] {processor.py:186} INFO - Started process (PID=26602) to work on /Users/punny/Documents/GitHub/NYC-Taxi-ETL-Pipeline/.venv/lib/python3.10/site-packages/airflow/example_dags/example_latest_only_with_trigger.py
[2024-10-20T21:08:59.534+0700] {processor.py:914} INFO - Processing file /Users/punny/Documents/GitHub/NYC-Taxi-ETL-Pipeline/.venv/lib/python3.10/site-packages/airflow/example_dags/example_latest_only_with_trigger.py for tasks to queue
[2024-10-20T21:08:59.535+0700] {logging_mixin.py:190} INFO - [2024-10-20T21:08:59.534+0700] {dagbag.py:588} INFO - Filling up the DagBag from /Users/punny/Documents/GitHub/NYC-Taxi-ETL-Pipeline/.venv/lib/python3.10/site-packages/airflow/example_dags/example_latest_only_with_trigger.py
[2024-10-20T21:08:59.545+0700] {processor.py:925} INFO - DAG(s) 'latest_only_with_trigger' retrieved from /Users/punny/Documents/GitHub/NYC-Taxi-ETL-Pipeline/.venv/lib/python3.10/site-packages/airflow/example_dags/example_latest_only_with_trigger.py
[2024-10-20T21:08:59.735+0700] {logging_mixin.py:190} INFO - [2024-10-20T21:08:59.735+0700] {dag.py:3239} INFO - Sync 1 DAGs
[2024-10-20T21:08:59.757+0700] {logging_mixin.py:190} INFO - [2024-10-20T21:08:59.757+0700] {dag.py:4180} INFO - Setting next_dagrun for latest_only_with_trigger to 2024-10-20 08:00:00+00:00, run_after=2024-10-20 12:00:00+00:00
[2024-10-20T21:08:59.778+0700] {processor.py:208} INFO - Processing /Users/punny/Documents/GitHub/NYC-Taxi-ETL-Pipeline/.venv/lib/python3.10/site-packages/airflow/example_dags/example_latest_only_with_trigger.py took 0.257 seconds
[2024-10-20T21:12:02.003+0700] {processor.py:186} INFO - Started process (PID=26983) to work on /Users/punny/Documents/GitHub/NYC-Taxi-ETL-Pipeline/.venv/lib/python3.10/site-packages/airflow/example_dags/example_latest_only_with_trigger.py
[2024-10-20T21:12:02.008+0700] {processor.py:914} INFO - Processing file /Users/punny/Documents/GitHub/NYC-Taxi-ETL-Pipeline/.venv/lib/python3.10/site-packages/airflow/example_dags/example_latest_only_with_trigger.py for tasks to queue
[2024-10-20T21:12:02.010+0700] {logging_mixin.py:190} INFO - [2024-10-20T21:12:02.010+0700] {dagbag.py:588} INFO - Filling up the DagBag from /Users/punny/Documents/GitHub/NYC-Taxi-ETL-Pipeline/.venv/lib/python3.10/site-packages/airflow/example_dags/example_latest_only_with_trigger.py
[2024-10-20T21:12:02.031+0700] {processor.py:925} INFO - DAG(s) 'latest_only_with_trigger' retrieved from /Users/punny/Documents/GitHub/NYC-Taxi-ETL-Pipeline/.venv/lib/python3.10/site-packages/airflow/example_dags/example_latest_only_with_trigger.py
[2024-10-20T21:12:02.317+0700] {logging_mixin.py:190} INFO - [2024-10-20T21:12:02.316+0700] {dag.py:3239} INFO - Sync 1 DAGs
[2024-10-20T21:12:02.366+0700] {logging_mixin.py:190} INFO - [2024-10-20T21:12:02.365+0700] {dag.py:4180} INFO - Setting next_dagrun for latest_only_with_trigger to 2024-10-20 08:00:00+00:00, run_after=2024-10-20 12:00:00+00:00
[2024-10-20T21:12:02.394+0700] {processor.py:208} INFO - Processing /Users/punny/Documents/GitHub/NYC-Taxi-ETL-Pipeline/.venv/lib/python3.10/site-packages/airflow/example_dags/example_latest_only_with_trigger.py took 0.407 seconds
[2024-10-20T21:30:28.524+0700] {processor.py:186} INFO - Started process (PID=27636) to work on /Users/punny/Documents/GitHub/NYC-Taxi-ETL-Pipeline/.venv/lib/python3.10/site-packages/airflow/example_dags/example_latest_only_with_trigger.py
[2024-10-20T21:30:28.529+0700] {processor.py:914} INFO - Processing file /Users/punny/Documents/GitHub/NYC-Taxi-ETL-Pipeline/.venv/lib/python3.10/site-packages/airflow/example_dags/example_latest_only_with_trigger.py for tasks to queue
[2024-10-20T21:30:28.530+0700] {logging_mixin.py:190} INFO - [2024-10-20T21:30:28.530+0700] {dagbag.py:588} INFO - Filling up the DagBag from /Users/punny/Documents/GitHub/NYC-Taxi-ETL-Pipeline/.venv/lib/python3.10/site-packages/airflow/example_dags/example_latest_only_with_trigger.py
[2024-10-20T21:30:28.545+0700] {processor.py:925} INFO - DAG(s) 'latest_only_with_trigger' retrieved from /Users/punny/Documents/GitHub/NYC-Taxi-ETL-Pipeline/.venv/lib/python3.10/site-packages/airflow/example_dags/example_latest_only_with_trigger.py
[2024-10-20T21:30:28.749+0700] {logging_mixin.py:190} INFO - [2024-10-20T21:30:28.748+0700] {dag.py:3239} INFO - Sync 1 DAGs
[2024-10-20T21:30:28.771+0700] {logging_mixin.py:190} INFO - [2024-10-20T21:30:28.770+0700] {dag.py:4180} INFO - Setting next_dagrun for latest_only_with_trigger to 2024-10-20 08:00:00+00:00, run_after=2024-10-20 12:00:00+00:00
[2024-10-20T21:30:28.793+0700] {processor.py:208} INFO - Processing /Users/punny/Documents/GitHub/NYC-Taxi-ETL-Pipeline/.venv/lib/python3.10/site-packages/airflow/example_dags/example_latest_only_with_trigger.py took 0.280 seconds
[2024-10-20T21:57:46.384+0700] {processor.py:186} INFO - Started process (PID=31366) to work on /Users/punny/Documents/GitHub/NYC-Taxi-ETL-Pipeline/.venv/lib/python3.10/site-packages/airflow/example_dags/example_latest_only_with_trigger.py
[2024-10-20T21:57:46.391+0700] {processor.py:914} INFO - Processing file /Users/punny/Documents/GitHub/NYC-Taxi-ETL-Pipeline/.venv/lib/python3.10/site-packages/airflow/example_dags/example_latest_only_with_trigger.py for tasks to queue
[2024-10-20T21:57:46.393+0700] {logging_mixin.py:190} INFO - [2024-10-20T21:57:46.392+0700] {dagbag.py:588} INFO - Filling up the DagBag from /Users/punny/Documents/GitHub/NYC-Taxi-ETL-Pipeline/.venv/lib/python3.10/site-packages/airflow/example_dags/example_latest_only_with_trigger.py
[2024-10-20T21:57:46.406+0700] {processor.py:925} INFO - DAG(s) 'latest_only_with_trigger' retrieved from /Users/punny/Documents/GitHub/NYC-Taxi-ETL-Pipeline/.venv/lib/python3.10/site-packages/airflow/example_dags/example_latest_only_with_trigger.py
[2024-10-20T21:57:46.621+0700] {logging_mixin.py:190} INFO - [2024-10-20T21:57:46.620+0700] {dag.py:3239} INFO - Sync 1 DAGs
[2024-10-20T21:57:46.646+0700] {logging_mixin.py:190} INFO - [2024-10-20T21:57:46.645+0700] {dag.py:4180} INFO - Setting next_dagrun for latest_only_with_trigger to 2024-10-20 08:00:00+00:00, run_after=2024-10-20 12:00:00+00:00
[2024-10-20T21:57:46.669+0700] {processor.py:208} INFO - Processing /Users/punny/Documents/GitHub/NYC-Taxi-ETL-Pipeline/.venv/lib/python3.10/site-packages/airflow/example_dags/example_latest_only_with_trigger.py took 0.294 seconds
[2024-10-20T23:17:16.228+0700] {processor.py:186} INFO - Started process (PID=32105) to work on /Users/punny/Documents/GitHub/NYC-Taxi-ETL-Pipeline/.venv/lib/python3.10/site-packages/airflow/example_dags/example_latest_only_with_trigger.py
[2024-10-20T23:17:16.233+0700] {processor.py:914} INFO - Processing file /Users/punny/Documents/GitHub/NYC-Taxi-ETL-Pipeline/.venv/lib/python3.10/site-packages/airflow/example_dags/example_latest_only_with_trigger.py for tasks to queue
[2024-10-20T23:17:16.235+0700] {logging_mixin.py:190} INFO - [2024-10-20T23:17:16.235+0700] {dagbag.py:588} INFO - Filling up the DagBag from /Users/punny/Documents/GitHub/NYC-Taxi-ETL-Pipeline/.venv/lib/python3.10/site-packages/airflow/example_dags/example_latest_only_with_trigger.py
[2024-10-20T23:17:16.252+0700] {processor.py:925} INFO - DAG(s) 'latest_only_with_trigger' retrieved from /Users/punny/Documents/GitHub/NYC-Taxi-ETL-Pipeline/.venv/lib/python3.10/site-packages/airflow/example_dags/example_latest_only_with_trigger.py
[2024-10-20T23:17:16.535+0700] {logging_mixin.py:190} INFO - [2024-10-20T23:17:16.534+0700] {dag.py:3239} INFO - Sync 1 DAGs
[2024-10-20T23:17:16.568+0700] {logging_mixin.py:190} INFO - [2024-10-20T23:17:16.568+0700] {dag.py:4180} INFO - Setting next_dagrun for latest_only_with_trigger to 2024-10-20 12:00:00+00:00, run_after=2024-10-20 16:00:00+00:00
[2024-10-20T23:17:16.602+0700] {processor.py:208} INFO - Processing /Users/punny/Documents/GitHub/NYC-Taxi-ETL-Pipeline/.venv/lib/python3.10/site-packages/airflow/example_dags/example_latest_only_with_trigger.py took 0.387 seconds
[2024-10-21T01:17:35.689+0700] {processor.py:186} INFO - Started process (PID=32734) to work on /Users/punny/Documents/GitHub/NYC-Taxi-ETL-Pipeline/.venv/lib/python3.10/site-packages/airflow/example_dags/example_latest_only_with_trigger.py
[2024-10-21T01:17:35.692+0700] {processor.py:914} INFO - Processing file /Users/punny/Documents/GitHub/NYC-Taxi-ETL-Pipeline/.venv/lib/python3.10/site-packages/airflow/example_dags/example_latest_only_with_trigger.py for tasks to queue
[2024-10-21T01:17:35.693+0700] {logging_mixin.py:190} INFO - [2024-10-21T01:17:35.693+0700] {dagbag.py:588} INFO - Filling up the DagBag from /Users/punny/Documents/GitHub/NYC-Taxi-ETL-Pipeline/.venv/lib/python3.10/site-packages/airflow/example_dags/example_latest_only_with_trigger.py
[2024-10-21T01:17:35.704+0700] {processor.py:925} INFO - DAG(s) 'latest_only_with_trigger' retrieved from /Users/punny/Documents/GitHub/NYC-Taxi-ETL-Pipeline/.venv/lib/python3.10/site-packages/airflow/example_dags/example_latest_only_with_trigger.py
[2024-10-21T01:17:35.885+0700] {logging_mixin.py:190} INFO - [2024-10-21T01:17:35.885+0700] {dag.py:3239} INFO - Sync 1 DAGs
[2024-10-21T01:17:35.906+0700] {logging_mixin.py:190} INFO - [2024-10-21T01:17:35.906+0700] {dag.py:4180} INFO - Setting next_dagrun for latest_only_with_trigger to 2024-10-20 12:00:00+00:00, run_after=2024-10-20 16:00:00+00:00
[2024-10-21T01:17:35.927+0700] {processor.py:208} INFO - Processing /Users/punny/Documents/GitHub/NYC-Taxi-ETL-Pipeline/.venv/lib/python3.10/site-packages/airflow/example_dags/example_latest_only_with_trigger.py took 0.246 seconds
[2024-10-21T03:35:26.112+0700] {processor.py:186} INFO - Started process (PID=33490) to work on /Users/punny/Documents/GitHub/NYC-Taxi-ETL-Pipeline/.venv/lib/python3.10/site-packages/airflow/example_dags/example_latest_only_with_trigger.py
[2024-10-21T03:35:26.115+0700] {processor.py:914} INFO - Processing file /Users/punny/Documents/GitHub/NYC-Taxi-ETL-Pipeline/.venv/lib/python3.10/site-packages/airflow/example_dags/example_latest_only_with_trigger.py for tasks to queue
[2024-10-21T03:35:26.116+0700] {logging_mixin.py:190} INFO - [2024-10-21T03:35:26.116+0700] {dagbag.py:588} INFO - Filling up the DagBag from /Users/punny/Documents/GitHub/NYC-Taxi-ETL-Pipeline/.venv/lib/python3.10/site-packages/airflow/example_dags/example_latest_only_with_trigger.py
[2024-10-21T03:35:26.126+0700] {processor.py:925} INFO - DAG(s) 'latest_only_with_trigger' retrieved from /Users/punny/Documents/GitHub/NYC-Taxi-ETL-Pipeline/.venv/lib/python3.10/site-packages/airflow/example_dags/example_latest_only_with_trigger.py
[2024-10-21T03:35:26.526+0700] {logging_mixin.py:190} INFO - [2024-10-21T03:35:26.526+0700] {dag.py:3239} INFO - Sync 1 DAGs
[2024-10-21T03:35:26.559+0700] {logging_mixin.py:190} INFO - [2024-10-21T03:35:26.559+0700] {dag.py:4180} INFO - Setting next_dagrun for latest_only_with_trigger to 2024-10-20 16:00:00+00:00, run_after=2024-10-20 20:00:00+00:00
[2024-10-21T03:35:26.587+0700] {processor.py:208} INFO - Processing /Users/punny/Documents/GitHub/NYC-Taxi-ETL-Pipeline/.venv/lib/python3.10/site-packages/airflow/example_dags/example_latest_only_with_trigger.py took 0.483 seconds
