[2024-10-20T20:45:26.994+0700] {processor.py:186} INFO - Started process (PID=23108) to work on /Users/punny/Documents/GitHub/NYC-Taxi-ETL-Pipeline/.venv/lib/python3.10/site-packages/airflow/example_dags/example_branch_operator_decorator.py
[2024-10-20T20:45:27.002+0700] {processor.py:914} INFO - Processing file /Users/punny/Documents/GitHub/NYC-Taxi-ETL-Pipeline/.venv/lib/python3.10/site-packages/airflow/example_dags/example_branch_operator_decorator.py for tasks to queue
[2024-10-20T20:45:27.006+0700] {logging_mixin.py:190} INFO - [2024-10-20T20:45:27.006+0700] {dagbag.py:588} INFO - Filling up the DagBag from /Users/punny/Documents/GitHub/NYC-Taxi-ETL-Pipeline/.venv/lib/python3.10/site-packages/airflow/example_dags/example_branch_operator_decorator.py
[2024-10-20T20:45:27.096+0700] {processor.py:925} INFO - DAG(s) 'example_branch_python_operator_decorator' retrieved from /Users/punny/Documents/GitHub/NYC-Taxi-ETL-Pipeline/.venv/lib/python3.10/site-packages/airflow/example_dags/example_branch_operator_decorator.py
[2024-10-20T20:45:27.534+0700] {logging_mixin.py:190} INFO - [2024-10-20T20:45:27.533+0700] {override.py:1907} INFO - Created Permission View: can delete on DAG:example_branch_python_operator_decorator
[2024-10-20T20:45:27.545+0700] {logging_mixin.py:190} INFO - [2024-10-20T20:45:27.545+0700] {override.py:1907} INFO - Created Permission View: can edit on DAG:example_branch_python_operator_decorator
[2024-10-20T20:45:27.552+0700] {logging_mixin.py:190} INFO - [2024-10-20T20:45:27.552+0700] {override.py:1907} INFO - Created Permission View: can read on DAG:example_branch_python_operator_decorator
[2024-10-20T20:45:27.563+0700] {logging_mixin.py:190} INFO - [2024-10-20T20:45:27.562+0700] {override.py:1907} INFO - Created Permission View: can create on DAG Run:example_branch_python_operator_decorator
[2024-10-20T20:45:27.570+0700] {logging_mixin.py:190} INFO - [2024-10-20T20:45:27.570+0700] {override.py:1907} INFO - Created Permission View: menu access on DAG Run:example_branch_python_operator_decorator
[2024-10-20T20:45:27.579+0700] {logging_mixin.py:190} INFO - [2024-10-20T20:45:27.579+0700] {override.py:1907} INFO - Created Permission View: can delete on DAG Run:example_branch_python_operator_decorator
[2024-10-20T20:45:27.587+0700] {logging_mixin.py:190} INFO - [2024-10-20T20:45:27.587+0700] {override.py:1907} INFO - Created Permission View: can read on DAG Run:example_branch_python_operator_decorator
[2024-10-20T20:45:27.588+0700] {logging_mixin.py:190} INFO - [2024-10-20T20:45:27.588+0700] {dag.py:3239} INFO - Sync 1 DAGs
[2024-10-20T20:45:27.604+0700] {logging_mixin.py:190} INFO - [2024-10-20T20:45:27.604+0700] {dag.py:3262} INFO - Creating ORM DAG for example_branch_python_operator_decorator
[2024-10-20T20:45:27.617+0700] {logging_mixin.py:190} INFO - [2024-10-20T20:45:27.616+0700] {dag.py:4180} INFO - Setting next_dagrun for example_branch_python_operator_decorator to 2024-10-19 00:00:00+00:00, run_after=2024-10-20 00:00:00+00:00
[2024-10-20T20:45:27.644+0700] {processor.py:208} INFO - Processing /Users/punny/Documents/GitHub/NYC-Taxi-ETL-Pipeline/.venv/lib/python3.10/site-packages/airflow/example_dags/example_branch_operator_decorator.py took 0.661 seconds
[2024-10-20T20:51:56.558+0700] {processor.py:186} INFO - Started process (PID=24041) to work on /Users/punny/Documents/GitHub/NYC-Taxi-ETL-Pipeline/.venv/lib/python3.10/site-packages/airflow/example_dags/example_branch_operator_decorator.py
[2024-10-20T20:51:56.562+0700] {processor.py:914} INFO - Processing file /Users/punny/Documents/GitHub/NYC-Taxi-ETL-Pipeline/.venv/lib/python3.10/site-packages/airflow/example_dags/example_branch_operator_decorator.py for tasks to queue
[2024-10-20T20:51:56.563+0700] {logging_mixin.py:190} INFO - [2024-10-20T20:51:56.563+0700] {dagbag.py:588} INFO - Filling up the DagBag from /Users/punny/Documents/GitHub/NYC-Taxi-ETL-Pipeline/.venv/lib/python3.10/site-packages/airflow/example_dags/example_branch_operator_decorator.py
[2024-10-20T20:51:56.626+0700] {processor.py:925} INFO - DAG(s) 'example_branch_python_operator_decorator' retrieved from /Users/punny/Documents/GitHub/NYC-Taxi-ETL-Pipeline/.venv/lib/python3.10/site-packages/airflow/example_dags/example_branch_operator_decorator.py
[2024-10-20T20:51:57.005+0700] {logging_mixin.py:190} INFO - [2024-10-20T20:51:57.005+0700] {dag.py:3239} INFO - Sync 1 DAGs
[2024-10-20T20:51:57.028+0700] {logging_mixin.py:190} INFO - [2024-10-20T20:51:57.028+0700] {dag.py:4180} INFO - Setting next_dagrun for example_branch_python_operator_decorator to 2024-10-19 00:00:00+00:00, run_after=2024-10-20 00:00:00+00:00
[2024-10-20T20:51:57.052+0700] {processor.py:208} INFO - Processing /Users/punny/Documents/GitHub/NYC-Taxi-ETL-Pipeline/.venv/lib/python3.10/site-packages/airflow/example_dags/example_branch_operator_decorator.py took 0.503 seconds
[2024-10-20T20:58:45.652+0700] {processor.py:186} INFO - Started process (PID=25077) to work on /Users/punny/Documents/GitHub/NYC-Taxi-ETL-Pipeline/.venv/lib/python3.10/site-packages/airflow/example_dags/example_branch_operator_decorator.py
[2024-10-20T20:58:45.656+0700] {processor.py:914} INFO - Processing file /Users/punny/Documents/GitHub/NYC-Taxi-ETL-Pipeline/.venv/lib/python3.10/site-packages/airflow/example_dags/example_branch_operator_decorator.py for tasks to queue
[2024-10-20T20:58:45.657+0700] {logging_mixin.py:190} INFO - [2024-10-20T20:58:45.657+0700] {dagbag.py:588} INFO - Filling up the DagBag from /Users/punny/Documents/GitHub/NYC-Taxi-ETL-Pipeline/.venv/lib/python3.10/site-packages/airflow/example_dags/example_branch_operator_decorator.py
[2024-10-20T20:58:45.720+0700] {processor.py:925} INFO - DAG(s) 'example_branch_python_operator_decorator' retrieved from /Users/punny/Documents/GitHub/NYC-Taxi-ETL-Pipeline/.venv/lib/python3.10/site-packages/airflow/example_dags/example_branch_operator_decorator.py
[2024-10-20T20:58:46.137+0700] {logging_mixin.py:190} INFO - [2024-10-20T20:58:46.136+0700] {dag.py:3239} INFO - Sync 1 DAGs
[2024-10-20T20:58:46.182+0700] {logging_mixin.py:190} INFO - [2024-10-20T20:58:46.182+0700] {dag.py:4180} INFO - Setting next_dagrun for example_branch_python_operator_decorator to 2024-10-19 00:00:00+00:00, run_after=2024-10-20 00:00:00+00:00
[2024-10-20T20:58:46.207+0700] {processor.py:208} INFO - Processing /Users/punny/Documents/GitHub/NYC-Taxi-ETL-Pipeline/.venv/lib/python3.10/site-packages/airflow/example_dags/example_branch_operator_decorator.py took 0.564 seconds
[2024-10-20T21:06:19.168+0700] {processor.py:186} INFO - Started process (PID=26275) to work on /Users/punny/Documents/GitHub/NYC-Taxi-ETL-Pipeline/.venv/lib/python3.10/site-packages/airflow/example_dags/example_branch_operator_decorator.py
[2024-10-20T21:06:19.174+0700] {processor.py:914} INFO - Processing file /Users/punny/Documents/GitHub/NYC-Taxi-ETL-Pipeline/.venv/lib/python3.10/site-packages/airflow/example_dags/example_branch_operator_decorator.py for tasks to queue
[2024-10-20T21:06:19.175+0700] {logging_mixin.py:190} INFO - [2024-10-20T21:06:19.175+0700] {dagbag.py:588} INFO - Filling up the DagBag from /Users/punny/Documents/GitHub/NYC-Taxi-ETL-Pipeline/.venv/lib/python3.10/site-packages/airflow/example_dags/example_branch_operator_decorator.py
[2024-10-20T21:06:19.266+0700] {processor.py:925} INFO - DAG(s) 'example_branch_python_operator_decorator' retrieved from /Users/punny/Documents/GitHub/NYC-Taxi-ETL-Pipeline/.venv/lib/python3.10/site-packages/airflow/example_dags/example_branch_operator_decorator.py
[2024-10-20T21:06:19.685+0700] {logging_mixin.py:190} INFO - [2024-10-20T21:06:19.684+0700] {dag.py:3239} INFO - Sync 1 DAGs
[2024-10-20T21:06:19.714+0700] {logging_mixin.py:190} INFO - [2024-10-20T21:06:19.714+0700] {dag.py:4180} INFO - Setting next_dagrun for example_branch_python_operator_decorator to 2024-10-19 00:00:00+00:00, run_after=2024-10-20 00:00:00+00:00
[2024-10-20T21:06:19.748+0700] {processor.py:208} INFO - Processing /Users/punny/Documents/GitHub/NYC-Taxi-ETL-Pipeline/.venv/lib/python3.10/site-packages/airflow/example_dags/example_branch_operator_decorator.py took 0.591 seconds
[2024-10-20T21:27:26.140+0700] {processor.py:186} INFO - Started process (PID=27120) to work on /Users/punny/Documents/GitHub/NYC-Taxi-ETL-Pipeline/.venv/lib/python3.10/site-packages/airflow/example_dags/example_branch_operator_decorator.py
[2024-10-20T21:27:26.149+0700] {processor.py:914} INFO - Processing file /Users/punny/Documents/GitHub/NYC-Taxi-ETL-Pipeline/.venv/lib/python3.10/site-packages/airflow/example_dags/example_branch_operator_decorator.py for tasks to queue
[2024-10-20T21:27:26.151+0700] {logging_mixin.py:190} INFO - [2024-10-20T21:27:26.151+0700] {dagbag.py:588} INFO - Filling up the DagBag from /Users/punny/Documents/GitHub/NYC-Taxi-ETL-Pipeline/.venv/lib/python3.10/site-packages/airflow/example_dags/example_branch_operator_decorator.py
[2024-10-20T21:27:26.276+0700] {processor.py:925} INFO - DAG(s) 'example_branch_python_operator_decorator' retrieved from /Users/punny/Documents/GitHub/NYC-Taxi-ETL-Pipeline/.venv/lib/python3.10/site-packages/airflow/example_dags/example_branch_operator_decorator.py
[2024-10-20T21:27:26.751+0700] {logging_mixin.py:190} INFO - [2024-10-20T21:27:26.751+0700] {dag.py:3239} INFO - Sync 1 DAGs
[2024-10-20T21:27:26.779+0700] {logging_mixin.py:190} INFO - [2024-10-20T21:27:26.779+0700] {dag.py:4180} INFO - Setting next_dagrun for example_branch_python_operator_decorator to 2024-10-19 00:00:00+00:00, run_after=2024-10-20 00:00:00+00:00
[2024-10-20T21:27:26.805+0700] {processor.py:208} INFO - Processing /Users/punny/Documents/GitHub/NYC-Taxi-ETL-Pipeline/.venv/lib/python3.10/site-packages/airflow/example_dags/example_branch_operator_decorator.py took 0.671 seconds
[2024-10-20T21:58:44.878+0700] {processor.py:186} INFO - Started process (PID=31539) to work on /Users/punny/Documents/GitHub/NYC-Taxi-ETL-Pipeline/.venv/lib/python3.10/site-packages/airflow/example_dags/example_branch_operator_decorator.py
[2024-10-20T21:58:44.882+0700] {processor.py:914} INFO - Processing file /Users/punny/Documents/GitHub/NYC-Taxi-ETL-Pipeline/.venv/lib/python3.10/site-packages/airflow/example_dags/example_branch_operator_decorator.py for tasks to queue
[2024-10-20T21:58:44.883+0700] {logging_mixin.py:190} INFO - [2024-10-20T21:58:44.883+0700] {dagbag.py:588} INFO - Filling up the DagBag from /Users/punny/Documents/GitHub/NYC-Taxi-ETL-Pipeline/.venv/lib/python3.10/site-packages/airflow/example_dags/example_branch_operator_decorator.py
[2024-10-20T21:58:44.959+0700] {processor.py:925} INFO - DAG(s) 'example_branch_python_operator_decorator' retrieved from /Users/punny/Documents/GitHub/NYC-Taxi-ETL-Pipeline/.venv/lib/python3.10/site-packages/airflow/example_dags/example_branch_operator_decorator.py
[2024-10-20T21:58:45.363+0700] {logging_mixin.py:190} INFO - [2024-10-20T21:58:45.362+0700] {dag.py:3239} INFO - Sync 1 DAGs
[2024-10-20T21:58:45.392+0700] {logging_mixin.py:190} INFO - [2024-10-20T21:58:45.392+0700] {dag.py:4180} INFO - Setting next_dagrun for example_branch_python_operator_decorator to 2024-10-19 00:00:00+00:00, run_after=2024-10-20 00:00:00+00:00
[2024-10-20T21:58:45.427+0700] {processor.py:208} INFO - Processing /Users/punny/Documents/GitHub/NYC-Taxi-ETL-Pipeline/.venv/lib/python3.10/site-packages/airflow/example_dags/example_branch_operator_decorator.py took 0.557 seconds
[2024-10-21T01:48:48.088+0700] {processor.py:186} INFO - Started process (PID=32871) to work on /Users/punny/Documents/GitHub/NYC-Taxi-ETL-Pipeline/.venv/lib/python3.10/site-packages/airflow/example_dags/example_branch_operator_decorator.py
[2024-10-21T01:48:48.092+0700] {processor.py:914} INFO - Processing file /Users/punny/Documents/GitHub/NYC-Taxi-ETL-Pipeline/.venv/lib/python3.10/site-packages/airflow/example_dags/example_branch_operator_decorator.py for tasks to queue
[2024-10-21T01:48:48.093+0700] {logging_mixin.py:190} INFO - [2024-10-21T01:48:48.092+0700] {dagbag.py:588} INFO - Filling up the DagBag from /Users/punny/Documents/GitHub/NYC-Taxi-ETL-Pipeline/.venv/lib/python3.10/site-packages/airflow/example_dags/example_branch_operator_decorator.py
[2024-10-21T01:48:48.192+0700] {processor.py:925} INFO - DAG(s) 'example_branch_python_operator_decorator' retrieved from /Users/punny/Documents/GitHub/NYC-Taxi-ETL-Pipeline/.venv/lib/python3.10/site-packages/airflow/example_dags/example_branch_operator_decorator.py
[2024-10-21T01:48:48.543+0700] {logging_mixin.py:190} INFO - [2024-10-21T01:48:48.543+0700] {dag.py:3239} INFO - Sync 1 DAGs
[2024-10-21T01:48:48.567+0700] {logging_mixin.py:190} INFO - [2024-10-21T01:48:48.566+0700] {dag.py:4180} INFO - Setting next_dagrun for example_branch_python_operator_decorator to 2024-10-19 00:00:00+00:00, run_after=2024-10-20 00:00:00+00:00
[2024-10-21T01:48:48.591+0700] {processor.py:208} INFO - Processing /Users/punny/Documents/GitHub/NYC-Taxi-ETL-Pipeline/.venv/lib/python3.10/site-packages/airflow/example_dags/example_branch_operator_decorator.py took 0.510 seconds
[2024-10-21T04:05:21.805+0700] {processor.py:186} INFO - Started process (PID=33634) to work on /Users/punny/Documents/GitHub/NYC-Taxi-ETL-Pipeline/.venv/lib/python3.10/site-packages/airflow/example_dags/example_branch_operator_decorator.py
[2024-10-21T04:05:21.809+0700] {processor.py:914} INFO - Processing file /Users/punny/Documents/GitHub/NYC-Taxi-ETL-Pipeline/.venv/lib/python3.10/site-packages/airflow/example_dags/example_branch_operator_decorator.py for tasks to queue
[2024-10-21T04:05:21.811+0700] {logging_mixin.py:190} INFO - [2024-10-21T04:05:21.810+0700] {dagbag.py:588} INFO - Filling up the DagBag from /Users/punny/Documents/GitHub/NYC-Taxi-ETL-Pipeline/.venv/lib/python3.10/site-packages/airflow/example_dags/example_branch_operator_decorator.py
[2024-10-21T04:05:21.872+0700] {processor.py:925} INFO - DAG(s) 'example_branch_python_operator_decorator' retrieved from /Users/punny/Documents/GitHub/NYC-Taxi-ETL-Pipeline/.venv/lib/python3.10/site-packages/airflow/example_dags/example_branch_operator_decorator.py
[2024-10-21T04:05:22.183+0700] {logging_mixin.py:190} INFO - [2024-10-21T04:05:22.182+0700] {dag.py:3239} INFO - Sync 1 DAGs
[2024-10-21T04:05:22.207+0700] {logging_mixin.py:190} INFO - [2024-10-21T04:05:22.206+0700] {dag.py:4180} INFO - Setting next_dagrun for example_branch_python_operator_decorator to 2024-10-19 00:00:00+00:00, run_after=2024-10-20 00:00:00+00:00
[2024-10-21T04:05:22.229+0700] {processor.py:208} INFO - Processing /Users/punny/Documents/GitHub/NYC-Taxi-ETL-Pipeline/.venv/lib/python3.10/site-packages/airflow/example_dags/example_branch_operator_decorator.py took 0.433 seconds
