[2024-10-20T20:41:53.330+0700] {processor.py:186} INFO - Started process (PID=22483) to work on /Users/punny/Documents/GitHub/NYC-Taxi-ETL-Pipeline/.venv/lib/python3.10/site-packages/airflow/example_dags/tutorial_taskflow_api.py
[2024-10-20T20:41:53.333+0700] {processor.py:914} INFO - Processing file /Users/punny/Documents/GitHub/NYC-Taxi-ETL-Pipeline/.venv/lib/python3.10/site-packages/airflow/example_dags/tutorial_taskflow_api.py for tasks to queue
[2024-10-20T20:41:53.334+0700] {logging_mixin.py:190} INFO - [2024-10-20T20:41:53.334+0700] {dagbag.py:588} INFO - Filling up the DagBag from /Users/punny/Documents/GitHub/NYC-Taxi-ETL-Pipeline/.venv/lib/python3.10/site-packages/airflow/example_dags/tutorial_taskflow_api.py
[2024-10-20T20:41:53.381+0700] {processor.py:925} INFO - DAG(s) 'tutorial_taskflow_api' retrieved from /Users/punny/Documents/GitHub/NYC-Taxi-ETL-Pipeline/.venv/lib/python3.10/site-packages/airflow/example_dags/tutorial_taskflow_api.py
[2024-10-20T20:41:53.701+0700] {logging_mixin.py:190} INFO - [2024-10-20T20:41:53.700+0700] {override.py:1907} INFO - Created Permission View: can edit on DAG:tutorial_taskflow_api
[2024-10-20T20:41:53.714+0700] {logging_mixin.py:190} INFO - [2024-10-20T20:41:53.713+0700] {override.py:1907} INFO - Created Permission View: can delete on DAG:tutorial_taskflow_api
[2024-10-20T20:41:53.722+0700] {logging_mixin.py:190} INFO - [2024-10-20T20:41:53.722+0700] {override.py:1907} INFO - Created Permission View: can read on DAG:tutorial_taskflow_api
[2024-10-20T20:41:53.735+0700] {logging_mixin.py:190} INFO - [2024-10-20T20:41:53.734+0700] {override.py:1907} INFO - Created Permission View: menu access on DAG Run:tutorial_taskflow_api
[2024-10-20T20:41:53.745+0700] {logging_mixin.py:190} INFO - [2024-10-20T20:41:53.745+0700] {override.py:1907} INFO - Created Permission View: can delete on DAG Run:tutorial_taskflow_api
[2024-10-20T20:41:53.754+0700] {logging_mixin.py:190} INFO - [2024-10-20T20:41:53.754+0700] {override.py:1907} INFO - Created Permission View: can create on DAG Run:tutorial_taskflow_api
[2024-10-20T20:41:53.765+0700] {logging_mixin.py:190} INFO - [2024-10-20T20:41:53.764+0700] {override.py:1907} INFO - Created Permission View: can read on DAG Run:tutorial_taskflow_api
[2024-10-20T20:41:53.766+0700] {logging_mixin.py:190} INFO - [2024-10-20T20:41:53.766+0700] {dag.py:3239} INFO - Sync 1 DAGs
[2024-10-20T20:41:53.782+0700] {logging_mixin.py:190} INFO - [2024-10-20T20:41:53.782+0700] {dag.py:3262} INFO - Creating ORM DAG for tutorial_taskflow_api
[2024-10-20T20:41:53.783+0700] {logging_mixin.py:190} INFO - [2024-10-20T20:41:53.783+0700] {dag.py:4180} INFO - Setting next_dagrun for tutorial_taskflow_api to None, run_after=None
[2024-10-20T20:41:53.808+0700] {processor.py:208} INFO - Processing /Users/punny/Documents/GitHub/NYC-Taxi-ETL-Pipeline/.venv/lib/python3.10/site-packages/airflow/example_dags/tutorial_taskflow_api.py took 0.486 seconds
[2024-10-20T20:46:26.709+0700] {processor.py:186} INFO - Started process (PID=23266) to work on /Users/punny/Documents/GitHub/NYC-Taxi-ETL-Pipeline/.venv/lib/python3.10/site-packages/airflow/example_dags/tutorial_taskflow_api.py
[2024-10-20T20:46:26.712+0700] {processor.py:914} INFO - Processing file /Users/punny/Documents/GitHub/NYC-Taxi-ETL-Pipeline/.venv/lib/python3.10/site-packages/airflow/example_dags/tutorial_taskflow_api.py for tasks to queue
[2024-10-20T20:46:26.713+0700] {logging_mixin.py:190} INFO - [2024-10-20T20:46:26.713+0700] {dagbag.py:588} INFO - Filling up the DagBag from /Users/punny/Documents/GitHub/NYC-Taxi-ETL-Pipeline/.venv/lib/python3.10/site-packages/airflow/example_dags/tutorial_taskflow_api.py
[2024-10-20T20:46:26.755+0700] {processor.py:925} INFO - DAG(s) 'tutorial_taskflow_api' retrieved from /Users/punny/Documents/GitHub/NYC-Taxi-ETL-Pipeline/.venv/lib/python3.10/site-packages/airflow/example_dags/tutorial_taskflow_api.py
[2024-10-20T20:46:26.969+0700] {logging_mixin.py:190} INFO - [2024-10-20T20:46:26.969+0700] {dag.py:3239} INFO - Sync 1 DAGs
[2024-10-20T20:46:26.993+0700] {logging_mixin.py:190} INFO - [2024-10-20T20:46:26.992+0700] {dag.py:4180} INFO - Setting next_dagrun for tutorial_taskflow_api to None, run_after=None
[2024-10-20T20:46:27.024+0700] {processor.py:208} INFO - Processing /Users/punny/Documents/GitHub/NYC-Taxi-ETL-Pipeline/.venv/lib/python3.10/site-packages/airflow/example_dags/tutorial_taskflow_api.py took 0.325 seconds
[2024-10-20T20:49:44.525+0700] {processor.py:186} INFO - Started process (PID=23741) to work on /Users/punny/Documents/GitHub/NYC-Taxi-ETL-Pipeline/.venv/lib/python3.10/site-packages/airflow/example_dags/tutorial_taskflow_api.py
[2024-10-20T20:49:44.528+0700] {processor.py:914} INFO - Processing file /Users/punny/Documents/GitHub/NYC-Taxi-ETL-Pipeline/.venv/lib/python3.10/site-packages/airflow/example_dags/tutorial_taskflow_api.py for tasks to queue
[2024-10-20T20:49:44.529+0700] {logging_mixin.py:190} INFO - [2024-10-20T20:49:44.529+0700] {dagbag.py:588} INFO - Filling up the DagBag from /Users/punny/Documents/GitHub/NYC-Taxi-ETL-Pipeline/.venv/lib/python3.10/site-packages/airflow/example_dags/tutorial_taskflow_api.py
[2024-10-20T20:49:44.577+0700] {processor.py:925} INFO - DAG(s) 'tutorial_taskflow_api' retrieved from /Users/punny/Documents/GitHub/NYC-Taxi-ETL-Pipeline/.venv/lib/python3.10/site-packages/airflow/example_dags/tutorial_taskflow_api.py
[2024-10-20T20:49:44.770+0700] {logging_mixin.py:190} INFO - [2024-10-20T20:49:44.770+0700] {dag.py:3239} INFO - Sync 1 DAGs
[2024-10-20T20:49:44.787+0700] {logging_mixin.py:190} INFO - [2024-10-20T20:49:44.787+0700] {dag.py:4180} INFO - Setting next_dagrun for tutorial_taskflow_api to None, run_after=None
[2024-10-20T20:49:44.815+0700] {processor.py:208} INFO - Processing /Users/punny/Documents/GitHub/NYC-Taxi-ETL-Pipeline/.venv/lib/python3.10/site-packages/airflow/example_dags/tutorial_taskflow_api.py took 0.300 seconds
[2024-10-20T20:52:59.979+0700] {processor.py:186} INFO - Started process (PID=24173) to work on /Users/punny/Documents/GitHub/NYC-Taxi-ETL-Pipeline/.venv/lib/python3.10/site-packages/airflow/example_dags/tutorial_taskflow_api.py
[2024-10-20T20:52:59.983+0700] {processor.py:914} INFO - Processing file /Users/punny/Documents/GitHub/NYC-Taxi-ETL-Pipeline/.venv/lib/python3.10/site-packages/airflow/example_dags/tutorial_taskflow_api.py for tasks to queue
[2024-10-20T20:52:59.985+0700] {logging_mixin.py:190} INFO - [2024-10-20T20:52:59.984+0700] {dagbag.py:588} INFO - Filling up the DagBag from /Users/punny/Documents/GitHub/NYC-Taxi-ETL-Pipeline/.venv/lib/python3.10/site-packages/airflow/example_dags/tutorial_taskflow_api.py
[2024-10-20T20:53:00.044+0700] {processor.py:925} INFO - DAG(s) 'tutorial_taskflow_api' retrieved from /Users/punny/Documents/GitHub/NYC-Taxi-ETL-Pipeline/.venv/lib/python3.10/site-packages/airflow/example_dags/tutorial_taskflow_api.py
[2024-10-20T20:53:00.361+0700] {logging_mixin.py:190} INFO - [2024-10-20T20:53:00.360+0700] {dag.py:3239} INFO - Sync 1 DAGs
[2024-10-20T20:53:00.386+0700] {logging_mixin.py:190} INFO - [2024-10-20T20:53:00.386+0700] {dag.py:4180} INFO - Setting next_dagrun for tutorial_taskflow_api to None, run_after=None
[2024-10-20T20:53:00.413+0700] {processor.py:208} INFO - Processing /Users/punny/Documents/GitHub/NYC-Taxi-ETL-Pipeline/.venv/lib/python3.10/site-packages/airflow/example_dags/tutorial_taskflow_api.py took 0.446 seconds
[2024-10-20T20:56:22.229+0700] {processor.py:186} INFO - Started process (PID=24687) to work on /Users/punny/Documents/GitHub/NYC-Taxi-ETL-Pipeline/.venv/lib/python3.10/site-packages/airflow/example_dags/tutorial_taskflow_api.py
[2024-10-20T20:56:22.232+0700] {processor.py:914} INFO - Processing file /Users/punny/Documents/GitHub/NYC-Taxi-ETL-Pipeline/.venv/lib/python3.10/site-packages/airflow/example_dags/tutorial_taskflow_api.py for tasks to queue
[2024-10-20T20:56:22.234+0700] {logging_mixin.py:190} INFO - [2024-10-20T20:56:22.233+0700] {dagbag.py:588} INFO - Filling up the DagBag from /Users/punny/Documents/GitHub/NYC-Taxi-ETL-Pipeline/.venv/lib/python3.10/site-packages/airflow/example_dags/tutorial_taskflow_api.py
[2024-10-20T20:56:22.278+0700] {processor.py:925} INFO - DAG(s) 'tutorial_taskflow_api' retrieved from /Users/punny/Documents/GitHub/NYC-Taxi-ETL-Pipeline/.venv/lib/python3.10/site-packages/airflow/example_dags/tutorial_taskflow_api.py
[2024-10-20T20:56:22.511+0700] {logging_mixin.py:190} INFO - [2024-10-20T20:56:22.510+0700] {dag.py:3239} INFO - Sync 1 DAGs
[2024-10-20T20:56:22.526+0700] {logging_mixin.py:190} INFO - [2024-10-20T20:56:22.525+0700] {dag.py:4180} INFO - Setting next_dagrun for tutorial_taskflow_api to None, run_after=None
[2024-10-20T20:56:22.547+0700] {processor.py:208} INFO - Processing /Users/punny/Documents/GitHub/NYC-Taxi-ETL-Pipeline/.venv/lib/python3.10/site-packages/airflow/example_dags/tutorial_taskflow_api.py took 0.327 seconds
[2024-10-20T20:59:49.835+0700] {processor.py:186} INFO - Started process (PID=25266) to work on /Users/punny/Documents/GitHub/NYC-Taxi-ETL-Pipeline/.venv/lib/python3.10/site-packages/airflow/example_dags/tutorial_taskflow_api.py
[2024-10-20T20:59:49.838+0700] {processor.py:914} INFO - Processing file /Users/punny/Documents/GitHub/NYC-Taxi-ETL-Pipeline/.venv/lib/python3.10/site-packages/airflow/example_dags/tutorial_taskflow_api.py for tasks to queue
[2024-10-20T20:59:49.839+0700] {logging_mixin.py:190} INFO - [2024-10-20T20:59:49.839+0700] {dagbag.py:588} INFO - Filling up the DagBag from /Users/punny/Documents/GitHub/NYC-Taxi-ETL-Pipeline/.venv/lib/python3.10/site-packages/airflow/example_dags/tutorial_taskflow_api.py
[2024-10-20T20:59:49.882+0700] {processor.py:925} INFO - DAG(s) 'tutorial_taskflow_api' retrieved from /Users/punny/Documents/GitHub/NYC-Taxi-ETL-Pipeline/.venv/lib/python3.10/site-packages/airflow/example_dags/tutorial_taskflow_api.py
[2024-10-20T20:59:50.061+0700] {logging_mixin.py:190} INFO - [2024-10-20T20:59:50.060+0700] {dag.py:3239} INFO - Sync 1 DAGs
[2024-10-20T20:59:50.075+0700] {logging_mixin.py:190} INFO - [2024-10-20T20:59:50.074+0700] {dag.py:4180} INFO - Setting next_dagrun for tutorial_taskflow_api to None, run_after=None
[2024-10-20T20:59:50.095+0700] {processor.py:208} INFO - Processing /Users/punny/Documents/GitHub/NYC-Taxi-ETL-Pipeline/.venv/lib/python3.10/site-packages/airflow/example_dags/tutorial_taskflow_api.py took 0.269 seconds
[2024-10-20T21:03:24.089+0700] {processor.py:186} INFO - Started process (PID=25788) to work on /Users/punny/Documents/GitHub/NYC-Taxi-ETL-Pipeline/.venv/lib/python3.10/site-packages/airflow/example_dags/tutorial_taskflow_api.py
[2024-10-20T21:03:24.092+0700] {processor.py:914} INFO - Processing file /Users/punny/Documents/GitHub/NYC-Taxi-ETL-Pipeline/.venv/lib/python3.10/site-packages/airflow/example_dags/tutorial_taskflow_api.py for tasks to queue
[2024-10-20T21:03:24.093+0700] {logging_mixin.py:190} INFO - [2024-10-20T21:03:24.093+0700] {dagbag.py:588} INFO - Filling up the DagBag from /Users/punny/Documents/GitHub/NYC-Taxi-ETL-Pipeline/.venv/lib/python3.10/site-packages/airflow/example_dags/tutorial_taskflow_api.py
[2024-10-20T21:03:24.137+0700] {processor.py:925} INFO - DAG(s) 'tutorial_taskflow_api' retrieved from /Users/punny/Documents/GitHub/NYC-Taxi-ETL-Pipeline/.venv/lib/python3.10/site-packages/airflow/example_dags/tutorial_taskflow_api.py
[2024-10-20T21:03:24.334+0700] {logging_mixin.py:190} INFO - [2024-10-20T21:03:24.333+0700] {dag.py:3239} INFO - Sync 1 DAGs
[2024-10-20T21:03:24.351+0700] {logging_mixin.py:190} INFO - [2024-10-20T21:03:24.351+0700] {dag.py:4180} INFO - Setting next_dagrun for tutorial_taskflow_api to None, run_after=None
[2024-10-20T21:03:24.374+0700] {processor.py:208} INFO - Processing /Users/punny/Documents/GitHub/NYC-Taxi-ETL-Pipeline/.venv/lib/python3.10/site-packages/airflow/example_dags/tutorial_taskflow_api.py took 0.295 seconds
[2024-10-20T21:07:14.858+0700] {processor.py:186} INFO - Started process (PID=26388) to work on /Users/punny/Documents/GitHub/NYC-Taxi-ETL-Pipeline/.venv/lib/python3.10/site-packages/airflow/example_dags/tutorial_taskflow_api.py
[2024-10-20T21:07:14.861+0700] {processor.py:914} INFO - Processing file /Users/punny/Documents/GitHub/NYC-Taxi-ETL-Pipeline/.venv/lib/python3.10/site-packages/airflow/example_dags/tutorial_taskflow_api.py for tasks to queue
[2024-10-20T21:07:14.862+0700] {logging_mixin.py:190} INFO - [2024-10-20T21:07:14.862+0700] {dagbag.py:588} INFO - Filling up the DagBag from /Users/punny/Documents/GitHub/NYC-Taxi-ETL-Pipeline/.venv/lib/python3.10/site-packages/airflow/example_dags/tutorial_taskflow_api.py
[2024-10-20T21:07:14.904+0700] {processor.py:925} INFO - DAG(s) 'tutorial_taskflow_api' retrieved from /Users/punny/Documents/GitHub/NYC-Taxi-ETL-Pipeline/.venv/lib/python3.10/site-packages/airflow/example_dags/tutorial_taskflow_api.py
[2024-10-20T21:07:15.093+0700] {logging_mixin.py:190} INFO - [2024-10-20T21:07:15.093+0700] {dag.py:3239} INFO - Sync 1 DAGs
[2024-10-20T21:07:15.107+0700] {logging_mixin.py:190} INFO - [2024-10-20T21:07:15.107+0700] {dag.py:4180} INFO - Setting next_dagrun for tutorial_taskflow_api to None, run_after=None
[2024-10-20T21:07:15.128+0700] {processor.py:208} INFO - Processing /Users/punny/Documents/GitHub/NYC-Taxi-ETL-Pipeline/.venv/lib/python3.10/site-packages/airflow/example_dags/tutorial_taskflow_api.py took 0.279 seconds
[2024-10-20T21:10:11.902+0700] {processor.py:186} INFO - Started process (PID=26746) to work on /Users/punny/Documents/GitHub/NYC-Taxi-ETL-Pipeline/.venv/lib/python3.10/site-packages/airflow/example_dags/tutorial_taskflow_api.py
[2024-10-20T21:10:11.905+0700] {processor.py:914} INFO - Processing file /Users/punny/Documents/GitHub/NYC-Taxi-ETL-Pipeline/.venv/lib/python3.10/site-packages/airflow/example_dags/tutorial_taskflow_api.py for tasks to queue
[2024-10-20T21:10:11.906+0700] {logging_mixin.py:190} INFO - [2024-10-20T21:10:11.906+0700] {dagbag.py:588} INFO - Filling up the DagBag from /Users/punny/Documents/GitHub/NYC-Taxi-ETL-Pipeline/.venv/lib/python3.10/site-packages/airflow/example_dags/tutorial_taskflow_api.py
[2024-10-20T21:10:11.947+0700] {processor.py:925} INFO - DAG(s) 'tutorial_taskflow_api' retrieved from /Users/punny/Documents/GitHub/NYC-Taxi-ETL-Pipeline/.venv/lib/python3.10/site-packages/airflow/example_dags/tutorial_taskflow_api.py
[2024-10-20T21:10:12.132+0700] {logging_mixin.py:190} INFO - [2024-10-20T21:10:12.132+0700] {dag.py:3239} INFO - Sync 1 DAGs
[2024-10-20T21:10:12.146+0700] {logging_mixin.py:190} INFO - [2024-10-20T21:10:12.146+0700] {dag.py:4180} INFO - Setting next_dagrun for tutorial_taskflow_api to None, run_after=None
[2024-10-20T21:10:12.173+0700] {processor.py:208} INFO - Processing /Users/punny/Documents/GitHub/NYC-Taxi-ETL-Pipeline/.venv/lib/python3.10/site-packages/airflow/example_dags/tutorial_taskflow_api.py took 0.279 seconds
[2024-10-20T21:28:27.228+0700] {processor.py:186} INFO - Started process (PID=27353) to work on /Users/punny/Documents/GitHub/NYC-Taxi-ETL-Pipeline/.venv/lib/python3.10/site-packages/airflow/example_dags/tutorial_taskflow_api.py
[2024-10-20T21:28:27.237+0700] {processor.py:914} INFO - Processing file /Users/punny/Documents/GitHub/NYC-Taxi-ETL-Pipeline/.venv/lib/python3.10/site-packages/airflow/example_dags/tutorial_taskflow_api.py for tasks to queue
[2024-10-20T21:28:27.239+0700] {logging_mixin.py:190} INFO - [2024-10-20T21:28:27.239+0700] {dagbag.py:588} INFO - Filling up the DagBag from /Users/punny/Documents/GitHub/NYC-Taxi-ETL-Pipeline/.venv/lib/python3.10/site-packages/airflow/example_dags/tutorial_taskflow_api.py
[2024-10-20T21:28:27.296+0700] {processor.py:925} INFO - DAG(s) 'tutorial_taskflow_api' retrieved from /Users/punny/Documents/GitHub/NYC-Taxi-ETL-Pipeline/.venv/lib/python3.10/site-packages/airflow/example_dags/tutorial_taskflow_api.py
[2024-10-20T21:28:27.526+0700] {logging_mixin.py:190} INFO - [2024-10-20T21:28:27.526+0700] {dag.py:3239} INFO - Sync 1 DAGs
[2024-10-20T21:28:27.541+0700] {logging_mixin.py:190} INFO - [2024-10-20T21:28:27.541+0700] {dag.py:4180} INFO - Setting next_dagrun for tutorial_taskflow_api to None, run_after=None
[2024-10-20T21:28:27.565+0700] {processor.py:208} INFO - Processing /Users/punny/Documents/GitHub/NYC-Taxi-ETL-Pipeline/.venv/lib/python3.10/site-packages/airflow/example_dags/tutorial_taskflow_api.py took 0.347 seconds
[2024-10-20T21:32:06.018+0700] {processor.py:186} INFO - Started process (PID=27969) to work on /Users/punny/Documents/GitHub/NYC-Taxi-ETL-Pipeline/.venv/lib/python3.10/site-packages/airflow/example_dags/tutorial_taskflow_api.py
[2024-10-20T21:32:06.021+0700] {processor.py:914} INFO - Processing file /Users/punny/Documents/GitHub/NYC-Taxi-ETL-Pipeline/.venv/lib/python3.10/site-packages/airflow/example_dags/tutorial_taskflow_api.py for tasks to queue
[2024-10-20T21:32:06.023+0700] {logging_mixin.py:190} INFO - [2024-10-20T21:32:06.022+0700] {dagbag.py:588} INFO - Filling up the DagBag from /Users/punny/Documents/GitHub/NYC-Taxi-ETL-Pipeline/.venv/lib/python3.10/site-packages/airflow/example_dags/tutorial_taskflow_api.py
[2024-10-20T21:32:06.065+0700] {processor.py:925} INFO - DAG(s) 'tutorial_taskflow_api' retrieved from /Users/punny/Documents/GitHub/NYC-Taxi-ETL-Pipeline/.venv/lib/python3.10/site-packages/airflow/example_dags/tutorial_taskflow_api.py
[2024-10-20T21:32:06.261+0700] {logging_mixin.py:190} INFO - [2024-10-20T21:32:06.261+0700] {dag.py:3239} INFO - Sync 1 DAGs
[2024-10-20T21:32:06.277+0700] {logging_mixin.py:190} INFO - [2024-10-20T21:32:06.277+0700] {dag.py:4180} INFO - Setting next_dagrun for tutorial_taskflow_api to None, run_after=None
[2024-10-20T21:32:06.299+0700] {processor.py:208} INFO - Processing /Users/punny/Documents/GitHub/NYC-Taxi-ETL-Pipeline/.venv/lib/python3.10/site-packages/airflow/example_dags/tutorial_taskflow_api.py took 0.289 seconds
[2024-10-20T21:55:43.807+0700] {processor.py:186} INFO - Started process (PID=31079) to work on /Users/punny/Documents/GitHub/NYC-Taxi-ETL-Pipeline/.venv/lib/python3.10/site-packages/airflow/example_dags/tutorial_taskflow_api.py
[2024-10-20T21:55:43.810+0700] {processor.py:914} INFO - Processing file /Users/punny/Documents/GitHub/NYC-Taxi-ETL-Pipeline/.venv/lib/python3.10/site-packages/airflow/example_dags/tutorial_taskflow_api.py for tasks to queue
[2024-10-20T21:55:43.811+0700] {logging_mixin.py:190} INFO - [2024-10-20T21:55:43.811+0700] {dagbag.py:588} INFO - Filling up the DagBag from /Users/punny/Documents/GitHub/NYC-Taxi-ETL-Pipeline/.venv/lib/python3.10/site-packages/airflow/example_dags/tutorial_taskflow_api.py
[2024-10-20T21:55:43.855+0700] {processor.py:925} INFO - DAG(s) 'tutorial_taskflow_api' retrieved from /Users/punny/Documents/GitHub/NYC-Taxi-ETL-Pipeline/.venv/lib/python3.10/site-packages/airflow/example_dags/tutorial_taskflow_api.py
[2024-10-20T21:55:44.056+0700] {logging_mixin.py:190} INFO - [2024-10-20T21:55:44.056+0700] {dag.py:3239} INFO - Sync 1 DAGs
[2024-10-20T21:55:44.071+0700] {logging_mixin.py:190} INFO - [2024-10-20T21:55:44.071+0700] {dag.py:4180} INFO - Setting next_dagrun for tutorial_taskflow_api to None, run_after=None
[2024-10-20T21:55:44.121+0700] {processor.py:208} INFO - Processing /Users/punny/Documents/GitHub/NYC-Taxi-ETL-Pipeline/.venv/lib/python3.10/site-packages/airflow/example_dags/tutorial_taskflow_api.py took 0.323 seconds
[2024-10-20T21:59:45.418+0700] {processor.py:186} INFO - Started process (PID=31701) to work on /Users/punny/Documents/GitHub/NYC-Taxi-ETL-Pipeline/.venv/lib/python3.10/site-packages/airflow/example_dags/tutorial_taskflow_api.py
[2024-10-20T21:59:45.422+0700] {processor.py:914} INFO - Processing file /Users/punny/Documents/GitHub/NYC-Taxi-ETL-Pipeline/.venv/lib/python3.10/site-packages/airflow/example_dags/tutorial_taskflow_api.py for tasks to queue
[2024-10-20T21:59:45.423+0700] {logging_mixin.py:190} INFO - [2024-10-20T21:59:45.422+0700] {dagbag.py:588} INFO - Filling up the DagBag from /Users/punny/Documents/GitHub/NYC-Taxi-ETL-Pipeline/.venv/lib/python3.10/site-packages/airflow/example_dags/tutorial_taskflow_api.py
[2024-10-20T21:59:45.467+0700] {processor.py:925} INFO - DAG(s) 'tutorial_taskflow_api' retrieved from /Users/punny/Documents/GitHub/NYC-Taxi-ETL-Pipeline/.venv/lib/python3.10/site-packages/airflow/example_dags/tutorial_taskflow_api.py
[2024-10-20T21:59:45.664+0700] {logging_mixin.py:190} INFO - [2024-10-20T21:59:45.663+0700] {dag.py:3239} INFO - Sync 1 DAGs
[2024-10-20T21:59:45.693+0700] {logging_mixin.py:190} INFO - [2024-10-20T21:59:45.692+0700] {dag.py:4180} INFO - Setting next_dagrun for tutorial_taskflow_api to None, run_after=None
[2024-10-20T21:59:45.715+0700] {processor.py:208} INFO - Processing /Users/punny/Documents/GitHub/NYC-Taxi-ETL-Pipeline/.venv/lib/python3.10/site-packages/airflow/example_dags/tutorial_taskflow_api.py took 0.305 seconds
[2024-10-21T00:16:45.416+0700] {processor.py:186} INFO - Started process (PID=32442) to work on /Users/punny/Documents/GitHub/NYC-Taxi-ETL-Pipeline/.venv/lib/python3.10/site-packages/airflow/example_dags/tutorial_taskflow_api.py
[2024-10-21T00:16:45.418+0700] {processor.py:914} INFO - Processing file /Users/punny/Documents/GitHub/NYC-Taxi-ETL-Pipeline/.venv/lib/python3.10/site-packages/airflow/example_dags/tutorial_taskflow_api.py for tasks to queue
[2024-10-21T00:16:45.420+0700] {logging_mixin.py:190} INFO - [2024-10-21T00:16:45.420+0700] {dagbag.py:588} INFO - Filling up the DagBag from /Users/punny/Documents/GitHub/NYC-Taxi-ETL-Pipeline/.venv/lib/python3.10/site-packages/airflow/example_dags/tutorial_taskflow_api.py
[2024-10-21T00:16:45.461+0700] {processor.py:925} INFO - DAG(s) 'tutorial_taskflow_api' retrieved from /Users/punny/Documents/GitHub/NYC-Taxi-ETL-Pipeline/.venv/lib/python3.10/site-packages/airflow/example_dags/tutorial_taskflow_api.py
[2024-10-21T00:16:45.644+0700] {logging_mixin.py:190} INFO - [2024-10-21T00:16:45.643+0700] {dag.py:3239} INFO - Sync 1 DAGs
[2024-10-21T00:16:45.659+0700] {logging_mixin.py:190} INFO - [2024-10-21T00:16:45.658+0700] {dag.py:4180} INFO - Setting next_dagrun for tutorial_taskflow_api to None, run_after=None
[2024-10-21T00:16:45.680+0700] {processor.py:208} INFO - Processing /Users/punny/Documents/GitHub/NYC-Taxi-ETL-Pipeline/.venv/lib/python3.10/site-packages/airflow/example_dags/tutorial_taskflow_api.py took 0.273 seconds
[2024-10-21T02:34:03.225+0700] {processor.py:186} INFO - Started process (PID=33135) to work on /Users/punny/Documents/GitHub/NYC-Taxi-ETL-Pipeline/.venv/lib/python3.10/site-packages/airflow/example_dags/tutorial_taskflow_api.py
[2024-10-21T02:34:03.229+0700] {processor.py:914} INFO - Processing file /Users/punny/Documents/GitHub/NYC-Taxi-ETL-Pipeline/.venv/lib/python3.10/site-packages/airflow/example_dags/tutorial_taskflow_api.py for tasks to queue
[2024-10-21T02:34:03.230+0700] {logging_mixin.py:190} INFO - [2024-10-21T02:34:03.230+0700] {dagbag.py:588} INFO - Filling up the DagBag from /Users/punny/Documents/GitHub/NYC-Taxi-ETL-Pipeline/.venv/lib/python3.10/site-packages/airflow/example_dags/tutorial_taskflow_api.py
[2024-10-21T02:34:03.273+0700] {processor.py:925} INFO - DAG(s) 'tutorial_taskflow_api' retrieved from /Users/punny/Documents/GitHub/NYC-Taxi-ETL-Pipeline/.venv/lib/python3.10/site-packages/airflow/example_dags/tutorial_taskflow_api.py
[2024-10-21T02:34:03.458+0700] {logging_mixin.py:190} INFO - [2024-10-21T02:34:03.458+0700] {dag.py:3239} INFO - Sync 1 DAGs
[2024-10-21T02:34:03.472+0700] {logging_mixin.py:190} INFO - [2024-10-21T02:34:03.472+0700] {dag.py:4180} INFO - Setting next_dagrun for tutorial_taskflow_api to None, run_after=None
[2024-10-21T02:34:03.492+0700] {processor.py:208} INFO - Processing /Users/punny/Documents/GitHub/NYC-Taxi-ETL-Pipeline/.venv/lib/python3.10/site-packages/airflow/example_dags/tutorial_taskflow_api.py took 0.277 seconds
[2024-10-21T04:37:17.481+0700] {processor.py:186} INFO - Started process (PID=33743) to work on /Users/punny/Documents/GitHub/NYC-Taxi-ETL-Pipeline/.venv/lib/python3.10/site-packages/airflow/example_dags/tutorial_taskflow_api.py
[2024-10-21T04:37:17.502+0700] {processor.py:914} INFO - Processing file /Users/punny/Documents/GitHub/NYC-Taxi-ETL-Pipeline/.venv/lib/python3.10/site-packages/airflow/example_dags/tutorial_taskflow_api.py for tasks to queue
[2024-10-21T04:37:17.511+0700] {logging_mixin.py:190} INFO - [2024-10-21T04:37:17.509+0700] {dagbag.py:588} INFO - Filling up the DagBag from /Users/punny/Documents/GitHub/NYC-Taxi-ETL-Pipeline/.venv/lib/python3.10/site-packages/airflow/example_dags/tutorial_taskflow_api.py
[2024-10-21T04:37:17.944+0700] {processor.py:925} INFO - DAG(s) 'tutorial_taskflow_api' retrieved from /Users/punny/Documents/GitHub/NYC-Taxi-ETL-Pipeline/.venv/lib/python3.10/site-packages/airflow/example_dags/tutorial_taskflow_api.py
[2024-10-21T04:37:19.890+0700] {logging_mixin.py:190} INFO - [2024-10-21T04:37:19.886+0700] {dag.py:3239} INFO - Sync 1 DAGs
[2024-10-21T04:37:20.066+0700] {logging_mixin.py:190} INFO - [2024-10-21T04:37:20.065+0700] {dag.py:4180} INFO - Setting next_dagrun for tutorial_taskflow_api to None, run_after=None
[2024-10-21T04:37:20.358+0700] {processor.py:208} INFO - Processing /Users/punny/Documents/GitHub/NYC-Taxi-ETL-Pipeline/.venv/lib/python3.10/site-packages/airflow/example_dags/tutorial_taskflow_api.py took 2.844 seconds
