[2024-10-20T20:41:57.410+0700] {processor.py:186} INFO - Started process (PID=22495) to work on /Users/punny/Documents/GitHub/NYC-Taxi-ETL-Pipeline/.venv/lib/python3.10/site-packages/airflow/example_dags/tutorial_objectstorage.py
[2024-10-20T20:41:57.413+0700] {processor.py:914} INFO - Processing file /Users/punny/Documents/GitHub/NYC-Taxi-ETL-Pipeline/.venv/lib/python3.10/site-packages/airflow/example_dags/tutorial_objectstorage.py for tasks to queue
[2024-10-20T20:41:57.414+0700] {logging_mixin.py:190} INFO - [2024-10-20T20:41:57.414+0700] {dagbag.py:588} INFO - Filling up the DagBag from /Users/punny/Documents/GitHub/NYC-Taxi-ETL-Pipeline/.venv/lib/python3.10/site-packages/airflow/example_dags/tutorial_objectstorage.py
[2024-10-20T20:41:57.457+0700] {processor.py:925} INFO - DAG(s) 'tutorial_objectstorage' retrieved from /Users/punny/Documents/GitHub/NYC-Taxi-ETL-Pipeline/.venv/lib/python3.10/site-packages/airflow/example_dags/tutorial_objectstorage.py
[2024-10-20T20:41:57.782+0700] {logging_mixin.py:190} INFO - [2024-10-20T20:41:57.781+0700] {override.py:1907} INFO - Created Permission View: can edit on DAG:tutorial_objectstorage
[2024-10-20T20:41:57.794+0700] {logging_mixin.py:190} INFO - [2024-10-20T20:41:57.793+0700] {override.py:1907} INFO - Created Permission View: can read on DAG:tutorial_objectstorage
[2024-10-20T20:41:57.804+0700] {logging_mixin.py:190} INFO - [2024-10-20T20:41:57.803+0700] {override.py:1907} INFO - Created Permission View: can delete on DAG:tutorial_objectstorage
[2024-10-20T20:41:57.817+0700] {logging_mixin.py:190} INFO - [2024-10-20T20:41:57.816+0700] {override.py:1907} INFO - Created Permission View: menu access on DAG Run:tutorial_objectstorage
[2024-10-20T20:41:57.825+0700] {logging_mixin.py:190} INFO - [2024-10-20T20:41:57.824+0700] {override.py:1907} INFO - Created Permission View: can create on DAG Run:tutorial_objectstorage
[2024-10-20T20:41:57.833+0700] {logging_mixin.py:190} INFO - [2024-10-20T20:41:57.833+0700] {override.py:1907} INFO - Created Permission View: can read on DAG Run:tutorial_objectstorage
[2024-10-20T20:41:57.841+0700] {logging_mixin.py:190} INFO - [2024-10-20T20:41:57.840+0700] {override.py:1907} INFO - Created Permission View: can delete on DAG Run:tutorial_objectstorage
[2024-10-20T20:41:57.841+0700] {logging_mixin.py:190} INFO - [2024-10-20T20:41:57.841+0700] {dag.py:3239} INFO - Sync 1 DAGs
[2024-10-20T20:41:57.857+0700] {logging_mixin.py:190} INFO - [2024-10-20T20:41:57.857+0700] {dag.py:3262} INFO - Creating ORM DAG for tutorial_objectstorage
[2024-10-20T20:41:57.858+0700] {logging_mixin.py:190} INFO - [2024-10-20T20:41:57.858+0700] {dag.py:4180} INFO - Setting next_dagrun for tutorial_objectstorage to None, run_after=None
[2024-10-20T20:41:57.879+0700] {processor.py:208} INFO - Processing /Users/punny/Documents/GitHub/NYC-Taxi-ETL-Pipeline/.venv/lib/python3.10/site-packages/airflow/example_dags/tutorial_objectstorage.py took 0.479 seconds
[2024-10-20T20:46:29.858+0700] {processor.py:186} INFO - Started process (PID=23278) to work on /Users/punny/Documents/GitHub/NYC-Taxi-ETL-Pipeline/.venv/lib/python3.10/site-packages/airflow/example_dags/tutorial_objectstorage.py
[2024-10-20T20:46:29.862+0700] {processor.py:914} INFO - Processing file /Users/punny/Documents/GitHub/NYC-Taxi-ETL-Pipeline/.venv/lib/python3.10/site-packages/airflow/example_dags/tutorial_objectstorage.py for tasks to queue
[2024-10-20T20:46:29.863+0700] {logging_mixin.py:190} INFO - [2024-10-20T20:46:29.863+0700] {dagbag.py:588} INFO - Filling up the DagBag from /Users/punny/Documents/GitHub/NYC-Taxi-ETL-Pipeline/.venv/lib/python3.10/site-packages/airflow/example_dags/tutorial_objectstorage.py
[2024-10-20T20:46:29.906+0700] {processor.py:925} INFO - DAG(s) 'tutorial_objectstorage' retrieved from /Users/punny/Documents/GitHub/NYC-Taxi-ETL-Pipeline/.venv/lib/python3.10/site-packages/airflow/example_dags/tutorial_objectstorage.py
[2024-10-20T20:46:30.091+0700] {logging_mixin.py:190} INFO - [2024-10-20T20:46:30.090+0700] {dag.py:3239} INFO - Sync 1 DAGs
[2024-10-20T20:46:30.106+0700] {logging_mixin.py:190} INFO - [2024-10-20T20:46:30.105+0700] {dag.py:4180} INFO - Setting next_dagrun for tutorial_objectstorage to None, run_after=None
[2024-10-20T20:46:30.129+0700] {processor.py:208} INFO - Processing /Users/punny/Documents/GitHub/NYC-Taxi-ETL-Pipeline/.venv/lib/python3.10/site-packages/airflow/example_dags/tutorial_objectstorage.py took 0.279 seconds
[2024-10-20T20:49:48.320+0700] {processor.py:186} INFO - Started process (PID=23750) to work on /Users/punny/Documents/GitHub/NYC-Taxi-ETL-Pipeline/.venv/lib/python3.10/site-packages/airflow/example_dags/tutorial_objectstorage.py
[2024-10-20T20:49:48.323+0700] {processor.py:914} INFO - Processing file /Users/punny/Documents/GitHub/NYC-Taxi-ETL-Pipeline/.venv/lib/python3.10/site-packages/airflow/example_dags/tutorial_objectstorage.py for tasks to queue
[2024-10-20T20:49:48.325+0700] {logging_mixin.py:190} INFO - [2024-10-20T20:49:48.324+0700] {dagbag.py:588} INFO - Filling up the DagBag from /Users/punny/Documents/GitHub/NYC-Taxi-ETL-Pipeline/.venv/lib/python3.10/site-packages/airflow/example_dags/tutorial_objectstorage.py
[2024-10-20T20:49:48.370+0700] {processor.py:925} INFO - DAG(s) 'tutorial_objectstorage' retrieved from /Users/punny/Documents/GitHub/NYC-Taxi-ETL-Pipeline/.venv/lib/python3.10/site-packages/airflow/example_dags/tutorial_objectstorage.py
[2024-10-20T20:49:48.565+0700] {logging_mixin.py:190} INFO - [2024-10-20T20:49:48.565+0700] {dag.py:3239} INFO - Sync 1 DAGs
[2024-10-20T20:49:48.581+0700] {logging_mixin.py:190} INFO - [2024-10-20T20:49:48.580+0700] {dag.py:4180} INFO - Setting next_dagrun for tutorial_objectstorage to None, run_after=None
[2024-10-20T20:49:48.602+0700] {processor.py:208} INFO - Processing /Users/punny/Documents/GitHub/NYC-Taxi-ETL-Pipeline/.venv/lib/python3.10/site-packages/airflow/example_dags/tutorial_objectstorage.py took 0.291 seconds
[2024-10-20T20:53:03.649+0700] {processor.py:186} INFO - Started process (PID=24182) to work on /Users/punny/Documents/GitHub/NYC-Taxi-ETL-Pipeline/.venv/lib/python3.10/site-packages/airflow/example_dags/tutorial_objectstorage.py
[2024-10-20T20:53:03.654+0700] {processor.py:914} INFO - Processing file /Users/punny/Documents/GitHub/NYC-Taxi-ETL-Pipeline/.venv/lib/python3.10/site-packages/airflow/example_dags/tutorial_objectstorage.py for tasks to queue
[2024-10-20T20:53:03.655+0700] {logging_mixin.py:190} INFO - [2024-10-20T20:53:03.655+0700] {dagbag.py:588} INFO - Filling up the DagBag from /Users/punny/Documents/GitHub/NYC-Taxi-ETL-Pipeline/.venv/lib/python3.10/site-packages/airflow/example_dags/tutorial_objectstorage.py
[2024-10-20T20:53:03.705+0700] {processor.py:925} INFO - DAG(s) 'tutorial_objectstorage' retrieved from /Users/punny/Documents/GitHub/NYC-Taxi-ETL-Pipeline/.venv/lib/python3.10/site-packages/airflow/example_dags/tutorial_objectstorage.py
[2024-10-20T20:53:03.913+0700] {logging_mixin.py:190} INFO - [2024-10-20T20:53:03.913+0700] {dag.py:3239} INFO - Sync 1 DAGs
[2024-10-20T20:53:03.929+0700] {logging_mixin.py:190} INFO - [2024-10-20T20:53:03.929+0700] {dag.py:4180} INFO - Setting next_dagrun for tutorial_objectstorage to None, run_after=None
[2024-10-20T20:53:03.951+0700] {processor.py:208} INFO - Processing /Users/punny/Documents/GitHub/NYC-Taxi-ETL-Pipeline/.venv/lib/python3.10/site-packages/airflow/example_dags/tutorial_objectstorage.py took 0.311 seconds
[2024-10-20T20:56:27.433+0700] {processor.py:186} INFO - Started process (PID=24697) to work on /Users/punny/Documents/GitHub/NYC-Taxi-ETL-Pipeline/.venv/lib/python3.10/site-packages/airflow/example_dags/tutorial_objectstorage.py
[2024-10-20T20:56:27.438+0700] {processor.py:914} INFO - Processing file /Users/punny/Documents/GitHub/NYC-Taxi-ETL-Pipeline/.venv/lib/python3.10/site-packages/airflow/example_dags/tutorial_objectstorage.py for tasks to queue
[2024-10-20T20:56:27.441+0700] {logging_mixin.py:190} INFO - [2024-10-20T20:56:27.440+0700] {dagbag.py:588} INFO - Filling up the DagBag from /Users/punny/Documents/GitHub/NYC-Taxi-ETL-Pipeline/.venv/lib/python3.10/site-packages/airflow/example_dags/tutorial_objectstorage.py
[2024-10-20T20:56:27.573+0700] {processor.py:925} INFO - DAG(s) 'tutorial_objectstorage' retrieved from /Users/punny/Documents/GitHub/NYC-Taxi-ETL-Pipeline/.venv/lib/python3.10/site-packages/airflow/example_dags/tutorial_objectstorage.py
[2024-10-20T20:56:27.802+0700] {logging_mixin.py:190} INFO - [2024-10-20T20:56:27.802+0700] {dag.py:3239} INFO - Sync 1 DAGs
[2024-10-20T20:56:27.820+0700] {logging_mixin.py:190} INFO - [2024-10-20T20:56:27.820+0700] {dag.py:4180} INFO - Setting next_dagrun for tutorial_objectstorage to None, run_after=None
[2024-10-20T20:56:27.842+0700] {processor.py:208} INFO - Processing /Users/punny/Documents/GitHub/NYC-Taxi-ETL-Pipeline/.venv/lib/python3.10/site-packages/airflow/example_dags/tutorial_objectstorage.py took 0.421 seconds
[2024-10-20T20:59:53.799+0700] {processor.py:186} INFO - Started process (PID=25277) to work on /Users/punny/Documents/GitHub/NYC-Taxi-ETL-Pipeline/.venv/lib/python3.10/site-packages/airflow/example_dags/tutorial_objectstorage.py
[2024-10-20T20:59:53.804+0700] {processor.py:914} INFO - Processing file /Users/punny/Documents/GitHub/NYC-Taxi-ETL-Pipeline/.venv/lib/python3.10/site-packages/airflow/example_dags/tutorial_objectstorage.py for tasks to queue
[2024-10-20T20:59:53.805+0700] {logging_mixin.py:190} INFO - [2024-10-20T20:59:53.805+0700] {dagbag.py:588} INFO - Filling up the DagBag from /Users/punny/Documents/GitHub/NYC-Taxi-ETL-Pipeline/.venv/lib/python3.10/site-packages/airflow/example_dags/tutorial_objectstorage.py
[2024-10-20T20:59:53.875+0700] {processor.py:925} INFO - DAG(s) 'tutorial_objectstorage' retrieved from /Users/punny/Documents/GitHub/NYC-Taxi-ETL-Pipeline/.venv/lib/python3.10/site-packages/airflow/example_dags/tutorial_objectstorage.py
[2024-10-20T20:59:54.140+0700] {logging_mixin.py:190} INFO - [2024-10-20T20:59:54.140+0700] {dag.py:3239} INFO - Sync 1 DAGs
[2024-10-20T20:59:54.155+0700] {logging_mixin.py:190} INFO - [2024-10-20T20:59:54.155+0700] {dag.py:4180} INFO - Setting next_dagrun for tutorial_objectstorage to None, run_after=None
[2024-10-20T20:59:54.176+0700] {processor.py:208} INFO - Processing /Users/punny/Documents/GitHub/NYC-Taxi-ETL-Pipeline/.venv/lib/python3.10/site-packages/airflow/example_dags/tutorial_objectstorage.py took 0.383 seconds
[2024-10-20T21:03:28.804+0700] {processor.py:186} INFO - Started process (PID=25828) to work on /Users/punny/Documents/GitHub/NYC-Taxi-ETL-Pipeline/.venv/lib/python3.10/site-packages/airflow/example_dags/tutorial_objectstorage.py
[2024-10-20T21:03:28.817+0700] {processor.py:914} INFO - Processing file /Users/punny/Documents/GitHub/NYC-Taxi-ETL-Pipeline/.venv/lib/python3.10/site-packages/airflow/example_dags/tutorial_objectstorage.py for tasks to queue
[2024-10-20T21:03:28.821+0700] {logging_mixin.py:190} INFO - [2024-10-20T21:03:28.820+0700] {dagbag.py:588} INFO - Filling up the DagBag from /Users/punny/Documents/GitHub/NYC-Taxi-ETL-Pipeline/.venv/lib/python3.10/site-packages/airflow/example_dags/tutorial_objectstorage.py
[2024-10-20T21:03:28.965+0700] {processor.py:925} INFO - DAG(s) 'tutorial_objectstorage' retrieved from /Users/punny/Documents/GitHub/NYC-Taxi-ETL-Pipeline/.venv/lib/python3.10/site-packages/airflow/example_dags/tutorial_objectstorage.py
[2024-10-20T21:03:29.461+0700] {logging_mixin.py:190} INFO - [2024-10-20T21:03:29.461+0700] {dag.py:3239} INFO - Sync 1 DAGs
[2024-10-20T21:03:29.481+0700] {logging_mixin.py:190} INFO - [2024-10-20T21:03:29.481+0700] {dag.py:4180} INFO - Setting next_dagrun for tutorial_objectstorage to None, run_after=None
[2024-10-20T21:03:29.509+0700] {processor.py:208} INFO - Processing /Users/punny/Documents/GitHub/NYC-Taxi-ETL-Pipeline/.venv/lib/python3.10/site-packages/airflow/example_dags/tutorial_objectstorage.py took 0.719 seconds
[2024-10-20T21:07:18.360+0700] {processor.py:186} INFO - Started process (PID=26390) to work on /Users/punny/Documents/GitHub/NYC-Taxi-ETL-Pipeline/.venv/lib/python3.10/site-packages/airflow/example_dags/tutorial_objectstorage.py
[2024-10-20T21:07:18.363+0700] {processor.py:914} INFO - Processing file /Users/punny/Documents/GitHub/NYC-Taxi-ETL-Pipeline/.venv/lib/python3.10/site-packages/airflow/example_dags/tutorial_objectstorage.py for tasks to queue
[2024-10-20T21:07:18.364+0700] {logging_mixin.py:190} INFO - [2024-10-20T21:07:18.364+0700] {dagbag.py:588} INFO - Filling up the DagBag from /Users/punny/Documents/GitHub/NYC-Taxi-ETL-Pipeline/.venv/lib/python3.10/site-packages/airflow/example_dags/tutorial_objectstorage.py
[2024-10-20T21:07:18.406+0700] {processor.py:925} INFO - DAG(s) 'tutorial_objectstorage' retrieved from /Users/punny/Documents/GitHub/NYC-Taxi-ETL-Pipeline/.venv/lib/python3.10/site-packages/airflow/example_dags/tutorial_objectstorage.py
[2024-10-20T21:07:18.591+0700] {logging_mixin.py:190} INFO - [2024-10-20T21:07:18.590+0700] {dag.py:3239} INFO - Sync 1 DAGs
[2024-10-20T21:07:18.605+0700] {logging_mixin.py:190} INFO - [2024-10-20T21:07:18.604+0700] {dag.py:4180} INFO - Setting next_dagrun for tutorial_objectstorage to None, run_after=None
[2024-10-20T21:07:18.627+0700] {processor.py:208} INFO - Processing /Users/punny/Documents/GitHub/NYC-Taxi-ETL-Pipeline/.venv/lib/python3.10/site-packages/airflow/example_dags/tutorial_objectstorage.py took 0.276 seconds
[2024-10-20T21:10:15.398+0700] {processor.py:186} INFO - Started process (PID=26755) to work on /Users/punny/Documents/GitHub/NYC-Taxi-ETL-Pipeline/.venv/lib/python3.10/site-packages/airflow/example_dags/tutorial_objectstorage.py
[2024-10-20T21:10:15.402+0700] {processor.py:914} INFO - Processing file /Users/punny/Documents/GitHub/NYC-Taxi-ETL-Pipeline/.venv/lib/python3.10/site-packages/airflow/example_dags/tutorial_objectstorage.py for tasks to queue
[2024-10-20T21:10:15.403+0700] {logging_mixin.py:190} INFO - [2024-10-20T21:10:15.403+0700] {dagbag.py:588} INFO - Filling up the DagBag from /Users/punny/Documents/GitHub/NYC-Taxi-ETL-Pipeline/.venv/lib/python3.10/site-packages/airflow/example_dags/tutorial_objectstorage.py
[2024-10-20T21:10:15.445+0700] {processor.py:925} INFO - DAG(s) 'tutorial_objectstorage' retrieved from /Users/punny/Documents/GitHub/NYC-Taxi-ETL-Pipeline/.venv/lib/python3.10/site-packages/airflow/example_dags/tutorial_objectstorage.py
[2024-10-20T21:10:15.630+0700] {logging_mixin.py:190} INFO - [2024-10-20T21:10:15.630+0700] {dag.py:3239} INFO - Sync 1 DAGs
[2024-10-20T21:10:15.644+0700] {logging_mixin.py:190} INFO - [2024-10-20T21:10:15.644+0700] {dag.py:4180} INFO - Setting next_dagrun for tutorial_objectstorage to None, run_after=None
[2024-10-20T21:10:15.666+0700] {processor.py:208} INFO - Processing /Users/punny/Documents/GitHub/NYC-Taxi-ETL-Pipeline/.venv/lib/python3.10/site-packages/airflow/example_dags/tutorial_objectstorage.py took 0.277 seconds
[2024-10-20T21:28:30.360+0700] {processor.py:186} INFO - Started process (PID=27371) to work on /Users/punny/Documents/GitHub/NYC-Taxi-ETL-Pipeline/.venv/lib/python3.10/site-packages/airflow/example_dags/tutorial_objectstorage.py
[2024-10-20T21:28:30.364+0700] {processor.py:914} INFO - Processing file /Users/punny/Documents/GitHub/NYC-Taxi-ETL-Pipeline/.venv/lib/python3.10/site-packages/airflow/example_dags/tutorial_objectstorage.py for tasks to queue
[2024-10-20T21:28:30.366+0700] {logging_mixin.py:190} INFO - [2024-10-20T21:28:30.365+0700] {dagbag.py:588} INFO - Filling up the DagBag from /Users/punny/Documents/GitHub/NYC-Taxi-ETL-Pipeline/.venv/lib/python3.10/site-packages/airflow/example_dags/tutorial_objectstorage.py
[2024-10-20T21:28:30.410+0700] {processor.py:925} INFO - DAG(s) 'tutorial_objectstorage' retrieved from /Users/punny/Documents/GitHub/NYC-Taxi-ETL-Pipeline/.venv/lib/python3.10/site-packages/airflow/example_dags/tutorial_objectstorage.py
[2024-10-20T21:28:30.615+0700] {logging_mixin.py:190} INFO - [2024-10-20T21:28:30.615+0700] {dag.py:3239} INFO - Sync 1 DAGs
[2024-10-20T21:28:30.631+0700] {logging_mixin.py:190} INFO - [2024-10-20T21:28:30.631+0700] {dag.py:4180} INFO - Setting next_dagrun for tutorial_objectstorage to None, run_after=None
[2024-10-20T21:28:30.654+0700] {processor.py:208} INFO - Processing /Users/punny/Documents/GitHub/NYC-Taxi-ETL-Pipeline/.venv/lib/python3.10/site-packages/airflow/example_dags/tutorial_objectstorage.py took 0.302 seconds
[2024-10-20T21:32:09.696+0700] {processor.py:186} INFO - Started process (PID=27980) to work on /Users/punny/Documents/GitHub/NYC-Taxi-ETL-Pipeline/.venv/lib/python3.10/site-packages/airflow/example_dags/tutorial_objectstorage.py
[2024-10-20T21:32:09.700+0700] {processor.py:914} INFO - Processing file /Users/punny/Documents/GitHub/NYC-Taxi-ETL-Pipeline/.venv/lib/python3.10/site-packages/airflow/example_dags/tutorial_objectstorage.py for tasks to queue
[2024-10-20T21:32:09.702+0700] {logging_mixin.py:190} INFO - [2024-10-20T21:32:09.701+0700] {dagbag.py:588} INFO - Filling up the DagBag from /Users/punny/Documents/GitHub/NYC-Taxi-ETL-Pipeline/.venv/lib/python3.10/site-packages/airflow/example_dags/tutorial_objectstorage.py
[2024-10-20T21:32:09.776+0700] {processor.py:925} INFO - DAG(s) 'tutorial_objectstorage' retrieved from /Users/punny/Documents/GitHub/NYC-Taxi-ETL-Pipeline/.venv/lib/python3.10/site-packages/airflow/example_dags/tutorial_objectstorage.py
[2024-10-20T21:32:09.984+0700] {logging_mixin.py:190} INFO - [2024-10-20T21:32:09.983+0700] {dag.py:3239} INFO - Sync 1 DAGs
[2024-10-20T21:32:09.999+0700] {logging_mixin.py:190} INFO - [2024-10-20T21:32:09.999+0700] {dag.py:4180} INFO - Setting next_dagrun for tutorial_objectstorage to None, run_after=None
[2024-10-20T21:32:10.023+0700] {processor.py:208} INFO - Processing /Users/punny/Documents/GitHub/NYC-Taxi-ETL-Pipeline/.venv/lib/python3.10/site-packages/airflow/example_dags/tutorial_objectstorage.py took 0.336 seconds
[2024-10-20T21:55:47.822+0700] {processor.py:186} INFO - Started process (PID=31088) to work on /Users/punny/Documents/GitHub/NYC-Taxi-ETL-Pipeline/.venv/lib/python3.10/site-packages/airflow/example_dags/tutorial_objectstorage.py
[2024-10-20T21:55:47.827+0700] {processor.py:914} INFO - Processing file /Users/punny/Documents/GitHub/NYC-Taxi-ETL-Pipeline/.venv/lib/python3.10/site-packages/airflow/example_dags/tutorial_objectstorage.py for tasks to queue
[2024-10-20T21:55:47.828+0700] {logging_mixin.py:190} INFO - [2024-10-20T21:55:47.828+0700] {dagbag.py:588} INFO - Filling up the DagBag from /Users/punny/Documents/GitHub/NYC-Taxi-ETL-Pipeline/.venv/lib/python3.10/site-packages/airflow/example_dags/tutorial_objectstorage.py
[2024-10-20T21:55:47.881+0700] {processor.py:925} INFO - DAG(s) 'tutorial_objectstorage' retrieved from /Users/punny/Documents/GitHub/NYC-Taxi-ETL-Pipeline/.venv/lib/python3.10/site-packages/airflow/example_dags/tutorial_objectstorage.py
[2024-10-20T21:55:48.098+0700] {logging_mixin.py:190} INFO - [2024-10-20T21:55:48.098+0700] {dag.py:3239} INFO - Sync 1 DAGs
[2024-10-20T21:55:48.114+0700] {logging_mixin.py:190} INFO - [2024-10-20T21:55:48.114+0700] {dag.py:4180} INFO - Setting next_dagrun for tutorial_objectstorage to None, run_after=None
[2024-10-20T21:55:48.139+0700] {processor.py:208} INFO - Processing /Users/punny/Documents/GitHub/NYC-Taxi-ETL-Pipeline/.venv/lib/python3.10/site-packages/airflow/example_dags/tutorial_objectstorage.py took 0.326 seconds
[2024-10-20T22:14:50.942+0700] {processor.py:186} INFO - Started process (PID=31711) to work on /Users/punny/Documents/GitHub/NYC-Taxi-ETL-Pipeline/.venv/lib/python3.10/site-packages/airflow/example_dags/tutorial_objectstorage.py
[2024-10-20T22:14:50.946+0700] {processor.py:914} INFO - Processing file /Users/punny/Documents/GitHub/NYC-Taxi-ETL-Pipeline/.venv/lib/python3.10/site-packages/airflow/example_dags/tutorial_objectstorage.py for tasks to queue
[2024-10-20T22:14:50.948+0700] {logging_mixin.py:190} INFO - [2024-10-20T22:14:50.948+0700] {dagbag.py:588} INFO - Filling up the DagBag from /Users/punny/Documents/GitHub/NYC-Taxi-ETL-Pipeline/.venv/lib/python3.10/site-packages/airflow/example_dags/tutorial_objectstorage.py
[2024-10-20T22:14:51.085+0700] {processor.py:925} INFO - DAG(s) 'tutorial_objectstorage' retrieved from /Users/punny/Documents/GitHub/NYC-Taxi-ETL-Pipeline/.venv/lib/python3.10/site-packages/airflow/example_dags/tutorial_objectstorage.py
[2024-10-20T22:14:51.455+0700] {logging_mixin.py:190} INFO - [2024-10-20T22:14:51.454+0700] {dag.py:3239} INFO - Sync 1 DAGs
[2024-10-20T22:14:51.481+0700] {logging_mixin.py:190} INFO - [2024-10-20T22:14:51.480+0700] {dag.py:4180} INFO - Setting next_dagrun for tutorial_objectstorage to None, run_after=None
[2024-10-20T22:14:51.520+0700] {processor.py:208} INFO - Processing /Users/punny/Documents/GitHub/NYC-Taxi-ETL-Pipeline/.venv/lib/python3.10/site-packages/airflow/example_dags/tutorial_objectstorage.py took 0.586 seconds
[2024-10-21T00:16:48.832+0700] {processor.py:186} INFO - Started process (PID=32451) to work on /Users/punny/Documents/GitHub/NYC-Taxi-ETL-Pipeline/.venv/lib/python3.10/site-packages/airflow/example_dags/tutorial_objectstorage.py
[2024-10-21T00:16:48.835+0700] {processor.py:914} INFO - Processing file /Users/punny/Documents/GitHub/NYC-Taxi-ETL-Pipeline/.venv/lib/python3.10/site-packages/airflow/example_dags/tutorial_objectstorage.py for tasks to queue
[2024-10-21T00:16:48.836+0700] {logging_mixin.py:190} INFO - [2024-10-21T00:16:48.836+0700] {dagbag.py:588} INFO - Filling up the DagBag from /Users/punny/Documents/GitHub/NYC-Taxi-ETL-Pipeline/.venv/lib/python3.10/site-packages/airflow/example_dags/tutorial_objectstorage.py
[2024-10-21T00:16:48.897+0700] {processor.py:925} INFO - DAG(s) 'tutorial_objectstorage' retrieved from /Users/punny/Documents/GitHub/NYC-Taxi-ETL-Pipeline/.venv/lib/python3.10/site-packages/airflow/example_dags/tutorial_objectstorage.py
[2024-10-21T00:16:49.074+0700] {logging_mixin.py:190} INFO - [2024-10-21T00:16:49.074+0700] {dag.py:3239} INFO - Sync 1 DAGs
[2024-10-21T00:16:49.089+0700] {logging_mixin.py:190} INFO - [2024-10-21T00:16:49.089+0700] {dag.py:4180} INFO - Setting next_dagrun for tutorial_objectstorage to None, run_after=None
[2024-10-21T00:16:49.111+0700] {processor.py:208} INFO - Processing /Users/punny/Documents/GitHub/NYC-Taxi-ETL-Pipeline/.venv/lib/python3.10/site-packages/airflow/example_dags/tutorial_objectstorage.py took 0.287 seconds
[2024-10-21T02:34:06.660+0700] {processor.py:186} INFO - Started process (PID=33156) to work on /Users/punny/Documents/GitHub/NYC-Taxi-ETL-Pipeline/.venv/lib/python3.10/site-packages/airflow/example_dags/tutorial_objectstorage.py
[2024-10-21T02:34:06.663+0700] {processor.py:914} INFO - Processing file /Users/punny/Documents/GitHub/NYC-Taxi-ETL-Pipeline/.venv/lib/python3.10/site-packages/airflow/example_dags/tutorial_objectstorage.py for tasks to queue
[2024-10-21T02:34:06.664+0700] {logging_mixin.py:190} INFO - [2024-10-21T02:34:06.664+0700] {dagbag.py:588} INFO - Filling up the DagBag from /Users/punny/Documents/GitHub/NYC-Taxi-ETL-Pipeline/.venv/lib/python3.10/site-packages/airflow/example_dags/tutorial_objectstorage.py
[2024-10-21T02:34:06.706+0700] {processor.py:925} INFO - DAG(s) 'tutorial_objectstorage' retrieved from /Users/punny/Documents/GitHub/NYC-Taxi-ETL-Pipeline/.venv/lib/python3.10/site-packages/airflow/example_dags/tutorial_objectstorage.py
[2024-10-21T02:34:06.883+0700] {logging_mixin.py:190} INFO - [2024-10-21T02:34:06.883+0700] {dag.py:3239} INFO - Sync 1 DAGs
[2024-10-21T02:34:06.897+0700] {logging_mixin.py:190} INFO - [2024-10-21T02:34:06.897+0700] {dag.py:4180} INFO - Setting next_dagrun for tutorial_objectstorage to None, run_after=None
[2024-10-21T02:34:06.918+0700] {processor.py:208} INFO - Processing /Users/punny/Documents/GitHub/NYC-Taxi-ETL-Pipeline/.venv/lib/python3.10/site-packages/airflow/example_dags/tutorial_objectstorage.py took 0.266 seconds
