[2024-10-20T20:42:05.244+0700] {processor.py:186} INFO - Started process (PID=22522) to work on /Users/punny/Documents/GitHub/NYC-Taxi-ETL-Pipeline/.venv/lib/python3.10/site-packages/airflow/example_dags/tutorial.py
[2024-10-20T20:42:05.246+0700] {processor.py:914} INFO - Processing file /Users/punny/Documents/GitHub/NYC-Taxi-ETL-Pipeline/.venv/lib/python3.10/site-packages/airflow/example_dags/tutorial.py for tasks to queue
[2024-10-20T20:42:05.248+0700] {logging_mixin.py:190} INFO - [2024-10-20T20:42:05.247+0700] {dagbag.py:588} INFO - Filling up the DagBag from /Users/punny/Documents/GitHub/NYC-Taxi-ETL-Pipeline/.venv/lib/python3.10/site-packages/airflow/example_dags/tutorial.py
[2024-10-20T20:42:05.262+0700] {processor.py:925} INFO - DAG(s) 'tutorial' retrieved from /Users/punny/Documents/GitHub/NYC-Taxi-ETL-Pipeline/.venv/lib/python3.10/site-packages/airflow/example_dags/tutorial.py
[2024-10-20T20:42:05.646+0700] {logging_mixin.py:190} INFO - [2024-10-20T20:42:05.644+0700] {override.py:1907} INFO - Created Permission View: can edit on DAG:tutorial
[2024-10-20T20:42:05.698+0700] {logging_mixin.py:190} INFO - [2024-10-20T20:42:05.697+0700] {override.py:1907} INFO - Created Permission View: can delete on DAG:tutorial
[2024-10-20T20:42:05.711+0700] {logging_mixin.py:190} INFO - [2024-10-20T20:42:05.711+0700] {override.py:1907} INFO - Created Permission View: can read on DAG:tutorial
[2024-10-20T20:42:05.726+0700] {logging_mixin.py:190} INFO - [2024-10-20T20:42:05.726+0700] {override.py:1907} INFO - Created Permission View: can delete on DAG Run:tutorial
[2024-10-20T20:42:05.740+0700] {logging_mixin.py:190} INFO - [2024-10-20T20:42:05.740+0700] {override.py:1907} INFO - Created Permission View: can create on DAG Run:tutorial
[2024-10-20T20:42:05.753+0700] {logging_mixin.py:190} INFO - [2024-10-20T20:42:05.752+0700] {override.py:1907} INFO - Created Permission View: menu access on DAG Run:tutorial
[2024-10-20T20:42:05.764+0700] {logging_mixin.py:190} INFO - [2024-10-20T20:42:05.764+0700] {override.py:1907} INFO - Created Permission View: can read on DAG Run:tutorial
[2024-10-20T20:42:05.765+0700] {logging_mixin.py:190} INFO - [2024-10-20T20:42:05.765+0700] {dag.py:3239} INFO - Sync 1 DAGs
[2024-10-20T20:42:05.783+0700] {logging_mixin.py:190} INFO - [2024-10-20T20:42:05.783+0700] {dag.py:3262} INFO - Creating ORM DAG for tutorial
[2024-10-20T20:42:05.795+0700] {logging_mixin.py:190} INFO - [2024-10-20T20:42:05.794+0700] {dag.py:4180} INFO - Setting next_dagrun for tutorial to 2024-10-19 00:00:00+00:00, run_after=2024-10-20 00:00:00+00:00
[2024-10-20T20:42:05.818+0700] {processor.py:208} INFO - Processing /Users/punny/Documents/GitHub/NYC-Taxi-ETL-Pipeline/.venv/lib/python3.10/site-packages/airflow/example_dags/tutorial.py took 0.583 seconds
[2024-10-20T20:46:36.793+0700] {processor.py:186} INFO - Started process (PID=23290) to work on /Users/punny/Documents/GitHub/NYC-Taxi-ETL-Pipeline/.venv/lib/python3.10/site-packages/airflow/example_dags/tutorial.py
[2024-10-20T20:46:36.796+0700] {processor.py:914} INFO - Processing file /Users/punny/Documents/GitHub/NYC-Taxi-ETL-Pipeline/.venv/lib/python3.10/site-packages/airflow/example_dags/tutorial.py for tasks to queue
[2024-10-20T20:46:36.797+0700] {logging_mixin.py:190} INFO - [2024-10-20T20:46:36.796+0700] {dagbag.py:588} INFO - Filling up the DagBag from /Users/punny/Documents/GitHub/NYC-Taxi-ETL-Pipeline/.venv/lib/python3.10/site-packages/airflow/example_dags/tutorial.py
[2024-10-20T20:46:36.808+0700] {processor.py:925} INFO - DAG(s) 'tutorial' retrieved from /Users/punny/Documents/GitHub/NYC-Taxi-ETL-Pipeline/.venv/lib/python3.10/site-packages/airflow/example_dags/tutorial.py
[2024-10-20T20:46:37.007+0700] {logging_mixin.py:190} INFO - [2024-10-20T20:46:37.006+0700] {dag.py:3239} INFO - Sync 1 DAGs
[2024-10-20T20:46:37.031+0700] {logging_mixin.py:190} INFO - [2024-10-20T20:46:37.030+0700] {dag.py:4180} INFO - Setting next_dagrun for tutorial to 2024-10-19 00:00:00+00:00, run_after=2024-10-20 00:00:00+00:00
[2024-10-20T20:46:37.056+0700] {processor.py:208} INFO - Processing /Users/punny/Documents/GitHub/NYC-Taxi-ETL-Pipeline/.venv/lib/python3.10/site-packages/airflow/example_dags/tutorial.py took 0.271 seconds
[2024-10-20T20:49:55.306+0700] {processor.py:186} INFO - Started process (PID=23761) to work on /Users/punny/Documents/GitHub/NYC-Taxi-ETL-Pipeline/.venv/lib/python3.10/site-packages/airflow/example_dags/tutorial.py
[2024-10-20T20:49:55.309+0700] {processor.py:914} INFO - Processing file /Users/punny/Documents/GitHub/NYC-Taxi-ETL-Pipeline/.venv/lib/python3.10/site-packages/airflow/example_dags/tutorial.py for tasks to queue
[2024-10-20T20:49:55.310+0700] {logging_mixin.py:190} INFO - [2024-10-20T20:49:55.310+0700] {dagbag.py:588} INFO - Filling up the DagBag from /Users/punny/Documents/GitHub/NYC-Taxi-ETL-Pipeline/.venv/lib/python3.10/site-packages/airflow/example_dags/tutorial.py
[2024-10-20T20:49:55.320+0700] {processor.py:925} INFO - DAG(s) 'tutorial' retrieved from /Users/punny/Documents/GitHub/NYC-Taxi-ETL-Pipeline/.venv/lib/python3.10/site-packages/airflow/example_dags/tutorial.py
[2024-10-20T20:49:55.510+0700] {logging_mixin.py:190} INFO - [2024-10-20T20:49:55.510+0700] {dag.py:3239} INFO - Sync 1 DAGs
[2024-10-20T20:49:55.532+0700] {logging_mixin.py:190} INFO - [2024-10-20T20:49:55.532+0700] {dag.py:4180} INFO - Setting next_dagrun for tutorial to 2024-10-19 00:00:00+00:00, run_after=2024-10-20 00:00:00+00:00
[2024-10-20T20:49:55.554+0700] {processor.py:208} INFO - Processing /Users/punny/Documents/GitHub/NYC-Taxi-ETL-Pipeline/.venv/lib/python3.10/site-packages/airflow/example_dags/tutorial.py took 0.256 seconds
[2024-10-20T20:53:11.945+0700] {processor.py:186} INFO - Started process (PID=24193) to work on /Users/punny/Documents/GitHub/NYC-Taxi-ETL-Pipeline/.venv/lib/python3.10/site-packages/airflow/example_dags/tutorial.py
[2024-10-20T20:53:11.948+0700] {processor.py:914} INFO - Processing file /Users/punny/Documents/GitHub/NYC-Taxi-ETL-Pipeline/.venv/lib/python3.10/site-packages/airflow/example_dags/tutorial.py for tasks to queue
[2024-10-20T20:53:11.949+0700] {logging_mixin.py:190} INFO - [2024-10-20T20:53:11.949+0700] {dagbag.py:588} INFO - Filling up the DagBag from /Users/punny/Documents/GitHub/NYC-Taxi-ETL-Pipeline/.venv/lib/python3.10/site-packages/airflow/example_dags/tutorial.py
[2024-10-20T20:53:11.960+0700] {processor.py:925} INFO - DAG(s) 'tutorial' retrieved from /Users/punny/Documents/GitHub/NYC-Taxi-ETL-Pipeline/.venv/lib/python3.10/site-packages/airflow/example_dags/tutorial.py
[2024-10-20T20:53:12.164+0700] {logging_mixin.py:190} INFO - [2024-10-20T20:53:12.164+0700] {dag.py:3239} INFO - Sync 1 DAGs
[2024-10-20T20:53:12.192+0700] {logging_mixin.py:190} INFO - [2024-10-20T20:53:12.192+0700] {dag.py:4180} INFO - Setting next_dagrun for tutorial to 2024-10-19 00:00:00+00:00, run_after=2024-10-20 00:00:00+00:00
[2024-10-20T20:53:12.216+0700] {processor.py:208} INFO - Processing /Users/punny/Documents/GitHub/NYC-Taxi-ETL-Pipeline/.venv/lib/python3.10/site-packages/airflow/example_dags/tutorial.py took 0.279 seconds
[2024-10-20T20:56:34.667+0700] {processor.py:186} INFO - Started process (PID=24724) to work on /Users/punny/Documents/GitHub/NYC-Taxi-ETL-Pipeline/.venv/lib/python3.10/site-packages/airflow/example_dags/tutorial.py
[2024-10-20T20:56:34.670+0700] {processor.py:914} INFO - Processing file /Users/punny/Documents/GitHub/NYC-Taxi-ETL-Pipeline/.venv/lib/python3.10/site-packages/airflow/example_dags/tutorial.py for tasks to queue
[2024-10-20T20:56:34.671+0700] {logging_mixin.py:190} INFO - [2024-10-20T20:56:34.671+0700] {dagbag.py:588} INFO - Filling up the DagBag from /Users/punny/Documents/GitHub/NYC-Taxi-ETL-Pipeline/.venv/lib/python3.10/site-packages/airflow/example_dags/tutorial.py
[2024-10-20T20:56:34.682+0700] {processor.py:925} INFO - DAG(s) 'tutorial' retrieved from /Users/punny/Documents/GitHub/NYC-Taxi-ETL-Pipeline/.venv/lib/python3.10/site-packages/airflow/example_dags/tutorial.py
[2024-10-20T20:56:34.906+0700] {logging_mixin.py:190} INFO - [2024-10-20T20:56:34.906+0700] {dag.py:3239} INFO - Sync 1 DAGs
[2024-10-20T20:56:34.931+0700] {logging_mixin.py:190} INFO - [2024-10-20T20:56:34.930+0700] {dag.py:4180} INFO - Setting next_dagrun for tutorial to 2024-10-19 00:00:00+00:00, run_after=2024-10-20 00:00:00+00:00
[2024-10-20T20:56:34.956+0700] {processor.py:208} INFO - Processing /Users/punny/Documents/GitHub/NYC-Taxi-ETL-Pipeline/.venv/lib/python3.10/site-packages/airflow/example_dags/tutorial.py took 0.297 seconds
[2024-10-20T21:00:01.943+0700] {processor.py:186} INFO - Started process (PID=25291) to work on /Users/punny/Documents/GitHub/NYC-Taxi-ETL-Pipeline/.venv/lib/python3.10/site-packages/airflow/example_dags/tutorial.py
[2024-10-20T21:00:01.948+0700] {processor.py:914} INFO - Processing file /Users/punny/Documents/GitHub/NYC-Taxi-ETL-Pipeline/.venv/lib/python3.10/site-packages/airflow/example_dags/tutorial.py for tasks to queue
[2024-10-20T21:00:01.950+0700] {logging_mixin.py:190} INFO - [2024-10-20T21:00:01.949+0700] {dagbag.py:588} INFO - Filling up the DagBag from /Users/punny/Documents/GitHub/NYC-Taxi-ETL-Pipeline/.venv/lib/python3.10/site-packages/airflow/example_dags/tutorial.py
[2024-10-20T21:00:01.961+0700] {processor.py:925} INFO - DAG(s) 'tutorial' retrieved from /Users/punny/Documents/GitHub/NYC-Taxi-ETL-Pipeline/.venv/lib/python3.10/site-packages/airflow/example_dags/tutorial.py
[2024-10-20T21:00:02.217+0700] {logging_mixin.py:190} INFO - [2024-10-20T21:00:02.216+0700] {dag.py:3239} INFO - Sync 1 DAGs
[2024-10-20T21:00:02.242+0700] {logging_mixin.py:190} INFO - [2024-10-20T21:00:02.241+0700] {dag.py:4180} INFO - Setting next_dagrun for tutorial to 2024-10-19 00:00:00+00:00, run_after=2024-10-20 00:00:00+00:00
[2024-10-20T21:00:02.265+0700] {processor.py:208} INFO - Processing /Users/punny/Documents/GitHub/NYC-Taxi-ETL-Pipeline/.venv/lib/python3.10/site-packages/airflow/example_dags/tutorial.py took 0.335 seconds
[2024-10-20T21:03:37.829+0700] {processor.py:186} INFO - Started process (PID=25863) to work on /Users/punny/Documents/GitHub/NYC-Taxi-ETL-Pipeline/.venv/lib/python3.10/site-packages/airflow/example_dags/tutorial.py
[2024-10-20T21:03:37.833+0700] {processor.py:914} INFO - Processing file /Users/punny/Documents/GitHub/NYC-Taxi-ETL-Pipeline/.venv/lib/python3.10/site-packages/airflow/example_dags/tutorial.py for tasks to queue
[2024-10-20T21:03:37.834+0700] {logging_mixin.py:190} INFO - [2024-10-20T21:03:37.833+0700] {dagbag.py:588} INFO - Filling up the DagBag from /Users/punny/Documents/GitHub/NYC-Taxi-ETL-Pipeline/.venv/lib/python3.10/site-packages/airflow/example_dags/tutorial.py
[2024-10-20T21:03:37.847+0700] {processor.py:925} INFO - DAG(s) 'tutorial' retrieved from /Users/punny/Documents/GitHub/NYC-Taxi-ETL-Pipeline/.venv/lib/python3.10/site-packages/airflow/example_dags/tutorial.py
[2024-10-20T21:03:38.070+0700] {logging_mixin.py:190} INFO - [2024-10-20T21:03:38.070+0700] {dag.py:3239} INFO - Sync 1 DAGs
[2024-10-20T21:03:38.096+0700] {logging_mixin.py:190} INFO - [2024-10-20T21:03:38.096+0700] {dag.py:4180} INFO - Setting next_dagrun for tutorial to 2024-10-19 00:00:00+00:00, run_after=2024-10-20 00:00:00+00:00
[2024-10-20T21:03:38.121+0700] {processor.py:208} INFO - Processing /Users/punny/Documents/GitHub/NYC-Taxi-ETL-Pipeline/.venv/lib/python3.10/site-packages/airflow/example_dags/tutorial.py took 0.304 seconds
[2024-10-20T21:07:25.207+0700] {processor.py:186} INFO - Started process (PID=26408) to work on /Users/punny/Documents/GitHub/NYC-Taxi-ETL-Pipeline/.venv/lib/python3.10/site-packages/airflow/example_dags/tutorial.py
[2024-10-20T21:07:25.210+0700] {processor.py:914} INFO - Processing file /Users/punny/Documents/GitHub/NYC-Taxi-ETL-Pipeline/.venv/lib/python3.10/site-packages/airflow/example_dags/tutorial.py for tasks to queue
[2024-10-20T21:07:25.211+0700] {logging_mixin.py:190} INFO - [2024-10-20T21:07:25.211+0700] {dagbag.py:588} INFO - Filling up the DagBag from /Users/punny/Documents/GitHub/NYC-Taxi-ETL-Pipeline/.venv/lib/python3.10/site-packages/airflow/example_dags/tutorial.py
[2024-10-20T21:07:25.221+0700] {processor.py:925} INFO - DAG(s) 'tutorial' retrieved from /Users/punny/Documents/GitHub/NYC-Taxi-ETL-Pipeline/.venv/lib/python3.10/site-packages/airflow/example_dags/tutorial.py
[2024-10-20T21:07:25.412+0700] {logging_mixin.py:190} INFO - [2024-10-20T21:07:25.411+0700] {dag.py:3239} INFO - Sync 1 DAGs
[2024-10-20T21:07:25.434+0700] {logging_mixin.py:190} INFO - [2024-10-20T21:07:25.433+0700] {dag.py:4180} INFO - Setting next_dagrun for tutorial to 2024-10-19 00:00:00+00:00, run_after=2024-10-20 00:00:00+00:00
[2024-10-20T21:07:25.483+0700] {processor.py:208} INFO - Processing /Users/punny/Documents/GitHub/NYC-Taxi-ETL-Pipeline/.venv/lib/python3.10/site-packages/airflow/example_dags/tutorial.py took 0.285 seconds
[2024-10-20T21:10:22.353+0700] {processor.py:186} INFO - Started process (PID=26767) to work on /Users/punny/Documents/GitHub/NYC-Taxi-ETL-Pipeline/.venv/lib/python3.10/site-packages/airflow/example_dags/tutorial.py
[2024-10-20T21:10:22.356+0700] {processor.py:914} INFO - Processing file /Users/punny/Documents/GitHub/NYC-Taxi-ETL-Pipeline/.venv/lib/python3.10/site-packages/airflow/example_dags/tutorial.py for tasks to queue
[2024-10-20T21:10:22.357+0700] {logging_mixin.py:190} INFO - [2024-10-20T21:10:22.357+0700] {dagbag.py:588} INFO - Filling up the DagBag from /Users/punny/Documents/GitHub/NYC-Taxi-ETL-Pipeline/.venv/lib/python3.10/site-packages/airflow/example_dags/tutorial.py
[2024-10-20T21:10:22.368+0700] {processor.py:925} INFO - DAG(s) 'tutorial' retrieved from /Users/punny/Documents/GitHub/NYC-Taxi-ETL-Pipeline/.venv/lib/python3.10/site-packages/airflow/example_dags/tutorial.py
[2024-10-20T21:10:22.570+0700] {logging_mixin.py:190} INFO - [2024-10-20T21:10:22.570+0700] {dag.py:3239} INFO - Sync 1 DAGs
[2024-10-20T21:10:22.592+0700] {logging_mixin.py:190} INFO - [2024-10-20T21:10:22.592+0700] {dag.py:4180} INFO - Setting next_dagrun for tutorial to 2024-10-19 00:00:00+00:00, run_after=2024-10-20 00:00:00+00:00
[2024-10-20T21:10:22.613+0700] {processor.py:208} INFO - Processing /Users/punny/Documents/GitHub/NYC-Taxi-ETL-Pipeline/.venv/lib/python3.10/site-packages/airflow/example_dags/tutorial.py took 0.270 seconds
[2024-10-20T21:28:38.127+0700] {processor.py:186} INFO - Started process (PID=27389) to work on /Users/punny/Documents/GitHub/NYC-Taxi-ETL-Pipeline/.venv/lib/python3.10/site-packages/airflow/example_dags/tutorial.py
[2024-10-20T21:28:38.130+0700] {processor.py:914} INFO - Processing file /Users/punny/Documents/GitHub/NYC-Taxi-ETL-Pipeline/.venv/lib/python3.10/site-packages/airflow/example_dags/tutorial.py for tasks to queue
[2024-10-20T21:28:38.131+0700] {logging_mixin.py:190} INFO - [2024-10-20T21:28:38.131+0700] {dagbag.py:588} INFO - Filling up the DagBag from /Users/punny/Documents/GitHub/NYC-Taxi-ETL-Pipeline/.venv/lib/python3.10/site-packages/airflow/example_dags/tutorial.py
[2024-10-20T21:28:38.142+0700] {processor.py:925} INFO - DAG(s) 'tutorial' retrieved from /Users/punny/Documents/GitHub/NYC-Taxi-ETL-Pipeline/.venv/lib/python3.10/site-packages/airflow/example_dags/tutorial.py
[2024-10-20T21:28:38.332+0700] {logging_mixin.py:190} INFO - [2024-10-20T21:28:38.332+0700] {dag.py:3239} INFO - Sync 1 DAGs
[2024-10-20T21:28:38.354+0700] {logging_mixin.py:190} INFO - [2024-10-20T21:28:38.354+0700] {dag.py:4180} INFO - Setting next_dagrun for tutorial to 2024-10-19 00:00:00+00:00, run_after=2024-10-20 00:00:00+00:00
[2024-10-20T21:28:38.376+0700] {processor.py:208} INFO - Processing /Users/punny/Documents/GitHub/NYC-Taxi-ETL-Pipeline/.venv/lib/python3.10/site-packages/airflow/example_dags/tutorial.py took 0.257 seconds
[2024-10-20T21:32:17.947+0700] {processor.py:186} INFO - Started process (PID=27995) to work on /Users/punny/Documents/GitHub/NYC-Taxi-ETL-Pipeline/.venv/lib/python3.10/site-packages/airflow/example_dags/tutorial.py
[2024-10-20T21:32:17.950+0700] {processor.py:914} INFO - Processing file /Users/punny/Documents/GitHub/NYC-Taxi-ETL-Pipeline/.venv/lib/python3.10/site-packages/airflow/example_dags/tutorial.py for tasks to queue
[2024-10-20T21:32:17.951+0700] {logging_mixin.py:190} INFO - [2024-10-20T21:32:17.951+0700] {dagbag.py:588} INFO - Filling up the DagBag from /Users/punny/Documents/GitHub/NYC-Taxi-ETL-Pipeline/.venv/lib/python3.10/site-packages/airflow/example_dags/tutorial.py
[2024-10-20T21:32:17.963+0700] {processor.py:925} INFO - DAG(s) 'tutorial' retrieved from /Users/punny/Documents/GitHub/NYC-Taxi-ETL-Pipeline/.venv/lib/python3.10/site-packages/airflow/example_dags/tutorial.py
[2024-10-20T21:32:18.200+0700] {logging_mixin.py:190} INFO - [2024-10-20T21:32:18.200+0700] {dag.py:3239} INFO - Sync 1 DAGs
[2024-10-20T21:32:18.225+0700] {logging_mixin.py:190} INFO - [2024-10-20T21:32:18.225+0700] {dag.py:4180} INFO - Setting next_dagrun for tutorial to 2024-10-19 00:00:00+00:00, run_after=2024-10-20 00:00:00+00:00
[2024-10-20T21:32:18.249+0700] {processor.py:208} INFO - Processing /Users/punny/Documents/GitHub/NYC-Taxi-ETL-Pipeline/.venv/lib/python3.10/site-packages/airflow/example_dags/tutorial.py took 0.308 seconds
[2024-10-20T21:55:55.853+0700] {processor.py:186} INFO - Started process (PID=31105) to work on /Users/punny/Documents/GitHub/NYC-Taxi-ETL-Pipeline/.venv/lib/python3.10/site-packages/airflow/example_dags/tutorial.py
[2024-10-20T21:55:55.856+0700] {processor.py:914} INFO - Processing file /Users/punny/Documents/GitHub/NYC-Taxi-ETL-Pipeline/.venv/lib/python3.10/site-packages/airflow/example_dags/tutorial.py for tasks to queue
[2024-10-20T21:55:55.857+0700] {logging_mixin.py:190} INFO - [2024-10-20T21:55:55.857+0700] {dagbag.py:588} INFO - Filling up the DagBag from /Users/punny/Documents/GitHub/NYC-Taxi-ETL-Pipeline/.venv/lib/python3.10/site-packages/airflow/example_dags/tutorial.py
[2024-10-20T21:55:55.870+0700] {processor.py:925} INFO - DAG(s) 'tutorial' retrieved from /Users/punny/Documents/GitHub/NYC-Taxi-ETL-Pipeline/.venv/lib/python3.10/site-packages/airflow/example_dags/tutorial.py
[2024-10-20T21:55:56.096+0700] {logging_mixin.py:190} INFO - [2024-10-20T21:55:56.096+0700] {dag.py:3239} INFO - Sync 1 DAGs
[2024-10-20T21:55:56.119+0700] {logging_mixin.py:190} INFO - [2024-10-20T21:55:56.118+0700] {dag.py:4180} INFO - Setting next_dagrun for tutorial to 2024-10-19 00:00:00+00:00, run_after=2024-10-20 00:00:00+00:00
[2024-10-20T21:55:56.142+0700] {processor.py:208} INFO - Processing /Users/punny/Documents/GitHub/NYC-Taxi-ETL-Pipeline/.venv/lib/python3.10/site-packages/airflow/example_dags/tutorial.py took 0.301 seconds
[2024-10-20T22:14:59.062+0700] {processor.py:186} INFO - Started process (PID=31750) to work on /Users/punny/Documents/GitHub/NYC-Taxi-ETL-Pipeline/.venv/lib/python3.10/site-packages/airflow/example_dags/tutorial.py
[2024-10-20T22:14:59.065+0700] {processor.py:914} INFO - Processing file /Users/punny/Documents/GitHub/NYC-Taxi-ETL-Pipeline/.venv/lib/python3.10/site-packages/airflow/example_dags/tutorial.py for tasks to queue
[2024-10-20T22:14:59.066+0700] {logging_mixin.py:190} INFO - [2024-10-20T22:14:59.066+0700] {dagbag.py:588} INFO - Filling up the DagBag from /Users/punny/Documents/GitHub/NYC-Taxi-ETL-Pipeline/.venv/lib/python3.10/site-packages/airflow/example_dags/tutorial.py
[2024-10-20T22:14:59.075+0700] {processor.py:925} INFO - DAG(s) 'tutorial' retrieved from /Users/punny/Documents/GitHub/NYC-Taxi-ETL-Pipeline/.venv/lib/python3.10/site-packages/airflow/example_dags/tutorial.py
[2024-10-20T22:14:59.256+0700] {logging_mixin.py:190} INFO - [2024-10-20T22:14:59.256+0700] {dag.py:3239} INFO - Sync 1 DAGs
[2024-10-20T22:14:59.278+0700] {logging_mixin.py:190} INFO - [2024-10-20T22:14:59.278+0700] {dag.py:4180} INFO - Setting next_dagrun for tutorial to 2024-10-19 00:00:00+00:00, run_after=2024-10-20 00:00:00+00:00
[2024-10-20T22:14:59.299+0700] {processor.py:208} INFO - Processing /Users/punny/Documents/GitHub/NYC-Taxi-ETL-Pipeline/.venv/lib/python3.10/site-packages/airflow/example_dags/tutorial.py took 0.246 seconds
[2024-10-21T00:16:55.900+0700] {processor.py:186} INFO - Started process (PID=32463) to work on /Users/punny/Documents/GitHub/NYC-Taxi-ETL-Pipeline/.venv/lib/python3.10/site-packages/airflow/example_dags/tutorial.py
[2024-10-21T00:16:55.903+0700] {processor.py:914} INFO - Processing file /Users/punny/Documents/GitHub/NYC-Taxi-ETL-Pipeline/.venv/lib/python3.10/site-packages/airflow/example_dags/tutorial.py for tasks to queue
[2024-10-21T00:16:55.905+0700] {logging_mixin.py:190} INFO - [2024-10-21T00:16:55.905+0700] {dagbag.py:588} INFO - Filling up the DagBag from /Users/punny/Documents/GitHub/NYC-Taxi-ETL-Pipeline/.venv/lib/python3.10/site-packages/airflow/example_dags/tutorial.py
[2024-10-21T00:16:55.918+0700] {processor.py:925} INFO - DAG(s) 'tutorial' retrieved from /Users/punny/Documents/GitHub/NYC-Taxi-ETL-Pipeline/.venv/lib/python3.10/site-packages/airflow/example_dags/tutorial.py
[2024-10-21T00:16:56.123+0700] {logging_mixin.py:190} INFO - [2024-10-21T00:16:56.123+0700] {dag.py:3239} INFO - Sync 1 DAGs
[2024-10-21T00:16:56.147+0700] {logging_mixin.py:190} INFO - [2024-10-21T00:16:56.146+0700] {dag.py:4180} INFO - Setting next_dagrun for tutorial to 2024-10-19 00:00:00+00:00, run_after=2024-10-20 00:00:00+00:00
[2024-10-21T00:16:56.168+0700] {processor.py:208} INFO - Processing /Users/punny/Documents/GitHub/NYC-Taxi-ETL-Pipeline/.venv/lib/python3.10/site-packages/airflow/example_dags/tutorial.py took 0.278 seconds
[2024-10-21T02:34:13.696+0700] {processor.py:186} INFO - Started process (PID=33166) to work on /Users/punny/Documents/GitHub/NYC-Taxi-ETL-Pipeline/.venv/lib/python3.10/site-packages/airflow/example_dags/tutorial.py
[2024-10-21T02:34:13.699+0700] {processor.py:914} INFO - Processing file /Users/punny/Documents/GitHub/NYC-Taxi-ETL-Pipeline/.venv/lib/python3.10/site-packages/airflow/example_dags/tutorial.py for tasks to queue
[2024-10-21T02:34:13.700+0700] {logging_mixin.py:190} INFO - [2024-10-21T02:34:13.700+0700] {dagbag.py:588} INFO - Filling up the DagBag from /Users/punny/Documents/GitHub/NYC-Taxi-ETL-Pipeline/.venv/lib/python3.10/site-packages/airflow/example_dags/tutorial.py
[2024-10-21T02:34:13.711+0700] {processor.py:925} INFO - DAG(s) 'tutorial' retrieved from /Users/punny/Documents/GitHub/NYC-Taxi-ETL-Pipeline/.venv/lib/python3.10/site-packages/airflow/example_dags/tutorial.py
[2024-10-21T02:34:14.004+0700] {logging_mixin.py:190} INFO - [2024-10-21T02:34:14.003+0700] {dag.py:3239} INFO - Sync 1 DAGs
[2024-10-21T02:34:14.029+0700] {logging_mixin.py:190} INFO - [2024-10-21T02:34:14.029+0700] {dag.py:4180} INFO - Setting next_dagrun for tutorial to 2024-10-19 00:00:00+00:00, run_after=2024-10-20 00:00:00+00:00
[2024-10-21T02:34:14.053+0700] {processor.py:208} INFO - Processing /Users/punny/Documents/GitHub/NYC-Taxi-ETL-Pipeline/.venv/lib/python3.10/site-packages/airflow/example_dags/tutorial.py took 0.366 seconds
