[2024-10-20T20:41:50.354+0700] {processor.py:186} INFO - Started process (PID=22472) to work on /Users/punny/Documents/GitHub/NYC-Taxi-ETL-Pipeline/.venv/lib/python3.10/site-packages/airflow/example_dags/tutorial_taskflow_api_virtualenv.py
[2024-10-20T20:41:50.356+0700] {processor.py:914} INFO - Processing file /Users/punny/Documents/GitHub/NYC-Taxi-ETL-Pipeline/.venv/lib/python3.10/site-packages/airflow/example_dags/tutorial_taskflow_api_virtualenv.py for tasks to queue
[2024-10-20T20:41:50.357+0700] {logging_mixin.py:190} INFO - [2024-10-20T20:41:50.357+0700] {dagbag.py:588} INFO - Filling up the DagBag from /Users/punny/Documents/GitHub/NYC-Taxi-ETL-Pipeline/.venv/lib/python3.10/site-packages/airflow/example_dags/tutorial_taskflow_api_virtualenv.py
[2024-10-20T20:41:50.405+0700] {processor.py:925} INFO - DAG(s) 'tutorial_taskflow_api_virtualenv' retrieved from /Users/punny/Documents/GitHub/NYC-Taxi-ETL-Pipeline/.venv/lib/python3.10/site-packages/airflow/example_dags/tutorial_taskflow_api_virtualenv.py
[2024-10-20T20:41:50.761+0700] {logging_mixin.py:190} INFO - [2024-10-20T20:41:50.760+0700] {override.py:1907} INFO - Created Permission View: can edit on DAG:tutorial_taskflow_api_virtualenv
[2024-10-20T20:41:50.773+0700] {logging_mixin.py:190} INFO - [2024-10-20T20:41:50.772+0700] {override.py:1907} INFO - Created Permission View: can delete on DAG:tutorial_taskflow_api_virtualenv
[2024-10-20T20:41:50.781+0700] {logging_mixin.py:190} INFO - [2024-10-20T20:41:50.780+0700] {override.py:1907} INFO - Created Permission View: can read on DAG:tutorial_taskflow_api_virtualenv
[2024-10-20T20:41:50.792+0700] {logging_mixin.py:190} INFO - [2024-10-20T20:41:50.791+0700] {override.py:1907} INFO - Created Permission View: can create on DAG Run:tutorial_taskflow_api_virtualenv
[2024-10-20T20:41:50.800+0700] {logging_mixin.py:190} INFO - [2024-10-20T20:41:50.800+0700] {override.py:1907} INFO - Created Permission View: can delete on DAG Run:tutorial_taskflow_api_virtualenv
[2024-10-20T20:41:50.808+0700] {logging_mixin.py:190} INFO - [2024-10-20T20:41:50.807+0700] {override.py:1907} INFO - Created Permission View: can read on DAG Run:tutorial_taskflow_api_virtualenv
[2024-10-20T20:41:50.816+0700] {logging_mixin.py:190} INFO - [2024-10-20T20:41:50.816+0700] {override.py:1907} INFO - Created Permission View: menu access on DAG Run:tutorial_taskflow_api_virtualenv
[2024-10-20T20:41:50.817+0700] {logging_mixin.py:190} INFO - [2024-10-20T20:41:50.817+0700] {dag.py:3239} INFO - Sync 1 DAGs
[2024-10-20T20:41:50.834+0700] {logging_mixin.py:190} INFO - [2024-10-20T20:41:50.833+0700] {dag.py:3262} INFO - Creating ORM DAG for tutorial_taskflow_api_virtualenv
[2024-10-20T20:41:50.834+0700] {logging_mixin.py:190} INFO - [2024-10-20T20:41:50.834+0700] {dag.py:4180} INFO - Setting next_dagrun for tutorial_taskflow_api_virtualenv to None, run_after=None
[2024-10-20T20:41:50.859+0700] {processor.py:208} INFO - Processing /Users/punny/Documents/GitHub/NYC-Taxi-ETL-Pipeline/.venv/lib/python3.10/site-packages/airflow/example_dags/tutorial_taskflow_api_virtualenv.py took 0.514 seconds
[2024-10-20T20:46:23.580+0700] {processor.py:186} INFO - Started process (PID=23263) to work on /Users/punny/Documents/GitHub/NYC-Taxi-ETL-Pipeline/.venv/lib/python3.10/site-packages/airflow/example_dags/tutorial_taskflow_api_virtualenv.py
[2024-10-20T20:46:23.583+0700] {processor.py:914} INFO - Processing file /Users/punny/Documents/GitHub/NYC-Taxi-ETL-Pipeline/.venv/lib/python3.10/site-packages/airflow/example_dags/tutorial_taskflow_api_virtualenv.py for tasks to queue
[2024-10-20T20:46:23.584+0700] {logging_mixin.py:190} INFO - [2024-10-20T20:46:23.584+0700] {dagbag.py:588} INFO - Filling up the DagBag from /Users/punny/Documents/GitHub/NYC-Taxi-ETL-Pipeline/.venv/lib/python3.10/site-packages/airflow/example_dags/tutorial_taskflow_api_virtualenv.py
[2024-10-20T20:46:23.653+0700] {processor.py:925} INFO - DAG(s) 'tutorial_taskflow_api_virtualenv' retrieved from /Users/punny/Documents/GitHub/NYC-Taxi-ETL-Pipeline/.venv/lib/python3.10/site-packages/airflow/example_dags/tutorial_taskflow_api_virtualenv.py
[2024-10-20T20:46:24.029+0700] {logging_mixin.py:190} INFO - [2024-10-20T20:46:24.029+0700] {dag.py:3239} INFO - Sync 1 DAGs
[2024-10-20T20:46:24.042+0700] {logging_mixin.py:190} INFO - [2024-10-20T20:46:24.041+0700] {dag.py:4180} INFO - Setting next_dagrun for tutorial_taskflow_api_virtualenv to None, run_after=None
[2024-10-20T20:46:24.065+0700] {processor.py:208} INFO - Processing /Users/punny/Documents/GitHub/NYC-Taxi-ETL-Pipeline/.venv/lib/python3.10/site-packages/airflow/example_dags/tutorial_taskflow_api_virtualenv.py took 0.493 seconds
[2024-10-20T20:49:40.364+0700] {processor.py:186} INFO - Started process (PID=23730) to work on /Users/punny/Documents/GitHub/NYC-Taxi-ETL-Pipeline/.venv/lib/python3.10/site-packages/airflow/example_dags/tutorial_taskflow_api_virtualenv.py
[2024-10-20T20:49:40.368+0700] {processor.py:914} INFO - Processing file /Users/punny/Documents/GitHub/NYC-Taxi-ETL-Pipeline/.venv/lib/python3.10/site-packages/airflow/example_dags/tutorial_taskflow_api_virtualenv.py for tasks to queue
[2024-10-20T20:49:40.369+0700] {logging_mixin.py:190} INFO - [2024-10-20T20:49:40.369+0700] {dagbag.py:588} INFO - Filling up the DagBag from /Users/punny/Documents/GitHub/NYC-Taxi-ETL-Pipeline/.venv/lib/python3.10/site-packages/airflow/example_dags/tutorial_taskflow_api_virtualenv.py
[2024-10-20T20:49:40.444+0700] {processor.py:925} INFO - DAG(s) 'tutorial_taskflow_api_virtualenv' retrieved from /Users/punny/Documents/GitHub/NYC-Taxi-ETL-Pipeline/.venv/lib/python3.10/site-packages/airflow/example_dags/tutorial_taskflow_api_virtualenv.py
[2024-10-20T20:49:40.845+0700] {logging_mixin.py:190} INFO - [2024-10-20T20:49:40.845+0700] {dag.py:3239} INFO - Sync 1 DAGs
[2024-10-20T20:49:40.860+0700] {logging_mixin.py:190} INFO - [2024-10-20T20:49:40.860+0700] {dag.py:4180} INFO - Setting next_dagrun for tutorial_taskflow_api_virtualenv to None, run_after=None
[2024-10-20T20:49:40.885+0700] {processor.py:208} INFO - Processing /Users/punny/Documents/GitHub/NYC-Taxi-ETL-Pipeline/.venv/lib/python3.10/site-packages/airflow/example_dags/tutorial_taskflow_api_virtualenv.py took 0.527 seconds
[2024-10-20T20:52:55.650+0700] {processor.py:186} INFO - Started process (PID=24163) to work on /Users/punny/Documents/GitHub/NYC-Taxi-ETL-Pipeline/.venv/lib/python3.10/site-packages/airflow/example_dags/tutorial_taskflow_api_virtualenv.py
[2024-10-20T20:52:55.654+0700] {processor.py:914} INFO - Processing file /Users/punny/Documents/GitHub/NYC-Taxi-ETL-Pipeline/.venv/lib/python3.10/site-packages/airflow/example_dags/tutorial_taskflow_api_virtualenv.py for tasks to queue
[2024-10-20T20:52:55.655+0700] {logging_mixin.py:190} INFO - [2024-10-20T20:52:55.655+0700] {dagbag.py:588} INFO - Filling up the DagBag from /Users/punny/Documents/GitHub/NYC-Taxi-ETL-Pipeline/.venv/lib/python3.10/site-packages/airflow/example_dags/tutorial_taskflow_api_virtualenv.py
[2024-10-20T20:52:55.756+0700] {processor.py:925} INFO - DAG(s) 'tutorial_taskflow_api_virtualenv' retrieved from /Users/punny/Documents/GitHub/NYC-Taxi-ETL-Pipeline/.venv/lib/python3.10/site-packages/airflow/example_dags/tutorial_taskflow_api_virtualenv.py
[2024-10-20T20:52:56.191+0700] {logging_mixin.py:190} INFO - [2024-10-20T20:52:56.190+0700] {dag.py:3239} INFO - Sync 1 DAGs
[2024-10-20T20:52:56.205+0700] {logging_mixin.py:190} INFO - [2024-10-20T20:52:56.205+0700] {dag.py:4180} INFO - Setting next_dagrun for tutorial_taskflow_api_virtualenv to None, run_after=None
[2024-10-20T20:52:56.232+0700] {processor.py:208} INFO - Processing /Users/punny/Documents/GitHub/NYC-Taxi-ETL-Pipeline/.venv/lib/python3.10/site-packages/airflow/example_dags/tutorial_taskflow_api_virtualenv.py took 0.599 seconds
[2024-10-20T20:56:18.456+0700] {processor.py:186} INFO - Started process (PID=24686) to work on /Users/punny/Documents/GitHub/NYC-Taxi-ETL-Pipeline/.venv/lib/python3.10/site-packages/airflow/example_dags/tutorial_taskflow_api_virtualenv.py
[2024-10-20T20:56:18.459+0700] {processor.py:914} INFO - Processing file /Users/punny/Documents/GitHub/NYC-Taxi-ETL-Pipeline/.venv/lib/python3.10/site-packages/airflow/example_dags/tutorial_taskflow_api_virtualenv.py for tasks to queue
[2024-10-20T20:56:18.460+0700] {logging_mixin.py:190} INFO - [2024-10-20T20:56:18.460+0700] {dagbag.py:588} INFO - Filling up the DagBag from /Users/punny/Documents/GitHub/NYC-Taxi-ETL-Pipeline/.venv/lib/python3.10/site-packages/airflow/example_dags/tutorial_taskflow_api_virtualenv.py
[2024-10-20T20:56:18.524+0700] {processor.py:925} INFO - DAG(s) 'tutorial_taskflow_api_virtualenv' retrieved from /Users/punny/Documents/GitHub/NYC-Taxi-ETL-Pipeline/.venv/lib/python3.10/site-packages/airflow/example_dags/tutorial_taskflow_api_virtualenv.py
[2024-10-20T20:56:18.891+0700] {logging_mixin.py:190} INFO - [2024-10-20T20:56:18.890+0700] {dag.py:3239} INFO - Sync 1 DAGs
[2024-10-20T20:56:18.903+0700] {logging_mixin.py:190} INFO - [2024-10-20T20:56:18.903+0700] {dag.py:4180} INFO - Setting next_dagrun for tutorial_taskflow_api_virtualenv to None, run_after=None
[2024-10-20T20:56:18.927+0700] {processor.py:208} INFO - Processing /Users/punny/Documents/GitHub/NYC-Taxi-ETL-Pipeline/.venv/lib/python3.10/site-packages/airflow/example_dags/tutorial_taskflow_api_virtualenv.py took 0.477 seconds
[2024-10-20T20:59:45.718+0700] {processor.py:186} INFO - Started process (PID=25255) to work on /Users/punny/Documents/GitHub/NYC-Taxi-ETL-Pipeline/.venv/lib/python3.10/site-packages/airflow/example_dags/tutorial_taskflow_api_virtualenv.py
[2024-10-20T20:59:45.724+0700] {processor.py:914} INFO - Processing file /Users/punny/Documents/GitHub/NYC-Taxi-ETL-Pipeline/.venv/lib/python3.10/site-packages/airflow/example_dags/tutorial_taskflow_api_virtualenv.py for tasks to queue
[2024-10-20T20:59:45.727+0700] {logging_mixin.py:190} INFO - [2024-10-20T20:59:45.726+0700] {dagbag.py:588} INFO - Filling up the DagBag from /Users/punny/Documents/GitHub/NYC-Taxi-ETL-Pipeline/.venv/lib/python3.10/site-packages/airflow/example_dags/tutorial_taskflow_api_virtualenv.py
[2024-10-20T20:59:45.815+0700] {processor.py:925} INFO - DAG(s) 'tutorial_taskflow_api_virtualenv' retrieved from /Users/punny/Documents/GitHub/NYC-Taxi-ETL-Pipeline/.venv/lib/python3.10/site-packages/airflow/example_dags/tutorial_taskflow_api_virtualenv.py
[2024-10-20T20:59:46.235+0700] {logging_mixin.py:190} INFO - [2024-10-20T20:59:46.234+0700] {dag.py:3239} INFO - Sync 1 DAGs
[2024-10-20T20:59:46.251+0700] {logging_mixin.py:190} INFO - [2024-10-20T20:59:46.251+0700] {dag.py:4180} INFO - Setting next_dagrun for tutorial_taskflow_api_virtualenv to None, run_after=None
[2024-10-20T20:59:46.278+0700] {processor.py:208} INFO - Processing /Users/punny/Documents/GitHub/NYC-Taxi-ETL-Pipeline/.venv/lib/python3.10/site-packages/airflow/example_dags/tutorial_taskflow_api_virtualenv.py took 0.572 seconds
[2024-10-20T21:03:19.532+0700] {processor.py:186} INFO - Started process (PID=25784) to work on /Users/punny/Documents/GitHub/NYC-Taxi-ETL-Pipeline/.venv/lib/python3.10/site-packages/airflow/example_dags/tutorial_taskflow_api_virtualenv.py
[2024-10-20T21:03:19.535+0700] {processor.py:914} INFO - Processing file /Users/punny/Documents/GitHub/NYC-Taxi-ETL-Pipeline/.venv/lib/python3.10/site-packages/airflow/example_dags/tutorial_taskflow_api_virtualenv.py for tasks to queue
[2024-10-20T21:03:19.537+0700] {logging_mixin.py:190} INFO - [2024-10-20T21:03:19.536+0700] {dagbag.py:588} INFO - Filling up the DagBag from /Users/punny/Documents/GitHub/NYC-Taxi-ETL-Pipeline/.venv/lib/python3.10/site-packages/airflow/example_dags/tutorial_taskflow_api_virtualenv.py
[2024-10-20T21:03:19.617+0700] {processor.py:925} INFO - DAG(s) 'tutorial_taskflow_api_virtualenv' retrieved from /Users/punny/Documents/GitHub/NYC-Taxi-ETL-Pipeline/.venv/lib/python3.10/site-packages/airflow/example_dags/tutorial_taskflow_api_virtualenv.py
[2024-10-20T21:03:20.078+0700] {logging_mixin.py:190} INFO - [2024-10-20T21:03:20.077+0700] {dag.py:3239} INFO - Sync 1 DAGs
[2024-10-20T21:03:20.109+0700] {logging_mixin.py:190} INFO - [2024-10-20T21:03:20.109+0700] {dag.py:4180} INFO - Setting next_dagrun for tutorial_taskflow_api_virtualenv to None, run_after=None
[2024-10-20T21:03:20.184+0700] {processor.py:208} INFO - Processing /Users/punny/Documents/GitHub/NYC-Taxi-ETL-Pipeline/.venv/lib/python3.10/site-packages/airflow/example_dags/tutorial_taskflow_api_virtualenv.py took 0.661 seconds
[2024-10-20T21:07:11.168+0700] {processor.py:186} INFO - Started process (PID=26379) to work on /Users/punny/Documents/GitHub/NYC-Taxi-ETL-Pipeline/.venv/lib/python3.10/site-packages/airflow/example_dags/tutorial_taskflow_api_virtualenv.py
[2024-10-20T21:07:11.181+0700] {processor.py:914} INFO - Processing file /Users/punny/Documents/GitHub/NYC-Taxi-ETL-Pipeline/.venv/lib/python3.10/site-packages/airflow/example_dags/tutorial_taskflow_api_virtualenv.py for tasks to queue
[2024-10-20T21:07:11.182+0700] {logging_mixin.py:190} INFO - [2024-10-20T21:07:11.182+0700] {dagbag.py:588} INFO - Filling up the DagBag from /Users/punny/Documents/GitHub/NYC-Taxi-ETL-Pipeline/.venv/lib/python3.10/site-packages/airflow/example_dags/tutorial_taskflow_api_virtualenv.py
[2024-10-20T21:07:11.246+0700] {processor.py:925} INFO - DAG(s) 'tutorial_taskflow_api_virtualenv' retrieved from /Users/punny/Documents/GitHub/NYC-Taxi-ETL-Pipeline/.venv/lib/python3.10/site-packages/airflow/example_dags/tutorial_taskflow_api_virtualenv.py
[2024-10-20T21:07:11.617+0700] {logging_mixin.py:190} INFO - [2024-10-20T21:07:11.617+0700] {dag.py:3239} INFO - Sync 1 DAGs
[2024-10-20T21:07:11.630+0700] {logging_mixin.py:190} INFO - [2024-10-20T21:07:11.630+0700] {dag.py:4180} INFO - Setting next_dagrun for tutorial_taskflow_api_virtualenv to None, run_after=None
[2024-10-20T21:07:11.654+0700] {processor.py:208} INFO - Processing /Users/punny/Documents/GitHub/NYC-Taxi-ETL-Pipeline/.venv/lib/python3.10/site-packages/airflow/example_dags/tutorial_taskflow_api_virtualenv.py took 0.495 seconds
[2024-10-20T21:10:08.228+0700] {processor.py:186} INFO - Started process (PID=26736) to work on /Users/punny/Documents/GitHub/NYC-Taxi-ETL-Pipeline/.venv/lib/python3.10/site-packages/airflow/example_dags/tutorial_taskflow_api_virtualenv.py
[2024-10-20T21:10:08.232+0700] {processor.py:914} INFO - Processing file /Users/punny/Documents/GitHub/NYC-Taxi-ETL-Pipeline/.venv/lib/python3.10/site-packages/airflow/example_dags/tutorial_taskflow_api_virtualenv.py for tasks to queue
[2024-10-20T21:10:08.234+0700] {logging_mixin.py:190} INFO - [2024-10-20T21:10:08.234+0700] {dagbag.py:588} INFO - Filling up the DagBag from /Users/punny/Documents/GitHub/NYC-Taxi-ETL-Pipeline/.venv/lib/python3.10/site-packages/airflow/example_dags/tutorial_taskflow_api_virtualenv.py
[2024-10-20T21:10:08.296+0700] {processor.py:925} INFO - DAG(s) 'tutorial_taskflow_api_virtualenv' retrieved from /Users/punny/Documents/GitHub/NYC-Taxi-ETL-Pipeline/.venv/lib/python3.10/site-packages/airflow/example_dags/tutorial_taskflow_api_virtualenv.py
[2024-10-20T21:10:08.676+0700] {logging_mixin.py:190} INFO - [2024-10-20T21:10:08.675+0700] {dag.py:3239} INFO - Sync 1 DAGs
[2024-10-20T21:10:08.695+0700] {logging_mixin.py:190} INFO - [2024-10-20T21:10:08.695+0700] {dag.py:4180} INFO - Setting next_dagrun for tutorial_taskflow_api_virtualenv to None, run_after=None
[2024-10-20T21:10:08.724+0700] {processor.py:208} INFO - Processing /Users/punny/Documents/GitHub/NYC-Taxi-ETL-Pipeline/.venv/lib/python3.10/site-packages/airflow/example_dags/tutorial_taskflow_api_virtualenv.py took 0.501 seconds
[2024-10-20T21:28:22.897+0700] {processor.py:186} INFO - Started process (PID=27277) to work on /Users/punny/Documents/GitHub/NYC-Taxi-ETL-Pipeline/.venv/lib/python3.10/site-packages/airflow/example_dags/tutorial_taskflow_api_virtualenv.py
[2024-10-20T21:28:22.901+0700] {processor.py:914} INFO - Processing file /Users/punny/Documents/GitHub/NYC-Taxi-ETL-Pipeline/.venv/lib/python3.10/site-packages/airflow/example_dags/tutorial_taskflow_api_virtualenv.py for tasks to queue
[2024-10-20T21:28:22.904+0700] {logging_mixin.py:190} INFO - [2024-10-20T21:28:22.903+0700] {dagbag.py:588} INFO - Filling up the DagBag from /Users/punny/Documents/GitHub/NYC-Taxi-ETL-Pipeline/.venv/lib/python3.10/site-packages/airflow/example_dags/tutorial_taskflow_api_virtualenv.py
[2024-10-20T21:28:23.170+0700] {processor.py:925} INFO - DAG(s) 'tutorial_taskflow_api_virtualenv' retrieved from /Users/punny/Documents/GitHub/NYC-Taxi-ETL-Pipeline/.venv/lib/python3.10/site-packages/airflow/example_dags/tutorial_taskflow_api_virtualenv.py
[2024-10-20T21:28:23.957+0700] {logging_mixin.py:190} INFO - [2024-10-20T21:28:23.956+0700] {dag.py:3239} INFO - Sync 1 DAGs
[2024-10-20T21:28:24.003+0700] {logging_mixin.py:190} INFO - [2024-10-20T21:28:24.002+0700] {dag.py:4180} INFO - Setting next_dagrun for tutorial_taskflow_api_virtualenv to None, run_after=None
[2024-10-20T21:28:24.053+0700] {processor.py:208} INFO - Processing /Users/punny/Documents/GitHub/NYC-Taxi-ETL-Pipeline/.venv/lib/python3.10/site-packages/airflow/example_dags/tutorial_taskflow_api_virtualenv.py took 1.173 seconds
[2024-10-20T21:32:02.023+0700] {processor.py:186} INFO - Started process (PID=27958) to work on /Users/punny/Documents/GitHub/NYC-Taxi-ETL-Pipeline/.venv/lib/python3.10/site-packages/airflow/example_dags/tutorial_taskflow_api_virtualenv.py
[2024-10-20T21:32:02.027+0700] {processor.py:914} INFO - Processing file /Users/punny/Documents/GitHub/NYC-Taxi-ETL-Pipeline/.venv/lib/python3.10/site-packages/airflow/example_dags/tutorial_taskflow_api_virtualenv.py for tasks to queue
[2024-10-20T21:32:02.030+0700] {logging_mixin.py:190} INFO - [2024-10-20T21:32:02.029+0700] {dagbag.py:588} INFO - Filling up the DagBag from /Users/punny/Documents/GitHub/NYC-Taxi-ETL-Pipeline/.venv/lib/python3.10/site-packages/airflow/example_dags/tutorial_taskflow_api_virtualenv.py
[2024-10-20T21:32:02.118+0700] {processor.py:925} INFO - DAG(s) 'tutorial_taskflow_api_virtualenv' retrieved from /Users/punny/Documents/GitHub/NYC-Taxi-ETL-Pipeline/.venv/lib/python3.10/site-packages/airflow/example_dags/tutorial_taskflow_api_virtualenv.py
[2024-10-20T21:32:02.669+0700] {logging_mixin.py:190} INFO - [2024-10-20T21:32:02.668+0700] {dag.py:3239} INFO - Sync 1 DAGs
[2024-10-20T21:32:02.681+0700] {logging_mixin.py:190} INFO - [2024-10-20T21:32:02.681+0700] {dag.py:4180} INFO - Setting next_dagrun for tutorial_taskflow_api_virtualenv to None, run_after=None
[2024-10-20T21:32:02.705+0700] {processor.py:208} INFO - Processing /Users/punny/Documents/GitHub/NYC-Taxi-ETL-Pipeline/.venv/lib/python3.10/site-packages/airflow/example_dags/tutorial_taskflow_api_virtualenv.py took 0.690 seconds
[2024-10-20T21:55:40.116+0700] {processor.py:186} INFO - Started process (PID=31069) to work on /Users/punny/Documents/GitHub/NYC-Taxi-ETL-Pipeline/.venv/lib/python3.10/site-packages/airflow/example_dags/tutorial_taskflow_api_virtualenv.py
[2024-10-20T21:55:40.119+0700] {processor.py:914} INFO - Processing file /Users/punny/Documents/GitHub/NYC-Taxi-ETL-Pipeline/.venv/lib/python3.10/site-packages/airflow/example_dags/tutorial_taskflow_api_virtualenv.py for tasks to queue
[2024-10-20T21:55:40.121+0700] {logging_mixin.py:190} INFO - [2024-10-20T21:55:40.120+0700] {dagbag.py:588} INFO - Filling up the DagBag from /Users/punny/Documents/GitHub/NYC-Taxi-ETL-Pipeline/.venv/lib/python3.10/site-packages/airflow/example_dags/tutorial_taskflow_api_virtualenv.py
[2024-10-20T21:55:40.176+0700] {processor.py:925} INFO - DAG(s) 'tutorial_taskflow_api_virtualenv' retrieved from /Users/punny/Documents/GitHub/NYC-Taxi-ETL-Pipeline/.venv/lib/python3.10/site-packages/airflow/example_dags/tutorial_taskflow_api_virtualenv.py
[2024-10-20T21:55:40.541+0700] {logging_mixin.py:190} INFO - [2024-10-20T21:55:40.541+0700] {dag.py:3239} INFO - Sync 1 DAGs
[2024-10-20T21:55:40.556+0700] {logging_mixin.py:190} INFO - [2024-10-20T21:55:40.555+0700] {dag.py:4180} INFO - Setting next_dagrun for tutorial_taskflow_api_virtualenv to None, run_after=None
[2024-10-20T21:55:40.708+0700] {processor.py:208} INFO - Processing /Users/punny/Documents/GitHub/NYC-Taxi-ETL-Pipeline/.venv/lib/python3.10/site-packages/airflow/example_dags/tutorial_taskflow_api_virtualenv.py took 0.600 seconds
[2024-10-20T21:59:41.107+0700] {processor.py:186} INFO - Started process (PID=31699) to work on /Users/punny/Documents/GitHub/NYC-Taxi-ETL-Pipeline/.venv/lib/python3.10/site-packages/airflow/example_dags/tutorial_taskflow_api_virtualenv.py
[2024-10-20T21:59:41.110+0700] {processor.py:914} INFO - Processing file /Users/punny/Documents/GitHub/NYC-Taxi-ETL-Pipeline/.venv/lib/python3.10/site-packages/airflow/example_dags/tutorial_taskflow_api_virtualenv.py for tasks to queue
[2024-10-20T21:59:41.111+0700] {logging_mixin.py:190} INFO - [2024-10-20T21:59:41.110+0700] {dagbag.py:588} INFO - Filling up the DagBag from /Users/punny/Documents/GitHub/NYC-Taxi-ETL-Pipeline/.venv/lib/python3.10/site-packages/airflow/example_dags/tutorial_taskflow_api_virtualenv.py
[2024-10-20T21:59:41.175+0700] {processor.py:925} INFO - DAG(s) 'tutorial_taskflow_api_virtualenv' retrieved from /Users/punny/Documents/GitHub/NYC-Taxi-ETL-Pipeline/.venv/lib/python3.10/site-packages/airflow/example_dags/tutorial_taskflow_api_virtualenv.py
[2024-10-20T21:59:41.548+0700] {logging_mixin.py:190} INFO - [2024-10-20T21:59:41.547+0700] {dag.py:3239} INFO - Sync 1 DAGs
[2024-10-20T21:59:41.561+0700] {logging_mixin.py:190} INFO - [2024-10-20T21:59:41.561+0700] {dag.py:4180} INFO - Setting next_dagrun for tutorial_taskflow_api_virtualenv to None, run_after=None
[2024-10-20T21:59:41.585+0700] {processor.py:208} INFO - Processing /Users/punny/Documents/GitHub/NYC-Taxi-ETL-Pipeline/.venv/lib/python3.10/site-packages/airflow/example_dags/tutorial_taskflow_api_virtualenv.py took 0.488 seconds
[2024-10-21T00:16:42.207+0700] {processor.py:186} INFO - Started process (PID=32439) to work on /Users/punny/Documents/GitHub/NYC-Taxi-ETL-Pipeline/.venv/lib/python3.10/site-packages/airflow/example_dags/tutorial_taskflow_api_virtualenv.py
[2024-10-21T00:16:42.210+0700] {processor.py:914} INFO - Processing file /Users/punny/Documents/GitHub/NYC-Taxi-ETL-Pipeline/.venv/lib/python3.10/site-packages/airflow/example_dags/tutorial_taskflow_api_virtualenv.py for tasks to queue
[2024-10-21T00:16:42.212+0700] {logging_mixin.py:190} INFO - [2024-10-21T00:16:42.211+0700] {dagbag.py:588} INFO - Filling up the DagBag from /Users/punny/Documents/GitHub/NYC-Taxi-ETL-Pipeline/.venv/lib/python3.10/site-packages/airflow/example_dags/tutorial_taskflow_api_virtualenv.py
[2024-10-21T00:16:42.292+0700] {processor.py:925} INFO - DAG(s) 'tutorial_taskflow_api_virtualenv' retrieved from /Users/punny/Documents/GitHub/NYC-Taxi-ETL-Pipeline/.venv/lib/python3.10/site-packages/airflow/example_dags/tutorial_taskflow_api_virtualenv.py
[2024-10-21T00:16:42.663+0700] {logging_mixin.py:190} INFO - [2024-10-21T00:16:42.662+0700] {dag.py:3239} INFO - Sync 1 DAGs
[2024-10-21T00:16:42.677+0700] {logging_mixin.py:190} INFO - [2024-10-21T00:16:42.677+0700] {dag.py:4180} INFO - Setting next_dagrun for tutorial_taskflow_api_virtualenv to None, run_after=None
[2024-10-21T00:16:42.702+0700] {processor.py:208} INFO - Processing /Users/punny/Documents/GitHub/NYC-Taxi-ETL-Pipeline/.venv/lib/python3.10/site-packages/airflow/example_dags/tutorial_taskflow_api_virtualenv.py took 0.503 seconds
[2024-10-21T02:33:59.943+0700] {processor.py:186} INFO - Started process (PID=33106) to work on /Users/punny/Documents/GitHub/NYC-Taxi-ETL-Pipeline/.venv/lib/python3.10/site-packages/airflow/example_dags/tutorial_taskflow_api_virtualenv.py
[2024-10-21T02:33:59.948+0700] {processor.py:914} INFO - Processing file /Users/punny/Documents/GitHub/NYC-Taxi-ETL-Pipeline/.venv/lib/python3.10/site-packages/airflow/example_dags/tutorial_taskflow_api_virtualenv.py for tasks to queue
[2024-10-21T02:33:59.949+0700] {logging_mixin.py:190} INFO - [2024-10-21T02:33:59.949+0700] {dagbag.py:588} INFO - Filling up the DagBag from /Users/punny/Documents/GitHub/NYC-Taxi-ETL-Pipeline/.venv/lib/python3.10/site-packages/airflow/example_dags/tutorial_taskflow_api_virtualenv.py
[2024-10-21T02:34:00.042+0700] {processor.py:925} INFO - DAG(s) 'tutorial_taskflow_api_virtualenv' retrieved from /Users/punny/Documents/GitHub/NYC-Taxi-ETL-Pipeline/.venv/lib/python3.10/site-packages/airflow/example_dags/tutorial_taskflow_api_virtualenv.py
[2024-10-21T02:34:00.436+0700] {logging_mixin.py:190} INFO - [2024-10-21T02:34:00.435+0700] {dag.py:3239} INFO - Sync 1 DAGs
[2024-10-21T02:34:00.450+0700] {logging_mixin.py:190} INFO - [2024-10-21T02:34:00.450+0700] {dag.py:4180} INFO - Setting next_dagrun for tutorial_taskflow_api_virtualenv to None, run_after=None
[2024-10-21T02:34:00.474+0700] {processor.py:208} INFO - Processing /Users/punny/Documents/GitHub/NYC-Taxi-ETL-Pipeline/.venv/lib/python3.10/site-packages/airflow/example_dags/tutorial_taskflow_api_virtualenv.py took 0.540 seconds
[2024-10-21T04:21:03.917+0700] {processor.py:186} INFO - Started process (PID=33703) to work on /Users/punny/Documents/GitHub/NYC-Taxi-ETL-Pipeline/.venv/lib/python3.10/site-packages/airflow/example_dags/tutorial_taskflow_api_virtualenv.py
[2024-10-21T04:21:03.920+0700] {processor.py:914} INFO - Processing file /Users/punny/Documents/GitHub/NYC-Taxi-ETL-Pipeline/.venv/lib/python3.10/site-packages/airflow/example_dags/tutorial_taskflow_api_virtualenv.py for tasks to queue
[2024-10-21T04:21:03.921+0700] {logging_mixin.py:190} INFO - [2024-10-21T04:21:03.921+0700] {dagbag.py:588} INFO - Filling up the DagBag from /Users/punny/Documents/GitHub/NYC-Taxi-ETL-Pipeline/.venv/lib/python3.10/site-packages/airflow/example_dags/tutorial_taskflow_api_virtualenv.py
[2024-10-21T04:21:03.992+0700] {processor.py:925} INFO - DAG(s) 'tutorial_taskflow_api_virtualenv' retrieved from /Users/punny/Documents/GitHub/NYC-Taxi-ETL-Pipeline/.venv/lib/python3.10/site-packages/airflow/example_dags/tutorial_taskflow_api_virtualenv.py
[2024-10-21T04:21:04.362+0700] {logging_mixin.py:190} INFO - [2024-10-21T04:21:04.361+0700] {dag.py:3239} INFO - Sync 1 DAGs
[2024-10-21T04:21:04.376+0700] {logging_mixin.py:190} INFO - [2024-10-21T04:21:04.376+0700] {dag.py:4180} INFO - Setting next_dagrun for tutorial_taskflow_api_virtualenv to None, run_after=None
[2024-10-21T04:21:04.399+0700] {processor.py:208} INFO - Processing /Users/punny/Documents/GitHub/NYC-Taxi-ETL-Pipeline/.venv/lib/python3.10/site-packages/airflow/example_dags/tutorial_taskflow_api_virtualenv.py took 0.490 seconds
