[2024-10-21T13:25:45.127+0700] {processor.py:186} INFO - Started process (PID=34692) to work on /Users/punny/Documents/GitHub/NYC-Taxi-ETL-Pipeline/.venv/lib/python3.10/site-packages/airflow/example_dags/example_bash_decorator.py
[2024-10-21T13:25:45.131+0700] {processor.py:914} INFO - Processing file /Users/punny/Documents/GitHub/NYC-Taxi-ETL-Pipeline/.venv/lib/python3.10/site-packages/airflow/example_dags/example_bash_decorator.py for tasks to queue
[2024-10-21T13:25:45.133+0700] {logging_mixin.py:190} INFO - [2024-10-21T13:25:45.132+0700] {dagbag.py:588} INFO - Filling up the DagBag from /Users/punny/Documents/GitHub/NYC-Taxi-ETL-Pipeline/.venv/lib/python3.10/site-packages/airflow/example_dags/example_bash_decorator.py
[2024-10-21T13:25:45.233+0700] {processor.py:925} INFO - DAG(s) 'example_bash_decorator' retrieved from /Users/punny/Documents/GitHub/NYC-Taxi-ETL-Pipeline/.venv/lib/python3.10/site-packages/airflow/example_dags/example_bash_decorator.py
[2024-10-21T13:25:45.884+0700] {logging_mixin.py:190} INFO - [2024-10-21T13:25:45.883+0700] {dag.py:3239} INFO - Sync 1 DAGs
[2024-10-21T13:25:45.906+0700] {logging_mixin.py:190} INFO - [2024-10-21T13:25:45.905+0700] {dag.py:4180} INFO - Setting next_dagrun for example_bash_decorator to None, run_after=None
[2024-10-21T13:25:45.953+0700] {processor.py:208} INFO - Processing /Users/punny/Documents/GitHub/NYC-Taxi-ETL-Pipeline/.venv/lib/python3.10/site-packages/airflow/example_dags/example_bash_decorator.py took 0.841 seconds
[2024-10-21T14:50:20.533+0700] {processor.py:186} INFO - Started process (PID=36254) to work on /Users/punny/Documents/GitHub/NYC-Taxi-ETL-Pipeline/.venv/lib/python3.10/site-packages/airflow/example_dags/example_bash_decorator.py
[2024-10-21T14:50:20.537+0700] {processor.py:914} INFO - Processing file /Users/punny/Documents/GitHub/NYC-Taxi-ETL-Pipeline/.venv/lib/python3.10/site-packages/airflow/example_dags/example_bash_decorator.py for tasks to queue
[2024-10-21T14:50:20.538+0700] {logging_mixin.py:190} INFO - [2024-10-21T14:50:20.538+0700] {dagbag.py:588} INFO - Filling up the DagBag from /Users/punny/Documents/GitHub/NYC-Taxi-ETL-Pipeline/.venv/lib/python3.10/site-packages/airflow/example_dags/example_bash_decorator.py
[2024-10-21T14:50:20.595+0700] {processor.py:925} INFO - DAG(s) 'example_bash_decorator' retrieved from /Users/punny/Documents/GitHub/NYC-Taxi-ETL-Pipeline/.venv/lib/python3.10/site-packages/airflow/example_dags/example_bash_decorator.py
[2024-10-21T14:50:20.940+0700] {logging_mixin.py:190} INFO - [2024-10-21T14:50:20.939+0700] {dag.py:3239} INFO - Sync 1 DAGs
[2024-10-21T14:50:20.953+0700] {logging_mixin.py:190} INFO - [2024-10-21T14:50:20.952+0700] {dag.py:4180} INFO - Setting next_dagrun for example_bash_decorator to None, run_after=None
[2024-10-21T14:50:20.977+0700] {processor.py:208} INFO - Processing /Users/punny/Documents/GitHub/NYC-Taxi-ETL-Pipeline/.venv/lib/python3.10/site-packages/airflow/example_dags/example_bash_decorator.py took 0.453 seconds
[2024-10-21T14:58:02.542+0700] {processor.py:186} INFO - Started process (PID=37407) to work on /Users/punny/Documents/GitHub/NYC-Taxi-ETL-Pipeline/.venv/lib/python3.10/site-packages/airflow/example_dags/example_bash_decorator.py
[2024-10-21T14:58:02.557+0700] {processor.py:914} INFO - Processing file /Users/punny/Documents/GitHub/NYC-Taxi-ETL-Pipeline/.venv/lib/python3.10/site-packages/airflow/example_dags/example_bash_decorator.py for tasks to queue
[2024-10-21T14:58:02.560+0700] {logging_mixin.py:190} INFO - [2024-10-21T14:58:02.559+0700] {dagbag.py:588} INFO - Filling up the DagBag from /Users/punny/Documents/GitHub/NYC-Taxi-ETL-Pipeline/.venv/lib/python3.10/site-packages/airflow/example_dags/example_bash_decorator.py
[2024-10-21T14:58:02.788+0700] {processor.py:925} INFO - DAG(s) 'example_bash_decorator' retrieved from /Users/punny/Documents/GitHub/NYC-Taxi-ETL-Pipeline/.venv/lib/python3.10/site-packages/airflow/example_dags/example_bash_decorator.py
[2024-10-21T14:58:03.528+0700] {logging_mixin.py:190} INFO - [2024-10-21T14:58:03.527+0700] {dag.py:3239} INFO - Sync 1 DAGs
[2024-10-21T14:58:03.593+0700] {logging_mixin.py:190} INFO - [2024-10-21T14:58:03.592+0700] {dag.py:4180} INFO - Setting next_dagrun for example_bash_decorator to None, run_after=None
[2024-10-21T14:58:03.678+0700] {processor.py:208} INFO - Processing /Users/punny/Documents/GitHub/NYC-Taxi-ETL-Pipeline/.venv/lib/python3.10/site-packages/airflow/example_dags/example_bash_decorator.py took 1.174 seconds
[2024-10-21T15:08:29.501+0700] {processor.py:186} INFO - Started process (PID=38792) to work on /Users/punny/Documents/GitHub/NYC-Taxi-ETL-Pipeline/.venv/lib/python3.10/site-packages/airflow/example_dags/example_bash_decorator.py
[2024-10-21T15:08:29.512+0700] {processor.py:914} INFO - Processing file /Users/punny/Documents/GitHub/NYC-Taxi-ETL-Pipeline/.venv/lib/python3.10/site-packages/airflow/example_dags/example_bash_decorator.py for tasks to queue
[2024-10-21T15:08:29.514+0700] {logging_mixin.py:190} INFO - [2024-10-21T15:08:29.514+0700] {dagbag.py:588} INFO - Filling up the DagBag from /Users/punny/Documents/GitHub/NYC-Taxi-ETL-Pipeline/.venv/lib/python3.10/site-packages/airflow/example_dags/example_bash_decorator.py
[2024-10-21T15:08:29.603+0700] {processor.py:925} INFO - DAG(s) 'example_bash_decorator' retrieved from /Users/punny/Documents/GitHub/NYC-Taxi-ETL-Pipeline/.venv/lib/python3.10/site-packages/airflow/example_dags/example_bash_decorator.py
[2024-10-21T15:08:30.099+0700] {logging_mixin.py:190} INFO - [2024-10-21T15:08:30.099+0700] {dag.py:3239} INFO - Sync 1 DAGs
[2024-10-21T15:08:30.119+0700] {logging_mixin.py:190} INFO - [2024-10-21T15:08:30.119+0700] {dag.py:4180} INFO - Setting next_dagrun for example_bash_decorator to None, run_after=None
[2024-10-21T15:08:30.156+0700] {processor.py:208} INFO - Processing /Users/punny/Documents/GitHub/NYC-Taxi-ETL-Pipeline/.venv/lib/python3.10/site-packages/airflow/example_dags/example_bash_decorator.py took 0.684 seconds
[2024-10-21T15:17:21.265+0700] {processor.py:186} INFO - Started process (PID=39923) to work on /Users/punny/Documents/GitHub/NYC-Taxi-ETL-Pipeline/.venv/lib/python3.10/site-packages/airflow/example_dags/example_bash_decorator.py
[2024-10-21T15:17:21.271+0700] {processor.py:914} INFO - Processing file /Users/punny/Documents/GitHub/NYC-Taxi-ETL-Pipeline/.venv/lib/python3.10/site-packages/airflow/example_dags/example_bash_decorator.py for tasks to queue
[2024-10-21T15:17:21.274+0700] {logging_mixin.py:190} INFO - [2024-10-21T15:17:21.273+0700] {dagbag.py:588} INFO - Filling up the DagBag from /Users/punny/Documents/GitHub/NYC-Taxi-ETL-Pipeline/.venv/lib/python3.10/site-packages/airflow/example_dags/example_bash_decorator.py
[2024-10-21T15:17:21.372+0700] {processor.py:925} INFO - DAG(s) 'example_bash_decorator' retrieved from /Users/punny/Documents/GitHub/NYC-Taxi-ETL-Pipeline/.venv/lib/python3.10/site-packages/airflow/example_dags/example_bash_decorator.py
[2024-10-21T15:17:21.906+0700] {logging_mixin.py:190} INFO - [2024-10-21T15:17:21.905+0700] {dag.py:3239} INFO - Sync 1 DAGs
[2024-10-21T15:17:21.931+0700] {logging_mixin.py:190} INFO - [2024-10-21T15:17:21.929+0700] {dag.py:4180} INFO - Setting next_dagrun for example_bash_decorator to None, run_after=None
[2024-10-21T15:17:21.977+0700] {processor.py:208} INFO - Processing /Users/punny/Documents/GitHub/NYC-Taxi-ETL-Pipeline/.venv/lib/python3.10/site-packages/airflow/example_dags/example_bash_decorator.py took 0.723 seconds
[2024-10-21T15:25:32.957+0700] {processor.py:186} INFO - Started process (PID=40971) to work on /Users/punny/Documents/GitHub/NYC-Taxi-ETL-Pipeline/.venv/lib/python3.10/site-packages/airflow/example_dags/example_bash_decorator.py
[2024-10-21T15:25:32.960+0700] {processor.py:914} INFO - Processing file /Users/punny/Documents/GitHub/NYC-Taxi-ETL-Pipeline/.venv/lib/python3.10/site-packages/airflow/example_dags/example_bash_decorator.py for tasks to queue
[2024-10-21T15:25:32.962+0700] {logging_mixin.py:190} INFO - [2024-10-21T15:25:32.961+0700] {dagbag.py:588} INFO - Filling up the DagBag from /Users/punny/Documents/GitHub/NYC-Taxi-ETL-Pipeline/.venv/lib/python3.10/site-packages/airflow/example_dags/example_bash_decorator.py
[2024-10-21T15:25:33.037+0700] {processor.py:925} INFO - DAG(s) 'example_bash_decorator' retrieved from /Users/punny/Documents/GitHub/NYC-Taxi-ETL-Pipeline/.venv/lib/python3.10/site-packages/airflow/example_dags/example_bash_decorator.py
[2024-10-21T15:25:33.505+0700] {logging_mixin.py:190} INFO - [2024-10-21T15:25:33.505+0700] {dag.py:3239} INFO - Sync 1 DAGs
[2024-10-21T15:25:33.524+0700] {logging_mixin.py:190} INFO - [2024-10-21T15:25:33.523+0700] {dag.py:4180} INFO - Setting next_dagrun for example_bash_decorator to None, run_after=None
[2024-10-21T15:25:33.553+0700] {processor.py:208} INFO - Processing /Users/punny/Documents/GitHub/NYC-Taxi-ETL-Pipeline/.venv/lib/python3.10/site-packages/airflow/example_dags/example_bash_decorator.py took 0.611 seconds
[2024-10-21T15:33:40.003+0700] {processor.py:186} INFO - Started process (PID=42002) to work on /Users/punny/Documents/GitHub/NYC-Taxi-ETL-Pipeline/.venv/lib/python3.10/site-packages/airflow/example_dags/example_bash_decorator.py
[2024-10-21T15:33:40.010+0700] {processor.py:914} INFO - Processing file /Users/punny/Documents/GitHub/NYC-Taxi-ETL-Pipeline/.venv/lib/python3.10/site-packages/airflow/example_dags/example_bash_decorator.py for tasks to queue
[2024-10-21T15:33:40.011+0700] {logging_mixin.py:190} INFO - [2024-10-21T15:33:40.011+0700] {dagbag.py:588} INFO - Filling up the DagBag from /Users/punny/Documents/GitHub/NYC-Taxi-ETL-Pipeline/.venv/lib/python3.10/site-packages/airflow/example_dags/example_bash_decorator.py
[2024-10-21T15:33:40.117+0700] {processor.py:925} INFO - DAG(s) 'example_bash_decorator' retrieved from /Users/punny/Documents/GitHub/NYC-Taxi-ETL-Pipeline/.venv/lib/python3.10/site-packages/airflow/example_dags/example_bash_decorator.py
[2024-10-21T15:33:40.615+0700] {logging_mixin.py:190} INFO - [2024-10-21T15:33:40.614+0700] {dag.py:3239} INFO - Sync 1 DAGs
[2024-10-21T15:33:40.636+0700] {logging_mixin.py:190} INFO - [2024-10-21T15:33:40.635+0700] {dag.py:4180} INFO - Setting next_dagrun for example_bash_decorator to None, run_after=None
[2024-10-21T15:33:40.671+0700] {processor.py:208} INFO - Processing /Users/punny/Documents/GitHub/NYC-Taxi-ETL-Pipeline/.venv/lib/python3.10/site-packages/airflow/example_dags/example_bash_decorator.py took 0.676 seconds
[2024-10-21T15:41:31.978+0700] {processor.py:186} INFO - Started process (PID=43080) to work on /Users/punny/Documents/GitHub/NYC-Taxi-ETL-Pipeline/.venv/lib/python3.10/site-packages/airflow/example_dags/example_bash_decorator.py
[2024-10-21T15:41:31.982+0700] {processor.py:914} INFO - Processing file /Users/punny/Documents/GitHub/NYC-Taxi-ETL-Pipeline/.venv/lib/python3.10/site-packages/airflow/example_dags/example_bash_decorator.py for tasks to queue
[2024-10-21T15:41:31.983+0700] {logging_mixin.py:190} INFO - [2024-10-21T15:41:31.983+0700] {dagbag.py:588} INFO - Filling up the DagBag from /Users/punny/Documents/GitHub/NYC-Taxi-ETL-Pipeline/.venv/lib/python3.10/site-packages/airflow/example_dags/example_bash_decorator.py
[2024-10-21T15:41:32.074+0700] {processor.py:925} INFO - DAG(s) 'example_bash_decorator' retrieved from /Users/punny/Documents/GitHub/NYC-Taxi-ETL-Pipeline/.venv/lib/python3.10/site-packages/airflow/example_dags/example_bash_decorator.py
[2024-10-21T15:41:32.532+0700] {logging_mixin.py:190} INFO - [2024-10-21T15:41:32.532+0700] {dag.py:3239} INFO - Sync 1 DAGs
[2024-10-21T15:41:32.552+0700] {logging_mixin.py:190} INFO - [2024-10-21T15:41:32.552+0700] {dag.py:4180} INFO - Setting next_dagrun for example_bash_decorator to None, run_after=None
[2024-10-21T15:41:32.585+0700] {processor.py:208} INFO - Processing /Users/punny/Documents/GitHub/NYC-Taxi-ETL-Pipeline/.venv/lib/python3.10/site-packages/airflow/example_dags/example_bash_decorator.py took 0.615 seconds
[2024-10-21T15:49:19.600+0700] {processor.py:186} INFO - Started process (PID=44037) to work on /Users/punny/Documents/GitHub/NYC-Taxi-ETL-Pipeline/.venv/lib/python3.10/site-packages/airflow/example_dags/example_bash_decorator.py
[2024-10-21T15:49:19.605+0700] {processor.py:914} INFO - Processing file /Users/punny/Documents/GitHub/NYC-Taxi-ETL-Pipeline/.venv/lib/python3.10/site-packages/airflow/example_dags/example_bash_decorator.py for tasks to queue
[2024-10-21T15:49:19.608+0700] {logging_mixin.py:190} INFO - [2024-10-21T15:49:19.607+0700] {dagbag.py:588} INFO - Filling up the DagBag from /Users/punny/Documents/GitHub/NYC-Taxi-ETL-Pipeline/.venv/lib/python3.10/site-packages/airflow/example_dags/example_bash_decorator.py
[2024-10-21T15:49:19.693+0700] {processor.py:925} INFO - DAG(s) 'example_bash_decorator' retrieved from /Users/punny/Documents/GitHub/NYC-Taxi-ETL-Pipeline/.venv/lib/python3.10/site-packages/airflow/example_dags/example_bash_decorator.py
[2024-10-21T15:49:20.151+0700] {logging_mixin.py:190} INFO - [2024-10-21T15:49:20.151+0700] {dag.py:3239} INFO - Sync 1 DAGs
[2024-10-21T15:49:20.169+0700] {logging_mixin.py:190} INFO - [2024-10-21T15:49:20.169+0700] {dag.py:4180} INFO - Setting next_dagrun for example_bash_decorator to None, run_after=None
[2024-10-21T15:49:20.209+0700] {processor.py:208} INFO - Processing /Users/punny/Documents/GitHub/NYC-Taxi-ETL-Pipeline/.venv/lib/python3.10/site-packages/airflow/example_dags/example_bash_decorator.py took 0.624 seconds
[2024-10-21T15:57:21.001+0700] {processor.py:186} INFO - Started process (PID=45075) to work on /Users/punny/Documents/GitHub/NYC-Taxi-ETL-Pipeline/.venv/lib/python3.10/site-packages/airflow/example_dags/example_bash_decorator.py
[2024-10-21T15:57:21.005+0700] {processor.py:914} INFO - Processing file /Users/punny/Documents/GitHub/NYC-Taxi-ETL-Pipeline/.venv/lib/python3.10/site-packages/airflow/example_dags/example_bash_decorator.py for tasks to queue
[2024-10-21T15:57:21.007+0700] {logging_mixin.py:190} INFO - [2024-10-21T15:57:21.006+0700] {dagbag.py:588} INFO - Filling up the DagBag from /Users/punny/Documents/GitHub/NYC-Taxi-ETL-Pipeline/.venv/lib/python3.10/site-packages/airflow/example_dags/example_bash_decorator.py
[2024-10-21T15:57:21.111+0700] {processor.py:925} INFO - DAG(s) 'example_bash_decorator' retrieved from /Users/punny/Documents/GitHub/NYC-Taxi-ETL-Pipeline/.venv/lib/python3.10/site-packages/airflow/example_dags/example_bash_decorator.py
[2024-10-21T15:57:21.722+0700] {logging_mixin.py:190} INFO - [2024-10-21T15:57:21.722+0700] {dag.py:3239} INFO - Sync 1 DAGs
[2024-10-21T15:57:21.754+0700] {logging_mixin.py:190} INFO - [2024-10-21T15:57:21.754+0700] {dag.py:4180} INFO - Setting next_dagrun for example_bash_decorator to None, run_after=None
[2024-10-21T15:57:21.803+0700] {processor.py:208} INFO - Processing /Users/punny/Documents/GitHub/NYC-Taxi-ETL-Pipeline/.venv/lib/python3.10/site-packages/airflow/example_dags/example_bash_decorator.py took 0.819 seconds
[2024-10-21T20:39:46.193+0700] {processor.py:186} INFO - Started process (PID=4469) to work on /Users/punny/Documents/GitHub/NYC-Taxi-ETL-Pipeline/.venv/lib/python3.10/site-packages/airflow/example_dags/example_bash_decorator.py
[2024-10-21T20:39:46.196+0700] {processor.py:914} INFO - Processing file /Users/punny/Documents/GitHub/NYC-Taxi-ETL-Pipeline/.venv/lib/python3.10/site-packages/airflow/example_dags/example_bash_decorator.py for tasks to queue
[2024-10-21T20:39:46.197+0700] {logging_mixin.py:190} INFO - [2024-10-21T20:39:46.197+0700] {dagbag.py:588} INFO - Filling up the DagBag from /Users/punny/Documents/GitHub/NYC-Taxi-ETL-Pipeline/.venv/lib/python3.10/site-packages/airflow/example_dags/example_bash_decorator.py
[2024-10-21T20:39:46.249+0700] {processor.py:925} INFO - DAG(s) 'example_bash_decorator' retrieved from /Users/punny/Documents/GitHub/NYC-Taxi-ETL-Pipeline/.venv/lib/python3.10/site-packages/airflow/example_dags/example_bash_decorator.py
[2024-10-21T20:39:46.566+0700] {logging_mixin.py:190} INFO - [2024-10-21T20:39:46.566+0700] {dag.py:3239} INFO - Sync 1 DAGs
[2024-10-21T20:39:46.579+0700] {logging_mixin.py:190} INFO - [2024-10-21T20:39:46.578+0700] {dag.py:4180} INFO - Setting next_dagrun for example_bash_decorator to None, run_after=None
[2024-10-21T20:39:46.604+0700] {processor.py:208} INFO - Processing /Users/punny/Documents/GitHub/NYC-Taxi-ETL-Pipeline/.venv/lib/python3.10/site-packages/airflow/example_dags/example_bash_decorator.py took 0.421 seconds
[2024-10-21T20:47:03.006+0700] {processor.py:186} INFO - Started process (PID=5186) to work on /Users/punny/Documents/GitHub/NYC-Taxi-ETL-Pipeline/.venv/lib/python3.10/site-packages/airflow/example_dags/example_bash_decorator.py
[2024-10-21T20:47:03.009+0700] {processor.py:914} INFO - Processing file /Users/punny/Documents/GitHub/NYC-Taxi-ETL-Pipeline/.venv/lib/python3.10/site-packages/airflow/example_dags/example_bash_decorator.py for tasks to queue
[2024-10-21T20:47:03.010+0700] {logging_mixin.py:190} INFO - [2024-10-21T20:47:03.010+0700] {dagbag.py:588} INFO - Filling up the DagBag from /Users/punny/Documents/GitHub/NYC-Taxi-ETL-Pipeline/.venv/lib/python3.10/site-packages/airflow/example_dags/example_bash_decorator.py
[2024-10-21T20:47:03.084+0700] {processor.py:925} INFO - DAG(s) 'example_bash_decorator' retrieved from /Users/punny/Documents/GitHub/NYC-Taxi-ETL-Pipeline/.venv/lib/python3.10/site-packages/airflow/example_dags/example_bash_decorator.py
[2024-10-21T20:47:03.471+0700] {logging_mixin.py:190} INFO - [2024-10-21T20:47:03.471+0700] {dag.py:3239} INFO - Sync 1 DAGs
[2024-10-21T20:47:03.486+0700] {logging_mixin.py:190} INFO - [2024-10-21T20:47:03.486+0700] {dag.py:4180} INFO - Setting next_dagrun for example_bash_decorator to None, run_after=None
[2024-10-21T20:47:03.513+0700] {processor.py:208} INFO - Processing /Users/punny/Documents/GitHub/NYC-Taxi-ETL-Pipeline/.venv/lib/python3.10/site-packages/airflow/example_dags/example_bash_decorator.py took 0.516 seconds
[2024-10-21T20:59:12.503+0700] {processor.py:186} INFO - Started process (PID=6380) to work on /Users/punny/Documents/GitHub/NYC-Taxi-ETL-Pipeline/.venv/lib/python3.10/site-packages/airflow/example_dags/example_bash_decorator.py
[2024-10-21T20:59:12.508+0700] {processor.py:914} INFO - Processing file /Users/punny/Documents/GitHub/NYC-Taxi-ETL-Pipeline/.venv/lib/python3.10/site-packages/airflow/example_dags/example_bash_decorator.py for tasks to queue
[2024-10-21T20:59:12.509+0700] {logging_mixin.py:190} INFO - [2024-10-21T20:59:12.509+0700] {dagbag.py:588} INFO - Filling up the DagBag from /Users/punny/Documents/GitHub/NYC-Taxi-ETL-Pipeline/.venv/lib/python3.10/site-packages/airflow/example_dags/example_bash_decorator.py
[2024-10-21T20:59:12.596+0700] {processor.py:925} INFO - DAG(s) 'example_bash_decorator' retrieved from /Users/punny/Documents/GitHub/NYC-Taxi-ETL-Pipeline/.venv/lib/python3.10/site-packages/airflow/example_dags/example_bash_decorator.py
[2024-10-21T20:59:13.108+0700] {logging_mixin.py:190} INFO - [2024-10-21T20:59:13.108+0700] {dag.py:3239} INFO - Sync 1 DAGs
[2024-10-21T20:59:13.127+0700] {logging_mixin.py:190} INFO - [2024-10-21T20:59:13.126+0700] {dag.py:4180} INFO - Setting next_dagrun for example_bash_decorator to None, run_after=None
[2024-10-21T20:59:13.168+0700] {processor.py:208} INFO - Processing /Users/punny/Documents/GitHub/NYC-Taxi-ETL-Pipeline/.venv/lib/python3.10/site-packages/airflow/example_dags/example_bash_decorator.py took 0.680 seconds
[2024-10-21T21:06:34.312+0700] {processor.py:186} INFO - Started process (PID=6946) to work on /Users/punny/Documents/GitHub/NYC-Taxi-ETL-Pipeline/.venv/lib/python3.10/site-packages/airflow/example_dags/example_bash_decorator.py
[2024-10-21T21:06:34.315+0700] {processor.py:914} INFO - Processing file /Users/punny/Documents/GitHub/NYC-Taxi-ETL-Pipeline/.venv/lib/python3.10/site-packages/airflow/example_dags/example_bash_decorator.py for tasks to queue
[2024-10-21T21:06:34.317+0700] {logging_mixin.py:190} INFO - [2024-10-21T21:06:34.316+0700] {dagbag.py:588} INFO - Filling up the DagBag from /Users/punny/Documents/GitHub/NYC-Taxi-ETL-Pipeline/.venv/lib/python3.10/site-packages/airflow/example_dags/example_bash_decorator.py
[2024-10-21T21:06:34.376+0700] {processor.py:925} INFO - DAG(s) 'example_bash_decorator' retrieved from /Users/punny/Documents/GitHub/NYC-Taxi-ETL-Pipeline/.venv/lib/python3.10/site-packages/airflow/example_dags/example_bash_decorator.py
[2024-10-21T21:06:34.768+0700] {logging_mixin.py:190} INFO - [2024-10-21T21:06:34.767+0700] {dag.py:3239} INFO - Sync 1 DAGs
[2024-10-21T21:06:34.782+0700] {logging_mixin.py:190} INFO - [2024-10-21T21:06:34.782+0700] {dag.py:4180} INFO - Setting next_dagrun for example_bash_decorator to None, run_after=None
[2024-10-21T21:06:34.810+0700] {processor.py:208} INFO - Processing /Users/punny/Documents/GitHub/NYC-Taxi-ETL-Pipeline/.venv/lib/python3.10/site-packages/airflow/example_dags/example_bash_decorator.py took 0.507 seconds
[2024-10-21T21:13:01.330+0700] {processor.py:186} INFO - Started process (PID=7438) to work on /Users/punny/Documents/GitHub/NYC-Taxi-ETL-Pipeline/.venv/lib/python3.10/site-packages/airflow/example_dags/example_bash_decorator.py
[2024-10-21T21:13:01.335+0700] {processor.py:914} INFO - Processing file /Users/punny/Documents/GitHub/NYC-Taxi-ETL-Pipeline/.venv/lib/python3.10/site-packages/airflow/example_dags/example_bash_decorator.py for tasks to queue
[2024-10-21T21:13:01.337+0700] {logging_mixin.py:190} INFO - [2024-10-21T21:13:01.336+0700] {dagbag.py:588} INFO - Filling up the DagBag from /Users/punny/Documents/GitHub/NYC-Taxi-ETL-Pipeline/.venv/lib/python3.10/site-packages/airflow/example_dags/example_bash_decorator.py
[2024-10-21T21:13:01.410+0700] {processor.py:925} INFO - DAG(s) 'example_bash_decorator' retrieved from /Users/punny/Documents/GitHub/NYC-Taxi-ETL-Pipeline/.venv/lib/python3.10/site-packages/airflow/example_dags/example_bash_decorator.py
[2024-10-21T21:13:01.802+0700] {logging_mixin.py:190} INFO - [2024-10-21T21:13:01.801+0700] {dag.py:3239} INFO - Sync 1 DAGs
[2024-10-21T21:13:01.815+0700] {logging_mixin.py:190} INFO - [2024-10-21T21:13:01.815+0700] {dag.py:4180} INFO - Setting next_dagrun for example_bash_decorator to None, run_after=None
[2024-10-21T21:13:01.842+0700] {processor.py:208} INFO - Processing /Users/punny/Documents/GitHub/NYC-Taxi-ETL-Pipeline/.venv/lib/python3.10/site-packages/airflow/example_dags/example_bash_decorator.py took 0.521 seconds
[2024-10-21T21:19:31.396+0700] {processor.py:186} INFO - Started process (PID=8011) to work on /Users/punny/Documents/GitHub/NYC-Taxi-ETL-Pipeline/.venv/lib/python3.10/site-packages/airflow/example_dags/example_bash_decorator.py
[2024-10-21T21:19:31.400+0700] {processor.py:914} INFO - Processing file /Users/punny/Documents/GitHub/NYC-Taxi-ETL-Pipeline/.venv/lib/python3.10/site-packages/airflow/example_dags/example_bash_decorator.py for tasks to queue
[2024-10-21T21:19:31.401+0700] {logging_mixin.py:190} INFO - [2024-10-21T21:19:31.401+0700] {dagbag.py:588} INFO - Filling up the DagBag from /Users/punny/Documents/GitHub/NYC-Taxi-ETL-Pipeline/.venv/lib/python3.10/site-packages/airflow/example_dags/example_bash_decorator.py
[2024-10-21T21:19:31.460+0700] {processor.py:925} INFO - DAG(s) 'example_bash_decorator' retrieved from /Users/punny/Documents/GitHub/NYC-Taxi-ETL-Pipeline/.venv/lib/python3.10/site-packages/airflow/example_dags/example_bash_decorator.py
[2024-10-21T21:19:31.789+0700] {logging_mixin.py:190} INFO - [2024-10-21T21:19:31.789+0700] {dag.py:3239} INFO - Sync 1 DAGs
[2024-10-21T21:19:31.803+0700] {logging_mixin.py:190} INFO - [2024-10-21T21:19:31.802+0700] {dag.py:4180} INFO - Setting next_dagrun for example_bash_decorator to None, run_after=None
[2024-10-21T21:19:31.828+0700] {processor.py:208} INFO - Processing /Users/punny/Documents/GitHub/NYC-Taxi-ETL-Pipeline/.venv/lib/python3.10/site-packages/airflow/example_dags/example_bash_decorator.py took 0.441 seconds
[2024-10-21T21:25:19.788+0700] {processor.py:186} INFO - Started process (PID=8495) to work on /Users/punny/Documents/GitHub/NYC-Taxi-ETL-Pipeline/.venv/lib/python3.10/site-packages/airflow/example_dags/example_bash_decorator.py
[2024-10-21T21:25:19.791+0700] {processor.py:914} INFO - Processing file /Users/punny/Documents/GitHub/NYC-Taxi-ETL-Pipeline/.venv/lib/python3.10/site-packages/airflow/example_dags/example_bash_decorator.py for tasks to queue
[2024-10-21T21:25:19.792+0700] {logging_mixin.py:190} INFO - [2024-10-21T21:25:19.792+0700] {dagbag.py:588} INFO - Filling up the DagBag from /Users/punny/Documents/GitHub/NYC-Taxi-ETL-Pipeline/.venv/lib/python3.10/site-packages/airflow/example_dags/example_bash_decorator.py
[2024-10-21T21:25:19.859+0700] {processor.py:925} INFO - DAG(s) 'example_bash_decorator' retrieved from /Users/punny/Documents/GitHub/NYC-Taxi-ETL-Pipeline/.venv/lib/python3.10/site-packages/airflow/example_dags/example_bash_decorator.py
[2024-10-21T21:25:20.207+0700] {logging_mixin.py:190} INFO - [2024-10-21T21:25:20.207+0700] {dag.py:3239} INFO - Sync 1 DAGs
[2024-10-21T21:25:20.220+0700] {logging_mixin.py:190} INFO - [2024-10-21T21:25:20.220+0700] {dag.py:4180} INFO - Setting next_dagrun for example_bash_decorator to None, run_after=None
[2024-10-21T21:25:20.244+0700] {processor.py:208} INFO - Processing /Users/punny/Documents/GitHub/NYC-Taxi-ETL-Pipeline/.venv/lib/python3.10/site-packages/airflow/example_dags/example_bash_decorator.py took 0.464 seconds
[2024-10-21T21:31:46.284+0700] {processor.py:186} INFO - Started process (PID=9061) to work on /Users/punny/Documents/GitHub/NYC-Taxi-ETL-Pipeline/.venv/lib/python3.10/site-packages/airflow/example_dags/example_bash_decorator.py
[2024-10-21T21:31:46.287+0700] {processor.py:914} INFO - Processing file /Users/punny/Documents/GitHub/NYC-Taxi-ETL-Pipeline/.venv/lib/python3.10/site-packages/airflow/example_dags/example_bash_decorator.py for tasks to queue
[2024-10-21T21:31:46.288+0700] {logging_mixin.py:190} INFO - [2024-10-21T21:31:46.288+0700] {dagbag.py:588} INFO - Filling up the DagBag from /Users/punny/Documents/GitHub/NYC-Taxi-ETL-Pipeline/.venv/lib/python3.10/site-packages/airflow/example_dags/example_bash_decorator.py
[2024-10-21T21:31:46.339+0700] {processor.py:925} INFO - DAG(s) 'example_bash_decorator' retrieved from /Users/punny/Documents/GitHub/NYC-Taxi-ETL-Pipeline/.venv/lib/python3.10/site-packages/airflow/example_dags/example_bash_decorator.py
[2024-10-21T21:31:46.630+0700] {logging_mixin.py:190} INFO - [2024-10-21T21:31:46.629+0700] {dag.py:3239} INFO - Sync 1 DAGs
[2024-10-21T21:31:46.642+0700] {logging_mixin.py:190} INFO - [2024-10-21T21:31:46.642+0700] {dag.py:4180} INFO - Setting next_dagrun for example_bash_decorator to None, run_after=None
[2024-10-21T21:31:46.666+0700] {processor.py:208} INFO - Processing /Users/punny/Documents/GitHub/NYC-Taxi-ETL-Pipeline/.venv/lib/python3.10/site-packages/airflow/example_dags/example_bash_decorator.py took 0.389 seconds
[2024-10-21T21:37:38.043+0700] {processor.py:186} INFO - Started process (PID=9516) to work on /Users/punny/Documents/GitHub/NYC-Taxi-ETL-Pipeline/.venv/lib/python3.10/site-packages/airflow/example_dags/example_bash_decorator.py
[2024-10-21T21:37:38.046+0700] {processor.py:914} INFO - Processing file /Users/punny/Documents/GitHub/NYC-Taxi-ETL-Pipeline/.venv/lib/python3.10/site-packages/airflow/example_dags/example_bash_decorator.py for tasks to queue
[2024-10-21T21:37:38.048+0700] {logging_mixin.py:190} INFO - [2024-10-21T21:37:38.047+0700] {dagbag.py:588} INFO - Filling up the DagBag from /Users/punny/Documents/GitHub/NYC-Taxi-ETL-Pipeline/.venv/lib/python3.10/site-packages/airflow/example_dags/example_bash_decorator.py
[2024-10-21T21:37:38.112+0700] {processor.py:925} INFO - DAG(s) 'example_bash_decorator' retrieved from /Users/punny/Documents/GitHub/NYC-Taxi-ETL-Pipeline/.venv/lib/python3.10/site-packages/airflow/example_dags/example_bash_decorator.py
[2024-10-21T21:37:38.471+0700] {logging_mixin.py:190} INFO - [2024-10-21T21:37:38.470+0700] {dag.py:3239} INFO - Sync 1 DAGs
[2024-10-21T21:37:38.484+0700] {logging_mixin.py:190} INFO - [2024-10-21T21:37:38.484+0700] {dag.py:4180} INFO - Setting next_dagrun for example_bash_decorator to None, run_after=None
[2024-10-21T21:37:38.508+0700] {processor.py:208} INFO - Processing /Users/punny/Documents/GitHub/NYC-Taxi-ETL-Pipeline/.venv/lib/python3.10/site-packages/airflow/example_dags/example_bash_decorator.py took 0.472 seconds
[2024-10-21T21:45:28.886+0700] {processor.py:186} INFO - Started process (PID=10303) to work on /Users/punny/Documents/GitHub/NYC-Taxi-ETL-Pipeline/.venv/lib/python3.10/site-packages/airflow/example_dags/example_bash_decorator.py
[2024-10-21T21:45:28.893+0700] {processor.py:914} INFO - Processing file /Users/punny/Documents/GitHub/NYC-Taxi-ETL-Pipeline/.venv/lib/python3.10/site-packages/airflow/example_dags/example_bash_decorator.py for tasks to queue
[2024-10-21T21:45:28.895+0700] {logging_mixin.py:190} INFO - [2024-10-21T21:45:28.895+0700] {dagbag.py:588} INFO - Filling up the DagBag from /Users/punny/Documents/GitHub/NYC-Taxi-ETL-Pipeline/.venv/lib/python3.10/site-packages/airflow/example_dags/example_bash_decorator.py
[2024-10-21T21:45:29.029+0700] {processor.py:925} INFO - DAG(s) 'example_bash_decorator' retrieved from /Users/punny/Documents/GitHub/NYC-Taxi-ETL-Pipeline/.venv/lib/python3.10/site-packages/airflow/example_dags/example_bash_decorator.py
[2024-10-21T21:45:29.469+0700] {logging_mixin.py:190} INFO - [2024-10-21T21:45:29.469+0700] {dag.py:3239} INFO - Sync 1 DAGs
[2024-10-21T21:45:29.484+0700] {logging_mixin.py:190} INFO - [2024-10-21T21:45:29.483+0700] {dag.py:4180} INFO - Setting next_dagrun for example_bash_decorator to None, run_after=None
[2024-10-21T21:45:29.509+0700] {processor.py:208} INFO - Processing /Users/punny/Documents/GitHub/NYC-Taxi-ETL-Pipeline/.venv/lib/python3.10/site-packages/airflow/example_dags/example_bash_decorator.py took 0.641 seconds
[2024-10-21T21:53:23.127+0700] {processor.py:186} INFO - Started process (PID=10913) to work on /Users/punny/Documents/GitHub/NYC-Taxi-ETL-Pipeline/.venv/lib/python3.10/site-packages/airflow/example_dags/example_bash_decorator.py
[2024-10-21T21:53:23.130+0700] {processor.py:914} INFO - Processing file /Users/punny/Documents/GitHub/NYC-Taxi-ETL-Pipeline/.venv/lib/python3.10/site-packages/airflow/example_dags/example_bash_decorator.py for tasks to queue
[2024-10-21T21:53:23.131+0700] {logging_mixin.py:190} INFO - [2024-10-21T21:53:23.131+0700] {dagbag.py:588} INFO - Filling up the DagBag from /Users/punny/Documents/GitHub/NYC-Taxi-ETL-Pipeline/.venv/lib/python3.10/site-packages/airflow/example_dags/example_bash_decorator.py
[2024-10-21T21:53:23.187+0700] {processor.py:925} INFO - DAG(s) 'example_bash_decorator' retrieved from /Users/punny/Documents/GitHub/NYC-Taxi-ETL-Pipeline/.venv/lib/python3.10/site-packages/airflow/example_dags/example_bash_decorator.py
[2024-10-21T21:53:23.483+0700] {logging_mixin.py:190} INFO - [2024-10-21T21:53:23.483+0700] {dag.py:3239} INFO - Sync 1 DAGs
[2024-10-21T21:53:23.495+0700] {logging_mixin.py:190} INFO - [2024-10-21T21:53:23.495+0700] {dag.py:4180} INFO - Setting next_dagrun for example_bash_decorator to None, run_after=None
[2024-10-21T21:53:23.519+0700] {processor.py:208} INFO - Processing /Users/punny/Documents/GitHub/NYC-Taxi-ETL-Pipeline/.venv/lib/python3.10/site-packages/airflow/example_dags/example_bash_decorator.py took 0.400 seconds
[2024-10-21T22:15:20.208+0700] {processor.py:186} INFO - Started process (PID=11961) to work on /Users/punny/Documents/GitHub/NYC-Taxi-ETL-Pipeline/.venv/lib/python3.10/site-packages/airflow/example_dags/example_bash_decorator.py
[2024-10-21T22:15:20.210+0700] {processor.py:914} INFO - Processing file /Users/punny/Documents/GitHub/NYC-Taxi-ETL-Pipeline/.venv/lib/python3.10/site-packages/airflow/example_dags/example_bash_decorator.py for tasks to queue
[2024-10-21T22:15:20.211+0700] {logging_mixin.py:190} INFO - [2024-10-21T22:15:20.211+0700] {dagbag.py:588} INFO - Filling up the DagBag from /Users/punny/Documents/GitHub/NYC-Taxi-ETL-Pipeline/.venv/lib/python3.10/site-packages/airflow/example_dags/example_bash_decorator.py
[2024-10-21T22:15:20.268+0700] {processor.py:925} INFO - DAG(s) 'example_bash_decorator' retrieved from /Users/punny/Documents/GitHub/NYC-Taxi-ETL-Pipeline/.venv/lib/python3.10/site-packages/airflow/example_dags/example_bash_decorator.py
[2024-10-21T22:15:20.560+0700] {logging_mixin.py:190} INFO - [2024-10-21T22:15:20.560+0700] {dag.py:3239} INFO - Sync 1 DAGs
[2024-10-21T22:15:20.572+0700] {logging_mixin.py:190} INFO - [2024-10-21T22:15:20.572+0700] {dag.py:4180} INFO - Setting next_dagrun for example_bash_decorator to None, run_after=None
[2024-10-21T22:15:20.595+0700] {processor.py:208} INFO - Processing /Users/punny/Documents/GitHub/NYC-Taxi-ETL-Pipeline/.venv/lib/python3.10/site-packages/airflow/example_dags/example_bash_decorator.py took 0.396 seconds
[2024-10-21T22:22:35.037+0700] {processor.py:186} INFO - Started process (PID=12854) to work on /Users/punny/Documents/GitHub/NYC-Taxi-ETL-Pipeline/.venv/lib/python3.10/site-packages/airflow/example_dags/example_bash_decorator.py
[2024-10-21T22:22:35.041+0700] {processor.py:914} INFO - Processing file /Users/punny/Documents/GitHub/NYC-Taxi-ETL-Pipeline/.venv/lib/python3.10/site-packages/airflow/example_dags/example_bash_decorator.py for tasks to queue
[2024-10-21T22:22:35.042+0700] {logging_mixin.py:190} INFO - [2024-10-21T22:22:35.042+0700] {dagbag.py:588} INFO - Filling up the DagBag from /Users/punny/Documents/GitHub/NYC-Taxi-ETL-Pipeline/.venv/lib/python3.10/site-packages/airflow/example_dags/example_bash_decorator.py
[2024-10-21T22:22:35.096+0700] {processor.py:925} INFO - DAG(s) 'example_bash_decorator' retrieved from /Users/punny/Documents/GitHub/NYC-Taxi-ETL-Pipeline/.venv/lib/python3.10/site-packages/airflow/example_dags/example_bash_decorator.py
[2024-10-21T22:22:35.465+0700] {logging_mixin.py:190} INFO - [2024-10-21T22:22:35.465+0700] {dag.py:3239} INFO - Sync 1 DAGs
[2024-10-21T22:22:35.479+0700] {logging_mixin.py:190} INFO - [2024-10-21T22:22:35.479+0700] {dag.py:4180} INFO - Setting next_dagrun for example_bash_decorator to None, run_after=None
[2024-10-21T22:22:35.504+0700] {processor.py:208} INFO - Processing /Users/punny/Documents/GitHub/NYC-Taxi-ETL-Pipeline/.venv/lib/python3.10/site-packages/airflow/example_dags/example_bash_decorator.py took 0.475 seconds
[2024-10-21T22:30:15.037+0700] {processor.py:186} INFO - Started process (PID=13647) to work on /Users/punny/Documents/GitHub/NYC-Taxi-ETL-Pipeline/.venv/lib/python3.10/site-packages/airflow/example_dags/example_bash_decorator.py
[2024-10-21T22:30:15.040+0700] {processor.py:914} INFO - Processing file /Users/punny/Documents/GitHub/NYC-Taxi-ETL-Pipeline/.venv/lib/python3.10/site-packages/airflow/example_dags/example_bash_decorator.py for tasks to queue
[2024-10-21T22:30:15.041+0700] {logging_mixin.py:190} INFO - [2024-10-21T22:30:15.040+0700] {dagbag.py:588} INFO - Filling up the DagBag from /Users/punny/Documents/GitHub/NYC-Taxi-ETL-Pipeline/.venv/lib/python3.10/site-packages/airflow/example_dags/example_bash_decorator.py
[2024-10-21T22:30:15.092+0700] {processor.py:925} INFO - DAG(s) 'example_bash_decorator' retrieved from /Users/punny/Documents/GitHub/NYC-Taxi-ETL-Pipeline/.venv/lib/python3.10/site-packages/airflow/example_dags/example_bash_decorator.py
[2024-10-21T22:30:15.432+0700] {logging_mixin.py:190} INFO - [2024-10-21T22:30:15.431+0700] {dag.py:3239} INFO - Sync 1 DAGs
[2024-10-21T22:30:15.444+0700] {logging_mixin.py:190} INFO - [2024-10-21T22:30:15.444+0700] {dag.py:4180} INFO - Setting next_dagrun for example_bash_decorator to None, run_after=None
[2024-10-21T22:30:15.467+0700] {processor.py:208} INFO - Processing /Users/punny/Documents/GitHub/NYC-Taxi-ETL-Pipeline/.venv/lib/python3.10/site-packages/airflow/example_dags/example_bash_decorator.py took 0.438 seconds
