[2024-10-21T13:25:21.167+0700] {processor.py:186} INFO - Started process (PID=34620) to work on /Users/punny/Documents/GitHub/NYC-Taxi-ETL-Pipeline/.venv/lib/python3.10/site-packages/airflow/example_dags/example_branch_operator.py
[2024-10-21T13:25:21.171+0700] {processor.py:914} INFO - Processing file /Users/punny/Documents/GitHub/NYC-Taxi-ETL-Pipeline/.venv/lib/python3.10/site-packages/airflow/example_dags/example_branch_operator.py for tasks to queue
[2024-10-21T13:25:21.173+0700] {logging_mixin.py:190} INFO - [2024-10-21T13:25:21.173+0700] {dagbag.py:588} INFO - Filling up the DagBag from /Users/punny/Documents/GitHub/NYC-Taxi-ETL-Pipeline/.venv/lib/python3.10/site-packages/airflow/example_dags/example_branch_operator.py
[2024-10-21T13:25:21.268+0700] {processor.py:925} INFO - DAG(s) 'example_branch_operator' retrieved from /Users/punny/Documents/GitHub/NYC-Taxi-ETL-Pipeline/.venv/lib/python3.10/site-packages/airflow/example_dags/example_branch_operator.py
[2024-10-21T13:25:21.945+0700] {logging_mixin.py:190} INFO - [2024-10-21T13:25:21.944+0700] {dag.py:3239} INFO - Sync 1 DAGs
[2024-10-21T13:25:21.984+0700] {logging_mixin.py:190} INFO - [2024-10-21T13:25:21.984+0700] {dag.py:4180} INFO - Setting next_dagrun for example_branch_operator to 2024-10-20 00:00:00+00:00, run_after=2024-10-21 00:00:00+00:00
[2024-10-21T13:25:22.030+0700] {processor.py:208} INFO - Processing /Users/punny/Documents/GitHub/NYC-Taxi-ETL-Pipeline/.venv/lib/python3.10/site-packages/airflow/example_dags/example_branch_operator.py took 0.874 seconds
[2024-10-21T14:50:02.866+0700] {processor.py:186} INFO - Started process (PID=36214) to work on /Users/punny/Documents/GitHub/NYC-Taxi-ETL-Pipeline/.venv/lib/python3.10/site-packages/airflow/example_dags/example_branch_operator.py
[2024-10-21T14:50:02.869+0700] {processor.py:914} INFO - Processing file /Users/punny/Documents/GitHub/NYC-Taxi-ETL-Pipeline/.venv/lib/python3.10/site-packages/airflow/example_dags/example_branch_operator.py for tasks to queue
[2024-10-21T14:50:02.871+0700] {logging_mixin.py:190} INFO - [2024-10-21T14:50:02.870+0700] {dagbag.py:588} INFO - Filling up the DagBag from /Users/punny/Documents/GitHub/NYC-Taxi-ETL-Pipeline/.venv/lib/python3.10/site-packages/airflow/example_dags/example_branch_operator.py
[2024-10-21T14:50:02.912+0700] {processor.py:925} INFO - DAG(s) 'example_branch_operator' retrieved from /Users/punny/Documents/GitHub/NYC-Taxi-ETL-Pipeline/.venv/lib/python3.10/site-packages/airflow/example_dags/example_branch_operator.py
[2024-10-21T14:50:03.284+0700] {logging_mixin.py:190} INFO - [2024-10-21T14:50:03.283+0700] {dag.py:3239} INFO - Sync 1 DAGs
[2024-10-21T14:50:03.305+0700] {logging_mixin.py:190} INFO - [2024-10-21T14:50:03.305+0700] {dag.py:4180} INFO - Setting next_dagrun for example_branch_operator to 2024-10-20 00:00:00+00:00, run_after=2024-10-21 00:00:00+00:00
[2024-10-21T14:50:03.331+0700] {processor.py:208} INFO - Processing /Users/punny/Documents/GitHub/NYC-Taxi-ETL-Pipeline/.venv/lib/python3.10/site-packages/airflow/example_dags/example_branch_operator.py took 0.473 seconds
[2024-10-21T14:57:05.032+0700] {processor.py:186} INFO - Started process (PID=37255) to work on /Users/punny/Documents/GitHub/NYC-Taxi-ETL-Pipeline/.venv/lib/python3.10/site-packages/airflow/example_dags/example_branch_operator.py
[2024-10-21T14:57:05.036+0700] {processor.py:914} INFO - Processing file /Users/punny/Documents/GitHub/NYC-Taxi-ETL-Pipeline/.venv/lib/python3.10/site-packages/airflow/example_dags/example_branch_operator.py for tasks to queue
[2024-10-21T14:57:05.037+0700] {logging_mixin.py:190} INFO - [2024-10-21T14:57:05.037+0700] {dagbag.py:588} INFO - Filling up the DagBag from /Users/punny/Documents/GitHub/NYC-Taxi-ETL-Pipeline/.venv/lib/python3.10/site-packages/airflow/example_dags/example_branch_operator.py
[2024-10-21T14:57:05.083+0700] {processor.py:925} INFO - DAG(s) 'example_branch_operator' retrieved from /Users/punny/Documents/GitHub/NYC-Taxi-ETL-Pipeline/.venv/lib/python3.10/site-packages/airflow/example_dags/example_branch_operator.py
[2024-10-21T14:57:05.488+0700] {logging_mixin.py:190} INFO - [2024-10-21T14:57:05.487+0700] {dag.py:3239} INFO - Sync 1 DAGs
[2024-10-21T14:57:05.511+0700] {logging_mixin.py:190} INFO - [2024-10-21T14:57:05.511+0700] {dag.py:4180} INFO - Setting next_dagrun for example_branch_operator to 2024-10-20 00:00:00+00:00, run_after=2024-10-21 00:00:00+00:00
[2024-10-21T14:57:05.536+0700] {processor.py:208} INFO - Processing /Users/punny/Documents/GitHub/NYC-Taxi-ETL-Pipeline/.venv/lib/python3.10/site-packages/airflow/example_dags/example_branch_operator.py took 0.513 seconds
[2024-10-21T15:03:23.757+0700] {processor.py:186} INFO - Started process (PID=38183) to work on /Users/punny/Documents/GitHub/NYC-Taxi-ETL-Pipeline/.venv/lib/python3.10/site-packages/airflow/example_dags/example_branch_operator.py
[2024-10-21T15:03:23.765+0700] {processor.py:914} INFO - Processing file /Users/punny/Documents/GitHub/NYC-Taxi-ETL-Pipeline/.venv/lib/python3.10/site-packages/airflow/example_dags/example_branch_operator.py for tasks to queue
[2024-10-21T15:03:23.768+0700] {logging_mixin.py:190} INFO - [2024-10-21T15:03:23.768+0700] {dagbag.py:588} INFO - Filling up the DagBag from /Users/punny/Documents/GitHub/NYC-Taxi-ETL-Pipeline/.venv/lib/python3.10/site-packages/airflow/example_dags/example_branch_operator.py
[2024-10-21T15:03:23.853+0700] {processor.py:925} INFO - DAG(s) 'example_branch_operator' retrieved from /Users/punny/Documents/GitHub/NYC-Taxi-ETL-Pipeline/.venv/lib/python3.10/site-packages/airflow/example_dags/example_branch_operator.py
[2024-10-21T15:03:24.623+0700] {logging_mixin.py:190} INFO - [2024-10-21T15:03:24.622+0700] {dag.py:3239} INFO - Sync 1 DAGs
[2024-10-21T15:03:24.665+0700] {logging_mixin.py:190} INFO - [2024-10-21T15:03:24.664+0700] {dag.py:4180} INFO - Setting next_dagrun for example_branch_operator to 2024-10-20 00:00:00+00:00, run_after=2024-10-21 00:00:00+00:00
[2024-10-21T15:03:24.707+0700] {processor.py:208} INFO - Processing /Users/punny/Documents/GitHub/NYC-Taxi-ETL-Pipeline/.venv/lib/python3.10/site-packages/airflow/example_dags/example_branch_operator.py took 0.959 seconds
[2024-10-21T15:12:49.942+0700] {processor.py:186} INFO - Started process (PID=39382) to work on /Users/punny/Documents/GitHub/NYC-Taxi-ETL-Pipeline/.venv/lib/python3.10/site-packages/airflow/example_dags/example_branch_operator.py
[2024-10-21T15:12:49.949+0700] {processor.py:914} INFO - Processing file /Users/punny/Documents/GitHub/NYC-Taxi-ETL-Pipeline/.venv/lib/python3.10/site-packages/airflow/example_dags/example_branch_operator.py for tasks to queue
[2024-10-21T15:12:49.951+0700] {logging_mixin.py:190} INFO - [2024-10-21T15:12:49.950+0700] {dagbag.py:588} INFO - Filling up the DagBag from /Users/punny/Documents/GitHub/NYC-Taxi-ETL-Pipeline/.venv/lib/python3.10/site-packages/airflow/example_dags/example_branch_operator.py
[2024-10-21T15:12:50.019+0700] {processor.py:925} INFO - DAG(s) 'example_branch_operator' retrieved from /Users/punny/Documents/GitHub/NYC-Taxi-ETL-Pipeline/.venv/lib/python3.10/site-packages/airflow/example_dags/example_branch_operator.py
[2024-10-21T15:12:50.543+0700] {logging_mixin.py:190} INFO - [2024-10-21T15:12:50.542+0700] {dag.py:3239} INFO - Sync 1 DAGs
[2024-10-21T15:12:50.581+0700] {logging_mixin.py:190} INFO - [2024-10-21T15:12:50.581+0700] {dag.py:4180} INFO - Setting next_dagrun for example_branch_operator to 2024-10-20 00:00:00+00:00, run_after=2024-10-21 00:00:00+00:00
[2024-10-21T15:12:50.624+0700] {processor.py:208} INFO - Processing /Users/punny/Documents/GitHub/NYC-Taxi-ETL-Pipeline/.venv/lib/python3.10/site-packages/airflow/example_dags/example_branch_operator.py took 0.693 seconds
[2024-10-21T15:21:26.142+0700] {processor.py:186} INFO - Started process (PID=40462) to work on /Users/punny/Documents/GitHub/NYC-Taxi-ETL-Pipeline/.venv/lib/python3.10/site-packages/airflow/example_dags/example_branch_operator.py
[2024-10-21T15:21:26.149+0700] {processor.py:914} INFO - Processing file /Users/punny/Documents/GitHub/NYC-Taxi-ETL-Pipeline/.venv/lib/python3.10/site-packages/airflow/example_dags/example_branch_operator.py for tasks to queue
[2024-10-21T15:21:26.151+0700] {logging_mixin.py:190} INFO - [2024-10-21T15:21:26.150+0700] {dagbag.py:588} INFO - Filling up the DagBag from /Users/punny/Documents/GitHub/NYC-Taxi-ETL-Pipeline/.venv/lib/python3.10/site-packages/airflow/example_dags/example_branch_operator.py
[2024-10-21T15:21:26.224+0700] {processor.py:925} INFO - DAG(s) 'example_branch_operator' retrieved from /Users/punny/Documents/GitHub/NYC-Taxi-ETL-Pipeline/.venv/lib/python3.10/site-packages/airflow/example_dags/example_branch_operator.py
[2024-10-21T15:21:26.675+0700] {logging_mixin.py:190} INFO - [2024-10-21T15:21:26.675+0700] {dag.py:3239} INFO - Sync 1 DAGs
[2024-10-21T15:21:26.706+0700] {logging_mixin.py:190} INFO - [2024-10-21T15:21:26.706+0700] {dag.py:4180} INFO - Setting next_dagrun for example_branch_operator to 2024-10-20 00:00:00+00:00, run_after=2024-10-21 00:00:00+00:00
[2024-10-21T15:21:26.749+0700] {processor.py:208} INFO - Processing /Users/punny/Documents/GitHub/NYC-Taxi-ETL-Pipeline/.venv/lib/python3.10/site-packages/airflow/example_dags/example_branch_operator.py took 0.622 seconds
[2024-10-21T15:29:25.301+0700] {processor.py:186} INFO - Started process (PID=41441) to work on /Users/punny/Documents/GitHub/NYC-Taxi-ETL-Pipeline/.venv/lib/python3.10/site-packages/airflow/example_dags/example_branch_operator.py
[2024-10-21T15:29:25.306+0700] {processor.py:914} INFO - Processing file /Users/punny/Documents/GitHub/NYC-Taxi-ETL-Pipeline/.venv/lib/python3.10/site-packages/airflow/example_dags/example_branch_operator.py for tasks to queue
[2024-10-21T15:29:25.308+0700] {logging_mixin.py:190} INFO - [2024-10-21T15:29:25.307+0700] {dagbag.py:588} INFO - Filling up the DagBag from /Users/punny/Documents/GitHub/NYC-Taxi-ETL-Pipeline/.venv/lib/python3.10/site-packages/airflow/example_dags/example_branch_operator.py
[2024-10-21T15:29:25.371+0700] {processor.py:925} INFO - DAG(s) 'example_branch_operator' retrieved from /Users/punny/Documents/GitHub/NYC-Taxi-ETL-Pipeline/.venv/lib/python3.10/site-packages/airflow/example_dags/example_branch_operator.py
[2024-10-21T15:29:25.803+0700] {logging_mixin.py:190} INFO - [2024-10-21T15:29:25.803+0700] {dag.py:3239} INFO - Sync 1 DAGs
[2024-10-21T15:29:25.839+0700] {logging_mixin.py:190} INFO - [2024-10-21T15:29:25.839+0700] {dag.py:4180} INFO - Setting next_dagrun for example_branch_operator to 2024-10-20 00:00:00+00:00, run_after=2024-10-21 00:00:00+00:00
[2024-10-21T15:29:25.881+0700] {processor.py:208} INFO - Processing /Users/punny/Documents/GitHub/NYC-Taxi-ETL-Pipeline/.venv/lib/python3.10/site-packages/airflow/example_dags/example_branch_operator.py took 0.590 seconds
[2024-10-21T15:37:22.130+0700] {processor.py:186} INFO - Started process (PID=42481) to work on /Users/punny/Documents/GitHub/NYC-Taxi-ETL-Pipeline/.venv/lib/python3.10/site-packages/airflow/example_dags/example_branch_operator.py
[2024-10-21T15:37:22.134+0700] {processor.py:914} INFO - Processing file /Users/punny/Documents/GitHub/NYC-Taxi-ETL-Pipeline/.venv/lib/python3.10/site-packages/airflow/example_dags/example_branch_operator.py for tasks to queue
[2024-10-21T15:37:22.136+0700] {logging_mixin.py:190} INFO - [2024-10-21T15:37:22.136+0700] {dagbag.py:588} INFO - Filling up the DagBag from /Users/punny/Documents/GitHub/NYC-Taxi-ETL-Pipeline/.venv/lib/python3.10/site-packages/airflow/example_dags/example_branch_operator.py
[2024-10-21T15:37:22.208+0700] {processor.py:925} INFO - DAG(s) 'example_branch_operator' retrieved from /Users/punny/Documents/GitHub/NYC-Taxi-ETL-Pipeline/.venv/lib/python3.10/site-packages/airflow/example_dags/example_branch_operator.py
[2024-10-21T15:37:22.676+0700] {logging_mixin.py:190} INFO - [2024-10-21T15:37:22.676+0700] {dag.py:3239} INFO - Sync 1 DAGs
[2024-10-21T15:37:22.716+0700] {logging_mixin.py:190} INFO - [2024-10-21T15:37:22.715+0700] {dag.py:4180} INFO - Setting next_dagrun for example_branch_operator to 2024-10-20 00:00:00+00:00, run_after=2024-10-21 00:00:00+00:00
[2024-10-21T15:37:22.751+0700] {processor.py:208} INFO - Processing /Users/punny/Documents/GitHub/NYC-Taxi-ETL-Pipeline/.venv/lib/python3.10/site-packages/airflow/example_dags/example_branch_operator.py took 0.636 seconds
[2024-10-21T15:45:16.723+0700] {processor.py:186} INFO - Started process (PID=43551) to work on /Users/punny/Documents/GitHub/NYC-Taxi-ETL-Pipeline/.venv/lib/python3.10/site-packages/airflow/example_dags/example_branch_operator.py
[2024-10-21T15:45:16.731+0700] {processor.py:914} INFO - Processing file /Users/punny/Documents/GitHub/NYC-Taxi-ETL-Pipeline/.venv/lib/python3.10/site-packages/airflow/example_dags/example_branch_operator.py for tasks to queue
[2024-10-21T15:45:16.733+0700] {logging_mixin.py:190} INFO - [2024-10-21T15:45:16.733+0700] {dagbag.py:588} INFO - Filling up the DagBag from /Users/punny/Documents/GitHub/NYC-Taxi-ETL-Pipeline/.venv/lib/python3.10/site-packages/airflow/example_dags/example_branch_operator.py
[2024-10-21T15:45:16.796+0700] {processor.py:925} INFO - DAG(s) 'example_branch_operator' retrieved from /Users/punny/Documents/GitHub/NYC-Taxi-ETL-Pipeline/.venv/lib/python3.10/site-packages/airflow/example_dags/example_branch_operator.py
[2024-10-21T15:45:17.241+0700] {logging_mixin.py:190} INFO - [2024-10-21T15:45:17.240+0700] {dag.py:3239} INFO - Sync 1 DAGs
[2024-10-21T15:45:17.274+0700] {logging_mixin.py:190} INFO - [2024-10-21T15:45:17.274+0700] {dag.py:4180} INFO - Setting next_dagrun for example_branch_operator to 2024-10-20 00:00:00+00:00, run_after=2024-10-21 00:00:00+00:00
[2024-10-21T15:45:17.309+0700] {processor.py:208} INFO - Processing /Users/punny/Documents/GitHub/NYC-Taxi-ETL-Pipeline/.venv/lib/python3.10/site-packages/airflow/example_dags/example_branch_operator.py took 0.601 seconds
[2024-10-21T15:53:07.035+0700] {processor.py:186} INFO - Started process (PID=44547) to work on /Users/punny/Documents/GitHub/NYC-Taxi-ETL-Pipeline/.venv/lib/python3.10/site-packages/airflow/example_dags/example_branch_operator.py
[2024-10-21T15:53:07.039+0700] {processor.py:914} INFO - Processing file /Users/punny/Documents/GitHub/NYC-Taxi-ETL-Pipeline/.venv/lib/python3.10/site-packages/airflow/example_dags/example_branch_operator.py for tasks to queue
[2024-10-21T15:53:07.041+0700] {logging_mixin.py:190} INFO - [2024-10-21T15:53:07.040+0700] {dagbag.py:588} INFO - Filling up the DagBag from /Users/punny/Documents/GitHub/NYC-Taxi-ETL-Pipeline/.venv/lib/python3.10/site-packages/airflow/example_dags/example_branch_operator.py
[2024-10-21T15:53:07.101+0700] {processor.py:925} INFO - DAG(s) 'example_branch_operator' retrieved from /Users/punny/Documents/GitHub/NYC-Taxi-ETL-Pipeline/.venv/lib/python3.10/site-packages/airflow/example_dags/example_branch_operator.py
[2024-10-21T15:53:07.546+0700] {logging_mixin.py:190} INFO - [2024-10-21T15:53:07.545+0700] {dag.py:3239} INFO - Sync 1 DAGs
[2024-10-21T15:53:07.578+0700] {logging_mixin.py:190} INFO - [2024-10-21T15:53:07.578+0700] {dag.py:4180} INFO - Setting next_dagrun for example_branch_operator to 2024-10-20 00:00:00+00:00, run_after=2024-10-21 00:00:00+00:00
[2024-10-21T15:53:07.614+0700] {processor.py:208} INFO - Processing /Users/punny/Documents/GitHub/NYC-Taxi-ETL-Pipeline/.venv/lib/python3.10/site-packages/airflow/example_dags/example_branch_operator.py took 0.595 seconds
[2024-10-21T16:01:25.344+0700] {processor.py:186} INFO - Started process (PID=45633) to work on /Users/punny/Documents/GitHub/NYC-Taxi-ETL-Pipeline/.venv/lib/python3.10/site-packages/airflow/example_dags/example_branch_operator.py
[2024-10-21T16:01:25.349+0700] {processor.py:914} INFO - Processing file /Users/punny/Documents/GitHub/NYC-Taxi-ETL-Pipeline/.venv/lib/python3.10/site-packages/airflow/example_dags/example_branch_operator.py for tasks to queue
[2024-10-21T16:01:25.351+0700] {logging_mixin.py:190} INFO - [2024-10-21T16:01:25.350+0700] {dagbag.py:588} INFO - Filling up the DagBag from /Users/punny/Documents/GitHub/NYC-Taxi-ETL-Pipeline/.venv/lib/python3.10/site-packages/airflow/example_dags/example_branch_operator.py
[2024-10-21T16:01:25.412+0700] {processor.py:925} INFO - DAG(s) 'example_branch_operator' retrieved from /Users/punny/Documents/GitHub/NYC-Taxi-ETL-Pipeline/.venv/lib/python3.10/site-packages/airflow/example_dags/example_branch_operator.py
[2024-10-21T16:01:25.900+0700] {logging_mixin.py:190} INFO - [2024-10-21T16:01:25.899+0700] {dag.py:3239} INFO - Sync 1 DAGs
[2024-10-21T16:01:25.932+0700] {logging_mixin.py:190} INFO - [2024-10-21T16:01:25.932+0700] {dag.py:4180} INFO - Setting next_dagrun for example_branch_operator to 2024-10-20 00:00:00+00:00, run_after=2024-10-21 00:00:00+00:00
[2024-10-21T16:01:25.973+0700] {processor.py:208} INFO - Processing /Users/punny/Documents/GitHub/NYC-Taxi-ETL-Pipeline/.venv/lib/python3.10/site-packages/airflow/example_dags/example_branch_operator.py took 0.640 seconds
[2024-10-21T20:39:29.164+0700] {processor.py:186} INFO - Started process (PID=4455) to work on /Users/punny/Documents/GitHub/NYC-Taxi-ETL-Pipeline/.venv/lib/python3.10/site-packages/airflow/example_dags/example_branch_operator.py
[2024-10-21T20:39:29.166+0700] {processor.py:914} INFO - Processing file /Users/punny/Documents/GitHub/NYC-Taxi-ETL-Pipeline/.venv/lib/python3.10/site-packages/airflow/example_dags/example_branch_operator.py for tasks to queue
[2024-10-21T20:39:29.167+0700] {logging_mixin.py:190} INFO - [2024-10-21T20:39:29.167+0700] {dagbag.py:588} INFO - Filling up the DagBag from /Users/punny/Documents/GitHub/NYC-Taxi-ETL-Pipeline/.venv/lib/python3.10/site-packages/airflow/example_dags/example_branch_operator.py
[2024-10-21T20:39:29.210+0700] {processor.py:925} INFO - DAG(s) 'example_branch_operator' retrieved from /Users/punny/Documents/GitHub/NYC-Taxi-ETL-Pipeline/.venv/lib/python3.10/site-packages/airflow/example_dags/example_branch_operator.py
[2024-10-21T20:39:29.509+0700] {logging_mixin.py:190} INFO - [2024-10-21T20:39:29.509+0700] {dag.py:3239} INFO - Sync 1 DAGs
[2024-10-21T20:39:29.531+0700] {logging_mixin.py:190} INFO - [2024-10-21T20:39:29.530+0700] {dag.py:4180} INFO - Setting next_dagrun for example_branch_operator to 2024-10-20 00:00:00+00:00, run_after=2024-10-21 00:00:00+00:00
[2024-10-21T20:39:29.556+0700] {processor.py:208} INFO - Processing /Users/punny/Documents/GitHub/NYC-Taxi-ETL-Pipeline/.venv/lib/python3.10/site-packages/airflow/example_dags/example_branch_operator.py took 0.400 seconds
[2024-10-21T20:46:42.561+0700] {processor.py:186} INFO - Started process (PID=5136) to work on /Users/punny/Documents/GitHub/NYC-Taxi-ETL-Pipeline/.venv/lib/python3.10/site-packages/airflow/example_dags/example_branch_operator.py
[2024-10-21T20:46:42.565+0700] {processor.py:914} INFO - Processing file /Users/punny/Documents/GitHub/NYC-Taxi-ETL-Pipeline/.venv/lib/python3.10/site-packages/airflow/example_dags/example_branch_operator.py for tasks to queue
[2024-10-21T20:46:42.566+0700] {logging_mixin.py:190} INFO - [2024-10-21T20:46:42.566+0700] {dagbag.py:588} INFO - Filling up the DagBag from /Users/punny/Documents/GitHub/NYC-Taxi-ETL-Pipeline/.venv/lib/python3.10/site-packages/airflow/example_dags/example_branch_operator.py
[2024-10-21T20:46:42.631+0700] {processor.py:925} INFO - DAG(s) 'example_branch_operator' retrieved from /Users/punny/Documents/GitHub/NYC-Taxi-ETL-Pipeline/.venv/lib/python3.10/site-packages/airflow/example_dags/example_branch_operator.py
[2024-10-21T20:46:42.992+0700] {logging_mixin.py:190} INFO - [2024-10-21T20:46:42.991+0700] {dag.py:3239} INFO - Sync 1 DAGs
[2024-10-21T20:46:43.021+0700] {logging_mixin.py:190} INFO - [2024-10-21T20:46:43.020+0700] {dag.py:4180} INFO - Setting next_dagrun for example_branch_operator to 2024-10-20 00:00:00+00:00, run_after=2024-10-21 00:00:00+00:00
[2024-10-21T20:46:43.054+0700] {processor.py:208} INFO - Processing /Users/punny/Documents/GitHub/NYC-Taxi-ETL-Pipeline/.venv/lib/python3.10/site-packages/airflow/example_dags/example_branch_operator.py took 0.503 seconds
[2024-10-21T20:58:48.810+0700] {processor.py:186} INFO - Started process (PID=6360) to work on /Users/punny/Documents/GitHub/NYC-Taxi-ETL-Pipeline/.venv/lib/python3.10/site-packages/airflow/example_dags/example_branch_operator.py
[2024-10-21T20:58:48.816+0700] {processor.py:914} INFO - Processing file /Users/punny/Documents/GitHub/NYC-Taxi-ETL-Pipeline/.venv/lib/python3.10/site-packages/airflow/example_dags/example_branch_operator.py for tasks to queue
[2024-10-21T20:58:48.818+0700] {logging_mixin.py:190} INFO - [2024-10-21T20:58:48.818+0700] {dagbag.py:588} INFO - Filling up the DagBag from /Users/punny/Documents/GitHub/NYC-Taxi-ETL-Pipeline/.venv/lib/python3.10/site-packages/airflow/example_dags/example_branch_operator.py
[2024-10-21T20:58:48.890+0700] {processor.py:925} INFO - DAG(s) 'example_branch_operator' retrieved from /Users/punny/Documents/GitHub/NYC-Taxi-ETL-Pipeline/.venv/lib/python3.10/site-packages/airflow/example_dags/example_branch_operator.py
[2024-10-21T20:58:49.360+0700] {logging_mixin.py:190} INFO - [2024-10-21T20:58:49.359+0700] {dag.py:3239} INFO - Sync 1 DAGs
[2024-10-21T20:58:49.394+0700] {logging_mixin.py:190} INFO - [2024-10-21T20:58:49.393+0700] {dag.py:4180} INFO - Setting next_dagrun for example_branch_operator to 2024-10-20 00:00:00+00:00, run_after=2024-10-21 00:00:00+00:00
[2024-10-21T20:58:49.432+0700] {processor.py:208} INFO - Processing /Users/punny/Documents/GitHub/NYC-Taxi-ETL-Pipeline/.venv/lib/python3.10/site-packages/airflow/example_dags/example_branch_operator.py took 0.632 seconds
[2024-10-21T21:06:15.944+0700] {processor.py:186} INFO - Started process (PID=6912) to work on /Users/punny/Documents/GitHub/NYC-Taxi-ETL-Pipeline/.venv/lib/python3.10/site-packages/airflow/example_dags/example_branch_operator.py
[2024-10-21T21:06:15.953+0700] {processor.py:914} INFO - Processing file /Users/punny/Documents/GitHub/NYC-Taxi-ETL-Pipeline/.venv/lib/python3.10/site-packages/airflow/example_dags/example_branch_operator.py for tasks to queue
[2024-10-21T21:06:15.955+0700] {logging_mixin.py:190} INFO - [2024-10-21T21:06:15.954+0700] {dagbag.py:588} INFO - Filling up the DagBag from /Users/punny/Documents/GitHub/NYC-Taxi-ETL-Pipeline/.venv/lib/python3.10/site-packages/airflow/example_dags/example_branch_operator.py
[2024-10-21T21:06:16.004+0700] {processor.py:925} INFO - DAG(s) 'example_branch_operator' retrieved from /Users/punny/Documents/GitHub/NYC-Taxi-ETL-Pipeline/.venv/lib/python3.10/site-packages/airflow/example_dags/example_branch_operator.py
[2024-10-21T21:06:16.359+0700] {logging_mixin.py:190} INFO - [2024-10-21T21:06:16.359+0700] {dag.py:3239} INFO - Sync 1 DAGs
[2024-10-21T21:06:16.388+0700] {logging_mixin.py:190} INFO - [2024-10-21T21:06:16.387+0700] {dag.py:4180} INFO - Setting next_dagrun for example_branch_operator to 2024-10-20 00:00:00+00:00, run_after=2024-10-21 00:00:00+00:00
[2024-10-21T21:06:16.411+0700] {processor.py:208} INFO - Processing /Users/punny/Documents/GitHub/NYC-Taxi-ETL-Pipeline/.venv/lib/python3.10/site-packages/airflow/example_dags/example_branch_operator.py took 0.479 seconds
[2024-10-21T21:12:42.108+0700] {processor.py:186} INFO - Started process (PID=7385) to work on /Users/punny/Documents/GitHub/NYC-Taxi-ETL-Pipeline/.venv/lib/python3.10/site-packages/airflow/example_dags/example_branch_operator.py
[2024-10-21T21:12:42.113+0700] {processor.py:914} INFO - Processing file /Users/punny/Documents/GitHub/NYC-Taxi-ETL-Pipeline/.venv/lib/python3.10/site-packages/airflow/example_dags/example_branch_operator.py for tasks to queue
[2024-10-21T21:12:42.115+0700] {logging_mixin.py:190} INFO - [2024-10-21T21:12:42.115+0700] {dagbag.py:588} INFO - Filling up the DagBag from /Users/punny/Documents/GitHub/NYC-Taxi-ETL-Pipeline/.venv/lib/python3.10/site-packages/airflow/example_dags/example_branch_operator.py
[2024-10-21T21:12:42.170+0700] {processor.py:925} INFO - DAG(s) 'example_branch_operator' retrieved from /Users/punny/Documents/GitHub/NYC-Taxi-ETL-Pipeline/.venv/lib/python3.10/site-packages/airflow/example_dags/example_branch_operator.py
[2024-10-21T21:12:42.546+0700] {logging_mixin.py:190} INFO - [2024-10-21T21:12:42.545+0700] {dag.py:3239} INFO - Sync 1 DAGs
[2024-10-21T21:12:42.572+0700] {logging_mixin.py:190} INFO - [2024-10-21T21:12:42.572+0700] {dag.py:4180} INFO - Setting next_dagrun for example_branch_operator to 2024-10-20 00:00:00+00:00, run_after=2024-10-21 00:00:00+00:00
[2024-10-21T21:12:42.601+0700] {processor.py:208} INFO - Processing /Users/punny/Documents/GitHub/NYC-Taxi-ETL-Pipeline/.venv/lib/python3.10/site-packages/airflow/example_dags/example_branch_operator.py took 0.521 seconds
[2024-10-21T21:19:15.902+0700] {processor.py:186} INFO - Started process (PID=7996) to work on /Users/punny/Documents/GitHub/NYC-Taxi-ETL-Pipeline/.venv/lib/python3.10/site-packages/airflow/example_dags/example_branch_operator.py
[2024-10-21T21:19:15.906+0700] {processor.py:914} INFO - Processing file /Users/punny/Documents/GitHub/NYC-Taxi-ETL-Pipeline/.venv/lib/python3.10/site-packages/airflow/example_dags/example_branch_operator.py for tasks to queue
[2024-10-21T21:19:15.907+0700] {logging_mixin.py:190} INFO - [2024-10-21T21:19:15.906+0700] {dagbag.py:588} INFO - Filling up the DagBag from /Users/punny/Documents/GitHub/NYC-Taxi-ETL-Pipeline/.venv/lib/python3.10/site-packages/airflow/example_dags/example_branch_operator.py
[2024-10-21T21:19:15.948+0700] {processor.py:925} INFO - DAG(s) 'example_branch_operator' retrieved from /Users/punny/Documents/GitHub/NYC-Taxi-ETL-Pipeline/.venv/lib/python3.10/site-packages/airflow/example_dags/example_branch_operator.py
[2024-10-21T21:19:16.261+0700] {logging_mixin.py:190} INFO - [2024-10-21T21:19:16.261+0700] {dag.py:3239} INFO - Sync 1 DAGs
[2024-10-21T21:19:16.284+0700] {logging_mixin.py:190} INFO - [2024-10-21T21:19:16.284+0700] {dag.py:4180} INFO - Setting next_dagrun for example_branch_operator to 2024-10-20 00:00:00+00:00, run_after=2024-10-21 00:00:00+00:00
[2024-10-21T21:19:16.311+0700] {processor.py:208} INFO - Processing /Users/punny/Documents/GitHub/NYC-Taxi-ETL-Pipeline/.venv/lib/python3.10/site-packages/airflow/example_dags/example_branch_operator.py took 0.417 seconds
[2024-10-21T21:25:02.111+0700] {processor.py:186} INFO - Started process (PID=8443) to work on /Users/punny/Documents/GitHub/NYC-Taxi-ETL-Pipeline/.venv/lib/python3.10/site-packages/airflow/example_dags/example_branch_operator.py
[2024-10-21T21:25:02.115+0700] {processor.py:914} INFO - Processing file /Users/punny/Documents/GitHub/NYC-Taxi-ETL-Pipeline/.venv/lib/python3.10/site-packages/airflow/example_dags/example_branch_operator.py for tasks to queue
[2024-10-21T21:25:02.116+0700] {logging_mixin.py:190} INFO - [2024-10-21T21:25:02.116+0700] {dagbag.py:588} INFO - Filling up the DagBag from /Users/punny/Documents/GitHub/NYC-Taxi-ETL-Pipeline/.venv/lib/python3.10/site-packages/airflow/example_dags/example_branch_operator.py
[2024-10-21T21:25:02.161+0700] {processor.py:925} INFO - DAG(s) 'example_branch_operator' retrieved from /Users/punny/Documents/GitHub/NYC-Taxi-ETL-Pipeline/.venv/lib/python3.10/site-packages/airflow/example_dags/example_branch_operator.py
[2024-10-21T21:25:02.479+0700] {logging_mixin.py:190} INFO - [2024-10-21T21:25:02.479+0700] {dag.py:3239} INFO - Sync 1 DAGs
[2024-10-21T21:25:02.502+0700] {logging_mixin.py:190} INFO - [2024-10-21T21:25:02.502+0700] {dag.py:4180} INFO - Setting next_dagrun for example_branch_operator to 2024-10-20 00:00:00+00:00, run_after=2024-10-21 00:00:00+00:00
[2024-10-21T21:25:02.527+0700] {processor.py:208} INFO - Processing /Users/punny/Documents/GitHub/NYC-Taxi-ETL-Pipeline/.venv/lib/python3.10/site-packages/airflow/example_dags/example_branch_operator.py took 0.425 seconds
[2024-10-21T21:31:30.441+0700] {processor.py:186} INFO - Started process (PID=9045) to work on /Users/punny/Documents/GitHub/NYC-Taxi-ETL-Pipeline/.venv/lib/python3.10/site-packages/airflow/example_dags/example_branch_operator.py
[2024-10-21T21:31:30.444+0700] {processor.py:914} INFO - Processing file /Users/punny/Documents/GitHub/NYC-Taxi-ETL-Pipeline/.venv/lib/python3.10/site-packages/airflow/example_dags/example_branch_operator.py for tasks to queue
[2024-10-21T21:31:30.445+0700] {logging_mixin.py:190} INFO - [2024-10-21T21:31:30.445+0700] {dagbag.py:588} INFO - Filling up the DagBag from /Users/punny/Documents/GitHub/NYC-Taxi-ETL-Pipeline/.venv/lib/python3.10/site-packages/airflow/example_dags/example_branch_operator.py
[2024-10-21T21:31:30.487+0700] {processor.py:925} INFO - DAG(s) 'example_branch_operator' retrieved from /Users/punny/Documents/GitHub/NYC-Taxi-ETL-Pipeline/.venv/lib/python3.10/site-packages/airflow/example_dags/example_branch_operator.py
[2024-10-21T21:31:30.796+0700] {logging_mixin.py:190} INFO - [2024-10-21T21:31:30.796+0700] {dag.py:3239} INFO - Sync 1 DAGs
[2024-10-21T21:31:30.818+0700] {logging_mixin.py:190} INFO - [2024-10-21T21:31:30.818+0700] {dag.py:4180} INFO - Setting next_dagrun for example_branch_operator to 2024-10-20 00:00:00+00:00, run_after=2024-10-21 00:00:00+00:00
[2024-10-21T21:31:30.843+0700] {processor.py:208} INFO - Processing /Users/punny/Documents/GitHub/NYC-Taxi-ETL-Pipeline/.venv/lib/python3.10/site-packages/airflow/example_dags/example_branch_operator.py took 0.409 seconds
[2024-10-21T21:37:20.769+0700] {processor.py:186} INFO - Started process (PID=9489) to work on /Users/punny/Documents/GitHub/NYC-Taxi-ETL-Pipeline/.venv/lib/python3.10/site-packages/airflow/example_dags/example_branch_operator.py
[2024-10-21T21:37:20.772+0700] {processor.py:914} INFO - Processing file /Users/punny/Documents/GitHub/NYC-Taxi-ETL-Pipeline/.venv/lib/python3.10/site-packages/airflow/example_dags/example_branch_operator.py for tasks to queue
[2024-10-21T21:37:20.773+0700] {logging_mixin.py:190} INFO - [2024-10-21T21:37:20.773+0700] {dagbag.py:588} INFO - Filling up the DagBag from /Users/punny/Documents/GitHub/NYC-Taxi-ETL-Pipeline/.venv/lib/python3.10/site-packages/airflow/example_dags/example_branch_operator.py
[2024-10-21T21:37:20.813+0700] {processor.py:925} INFO - DAG(s) 'example_branch_operator' retrieved from /Users/punny/Documents/GitHub/NYC-Taxi-ETL-Pipeline/.venv/lib/python3.10/site-packages/airflow/example_dags/example_branch_operator.py
[2024-10-21T21:37:21.109+0700] {logging_mixin.py:190} INFO - [2024-10-21T21:37:21.109+0700] {dag.py:3239} INFO - Sync 1 DAGs
[2024-10-21T21:37:21.132+0700] {logging_mixin.py:190} INFO - [2024-10-21T21:37:21.132+0700] {dag.py:4180} INFO - Setting next_dagrun for example_branch_operator to 2024-10-20 00:00:00+00:00, run_after=2024-10-21 00:00:00+00:00
[2024-10-21T21:37:21.157+0700] {processor.py:208} INFO - Processing /Users/punny/Documents/GitHub/NYC-Taxi-ETL-Pipeline/.venv/lib/python3.10/site-packages/airflow/example_dags/example_branch_operator.py took 0.397 seconds
[2024-10-21T21:45:07.854+0700] {processor.py:186} INFO - Started process (PID=10247) to work on /Users/punny/Documents/GitHub/NYC-Taxi-ETL-Pipeline/.venv/lib/python3.10/site-packages/airflow/example_dags/example_branch_operator.py
[2024-10-21T21:45:07.857+0700] {processor.py:914} INFO - Processing file /Users/punny/Documents/GitHub/NYC-Taxi-ETL-Pipeline/.venv/lib/python3.10/site-packages/airflow/example_dags/example_branch_operator.py for tasks to queue
[2024-10-21T21:45:07.859+0700] {logging_mixin.py:190} INFO - [2024-10-21T21:45:07.858+0700] {dagbag.py:588} INFO - Filling up the DagBag from /Users/punny/Documents/GitHub/NYC-Taxi-ETL-Pipeline/.venv/lib/python3.10/site-packages/airflow/example_dags/example_branch_operator.py
[2024-10-21T21:45:07.906+0700] {processor.py:925} INFO - DAG(s) 'example_branch_operator' retrieved from /Users/punny/Documents/GitHub/NYC-Taxi-ETL-Pipeline/.venv/lib/python3.10/site-packages/airflow/example_dags/example_branch_operator.py
[2024-10-21T21:45:08.226+0700] {logging_mixin.py:190} INFO - [2024-10-21T21:45:08.226+0700] {dag.py:3239} INFO - Sync 1 DAGs
[2024-10-21T21:45:08.249+0700] {logging_mixin.py:190} INFO - [2024-10-21T21:45:08.249+0700] {dag.py:4180} INFO - Setting next_dagrun for example_branch_operator to 2024-10-20 00:00:00+00:00, run_after=2024-10-21 00:00:00+00:00
[2024-10-21T21:45:08.275+0700] {processor.py:208} INFO - Processing /Users/punny/Documents/GitHub/NYC-Taxi-ETL-Pipeline/.venv/lib/python3.10/site-packages/airflow/example_dags/example_branch_operator.py took 0.429 seconds
[2024-10-21T21:53:06.190+0700] {processor.py:186} INFO - Started process (PID=10899) to work on /Users/punny/Documents/GitHub/NYC-Taxi-ETL-Pipeline/.venv/lib/python3.10/site-packages/airflow/example_dags/example_branch_operator.py
[2024-10-21T21:53:06.195+0700] {processor.py:914} INFO - Processing file /Users/punny/Documents/GitHub/NYC-Taxi-ETL-Pipeline/.venv/lib/python3.10/site-packages/airflow/example_dags/example_branch_operator.py for tasks to queue
[2024-10-21T21:53:06.196+0700] {logging_mixin.py:190} INFO - [2024-10-21T21:53:06.196+0700] {dagbag.py:588} INFO - Filling up the DagBag from /Users/punny/Documents/GitHub/NYC-Taxi-ETL-Pipeline/.venv/lib/python3.10/site-packages/airflow/example_dags/example_branch_operator.py
[2024-10-21T21:53:06.237+0700] {processor.py:925} INFO - DAG(s) 'example_branch_operator' retrieved from /Users/punny/Documents/GitHub/NYC-Taxi-ETL-Pipeline/.venv/lib/python3.10/site-packages/airflow/example_dags/example_branch_operator.py
[2024-10-21T21:53:06.536+0700] {logging_mixin.py:190} INFO - [2024-10-21T21:53:06.536+0700] {dag.py:3239} INFO - Sync 1 DAGs
[2024-10-21T21:53:06.557+0700] {logging_mixin.py:190} INFO - [2024-10-21T21:53:06.557+0700] {dag.py:4180} INFO - Setting next_dagrun for example_branch_operator to 2024-10-20 00:00:00+00:00, run_after=2024-10-21 00:00:00+00:00
[2024-10-21T21:53:06.584+0700] {processor.py:208} INFO - Processing /Users/punny/Documents/GitHub/NYC-Taxi-ETL-Pipeline/.venv/lib/python3.10/site-packages/airflow/example_dags/example_branch_operator.py took 0.403 seconds
[2024-10-21T22:15:02.885+0700] {processor.py:186} INFO - Started process (PID=11930) to work on /Users/punny/Documents/GitHub/NYC-Taxi-ETL-Pipeline/.venv/lib/python3.10/site-packages/airflow/example_dags/example_branch_operator.py
[2024-10-21T22:15:02.890+0700] {processor.py:914} INFO - Processing file /Users/punny/Documents/GitHub/NYC-Taxi-ETL-Pipeline/.venv/lib/python3.10/site-packages/airflow/example_dags/example_branch_operator.py for tasks to queue
[2024-10-21T22:15:02.891+0700] {logging_mixin.py:190} INFO - [2024-10-21T22:15:02.891+0700] {dagbag.py:588} INFO - Filling up the DagBag from /Users/punny/Documents/GitHub/NYC-Taxi-ETL-Pipeline/.venv/lib/python3.10/site-packages/airflow/example_dags/example_branch_operator.py
[2024-10-21T22:15:02.945+0700] {processor.py:925} INFO - DAG(s) 'example_branch_operator' retrieved from /Users/punny/Documents/GitHub/NYC-Taxi-ETL-Pipeline/.venv/lib/python3.10/site-packages/airflow/example_dags/example_branch_operator.py
[2024-10-21T22:15:03.258+0700] {logging_mixin.py:190} INFO - [2024-10-21T22:15:03.258+0700] {dag.py:3239} INFO - Sync 1 DAGs
[2024-10-21T22:15:03.279+0700] {logging_mixin.py:190} INFO - [2024-10-21T22:15:03.279+0700] {dag.py:4180} INFO - Setting next_dagrun for example_branch_operator to 2024-10-20 00:00:00+00:00, run_after=2024-10-21 00:00:00+00:00
[2024-10-21T22:15:03.303+0700] {processor.py:208} INFO - Processing /Users/punny/Documents/GitHub/NYC-Taxi-ETL-Pipeline/.venv/lib/python3.10/site-packages/airflow/example_dags/example_branch_operator.py took 0.425 seconds
[2024-10-21T22:22:03.071+0700] {processor.py:186} INFO - Started process (PID=12793) to work on /Users/punny/Documents/GitHub/NYC-Taxi-ETL-Pipeline/.venv/lib/python3.10/site-packages/airflow/example_dags/example_branch_operator.py
[2024-10-21T22:22:03.074+0700] {processor.py:914} INFO - Processing file /Users/punny/Documents/GitHub/NYC-Taxi-ETL-Pipeline/.venv/lib/python3.10/site-packages/airflow/example_dags/example_branch_operator.py for tasks to queue
[2024-10-21T22:22:03.076+0700] {logging_mixin.py:190} INFO - [2024-10-21T22:22:03.075+0700] {dagbag.py:588} INFO - Filling up the DagBag from /Users/punny/Documents/GitHub/NYC-Taxi-ETL-Pipeline/.venv/lib/python3.10/site-packages/airflow/example_dags/example_branch_operator.py
[2024-10-21T22:22:03.117+0700] {processor.py:925} INFO - DAG(s) 'example_branch_operator' retrieved from /Users/punny/Documents/GitHub/NYC-Taxi-ETL-Pipeline/.venv/lib/python3.10/site-packages/airflow/example_dags/example_branch_operator.py
[2024-10-21T22:22:03.418+0700] {logging_mixin.py:190} INFO - [2024-10-21T22:22:03.418+0700] {dag.py:3239} INFO - Sync 1 DAGs
[2024-10-21T22:22:03.439+0700] {logging_mixin.py:190} INFO - [2024-10-21T22:22:03.439+0700] {dag.py:4180} INFO - Setting next_dagrun for example_branch_operator to 2024-10-20 00:00:00+00:00, run_after=2024-10-21 00:00:00+00:00
[2024-10-21T22:22:03.464+0700] {processor.py:208} INFO - Processing /Users/punny/Documents/GitHub/NYC-Taxi-ETL-Pipeline/.venv/lib/python3.10/site-packages/airflow/example_dags/example_branch_operator.py took 0.403 seconds
[2024-10-21T22:27:17.333+0700] {processor.py:186} INFO - Started process (PID=13421) to work on /Users/punny/Documents/GitHub/NYC-Taxi-ETL-Pipeline/.venv/lib/python3.10/site-packages/airflow/example_dags/example_branch_operator.py
[2024-10-21T22:27:17.337+0700] {processor.py:914} INFO - Processing file /Users/punny/Documents/GitHub/NYC-Taxi-ETL-Pipeline/.venv/lib/python3.10/site-packages/airflow/example_dags/example_branch_operator.py for tasks to queue
[2024-10-21T22:27:17.338+0700] {logging_mixin.py:190} INFO - [2024-10-21T22:27:17.338+0700] {dagbag.py:588} INFO - Filling up the DagBag from /Users/punny/Documents/GitHub/NYC-Taxi-ETL-Pipeline/.venv/lib/python3.10/site-packages/airflow/example_dags/example_branch_operator.py
[2024-10-21T22:27:17.382+0700] {processor.py:925} INFO - DAG(s) 'example_branch_operator' retrieved from /Users/punny/Documents/GitHub/NYC-Taxi-ETL-Pipeline/.venv/lib/python3.10/site-packages/airflow/example_dags/example_branch_operator.py
[2024-10-21T22:27:17.709+0700] {logging_mixin.py:190} INFO - [2024-10-21T22:27:17.709+0700] {dag.py:3239} INFO - Sync 1 DAGs
[2024-10-21T22:27:17.732+0700] {logging_mixin.py:190} INFO - [2024-10-21T22:27:17.732+0700] {dag.py:4180} INFO - Setting next_dagrun for example_branch_operator to 2024-10-20 00:00:00+00:00, run_after=2024-10-21 00:00:00+00:00
[2024-10-21T22:27:17.759+0700] {processor.py:208} INFO - Processing /Users/punny/Documents/GitHub/NYC-Taxi-ETL-Pipeline/.venv/lib/python3.10/site-packages/airflow/example_dags/example_branch_operator.py took 0.434 seconds
[2024-10-21T22:33:07.323+0700] {processor.py:186} INFO - Started process (PID=13805) to work on /Users/punny/Documents/GitHub/NYC-Taxi-ETL-Pipeline/.venv/lib/python3.10/site-packages/airflow/example_dags/example_branch_operator.py
[2024-10-21T22:33:07.326+0700] {processor.py:914} INFO - Processing file /Users/punny/Documents/GitHub/NYC-Taxi-ETL-Pipeline/.venv/lib/python3.10/site-packages/airflow/example_dags/example_branch_operator.py for tasks to queue
[2024-10-21T22:33:07.327+0700] {logging_mixin.py:190} INFO - [2024-10-21T22:33:07.327+0700] {dagbag.py:588} INFO - Filling up the DagBag from /Users/punny/Documents/GitHub/NYC-Taxi-ETL-Pipeline/.venv/lib/python3.10/site-packages/airflow/example_dags/example_branch_operator.py
[2024-10-21T22:33:07.369+0700] {processor.py:925} INFO - DAG(s) 'example_branch_operator' retrieved from /Users/punny/Documents/GitHub/NYC-Taxi-ETL-Pipeline/.venv/lib/python3.10/site-packages/airflow/example_dags/example_branch_operator.py
[2024-10-21T22:33:07.664+0700] {logging_mixin.py:190} INFO - [2024-10-21T22:33:07.664+0700] {dag.py:3239} INFO - Sync 1 DAGs
[2024-10-21T22:33:07.686+0700] {logging_mixin.py:190} INFO - [2024-10-21T22:33:07.686+0700] {dag.py:4180} INFO - Setting next_dagrun for example_branch_operator to 2024-10-20 00:00:00+00:00, run_after=2024-10-21 00:00:00+00:00
[2024-10-21T22:33:07.710+0700] {processor.py:208} INFO - Processing /Users/punny/Documents/GitHub/NYC-Taxi-ETL-Pipeline/.venv/lib/python3.10/site-packages/airflow/example_dags/example_branch_operator.py took 0.395 seconds
