[2024-10-21T14:23:23.367+0700] {processor.py:186} INFO - Started process (PID=35406) to work on /Users/punny/Documents/GitHub/NYC-Taxi-ETL-Pipeline/.venv/lib/python3.10/site-packages/airflow/example_dags/example_dataset_alias.py
[2024-10-21T14:23:23.372+0700] {processor.py:914} INFO - Processing file /Users/punny/Documents/GitHub/NYC-Taxi-ETL-Pipeline/.venv/lib/python3.10/site-packages/airflow/example_dags/example_dataset_alias.py for tasks to queue
[2024-10-21T14:23:23.374+0700] {logging_mixin.py:190} INFO - [2024-10-21T14:23:23.374+0700] {dagbag.py:588} INFO - Filling up the DagBag from /Users/punny/Documents/GitHub/NYC-Taxi-ETL-Pipeline/.venv/lib/python3.10/site-packages/airflow/example_dags/example_dataset_alias.py
[2024-10-21T14:23:24.072+0700] {processor.py:925} INFO - DAG(s) 'dataset_s3_bucket_consumer', 'dataset_s3_bucket_producer', 'dataset_alias_example_alias_consumer', 'dataset_alias_example_alias_producer' retrieved from /Users/punny/Documents/GitHub/NYC-Taxi-ETL-Pipeline/.venv/lib/python3.10/site-packages/airflow/example_dags/example_dataset_alias.py
[2024-10-21T14:23:24.163+0700] {logging_mixin.py:190} INFO - [2024-10-21T14:23:24.162+0700] {dag.py:3239} INFO - Sync 4 DAGs
[2024-10-21T14:23:24.209+0700] {logging_mixin.py:190} INFO - [2024-10-21T14:23:24.208+0700] {dag.py:4180} INFO - Setting next_dagrun for dataset_alias_example_alias_consumer to None, run_after=None
[2024-10-21T14:23:24.214+0700] {logging_mixin.py:190} INFO - [2024-10-21T14:23:24.214+0700] {dag.py:4180} INFO - Setting next_dagrun for dataset_alias_example_alias_producer to None, run_after=None
[2024-10-21T14:23:24.217+0700] {logging_mixin.py:190} INFO - [2024-10-21T14:23:24.217+0700] {dag.py:4180} INFO - Setting next_dagrun for dataset_s3_bucket_consumer to None, run_after=None
[2024-10-21T14:23:24.220+0700] {logging_mixin.py:190} INFO - [2024-10-21T14:23:24.219+0700] {dag.py:4180} INFO - Setting next_dagrun for dataset_s3_bucket_producer to None, run_after=None
[2024-10-21T14:23:24.270+0700] {processor.py:208} INFO - Processing /Users/punny/Documents/GitHub/NYC-Taxi-ETL-Pipeline/.venv/lib/python3.10/site-packages/airflow/example_dags/example_dataset_alias.py took 0.913 seconds
[2024-10-21T14:53:35.739+0700] {processor.py:186} INFO - Started process (PID=36720) to work on /Users/punny/Documents/GitHub/NYC-Taxi-ETL-Pipeline/.venv/lib/python3.10/site-packages/airflow/example_dags/example_dataset_alias.py
[2024-10-21T14:53:35.743+0700] {processor.py:914} INFO - Processing file /Users/punny/Documents/GitHub/NYC-Taxi-ETL-Pipeline/.venv/lib/python3.10/site-packages/airflow/example_dags/example_dataset_alias.py for tasks to queue
[2024-10-21T14:53:35.744+0700] {logging_mixin.py:190} INFO - [2024-10-21T14:53:35.744+0700] {dagbag.py:588} INFO - Filling up the DagBag from /Users/punny/Documents/GitHub/NYC-Taxi-ETL-Pipeline/.venv/lib/python3.10/site-packages/airflow/example_dags/example_dataset_alias.py
[2024-10-21T14:53:36.178+0700] {processor.py:925} INFO - DAG(s) 'dataset_s3_bucket_producer', 'dataset_alias_example_alias_consumer', 'dataset_alias_example_alias_producer', 'dataset_s3_bucket_consumer' retrieved from /Users/punny/Documents/GitHub/NYC-Taxi-ETL-Pipeline/.venv/lib/python3.10/site-packages/airflow/example_dags/example_dataset_alias.py
[2024-10-21T14:53:36.214+0700] {logging_mixin.py:190} INFO - [2024-10-21T14:53:36.213+0700] {dag.py:3239} INFO - Sync 4 DAGs
[2024-10-21T14:53:36.241+0700] {logging_mixin.py:190} INFO - [2024-10-21T14:53:36.241+0700] {dag.py:4180} INFO - Setting next_dagrun for dataset_alias_example_alias_consumer to None, run_after=None
[2024-10-21T14:53:36.244+0700] {logging_mixin.py:190} INFO - [2024-10-21T14:53:36.244+0700] {dag.py:4180} INFO - Setting next_dagrun for dataset_alias_example_alias_producer to None, run_after=None
[2024-10-21T14:53:36.246+0700] {logging_mixin.py:190} INFO - [2024-10-21T14:53:36.246+0700] {dag.py:4180} INFO - Setting next_dagrun for dataset_s3_bucket_consumer to None, run_after=None
[2024-10-21T14:53:36.248+0700] {logging_mixin.py:190} INFO - [2024-10-21T14:53:36.247+0700] {dag.py:4180} INFO - Setting next_dagrun for dataset_s3_bucket_producer to None, run_after=None
[2024-10-21T14:53:36.277+0700] {processor.py:208} INFO - Processing /Users/punny/Documents/GitHub/NYC-Taxi-ETL-Pipeline/.venv/lib/python3.10/site-packages/airflow/example_dags/example_dataset_alias.py took 0.549 seconds
[2024-10-21T15:02:47.783+0700] {processor.py:186} INFO - Started process (PID=38104) to work on /Users/punny/Documents/GitHub/NYC-Taxi-ETL-Pipeline/.venv/lib/python3.10/site-packages/airflow/example_dags/example_dataset_alias.py
[2024-10-21T15:02:47.788+0700] {processor.py:914} INFO - Processing file /Users/punny/Documents/GitHub/NYC-Taxi-ETL-Pipeline/.venv/lib/python3.10/site-packages/airflow/example_dags/example_dataset_alias.py for tasks to queue
[2024-10-21T15:02:47.790+0700] {logging_mixin.py:190} INFO - [2024-10-21T15:02:47.789+0700] {dagbag.py:588} INFO - Filling up the DagBag from /Users/punny/Documents/GitHub/NYC-Taxi-ETL-Pipeline/.venv/lib/python3.10/site-packages/airflow/example_dags/example_dataset_alias.py
[2024-10-21T15:02:48.276+0700] {processor.py:925} INFO - DAG(s) 'dataset_s3_bucket_producer', 'dataset_alias_example_alias_consumer', 'dataset_s3_bucket_consumer', 'dataset_alias_example_alias_producer' retrieved from /Users/punny/Documents/GitHub/NYC-Taxi-ETL-Pipeline/.venv/lib/python3.10/site-packages/airflow/example_dags/example_dataset_alias.py
[2024-10-21T15:02:48.330+0700] {logging_mixin.py:190} INFO - [2024-10-21T15:02:48.330+0700] {dag.py:3239} INFO - Sync 4 DAGs
[2024-10-21T15:02:48.372+0700] {logging_mixin.py:190} INFO - [2024-10-21T15:02:48.371+0700] {dag.py:4180} INFO - Setting next_dagrun for dataset_alias_example_alias_consumer to None, run_after=None
[2024-10-21T15:02:48.376+0700] {logging_mixin.py:190} INFO - [2024-10-21T15:02:48.376+0700] {dag.py:4180} INFO - Setting next_dagrun for dataset_alias_example_alias_producer to None, run_after=None
[2024-10-21T15:02:48.379+0700] {logging_mixin.py:190} INFO - [2024-10-21T15:02:48.379+0700] {dag.py:4180} INFO - Setting next_dagrun for dataset_s3_bucket_consumer to None, run_after=None
[2024-10-21T15:02:48.384+0700] {logging_mixin.py:190} INFO - [2024-10-21T15:02:48.383+0700] {dag.py:4180} INFO - Setting next_dagrun for dataset_s3_bucket_producer to None, run_after=None
[2024-10-21T15:02:48.426+0700] {processor.py:208} INFO - Processing /Users/punny/Documents/GitHub/NYC-Taxi-ETL-Pipeline/.venv/lib/python3.10/site-packages/airflow/example_dags/example_dataset_alias.py took 0.654 seconds
[2024-10-21T15:08:05.883+0700] {processor.py:186} INFO - Started process (PID=38752) to work on /Users/punny/Documents/GitHub/NYC-Taxi-ETL-Pipeline/.venv/lib/python3.10/site-packages/airflow/example_dags/example_dataset_alias.py
[2024-10-21T15:08:05.888+0700] {processor.py:914} INFO - Processing file /Users/punny/Documents/GitHub/NYC-Taxi-ETL-Pipeline/.venv/lib/python3.10/site-packages/airflow/example_dags/example_dataset_alias.py for tasks to queue
[2024-10-21T15:08:05.889+0700] {logging_mixin.py:190} INFO - [2024-10-21T15:08:05.889+0700] {dagbag.py:588} INFO - Filling up the DagBag from /Users/punny/Documents/GitHub/NYC-Taxi-ETL-Pipeline/.venv/lib/python3.10/site-packages/airflow/example_dags/example_dataset_alias.py
[2024-10-21T15:08:06.385+0700] {processor.py:925} INFO - DAG(s) 'dataset_s3_bucket_producer', 'dataset_alias_example_alias_consumer', 'dataset_s3_bucket_consumer', 'dataset_alias_example_alias_producer' retrieved from /Users/punny/Documents/GitHub/NYC-Taxi-ETL-Pipeline/.venv/lib/python3.10/site-packages/airflow/example_dags/example_dataset_alias.py
[2024-10-21T15:08:06.449+0700] {logging_mixin.py:190} INFO - [2024-10-21T15:08:06.448+0700] {dag.py:3239} INFO - Sync 4 DAGs
[2024-10-21T15:08:06.483+0700] {logging_mixin.py:190} INFO - [2024-10-21T15:08:06.483+0700] {dag.py:4180} INFO - Setting next_dagrun for dataset_alias_example_alias_consumer to None, run_after=None
[2024-10-21T15:08:06.486+0700] {logging_mixin.py:190} INFO - [2024-10-21T15:08:06.486+0700] {dag.py:4180} INFO - Setting next_dagrun for dataset_alias_example_alias_producer to None, run_after=None
[2024-10-21T15:08:06.488+0700] {logging_mixin.py:190} INFO - [2024-10-21T15:08:06.488+0700] {dag.py:4180} INFO - Setting next_dagrun for dataset_s3_bucket_consumer to None, run_after=None
[2024-10-21T15:08:06.490+0700] {logging_mixin.py:190} INFO - [2024-10-21T15:08:06.490+0700] {dag.py:4180} INFO - Setting next_dagrun for dataset_s3_bucket_producer to None, run_after=None
[2024-10-21T15:08:06.525+0700] {processor.py:208} INFO - Processing /Users/punny/Documents/GitHub/NYC-Taxi-ETL-Pipeline/.venv/lib/python3.10/site-packages/airflow/example_dags/example_dataset_alias.py took 0.657 seconds
[2024-10-21T15:16:55.011+0700] {processor.py:186} INFO - Started process (PID=39874) to work on /Users/punny/Documents/GitHub/NYC-Taxi-ETL-Pipeline/.venv/lib/python3.10/site-packages/airflow/example_dags/example_dataset_alias.py
[2024-10-21T15:16:55.016+0700] {processor.py:914} INFO - Processing file /Users/punny/Documents/GitHub/NYC-Taxi-ETL-Pipeline/.venv/lib/python3.10/site-packages/airflow/example_dags/example_dataset_alias.py for tasks to queue
[2024-10-21T15:16:55.017+0700] {logging_mixin.py:190} INFO - [2024-10-21T15:16:55.017+0700] {dagbag.py:588} INFO - Filling up the DagBag from /Users/punny/Documents/GitHub/NYC-Taxi-ETL-Pipeline/.venv/lib/python3.10/site-packages/airflow/example_dags/example_dataset_alias.py
[2024-10-21T15:16:55.452+0700] {processor.py:925} INFO - DAG(s) 'dataset_alias_example_alias_consumer', 'dataset_s3_bucket_producer', 'dataset_s3_bucket_consumer', 'dataset_alias_example_alias_producer' retrieved from /Users/punny/Documents/GitHub/NYC-Taxi-ETL-Pipeline/.venv/lib/python3.10/site-packages/airflow/example_dags/example_dataset_alias.py
[2024-10-21T15:16:55.503+0700] {logging_mixin.py:190} INFO - [2024-10-21T15:16:55.503+0700] {dag.py:3239} INFO - Sync 4 DAGs
[2024-10-21T15:16:55.540+0700] {logging_mixin.py:190} INFO - [2024-10-21T15:16:55.539+0700] {dag.py:4180} INFO - Setting next_dagrun for dataset_alias_example_alias_consumer to None, run_after=None
[2024-10-21T15:16:55.544+0700] {logging_mixin.py:190} INFO - [2024-10-21T15:16:55.543+0700] {dag.py:4180} INFO - Setting next_dagrun for dataset_alias_example_alias_producer to None, run_after=None
[2024-10-21T15:16:55.545+0700] {logging_mixin.py:190} INFO - [2024-10-21T15:16:55.545+0700] {dag.py:4180} INFO - Setting next_dagrun for dataset_s3_bucket_consumer to None, run_after=None
[2024-10-21T15:16:55.547+0700] {logging_mixin.py:190} INFO - [2024-10-21T15:16:55.547+0700] {dag.py:4180} INFO - Setting next_dagrun for dataset_s3_bucket_producer to None, run_after=None
[2024-10-21T15:16:55.589+0700] {processor.py:208} INFO - Processing /Users/punny/Documents/GitHub/NYC-Taxi-ETL-Pipeline/.venv/lib/python3.10/site-packages/airflow/example_dags/example_dataset_alias.py took 0.597 seconds
[2024-10-21T15:25:10.612+0700] {processor.py:186} INFO - Started process (PID=40921) to work on /Users/punny/Documents/GitHub/NYC-Taxi-ETL-Pipeline/.venv/lib/python3.10/site-packages/airflow/example_dags/example_dataset_alias.py
[2024-10-21T15:25:10.617+0700] {processor.py:914} INFO - Processing file /Users/punny/Documents/GitHub/NYC-Taxi-ETL-Pipeline/.venv/lib/python3.10/site-packages/airflow/example_dags/example_dataset_alias.py for tasks to queue
[2024-10-21T15:25:10.619+0700] {logging_mixin.py:190} INFO - [2024-10-21T15:25:10.619+0700] {dagbag.py:588} INFO - Filling up the DagBag from /Users/punny/Documents/GitHub/NYC-Taxi-ETL-Pipeline/.venv/lib/python3.10/site-packages/airflow/example_dags/example_dataset_alias.py
[2024-10-21T15:25:11.006+0700] {processor.py:925} INFO - DAG(s) 'dataset_alias_example_alias_consumer', 'dataset_s3_bucket_producer', 'dataset_alias_example_alias_producer', 'dataset_s3_bucket_consumer' retrieved from /Users/punny/Documents/GitHub/NYC-Taxi-ETL-Pipeline/.venv/lib/python3.10/site-packages/airflow/example_dags/example_dataset_alias.py
[2024-10-21T15:25:11.051+0700] {logging_mixin.py:190} INFO - [2024-10-21T15:25:11.049+0700] {dag.py:3239} INFO - Sync 4 DAGs
[2024-10-21T15:25:11.081+0700] {logging_mixin.py:190} INFO - [2024-10-21T15:25:11.080+0700] {dag.py:4180} INFO - Setting next_dagrun for dataset_alias_example_alias_consumer to None, run_after=None
[2024-10-21T15:25:11.086+0700] {logging_mixin.py:190} INFO - [2024-10-21T15:25:11.086+0700] {dag.py:4180} INFO - Setting next_dagrun for dataset_alias_example_alias_producer to None, run_after=None
[2024-10-21T15:25:11.087+0700] {logging_mixin.py:190} INFO - [2024-10-21T15:25:11.087+0700] {dag.py:4180} INFO - Setting next_dagrun for dataset_s3_bucket_consumer to None, run_after=None
[2024-10-21T15:25:11.090+0700] {logging_mixin.py:190} INFO - [2024-10-21T15:25:11.090+0700] {dag.py:4180} INFO - Setting next_dagrun for dataset_s3_bucket_producer to None, run_after=None
[2024-10-21T15:25:11.130+0700] {processor.py:208} INFO - Processing /Users/punny/Documents/GitHub/NYC-Taxi-ETL-Pipeline/.venv/lib/python3.10/site-packages/airflow/example_dags/example_dataset_alias.py took 0.528 seconds
[2024-10-21T15:33:16.822+0700] {processor.py:186} INFO - Started process (PID=41955) to work on /Users/punny/Documents/GitHub/NYC-Taxi-ETL-Pipeline/.venv/lib/python3.10/site-packages/airflow/example_dags/example_dataset_alias.py
[2024-10-21T15:33:16.827+0700] {processor.py:914} INFO - Processing file /Users/punny/Documents/GitHub/NYC-Taxi-ETL-Pipeline/.venv/lib/python3.10/site-packages/airflow/example_dags/example_dataset_alias.py for tasks to queue
[2024-10-21T15:33:16.830+0700] {logging_mixin.py:190} INFO - [2024-10-21T15:33:16.829+0700] {dagbag.py:588} INFO - Filling up the DagBag from /Users/punny/Documents/GitHub/NYC-Taxi-ETL-Pipeline/.venv/lib/python3.10/site-packages/airflow/example_dags/example_dataset_alias.py
[2024-10-21T15:33:17.223+0700] {processor.py:925} INFO - DAG(s) 'dataset_s3_bucket_consumer', 'dataset_alias_example_alias_producer', 'dataset_alias_example_alias_consumer', 'dataset_s3_bucket_producer' retrieved from /Users/punny/Documents/GitHub/NYC-Taxi-ETL-Pipeline/.venv/lib/python3.10/site-packages/airflow/example_dags/example_dataset_alias.py
[2024-10-21T15:33:17.271+0700] {logging_mixin.py:190} INFO - [2024-10-21T15:33:17.270+0700] {dag.py:3239} INFO - Sync 4 DAGs
[2024-10-21T15:33:17.304+0700] {logging_mixin.py:190} INFO - [2024-10-21T15:33:17.304+0700] {dag.py:4180} INFO - Setting next_dagrun for dataset_alias_example_alias_consumer to None, run_after=None
[2024-10-21T15:33:17.308+0700] {logging_mixin.py:190} INFO - [2024-10-21T15:33:17.308+0700] {dag.py:4180} INFO - Setting next_dagrun for dataset_alias_example_alias_producer to None, run_after=None
[2024-10-21T15:33:17.312+0700] {logging_mixin.py:190} INFO - [2024-10-21T15:33:17.311+0700] {dag.py:4180} INFO - Setting next_dagrun for dataset_s3_bucket_consumer to None, run_after=None
[2024-10-21T15:33:17.313+0700] {logging_mixin.py:190} INFO - [2024-10-21T15:33:17.313+0700] {dag.py:4180} INFO - Setting next_dagrun for dataset_s3_bucket_producer to None, run_after=None
[2024-10-21T15:33:17.364+0700] {processor.py:208} INFO - Processing /Users/punny/Documents/GitHub/NYC-Taxi-ETL-Pipeline/.venv/lib/python3.10/site-packages/airflow/example_dags/example_dataset_alias.py took 0.553 seconds
[2024-10-21T15:41:09.683+0700] {processor.py:186} INFO - Started process (PID=43039) to work on /Users/punny/Documents/GitHub/NYC-Taxi-ETL-Pipeline/.venv/lib/python3.10/site-packages/airflow/example_dags/example_dataset_alias.py
[2024-10-21T15:41:09.689+0700] {processor.py:914} INFO - Processing file /Users/punny/Documents/GitHub/NYC-Taxi-ETL-Pipeline/.venv/lib/python3.10/site-packages/airflow/example_dags/example_dataset_alias.py for tasks to queue
[2024-10-21T15:41:09.690+0700] {logging_mixin.py:190} INFO - [2024-10-21T15:41:09.690+0700] {dagbag.py:588} INFO - Filling up the DagBag from /Users/punny/Documents/GitHub/NYC-Taxi-ETL-Pipeline/.venv/lib/python3.10/site-packages/airflow/example_dags/example_dataset_alias.py
[2024-10-21T15:41:10.053+0700] {processor.py:925} INFO - DAG(s) 'dataset_s3_bucket_consumer', 'dataset_alias_example_alias_producer', 'dataset_s3_bucket_producer', 'dataset_alias_example_alias_consumer' retrieved from /Users/punny/Documents/GitHub/NYC-Taxi-ETL-Pipeline/.venv/lib/python3.10/site-packages/airflow/example_dags/example_dataset_alias.py
[2024-10-21T15:41:10.096+0700] {logging_mixin.py:190} INFO - [2024-10-21T15:41:10.095+0700] {dag.py:3239} INFO - Sync 4 DAGs
[2024-10-21T15:41:10.126+0700] {logging_mixin.py:190} INFO - [2024-10-21T15:41:10.126+0700] {dag.py:4180} INFO - Setting next_dagrun for dataset_alias_example_alias_consumer to None, run_after=None
[2024-10-21T15:41:10.131+0700] {logging_mixin.py:190} INFO - [2024-10-21T15:41:10.131+0700] {dag.py:4180} INFO - Setting next_dagrun for dataset_alias_example_alias_producer to None, run_after=None
[2024-10-21T15:41:10.132+0700] {logging_mixin.py:190} INFO - [2024-10-21T15:41:10.132+0700] {dag.py:4180} INFO - Setting next_dagrun for dataset_s3_bucket_consumer to None, run_after=None
[2024-10-21T15:41:10.133+0700] {logging_mixin.py:190} INFO - [2024-10-21T15:41:10.133+0700] {dag.py:4180} INFO - Setting next_dagrun for dataset_s3_bucket_producer to None, run_after=None
[2024-10-21T15:41:10.170+0700] {processor.py:208} INFO - Processing /Users/punny/Documents/GitHub/NYC-Taxi-ETL-Pipeline/.venv/lib/python3.10/site-packages/airflow/example_dags/example_dataset_alias.py took 0.494 seconds
[2024-10-21T15:48:55.123+0700] {processor.py:186} INFO - Started process (PID=43985) to work on /Users/punny/Documents/GitHub/NYC-Taxi-ETL-Pipeline/.venv/lib/python3.10/site-packages/airflow/example_dags/example_dataset_alias.py
[2024-10-21T15:48:55.128+0700] {processor.py:914} INFO - Processing file /Users/punny/Documents/GitHub/NYC-Taxi-ETL-Pipeline/.venv/lib/python3.10/site-packages/airflow/example_dags/example_dataset_alias.py for tasks to queue
[2024-10-21T15:48:55.130+0700] {logging_mixin.py:190} INFO - [2024-10-21T15:48:55.130+0700] {dagbag.py:588} INFO - Filling up the DagBag from /Users/punny/Documents/GitHub/NYC-Taxi-ETL-Pipeline/.venv/lib/python3.10/site-packages/airflow/example_dags/example_dataset_alias.py
[2024-10-21T15:48:55.498+0700] {processor.py:925} INFO - DAG(s) 'dataset_alias_example_alias_consumer', 'dataset_s3_bucket_consumer', 'dataset_s3_bucket_producer', 'dataset_alias_example_alias_producer' retrieved from /Users/punny/Documents/GitHub/NYC-Taxi-ETL-Pipeline/.venv/lib/python3.10/site-packages/airflow/example_dags/example_dataset_alias.py
[2024-10-21T15:48:55.553+0700] {logging_mixin.py:190} INFO - [2024-10-21T15:48:55.552+0700] {dag.py:3239} INFO - Sync 4 DAGs
[2024-10-21T15:48:55.588+0700] {logging_mixin.py:190} INFO - [2024-10-21T15:48:55.587+0700] {dag.py:4180} INFO - Setting next_dagrun for dataset_alias_example_alias_consumer to None, run_after=None
[2024-10-21T15:48:55.592+0700] {logging_mixin.py:190} INFO - [2024-10-21T15:48:55.591+0700] {dag.py:4180} INFO - Setting next_dagrun for dataset_alias_example_alias_producer to None, run_after=None
[2024-10-21T15:48:55.594+0700] {logging_mixin.py:190} INFO - [2024-10-21T15:48:55.593+0700] {dag.py:4180} INFO - Setting next_dagrun for dataset_s3_bucket_consumer to None, run_after=None
[2024-10-21T15:48:55.596+0700] {logging_mixin.py:190} INFO - [2024-10-21T15:48:55.595+0700] {dag.py:4180} INFO - Setting next_dagrun for dataset_s3_bucket_producer to None, run_after=None
[2024-10-21T15:48:55.634+0700] {processor.py:208} INFO - Processing /Users/punny/Documents/GitHub/NYC-Taxi-ETL-Pipeline/.venv/lib/python3.10/site-packages/airflow/example_dags/example_dataset_alias.py took 0.520 seconds
[2024-10-21T15:56:54.558+0700] {processor.py:186} INFO - Started process (PID=45019) to work on /Users/punny/Documents/GitHub/NYC-Taxi-ETL-Pipeline/.venv/lib/python3.10/site-packages/airflow/example_dags/example_dataset_alias.py
[2024-10-21T15:56:54.564+0700] {processor.py:914} INFO - Processing file /Users/punny/Documents/GitHub/NYC-Taxi-ETL-Pipeline/.venv/lib/python3.10/site-packages/airflow/example_dags/example_dataset_alias.py for tasks to queue
[2024-10-21T15:56:54.566+0700] {logging_mixin.py:190} INFO - [2024-10-21T15:56:54.565+0700] {dagbag.py:588} INFO - Filling up the DagBag from /Users/punny/Documents/GitHub/NYC-Taxi-ETL-Pipeline/.venv/lib/python3.10/site-packages/airflow/example_dags/example_dataset_alias.py
[2024-10-21T15:56:55.187+0700] {processor.py:925} INFO - DAG(s) 'dataset_alias_example_alias_consumer', 'dataset_alias_example_alias_producer', 'dataset_s3_bucket_consumer', 'dataset_s3_bucket_producer' retrieved from /Users/punny/Documents/GitHub/NYC-Taxi-ETL-Pipeline/.venv/lib/python3.10/site-packages/airflow/example_dags/example_dataset_alias.py
[2024-10-21T15:56:55.239+0700] {logging_mixin.py:190} INFO - [2024-10-21T15:56:55.238+0700] {dag.py:3239} INFO - Sync 4 DAGs
[2024-10-21T15:56:55.272+0700] {logging_mixin.py:190} INFO - [2024-10-21T15:56:55.272+0700] {dag.py:4180} INFO - Setting next_dagrun for dataset_alias_example_alias_consumer to None, run_after=None
[2024-10-21T15:56:55.277+0700] {logging_mixin.py:190} INFO - [2024-10-21T15:56:55.276+0700] {dag.py:4180} INFO - Setting next_dagrun for dataset_alias_example_alias_producer to None, run_after=None
[2024-10-21T15:56:55.279+0700] {logging_mixin.py:190} INFO - [2024-10-21T15:56:55.279+0700] {dag.py:4180} INFO - Setting next_dagrun for dataset_s3_bucket_consumer to None, run_after=None
[2024-10-21T15:56:55.282+0700] {logging_mixin.py:190} INFO - [2024-10-21T15:56:55.282+0700] {dag.py:4180} INFO - Setting next_dagrun for dataset_s3_bucket_producer to None, run_after=None
[2024-10-21T15:56:55.319+0700] {processor.py:208} INFO - Processing /Users/punny/Documents/GitHub/NYC-Taxi-ETL-Pipeline/.venv/lib/python3.10/site-packages/airflow/example_dags/example_dataset_alias.py took 0.769 seconds
[2024-10-21T20:39:11.695+0700] {processor.py:186} INFO - Started process (PID=4438) to work on /Users/punny/Documents/GitHub/NYC-Taxi-ETL-Pipeline/.venv/lib/python3.10/site-packages/airflow/example_dags/example_dataset_alias.py
[2024-10-21T20:39:11.699+0700] {processor.py:914} INFO - Processing file /Users/punny/Documents/GitHub/NYC-Taxi-ETL-Pipeline/.venv/lib/python3.10/site-packages/airflow/example_dags/example_dataset_alias.py for tasks to queue
[2024-10-21T20:39:11.701+0700] {logging_mixin.py:190} INFO - [2024-10-21T20:39:11.701+0700] {dagbag.py:588} INFO - Filling up the DagBag from /Users/punny/Documents/GitHub/NYC-Taxi-ETL-Pipeline/.venv/lib/python3.10/site-packages/airflow/example_dags/example_dataset_alias.py
[2024-10-21T20:39:11.975+0700] {processor.py:925} INFO - DAG(s) 'dataset_s3_bucket_producer', 'dataset_alias_example_alias_consumer', 'dataset_s3_bucket_consumer', 'dataset_alias_example_alias_producer' retrieved from /Users/punny/Documents/GitHub/NYC-Taxi-ETL-Pipeline/.venv/lib/python3.10/site-packages/airflow/example_dags/example_dataset_alias.py
[2024-10-21T20:39:12.007+0700] {logging_mixin.py:190} INFO - [2024-10-21T20:39:12.006+0700] {dag.py:3239} INFO - Sync 4 DAGs
[2024-10-21T20:39:12.028+0700] {logging_mixin.py:190} INFO - [2024-10-21T20:39:12.028+0700] {dag.py:4180} INFO - Setting next_dagrun for dataset_alias_example_alias_consumer to None, run_after=None
[2024-10-21T20:39:12.031+0700] {logging_mixin.py:190} INFO - [2024-10-21T20:39:12.031+0700] {dag.py:4180} INFO - Setting next_dagrun for dataset_alias_example_alias_producer to None, run_after=None
[2024-10-21T20:39:12.032+0700] {logging_mixin.py:190} INFO - [2024-10-21T20:39:12.032+0700] {dag.py:4180} INFO - Setting next_dagrun for dataset_s3_bucket_consumer to None, run_after=None
[2024-10-21T20:39:12.033+0700] {logging_mixin.py:190} INFO - [2024-10-21T20:39:12.033+0700] {dag.py:4180} INFO - Setting next_dagrun for dataset_s3_bucket_producer to None, run_after=None
[2024-10-21T20:39:12.058+0700] {processor.py:208} INFO - Processing /Users/punny/Documents/GitHub/NYC-Taxi-ETL-Pipeline/.venv/lib/python3.10/site-packages/airflow/example_dags/example_dataset_alias.py took 0.372 seconds
[2024-10-21T20:42:50.180+0700] {processor.py:186} INFO - Started process (PID=4778) to work on /Users/punny/Documents/GitHub/NYC-Taxi-ETL-Pipeline/.venv/lib/python3.10/site-packages/airflow/example_dags/example_dataset_alias.py
[2024-10-21T20:42:50.185+0700] {processor.py:914} INFO - Processing file /Users/punny/Documents/GitHub/NYC-Taxi-ETL-Pipeline/.venv/lib/python3.10/site-packages/airflow/example_dags/example_dataset_alias.py for tasks to queue
[2024-10-21T20:42:50.187+0700] {logging_mixin.py:190} INFO - [2024-10-21T20:42:50.187+0700] {dagbag.py:588} INFO - Filling up the DagBag from /Users/punny/Documents/GitHub/NYC-Taxi-ETL-Pipeline/.venv/lib/python3.10/site-packages/airflow/example_dags/example_dataset_alias.py
[2024-10-21T20:42:50.922+0700] {processor.py:925} INFO - DAG(s) 'dataset_alias_example_alias_producer', 'dataset_s3_bucket_producer', 'dataset_s3_bucket_consumer', 'dataset_alias_example_alias_consumer' retrieved from /Users/punny/Documents/GitHub/NYC-Taxi-ETL-Pipeline/.venv/lib/python3.10/site-packages/airflow/example_dags/example_dataset_alias.py
[2024-10-21T20:42:50.996+0700] {logging_mixin.py:190} INFO - [2024-10-21T20:42:50.995+0700] {dag.py:3239} INFO - Sync 4 DAGs
[2024-10-21T20:42:51.047+0700] {logging_mixin.py:190} INFO - [2024-10-21T20:42:51.046+0700] {dag.py:4180} INFO - Setting next_dagrun for dataset_alias_example_alias_consumer to None, run_after=None
[2024-10-21T20:42:51.052+0700] {logging_mixin.py:190} INFO - [2024-10-21T20:42:51.052+0700] {dag.py:4180} INFO - Setting next_dagrun for dataset_alias_example_alias_producer to None, run_after=None
[2024-10-21T20:42:51.066+0700] {logging_mixin.py:190} INFO - [2024-10-21T20:42:51.065+0700] {dag.py:4180} INFO - Setting next_dagrun for dataset_s3_bucket_consumer to None, run_after=None
[2024-10-21T20:42:51.069+0700] {logging_mixin.py:190} INFO - [2024-10-21T20:42:51.068+0700] {dag.py:4180} INFO - Setting next_dagrun for dataset_s3_bucket_producer to None, run_after=None
[2024-10-21T20:42:51.137+0700] {processor.py:208} INFO - Processing /Users/punny/Documents/GitHub/NYC-Taxi-ETL-Pipeline/.venv/lib/python3.10/site-packages/airflow/example_dags/example_dataset_alias.py took 0.965 seconds
[2024-10-21T20:50:31.133+0700] {processor.py:186} INFO - Started process (PID=5477) to work on /Users/punny/Documents/GitHub/NYC-Taxi-ETL-Pipeline/.venv/lib/python3.10/site-packages/airflow/example_dags/example_dataset_alias.py
[2024-10-21T20:50:31.137+0700] {processor.py:914} INFO - Processing file /Users/punny/Documents/GitHub/NYC-Taxi-ETL-Pipeline/.venv/lib/python3.10/site-packages/airflow/example_dags/example_dataset_alias.py for tasks to queue
[2024-10-21T20:50:31.138+0700] {logging_mixin.py:190} INFO - [2024-10-21T20:50:31.138+0700] {dagbag.py:588} INFO - Filling up the DagBag from /Users/punny/Documents/GitHub/NYC-Taxi-ETL-Pipeline/.venv/lib/python3.10/site-packages/airflow/example_dags/example_dataset_alias.py
[2024-10-21T20:50:31.440+0700] {processor.py:925} INFO - DAG(s) 'dataset_alias_example_alias_producer', 'dataset_s3_bucket_producer', 'dataset_alias_example_alias_consumer', 'dataset_s3_bucket_consumer' retrieved from /Users/punny/Documents/GitHub/NYC-Taxi-ETL-Pipeline/.venv/lib/python3.10/site-packages/airflow/example_dags/example_dataset_alias.py
[2024-10-21T20:50:31.477+0700] {logging_mixin.py:190} INFO - [2024-10-21T20:50:31.477+0700] {dag.py:3239} INFO - Sync 4 DAGs
[2024-10-21T20:50:31.503+0700] {logging_mixin.py:190} INFO - [2024-10-21T20:50:31.502+0700] {dag.py:4180} INFO - Setting next_dagrun for dataset_alias_example_alias_consumer to None, run_after=None
[2024-10-21T20:50:31.506+0700] {logging_mixin.py:190} INFO - [2024-10-21T20:50:31.506+0700] {dag.py:4180} INFO - Setting next_dagrun for dataset_alias_example_alias_producer to None, run_after=None
[2024-10-21T20:50:31.507+0700] {logging_mixin.py:190} INFO - [2024-10-21T20:50:31.507+0700] {dag.py:4180} INFO - Setting next_dagrun for dataset_s3_bucket_consumer to None, run_after=None
[2024-10-21T20:50:31.509+0700] {logging_mixin.py:190} INFO - [2024-10-21T20:50:31.509+0700] {dag.py:4180} INFO - Setting next_dagrun for dataset_s3_bucket_producer to None, run_after=None
[2024-10-21T20:50:31.537+0700] {processor.py:208} INFO - Processing /Users/punny/Documents/GitHub/NYC-Taxi-ETL-Pipeline/.venv/lib/python3.10/site-packages/airflow/example_dags/example_dataset_alias.py took 0.414 seconds
[2024-10-21T20:58:27.069+0700] {processor.py:186} INFO - Started process (PID=6342) to work on /Users/punny/Documents/GitHub/NYC-Taxi-ETL-Pipeline/.venv/lib/python3.10/site-packages/airflow/example_dags/example_dataset_alias.py
[2024-10-21T20:58:27.073+0700] {processor.py:914} INFO - Processing file /Users/punny/Documents/GitHub/NYC-Taxi-ETL-Pipeline/.venv/lib/python3.10/site-packages/airflow/example_dags/example_dataset_alias.py for tasks to queue
[2024-10-21T20:58:27.075+0700] {logging_mixin.py:190} INFO - [2024-10-21T20:58:27.074+0700] {dagbag.py:588} INFO - Filling up the DagBag from /Users/punny/Documents/GitHub/NYC-Taxi-ETL-Pipeline/.venv/lib/python3.10/site-packages/airflow/example_dags/example_dataset_alias.py
[2024-10-21T20:58:27.363+0700] {processor.py:925} INFO - DAG(s) 'dataset_alias_example_alias_producer', 'dataset_s3_bucket_producer', 'dataset_s3_bucket_consumer', 'dataset_alias_example_alias_consumer' retrieved from /Users/punny/Documents/GitHub/NYC-Taxi-ETL-Pipeline/.venv/lib/python3.10/site-packages/airflow/example_dags/example_dataset_alias.py
[2024-10-21T20:58:27.398+0700] {logging_mixin.py:190} INFO - [2024-10-21T20:58:27.398+0700] {dag.py:3239} INFO - Sync 4 DAGs
[2024-10-21T20:58:27.423+0700] {logging_mixin.py:190} INFO - [2024-10-21T20:58:27.423+0700] {dag.py:4180} INFO - Setting next_dagrun for dataset_alias_example_alias_consumer to None, run_after=None
[2024-10-21T20:58:27.426+0700] {logging_mixin.py:190} INFO - [2024-10-21T20:58:27.426+0700] {dag.py:4180} INFO - Setting next_dagrun for dataset_alias_example_alias_producer to None, run_after=None
[2024-10-21T20:58:27.428+0700] {logging_mixin.py:190} INFO - [2024-10-21T20:58:27.427+0700] {dag.py:4180} INFO - Setting next_dagrun for dataset_s3_bucket_consumer to None, run_after=None
[2024-10-21T20:58:27.429+0700] {logging_mixin.py:190} INFO - [2024-10-21T20:58:27.429+0700] {dag.py:4180} INFO - Setting next_dagrun for dataset_s3_bucket_producer to None, run_after=None
[2024-10-21T20:58:27.458+0700] {processor.py:208} INFO - Processing /Users/punny/Documents/GitHub/NYC-Taxi-ETL-Pipeline/.venv/lib/python3.10/site-packages/airflow/example_dags/example_dataset_alias.py took 0.397 seconds
[2024-10-21T21:02:55.980+0700] {processor.py:186} INFO - Started process (PID=6639) to work on /Users/punny/Documents/GitHub/NYC-Taxi-ETL-Pipeline/.venv/lib/python3.10/site-packages/airflow/example_dags/example_dataset_alias.py
[2024-10-21T21:02:55.983+0700] {processor.py:914} INFO - Processing file /Users/punny/Documents/GitHub/NYC-Taxi-ETL-Pipeline/.venv/lib/python3.10/site-packages/airflow/example_dags/example_dataset_alias.py for tasks to queue
[2024-10-21T21:02:55.985+0700] {logging_mixin.py:190} INFO - [2024-10-21T21:02:55.985+0700] {dagbag.py:588} INFO - Filling up the DagBag from /Users/punny/Documents/GitHub/NYC-Taxi-ETL-Pipeline/.venv/lib/python3.10/site-packages/airflow/example_dags/example_dataset_alias.py
[2024-10-21T21:02:56.293+0700] {processor.py:925} INFO - DAG(s) 'dataset_alias_example_alias_consumer', 'dataset_s3_bucket_producer', 'dataset_alias_example_alias_producer', 'dataset_s3_bucket_consumer' retrieved from /Users/punny/Documents/GitHub/NYC-Taxi-ETL-Pipeline/.venv/lib/python3.10/site-packages/airflow/example_dags/example_dataset_alias.py
[2024-10-21T21:02:56.329+0700] {logging_mixin.py:190} INFO - [2024-10-21T21:02:56.329+0700] {dag.py:3239} INFO - Sync 4 DAGs
[2024-10-21T21:02:56.354+0700] {logging_mixin.py:190} INFO - [2024-10-21T21:02:56.353+0700] {dag.py:4180} INFO - Setting next_dagrun for dataset_alias_example_alias_consumer to None, run_after=None
[2024-10-21T21:02:56.356+0700] {logging_mixin.py:190} INFO - [2024-10-21T21:02:56.356+0700] {dag.py:4180} INFO - Setting next_dagrun for dataset_alias_example_alias_producer to None, run_after=None
[2024-10-21T21:02:56.358+0700] {logging_mixin.py:190} INFO - [2024-10-21T21:02:56.358+0700] {dag.py:4180} INFO - Setting next_dagrun for dataset_s3_bucket_consumer to None, run_after=None
[2024-10-21T21:02:56.359+0700] {logging_mixin.py:190} INFO - [2024-10-21T21:02:56.359+0700] {dag.py:4180} INFO - Setting next_dagrun for dataset_s3_bucket_producer to None, run_after=None
[2024-10-21T21:02:56.388+0700] {processor.py:208} INFO - Processing /Users/punny/Documents/GitHub/NYC-Taxi-ETL-Pipeline/.venv/lib/python3.10/site-packages/airflow/example_dags/example_dataset_alias.py took 0.417 seconds
[2024-10-21T21:09:53.543+0700] {processor.py:186} INFO - Started process (PID=7170) to work on /Users/punny/Documents/GitHub/NYC-Taxi-ETL-Pipeline/.venv/lib/python3.10/site-packages/airflow/example_dags/example_dataset_alias.py
[2024-10-21T21:09:53.547+0700] {processor.py:914} INFO - Processing file /Users/punny/Documents/GitHub/NYC-Taxi-ETL-Pipeline/.venv/lib/python3.10/site-packages/airflow/example_dags/example_dataset_alias.py for tasks to queue
[2024-10-21T21:09:53.548+0700] {logging_mixin.py:190} INFO - [2024-10-21T21:09:53.548+0700] {dagbag.py:588} INFO - Filling up the DagBag from /Users/punny/Documents/GitHub/NYC-Taxi-ETL-Pipeline/.venv/lib/python3.10/site-packages/airflow/example_dags/example_dataset_alias.py
[2024-10-21T21:09:53.845+0700] {processor.py:925} INFO - DAG(s) 'dataset_s3_bucket_producer', 'dataset_alias_example_alias_consumer', 'dataset_alias_example_alias_producer', 'dataset_s3_bucket_consumer' retrieved from /Users/punny/Documents/GitHub/NYC-Taxi-ETL-Pipeline/.venv/lib/python3.10/site-packages/airflow/example_dags/example_dataset_alias.py
[2024-10-21T21:09:53.876+0700] {logging_mixin.py:190} INFO - [2024-10-21T21:09:53.876+0700] {dag.py:3239} INFO - Sync 4 DAGs
[2024-10-21T21:09:53.899+0700] {logging_mixin.py:190} INFO - [2024-10-21T21:09:53.899+0700] {dag.py:4180} INFO - Setting next_dagrun for dataset_alias_example_alias_consumer to None, run_after=None
[2024-10-21T21:09:53.902+0700] {logging_mixin.py:190} INFO - [2024-10-21T21:09:53.901+0700] {dag.py:4180} INFO - Setting next_dagrun for dataset_alias_example_alias_producer to None, run_after=None
[2024-10-21T21:09:53.903+0700] {logging_mixin.py:190} INFO - [2024-10-21T21:09:53.903+0700] {dag.py:4180} INFO - Setting next_dagrun for dataset_s3_bucket_consumer to None, run_after=None
[2024-10-21T21:09:53.904+0700] {logging_mixin.py:190} INFO - [2024-10-21T21:09:53.904+0700] {dag.py:4180} INFO - Setting next_dagrun for dataset_s3_bucket_producer to None, run_after=None
[2024-10-21T21:09:53.931+0700] {processor.py:208} INFO - Processing /Users/punny/Documents/GitHub/NYC-Taxi-ETL-Pipeline/.venv/lib/python3.10/site-packages/airflow/example_dags/example_dataset_alias.py took 0.398 seconds
[2024-10-21T21:16:02.949+0700] {processor.py:186} INFO - Started process (PID=7817) to work on /Users/punny/Documents/GitHub/NYC-Taxi-ETL-Pipeline/.venv/lib/python3.10/site-packages/airflow/example_dags/example_dataset_alias.py
[2024-10-21T21:16:02.952+0700] {processor.py:914} INFO - Processing file /Users/punny/Documents/GitHub/NYC-Taxi-ETL-Pipeline/.venv/lib/python3.10/site-packages/airflow/example_dags/example_dataset_alias.py for tasks to queue
[2024-10-21T21:16:02.953+0700] {logging_mixin.py:190} INFO - [2024-10-21T21:16:02.953+0700] {dagbag.py:588} INFO - Filling up the DagBag from /Users/punny/Documents/GitHub/NYC-Taxi-ETL-Pipeline/.venv/lib/python3.10/site-packages/airflow/example_dags/example_dataset_alias.py
[2024-10-21T21:16:03.217+0700] {processor.py:925} INFO - DAG(s) 'dataset_alias_example_alias_consumer', 'dataset_alias_example_alias_producer', 'dataset_s3_bucket_producer', 'dataset_s3_bucket_consumer' retrieved from /Users/punny/Documents/GitHub/NYC-Taxi-ETL-Pipeline/.venv/lib/python3.10/site-packages/airflow/example_dags/example_dataset_alias.py
[2024-10-21T21:16:03.252+0700] {logging_mixin.py:190} INFO - [2024-10-21T21:16:03.252+0700] {dag.py:3239} INFO - Sync 4 DAGs
[2024-10-21T21:16:03.279+0700] {logging_mixin.py:190} INFO - [2024-10-21T21:16:03.279+0700] {dag.py:4180} INFO - Setting next_dagrun for dataset_alias_example_alias_consumer to None, run_after=None
[2024-10-21T21:16:03.281+0700] {logging_mixin.py:190} INFO - [2024-10-21T21:16:03.281+0700] {dag.py:4180} INFO - Setting next_dagrun for dataset_alias_example_alias_producer to None, run_after=None
[2024-10-21T21:16:03.283+0700] {logging_mixin.py:190} INFO - [2024-10-21T21:16:03.282+0700] {dag.py:4180} INFO - Setting next_dagrun for dataset_s3_bucket_consumer to None, run_after=None
[2024-10-21T21:16:03.284+0700] {logging_mixin.py:190} INFO - [2024-10-21T21:16:03.284+0700] {dag.py:4180} INFO - Setting next_dagrun for dataset_s3_bucket_producer to None, run_after=None
[2024-10-21T21:16:03.318+0700] {processor.py:208} INFO - Processing /Users/punny/Documents/GitHub/NYC-Taxi-ETL-Pipeline/.venv/lib/python3.10/site-packages/airflow/example_dags/example_dataset_alias.py took 0.378 seconds
[2024-10-21T21:22:09.272+0700] {processor.py:186} INFO - Started process (PID=8163) to work on /Users/punny/Documents/GitHub/NYC-Taxi-ETL-Pipeline/.venv/lib/python3.10/site-packages/airflow/example_dags/example_dataset_alias.py
[2024-10-21T21:22:09.276+0700] {processor.py:914} INFO - Processing file /Users/punny/Documents/GitHub/NYC-Taxi-ETL-Pipeline/.venv/lib/python3.10/site-packages/airflow/example_dags/example_dataset_alias.py for tasks to queue
[2024-10-21T21:22:09.277+0700] {logging_mixin.py:190} INFO - [2024-10-21T21:22:09.277+0700] {dagbag.py:588} INFO - Filling up the DagBag from /Users/punny/Documents/GitHub/NYC-Taxi-ETL-Pipeline/.venv/lib/python3.10/site-packages/airflow/example_dags/example_dataset_alias.py
[2024-10-21T21:22:09.536+0700] {processor.py:925} INFO - DAG(s) 'dataset_s3_bucket_producer', 'dataset_alias_example_alias_producer', 'dataset_alias_example_alias_consumer', 'dataset_s3_bucket_consumer' retrieved from /Users/punny/Documents/GitHub/NYC-Taxi-ETL-Pipeline/.venv/lib/python3.10/site-packages/airflow/example_dags/example_dataset_alias.py
[2024-10-21T21:22:09.566+0700] {logging_mixin.py:190} INFO - [2024-10-21T21:22:09.566+0700] {dag.py:3239} INFO - Sync 4 DAGs
[2024-10-21T21:22:09.588+0700] {logging_mixin.py:190} INFO - [2024-10-21T21:22:09.588+0700] {dag.py:4180} INFO - Setting next_dagrun for dataset_alias_example_alias_consumer to None, run_after=None
[2024-10-21T21:22:09.590+0700] {logging_mixin.py:190} INFO - [2024-10-21T21:22:09.590+0700] {dag.py:4180} INFO - Setting next_dagrun for dataset_alias_example_alias_producer to None, run_after=None
[2024-10-21T21:22:09.592+0700] {logging_mixin.py:190} INFO - [2024-10-21T21:22:09.591+0700] {dag.py:4180} INFO - Setting next_dagrun for dataset_s3_bucket_consumer to None, run_after=None
[2024-10-21T21:22:09.593+0700] {logging_mixin.py:190} INFO - [2024-10-21T21:22:09.593+0700] {dag.py:4180} INFO - Setting next_dagrun for dataset_s3_bucket_producer to None, run_after=None
[2024-10-21T21:22:09.618+0700] {processor.py:208} INFO - Processing /Users/punny/Documents/GitHub/NYC-Taxi-ETL-Pipeline/.venv/lib/python3.10/site-packages/airflow/example_dags/example_dataset_alias.py took 0.352 seconds
[2024-10-21T21:28:43.619+0700] {processor.py:186} INFO - Started process (PID=8799) to work on /Users/punny/Documents/GitHub/NYC-Taxi-ETL-Pipeline/.venv/lib/python3.10/site-packages/airflow/example_dags/example_dataset_alias.py
[2024-10-21T21:28:43.623+0700] {processor.py:914} INFO - Processing file /Users/punny/Documents/GitHub/NYC-Taxi-ETL-Pipeline/.venv/lib/python3.10/site-packages/airflow/example_dags/example_dataset_alias.py for tasks to queue
[2024-10-21T21:28:43.625+0700] {logging_mixin.py:190} INFO - [2024-10-21T21:28:43.625+0700] {dagbag.py:588} INFO - Filling up the DagBag from /Users/punny/Documents/GitHub/NYC-Taxi-ETL-Pipeline/.venv/lib/python3.10/site-packages/airflow/example_dags/example_dataset_alias.py
[2024-10-21T21:28:43.908+0700] {processor.py:925} INFO - DAG(s) 'dataset_s3_bucket_producer', 'dataset_s3_bucket_consumer', 'dataset_alias_example_alias_consumer', 'dataset_alias_example_alias_producer' retrieved from /Users/punny/Documents/GitHub/NYC-Taxi-ETL-Pipeline/.venv/lib/python3.10/site-packages/airflow/example_dags/example_dataset_alias.py
[2024-10-21T21:28:43.941+0700] {logging_mixin.py:190} INFO - [2024-10-21T21:28:43.941+0700] {dag.py:3239} INFO - Sync 4 DAGs
[2024-10-21T21:28:43.964+0700] {logging_mixin.py:190} INFO - [2024-10-21T21:28:43.964+0700] {dag.py:4180} INFO - Setting next_dagrun for dataset_alias_example_alias_consumer to None, run_after=None
[2024-10-21T21:28:43.967+0700] {logging_mixin.py:190} INFO - [2024-10-21T21:28:43.966+0700] {dag.py:4180} INFO - Setting next_dagrun for dataset_alias_example_alias_producer to None, run_after=None
[2024-10-21T21:28:43.968+0700] {logging_mixin.py:190} INFO - [2024-10-21T21:28:43.968+0700] {dag.py:4180} INFO - Setting next_dagrun for dataset_s3_bucket_consumer to None, run_after=None
[2024-10-21T21:28:43.970+0700] {logging_mixin.py:190} INFO - [2024-10-21T21:28:43.970+0700] {dag.py:4180} INFO - Setting next_dagrun for dataset_s3_bucket_producer to None, run_after=None
[2024-10-21T21:28:43.996+0700] {processor.py:208} INFO - Processing /Users/punny/Documents/GitHub/NYC-Taxi-ETL-Pipeline/.venv/lib/python3.10/site-packages/airflow/example_dags/example_dataset_alias.py took 0.385 seconds
[2024-10-21T21:34:30.905+0700] {processor.py:186} INFO - Started process (PID=9234) to work on /Users/punny/Documents/GitHub/NYC-Taxi-ETL-Pipeline/.venv/lib/python3.10/site-packages/airflow/example_dags/example_dataset_alias.py
[2024-10-21T21:34:30.909+0700] {processor.py:914} INFO - Processing file /Users/punny/Documents/GitHub/NYC-Taxi-ETL-Pipeline/.venv/lib/python3.10/site-packages/airflow/example_dags/example_dataset_alias.py for tasks to queue
[2024-10-21T21:34:30.910+0700] {logging_mixin.py:190} INFO - [2024-10-21T21:34:30.910+0700] {dagbag.py:588} INFO - Filling up the DagBag from /Users/punny/Documents/GitHub/NYC-Taxi-ETL-Pipeline/.venv/lib/python3.10/site-packages/airflow/example_dags/example_dataset_alias.py
[2024-10-21T21:34:31.157+0700] {processor.py:925} INFO - DAG(s) 'dataset_s3_bucket_producer', 'dataset_alias_example_alias_consumer', 'dataset_alias_example_alias_producer', 'dataset_s3_bucket_consumer' retrieved from /Users/punny/Documents/GitHub/NYC-Taxi-ETL-Pipeline/.venv/lib/python3.10/site-packages/airflow/example_dags/example_dataset_alias.py
[2024-10-21T21:34:31.187+0700] {logging_mixin.py:190} INFO - [2024-10-21T21:34:31.187+0700] {dag.py:3239} INFO - Sync 4 DAGs
[2024-10-21T21:34:31.209+0700] {logging_mixin.py:190} INFO - [2024-10-21T21:34:31.209+0700] {dag.py:4180} INFO - Setting next_dagrun for dataset_alias_example_alias_consumer to None, run_after=None
[2024-10-21T21:34:31.212+0700] {logging_mixin.py:190} INFO - [2024-10-21T21:34:31.211+0700] {dag.py:4180} INFO - Setting next_dagrun for dataset_alias_example_alias_producer to None, run_after=None
[2024-10-21T21:34:31.213+0700] {logging_mixin.py:190} INFO - [2024-10-21T21:34:31.212+0700] {dag.py:4180} INFO - Setting next_dagrun for dataset_s3_bucket_consumer to None, run_after=None
[2024-10-21T21:34:31.214+0700] {logging_mixin.py:190} INFO - [2024-10-21T21:34:31.214+0700] {dag.py:4180} INFO - Setting next_dagrun for dataset_s3_bucket_producer to None, run_after=None
[2024-10-21T21:34:31.239+0700] {processor.py:208} INFO - Processing /Users/punny/Documents/GitHub/NYC-Taxi-ETL-Pipeline/.venv/lib/python3.10/site-packages/airflow/example_dags/example_dataset_alias.py took 0.342 seconds
[2024-10-21T21:41:39.780+0700] {processor.py:186} INFO - Started process (PID=9930) to work on /Users/punny/Documents/GitHub/NYC-Taxi-ETL-Pipeline/.venv/lib/python3.10/site-packages/airflow/example_dags/example_dataset_alias.py
[2024-10-21T21:41:39.784+0700] {processor.py:914} INFO - Processing file /Users/punny/Documents/GitHub/NYC-Taxi-ETL-Pipeline/.venv/lib/python3.10/site-packages/airflow/example_dags/example_dataset_alias.py for tasks to queue
[2024-10-21T21:41:39.785+0700] {logging_mixin.py:190} INFO - [2024-10-21T21:41:39.785+0700] {dagbag.py:588} INFO - Filling up the DagBag from /Users/punny/Documents/GitHub/NYC-Taxi-ETL-Pipeline/.venv/lib/python3.10/site-packages/airflow/example_dags/example_dataset_alias.py
[2024-10-21T21:41:40.167+0700] {processor.py:925} INFO - DAG(s) 'dataset_s3_bucket_consumer', 'dataset_alias_example_alias_producer', 'dataset_alias_example_alias_consumer', 'dataset_s3_bucket_producer' retrieved from /Users/punny/Documents/GitHub/NYC-Taxi-ETL-Pipeline/.venv/lib/python3.10/site-packages/airflow/example_dags/example_dataset_alias.py
[2024-10-21T21:41:40.200+0700] {logging_mixin.py:190} INFO - [2024-10-21T21:41:40.199+0700] {dag.py:3239} INFO - Sync 4 DAGs
[2024-10-21T21:41:40.223+0700] {logging_mixin.py:190} INFO - [2024-10-21T21:41:40.223+0700] {dag.py:4180} INFO - Setting next_dagrun for dataset_alias_example_alias_consumer to None, run_after=None
[2024-10-21T21:41:40.226+0700] {logging_mixin.py:190} INFO - [2024-10-21T21:41:40.226+0700] {dag.py:4180} INFO - Setting next_dagrun for dataset_alias_example_alias_producer to None, run_after=None
[2024-10-21T21:41:40.227+0700] {logging_mixin.py:190} INFO - [2024-10-21T21:41:40.227+0700] {dag.py:4180} INFO - Setting next_dagrun for dataset_s3_bucket_consumer to None, run_after=None
[2024-10-21T21:41:40.228+0700] {logging_mixin.py:190} INFO - [2024-10-21T21:41:40.228+0700] {dag.py:4180} INFO - Setting next_dagrun for dataset_s3_bucket_producer to None, run_after=None
[2024-10-21T21:41:40.264+0700] {processor.py:208} INFO - Processing /Users/punny/Documents/GitHub/NYC-Taxi-ETL-Pipeline/.venv/lib/python3.10/site-packages/airflow/example_dags/example_dataset_alias.py took 0.493 seconds
[2024-10-21T21:48:18.137+0700] {processor.py:186} INFO - Started process (PID=10558) to work on /Users/punny/Documents/GitHub/NYC-Taxi-ETL-Pipeline/.venv/lib/python3.10/site-packages/airflow/example_dags/example_dataset_alias.py
[2024-10-21T21:48:18.142+0700] {processor.py:914} INFO - Processing file /Users/punny/Documents/GitHub/NYC-Taxi-ETL-Pipeline/.venv/lib/python3.10/site-packages/airflow/example_dags/example_dataset_alias.py for tasks to queue
[2024-10-21T21:48:18.143+0700] {logging_mixin.py:190} INFO - [2024-10-21T21:48:18.143+0700] {dagbag.py:588} INFO - Filling up the DagBag from /Users/punny/Documents/GitHub/NYC-Taxi-ETL-Pipeline/.venv/lib/python3.10/site-packages/airflow/example_dags/example_dataset_alias.py
[2024-10-21T21:48:18.441+0700] {processor.py:925} INFO - DAG(s) 'dataset_s3_bucket_consumer', 'dataset_s3_bucket_producer', 'dataset_alias_example_alias_producer', 'dataset_alias_example_alias_consumer' retrieved from /Users/punny/Documents/GitHub/NYC-Taxi-ETL-Pipeline/.venv/lib/python3.10/site-packages/airflow/example_dags/example_dataset_alias.py
[2024-10-21T21:48:18.473+0700] {logging_mixin.py:190} INFO - [2024-10-21T21:48:18.472+0700] {dag.py:3239} INFO - Sync 4 DAGs
[2024-10-21T21:48:18.495+0700] {logging_mixin.py:190} INFO - [2024-10-21T21:48:18.495+0700] {dag.py:4180} INFO - Setting next_dagrun for dataset_alias_example_alias_consumer to None, run_after=None
[2024-10-21T21:48:18.498+0700] {logging_mixin.py:190} INFO - [2024-10-21T21:48:18.497+0700] {dag.py:4180} INFO - Setting next_dagrun for dataset_alias_example_alias_producer to None, run_after=None
[2024-10-21T21:48:18.499+0700] {logging_mixin.py:190} INFO - [2024-10-21T21:48:18.499+0700] {dag.py:4180} INFO - Setting next_dagrun for dataset_s3_bucket_consumer to None, run_after=None
[2024-10-21T21:48:18.500+0700] {logging_mixin.py:190} INFO - [2024-10-21T21:48:18.500+0700] {dag.py:4180} INFO - Setting next_dagrun for dataset_s3_bucket_producer to None, run_after=None
[2024-10-21T21:48:18.528+0700] {processor.py:208} INFO - Processing /Users/punny/Documents/GitHub/NYC-Taxi-ETL-Pipeline/.venv/lib/python3.10/site-packages/airflow/example_dags/example_dataset_alias.py took 0.400 seconds
[2024-10-21T21:52:48.775+0700] {processor.py:186} INFO - Started process (PID=10882) to work on /Users/punny/Documents/GitHub/NYC-Taxi-ETL-Pipeline/.venv/lib/python3.10/site-packages/airflow/example_dags/example_dataset_alias.py
[2024-10-21T21:52:48.778+0700] {processor.py:914} INFO - Processing file /Users/punny/Documents/GitHub/NYC-Taxi-ETL-Pipeline/.venv/lib/python3.10/site-packages/airflow/example_dags/example_dataset_alias.py for tasks to queue
[2024-10-21T21:52:48.779+0700] {logging_mixin.py:190} INFO - [2024-10-21T21:52:48.779+0700] {dagbag.py:588} INFO - Filling up the DagBag from /Users/punny/Documents/GitHub/NYC-Taxi-ETL-Pipeline/.venv/lib/python3.10/site-packages/airflow/example_dags/example_dataset_alias.py
[2024-10-21T21:52:49.027+0700] {processor.py:925} INFO - DAG(s) 'dataset_alias_example_alias_producer', 'dataset_alias_example_alias_consumer', 'dataset_s3_bucket_consumer', 'dataset_s3_bucket_producer' retrieved from /Users/punny/Documents/GitHub/NYC-Taxi-ETL-Pipeline/.venv/lib/python3.10/site-packages/airflow/example_dags/example_dataset_alias.py
[2024-10-21T21:52:49.057+0700] {logging_mixin.py:190} INFO - [2024-10-21T21:52:49.056+0700] {dag.py:3239} INFO - Sync 4 DAGs
[2024-10-21T21:52:49.078+0700] {logging_mixin.py:190} INFO - [2024-10-21T21:52:49.078+0700] {dag.py:4180} INFO - Setting next_dagrun for dataset_alias_example_alias_consumer to None, run_after=None
[2024-10-21T21:52:49.081+0700] {logging_mixin.py:190} INFO - [2024-10-21T21:52:49.081+0700] {dag.py:4180} INFO - Setting next_dagrun for dataset_alias_example_alias_producer to None, run_after=None
[2024-10-21T21:52:49.082+0700] {logging_mixin.py:190} INFO - [2024-10-21T21:52:49.082+0700] {dag.py:4180} INFO - Setting next_dagrun for dataset_s3_bucket_consumer to None, run_after=None
[2024-10-21T21:52:49.083+0700] {logging_mixin.py:190} INFO - [2024-10-21T21:52:49.083+0700] {dag.py:4180} INFO - Setting next_dagrun for dataset_s3_bucket_producer to None, run_after=None
[2024-10-21T21:52:49.108+0700] {processor.py:208} INFO - Processing /Users/punny/Documents/GitHub/NYC-Taxi-ETL-Pipeline/.venv/lib/python3.10/site-packages/airflow/example_dags/example_dataset_alias.py took 0.342 seconds
[2024-10-21T22:14:45.045+0700] {processor.py:186} INFO - Started process (PID=11898) to work on /Users/punny/Documents/GitHub/NYC-Taxi-ETL-Pipeline/.venv/lib/python3.10/site-packages/airflow/example_dags/example_dataset_alias.py
[2024-10-21T22:14:45.049+0700] {processor.py:914} INFO - Processing file /Users/punny/Documents/GitHub/NYC-Taxi-ETL-Pipeline/.venv/lib/python3.10/site-packages/airflow/example_dags/example_dataset_alias.py for tasks to queue
[2024-10-21T22:14:45.050+0700] {logging_mixin.py:190} INFO - [2024-10-21T22:14:45.050+0700] {dagbag.py:588} INFO - Filling up the DagBag from /Users/punny/Documents/GitHub/NYC-Taxi-ETL-Pipeline/.venv/lib/python3.10/site-packages/airflow/example_dags/example_dataset_alias.py
[2024-10-21T22:14:45.353+0700] {processor.py:925} INFO - DAG(s) 'dataset_s3_bucket_producer', 'dataset_s3_bucket_consumer', 'dataset_alias_example_alias_producer', 'dataset_alias_example_alias_consumer' retrieved from /Users/punny/Documents/GitHub/NYC-Taxi-ETL-Pipeline/.venv/lib/python3.10/site-packages/airflow/example_dags/example_dataset_alias.py
[2024-10-21T22:14:45.383+0700] {logging_mixin.py:190} INFO - [2024-10-21T22:14:45.383+0700] {dag.py:3239} INFO - Sync 4 DAGs
[2024-10-21T22:14:45.405+0700] {logging_mixin.py:190} INFO - [2024-10-21T22:14:45.405+0700] {dag.py:4180} INFO - Setting next_dagrun for dataset_alias_example_alias_consumer to None, run_after=None
[2024-10-21T22:14:45.407+0700] {logging_mixin.py:190} INFO - [2024-10-21T22:14:45.407+0700] {dag.py:4180} INFO - Setting next_dagrun for dataset_alias_example_alias_producer to None, run_after=None
[2024-10-21T22:14:45.409+0700] {logging_mixin.py:190} INFO - [2024-10-21T22:14:45.408+0700] {dag.py:4180} INFO - Setting next_dagrun for dataset_s3_bucket_consumer to None, run_after=None
[2024-10-21T22:14:45.410+0700] {logging_mixin.py:190} INFO - [2024-10-21T22:14:45.410+0700] {dag.py:4180} INFO - Setting next_dagrun for dataset_s3_bucket_producer to None, run_after=None
[2024-10-21T22:14:45.435+0700] {processor.py:208} INFO - Processing /Users/punny/Documents/GitHub/NYC-Taxi-ETL-Pipeline/.venv/lib/python3.10/site-packages/airflow/example_dags/example_dataset_alias.py took 0.400 seconds
[2024-10-21T22:18:13.592+0700] {processor.py:186} INFO - Started process (PID=12174) to work on /Users/punny/Documents/GitHub/NYC-Taxi-ETL-Pipeline/.venv/lib/python3.10/site-packages/airflow/example_dags/example_dataset_alias.py
[2024-10-21T22:18:13.595+0700] {processor.py:914} INFO - Processing file /Users/punny/Documents/GitHub/NYC-Taxi-ETL-Pipeline/.venv/lib/python3.10/site-packages/airflow/example_dags/example_dataset_alias.py for tasks to queue
[2024-10-21T22:18:13.596+0700] {logging_mixin.py:190} INFO - [2024-10-21T22:18:13.596+0700] {dagbag.py:588} INFO - Filling up the DagBag from /Users/punny/Documents/GitHub/NYC-Taxi-ETL-Pipeline/.venv/lib/python3.10/site-packages/airflow/example_dags/example_dataset_alias.py
[2024-10-21T22:18:13.851+0700] {processor.py:925} INFO - DAG(s) 'dataset_alias_example_alias_producer', 'dataset_s3_bucket_consumer', 'dataset_alias_example_alias_consumer', 'dataset_s3_bucket_producer' retrieved from /Users/punny/Documents/GitHub/NYC-Taxi-ETL-Pipeline/.venv/lib/python3.10/site-packages/airflow/example_dags/example_dataset_alias.py
[2024-10-21T22:18:13.884+0700] {logging_mixin.py:190} INFO - [2024-10-21T22:18:13.884+0700] {dag.py:3239} INFO - Sync 4 DAGs
[2024-10-21T22:18:13.910+0700] {logging_mixin.py:190} INFO - [2024-10-21T22:18:13.910+0700] {dag.py:4180} INFO - Setting next_dagrun for dataset_alias_example_alias_consumer to None, run_after=None
[2024-10-21T22:18:13.913+0700] {logging_mixin.py:190} INFO - [2024-10-21T22:18:13.913+0700] {dag.py:4180} INFO - Setting next_dagrun for dataset_alias_example_alias_producer to None, run_after=None
[2024-10-21T22:18:13.915+0700] {logging_mixin.py:190} INFO - [2024-10-21T22:18:13.914+0700] {dag.py:4180} INFO - Setting next_dagrun for dataset_s3_bucket_consumer to None, run_after=None
[2024-10-21T22:18:13.916+0700] {logging_mixin.py:190} INFO - [2024-10-21T22:18:13.916+0700] {dag.py:4180} INFO - Setting next_dagrun for dataset_s3_bucket_producer to None, run_after=None
[2024-10-21T22:18:13.945+0700] {processor.py:208} INFO - Processing /Users/punny/Documents/GitHub/NYC-Taxi-ETL-Pipeline/.venv/lib/python3.10/site-packages/airflow/example_dags/example_dataset_alias.py took 0.361 seconds
[2024-10-21T22:26:59.516+0700] {processor.py:186} INFO - Started process (PID=13407) to work on /Users/punny/Documents/GitHub/NYC-Taxi-ETL-Pipeline/.venv/lib/python3.10/site-packages/airflow/example_dags/example_dataset_alias.py
[2024-10-21T22:26:59.520+0700] {processor.py:914} INFO - Processing file /Users/punny/Documents/GitHub/NYC-Taxi-ETL-Pipeline/.venv/lib/python3.10/site-packages/airflow/example_dags/example_dataset_alias.py for tasks to queue
[2024-10-21T22:26:59.521+0700] {logging_mixin.py:190} INFO - [2024-10-21T22:26:59.520+0700] {dagbag.py:588} INFO - Filling up the DagBag from /Users/punny/Documents/GitHub/NYC-Taxi-ETL-Pipeline/.venv/lib/python3.10/site-packages/airflow/example_dags/example_dataset_alias.py
[2024-10-21T22:26:59.831+0700] {processor.py:925} INFO - DAG(s) 'dataset_s3_bucket_consumer', 'dataset_s3_bucket_producer', 'dataset_alias_example_alias_consumer', 'dataset_alias_example_alias_producer' retrieved from /Users/punny/Documents/GitHub/NYC-Taxi-ETL-Pipeline/.venv/lib/python3.10/site-packages/airflow/example_dags/example_dataset_alias.py
[2024-10-21T22:26:59.861+0700] {logging_mixin.py:190} INFO - [2024-10-21T22:26:59.861+0700] {dag.py:3239} INFO - Sync 4 DAGs
[2024-10-21T22:26:59.885+0700] {logging_mixin.py:190} INFO - [2024-10-21T22:26:59.885+0700] {dag.py:4180} INFO - Setting next_dagrun for dataset_alias_example_alias_consumer to None, run_after=None
[2024-10-21T22:26:59.888+0700] {logging_mixin.py:190} INFO - [2024-10-21T22:26:59.887+0700] {dag.py:4180} INFO - Setting next_dagrun for dataset_alias_example_alias_producer to None, run_after=None
[2024-10-21T22:26:59.889+0700] {logging_mixin.py:190} INFO - [2024-10-21T22:26:59.889+0700] {dag.py:4180} INFO - Setting next_dagrun for dataset_s3_bucket_consumer to None, run_after=None
[2024-10-21T22:26:59.891+0700] {logging_mixin.py:190} INFO - [2024-10-21T22:26:59.890+0700] {dag.py:4180} INFO - Setting next_dagrun for dataset_s3_bucket_producer to None, run_after=None
[2024-10-21T22:26:59.916+0700] {processor.py:208} INFO - Processing /Users/punny/Documents/GitHub/NYC-Taxi-ETL-Pipeline/.venv/lib/python3.10/site-packages/airflow/example_dags/example_dataset_alias.py took 0.409 seconds
[2024-10-21T22:32:49.762+0700] {processor.py:186} INFO - Started process (PID=13789) to work on /Users/punny/Documents/GitHub/NYC-Taxi-ETL-Pipeline/.venv/lib/python3.10/site-packages/airflow/example_dags/example_dataset_alias.py
[2024-10-21T22:32:49.765+0700] {processor.py:914} INFO - Processing file /Users/punny/Documents/GitHub/NYC-Taxi-ETL-Pipeline/.venv/lib/python3.10/site-packages/airflow/example_dags/example_dataset_alias.py for tasks to queue
[2024-10-21T22:32:49.767+0700] {logging_mixin.py:190} INFO - [2024-10-21T22:32:49.766+0700] {dagbag.py:588} INFO - Filling up the DagBag from /Users/punny/Documents/GitHub/NYC-Taxi-ETL-Pipeline/.venv/lib/python3.10/site-packages/airflow/example_dags/example_dataset_alias.py
[2024-10-21T22:32:50.036+0700] {processor.py:925} INFO - DAG(s) 'dataset_s3_bucket_producer', 'dataset_alias_example_alias_consumer', 'dataset_s3_bucket_consumer', 'dataset_alias_example_alias_producer' retrieved from /Users/punny/Documents/GitHub/NYC-Taxi-ETL-Pipeline/.venv/lib/python3.10/site-packages/airflow/example_dags/example_dataset_alias.py
[2024-10-21T22:32:50.067+0700] {logging_mixin.py:190} INFO - [2024-10-21T22:32:50.066+0700] {dag.py:3239} INFO - Sync 4 DAGs
[2024-10-21T22:32:50.089+0700] {logging_mixin.py:190} INFO - [2024-10-21T22:32:50.088+0700] {dag.py:4180} INFO - Setting next_dagrun for dataset_alias_example_alias_consumer to None, run_after=None
[2024-10-21T22:32:50.091+0700] {logging_mixin.py:190} INFO - [2024-10-21T22:32:50.091+0700] {dag.py:4180} INFO - Setting next_dagrun for dataset_alias_example_alias_producer to None, run_after=None
[2024-10-21T22:32:50.093+0700] {logging_mixin.py:190} INFO - [2024-10-21T22:32:50.092+0700] {dag.py:4180} INFO - Setting next_dagrun for dataset_s3_bucket_consumer to None, run_after=None
[2024-10-21T22:32:50.094+0700] {logging_mixin.py:190} INFO - [2024-10-21T22:32:50.094+0700] {dag.py:4180} INFO - Setting next_dagrun for dataset_s3_bucket_producer to None, run_after=None
[2024-10-21T22:32:50.121+0700] {processor.py:208} INFO - Processing /Users/punny/Documents/GitHub/NYC-Taxi-ETL-Pipeline/.venv/lib/python3.10/site-packages/airflow/example_dags/example_dataset_alias.py took 0.368 seconds
