[2024-10-21T12:37:54.260+0700] {processor.py:186} INFO - Started process (PID=34147) to work on /Users/punny/Documents/GitHub/NYC-Taxi-ETL-Pipeline/.venv/lib/python3.10/site-packages/airflow/example_dags/example_skip_dag.py
[2024-10-21T12:37:54.263+0700] {processor.py:914} INFO - Processing file /Users/punny/Documents/GitHub/NYC-Taxi-ETL-Pipeline/.venv/lib/python3.10/site-packages/airflow/example_dags/example_skip_dag.py for tasks to queue
[2024-10-21T12:37:54.264+0700] {logging_mixin.py:190} INFO - [2024-10-21T12:37:54.264+0700] {dagbag.py:588} INFO - Filling up the DagBag from /Users/punny/Documents/GitHub/NYC-Taxi-ETL-Pipeline/.venv/lib/python3.10/site-packages/airflow/example_dags/example_skip_dag.py
[2024-10-21T12:37:54.273+0700] {processor.py:925} INFO - DAG(s) 'example_skip_dag' retrieved from /Users/punny/Documents/GitHub/NYC-Taxi-ETL-Pipeline/.venv/lib/python3.10/site-packages/airflow/example_dags/example_skip_dag.py
[2024-10-21T12:37:54.468+0700] {logging_mixin.py:190} INFO - [2024-10-21T12:37:54.467+0700] {dag.py:3239} INFO - Sync 1 DAGs
[2024-10-21T12:37:54.490+0700] {logging_mixin.py:190} INFO - [2024-10-21T12:37:54.489+0700] {dag.py:4180} INFO - Setting next_dagrun for example_skip_dag to 2024-10-20 00:00:00+00:00, run_after=2024-10-21 00:00:00+00:00
[2024-10-21T12:37:54.510+0700] {processor.py:208} INFO - Processing /Users/punny/Documents/GitHub/NYC-Taxi-ETL-Pipeline/.venv/lib/python3.10/site-packages/airflow/example_dags/example_skip_dag.py took 0.261 seconds
[2024-10-21T13:57:50.987+0700] {processor.py:186} INFO - Started process (PID=34982) to work on /Users/punny/Documents/GitHub/NYC-Taxi-ETL-Pipeline/.venv/lib/python3.10/site-packages/airflow/example_dags/example_skip_dag.py
[2024-10-21T13:57:50.992+0700] {processor.py:914} INFO - Processing file /Users/punny/Documents/GitHub/NYC-Taxi-ETL-Pipeline/.venv/lib/python3.10/site-packages/airflow/example_dags/example_skip_dag.py for tasks to queue
[2024-10-21T13:57:50.993+0700] {logging_mixin.py:190} INFO - [2024-10-21T13:57:50.993+0700] {dagbag.py:588} INFO - Filling up the DagBag from /Users/punny/Documents/GitHub/NYC-Taxi-ETL-Pipeline/.venv/lib/python3.10/site-packages/airflow/example_dags/example_skip_dag.py
[2024-10-21T13:57:51.007+0700] {processor.py:925} INFO - DAG(s) 'example_skip_dag' retrieved from /Users/punny/Documents/GitHub/NYC-Taxi-ETL-Pipeline/.venv/lib/python3.10/site-packages/airflow/example_dags/example_skip_dag.py
[2024-10-21T13:57:51.294+0700] {logging_mixin.py:190} INFO - [2024-10-21T13:57:51.293+0700] {dag.py:3239} INFO - Sync 1 DAGs
[2024-10-21T13:57:51.326+0700] {logging_mixin.py:190} INFO - [2024-10-21T13:57:51.325+0700] {dag.py:4180} INFO - Setting next_dagrun for example_skip_dag to 2024-10-20 00:00:00+00:00, run_after=2024-10-21 00:00:00+00:00
[2024-10-21T13:57:51.356+0700] {processor.py:208} INFO - Processing /Users/punny/Documents/GitHub/NYC-Taxi-ETL-Pipeline/.venv/lib/python3.10/site-packages/airflow/example_dags/example_skip_dag.py took 0.382 seconds
[2024-10-21T14:48:23.447+0700] {processor.py:186} INFO - Started process (PID=35855) to work on /Users/punny/Documents/GitHub/NYC-Taxi-ETL-Pipeline/.venv/lib/python3.10/site-packages/airflow/example_dags/example_skip_dag.py
[2024-10-21T14:48:23.451+0700] {processor.py:914} INFO - Processing file /Users/punny/Documents/GitHub/NYC-Taxi-ETL-Pipeline/.venv/lib/python3.10/site-packages/airflow/example_dags/example_skip_dag.py for tasks to queue
[2024-10-21T14:48:23.453+0700] {logging_mixin.py:190} INFO - [2024-10-21T14:48:23.452+0700] {dagbag.py:588} INFO - Filling up the DagBag from /Users/punny/Documents/GitHub/NYC-Taxi-ETL-Pipeline/.venv/lib/python3.10/site-packages/airflow/example_dags/example_skip_dag.py
[2024-10-21T14:48:23.468+0700] {processor.py:925} INFO - DAG(s) 'example_skip_dag' retrieved from /Users/punny/Documents/GitHub/NYC-Taxi-ETL-Pipeline/.venv/lib/python3.10/site-packages/airflow/example_dags/example_skip_dag.py
[2024-10-21T14:48:23.725+0700] {logging_mixin.py:190} INFO - [2024-10-21T14:48:23.724+0700] {dag.py:3239} INFO - Sync 1 DAGs
[2024-10-21T14:48:23.753+0700] {logging_mixin.py:190} INFO - [2024-10-21T14:48:23.752+0700] {dag.py:4180} INFO - Setting next_dagrun for example_skip_dag to 2024-10-20 00:00:00+00:00, run_after=2024-10-21 00:00:00+00:00
[2024-10-21T14:48:23.778+0700] {processor.py:208} INFO - Processing /Users/punny/Documents/GitHub/NYC-Taxi-ETL-Pipeline/.venv/lib/python3.10/site-packages/airflow/example_dags/example_skip_dag.py took 0.340 seconds
[2024-10-21T14:51:59.373+0700] {processor.py:186} INFO - Started process (PID=36483) to work on /Users/punny/Documents/GitHub/NYC-Taxi-ETL-Pipeline/.venv/lib/python3.10/site-packages/airflow/example_dags/example_skip_dag.py
[2024-10-21T14:51:59.377+0700] {processor.py:914} INFO - Processing file /Users/punny/Documents/GitHub/NYC-Taxi-ETL-Pipeline/.venv/lib/python3.10/site-packages/airflow/example_dags/example_skip_dag.py for tasks to queue
[2024-10-21T14:51:59.379+0700] {logging_mixin.py:190} INFO - [2024-10-21T14:51:59.379+0700] {dagbag.py:588} INFO - Filling up the DagBag from /Users/punny/Documents/GitHub/NYC-Taxi-ETL-Pipeline/.venv/lib/python3.10/site-packages/airflow/example_dags/example_skip_dag.py
[2024-10-21T14:51:59.390+0700] {processor.py:925} INFO - DAG(s) 'example_skip_dag' retrieved from /Users/punny/Documents/GitHub/NYC-Taxi-ETL-Pipeline/.venv/lib/python3.10/site-packages/airflow/example_dags/example_skip_dag.py
[2024-10-21T14:51:59.639+0700] {logging_mixin.py:190} INFO - [2024-10-21T14:51:59.639+0700] {dag.py:3239} INFO - Sync 1 DAGs
[2024-10-21T14:51:59.662+0700] {logging_mixin.py:190} INFO - [2024-10-21T14:51:59.661+0700] {dag.py:4180} INFO - Setting next_dagrun for example_skip_dag to 2024-10-20 00:00:00+00:00, run_after=2024-10-21 00:00:00+00:00
[2024-10-21T14:51:59.685+0700] {processor.py:208} INFO - Processing /Users/punny/Documents/GitHub/NYC-Taxi-ETL-Pipeline/.venv/lib/python3.10/site-packages/airflow/example_dags/example_skip_dag.py took 0.322 seconds
[2024-10-21T14:55:28.065+0700] {processor.py:186} INFO - Started process (PID=37009) to work on /Users/punny/Documents/GitHub/NYC-Taxi-ETL-Pipeline/.venv/lib/python3.10/site-packages/airflow/example_dags/example_skip_dag.py
[2024-10-21T14:55:28.068+0700] {processor.py:914} INFO - Processing file /Users/punny/Documents/GitHub/NYC-Taxi-ETL-Pipeline/.venv/lib/python3.10/site-packages/airflow/example_dags/example_skip_dag.py for tasks to queue
[2024-10-21T14:55:28.070+0700] {logging_mixin.py:190} INFO - [2024-10-21T14:55:28.069+0700] {dagbag.py:588} INFO - Filling up the DagBag from /Users/punny/Documents/GitHub/NYC-Taxi-ETL-Pipeline/.venv/lib/python3.10/site-packages/airflow/example_dags/example_skip_dag.py
[2024-10-21T14:55:28.080+0700] {processor.py:925} INFO - DAG(s) 'example_skip_dag' retrieved from /Users/punny/Documents/GitHub/NYC-Taxi-ETL-Pipeline/.venv/lib/python3.10/site-packages/airflow/example_dags/example_skip_dag.py
[2024-10-21T14:55:28.302+0700] {logging_mixin.py:190} INFO - [2024-10-21T14:55:28.302+0700] {dag.py:3239} INFO - Sync 1 DAGs
[2024-10-21T14:55:28.344+0700] {logging_mixin.py:190} INFO - [2024-10-21T14:55:28.344+0700] {dag.py:4180} INFO - Setting next_dagrun for example_skip_dag to 2024-10-20 00:00:00+00:00, run_after=2024-10-21 00:00:00+00:00
[2024-10-21T14:55:28.369+0700] {processor.py:208} INFO - Processing /Users/punny/Documents/GitHub/NYC-Taxi-ETL-Pipeline/.venv/lib/python3.10/site-packages/airflow/example_dags/example_skip_dag.py took 0.314 seconds
[2024-10-21T15:00:02.309+0700] {processor.py:186} INFO - Started process (PID=37725) to work on /Users/punny/Documents/GitHub/NYC-Taxi-ETL-Pipeline/.venv/lib/python3.10/site-packages/airflow/example_dags/example_skip_dag.py
[2024-10-21T15:00:02.313+0700] {processor.py:914} INFO - Processing file /Users/punny/Documents/GitHub/NYC-Taxi-ETL-Pipeline/.venv/lib/python3.10/site-packages/airflow/example_dags/example_skip_dag.py for tasks to queue
[2024-10-21T15:00:02.314+0700] {logging_mixin.py:190} INFO - [2024-10-21T15:00:02.314+0700] {dagbag.py:588} INFO - Filling up the DagBag from /Users/punny/Documents/GitHub/NYC-Taxi-ETL-Pipeline/.venv/lib/python3.10/site-packages/airflow/example_dags/example_skip_dag.py
[2024-10-21T15:00:02.329+0700] {processor.py:925} INFO - DAG(s) 'example_skip_dag' retrieved from /Users/punny/Documents/GitHub/NYC-Taxi-ETL-Pipeline/.venv/lib/python3.10/site-packages/airflow/example_dags/example_skip_dag.py
[2024-10-21T15:00:02.566+0700] {logging_mixin.py:190} INFO - [2024-10-21T15:00:02.565+0700] {dag.py:3239} INFO - Sync 1 DAGs
[2024-10-21T15:00:02.594+0700] {logging_mixin.py:190} INFO - [2024-10-21T15:00:02.593+0700] {dag.py:4180} INFO - Setting next_dagrun for example_skip_dag to 2024-10-20 00:00:00+00:00, run_after=2024-10-21 00:00:00+00:00
[2024-10-21T15:00:02.621+0700] {processor.py:208} INFO - Processing /Users/punny/Documents/GitHub/NYC-Taxi-ETL-Pipeline/.venv/lib/python3.10/site-packages/airflow/example_dags/example_skip_dag.py took 0.324 seconds
[2024-10-21T15:05:50.191+0700] {processor.py:186} INFO - Started process (PID=38479) to work on /Users/punny/Documents/GitHub/NYC-Taxi-ETL-Pipeline/.venv/lib/python3.10/site-packages/airflow/example_dags/example_skip_dag.py
[2024-10-21T15:05:50.195+0700] {processor.py:914} INFO - Processing file /Users/punny/Documents/GitHub/NYC-Taxi-ETL-Pipeline/.venv/lib/python3.10/site-packages/airflow/example_dags/example_skip_dag.py for tasks to queue
[2024-10-21T15:05:50.197+0700] {logging_mixin.py:190} INFO - [2024-10-21T15:05:50.196+0700] {dagbag.py:588} INFO - Filling up the DagBag from /Users/punny/Documents/GitHub/NYC-Taxi-ETL-Pipeline/.venv/lib/python3.10/site-packages/airflow/example_dags/example_skip_dag.py
[2024-10-21T15:05:50.211+0700] {processor.py:925} INFO - DAG(s) 'example_skip_dag' retrieved from /Users/punny/Documents/GitHub/NYC-Taxi-ETL-Pipeline/.venv/lib/python3.10/site-packages/airflow/example_dags/example_skip_dag.py
[2024-10-21T15:05:50.504+0700] {logging_mixin.py:190} INFO - [2024-10-21T15:05:50.504+0700] {dag.py:3239} INFO - Sync 1 DAGs
[2024-10-21T15:05:50.535+0700] {logging_mixin.py:190} INFO - [2024-10-21T15:05:50.535+0700] {dag.py:4180} INFO - Setting next_dagrun for example_skip_dag to 2024-10-20 00:00:00+00:00, run_after=2024-10-21 00:00:00+00:00
[2024-10-21T15:05:50.563+0700] {processor.py:208} INFO - Processing /Users/punny/Documents/GitHub/NYC-Taxi-ETL-Pipeline/.venv/lib/python3.10/site-packages/airflow/example_dags/example_skip_dag.py took 0.385 seconds
[2024-10-21T15:10:40.477+0700] {processor.py:186} INFO - Started process (PID=39128) to work on /Users/punny/Documents/GitHub/NYC-Taxi-ETL-Pipeline/.venv/lib/python3.10/site-packages/airflow/example_dags/example_skip_dag.py
[2024-10-21T15:10:40.484+0700] {processor.py:914} INFO - Processing file /Users/punny/Documents/GitHub/NYC-Taxi-ETL-Pipeline/.venv/lib/python3.10/site-packages/airflow/example_dags/example_skip_dag.py for tasks to queue
[2024-10-21T15:10:40.486+0700] {logging_mixin.py:190} INFO - [2024-10-21T15:10:40.486+0700] {dagbag.py:588} INFO - Filling up the DagBag from /Users/punny/Documents/GitHub/NYC-Taxi-ETL-Pipeline/.venv/lib/python3.10/site-packages/airflow/example_dags/example_skip_dag.py
[2024-10-21T15:10:40.511+0700] {processor.py:925} INFO - DAG(s) 'example_skip_dag' retrieved from /Users/punny/Documents/GitHub/NYC-Taxi-ETL-Pipeline/.venv/lib/python3.10/site-packages/airflow/example_dags/example_skip_dag.py
[2024-10-21T15:10:40.835+0700] {logging_mixin.py:190} INFO - [2024-10-21T15:10:40.834+0700] {dag.py:3239} INFO - Sync 1 DAGs
[2024-10-21T15:10:40.870+0700] {logging_mixin.py:190} INFO - [2024-10-21T15:10:40.870+0700] {dag.py:4180} INFO - Setting next_dagrun for example_skip_dag to 2024-10-20 00:00:00+00:00, run_after=2024-10-21 00:00:00+00:00
[2024-10-21T15:10:40.900+0700] {processor.py:208} INFO - Processing /Users/punny/Documents/GitHub/NYC-Taxi-ETL-Pipeline/.venv/lib/python3.10/site-packages/airflow/example_dags/example_skip_dag.py took 0.437 seconds
[2024-10-21T15:14:50.519+0700] {processor.py:186} INFO - Started process (PID=39618) to work on /Users/punny/Documents/GitHub/NYC-Taxi-ETL-Pipeline/.venv/lib/python3.10/site-packages/airflow/example_dags/example_skip_dag.py
[2024-10-21T15:14:50.523+0700] {processor.py:914} INFO - Processing file /Users/punny/Documents/GitHub/NYC-Taxi-ETL-Pipeline/.venv/lib/python3.10/site-packages/airflow/example_dags/example_skip_dag.py for tasks to queue
[2024-10-21T15:14:50.526+0700] {logging_mixin.py:190} INFO - [2024-10-21T15:14:50.525+0700] {dagbag.py:588} INFO - Filling up the DagBag from /Users/punny/Documents/GitHub/NYC-Taxi-ETL-Pipeline/.venv/lib/python3.10/site-packages/airflow/example_dags/example_skip_dag.py
[2024-10-21T15:14:50.543+0700] {processor.py:925} INFO - DAG(s) 'example_skip_dag' retrieved from /Users/punny/Documents/GitHub/NYC-Taxi-ETL-Pipeline/.venv/lib/python3.10/site-packages/airflow/example_dags/example_skip_dag.py
[2024-10-21T15:14:50.843+0700] {logging_mixin.py:190} INFO - [2024-10-21T15:14:50.843+0700] {dag.py:3239} INFO - Sync 1 DAGs
[2024-10-21T15:14:50.877+0700] {logging_mixin.py:190} INFO - [2024-10-21T15:14:50.877+0700] {dag.py:4180} INFO - Setting next_dagrun for example_skip_dag to 2024-10-20 00:00:00+00:00, run_after=2024-10-21 00:00:00+00:00
[2024-10-21T15:14:50.911+0700] {processor.py:208} INFO - Processing /Users/punny/Documents/GitHub/NYC-Taxi-ETL-Pipeline/.venv/lib/python3.10/site-packages/airflow/example_dags/example_skip_dag.py took 0.407 seconds
[2024-10-21T15:19:11.242+0700] {processor.py:186} INFO - Started process (PID=40143) to work on /Users/punny/Documents/GitHub/NYC-Taxi-ETL-Pipeline/.venv/lib/python3.10/site-packages/airflow/example_dags/example_skip_dag.py
[2024-10-21T15:19:11.247+0700] {processor.py:914} INFO - Processing file /Users/punny/Documents/GitHub/NYC-Taxi-ETL-Pipeline/.venv/lib/python3.10/site-packages/airflow/example_dags/example_skip_dag.py for tasks to queue
[2024-10-21T15:19:11.249+0700] {logging_mixin.py:190} INFO - [2024-10-21T15:19:11.249+0700] {dagbag.py:588} INFO - Filling up the DagBag from /Users/punny/Documents/GitHub/NYC-Taxi-ETL-Pipeline/.venv/lib/python3.10/site-packages/airflow/example_dags/example_skip_dag.py
[2024-10-21T15:19:11.264+0700] {processor.py:925} INFO - DAG(s) 'example_skip_dag' retrieved from /Users/punny/Documents/GitHub/NYC-Taxi-ETL-Pipeline/.venv/lib/python3.10/site-packages/airflow/example_dags/example_skip_dag.py
[2024-10-21T15:19:11.574+0700] {logging_mixin.py:190} INFO - [2024-10-21T15:19:11.574+0700] {dag.py:3239} INFO - Sync 1 DAGs
[2024-10-21T15:19:11.608+0700] {logging_mixin.py:190} INFO - [2024-10-21T15:19:11.607+0700] {dag.py:4180} INFO - Setting next_dagrun for example_skip_dag to 2024-10-20 00:00:00+00:00, run_after=2024-10-21 00:00:00+00:00
[2024-10-21T15:19:11.643+0700] {processor.py:208} INFO - Processing /Users/punny/Documents/GitHub/NYC-Taxi-ETL-Pipeline/.venv/lib/python3.10/site-packages/airflow/example_dags/example_skip_dag.py took 0.412 seconds
[2024-10-21T15:23:21.023+0700] {processor.py:186} INFO - Started process (PID=40691) to work on /Users/punny/Documents/GitHub/NYC-Taxi-ETL-Pipeline/.venv/lib/python3.10/site-packages/airflow/example_dags/example_skip_dag.py
[2024-10-21T15:23:21.028+0700] {processor.py:914} INFO - Processing file /Users/punny/Documents/GitHub/NYC-Taxi-ETL-Pipeline/.venv/lib/python3.10/site-packages/airflow/example_dags/example_skip_dag.py for tasks to queue
[2024-10-21T15:23:21.030+0700] {logging_mixin.py:190} INFO - [2024-10-21T15:23:21.030+0700] {dagbag.py:588} INFO - Filling up the DagBag from /Users/punny/Documents/GitHub/NYC-Taxi-ETL-Pipeline/.venv/lib/python3.10/site-packages/airflow/example_dags/example_skip_dag.py
[2024-10-21T15:23:21.048+0700] {processor.py:925} INFO - DAG(s) 'example_skip_dag' retrieved from /Users/punny/Documents/GitHub/NYC-Taxi-ETL-Pipeline/.venv/lib/python3.10/site-packages/airflow/example_dags/example_skip_dag.py
[2024-10-21T15:23:21.358+0700] {logging_mixin.py:190} INFO - [2024-10-21T15:23:21.357+0700] {dag.py:3239} INFO - Sync 1 DAGs
[2024-10-21T15:23:21.394+0700] {logging_mixin.py:190} INFO - [2024-10-21T15:23:21.394+0700] {dag.py:4180} INFO - Setting next_dagrun for example_skip_dag to 2024-10-20 00:00:00+00:00, run_after=2024-10-21 00:00:00+00:00
[2024-10-21T15:23:21.428+0700] {processor.py:208} INFO - Processing /Users/punny/Documents/GitHub/NYC-Taxi-ETL-Pipeline/.venv/lib/python3.10/site-packages/airflow/example_dags/example_skip_dag.py took 0.420 seconds
[2024-10-21T15:27:20.631+0700] {processor.py:186} INFO - Started process (PID=41182) to work on /Users/punny/Documents/GitHub/NYC-Taxi-ETL-Pipeline/.venv/lib/python3.10/site-packages/airflow/example_dags/example_skip_dag.py
[2024-10-21T15:27:20.636+0700] {processor.py:914} INFO - Processing file /Users/punny/Documents/GitHub/NYC-Taxi-ETL-Pipeline/.venv/lib/python3.10/site-packages/airflow/example_dags/example_skip_dag.py for tasks to queue
[2024-10-21T15:27:20.638+0700] {logging_mixin.py:190} INFO - [2024-10-21T15:27:20.637+0700] {dagbag.py:588} INFO - Filling up the DagBag from /Users/punny/Documents/GitHub/NYC-Taxi-ETL-Pipeline/.venv/lib/python3.10/site-packages/airflow/example_dags/example_skip_dag.py
[2024-10-21T15:27:20.655+0700] {processor.py:925} INFO - DAG(s) 'example_skip_dag' retrieved from /Users/punny/Documents/GitHub/NYC-Taxi-ETL-Pipeline/.venv/lib/python3.10/site-packages/airflow/example_dags/example_skip_dag.py
[2024-10-21T15:27:20.949+0700] {logging_mixin.py:190} INFO - [2024-10-21T15:27:20.948+0700] {dag.py:3239} INFO - Sync 1 DAGs
[2024-10-21T15:27:20.986+0700] {logging_mixin.py:190} INFO - [2024-10-21T15:27:20.986+0700] {dag.py:4180} INFO - Setting next_dagrun for example_skip_dag to 2024-10-20 00:00:00+00:00, run_after=2024-10-21 00:00:00+00:00
[2024-10-21T15:27:21.023+0700] {processor.py:208} INFO - Processing /Users/punny/Documents/GitHub/NYC-Taxi-ETL-Pipeline/.venv/lib/python3.10/site-packages/airflow/example_dags/example_skip_dag.py took 0.402 seconds
[2024-10-21T15:31:28.465+0700] {processor.py:186} INFO - Started process (PID=41744) to work on /Users/punny/Documents/GitHub/NYC-Taxi-ETL-Pipeline/.venv/lib/python3.10/site-packages/airflow/example_dags/example_skip_dag.py
[2024-10-21T15:31:28.469+0700] {processor.py:914} INFO - Processing file /Users/punny/Documents/GitHub/NYC-Taxi-ETL-Pipeline/.venv/lib/python3.10/site-packages/airflow/example_dags/example_skip_dag.py for tasks to queue
[2024-10-21T15:31:28.471+0700] {logging_mixin.py:190} INFO - [2024-10-21T15:31:28.470+0700] {dagbag.py:588} INFO - Filling up the DagBag from /Users/punny/Documents/GitHub/NYC-Taxi-ETL-Pipeline/.venv/lib/python3.10/site-packages/airflow/example_dags/example_skip_dag.py
[2024-10-21T15:31:28.487+0700] {processor.py:925} INFO - DAG(s) 'example_skip_dag' retrieved from /Users/punny/Documents/GitHub/NYC-Taxi-ETL-Pipeline/.venv/lib/python3.10/site-packages/airflow/example_dags/example_skip_dag.py
[2024-10-21T15:31:28.761+0700] {logging_mixin.py:190} INFO - [2024-10-21T15:31:28.761+0700] {dag.py:3239} INFO - Sync 1 DAGs
[2024-10-21T15:31:28.802+0700] {logging_mixin.py:190} INFO - [2024-10-21T15:31:28.801+0700] {dag.py:4180} INFO - Setting next_dagrun for example_skip_dag to 2024-10-20 00:00:00+00:00, run_after=2024-10-21 00:00:00+00:00
[2024-10-21T15:31:28.832+0700] {processor.py:208} INFO - Processing /Users/punny/Documents/GitHub/NYC-Taxi-ETL-Pipeline/.venv/lib/python3.10/site-packages/airflow/example_dags/example_skip_dag.py took 0.376 seconds
[2024-10-21T15:35:24.269+0700] {processor.py:186} INFO - Started process (PID=42221) to work on /Users/punny/Documents/GitHub/NYC-Taxi-ETL-Pipeline/.venv/lib/python3.10/site-packages/airflow/example_dags/example_skip_dag.py
[2024-10-21T15:35:24.273+0700] {processor.py:914} INFO - Processing file /Users/punny/Documents/GitHub/NYC-Taxi-ETL-Pipeline/.venv/lib/python3.10/site-packages/airflow/example_dags/example_skip_dag.py for tasks to queue
[2024-10-21T15:35:24.275+0700] {logging_mixin.py:190} INFO - [2024-10-21T15:35:24.274+0700] {dagbag.py:588} INFO - Filling up the DagBag from /Users/punny/Documents/GitHub/NYC-Taxi-ETL-Pipeline/.venv/lib/python3.10/site-packages/airflow/example_dags/example_skip_dag.py
[2024-10-21T15:35:24.289+0700] {processor.py:925} INFO - DAG(s) 'example_skip_dag' retrieved from /Users/punny/Documents/GitHub/NYC-Taxi-ETL-Pipeline/.venv/lib/python3.10/site-packages/airflow/example_dags/example_skip_dag.py
[2024-10-21T15:35:24.576+0700] {logging_mixin.py:190} INFO - [2024-10-21T15:35:24.575+0700] {dag.py:3239} INFO - Sync 1 DAGs
[2024-10-21T15:35:24.606+0700] {logging_mixin.py:190} INFO - [2024-10-21T15:35:24.606+0700] {dag.py:4180} INFO - Setting next_dagrun for example_skip_dag to 2024-10-20 00:00:00+00:00, run_after=2024-10-21 00:00:00+00:00
[2024-10-21T15:35:24.635+0700] {processor.py:208} INFO - Processing /Users/punny/Documents/GitHub/NYC-Taxi-ETL-Pipeline/.venv/lib/python3.10/site-packages/airflow/example_dags/example_skip_dag.py took 0.375 seconds
[2024-10-21T15:39:16.226+0700] {processor.py:186} INFO - Started process (PID=42713) to work on /Users/punny/Documents/GitHub/NYC-Taxi-ETL-Pipeline/.venv/lib/python3.10/site-packages/airflow/example_dags/example_skip_dag.py
[2024-10-21T15:39:16.231+0700] {processor.py:914} INFO - Processing file /Users/punny/Documents/GitHub/NYC-Taxi-ETL-Pipeline/.venv/lib/python3.10/site-packages/airflow/example_dags/example_skip_dag.py for tasks to queue
[2024-10-21T15:39:16.232+0700] {logging_mixin.py:190} INFO - [2024-10-21T15:39:16.232+0700] {dagbag.py:588} INFO - Filling up the DagBag from /Users/punny/Documents/GitHub/NYC-Taxi-ETL-Pipeline/.venv/lib/python3.10/site-packages/airflow/example_dags/example_skip_dag.py
[2024-10-21T15:39:16.251+0700] {processor.py:925} INFO - DAG(s) 'example_skip_dag' retrieved from /Users/punny/Documents/GitHub/NYC-Taxi-ETL-Pipeline/.venv/lib/python3.10/site-packages/airflow/example_dags/example_skip_dag.py
[2024-10-21T15:39:16.578+0700] {logging_mixin.py:190} INFO - [2024-10-21T15:39:16.578+0700] {dag.py:3239} INFO - Sync 1 DAGs
[2024-10-21T15:39:16.612+0700] {logging_mixin.py:190} INFO - [2024-10-21T15:39:16.612+0700] {dag.py:4180} INFO - Setting next_dagrun for example_skip_dag to 2024-10-20 00:00:00+00:00, run_after=2024-10-21 00:00:00+00:00
[2024-10-21T15:39:16.644+0700] {processor.py:208} INFO - Processing /Users/punny/Documents/GitHub/NYC-Taxi-ETL-Pipeline/.venv/lib/python3.10/site-packages/airflow/example_dags/example_skip_dag.py took 0.430 seconds
[2024-10-21T15:43:17.402+0700] {processor.py:186} INFO - Started process (PID=43297) to work on /Users/punny/Documents/GitHub/NYC-Taxi-ETL-Pipeline/.venv/lib/python3.10/site-packages/airflow/example_dags/example_skip_dag.py
[2024-10-21T15:43:17.407+0700] {processor.py:914} INFO - Processing file /Users/punny/Documents/GitHub/NYC-Taxi-ETL-Pipeline/.venv/lib/python3.10/site-packages/airflow/example_dags/example_skip_dag.py for tasks to queue
[2024-10-21T15:43:17.409+0700] {logging_mixin.py:190} INFO - [2024-10-21T15:43:17.408+0700] {dagbag.py:588} INFO - Filling up the DagBag from /Users/punny/Documents/GitHub/NYC-Taxi-ETL-Pipeline/.venv/lib/python3.10/site-packages/airflow/example_dags/example_skip_dag.py
[2024-10-21T15:43:17.423+0700] {processor.py:925} INFO - DAG(s) 'example_skip_dag' retrieved from /Users/punny/Documents/GitHub/NYC-Taxi-ETL-Pipeline/.venv/lib/python3.10/site-packages/airflow/example_dags/example_skip_dag.py
[2024-10-21T15:43:17.695+0700] {logging_mixin.py:190} INFO - [2024-10-21T15:43:17.695+0700] {dag.py:3239} INFO - Sync 1 DAGs
[2024-10-21T15:43:17.751+0700] {logging_mixin.py:190} INFO - [2024-10-21T15:43:17.750+0700] {dag.py:4180} INFO - Setting next_dagrun for example_skip_dag to 2024-10-20 00:00:00+00:00, run_after=2024-10-21 00:00:00+00:00
[2024-10-21T15:43:17.797+0700] {processor.py:208} INFO - Processing /Users/punny/Documents/GitHub/NYC-Taxi-ETL-Pipeline/.venv/lib/python3.10/site-packages/airflow/example_dags/example_skip_dag.py took 0.405 seconds
[2024-10-21T15:47:11.870+0700] {processor.py:186} INFO - Started process (PID=43774) to work on /Users/punny/Documents/GitHub/NYC-Taxi-ETL-Pipeline/.venv/lib/python3.10/site-packages/airflow/example_dags/example_skip_dag.py
[2024-10-21T15:47:11.877+0700] {processor.py:914} INFO - Processing file /Users/punny/Documents/GitHub/NYC-Taxi-ETL-Pipeline/.venv/lib/python3.10/site-packages/airflow/example_dags/example_skip_dag.py for tasks to queue
[2024-10-21T15:47:11.879+0700] {logging_mixin.py:190} INFO - [2024-10-21T15:47:11.878+0700] {dagbag.py:588} INFO - Filling up the DagBag from /Users/punny/Documents/GitHub/NYC-Taxi-ETL-Pipeline/.venv/lib/python3.10/site-packages/airflow/example_dags/example_skip_dag.py
[2024-10-21T15:47:11.894+0700] {processor.py:925} INFO - DAG(s) 'example_skip_dag' retrieved from /Users/punny/Documents/GitHub/NYC-Taxi-ETL-Pipeline/.venv/lib/python3.10/site-packages/airflow/example_dags/example_skip_dag.py
[2024-10-21T15:47:12.191+0700] {logging_mixin.py:190} INFO - [2024-10-21T15:47:12.190+0700] {dag.py:3239} INFO - Sync 1 DAGs
[2024-10-21T15:47:12.237+0700] {logging_mixin.py:190} INFO - [2024-10-21T15:47:12.237+0700] {dag.py:4180} INFO - Setting next_dagrun for example_skip_dag to 2024-10-20 00:00:00+00:00, run_after=2024-10-21 00:00:00+00:00
[2024-10-21T15:47:12.277+0700] {processor.py:208} INFO - Processing /Users/punny/Documents/GitHub/NYC-Taxi-ETL-Pipeline/.venv/lib/python3.10/site-packages/airflow/example_dags/example_skip_dag.py took 0.420 seconds
[2024-10-21T15:51:10.076+0700] {processor.py:186} INFO - Started process (PID=44309) to work on /Users/punny/Documents/GitHub/NYC-Taxi-ETL-Pipeline/.venv/lib/python3.10/site-packages/airflow/example_dags/example_skip_dag.py
[2024-10-21T15:51:10.082+0700] {processor.py:914} INFO - Processing file /Users/punny/Documents/GitHub/NYC-Taxi-ETL-Pipeline/.venv/lib/python3.10/site-packages/airflow/example_dags/example_skip_dag.py for tasks to queue
[2024-10-21T15:51:10.084+0700] {logging_mixin.py:190} INFO - [2024-10-21T15:51:10.083+0700] {dagbag.py:588} INFO - Filling up the DagBag from /Users/punny/Documents/GitHub/NYC-Taxi-ETL-Pipeline/.venv/lib/python3.10/site-packages/airflow/example_dags/example_skip_dag.py
[2024-10-21T15:51:10.096+0700] {processor.py:925} INFO - DAG(s) 'example_skip_dag' retrieved from /Users/punny/Documents/GitHub/NYC-Taxi-ETL-Pipeline/.venv/lib/python3.10/site-packages/airflow/example_dags/example_skip_dag.py
[2024-10-21T15:51:10.379+0700] {logging_mixin.py:190} INFO - [2024-10-21T15:51:10.379+0700] {dag.py:3239} INFO - Sync 1 DAGs
[2024-10-21T15:51:10.417+0700] {logging_mixin.py:190} INFO - [2024-10-21T15:51:10.417+0700] {dag.py:4180} INFO - Setting next_dagrun for example_skip_dag to 2024-10-20 00:00:00+00:00, run_after=2024-10-21 00:00:00+00:00
[2024-10-21T15:51:10.449+0700] {processor.py:208} INFO - Processing /Users/punny/Documents/GitHub/NYC-Taxi-ETL-Pipeline/.venv/lib/python3.10/site-packages/airflow/example_dags/example_skip_dag.py took 0.383 seconds
[2024-10-21T15:54:59.269+0700] {processor.py:186} INFO - Started process (PID=44766) to work on /Users/punny/Documents/GitHub/NYC-Taxi-ETL-Pipeline/.venv/lib/python3.10/site-packages/airflow/example_dags/example_skip_dag.py
[2024-10-21T15:54:59.275+0700] {processor.py:914} INFO - Processing file /Users/punny/Documents/GitHub/NYC-Taxi-ETL-Pipeline/.venv/lib/python3.10/site-packages/airflow/example_dags/example_skip_dag.py for tasks to queue
[2024-10-21T15:54:59.276+0700] {logging_mixin.py:190} INFO - [2024-10-21T15:54:59.276+0700] {dagbag.py:588} INFO - Filling up the DagBag from /Users/punny/Documents/GitHub/NYC-Taxi-ETL-Pipeline/.venv/lib/python3.10/site-packages/airflow/example_dags/example_skip_dag.py
[2024-10-21T15:54:59.290+0700] {processor.py:925} INFO - DAG(s) 'example_skip_dag' retrieved from /Users/punny/Documents/GitHub/NYC-Taxi-ETL-Pipeline/.venv/lib/python3.10/site-packages/airflow/example_dags/example_skip_dag.py
[2024-10-21T15:54:59.571+0700] {logging_mixin.py:190} INFO - [2024-10-21T15:54:59.570+0700] {dag.py:3239} INFO - Sync 1 DAGs
[2024-10-21T15:54:59.604+0700] {logging_mixin.py:190} INFO - [2024-10-21T15:54:59.603+0700] {dag.py:4180} INFO - Setting next_dagrun for example_skip_dag to 2024-10-20 00:00:00+00:00, run_after=2024-10-21 00:00:00+00:00
[2024-10-21T15:54:59.635+0700] {processor.py:208} INFO - Processing /Users/punny/Documents/GitHub/NYC-Taxi-ETL-Pipeline/.venv/lib/python3.10/site-packages/airflow/example_dags/example_skip_dag.py took 0.375 seconds
[2024-10-21T15:59:12.280+0700] {processor.py:186} INFO - Started process (PID=45307) to work on /Users/punny/Documents/GitHub/NYC-Taxi-ETL-Pipeline/.venv/lib/python3.10/site-packages/airflow/example_dags/example_skip_dag.py
[2024-10-21T15:59:12.285+0700] {processor.py:914} INFO - Processing file /Users/punny/Documents/GitHub/NYC-Taxi-ETL-Pipeline/.venv/lib/python3.10/site-packages/airflow/example_dags/example_skip_dag.py for tasks to queue
[2024-10-21T15:59:12.286+0700] {logging_mixin.py:190} INFO - [2024-10-21T15:59:12.286+0700] {dagbag.py:588} INFO - Filling up the DagBag from /Users/punny/Documents/GitHub/NYC-Taxi-ETL-Pipeline/.venv/lib/python3.10/site-packages/airflow/example_dags/example_skip_dag.py
[2024-10-21T15:59:12.300+0700] {processor.py:925} INFO - DAG(s) 'example_skip_dag' retrieved from /Users/punny/Documents/GitHub/NYC-Taxi-ETL-Pipeline/.venv/lib/python3.10/site-packages/airflow/example_dags/example_skip_dag.py
[2024-10-21T15:59:12.590+0700] {logging_mixin.py:190} INFO - [2024-10-21T15:59:12.589+0700] {dag.py:3239} INFO - Sync 1 DAGs
[2024-10-21T15:59:12.621+0700] {logging_mixin.py:190} INFO - [2024-10-21T15:59:12.621+0700] {dag.py:4180} INFO - Setting next_dagrun for example_skip_dag to 2024-10-20 00:00:00+00:00, run_after=2024-10-21 00:00:00+00:00
[2024-10-21T15:59:12.654+0700] {processor.py:208} INFO - Processing /Users/punny/Documents/GitHub/NYC-Taxi-ETL-Pipeline/.venv/lib/python3.10/site-packages/airflow/example_dags/example_skip_dag.py took 0.381 seconds
[2024-10-21T16:03:19.288+0700] {processor.py:186} INFO - Started process (PID=45854) to work on /Users/punny/Documents/GitHub/NYC-Taxi-ETL-Pipeline/.venv/lib/python3.10/site-packages/airflow/example_dags/example_skip_dag.py
[2024-10-21T16:03:19.293+0700] {processor.py:914} INFO - Processing file /Users/punny/Documents/GitHub/NYC-Taxi-ETL-Pipeline/.venv/lib/python3.10/site-packages/airflow/example_dags/example_skip_dag.py for tasks to queue
[2024-10-21T16:03:19.295+0700] {logging_mixin.py:190} INFO - [2024-10-21T16:03:19.295+0700] {dagbag.py:588} INFO - Filling up the DagBag from /Users/punny/Documents/GitHub/NYC-Taxi-ETL-Pipeline/.venv/lib/python3.10/site-packages/airflow/example_dags/example_skip_dag.py
[2024-10-21T16:03:19.314+0700] {processor.py:925} INFO - DAG(s) 'example_skip_dag' retrieved from /Users/punny/Documents/GitHub/NYC-Taxi-ETL-Pipeline/.venv/lib/python3.10/site-packages/airflow/example_dags/example_skip_dag.py
[2024-10-21T16:03:19.677+0700] {logging_mixin.py:190} INFO - [2024-10-21T16:03:19.677+0700] {dag.py:3239} INFO - Sync 1 DAGs
[2024-10-21T16:03:19.709+0700] {logging_mixin.py:190} INFO - [2024-10-21T16:03:19.709+0700] {dag.py:4180} INFO - Setting next_dagrun for example_skip_dag to 2024-10-20 00:00:00+00:00, run_after=2024-10-21 00:00:00+00:00
[2024-10-21T16:03:19.744+0700] {processor.py:208} INFO - Processing /Users/punny/Documents/GitHub/NYC-Taxi-ETL-Pipeline/.venv/lib/python3.10/site-packages/airflow/example_dags/example_skip_dag.py took 0.470 seconds
[2024-10-21T20:37:28.451+0700] {processor.py:186} INFO - Started process (PID=4311) to work on /Users/punny/Documents/GitHub/NYC-Taxi-ETL-Pipeline/.venv/lib/python3.10/site-packages/airflow/example_dags/example_skip_dag.py
[2024-10-21T20:37:28.457+0700] {processor.py:914} INFO - Processing file /Users/punny/Documents/GitHub/NYC-Taxi-ETL-Pipeline/.venv/lib/python3.10/site-packages/airflow/example_dags/example_skip_dag.py for tasks to queue
[2024-10-21T20:37:28.460+0700] {logging_mixin.py:190} INFO - [2024-10-21T20:37:28.459+0700] {dagbag.py:588} INFO - Filling up the DagBag from /Users/punny/Documents/GitHub/NYC-Taxi-ETL-Pipeline/.venv/lib/python3.10/site-packages/airflow/example_dags/example_skip_dag.py
[2024-10-21T20:37:28.483+0700] {processor.py:925} INFO - DAG(s) 'example_skip_dag' retrieved from /Users/punny/Documents/GitHub/NYC-Taxi-ETL-Pipeline/.venv/lib/python3.10/site-packages/airflow/example_dags/example_skip_dag.py
[2024-10-21T20:37:29.029+0700] {logging_mixin.py:190} INFO - [2024-10-21T20:37:29.028+0700] {dag.py:3239} INFO - Sync 1 DAGs
[2024-10-21T20:37:29.070+0700] {logging_mixin.py:190} INFO - [2024-10-21T20:37:29.070+0700] {dag.py:4180} INFO - Setting next_dagrun for example_skip_dag to 2024-10-20 00:00:00+00:00, run_after=2024-10-21 00:00:00+00:00
[2024-10-21T20:37:29.133+0700] {processor.py:208} INFO - Processing /Users/punny/Documents/GitHub/NYC-Taxi-ETL-Pipeline/.venv/lib/python3.10/site-packages/airflow/example_dags/example_skip_dag.py took 0.693 seconds
[2024-10-21T20:41:05.937+0700] {processor.py:186} INFO - Started process (PID=4567) to work on /Users/punny/Documents/GitHub/NYC-Taxi-ETL-Pipeline/.venv/lib/python3.10/site-packages/airflow/example_dags/example_skip_dag.py
[2024-10-21T20:41:05.941+0700] {processor.py:914} INFO - Processing file /Users/punny/Documents/GitHub/NYC-Taxi-ETL-Pipeline/.venv/lib/python3.10/site-packages/airflow/example_dags/example_skip_dag.py for tasks to queue
[2024-10-21T20:41:05.942+0700] {logging_mixin.py:190} INFO - [2024-10-21T20:41:05.942+0700] {dagbag.py:588} INFO - Filling up the DagBag from /Users/punny/Documents/GitHub/NYC-Taxi-ETL-Pipeline/.venv/lib/python3.10/site-packages/airflow/example_dags/example_skip_dag.py
[2024-10-21T20:41:05.951+0700] {processor.py:925} INFO - DAG(s) 'example_skip_dag' retrieved from /Users/punny/Documents/GitHub/NYC-Taxi-ETL-Pipeline/.venv/lib/python3.10/site-packages/airflow/example_dags/example_skip_dag.py
[2024-10-21T20:41:06.134+0700] {logging_mixin.py:190} INFO - [2024-10-21T20:41:06.133+0700] {dag.py:3239} INFO - Sync 1 DAGs
[2024-10-21T20:41:06.157+0700] {logging_mixin.py:190} INFO - [2024-10-21T20:41:06.157+0700] {dag.py:4180} INFO - Setting next_dagrun for example_skip_dag to 2024-10-20 00:00:00+00:00, run_after=2024-10-21 00:00:00+00:00
[2024-10-21T20:41:06.178+0700] {processor.py:208} INFO - Processing /Users/punny/Documents/GitHub/NYC-Taxi-ETL-Pipeline/.venv/lib/python3.10/site-packages/airflow/example_dags/example_skip_dag.py took 0.249 seconds
[2024-10-21T20:44:49.908+0700] {processor.py:186} INFO - Started process (PID=4934) to work on /Users/punny/Documents/GitHub/NYC-Taxi-ETL-Pipeline/.venv/lib/python3.10/site-packages/airflow/example_dags/example_skip_dag.py
[2024-10-21T20:44:49.912+0700] {processor.py:914} INFO - Processing file /Users/punny/Documents/GitHub/NYC-Taxi-ETL-Pipeline/.venv/lib/python3.10/site-packages/airflow/example_dags/example_skip_dag.py for tasks to queue
[2024-10-21T20:44:49.914+0700] {logging_mixin.py:190} INFO - [2024-10-21T20:44:49.913+0700] {dagbag.py:588} INFO - Filling up the DagBag from /Users/punny/Documents/GitHub/NYC-Taxi-ETL-Pipeline/.venv/lib/python3.10/site-packages/airflow/example_dags/example_skip_dag.py
[2024-10-21T20:44:49.927+0700] {processor.py:925} INFO - DAG(s) 'example_skip_dag' retrieved from /Users/punny/Documents/GitHub/NYC-Taxi-ETL-Pipeline/.venv/lib/python3.10/site-packages/airflow/example_dags/example_skip_dag.py
[2024-10-21T20:44:50.183+0700] {logging_mixin.py:190} INFO - [2024-10-21T20:44:50.183+0700] {dag.py:3239} INFO - Sync 1 DAGs
[2024-10-21T20:44:50.214+0700] {logging_mixin.py:190} INFO - [2024-10-21T20:44:50.214+0700] {dag.py:4180} INFO - Setting next_dagrun for example_skip_dag to 2024-10-20 00:00:00+00:00, run_after=2024-10-21 00:00:00+00:00
[2024-10-21T20:44:50.244+0700] {processor.py:208} INFO - Processing /Users/punny/Documents/GitHub/NYC-Taxi-ETL-Pipeline/.venv/lib/python3.10/site-packages/airflow/example_dags/example_skip_dag.py took 0.347 seconds
[2024-10-21T20:48:51.246+0700] {processor.py:186} INFO - Started process (PID=5348) to work on /Users/punny/Documents/GitHub/NYC-Taxi-ETL-Pipeline/.venv/lib/python3.10/site-packages/airflow/example_dags/example_skip_dag.py
[2024-10-21T20:48:51.256+0700] {processor.py:914} INFO - Processing file /Users/punny/Documents/GitHub/NYC-Taxi-ETL-Pipeline/.venv/lib/python3.10/site-packages/airflow/example_dags/example_skip_dag.py for tasks to queue
[2024-10-21T20:48:51.276+0700] {logging_mixin.py:190} INFO - [2024-10-21T20:48:51.275+0700] {dagbag.py:588} INFO - Filling up the DagBag from /Users/punny/Documents/GitHub/NYC-Taxi-ETL-Pipeline/.venv/lib/python3.10/site-packages/airflow/example_dags/example_skip_dag.py
[2024-10-21T20:48:51.304+0700] {processor.py:925} INFO - DAG(s) 'example_skip_dag' retrieved from /Users/punny/Documents/GitHub/NYC-Taxi-ETL-Pipeline/.venv/lib/python3.10/site-packages/airflow/example_dags/example_skip_dag.py
[2024-10-21T20:48:51.541+0700] {logging_mixin.py:190} INFO - [2024-10-21T20:48:51.540+0700] {dag.py:3239} INFO - Sync 1 DAGs
[2024-10-21T20:48:51.569+0700] {logging_mixin.py:190} INFO - [2024-10-21T20:48:51.568+0700] {dag.py:4180} INFO - Setting next_dagrun for example_skip_dag to 2024-10-20 00:00:00+00:00, run_after=2024-10-21 00:00:00+00:00
[2024-10-21T20:48:51.600+0700] {processor.py:208} INFO - Processing /Users/punny/Documents/GitHub/NYC-Taxi-ETL-Pipeline/.venv/lib/python3.10/site-packages/airflow/example_dags/example_skip_dag.py took 0.363 seconds
[2024-10-21T20:56:46.981+0700] {processor.py:186} INFO - Started process (PID=6219) to work on /Users/punny/Documents/GitHub/NYC-Taxi-ETL-Pipeline/.venv/lib/python3.10/site-packages/airflow/example_dags/example_skip_dag.py
[2024-10-21T20:56:46.984+0700] {processor.py:914} INFO - Processing file /Users/punny/Documents/GitHub/NYC-Taxi-ETL-Pipeline/.venv/lib/python3.10/site-packages/airflow/example_dags/example_skip_dag.py for tasks to queue
[2024-10-21T20:56:46.986+0700] {logging_mixin.py:190} INFO - [2024-10-21T20:56:46.985+0700] {dagbag.py:588} INFO - Filling up the DagBag from /Users/punny/Documents/GitHub/NYC-Taxi-ETL-Pipeline/.venv/lib/python3.10/site-packages/airflow/example_dags/example_skip_dag.py
[2024-10-21T20:56:46.995+0700] {processor.py:925} INFO - DAG(s) 'example_skip_dag' retrieved from /Users/punny/Documents/GitHub/NYC-Taxi-ETL-Pipeline/.venv/lib/python3.10/site-packages/airflow/example_dags/example_skip_dag.py
[2024-10-21T20:56:47.180+0700] {logging_mixin.py:190} INFO - [2024-10-21T20:56:47.180+0700] {dag.py:3239} INFO - Sync 1 DAGs
[2024-10-21T20:56:47.201+0700] {logging_mixin.py:190} INFO - [2024-10-21T20:56:47.201+0700] {dag.py:4180} INFO - Setting next_dagrun for example_skip_dag to 2024-10-20 00:00:00+00:00, run_after=2024-10-21 00:00:00+00:00
[2024-10-21T20:56:47.223+0700] {processor.py:208} INFO - Processing /Users/punny/Documents/GitHub/NYC-Taxi-ETL-Pipeline/.venv/lib/python3.10/site-packages/airflow/example_dags/example_skip_dag.py took 0.249 seconds
[2024-10-21T21:00:42.056+0700] {processor.py:186} INFO - Started process (PID=6458) to work on /Users/punny/Documents/GitHub/NYC-Taxi-ETL-Pipeline/.venv/lib/python3.10/site-packages/airflow/example_dags/example_skip_dag.py
[2024-10-21T21:00:42.065+0700] {processor.py:914} INFO - Processing file /Users/punny/Documents/GitHub/NYC-Taxi-ETL-Pipeline/.venv/lib/python3.10/site-packages/airflow/example_dags/example_skip_dag.py for tasks to queue
[2024-10-21T21:00:42.066+0700] {logging_mixin.py:190} INFO - [2024-10-21T21:00:42.066+0700] {dagbag.py:588} INFO - Filling up the DagBag from /Users/punny/Documents/GitHub/NYC-Taxi-ETL-Pipeline/.venv/lib/python3.10/site-packages/airflow/example_dags/example_skip_dag.py
[2024-10-21T21:00:42.080+0700] {processor.py:925} INFO - DAG(s) 'example_skip_dag' retrieved from /Users/punny/Documents/GitHub/NYC-Taxi-ETL-Pipeline/.venv/lib/python3.10/site-packages/airflow/example_dags/example_skip_dag.py
[2024-10-21T21:00:42.329+0700] {logging_mixin.py:190} INFO - [2024-10-21T21:00:42.328+0700] {dag.py:3239} INFO - Sync 1 DAGs
[2024-10-21T21:00:42.354+0700] {logging_mixin.py:190} INFO - [2024-10-21T21:00:42.353+0700] {dag.py:4180} INFO - Setting next_dagrun for example_skip_dag to 2024-10-20 00:00:00+00:00, run_after=2024-10-21 00:00:00+00:00
[2024-10-21T21:00:42.386+0700] {processor.py:208} INFO - Processing /Users/punny/Documents/GitHub/NYC-Taxi-ETL-Pipeline/.venv/lib/python3.10/site-packages/airflow/example_dags/example_skip_dag.py took 0.341 seconds
[2024-10-21T21:04:43.737+0700] {processor.py:186} INFO - Started process (PID=6771) to work on /Users/punny/Documents/GitHub/NYC-Taxi-ETL-Pipeline/.venv/lib/python3.10/site-packages/airflow/example_dags/example_skip_dag.py
[2024-10-21T21:04:43.740+0700] {processor.py:914} INFO - Processing file /Users/punny/Documents/GitHub/NYC-Taxi-ETL-Pipeline/.venv/lib/python3.10/site-packages/airflow/example_dags/example_skip_dag.py for tasks to queue
[2024-10-21T21:04:43.741+0700] {logging_mixin.py:190} INFO - [2024-10-21T21:04:43.741+0700] {dagbag.py:588} INFO - Filling up the DagBag from /Users/punny/Documents/GitHub/NYC-Taxi-ETL-Pipeline/.venv/lib/python3.10/site-packages/airflow/example_dags/example_skip_dag.py
[2024-10-21T21:04:43.751+0700] {processor.py:925} INFO - DAG(s) 'example_skip_dag' retrieved from /Users/punny/Documents/GitHub/NYC-Taxi-ETL-Pipeline/.venv/lib/python3.10/site-packages/airflow/example_dags/example_skip_dag.py
[2024-10-21T21:04:43.935+0700] {logging_mixin.py:190} INFO - [2024-10-21T21:04:43.935+0700] {dag.py:3239} INFO - Sync 1 DAGs
[2024-10-21T21:04:43.958+0700] {logging_mixin.py:190} INFO - [2024-10-21T21:04:43.957+0700] {dag.py:4180} INFO - Setting next_dagrun for example_skip_dag to 2024-10-20 00:00:00+00:00, run_after=2024-10-21 00:00:00+00:00
[2024-10-21T21:04:43.979+0700] {processor.py:208} INFO - Processing /Users/punny/Documents/GitHub/NYC-Taxi-ETL-Pipeline/.venv/lib/python3.10/site-packages/airflow/example_dags/example_skip_dag.py took 0.250 seconds
[2024-10-21T21:08:10.142+0700] {processor.py:186} INFO - Started process (PID=7077) to work on /Users/punny/Documents/GitHub/NYC-Taxi-ETL-Pipeline/.venv/lib/python3.10/site-packages/airflow/example_dags/example_skip_dag.py
[2024-10-21T21:08:10.146+0700] {processor.py:914} INFO - Processing file /Users/punny/Documents/GitHub/NYC-Taxi-ETL-Pipeline/.venv/lib/python3.10/site-packages/airflow/example_dags/example_skip_dag.py for tasks to queue
[2024-10-21T21:08:10.148+0700] {logging_mixin.py:190} INFO - [2024-10-21T21:08:10.147+0700] {dagbag.py:588} INFO - Filling up the DagBag from /Users/punny/Documents/GitHub/NYC-Taxi-ETL-Pipeline/.venv/lib/python3.10/site-packages/airflow/example_dags/example_skip_dag.py
[2024-10-21T21:08:10.165+0700] {processor.py:925} INFO - DAG(s) 'example_skip_dag' retrieved from /Users/punny/Documents/GitHub/NYC-Taxi-ETL-Pipeline/.venv/lib/python3.10/site-packages/airflow/example_dags/example_skip_dag.py
[2024-10-21T21:08:10.392+0700] {logging_mixin.py:190} INFO - [2024-10-21T21:08:10.392+0700] {dag.py:3239} INFO - Sync 1 DAGs
[2024-10-21T21:08:10.420+0700] {logging_mixin.py:190} INFO - [2024-10-21T21:08:10.419+0700] {dag.py:4180} INFO - Setting next_dagrun for example_skip_dag to 2024-10-20 00:00:00+00:00, run_after=2024-10-21 00:00:00+00:00
[2024-10-21T21:08:10.446+0700] {processor.py:208} INFO - Processing /Users/punny/Documents/GitHub/NYC-Taxi-ETL-Pipeline/.venv/lib/python3.10/site-packages/airflow/example_dags/example_skip_dag.py took 0.312 seconds
[2024-10-21T21:11:24.577+0700] {processor.py:186} INFO - Started process (PID=7258) to work on /Users/punny/Documents/GitHub/NYC-Taxi-ETL-Pipeline/.venv/lib/python3.10/site-packages/airflow/example_dags/example_skip_dag.py
[2024-10-21T21:11:24.579+0700] {processor.py:914} INFO - Processing file /Users/punny/Documents/GitHub/NYC-Taxi-ETL-Pipeline/.venv/lib/python3.10/site-packages/airflow/example_dags/example_skip_dag.py for tasks to queue
[2024-10-21T21:11:24.581+0700] {logging_mixin.py:190} INFO - [2024-10-21T21:11:24.581+0700] {dagbag.py:588} INFO - Filling up the DagBag from /Users/punny/Documents/GitHub/NYC-Taxi-ETL-Pipeline/.venv/lib/python3.10/site-packages/airflow/example_dags/example_skip_dag.py
[2024-10-21T21:11:24.591+0700] {processor.py:925} INFO - DAG(s) 'example_skip_dag' retrieved from /Users/punny/Documents/GitHub/NYC-Taxi-ETL-Pipeline/.venv/lib/python3.10/site-packages/airflow/example_dags/example_skip_dag.py
[2024-10-21T21:11:24.775+0700] {logging_mixin.py:190} INFO - [2024-10-21T21:11:24.774+0700] {dag.py:3239} INFO - Sync 1 DAGs
[2024-10-21T21:11:24.796+0700] {logging_mixin.py:190} INFO - [2024-10-21T21:11:24.795+0700] {dag.py:4180} INFO - Setting next_dagrun for example_skip_dag to 2024-10-20 00:00:00+00:00, run_after=2024-10-21 00:00:00+00:00
[2024-10-21T21:11:24.815+0700] {processor.py:208} INFO - Processing /Users/punny/Documents/GitHub/NYC-Taxi-ETL-Pipeline/.venv/lib/python3.10/site-packages/airflow/example_dags/example_skip_dag.py took 0.243 seconds
[2024-10-21T21:14:31.471+0700] {processor.py:186} INFO - Started process (PID=7612) to work on /Users/punny/Documents/GitHub/NYC-Taxi-ETL-Pipeline/.venv/lib/python3.10/site-packages/airflow/example_dags/example_skip_dag.py
[2024-10-21T21:14:31.474+0700] {processor.py:914} INFO - Processing file /Users/punny/Documents/GitHub/NYC-Taxi-ETL-Pipeline/.venv/lib/python3.10/site-packages/airflow/example_dags/example_skip_dag.py for tasks to queue
[2024-10-21T21:14:31.475+0700] {logging_mixin.py:190} INFO - [2024-10-21T21:14:31.475+0700] {dagbag.py:588} INFO - Filling up the DagBag from /Users/punny/Documents/GitHub/NYC-Taxi-ETL-Pipeline/.venv/lib/python3.10/site-packages/airflow/example_dags/example_skip_dag.py
[2024-10-21T21:14:31.490+0700] {processor.py:925} INFO - DAG(s) 'example_skip_dag' retrieved from /Users/punny/Documents/GitHub/NYC-Taxi-ETL-Pipeline/.venv/lib/python3.10/site-packages/airflow/example_dags/example_skip_dag.py
[2024-10-21T21:14:31.700+0700] {logging_mixin.py:190} INFO - [2024-10-21T21:14:31.700+0700] {dag.py:3239} INFO - Sync 1 DAGs
[2024-10-21T21:14:31.722+0700] {logging_mixin.py:190} INFO - [2024-10-21T21:14:31.721+0700] {dag.py:4180} INFO - Setting next_dagrun for example_skip_dag to 2024-10-20 00:00:00+00:00, run_after=2024-10-21 00:00:00+00:00
[2024-10-21T21:14:31.745+0700] {processor.py:208} INFO - Processing /Users/punny/Documents/GitHub/NYC-Taxi-ETL-Pipeline/.venv/lib/python3.10/site-packages/airflow/example_dags/example_skip_dag.py took 0.281 seconds
[2024-10-21T21:17:52.570+0700] {processor.py:186} INFO - Started process (PID=7917) to work on /Users/punny/Documents/GitHub/NYC-Taxi-ETL-Pipeline/.venv/lib/python3.10/site-packages/airflow/example_dags/example_skip_dag.py
[2024-10-21T21:17:52.574+0700] {processor.py:914} INFO - Processing file /Users/punny/Documents/GitHub/NYC-Taxi-ETL-Pipeline/.venv/lib/python3.10/site-packages/airflow/example_dags/example_skip_dag.py for tasks to queue
[2024-10-21T21:17:52.575+0700] {logging_mixin.py:190} INFO - [2024-10-21T21:17:52.574+0700] {dagbag.py:588} INFO - Filling up the DagBag from /Users/punny/Documents/GitHub/NYC-Taxi-ETL-Pipeline/.venv/lib/python3.10/site-packages/airflow/example_dags/example_skip_dag.py
[2024-10-21T21:17:52.592+0700] {processor.py:925} INFO - DAG(s) 'example_skip_dag' retrieved from /Users/punny/Documents/GitHub/NYC-Taxi-ETL-Pipeline/.venv/lib/python3.10/site-packages/airflow/example_dags/example_skip_dag.py
[2024-10-21T21:17:52.798+0700] {logging_mixin.py:190} INFO - [2024-10-21T21:17:52.797+0700] {dag.py:3239} INFO - Sync 1 DAGs
[2024-10-21T21:17:52.826+0700] {logging_mixin.py:190} INFO - [2024-10-21T21:17:52.826+0700] {dag.py:4180} INFO - Setting next_dagrun for example_skip_dag to 2024-10-20 00:00:00+00:00, run_after=2024-10-21 00:00:00+00:00
[2024-10-21T21:17:52.853+0700] {processor.py:208} INFO - Processing /Users/punny/Documents/GitHub/NYC-Taxi-ETL-Pipeline/.venv/lib/python3.10/site-packages/airflow/example_dags/example_skip_dag.py took 0.291 seconds
[2024-10-21T21:20:51.593+0700] {processor.py:186} INFO - Started process (PID=8084) to work on /Users/punny/Documents/GitHub/NYC-Taxi-ETL-Pipeline/.venv/lib/python3.10/site-packages/airflow/example_dags/example_skip_dag.py
[2024-10-21T21:20:51.597+0700] {processor.py:914} INFO - Processing file /Users/punny/Documents/GitHub/NYC-Taxi-ETL-Pipeline/.venv/lib/python3.10/site-packages/airflow/example_dags/example_skip_dag.py for tasks to queue
[2024-10-21T21:20:51.598+0700] {logging_mixin.py:190} INFO - [2024-10-21T21:20:51.597+0700] {dagbag.py:588} INFO - Filling up the DagBag from /Users/punny/Documents/GitHub/NYC-Taxi-ETL-Pipeline/.venv/lib/python3.10/site-packages/airflow/example_dags/example_skip_dag.py
[2024-10-21T21:20:51.608+0700] {processor.py:925} INFO - DAG(s) 'example_skip_dag' retrieved from /Users/punny/Documents/GitHub/NYC-Taxi-ETL-Pipeline/.venv/lib/python3.10/site-packages/airflow/example_dags/example_skip_dag.py
[2024-10-21T21:20:51.813+0700] {logging_mixin.py:190} INFO - [2024-10-21T21:20:51.813+0700] {dag.py:3239} INFO - Sync 1 DAGs
[2024-10-21T21:20:51.836+0700] {logging_mixin.py:190} INFO - [2024-10-21T21:20:51.835+0700] {dag.py:4180} INFO - Setting next_dagrun for example_skip_dag to 2024-10-20 00:00:00+00:00, run_after=2024-10-21 00:00:00+00:00
[2024-10-21T21:20:51.858+0700] {processor.py:208} INFO - Processing /Users/punny/Documents/GitHub/NYC-Taxi-ETL-Pipeline/.venv/lib/python3.10/site-packages/airflow/example_dags/example_skip_dag.py took 0.272 seconds
[2024-10-21T21:23:44.559+0700] {processor.py:186} INFO - Started process (PID=8298) to work on /Users/punny/Documents/GitHub/NYC-Taxi-ETL-Pipeline/.venv/lib/python3.10/site-packages/airflow/example_dags/example_skip_dag.py
[2024-10-21T21:23:44.562+0700] {processor.py:914} INFO - Processing file /Users/punny/Documents/GitHub/NYC-Taxi-ETL-Pipeline/.venv/lib/python3.10/site-packages/airflow/example_dags/example_skip_dag.py for tasks to queue
[2024-10-21T21:23:44.564+0700] {logging_mixin.py:190} INFO - [2024-10-21T21:23:44.563+0700] {dagbag.py:588} INFO - Filling up the DagBag from /Users/punny/Documents/GitHub/NYC-Taxi-ETL-Pipeline/.venv/lib/python3.10/site-packages/airflow/example_dags/example_skip_dag.py
[2024-10-21T21:23:44.578+0700] {processor.py:925} INFO - DAG(s) 'example_skip_dag' retrieved from /Users/punny/Documents/GitHub/NYC-Taxi-ETL-Pipeline/.venv/lib/python3.10/site-packages/airflow/example_dags/example_skip_dag.py
[2024-10-21T21:23:44.810+0700] {logging_mixin.py:190} INFO - [2024-10-21T21:23:44.810+0700] {dag.py:3239} INFO - Sync 1 DAGs
[2024-10-21T21:23:44.838+0700] {logging_mixin.py:190} INFO - [2024-10-21T21:23:44.838+0700] {dag.py:4180} INFO - Setting next_dagrun for example_skip_dag to 2024-10-20 00:00:00+00:00, run_after=2024-10-21 00:00:00+00:00
[2024-10-21T21:23:44.866+0700] {processor.py:208} INFO - Processing /Users/punny/Documents/GitHub/NYC-Taxi-ETL-Pipeline/.venv/lib/python3.10/site-packages/airflow/example_dags/example_skip_dag.py took 0.319 seconds
[2024-10-21T21:27:19.521+0700] {processor.py:186} INFO - Started process (PID=8688) to work on /Users/punny/Documents/GitHub/NYC-Taxi-ETL-Pipeline/.venv/lib/python3.10/site-packages/airflow/example_dags/example_skip_dag.py
[2024-10-21T21:27:19.524+0700] {processor.py:914} INFO - Processing file /Users/punny/Documents/GitHub/NYC-Taxi-ETL-Pipeline/.venv/lib/python3.10/site-packages/airflow/example_dags/example_skip_dag.py for tasks to queue
[2024-10-21T21:27:19.526+0700] {logging_mixin.py:190} INFO - [2024-10-21T21:27:19.525+0700] {dagbag.py:588} INFO - Filling up the DagBag from /Users/punny/Documents/GitHub/NYC-Taxi-ETL-Pipeline/.venv/lib/python3.10/site-packages/airflow/example_dags/example_skip_dag.py
[2024-10-21T21:27:19.537+0700] {processor.py:925} INFO - DAG(s) 'example_skip_dag' retrieved from /Users/punny/Documents/GitHub/NYC-Taxi-ETL-Pipeline/.venv/lib/python3.10/site-packages/airflow/example_dags/example_skip_dag.py
[2024-10-21T21:27:19.765+0700] {logging_mixin.py:190} INFO - [2024-10-21T21:27:19.765+0700] {dag.py:3239} INFO - Sync 1 DAGs
[2024-10-21T21:27:19.791+0700] {logging_mixin.py:190} INFO - [2024-10-21T21:27:19.790+0700] {dag.py:4180} INFO - Setting next_dagrun for example_skip_dag to 2024-10-20 00:00:00+00:00, run_after=2024-10-21 00:00:00+00:00
[2024-10-21T21:27:19.815+0700] {processor.py:208} INFO - Processing /Users/punny/Documents/GitHub/NYC-Taxi-ETL-Pipeline/.venv/lib/python3.10/site-packages/airflow/example_dags/example_skip_dag.py took 0.304 seconds
[2024-10-21T21:30:13.241+0700] {processor.py:186} INFO - Started process (PID=8912) to work on /Users/punny/Documents/GitHub/NYC-Taxi-ETL-Pipeline/.venv/lib/python3.10/site-packages/airflow/example_dags/example_skip_dag.py
[2024-10-21T21:30:13.244+0700] {processor.py:914} INFO - Processing file /Users/punny/Documents/GitHub/NYC-Taxi-ETL-Pipeline/.venv/lib/python3.10/site-packages/airflow/example_dags/example_skip_dag.py for tasks to queue
[2024-10-21T21:30:13.245+0700] {logging_mixin.py:190} INFO - [2024-10-21T21:30:13.245+0700] {dagbag.py:588} INFO - Filling up the DagBag from /Users/punny/Documents/GitHub/NYC-Taxi-ETL-Pipeline/.venv/lib/python3.10/site-packages/airflow/example_dags/example_skip_dag.py
[2024-10-21T21:30:13.255+0700] {processor.py:925} INFO - DAG(s) 'example_skip_dag' retrieved from /Users/punny/Documents/GitHub/NYC-Taxi-ETL-Pipeline/.venv/lib/python3.10/site-packages/airflow/example_dags/example_skip_dag.py
[2024-10-21T21:30:13.452+0700] {logging_mixin.py:190} INFO - [2024-10-21T21:30:13.452+0700] {dag.py:3239} INFO - Sync 1 DAGs
[2024-10-21T21:30:13.476+0700] {logging_mixin.py:190} INFO - [2024-10-21T21:30:13.476+0700] {dag.py:4180} INFO - Setting next_dagrun for example_skip_dag to 2024-10-20 00:00:00+00:00, run_after=2024-10-21 00:00:00+00:00
[2024-10-21T21:30:13.500+0700] {processor.py:208} INFO - Processing /Users/punny/Documents/GitHub/NYC-Taxi-ETL-Pipeline/.venv/lib/python3.10/site-packages/airflow/example_dags/example_skip_dag.py took 0.267 seconds
[2024-10-21T21:33:04.247+0700] {processor.py:186} INFO - Started process (PID=9138) to work on /Users/punny/Documents/GitHub/NYC-Taxi-ETL-Pipeline/.venv/lib/python3.10/site-packages/airflow/example_dags/example_skip_dag.py
[2024-10-21T21:33:04.251+0700] {processor.py:914} INFO - Processing file /Users/punny/Documents/GitHub/NYC-Taxi-ETL-Pipeline/.venv/lib/python3.10/site-packages/airflow/example_dags/example_skip_dag.py for tasks to queue
[2024-10-21T21:33:04.252+0700] {logging_mixin.py:190} INFO - [2024-10-21T21:33:04.251+0700] {dagbag.py:588} INFO - Filling up the DagBag from /Users/punny/Documents/GitHub/NYC-Taxi-ETL-Pipeline/.venv/lib/python3.10/site-packages/airflow/example_dags/example_skip_dag.py
[2024-10-21T21:33:04.262+0700] {processor.py:925} INFO - DAG(s) 'example_skip_dag' retrieved from /Users/punny/Documents/GitHub/NYC-Taxi-ETL-Pipeline/.venv/lib/python3.10/site-packages/airflow/example_dags/example_skip_dag.py
[2024-10-21T21:33:04.451+0700] {logging_mixin.py:190} INFO - [2024-10-21T21:33:04.450+0700] {dag.py:3239} INFO - Sync 1 DAGs
[2024-10-21T21:33:04.473+0700] {logging_mixin.py:190} INFO - [2024-10-21T21:33:04.473+0700] {dag.py:4180} INFO - Setting next_dagrun for example_skip_dag to 2024-10-20 00:00:00+00:00, run_after=2024-10-21 00:00:00+00:00
[2024-10-21T21:33:04.494+0700] {processor.py:208} INFO - Processing /Users/punny/Documents/GitHub/NYC-Taxi-ETL-Pipeline/.venv/lib/python3.10/site-packages/airflow/example_dags/example_skip_dag.py took 0.254 seconds
[2024-10-21T21:36:04.048+0700] {processor.py:186} INFO - Started process (PID=9380) to work on /Users/punny/Documents/GitHub/NYC-Taxi-ETL-Pipeline/.venv/lib/python3.10/site-packages/airflow/example_dags/example_skip_dag.py
[2024-10-21T21:36:04.052+0700] {processor.py:914} INFO - Processing file /Users/punny/Documents/GitHub/NYC-Taxi-ETL-Pipeline/.venv/lib/python3.10/site-packages/airflow/example_dags/example_skip_dag.py for tasks to queue
[2024-10-21T21:36:04.053+0700] {logging_mixin.py:190} INFO - [2024-10-21T21:36:04.053+0700] {dagbag.py:588} INFO - Filling up the DagBag from /Users/punny/Documents/GitHub/NYC-Taxi-ETL-Pipeline/.venv/lib/python3.10/site-packages/airflow/example_dags/example_skip_dag.py
[2024-10-21T21:36:04.064+0700] {processor.py:925} INFO - DAG(s) 'example_skip_dag' retrieved from /Users/punny/Documents/GitHub/NYC-Taxi-ETL-Pipeline/.venv/lib/python3.10/site-packages/airflow/example_dags/example_skip_dag.py
[2024-10-21T21:36:04.246+0700] {logging_mixin.py:190} INFO - [2024-10-21T21:36:04.246+0700] {dag.py:3239} INFO - Sync 1 DAGs
[2024-10-21T21:36:04.268+0700] {logging_mixin.py:190} INFO - [2024-10-21T21:36:04.268+0700] {dag.py:4180} INFO - Setting next_dagrun for example_skip_dag to 2024-10-20 00:00:00+00:00, run_after=2024-10-21 00:00:00+00:00
[2024-10-21T21:36:04.289+0700] {processor.py:208} INFO - Processing /Users/punny/Documents/GitHub/NYC-Taxi-ETL-Pipeline/.venv/lib/python3.10/site-packages/airflow/example_dags/example_skip_dag.py took 0.248 seconds
[2024-10-21T21:39:40.583+0700] {processor.py:186} INFO - Started process (PID=9739) to work on /Users/punny/Documents/GitHub/NYC-Taxi-ETL-Pipeline/.venv/lib/python3.10/site-packages/airflow/example_dags/example_skip_dag.py
[2024-10-21T21:39:40.587+0700] {processor.py:914} INFO - Processing file /Users/punny/Documents/GitHub/NYC-Taxi-ETL-Pipeline/.venv/lib/python3.10/site-packages/airflow/example_dags/example_skip_dag.py for tasks to queue
[2024-10-21T21:39:40.588+0700] {logging_mixin.py:190} INFO - [2024-10-21T21:39:40.588+0700] {dagbag.py:588} INFO - Filling up the DagBag from /Users/punny/Documents/GitHub/NYC-Taxi-ETL-Pipeline/.venv/lib/python3.10/site-packages/airflow/example_dags/example_skip_dag.py
[2024-10-21T21:39:40.597+0700] {processor.py:925} INFO - DAG(s) 'example_skip_dag' retrieved from /Users/punny/Documents/GitHub/NYC-Taxi-ETL-Pipeline/.venv/lib/python3.10/site-packages/airflow/example_dags/example_skip_dag.py
[2024-10-21T21:39:40.775+0700] {logging_mixin.py:190} INFO - [2024-10-21T21:39:40.775+0700] {dag.py:3239} INFO - Sync 1 DAGs
[2024-10-21T21:39:40.797+0700] {logging_mixin.py:190} INFO - [2024-10-21T21:39:40.797+0700] {dag.py:4180} INFO - Setting next_dagrun for example_skip_dag to 2024-10-20 00:00:00+00:00, run_after=2024-10-21 00:00:00+00:00
[2024-10-21T21:39:40.818+0700] {processor.py:208} INFO - Processing /Users/punny/Documents/GitHub/NYC-Taxi-ETL-Pipeline/.venv/lib/python3.10/site-packages/airflow/example_dags/example_skip_dag.py took 0.241 seconds
[2024-10-21T21:43:07.590+0700] {processor.py:186} INFO - Started process (PID=10013) to work on /Users/punny/Documents/GitHub/NYC-Taxi-ETL-Pipeline/.venv/lib/python3.10/site-packages/airflow/example_dags/example_skip_dag.py
[2024-10-21T21:43:07.592+0700] {processor.py:914} INFO - Processing file /Users/punny/Documents/GitHub/NYC-Taxi-ETL-Pipeline/.venv/lib/python3.10/site-packages/airflow/example_dags/example_skip_dag.py for tasks to queue
[2024-10-21T21:43:07.593+0700] {logging_mixin.py:190} INFO - [2024-10-21T21:43:07.593+0700] {dagbag.py:588} INFO - Filling up the DagBag from /Users/punny/Documents/GitHub/NYC-Taxi-ETL-Pipeline/.venv/lib/python3.10/site-packages/airflow/example_dags/example_skip_dag.py
[2024-10-21T21:43:07.604+0700] {processor.py:925} INFO - DAG(s) 'example_skip_dag' retrieved from /Users/punny/Documents/GitHub/NYC-Taxi-ETL-Pipeline/.venv/lib/python3.10/site-packages/airflow/example_dags/example_skip_dag.py
[2024-10-21T21:43:07.809+0700] {logging_mixin.py:190} INFO - [2024-10-21T21:43:07.808+0700] {dag.py:3239} INFO - Sync 1 DAGs
[2024-10-21T21:43:07.832+0700] {logging_mixin.py:190} INFO - [2024-10-21T21:43:07.832+0700] {dag.py:4180} INFO - Setting next_dagrun for example_skip_dag to 2024-10-20 00:00:00+00:00, run_after=2024-10-21 00:00:00+00:00
[2024-10-21T21:43:07.855+0700] {processor.py:208} INFO - Processing /Users/punny/Documents/GitHub/NYC-Taxi-ETL-Pipeline/.venv/lib/python3.10/site-packages/airflow/example_dags/example_skip_dag.py took 0.274 seconds
[2024-10-21T21:46:49.774+0700] {processor.py:186} INFO - Started process (PID=10442) to work on /Users/punny/Documents/GitHub/NYC-Taxi-ETL-Pipeline/.venv/lib/python3.10/site-packages/airflow/example_dags/example_skip_dag.py
[2024-10-21T21:46:49.777+0700] {processor.py:914} INFO - Processing file /Users/punny/Documents/GitHub/NYC-Taxi-ETL-Pipeline/.venv/lib/python3.10/site-packages/airflow/example_dags/example_skip_dag.py for tasks to queue
[2024-10-21T21:46:49.779+0700] {logging_mixin.py:190} INFO - [2024-10-21T21:46:49.778+0700] {dagbag.py:588} INFO - Filling up the DagBag from /Users/punny/Documents/GitHub/NYC-Taxi-ETL-Pipeline/.venv/lib/python3.10/site-packages/airflow/example_dags/example_skip_dag.py
[2024-10-21T21:46:49.789+0700] {processor.py:925} INFO - DAG(s) 'example_skip_dag' retrieved from /Users/punny/Documents/GitHub/NYC-Taxi-ETL-Pipeline/.venv/lib/python3.10/site-packages/airflow/example_dags/example_skip_dag.py
[2024-10-21T21:46:50.010+0700] {logging_mixin.py:190} INFO - [2024-10-21T21:46:50.009+0700] {dag.py:3239} INFO - Sync 1 DAGs
[2024-10-21T21:46:50.032+0700] {logging_mixin.py:190} INFO - [2024-10-21T21:46:50.032+0700] {dag.py:4180} INFO - Setting next_dagrun for example_skip_dag to 2024-10-20 00:00:00+00:00, run_after=2024-10-21 00:00:00+00:00
[2024-10-21T21:46:50.055+0700] {processor.py:208} INFO - Processing /Users/punny/Documents/GitHub/NYC-Taxi-ETL-Pipeline/.venv/lib/python3.10/site-packages/airflow/example_dags/example_skip_dag.py took 0.289 seconds
[2024-10-21T21:51:20.888+0700] {processor.py:186} INFO - Started process (PID=10788) to work on /Users/punny/Documents/GitHub/NYC-Taxi-ETL-Pipeline/.venv/lib/python3.10/site-packages/airflow/example_dags/example_skip_dag.py
[2024-10-21T21:51:20.892+0700] {processor.py:914} INFO - Processing file /Users/punny/Documents/GitHub/NYC-Taxi-ETL-Pipeline/.venv/lib/python3.10/site-packages/airflow/example_dags/example_skip_dag.py for tasks to queue
[2024-10-21T21:51:20.894+0700] {logging_mixin.py:190} INFO - [2024-10-21T21:51:20.893+0700] {dagbag.py:588} INFO - Filling up the DagBag from /Users/punny/Documents/GitHub/NYC-Taxi-ETL-Pipeline/.venv/lib/python3.10/site-packages/airflow/example_dags/example_skip_dag.py
[2024-10-21T21:51:20.903+0700] {processor.py:925} INFO - DAG(s) 'example_skip_dag' retrieved from /Users/punny/Documents/GitHub/NYC-Taxi-ETL-Pipeline/.venv/lib/python3.10/site-packages/airflow/example_dags/example_skip_dag.py
[2024-10-21T21:51:21.077+0700] {logging_mixin.py:190} INFO - [2024-10-21T21:51:21.077+0700] {dag.py:3239} INFO - Sync 1 DAGs
[2024-10-21T21:51:21.099+0700] {logging_mixin.py:190} INFO - [2024-10-21T21:51:21.098+0700] {dag.py:4180} INFO - Setting next_dagrun for example_skip_dag to 2024-10-20 00:00:00+00:00, run_after=2024-10-21 00:00:00+00:00
[2024-10-21T21:51:21.119+0700] {processor.py:208} INFO - Processing /Users/punny/Documents/GitHub/NYC-Taxi-ETL-Pipeline/.venv/lib/python3.10/site-packages/airflow/example_dags/example_skip_dag.py took 0.239 seconds
[2024-10-21T21:55:35.273+0700] {processor.py:186} INFO - Started process (PID=11267) to work on /Users/punny/Documents/GitHub/NYC-Taxi-ETL-Pipeline/.venv/lib/python3.10/site-packages/airflow/example_dags/example_skip_dag.py
[2024-10-21T21:55:35.277+0700] {processor.py:914} INFO - Processing file /Users/punny/Documents/GitHub/NYC-Taxi-ETL-Pipeline/.venv/lib/python3.10/site-packages/airflow/example_dags/example_skip_dag.py for tasks to queue
[2024-10-21T21:55:35.278+0700] {logging_mixin.py:190} INFO - [2024-10-21T21:55:35.278+0700] {dagbag.py:588} INFO - Filling up the DagBag from /Users/punny/Documents/GitHub/NYC-Taxi-ETL-Pipeline/.venv/lib/python3.10/site-packages/airflow/example_dags/example_skip_dag.py
[2024-10-21T21:55:35.292+0700] {processor.py:925} INFO - DAG(s) 'example_skip_dag' retrieved from /Users/punny/Documents/GitHub/NYC-Taxi-ETL-Pipeline/.venv/lib/python3.10/site-packages/airflow/example_dags/example_skip_dag.py
[2024-10-21T21:55:35.499+0700] {logging_mixin.py:190} INFO - [2024-10-21T21:55:35.499+0700] {dag.py:3239} INFO - Sync 1 DAGs
[2024-10-21T21:55:35.522+0700] {logging_mixin.py:190} INFO - [2024-10-21T21:55:35.522+0700] {dag.py:4180} INFO - Setting next_dagrun for example_skip_dag to 2024-10-20 00:00:00+00:00, run_after=2024-10-21 00:00:00+00:00
[2024-10-21T21:55:35.543+0700] {processor.py:208} INFO - Processing /Users/punny/Documents/GitHub/NYC-Taxi-ETL-Pipeline/.venv/lib/python3.10/site-packages/airflow/example_dags/example_skip_dag.py took 0.279 seconds
[2024-10-21T21:59:41.073+0700] {processor.py:186} INFO - Started process (PID=11744) to work on /Users/punny/Documents/GitHub/NYC-Taxi-ETL-Pipeline/.venv/lib/python3.10/site-packages/airflow/example_dags/example_skip_dag.py
[2024-10-21T21:59:41.076+0700] {processor.py:914} INFO - Processing file /Users/punny/Documents/GitHub/NYC-Taxi-ETL-Pipeline/.venv/lib/python3.10/site-packages/airflow/example_dags/example_skip_dag.py for tasks to queue
[2024-10-21T21:59:41.077+0700] {logging_mixin.py:190} INFO - [2024-10-21T21:59:41.077+0700] {dagbag.py:588} INFO - Filling up the DagBag from /Users/punny/Documents/GitHub/NYC-Taxi-ETL-Pipeline/.venv/lib/python3.10/site-packages/airflow/example_dags/example_skip_dag.py
[2024-10-21T21:59:41.091+0700] {processor.py:925} INFO - DAG(s) 'example_skip_dag' retrieved from /Users/punny/Documents/GitHub/NYC-Taxi-ETL-Pipeline/.venv/lib/python3.10/site-packages/airflow/example_dags/example_skip_dag.py
[2024-10-21T21:59:41.324+0700] {logging_mixin.py:190} INFO - [2024-10-21T21:59:41.324+0700] {dag.py:3239} INFO - Sync 1 DAGs
[2024-10-21T21:59:41.347+0700] {logging_mixin.py:190} INFO - [2024-10-21T21:59:41.347+0700] {dag.py:4180} INFO - Setting next_dagrun for example_skip_dag to 2024-10-20 00:00:00+00:00, run_after=2024-10-21 00:00:00+00:00
[2024-10-21T21:59:41.368+0700] {processor.py:208} INFO - Processing /Users/punny/Documents/GitHub/NYC-Taxi-ETL-Pipeline/.venv/lib/python3.10/site-packages/airflow/example_dags/example_skip_dag.py took 0.303 seconds
[2024-10-21T22:16:43.702+0700] {processor.py:186} INFO - Started process (PID=12047) to work on /Users/punny/Documents/GitHub/NYC-Taxi-ETL-Pipeline/.venv/lib/python3.10/site-packages/airflow/example_dags/example_skip_dag.py
[2024-10-21T22:16:43.704+0700] {processor.py:914} INFO - Processing file /Users/punny/Documents/GitHub/NYC-Taxi-ETL-Pipeline/.venv/lib/python3.10/site-packages/airflow/example_dags/example_skip_dag.py for tasks to queue
[2024-10-21T22:16:43.705+0700] {logging_mixin.py:190} INFO - [2024-10-21T22:16:43.705+0700] {dagbag.py:588} INFO - Filling up the DagBag from /Users/punny/Documents/GitHub/NYC-Taxi-ETL-Pipeline/.venv/lib/python3.10/site-packages/airflow/example_dags/example_skip_dag.py
[2024-10-21T22:16:43.717+0700] {processor.py:925} INFO - DAG(s) 'example_skip_dag' retrieved from /Users/punny/Documents/GitHub/NYC-Taxi-ETL-Pipeline/.venv/lib/python3.10/site-packages/airflow/example_dags/example_skip_dag.py
[2024-10-21T22:16:43.894+0700] {logging_mixin.py:190} INFO - [2024-10-21T22:16:43.894+0700] {dag.py:3239} INFO - Sync 1 DAGs
[2024-10-21T22:16:43.915+0700] {logging_mixin.py:190} INFO - [2024-10-21T22:16:43.915+0700] {dag.py:4180} INFO - Setting next_dagrun for example_skip_dag to 2024-10-20 00:00:00+00:00, run_after=2024-10-21 00:00:00+00:00
[2024-10-21T22:16:43.935+0700] {processor.py:208} INFO - Processing /Users/punny/Documents/GitHub/NYC-Taxi-ETL-Pipeline/.venv/lib/python3.10/site-packages/airflow/example_dags/example_skip_dag.py took 0.242 seconds
[2024-10-21T22:19:51.629+0700] {processor.py:186} INFO - Started process (PID=12376) to work on /Users/punny/Documents/GitHub/NYC-Taxi-ETL-Pipeline/.venv/lib/python3.10/site-packages/airflow/example_dags/example_skip_dag.py
[2024-10-21T22:19:51.631+0700] {processor.py:914} INFO - Processing file /Users/punny/Documents/GitHub/NYC-Taxi-ETL-Pipeline/.venv/lib/python3.10/site-packages/airflow/example_dags/example_skip_dag.py for tasks to queue
[2024-10-21T22:19:51.633+0700] {logging_mixin.py:190} INFO - [2024-10-21T22:19:51.632+0700] {dagbag.py:588} INFO - Filling up the DagBag from /Users/punny/Documents/GitHub/NYC-Taxi-ETL-Pipeline/.venv/lib/python3.10/site-packages/airflow/example_dags/example_skip_dag.py
[2024-10-21T22:19:51.644+0700] {processor.py:925} INFO - DAG(s) 'example_skip_dag' retrieved from /Users/punny/Documents/GitHub/NYC-Taxi-ETL-Pipeline/.venv/lib/python3.10/site-packages/airflow/example_dags/example_skip_dag.py
[2024-10-21T22:19:51.825+0700] {logging_mixin.py:190} INFO - [2024-10-21T22:19:51.825+0700] {dag.py:3239} INFO - Sync 1 DAGs
[2024-10-21T22:19:51.847+0700] {logging_mixin.py:190} INFO - [2024-10-21T22:19:51.846+0700] {dag.py:4180} INFO - Setting next_dagrun for example_skip_dag to 2024-10-20 00:00:00+00:00, run_after=2024-10-21 00:00:00+00:00
[2024-10-21T22:19:51.869+0700] {processor.py:208} INFO - Processing /Users/punny/Documents/GitHub/NYC-Taxi-ETL-Pipeline/.venv/lib/python3.10/site-packages/airflow/example_dags/example_skip_dag.py took 0.248 seconds
[2024-10-21T22:24:59.035+0700] {processor.py:186} INFO - Started process (PID=13205) to work on /Users/punny/Documents/GitHub/NYC-Taxi-ETL-Pipeline/.venv/lib/python3.10/site-packages/airflow/example_dags/example_skip_dag.py
[2024-10-21T22:24:59.038+0700] {processor.py:914} INFO - Processing file /Users/punny/Documents/GitHub/NYC-Taxi-ETL-Pipeline/.venv/lib/python3.10/site-packages/airflow/example_dags/example_skip_dag.py for tasks to queue
[2024-10-21T22:24:59.039+0700] {logging_mixin.py:190} INFO - [2024-10-21T22:24:59.039+0700] {dagbag.py:588} INFO - Filling up the DagBag from /Users/punny/Documents/GitHub/NYC-Taxi-ETL-Pipeline/.venv/lib/python3.10/site-packages/airflow/example_dags/example_skip_dag.py
[2024-10-21T22:24:59.051+0700] {processor.py:925} INFO - DAG(s) 'example_skip_dag' retrieved from /Users/punny/Documents/GitHub/NYC-Taxi-ETL-Pipeline/.venv/lib/python3.10/site-packages/airflow/example_dags/example_skip_dag.py
[2024-10-21T22:24:59.240+0700] {logging_mixin.py:190} INFO - [2024-10-21T22:24:59.240+0700] {dag.py:3239} INFO - Sync 1 DAGs
[2024-10-21T22:24:59.264+0700] {logging_mixin.py:190} INFO - [2024-10-21T22:24:59.263+0700] {dag.py:4180} INFO - Setting next_dagrun for example_skip_dag to 2024-10-20 00:00:00+00:00, run_after=2024-10-21 00:00:00+00:00
[2024-10-21T22:24:59.288+0700] {processor.py:208} INFO - Processing /Users/punny/Documents/GitHub/NYC-Taxi-ETL-Pipeline/.venv/lib/python3.10/site-packages/airflow/example_dags/example_skip_dag.py took 0.262 seconds
[2024-10-21T22:28:40.652+0700] {processor.py:186} INFO - Started process (PID=13507) to work on /Users/punny/Documents/GitHub/NYC-Taxi-ETL-Pipeline/.venv/lib/python3.10/site-packages/airflow/example_dags/example_skip_dag.py
[2024-10-21T22:28:40.656+0700] {processor.py:914} INFO - Processing file /Users/punny/Documents/GitHub/NYC-Taxi-ETL-Pipeline/.venv/lib/python3.10/site-packages/airflow/example_dags/example_skip_dag.py for tasks to queue
[2024-10-21T22:28:40.657+0700] {logging_mixin.py:190} INFO - [2024-10-21T22:28:40.657+0700] {dagbag.py:588} INFO - Filling up the DagBag from /Users/punny/Documents/GitHub/NYC-Taxi-ETL-Pipeline/.venv/lib/python3.10/site-packages/airflow/example_dags/example_skip_dag.py
[2024-10-21T22:28:40.669+0700] {processor.py:925} INFO - DAG(s) 'example_skip_dag' retrieved from /Users/punny/Documents/GitHub/NYC-Taxi-ETL-Pipeline/.venv/lib/python3.10/site-packages/airflow/example_dags/example_skip_dag.py
[2024-10-21T22:28:40.850+0700] {logging_mixin.py:190} INFO - [2024-10-21T22:28:40.850+0700] {dag.py:3239} INFO - Sync 1 DAGs
[2024-10-21T22:28:40.872+0700] {logging_mixin.py:190} INFO - [2024-10-21T22:28:40.872+0700] {dag.py:4180} INFO - Setting next_dagrun for example_skip_dag to 2024-10-20 00:00:00+00:00, run_after=2024-10-21 00:00:00+00:00
[2024-10-21T22:28:40.893+0700] {processor.py:208} INFO - Processing /Users/punny/Documents/GitHub/NYC-Taxi-ETL-Pipeline/.venv/lib/python3.10/site-packages/airflow/example_dags/example_skip_dag.py took 0.249 seconds
[2024-10-21T22:31:34.317+0700] {processor.py:186} INFO - Started process (PID=13721) to work on /Users/punny/Documents/GitHub/NYC-Taxi-ETL-Pipeline/.venv/lib/python3.10/site-packages/airflow/example_dags/example_skip_dag.py
[2024-10-21T22:31:34.321+0700] {processor.py:914} INFO - Processing file /Users/punny/Documents/GitHub/NYC-Taxi-ETL-Pipeline/.venv/lib/python3.10/site-packages/airflow/example_dags/example_skip_dag.py for tasks to queue
[2024-10-21T22:31:34.322+0700] {logging_mixin.py:190} INFO - [2024-10-21T22:31:34.322+0700] {dagbag.py:588} INFO - Filling up the DagBag from /Users/punny/Documents/GitHub/NYC-Taxi-ETL-Pipeline/.venv/lib/python3.10/site-packages/airflow/example_dags/example_skip_dag.py
[2024-10-21T22:31:34.332+0700] {processor.py:925} INFO - DAG(s) 'example_skip_dag' retrieved from /Users/punny/Documents/GitHub/NYC-Taxi-ETL-Pipeline/.venv/lib/python3.10/site-packages/airflow/example_dags/example_skip_dag.py
[2024-10-21T22:31:34.520+0700] {logging_mixin.py:190} INFO - [2024-10-21T22:31:34.519+0700] {dag.py:3239} INFO - Sync 1 DAGs
[2024-10-21T22:31:34.542+0700] {logging_mixin.py:190} INFO - [2024-10-21T22:31:34.541+0700] {dag.py:4180} INFO - Setting next_dagrun for example_skip_dag to 2024-10-20 00:00:00+00:00, run_after=2024-10-21 00:00:00+00:00
[2024-10-21T22:31:34.563+0700] {processor.py:208} INFO - Processing /Users/punny/Documents/GitHub/NYC-Taxi-ETL-Pipeline/.venv/lib/python3.10/site-packages/airflow/example_dags/example_skip_dag.py took 0.256 seconds
