[2024-10-21T14:23:35.376+0700] {processor.py:186} INFO - Started process (PID=35435) to work on /Users/punny/Documents/GitHub/NYC-Taxi-ETL-Pipeline/.venv/lib/python3.10/site-packages/airflow/example_dags/example_complex.py
[2024-10-21T14:23:35.381+0700] {processor.py:914} INFO - Processing file /Users/punny/Documents/GitHub/NYC-Taxi-ETL-Pipeline/.venv/lib/python3.10/site-packages/airflow/example_dags/example_complex.py for tasks to queue
[2024-10-21T14:23:35.383+0700] {logging_mixin.py:190} INFO - [2024-10-21T14:23:35.383+0700] {dagbag.py:588} INFO - Filling up the DagBag from /Users/punny/Documents/GitHub/NYC-Taxi-ETL-Pipeline/.venv/lib/python3.10/site-packages/airflow/example_dags/example_complex.py
[2024-10-21T14:23:35.426+0700] {processor.py:925} INFO - DAG(s) 'example_complex' retrieved from /Users/punny/Documents/GitHub/NYC-Taxi-ETL-Pipeline/.venv/lib/python3.10/site-packages/airflow/example_dags/example_complex.py
[2024-10-21T14:23:35.940+0700] {logging_mixin.py:190} INFO - [2024-10-21T14:23:35.939+0700] {dag.py:3239} INFO - Sync 1 DAGs
[2024-10-21T14:23:35.973+0700] {logging_mixin.py:190} INFO - [2024-10-21T14:23:35.973+0700] {dag.py:4180} INFO - Setting next_dagrun for example_complex to None, run_after=None
[2024-10-21T14:23:36.019+0700] {processor.py:208} INFO - Processing /Users/punny/Documents/GitHub/NYC-Taxi-ETL-Pipeline/.venv/lib/python3.10/site-packages/airflow/example_dags/example_complex.py took 0.659 seconds
[2024-10-21T14:53:43.879+0700] {processor.py:186} INFO - Started process (PID=36742) to work on /Users/punny/Documents/GitHub/NYC-Taxi-ETL-Pipeline/.venv/lib/python3.10/site-packages/airflow/example_dags/example_complex.py
[2024-10-21T14:53:43.883+0700] {processor.py:914} INFO - Processing file /Users/punny/Documents/GitHub/NYC-Taxi-ETL-Pipeline/.venv/lib/python3.10/site-packages/airflow/example_dags/example_complex.py for tasks to queue
[2024-10-21T14:53:43.884+0700] {logging_mixin.py:190} INFO - [2024-10-21T14:53:43.884+0700] {dagbag.py:588} INFO - Filling up the DagBag from /Users/punny/Documents/GitHub/NYC-Taxi-ETL-Pipeline/.venv/lib/python3.10/site-packages/airflow/example_dags/example_complex.py
[2024-10-21T14:53:43.906+0700] {processor.py:925} INFO - DAG(s) 'example_complex' retrieved from /Users/punny/Documents/GitHub/NYC-Taxi-ETL-Pipeline/.venv/lib/python3.10/site-packages/airflow/example_dags/example_complex.py
[2024-10-21T14:53:44.137+0700] {logging_mixin.py:190} INFO - [2024-10-21T14:53:44.136+0700] {dag.py:3239} INFO - Sync 1 DAGs
[2024-10-21T14:53:44.151+0700] {logging_mixin.py:190} INFO - [2024-10-21T14:53:44.151+0700] {dag.py:4180} INFO - Setting next_dagrun for example_complex to None, run_after=None
[2024-10-21T14:53:44.175+0700] {processor.py:208} INFO - Processing /Users/punny/Documents/GitHub/NYC-Taxi-ETL-Pipeline/.venv/lib/python3.10/site-packages/airflow/example_dags/example_complex.py took 0.306 seconds
[2024-10-21T15:03:01.949+0700] {processor.py:186} INFO - Started process (PID=38131) to work on /Users/punny/Documents/GitHub/NYC-Taxi-ETL-Pipeline/.venv/lib/python3.10/site-packages/airflow/example_dags/example_complex.py
[2024-10-21T15:03:01.954+0700] {processor.py:914} INFO - Processing file /Users/punny/Documents/GitHub/NYC-Taxi-ETL-Pipeline/.venv/lib/python3.10/site-packages/airflow/example_dags/example_complex.py for tasks to queue
[2024-10-21T15:03:01.956+0700] {logging_mixin.py:190} INFO - [2024-10-21T15:03:01.956+0700] {dagbag.py:588} INFO - Filling up the DagBag from /Users/punny/Documents/GitHub/NYC-Taxi-ETL-Pipeline/.venv/lib/python3.10/site-packages/airflow/example_dags/example_complex.py
[2024-10-21T15:03:02.002+0700] {processor.py:925} INFO - DAG(s) 'example_complex' retrieved from /Users/punny/Documents/GitHub/NYC-Taxi-ETL-Pipeline/.venv/lib/python3.10/site-packages/airflow/example_dags/example_complex.py
[2024-10-21T15:03:02.518+0700] {logging_mixin.py:190} INFO - [2024-10-21T15:03:02.517+0700] {dag.py:3239} INFO - Sync 1 DAGs
[2024-10-21T15:03:02.546+0700] {logging_mixin.py:190} INFO - [2024-10-21T15:03:02.545+0700] {dag.py:4180} INFO - Setting next_dagrun for example_complex to None, run_after=None
[2024-10-21T15:03:02.593+0700] {processor.py:208} INFO - Processing /Users/punny/Documents/GitHub/NYC-Taxi-ETL-Pipeline/.venv/lib/python3.10/site-packages/airflow/example_dags/example_complex.py took 0.658 seconds
[2024-10-21T15:08:16.616+0700] {processor.py:186} INFO - Started process (PID=38772) to work on /Users/punny/Documents/GitHub/NYC-Taxi-ETL-Pipeline/.venv/lib/python3.10/site-packages/airflow/example_dags/example_complex.py
[2024-10-21T15:08:16.620+0700] {processor.py:914} INFO - Processing file /Users/punny/Documents/GitHub/NYC-Taxi-ETL-Pipeline/.venv/lib/python3.10/site-packages/airflow/example_dags/example_complex.py for tasks to queue
[2024-10-21T15:08:16.622+0700] {logging_mixin.py:190} INFO - [2024-10-21T15:08:16.622+0700] {dagbag.py:588} INFO - Filling up the DagBag from /Users/punny/Documents/GitHub/NYC-Taxi-ETL-Pipeline/.venv/lib/python3.10/site-packages/airflow/example_dags/example_complex.py
[2024-10-21T15:08:16.653+0700] {processor.py:925} INFO - DAG(s) 'example_complex' retrieved from /Users/punny/Documents/GitHub/NYC-Taxi-ETL-Pipeline/.venv/lib/python3.10/site-packages/airflow/example_dags/example_complex.py
[2024-10-21T15:08:16.981+0700] {logging_mixin.py:190} INFO - [2024-10-21T15:08:16.981+0700] {dag.py:3239} INFO - Sync 1 DAGs
[2024-10-21T15:08:17.004+0700] {logging_mixin.py:190} INFO - [2024-10-21T15:08:17.003+0700] {dag.py:4180} INFO - Setting next_dagrun for example_complex to None, run_after=None
[2024-10-21T15:08:17.036+0700] {processor.py:208} INFO - Processing /Users/punny/Documents/GitHub/NYC-Taxi-ETL-Pipeline/.venv/lib/python3.10/site-packages/airflow/example_dags/example_complex.py took 0.426 seconds
[2024-10-21T15:17:06.556+0700] {processor.py:186} INFO - Started process (PID=39895) to work on /Users/punny/Documents/GitHub/NYC-Taxi-ETL-Pipeline/.venv/lib/python3.10/site-packages/airflow/example_dags/example_complex.py
[2024-10-21T15:17:06.559+0700] {processor.py:914} INFO - Processing file /Users/punny/Documents/GitHub/NYC-Taxi-ETL-Pipeline/.venv/lib/python3.10/site-packages/airflow/example_dags/example_complex.py for tasks to queue
[2024-10-21T15:17:06.561+0700] {logging_mixin.py:190} INFO - [2024-10-21T15:17:06.561+0700] {dagbag.py:588} INFO - Filling up the DagBag from /Users/punny/Documents/GitHub/NYC-Taxi-ETL-Pipeline/.venv/lib/python3.10/site-packages/airflow/example_dags/example_complex.py
[2024-10-21T15:17:06.589+0700] {processor.py:925} INFO - DAG(s) 'example_complex' retrieved from /Users/punny/Documents/GitHub/NYC-Taxi-ETL-Pipeline/.venv/lib/python3.10/site-packages/airflow/example_dags/example_complex.py
[2024-10-21T15:17:06.908+0700] {logging_mixin.py:190} INFO - [2024-10-21T15:17:06.908+0700] {dag.py:3239} INFO - Sync 1 DAGs
[2024-10-21T15:17:06.930+0700] {logging_mixin.py:190} INFO - [2024-10-21T15:17:06.929+0700] {dag.py:4180} INFO - Setting next_dagrun for example_complex to None, run_after=None
[2024-10-21T15:17:06.968+0700] {processor.py:208} INFO - Processing /Users/punny/Documents/GitHub/NYC-Taxi-ETL-Pipeline/.venv/lib/python3.10/site-packages/airflow/example_dags/example_complex.py took 0.424 seconds
[2024-10-21T15:25:20.086+0700] {processor.py:186} INFO - Started process (PID=40941) to work on /Users/punny/Documents/GitHub/NYC-Taxi-ETL-Pipeline/.venv/lib/python3.10/site-packages/airflow/example_dags/example_complex.py
[2024-10-21T15:25:20.091+0700] {processor.py:914} INFO - Processing file /Users/punny/Documents/GitHub/NYC-Taxi-ETL-Pipeline/.venv/lib/python3.10/site-packages/airflow/example_dags/example_complex.py for tasks to queue
[2024-10-21T15:25:20.092+0700] {logging_mixin.py:190} INFO - [2024-10-21T15:25:20.092+0700] {dagbag.py:588} INFO - Filling up the DagBag from /Users/punny/Documents/GitHub/NYC-Taxi-ETL-Pipeline/.venv/lib/python3.10/site-packages/airflow/example_dags/example_complex.py
[2024-10-21T15:25:20.125+0700] {processor.py:925} INFO - DAG(s) 'example_complex' retrieved from /Users/punny/Documents/GitHub/NYC-Taxi-ETL-Pipeline/.venv/lib/python3.10/site-packages/airflow/example_dags/example_complex.py
[2024-10-21T15:25:20.406+0700] {logging_mixin.py:190} INFO - [2024-10-21T15:25:20.405+0700] {dag.py:3239} INFO - Sync 1 DAGs
[2024-10-21T15:25:20.423+0700] {logging_mixin.py:190} INFO - [2024-10-21T15:25:20.423+0700] {dag.py:4180} INFO - Setting next_dagrun for example_complex to None, run_after=None
[2024-10-21T15:25:20.453+0700] {processor.py:208} INFO - Processing /Users/punny/Documents/GitHub/NYC-Taxi-ETL-Pipeline/.venv/lib/python3.10/site-packages/airflow/example_dags/example_complex.py took 0.377 seconds
[2024-10-21T15:33:27.385+0700] {processor.py:186} INFO - Started process (PID=41974) to work on /Users/punny/Documents/GitHub/NYC-Taxi-ETL-Pipeline/.venv/lib/python3.10/site-packages/airflow/example_dags/example_complex.py
[2024-10-21T15:33:27.390+0700] {processor.py:914} INFO - Processing file /Users/punny/Documents/GitHub/NYC-Taxi-ETL-Pipeline/.venv/lib/python3.10/site-packages/airflow/example_dags/example_complex.py for tasks to queue
[2024-10-21T15:33:27.392+0700] {logging_mixin.py:190} INFO - [2024-10-21T15:33:27.391+0700] {dagbag.py:588} INFO - Filling up the DagBag from /Users/punny/Documents/GitHub/NYC-Taxi-ETL-Pipeline/.venv/lib/python3.10/site-packages/airflow/example_dags/example_complex.py
[2024-10-21T15:33:27.420+0700] {processor.py:925} INFO - DAG(s) 'example_complex' retrieved from /Users/punny/Documents/GitHub/NYC-Taxi-ETL-Pipeline/.venv/lib/python3.10/site-packages/airflow/example_dags/example_complex.py
[2024-10-21T15:33:27.714+0700] {logging_mixin.py:190} INFO - [2024-10-21T15:33:27.713+0700] {dag.py:3239} INFO - Sync 1 DAGs
[2024-10-21T15:33:27.733+0700] {logging_mixin.py:190} INFO - [2024-10-21T15:33:27.733+0700] {dag.py:4180} INFO - Setting next_dagrun for example_complex to None, run_after=None
[2024-10-21T15:33:27.764+0700] {processor.py:208} INFO - Processing /Users/punny/Documents/GitHub/NYC-Taxi-ETL-Pipeline/.venv/lib/python3.10/site-packages/airflow/example_dags/example_complex.py took 0.390 seconds
[2024-10-21T15:41:19.514+0700] {processor.py:186} INFO - Started process (PID=43058) to work on /Users/punny/Documents/GitHub/NYC-Taxi-ETL-Pipeline/.venv/lib/python3.10/site-packages/airflow/example_dags/example_complex.py
[2024-10-21T15:41:19.518+0700] {processor.py:914} INFO - Processing file /Users/punny/Documents/GitHub/NYC-Taxi-ETL-Pipeline/.venv/lib/python3.10/site-packages/airflow/example_dags/example_complex.py for tasks to queue
[2024-10-21T15:41:19.520+0700] {logging_mixin.py:190} INFO - [2024-10-21T15:41:19.519+0700] {dagbag.py:588} INFO - Filling up the DagBag from /Users/punny/Documents/GitHub/NYC-Taxi-ETL-Pipeline/.venv/lib/python3.10/site-packages/airflow/example_dags/example_complex.py
[2024-10-21T15:41:19.550+0700] {processor.py:925} INFO - DAG(s) 'example_complex' retrieved from /Users/punny/Documents/GitHub/NYC-Taxi-ETL-Pipeline/.venv/lib/python3.10/site-packages/airflow/example_dags/example_complex.py
[2024-10-21T15:41:19.829+0700] {logging_mixin.py:190} INFO - [2024-10-21T15:41:19.829+0700] {dag.py:3239} INFO - Sync 1 DAGs
[2024-10-21T15:41:19.849+0700] {logging_mixin.py:190} INFO - [2024-10-21T15:41:19.848+0700] {dag.py:4180} INFO - Setting next_dagrun for example_complex to None, run_after=None
[2024-10-21T15:41:19.876+0700] {processor.py:208} INFO - Processing /Users/punny/Documents/GitHub/NYC-Taxi-ETL-Pipeline/.venv/lib/python3.10/site-packages/airflow/example_dags/example_complex.py took 0.372 seconds
[2024-10-21T15:49:06.121+0700] {processor.py:186} INFO - Started process (PID=44006) to work on /Users/punny/Documents/GitHub/NYC-Taxi-ETL-Pipeline/.venv/lib/python3.10/site-packages/airflow/example_dags/example_complex.py
[2024-10-21T15:49:06.128+0700] {processor.py:914} INFO - Processing file /Users/punny/Documents/GitHub/NYC-Taxi-ETL-Pipeline/.venv/lib/python3.10/site-packages/airflow/example_dags/example_complex.py for tasks to queue
[2024-10-21T15:49:06.131+0700] {logging_mixin.py:190} INFO - [2024-10-21T15:49:06.131+0700] {dagbag.py:588} INFO - Filling up the DagBag from /Users/punny/Documents/GitHub/NYC-Taxi-ETL-Pipeline/.venv/lib/python3.10/site-packages/airflow/example_dags/example_complex.py
[2024-10-21T15:49:06.168+0700] {processor.py:925} INFO - DAG(s) 'example_complex' retrieved from /Users/punny/Documents/GitHub/NYC-Taxi-ETL-Pipeline/.venv/lib/python3.10/site-packages/airflow/example_dags/example_complex.py
[2024-10-21T15:49:06.502+0700] {logging_mixin.py:190} INFO - [2024-10-21T15:49:06.502+0700] {dag.py:3239} INFO - Sync 1 DAGs
[2024-10-21T15:49:06.527+0700] {logging_mixin.py:190} INFO - [2024-10-21T15:49:06.526+0700] {dag.py:4180} INFO - Setting next_dagrun for example_complex to None, run_after=None
[2024-10-21T15:49:06.568+0700] {processor.py:208} INFO - Processing /Users/punny/Documents/GitHub/NYC-Taxi-ETL-Pipeline/.venv/lib/python3.10/site-packages/airflow/example_dags/example_complex.py took 0.462 seconds
[2024-10-21T15:57:07.593+0700] {processor.py:186} INFO - Started process (PID=45047) to work on /Users/punny/Documents/GitHub/NYC-Taxi-ETL-Pipeline/.venv/lib/python3.10/site-packages/airflow/example_dags/example_complex.py
[2024-10-21T15:57:07.598+0700] {processor.py:914} INFO - Processing file /Users/punny/Documents/GitHub/NYC-Taxi-ETL-Pipeline/.venv/lib/python3.10/site-packages/airflow/example_dags/example_complex.py for tasks to queue
[2024-10-21T15:57:07.600+0700] {logging_mixin.py:190} INFO - [2024-10-21T15:57:07.599+0700] {dagbag.py:588} INFO - Filling up the DagBag from /Users/punny/Documents/GitHub/NYC-Taxi-ETL-Pipeline/.venv/lib/python3.10/site-packages/airflow/example_dags/example_complex.py
[2024-10-21T15:57:07.635+0700] {processor.py:925} INFO - DAG(s) 'example_complex' retrieved from /Users/punny/Documents/GitHub/NYC-Taxi-ETL-Pipeline/.venv/lib/python3.10/site-packages/airflow/example_dags/example_complex.py
[2024-10-21T15:57:07.940+0700] {logging_mixin.py:190} INFO - [2024-10-21T15:57:07.940+0700] {dag.py:3239} INFO - Sync 1 DAGs
[2024-10-21T15:57:07.961+0700] {logging_mixin.py:190} INFO - [2024-10-21T15:57:07.960+0700] {dag.py:4180} INFO - Setting next_dagrun for example_complex to None, run_after=None
[2024-10-21T15:57:07.996+0700] {processor.py:208} INFO - Processing /Users/punny/Documents/GitHub/NYC-Taxi-ETL-Pipeline/.venv/lib/python3.10/site-packages/airflow/example_dags/example_complex.py took 0.419 seconds
[2024-10-21T20:39:18.849+0700] {processor.py:186} INFO - Started process (PID=4446) to work on /Users/punny/Documents/GitHub/NYC-Taxi-ETL-Pipeline/.venv/lib/python3.10/site-packages/airflow/example_dags/example_complex.py
[2024-10-21T20:39:18.852+0700] {processor.py:914} INFO - Processing file /Users/punny/Documents/GitHub/NYC-Taxi-ETL-Pipeline/.venv/lib/python3.10/site-packages/airflow/example_dags/example_complex.py for tasks to queue
[2024-10-21T20:39:18.854+0700] {logging_mixin.py:190} INFO - [2024-10-21T20:39:18.853+0700] {dagbag.py:588} INFO - Filling up the DagBag from /Users/punny/Documents/GitHub/NYC-Taxi-ETL-Pipeline/.venv/lib/python3.10/site-packages/airflow/example_dags/example_complex.py
[2024-10-21T20:39:18.870+0700] {processor.py:925} INFO - DAG(s) 'example_complex' retrieved from /Users/punny/Documents/GitHub/NYC-Taxi-ETL-Pipeline/.venv/lib/python3.10/site-packages/airflow/example_dags/example_complex.py
[2024-10-21T20:39:19.068+0700] {logging_mixin.py:190} INFO - [2024-10-21T20:39:19.068+0700] {dag.py:3239} INFO - Sync 1 DAGs
[2024-10-21T20:39:19.081+0700] {logging_mixin.py:190} INFO - [2024-10-21T20:39:19.081+0700] {dag.py:4180} INFO - Setting next_dagrun for example_complex to None, run_after=None
[2024-10-21T20:39:19.102+0700] {processor.py:208} INFO - Processing /Users/punny/Documents/GitHub/NYC-Taxi-ETL-Pipeline/.venv/lib/python3.10/site-packages/airflow/example_dags/example_complex.py took 0.261 seconds
[2024-10-21T20:46:30.723+0700] {processor.py:186} INFO - Started process (PID=5110) to work on /Users/punny/Documents/GitHub/NYC-Taxi-ETL-Pipeline/.venv/lib/python3.10/site-packages/airflow/example_dags/example_complex.py
[2024-10-21T20:46:30.727+0700] {processor.py:914} INFO - Processing file /Users/punny/Documents/GitHub/NYC-Taxi-ETL-Pipeline/.venv/lib/python3.10/site-packages/airflow/example_dags/example_complex.py for tasks to queue
[2024-10-21T20:46:30.728+0700] {logging_mixin.py:190} INFO - [2024-10-21T20:46:30.728+0700] {dagbag.py:588} INFO - Filling up the DagBag from /Users/punny/Documents/GitHub/NYC-Taxi-ETL-Pipeline/.venv/lib/python3.10/site-packages/airflow/example_dags/example_complex.py
[2024-10-21T20:46:30.752+0700] {processor.py:925} INFO - DAG(s) 'example_complex' retrieved from /Users/punny/Documents/GitHub/NYC-Taxi-ETL-Pipeline/.venv/lib/python3.10/site-packages/airflow/example_dags/example_complex.py
[2024-10-21T20:46:31.020+0700] {logging_mixin.py:190} INFO - [2024-10-21T20:46:31.020+0700] {dag.py:3239} INFO - Sync 1 DAGs
[2024-10-21T20:46:31.037+0700] {logging_mixin.py:190} INFO - [2024-10-21T20:46:31.036+0700] {dag.py:4180} INFO - Setting next_dagrun for example_complex to None, run_after=None
[2024-10-21T20:46:31.065+0700] {processor.py:208} INFO - Processing /Users/punny/Documents/GitHub/NYC-Taxi-ETL-Pipeline/.venv/lib/python3.10/site-packages/airflow/example_dags/example_complex.py took 0.352 seconds
[2024-10-21T20:50:39.717+0700] {processor.py:186} INFO - Started process (PID=5488) to work on /Users/punny/Documents/GitHub/NYC-Taxi-ETL-Pipeline/.venv/lib/python3.10/site-packages/airflow/example_dags/example_complex.py
[2024-10-21T20:50:39.721+0700] {processor.py:914} INFO - Processing file /Users/punny/Documents/GitHub/NYC-Taxi-ETL-Pipeline/.venv/lib/python3.10/site-packages/airflow/example_dags/example_complex.py for tasks to queue
[2024-10-21T20:50:39.722+0700] {logging_mixin.py:190} INFO - [2024-10-21T20:50:39.722+0700] {dagbag.py:588} INFO - Filling up the DagBag from /Users/punny/Documents/GitHub/NYC-Taxi-ETL-Pipeline/.venv/lib/python3.10/site-packages/airflow/example_dags/example_complex.py
[2024-10-21T20:50:39.742+0700] {processor.py:925} INFO - DAG(s) 'example_complex' retrieved from /Users/punny/Documents/GitHub/NYC-Taxi-ETL-Pipeline/.venv/lib/python3.10/site-packages/airflow/example_dags/example_complex.py
[2024-10-21T20:50:39.990+0700] {logging_mixin.py:190} INFO - [2024-10-21T20:50:39.990+0700] {dag.py:3239} INFO - Sync 1 DAGs
[2024-10-21T20:50:40.006+0700] {logging_mixin.py:190} INFO - [2024-10-21T20:50:40.006+0700] {dag.py:4180} INFO - Setting next_dagrun for example_complex to None, run_after=None
[2024-10-21T20:50:40.032+0700] {processor.py:208} INFO - Processing /Users/punny/Documents/GitHub/NYC-Taxi-ETL-Pipeline/.venv/lib/python3.10/site-packages/airflow/example_dags/example_complex.py took 0.324 seconds
[2024-10-21T20:58:35.899+0700] {processor.py:186} INFO - Started process (PID=6350) to work on /Users/punny/Documents/GitHub/NYC-Taxi-ETL-Pipeline/.venv/lib/python3.10/site-packages/airflow/example_dags/example_complex.py
[2024-10-21T20:58:35.904+0700] {processor.py:914} INFO - Processing file /Users/punny/Documents/GitHub/NYC-Taxi-ETL-Pipeline/.venv/lib/python3.10/site-packages/airflow/example_dags/example_complex.py for tasks to queue
[2024-10-21T20:58:35.906+0700] {logging_mixin.py:190} INFO - [2024-10-21T20:58:35.905+0700] {dagbag.py:588} INFO - Filling up the DagBag from /Users/punny/Documents/GitHub/NYC-Taxi-ETL-Pipeline/.venv/lib/python3.10/site-packages/airflow/example_dags/example_complex.py
[2024-10-21T20:58:35.935+0700] {processor.py:925} INFO - DAG(s) 'example_complex' retrieved from /Users/punny/Documents/GitHub/NYC-Taxi-ETL-Pipeline/.venv/lib/python3.10/site-packages/airflow/example_dags/example_complex.py
[2024-10-21T20:58:36.228+0700] {logging_mixin.py:190} INFO - [2024-10-21T20:58:36.228+0700] {dag.py:3239} INFO - Sync 1 DAGs
[2024-10-21T20:58:36.244+0700] {logging_mixin.py:190} INFO - [2024-10-21T20:58:36.244+0700] {dag.py:4180} INFO - Setting next_dagrun for example_complex to None, run_after=None
[2024-10-21T20:58:36.275+0700] {processor.py:208} INFO - Processing /Users/punny/Documents/GitHub/NYC-Taxi-ETL-Pipeline/.venv/lib/python3.10/site-packages/airflow/example_dags/example_complex.py took 0.390 seconds
[2024-10-21T21:03:18.350+0700] {processor.py:186} INFO - Started process (PID=6685) to work on /Users/punny/Documents/GitHub/NYC-Taxi-ETL-Pipeline/.venv/lib/python3.10/site-packages/airflow/example_dags/example_complex.py
[2024-10-21T21:03:18.353+0700] {processor.py:914} INFO - Processing file /Users/punny/Documents/GitHub/NYC-Taxi-ETL-Pipeline/.venv/lib/python3.10/site-packages/airflow/example_dags/example_complex.py for tasks to queue
[2024-10-21T21:03:18.354+0700] {logging_mixin.py:190} INFO - [2024-10-21T21:03:18.354+0700] {dagbag.py:588} INFO - Filling up the DagBag from /Users/punny/Documents/GitHub/NYC-Taxi-ETL-Pipeline/.venv/lib/python3.10/site-packages/airflow/example_dags/example_complex.py
[2024-10-21T21:03:18.374+0700] {processor.py:925} INFO - DAG(s) 'example_complex' retrieved from /Users/punny/Documents/GitHub/NYC-Taxi-ETL-Pipeline/.venv/lib/python3.10/site-packages/airflow/example_dags/example_complex.py
[2024-10-21T21:03:18.621+0700] {logging_mixin.py:190} INFO - [2024-10-21T21:03:18.621+0700] {dag.py:3239} INFO - Sync 1 DAGs
[2024-10-21T21:03:18.640+0700] {logging_mixin.py:190} INFO - [2024-10-21T21:03:18.640+0700] {dag.py:4180} INFO - Setting next_dagrun for example_complex to None, run_after=None
[2024-10-21T21:03:18.666+0700] {processor.py:208} INFO - Processing /Users/punny/Documents/GitHub/NYC-Taxi-ETL-Pipeline/.venv/lib/python3.10/site-packages/airflow/example_dags/example_complex.py took 0.324 seconds
[2024-10-21T21:10:01.005+0700] {processor.py:186} INFO - Started process (PID=7176) to work on /Users/punny/Documents/GitHub/NYC-Taxi-ETL-Pipeline/.venv/lib/python3.10/site-packages/airflow/example_dags/example_complex.py
[2024-10-21T21:10:01.008+0700] {processor.py:914} INFO - Processing file /Users/punny/Documents/GitHub/NYC-Taxi-ETL-Pipeline/.venv/lib/python3.10/site-packages/airflow/example_dags/example_complex.py for tasks to queue
[2024-10-21T21:10:01.010+0700] {logging_mixin.py:190} INFO - [2024-10-21T21:10:01.009+0700] {dagbag.py:588} INFO - Filling up the DagBag from /Users/punny/Documents/GitHub/NYC-Taxi-ETL-Pipeline/.venv/lib/python3.10/site-packages/airflow/example_dags/example_complex.py
[2024-10-21T21:10:01.027+0700] {processor.py:925} INFO - DAG(s) 'example_complex' retrieved from /Users/punny/Documents/GitHub/NYC-Taxi-ETL-Pipeline/.venv/lib/python3.10/site-packages/airflow/example_dags/example_complex.py
[2024-10-21T21:10:01.228+0700] {logging_mixin.py:190} INFO - [2024-10-21T21:10:01.228+0700] {dag.py:3239} INFO - Sync 1 DAGs
[2024-10-21T21:10:01.241+0700] {logging_mixin.py:190} INFO - [2024-10-21T21:10:01.241+0700] {dag.py:4180} INFO - Setting next_dagrun for example_complex to None, run_after=None
[2024-10-21T21:10:01.262+0700] {processor.py:208} INFO - Processing /Users/punny/Documents/GitHub/NYC-Taxi-ETL-Pipeline/.venv/lib/python3.10/site-packages/airflow/example_dags/example_complex.py took 0.264 seconds
[2024-10-21T21:16:09.504+0700] {processor.py:186} INFO - Started process (PID=7826) to work on /Users/punny/Documents/GitHub/NYC-Taxi-ETL-Pipeline/.venv/lib/python3.10/site-packages/airflow/example_dags/example_complex.py
[2024-10-21T21:16:09.507+0700] {processor.py:914} INFO - Processing file /Users/punny/Documents/GitHub/NYC-Taxi-ETL-Pipeline/.venv/lib/python3.10/site-packages/airflow/example_dags/example_complex.py for tasks to queue
[2024-10-21T21:16:09.508+0700] {logging_mixin.py:190} INFO - [2024-10-21T21:16:09.508+0700] {dagbag.py:588} INFO - Filling up the DagBag from /Users/punny/Documents/GitHub/NYC-Taxi-ETL-Pipeline/.venv/lib/python3.10/site-packages/airflow/example_dags/example_complex.py
[2024-10-21T21:16:09.526+0700] {processor.py:925} INFO - DAG(s) 'example_complex' retrieved from /Users/punny/Documents/GitHub/NYC-Taxi-ETL-Pipeline/.venv/lib/python3.10/site-packages/airflow/example_dags/example_complex.py
[2024-10-21T21:16:09.734+0700] {logging_mixin.py:190} INFO - [2024-10-21T21:16:09.733+0700] {dag.py:3239} INFO - Sync 1 DAGs
[2024-10-21T21:16:09.748+0700] {logging_mixin.py:190} INFO - [2024-10-21T21:16:09.747+0700] {dag.py:4180} INFO - Setting next_dagrun for example_complex to None, run_after=None
[2024-10-21T21:16:09.771+0700] {processor.py:208} INFO - Processing /Users/punny/Documents/GitHub/NYC-Taxi-ETL-Pipeline/.venv/lib/python3.10/site-packages/airflow/example_dags/example_complex.py took 0.274 seconds
[2024-10-21T21:22:16.695+0700] {processor.py:186} INFO - Started process (PID=8170) to work on /Users/punny/Documents/GitHub/NYC-Taxi-ETL-Pipeline/.venv/lib/python3.10/site-packages/airflow/example_dags/example_complex.py
[2024-10-21T21:22:16.699+0700] {processor.py:914} INFO - Processing file /Users/punny/Documents/GitHub/NYC-Taxi-ETL-Pipeline/.venv/lib/python3.10/site-packages/airflow/example_dags/example_complex.py for tasks to queue
[2024-10-21T21:22:16.700+0700] {logging_mixin.py:190} INFO - [2024-10-21T21:22:16.700+0700] {dagbag.py:588} INFO - Filling up the DagBag from /Users/punny/Documents/GitHub/NYC-Taxi-ETL-Pipeline/.venv/lib/python3.10/site-packages/airflow/example_dags/example_complex.py
[2024-10-21T21:22:16.718+0700] {processor.py:925} INFO - DAG(s) 'example_complex' retrieved from /Users/punny/Documents/GitHub/NYC-Taxi-ETL-Pipeline/.venv/lib/python3.10/site-packages/airflow/example_dags/example_complex.py
[2024-10-21T21:22:16.935+0700] {logging_mixin.py:190} INFO - [2024-10-21T21:22:16.935+0700] {dag.py:3239} INFO - Sync 1 DAGs
[2024-10-21T21:22:16.949+0700] {logging_mixin.py:190} INFO - [2024-10-21T21:22:16.949+0700] {dag.py:4180} INFO - Setting next_dagrun for example_complex to None, run_after=None
[2024-10-21T21:22:16.972+0700] {processor.py:208} INFO - Processing /Users/punny/Documents/GitHub/NYC-Taxi-ETL-Pipeline/.venv/lib/python3.10/site-packages/airflow/example_dags/example_complex.py took 0.286 seconds
[2024-10-21T21:28:51.153+0700] {processor.py:186} INFO - Started process (PID=8807) to work on /Users/punny/Documents/GitHub/NYC-Taxi-ETL-Pipeline/.venv/lib/python3.10/site-packages/airflow/example_dags/example_complex.py
[2024-10-21T21:28:51.157+0700] {processor.py:914} INFO - Processing file /Users/punny/Documents/GitHub/NYC-Taxi-ETL-Pipeline/.venv/lib/python3.10/site-packages/airflow/example_dags/example_complex.py for tasks to queue
[2024-10-21T21:28:51.158+0700] {logging_mixin.py:190} INFO - [2024-10-21T21:28:51.157+0700] {dagbag.py:588} INFO - Filling up the DagBag from /Users/punny/Documents/GitHub/NYC-Taxi-ETL-Pipeline/.venv/lib/python3.10/site-packages/airflow/example_dags/example_complex.py
[2024-10-21T21:28:51.177+0700] {processor.py:925} INFO - DAG(s) 'example_complex' retrieved from /Users/punny/Documents/GitHub/NYC-Taxi-ETL-Pipeline/.venv/lib/python3.10/site-packages/airflow/example_dags/example_complex.py
[2024-10-21T21:28:51.381+0700] {logging_mixin.py:190} INFO - [2024-10-21T21:28:51.381+0700] {dag.py:3239} INFO - Sync 1 DAGs
[2024-10-21T21:28:51.394+0700] {logging_mixin.py:190} INFO - [2024-10-21T21:28:51.394+0700] {dag.py:4180} INFO - Setting next_dagrun for example_complex to None, run_after=None
[2024-10-21T21:28:51.416+0700] {processor.py:208} INFO - Processing /Users/punny/Documents/GitHub/NYC-Taxi-ETL-Pipeline/.venv/lib/python3.10/site-packages/airflow/example_dags/example_complex.py took 0.270 seconds
[2024-10-21T21:34:38.111+0700] {processor.py:186} INFO - Started process (PID=9241) to work on /Users/punny/Documents/GitHub/NYC-Taxi-ETL-Pipeline/.venv/lib/python3.10/site-packages/airflow/example_dags/example_complex.py
[2024-10-21T21:34:38.115+0700] {processor.py:914} INFO - Processing file /Users/punny/Documents/GitHub/NYC-Taxi-ETL-Pipeline/.venv/lib/python3.10/site-packages/airflow/example_dags/example_complex.py for tasks to queue
[2024-10-21T21:34:38.116+0700] {logging_mixin.py:190} INFO - [2024-10-21T21:34:38.116+0700] {dagbag.py:588} INFO - Filling up the DagBag from /Users/punny/Documents/GitHub/NYC-Taxi-ETL-Pipeline/.venv/lib/python3.10/site-packages/airflow/example_dags/example_complex.py
[2024-10-21T21:34:38.133+0700] {processor.py:925} INFO - DAG(s) 'example_complex' retrieved from /Users/punny/Documents/GitHub/NYC-Taxi-ETL-Pipeline/.venv/lib/python3.10/site-packages/airflow/example_dags/example_complex.py
[2024-10-21T21:34:38.331+0700] {logging_mixin.py:190} INFO - [2024-10-21T21:34:38.331+0700] {dag.py:3239} INFO - Sync 1 DAGs
[2024-10-21T21:34:38.344+0700] {logging_mixin.py:190} INFO - [2024-10-21T21:34:38.344+0700] {dag.py:4180} INFO - Setting next_dagrun for example_complex to None, run_after=None
[2024-10-21T21:34:38.365+0700] {processor.py:208} INFO - Processing /Users/punny/Documents/GitHub/NYC-Taxi-ETL-Pipeline/.venv/lib/python3.10/site-packages/airflow/example_dags/example_complex.py took 0.262 seconds
[2024-10-21T21:41:47.254+0700] {processor.py:186} INFO - Started process (PID=9938) to work on /Users/punny/Documents/GitHub/NYC-Taxi-ETL-Pipeline/.venv/lib/python3.10/site-packages/airflow/example_dags/example_complex.py
[2024-10-21T21:41:47.256+0700] {processor.py:914} INFO - Processing file /Users/punny/Documents/GitHub/NYC-Taxi-ETL-Pipeline/.venv/lib/python3.10/site-packages/airflow/example_dags/example_complex.py for tasks to queue
[2024-10-21T21:41:47.257+0700] {logging_mixin.py:190} INFO - [2024-10-21T21:41:47.257+0700] {dagbag.py:588} INFO - Filling up the DagBag from /Users/punny/Documents/GitHub/NYC-Taxi-ETL-Pipeline/.venv/lib/python3.10/site-packages/airflow/example_dags/example_complex.py
[2024-10-21T21:41:47.277+0700] {processor.py:925} INFO - DAG(s) 'example_complex' retrieved from /Users/punny/Documents/GitHub/NYC-Taxi-ETL-Pipeline/.venv/lib/python3.10/site-packages/airflow/example_dags/example_complex.py
[2024-10-21T21:41:47.477+0700] {logging_mixin.py:190} INFO - [2024-10-21T21:41:47.476+0700] {dag.py:3239} INFO - Sync 1 DAGs
[2024-10-21T21:41:47.490+0700] {logging_mixin.py:190} INFO - [2024-10-21T21:41:47.490+0700] {dag.py:4180} INFO - Setting next_dagrun for example_complex to None, run_after=None
[2024-10-21T21:41:47.511+0700] {processor.py:208} INFO - Processing /Users/punny/Documents/GitHub/NYC-Taxi-ETL-Pipeline/.venv/lib/python3.10/site-packages/airflow/example_dags/example_complex.py took 0.265 seconds
[2024-10-21T21:48:25.418+0700] {processor.py:186} INFO - Started process (PID=10566) to work on /Users/punny/Documents/GitHub/NYC-Taxi-ETL-Pipeline/.venv/lib/python3.10/site-packages/airflow/example_dags/example_complex.py
[2024-10-21T21:48:25.422+0700] {processor.py:914} INFO - Processing file /Users/punny/Documents/GitHub/NYC-Taxi-ETL-Pipeline/.venv/lib/python3.10/site-packages/airflow/example_dags/example_complex.py for tasks to queue
[2024-10-21T21:48:25.423+0700] {logging_mixin.py:190} INFO - [2024-10-21T21:48:25.423+0700] {dagbag.py:588} INFO - Filling up the DagBag from /Users/punny/Documents/GitHub/NYC-Taxi-ETL-Pipeline/.venv/lib/python3.10/site-packages/airflow/example_dags/example_complex.py
[2024-10-21T21:48:25.441+0700] {processor.py:925} INFO - DAG(s) 'example_complex' retrieved from /Users/punny/Documents/GitHub/NYC-Taxi-ETL-Pipeline/.venv/lib/python3.10/site-packages/airflow/example_dags/example_complex.py
[2024-10-21T21:48:25.641+0700] {logging_mixin.py:190} INFO - [2024-10-21T21:48:25.641+0700] {dag.py:3239} INFO - Sync 1 DAGs
[2024-10-21T21:48:25.654+0700] {logging_mixin.py:190} INFO - [2024-10-21T21:48:25.654+0700] {dag.py:4180} INFO - Setting next_dagrun for example_complex to None, run_after=None
[2024-10-21T21:48:25.676+0700] {processor.py:208} INFO - Processing /Users/punny/Documents/GitHub/NYC-Taxi-ETL-Pipeline/.venv/lib/python3.10/site-packages/airflow/example_dags/example_complex.py took 0.265 seconds
[2024-10-21T21:52:56.018+0700] {processor.py:186} INFO - Started process (PID=10890) to work on /Users/punny/Documents/GitHub/NYC-Taxi-ETL-Pipeline/.venv/lib/python3.10/site-packages/airflow/example_dags/example_complex.py
[2024-10-21T21:52:56.021+0700] {processor.py:914} INFO - Processing file /Users/punny/Documents/GitHub/NYC-Taxi-ETL-Pipeline/.venv/lib/python3.10/site-packages/airflow/example_dags/example_complex.py for tasks to queue
[2024-10-21T21:52:56.022+0700] {logging_mixin.py:190} INFO - [2024-10-21T21:52:56.022+0700] {dagbag.py:588} INFO - Filling up the DagBag from /Users/punny/Documents/GitHub/NYC-Taxi-ETL-Pipeline/.venv/lib/python3.10/site-packages/airflow/example_dags/example_complex.py
[2024-10-21T21:52:56.041+0700] {processor.py:925} INFO - DAG(s) 'example_complex' retrieved from /Users/punny/Documents/GitHub/NYC-Taxi-ETL-Pipeline/.venv/lib/python3.10/site-packages/airflow/example_dags/example_complex.py
[2024-10-21T21:52:56.243+0700] {logging_mixin.py:190} INFO - [2024-10-21T21:52:56.243+0700] {dag.py:3239} INFO - Sync 1 DAGs
[2024-10-21T21:52:56.257+0700] {logging_mixin.py:190} INFO - [2024-10-21T21:52:56.256+0700] {dag.py:4180} INFO - Setting next_dagrun for example_complex to None, run_after=None
[2024-10-21T21:52:56.278+0700] {processor.py:208} INFO - Processing /Users/punny/Documents/GitHub/NYC-Taxi-ETL-Pipeline/.venv/lib/python3.10/site-packages/airflow/example_dags/example_complex.py took 0.268 seconds
[2024-10-21T22:14:52.684+0700] {processor.py:186} INFO - Started process (PID=11917) to work on /Users/punny/Documents/GitHub/NYC-Taxi-ETL-Pipeline/.venv/lib/python3.10/site-packages/airflow/example_dags/example_complex.py
[2024-10-21T22:14:52.687+0700] {processor.py:914} INFO - Processing file /Users/punny/Documents/GitHub/NYC-Taxi-ETL-Pipeline/.venv/lib/python3.10/site-packages/airflow/example_dags/example_complex.py for tasks to queue
[2024-10-21T22:14:52.688+0700] {logging_mixin.py:190} INFO - [2024-10-21T22:14:52.687+0700] {dagbag.py:588} INFO - Filling up the DagBag from /Users/punny/Documents/GitHub/NYC-Taxi-ETL-Pipeline/.venv/lib/python3.10/site-packages/airflow/example_dags/example_complex.py
[2024-10-21T22:14:52.705+0700] {processor.py:925} INFO - DAG(s) 'example_complex' retrieved from /Users/punny/Documents/GitHub/NYC-Taxi-ETL-Pipeline/.venv/lib/python3.10/site-packages/airflow/example_dags/example_complex.py
[2024-10-21T22:14:52.895+0700] {logging_mixin.py:190} INFO - [2024-10-21T22:14:52.894+0700] {dag.py:3239} INFO - Sync 1 DAGs
[2024-10-21T22:14:52.907+0700] {logging_mixin.py:190} INFO - [2024-10-21T22:14:52.907+0700] {dag.py:4180} INFO - Setting next_dagrun for example_complex to None, run_after=None
[2024-10-21T22:14:52.928+0700] {processor.py:208} INFO - Processing /Users/punny/Documents/GitHub/NYC-Taxi-ETL-Pipeline/.venv/lib/python3.10/site-packages/airflow/example_dags/example_complex.py took 0.251 seconds
[2024-10-21T22:21:49.484+0700] {processor.py:186} INFO - Started process (PID=12742) to work on /Users/punny/Documents/GitHub/NYC-Taxi-ETL-Pipeline/.venv/lib/python3.10/site-packages/airflow/example_dags/example_complex.py
[2024-10-21T22:21:49.487+0700] {processor.py:914} INFO - Processing file /Users/punny/Documents/GitHub/NYC-Taxi-ETL-Pipeline/.venv/lib/python3.10/site-packages/airflow/example_dags/example_complex.py for tasks to queue
[2024-10-21T22:21:49.489+0700] {logging_mixin.py:190} INFO - [2024-10-21T22:21:49.489+0700] {dagbag.py:588} INFO - Filling up the DagBag from /Users/punny/Documents/GitHub/NYC-Taxi-ETL-Pipeline/.venv/lib/python3.10/site-packages/airflow/example_dags/example_complex.py
[2024-10-21T22:21:49.507+0700] {processor.py:925} INFO - DAG(s) 'example_complex' retrieved from /Users/punny/Documents/GitHub/NYC-Taxi-ETL-Pipeline/.venv/lib/python3.10/site-packages/airflow/example_dags/example_complex.py
[2024-10-21T22:21:49.706+0700] {logging_mixin.py:190} INFO - [2024-10-21T22:21:49.706+0700] {dag.py:3239} INFO - Sync 1 DAGs
[2024-10-21T22:21:49.719+0700] {logging_mixin.py:190} INFO - [2024-10-21T22:21:49.719+0700] {dag.py:4180} INFO - Setting next_dagrun for example_complex to None, run_after=None
[2024-10-21T22:21:49.739+0700] {processor.py:208} INFO - Processing /Users/punny/Documents/GitHub/NYC-Taxi-ETL-Pipeline/.venv/lib/python3.10/site-packages/airflow/example_dags/example_complex.py took 0.264 seconds
[2024-10-21T22:27:07.009+0700] {processor.py:186} INFO - Started process (PID=13412) to work on /Users/punny/Documents/GitHub/NYC-Taxi-ETL-Pipeline/.venv/lib/python3.10/site-packages/airflow/example_dags/example_complex.py
[2024-10-21T22:27:07.012+0700] {processor.py:914} INFO - Processing file /Users/punny/Documents/GitHub/NYC-Taxi-ETL-Pipeline/.venv/lib/python3.10/site-packages/airflow/example_dags/example_complex.py for tasks to queue
[2024-10-21T22:27:07.013+0700] {logging_mixin.py:190} INFO - [2024-10-21T22:27:07.013+0700] {dagbag.py:588} INFO - Filling up the DagBag from /Users/punny/Documents/GitHub/NYC-Taxi-ETL-Pipeline/.venv/lib/python3.10/site-packages/airflow/example_dags/example_complex.py
[2024-10-21T22:27:07.031+0700] {processor.py:925} INFO - DAG(s) 'example_complex' retrieved from /Users/punny/Documents/GitHub/NYC-Taxi-ETL-Pipeline/.venv/lib/python3.10/site-packages/airflow/example_dags/example_complex.py
[2024-10-21T22:27:07.250+0700] {logging_mixin.py:190} INFO - [2024-10-21T22:27:07.250+0700] {dag.py:3239} INFO - Sync 1 DAGs
[2024-10-21T22:27:07.264+0700] {logging_mixin.py:190} INFO - [2024-10-21T22:27:07.264+0700] {dag.py:4180} INFO - Setting next_dagrun for example_complex to None, run_after=None
[2024-10-21T22:27:07.286+0700] {processor.py:208} INFO - Processing /Users/punny/Documents/GitHub/NYC-Taxi-ETL-Pipeline/.venv/lib/python3.10/site-packages/airflow/example_dags/example_complex.py took 0.286 seconds
[2024-10-21T22:32:57.205+0700] {processor.py:186} INFO - Started process (PID=13794) to work on /Users/punny/Documents/GitHub/NYC-Taxi-ETL-Pipeline/.venv/lib/python3.10/site-packages/airflow/example_dags/example_complex.py
[2024-10-21T22:32:57.208+0700] {processor.py:914} INFO - Processing file /Users/punny/Documents/GitHub/NYC-Taxi-ETL-Pipeline/.venv/lib/python3.10/site-packages/airflow/example_dags/example_complex.py for tasks to queue
[2024-10-21T22:32:57.209+0700] {logging_mixin.py:190} INFO - [2024-10-21T22:32:57.209+0700] {dagbag.py:588} INFO - Filling up the DagBag from /Users/punny/Documents/GitHub/NYC-Taxi-ETL-Pipeline/.venv/lib/python3.10/site-packages/airflow/example_dags/example_complex.py
[2024-10-21T22:32:57.226+0700] {processor.py:925} INFO - DAG(s) 'example_complex' retrieved from /Users/punny/Documents/GitHub/NYC-Taxi-ETL-Pipeline/.venv/lib/python3.10/site-packages/airflow/example_dags/example_complex.py
[2024-10-21T22:32:57.424+0700] {logging_mixin.py:190} INFO - [2024-10-21T22:32:57.424+0700] {dag.py:3239} INFO - Sync 1 DAGs
[2024-10-21T22:32:57.437+0700] {logging_mixin.py:190} INFO - [2024-10-21T22:32:57.437+0700] {dag.py:4180} INFO - Setting next_dagrun for example_complex to None, run_after=None
[2024-10-21T22:32:57.458+0700] {processor.py:208} INFO - Processing /Users/punny/Documents/GitHub/NYC-Taxi-ETL-Pipeline/.venv/lib/python3.10/site-packages/airflow/example_dags/example_complex.py took 0.263 seconds
