[2024-10-21T12:22:33.270+0700] {processor.py:186} INFO - Started process (PID=34083) to work on /Users/punny/Documents/GitHub/NYC-Taxi-ETL-Pipeline/.venv/lib/python3.10/site-packages/airflow/example_dags/example_task_group_decorator.py
[2024-10-21T12:22:33.275+0700] {processor.py:914} INFO - Processing file /Users/punny/Documents/GitHub/NYC-Taxi-ETL-Pipeline/.venv/lib/python3.10/site-packages/airflow/example_dags/example_task_group_decorator.py for tasks to queue
[2024-10-21T12:22:33.277+0700] {logging_mixin.py:190} INFO - [2024-10-21T12:22:33.276+0700] {dagbag.py:588} INFO - Filling up the DagBag from /Users/punny/Documents/GitHub/NYC-Taxi-ETL-Pipeline/.venv/lib/python3.10/site-packages/airflow/example_dags/example_task_group_decorator.py
[2024-10-21T12:22:33.388+0700] {processor.py:925} INFO - DAG(s) 'example_task_group_decorator' retrieved from /Users/punny/Documents/GitHub/NYC-Taxi-ETL-Pipeline/.venv/lib/python3.10/site-packages/airflow/example_dags/example_task_group_decorator.py
[2024-10-21T12:22:33.933+0700] {logging_mixin.py:190} INFO - [2024-10-21T12:22:33.932+0700] {dag.py:3239} INFO - Sync 1 DAGs
[2024-10-21T12:22:33.960+0700] {logging_mixin.py:190} INFO - [2024-10-21T12:22:33.960+0700] {dag.py:4180} INFO - Setting next_dagrun for example_task_group_decorator to None, run_after=None
[2024-10-21T12:22:34.002+0700] {processor.py:208} INFO - Processing /Users/punny/Documents/GitHub/NYC-Taxi-ETL-Pipeline/.venv/lib/python3.10/site-packages/airflow/example_dags/example_task_group_decorator.py took 0.741 seconds
[2024-10-21T13:57:30.284+0700] {processor.py:186} INFO - Started process (PID=34944) to work on /Users/punny/Documents/GitHub/NYC-Taxi-ETL-Pipeline/.venv/lib/python3.10/site-packages/airflow/example_dags/example_task_group_decorator.py
[2024-10-21T13:57:30.289+0700] {processor.py:914} INFO - Processing file /Users/punny/Documents/GitHub/NYC-Taxi-ETL-Pipeline/.venv/lib/python3.10/site-packages/airflow/example_dags/example_task_group_decorator.py for tasks to queue
[2024-10-21T13:57:30.291+0700] {logging_mixin.py:190} INFO - [2024-10-21T13:57:30.291+0700] {dagbag.py:588} INFO - Filling up the DagBag from /Users/punny/Documents/GitHub/NYC-Taxi-ETL-Pipeline/.venv/lib/python3.10/site-packages/airflow/example_dags/example_task_group_decorator.py
[2024-10-21T13:57:30.404+0700] {processor.py:925} INFO - DAG(s) 'example_task_group_decorator' retrieved from /Users/punny/Documents/GitHub/NYC-Taxi-ETL-Pipeline/.venv/lib/python3.10/site-packages/airflow/example_dags/example_task_group_decorator.py
[2024-10-21T13:57:30.710+0700] {logging_mixin.py:190} INFO - [2024-10-21T13:57:30.709+0700] {dag.py:3239} INFO - Sync 1 DAGs
[2024-10-21T13:57:30.743+0700] {logging_mixin.py:190} INFO - [2024-10-21T13:57:30.743+0700] {dag.py:4180} INFO - Setting next_dagrun for example_task_group_decorator to None, run_after=None
[2024-10-21T13:57:30.819+0700] {processor.py:208} INFO - Processing /Users/punny/Documents/GitHub/NYC-Taxi-ETL-Pipeline/.venv/lib/python3.10/site-packages/airflow/example_dags/example_task_group_decorator.py took 0.543 seconds
[2024-10-21T14:48:06.440+0700] {processor.py:186} INFO - Started process (PID=35810) to work on /Users/punny/Documents/GitHub/NYC-Taxi-ETL-Pipeline/.venv/lib/python3.10/site-packages/airflow/example_dags/example_task_group_decorator.py
[2024-10-21T14:48:06.445+0700] {processor.py:914} INFO - Processing file /Users/punny/Documents/GitHub/NYC-Taxi-ETL-Pipeline/.venv/lib/python3.10/site-packages/airflow/example_dags/example_task_group_decorator.py for tasks to queue
[2024-10-21T14:48:06.447+0700] {logging_mixin.py:190} INFO - [2024-10-21T14:48:06.446+0700] {dagbag.py:588} INFO - Filling up the DagBag from /Users/punny/Documents/GitHub/NYC-Taxi-ETL-Pipeline/.venv/lib/python3.10/site-packages/airflow/example_dags/example_task_group_decorator.py
[2024-10-21T14:48:06.546+0700] {processor.py:925} INFO - DAG(s) 'example_task_group_decorator' retrieved from /Users/punny/Documents/GitHub/NYC-Taxi-ETL-Pipeline/.venv/lib/python3.10/site-packages/airflow/example_dags/example_task_group_decorator.py
[2024-10-21T14:48:06.766+0700] {logging_mixin.py:190} INFO - [2024-10-21T14:48:06.765+0700] {dag.py:3239} INFO - Sync 1 DAGs
[2024-10-21T14:48:06.780+0700] {logging_mixin.py:190} INFO - [2024-10-21T14:48:06.780+0700] {dag.py:4180} INFO - Setting next_dagrun for example_task_group_decorator to None, run_after=None
[2024-10-21T14:48:06.806+0700] {processor.py:208} INFO - Processing /Users/punny/Documents/GitHub/NYC-Taxi-ETL-Pipeline/.venv/lib/python3.10/site-packages/airflow/example_dags/example_task_group_decorator.py took 0.376 seconds
[2024-10-21T14:51:42.003+0700] {processor.py:186} INFO - Started process (PID=36447) to work on /Users/punny/Documents/GitHub/NYC-Taxi-ETL-Pipeline/.venv/lib/python3.10/site-packages/airflow/example_dags/example_task_group_decorator.py
[2024-10-21T14:51:42.008+0700] {processor.py:914} INFO - Processing file /Users/punny/Documents/GitHub/NYC-Taxi-ETL-Pipeline/.venv/lib/python3.10/site-packages/airflow/example_dags/example_task_group_decorator.py for tasks to queue
[2024-10-21T14:51:42.010+0700] {logging_mixin.py:190} INFO - [2024-10-21T14:51:42.010+0700] {dagbag.py:588} INFO - Filling up the DagBag from /Users/punny/Documents/GitHub/NYC-Taxi-ETL-Pipeline/.venv/lib/python3.10/site-packages/airflow/example_dags/example_task_group_decorator.py
[2024-10-21T14:51:42.087+0700] {processor.py:925} INFO - DAG(s) 'example_task_group_decorator' retrieved from /Users/punny/Documents/GitHub/NYC-Taxi-ETL-Pipeline/.venv/lib/python3.10/site-packages/airflow/example_dags/example_task_group_decorator.py
[2024-10-21T14:51:42.428+0700] {logging_mixin.py:190} INFO - [2024-10-21T14:51:42.428+0700] {dag.py:3239} INFO - Sync 1 DAGs
[2024-10-21T14:51:42.446+0700] {logging_mixin.py:190} INFO - [2024-10-21T14:51:42.445+0700] {dag.py:4180} INFO - Setting next_dagrun for example_task_group_decorator to None, run_after=None
[2024-10-21T14:51:42.473+0700] {processor.py:208} INFO - Processing /Users/punny/Documents/GitHub/NYC-Taxi-ETL-Pipeline/.venv/lib/python3.10/site-packages/airflow/example_dags/example_task_group_decorator.py took 0.478 seconds
[2024-10-21T14:55:13.303+0700] {processor.py:186} INFO - Started process (PID=36963) to work on /Users/punny/Documents/GitHub/NYC-Taxi-ETL-Pipeline/.venv/lib/python3.10/site-packages/airflow/example_dags/example_task_group_decorator.py
[2024-10-21T14:55:13.307+0700] {processor.py:914} INFO - Processing file /Users/punny/Documents/GitHub/NYC-Taxi-ETL-Pipeline/.venv/lib/python3.10/site-packages/airflow/example_dags/example_task_group_decorator.py for tasks to queue
[2024-10-21T14:55:13.308+0700] {logging_mixin.py:190} INFO - [2024-10-21T14:55:13.308+0700] {dagbag.py:588} INFO - Filling up the DagBag from /Users/punny/Documents/GitHub/NYC-Taxi-ETL-Pipeline/.venv/lib/python3.10/site-packages/airflow/example_dags/example_task_group_decorator.py
[2024-10-21T14:55:13.379+0700] {processor.py:925} INFO - DAG(s) 'example_task_group_decorator' retrieved from /Users/punny/Documents/GitHub/NYC-Taxi-ETL-Pipeline/.venv/lib/python3.10/site-packages/airflow/example_dags/example_task_group_decorator.py
[2024-10-21T14:55:13.619+0700] {logging_mixin.py:190} INFO - [2024-10-21T14:55:13.618+0700] {dag.py:3239} INFO - Sync 1 DAGs
[2024-10-21T14:55:13.635+0700] {logging_mixin.py:190} INFO - [2024-10-21T14:55:13.634+0700] {dag.py:4180} INFO - Setting next_dagrun for example_task_group_decorator to None, run_after=None
[2024-10-21T14:55:13.661+0700] {processor.py:208} INFO - Processing /Users/punny/Documents/GitHub/NYC-Taxi-ETL-Pipeline/.venv/lib/python3.10/site-packages/airflow/example_dags/example_task_group_decorator.py took 0.368 seconds
[2024-10-21T14:59:44.863+0700] {processor.py:186} INFO - Started process (PID=37669) to work on /Users/punny/Documents/GitHub/NYC-Taxi-ETL-Pipeline/.venv/lib/python3.10/site-packages/airflow/example_dags/example_task_group_decorator.py
[2024-10-21T14:59:44.868+0700] {processor.py:914} INFO - Processing file /Users/punny/Documents/GitHub/NYC-Taxi-ETL-Pipeline/.venv/lib/python3.10/site-packages/airflow/example_dags/example_task_group_decorator.py for tasks to queue
[2024-10-21T14:59:44.870+0700] {logging_mixin.py:190} INFO - [2024-10-21T14:59:44.869+0700] {dagbag.py:588} INFO - Filling up the DagBag from /Users/punny/Documents/GitHub/NYC-Taxi-ETL-Pipeline/.venv/lib/python3.10/site-packages/airflow/example_dags/example_task_group_decorator.py
[2024-10-21T14:59:44.942+0700] {processor.py:925} INFO - DAG(s) 'example_task_group_decorator' retrieved from /Users/punny/Documents/GitHub/NYC-Taxi-ETL-Pipeline/.venv/lib/python3.10/site-packages/airflow/example_dags/example_task_group_decorator.py
[2024-10-21T14:59:45.188+0700] {logging_mixin.py:190} INFO - [2024-10-21T14:59:45.188+0700] {dag.py:3239} INFO - Sync 1 DAGs
[2024-10-21T14:59:45.206+0700] {logging_mixin.py:190} INFO - [2024-10-21T14:59:45.206+0700] {dag.py:4180} INFO - Setting next_dagrun for example_task_group_decorator to None, run_after=None
[2024-10-21T14:59:45.235+0700] {processor.py:208} INFO - Processing /Users/punny/Documents/GitHub/NYC-Taxi-ETL-Pipeline/.venv/lib/python3.10/site-packages/airflow/example_dags/example_task_group_decorator.py took 0.382 seconds
[2024-10-21T15:05:30.611+0700] {processor.py:186} INFO - Started process (PID=38440) to work on /Users/punny/Documents/GitHub/NYC-Taxi-ETL-Pipeline/.venv/lib/python3.10/site-packages/airflow/example_dags/example_task_group_decorator.py
[2024-10-21T15:05:30.615+0700] {processor.py:914} INFO - Processing file /Users/punny/Documents/GitHub/NYC-Taxi-ETL-Pipeline/.venv/lib/python3.10/site-packages/airflow/example_dags/example_task_group_decorator.py for tasks to queue
[2024-10-21T15:05:30.617+0700] {logging_mixin.py:190} INFO - [2024-10-21T15:05:30.616+0700] {dagbag.py:588} INFO - Filling up the DagBag from /Users/punny/Documents/GitHub/NYC-Taxi-ETL-Pipeline/.venv/lib/python3.10/site-packages/airflow/example_dags/example_task_group_decorator.py
[2024-10-21T15:05:30.709+0700] {processor.py:925} INFO - DAG(s) 'example_task_group_decorator' retrieved from /Users/punny/Documents/GitHub/NYC-Taxi-ETL-Pipeline/.venv/lib/python3.10/site-packages/airflow/example_dags/example_task_group_decorator.py
[2024-10-21T15:05:30.970+0700] {logging_mixin.py:190} INFO - [2024-10-21T15:05:30.969+0700] {dag.py:3239} INFO - Sync 1 DAGs
[2024-10-21T15:05:30.991+0700] {logging_mixin.py:190} INFO - [2024-10-21T15:05:30.991+0700] {dag.py:4180} INFO - Setting next_dagrun for example_task_group_decorator to None, run_after=None
[2024-10-21T15:05:31.025+0700] {processor.py:208} INFO - Processing /Users/punny/Documents/GitHub/NYC-Taxi-ETL-Pipeline/.venv/lib/python3.10/site-packages/airflow/example_dags/example_task_group_decorator.py took 0.424 seconds
[2024-10-21T15:10:17.026+0700] {processor.py:186} INFO - Started process (PID=39080) to work on /Users/punny/Documents/GitHub/NYC-Taxi-ETL-Pipeline/.venv/lib/python3.10/site-packages/airflow/example_dags/example_task_group_decorator.py
[2024-10-21T15:10:17.032+0700] {processor.py:914} INFO - Processing file /Users/punny/Documents/GitHub/NYC-Taxi-ETL-Pipeline/.venv/lib/python3.10/site-packages/airflow/example_dags/example_task_group_decorator.py for tasks to queue
[2024-10-21T15:10:17.034+0700] {logging_mixin.py:190} INFO - [2024-10-21T15:10:17.034+0700] {dagbag.py:588} INFO - Filling up the DagBag from /Users/punny/Documents/GitHub/NYC-Taxi-ETL-Pipeline/.venv/lib/python3.10/site-packages/airflow/example_dags/example_task_group_decorator.py
[2024-10-21T15:10:17.164+0700] {processor.py:925} INFO - DAG(s) 'example_task_group_decorator' retrieved from /Users/punny/Documents/GitHub/NYC-Taxi-ETL-Pipeline/.venv/lib/python3.10/site-packages/airflow/example_dags/example_task_group_decorator.py
[2024-10-21T15:10:17.506+0700] {logging_mixin.py:190} INFO - [2024-10-21T15:10:17.505+0700] {dag.py:3239} INFO - Sync 1 DAGs
[2024-10-21T15:10:17.532+0700] {logging_mixin.py:190} INFO - [2024-10-21T15:10:17.531+0700] {dag.py:4180} INFO - Setting next_dagrun for example_task_group_decorator to None, run_after=None
[2024-10-21T15:10:17.569+0700] {processor.py:208} INFO - Processing /Users/punny/Documents/GitHub/NYC-Taxi-ETL-Pipeline/.venv/lib/python3.10/site-packages/airflow/example_dags/example_task_group_decorator.py took 0.555 seconds
[2024-10-21T15:14:31.801+0700] {processor.py:186} INFO - Started process (PID=39588) to work on /Users/punny/Documents/GitHub/NYC-Taxi-ETL-Pipeline/.venv/lib/python3.10/site-packages/airflow/example_dags/example_task_group_decorator.py
[2024-10-21T15:14:31.806+0700] {processor.py:914} INFO - Processing file /Users/punny/Documents/GitHub/NYC-Taxi-ETL-Pipeline/.venv/lib/python3.10/site-packages/airflow/example_dags/example_task_group_decorator.py for tasks to queue
[2024-10-21T15:14:31.808+0700] {logging_mixin.py:190} INFO - [2024-10-21T15:14:31.808+0700] {dagbag.py:588} INFO - Filling up the DagBag from /Users/punny/Documents/GitHub/NYC-Taxi-ETL-Pipeline/.venv/lib/python3.10/site-packages/airflow/example_dags/example_task_group_decorator.py
[2024-10-21T15:14:31.918+0700] {processor.py:925} INFO - DAG(s) 'example_task_group_decorator' retrieved from /Users/punny/Documents/GitHub/NYC-Taxi-ETL-Pipeline/.venv/lib/python3.10/site-packages/airflow/example_dags/example_task_group_decorator.py
[2024-10-21T15:14:32.237+0700] {logging_mixin.py:190} INFO - [2024-10-21T15:14:32.236+0700] {dag.py:3239} INFO - Sync 1 DAGs
[2024-10-21T15:14:32.257+0700] {logging_mixin.py:190} INFO - [2024-10-21T15:14:32.256+0700] {dag.py:4180} INFO - Setting next_dagrun for example_task_group_decorator to None, run_after=None
[2024-10-21T15:14:32.288+0700] {processor.py:208} INFO - Processing /Users/punny/Documents/GitHub/NYC-Taxi-ETL-Pipeline/.venv/lib/python3.10/site-packages/airflow/example_dags/example_task_group_decorator.py took 0.506 seconds
[2024-10-21T15:18:52.275+0700] {processor.py:186} INFO - Started process (PID=40107) to work on /Users/punny/Documents/GitHub/NYC-Taxi-ETL-Pipeline/.venv/lib/python3.10/site-packages/airflow/example_dags/example_task_group_decorator.py
[2024-10-21T15:18:52.279+0700] {processor.py:914} INFO - Processing file /Users/punny/Documents/GitHub/NYC-Taxi-ETL-Pipeline/.venv/lib/python3.10/site-packages/airflow/example_dags/example_task_group_decorator.py for tasks to queue
[2024-10-21T15:18:52.281+0700] {logging_mixin.py:190} INFO - [2024-10-21T15:18:52.281+0700] {dagbag.py:588} INFO - Filling up the DagBag from /Users/punny/Documents/GitHub/NYC-Taxi-ETL-Pipeline/.venv/lib/python3.10/site-packages/airflow/example_dags/example_task_group_decorator.py
[2024-10-21T15:18:52.366+0700] {processor.py:925} INFO - DAG(s) 'example_task_group_decorator' retrieved from /Users/punny/Documents/GitHub/NYC-Taxi-ETL-Pipeline/.venv/lib/python3.10/site-packages/airflow/example_dags/example_task_group_decorator.py
[2024-10-21T15:18:52.652+0700] {logging_mixin.py:190} INFO - [2024-10-21T15:18:52.652+0700] {dag.py:3239} INFO - Sync 1 DAGs
[2024-10-21T15:18:52.674+0700] {logging_mixin.py:190} INFO - [2024-10-21T15:18:52.674+0700] {dag.py:4180} INFO - Setting next_dagrun for example_task_group_decorator to None, run_after=None
[2024-10-21T15:18:52.709+0700] {processor.py:208} INFO - Processing /Users/punny/Documents/GitHub/NYC-Taxi-ETL-Pipeline/.venv/lib/python3.10/site-packages/airflow/example_dags/example_task_group_decorator.py took 0.444 seconds
[2024-10-21T15:23:02.381+0700] {processor.py:186} INFO - Started process (PID=40661) to work on /Users/punny/Documents/GitHub/NYC-Taxi-ETL-Pipeline/.venv/lib/python3.10/site-packages/airflow/example_dags/example_task_group_decorator.py
[2024-10-21T15:23:02.387+0700] {processor.py:914} INFO - Processing file /Users/punny/Documents/GitHub/NYC-Taxi-ETL-Pipeline/.venv/lib/python3.10/site-packages/airflow/example_dags/example_task_group_decorator.py for tasks to queue
[2024-10-21T15:23:02.388+0700] {logging_mixin.py:190} INFO - [2024-10-21T15:23:02.388+0700] {dagbag.py:588} INFO - Filling up the DagBag from /Users/punny/Documents/GitHub/NYC-Taxi-ETL-Pipeline/.venv/lib/python3.10/site-packages/airflow/example_dags/example_task_group_decorator.py
[2024-10-21T15:23:02.485+0700] {processor.py:925} INFO - DAG(s) 'example_task_group_decorator' retrieved from /Users/punny/Documents/GitHub/NYC-Taxi-ETL-Pipeline/.venv/lib/python3.10/site-packages/airflow/example_dags/example_task_group_decorator.py
[2024-10-21T15:23:02.791+0700] {logging_mixin.py:190} INFO - [2024-10-21T15:23:02.789+0700] {dag.py:3239} INFO - Sync 1 DAGs
[2024-10-21T15:23:02.816+0700] {logging_mixin.py:190} INFO - [2024-10-21T15:23:02.816+0700] {dag.py:4180} INFO - Setting next_dagrun for example_task_group_decorator to None, run_after=None
[2024-10-21T15:23:02.853+0700] {processor.py:208} INFO - Processing /Users/punny/Documents/GitHub/NYC-Taxi-ETL-Pipeline/.venv/lib/python3.10/site-packages/airflow/example_dags/example_task_group_decorator.py took 0.486 seconds
[2024-10-21T15:27:01.620+0700] {processor.py:186} INFO - Started process (PID=41142) to work on /Users/punny/Documents/GitHub/NYC-Taxi-ETL-Pipeline/.venv/lib/python3.10/site-packages/airflow/example_dags/example_task_group_decorator.py
[2024-10-21T15:27:01.625+0700] {processor.py:914} INFO - Processing file /Users/punny/Documents/GitHub/NYC-Taxi-ETL-Pipeline/.venv/lib/python3.10/site-packages/airflow/example_dags/example_task_group_decorator.py for tasks to queue
[2024-10-21T15:27:01.626+0700] {logging_mixin.py:190} INFO - [2024-10-21T15:27:01.626+0700] {dagbag.py:588} INFO - Filling up the DagBag from /Users/punny/Documents/GitHub/NYC-Taxi-ETL-Pipeline/.venv/lib/python3.10/site-packages/airflow/example_dags/example_task_group_decorator.py
[2024-10-21T15:27:01.724+0700] {processor.py:925} INFO - DAG(s) 'example_task_group_decorator' retrieved from /Users/punny/Documents/GitHub/NYC-Taxi-ETL-Pipeline/.venv/lib/python3.10/site-packages/airflow/example_dags/example_task_group_decorator.py
[2024-10-21T15:27:02.077+0700] {logging_mixin.py:190} INFO - [2024-10-21T15:27:02.076+0700] {dag.py:3239} INFO - Sync 1 DAGs
[2024-10-21T15:27:02.098+0700] {logging_mixin.py:190} INFO - [2024-10-21T15:27:02.097+0700] {dag.py:4180} INFO - Setting next_dagrun for example_task_group_decorator to None, run_after=None
[2024-10-21T15:27:02.135+0700] {processor.py:208} INFO - Processing /Users/punny/Documents/GitHub/NYC-Taxi-ETL-Pipeline/.venv/lib/python3.10/site-packages/airflow/example_dags/example_task_group_decorator.py took 0.527 seconds
[2024-10-21T15:31:10.886+0700] {processor.py:186} INFO - Started process (PID=41707) to work on /Users/punny/Documents/GitHub/NYC-Taxi-ETL-Pipeline/.venv/lib/python3.10/site-packages/airflow/example_dags/example_task_group_decorator.py
[2024-10-21T15:31:10.890+0700] {processor.py:914} INFO - Processing file /Users/punny/Documents/GitHub/NYC-Taxi-ETL-Pipeline/.venv/lib/python3.10/site-packages/airflow/example_dags/example_task_group_decorator.py for tasks to queue
[2024-10-21T15:31:10.892+0700] {logging_mixin.py:190} INFO - [2024-10-21T15:31:10.892+0700] {dagbag.py:588} INFO - Filling up the DagBag from /Users/punny/Documents/GitHub/NYC-Taxi-ETL-Pipeline/.venv/lib/python3.10/site-packages/airflow/example_dags/example_task_group_decorator.py
[2024-10-21T15:31:10.975+0700] {processor.py:925} INFO - DAG(s) 'example_task_group_decorator' retrieved from /Users/punny/Documents/GitHub/NYC-Taxi-ETL-Pipeline/.venv/lib/python3.10/site-packages/airflow/example_dags/example_task_group_decorator.py
[2024-10-21T15:31:11.258+0700] {logging_mixin.py:190} INFO - [2024-10-21T15:31:11.258+0700] {dag.py:3239} INFO - Sync 1 DAGs
[2024-10-21T15:31:11.287+0700] {logging_mixin.py:190} INFO - [2024-10-21T15:31:11.287+0700] {dag.py:4180} INFO - Setting next_dagrun for example_task_group_decorator to None, run_after=None
[2024-10-21T15:31:11.322+0700] {processor.py:208} INFO - Processing /Users/punny/Documents/GitHub/NYC-Taxi-ETL-Pipeline/.venv/lib/python3.10/site-packages/airflow/example_dags/example_task_group_decorator.py took 0.447 seconds
[2024-10-21T15:35:07.112+0700] {processor.py:186} INFO - Started process (PID=42177) to work on /Users/punny/Documents/GitHub/NYC-Taxi-ETL-Pipeline/.venv/lib/python3.10/site-packages/airflow/example_dags/example_task_group_decorator.py
[2024-10-21T15:35:07.117+0700] {processor.py:914} INFO - Processing file /Users/punny/Documents/GitHub/NYC-Taxi-ETL-Pipeline/.venv/lib/python3.10/site-packages/airflow/example_dags/example_task_group_decorator.py for tasks to queue
[2024-10-21T15:35:07.119+0700] {logging_mixin.py:190} INFO - [2024-10-21T15:35:07.119+0700] {dagbag.py:588} INFO - Filling up the DagBag from /Users/punny/Documents/GitHub/NYC-Taxi-ETL-Pipeline/.venv/lib/python3.10/site-packages/airflow/example_dags/example_task_group_decorator.py
[2024-10-21T15:35:07.191+0700] {processor.py:925} INFO - DAG(s) 'example_task_group_decorator' retrieved from /Users/punny/Documents/GitHub/NYC-Taxi-ETL-Pipeline/.venv/lib/python3.10/site-packages/airflow/example_dags/example_task_group_decorator.py
[2024-10-21T15:35:07.481+0700] {logging_mixin.py:190} INFO - [2024-10-21T15:35:07.481+0700] {dag.py:3239} INFO - Sync 1 DAGs
[2024-10-21T15:35:07.507+0700] {logging_mixin.py:190} INFO - [2024-10-21T15:35:07.507+0700] {dag.py:4180} INFO - Setting next_dagrun for example_task_group_decorator to None, run_after=None
[2024-10-21T15:35:07.538+0700] {processor.py:208} INFO - Processing /Users/punny/Documents/GitHub/NYC-Taxi-ETL-Pipeline/.venv/lib/python3.10/site-packages/airflow/example_dags/example_task_group_decorator.py took 0.435 seconds
[2024-10-21T15:38:57.433+0700] {processor.py:186} INFO - Started process (PID=42672) to work on /Users/punny/Documents/GitHub/NYC-Taxi-ETL-Pipeline/.venv/lib/python3.10/site-packages/airflow/example_dags/example_task_group_decorator.py
[2024-10-21T15:38:57.438+0700] {processor.py:914} INFO - Processing file /Users/punny/Documents/GitHub/NYC-Taxi-ETL-Pipeline/.venv/lib/python3.10/site-packages/airflow/example_dags/example_task_group_decorator.py for tasks to queue
[2024-10-21T15:38:57.440+0700] {logging_mixin.py:190} INFO - [2024-10-21T15:38:57.439+0700] {dagbag.py:588} INFO - Filling up the DagBag from /Users/punny/Documents/GitHub/NYC-Taxi-ETL-Pipeline/.venv/lib/python3.10/site-packages/airflow/example_dags/example_task_group_decorator.py
[2024-10-21T15:38:57.518+0700] {processor.py:925} INFO - DAG(s) 'example_task_group_decorator' retrieved from /Users/punny/Documents/GitHub/NYC-Taxi-ETL-Pipeline/.venv/lib/python3.10/site-packages/airflow/example_dags/example_task_group_decorator.py
[2024-10-21T15:38:57.793+0700] {logging_mixin.py:190} INFO - [2024-10-21T15:38:57.792+0700] {dag.py:3239} INFO - Sync 1 DAGs
[2024-10-21T15:38:57.822+0700] {logging_mixin.py:190} INFO - [2024-10-21T15:38:57.822+0700] {dag.py:4180} INFO - Setting next_dagrun for example_task_group_decorator to None, run_after=None
[2024-10-21T15:38:57.854+0700] {processor.py:208} INFO - Processing /Users/punny/Documents/GitHub/NYC-Taxi-ETL-Pipeline/.venv/lib/python3.10/site-packages/airflow/example_dags/example_task_group_decorator.py took 0.430 seconds
[2024-10-21T15:42:58.663+0700] {processor.py:186} INFO - Started process (PID=43266) to work on /Users/punny/Documents/GitHub/NYC-Taxi-ETL-Pipeline/.venv/lib/python3.10/site-packages/airflow/example_dags/example_task_group_decorator.py
[2024-10-21T15:42:58.666+0700] {processor.py:914} INFO - Processing file /Users/punny/Documents/GitHub/NYC-Taxi-ETL-Pipeline/.venv/lib/python3.10/site-packages/airflow/example_dags/example_task_group_decorator.py for tasks to queue
[2024-10-21T15:42:58.668+0700] {logging_mixin.py:190} INFO - [2024-10-21T15:42:58.667+0700] {dagbag.py:588} INFO - Filling up the DagBag from /Users/punny/Documents/GitHub/NYC-Taxi-ETL-Pipeline/.venv/lib/python3.10/site-packages/airflow/example_dags/example_task_group_decorator.py
[2024-10-21T15:42:58.763+0700] {processor.py:925} INFO - DAG(s) 'example_task_group_decorator' retrieved from /Users/punny/Documents/GitHub/NYC-Taxi-ETL-Pipeline/.venv/lib/python3.10/site-packages/airflow/example_dags/example_task_group_decorator.py
[2024-10-21T15:42:59.047+0700] {logging_mixin.py:190} INFO - [2024-10-21T15:42:59.047+0700] {dag.py:3239} INFO - Sync 1 DAGs
[2024-10-21T15:42:59.068+0700] {logging_mixin.py:190} INFO - [2024-10-21T15:42:59.066+0700] {dag.py:4180} INFO - Setting next_dagrun for example_task_group_decorator to None, run_after=None
[2024-10-21T15:42:59.107+0700] {processor.py:208} INFO - Processing /Users/punny/Documents/GitHub/NYC-Taxi-ETL-Pipeline/.venv/lib/python3.10/site-packages/airflow/example_dags/example_task_group_decorator.py took 0.456 seconds
[2024-10-21T15:46:51.295+0700] {processor.py:186} INFO - Started process (PID=43735) to work on /Users/punny/Documents/GitHub/NYC-Taxi-ETL-Pipeline/.venv/lib/python3.10/site-packages/airflow/example_dags/example_task_group_decorator.py
[2024-10-21T15:46:51.299+0700] {processor.py:914} INFO - Processing file /Users/punny/Documents/GitHub/NYC-Taxi-ETL-Pipeline/.venv/lib/python3.10/site-packages/airflow/example_dags/example_task_group_decorator.py for tasks to queue
[2024-10-21T15:46:51.301+0700] {logging_mixin.py:190} INFO - [2024-10-21T15:46:51.300+0700] {dagbag.py:588} INFO - Filling up the DagBag from /Users/punny/Documents/GitHub/NYC-Taxi-ETL-Pipeline/.venv/lib/python3.10/site-packages/airflow/example_dags/example_task_group_decorator.py
[2024-10-21T15:46:51.382+0700] {processor.py:925} INFO - DAG(s) 'example_task_group_decorator' retrieved from /Users/punny/Documents/GitHub/NYC-Taxi-ETL-Pipeline/.venv/lib/python3.10/site-packages/airflow/example_dags/example_task_group_decorator.py
[2024-10-21T15:46:51.679+0700] {logging_mixin.py:190} INFO - [2024-10-21T15:46:51.678+0700] {dag.py:3239} INFO - Sync 1 DAGs
[2024-10-21T15:46:51.704+0700] {logging_mixin.py:190} INFO - [2024-10-21T15:46:51.703+0700] {dag.py:4180} INFO - Setting next_dagrun for example_task_group_decorator to None, run_after=None
[2024-10-21T15:46:51.738+0700] {processor.py:208} INFO - Processing /Users/punny/Documents/GitHub/NYC-Taxi-ETL-Pipeline/.venv/lib/python3.10/site-packages/airflow/example_dags/example_task_group_decorator.py took 0.458 seconds
[2024-10-21T15:50:51.605+0700] {processor.py:186} INFO - Started process (PID=44271) to work on /Users/punny/Documents/GitHub/NYC-Taxi-ETL-Pipeline/.venv/lib/python3.10/site-packages/airflow/example_dags/example_task_group_decorator.py
[2024-10-21T15:50:51.611+0700] {processor.py:914} INFO - Processing file /Users/punny/Documents/GitHub/NYC-Taxi-ETL-Pipeline/.venv/lib/python3.10/site-packages/airflow/example_dags/example_task_group_decorator.py for tasks to queue
[2024-10-21T15:50:51.614+0700] {logging_mixin.py:190} INFO - [2024-10-21T15:50:51.613+0700] {dagbag.py:588} INFO - Filling up the DagBag from /Users/punny/Documents/GitHub/NYC-Taxi-ETL-Pipeline/.venv/lib/python3.10/site-packages/airflow/example_dags/example_task_group_decorator.py
[2024-10-21T15:50:51.708+0700] {processor.py:925} INFO - DAG(s) 'example_task_group_decorator' retrieved from /Users/punny/Documents/GitHub/NYC-Taxi-ETL-Pipeline/.venv/lib/python3.10/site-packages/airflow/example_dags/example_task_group_decorator.py
[2024-10-21T15:50:51.987+0700] {logging_mixin.py:190} INFO - [2024-10-21T15:50:51.986+0700] {dag.py:3239} INFO - Sync 1 DAGs
[2024-10-21T15:50:52.006+0700] {logging_mixin.py:190} INFO - [2024-10-21T15:50:52.006+0700] {dag.py:4180} INFO - Setting next_dagrun for example_task_group_decorator to None, run_after=None
[2024-10-21T15:50:52.038+0700] {processor.py:208} INFO - Processing /Users/punny/Documents/GitHub/NYC-Taxi-ETL-Pipeline/.venv/lib/python3.10/site-packages/airflow/example_dags/example_task_group_decorator.py took 0.444 seconds
[2024-10-21T15:54:40.785+0700] {processor.py:186} INFO - Started process (PID=44736) to work on /Users/punny/Documents/GitHub/NYC-Taxi-ETL-Pipeline/.venv/lib/python3.10/site-packages/airflow/example_dags/example_task_group_decorator.py
[2024-10-21T15:54:40.789+0700] {processor.py:914} INFO - Processing file /Users/punny/Documents/GitHub/NYC-Taxi-ETL-Pipeline/.venv/lib/python3.10/site-packages/airflow/example_dags/example_task_group_decorator.py for tasks to queue
[2024-10-21T15:54:40.791+0700] {logging_mixin.py:190} INFO - [2024-10-21T15:54:40.790+0700] {dagbag.py:588} INFO - Filling up the DagBag from /Users/punny/Documents/GitHub/NYC-Taxi-ETL-Pipeline/.venv/lib/python3.10/site-packages/airflow/example_dags/example_task_group_decorator.py
[2024-10-21T15:54:40.882+0700] {processor.py:925} INFO - DAG(s) 'example_task_group_decorator' retrieved from /Users/punny/Documents/GitHub/NYC-Taxi-ETL-Pipeline/.venv/lib/python3.10/site-packages/airflow/example_dags/example_task_group_decorator.py
[2024-10-21T15:54:41.182+0700] {logging_mixin.py:190} INFO - [2024-10-21T15:54:41.181+0700] {dag.py:3239} INFO - Sync 1 DAGs
[2024-10-21T15:54:41.203+0700] {logging_mixin.py:190} INFO - [2024-10-21T15:54:41.203+0700] {dag.py:4180} INFO - Setting next_dagrun for example_task_group_decorator to None, run_after=None
[2024-10-21T15:54:41.235+0700] {processor.py:208} INFO - Processing /Users/punny/Documents/GitHub/NYC-Taxi-ETL-Pipeline/.venv/lib/python3.10/site-packages/airflow/example_dags/example_task_group_decorator.py took 0.463 seconds
[2024-10-21T15:58:53.317+0700] {processor.py:186} INFO - Started process (PID=45254) to work on /Users/punny/Documents/GitHub/NYC-Taxi-ETL-Pipeline/.venv/lib/python3.10/site-packages/airflow/example_dags/example_task_group_decorator.py
[2024-10-21T15:58:53.321+0700] {processor.py:914} INFO - Processing file /Users/punny/Documents/GitHub/NYC-Taxi-ETL-Pipeline/.venv/lib/python3.10/site-packages/airflow/example_dags/example_task_group_decorator.py for tasks to queue
[2024-10-21T15:58:53.324+0700] {logging_mixin.py:190} INFO - [2024-10-21T15:58:53.323+0700] {dagbag.py:588} INFO - Filling up the DagBag from /Users/punny/Documents/GitHub/NYC-Taxi-ETL-Pipeline/.venv/lib/python3.10/site-packages/airflow/example_dags/example_task_group_decorator.py
[2024-10-21T15:58:53.404+0700] {processor.py:925} INFO - DAG(s) 'example_task_group_decorator' retrieved from /Users/punny/Documents/GitHub/NYC-Taxi-ETL-Pipeline/.venv/lib/python3.10/site-packages/airflow/example_dags/example_task_group_decorator.py
[2024-10-21T15:58:53.681+0700] {logging_mixin.py:190} INFO - [2024-10-21T15:58:53.679+0700] {dag.py:3239} INFO - Sync 1 DAGs
[2024-10-21T15:58:53.702+0700] {logging_mixin.py:190} INFO - [2024-10-21T15:58:53.702+0700] {dag.py:4180} INFO - Setting next_dagrun for example_task_group_decorator to None, run_after=None
[2024-10-21T15:58:53.733+0700] {processor.py:208} INFO - Processing /Users/punny/Documents/GitHub/NYC-Taxi-ETL-Pipeline/.venv/lib/python3.10/site-packages/airflow/example_dags/example_task_group_decorator.py took 0.429 seconds
[2024-10-21T16:03:00.917+0700] {processor.py:186} INFO - Started process (PID=45824) to work on /Users/punny/Documents/GitHub/NYC-Taxi-ETL-Pipeline/.venv/lib/python3.10/site-packages/airflow/example_dags/example_task_group_decorator.py
[2024-10-21T16:03:00.922+0700] {processor.py:914} INFO - Processing file /Users/punny/Documents/GitHub/NYC-Taxi-ETL-Pipeline/.venv/lib/python3.10/site-packages/airflow/example_dags/example_task_group_decorator.py for tasks to queue
[2024-10-21T16:03:00.924+0700] {logging_mixin.py:190} INFO - [2024-10-21T16:03:00.924+0700] {dagbag.py:588} INFO - Filling up the DagBag from /Users/punny/Documents/GitHub/NYC-Taxi-ETL-Pipeline/.venv/lib/python3.10/site-packages/airflow/example_dags/example_task_group_decorator.py
[2024-10-21T16:03:01.032+0700] {processor.py:925} INFO - DAG(s) 'example_task_group_decorator' retrieved from /Users/punny/Documents/GitHub/NYC-Taxi-ETL-Pipeline/.venv/lib/python3.10/site-packages/airflow/example_dags/example_task_group_decorator.py
[2024-10-21T16:03:01.328+0700] {logging_mixin.py:190} INFO - [2024-10-21T16:03:01.327+0700] {dag.py:3239} INFO - Sync 1 DAGs
[2024-10-21T16:03:01.353+0700] {logging_mixin.py:190} INFO - [2024-10-21T16:03:01.353+0700] {dag.py:4180} INFO - Setting next_dagrun for example_task_group_decorator to None, run_after=None
[2024-10-21T16:03:01.394+0700] {processor.py:208} INFO - Processing /Users/punny/Documents/GitHub/NYC-Taxi-ETL-Pipeline/.venv/lib/python3.10/site-packages/airflow/example_dags/example_task_group_decorator.py took 0.487 seconds
[2024-10-21T20:37:09.613+0700] {processor.py:186} INFO - Started process (PID=4293) to work on /Users/punny/Documents/GitHub/NYC-Taxi-ETL-Pipeline/.venv/lib/python3.10/site-packages/airflow/example_dags/example_task_group_decorator.py
[2024-10-21T20:37:09.616+0700] {processor.py:914} INFO - Processing file /Users/punny/Documents/GitHub/NYC-Taxi-ETL-Pipeline/.venv/lib/python3.10/site-packages/airflow/example_dags/example_task_group_decorator.py for tasks to queue
[2024-10-21T20:37:09.618+0700] {logging_mixin.py:190} INFO - [2024-10-21T20:37:09.618+0700] {dagbag.py:588} INFO - Filling up the DagBag from /Users/punny/Documents/GitHub/NYC-Taxi-ETL-Pipeline/.venv/lib/python3.10/site-packages/airflow/example_dags/example_task_group_decorator.py
[2024-10-21T20:37:09.703+0700] {processor.py:925} INFO - DAG(s) 'example_task_group_decorator' retrieved from /Users/punny/Documents/GitHub/NYC-Taxi-ETL-Pipeline/.venv/lib/python3.10/site-packages/airflow/example_dags/example_task_group_decorator.py
[2024-10-21T20:37:09.972+0700] {logging_mixin.py:190} INFO - [2024-10-21T20:37:09.972+0700] {dag.py:3239} INFO - Sync 1 DAGs
[2024-10-21T20:37:09.992+0700] {logging_mixin.py:190} INFO - [2024-10-21T20:37:09.991+0700] {dag.py:4180} INFO - Setting next_dagrun for example_task_group_decorator to None, run_after=None
[2024-10-21T20:37:10.020+0700] {processor.py:208} INFO - Processing /Users/punny/Documents/GitHub/NYC-Taxi-ETL-Pipeline/.venv/lib/python3.10/site-packages/airflow/example_dags/example_task_group_decorator.py took 0.416 seconds
[2024-10-21T20:40:51.540+0700] {processor.py:186} INFO - Started process (PID=4552) to work on /Users/punny/Documents/GitHub/NYC-Taxi-ETL-Pipeline/.venv/lib/python3.10/site-packages/airflow/example_dags/example_task_group_decorator.py
[2024-10-21T20:40:51.544+0700] {processor.py:914} INFO - Processing file /Users/punny/Documents/GitHub/NYC-Taxi-ETL-Pipeline/.venv/lib/python3.10/site-packages/airflow/example_dags/example_task_group_decorator.py for tasks to queue
[2024-10-21T20:40:51.545+0700] {logging_mixin.py:190} INFO - [2024-10-21T20:40:51.545+0700] {dagbag.py:588} INFO - Filling up the DagBag from /Users/punny/Documents/GitHub/NYC-Taxi-ETL-Pipeline/.venv/lib/python3.10/site-packages/airflow/example_dags/example_task_group_decorator.py
[2024-10-21T20:40:51.599+0700] {processor.py:925} INFO - DAG(s) 'example_task_group_decorator' retrieved from /Users/punny/Documents/GitHub/NYC-Taxi-ETL-Pipeline/.venv/lib/python3.10/site-packages/airflow/example_dags/example_task_group_decorator.py
[2024-10-21T20:40:51.789+0700] {logging_mixin.py:190} INFO - [2024-10-21T20:40:51.789+0700] {dag.py:3239} INFO - Sync 1 DAGs
[2024-10-21T20:40:51.804+0700] {logging_mixin.py:190} INFO - [2024-10-21T20:40:51.803+0700] {dag.py:4180} INFO - Setting next_dagrun for example_task_group_decorator to None, run_after=None
[2024-10-21T20:40:51.825+0700] {processor.py:208} INFO - Processing /Users/punny/Documents/GitHub/NYC-Taxi-ETL-Pipeline/.venv/lib/python3.10/site-packages/airflow/example_dags/example_task_group_decorator.py took 0.294 seconds
[2024-10-21T20:44:30.201+0700] {processor.py:186} INFO - Started process (PID=4918) to work on /Users/punny/Documents/GitHub/NYC-Taxi-ETL-Pipeline/.venv/lib/python3.10/site-packages/airflow/example_dags/example_task_group_decorator.py
[2024-10-21T20:44:30.210+0700] {processor.py:914} INFO - Processing file /Users/punny/Documents/GitHub/NYC-Taxi-ETL-Pipeline/.venv/lib/python3.10/site-packages/airflow/example_dags/example_task_group_decorator.py for tasks to queue
[2024-10-21T20:44:30.212+0700] {logging_mixin.py:190} INFO - [2024-10-21T20:44:30.211+0700] {dagbag.py:588} INFO - Filling up the DagBag from /Users/punny/Documents/GitHub/NYC-Taxi-ETL-Pipeline/.venv/lib/python3.10/site-packages/airflow/example_dags/example_task_group_decorator.py
[2024-10-21T20:44:30.306+0700] {processor.py:925} INFO - DAG(s) 'example_task_group_decorator' retrieved from /Users/punny/Documents/GitHub/NYC-Taxi-ETL-Pipeline/.venv/lib/python3.10/site-packages/airflow/example_dags/example_task_group_decorator.py
[2024-10-21T20:44:30.632+0700] {logging_mixin.py:190} INFO - [2024-10-21T20:44:30.632+0700] {dag.py:3239} INFO - Sync 1 DAGs
[2024-10-21T20:44:30.656+0700] {logging_mixin.py:190} INFO - [2024-10-21T20:44:30.656+0700] {dag.py:4180} INFO - Setting next_dagrun for example_task_group_decorator to None, run_after=None
[2024-10-21T20:44:30.687+0700] {processor.py:208} INFO - Processing /Users/punny/Documents/GitHub/NYC-Taxi-ETL-Pipeline/.venv/lib/python3.10/site-packages/airflow/example_dags/example_task_group_decorator.py took 0.495 seconds
[2024-10-21T20:48:14.609+0700] {processor.py:186} INFO - Started process (PID=5293) to work on /Users/punny/Documents/GitHub/NYC-Taxi-ETL-Pipeline/.venv/lib/python3.10/site-packages/airflow/example_dags/example_task_group_decorator.py
[2024-10-21T20:48:14.612+0700] {processor.py:914} INFO - Processing file /Users/punny/Documents/GitHub/NYC-Taxi-ETL-Pipeline/.venv/lib/python3.10/site-packages/airflow/example_dags/example_task_group_decorator.py for tasks to queue
[2024-10-21T20:48:14.614+0700] {logging_mixin.py:190} INFO - [2024-10-21T20:48:14.613+0700] {dagbag.py:588} INFO - Filling up the DagBag from /Users/punny/Documents/GitHub/NYC-Taxi-ETL-Pipeline/.venv/lib/python3.10/site-packages/airflow/example_dags/example_task_group_decorator.py
[2024-10-21T20:48:14.679+0700] {processor.py:925} INFO - DAG(s) 'example_task_group_decorator' retrieved from /Users/punny/Documents/GitHub/NYC-Taxi-ETL-Pipeline/.venv/lib/python3.10/site-packages/airflow/example_dags/example_task_group_decorator.py
[2024-10-21T20:48:15.128+0700] {logging_mixin.py:190} INFO - [2024-10-21T20:48:15.127+0700] {dag.py:3239} INFO - Sync 1 DAGs
[2024-10-21T20:48:15.147+0700] {logging_mixin.py:190} INFO - [2024-10-21T20:48:15.146+0700] {dag.py:4180} INFO - Setting next_dagrun for example_task_group_decorator to None, run_after=None
[2024-10-21T20:48:15.175+0700] {processor.py:208} INFO - Processing /Users/punny/Documents/GitHub/NYC-Taxi-ETL-Pipeline/.venv/lib/python3.10/site-packages/airflow/example_dags/example_task_group_decorator.py took 0.575 seconds
[2024-10-21T20:56:19.795+0700] {processor.py:186} INFO - Started process (PID=6163) to work on /Users/punny/Documents/GitHub/NYC-Taxi-ETL-Pipeline/.venv/lib/python3.10/site-packages/airflow/example_dags/example_task_group_decorator.py
[2024-10-21T20:56:19.798+0700] {processor.py:914} INFO - Processing file /Users/punny/Documents/GitHub/NYC-Taxi-ETL-Pipeline/.venv/lib/python3.10/site-packages/airflow/example_dags/example_task_group_decorator.py for tasks to queue
[2024-10-21T20:56:19.799+0700] {logging_mixin.py:190} INFO - [2024-10-21T20:56:19.799+0700] {dagbag.py:588} INFO - Filling up the DagBag from /Users/punny/Documents/GitHub/NYC-Taxi-ETL-Pipeline/.venv/lib/python3.10/site-packages/airflow/example_dags/example_task_group_decorator.py
[2024-10-21T20:56:19.860+0700] {processor.py:925} INFO - DAG(s) 'example_task_group_decorator' retrieved from /Users/punny/Documents/GitHub/NYC-Taxi-ETL-Pipeline/.venv/lib/python3.10/site-packages/airflow/example_dags/example_task_group_decorator.py
[2024-10-21T20:56:20.067+0700] {logging_mixin.py:190} INFO - [2024-10-21T20:56:20.066+0700] {dag.py:3239} INFO - Sync 1 DAGs
[2024-10-21T20:56:20.081+0700] {logging_mixin.py:190} INFO - [2024-10-21T20:56:20.081+0700] {dag.py:4180} INFO - Setting next_dagrun for example_task_group_decorator to None, run_after=None
[2024-10-21T20:56:20.103+0700] {processor.py:208} INFO - Processing /Users/punny/Documents/GitHub/NYC-Taxi-ETL-Pipeline/.venv/lib/python3.10/site-packages/airflow/example_dags/example_task_group_decorator.py took 0.316 seconds
[2024-10-21T21:00:25.484+0700] {processor.py:186} INFO - Started process (PID=6444) to work on /Users/punny/Documents/GitHub/NYC-Taxi-ETL-Pipeline/.venv/lib/python3.10/site-packages/airflow/example_dags/example_task_group_decorator.py
[2024-10-21T21:00:25.489+0700] {processor.py:914} INFO - Processing file /Users/punny/Documents/GitHub/NYC-Taxi-ETL-Pipeline/.venv/lib/python3.10/site-packages/airflow/example_dags/example_task_group_decorator.py for tasks to queue
[2024-10-21T21:00:25.490+0700] {logging_mixin.py:190} INFO - [2024-10-21T21:00:25.490+0700] {dagbag.py:588} INFO - Filling up the DagBag from /Users/punny/Documents/GitHub/NYC-Taxi-ETL-Pipeline/.venv/lib/python3.10/site-packages/airflow/example_dags/example_task_group_decorator.py
[2024-10-21T21:00:25.627+0700] {processor.py:925} INFO - DAG(s) 'example_task_group_decorator' retrieved from /Users/punny/Documents/GitHub/NYC-Taxi-ETL-Pipeline/.venv/lib/python3.10/site-packages/airflow/example_dags/example_task_group_decorator.py
[2024-10-21T21:00:25.850+0700] {logging_mixin.py:190} INFO - [2024-10-21T21:00:25.850+0700] {dag.py:3239} INFO - Sync 1 DAGs
[2024-10-21T21:00:25.868+0700] {logging_mixin.py:190} INFO - [2024-10-21T21:00:25.868+0700] {dag.py:4180} INFO - Setting next_dagrun for example_task_group_decorator to None, run_after=None
[2024-10-21T21:00:25.907+0700] {processor.py:208} INFO - Processing /Users/punny/Documents/GitHub/NYC-Taxi-ETL-Pipeline/.venv/lib/python3.10/site-packages/airflow/example_dags/example_task_group_decorator.py took 0.432 seconds
[2024-10-21T21:04:29.703+0700] {processor.py:186} INFO - Started process (PID=6759) to work on /Users/punny/Documents/GitHub/NYC-Taxi-ETL-Pipeline/.venv/lib/python3.10/site-packages/airflow/example_dags/example_task_group_decorator.py
[2024-10-21T21:04:29.706+0700] {processor.py:914} INFO - Processing file /Users/punny/Documents/GitHub/NYC-Taxi-ETL-Pipeline/.venv/lib/python3.10/site-packages/airflow/example_dags/example_task_group_decorator.py for tasks to queue
[2024-10-21T21:04:29.707+0700] {logging_mixin.py:190} INFO - [2024-10-21T21:04:29.706+0700] {dagbag.py:588} INFO - Filling up the DagBag from /Users/punny/Documents/GitHub/NYC-Taxi-ETL-Pipeline/.venv/lib/python3.10/site-packages/airflow/example_dags/example_task_group_decorator.py
[2024-10-21T21:04:29.760+0700] {processor.py:925} INFO - DAG(s) 'example_task_group_decorator' retrieved from /Users/punny/Documents/GitHub/NYC-Taxi-ETL-Pipeline/.venv/lib/python3.10/site-packages/airflow/example_dags/example_task_group_decorator.py
[2024-10-21T21:04:29.950+0700] {logging_mixin.py:190} INFO - [2024-10-21T21:04:29.949+0700] {dag.py:3239} INFO - Sync 1 DAGs
[2024-10-21T21:04:29.964+0700] {logging_mixin.py:190} INFO - [2024-10-21T21:04:29.964+0700] {dag.py:4180} INFO - Setting next_dagrun for example_task_group_decorator to None, run_after=None
[2024-10-21T21:04:29.986+0700] {processor.py:208} INFO - Processing /Users/punny/Documents/GitHub/NYC-Taxi-ETL-Pipeline/.venv/lib/python3.10/site-packages/airflow/example_dags/example_task_group_decorator.py took 0.292 seconds
[2024-10-21T21:07:53.360+0700] {processor.py:186} INFO - Started process (PID=7056) to work on /Users/punny/Documents/GitHub/NYC-Taxi-ETL-Pipeline/.venv/lib/python3.10/site-packages/airflow/example_dags/example_task_group_decorator.py
[2024-10-21T21:07:53.364+0700] {processor.py:914} INFO - Processing file /Users/punny/Documents/GitHub/NYC-Taxi-ETL-Pipeline/.venv/lib/python3.10/site-packages/airflow/example_dags/example_task_group_decorator.py for tasks to queue
[2024-10-21T21:07:53.365+0700] {logging_mixin.py:190} INFO - [2024-10-21T21:07:53.365+0700] {dagbag.py:588} INFO - Filling up the DagBag from /Users/punny/Documents/GitHub/NYC-Taxi-ETL-Pipeline/.venv/lib/python3.10/site-packages/airflow/example_dags/example_task_group_decorator.py
[2024-10-21T21:07:53.459+0700] {processor.py:925} INFO - DAG(s) 'example_task_group_decorator' retrieved from /Users/punny/Documents/GitHub/NYC-Taxi-ETL-Pipeline/.venv/lib/python3.10/site-packages/airflow/example_dags/example_task_group_decorator.py
[2024-10-21T21:07:53.722+0700] {logging_mixin.py:190} INFO - [2024-10-21T21:07:53.721+0700] {dag.py:3239} INFO - Sync 1 DAGs
[2024-10-21T21:07:53.742+0700] {logging_mixin.py:190} INFO - [2024-10-21T21:07:53.741+0700] {dag.py:4180} INFO - Setting next_dagrun for example_task_group_decorator to None, run_after=None
[2024-10-21T21:07:53.769+0700] {processor.py:208} INFO - Processing /Users/punny/Documents/GitHub/NYC-Taxi-ETL-Pipeline/.venv/lib/python3.10/site-packages/airflow/example_dags/example_task_group_decorator.py took 0.420 seconds
[2024-10-21T21:11:10.580+0700] {processor.py:186} INFO - Started process (PID=7245) to work on /Users/punny/Documents/GitHub/NYC-Taxi-ETL-Pipeline/.venv/lib/python3.10/site-packages/airflow/example_dags/example_task_group_decorator.py
[2024-10-21T21:11:10.584+0700] {processor.py:914} INFO - Processing file /Users/punny/Documents/GitHub/NYC-Taxi-ETL-Pipeline/.venv/lib/python3.10/site-packages/airflow/example_dags/example_task_group_decorator.py for tasks to queue
[2024-10-21T21:11:10.585+0700] {logging_mixin.py:190} INFO - [2024-10-21T21:11:10.585+0700] {dagbag.py:588} INFO - Filling up the DagBag from /Users/punny/Documents/GitHub/NYC-Taxi-ETL-Pipeline/.venv/lib/python3.10/site-packages/airflow/example_dags/example_task_group_decorator.py
[2024-10-21T21:11:10.639+0700] {processor.py:925} INFO - DAG(s) 'example_task_group_decorator' retrieved from /Users/punny/Documents/GitHub/NYC-Taxi-ETL-Pipeline/.venv/lib/python3.10/site-packages/airflow/example_dags/example_task_group_decorator.py
[2024-10-21T21:11:10.835+0700] {logging_mixin.py:190} INFO - [2024-10-21T21:11:10.835+0700] {dag.py:3239} INFO - Sync 1 DAGs
[2024-10-21T21:11:10.850+0700] {logging_mixin.py:190} INFO - [2024-10-21T21:11:10.849+0700] {dag.py:4180} INFO - Setting next_dagrun for example_task_group_decorator to None, run_after=None
[2024-10-21T21:11:10.871+0700] {processor.py:208} INFO - Processing /Users/punny/Documents/GitHub/NYC-Taxi-ETL-Pipeline/.venv/lib/python3.10/site-packages/airflow/example_dags/example_task_group_decorator.py took 0.297 seconds
[2024-10-21T21:14:16.564+0700] {processor.py:186} INFO - Started process (PID=7598) to work on /Users/punny/Documents/GitHub/NYC-Taxi-ETL-Pipeline/.venv/lib/python3.10/site-packages/airflow/example_dags/example_task_group_decorator.py
[2024-10-21T21:14:16.580+0700] {processor.py:914} INFO - Processing file /Users/punny/Documents/GitHub/NYC-Taxi-ETL-Pipeline/.venv/lib/python3.10/site-packages/airflow/example_dags/example_task_group_decorator.py for tasks to queue
[2024-10-21T21:14:16.599+0700] {logging_mixin.py:190} INFO - [2024-10-21T21:14:16.598+0700] {dagbag.py:588} INFO - Filling up the DagBag from /Users/punny/Documents/GitHub/NYC-Taxi-ETL-Pipeline/.venv/lib/python3.10/site-packages/airflow/example_dags/example_task_group_decorator.py
[2024-10-21T21:14:16.678+0700] {processor.py:925} INFO - DAG(s) 'example_task_group_decorator' retrieved from /Users/punny/Documents/GitHub/NYC-Taxi-ETL-Pipeline/.venv/lib/python3.10/site-packages/airflow/example_dags/example_task_group_decorator.py
[2024-10-21T21:14:16.898+0700] {logging_mixin.py:190} INFO - [2024-10-21T21:14:16.897+0700] {dag.py:3239} INFO - Sync 1 DAGs
[2024-10-21T21:14:16.913+0700] {logging_mixin.py:190} INFO - [2024-10-21T21:14:16.912+0700] {dag.py:4180} INFO - Setting next_dagrun for example_task_group_decorator to None, run_after=None
[2024-10-21T21:14:16.935+0700] {processor.py:208} INFO - Processing /Users/punny/Documents/GitHub/NYC-Taxi-ETL-Pipeline/.venv/lib/python3.10/site-packages/airflow/example_dags/example_task_group_decorator.py took 0.379 seconds
[2024-10-21T21:17:35.669+0700] {processor.py:186} INFO - Started process (PID=7899) to work on /Users/punny/Documents/GitHub/NYC-Taxi-ETL-Pipeline/.venv/lib/python3.10/site-packages/airflow/example_dags/example_task_group_decorator.py
[2024-10-21T21:17:35.672+0700] {processor.py:914} INFO - Processing file /Users/punny/Documents/GitHub/NYC-Taxi-ETL-Pipeline/.venv/lib/python3.10/site-packages/airflow/example_dags/example_task_group_decorator.py for tasks to queue
[2024-10-21T21:17:35.673+0700] {logging_mixin.py:190} INFO - [2024-10-21T21:17:35.673+0700] {dagbag.py:588} INFO - Filling up the DagBag from /Users/punny/Documents/GitHub/NYC-Taxi-ETL-Pipeline/.venv/lib/python3.10/site-packages/airflow/example_dags/example_task_group_decorator.py
[2024-10-21T21:17:35.755+0700] {processor.py:925} INFO - DAG(s) 'example_task_group_decorator' retrieved from /Users/punny/Documents/GitHub/NYC-Taxi-ETL-Pipeline/.venv/lib/python3.10/site-packages/airflow/example_dags/example_task_group_decorator.py
[2024-10-21T21:17:35.983+0700] {logging_mixin.py:190} INFO - [2024-10-21T21:17:35.983+0700] {dag.py:3239} INFO - Sync 1 DAGs
[2024-10-21T21:17:35.999+0700] {logging_mixin.py:190} INFO - [2024-10-21T21:17:35.998+0700] {dag.py:4180} INFO - Setting next_dagrun for example_task_group_decorator to None, run_after=None
[2024-10-21T21:17:36.023+0700] {processor.py:208} INFO - Processing /Users/punny/Documents/GitHub/NYC-Taxi-ETL-Pipeline/.venv/lib/python3.10/site-packages/airflow/example_dags/example_task_group_decorator.py took 0.364 seconds
[2024-10-21T21:20:37.659+0700] {processor.py:186} INFO - Started process (PID=8069) to work on /Users/punny/Documents/GitHub/NYC-Taxi-ETL-Pipeline/.venv/lib/python3.10/site-packages/airflow/example_dags/example_task_group_decorator.py
[2024-10-21T21:20:37.663+0700] {processor.py:914} INFO - Processing file /Users/punny/Documents/GitHub/NYC-Taxi-ETL-Pipeline/.venv/lib/python3.10/site-packages/airflow/example_dags/example_task_group_decorator.py for tasks to queue
[2024-10-21T21:20:37.665+0700] {logging_mixin.py:190} INFO - [2024-10-21T21:20:37.664+0700] {dagbag.py:588} INFO - Filling up the DagBag from /Users/punny/Documents/GitHub/NYC-Taxi-ETL-Pipeline/.venv/lib/python3.10/site-packages/airflow/example_dags/example_task_group_decorator.py
[2024-10-21T21:20:37.721+0700] {processor.py:925} INFO - DAG(s) 'example_task_group_decorator' retrieved from /Users/punny/Documents/GitHub/NYC-Taxi-ETL-Pipeline/.venv/lib/python3.10/site-packages/airflow/example_dags/example_task_group_decorator.py
[2024-10-21T21:20:37.912+0700] {logging_mixin.py:190} INFO - [2024-10-21T21:20:37.912+0700] {dag.py:3239} INFO - Sync 1 DAGs
[2024-10-21T21:20:37.927+0700] {logging_mixin.py:190} INFO - [2024-10-21T21:20:37.927+0700] {dag.py:4180} INFO - Setting next_dagrun for example_task_group_decorator to None, run_after=None
[2024-10-21T21:20:37.949+0700] {processor.py:208} INFO - Processing /Users/punny/Documents/GitHub/NYC-Taxi-ETL-Pipeline/.venv/lib/python3.10/site-packages/airflow/example_dags/example_task_group_decorator.py took 0.298 seconds
[2024-10-21T21:23:28.582+0700] {processor.py:186} INFO - Started process (PID=8271) to work on /Users/punny/Documents/GitHub/NYC-Taxi-ETL-Pipeline/.venv/lib/python3.10/site-packages/airflow/example_dags/example_task_group_decorator.py
[2024-10-21T21:23:28.585+0700] {processor.py:914} INFO - Processing file /Users/punny/Documents/GitHub/NYC-Taxi-ETL-Pipeline/.venv/lib/python3.10/site-packages/airflow/example_dags/example_task_group_decorator.py for tasks to queue
[2024-10-21T21:23:28.587+0700] {logging_mixin.py:190} INFO - [2024-10-21T21:23:28.586+0700] {dagbag.py:588} INFO - Filling up the DagBag from /Users/punny/Documents/GitHub/NYC-Taxi-ETL-Pipeline/.venv/lib/python3.10/site-packages/airflow/example_dags/example_task_group_decorator.py
[2024-10-21T21:23:28.649+0700] {processor.py:925} INFO - DAG(s) 'example_task_group_decorator' retrieved from /Users/punny/Documents/GitHub/NYC-Taxi-ETL-Pipeline/.venv/lib/python3.10/site-packages/airflow/example_dags/example_task_group_decorator.py
[2024-10-21T21:23:28.931+0700] {logging_mixin.py:190} INFO - [2024-10-21T21:23:28.930+0700] {dag.py:3239} INFO - Sync 1 DAGs
[2024-10-21T21:23:28.947+0700] {logging_mixin.py:190} INFO - [2024-10-21T21:23:28.947+0700] {dag.py:4180} INFO - Setting next_dagrun for example_task_group_decorator to None, run_after=None
[2024-10-21T21:23:28.972+0700] {processor.py:208} INFO - Processing /Users/punny/Documents/GitHub/NYC-Taxi-ETL-Pipeline/.venv/lib/python3.10/site-packages/airflow/example_dags/example_task_group_decorator.py took 0.399 seconds
[2024-10-21T21:27:01.873+0700] {processor.py:186} INFO - Started process (PID=8672) to work on /Users/punny/Documents/GitHub/NYC-Taxi-ETL-Pipeline/.venv/lib/python3.10/site-packages/airflow/example_dags/example_task_group_decorator.py
[2024-10-21T21:27:01.878+0700] {processor.py:914} INFO - Processing file /Users/punny/Documents/GitHub/NYC-Taxi-ETL-Pipeline/.venv/lib/python3.10/site-packages/airflow/example_dags/example_task_group_decorator.py for tasks to queue
[2024-10-21T21:27:01.879+0700] {logging_mixin.py:190} INFO - [2024-10-21T21:27:01.879+0700] {dagbag.py:588} INFO - Filling up the DagBag from /Users/punny/Documents/GitHub/NYC-Taxi-ETL-Pipeline/.venv/lib/python3.10/site-packages/airflow/example_dags/example_task_group_decorator.py
[2024-10-21T21:27:01.961+0700] {processor.py:925} INFO - DAG(s) 'example_task_group_decorator' retrieved from /Users/punny/Documents/GitHub/NYC-Taxi-ETL-Pipeline/.venv/lib/python3.10/site-packages/airflow/example_dags/example_task_group_decorator.py
[2024-10-21T21:27:02.322+0700] {logging_mixin.py:190} INFO - [2024-10-21T21:27:02.322+0700] {dag.py:3239} INFO - Sync 1 DAGs
[2024-10-21T21:27:02.355+0700] {logging_mixin.py:190} INFO - [2024-10-21T21:27:02.355+0700] {dag.py:4180} INFO - Setting next_dagrun for example_task_group_decorator to None, run_after=None
[2024-10-21T21:27:02.403+0700] {processor.py:208} INFO - Processing /Users/punny/Documents/GitHub/NYC-Taxi-ETL-Pipeline/.venv/lib/python3.10/site-packages/airflow/example_dags/example_task_group_decorator.py took 0.540 seconds
[2024-10-21T21:29:59.532+0700] {processor.py:186} INFO - Started process (PID=8893) to work on /Users/punny/Documents/GitHub/NYC-Taxi-ETL-Pipeline/.venv/lib/python3.10/site-packages/airflow/example_dags/example_task_group_decorator.py
[2024-10-21T21:29:59.535+0700] {processor.py:914} INFO - Processing file /Users/punny/Documents/GitHub/NYC-Taxi-ETL-Pipeline/.venv/lib/python3.10/site-packages/airflow/example_dags/example_task_group_decorator.py for tasks to queue
[2024-10-21T21:29:59.536+0700] {logging_mixin.py:190} INFO - [2024-10-21T21:29:59.536+0700] {dagbag.py:588} INFO - Filling up the DagBag from /Users/punny/Documents/GitHub/NYC-Taxi-ETL-Pipeline/.venv/lib/python3.10/site-packages/airflow/example_dags/example_task_group_decorator.py
[2024-10-21T21:29:59.594+0700] {processor.py:925} INFO - DAG(s) 'example_task_group_decorator' retrieved from /Users/punny/Documents/GitHub/NYC-Taxi-ETL-Pipeline/.venv/lib/python3.10/site-packages/airflow/example_dags/example_task_group_decorator.py
[2024-10-21T21:29:59.788+0700] {logging_mixin.py:190} INFO - [2024-10-21T21:29:59.787+0700] {dag.py:3239} INFO - Sync 1 DAGs
[2024-10-21T21:29:59.802+0700] {logging_mixin.py:190} INFO - [2024-10-21T21:29:59.802+0700] {dag.py:4180} INFO - Setting next_dagrun for example_task_group_decorator to None, run_after=None
[2024-10-21T21:29:59.823+0700] {processor.py:208} INFO - Processing /Users/punny/Documents/GitHub/NYC-Taxi-ETL-Pipeline/.venv/lib/python3.10/site-packages/airflow/example_dags/example_task_group_decorator.py took 0.298 seconds
[2024-10-21T21:32:50.401+0700] {processor.py:186} INFO - Started process (PID=9123) to work on /Users/punny/Documents/GitHub/NYC-Taxi-ETL-Pipeline/.venv/lib/python3.10/site-packages/airflow/example_dags/example_task_group_decorator.py
[2024-10-21T21:32:50.404+0700] {processor.py:914} INFO - Processing file /Users/punny/Documents/GitHub/NYC-Taxi-ETL-Pipeline/.venv/lib/python3.10/site-packages/airflow/example_dags/example_task_group_decorator.py for tasks to queue
[2024-10-21T21:32:50.405+0700] {logging_mixin.py:190} INFO - [2024-10-21T21:32:50.405+0700] {dagbag.py:588} INFO - Filling up the DagBag from /Users/punny/Documents/GitHub/NYC-Taxi-ETL-Pipeline/.venv/lib/python3.10/site-packages/airflow/example_dags/example_task_group_decorator.py
[2024-10-21T21:32:50.458+0700] {processor.py:925} INFO - DAG(s) 'example_task_group_decorator' retrieved from /Users/punny/Documents/GitHub/NYC-Taxi-ETL-Pipeline/.venv/lib/python3.10/site-packages/airflow/example_dags/example_task_group_decorator.py
[2024-10-21T21:32:50.644+0700] {logging_mixin.py:190} INFO - [2024-10-21T21:32:50.644+0700] {dag.py:3239} INFO - Sync 1 DAGs
[2024-10-21T21:32:50.661+0700] {logging_mixin.py:190} INFO - [2024-10-21T21:32:50.661+0700] {dag.py:4180} INFO - Setting next_dagrun for example_task_group_decorator to None, run_after=None
[2024-10-21T21:32:50.683+0700] {processor.py:208} INFO - Processing /Users/punny/Documents/GitHub/NYC-Taxi-ETL-Pipeline/.venv/lib/python3.10/site-packages/airflow/example_dags/example_task_group_decorator.py took 0.290 seconds
[2024-10-21T21:35:49.616+0700] {processor.py:186} INFO - Started process (PID=9365) to work on /Users/punny/Documents/GitHub/NYC-Taxi-ETL-Pipeline/.venv/lib/python3.10/site-packages/airflow/example_dags/example_task_group_decorator.py
[2024-10-21T21:35:49.621+0700] {processor.py:914} INFO - Processing file /Users/punny/Documents/GitHub/NYC-Taxi-ETL-Pipeline/.venv/lib/python3.10/site-packages/airflow/example_dags/example_task_group_decorator.py for tasks to queue
[2024-10-21T21:35:49.622+0700] {logging_mixin.py:190} INFO - [2024-10-21T21:35:49.622+0700] {dagbag.py:588} INFO - Filling up the DagBag from /Users/punny/Documents/GitHub/NYC-Taxi-ETL-Pipeline/.venv/lib/python3.10/site-packages/airflow/example_dags/example_task_group_decorator.py
[2024-10-21T21:35:49.708+0700] {processor.py:925} INFO - DAG(s) 'example_task_group_decorator' retrieved from /Users/punny/Documents/GitHub/NYC-Taxi-ETL-Pipeline/.venv/lib/python3.10/site-packages/airflow/example_dags/example_task_group_decorator.py
[2024-10-21T21:35:49.936+0700] {logging_mixin.py:190} INFO - [2024-10-21T21:35:49.935+0700] {dag.py:3239} INFO - Sync 1 DAGs
[2024-10-21T21:35:49.951+0700] {logging_mixin.py:190} INFO - [2024-10-21T21:35:49.951+0700] {dag.py:4180} INFO - Setting next_dagrun for example_task_group_decorator to None, run_after=None
[2024-10-21T21:35:49.980+0700] {processor.py:208} INFO - Processing /Users/punny/Documents/GitHub/NYC-Taxi-ETL-Pipeline/.venv/lib/python3.10/site-packages/airflow/example_dags/example_task_group_decorator.py took 0.372 seconds
[2024-10-21T21:39:16.418+0700] {processor.py:186} INFO - Started process (PID=9698) to work on /Users/punny/Documents/GitHub/NYC-Taxi-ETL-Pipeline/.venv/lib/python3.10/site-packages/airflow/example_dags/example_task_group_decorator.py
[2024-10-21T21:39:16.422+0700] {processor.py:914} INFO - Processing file /Users/punny/Documents/GitHub/NYC-Taxi-ETL-Pipeline/.venv/lib/python3.10/site-packages/airflow/example_dags/example_task_group_decorator.py for tasks to queue
[2024-10-21T21:39:16.423+0700] {logging_mixin.py:190} INFO - [2024-10-21T21:39:16.423+0700] {dagbag.py:588} INFO - Filling up the DagBag from /Users/punny/Documents/GitHub/NYC-Taxi-ETL-Pipeline/.venv/lib/python3.10/site-packages/airflow/example_dags/example_task_group_decorator.py
[2024-10-21T21:39:16.481+0700] {processor.py:925} INFO - DAG(s) 'example_task_group_decorator' retrieved from /Users/punny/Documents/GitHub/NYC-Taxi-ETL-Pipeline/.venv/lib/python3.10/site-packages/airflow/example_dags/example_task_group_decorator.py
[2024-10-21T21:39:16.673+0700] {logging_mixin.py:190} INFO - [2024-10-21T21:39:16.673+0700] {dag.py:3239} INFO - Sync 1 DAGs
[2024-10-21T21:39:16.687+0700] {logging_mixin.py:190} INFO - [2024-10-21T21:39:16.687+0700] {dag.py:4180} INFO - Setting next_dagrun for example_task_group_decorator to None, run_after=None
[2024-10-21T21:39:16.708+0700] {processor.py:208} INFO - Processing /Users/punny/Documents/GitHub/NYC-Taxi-ETL-Pipeline/.venv/lib/python3.10/site-packages/airflow/example_dags/example_task_group_decorator.py took 0.299 seconds
[2024-10-21T21:42:52.413+0700] {processor.py:186} INFO - Started process (PID=10000) to work on /Users/punny/Documents/GitHub/NYC-Taxi-ETL-Pipeline/.venv/lib/python3.10/site-packages/airflow/example_dags/example_task_group_decorator.py
[2024-10-21T21:42:52.416+0700] {processor.py:914} INFO - Processing file /Users/punny/Documents/GitHub/NYC-Taxi-ETL-Pipeline/.venv/lib/python3.10/site-packages/airflow/example_dags/example_task_group_decorator.py for tasks to queue
[2024-10-21T21:42:52.418+0700] {logging_mixin.py:190} INFO - [2024-10-21T21:42:52.417+0700] {dagbag.py:588} INFO - Filling up the DagBag from /Users/punny/Documents/GitHub/NYC-Taxi-ETL-Pipeline/.venv/lib/python3.10/site-packages/airflow/example_dags/example_task_group_decorator.py
[2024-10-21T21:42:52.472+0700] {processor.py:925} INFO - DAG(s) 'example_task_group_decorator' retrieved from /Users/punny/Documents/GitHub/NYC-Taxi-ETL-Pipeline/.venv/lib/python3.10/site-packages/airflow/example_dags/example_task_group_decorator.py
[2024-10-21T21:42:52.656+0700] {logging_mixin.py:190} INFO - [2024-10-21T21:42:52.655+0700] {dag.py:3239} INFO - Sync 1 DAGs
[2024-10-21T21:42:52.670+0700] {logging_mixin.py:190} INFO - [2024-10-21T21:42:52.669+0700] {dag.py:4180} INFO - Setting next_dagrun for example_task_group_decorator to None, run_after=None
[2024-10-21T21:42:52.691+0700] {processor.py:208} INFO - Processing /Users/punny/Documents/GitHub/NYC-Taxi-ETL-Pipeline/.venv/lib/python3.10/site-packages/airflow/example_dags/example_task_group_decorator.py took 0.285 seconds
[2024-10-21T21:46:35.695+0700] {processor.py:186} INFO - Started process (PID=10424) to work on /Users/punny/Documents/GitHub/NYC-Taxi-ETL-Pipeline/.venv/lib/python3.10/site-packages/airflow/example_dags/example_task_group_decorator.py
[2024-10-21T21:46:35.699+0700] {processor.py:914} INFO - Processing file /Users/punny/Documents/GitHub/NYC-Taxi-ETL-Pipeline/.venv/lib/python3.10/site-packages/airflow/example_dags/example_task_group_decorator.py for tasks to queue
[2024-10-21T21:46:35.700+0700] {logging_mixin.py:190} INFO - [2024-10-21T21:46:35.700+0700] {dagbag.py:588} INFO - Filling up the DagBag from /Users/punny/Documents/GitHub/NYC-Taxi-ETL-Pipeline/.venv/lib/python3.10/site-packages/airflow/example_dags/example_task_group_decorator.py
[2024-10-21T21:46:35.771+0700] {processor.py:925} INFO - DAG(s) 'example_task_group_decorator' retrieved from /Users/punny/Documents/GitHub/NYC-Taxi-ETL-Pipeline/.venv/lib/python3.10/site-packages/airflow/example_dags/example_task_group_decorator.py
[2024-10-21T21:46:36.004+0700] {logging_mixin.py:190} INFO - [2024-10-21T21:46:36.004+0700] {dag.py:3239} INFO - Sync 1 DAGs
[2024-10-21T21:46:36.019+0700] {logging_mixin.py:190} INFO - [2024-10-21T21:46:36.018+0700] {dag.py:4180} INFO - Setting next_dagrun for example_task_group_decorator to None, run_after=None
[2024-10-21T21:46:36.040+0700] {processor.py:208} INFO - Processing /Users/punny/Documents/GitHub/NYC-Taxi-ETL-Pipeline/.venv/lib/python3.10/site-packages/airflow/example_dags/example_task_group_decorator.py took 0.353 seconds
[2024-10-21T21:49:34.853+0700] {processor.py:186} INFO - Started process (PID=10630) to work on /Users/punny/Documents/GitHub/NYC-Taxi-ETL-Pipeline/.venv/lib/python3.10/site-packages/airflow/example_dags/example_task_group_decorator.py
[2024-10-21T21:49:34.857+0700] {processor.py:914} INFO - Processing file /Users/punny/Documents/GitHub/NYC-Taxi-ETL-Pipeline/.venv/lib/python3.10/site-packages/airflow/example_dags/example_task_group_decorator.py for tasks to queue
[2024-10-21T21:49:34.858+0700] {logging_mixin.py:190} INFO - [2024-10-21T21:49:34.858+0700] {dagbag.py:588} INFO - Filling up the DagBag from /Users/punny/Documents/GitHub/NYC-Taxi-ETL-Pipeline/.venv/lib/python3.10/site-packages/airflow/example_dags/example_task_group_decorator.py
[2024-10-21T21:49:34.914+0700] {processor.py:925} INFO - DAG(s) 'example_task_group_decorator' retrieved from /Users/punny/Documents/GitHub/NYC-Taxi-ETL-Pipeline/.venv/lib/python3.10/site-packages/airflow/example_dags/example_task_group_decorator.py
[2024-10-21T21:49:35.116+0700] {logging_mixin.py:190} INFO - [2024-10-21T21:49:35.116+0700] {dag.py:3239} INFO - Sync 1 DAGs
[2024-10-21T21:49:35.131+0700] {logging_mixin.py:190} INFO - [2024-10-21T21:49:35.131+0700] {dag.py:4180} INFO - Setting next_dagrun for example_task_group_decorator to None, run_after=None
[2024-10-21T21:49:35.152+0700] {processor.py:208} INFO - Processing /Users/punny/Documents/GitHub/NYC-Taxi-ETL-Pipeline/.venv/lib/python3.10/site-packages/airflow/example_dags/example_task_group_decorator.py took 0.307 seconds
[2024-10-21T21:51:06.210+0700] {processor.py:186} INFO - Started process (PID=10764) to work on /Users/punny/Documents/GitHub/NYC-Taxi-ETL-Pipeline/.venv/lib/python3.10/site-packages/airflow/example_dags/example_task_group_decorator.py
[2024-10-21T21:51:06.213+0700] {processor.py:914} INFO - Processing file /Users/punny/Documents/GitHub/NYC-Taxi-ETL-Pipeline/.venv/lib/python3.10/site-packages/airflow/example_dags/example_task_group_decorator.py for tasks to queue
[2024-10-21T21:51:06.214+0700] {logging_mixin.py:190} INFO - [2024-10-21T21:51:06.214+0700] {dagbag.py:588} INFO - Filling up the DagBag from /Users/punny/Documents/GitHub/NYC-Taxi-ETL-Pipeline/.venv/lib/python3.10/site-packages/airflow/example_dags/example_task_group_decorator.py
[2024-10-21T21:51:06.284+0700] {processor.py:925} INFO - DAG(s) 'example_task_group_decorator' retrieved from /Users/punny/Documents/GitHub/NYC-Taxi-ETL-Pipeline/.venv/lib/python3.10/site-packages/airflow/example_dags/example_task_group_decorator.py
[2024-10-21T21:51:06.474+0700] {logging_mixin.py:190} INFO - [2024-10-21T21:51:06.473+0700] {dag.py:3239} INFO - Sync 1 DAGs
[2024-10-21T21:51:06.489+0700] {logging_mixin.py:190} INFO - [2024-10-21T21:51:06.489+0700] {dag.py:4180} INFO - Setting next_dagrun for example_task_group_decorator to None, run_after=None
[2024-10-21T21:51:06.514+0700] {processor.py:208} INFO - Processing /Users/punny/Documents/GitHub/NYC-Taxi-ETL-Pipeline/.venv/lib/python3.10/site-packages/airflow/example_dags/example_task_group_decorator.py took 0.311 seconds
[2024-10-21T21:55:15.206+0700] {processor.py:186} INFO - Started process (PID=11188) to work on /Users/punny/Documents/GitHub/NYC-Taxi-ETL-Pipeline/.venv/lib/python3.10/site-packages/airflow/example_dags/example_task_group_decorator.py
[2024-10-21T21:55:15.209+0700] {processor.py:914} INFO - Processing file /Users/punny/Documents/GitHub/NYC-Taxi-ETL-Pipeline/.venv/lib/python3.10/site-packages/airflow/example_dags/example_task_group_decorator.py for tasks to queue
[2024-10-21T21:55:15.211+0700] {logging_mixin.py:190} INFO - [2024-10-21T21:55:15.211+0700] {dagbag.py:588} INFO - Filling up the DagBag from /Users/punny/Documents/GitHub/NYC-Taxi-ETL-Pipeline/.venv/lib/python3.10/site-packages/airflow/example_dags/example_task_group_decorator.py
[2024-10-21T21:55:15.271+0700] {processor.py:925} INFO - DAG(s) 'example_task_group_decorator' retrieved from /Users/punny/Documents/GitHub/NYC-Taxi-ETL-Pipeline/.venv/lib/python3.10/site-packages/airflow/example_dags/example_task_group_decorator.py
[2024-10-21T21:55:15.511+0700] {logging_mixin.py:190} INFO - [2024-10-21T21:55:15.511+0700] {dag.py:3239} INFO - Sync 1 DAGs
[2024-10-21T21:55:15.527+0700] {logging_mixin.py:190} INFO - [2024-10-21T21:55:15.527+0700] {dag.py:4180} INFO - Setting next_dagrun for example_task_group_decorator to None, run_after=None
[2024-10-21T21:55:15.549+0700] {processor.py:208} INFO - Processing /Users/punny/Documents/GitHub/NYC-Taxi-ETL-Pipeline/.venv/lib/python3.10/site-packages/airflow/example_dags/example_task_group_decorator.py took 0.351 seconds
[2024-10-21T21:59:15.120+0700] {processor.py:186} INFO - Started process (PID=11684) to work on /Users/punny/Documents/GitHub/NYC-Taxi-ETL-Pipeline/.venv/lib/python3.10/site-packages/airflow/example_dags/example_task_group_decorator.py
[2024-10-21T21:59:15.123+0700] {processor.py:914} INFO - Processing file /Users/punny/Documents/GitHub/NYC-Taxi-ETL-Pipeline/.venv/lib/python3.10/site-packages/airflow/example_dags/example_task_group_decorator.py for tasks to queue
[2024-10-21T21:59:15.124+0700] {logging_mixin.py:190} INFO - [2024-10-21T21:59:15.124+0700] {dagbag.py:588} INFO - Filling up the DagBag from /Users/punny/Documents/GitHub/NYC-Taxi-ETL-Pipeline/.venv/lib/python3.10/site-packages/airflow/example_dags/example_task_group_decorator.py
[2024-10-21T21:59:15.183+0700] {processor.py:925} INFO - DAG(s) 'example_task_group_decorator' retrieved from /Users/punny/Documents/GitHub/NYC-Taxi-ETL-Pipeline/.venv/lib/python3.10/site-packages/airflow/example_dags/example_task_group_decorator.py
[2024-10-21T21:59:15.385+0700] {logging_mixin.py:190} INFO - [2024-10-21T21:59:15.385+0700] {dag.py:3239} INFO - Sync 1 DAGs
[2024-10-21T21:59:15.400+0700] {logging_mixin.py:190} INFO - [2024-10-21T21:59:15.399+0700] {dag.py:4180} INFO - Setting next_dagrun for example_task_group_decorator to None, run_after=None
[2024-10-21T21:59:15.421+0700] {processor.py:208} INFO - Processing /Users/punny/Documents/GitHub/NYC-Taxi-ETL-Pipeline/.venv/lib/python3.10/site-packages/airflow/example_dags/example_task_group_decorator.py took 0.310 seconds
[2024-10-21T22:16:29.814+0700] {processor.py:186} INFO - Started process (PID=12027) to work on /Users/punny/Documents/GitHub/NYC-Taxi-ETL-Pipeline/.venv/lib/python3.10/site-packages/airflow/example_dags/example_task_group_decorator.py
[2024-10-21T22:16:29.822+0700] {processor.py:914} INFO - Processing file /Users/punny/Documents/GitHub/NYC-Taxi-ETL-Pipeline/.venv/lib/python3.10/site-packages/airflow/example_dags/example_task_group_decorator.py for tasks to queue
[2024-10-21T22:16:29.824+0700] {logging_mixin.py:190} INFO - [2024-10-21T22:16:29.824+0700] {dagbag.py:588} INFO - Filling up the DagBag from /Users/punny/Documents/GitHub/NYC-Taxi-ETL-Pipeline/.venv/lib/python3.10/site-packages/airflow/example_dags/example_task_group_decorator.py
[2024-10-21T22:16:29.901+0700] {processor.py:925} INFO - DAG(s) 'example_task_group_decorator' retrieved from /Users/punny/Documents/GitHub/NYC-Taxi-ETL-Pipeline/.venv/lib/python3.10/site-packages/airflow/example_dags/example_task_group_decorator.py
[2024-10-21T22:16:30.133+0700] {logging_mixin.py:190} INFO - [2024-10-21T22:16:30.132+0700] {dag.py:3239} INFO - Sync 1 DAGs
[2024-10-21T22:16:30.148+0700] {logging_mixin.py:190} INFO - [2024-10-21T22:16:30.148+0700] {dag.py:4180} INFO - Setting next_dagrun for example_task_group_decorator to None, run_after=None
[2024-10-21T22:16:30.170+0700] {processor.py:208} INFO - Processing /Users/punny/Documents/GitHub/NYC-Taxi-ETL-Pipeline/.venv/lib/python3.10/site-packages/airflow/example_dags/example_task_group_decorator.py took 0.361 seconds
[2024-10-21T22:19:26.681+0700] {processor.py:186} INFO - Started process (PID=12339) to work on /Users/punny/Documents/GitHub/NYC-Taxi-ETL-Pipeline/.venv/lib/python3.10/site-packages/airflow/example_dags/example_task_group_decorator.py
[2024-10-21T22:19:26.685+0700] {processor.py:914} INFO - Processing file /Users/punny/Documents/GitHub/NYC-Taxi-ETL-Pipeline/.venv/lib/python3.10/site-packages/airflow/example_dags/example_task_group_decorator.py for tasks to queue
[2024-10-21T22:19:26.686+0700] {logging_mixin.py:190} INFO - [2024-10-21T22:19:26.686+0700] {dagbag.py:588} INFO - Filling up the DagBag from /Users/punny/Documents/GitHub/NYC-Taxi-ETL-Pipeline/.venv/lib/python3.10/site-packages/airflow/example_dags/example_task_group_decorator.py
[2024-10-21T22:19:26.756+0700] {processor.py:925} INFO - DAG(s) 'example_task_group_decorator' retrieved from /Users/punny/Documents/GitHub/NYC-Taxi-ETL-Pipeline/.venv/lib/python3.10/site-packages/airflow/example_dags/example_task_group_decorator.py
[2024-10-21T22:19:26.958+0700] {logging_mixin.py:190} INFO - [2024-10-21T22:19:26.958+0700] {dag.py:3239} INFO - Sync 1 DAGs
[2024-10-21T22:19:26.974+0700] {logging_mixin.py:190} INFO - [2024-10-21T22:19:26.974+0700] {dag.py:4180} INFO - Setting next_dagrun for example_task_group_decorator to None, run_after=None
[2024-10-21T22:19:26.997+0700] {processor.py:208} INFO - Processing /Users/punny/Documents/GitHub/NYC-Taxi-ETL-Pipeline/.venv/lib/python3.10/site-packages/airflow/example_dags/example_task_group_decorator.py took 0.325 seconds
[2024-10-21T22:24:31.634+0700] {processor.py:186} INFO - Started process (PID=13140) to work on /Users/punny/Documents/GitHub/NYC-Taxi-ETL-Pipeline/.venv/lib/python3.10/site-packages/airflow/example_dags/example_task_group_decorator.py
[2024-10-21T22:24:31.638+0700] {processor.py:914} INFO - Processing file /Users/punny/Documents/GitHub/NYC-Taxi-ETL-Pipeline/.venv/lib/python3.10/site-packages/airflow/example_dags/example_task_group_decorator.py for tasks to queue
[2024-10-21T22:24:31.641+0700] {logging_mixin.py:190} INFO - [2024-10-21T22:24:31.640+0700] {dagbag.py:588} INFO - Filling up the DagBag from /Users/punny/Documents/GitHub/NYC-Taxi-ETL-Pipeline/.venv/lib/python3.10/site-packages/airflow/example_dags/example_task_group_decorator.py
[2024-10-21T22:24:31.709+0700] {processor.py:925} INFO - DAG(s) 'example_task_group_decorator' retrieved from /Users/punny/Documents/GitHub/NYC-Taxi-ETL-Pipeline/.venv/lib/python3.10/site-packages/airflow/example_dags/example_task_group_decorator.py
[2024-10-21T22:24:31.917+0700] {logging_mixin.py:190} INFO - [2024-10-21T22:24:31.916+0700] {dag.py:3239} INFO - Sync 1 DAGs
[2024-10-21T22:24:31.933+0700] {logging_mixin.py:190} INFO - [2024-10-21T22:24:31.933+0700] {dag.py:4180} INFO - Setting next_dagrun for example_task_group_decorator to None, run_after=None
[2024-10-21T22:24:31.955+0700] {processor.py:208} INFO - Processing /Users/punny/Documents/GitHub/NYC-Taxi-ETL-Pipeline/.venv/lib/python3.10/site-packages/airflow/example_dags/example_task_group_decorator.py took 0.332 seconds
[2024-10-21T22:28:25.362+0700] {processor.py:186} INFO - Started process (PID=13487) to work on /Users/punny/Documents/GitHub/NYC-Taxi-ETL-Pipeline/.venv/lib/python3.10/site-packages/airflow/example_dags/example_task_group_decorator.py
[2024-10-21T22:28:25.366+0700] {processor.py:914} INFO - Processing file /Users/punny/Documents/GitHub/NYC-Taxi-ETL-Pipeline/.venv/lib/python3.10/site-packages/airflow/example_dags/example_task_group_decorator.py for tasks to queue
[2024-10-21T22:28:25.368+0700] {logging_mixin.py:190} INFO - [2024-10-21T22:28:25.367+0700] {dagbag.py:588} INFO - Filling up the DagBag from /Users/punny/Documents/GitHub/NYC-Taxi-ETL-Pipeline/.venv/lib/python3.10/site-packages/airflow/example_dags/example_task_group_decorator.py
[2024-10-21T22:28:25.421+0700] {processor.py:925} INFO - DAG(s) 'example_task_group_decorator' retrieved from /Users/punny/Documents/GitHub/NYC-Taxi-ETL-Pipeline/.venv/lib/python3.10/site-packages/airflow/example_dags/example_task_group_decorator.py
[2024-10-21T22:28:25.603+0700] {logging_mixin.py:190} INFO - [2024-10-21T22:28:25.602+0700] {dag.py:3239} INFO - Sync 1 DAGs
[2024-10-21T22:28:25.617+0700] {logging_mixin.py:190} INFO - [2024-10-21T22:28:25.617+0700] {dag.py:4180} INFO - Setting next_dagrun for example_task_group_decorator to None, run_after=None
[2024-10-21T22:28:25.638+0700] {processor.py:208} INFO - Processing /Users/punny/Documents/GitHub/NYC-Taxi-ETL-Pipeline/.venv/lib/python3.10/site-packages/airflow/example_dags/example_task_group_decorator.py took 0.286 seconds
[2024-10-21T22:31:20.355+0700] {processor.py:186} INFO - Started process (PID=13709) to work on /Users/punny/Documents/GitHub/NYC-Taxi-ETL-Pipeline/.venv/lib/python3.10/site-packages/airflow/example_dags/example_task_group_decorator.py
[2024-10-21T22:31:20.359+0700] {processor.py:914} INFO - Processing file /Users/punny/Documents/GitHub/NYC-Taxi-ETL-Pipeline/.venv/lib/python3.10/site-packages/airflow/example_dags/example_task_group_decorator.py for tasks to queue
[2024-10-21T22:31:20.361+0700] {logging_mixin.py:190} INFO - [2024-10-21T22:31:20.360+0700] {dagbag.py:588} INFO - Filling up the DagBag from /Users/punny/Documents/GitHub/NYC-Taxi-ETL-Pipeline/.venv/lib/python3.10/site-packages/airflow/example_dags/example_task_group_decorator.py
[2024-10-21T22:31:20.413+0700] {processor.py:925} INFO - DAG(s) 'example_task_group_decorator' retrieved from /Users/punny/Documents/GitHub/NYC-Taxi-ETL-Pipeline/.venv/lib/python3.10/site-packages/airflow/example_dags/example_task_group_decorator.py
[2024-10-21T22:31:20.601+0700] {logging_mixin.py:190} INFO - [2024-10-21T22:31:20.601+0700] {dag.py:3239} INFO - Sync 1 DAGs
[2024-10-21T22:31:20.615+0700] {logging_mixin.py:190} INFO - [2024-10-21T22:31:20.615+0700] {dag.py:4180} INFO - Setting next_dagrun for example_task_group_decorator to None, run_after=None
[2024-10-21T22:31:20.637+0700] {processor.py:208} INFO - Processing /Users/punny/Documents/GitHub/NYC-Taxi-ETL-Pipeline/.venv/lib/python3.10/site-packages/airflow/example_dags/example_task_group_decorator.py took 0.291 seconds
