[2024-10-21T12:54:17.260+0700] {processor.py:186} INFO - Started process (PID=34366) to work on /Users/punny/Documents/GitHub/NYC-Taxi-ETL-Pipeline/.venv/lib/python3.10/site-packages/airflow/example_dags/example_latest_only_with_trigger.py
[2024-10-21T12:54:17.266+0700] {processor.py:914} INFO - Processing file /Users/punny/Documents/GitHub/NYC-Taxi-ETL-Pipeline/.venv/lib/python3.10/site-packages/airflow/example_dags/example_latest_only_with_trigger.py for tasks to queue
[2024-10-21T12:54:17.269+0700] {logging_mixin.py:190} INFO - [2024-10-21T12:54:17.269+0700] {dagbag.py:588} INFO - Filling up the DagBag from /Users/punny/Documents/GitHub/NYC-Taxi-ETL-Pipeline/.venv/lib/python3.10/site-packages/airflow/example_dags/example_latest_only_with_trigger.py
[2024-10-21T12:54:17.295+0700] {processor.py:925} INFO - DAG(s) 'latest_only_with_trigger' retrieved from /Users/punny/Documents/GitHub/NYC-Taxi-ETL-Pipeline/.venv/lib/python3.10/site-packages/airflow/example_dags/example_latest_only_with_trigger.py
[2024-10-21T12:54:17.715+0700] {logging_mixin.py:190} INFO - [2024-10-21T12:54:17.714+0700] {dag.py:3239} INFO - Sync 1 DAGs
[2024-10-21T12:54:17.769+0700] {logging_mixin.py:190} INFO - [2024-10-21T12:54:17.768+0700] {dag.py:4180} INFO - Setting next_dagrun for latest_only_with_trigger to 2024-10-21 00:00:00+00:00, run_after=2024-10-21 04:00:00+00:00
[2024-10-21T12:54:17.819+0700] {processor.py:208} INFO - Processing /Users/punny/Documents/GitHub/NYC-Taxi-ETL-Pipeline/.venv/lib/python3.10/site-packages/airflow/example_dags/example_latest_only_with_trigger.py took 0.570 seconds
[2024-10-21T14:22:10.858+0700] {processor.py:186} INFO - Started process (PID=35222) to work on /Users/punny/Documents/GitHub/NYC-Taxi-ETL-Pipeline/.venv/lib/python3.10/site-packages/airflow/example_dags/example_latest_only_with_trigger.py
[2024-10-21T14:22:10.867+0700] {processor.py:914} INFO - Processing file /Users/punny/Documents/GitHub/NYC-Taxi-ETL-Pipeline/.venv/lib/python3.10/site-packages/airflow/example_dags/example_latest_only_with_trigger.py for tasks to queue
[2024-10-21T14:22:10.870+0700] {logging_mixin.py:190} INFO - [2024-10-21T14:22:10.869+0700] {dagbag.py:588} INFO - Filling up the DagBag from /Users/punny/Documents/GitHub/NYC-Taxi-ETL-Pipeline/.venv/lib/python3.10/site-packages/airflow/example_dags/example_latest_only_with_trigger.py
[2024-10-21T14:22:10.905+0700] {processor.py:925} INFO - DAG(s) 'latest_only_with_trigger' retrieved from /Users/punny/Documents/GitHub/NYC-Taxi-ETL-Pipeline/.venv/lib/python3.10/site-packages/airflow/example_dags/example_latest_only_with_trigger.py
[2024-10-21T14:22:11.439+0700] {logging_mixin.py:190} INFO - [2024-10-21T14:22:11.437+0700] {dag.py:3239} INFO - Sync 1 DAGs
[2024-10-21T14:22:11.500+0700] {logging_mixin.py:190} INFO - [2024-10-21T14:22:11.499+0700] {dag.py:4180} INFO - Setting next_dagrun for latest_only_with_trigger to 2024-10-21 00:00:00+00:00, run_after=2024-10-21 04:00:00+00:00
[2024-10-21T14:22:11.558+0700] {processor.py:208} INFO - Processing /Users/punny/Documents/GitHub/NYC-Taxi-ETL-Pipeline/.venv/lib/python3.10/site-packages/airflow/example_dags/example_latest_only_with_trigger.py took 0.723 seconds
[2024-10-21T14:49:22.826+0700] {processor.py:186} INFO - Started process (PID=36048) to work on /Users/punny/Documents/GitHub/NYC-Taxi-ETL-Pipeline/.venv/lib/python3.10/site-packages/airflow/example_dags/example_latest_only_with_trigger.py
[2024-10-21T14:49:22.838+0700] {processor.py:914} INFO - Processing file /Users/punny/Documents/GitHub/NYC-Taxi-ETL-Pipeline/.venv/lib/python3.10/site-packages/airflow/example_dags/example_latest_only_with_trigger.py for tasks to queue
[2024-10-21T14:49:22.841+0700] {logging_mixin.py:190} INFO - [2024-10-21T14:49:22.839+0700] {dagbag.py:588} INFO - Filling up the DagBag from /Users/punny/Documents/GitHub/NYC-Taxi-ETL-Pipeline/.venv/lib/python3.10/site-packages/airflow/example_dags/example_latest_only_with_trigger.py
[2024-10-21T14:49:22.857+0700] {processor.py:925} INFO - DAG(s) 'latest_only_with_trigger' retrieved from /Users/punny/Documents/GitHub/NYC-Taxi-ETL-Pipeline/.venv/lib/python3.10/site-packages/airflow/example_dags/example_latest_only_with_trigger.py
[2024-10-21T14:49:23.096+0700] {logging_mixin.py:190} INFO - [2024-10-21T14:49:23.094+0700] {dag.py:3239} INFO - Sync 1 DAGs
[2024-10-21T14:49:23.131+0700] {logging_mixin.py:190} INFO - [2024-10-21T14:49:23.131+0700] {dag.py:4180} INFO - Setting next_dagrun for latest_only_with_trigger to 2024-10-21 00:00:00+00:00, run_after=2024-10-21 04:00:00+00:00
[2024-10-21T14:49:23.162+0700] {processor.py:208} INFO - Processing /Users/punny/Documents/GitHub/NYC-Taxi-ETL-Pipeline/.venv/lib/python3.10/site-packages/airflow/example_dags/example_latest_only_with_trigger.py took 0.346 seconds
[2024-10-21T14:53:04.723+0700] {processor.py:186} INFO - Started process (PID=36659) to work on /Users/punny/Documents/GitHub/NYC-Taxi-ETL-Pipeline/.venv/lib/python3.10/site-packages/airflow/example_dags/example_latest_only_with_trigger.py
[2024-10-21T14:53:04.726+0700] {processor.py:914} INFO - Processing file /Users/punny/Documents/GitHub/NYC-Taxi-ETL-Pipeline/.venv/lib/python3.10/site-packages/airflow/example_dags/example_latest_only_with_trigger.py for tasks to queue
[2024-10-21T14:53:04.727+0700] {logging_mixin.py:190} INFO - [2024-10-21T14:53:04.727+0700] {dagbag.py:588} INFO - Filling up the DagBag from /Users/punny/Documents/GitHub/NYC-Taxi-ETL-Pipeline/.venv/lib/python3.10/site-packages/airflow/example_dags/example_latest_only_with_trigger.py
[2024-10-21T14:53:04.738+0700] {processor.py:925} INFO - DAG(s) 'latest_only_with_trigger' retrieved from /Users/punny/Documents/GitHub/NYC-Taxi-ETL-Pipeline/.venv/lib/python3.10/site-packages/airflow/example_dags/example_latest_only_with_trigger.py
[2024-10-21T14:53:04.951+0700] {logging_mixin.py:190} INFO - [2024-10-21T14:53:04.950+0700] {dag.py:3239} INFO - Sync 1 DAGs
[2024-10-21T14:53:04.975+0700] {logging_mixin.py:190} INFO - [2024-10-21T14:53:04.974+0700] {dag.py:4180} INFO - Setting next_dagrun for latest_only_with_trigger to 2024-10-21 00:00:00+00:00, run_after=2024-10-21 04:00:00+00:00
[2024-10-21T14:53:04.997+0700] {processor.py:208} INFO - Processing /Users/punny/Documents/GitHub/NYC-Taxi-ETL-Pipeline/.venv/lib/python3.10/site-packages/airflow/example_dags/example_latest_only_with_trigger.py took 0.284 seconds
[2024-10-21T14:56:27.389+0700] {processor.py:186} INFO - Started process (PID=37171) to work on /Users/punny/Documents/GitHub/NYC-Taxi-ETL-Pipeline/.venv/lib/python3.10/site-packages/airflow/example_dags/example_latest_only_with_trigger.py
[2024-10-21T14:56:27.392+0700] {processor.py:914} INFO - Processing file /Users/punny/Documents/GitHub/NYC-Taxi-ETL-Pipeline/.venv/lib/python3.10/site-packages/airflow/example_dags/example_latest_only_with_trigger.py for tasks to queue
[2024-10-21T14:56:27.394+0700] {logging_mixin.py:190} INFO - [2024-10-21T14:56:27.393+0700] {dagbag.py:588} INFO - Filling up the DagBag from /Users/punny/Documents/GitHub/NYC-Taxi-ETL-Pipeline/.venv/lib/python3.10/site-packages/airflow/example_dags/example_latest_only_with_trigger.py
[2024-10-21T14:56:27.405+0700] {processor.py:925} INFO - DAG(s) 'latest_only_with_trigger' retrieved from /Users/punny/Documents/GitHub/NYC-Taxi-ETL-Pipeline/.venv/lib/python3.10/site-packages/airflow/example_dags/example_latest_only_with_trigger.py
[2024-10-21T14:56:27.601+0700] {logging_mixin.py:190} INFO - [2024-10-21T14:56:27.601+0700] {dag.py:3239} INFO - Sync 1 DAGs
[2024-10-21T14:56:27.624+0700] {logging_mixin.py:190} INFO - [2024-10-21T14:56:27.624+0700] {dag.py:4180} INFO - Setting next_dagrun for latest_only_with_trigger to 2024-10-21 00:00:00+00:00, run_after=2024-10-21 04:00:00+00:00
[2024-10-21T14:56:27.647+0700] {processor.py:208} INFO - Processing /Users/punny/Documents/GitHub/NYC-Taxi-ETL-Pipeline/.venv/lib/python3.10/site-packages/airflow/example_dags/example_latest_only_with_trigger.py took 0.267 seconds
[2024-10-21T15:01:31.880+0700] {processor.py:186} INFO - Started process (PID=37930) to work on /Users/punny/Documents/GitHub/NYC-Taxi-ETL-Pipeline/.venv/lib/python3.10/site-packages/airflow/example_dags/example_latest_only_with_trigger.py
[2024-10-21T15:01:31.887+0700] {processor.py:914} INFO - Processing file /Users/punny/Documents/GitHub/NYC-Taxi-ETL-Pipeline/.venv/lib/python3.10/site-packages/airflow/example_dags/example_latest_only_with_trigger.py for tasks to queue
[2024-10-21T15:01:31.889+0700] {logging_mixin.py:190} INFO - [2024-10-21T15:01:31.888+0700] {dagbag.py:588} INFO - Filling up the DagBag from /Users/punny/Documents/GitHub/NYC-Taxi-ETL-Pipeline/.venv/lib/python3.10/site-packages/airflow/example_dags/example_latest_only_with_trigger.py
[2024-10-21T15:01:31.920+0700] {processor.py:925} INFO - DAG(s) 'latest_only_with_trigger' retrieved from /Users/punny/Documents/GitHub/NYC-Taxi-ETL-Pipeline/.venv/lib/python3.10/site-packages/airflow/example_dags/example_latest_only_with_trigger.py
[2024-10-21T15:01:32.566+0700] {logging_mixin.py:190} INFO - [2024-10-21T15:01:32.564+0700] {dag.py:3239} INFO - Sync 1 DAGs
[2024-10-21T15:01:32.638+0700] {logging_mixin.py:190} INFO - [2024-10-21T15:01:32.636+0700] {dag.py:4180} INFO - Setting next_dagrun for latest_only_with_trigger to 2024-10-21 04:00:00+00:00, run_after=2024-10-21 08:00:00+00:00
[2024-10-21T15:01:32.747+0700] {processor.py:208} INFO - Processing /Users/punny/Documents/GitHub/NYC-Taxi-ETL-Pipeline/.venv/lib/python3.10/site-packages/airflow/example_dags/example_latest_only_with_trigger.py took 0.885 seconds
[2024-10-21T15:07:10.604+0700] {processor.py:186} INFO - Started process (PID=38635) to work on /Users/punny/Documents/GitHub/NYC-Taxi-ETL-Pipeline/.venv/lib/python3.10/site-packages/airflow/example_dags/example_latest_only_with_trigger.py
[2024-10-21T15:07:10.611+0700] {processor.py:914} INFO - Processing file /Users/punny/Documents/GitHub/NYC-Taxi-ETL-Pipeline/.venv/lib/python3.10/site-packages/airflow/example_dags/example_latest_only_with_trigger.py for tasks to queue
[2024-10-21T15:07:10.613+0700] {logging_mixin.py:190} INFO - [2024-10-21T15:07:10.613+0700] {dagbag.py:588} INFO - Filling up the DagBag from /Users/punny/Documents/GitHub/NYC-Taxi-ETL-Pipeline/.venv/lib/python3.10/site-packages/airflow/example_dags/example_latest_only_with_trigger.py
[2024-10-21T15:07:10.639+0700] {processor.py:925} INFO - DAG(s) 'latest_only_with_trigger' retrieved from /Users/punny/Documents/GitHub/NYC-Taxi-ETL-Pipeline/.venv/lib/python3.10/site-packages/airflow/example_dags/example_latest_only_with_trigger.py
[2024-10-21T15:07:10.953+0700] {logging_mixin.py:190} INFO - [2024-10-21T15:07:10.953+0700] {dag.py:3239} INFO - Sync 1 DAGs
[2024-10-21T15:07:10.989+0700] {logging_mixin.py:190} INFO - [2024-10-21T15:07:10.989+0700] {dag.py:4180} INFO - Setting next_dagrun for latest_only_with_trigger to 2024-10-21 04:00:00+00:00, run_after=2024-10-21 08:00:00+00:00
[2024-10-21T15:07:11.025+0700] {processor.py:208} INFO - Processing /Users/punny/Documents/GitHub/NYC-Taxi-ETL-Pipeline/.venv/lib/python3.10/site-packages/airflow/example_dags/example_latest_only_with_trigger.py took 0.434 seconds
[2024-10-21T15:11:51.900+0700] {processor.py:186} INFO - Started process (PID=39270) to work on /Users/punny/Documents/GitHub/NYC-Taxi-ETL-Pipeline/.venv/lib/python3.10/site-packages/airflow/example_dags/example_latest_only_with_trigger.py
[2024-10-21T15:11:51.905+0700] {processor.py:914} INFO - Processing file /Users/punny/Documents/GitHub/NYC-Taxi-ETL-Pipeline/.venv/lib/python3.10/site-packages/airflow/example_dags/example_latest_only_with_trigger.py for tasks to queue
[2024-10-21T15:11:51.907+0700] {logging_mixin.py:190} INFO - [2024-10-21T15:11:51.907+0700] {dagbag.py:588} INFO - Filling up the DagBag from /Users/punny/Documents/GitHub/NYC-Taxi-ETL-Pipeline/.venv/lib/python3.10/site-packages/airflow/example_dags/example_latest_only_with_trigger.py
[2024-10-21T15:11:51.924+0700] {processor.py:925} INFO - DAG(s) 'latest_only_with_trigger' retrieved from /Users/punny/Documents/GitHub/NYC-Taxi-ETL-Pipeline/.venv/lib/python3.10/site-packages/airflow/example_dags/example_latest_only_with_trigger.py
[2024-10-21T15:11:52.219+0700] {logging_mixin.py:190} INFO - [2024-10-21T15:11:52.218+0700] {dag.py:3239} INFO - Sync 1 DAGs
[2024-10-21T15:11:52.251+0700] {logging_mixin.py:190} INFO - [2024-10-21T15:11:52.250+0700] {dag.py:4180} INFO - Setting next_dagrun for latest_only_with_trigger to 2024-10-21 04:00:00+00:00, run_after=2024-10-21 08:00:00+00:00
[2024-10-21T15:11:52.283+0700] {processor.py:208} INFO - Processing /Users/punny/Documents/GitHub/NYC-Taxi-ETL-Pipeline/.venv/lib/python3.10/site-packages/airflow/example_dags/example_latest_only_with_trigger.py took 0.395 seconds
[2024-10-21T15:16:08.554+0700] {processor.py:186} INFO - Started process (PID=39784) to work on /Users/punny/Documents/GitHub/NYC-Taxi-ETL-Pipeline/.venv/lib/python3.10/site-packages/airflow/example_dags/example_latest_only_with_trigger.py
[2024-10-21T15:16:08.560+0700] {processor.py:914} INFO - Processing file /Users/punny/Documents/GitHub/NYC-Taxi-ETL-Pipeline/.venv/lib/python3.10/site-packages/airflow/example_dags/example_latest_only_with_trigger.py for tasks to queue
[2024-10-21T15:16:08.564+0700] {logging_mixin.py:190} INFO - [2024-10-21T15:16:08.563+0700] {dagbag.py:588} INFO - Filling up the DagBag from /Users/punny/Documents/GitHub/NYC-Taxi-ETL-Pipeline/.venv/lib/python3.10/site-packages/airflow/example_dags/example_latest_only_with_trigger.py
[2024-10-21T15:16:08.601+0700] {processor.py:925} INFO - DAG(s) 'latest_only_with_trigger' retrieved from /Users/punny/Documents/GitHub/NYC-Taxi-ETL-Pipeline/.venv/lib/python3.10/site-packages/airflow/example_dags/example_latest_only_with_trigger.py
[2024-10-21T15:16:09.834+0700] {logging_mixin.py:190} INFO - [2024-10-21T15:16:09.834+0700] {dag.py:3239} INFO - Sync 1 DAGs
[2024-10-21T15:16:09.879+0700] {logging_mixin.py:190} INFO - [2024-10-21T15:16:09.878+0700] {dag.py:4180} INFO - Setting next_dagrun for latest_only_with_trigger to 2024-10-21 04:00:00+00:00, run_after=2024-10-21 08:00:00+00:00
[2024-10-21T15:16:09.979+0700] {processor.py:208} INFO - Processing /Users/punny/Documents/GitHub/NYC-Taxi-ETL-Pipeline/.venv/lib/python3.10/site-packages/airflow/example_dags/example_latest_only_with_trigger.py took 1.433 seconds
[2024-10-21T15:20:31.769+0700] {processor.py:186} INFO - Started process (PID=40355) to work on /Users/punny/Documents/GitHub/NYC-Taxi-ETL-Pipeline/.venv/lib/python3.10/site-packages/airflow/example_dags/example_latest_only_with_trigger.py
[2024-10-21T15:20:31.773+0700] {processor.py:914} INFO - Processing file /Users/punny/Documents/GitHub/NYC-Taxi-ETL-Pipeline/.venv/lib/python3.10/site-packages/airflow/example_dags/example_latest_only_with_trigger.py for tasks to queue
[2024-10-21T15:20:31.775+0700] {logging_mixin.py:190} INFO - [2024-10-21T15:20:31.774+0700] {dagbag.py:588} INFO - Filling up the DagBag from /Users/punny/Documents/GitHub/NYC-Taxi-ETL-Pipeline/.venv/lib/python3.10/site-packages/airflow/example_dags/example_latest_only_with_trigger.py
[2024-10-21T15:20:31.793+0700] {processor.py:925} INFO - DAG(s) 'latest_only_with_trigger' retrieved from /Users/punny/Documents/GitHub/NYC-Taxi-ETL-Pipeline/.venv/lib/python3.10/site-packages/airflow/example_dags/example_latest_only_with_trigger.py
[2024-10-21T15:20:32.113+0700] {logging_mixin.py:190} INFO - [2024-10-21T15:20:32.112+0700] {dag.py:3239} INFO - Sync 1 DAGs
[2024-10-21T15:20:32.147+0700] {logging_mixin.py:190} INFO - [2024-10-21T15:20:32.147+0700] {dag.py:4180} INFO - Setting next_dagrun for latest_only_with_trigger to 2024-10-21 04:00:00+00:00, run_after=2024-10-21 08:00:00+00:00
[2024-10-21T15:20:32.179+0700] {processor.py:208} INFO - Processing /Users/punny/Documents/GitHub/NYC-Taxi-ETL-Pipeline/.venv/lib/python3.10/site-packages/airflow/example_dags/example_latest_only_with_trigger.py took 0.427 seconds
[2024-10-21T15:24:35.071+0700] {processor.py:186} INFO - Started process (PID=40854) to work on /Users/punny/Documents/GitHub/NYC-Taxi-ETL-Pipeline/.venv/lib/python3.10/site-packages/airflow/example_dags/example_latest_only_with_trigger.py
[2024-10-21T15:24:35.077+0700] {processor.py:914} INFO - Processing file /Users/punny/Documents/GitHub/NYC-Taxi-ETL-Pipeline/.venv/lib/python3.10/site-packages/airflow/example_dags/example_latest_only_with_trigger.py for tasks to queue
[2024-10-21T15:24:35.078+0700] {logging_mixin.py:190} INFO - [2024-10-21T15:24:35.078+0700] {dagbag.py:588} INFO - Filling up the DagBag from /Users/punny/Documents/GitHub/NYC-Taxi-ETL-Pipeline/.venv/lib/python3.10/site-packages/airflow/example_dags/example_latest_only_with_trigger.py
[2024-10-21T15:24:35.094+0700] {processor.py:925} INFO - DAG(s) 'latest_only_with_trigger' retrieved from /Users/punny/Documents/GitHub/NYC-Taxi-ETL-Pipeline/.venv/lib/python3.10/site-packages/airflow/example_dags/example_latest_only_with_trigger.py
[2024-10-21T15:24:35.368+0700] {logging_mixin.py:190} INFO - [2024-10-21T15:24:35.368+0700] {dag.py:3239} INFO - Sync 1 DAGs
[2024-10-21T15:24:35.400+0700] {logging_mixin.py:190} INFO - [2024-10-21T15:24:35.400+0700] {dag.py:4180} INFO - Setting next_dagrun for latest_only_with_trigger to 2024-10-21 04:00:00+00:00, run_after=2024-10-21 08:00:00+00:00
[2024-10-21T15:24:35.436+0700] {processor.py:208} INFO - Processing /Users/punny/Documents/GitHub/NYC-Taxi-ETL-Pipeline/.venv/lib/python3.10/site-packages/airflow/example_dags/example_latest_only_with_trigger.py took 0.375 seconds
[2024-10-21T15:28:30.487+0700] {processor.py:186} INFO - Started process (PID=41325) to work on /Users/punny/Documents/GitHub/NYC-Taxi-ETL-Pipeline/.venv/lib/python3.10/site-packages/airflow/example_dags/example_latest_only_with_trigger.py
[2024-10-21T15:28:30.491+0700] {processor.py:914} INFO - Processing file /Users/punny/Documents/GitHub/NYC-Taxi-ETL-Pipeline/.venv/lib/python3.10/site-packages/airflow/example_dags/example_latest_only_with_trigger.py for tasks to queue
[2024-10-21T15:28:30.493+0700] {logging_mixin.py:190} INFO - [2024-10-21T15:28:30.493+0700] {dagbag.py:588} INFO - Filling up the DagBag from /Users/punny/Documents/GitHub/NYC-Taxi-ETL-Pipeline/.venv/lib/python3.10/site-packages/airflow/example_dags/example_latest_only_with_trigger.py
[2024-10-21T15:28:30.510+0700] {processor.py:925} INFO - DAG(s) 'latest_only_with_trigger' retrieved from /Users/punny/Documents/GitHub/NYC-Taxi-ETL-Pipeline/.venv/lib/python3.10/site-packages/airflow/example_dags/example_latest_only_with_trigger.py
[2024-10-21T15:28:30.773+0700] {logging_mixin.py:190} INFO - [2024-10-21T15:28:30.772+0700] {dag.py:3239} INFO - Sync 1 DAGs
[2024-10-21T15:28:30.804+0700] {logging_mixin.py:190} INFO - [2024-10-21T15:28:30.804+0700] {dag.py:4180} INFO - Setting next_dagrun for latest_only_with_trigger to 2024-10-21 04:00:00+00:00, run_after=2024-10-21 08:00:00+00:00
[2024-10-21T15:28:30.832+0700] {processor.py:208} INFO - Processing /Users/punny/Documents/GitHub/NYC-Taxi-ETL-Pipeline/.venv/lib/python3.10/site-packages/airflow/example_dags/example_latest_only_with_trigger.py took 0.357 seconds
[2024-10-21T15:32:35.846+0700] {processor.py:186} INFO - Started process (PID=41873) to work on /Users/punny/Documents/GitHub/NYC-Taxi-ETL-Pipeline/.venv/lib/python3.10/site-packages/airflow/example_dags/example_latest_only_with_trigger.py
[2024-10-21T15:32:35.851+0700] {processor.py:914} INFO - Processing file /Users/punny/Documents/GitHub/NYC-Taxi-ETL-Pipeline/.venv/lib/python3.10/site-packages/airflow/example_dags/example_latest_only_with_trigger.py for tasks to queue
[2024-10-21T15:32:35.852+0700] {logging_mixin.py:190} INFO - [2024-10-21T15:32:35.852+0700] {dagbag.py:588} INFO - Filling up the DagBag from /Users/punny/Documents/GitHub/NYC-Taxi-ETL-Pipeline/.venv/lib/python3.10/site-packages/airflow/example_dags/example_latest_only_with_trigger.py
[2024-10-21T15:32:35.868+0700] {processor.py:925} INFO - DAG(s) 'latest_only_with_trigger' retrieved from /Users/punny/Documents/GitHub/NYC-Taxi-ETL-Pipeline/.venv/lib/python3.10/site-packages/airflow/example_dags/example_latest_only_with_trigger.py
[2024-10-21T15:32:36.147+0700] {logging_mixin.py:190} INFO - [2024-10-21T15:32:36.147+0700] {dag.py:3239} INFO - Sync 1 DAGs
[2024-10-21T15:32:36.179+0700] {logging_mixin.py:190} INFO - [2024-10-21T15:32:36.179+0700] {dag.py:4180} INFO - Setting next_dagrun for latest_only_with_trigger to 2024-10-21 04:00:00+00:00, run_after=2024-10-21 08:00:00+00:00
[2024-10-21T15:32:36.211+0700] {processor.py:208} INFO - Processing /Users/punny/Documents/GitHub/NYC-Taxi-ETL-Pipeline/.venv/lib/python3.10/site-packages/airflow/example_dags/example_latest_only_with_trigger.py took 0.379 seconds
[2024-10-21T15:36:31.222+0700] {processor.py:186} INFO - Started process (PID=42346) to work on /Users/punny/Documents/GitHub/NYC-Taxi-ETL-Pipeline/.venv/lib/python3.10/site-packages/airflow/example_dags/example_latest_only_with_trigger.py
[2024-10-21T15:36:31.228+0700] {processor.py:914} INFO - Processing file /Users/punny/Documents/GitHub/NYC-Taxi-ETL-Pipeline/.venv/lib/python3.10/site-packages/airflow/example_dags/example_latest_only_with_trigger.py for tasks to queue
[2024-10-21T15:36:31.229+0700] {logging_mixin.py:190} INFO - [2024-10-21T15:36:31.229+0700] {dagbag.py:588} INFO - Filling up the DagBag from /Users/punny/Documents/GitHub/NYC-Taxi-ETL-Pipeline/.venv/lib/python3.10/site-packages/airflow/example_dags/example_latest_only_with_trigger.py
[2024-10-21T15:36:31.250+0700] {processor.py:925} INFO - DAG(s) 'latest_only_with_trigger' retrieved from /Users/punny/Documents/GitHub/NYC-Taxi-ETL-Pipeline/.venv/lib/python3.10/site-packages/airflow/example_dags/example_latest_only_with_trigger.py
[2024-10-21T15:36:31.532+0700] {logging_mixin.py:190} INFO - [2024-10-21T15:36:31.531+0700] {dag.py:3239} INFO - Sync 1 DAGs
[2024-10-21T15:36:31.575+0700] {logging_mixin.py:190} INFO - [2024-10-21T15:36:31.575+0700] {dag.py:4180} INFO - Setting next_dagrun for latest_only_with_trigger to 2024-10-21 04:00:00+00:00, run_after=2024-10-21 08:00:00+00:00
[2024-10-21T15:36:31.606+0700] {processor.py:208} INFO - Processing /Users/punny/Documents/GitHub/NYC-Taxi-ETL-Pipeline/.venv/lib/python3.10/site-packages/airflow/example_dags/example_latest_only_with_trigger.py took 0.400 seconds
[2024-10-21T15:40:33.768+0700] {processor.py:186} INFO - Started process (PID=42966) to work on /Users/punny/Documents/GitHub/NYC-Taxi-ETL-Pipeline/.venv/lib/python3.10/site-packages/airflow/example_dags/example_latest_only_with_trigger.py
[2024-10-21T15:40:33.774+0700] {processor.py:914} INFO - Processing file /Users/punny/Documents/GitHub/NYC-Taxi-ETL-Pipeline/.venv/lib/python3.10/site-packages/airflow/example_dags/example_latest_only_with_trigger.py for tasks to queue
[2024-10-21T15:40:33.775+0700] {logging_mixin.py:190} INFO - [2024-10-21T15:40:33.775+0700] {dagbag.py:588} INFO - Filling up the DagBag from /Users/punny/Documents/GitHub/NYC-Taxi-ETL-Pipeline/.venv/lib/python3.10/site-packages/airflow/example_dags/example_latest_only_with_trigger.py
[2024-10-21T15:40:33.791+0700] {processor.py:925} INFO - DAG(s) 'latest_only_with_trigger' retrieved from /Users/punny/Documents/GitHub/NYC-Taxi-ETL-Pipeline/.venv/lib/python3.10/site-packages/airflow/example_dags/example_latest_only_with_trigger.py
[2024-10-21T15:40:34.108+0700] {logging_mixin.py:190} INFO - [2024-10-21T15:40:34.106+0700] {dag.py:3239} INFO - Sync 1 DAGs
[2024-10-21T15:40:34.144+0700] {logging_mixin.py:190} INFO - [2024-10-21T15:40:34.144+0700] {dag.py:4180} INFO - Setting next_dagrun for latest_only_with_trigger to 2024-10-21 04:00:00+00:00, run_after=2024-10-21 08:00:00+00:00
[2024-10-21T15:40:34.180+0700] {processor.py:208} INFO - Processing /Users/punny/Documents/GitHub/NYC-Taxi-ETL-Pipeline/.venv/lib/python3.10/site-packages/airflow/example_dags/example_latest_only_with_trigger.py took 0.424 seconds
[2024-10-21T15:44:27.108+0700] {processor.py:186} INFO - Started process (PID=43443) to work on /Users/punny/Documents/GitHub/NYC-Taxi-ETL-Pipeline/.venv/lib/python3.10/site-packages/airflow/example_dags/example_latest_only_with_trigger.py
[2024-10-21T15:44:27.114+0700] {processor.py:914} INFO - Processing file /Users/punny/Documents/GitHub/NYC-Taxi-ETL-Pipeline/.venv/lib/python3.10/site-packages/airflow/example_dags/example_latest_only_with_trigger.py for tasks to queue
[2024-10-21T15:44:27.115+0700] {logging_mixin.py:190} INFO - [2024-10-21T15:44:27.115+0700] {dagbag.py:588} INFO - Filling up the DagBag from /Users/punny/Documents/GitHub/NYC-Taxi-ETL-Pipeline/.venv/lib/python3.10/site-packages/airflow/example_dags/example_latest_only_with_trigger.py
[2024-10-21T15:44:27.132+0700] {processor.py:925} INFO - DAG(s) 'latest_only_with_trigger' retrieved from /Users/punny/Documents/GitHub/NYC-Taxi-ETL-Pipeline/.venv/lib/python3.10/site-packages/airflow/example_dags/example_latest_only_with_trigger.py
[2024-10-21T15:44:27.484+0700] {logging_mixin.py:190} INFO - [2024-10-21T15:44:27.484+0700] {dag.py:3239} INFO - Sync 1 DAGs
[2024-10-21T15:44:27.523+0700] {logging_mixin.py:190} INFO - [2024-10-21T15:44:27.522+0700] {dag.py:4180} INFO - Setting next_dagrun for latest_only_with_trigger to 2024-10-21 04:00:00+00:00, run_after=2024-10-21 08:00:00+00:00
[2024-10-21T15:44:27.560+0700] {processor.py:208} INFO - Processing /Users/punny/Documents/GitHub/NYC-Taxi-ETL-Pipeline/.venv/lib/python3.10/site-packages/airflow/example_dags/example_latest_only_with_trigger.py took 0.466 seconds
[2024-10-21T15:48:18.786+0700] {processor.py:186} INFO - Started process (PID=43906) to work on /Users/punny/Documents/GitHub/NYC-Taxi-ETL-Pipeline/.venv/lib/python3.10/site-packages/airflow/example_dags/example_latest_only_with_trigger.py
[2024-10-21T15:48:18.790+0700] {processor.py:914} INFO - Processing file /Users/punny/Documents/GitHub/NYC-Taxi-ETL-Pipeline/.venv/lib/python3.10/site-packages/airflow/example_dags/example_latest_only_with_trigger.py for tasks to queue
[2024-10-21T15:48:18.791+0700] {logging_mixin.py:190} INFO - [2024-10-21T15:48:18.791+0700] {dagbag.py:588} INFO - Filling up the DagBag from /Users/punny/Documents/GitHub/NYC-Taxi-ETL-Pipeline/.venv/lib/python3.10/site-packages/airflow/example_dags/example_latest_only_with_trigger.py
[2024-10-21T15:48:18.811+0700] {processor.py:925} INFO - DAG(s) 'latest_only_with_trigger' retrieved from /Users/punny/Documents/GitHub/NYC-Taxi-ETL-Pipeline/.venv/lib/python3.10/site-packages/airflow/example_dags/example_latest_only_with_trigger.py
[2024-10-21T15:48:19.084+0700] {logging_mixin.py:190} INFO - [2024-10-21T15:48:19.084+0700] {dag.py:3239} INFO - Sync 1 DAGs
[2024-10-21T15:48:19.124+0700] {logging_mixin.py:190} INFO - [2024-10-21T15:48:19.124+0700] {dag.py:4180} INFO - Setting next_dagrun for latest_only_with_trigger to 2024-10-21 04:00:00+00:00, run_after=2024-10-21 08:00:00+00:00
[2024-10-21T15:48:19.155+0700] {processor.py:208} INFO - Processing /Users/punny/Documents/GitHub/NYC-Taxi-ETL-Pipeline/.venv/lib/python3.10/site-packages/airflow/example_dags/example_latest_only_with_trigger.py took 0.383 seconds
[2024-10-21T15:52:18.145+0700] {processor.py:186} INFO - Started process (PID=44442) to work on /Users/punny/Documents/GitHub/NYC-Taxi-ETL-Pipeline/.venv/lib/python3.10/site-packages/airflow/example_dags/example_latest_only_with_trigger.py
[2024-10-21T15:52:18.149+0700] {processor.py:914} INFO - Processing file /Users/punny/Documents/GitHub/NYC-Taxi-ETL-Pipeline/.venv/lib/python3.10/site-packages/airflow/example_dags/example_latest_only_with_trigger.py for tasks to queue
[2024-10-21T15:52:18.150+0700] {logging_mixin.py:190} INFO - [2024-10-21T15:52:18.150+0700] {dagbag.py:588} INFO - Filling up the DagBag from /Users/punny/Documents/GitHub/NYC-Taxi-ETL-Pipeline/.venv/lib/python3.10/site-packages/airflow/example_dags/example_latest_only_with_trigger.py
[2024-10-21T15:52:18.168+0700] {processor.py:925} INFO - DAG(s) 'latest_only_with_trigger' retrieved from /Users/punny/Documents/GitHub/NYC-Taxi-ETL-Pipeline/.venv/lib/python3.10/site-packages/airflow/example_dags/example_latest_only_with_trigger.py
[2024-10-21T15:52:18.437+0700] {logging_mixin.py:190} INFO - [2024-10-21T15:52:18.437+0700] {dag.py:3239} INFO - Sync 1 DAGs
[2024-10-21T15:52:18.469+0700] {logging_mixin.py:190} INFO - [2024-10-21T15:52:18.469+0700] {dag.py:4180} INFO - Setting next_dagrun for latest_only_with_trigger to 2024-10-21 04:00:00+00:00, run_after=2024-10-21 08:00:00+00:00
[2024-10-21T15:52:18.509+0700] {processor.py:208} INFO - Processing /Users/punny/Documents/GitHub/NYC-Taxi-ETL-Pipeline/.venv/lib/python3.10/site-packages/airflow/example_dags/example_latest_only_with_trigger.py took 0.372 seconds
[2024-10-21T15:56:13.228+0700] {processor.py:186} INFO - Started process (PID=44920) to work on /Users/punny/Documents/GitHub/NYC-Taxi-ETL-Pipeline/.venv/lib/python3.10/site-packages/airflow/example_dags/example_latest_only_with_trigger.py
[2024-10-21T15:56:13.233+0700] {processor.py:914} INFO - Processing file /Users/punny/Documents/GitHub/NYC-Taxi-ETL-Pipeline/.venv/lib/python3.10/site-packages/airflow/example_dags/example_latest_only_with_trigger.py for tasks to queue
[2024-10-21T15:56:13.235+0700] {logging_mixin.py:190} INFO - [2024-10-21T15:56:13.235+0700] {dagbag.py:588} INFO - Filling up the DagBag from /Users/punny/Documents/GitHub/NYC-Taxi-ETL-Pipeline/.venv/lib/python3.10/site-packages/airflow/example_dags/example_latest_only_with_trigger.py
[2024-10-21T15:56:13.256+0700] {processor.py:925} INFO - DAG(s) 'latest_only_with_trigger' retrieved from /Users/punny/Documents/GitHub/NYC-Taxi-ETL-Pipeline/.venv/lib/python3.10/site-packages/airflow/example_dags/example_latest_only_with_trigger.py
[2024-10-21T15:56:13.658+0700] {logging_mixin.py:190} INFO - [2024-10-21T15:56:13.657+0700] {dag.py:3239} INFO - Sync 1 DAGs
[2024-10-21T15:56:13.697+0700] {logging_mixin.py:190} INFO - [2024-10-21T15:56:13.696+0700] {dag.py:4180} INFO - Setting next_dagrun for latest_only_with_trigger to 2024-10-21 04:00:00+00:00, run_after=2024-10-21 08:00:00+00:00
[2024-10-21T15:56:13.735+0700] {processor.py:208} INFO - Processing /Users/punny/Documents/GitHub/NYC-Taxi-ETL-Pipeline/.venv/lib/python3.10/site-packages/airflow/example_dags/example_latest_only_with_trigger.py took 0.515 seconds
[2024-10-21T16:00:32.722+0700] {processor.py:186} INFO - Started process (PID=45528) to work on /Users/punny/Documents/GitHub/NYC-Taxi-ETL-Pipeline/.venv/lib/python3.10/site-packages/airflow/example_dags/example_latest_only_with_trigger.py
[2024-10-21T16:00:32.728+0700] {processor.py:914} INFO - Processing file /Users/punny/Documents/GitHub/NYC-Taxi-ETL-Pipeline/.venv/lib/python3.10/site-packages/airflow/example_dags/example_latest_only_with_trigger.py for tasks to queue
[2024-10-21T16:00:32.730+0700] {logging_mixin.py:190} INFO - [2024-10-21T16:00:32.729+0700] {dagbag.py:588} INFO - Filling up the DagBag from /Users/punny/Documents/GitHub/NYC-Taxi-ETL-Pipeline/.venv/lib/python3.10/site-packages/airflow/example_dags/example_latest_only_with_trigger.py
[2024-10-21T16:00:32.749+0700] {processor.py:925} INFO - DAG(s) 'latest_only_with_trigger' retrieved from /Users/punny/Documents/GitHub/NYC-Taxi-ETL-Pipeline/.venv/lib/python3.10/site-packages/airflow/example_dags/example_latest_only_with_trigger.py
[2024-10-21T16:00:33.048+0700] {logging_mixin.py:190} INFO - [2024-10-21T16:00:33.047+0700] {dag.py:3239} INFO - Sync 1 DAGs
[2024-10-21T16:00:33.087+0700] {logging_mixin.py:190} INFO - [2024-10-21T16:00:33.087+0700] {dag.py:4180} INFO - Setting next_dagrun for latest_only_with_trigger to 2024-10-21 04:00:00+00:00, run_after=2024-10-21 08:00:00+00:00
[2024-10-21T16:00:33.133+0700] {processor.py:208} INFO - Processing /Users/punny/Documents/GitHub/NYC-Taxi-ETL-Pipeline/.venv/lib/python3.10/site-packages/airflow/example_dags/example_latest_only_with_trigger.py took 0.423 seconds
[2024-10-21T16:04:42.066+0700] {processor.py:186} INFO - Started process (PID=46048) to work on /Users/punny/Documents/GitHub/NYC-Taxi-ETL-Pipeline/.venv/lib/python3.10/site-packages/airflow/example_dags/example_latest_only_with_trigger.py
[2024-10-21T16:04:42.070+0700] {processor.py:914} INFO - Processing file /Users/punny/Documents/GitHub/NYC-Taxi-ETL-Pipeline/.venv/lib/python3.10/site-packages/airflow/example_dags/example_latest_only_with_trigger.py for tasks to queue
[2024-10-21T16:04:42.071+0700] {logging_mixin.py:190} INFO - [2024-10-21T16:04:42.071+0700] {dagbag.py:588} INFO - Filling up the DagBag from /Users/punny/Documents/GitHub/NYC-Taxi-ETL-Pipeline/.venv/lib/python3.10/site-packages/airflow/example_dags/example_latest_only_with_trigger.py
[2024-10-21T16:04:42.086+0700] {processor.py:925} INFO - DAG(s) 'latest_only_with_trigger' retrieved from /Users/punny/Documents/GitHub/NYC-Taxi-ETL-Pipeline/.venv/lib/python3.10/site-packages/airflow/example_dags/example_latest_only_with_trigger.py
[2024-10-21T16:04:42.372+0700] {logging_mixin.py:190} INFO - [2024-10-21T16:04:42.372+0700] {dag.py:3239} INFO - Sync 1 DAGs
[2024-10-21T16:04:42.408+0700] {logging_mixin.py:190} INFO - [2024-10-21T16:04:42.408+0700] {dag.py:4180} INFO - Setting next_dagrun for latest_only_with_trigger to 2024-10-21 04:00:00+00:00, run_after=2024-10-21 08:00:00+00:00
[2024-10-21T16:04:42.442+0700] {processor.py:208} INFO - Processing /Users/punny/Documents/GitHub/NYC-Taxi-ETL-Pipeline/.venv/lib/python3.10/site-packages/airflow/example_dags/example_latest_only_with_trigger.py took 0.386 seconds
[2024-10-21T20:38:36.531+0700] {processor.py:186} INFO - Started process (PID=4406) to work on /Users/punny/Documents/GitHub/NYC-Taxi-ETL-Pipeline/.venv/lib/python3.10/site-packages/airflow/example_dags/example_latest_only_with_trigger.py
[2024-10-21T20:38:36.534+0700] {processor.py:914} INFO - Processing file /Users/punny/Documents/GitHub/NYC-Taxi-ETL-Pipeline/.venv/lib/python3.10/site-packages/airflow/example_dags/example_latest_only_with_trigger.py for tasks to queue
[2024-10-21T20:38:36.535+0700] {logging_mixin.py:190} INFO - [2024-10-21T20:38:36.535+0700] {dagbag.py:588} INFO - Filling up the DagBag from /Users/punny/Documents/GitHub/NYC-Taxi-ETL-Pipeline/.venv/lib/python3.10/site-packages/airflow/example_dags/example_latest_only_with_trigger.py
[2024-10-21T20:38:36.548+0700] {processor.py:925} INFO - DAG(s) 'latest_only_with_trigger' retrieved from /Users/punny/Documents/GitHub/NYC-Taxi-ETL-Pipeline/.venv/lib/python3.10/site-packages/airflow/example_dags/example_latest_only_with_trigger.py
[2024-10-21T20:38:36.735+0700] {logging_mixin.py:190} INFO - [2024-10-21T20:38:36.734+0700] {dag.py:3239} INFO - Sync 1 DAGs
[2024-10-21T20:38:36.758+0700] {logging_mixin.py:190} INFO - [2024-10-21T20:38:36.757+0700] {dag.py:4180} INFO - Setting next_dagrun for latest_only_with_trigger to 2024-10-21 08:00:00+00:00, run_after=2024-10-21 12:00:00+00:00
[2024-10-21T20:38:36.781+0700] {processor.py:208} INFO - Processing /Users/punny/Documents/GitHub/NYC-Taxi-ETL-Pipeline/.venv/lib/python3.10/site-packages/airflow/example_dags/example_latest_only_with_trigger.py took 0.259 seconds
[2024-10-21T20:42:01.282+0700] {processor.py:186} INFO - Started process (PID=4677) to work on /Users/punny/Documents/GitHub/NYC-Taxi-ETL-Pipeline/.venv/lib/python3.10/site-packages/airflow/example_dags/example_latest_only_with_trigger.py
[2024-10-21T20:42:01.285+0700] {processor.py:914} INFO - Processing file /Users/punny/Documents/GitHub/NYC-Taxi-ETL-Pipeline/.venv/lib/python3.10/site-packages/airflow/example_dags/example_latest_only_with_trigger.py for tasks to queue
[2024-10-21T20:42:01.286+0700] {logging_mixin.py:190} INFO - [2024-10-21T20:42:01.286+0700] {dagbag.py:588} INFO - Filling up the DagBag from /Users/punny/Documents/GitHub/NYC-Taxi-ETL-Pipeline/.venv/lib/python3.10/site-packages/airflow/example_dags/example_latest_only_with_trigger.py
[2024-10-21T20:42:01.301+0700] {processor.py:925} INFO - DAG(s) 'latest_only_with_trigger' retrieved from /Users/punny/Documents/GitHub/NYC-Taxi-ETL-Pipeline/.venv/lib/python3.10/site-packages/airflow/example_dags/example_latest_only_with_trigger.py
[2024-10-21T20:42:01.551+0700] {logging_mixin.py:190} INFO - [2024-10-21T20:42:01.550+0700] {dag.py:3239} INFO - Sync 1 DAGs
[2024-10-21T20:42:01.580+0700] {logging_mixin.py:190} INFO - [2024-10-21T20:42:01.580+0700] {dag.py:4180} INFO - Setting next_dagrun for latest_only_with_trigger to 2024-10-21 08:00:00+00:00, run_after=2024-10-21 12:00:00+00:00
[2024-10-21T20:42:01.611+0700] {processor.py:208} INFO - Processing /Users/punny/Documents/GitHub/NYC-Taxi-ETL-Pipeline/.venv/lib/python3.10/site-packages/airflow/example_dags/example_latest_only_with_trigger.py took 0.338 seconds
[2024-10-21T20:46:00.204+0700] {processor.py:186} INFO - Started process (PID=5053) to work on /Users/punny/Documents/GitHub/NYC-Taxi-ETL-Pipeline/.venv/lib/python3.10/site-packages/airflow/example_dags/example_latest_only_with_trigger.py
[2024-10-21T20:46:00.207+0700] {processor.py:914} INFO - Processing file /Users/punny/Documents/GitHub/NYC-Taxi-ETL-Pipeline/.venv/lib/python3.10/site-packages/airflow/example_dags/example_latest_only_with_trigger.py for tasks to queue
[2024-10-21T20:46:00.209+0700] {logging_mixin.py:190} INFO - [2024-10-21T20:46:00.208+0700] {dagbag.py:588} INFO - Filling up the DagBag from /Users/punny/Documents/GitHub/NYC-Taxi-ETL-Pipeline/.venv/lib/python3.10/site-packages/airflow/example_dags/example_latest_only_with_trigger.py
[2024-10-21T20:46:00.222+0700] {processor.py:925} INFO - DAG(s) 'latest_only_with_trigger' retrieved from /Users/punny/Documents/GitHub/NYC-Taxi-ETL-Pipeline/.venv/lib/python3.10/site-packages/airflow/example_dags/example_latest_only_with_trigger.py
[2024-10-21T20:46:00.478+0700] {logging_mixin.py:190} INFO - [2024-10-21T20:46:00.477+0700] {dag.py:3239} INFO - Sync 1 DAGs
[2024-10-21T20:46:00.508+0700] {logging_mixin.py:190} INFO - [2024-10-21T20:46:00.507+0700] {dag.py:4180} INFO - Setting next_dagrun for latest_only_with_trigger to 2024-10-21 08:00:00+00:00, run_after=2024-10-21 12:00:00+00:00
[2024-10-21T20:46:00.543+0700] {processor.py:208} INFO - Processing /Users/punny/Documents/GitHub/NYC-Taxi-ETL-Pipeline/.venv/lib/python3.10/site-packages/airflow/example_dags/example_latest_only_with_trigger.py took 0.350 seconds
[2024-10-21T20:49:49.387+0700] {processor.py:186} INFO - Started process (PID=5427) to work on /Users/punny/Documents/GitHub/NYC-Taxi-ETL-Pipeline/.venv/lib/python3.10/site-packages/airflow/example_dags/example_latest_only_with_trigger.py
[2024-10-21T20:49:49.391+0700] {processor.py:914} INFO - Processing file /Users/punny/Documents/GitHub/NYC-Taxi-ETL-Pipeline/.venv/lib/python3.10/site-packages/airflow/example_dags/example_latest_only_with_trigger.py for tasks to queue
[2024-10-21T20:49:49.393+0700] {logging_mixin.py:190} INFO - [2024-10-21T20:49:49.393+0700] {dagbag.py:588} INFO - Filling up the DagBag from /Users/punny/Documents/GitHub/NYC-Taxi-ETL-Pipeline/.venv/lib/python3.10/site-packages/airflow/example_dags/example_latest_only_with_trigger.py
[2024-10-21T20:49:49.408+0700] {processor.py:925} INFO - DAG(s) 'latest_only_with_trigger' retrieved from /Users/punny/Documents/GitHub/NYC-Taxi-ETL-Pipeline/.venv/lib/python3.10/site-packages/airflow/example_dags/example_latest_only_with_trigger.py
[2024-10-21T20:49:49.639+0700] {logging_mixin.py:190} INFO - [2024-10-21T20:49:49.639+0700] {dag.py:3239} INFO - Sync 1 DAGs
[2024-10-21T20:49:49.665+0700] {logging_mixin.py:190} INFO - [2024-10-21T20:49:49.664+0700] {dag.py:4180} INFO - Setting next_dagrun for latest_only_with_trigger to 2024-10-21 08:00:00+00:00, run_after=2024-10-21 12:00:00+00:00
[2024-10-21T20:49:49.689+0700] {processor.py:208} INFO - Processing /Users/punny/Documents/GitHub/NYC-Taxi-ETL-Pipeline/.venv/lib/python3.10/site-packages/airflow/example_dags/example_latest_only_with_trigger.py took 0.313 seconds
[2024-10-21T20:57:46.664+0700] {processor.py:186} INFO - Started process (PID=6303) to work on /Users/punny/Documents/GitHub/NYC-Taxi-ETL-Pipeline/.venv/lib/python3.10/site-packages/airflow/example_dags/example_latest_only_with_trigger.py
[2024-10-21T20:57:46.668+0700] {processor.py:914} INFO - Processing file /Users/punny/Documents/GitHub/NYC-Taxi-ETL-Pipeline/.venv/lib/python3.10/site-packages/airflow/example_dags/example_latest_only_with_trigger.py for tasks to queue
[2024-10-21T20:57:46.670+0700] {logging_mixin.py:190} INFO - [2024-10-21T20:57:46.669+0700] {dagbag.py:588} INFO - Filling up the DagBag from /Users/punny/Documents/GitHub/NYC-Taxi-ETL-Pipeline/.venv/lib/python3.10/site-packages/airflow/example_dags/example_latest_only_with_trigger.py
[2024-10-21T20:57:46.682+0700] {processor.py:925} INFO - DAG(s) 'latest_only_with_trigger' retrieved from /Users/punny/Documents/GitHub/NYC-Taxi-ETL-Pipeline/.venv/lib/python3.10/site-packages/airflow/example_dags/example_latest_only_with_trigger.py
[2024-10-21T20:57:46.916+0700] {logging_mixin.py:190} INFO - [2024-10-21T20:57:46.915+0700] {dag.py:3239} INFO - Sync 1 DAGs
[2024-10-21T20:57:46.945+0700] {logging_mixin.py:190} INFO - [2024-10-21T20:57:46.945+0700] {dag.py:4180} INFO - Setting next_dagrun for latest_only_with_trigger to 2024-10-21 08:00:00+00:00, run_after=2024-10-21 12:00:00+00:00
[2024-10-21T20:57:46.979+0700] {processor.py:208} INFO - Processing /Users/punny/Documents/GitHub/NYC-Taxi-ETL-Pipeline/.venv/lib/python3.10/site-packages/airflow/example_dags/example_latest_only_with_trigger.py took 0.325 seconds
[2024-10-21T21:02:00.049+0700] {processor.py:186} INFO - Started process (PID=6539) to work on /Users/punny/Documents/GitHub/NYC-Taxi-ETL-Pipeline/.venv/lib/python3.10/site-packages/airflow/example_dags/example_latest_only_with_trigger.py
[2024-10-21T21:02:00.053+0700] {processor.py:914} INFO - Processing file /Users/punny/Documents/GitHub/NYC-Taxi-ETL-Pipeline/.venv/lib/python3.10/site-packages/airflow/example_dags/example_latest_only_with_trigger.py for tasks to queue
[2024-10-21T21:02:00.054+0700] {logging_mixin.py:190} INFO - [2024-10-21T21:02:00.054+0700] {dagbag.py:588} INFO - Filling up the DagBag from /Users/punny/Documents/GitHub/NYC-Taxi-ETL-Pipeline/.venv/lib/python3.10/site-packages/airflow/example_dags/example_latest_only_with_trigger.py
[2024-10-21T21:02:00.068+0700] {processor.py:925} INFO - DAG(s) 'latest_only_with_trigger' retrieved from /Users/punny/Documents/GitHub/NYC-Taxi-ETL-Pipeline/.venv/lib/python3.10/site-packages/airflow/example_dags/example_latest_only_with_trigger.py
[2024-10-21T21:02:00.306+0700] {logging_mixin.py:190} INFO - [2024-10-21T21:02:00.305+0700] {dag.py:3239} INFO - Sync 1 DAGs
[2024-10-21T21:02:00.334+0700] {logging_mixin.py:190} INFO - [2024-10-21T21:02:00.334+0700] {dag.py:4180} INFO - Setting next_dagrun for latest_only_with_trigger to 2024-10-21 08:00:00+00:00, run_after=2024-10-21 12:00:00+00:00
[2024-10-21T21:02:00.362+0700] {processor.py:208} INFO - Processing /Users/punny/Documents/GitHub/NYC-Taxi-ETL-Pipeline/.venv/lib/python3.10/site-packages/airflow/example_dags/example_latest_only_with_trigger.py took 0.322 seconds
[2024-10-21T21:05:35.401+0700] {processor.py:186} INFO - Started process (PID=6875) to work on /Users/punny/Documents/GitHub/NYC-Taxi-ETL-Pipeline/.venv/lib/python3.10/site-packages/airflow/example_dags/example_latest_only_with_trigger.py
[2024-10-21T21:05:35.404+0700] {processor.py:914} INFO - Processing file /Users/punny/Documents/GitHub/NYC-Taxi-ETL-Pipeline/.venv/lib/python3.10/site-packages/airflow/example_dags/example_latest_only_with_trigger.py for tasks to queue
[2024-10-21T21:05:35.405+0700] {logging_mixin.py:190} INFO - [2024-10-21T21:05:35.405+0700] {dagbag.py:588} INFO - Filling up the DagBag from /Users/punny/Documents/GitHub/NYC-Taxi-ETL-Pipeline/.venv/lib/python3.10/site-packages/airflow/example_dags/example_latest_only_with_trigger.py
[2024-10-21T21:05:35.416+0700] {processor.py:925} INFO - DAG(s) 'latest_only_with_trigger' retrieved from /Users/punny/Documents/GitHub/NYC-Taxi-ETL-Pipeline/.venv/lib/python3.10/site-packages/airflow/example_dags/example_latest_only_with_trigger.py
[2024-10-21T21:05:35.602+0700] {logging_mixin.py:190} INFO - [2024-10-21T21:05:35.602+0700] {dag.py:3239} INFO - Sync 1 DAGs
[2024-10-21T21:05:35.625+0700] {logging_mixin.py:190} INFO - [2024-10-21T21:05:35.624+0700] {dag.py:4180} INFO - Setting next_dagrun for latest_only_with_trigger to 2024-10-21 08:00:00+00:00, run_after=2024-10-21 12:00:00+00:00
[2024-10-21T21:05:35.646+0700] {processor.py:208} INFO - Processing /Users/punny/Documents/GitHub/NYC-Taxi-ETL-Pipeline/.venv/lib/python3.10/site-packages/airflow/example_dags/example_latest_only_with_trigger.py took 0.253 seconds
[2024-10-21T21:09:21.837+0700] {processor.py:186} INFO - Started process (PID=7141) to work on /Users/punny/Documents/GitHub/NYC-Taxi-ETL-Pipeline/.venv/lib/python3.10/site-packages/airflow/example_dags/example_latest_only_with_trigger.py
[2024-10-21T21:09:21.841+0700] {processor.py:914} INFO - Processing file /Users/punny/Documents/GitHub/NYC-Taxi-ETL-Pipeline/.venv/lib/python3.10/site-packages/airflow/example_dags/example_latest_only_with_trigger.py for tasks to queue
[2024-10-21T21:09:21.842+0700] {logging_mixin.py:190} INFO - [2024-10-21T21:09:21.842+0700] {dagbag.py:588} INFO - Filling up the DagBag from /Users/punny/Documents/GitHub/NYC-Taxi-ETL-Pipeline/.venv/lib/python3.10/site-packages/airflow/example_dags/example_latest_only_with_trigger.py
[2024-10-21T21:09:21.856+0700] {processor.py:925} INFO - DAG(s) 'latest_only_with_trigger' retrieved from /Users/punny/Documents/GitHub/NYC-Taxi-ETL-Pipeline/.venv/lib/python3.10/site-packages/airflow/example_dags/example_latest_only_with_trigger.py
[2024-10-21T21:09:22.092+0700] {logging_mixin.py:190} INFO - [2024-10-21T21:09:22.091+0700] {dag.py:3239} INFO - Sync 1 DAGs
[2024-10-21T21:09:22.117+0700] {logging_mixin.py:190} INFO - [2024-10-21T21:09:22.117+0700] {dag.py:4180} INFO - Setting next_dagrun for latest_only_with_trigger to 2024-10-21 08:00:00+00:00, run_after=2024-10-21 12:00:00+00:00
[2024-10-21T21:09:22.141+0700] {processor.py:208} INFO - Processing /Users/punny/Documents/GitHub/NYC-Taxi-ETL-Pipeline/.venv/lib/python3.10/site-packages/airflow/example_dags/example_latest_only_with_trigger.py took 0.314 seconds
[2024-10-21T21:12:18.073+0700] {processor.py:186} INFO - Started process (PID=7316) to work on /Users/punny/Documents/GitHub/NYC-Taxi-ETL-Pipeline/.venv/lib/python3.10/site-packages/airflow/example_dags/example_latest_only_with_trigger.py
[2024-10-21T21:12:18.076+0700] {processor.py:914} INFO - Processing file /Users/punny/Documents/GitHub/NYC-Taxi-ETL-Pipeline/.venv/lib/python3.10/site-packages/airflow/example_dags/example_latest_only_with_trigger.py for tasks to queue
[2024-10-21T21:12:18.077+0700] {logging_mixin.py:190} INFO - [2024-10-21T21:12:18.077+0700] {dagbag.py:588} INFO - Filling up the DagBag from /Users/punny/Documents/GitHub/NYC-Taxi-ETL-Pipeline/.venv/lib/python3.10/site-packages/airflow/example_dags/example_latest_only_with_trigger.py
[2024-10-21T21:12:18.092+0700] {processor.py:925} INFO - DAG(s) 'latest_only_with_trigger' retrieved from /Users/punny/Documents/GitHub/NYC-Taxi-ETL-Pipeline/.venv/lib/python3.10/site-packages/airflow/example_dags/example_latest_only_with_trigger.py
[2024-10-21T21:12:18.296+0700] {logging_mixin.py:190} INFO - [2024-10-21T21:12:18.296+0700] {dag.py:3239} INFO - Sync 1 DAGs
[2024-10-21T21:12:18.318+0700] {logging_mixin.py:190} INFO - [2024-10-21T21:12:18.318+0700] {dag.py:4180} INFO - Setting next_dagrun for latest_only_with_trigger to 2024-10-21 08:00:00+00:00, run_after=2024-10-21 12:00:00+00:00
[2024-10-21T21:12:18.344+0700] {processor.py:208} INFO - Processing /Users/punny/Documents/GitHub/NYC-Taxi-ETL-Pipeline/.venv/lib/python3.10/site-packages/airflow/example_dags/example_latest_only_with_trigger.py took 0.279 seconds
[2024-10-21T21:15:28.965+0700] {processor.py:186} INFO - Started process (PID=7718) to work on /Users/punny/Documents/GitHub/NYC-Taxi-ETL-Pipeline/.venv/lib/python3.10/site-packages/airflow/example_dags/example_latest_only_with_trigger.py
[2024-10-21T21:15:28.968+0700] {processor.py:914} INFO - Processing file /Users/punny/Documents/GitHub/NYC-Taxi-ETL-Pipeline/.venv/lib/python3.10/site-packages/airflow/example_dags/example_latest_only_with_trigger.py for tasks to queue
[2024-10-21T21:15:28.970+0700] {logging_mixin.py:190} INFO - [2024-10-21T21:15:28.969+0700] {dagbag.py:588} INFO - Filling up the DagBag from /Users/punny/Documents/GitHub/NYC-Taxi-ETL-Pipeline/.venv/lib/python3.10/site-packages/airflow/example_dags/example_latest_only_with_trigger.py
[2024-10-21T21:15:28.982+0700] {processor.py:925} INFO - DAG(s) 'latest_only_with_trigger' retrieved from /Users/punny/Documents/GitHub/NYC-Taxi-ETL-Pipeline/.venv/lib/python3.10/site-packages/airflow/example_dags/example_latest_only_with_trigger.py
[2024-10-21T21:15:29.194+0700] {logging_mixin.py:190} INFO - [2024-10-21T21:15:29.193+0700] {dag.py:3239} INFO - Sync 1 DAGs
[2024-10-21T21:15:29.218+0700] {logging_mixin.py:190} INFO - [2024-10-21T21:15:29.217+0700] {dag.py:4180} INFO - Setting next_dagrun for latest_only_with_trigger to 2024-10-21 08:00:00+00:00, run_after=2024-10-21 12:00:00+00:00
[2024-10-21T21:15:29.240+0700] {processor.py:208} INFO - Processing /Users/punny/Documents/GitHub/NYC-Taxi-ETL-Pipeline/.venv/lib/python3.10/site-packages/airflow/example_dags/example_latest_only_with_trigger.py took 0.282 seconds
[2024-10-21T21:18:54.522+0700] {processor.py:186} INFO - Started process (PID=7977) to work on /Users/punny/Documents/GitHub/NYC-Taxi-ETL-Pipeline/.venv/lib/python3.10/site-packages/airflow/example_dags/example_latest_only_with_trigger.py
[2024-10-21T21:18:54.525+0700] {processor.py:914} INFO - Processing file /Users/punny/Documents/GitHub/NYC-Taxi-ETL-Pipeline/.venv/lib/python3.10/site-packages/airflow/example_dags/example_latest_only_with_trigger.py for tasks to queue
[2024-10-21T21:18:54.526+0700] {logging_mixin.py:190} INFO - [2024-10-21T21:18:54.525+0700] {dagbag.py:588} INFO - Filling up the DagBag from /Users/punny/Documents/GitHub/NYC-Taxi-ETL-Pipeline/.venv/lib/python3.10/site-packages/airflow/example_dags/example_latest_only_with_trigger.py
[2024-10-21T21:18:54.538+0700] {processor.py:925} INFO - DAG(s) 'latest_only_with_trigger' retrieved from /Users/punny/Documents/GitHub/NYC-Taxi-ETL-Pipeline/.venv/lib/python3.10/site-packages/airflow/example_dags/example_latest_only_with_trigger.py
[2024-10-21T21:18:54.752+0700] {logging_mixin.py:190} INFO - [2024-10-21T21:18:54.751+0700] {dag.py:3239} INFO - Sync 1 DAGs
[2024-10-21T21:18:54.779+0700] {logging_mixin.py:190} INFO - [2024-10-21T21:18:54.779+0700] {dag.py:4180} INFO - Setting next_dagrun for latest_only_with_trigger to 2024-10-21 08:00:00+00:00, run_after=2024-10-21 12:00:00+00:00
[2024-10-21T21:18:54.808+0700] {processor.py:208} INFO - Processing /Users/punny/Documents/GitHub/NYC-Taxi-ETL-Pipeline/.venv/lib/python3.10/site-packages/airflow/example_dags/example_latest_only_with_trigger.py took 0.295 seconds
[2024-10-21T21:21:44.126+0700] {processor.py:186} INFO - Started process (PID=8133) to work on /Users/punny/Documents/GitHub/NYC-Taxi-ETL-Pipeline/.venv/lib/python3.10/site-packages/airflow/example_dags/example_latest_only_with_trigger.py
[2024-10-21T21:21:44.129+0700] {processor.py:914} INFO - Processing file /Users/punny/Documents/GitHub/NYC-Taxi-ETL-Pipeline/.venv/lib/python3.10/site-packages/airflow/example_dags/example_latest_only_with_trigger.py for tasks to queue
[2024-10-21T21:21:44.130+0700] {logging_mixin.py:190} INFO - [2024-10-21T21:21:44.130+0700] {dagbag.py:588} INFO - Filling up the DagBag from /Users/punny/Documents/GitHub/NYC-Taxi-ETL-Pipeline/.venv/lib/python3.10/site-packages/airflow/example_dags/example_latest_only_with_trigger.py
[2024-10-21T21:21:44.144+0700] {processor.py:925} INFO - DAG(s) 'latest_only_with_trigger' retrieved from /Users/punny/Documents/GitHub/NYC-Taxi-ETL-Pipeline/.venv/lib/python3.10/site-packages/airflow/example_dags/example_latest_only_with_trigger.py
[2024-10-21T21:21:44.340+0700] {logging_mixin.py:190} INFO - [2024-10-21T21:21:44.340+0700] {dag.py:3239} INFO - Sync 1 DAGs
[2024-10-21T21:21:44.363+0700] {logging_mixin.py:190} INFO - [2024-10-21T21:21:44.362+0700] {dag.py:4180} INFO - Setting next_dagrun for latest_only_with_trigger to 2024-10-21 08:00:00+00:00, run_after=2024-10-21 12:00:00+00:00
[2024-10-21T21:21:44.383+0700] {processor.py:208} INFO - Processing /Users/punny/Documents/GitHub/NYC-Taxi-ETL-Pipeline/.venv/lib/python3.10/site-packages/airflow/example_dags/example_latest_only_with_trigger.py took 0.266 seconds
[2024-10-21T21:24:41.915+0700] {processor.py:186} INFO - Started process (PID=8412) to work on /Users/punny/Documents/GitHub/NYC-Taxi-ETL-Pipeline/.venv/lib/python3.10/site-packages/airflow/example_dags/example_latest_only_with_trigger.py
[2024-10-21T21:24:41.919+0700] {processor.py:914} INFO - Processing file /Users/punny/Documents/GitHub/NYC-Taxi-ETL-Pipeline/.venv/lib/python3.10/site-packages/airflow/example_dags/example_latest_only_with_trigger.py for tasks to queue
[2024-10-21T21:24:41.921+0700] {logging_mixin.py:190} INFO - [2024-10-21T21:24:41.921+0700] {dagbag.py:588} INFO - Filling up the DagBag from /Users/punny/Documents/GitHub/NYC-Taxi-ETL-Pipeline/.venv/lib/python3.10/site-packages/airflow/example_dags/example_latest_only_with_trigger.py
[2024-10-21T21:24:41.932+0700] {processor.py:925} INFO - DAG(s) 'latest_only_with_trigger' retrieved from /Users/punny/Documents/GitHub/NYC-Taxi-ETL-Pipeline/.venv/lib/python3.10/site-packages/airflow/example_dags/example_latest_only_with_trigger.py
[2024-10-21T21:24:42.132+0700] {logging_mixin.py:190} INFO - [2024-10-21T21:24:42.131+0700] {dag.py:3239} INFO - Sync 1 DAGs
[2024-10-21T21:24:42.154+0700] {logging_mixin.py:190} INFO - [2024-10-21T21:24:42.154+0700] {dag.py:4180} INFO - Setting next_dagrun for latest_only_with_trigger to 2024-10-21 08:00:00+00:00, run_after=2024-10-21 12:00:00+00:00
[2024-10-21T21:24:42.175+0700] {processor.py:208} INFO - Processing /Users/punny/Documents/GitHub/NYC-Taxi-ETL-Pipeline/.venv/lib/python3.10/site-packages/airflow/example_dags/example_latest_only_with_trigger.py took 0.268 seconds
[2024-10-21T21:28:14.576+0700] {processor.py:186} INFO - Started process (PID=8765) to work on /Users/punny/Documents/GitHub/NYC-Taxi-ETL-Pipeline/.venv/lib/python3.10/site-packages/airflow/example_dags/example_latest_only_with_trigger.py
[2024-10-21T21:28:14.579+0700] {processor.py:914} INFO - Processing file /Users/punny/Documents/GitHub/NYC-Taxi-ETL-Pipeline/.venv/lib/python3.10/site-packages/airflow/example_dags/example_latest_only_with_trigger.py for tasks to queue
[2024-10-21T21:28:14.580+0700] {logging_mixin.py:190} INFO - [2024-10-21T21:28:14.580+0700] {dagbag.py:588} INFO - Filling up the DagBag from /Users/punny/Documents/GitHub/NYC-Taxi-ETL-Pipeline/.venv/lib/python3.10/site-packages/airflow/example_dags/example_latest_only_with_trigger.py
[2024-10-21T21:28:14.590+0700] {processor.py:925} INFO - DAG(s) 'latest_only_with_trigger' retrieved from /Users/punny/Documents/GitHub/NYC-Taxi-ETL-Pipeline/.venv/lib/python3.10/site-packages/airflow/example_dags/example_latest_only_with_trigger.py
[2024-10-21T21:28:14.775+0700] {logging_mixin.py:190} INFO - [2024-10-21T21:28:14.775+0700] {dag.py:3239} INFO - Sync 1 DAGs
[2024-10-21T21:28:14.797+0700] {logging_mixin.py:190} INFO - [2024-10-21T21:28:14.796+0700] {dag.py:4180} INFO - Setting next_dagrun for latest_only_with_trigger to 2024-10-21 08:00:00+00:00, run_after=2024-10-21 12:00:00+00:00
[2024-10-21T21:28:14.817+0700] {processor.py:208} INFO - Processing /Users/punny/Documents/GitHub/NYC-Taxi-ETL-Pipeline/.venv/lib/python3.10/site-packages/airflow/example_dags/example_latest_only_with_trigger.py took 0.250 seconds
[2024-10-21T21:31:09.336+0700] {processor.py:186} INFO - Started process (PID=9003) to work on /Users/punny/Documents/GitHub/NYC-Taxi-ETL-Pipeline/.venv/lib/python3.10/site-packages/airflow/example_dags/example_latest_only_with_trigger.py
[2024-10-21T21:31:09.339+0700] {processor.py:914} INFO - Processing file /Users/punny/Documents/GitHub/NYC-Taxi-ETL-Pipeline/.venv/lib/python3.10/site-packages/airflow/example_dags/example_latest_only_with_trigger.py for tasks to queue
[2024-10-21T21:31:09.340+0700] {logging_mixin.py:190} INFO - [2024-10-21T21:31:09.339+0700] {dagbag.py:588} INFO - Filling up the DagBag from /Users/punny/Documents/GitHub/NYC-Taxi-ETL-Pipeline/.venv/lib/python3.10/site-packages/airflow/example_dags/example_latest_only_with_trigger.py
[2024-10-21T21:31:09.350+0700] {processor.py:925} INFO - DAG(s) 'latest_only_with_trigger' retrieved from /Users/punny/Documents/GitHub/NYC-Taxi-ETL-Pipeline/.venv/lib/python3.10/site-packages/airflow/example_dags/example_latest_only_with_trigger.py
[2024-10-21T21:31:09.524+0700] {logging_mixin.py:190} INFO - [2024-10-21T21:31:09.523+0700] {dag.py:3239} INFO - Sync 1 DAGs
[2024-10-21T21:31:09.545+0700] {logging_mixin.py:190} INFO - [2024-10-21T21:31:09.545+0700] {dag.py:4180} INFO - Setting next_dagrun for latest_only_with_trigger to 2024-10-21 08:00:00+00:00, run_after=2024-10-21 12:00:00+00:00
[2024-10-21T21:31:09.565+0700] {processor.py:208} INFO - Processing /Users/punny/Documents/GitHub/NYC-Taxi-ETL-Pipeline/.venv/lib/python3.10/site-packages/airflow/example_dags/example_latest_only_with_trigger.py took 0.234 seconds
[2024-10-21T21:34:00.876+0700] {processor.py:186} INFO - Started process (PID=9198) to work on /Users/punny/Documents/GitHub/NYC-Taxi-ETL-Pipeline/.venv/lib/python3.10/site-packages/airflow/example_dags/example_latest_only_with_trigger.py
[2024-10-21T21:34:00.881+0700] {processor.py:914} INFO - Processing file /Users/punny/Documents/GitHub/NYC-Taxi-ETL-Pipeline/.venv/lib/python3.10/site-packages/airflow/example_dags/example_latest_only_with_trigger.py for tasks to queue
[2024-10-21T21:34:00.883+0700] {logging_mixin.py:190} INFO - [2024-10-21T21:34:00.882+0700] {dagbag.py:588} INFO - Filling up the DagBag from /Users/punny/Documents/GitHub/NYC-Taxi-ETL-Pipeline/.venv/lib/python3.10/site-packages/airflow/example_dags/example_latest_only_with_trigger.py
[2024-10-21T21:34:00.893+0700] {processor.py:925} INFO - DAG(s) 'latest_only_with_trigger' retrieved from /Users/punny/Documents/GitHub/NYC-Taxi-ETL-Pipeline/.venv/lib/python3.10/site-packages/airflow/example_dags/example_latest_only_with_trigger.py
[2024-10-21T21:34:01.073+0700] {logging_mixin.py:190} INFO - [2024-10-21T21:34:01.073+0700] {dag.py:3239} INFO - Sync 1 DAGs
[2024-10-21T21:34:01.095+0700] {logging_mixin.py:190} INFO - [2024-10-21T21:34:01.095+0700] {dag.py:4180} INFO - Setting next_dagrun for latest_only_with_trigger to 2024-10-21 08:00:00+00:00, run_after=2024-10-21 12:00:00+00:00
[2024-10-21T21:34:01.115+0700] {processor.py:208} INFO - Processing /Users/punny/Documents/GitHub/NYC-Taxi-ETL-Pipeline/.venv/lib/python3.10/site-packages/airflow/example_dags/example_latest_only_with_trigger.py took 0.248 seconds
[2024-10-21T21:36:56.021+0700] {processor.py:186} INFO - Started process (PID=9449) to work on /Users/punny/Documents/GitHub/NYC-Taxi-ETL-Pipeline/.venv/lib/python3.10/site-packages/airflow/example_dags/example_latest_only_with_trigger.py
[2024-10-21T21:36:56.023+0700] {processor.py:914} INFO - Processing file /Users/punny/Documents/GitHub/NYC-Taxi-ETL-Pipeline/.venv/lib/python3.10/site-packages/airflow/example_dags/example_latest_only_with_trigger.py for tasks to queue
[2024-10-21T21:36:56.024+0700] {logging_mixin.py:190} INFO - [2024-10-21T21:36:56.024+0700] {dagbag.py:588} INFO - Filling up the DagBag from /Users/punny/Documents/GitHub/NYC-Taxi-ETL-Pipeline/.venv/lib/python3.10/site-packages/airflow/example_dags/example_latest_only_with_trigger.py
[2024-10-21T21:36:56.034+0700] {processor.py:925} INFO - DAG(s) 'latest_only_with_trigger' retrieved from /Users/punny/Documents/GitHub/NYC-Taxi-ETL-Pipeline/.venv/lib/python3.10/site-packages/airflow/example_dags/example_latest_only_with_trigger.py
[2024-10-21T21:36:56.216+0700] {logging_mixin.py:190} INFO - [2024-10-21T21:36:56.216+0700] {dag.py:3239} INFO - Sync 1 DAGs
[2024-10-21T21:36:56.237+0700] {logging_mixin.py:190} INFO - [2024-10-21T21:36:56.237+0700] {dag.py:4180} INFO - Setting next_dagrun for latest_only_with_trigger to 2024-10-21 08:00:00+00:00, run_after=2024-10-21 12:00:00+00:00
[2024-10-21T21:36:56.258+0700] {processor.py:208} INFO - Processing /Users/punny/Documents/GitHub/NYC-Taxi-ETL-Pipeline/.venv/lib/python3.10/site-packages/airflow/example_dags/example_latest_only_with_trigger.py took 0.247 seconds
[2024-10-21T21:41:10.150+0700] {processor.py:186} INFO - Started process (PID=9896) to work on /Users/punny/Documents/GitHub/NYC-Taxi-ETL-Pipeline/.venv/lib/python3.10/site-packages/airflow/example_dags/example_latest_only_with_trigger.py
[2024-10-21T21:41:10.154+0700] {processor.py:914} INFO - Processing file /Users/punny/Documents/GitHub/NYC-Taxi-ETL-Pipeline/.venv/lib/python3.10/site-packages/airflow/example_dags/example_latest_only_with_trigger.py for tasks to queue
[2024-10-21T21:41:10.155+0700] {logging_mixin.py:190} INFO - [2024-10-21T21:41:10.155+0700] {dagbag.py:588} INFO - Filling up the DagBag from /Users/punny/Documents/GitHub/NYC-Taxi-ETL-Pipeline/.venv/lib/python3.10/site-packages/airflow/example_dags/example_latest_only_with_trigger.py
[2024-10-21T21:41:10.165+0700] {processor.py:925} INFO - DAG(s) 'latest_only_with_trigger' retrieved from /Users/punny/Documents/GitHub/NYC-Taxi-ETL-Pipeline/.venv/lib/python3.10/site-packages/airflow/example_dags/example_latest_only_with_trigger.py
[2024-10-21T21:41:10.348+0700] {logging_mixin.py:190} INFO - [2024-10-21T21:41:10.347+0700] {dag.py:3239} INFO - Sync 1 DAGs
[2024-10-21T21:41:10.370+0700] {logging_mixin.py:190} INFO - [2024-10-21T21:41:10.370+0700] {dag.py:4180} INFO - Setting next_dagrun for latest_only_with_trigger to 2024-10-21 08:00:00+00:00, run_after=2024-10-21 12:00:00+00:00
[2024-10-21T21:41:10.391+0700] {processor.py:208} INFO - Processing /Users/punny/Documents/GitHub/NYC-Taxi-ETL-Pipeline/.venv/lib/python3.10/site-packages/airflow/example_dags/example_latest_only_with_trigger.py took 0.249 seconds
[2024-10-21T21:44:38.226+0700] {processor.py:186} INFO - Started process (PID=10201) to work on /Users/punny/Documents/GitHub/NYC-Taxi-ETL-Pipeline/.venv/lib/python3.10/site-packages/airflow/example_dags/example_latest_only_with_trigger.py
[2024-10-21T21:44:38.231+0700] {processor.py:914} INFO - Processing file /Users/punny/Documents/GitHub/NYC-Taxi-ETL-Pipeline/.venv/lib/python3.10/site-packages/airflow/example_dags/example_latest_only_with_trigger.py for tasks to queue
[2024-10-21T21:44:38.232+0700] {logging_mixin.py:190} INFO - [2024-10-21T21:44:38.232+0700] {dagbag.py:588} INFO - Filling up the DagBag from /Users/punny/Documents/GitHub/NYC-Taxi-ETL-Pipeline/.venv/lib/python3.10/site-packages/airflow/example_dags/example_latest_only_with_trigger.py
[2024-10-21T21:44:38.243+0700] {processor.py:925} INFO - DAG(s) 'latest_only_with_trigger' retrieved from /Users/punny/Documents/GitHub/NYC-Taxi-ETL-Pipeline/.venv/lib/python3.10/site-packages/airflow/example_dags/example_latest_only_with_trigger.py
[2024-10-21T21:44:38.448+0700] {logging_mixin.py:190} INFO - [2024-10-21T21:44:38.447+0700] {dag.py:3239} INFO - Sync 1 DAGs
[2024-10-21T21:44:38.472+0700] {logging_mixin.py:190} INFO - [2024-10-21T21:44:38.472+0700] {dag.py:4180} INFO - Setting next_dagrun for latest_only_with_trigger to 2024-10-21 08:00:00+00:00, run_after=2024-10-21 12:00:00+00:00
[2024-10-21T21:44:38.494+0700] {processor.py:208} INFO - Processing /Users/punny/Documents/GitHub/NYC-Taxi-ETL-Pipeline/.venv/lib/python3.10/site-packages/airflow/example_dags/example_latest_only_with_trigger.py took 0.278 seconds
[2024-10-21T21:47:45.783+0700] {processor.py:186} INFO - Started process (PID=10514) to work on /Users/punny/Documents/GitHub/NYC-Taxi-ETL-Pipeline/.venv/lib/python3.10/site-packages/airflow/example_dags/example_latest_only_with_trigger.py
[2024-10-21T21:47:45.787+0700] {processor.py:914} INFO - Processing file /Users/punny/Documents/GitHub/NYC-Taxi-ETL-Pipeline/.venv/lib/python3.10/site-packages/airflow/example_dags/example_latest_only_with_trigger.py for tasks to queue
[2024-10-21T21:47:45.789+0700] {logging_mixin.py:190} INFO - [2024-10-21T21:47:45.788+0700] {dagbag.py:588} INFO - Filling up the DagBag from /Users/punny/Documents/GitHub/NYC-Taxi-ETL-Pipeline/.venv/lib/python3.10/site-packages/airflow/example_dags/example_latest_only_with_trigger.py
[2024-10-21T21:47:45.799+0700] {processor.py:925} INFO - DAG(s) 'latest_only_with_trigger' retrieved from /Users/punny/Documents/GitHub/NYC-Taxi-ETL-Pipeline/.venv/lib/python3.10/site-packages/airflow/example_dags/example_latest_only_with_trigger.py
[2024-10-21T21:47:45.994+0700] {logging_mixin.py:190} INFO - [2024-10-21T21:47:45.994+0700] {dag.py:3239} INFO - Sync 1 DAGs
[2024-10-21T21:47:46.016+0700] {logging_mixin.py:190} INFO - [2024-10-21T21:47:46.016+0700] {dag.py:4180} INFO - Setting next_dagrun for latest_only_with_trigger to 2024-10-21 08:00:00+00:00, run_after=2024-10-21 12:00:00+00:00
[2024-10-21T21:47:46.038+0700] {processor.py:208} INFO - Processing /Users/punny/Documents/GitHub/NYC-Taxi-ETL-Pipeline/.venv/lib/python3.10/site-packages/airflow/example_dags/example_latest_only_with_trigger.py took 0.263 seconds
[2024-10-21T21:52:12.477+0700] {processor.py:186} INFO - Started process (PID=10841) to work on /Users/punny/Documents/GitHub/NYC-Taxi-ETL-Pipeline/.venv/lib/python3.10/site-packages/airflow/example_dags/example_latest_only_with_trigger.py
[2024-10-21T21:52:12.480+0700] {processor.py:914} INFO - Processing file /Users/punny/Documents/GitHub/NYC-Taxi-ETL-Pipeline/.venv/lib/python3.10/site-packages/airflow/example_dags/example_latest_only_with_trigger.py for tasks to queue
[2024-10-21T21:52:12.481+0700] {logging_mixin.py:190} INFO - [2024-10-21T21:52:12.481+0700] {dagbag.py:588} INFO - Filling up the DagBag from /Users/punny/Documents/GitHub/NYC-Taxi-ETL-Pipeline/.venv/lib/python3.10/site-packages/airflow/example_dags/example_latest_only_with_trigger.py
[2024-10-21T21:52:12.493+0700] {processor.py:925} INFO - DAG(s) 'latest_only_with_trigger' retrieved from /Users/punny/Documents/GitHub/NYC-Taxi-ETL-Pipeline/.venv/lib/python3.10/site-packages/airflow/example_dags/example_latest_only_with_trigger.py
[2024-10-21T21:52:12.683+0700] {logging_mixin.py:190} INFO - [2024-10-21T21:52:12.683+0700] {dag.py:3239} INFO - Sync 1 DAGs
[2024-10-21T21:52:12.705+0700] {logging_mixin.py:190} INFO - [2024-10-21T21:52:12.705+0700] {dag.py:4180} INFO - Setting next_dagrun for latest_only_with_trigger to 2024-10-21 08:00:00+00:00, run_after=2024-10-21 12:00:00+00:00
[2024-10-21T21:52:12.726+0700] {processor.py:208} INFO - Processing /Users/punny/Documents/GitHub/NYC-Taxi-ETL-Pipeline/.venv/lib/python3.10/site-packages/airflow/example_dags/example_latest_only_with_trigger.py took 0.258 seconds
[2024-10-21T21:57:01.338+0700] {processor.py:186} INFO - Started process (PID=11427) to work on /Users/punny/Documents/GitHub/NYC-Taxi-ETL-Pipeline/.venv/lib/python3.10/site-packages/airflow/example_dags/example_latest_only_with_trigger.py
[2024-10-21T21:57:01.342+0700] {processor.py:914} INFO - Processing file /Users/punny/Documents/GitHub/NYC-Taxi-ETL-Pipeline/.venv/lib/python3.10/site-packages/airflow/example_dags/example_latest_only_with_trigger.py for tasks to queue
[2024-10-21T21:57:01.344+0700] {logging_mixin.py:190} INFO - [2024-10-21T21:57:01.343+0700] {dagbag.py:588} INFO - Filling up the DagBag from /Users/punny/Documents/GitHub/NYC-Taxi-ETL-Pipeline/.venv/lib/python3.10/site-packages/airflow/example_dags/example_latest_only_with_trigger.py
[2024-10-21T21:57:01.354+0700] {processor.py:925} INFO - DAG(s) 'latest_only_with_trigger' retrieved from /Users/punny/Documents/GitHub/NYC-Taxi-ETL-Pipeline/.venv/lib/python3.10/site-packages/airflow/example_dags/example_latest_only_with_trigger.py
[2024-10-21T21:57:01.547+0700] {logging_mixin.py:190} INFO - [2024-10-21T21:57:01.547+0700] {dag.py:3239} INFO - Sync 1 DAGs
[2024-10-21T21:57:01.571+0700] {logging_mixin.py:190} INFO - [2024-10-21T21:57:01.571+0700] {dag.py:4180} INFO - Setting next_dagrun for latest_only_with_trigger to 2024-10-21 08:00:00+00:00, run_after=2024-10-21 12:00:00+00:00
[2024-10-21T21:57:01.594+0700] {processor.py:208} INFO - Processing /Users/punny/Documents/GitHub/NYC-Taxi-ETL-Pipeline/.venv/lib/python3.10/site-packages/airflow/example_dags/example_latest_only_with_trigger.py took 0.267 seconds
[2024-10-21T22:00:38.487+0700] {processor.py:186} INFO - Started process (PID=11814) to work on /Users/punny/Documents/GitHub/NYC-Taxi-ETL-Pipeline/.venv/lib/python3.10/site-packages/airflow/example_dags/example_latest_only_with_trigger.py
[2024-10-21T22:00:38.490+0700] {processor.py:914} INFO - Processing file /Users/punny/Documents/GitHub/NYC-Taxi-ETL-Pipeline/.venv/lib/python3.10/site-packages/airflow/example_dags/example_latest_only_with_trigger.py for tasks to queue
[2024-10-21T22:00:38.492+0700] {logging_mixin.py:190} INFO - [2024-10-21T22:00:38.491+0700] {dagbag.py:588} INFO - Filling up the DagBag from /Users/punny/Documents/GitHub/NYC-Taxi-ETL-Pipeline/.venv/lib/python3.10/site-packages/airflow/example_dags/example_latest_only_with_trigger.py
[2024-10-21T22:00:38.501+0700] {processor.py:925} INFO - DAG(s) 'latest_only_with_trigger' retrieved from /Users/punny/Documents/GitHub/NYC-Taxi-ETL-Pipeline/.venv/lib/python3.10/site-packages/airflow/example_dags/example_latest_only_with_trigger.py
[2024-10-21T22:00:38.685+0700] {logging_mixin.py:190} INFO - [2024-10-21T22:00:38.684+0700] {dag.py:3239} INFO - Sync 1 DAGs
[2024-10-21T22:00:38.707+0700] {logging_mixin.py:190} INFO - [2024-10-21T22:00:38.707+0700] {dag.py:4180} INFO - Setting next_dagrun for latest_only_with_trigger to 2024-10-21 08:00:00+00:00, run_after=2024-10-21 12:00:00+00:00
[2024-10-21T22:00:38.729+0700] {processor.py:208} INFO - Processing /Users/punny/Documents/GitHub/NYC-Taxi-ETL-Pipeline/.venv/lib/python3.10/site-packages/airflow/example_dags/example_latest_only_with_trigger.py took 0.249 seconds
[2024-10-21T22:17:38.666+0700] {processor.py:186} INFO - Started process (PID=12107) to work on /Users/punny/Documents/GitHub/NYC-Taxi-ETL-Pipeline/.venv/lib/python3.10/site-packages/airflow/example_dags/example_latest_only_with_trigger.py
[2024-10-21T22:17:38.669+0700] {processor.py:914} INFO - Processing file /Users/punny/Documents/GitHub/NYC-Taxi-ETL-Pipeline/.venv/lib/python3.10/site-packages/airflow/example_dags/example_latest_only_with_trigger.py for tasks to queue
[2024-10-21T22:17:38.670+0700] {logging_mixin.py:190} INFO - [2024-10-21T22:17:38.670+0700] {dagbag.py:588} INFO - Filling up the DagBag from /Users/punny/Documents/GitHub/NYC-Taxi-ETL-Pipeline/.venv/lib/python3.10/site-packages/airflow/example_dags/example_latest_only_with_trigger.py
[2024-10-21T22:17:38.681+0700] {processor.py:925} INFO - DAG(s) 'latest_only_with_trigger' retrieved from /Users/punny/Documents/GitHub/NYC-Taxi-ETL-Pipeline/.venv/lib/python3.10/site-packages/airflow/example_dags/example_latest_only_with_trigger.py
[2024-10-21T22:17:38.856+0700] {logging_mixin.py:190} INFO - [2024-10-21T22:17:38.855+0700] {dag.py:3239} INFO - Sync 1 DAGs
[2024-10-21T22:17:38.882+0700] {logging_mixin.py:190} INFO - [2024-10-21T22:17:38.881+0700] {dag.py:4180} INFO - Setting next_dagrun for latest_only_with_trigger to 2024-10-21 08:00:00+00:00, run_after=2024-10-21 12:00:00+00:00
[2024-10-21T22:17:38.903+0700] {processor.py:208} INFO - Processing /Users/punny/Documents/GitHub/NYC-Taxi-ETL-Pipeline/.venv/lib/python3.10/site-packages/airflow/example_dags/example_latest_only_with_trigger.py took 0.244 seconds
[2024-10-21T22:21:19.336+0700] {processor.py:186} INFO - Started process (PID=12528) to work on /Users/punny/Documents/GitHub/NYC-Taxi-ETL-Pipeline/.venv/lib/python3.10/site-packages/airflow/example_dags/example_latest_only_with_trigger.py
[2024-10-21T22:21:19.347+0700] {processor.py:914} INFO - Processing file /Users/punny/Documents/GitHub/NYC-Taxi-ETL-Pipeline/.venv/lib/python3.10/site-packages/airflow/example_dags/example_latest_only_with_trigger.py for tasks to queue
[2024-10-21T22:21:19.349+0700] {logging_mixin.py:190} INFO - [2024-10-21T22:21:19.349+0700] {dagbag.py:588} INFO - Filling up the DagBag from /Users/punny/Documents/GitHub/NYC-Taxi-ETL-Pipeline/.venv/lib/python3.10/site-packages/airflow/example_dags/example_latest_only_with_trigger.py
[2024-10-21T22:21:19.381+0700] {processor.py:925} INFO - DAG(s) 'latest_only_with_trigger' retrieved from /Users/punny/Documents/GitHub/NYC-Taxi-ETL-Pipeline/.venv/lib/python3.10/site-packages/airflow/example_dags/example_latest_only_with_trigger.py
[2024-10-21T22:21:19.736+0700] {logging_mixin.py:190} INFO - [2024-10-21T22:21:19.735+0700] {dag.py:3239} INFO - Sync 1 DAGs
[2024-10-21T22:21:19.765+0700] {logging_mixin.py:190} INFO - [2024-10-21T22:21:19.765+0700] {dag.py:4180} INFO - Setting next_dagrun for latest_only_with_trigger to 2024-10-21 08:00:00+00:00, run_after=2024-10-21 12:00:00+00:00
[2024-10-21T22:21:19.791+0700] {processor.py:208} INFO - Processing /Users/punny/Documents/GitHub/NYC-Taxi-ETL-Pipeline/.venv/lib/python3.10/site-packages/airflow/example_dags/example_latest_only_with_trigger.py took 0.464 seconds
[2024-10-21T22:26:23.823+0700] {processor.py:186} INFO - Started process (PID=13372) to work on /Users/punny/Documents/GitHub/NYC-Taxi-ETL-Pipeline/.venv/lib/python3.10/site-packages/airflow/example_dags/example_latest_only_with_trigger.py
[2024-10-21T22:26:23.826+0700] {processor.py:914} INFO - Processing file /Users/punny/Documents/GitHub/NYC-Taxi-ETL-Pipeline/.venv/lib/python3.10/site-packages/airflow/example_dags/example_latest_only_with_trigger.py for tasks to queue
[2024-10-21T22:26:23.828+0700] {logging_mixin.py:190} INFO - [2024-10-21T22:26:23.828+0700] {dagbag.py:588} INFO - Filling up the DagBag from /Users/punny/Documents/GitHub/NYC-Taxi-ETL-Pipeline/.venv/lib/python3.10/site-packages/airflow/example_dags/example_latest_only_with_trigger.py
[2024-10-21T22:26:23.839+0700] {processor.py:925} INFO - DAG(s) 'latest_only_with_trigger' retrieved from /Users/punny/Documents/GitHub/NYC-Taxi-ETL-Pipeline/.venv/lib/python3.10/site-packages/airflow/example_dags/example_latest_only_with_trigger.py
[2024-10-21T22:26:24.025+0700] {logging_mixin.py:190} INFO - [2024-10-21T22:26:24.025+0700] {dag.py:3239} INFO - Sync 1 DAGs
[2024-10-21T22:26:24.047+0700] {logging_mixin.py:190} INFO - [2024-10-21T22:26:24.047+0700] {dag.py:4180} INFO - Setting next_dagrun for latest_only_with_trigger to 2024-10-21 08:00:00+00:00, run_after=2024-10-21 12:00:00+00:00
[2024-10-21T22:26:24.068+0700] {processor.py:208} INFO - Processing /Users/punny/Documents/GitHub/NYC-Taxi-ETL-Pipeline/.venv/lib/python3.10/site-packages/airflow/example_dags/example_latest_only_with_trigger.py took 0.254 seconds
[2024-10-21T22:29:33.980+0700] {processor.py:186} INFO - Started process (PID=13611) to work on /Users/punny/Documents/GitHub/NYC-Taxi-ETL-Pipeline/.venv/lib/python3.10/site-packages/airflow/example_dags/example_latest_only_with_trigger.py
[2024-10-21T22:29:33.983+0700] {processor.py:914} INFO - Processing file /Users/punny/Documents/GitHub/NYC-Taxi-ETL-Pipeline/.venv/lib/python3.10/site-packages/airflow/example_dags/example_latest_only_with_trigger.py for tasks to queue
[2024-10-21T22:29:33.984+0700] {logging_mixin.py:190} INFO - [2024-10-21T22:29:33.983+0700] {dagbag.py:588} INFO - Filling up the DagBag from /Users/punny/Documents/GitHub/NYC-Taxi-ETL-Pipeline/.venv/lib/python3.10/site-packages/airflow/example_dags/example_latest_only_with_trigger.py
[2024-10-21T22:29:33.994+0700] {processor.py:925} INFO - DAG(s) 'latest_only_with_trigger' retrieved from /Users/punny/Documents/GitHub/NYC-Taxi-ETL-Pipeline/.venv/lib/python3.10/site-packages/airflow/example_dags/example_latest_only_with_trigger.py
[2024-10-21T22:29:34.189+0700] {logging_mixin.py:190} INFO - [2024-10-21T22:29:34.188+0700] {dag.py:3239} INFO - Sync 1 DAGs
[2024-10-21T22:29:34.212+0700] {logging_mixin.py:190} INFO - [2024-10-21T22:29:34.212+0700] {dag.py:4180} INFO - Setting next_dagrun for latest_only_with_trigger to 2024-10-21 08:00:00+00:00, run_after=2024-10-21 12:00:00+00:00
[2024-10-21T22:29:34.233+0700] {processor.py:208} INFO - Processing /Users/punny/Documents/GitHub/NYC-Taxi-ETL-Pipeline/.venv/lib/python3.10/site-packages/airflow/example_dags/example_latest_only_with_trigger.py took 0.261 seconds
[2024-10-21T22:32:25.540+0700] {processor.py:186} INFO - Started process (PID=13766) to work on /Users/punny/Documents/GitHub/NYC-Taxi-ETL-Pipeline/.venv/lib/python3.10/site-packages/airflow/example_dags/example_latest_only_with_trigger.py
[2024-10-21T22:32:25.543+0700] {processor.py:914} INFO - Processing file /Users/punny/Documents/GitHub/NYC-Taxi-ETL-Pipeline/.venv/lib/python3.10/site-packages/airflow/example_dags/example_latest_only_with_trigger.py for tasks to queue
[2024-10-21T22:32:25.544+0700] {logging_mixin.py:190} INFO - [2024-10-21T22:32:25.543+0700] {dagbag.py:588} INFO - Filling up the DagBag from /Users/punny/Documents/GitHub/NYC-Taxi-ETL-Pipeline/.venv/lib/python3.10/site-packages/airflow/example_dags/example_latest_only_with_trigger.py
[2024-10-21T22:32:25.555+0700] {processor.py:925} INFO - DAG(s) 'latest_only_with_trigger' retrieved from /Users/punny/Documents/GitHub/NYC-Taxi-ETL-Pipeline/.venv/lib/python3.10/site-packages/airflow/example_dags/example_latest_only_with_trigger.py
[2024-10-21T22:32:25.735+0700] {logging_mixin.py:190} INFO - [2024-10-21T22:32:25.735+0700] {dag.py:3239} INFO - Sync 1 DAGs
[2024-10-21T22:32:25.757+0700] {logging_mixin.py:190} INFO - [2024-10-21T22:32:25.757+0700] {dag.py:4180} INFO - Setting next_dagrun for latest_only_with_trigger to 2024-10-21 08:00:00+00:00, run_after=2024-10-21 12:00:00+00:00
[2024-10-21T22:32:25.778+0700] {processor.py:208} INFO - Processing /Users/punny/Documents/GitHub/NYC-Taxi-ETL-Pipeline/.venv/lib/python3.10/site-packages/airflow/example_dags/example_latest_only_with_trigger.py took 0.246 seconds
