[2024-10-21T12:22:26.608+0700] {processor.py:186} INFO - Started process (PID=34073) to work on /Users/punny/Documents/GitHub/NYC-Taxi-ETL-Pipeline/.venv/lib/python3.10/site-packages/airflow/example_dags/example_time_delta_sensor_async.py
[2024-10-21T12:22:26.612+0700] {processor.py:914} INFO - Processing file /Users/punny/Documents/GitHub/NYC-Taxi-ETL-Pipeline/.venv/lib/python3.10/site-packages/airflow/example_dags/example_time_delta_sensor_async.py for tasks to queue
[2024-10-21T12:22:26.614+0700] {logging_mixin.py:190} INFO - [2024-10-21T12:22:26.614+0700] {dagbag.py:588} INFO - Filling up the DagBag from /Users/punny/Documents/GitHub/NYC-Taxi-ETL-Pipeline/.venv/lib/python3.10/site-packages/airflow/example_dags/example_time_delta_sensor_async.py
[2024-10-21T12:22:26.633+0700] {processor.py:925} INFO - DAG(s) 'example_time_delta_sensor_async' retrieved from /Users/punny/Documents/GitHub/NYC-Taxi-ETL-Pipeline/.venv/lib/python3.10/site-packages/airflow/example_dags/example_time_delta_sensor_async.py
[2024-10-21T12:22:27.997+0700] {logging_mixin.py:190} INFO - [2024-10-21T12:22:27.996+0700] {dag.py:3239} INFO - Sync 1 DAGs
[2024-10-21T12:22:28.024+0700] {logging_mixin.py:190} INFO - [2024-10-21T12:22:28.023+0700] {dag.py:4180} INFO - Setting next_dagrun for example_time_delta_sensor_async to None, run_after=None
[2024-10-21T12:22:28.069+0700] {processor.py:208} INFO - Processing /Users/punny/Documents/GitHub/NYC-Taxi-ETL-Pipeline/.venv/lib/python3.10/site-packages/airflow/example_dags/example_time_delta_sensor_async.py took 1.477 seconds
[2024-10-21T13:57:24.071+0700] {processor.py:186} INFO - Started process (PID=34933) to work on /Users/punny/Documents/GitHub/NYC-Taxi-ETL-Pipeline/.venv/lib/python3.10/site-packages/airflow/example_dags/example_time_delta_sensor_async.py
[2024-10-21T13:57:24.076+0700] {processor.py:914} INFO - Processing file /Users/punny/Documents/GitHub/NYC-Taxi-ETL-Pipeline/.venv/lib/python3.10/site-packages/airflow/example_dags/example_time_delta_sensor_async.py for tasks to queue
[2024-10-21T13:57:24.078+0700] {logging_mixin.py:190} INFO - [2024-10-21T13:57:24.077+0700] {dagbag.py:588} INFO - Filling up the DagBag from /Users/punny/Documents/GitHub/NYC-Taxi-ETL-Pipeline/.venv/lib/python3.10/site-packages/airflow/example_dags/example_time_delta_sensor_async.py
[2024-10-21T13:57:24.095+0700] {processor.py:925} INFO - DAG(s) 'example_time_delta_sensor_async' retrieved from /Users/punny/Documents/GitHub/NYC-Taxi-ETL-Pipeline/.venv/lib/python3.10/site-packages/airflow/example_dags/example_time_delta_sensor_async.py
[2024-10-21T13:57:25.267+0700] {logging_mixin.py:190} INFO - [2024-10-21T13:57:25.266+0700] {dag.py:3239} INFO - Sync 1 DAGs
[2024-10-21T13:57:25.291+0700] {logging_mixin.py:190} INFO - [2024-10-21T13:57:25.290+0700] {dag.py:4180} INFO - Setting next_dagrun for example_time_delta_sensor_async to None, run_after=None
[2024-10-21T13:57:25.324+0700] {processor.py:208} INFO - Processing /Users/punny/Documents/GitHub/NYC-Taxi-ETL-Pipeline/.venv/lib/python3.10/site-packages/airflow/example_dags/example_time_delta_sensor_async.py took 1.266 seconds
[2024-10-21T14:47:59.931+0700] {processor.py:186} INFO - Started process (PID=35760) to work on /Users/punny/Documents/GitHub/NYC-Taxi-ETL-Pipeline/.venv/lib/python3.10/site-packages/airflow/example_dags/example_time_delta_sensor_async.py
[2024-10-21T14:47:59.936+0700] {processor.py:914} INFO - Processing file /Users/punny/Documents/GitHub/NYC-Taxi-ETL-Pipeline/.venv/lib/python3.10/site-packages/airflow/example_dags/example_time_delta_sensor_async.py for tasks to queue
[2024-10-21T14:47:59.937+0700] {logging_mixin.py:190} INFO - [2024-10-21T14:47:59.937+0700] {dagbag.py:588} INFO - Filling up the DagBag from /Users/punny/Documents/GitHub/NYC-Taxi-ETL-Pipeline/.venv/lib/python3.10/site-packages/airflow/example_dags/example_time_delta_sensor_async.py
[2024-10-21T14:47:59.956+0700] {processor.py:925} INFO - DAG(s) 'example_time_delta_sensor_async' retrieved from /Users/punny/Documents/GitHub/NYC-Taxi-ETL-Pipeline/.venv/lib/python3.10/site-packages/airflow/example_dags/example_time_delta_sensor_async.py
[2024-10-21T14:48:01.667+0700] {logging_mixin.py:190} INFO - [2024-10-21T14:48:01.666+0700] {dag.py:3239} INFO - Sync 1 DAGs
[2024-10-21T14:48:01.701+0700] {logging_mixin.py:190} INFO - [2024-10-21T14:48:01.700+0700] {dag.py:4180} INFO - Setting next_dagrun for example_time_delta_sensor_async to None, run_after=None
[2024-10-21T14:48:01.750+0700] {processor.py:208} INFO - Processing /Users/punny/Documents/GitHub/NYC-Taxi-ETL-Pipeline/.venv/lib/python3.10/site-packages/airflow/example_dags/example_time_delta_sensor_async.py took 1.833 seconds
[2024-10-21T14:51:33.751+0700] {processor.py:186} INFO - Started process (PID=36424) to work on /Users/punny/Documents/GitHub/NYC-Taxi-ETL-Pipeline/.venv/lib/python3.10/site-packages/airflow/example_dags/example_time_delta_sensor_async.py
[2024-10-21T14:51:33.756+0700] {processor.py:914} INFO - Processing file /Users/punny/Documents/GitHub/NYC-Taxi-ETL-Pipeline/.venv/lib/python3.10/site-packages/airflow/example_dags/example_time_delta_sensor_async.py for tasks to queue
[2024-10-21T14:51:33.758+0700] {logging_mixin.py:190} INFO - [2024-10-21T14:51:33.758+0700] {dagbag.py:588} INFO - Filling up the DagBag from /Users/punny/Documents/GitHub/NYC-Taxi-ETL-Pipeline/.venv/lib/python3.10/site-packages/airflow/example_dags/example_time_delta_sensor_async.py
[2024-10-21T14:51:33.807+0700] {processor.py:925} INFO - DAG(s) 'example_time_delta_sensor_async' retrieved from /Users/punny/Documents/GitHub/NYC-Taxi-ETL-Pipeline/.venv/lib/python3.10/site-packages/airflow/example_dags/example_time_delta_sensor_async.py
[2024-10-21T14:51:36.189+0700] {logging_mixin.py:190} INFO - [2024-10-21T14:51:36.188+0700] {dag.py:3239} INFO - Sync 1 DAGs
[2024-10-21T14:51:36.215+0700] {logging_mixin.py:190} INFO - [2024-10-21T14:51:36.214+0700] {dag.py:4180} INFO - Setting next_dagrun for example_time_delta_sensor_async to None, run_after=None
[2024-10-21T14:51:36.252+0700] {processor.py:208} INFO - Processing /Users/punny/Documents/GitHub/NYC-Taxi-ETL-Pipeline/.venv/lib/python3.10/site-packages/airflow/example_dags/example_time_delta_sensor_async.py took 2.509 seconds
[2024-10-21T14:55:08.063+0700] {processor.py:186} INFO - Started process (PID=36950) to work on /Users/punny/Documents/GitHub/NYC-Taxi-ETL-Pipeline/.venv/lib/python3.10/site-packages/airflow/example_dags/example_time_delta_sensor_async.py
[2024-10-21T14:55:08.067+0700] {processor.py:914} INFO - Processing file /Users/punny/Documents/GitHub/NYC-Taxi-ETL-Pipeline/.venv/lib/python3.10/site-packages/airflow/example_dags/example_time_delta_sensor_async.py for tasks to queue
[2024-10-21T14:55:08.069+0700] {logging_mixin.py:190} INFO - [2024-10-21T14:55:08.068+0700] {dagbag.py:588} INFO - Filling up the DagBag from /Users/punny/Documents/GitHub/NYC-Taxi-ETL-Pipeline/.venv/lib/python3.10/site-packages/airflow/example_dags/example_time_delta_sensor_async.py
[2024-10-21T14:55:08.082+0700] {processor.py:925} INFO - DAG(s) 'example_time_delta_sensor_async' retrieved from /Users/punny/Documents/GitHub/NYC-Taxi-ETL-Pipeline/.venv/lib/python3.10/site-packages/airflow/example_dags/example_time_delta_sensor_async.py
[2024-10-21T14:55:08.985+0700] {logging_mixin.py:190} INFO - [2024-10-21T14:55:08.984+0700] {dag.py:3239} INFO - Sync 1 DAGs
[2024-10-21T14:55:09.003+0700] {logging_mixin.py:190} INFO - [2024-10-21T14:55:09.003+0700] {dag.py:4180} INFO - Setting next_dagrun for example_time_delta_sensor_async to None, run_after=None
[2024-10-21T14:55:09.034+0700] {processor.py:208} INFO - Processing /Users/punny/Documents/GitHub/NYC-Taxi-ETL-Pipeline/.venv/lib/python3.10/site-packages/airflow/example_dags/example_time_delta_sensor_async.py took 0.982 seconds
[2024-10-21T14:59:40.012+0700] {processor.py:186} INFO - Started process (PID=37651) to work on /Users/punny/Documents/GitHub/NYC-Taxi-ETL-Pipeline/.venv/lib/python3.10/site-packages/airflow/example_dags/example_time_delta_sensor_async.py
[2024-10-21T14:59:40.016+0700] {processor.py:914} INFO - Processing file /Users/punny/Documents/GitHub/NYC-Taxi-ETL-Pipeline/.venv/lib/python3.10/site-packages/airflow/example_dags/example_time_delta_sensor_async.py for tasks to queue
[2024-10-21T14:59:40.017+0700] {logging_mixin.py:190} INFO - [2024-10-21T14:59:40.017+0700] {dagbag.py:588} INFO - Filling up the DagBag from /Users/punny/Documents/GitHub/NYC-Taxi-ETL-Pipeline/.venv/lib/python3.10/site-packages/airflow/example_dags/example_time_delta_sensor_async.py
[2024-10-21T14:59:40.033+0700] {processor.py:925} INFO - DAG(s) 'example_time_delta_sensor_async' retrieved from /Users/punny/Documents/GitHub/NYC-Taxi-ETL-Pipeline/.venv/lib/python3.10/site-packages/airflow/example_dags/example_time_delta_sensor_async.py
[2024-10-21T14:59:40.963+0700] {logging_mixin.py:190} INFO - [2024-10-21T14:59:40.963+0700] {dag.py:3239} INFO - Sync 1 DAGs
[2024-10-21T14:59:40.983+0700] {logging_mixin.py:190} INFO - [2024-10-21T14:59:40.982+0700] {dag.py:4180} INFO - Setting next_dagrun for example_time_delta_sensor_async to None, run_after=None
[2024-10-21T14:59:41.011+0700] {processor.py:208} INFO - Processing /Users/punny/Documents/GitHub/NYC-Taxi-ETL-Pipeline/.venv/lib/python3.10/site-packages/airflow/example_dags/example_time_delta_sensor_async.py took 1.010 seconds
[2024-10-21T15:05:25.541+0700] {processor.py:186} INFO - Started process (PID=38430) to work on /Users/punny/Documents/GitHub/NYC-Taxi-ETL-Pipeline/.venv/lib/python3.10/site-packages/airflow/example_dags/example_time_delta_sensor_async.py
[2024-10-21T15:05:25.545+0700] {processor.py:914} INFO - Processing file /Users/punny/Documents/GitHub/NYC-Taxi-ETL-Pipeline/.venv/lib/python3.10/site-packages/airflow/example_dags/example_time_delta_sensor_async.py for tasks to queue
[2024-10-21T15:05:25.547+0700] {logging_mixin.py:190} INFO - [2024-10-21T15:05:25.547+0700] {dagbag.py:588} INFO - Filling up the DagBag from /Users/punny/Documents/GitHub/NYC-Taxi-ETL-Pipeline/.venv/lib/python3.10/site-packages/airflow/example_dags/example_time_delta_sensor_async.py
[2024-10-21T15:05:25.563+0700] {processor.py:925} INFO - DAG(s) 'example_time_delta_sensor_async' retrieved from /Users/punny/Documents/GitHub/NYC-Taxi-ETL-Pipeline/.venv/lib/python3.10/site-packages/airflow/example_dags/example_time_delta_sensor_async.py
[2024-10-21T15:05:26.738+0700] {logging_mixin.py:190} INFO - [2024-10-21T15:05:26.738+0700] {dag.py:3239} INFO - Sync 1 DAGs
[2024-10-21T15:05:26.765+0700] {logging_mixin.py:190} INFO - [2024-10-21T15:05:26.764+0700] {dag.py:4180} INFO - Setting next_dagrun for example_time_delta_sensor_async to None, run_after=None
[2024-10-21T15:05:26.825+0700] {processor.py:208} INFO - Processing /Users/punny/Documents/GitHub/NYC-Taxi-ETL-Pipeline/.venv/lib/python3.10/site-packages/airflow/example_dags/example_time_delta_sensor_async.py took 1.293 seconds
[2024-10-21T15:10:10.372+0700] {processor.py:186} INFO - Started process (PID=39058) to work on /Users/punny/Documents/GitHub/NYC-Taxi-ETL-Pipeline/.venv/lib/python3.10/site-packages/airflow/example_dags/example_time_delta_sensor_async.py
[2024-10-21T15:10:10.378+0700] {processor.py:914} INFO - Processing file /Users/punny/Documents/GitHub/NYC-Taxi-ETL-Pipeline/.venv/lib/python3.10/site-packages/airflow/example_dags/example_time_delta_sensor_async.py for tasks to queue
[2024-10-21T15:10:10.381+0700] {logging_mixin.py:190} INFO - [2024-10-21T15:10:10.380+0700] {dagbag.py:588} INFO - Filling up the DagBag from /Users/punny/Documents/GitHub/NYC-Taxi-ETL-Pipeline/.venv/lib/python3.10/site-packages/airflow/example_dags/example_time_delta_sensor_async.py
[2024-10-21T15:10:10.400+0700] {processor.py:925} INFO - DAG(s) 'example_time_delta_sensor_async' retrieved from /Users/punny/Documents/GitHub/NYC-Taxi-ETL-Pipeline/.venv/lib/python3.10/site-packages/airflow/example_dags/example_time_delta_sensor_async.py
[2024-10-21T15:10:11.804+0700] {logging_mixin.py:190} INFO - [2024-10-21T15:10:11.803+0700] {dag.py:3239} INFO - Sync 1 DAGs
[2024-10-21T15:10:11.831+0700] {logging_mixin.py:190} INFO - [2024-10-21T15:10:11.830+0700] {dag.py:4180} INFO - Setting next_dagrun for example_time_delta_sensor_async to None, run_after=None
[2024-10-21T15:10:11.872+0700] {processor.py:208} INFO - Processing /Users/punny/Documents/GitHub/NYC-Taxi-ETL-Pipeline/.venv/lib/python3.10/site-packages/airflow/example_dags/example_time_delta_sensor_async.py took 1.508 seconds
[2024-10-21T15:14:25.863+0700] {processor.py:186} INFO - Started process (PID=39570) to work on /Users/punny/Documents/GitHub/NYC-Taxi-ETL-Pipeline/.venv/lib/python3.10/site-packages/airflow/example_dags/example_time_delta_sensor_async.py
[2024-10-21T15:14:25.870+0700] {processor.py:914} INFO - Processing file /Users/punny/Documents/GitHub/NYC-Taxi-ETL-Pipeline/.venv/lib/python3.10/site-packages/airflow/example_dags/example_time_delta_sensor_async.py for tasks to queue
[2024-10-21T15:14:25.872+0700] {logging_mixin.py:190} INFO - [2024-10-21T15:14:25.872+0700] {dagbag.py:588} INFO - Filling up the DagBag from /Users/punny/Documents/GitHub/NYC-Taxi-ETL-Pipeline/.venv/lib/python3.10/site-packages/airflow/example_dags/example_time_delta_sensor_async.py
[2024-10-21T15:14:25.896+0700] {processor.py:925} INFO - DAG(s) 'example_time_delta_sensor_async' retrieved from /Users/punny/Documents/GitHub/NYC-Taxi-ETL-Pipeline/.venv/lib/python3.10/site-packages/airflow/example_dags/example_time_delta_sensor_async.py
[2024-10-21T15:14:27.167+0700] {logging_mixin.py:190} INFO - [2024-10-21T15:14:27.167+0700] {dag.py:3239} INFO - Sync 1 DAGs
[2024-10-21T15:14:27.189+0700] {logging_mixin.py:190} INFO - [2024-10-21T15:14:27.189+0700] {dag.py:4180} INFO - Setting next_dagrun for example_time_delta_sensor_async to None, run_after=None
[2024-10-21T15:14:27.280+0700] {processor.py:208} INFO - Processing /Users/punny/Documents/GitHub/NYC-Taxi-ETL-Pipeline/.venv/lib/python3.10/site-packages/airflow/example_dags/example_time_delta_sensor_async.py took 1.431 seconds
[2024-10-21T15:18:47.559+0700] {processor.py:186} INFO - Started process (PID=40098) to work on /Users/punny/Documents/GitHub/NYC-Taxi-ETL-Pipeline/.venv/lib/python3.10/site-packages/airflow/example_dags/example_time_delta_sensor_async.py
[2024-10-21T15:18:47.563+0700] {processor.py:914} INFO - Processing file /Users/punny/Documents/GitHub/NYC-Taxi-ETL-Pipeline/.venv/lib/python3.10/site-packages/airflow/example_dags/example_time_delta_sensor_async.py for tasks to queue
[2024-10-21T15:18:47.565+0700] {logging_mixin.py:190} INFO - [2024-10-21T15:18:47.565+0700] {dagbag.py:588} INFO - Filling up the DagBag from /Users/punny/Documents/GitHub/NYC-Taxi-ETL-Pipeline/.venv/lib/python3.10/site-packages/airflow/example_dags/example_time_delta_sensor_async.py
[2024-10-21T15:18:47.580+0700] {processor.py:925} INFO - DAG(s) 'example_time_delta_sensor_async' retrieved from /Users/punny/Documents/GitHub/NYC-Taxi-ETL-Pipeline/.venv/lib/python3.10/site-packages/airflow/example_dags/example_time_delta_sensor_async.py
[2024-10-21T15:18:48.593+0700] {logging_mixin.py:190} INFO - [2024-10-21T15:18:48.592+0700] {dag.py:3239} INFO - Sync 1 DAGs
[2024-10-21T15:18:48.616+0700] {logging_mixin.py:190} INFO - [2024-10-21T15:18:48.615+0700] {dag.py:4180} INFO - Setting next_dagrun for example_time_delta_sensor_async to None, run_after=None
[2024-10-21T15:18:48.647+0700] {processor.py:208} INFO - Processing /Users/punny/Documents/GitHub/NYC-Taxi-ETL-Pipeline/.venv/lib/python3.10/site-packages/airflow/example_dags/example_time_delta_sensor_async.py took 1.098 seconds
[2024-10-21T15:22:56.534+0700] {processor.py:186} INFO - Started process (PID=40643) to work on /Users/punny/Documents/GitHub/NYC-Taxi-ETL-Pipeline/.venv/lib/python3.10/site-packages/airflow/example_dags/example_time_delta_sensor_async.py
[2024-10-21T15:22:56.549+0700] {processor.py:914} INFO - Processing file /Users/punny/Documents/GitHub/NYC-Taxi-ETL-Pipeline/.venv/lib/python3.10/site-packages/airflow/example_dags/example_time_delta_sensor_async.py for tasks to queue
[2024-10-21T15:22:56.554+0700] {logging_mixin.py:190} INFO - [2024-10-21T15:22:56.553+0700] {dagbag.py:588} INFO - Filling up the DagBag from /Users/punny/Documents/GitHub/NYC-Taxi-ETL-Pipeline/.venv/lib/python3.10/site-packages/airflow/example_dags/example_time_delta_sensor_async.py
[2024-10-21T15:22:56.577+0700] {processor.py:925} INFO - DAG(s) 'example_time_delta_sensor_async' retrieved from /Users/punny/Documents/GitHub/NYC-Taxi-ETL-Pipeline/.venv/lib/python3.10/site-packages/airflow/example_dags/example_time_delta_sensor_async.py
[2024-10-21T15:22:58.022+0700] {logging_mixin.py:190} INFO - [2024-10-21T15:22:58.022+0700] {dag.py:3239} INFO - Sync 1 DAGs
[2024-10-21T15:22:58.043+0700] {logging_mixin.py:190} INFO - [2024-10-21T15:22:58.043+0700] {dag.py:4180} INFO - Setting next_dagrun for example_time_delta_sensor_async to None, run_after=None
[2024-10-21T15:22:58.073+0700] {processor.py:208} INFO - Processing /Users/punny/Documents/GitHub/NYC-Taxi-ETL-Pipeline/.venv/lib/python3.10/site-packages/airflow/example_dags/example_time_delta_sensor_async.py took 1.552 seconds
[2024-10-21T15:26:55.448+0700] {processor.py:186} INFO - Started process (PID=41133) to work on /Users/punny/Documents/GitHub/NYC-Taxi-ETL-Pipeline/.venv/lib/python3.10/site-packages/airflow/example_dags/example_time_delta_sensor_async.py
[2024-10-21T15:26:55.453+0700] {processor.py:914} INFO - Processing file /Users/punny/Documents/GitHub/NYC-Taxi-ETL-Pipeline/.venv/lib/python3.10/site-packages/airflow/example_dags/example_time_delta_sensor_async.py for tasks to queue
[2024-10-21T15:26:55.455+0700] {logging_mixin.py:190} INFO - [2024-10-21T15:26:55.454+0700] {dagbag.py:588} INFO - Filling up the DagBag from /Users/punny/Documents/GitHub/NYC-Taxi-ETL-Pipeline/.venv/lib/python3.10/site-packages/airflow/example_dags/example_time_delta_sensor_async.py
[2024-10-21T15:26:55.471+0700] {processor.py:925} INFO - DAG(s) 'example_time_delta_sensor_async' retrieved from /Users/punny/Documents/GitHub/NYC-Taxi-ETL-Pipeline/.venv/lib/python3.10/site-packages/airflow/example_dags/example_time_delta_sensor_async.py
[2024-10-21T15:26:56.589+0700] {logging_mixin.py:190} INFO - [2024-10-21T15:26:56.588+0700] {dag.py:3239} INFO - Sync 1 DAGs
[2024-10-21T15:26:56.610+0700] {logging_mixin.py:190} INFO - [2024-10-21T15:26:56.610+0700] {dag.py:4180} INFO - Setting next_dagrun for example_time_delta_sensor_async to None, run_after=None
[2024-10-21T15:26:56.662+0700] {processor.py:208} INFO - Processing /Users/punny/Documents/GitHub/NYC-Taxi-ETL-Pipeline/.venv/lib/python3.10/site-packages/airflow/example_dags/example_time_delta_sensor_async.py took 1.225 seconds
[2024-10-21T15:31:05.337+0700] {processor.py:186} INFO - Started process (PID=41697) to work on /Users/punny/Documents/GitHub/NYC-Taxi-ETL-Pipeline/.venv/lib/python3.10/site-packages/airflow/example_dags/example_time_delta_sensor_async.py
[2024-10-21T15:31:05.342+0700] {processor.py:914} INFO - Processing file /Users/punny/Documents/GitHub/NYC-Taxi-ETL-Pipeline/.venv/lib/python3.10/site-packages/airflow/example_dags/example_time_delta_sensor_async.py for tasks to queue
[2024-10-21T15:31:05.343+0700] {logging_mixin.py:190} INFO - [2024-10-21T15:31:05.343+0700] {dagbag.py:588} INFO - Filling up the DagBag from /Users/punny/Documents/GitHub/NYC-Taxi-ETL-Pipeline/.venv/lib/python3.10/site-packages/airflow/example_dags/example_time_delta_sensor_async.py
[2024-10-21T15:31:05.370+0700] {processor.py:925} INFO - DAG(s) 'example_time_delta_sensor_async' retrieved from /Users/punny/Documents/GitHub/NYC-Taxi-ETL-Pipeline/.venv/lib/python3.10/site-packages/airflow/example_dags/example_time_delta_sensor_async.py
[2024-10-21T15:31:06.586+0700] {logging_mixin.py:190} INFO - [2024-10-21T15:31:06.585+0700] {dag.py:3239} INFO - Sync 1 DAGs
[2024-10-21T15:31:06.606+0700] {logging_mixin.py:190} INFO - [2024-10-21T15:31:06.605+0700] {dag.py:4180} INFO - Setting next_dagrun for example_time_delta_sensor_async to None, run_after=None
[2024-10-21T15:31:06.636+0700] {processor.py:208} INFO - Processing /Users/punny/Documents/GitHub/NYC-Taxi-ETL-Pipeline/.venv/lib/python3.10/site-packages/airflow/example_dags/example_time_delta_sensor_async.py took 1.313 seconds
[2024-10-21T15:35:01.893+0700] {processor.py:186} INFO - Started process (PID=42166) to work on /Users/punny/Documents/GitHub/NYC-Taxi-ETL-Pipeline/.venv/lib/python3.10/site-packages/airflow/example_dags/example_time_delta_sensor_async.py
[2024-10-21T15:35:01.898+0700] {processor.py:914} INFO - Processing file /Users/punny/Documents/GitHub/NYC-Taxi-ETL-Pipeline/.venv/lib/python3.10/site-packages/airflow/example_dags/example_time_delta_sensor_async.py for tasks to queue
[2024-10-21T15:35:01.900+0700] {logging_mixin.py:190} INFO - [2024-10-21T15:35:01.900+0700] {dagbag.py:588} INFO - Filling up the DagBag from /Users/punny/Documents/GitHub/NYC-Taxi-ETL-Pipeline/.venv/lib/python3.10/site-packages/airflow/example_dags/example_time_delta_sensor_async.py
[2024-10-21T15:35:01.913+0700] {processor.py:925} INFO - DAG(s) 'example_time_delta_sensor_async' retrieved from /Users/punny/Documents/GitHub/NYC-Taxi-ETL-Pipeline/.venv/lib/python3.10/site-packages/airflow/example_dags/example_time_delta_sensor_async.py
[2024-10-21T15:35:02.803+0700] {logging_mixin.py:190} INFO - [2024-10-21T15:35:02.802+0700] {dag.py:3239} INFO - Sync 1 DAGs
[2024-10-21T15:35:02.824+0700] {logging_mixin.py:190} INFO - [2024-10-21T15:35:02.824+0700] {dag.py:4180} INFO - Setting next_dagrun for example_time_delta_sensor_async to None, run_after=None
[2024-10-21T15:35:02.856+0700] {processor.py:208} INFO - Processing /Users/punny/Documents/GitHub/NYC-Taxi-ETL-Pipeline/.venv/lib/python3.10/site-packages/airflow/example_dags/example_time_delta_sensor_async.py took 0.970 seconds
[2024-10-21T15:38:52.128+0700] {processor.py:186} INFO - Started process (PID=42662) to work on /Users/punny/Documents/GitHub/NYC-Taxi-ETL-Pipeline/.venv/lib/python3.10/site-packages/airflow/example_dags/example_time_delta_sensor_async.py
[2024-10-21T15:38:52.131+0700] {processor.py:914} INFO - Processing file /Users/punny/Documents/GitHub/NYC-Taxi-ETL-Pipeline/.venv/lib/python3.10/site-packages/airflow/example_dags/example_time_delta_sensor_async.py for tasks to queue
[2024-10-21T15:38:52.133+0700] {logging_mixin.py:190} INFO - [2024-10-21T15:38:52.133+0700] {dagbag.py:588} INFO - Filling up the DagBag from /Users/punny/Documents/GitHub/NYC-Taxi-ETL-Pipeline/.venv/lib/python3.10/site-packages/airflow/example_dags/example_time_delta_sensor_async.py
[2024-10-21T15:38:52.154+0700] {processor.py:925} INFO - DAG(s) 'example_time_delta_sensor_async' retrieved from /Users/punny/Documents/GitHub/NYC-Taxi-ETL-Pipeline/.venv/lib/python3.10/site-packages/airflow/example_dags/example_time_delta_sensor_async.py
[2024-10-21T15:38:53.087+0700] {logging_mixin.py:190} INFO - [2024-10-21T15:38:53.086+0700] {dag.py:3239} INFO - Sync 1 DAGs
[2024-10-21T15:38:53.110+0700] {logging_mixin.py:190} INFO - [2024-10-21T15:38:53.109+0700] {dag.py:4180} INFO - Setting next_dagrun for example_time_delta_sensor_async to None, run_after=None
[2024-10-21T15:38:53.141+0700] {processor.py:208} INFO - Processing /Users/punny/Documents/GitHub/NYC-Taxi-ETL-Pipeline/.venv/lib/python3.10/site-packages/airflow/example_dags/example_time_delta_sensor_async.py took 1.023 seconds
[2024-10-21T15:42:53.261+0700] {processor.py:186} INFO - Started process (PID=43250) to work on /Users/punny/Documents/GitHub/NYC-Taxi-ETL-Pipeline/.venv/lib/python3.10/site-packages/airflow/example_dags/example_time_delta_sensor_async.py
[2024-10-21T15:42:53.265+0700] {processor.py:914} INFO - Processing file /Users/punny/Documents/GitHub/NYC-Taxi-ETL-Pipeline/.venv/lib/python3.10/site-packages/airflow/example_dags/example_time_delta_sensor_async.py for tasks to queue
[2024-10-21T15:42:53.266+0700] {logging_mixin.py:190} INFO - [2024-10-21T15:42:53.266+0700] {dagbag.py:588} INFO - Filling up the DagBag from /Users/punny/Documents/GitHub/NYC-Taxi-ETL-Pipeline/.venv/lib/python3.10/site-packages/airflow/example_dags/example_time_delta_sensor_async.py
[2024-10-21T15:42:53.283+0700] {processor.py:925} INFO - DAG(s) 'example_time_delta_sensor_async' retrieved from /Users/punny/Documents/GitHub/NYC-Taxi-ETL-Pipeline/.venv/lib/python3.10/site-packages/airflow/example_dags/example_time_delta_sensor_async.py
[2024-10-21T15:42:54.407+0700] {logging_mixin.py:190} INFO - [2024-10-21T15:42:54.406+0700] {dag.py:3239} INFO - Sync 1 DAGs
[2024-10-21T15:42:54.429+0700] {logging_mixin.py:190} INFO - [2024-10-21T15:42:54.428+0700] {dag.py:4180} INFO - Setting next_dagrun for example_time_delta_sensor_async to None, run_after=None
[2024-10-21T15:42:54.462+0700] {processor.py:208} INFO - Processing /Users/punny/Documents/GitHub/NYC-Taxi-ETL-Pipeline/.venv/lib/python3.10/site-packages/airflow/example_dags/example_time_delta_sensor_async.py took 1.213 seconds
[2024-10-21T15:46:46.703+0700] {processor.py:186} INFO - Started process (PID=43726) to work on /Users/punny/Documents/GitHub/NYC-Taxi-ETL-Pipeline/.venv/lib/python3.10/site-packages/airflow/example_dags/example_time_delta_sensor_async.py
[2024-10-21T15:46:46.710+0700] {processor.py:914} INFO - Processing file /Users/punny/Documents/GitHub/NYC-Taxi-ETL-Pipeline/.venv/lib/python3.10/site-packages/airflow/example_dags/example_time_delta_sensor_async.py for tasks to queue
[2024-10-21T15:46:46.712+0700] {logging_mixin.py:190} INFO - [2024-10-21T15:46:46.712+0700] {dagbag.py:588} INFO - Filling up the DagBag from /Users/punny/Documents/GitHub/NYC-Taxi-ETL-Pipeline/.venv/lib/python3.10/site-packages/airflow/example_dags/example_time_delta_sensor_async.py
[2024-10-21T15:46:46.729+0700] {processor.py:925} INFO - DAG(s) 'example_time_delta_sensor_async' retrieved from /Users/punny/Documents/GitHub/NYC-Taxi-ETL-Pipeline/.venv/lib/python3.10/site-packages/airflow/example_dags/example_time_delta_sensor_async.py
[2024-10-21T15:46:47.681+0700] {logging_mixin.py:190} INFO - [2024-10-21T15:46:47.681+0700] {dag.py:3239} INFO - Sync 1 DAGs
[2024-10-21T15:46:47.703+0700] {logging_mixin.py:190} INFO - [2024-10-21T15:46:47.702+0700] {dag.py:4180} INFO - Setting next_dagrun for example_time_delta_sensor_async to None, run_after=None
[2024-10-21T15:46:47.734+0700] {processor.py:208} INFO - Processing /Users/punny/Documents/GitHub/NYC-Taxi-ETL-Pipeline/.venv/lib/python3.10/site-packages/airflow/example_dags/example_time_delta_sensor_async.py took 1.048 seconds
[2024-10-21T15:50:46.666+0700] {processor.py:186} INFO - Started process (PID=44261) to work on /Users/punny/Documents/GitHub/NYC-Taxi-ETL-Pipeline/.venv/lib/python3.10/site-packages/airflow/example_dags/example_time_delta_sensor_async.py
[2024-10-21T15:50:46.672+0700] {processor.py:914} INFO - Processing file /Users/punny/Documents/GitHub/NYC-Taxi-ETL-Pipeline/.venv/lib/python3.10/site-packages/airflow/example_dags/example_time_delta_sensor_async.py for tasks to queue
[2024-10-21T15:50:46.674+0700] {logging_mixin.py:190} INFO - [2024-10-21T15:50:46.674+0700] {dagbag.py:588} INFO - Filling up the DagBag from /Users/punny/Documents/GitHub/NYC-Taxi-ETL-Pipeline/.venv/lib/python3.10/site-packages/airflow/example_dags/example_time_delta_sensor_async.py
[2024-10-21T15:50:46.692+0700] {processor.py:925} INFO - DAG(s) 'example_time_delta_sensor_async' retrieved from /Users/punny/Documents/GitHub/NYC-Taxi-ETL-Pipeline/.venv/lib/python3.10/site-packages/airflow/example_dags/example_time_delta_sensor_async.py
[2024-10-21T15:50:47.820+0700] {logging_mixin.py:190} INFO - [2024-10-21T15:50:47.819+0700] {dag.py:3239} INFO - Sync 1 DAGs
[2024-10-21T15:50:47.841+0700] {logging_mixin.py:190} INFO - [2024-10-21T15:50:47.840+0700] {dag.py:4180} INFO - Setting next_dagrun for example_time_delta_sensor_async to None, run_after=None
[2024-10-21T15:50:47.869+0700] {processor.py:208} INFO - Processing /Users/punny/Documents/GitHub/NYC-Taxi-ETL-Pipeline/.venv/lib/python3.10/site-packages/airflow/example_dags/example_time_delta_sensor_async.py took 1.213 seconds
[2024-10-21T15:54:35.261+0700] {processor.py:186} INFO - Started process (PID=44727) to work on /Users/punny/Documents/GitHub/NYC-Taxi-ETL-Pipeline/.venv/lib/python3.10/site-packages/airflow/example_dags/example_time_delta_sensor_async.py
[2024-10-21T15:54:35.267+0700] {processor.py:914} INFO - Processing file /Users/punny/Documents/GitHub/NYC-Taxi-ETL-Pipeline/.venv/lib/python3.10/site-packages/airflow/example_dags/example_time_delta_sensor_async.py for tasks to queue
[2024-10-21T15:54:35.268+0700] {logging_mixin.py:190} INFO - [2024-10-21T15:54:35.268+0700] {dagbag.py:588} INFO - Filling up the DagBag from /Users/punny/Documents/GitHub/NYC-Taxi-ETL-Pipeline/.venv/lib/python3.10/site-packages/airflow/example_dags/example_time_delta_sensor_async.py
[2024-10-21T15:54:35.284+0700] {processor.py:925} INFO - DAG(s) 'example_time_delta_sensor_async' retrieved from /Users/punny/Documents/GitHub/NYC-Taxi-ETL-Pipeline/.venv/lib/python3.10/site-packages/airflow/example_dags/example_time_delta_sensor_async.py
[2024-10-21T15:54:36.438+0700] {logging_mixin.py:190} INFO - [2024-10-21T15:54:36.437+0700] {dag.py:3239} INFO - Sync 1 DAGs
[2024-10-21T15:54:36.462+0700] {logging_mixin.py:190} INFO - [2024-10-21T15:54:36.462+0700] {dag.py:4180} INFO - Setting next_dagrun for example_time_delta_sensor_async to None, run_after=None
[2024-10-21T15:54:36.501+0700] {processor.py:208} INFO - Processing /Users/punny/Documents/GitHub/NYC-Taxi-ETL-Pipeline/.venv/lib/python3.10/site-packages/airflow/example_dags/example_time_delta_sensor_async.py took 1.254 seconds
[2024-10-21T15:58:47.762+0700] {processor.py:186} INFO - Started process (PID=45245) to work on /Users/punny/Documents/GitHub/NYC-Taxi-ETL-Pipeline/.venv/lib/python3.10/site-packages/airflow/example_dags/example_time_delta_sensor_async.py
[2024-10-21T15:58:47.771+0700] {processor.py:914} INFO - Processing file /Users/punny/Documents/GitHub/NYC-Taxi-ETL-Pipeline/.venv/lib/python3.10/site-packages/airflow/example_dags/example_time_delta_sensor_async.py for tasks to queue
[2024-10-21T15:58:47.772+0700] {logging_mixin.py:190} INFO - [2024-10-21T15:58:47.772+0700] {dagbag.py:588} INFO - Filling up the DagBag from /Users/punny/Documents/GitHub/NYC-Taxi-ETL-Pipeline/.venv/lib/python3.10/site-packages/airflow/example_dags/example_time_delta_sensor_async.py
[2024-10-21T15:58:47.788+0700] {processor.py:925} INFO - DAG(s) 'example_time_delta_sensor_async' retrieved from /Users/punny/Documents/GitHub/NYC-Taxi-ETL-Pipeline/.venv/lib/python3.10/site-packages/airflow/example_dags/example_time_delta_sensor_async.py
[2024-10-21T15:58:48.891+0700] {logging_mixin.py:190} INFO - [2024-10-21T15:58:48.890+0700] {dag.py:3239} INFO - Sync 1 DAGs
[2024-10-21T15:58:48.909+0700] {logging_mixin.py:190} INFO - [2024-10-21T15:58:48.908+0700] {dag.py:4180} INFO - Setting next_dagrun for example_time_delta_sensor_async to None, run_after=None
[2024-10-21T15:58:48.938+0700] {processor.py:208} INFO - Processing /Users/punny/Documents/GitHub/NYC-Taxi-ETL-Pipeline/.venv/lib/python3.10/site-packages/airflow/example_dags/example_time_delta_sensor_async.py took 1.181 seconds
[2024-10-21T16:02:55.247+0700] {processor.py:186} INFO - Started process (PID=45815) to work on /Users/punny/Documents/GitHub/NYC-Taxi-ETL-Pipeline/.venv/lib/python3.10/site-packages/airflow/example_dags/example_time_delta_sensor_async.py
[2024-10-21T16:02:55.251+0700] {processor.py:914} INFO - Processing file /Users/punny/Documents/GitHub/NYC-Taxi-ETL-Pipeline/.venv/lib/python3.10/site-packages/airflow/example_dags/example_time_delta_sensor_async.py for tasks to queue
[2024-10-21T16:02:55.252+0700] {logging_mixin.py:190} INFO - [2024-10-21T16:02:55.252+0700] {dagbag.py:588} INFO - Filling up the DagBag from /Users/punny/Documents/GitHub/NYC-Taxi-ETL-Pipeline/.venv/lib/python3.10/site-packages/airflow/example_dags/example_time_delta_sensor_async.py
[2024-10-21T16:02:55.268+0700] {processor.py:925} INFO - DAG(s) 'example_time_delta_sensor_async' retrieved from /Users/punny/Documents/GitHub/NYC-Taxi-ETL-Pipeline/.venv/lib/python3.10/site-packages/airflow/example_dags/example_time_delta_sensor_async.py
[2024-10-21T16:02:56.382+0700] {logging_mixin.py:190} INFO - [2024-10-21T16:02:56.381+0700] {dag.py:3239} INFO - Sync 1 DAGs
[2024-10-21T16:02:56.404+0700] {logging_mixin.py:190} INFO - [2024-10-21T16:02:56.404+0700] {dag.py:4180} INFO - Setting next_dagrun for example_time_delta_sensor_async to None, run_after=None
[2024-10-21T16:02:56.438+0700] {processor.py:208} INFO - Processing /Users/punny/Documents/GitHub/NYC-Taxi-ETL-Pipeline/.venv/lib/python3.10/site-packages/airflow/example_dags/example_time_delta_sensor_async.py took 1.205 seconds
[2024-10-21T20:37:03.612+0700] {processor.py:186} INFO - Started process (PID=4274) to work on /Users/punny/Documents/GitHub/NYC-Taxi-ETL-Pipeline/.venv/lib/python3.10/site-packages/airflow/example_dags/example_time_delta_sensor_async.py
[2024-10-21T20:37:03.621+0700] {processor.py:914} INFO - Processing file /Users/punny/Documents/GitHub/NYC-Taxi-ETL-Pipeline/.venv/lib/python3.10/site-packages/airflow/example_dags/example_time_delta_sensor_async.py for tasks to queue
[2024-10-21T20:37:03.623+0700] {logging_mixin.py:190} INFO - [2024-10-21T20:37:03.623+0700] {dagbag.py:588} INFO - Filling up the DagBag from /Users/punny/Documents/GitHub/NYC-Taxi-ETL-Pipeline/.venv/lib/python3.10/site-packages/airflow/example_dags/example_time_delta_sensor_async.py
[2024-10-21T20:37:03.643+0700] {processor.py:925} INFO - DAG(s) 'example_time_delta_sensor_async' retrieved from /Users/punny/Documents/GitHub/NYC-Taxi-ETL-Pipeline/.venv/lib/python3.10/site-packages/airflow/example_dags/example_time_delta_sensor_async.py
[2024-10-21T20:37:05.394+0700] {logging_mixin.py:190} INFO - [2024-10-21T20:37:05.394+0700] {dag.py:3239} INFO - Sync 1 DAGs
[2024-10-21T20:37:05.414+0700] {logging_mixin.py:190} INFO - [2024-10-21T20:37:05.414+0700] {dag.py:4180} INFO - Setting next_dagrun for example_time_delta_sensor_async to None, run_after=None
[2024-10-21T20:37:05.443+0700] {processor.py:208} INFO - Processing /Users/punny/Documents/GitHub/NYC-Taxi-ETL-Pipeline/.venv/lib/python3.10/site-packages/airflow/example_dags/example_time_delta_sensor_async.py took 1.842 seconds
[2024-10-21T20:40:48.178+0700] {processor.py:186} INFO - Started process (PID=4551) to work on /Users/punny/Documents/GitHub/NYC-Taxi-ETL-Pipeline/.venv/lib/python3.10/site-packages/airflow/example_dags/example_time_delta_sensor_async.py
[2024-10-21T20:40:48.181+0700] {processor.py:914} INFO - Processing file /Users/punny/Documents/GitHub/NYC-Taxi-ETL-Pipeline/.venv/lib/python3.10/site-packages/airflow/example_dags/example_time_delta_sensor_async.py for tasks to queue
[2024-10-21T20:40:48.182+0700] {logging_mixin.py:190} INFO - [2024-10-21T20:40:48.181+0700] {dagbag.py:588} INFO - Filling up the DagBag from /Users/punny/Documents/GitHub/NYC-Taxi-ETL-Pipeline/.venv/lib/python3.10/site-packages/airflow/example_dags/example_time_delta_sensor_async.py
[2024-10-21T20:40:48.193+0700] {processor.py:925} INFO - DAG(s) 'example_time_delta_sensor_async' retrieved from /Users/punny/Documents/GitHub/NYC-Taxi-ETL-Pipeline/.venv/lib/python3.10/site-packages/airflow/example_dags/example_time_delta_sensor_async.py
[2024-10-21T20:40:48.801+0700] {logging_mixin.py:190} INFO - [2024-10-21T20:40:48.801+0700] {dag.py:3239} INFO - Sync 1 DAGs
[2024-10-21T20:40:48.816+0700] {logging_mixin.py:190} INFO - [2024-10-21T20:40:48.815+0700] {dag.py:4180} INFO - Setting next_dagrun for example_time_delta_sensor_async to None, run_after=None
[2024-10-21T20:40:48.837+0700] {processor.py:208} INFO - Processing /Users/punny/Documents/GitHub/NYC-Taxi-ETL-Pipeline/.venv/lib/python3.10/site-packages/airflow/example_dags/example_time_delta_sensor_async.py took 0.667 seconds
[2024-10-21T20:44:25.325+0700] {processor.py:186} INFO - Started process (PID=4912) to work on /Users/punny/Documents/GitHub/NYC-Taxi-ETL-Pipeline/.venv/lib/python3.10/site-packages/airflow/example_dags/example_time_delta_sensor_async.py
[2024-10-21T20:44:25.329+0700] {processor.py:914} INFO - Processing file /Users/punny/Documents/GitHub/NYC-Taxi-ETL-Pipeline/.venv/lib/python3.10/site-packages/airflow/example_dags/example_time_delta_sensor_async.py for tasks to queue
[2024-10-21T20:44:25.330+0700] {logging_mixin.py:190} INFO - [2024-10-21T20:44:25.330+0700] {dagbag.py:588} INFO - Filling up the DagBag from /Users/punny/Documents/GitHub/NYC-Taxi-ETL-Pipeline/.venv/lib/python3.10/site-packages/airflow/example_dags/example_time_delta_sensor_async.py
[2024-10-21T20:44:25.353+0700] {processor.py:925} INFO - DAG(s) 'example_time_delta_sensor_async' retrieved from /Users/punny/Documents/GitHub/NYC-Taxi-ETL-Pipeline/.venv/lib/python3.10/site-packages/airflow/example_dags/example_time_delta_sensor_async.py
[2024-10-21T20:44:26.496+0700] {logging_mixin.py:190} INFO - [2024-10-21T20:44:26.496+0700] {dag.py:3239} INFO - Sync 1 DAGs
[2024-10-21T20:44:26.521+0700] {logging_mixin.py:190} INFO - [2024-10-21T20:44:26.521+0700] {dag.py:4180} INFO - Setting next_dagrun for example_time_delta_sensor_async to None, run_after=None
[2024-10-21T20:44:26.555+0700] {processor.py:208} INFO - Processing /Users/punny/Documents/GitHub/NYC-Taxi-ETL-Pipeline/.venv/lib/python3.10/site-packages/airflow/example_dags/example_time_delta_sensor_async.py took 1.241 seconds
[2024-10-21T20:48:10.972+0700] {processor.py:186} INFO - Started process (PID=5285) to work on /Users/punny/Documents/GitHub/NYC-Taxi-ETL-Pipeline/.venv/lib/python3.10/site-packages/airflow/example_dags/example_time_delta_sensor_async.py
[2024-10-21T20:48:10.975+0700] {processor.py:914} INFO - Processing file /Users/punny/Documents/GitHub/NYC-Taxi-ETL-Pipeline/.venv/lib/python3.10/site-packages/airflow/example_dags/example_time_delta_sensor_async.py for tasks to queue
[2024-10-21T20:48:10.976+0700] {logging_mixin.py:190} INFO - [2024-10-21T20:48:10.976+0700] {dagbag.py:588} INFO - Filling up the DagBag from /Users/punny/Documents/GitHub/NYC-Taxi-ETL-Pipeline/.venv/lib/python3.10/site-packages/airflow/example_dags/example_time_delta_sensor_async.py
[2024-10-21T20:48:10.989+0700] {processor.py:925} INFO - DAG(s) 'example_time_delta_sensor_async' retrieved from /Users/punny/Documents/GitHub/NYC-Taxi-ETL-Pipeline/.venv/lib/python3.10/site-packages/airflow/example_dags/example_time_delta_sensor_async.py
[2024-10-21T20:48:11.848+0700] {logging_mixin.py:190} INFO - [2024-10-21T20:48:11.848+0700] {dag.py:3239} INFO - Sync 1 DAGs
[2024-10-21T20:48:11.866+0700] {logging_mixin.py:190} INFO - [2024-10-21T20:48:11.866+0700] {dag.py:4180} INFO - Setting next_dagrun for example_time_delta_sensor_async to None, run_after=None
[2024-10-21T20:48:11.894+0700] {processor.py:208} INFO - Processing /Users/punny/Documents/GitHub/NYC-Taxi-ETL-Pipeline/.venv/lib/python3.10/site-packages/airflow/example_dags/example_time_delta_sensor_async.py took 0.929 seconds
[2024-10-21T20:52:41.003+0700] {processor.py:186} INFO - Started process (PID=5663) to work on /Users/punny/Documents/GitHub/NYC-Taxi-ETL-Pipeline/.venv/lib/python3.10/site-packages/airflow/example_dags/example_time_delta_sensor_async.py
[2024-10-21T20:52:41.010+0700] {processor.py:914} INFO - Processing file /Users/punny/Documents/GitHub/NYC-Taxi-ETL-Pipeline/.venv/lib/python3.10/site-packages/airflow/example_dags/example_time_delta_sensor_async.py for tasks to queue
[2024-10-21T20:52:41.013+0700] {logging_mixin.py:190} INFO - [2024-10-21T20:52:41.012+0700] {dagbag.py:588} INFO - Filling up the DagBag from /Users/punny/Documents/GitHub/NYC-Taxi-ETL-Pipeline/.venv/lib/python3.10/site-packages/airflow/example_dags/example_time_delta_sensor_async.py
[2024-10-21T20:52:41.052+0700] {processor.py:925} INFO - DAG(s) 'example_time_delta_sensor_async' retrieved from /Users/punny/Documents/GitHub/NYC-Taxi-ETL-Pipeline/.venv/lib/python3.10/site-packages/airflow/example_dags/example_time_delta_sensor_async.py
[2024-10-21T20:52:43.121+0700] {logging_mixin.py:190} INFO - [2024-10-21T20:52:43.120+0700] {dag.py:3239} INFO - Sync 1 DAGs
[2024-10-21T20:52:43.164+0700] {logging_mixin.py:190} INFO - [2024-10-21T20:52:43.163+0700] {dag.py:4180} INFO - Setting next_dagrun for example_time_delta_sensor_async to None, run_after=None
[2024-10-21T20:52:43.262+0700] {processor.py:208} INFO - Processing /Users/punny/Documents/GitHub/NYC-Taxi-ETL-Pipeline/.venv/lib/python3.10/site-packages/airflow/example_dags/example_time_delta_sensor_async.py took 2.298 seconds
[2024-10-21T20:56:11.287+0700] {processor.py:186} INFO - Started process (PID=6142) to work on /Users/punny/Documents/GitHub/NYC-Taxi-ETL-Pipeline/.venv/lib/python3.10/site-packages/airflow/example_dags/example_time_delta_sensor_async.py
[2024-10-21T20:56:11.291+0700] {processor.py:914} INFO - Processing file /Users/punny/Documents/GitHub/NYC-Taxi-ETL-Pipeline/.venv/lib/python3.10/site-packages/airflow/example_dags/example_time_delta_sensor_async.py for tasks to queue
[2024-10-21T20:56:11.293+0700] {logging_mixin.py:190} INFO - [2024-10-21T20:56:11.293+0700] {dagbag.py:588} INFO - Filling up the DagBag from /Users/punny/Documents/GitHub/NYC-Taxi-ETL-Pipeline/.venv/lib/python3.10/site-packages/airflow/example_dags/example_time_delta_sensor_async.py
[2024-10-21T20:56:11.306+0700] {processor.py:925} INFO - DAG(s) 'example_time_delta_sensor_async' retrieved from /Users/punny/Documents/GitHub/NYC-Taxi-ETL-Pipeline/.venv/lib/python3.10/site-packages/airflow/example_dags/example_time_delta_sensor_async.py
[2024-10-21T20:56:12.249+0700] {logging_mixin.py:190} INFO - [2024-10-21T20:56:12.249+0700] {dag.py:3239} INFO - Sync 1 DAGs
[2024-10-21T20:56:12.264+0700] {logging_mixin.py:190} INFO - [2024-10-21T20:56:12.264+0700] {dag.py:4180} INFO - Setting next_dagrun for example_time_delta_sensor_async to None, run_after=None
[2024-10-21T20:56:12.286+0700] {processor.py:208} INFO - Processing /Users/punny/Documents/GitHub/NYC-Taxi-ETL-Pipeline/.venv/lib/python3.10/site-packages/airflow/example_dags/example_time_delta_sensor_async.py took 1.007 seconds
[2024-10-21T21:00:21.216+0700] {processor.py:186} INFO - Started process (PID=6441) to work on /Users/punny/Documents/GitHub/NYC-Taxi-ETL-Pipeline/.venv/lib/python3.10/site-packages/airflow/example_dags/example_time_delta_sensor_async.py
[2024-10-21T21:00:21.220+0700] {processor.py:914} INFO - Processing file /Users/punny/Documents/GitHub/NYC-Taxi-ETL-Pipeline/.venv/lib/python3.10/site-packages/airflow/example_dags/example_time_delta_sensor_async.py for tasks to queue
[2024-10-21T21:00:21.221+0700] {logging_mixin.py:190} INFO - [2024-10-21T21:00:21.221+0700] {dagbag.py:588} INFO - Filling up the DagBag from /Users/punny/Documents/GitHub/NYC-Taxi-ETL-Pipeline/.venv/lib/python3.10/site-packages/airflow/example_dags/example_time_delta_sensor_async.py
[2024-10-21T21:00:21.235+0700] {processor.py:925} INFO - DAG(s) 'example_time_delta_sensor_async' retrieved from /Users/punny/Documents/GitHub/NYC-Taxi-ETL-Pipeline/.venv/lib/python3.10/site-packages/airflow/example_dags/example_time_delta_sensor_async.py
[2024-10-21T21:00:22.059+0700] {logging_mixin.py:190} INFO - [2024-10-21T21:00:22.058+0700] {dag.py:3239} INFO - Sync 1 DAGs
[2024-10-21T21:00:22.081+0700] {logging_mixin.py:190} INFO - [2024-10-21T21:00:22.081+0700] {dag.py:4180} INFO - Setting next_dagrun for example_time_delta_sensor_async to None, run_after=None
[2024-10-21T21:00:22.104+0700] {processor.py:208} INFO - Processing /Users/punny/Documents/GitHub/NYC-Taxi-ETL-Pipeline/.venv/lib/python3.10/site-packages/airflow/example_dags/example_time_delta_sensor_async.py took 0.897 seconds
[2024-10-21T21:04:25.743+0700] {processor.py:186} INFO - Started process (PID=6755) to work on /Users/punny/Documents/GitHub/NYC-Taxi-ETL-Pipeline/.venv/lib/python3.10/site-packages/airflow/example_dags/example_time_delta_sensor_async.py
[2024-10-21T21:04:25.746+0700] {processor.py:914} INFO - Processing file /Users/punny/Documents/GitHub/NYC-Taxi-ETL-Pipeline/.venv/lib/python3.10/site-packages/airflow/example_dags/example_time_delta_sensor_async.py for tasks to queue
[2024-10-21T21:04:25.747+0700] {logging_mixin.py:190} INFO - [2024-10-21T21:04:25.747+0700] {dagbag.py:588} INFO - Filling up the DagBag from /Users/punny/Documents/GitHub/NYC-Taxi-ETL-Pipeline/.venv/lib/python3.10/site-packages/airflow/example_dags/example_time_delta_sensor_async.py
[2024-10-21T21:04:25.758+0700] {processor.py:925} INFO - DAG(s) 'example_time_delta_sensor_async' retrieved from /Users/punny/Documents/GitHub/NYC-Taxi-ETL-Pipeline/.venv/lib/python3.10/site-packages/airflow/example_dags/example_time_delta_sensor_async.py
[2024-10-21T21:04:26.496+0700] {logging_mixin.py:190} INFO - [2024-10-21T21:04:26.495+0700] {dag.py:3239} INFO - Sync 1 DAGs
[2024-10-21T21:04:26.510+0700] {logging_mixin.py:190} INFO - [2024-10-21T21:04:26.510+0700] {dag.py:4180} INFO - Setting next_dagrun for example_time_delta_sensor_async to None, run_after=None
[2024-10-21T21:04:26.532+0700] {processor.py:208} INFO - Processing /Users/punny/Documents/GitHub/NYC-Taxi-ETL-Pipeline/.venv/lib/python3.10/site-packages/airflow/example_dags/example_time_delta_sensor_async.py took 0.797 seconds
[2024-10-21T21:07:48.306+0700] {processor.py:186} INFO - Started process (PID=7051) to work on /Users/punny/Documents/GitHub/NYC-Taxi-ETL-Pipeline/.venv/lib/python3.10/site-packages/airflow/example_dags/example_time_delta_sensor_async.py
[2024-10-21T21:07:48.311+0700] {processor.py:914} INFO - Processing file /Users/punny/Documents/GitHub/NYC-Taxi-ETL-Pipeline/.venv/lib/python3.10/site-packages/airflow/example_dags/example_time_delta_sensor_async.py for tasks to queue
[2024-10-21T21:07:48.313+0700] {logging_mixin.py:190} INFO - [2024-10-21T21:07:48.312+0700] {dagbag.py:588} INFO - Filling up the DagBag from /Users/punny/Documents/GitHub/NYC-Taxi-ETL-Pipeline/.venv/lib/python3.10/site-packages/airflow/example_dags/example_time_delta_sensor_async.py
[2024-10-21T21:07:48.326+0700] {processor.py:925} INFO - DAG(s) 'example_time_delta_sensor_async' retrieved from /Users/punny/Documents/GitHub/NYC-Taxi-ETL-Pipeline/.venv/lib/python3.10/site-packages/airflow/example_dags/example_time_delta_sensor_async.py
[2024-10-21T21:07:49.411+0700] {logging_mixin.py:190} INFO - [2024-10-21T21:07:49.410+0700] {dag.py:3239} INFO - Sync 1 DAGs
[2024-10-21T21:07:49.430+0700] {logging_mixin.py:190} INFO - [2024-10-21T21:07:49.430+0700] {dag.py:4180} INFO - Setting next_dagrun for example_time_delta_sensor_async to None, run_after=None
[2024-10-21T21:07:49.458+0700] {processor.py:208} INFO - Processing /Users/punny/Documents/GitHub/NYC-Taxi-ETL-Pipeline/.venv/lib/python3.10/site-packages/airflow/example_dags/example_time_delta_sensor_async.py took 1.163 seconds
[2024-10-21T21:11:06.701+0700] {processor.py:186} INFO - Started process (PID=7240) to work on /Users/punny/Documents/GitHub/NYC-Taxi-ETL-Pipeline/.venv/lib/python3.10/site-packages/airflow/example_dags/example_time_delta_sensor_async.py
[2024-10-21T21:11:06.704+0700] {processor.py:914} INFO - Processing file /Users/punny/Documents/GitHub/NYC-Taxi-ETL-Pipeline/.venv/lib/python3.10/site-packages/airflow/example_dags/example_time_delta_sensor_async.py for tasks to queue
[2024-10-21T21:11:06.705+0700] {logging_mixin.py:190} INFO - [2024-10-21T21:11:06.705+0700] {dagbag.py:588} INFO - Filling up the DagBag from /Users/punny/Documents/GitHub/NYC-Taxi-ETL-Pipeline/.venv/lib/python3.10/site-packages/airflow/example_dags/example_time_delta_sensor_async.py
[2024-10-21T21:11:06.716+0700] {processor.py:925} INFO - DAG(s) 'example_time_delta_sensor_async' retrieved from /Users/punny/Documents/GitHub/NYC-Taxi-ETL-Pipeline/.venv/lib/python3.10/site-packages/airflow/example_dags/example_time_delta_sensor_async.py
[2024-10-21T21:11:07.347+0700] {logging_mixin.py:190} INFO - [2024-10-21T21:11:07.347+0700] {dag.py:3239} INFO - Sync 1 DAGs
[2024-10-21T21:11:07.362+0700] {logging_mixin.py:190} INFO - [2024-10-21T21:11:07.362+0700] {dag.py:4180} INFO - Setting next_dagrun for example_time_delta_sensor_async to None, run_after=None
[2024-10-21T21:11:07.383+0700] {processor.py:208} INFO - Processing /Users/punny/Documents/GitHub/NYC-Taxi-ETL-Pipeline/.venv/lib/python3.10/site-packages/airflow/example_dags/example_time_delta_sensor_async.py took 0.690 seconds
[2024-10-21T21:14:12.113+0700] {processor.py:186} INFO - Started process (PID=7593) to work on /Users/punny/Documents/GitHub/NYC-Taxi-ETL-Pipeline/.venv/lib/python3.10/site-packages/airflow/example_dags/example_time_delta_sensor_async.py
[2024-10-21T21:14:12.116+0700] {processor.py:914} INFO - Processing file /Users/punny/Documents/GitHub/NYC-Taxi-ETL-Pipeline/.venv/lib/python3.10/site-packages/airflow/example_dags/example_time_delta_sensor_async.py for tasks to queue
[2024-10-21T21:14:12.117+0700] {logging_mixin.py:190} INFO - [2024-10-21T21:14:12.117+0700] {dagbag.py:588} INFO - Filling up the DagBag from /Users/punny/Documents/GitHub/NYC-Taxi-ETL-Pipeline/.venv/lib/python3.10/site-packages/airflow/example_dags/example_time_delta_sensor_async.py
[2024-10-21T21:14:12.130+0700] {processor.py:925} INFO - DAG(s) 'example_time_delta_sensor_async' retrieved from /Users/punny/Documents/GitHub/NYC-Taxi-ETL-Pipeline/.venv/lib/python3.10/site-packages/airflow/example_dags/example_time_delta_sensor_async.py
[2024-10-21T21:14:12.917+0700] {logging_mixin.py:190} INFO - [2024-10-21T21:14:12.917+0700] {dag.py:3239} INFO - Sync 1 DAGs
[2024-10-21T21:14:12.932+0700] {logging_mixin.py:190} INFO - [2024-10-21T21:14:12.931+0700] {dag.py:4180} INFO - Setting next_dagrun for example_time_delta_sensor_async to None, run_after=None
[2024-10-21T21:14:12.958+0700] {processor.py:208} INFO - Processing /Users/punny/Documents/GitHub/NYC-Taxi-ETL-Pipeline/.venv/lib/python3.10/site-packages/airflow/example_dags/example_time_delta_sensor_async.py took 0.853 seconds
[2024-10-21T21:17:31.827+0700] {processor.py:186} INFO - Started process (PID=7896) to work on /Users/punny/Documents/GitHub/NYC-Taxi-ETL-Pipeline/.venv/lib/python3.10/site-packages/airflow/example_dags/example_time_delta_sensor_async.py
[2024-10-21T21:17:31.830+0700] {processor.py:914} INFO - Processing file /Users/punny/Documents/GitHub/NYC-Taxi-ETL-Pipeline/.venv/lib/python3.10/site-packages/airflow/example_dags/example_time_delta_sensor_async.py for tasks to queue
[2024-10-21T21:17:31.832+0700] {logging_mixin.py:190} INFO - [2024-10-21T21:17:31.831+0700] {dagbag.py:588} INFO - Filling up the DagBag from /Users/punny/Documents/GitHub/NYC-Taxi-ETL-Pipeline/.venv/lib/python3.10/site-packages/airflow/example_dags/example_time_delta_sensor_async.py
[2024-10-21T21:17:31.847+0700] {processor.py:925} INFO - DAG(s) 'example_time_delta_sensor_async' retrieved from /Users/punny/Documents/GitHub/NYC-Taxi-ETL-Pipeline/.venv/lib/python3.10/site-packages/airflow/example_dags/example_time_delta_sensor_async.py
[2024-10-21T21:17:32.686+0700] {logging_mixin.py:190} INFO - [2024-10-21T21:17:32.685+0700] {dag.py:3239} INFO - Sync 1 DAGs
[2024-10-21T21:17:32.702+0700] {logging_mixin.py:190} INFO - [2024-10-21T21:17:32.702+0700] {dag.py:4180} INFO - Setting next_dagrun for example_time_delta_sensor_async to None, run_after=None
[2024-10-21T21:17:32.727+0700] {processor.py:208} INFO - Processing /Users/punny/Documents/GitHub/NYC-Taxi-ETL-Pipeline/.venv/lib/python3.10/site-packages/airflow/example_dags/example_time_delta_sensor_async.py took 0.908 seconds
[2024-10-21T21:20:33.750+0700] {processor.py:186} INFO - Started process (PID=8068) to work on /Users/punny/Documents/GitHub/NYC-Taxi-ETL-Pipeline/.venv/lib/python3.10/site-packages/airflow/example_dags/example_time_delta_sensor_async.py
[2024-10-21T21:20:33.754+0700] {processor.py:914} INFO - Processing file /Users/punny/Documents/GitHub/NYC-Taxi-ETL-Pipeline/.venv/lib/python3.10/site-packages/airflow/example_dags/example_time_delta_sensor_async.py for tasks to queue
[2024-10-21T21:20:33.755+0700] {logging_mixin.py:190} INFO - [2024-10-21T21:20:33.755+0700] {dagbag.py:588} INFO - Filling up the DagBag from /Users/punny/Documents/GitHub/NYC-Taxi-ETL-Pipeline/.venv/lib/python3.10/site-packages/airflow/example_dags/example_time_delta_sensor_async.py
[2024-10-21T21:20:33.765+0700] {processor.py:925} INFO - DAG(s) 'example_time_delta_sensor_async' retrieved from /Users/punny/Documents/GitHub/NYC-Taxi-ETL-Pipeline/.venv/lib/python3.10/site-packages/airflow/example_dags/example_time_delta_sensor_async.py
[2024-10-21T21:20:34.388+0700] {logging_mixin.py:190} INFO - [2024-10-21T21:20:34.388+0700] {dag.py:3239} INFO - Sync 1 DAGs
[2024-10-21T21:20:34.403+0700] {logging_mixin.py:190} INFO - [2024-10-21T21:20:34.403+0700] {dag.py:4180} INFO - Setting next_dagrun for example_time_delta_sensor_async to None, run_after=None
[2024-10-21T21:20:34.425+0700] {processor.py:208} INFO - Processing /Users/punny/Documents/GitHub/NYC-Taxi-ETL-Pipeline/.venv/lib/python3.10/site-packages/airflow/example_dags/example_time_delta_sensor_async.py took 0.684 seconds
[2024-10-21T21:23:24.130+0700] {processor.py:186} INFO - Started process (PID=8267) to work on /Users/punny/Documents/GitHub/NYC-Taxi-ETL-Pipeline/.venv/lib/python3.10/site-packages/airflow/example_dags/example_time_delta_sensor_async.py
[2024-10-21T21:23:24.135+0700] {processor.py:914} INFO - Processing file /Users/punny/Documents/GitHub/NYC-Taxi-ETL-Pipeline/.venv/lib/python3.10/site-packages/airflow/example_dags/example_time_delta_sensor_async.py for tasks to queue
[2024-10-21T21:23:24.136+0700] {logging_mixin.py:190} INFO - [2024-10-21T21:23:24.136+0700] {dagbag.py:588} INFO - Filling up the DagBag from /Users/punny/Documents/GitHub/NYC-Taxi-ETL-Pipeline/.venv/lib/python3.10/site-packages/airflow/example_dags/example_time_delta_sensor_async.py
[2024-10-21T21:23:24.149+0700] {processor.py:925} INFO - DAG(s) 'example_time_delta_sensor_async' retrieved from /Users/punny/Documents/GitHub/NYC-Taxi-ETL-Pipeline/.venv/lib/python3.10/site-packages/airflow/example_dags/example_time_delta_sensor_async.py
[2024-10-21T21:23:24.978+0700] {logging_mixin.py:190} INFO - [2024-10-21T21:23:24.977+0700] {dag.py:3239} INFO - Sync 1 DAGs
[2024-10-21T21:23:25.000+0700] {logging_mixin.py:190} INFO - [2024-10-21T21:23:25.000+0700] {dag.py:4180} INFO - Setting next_dagrun for example_time_delta_sensor_async to None, run_after=None
[2024-10-21T21:23:25.024+0700] {processor.py:208} INFO - Processing /Users/punny/Documents/GitHub/NYC-Taxi-ETL-Pipeline/.venv/lib/python3.10/site-packages/airflow/example_dags/example_time_delta_sensor_async.py took 0.908 seconds
[2024-10-21T21:26:55.815+0700] {processor.py:186} INFO - Started process (PID=8669) to work on /Users/punny/Documents/GitHub/NYC-Taxi-ETL-Pipeline/.venv/lib/python3.10/site-packages/airflow/example_dags/example_time_delta_sensor_async.py
[2024-10-21T21:26:55.821+0700] {processor.py:914} INFO - Processing file /Users/punny/Documents/GitHub/NYC-Taxi-ETL-Pipeline/.venv/lib/python3.10/site-packages/airflow/example_dags/example_time_delta_sensor_async.py for tasks to queue
[2024-10-21T21:26:55.824+0700] {logging_mixin.py:190} INFO - [2024-10-21T21:26:55.823+0700] {dagbag.py:588} INFO - Filling up the DagBag from /Users/punny/Documents/GitHub/NYC-Taxi-ETL-Pipeline/.venv/lib/python3.10/site-packages/airflow/example_dags/example_time_delta_sensor_async.py
[2024-10-21T21:26:55.842+0700] {processor.py:925} INFO - DAG(s) 'example_time_delta_sensor_async' retrieved from /Users/punny/Documents/GitHub/NYC-Taxi-ETL-Pipeline/.venv/lib/python3.10/site-packages/airflow/example_dags/example_time_delta_sensor_async.py
[2024-10-21T21:26:57.055+0700] {logging_mixin.py:190} INFO - [2024-10-21T21:26:57.054+0700] {dag.py:3239} INFO - Sync 1 DAGs
[2024-10-21T21:26:57.079+0700] {logging_mixin.py:190} INFO - [2024-10-21T21:26:57.078+0700] {dag.py:4180} INFO - Setting next_dagrun for example_time_delta_sensor_async to None, run_after=None
[2024-10-21T21:26:57.114+0700] {processor.py:208} INFO - Processing /Users/punny/Documents/GitHub/NYC-Taxi-ETL-Pipeline/.venv/lib/python3.10/site-packages/airflow/example_dags/example_time_delta_sensor_async.py took 1.313 seconds
[2024-10-21T21:29:55.549+0700] {processor.py:186} INFO - Started process (PID=8889) to work on /Users/punny/Documents/GitHub/NYC-Taxi-ETL-Pipeline/.venv/lib/python3.10/site-packages/airflow/example_dags/example_time_delta_sensor_async.py
[2024-10-21T21:29:55.552+0700] {processor.py:914} INFO - Processing file /Users/punny/Documents/GitHub/NYC-Taxi-ETL-Pipeline/.venv/lib/python3.10/site-packages/airflow/example_dags/example_time_delta_sensor_async.py for tasks to queue
[2024-10-21T21:29:55.553+0700] {logging_mixin.py:190} INFO - [2024-10-21T21:29:55.553+0700] {dagbag.py:588} INFO - Filling up the DagBag from /Users/punny/Documents/GitHub/NYC-Taxi-ETL-Pipeline/.venv/lib/python3.10/site-packages/airflow/example_dags/example_time_delta_sensor_async.py
[2024-10-21T21:29:55.565+0700] {processor.py:925} INFO - DAG(s) 'example_time_delta_sensor_async' retrieved from /Users/punny/Documents/GitHub/NYC-Taxi-ETL-Pipeline/.venv/lib/python3.10/site-packages/airflow/example_dags/example_time_delta_sensor_async.py
[2024-10-21T21:29:56.173+0700] {logging_mixin.py:190} INFO - [2024-10-21T21:29:56.173+0700] {dag.py:3239} INFO - Sync 1 DAGs
[2024-10-21T21:29:56.187+0700] {logging_mixin.py:190} INFO - [2024-10-21T21:29:56.187+0700] {dag.py:4180} INFO - Setting next_dagrun for example_time_delta_sensor_async to None, run_after=None
[2024-10-21T21:29:56.209+0700] {processor.py:208} INFO - Processing /Users/punny/Documents/GitHub/NYC-Taxi-ETL-Pipeline/.venv/lib/python3.10/site-packages/airflow/example_dags/example_time_delta_sensor_async.py took 0.669 seconds
[2024-10-21T21:32:46.463+0700] {processor.py:186} INFO - Started process (PID=9119) to work on /Users/punny/Documents/GitHub/NYC-Taxi-ETL-Pipeline/.venv/lib/python3.10/site-packages/airflow/example_dags/example_time_delta_sensor_async.py
[2024-10-21T21:32:46.467+0700] {processor.py:914} INFO - Processing file /Users/punny/Documents/GitHub/NYC-Taxi-ETL-Pipeline/.venv/lib/python3.10/site-packages/airflow/example_dags/example_time_delta_sensor_async.py for tasks to queue
[2024-10-21T21:32:46.468+0700] {logging_mixin.py:190} INFO - [2024-10-21T21:32:46.468+0700] {dagbag.py:588} INFO - Filling up the DagBag from /Users/punny/Documents/GitHub/NYC-Taxi-ETL-Pipeline/.venv/lib/python3.10/site-packages/airflow/example_dags/example_time_delta_sensor_async.py
[2024-10-21T21:32:46.478+0700] {processor.py:925} INFO - DAG(s) 'example_time_delta_sensor_async' retrieved from /Users/punny/Documents/GitHub/NYC-Taxi-ETL-Pipeline/.venv/lib/python3.10/site-packages/airflow/example_dags/example_time_delta_sensor_async.py
[2024-10-21T21:32:47.212+0700] {logging_mixin.py:190} INFO - [2024-10-21T21:32:47.211+0700] {dag.py:3239} INFO - Sync 1 DAGs
[2024-10-21T21:32:47.226+0700] {logging_mixin.py:190} INFO - [2024-10-21T21:32:47.226+0700] {dag.py:4180} INFO - Setting next_dagrun for example_time_delta_sensor_async to None, run_after=None
[2024-10-21T21:32:47.247+0700] {processor.py:208} INFO - Processing /Users/punny/Documents/GitHub/NYC-Taxi-ETL-Pipeline/.venv/lib/python3.10/site-packages/airflow/example_dags/example_time_delta_sensor_async.py took 0.793 seconds
[2024-10-21T21:35:44.891+0700] {processor.py:186} INFO - Started process (PID=9364) to work on /Users/punny/Documents/GitHub/NYC-Taxi-ETL-Pipeline/.venv/lib/python3.10/site-packages/airflow/example_dags/example_time_delta_sensor_async.py
[2024-10-21T21:35:44.895+0700] {processor.py:914} INFO - Processing file /Users/punny/Documents/GitHub/NYC-Taxi-ETL-Pipeline/.venv/lib/python3.10/site-packages/airflow/example_dags/example_time_delta_sensor_async.py for tasks to queue
[2024-10-21T21:35:44.896+0700] {logging_mixin.py:190} INFO - [2024-10-21T21:35:44.895+0700] {dagbag.py:588} INFO - Filling up the DagBag from /Users/punny/Documents/GitHub/NYC-Taxi-ETL-Pipeline/.venv/lib/python3.10/site-packages/airflow/example_dags/example_time_delta_sensor_async.py
[2024-10-21T21:35:44.908+0700] {processor.py:925} INFO - DAG(s) 'example_time_delta_sensor_async' retrieved from /Users/punny/Documents/GitHub/NYC-Taxi-ETL-Pipeline/.venv/lib/python3.10/site-packages/airflow/example_dags/example_time_delta_sensor_async.py
[2024-10-21T21:35:45.775+0700] {logging_mixin.py:190} INFO - [2024-10-21T21:35:45.774+0700] {dag.py:3239} INFO - Sync 1 DAGs
[2024-10-21T21:35:45.793+0700] {logging_mixin.py:190} INFO - [2024-10-21T21:35:45.793+0700] {dag.py:4180} INFO - Setting next_dagrun for example_time_delta_sensor_async to None, run_after=None
[2024-10-21T21:35:45.820+0700] {processor.py:208} INFO - Processing /Users/punny/Documents/GitHub/NYC-Taxi-ETL-Pipeline/.venv/lib/python3.10/site-packages/airflow/example_dags/example_time_delta_sensor_async.py took 0.941 seconds
[2024-10-21T21:39:09.152+0700] {processor.py:186} INFO - Started process (PID=9680) to work on /Users/punny/Documents/GitHub/NYC-Taxi-ETL-Pipeline/.venv/lib/python3.10/site-packages/airflow/example_dags/example_time_delta_sensor_async.py
[2024-10-21T21:39:09.155+0700] {processor.py:914} INFO - Processing file /Users/punny/Documents/GitHub/NYC-Taxi-ETL-Pipeline/.venv/lib/python3.10/site-packages/airflow/example_dags/example_time_delta_sensor_async.py for tasks to queue
[2024-10-21T21:39:09.156+0700] {logging_mixin.py:190} INFO - [2024-10-21T21:39:09.156+0700] {dagbag.py:588} INFO - Filling up the DagBag from /Users/punny/Documents/GitHub/NYC-Taxi-ETL-Pipeline/.venv/lib/python3.10/site-packages/airflow/example_dags/example_time_delta_sensor_async.py
[2024-10-21T21:39:09.168+0700] {processor.py:925} INFO - DAG(s) 'example_time_delta_sensor_async' retrieved from /Users/punny/Documents/GitHub/NYC-Taxi-ETL-Pipeline/.venv/lib/python3.10/site-packages/airflow/example_dags/example_time_delta_sensor_async.py
[2024-10-21T21:39:09.770+0700] {logging_mixin.py:190} INFO - [2024-10-21T21:39:09.769+0700] {dag.py:3239} INFO - Sync 1 DAGs
[2024-10-21T21:39:09.784+0700] {logging_mixin.py:190} INFO - [2024-10-21T21:39:09.783+0700] {dag.py:4180} INFO - Setting next_dagrun for example_time_delta_sensor_async to None, run_after=None
[2024-10-21T21:39:09.803+0700] {processor.py:208} INFO - Processing /Users/punny/Documents/GitHub/NYC-Taxi-ETL-Pipeline/.venv/lib/python3.10/site-packages/airflow/example_dags/example_time_delta_sensor_async.py took 0.659 seconds
[2024-10-21T21:42:48.545+0700] {processor.py:186} INFO - Started process (PID=9996) to work on /Users/punny/Documents/GitHub/NYC-Taxi-ETL-Pipeline/.venv/lib/python3.10/site-packages/airflow/example_dags/example_time_delta_sensor_async.py
[2024-10-21T21:42:48.548+0700] {processor.py:914} INFO - Processing file /Users/punny/Documents/GitHub/NYC-Taxi-ETL-Pipeline/.venv/lib/python3.10/site-packages/airflow/example_dags/example_time_delta_sensor_async.py for tasks to queue
[2024-10-21T21:42:48.549+0700] {logging_mixin.py:190} INFO - [2024-10-21T21:42:48.549+0700] {dagbag.py:588} INFO - Filling up the DagBag from /Users/punny/Documents/GitHub/NYC-Taxi-ETL-Pipeline/.venv/lib/python3.10/site-packages/airflow/example_dags/example_time_delta_sensor_async.py
[2024-10-21T21:42:48.559+0700] {processor.py:925} INFO - DAG(s) 'example_time_delta_sensor_async' retrieved from /Users/punny/Documents/GitHub/NYC-Taxi-ETL-Pipeline/.venv/lib/python3.10/site-packages/airflow/example_dags/example_time_delta_sensor_async.py
[2024-10-21T21:42:49.277+0700] {logging_mixin.py:190} INFO - [2024-10-21T21:42:49.277+0700] {dag.py:3239} INFO - Sync 1 DAGs
[2024-10-21T21:42:49.291+0700] {logging_mixin.py:190} INFO - [2024-10-21T21:42:49.291+0700] {dag.py:4180} INFO - Setting next_dagrun for example_time_delta_sensor_async to None, run_after=None
[2024-10-21T21:42:49.311+0700] {processor.py:208} INFO - Processing /Users/punny/Documents/GitHub/NYC-Taxi-ETL-Pipeline/.venv/lib/python3.10/site-packages/airflow/example_dags/example_time_delta_sensor_async.py took 0.774 seconds
[2024-10-21T21:46:31.304+0700] {processor.py:186} INFO - Started process (PID=10420) to work on /Users/punny/Documents/GitHub/NYC-Taxi-ETL-Pipeline/.venv/lib/python3.10/site-packages/airflow/example_dags/example_time_delta_sensor_async.py
[2024-10-21T21:46:31.309+0700] {processor.py:914} INFO - Processing file /Users/punny/Documents/GitHub/NYC-Taxi-ETL-Pipeline/.venv/lib/python3.10/site-packages/airflow/example_dags/example_time_delta_sensor_async.py for tasks to queue
[2024-10-21T21:46:31.310+0700] {logging_mixin.py:190} INFO - [2024-10-21T21:46:31.310+0700] {dagbag.py:588} INFO - Filling up the DagBag from /Users/punny/Documents/GitHub/NYC-Taxi-ETL-Pipeline/.venv/lib/python3.10/site-packages/airflow/example_dags/example_time_delta_sensor_async.py
[2024-10-21T21:46:31.326+0700] {processor.py:925} INFO - DAG(s) 'example_time_delta_sensor_async' retrieved from /Users/punny/Documents/GitHub/NYC-Taxi-ETL-Pipeline/.venv/lib/python3.10/site-packages/airflow/example_dags/example_time_delta_sensor_async.py
[2024-10-21T21:46:32.161+0700] {logging_mixin.py:190} INFO - [2024-10-21T21:46:32.160+0700] {dag.py:3239} INFO - Sync 1 DAGs
[2024-10-21T21:46:32.175+0700] {logging_mixin.py:190} INFO - [2024-10-21T21:46:32.175+0700] {dag.py:4180} INFO - Setting next_dagrun for example_time_delta_sensor_async to None, run_after=None
[2024-10-21T21:46:32.195+0700] {processor.py:208} INFO - Processing /Users/punny/Documents/GitHub/NYC-Taxi-ETL-Pipeline/.venv/lib/python3.10/site-packages/airflow/example_dags/example_time_delta_sensor_async.py took 0.899 seconds
[2024-10-21T21:49:30.692+0700] {processor.py:186} INFO - Started process (PID=10623) to work on /Users/punny/Documents/GitHub/NYC-Taxi-ETL-Pipeline/.venv/lib/python3.10/site-packages/airflow/example_dags/example_time_delta_sensor_async.py
[2024-10-21T21:49:30.695+0700] {processor.py:914} INFO - Processing file /Users/punny/Documents/GitHub/NYC-Taxi-ETL-Pipeline/.venv/lib/python3.10/site-packages/airflow/example_dags/example_time_delta_sensor_async.py for tasks to queue
[2024-10-21T21:49:30.697+0700] {logging_mixin.py:190} INFO - [2024-10-21T21:49:30.696+0700] {dagbag.py:588} INFO - Filling up the DagBag from /Users/punny/Documents/GitHub/NYC-Taxi-ETL-Pipeline/.venv/lib/python3.10/site-packages/airflow/example_dags/example_time_delta_sensor_async.py
[2024-10-21T21:49:30.708+0700] {processor.py:925} INFO - DAG(s) 'example_time_delta_sensor_async' retrieved from /Users/punny/Documents/GitHub/NYC-Taxi-ETL-Pipeline/.venv/lib/python3.10/site-packages/airflow/example_dags/example_time_delta_sensor_async.py
[2024-10-21T21:49:31.486+0700] {logging_mixin.py:190} INFO - [2024-10-21T21:49:31.486+0700] {dag.py:3239} INFO - Sync 1 DAGs
[2024-10-21T21:49:31.503+0700] {logging_mixin.py:190} INFO - [2024-10-21T21:49:31.502+0700] {dag.py:4180} INFO - Setting next_dagrun for example_time_delta_sensor_async to None, run_after=None
[2024-10-21T21:49:31.528+0700] {processor.py:208} INFO - Processing /Users/punny/Documents/GitHub/NYC-Taxi-ETL-Pipeline/.venv/lib/python3.10/site-packages/airflow/example_dags/example_time_delta_sensor_async.py took 0.845 seconds
[2024-10-21T21:51:01.976+0700] {processor.py:186} INFO - Started process (PID=10759) to work on /Users/punny/Documents/GitHub/NYC-Taxi-ETL-Pipeline/.venv/lib/python3.10/site-packages/airflow/example_dags/example_time_delta_sensor_async.py
[2024-10-21T21:51:01.980+0700] {processor.py:914} INFO - Processing file /Users/punny/Documents/GitHub/NYC-Taxi-ETL-Pipeline/.venv/lib/python3.10/site-packages/airflow/example_dags/example_time_delta_sensor_async.py for tasks to queue
[2024-10-21T21:51:01.981+0700] {logging_mixin.py:190} INFO - [2024-10-21T21:51:01.981+0700] {dagbag.py:588} INFO - Filling up the DagBag from /Users/punny/Documents/GitHub/NYC-Taxi-ETL-Pipeline/.venv/lib/python3.10/site-packages/airflow/example_dags/example_time_delta_sensor_async.py
[2024-10-21T21:51:01.992+0700] {processor.py:925} INFO - DAG(s) 'example_time_delta_sensor_async' retrieved from /Users/punny/Documents/GitHub/NYC-Taxi-ETL-Pipeline/.venv/lib/python3.10/site-packages/airflow/example_dags/example_time_delta_sensor_async.py
[2024-10-21T21:51:02.636+0700] {logging_mixin.py:190} INFO - [2024-10-21T21:51:02.636+0700] {dag.py:3239} INFO - Sync 1 DAGs
[2024-10-21T21:51:02.652+0700] {logging_mixin.py:190} INFO - [2024-10-21T21:51:02.652+0700] {dag.py:4180} INFO - Setting next_dagrun for example_time_delta_sensor_async to None, run_after=None
[2024-10-21T21:51:02.675+0700] {processor.py:208} INFO - Processing /Users/punny/Documents/GitHub/NYC-Taxi-ETL-Pipeline/.venv/lib/python3.10/site-packages/airflow/example_dags/example_time_delta_sensor_async.py took 0.708 seconds
[2024-10-21T21:55:06.892+0700] {processor.py:186} INFO - Started process (PID=11129) to work on /Users/punny/Documents/GitHub/NYC-Taxi-ETL-Pipeline/.venv/lib/python3.10/site-packages/airflow/example_dags/example_time_delta_sensor_async.py
[2024-10-21T21:55:06.896+0700] {processor.py:914} INFO - Processing file /Users/punny/Documents/GitHub/NYC-Taxi-ETL-Pipeline/.venv/lib/python3.10/site-packages/airflow/example_dags/example_time_delta_sensor_async.py for tasks to queue
[2024-10-21T21:55:06.897+0700] {logging_mixin.py:190} INFO - [2024-10-21T21:55:06.897+0700] {dagbag.py:588} INFO - Filling up the DagBag from /Users/punny/Documents/GitHub/NYC-Taxi-ETL-Pipeline/.venv/lib/python3.10/site-packages/airflow/example_dags/example_time_delta_sensor_async.py
[2024-10-21T21:55:06.907+0700] {processor.py:925} INFO - DAG(s) 'example_time_delta_sensor_async' retrieved from /Users/punny/Documents/GitHub/NYC-Taxi-ETL-Pipeline/.venv/lib/python3.10/site-packages/airflow/example_dags/example_time_delta_sensor_async.py
[2024-10-21T21:55:07.513+0700] {logging_mixin.py:190} INFO - [2024-10-21T21:55:07.513+0700] {dag.py:3239} INFO - Sync 1 DAGs
[2024-10-21T21:55:07.528+0700] {logging_mixin.py:190} INFO - [2024-10-21T21:55:07.527+0700] {dag.py:4180} INFO - Setting next_dagrun for example_time_delta_sensor_async to None, run_after=None
[2024-10-21T21:55:07.549+0700] {processor.py:208} INFO - Processing /Users/punny/Documents/GitHub/NYC-Taxi-ETL-Pipeline/.venv/lib/python3.10/site-packages/airflow/example_dags/example_time_delta_sensor_async.py took 0.666 seconds
[2024-10-21T21:59:07.317+0700] {processor.py:186} INFO - Started process (PID=11665) to work on /Users/punny/Documents/GitHub/NYC-Taxi-ETL-Pipeline/.venv/lib/python3.10/site-packages/airflow/example_dags/example_time_delta_sensor_async.py
[2024-10-21T21:59:07.320+0700] {processor.py:914} INFO - Processing file /Users/punny/Documents/GitHub/NYC-Taxi-ETL-Pipeline/.venv/lib/python3.10/site-packages/airflow/example_dags/example_time_delta_sensor_async.py for tasks to queue
[2024-10-21T21:59:07.321+0700] {logging_mixin.py:190} INFO - [2024-10-21T21:59:07.321+0700] {dagbag.py:588} INFO - Filling up the DagBag from /Users/punny/Documents/GitHub/NYC-Taxi-ETL-Pipeline/.venv/lib/python3.10/site-packages/airflow/example_dags/example_time_delta_sensor_async.py
[2024-10-21T21:59:07.330+0700] {processor.py:925} INFO - DAG(s) 'example_time_delta_sensor_async' retrieved from /Users/punny/Documents/GitHub/NYC-Taxi-ETL-Pipeline/.venv/lib/python3.10/site-packages/airflow/example_dags/example_time_delta_sensor_async.py
[2024-10-21T21:59:07.935+0700] {logging_mixin.py:190} INFO - [2024-10-21T21:59:07.934+0700] {dag.py:3239} INFO - Sync 1 DAGs
[2024-10-21T21:59:07.949+0700] {logging_mixin.py:190} INFO - [2024-10-21T21:59:07.949+0700] {dag.py:4180} INFO - Setting next_dagrun for example_time_delta_sensor_async to None, run_after=None
[2024-10-21T21:59:07.971+0700] {processor.py:208} INFO - Processing /Users/punny/Documents/GitHub/NYC-Taxi-ETL-Pipeline/.venv/lib/python3.10/site-packages/airflow/example_dags/example_time_delta_sensor_async.py took 0.661 seconds
[2024-10-21T22:16:26.485+0700] {processor.py:186} INFO - Started process (PID=12023) to work on /Users/punny/Documents/GitHub/NYC-Taxi-ETL-Pipeline/.venv/lib/python3.10/site-packages/airflow/example_dags/example_time_delta_sensor_async.py
[2024-10-21T22:16:26.488+0700] {processor.py:914} INFO - Processing file /Users/punny/Documents/GitHub/NYC-Taxi-ETL-Pipeline/.venv/lib/python3.10/site-packages/airflow/example_dags/example_time_delta_sensor_async.py for tasks to queue
[2024-10-21T22:16:26.489+0700] {logging_mixin.py:190} INFO - [2024-10-21T22:16:26.489+0700] {dagbag.py:588} INFO - Filling up the DagBag from /Users/punny/Documents/GitHub/NYC-Taxi-ETL-Pipeline/.venv/lib/python3.10/site-packages/airflow/example_dags/example_time_delta_sensor_async.py
[2024-10-21T22:16:26.501+0700] {processor.py:925} INFO - DAG(s) 'example_time_delta_sensor_async' retrieved from /Users/punny/Documents/GitHub/NYC-Taxi-ETL-Pipeline/.venv/lib/python3.10/site-packages/airflow/example_dags/example_time_delta_sensor_async.py
[2024-10-21T22:16:27.276+0700] {logging_mixin.py:190} INFO - [2024-10-21T22:16:27.276+0700] {dag.py:3239} INFO - Sync 1 DAGs
[2024-10-21T22:16:27.291+0700] {logging_mixin.py:190} INFO - [2024-10-21T22:16:27.291+0700] {dag.py:4180} INFO - Setting next_dagrun for example_time_delta_sensor_async to None, run_after=None
[2024-10-21T22:16:27.311+0700] {processor.py:208} INFO - Processing /Users/punny/Documents/GitHub/NYC-Taxi-ETL-Pipeline/.venv/lib/python3.10/site-packages/airflow/example_dags/example_time_delta_sensor_async.py took 0.835 seconds
[2024-10-21T22:19:21.823+0700] {processor.py:186} INFO - Started process (PID=12336) to work on /Users/punny/Documents/GitHub/NYC-Taxi-ETL-Pipeline/.venv/lib/python3.10/site-packages/airflow/example_dags/example_time_delta_sensor_async.py
[2024-10-21T22:19:21.826+0700] {processor.py:914} INFO - Processing file /Users/punny/Documents/GitHub/NYC-Taxi-ETL-Pipeline/.venv/lib/python3.10/site-packages/airflow/example_dags/example_time_delta_sensor_async.py for tasks to queue
[2024-10-21T22:19:21.827+0700] {logging_mixin.py:190} INFO - [2024-10-21T22:19:21.827+0700] {dagbag.py:588} INFO - Filling up the DagBag from /Users/punny/Documents/GitHub/NYC-Taxi-ETL-Pipeline/.venv/lib/python3.10/site-packages/airflow/example_dags/example_time_delta_sensor_async.py
[2024-10-21T22:19:21.841+0700] {processor.py:925} INFO - DAG(s) 'example_time_delta_sensor_async' retrieved from /Users/punny/Documents/GitHub/NYC-Taxi-ETL-Pipeline/.venv/lib/python3.10/site-packages/airflow/example_dags/example_time_delta_sensor_async.py
[2024-10-21T22:19:22.643+0700] {logging_mixin.py:190} INFO - [2024-10-21T22:19:22.642+0700] {dag.py:3239} INFO - Sync 1 DAGs
[2024-10-21T22:19:22.657+0700] {logging_mixin.py:190} INFO - [2024-10-21T22:19:22.656+0700] {dag.py:4180} INFO - Setting next_dagrun for example_time_delta_sensor_async to None, run_after=None
[2024-10-21T22:19:22.677+0700] {processor.py:208} INFO - Processing /Users/punny/Documents/GitHub/NYC-Taxi-ETL-Pipeline/.venv/lib/python3.10/site-packages/airflow/example_dags/example_time_delta_sensor_async.py took 0.862 seconds
[2024-10-21T22:24:23.293+0700] {processor.py:186} INFO - Started process (PID=13124) to work on /Users/punny/Documents/GitHub/NYC-Taxi-ETL-Pipeline/.venv/lib/python3.10/site-packages/airflow/example_dags/example_time_delta_sensor_async.py
[2024-10-21T22:24:23.298+0700] {processor.py:914} INFO - Processing file /Users/punny/Documents/GitHub/NYC-Taxi-ETL-Pipeline/.venv/lib/python3.10/site-packages/airflow/example_dags/example_time_delta_sensor_async.py for tasks to queue
[2024-10-21T22:24:23.300+0700] {logging_mixin.py:190} INFO - [2024-10-21T22:24:23.299+0700] {dagbag.py:588} INFO - Filling up the DagBag from /Users/punny/Documents/GitHub/NYC-Taxi-ETL-Pipeline/.venv/lib/python3.10/site-packages/airflow/example_dags/example_time_delta_sensor_async.py
[2024-10-21T22:24:23.309+0700] {processor.py:925} INFO - DAG(s) 'example_time_delta_sensor_async' retrieved from /Users/punny/Documents/GitHub/NYC-Taxi-ETL-Pipeline/.venv/lib/python3.10/site-packages/airflow/example_dags/example_time_delta_sensor_async.py
[2024-10-21T22:24:23.984+0700] {logging_mixin.py:190} INFO - [2024-10-21T22:24:23.983+0700] {dag.py:3239} INFO - Sync 1 DAGs
[2024-10-21T22:24:23.998+0700] {logging_mixin.py:190} INFO - [2024-10-21T22:24:23.998+0700] {dag.py:4180} INFO - Setting next_dagrun for example_time_delta_sensor_async to None, run_after=None
[2024-10-21T22:24:24.019+0700] {processor.py:208} INFO - Processing /Users/punny/Documents/GitHub/NYC-Taxi-ETL-Pipeline/.venv/lib/python3.10/site-packages/airflow/example_dags/example_time_delta_sensor_async.py took 0.733 seconds
[2024-10-21T22:28:21.523+0700] {processor.py:186} INFO - Started process (PID=13483) to work on /Users/punny/Documents/GitHub/NYC-Taxi-ETL-Pipeline/.venv/lib/python3.10/site-packages/airflow/example_dags/example_time_delta_sensor_async.py
[2024-10-21T22:28:21.526+0700] {processor.py:914} INFO - Processing file /Users/punny/Documents/GitHub/NYC-Taxi-ETL-Pipeline/.venv/lib/python3.10/site-packages/airflow/example_dags/example_time_delta_sensor_async.py for tasks to queue
[2024-10-21T22:28:21.527+0700] {logging_mixin.py:190} INFO - [2024-10-21T22:28:21.527+0700] {dagbag.py:588} INFO - Filling up the DagBag from /Users/punny/Documents/GitHub/NYC-Taxi-ETL-Pipeline/.venv/lib/python3.10/site-packages/airflow/example_dags/example_time_delta_sensor_async.py
[2024-10-21T22:28:21.538+0700] {processor.py:925} INFO - DAG(s) 'example_time_delta_sensor_async' retrieved from /Users/punny/Documents/GitHub/NYC-Taxi-ETL-Pipeline/.venv/lib/python3.10/site-packages/airflow/example_dags/example_time_delta_sensor_async.py
[2024-10-21T22:28:22.130+0700] {logging_mixin.py:190} INFO - [2024-10-21T22:28:22.130+0700] {dag.py:3239} INFO - Sync 1 DAGs
[2024-10-21T22:28:22.145+0700] {logging_mixin.py:190} INFO - [2024-10-21T22:28:22.145+0700] {dag.py:4180} INFO - Setting next_dagrun for example_time_delta_sensor_async to None, run_after=None
[2024-10-21T22:28:22.167+0700] {processor.py:208} INFO - Processing /Users/punny/Documents/GitHub/NYC-Taxi-ETL-Pipeline/.venv/lib/python3.10/site-packages/airflow/example_dags/example_time_delta_sensor_async.py took 0.652 seconds
[2024-10-21T22:31:16.605+0700] {processor.py:186} INFO - Started process (PID=13704) to work on /Users/punny/Documents/GitHub/NYC-Taxi-ETL-Pipeline/.venv/lib/python3.10/site-packages/airflow/example_dags/example_time_delta_sensor_async.py
[2024-10-21T22:31:16.609+0700] {processor.py:914} INFO - Processing file /Users/punny/Documents/GitHub/NYC-Taxi-ETL-Pipeline/.venv/lib/python3.10/site-packages/airflow/example_dags/example_time_delta_sensor_async.py for tasks to queue
[2024-10-21T22:31:16.611+0700] {logging_mixin.py:190} INFO - [2024-10-21T22:31:16.610+0700] {dagbag.py:588} INFO - Filling up the DagBag from /Users/punny/Documents/GitHub/NYC-Taxi-ETL-Pipeline/.venv/lib/python3.10/site-packages/airflow/example_dags/example_time_delta_sensor_async.py
[2024-10-21T22:31:16.621+0700] {processor.py:925} INFO - DAG(s) 'example_time_delta_sensor_async' retrieved from /Users/punny/Documents/GitHub/NYC-Taxi-ETL-Pipeline/.venv/lib/python3.10/site-packages/airflow/example_dags/example_time_delta_sensor_async.py
[2024-10-21T22:31:17.207+0700] {logging_mixin.py:190} INFO - [2024-10-21T22:31:17.206+0700] {dag.py:3239} INFO - Sync 1 DAGs
[2024-10-21T22:31:17.221+0700] {logging_mixin.py:190} INFO - [2024-10-21T22:31:17.221+0700] {dag.py:4180} INFO - Setting next_dagrun for example_time_delta_sensor_async to None, run_after=None
[2024-10-21T22:31:17.242+0700] {processor.py:208} INFO - Processing /Users/punny/Documents/GitHub/NYC-Taxi-ETL-Pipeline/.venv/lib/python3.10/site-packages/airflow/example_dags/example_time_delta_sensor_async.py took 0.645 seconds
