[2024-10-21T12:21:11.491+0700] {processor.py:186} INFO - Started process (PID=34005) to work on /Users/punny/Documents/GitHub/NYC-Taxi-ETL-Pipeline/.venv/lib/python3.10/site-packages/airflow/example_dags/example_xcomargs.py
[2024-10-21T12:21:11.494+0700] {processor.py:914} INFO - Processing file /Users/punny/Documents/GitHub/NYC-Taxi-ETL-Pipeline/.venv/lib/python3.10/site-packages/airflow/example_dags/example_xcomargs.py for tasks to queue
[2024-10-21T12:21:11.496+0700] {logging_mixin.py:190} INFO - [2024-10-21T12:21:11.495+0700] {dagbag.py:588} INFO - Filling up the DagBag from /Users/punny/Documents/GitHub/NYC-Taxi-ETL-Pipeline/.venv/lib/python3.10/site-packages/airflow/example_dags/example_xcomargs.py
[2024-10-21T12:21:11.568+0700] {processor.py:925} INFO - DAG(s) 'example_xcom_args', 'example_xcom_args_with_operators' retrieved from /Users/punny/Documents/GitHub/NYC-Taxi-ETL-Pipeline/.venv/lib/python3.10/site-packages/airflow/example_dags/example_xcomargs.py
[2024-10-21T12:21:11.813+0700] {logging_mixin.py:190} INFO - [2024-10-21T12:21:11.813+0700] {dag.py:3239} INFO - Sync 2 DAGs
[2024-10-21T12:21:11.833+0700] {logging_mixin.py:190} INFO - [2024-10-21T12:21:11.833+0700] {dag.py:4180} INFO - Setting next_dagrun for example_xcom_args to None, run_after=None
[2024-10-21T12:21:11.838+0700] {logging_mixin.py:190} INFO - [2024-10-21T12:21:11.837+0700] {dag.py:4180} INFO - Setting next_dagrun for example_xcom_args_with_operators to None, run_after=None
[2024-10-21T12:21:11.862+0700] {processor.py:208} INFO - Processing /Users/punny/Documents/GitHub/NYC-Taxi-ETL-Pipeline/.venv/lib/python3.10/site-packages/airflow/example_dags/example_xcomargs.py took 0.383 seconds
[2024-10-21T13:41:52.564+0700] {processor.py:186} INFO - Started process (PID=34856) to work on /Users/punny/Documents/GitHub/NYC-Taxi-ETL-Pipeline/.venv/lib/python3.10/site-packages/airflow/example_dags/example_xcomargs.py
[2024-10-21T13:41:52.569+0700] {processor.py:914} INFO - Processing file /Users/punny/Documents/GitHub/NYC-Taxi-ETL-Pipeline/.venv/lib/python3.10/site-packages/airflow/example_dags/example_xcomargs.py for tasks to queue
[2024-10-21T13:41:52.570+0700] {logging_mixin.py:190} INFO - [2024-10-21T13:41:52.570+0700] {dagbag.py:588} INFO - Filling up the DagBag from /Users/punny/Documents/GitHub/NYC-Taxi-ETL-Pipeline/.venv/lib/python3.10/site-packages/airflow/example_dags/example_xcomargs.py
[2024-10-21T13:41:52.672+0700] {processor.py:925} INFO - DAG(s) 'example_xcom_args', 'example_xcom_args_with_operators' retrieved from /Users/punny/Documents/GitHub/NYC-Taxi-ETL-Pipeline/.venv/lib/python3.10/site-packages/airflow/example_dags/example_xcomargs.py
[2024-10-21T13:41:52.960+0700] {logging_mixin.py:190} INFO - [2024-10-21T13:41:52.959+0700] {dag.py:3239} INFO - Sync 2 DAGs
[2024-10-21T13:41:52.982+0700] {logging_mixin.py:190} INFO - [2024-10-21T13:41:52.981+0700] {dag.py:4180} INFO - Setting next_dagrun for example_xcom_args to None, run_after=None
[2024-10-21T13:41:52.987+0700] {logging_mixin.py:190} INFO - [2024-10-21T13:41:52.987+0700] {dag.py:4180} INFO - Setting next_dagrun for example_xcom_args_with_operators to None, run_after=None
[2024-10-21T13:41:53.021+0700] {processor.py:208} INFO - Processing /Users/punny/Documents/GitHub/NYC-Taxi-ETL-Pipeline/.venv/lib/python3.10/site-packages/airflow/example_dags/example_xcomargs.py took 0.466 seconds
[2024-10-21T14:39:48.846+0700] {processor.py:186} INFO - Started process (PID=35624) to work on /Users/punny/Documents/GitHub/NYC-Taxi-ETL-Pipeline/.venv/lib/python3.10/site-packages/airflow/example_dags/example_xcomargs.py
[2024-10-21T14:39:48.850+0700] {processor.py:914} INFO - Processing file /Users/punny/Documents/GitHub/NYC-Taxi-ETL-Pipeline/.venv/lib/python3.10/site-packages/airflow/example_dags/example_xcomargs.py for tasks to queue
[2024-10-21T14:39:48.851+0700] {logging_mixin.py:190} INFO - [2024-10-21T14:39:48.851+0700] {dagbag.py:588} INFO - Filling up the DagBag from /Users/punny/Documents/GitHub/NYC-Taxi-ETL-Pipeline/.venv/lib/python3.10/site-packages/airflow/example_dags/example_xcomargs.py
[2024-10-21T14:39:48.920+0700] {processor.py:925} INFO - DAG(s) 'example_xcom_args_with_operators', 'example_xcom_args' retrieved from /Users/punny/Documents/GitHub/NYC-Taxi-ETL-Pipeline/.venv/lib/python3.10/site-packages/airflow/example_dags/example_xcomargs.py
[2024-10-21T14:39:49.196+0700] {logging_mixin.py:190} INFO - [2024-10-21T14:39:49.196+0700] {dag.py:3239} INFO - Sync 2 DAGs
[2024-10-21T14:39:49.220+0700] {logging_mixin.py:190} INFO - [2024-10-21T14:39:49.220+0700] {dag.py:4180} INFO - Setting next_dagrun for example_xcom_args to None, run_after=None
[2024-10-21T14:39:49.225+0700] {logging_mixin.py:190} INFO - [2024-10-21T14:39:49.225+0700] {dag.py:4180} INFO - Setting next_dagrun for example_xcom_args_with_operators to None, run_after=None
[2024-10-21T14:39:49.253+0700] {processor.py:208} INFO - Processing /Users/punny/Documents/GitHub/NYC-Taxi-ETL-Pipeline/.venv/lib/python3.10/site-packages/airflow/example_dags/example_xcomargs.py took 0.420 seconds
[2024-10-21T14:51:06.548+0700] {processor.py:186} INFO - Started process (PID=36353) to work on /Users/punny/Documents/GitHub/NYC-Taxi-ETL-Pipeline/.venv/lib/python3.10/site-packages/airflow/example_dags/example_xcomargs.py
[2024-10-21T14:51:06.552+0700] {processor.py:914} INFO - Processing file /Users/punny/Documents/GitHub/NYC-Taxi-ETL-Pipeline/.venv/lib/python3.10/site-packages/airflow/example_dags/example_xcomargs.py for tasks to queue
[2024-10-21T14:51:06.553+0700] {logging_mixin.py:190} INFO - [2024-10-21T14:51:06.553+0700] {dagbag.py:588} INFO - Filling up the DagBag from /Users/punny/Documents/GitHub/NYC-Taxi-ETL-Pipeline/.venv/lib/python3.10/site-packages/airflow/example_dags/example_xcomargs.py
[2024-10-21T14:51:06.630+0700] {processor.py:925} INFO - DAG(s) 'example_xcom_args', 'example_xcom_args_with_operators' retrieved from /Users/punny/Documents/GitHub/NYC-Taxi-ETL-Pipeline/.venv/lib/python3.10/site-packages/airflow/example_dags/example_xcomargs.py
[2024-10-21T14:51:06.862+0700] {logging_mixin.py:190} INFO - [2024-10-21T14:51:06.861+0700] {dag.py:3239} INFO - Sync 2 DAGs
[2024-10-21T14:51:06.876+0700] {logging_mixin.py:190} INFO - [2024-10-21T14:51:06.876+0700] {dag.py:4180} INFO - Setting next_dagrun for example_xcom_args to None, run_after=None
[2024-10-21T14:51:06.879+0700] {logging_mixin.py:190} INFO - [2024-10-21T14:51:06.879+0700] {dag.py:4180} INFO - Setting next_dagrun for example_xcom_args_with_operators to None, run_after=None
[2024-10-21T14:51:06.898+0700] {processor.py:208} INFO - Processing /Users/punny/Documents/GitHub/NYC-Taxi-ETL-Pipeline/.venv/lib/python3.10/site-packages/airflow/example_dags/example_xcomargs.py took 0.361 seconds
[2024-10-21T14:54:45.788+0700] {processor.py:186} INFO - Started process (PID=36890) to work on /Users/punny/Documents/GitHub/NYC-Taxi-ETL-Pipeline/.venv/lib/python3.10/site-packages/airflow/example_dags/example_xcomargs.py
[2024-10-21T14:54:45.791+0700] {processor.py:914} INFO - Processing file /Users/punny/Documents/GitHub/NYC-Taxi-ETL-Pipeline/.venv/lib/python3.10/site-packages/airflow/example_dags/example_xcomargs.py for tasks to queue
[2024-10-21T14:54:45.793+0700] {logging_mixin.py:190} INFO - [2024-10-21T14:54:45.792+0700] {dagbag.py:588} INFO - Filling up the DagBag from /Users/punny/Documents/GitHub/NYC-Taxi-ETL-Pipeline/.venv/lib/python3.10/site-packages/airflow/example_dags/example_xcomargs.py
[2024-10-21T14:54:45.842+0700] {processor.py:925} INFO - DAG(s) 'example_xcom_args', 'example_xcom_args_with_operators' retrieved from /Users/punny/Documents/GitHub/NYC-Taxi-ETL-Pipeline/.venv/lib/python3.10/site-packages/airflow/example_dags/example_xcomargs.py
[2024-10-21T14:54:46.048+0700] {logging_mixin.py:190} INFO - [2024-10-21T14:54:46.047+0700] {dag.py:3239} INFO - Sync 2 DAGs
[2024-10-21T14:54:46.067+0700] {logging_mixin.py:190} INFO - [2024-10-21T14:54:46.067+0700] {dag.py:4180} INFO - Setting next_dagrun for example_xcom_args to None, run_after=None
[2024-10-21T14:54:46.071+0700] {logging_mixin.py:190} INFO - [2024-10-21T14:54:46.070+0700] {dag.py:4180} INFO - Setting next_dagrun for example_xcom_args_with_operators to None, run_after=None
[2024-10-21T14:54:46.090+0700] {processor.py:208} INFO - Processing /Users/punny/Documents/GitHub/NYC-Taxi-ETL-Pipeline/.venv/lib/python3.10/site-packages/airflow/example_dags/example_xcomargs.py took 0.311 seconds
[2024-10-21T14:59:19.933+0700] {processor.py:186} INFO - Started process (PID=37585) to work on /Users/punny/Documents/GitHub/NYC-Taxi-ETL-Pipeline/.venv/lib/python3.10/site-packages/airflow/example_dags/example_xcomargs.py
[2024-10-21T14:59:19.936+0700] {processor.py:914} INFO - Processing file /Users/punny/Documents/GitHub/NYC-Taxi-ETL-Pipeline/.venv/lib/python3.10/site-packages/airflow/example_dags/example_xcomargs.py for tasks to queue
[2024-10-21T14:59:19.938+0700] {logging_mixin.py:190} INFO - [2024-10-21T14:59:19.938+0700] {dagbag.py:588} INFO - Filling up the DagBag from /Users/punny/Documents/GitHub/NYC-Taxi-ETL-Pipeline/.venv/lib/python3.10/site-packages/airflow/example_dags/example_xcomargs.py
[2024-10-21T14:59:19.992+0700] {processor.py:925} INFO - DAG(s) 'example_xcom_args_with_operators', 'example_xcom_args' retrieved from /Users/punny/Documents/GitHub/NYC-Taxi-ETL-Pipeline/.venv/lib/python3.10/site-packages/airflow/example_dags/example_xcomargs.py
[2024-10-21T14:59:20.223+0700] {logging_mixin.py:190} INFO - [2024-10-21T14:59:20.222+0700] {dag.py:3239} INFO - Sync 2 DAGs
[2024-10-21T14:59:20.242+0700] {logging_mixin.py:190} INFO - [2024-10-21T14:59:20.241+0700] {dag.py:4180} INFO - Setting next_dagrun for example_xcom_args to None, run_after=None
[2024-10-21T14:59:20.246+0700] {logging_mixin.py:190} INFO - [2024-10-21T14:59:20.245+0700] {dag.py:4180} INFO - Setting next_dagrun for example_xcom_args_with_operators to None, run_after=None
[2024-10-21T14:59:20.268+0700] {processor.py:208} INFO - Processing /Users/punny/Documents/GitHub/NYC-Taxi-ETL-Pipeline/.venv/lib/python3.10/site-packages/airflow/example_dags/example_xcomargs.py took 0.345 seconds
[2024-10-21T15:04:59.741+0700] {processor.py:186} INFO - Started process (PID=38381) to work on /Users/punny/Documents/GitHub/NYC-Taxi-ETL-Pipeline/.venv/lib/python3.10/site-packages/airflow/example_dags/example_xcomargs.py
[2024-10-21T15:04:59.744+0700] {processor.py:914} INFO - Processing file /Users/punny/Documents/GitHub/NYC-Taxi-ETL-Pipeline/.venv/lib/python3.10/site-packages/airflow/example_dags/example_xcomargs.py for tasks to queue
[2024-10-21T15:04:59.746+0700] {logging_mixin.py:190} INFO - [2024-10-21T15:04:59.745+0700] {dagbag.py:588} INFO - Filling up the DagBag from /Users/punny/Documents/GitHub/NYC-Taxi-ETL-Pipeline/.venv/lib/python3.10/site-packages/airflow/example_dags/example_xcomargs.py
[2024-10-21T15:04:59.830+0700] {processor.py:925} INFO - DAG(s) 'example_xcom_args_with_operators', 'example_xcom_args' retrieved from /Users/punny/Documents/GitHub/NYC-Taxi-ETL-Pipeline/.venv/lib/python3.10/site-packages/airflow/example_dags/example_xcomargs.py
[2024-10-21T15:05:00.176+0700] {logging_mixin.py:190} INFO - [2024-10-21T15:05:00.176+0700] {dag.py:3239} INFO - Sync 2 DAGs
[2024-10-21T15:05:00.202+0700] {logging_mixin.py:190} INFO - [2024-10-21T15:05:00.201+0700] {dag.py:4180} INFO - Setting next_dagrun for example_xcom_args to None, run_after=None
[2024-10-21T15:05:00.213+0700] {logging_mixin.py:190} INFO - [2024-10-21T15:05:00.213+0700] {dag.py:4180} INFO - Setting next_dagrun for example_xcom_args_with_operators to None, run_after=None
[2024-10-21T15:05:00.244+0700] {processor.py:208} INFO - Processing /Users/punny/Documents/GitHub/NYC-Taxi-ETL-Pipeline/.venv/lib/python3.10/site-packages/airflow/example_dags/example_xcomargs.py took 0.510 seconds
[2024-10-21T15:09:37.624+0700] {processor.py:186} INFO - Started process (PID=38932) to work on /Users/punny/Documents/GitHub/NYC-Taxi-ETL-Pipeline/.venv/lib/python3.10/site-packages/airflow/example_dags/example_xcomargs.py
[2024-10-21T15:09:37.631+0700] {processor.py:914} INFO - Processing file /Users/punny/Documents/GitHub/NYC-Taxi-ETL-Pipeline/.venv/lib/python3.10/site-packages/airflow/example_dags/example_xcomargs.py for tasks to queue
[2024-10-21T15:09:37.648+0700] {logging_mixin.py:190} INFO - [2024-10-21T15:09:37.648+0700] {dagbag.py:588} INFO - Filling up the DagBag from /Users/punny/Documents/GitHub/NYC-Taxi-ETL-Pipeline/.venv/lib/python3.10/site-packages/airflow/example_dags/example_xcomargs.py
[2024-10-21T15:09:37.744+0700] {processor.py:925} INFO - DAG(s) 'example_xcom_args_with_operators', 'example_xcom_args' retrieved from /Users/punny/Documents/GitHub/NYC-Taxi-ETL-Pipeline/.venv/lib/python3.10/site-packages/airflow/example_dags/example_xcomargs.py
[2024-10-21T15:09:38.152+0700] {logging_mixin.py:190} INFO - [2024-10-21T15:09:38.152+0700] {dag.py:3239} INFO - Sync 2 DAGs
[2024-10-21T15:09:38.184+0700] {logging_mixin.py:190} INFO - [2024-10-21T15:09:38.183+0700] {dag.py:4180} INFO - Setting next_dagrun for example_xcom_args to None, run_after=None
[2024-10-21T15:09:38.190+0700] {logging_mixin.py:190} INFO - [2024-10-21T15:09:38.189+0700] {dag.py:4180} INFO - Setting next_dagrun for example_xcom_args_with_operators to None, run_after=None
[2024-10-21T15:09:38.225+0700] {processor.py:208} INFO - Processing /Users/punny/Documents/GitHub/NYC-Taxi-ETL-Pipeline/.venv/lib/python3.10/site-packages/airflow/example_dags/example_xcomargs.py took 0.610 seconds
[2024-10-21T15:14:00.696+0700] {processor.py:186} INFO - Started process (PID=39517) to work on /Users/punny/Documents/GitHub/NYC-Taxi-ETL-Pipeline/.venv/lib/python3.10/site-packages/airflow/example_dags/example_xcomargs.py
[2024-10-21T15:14:00.701+0700] {processor.py:914} INFO - Processing file /Users/punny/Documents/GitHub/NYC-Taxi-ETL-Pipeline/.venv/lib/python3.10/site-packages/airflow/example_dags/example_xcomargs.py for tasks to queue
[2024-10-21T15:14:00.702+0700] {logging_mixin.py:190} INFO - [2024-10-21T15:14:00.702+0700] {dagbag.py:588} INFO - Filling up the DagBag from /Users/punny/Documents/GitHub/NYC-Taxi-ETL-Pipeline/.venv/lib/python3.10/site-packages/airflow/example_dags/example_xcomargs.py
[2024-10-21T15:14:00.789+0700] {processor.py:925} INFO - DAG(s) 'example_xcom_args_with_operators', 'example_xcom_args' retrieved from /Users/punny/Documents/GitHub/NYC-Taxi-ETL-Pipeline/.venv/lib/python3.10/site-packages/airflow/example_dags/example_xcomargs.py
[2024-10-21T15:14:01.053+0700] {logging_mixin.py:190} INFO - [2024-10-21T15:14:01.052+0700] {dag.py:3239} INFO - Sync 2 DAGs
[2024-10-21T15:14:01.076+0700] {logging_mixin.py:190} INFO - [2024-10-21T15:14:01.075+0700] {dag.py:4180} INFO - Setting next_dagrun for example_xcom_args to None, run_after=None
[2024-10-21T15:14:01.080+0700] {logging_mixin.py:190} INFO - [2024-10-21T15:14:01.080+0700] {dag.py:4180} INFO - Setting next_dagrun for example_xcom_args_with_operators to None, run_after=None
[2024-10-21T15:14:01.111+0700] {processor.py:208} INFO - Processing /Users/punny/Documents/GitHub/NYC-Taxi-ETL-Pipeline/.venv/lib/python3.10/site-packages/airflow/example_dags/example_xcomargs.py took 0.430 seconds
[2024-10-21T15:18:24.740+0700] {processor.py:186} INFO - Started process (PID=40051) to work on /Users/punny/Documents/GitHub/NYC-Taxi-ETL-Pipeline/.venv/lib/python3.10/site-packages/airflow/example_dags/example_xcomargs.py
[2024-10-21T15:18:24.745+0700] {processor.py:914} INFO - Processing file /Users/punny/Documents/GitHub/NYC-Taxi-ETL-Pipeline/.venv/lib/python3.10/site-packages/airflow/example_dags/example_xcomargs.py for tasks to queue
[2024-10-21T15:18:24.747+0700] {logging_mixin.py:190} INFO - [2024-10-21T15:18:24.746+0700] {dagbag.py:588} INFO - Filling up the DagBag from /Users/punny/Documents/GitHub/NYC-Taxi-ETL-Pipeline/.venv/lib/python3.10/site-packages/airflow/example_dags/example_xcomargs.py
[2024-10-21T15:18:24.812+0700] {processor.py:925} INFO - DAG(s) 'example_xcom_args_with_operators', 'example_xcom_args' retrieved from /Users/punny/Documents/GitHub/NYC-Taxi-ETL-Pipeline/.venv/lib/python3.10/site-packages/airflow/example_dags/example_xcomargs.py
[2024-10-21T15:18:25.104+0700] {logging_mixin.py:190} INFO - [2024-10-21T15:18:25.103+0700] {dag.py:3239} INFO - Sync 2 DAGs
[2024-10-21T15:18:25.124+0700] {logging_mixin.py:190} INFO - [2024-10-21T15:18:25.124+0700] {dag.py:4180} INFO - Setting next_dagrun for example_xcom_args to None, run_after=None
[2024-10-21T15:18:25.129+0700] {logging_mixin.py:190} INFO - [2024-10-21T15:18:25.128+0700] {dag.py:4180} INFO - Setting next_dagrun for example_xcom_args_with_operators to None, run_after=None
[2024-10-21T15:18:25.159+0700] {processor.py:208} INFO - Processing /Users/punny/Documents/GitHub/NYC-Taxi-ETL-Pipeline/.venv/lib/python3.10/site-packages/airflow/example_dags/example_xcomargs.py took 0.427 seconds
[2024-10-21T15:22:32.237+0700] {processor.py:186} INFO - Started process (PID=40601) to work on /Users/punny/Documents/GitHub/NYC-Taxi-ETL-Pipeline/.venv/lib/python3.10/site-packages/airflow/example_dags/example_xcomargs.py
[2024-10-21T15:22:32.243+0700] {processor.py:914} INFO - Processing file /Users/punny/Documents/GitHub/NYC-Taxi-ETL-Pipeline/.venv/lib/python3.10/site-packages/airflow/example_dags/example_xcomargs.py for tasks to queue
[2024-10-21T15:22:32.245+0700] {logging_mixin.py:190} INFO - [2024-10-21T15:22:32.245+0700] {dagbag.py:588} INFO - Filling up the DagBag from /Users/punny/Documents/GitHub/NYC-Taxi-ETL-Pipeline/.venv/lib/python3.10/site-packages/airflow/example_dags/example_xcomargs.py
[2024-10-21T15:22:32.314+0700] {processor.py:925} INFO - DAG(s) 'example_xcom_args', 'example_xcom_args_with_operators' retrieved from /Users/punny/Documents/GitHub/NYC-Taxi-ETL-Pipeline/.venv/lib/python3.10/site-packages/airflow/example_dags/example_xcomargs.py
[2024-10-21T15:22:32.615+0700] {logging_mixin.py:190} INFO - [2024-10-21T15:22:32.615+0700] {dag.py:3239} INFO - Sync 2 DAGs
[2024-10-21T15:22:32.635+0700] {logging_mixin.py:190} INFO - [2024-10-21T15:22:32.635+0700] {dag.py:4180} INFO - Setting next_dagrun for example_xcom_args to None, run_after=None
[2024-10-21T15:22:32.641+0700] {logging_mixin.py:190} INFO - [2024-10-21T15:22:32.641+0700] {dag.py:4180} INFO - Setting next_dagrun for example_xcom_args_with_operators to None, run_after=None
[2024-10-21T15:22:32.667+0700] {processor.py:208} INFO - Processing /Users/punny/Documents/GitHub/NYC-Taxi-ETL-Pipeline/.venv/lib/python3.10/site-packages/airflow/example_dags/example_xcomargs.py took 0.442 seconds
[2024-10-21T15:26:31.901+0700] {processor.py:186} INFO - Started process (PID=41085) to work on /Users/punny/Documents/GitHub/NYC-Taxi-ETL-Pipeline/.venv/lib/python3.10/site-packages/airflow/example_dags/example_xcomargs.py
[2024-10-21T15:26:31.906+0700] {processor.py:914} INFO - Processing file /Users/punny/Documents/GitHub/NYC-Taxi-ETL-Pipeline/.venv/lib/python3.10/site-packages/airflow/example_dags/example_xcomargs.py for tasks to queue
[2024-10-21T15:26:31.908+0700] {logging_mixin.py:190} INFO - [2024-10-21T15:26:31.907+0700] {dagbag.py:588} INFO - Filling up the DagBag from /Users/punny/Documents/GitHub/NYC-Taxi-ETL-Pipeline/.venv/lib/python3.10/site-packages/airflow/example_dags/example_xcomargs.py
[2024-10-21T15:26:31.972+0700] {processor.py:925} INFO - DAG(s) 'example_xcom_args', 'example_xcom_args_with_operators' retrieved from /Users/punny/Documents/GitHub/NYC-Taxi-ETL-Pipeline/.venv/lib/python3.10/site-packages/airflow/example_dags/example_xcomargs.py
[2024-10-21T15:26:32.243+0700] {logging_mixin.py:190} INFO - [2024-10-21T15:26:32.242+0700] {dag.py:3239} INFO - Sync 2 DAGs
[2024-10-21T15:26:32.264+0700] {logging_mixin.py:190} INFO - [2024-10-21T15:26:32.263+0700] {dag.py:4180} INFO - Setting next_dagrun for example_xcom_args to None, run_after=None
[2024-10-21T15:26:32.270+0700] {logging_mixin.py:190} INFO - [2024-10-21T15:26:32.270+0700] {dag.py:4180} INFO - Setting next_dagrun for example_xcom_args_with_operators to None, run_after=None
[2024-10-21T15:26:32.298+0700] {processor.py:208} INFO - Processing /Users/punny/Documents/GitHub/NYC-Taxi-ETL-Pipeline/.venv/lib/python3.10/site-packages/airflow/example_dags/example_xcomargs.py took 0.406 seconds
[2024-10-21T15:30:41.976+0700] {processor.py:186} INFO - Started process (PID=41648) to work on /Users/punny/Documents/GitHub/NYC-Taxi-ETL-Pipeline/.venv/lib/python3.10/site-packages/airflow/example_dags/example_xcomargs.py
[2024-10-21T15:30:41.981+0700] {processor.py:914} INFO - Processing file /Users/punny/Documents/GitHub/NYC-Taxi-ETL-Pipeline/.venv/lib/python3.10/site-packages/airflow/example_dags/example_xcomargs.py for tasks to queue
[2024-10-21T15:30:41.983+0700] {logging_mixin.py:190} INFO - [2024-10-21T15:30:41.982+0700] {dagbag.py:588} INFO - Filling up the DagBag from /Users/punny/Documents/GitHub/NYC-Taxi-ETL-Pipeline/.venv/lib/python3.10/site-packages/airflow/example_dags/example_xcomargs.py
[2024-10-21T15:30:42.055+0700] {processor.py:925} INFO - DAG(s) 'example_xcom_args', 'example_xcom_args_with_operators' retrieved from /Users/punny/Documents/GitHub/NYC-Taxi-ETL-Pipeline/.venv/lib/python3.10/site-packages/airflow/example_dags/example_xcomargs.py
[2024-10-21T15:30:42.536+0700] {logging_mixin.py:190} INFO - [2024-10-21T15:30:42.536+0700] {dag.py:3239} INFO - Sync 2 DAGs
[2024-10-21T15:30:42.557+0700] {logging_mixin.py:190} INFO - [2024-10-21T15:30:42.556+0700] {dag.py:4180} INFO - Setting next_dagrun for example_xcom_args to None, run_after=None
[2024-10-21T15:30:42.561+0700] {logging_mixin.py:190} INFO - [2024-10-21T15:30:42.561+0700] {dag.py:4180} INFO - Setting next_dagrun for example_xcom_args_with_operators to None, run_after=None
[2024-10-21T15:30:42.588+0700] {processor.py:208} INFO - Processing /Users/punny/Documents/GitHub/NYC-Taxi-ETL-Pipeline/.venv/lib/python3.10/site-packages/airflow/example_dags/example_xcomargs.py took 0.626 seconds
[2024-10-21T15:34:39.719+0700] {processor.py:186} INFO - Started process (PID=42125) to work on /Users/punny/Documents/GitHub/NYC-Taxi-ETL-Pipeline/.venv/lib/python3.10/site-packages/airflow/example_dags/example_xcomargs.py
[2024-10-21T15:34:39.723+0700] {processor.py:914} INFO - Processing file /Users/punny/Documents/GitHub/NYC-Taxi-ETL-Pipeline/.venv/lib/python3.10/site-packages/airflow/example_dags/example_xcomargs.py for tasks to queue
[2024-10-21T15:34:39.725+0700] {logging_mixin.py:190} INFO - [2024-10-21T15:34:39.725+0700] {dagbag.py:588} INFO - Filling up the DagBag from /Users/punny/Documents/GitHub/NYC-Taxi-ETL-Pipeline/.venv/lib/python3.10/site-packages/airflow/example_dags/example_xcomargs.py
[2024-10-21T15:34:39.788+0700] {processor.py:925} INFO - DAG(s) 'example_xcom_args', 'example_xcom_args_with_operators' retrieved from /Users/punny/Documents/GitHub/NYC-Taxi-ETL-Pipeline/.venv/lib/python3.10/site-packages/airflow/example_dags/example_xcomargs.py
[2024-10-21T15:34:40.072+0700] {logging_mixin.py:190} INFO - [2024-10-21T15:34:40.071+0700] {dag.py:3239} INFO - Sync 2 DAGs
[2024-10-21T15:34:40.096+0700] {logging_mixin.py:190} INFO - [2024-10-21T15:34:40.095+0700] {dag.py:4180} INFO - Setting next_dagrun for example_xcom_args to None, run_after=None
[2024-10-21T15:34:40.105+0700] {logging_mixin.py:190} INFO - [2024-10-21T15:34:40.104+0700] {dag.py:4180} INFO - Setting next_dagrun for example_xcom_args_with_operators to None, run_after=None
[2024-10-21T15:34:40.144+0700] {processor.py:208} INFO - Processing /Users/punny/Documents/GitHub/NYC-Taxi-ETL-Pipeline/.venv/lib/python3.10/site-packages/airflow/example_dags/example_xcomargs.py took 0.434 seconds
[2024-10-21T15:38:29.421+0700] {processor.py:186} INFO - Started process (PID=42622) to work on /Users/punny/Documents/GitHub/NYC-Taxi-ETL-Pipeline/.venv/lib/python3.10/site-packages/airflow/example_dags/example_xcomargs.py
[2024-10-21T15:38:29.426+0700] {processor.py:914} INFO - Processing file /Users/punny/Documents/GitHub/NYC-Taxi-ETL-Pipeline/.venv/lib/python3.10/site-packages/airflow/example_dags/example_xcomargs.py for tasks to queue
[2024-10-21T15:38:29.427+0700] {logging_mixin.py:190} INFO - [2024-10-21T15:38:29.427+0700] {dagbag.py:588} INFO - Filling up the DagBag from /Users/punny/Documents/GitHub/NYC-Taxi-ETL-Pipeline/.venv/lib/python3.10/site-packages/airflow/example_dags/example_xcomargs.py
[2024-10-21T15:38:29.493+0700] {processor.py:925} INFO - DAG(s) 'example_xcom_args', 'example_xcom_args_with_operators' retrieved from /Users/punny/Documents/GitHub/NYC-Taxi-ETL-Pipeline/.venv/lib/python3.10/site-packages/airflow/example_dags/example_xcomargs.py
[2024-10-21T15:38:29.764+0700] {logging_mixin.py:190} INFO - [2024-10-21T15:38:29.763+0700] {dag.py:3239} INFO - Sync 2 DAGs
[2024-10-21T15:38:29.798+0700] {logging_mixin.py:190} INFO - [2024-10-21T15:38:29.798+0700] {dag.py:4180} INFO - Setting next_dagrun for example_xcom_args to None, run_after=None
[2024-10-21T15:38:29.805+0700] {logging_mixin.py:190} INFO - [2024-10-21T15:38:29.805+0700] {dag.py:4180} INFO - Setting next_dagrun for example_xcom_args_with_operators to None, run_after=None
[2024-10-21T15:38:29.839+0700] {processor.py:208} INFO - Processing /Users/punny/Documents/GitHub/NYC-Taxi-ETL-Pipeline/.venv/lib/python3.10/site-packages/airflow/example_dags/example_xcomargs.py took 0.428 seconds
[2024-10-21T15:42:29.384+0700] {processor.py:186} INFO - Started process (PID=43196) to work on /Users/punny/Documents/GitHub/NYC-Taxi-ETL-Pipeline/.venv/lib/python3.10/site-packages/airflow/example_dags/example_xcomargs.py
[2024-10-21T15:42:29.389+0700] {processor.py:914} INFO - Processing file /Users/punny/Documents/GitHub/NYC-Taxi-ETL-Pipeline/.venv/lib/python3.10/site-packages/airflow/example_dags/example_xcomargs.py for tasks to queue
[2024-10-21T15:42:29.391+0700] {logging_mixin.py:190} INFO - [2024-10-21T15:42:29.391+0700] {dagbag.py:588} INFO - Filling up the DagBag from /Users/punny/Documents/GitHub/NYC-Taxi-ETL-Pipeline/.venv/lib/python3.10/site-packages/airflow/example_dags/example_xcomargs.py
[2024-10-21T15:42:29.466+0700] {processor.py:925} INFO - DAG(s) 'example_xcom_args_with_operators', 'example_xcom_args' retrieved from /Users/punny/Documents/GitHub/NYC-Taxi-ETL-Pipeline/.venv/lib/python3.10/site-packages/airflow/example_dags/example_xcomargs.py
[2024-10-21T15:42:29.730+0700] {logging_mixin.py:190} INFO - [2024-10-21T15:42:29.729+0700] {dag.py:3239} INFO - Sync 2 DAGs
[2024-10-21T15:42:29.749+0700] {logging_mixin.py:190} INFO - [2024-10-21T15:42:29.748+0700] {dag.py:4180} INFO - Setting next_dagrun for example_xcom_args to None, run_after=None
[2024-10-21T15:42:29.755+0700] {logging_mixin.py:190} INFO - [2024-10-21T15:42:29.755+0700] {dag.py:4180} INFO - Setting next_dagrun for example_xcom_args_with_operators to None, run_after=None
[2024-10-21T15:42:29.782+0700] {processor.py:208} INFO - Processing /Users/punny/Documents/GitHub/NYC-Taxi-ETL-Pipeline/.venv/lib/python3.10/site-packages/airflow/example_dags/example_xcomargs.py took 0.412 seconds
[2024-10-21T15:46:23.566+0700] {processor.py:186} INFO - Started process (PID=43678) to work on /Users/punny/Documents/GitHub/NYC-Taxi-ETL-Pipeline/.venv/lib/python3.10/site-packages/airflow/example_dags/example_xcomargs.py
[2024-10-21T15:46:23.572+0700] {processor.py:914} INFO - Processing file /Users/punny/Documents/GitHub/NYC-Taxi-ETL-Pipeline/.venv/lib/python3.10/site-packages/airflow/example_dags/example_xcomargs.py for tasks to queue
[2024-10-21T15:46:23.573+0700] {logging_mixin.py:190} INFO - [2024-10-21T15:46:23.573+0700] {dagbag.py:588} INFO - Filling up the DagBag from /Users/punny/Documents/GitHub/NYC-Taxi-ETL-Pipeline/.venv/lib/python3.10/site-packages/airflow/example_dags/example_xcomargs.py
[2024-10-21T15:46:23.647+0700] {processor.py:925} INFO - DAG(s) 'example_xcom_args_with_operators', 'example_xcom_args' retrieved from /Users/punny/Documents/GitHub/NYC-Taxi-ETL-Pipeline/.venv/lib/python3.10/site-packages/airflow/example_dags/example_xcomargs.py
[2024-10-21T15:46:23.926+0700] {logging_mixin.py:190} INFO - [2024-10-21T15:46:23.925+0700] {dag.py:3239} INFO - Sync 2 DAGs
[2024-10-21T15:46:23.946+0700] {logging_mixin.py:190} INFO - [2024-10-21T15:46:23.946+0700] {dag.py:4180} INFO - Setting next_dagrun for example_xcom_args to None, run_after=None
[2024-10-21T15:46:23.955+0700] {logging_mixin.py:190} INFO - [2024-10-21T15:46:23.955+0700] {dag.py:4180} INFO - Setting next_dagrun for example_xcom_args_with_operators to None, run_after=None
[2024-10-21T15:46:23.984+0700] {processor.py:208} INFO - Processing /Users/punny/Documents/GitHub/NYC-Taxi-ETL-Pipeline/.venv/lib/python3.10/site-packages/airflow/example_dags/example_xcomargs.py took 0.431 seconds
[2024-10-21T15:50:22.454+0700] {processor.py:186} INFO - Started process (PID=44214) to work on /Users/punny/Documents/GitHub/NYC-Taxi-ETL-Pipeline/.venv/lib/python3.10/site-packages/airflow/example_dags/example_xcomargs.py
[2024-10-21T15:50:22.462+0700] {processor.py:914} INFO - Processing file /Users/punny/Documents/GitHub/NYC-Taxi-ETL-Pipeline/.venv/lib/python3.10/site-packages/airflow/example_dags/example_xcomargs.py for tasks to queue
[2024-10-21T15:50:22.464+0700] {logging_mixin.py:190} INFO - [2024-10-21T15:50:22.463+0700] {dagbag.py:588} INFO - Filling up the DagBag from /Users/punny/Documents/GitHub/NYC-Taxi-ETL-Pipeline/.venv/lib/python3.10/site-packages/airflow/example_dags/example_xcomargs.py
[2024-10-21T15:50:22.534+0700] {processor.py:925} INFO - DAG(s) 'example_xcom_args', 'example_xcom_args_with_operators' retrieved from /Users/punny/Documents/GitHub/NYC-Taxi-ETL-Pipeline/.venv/lib/python3.10/site-packages/airflow/example_dags/example_xcomargs.py
[2024-10-21T15:50:22.823+0700] {logging_mixin.py:190} INFO - [2024-10-21T15:50:22.823+0700] {dag.py:3239} INFO - Sync 2 DAGs
[2024-10-21T15:50:22.850+0700] {logging_mixin.py:190} INFO - [2024-10-21T15:50:22.849+0700] {dag.py:4180} INFO - Setting next_dagrun for example_xcom_args to None, run_after=None
[2024-10-21T15:50:22.855+0700] {logging_mixin.py:190} INFO - [2024-10-21T15:50:22.855+0700] {dag.py:4180} INFO - Setting next_dagrun for example_xcom_args_with_operators to None, run_after=None
[2024-10-21T15:50:22.885+0700] {processor.py:208} INFO - Processing /Users/punny/Documents/GitHub/NYC-Taxi-ETL-Pipeline/.venv/lib/python3.10/site-packages/airflow/example_dags/example_xcomargs.py took 0.442 seconds
[2024-10-21T15:54:12.456+0700] {processor.py:186} INFO - Started process (PID=44677) to work on /Users/punny/Documents/GitHub/NYC-Taxi-ETL-Pipeline/.venv/lib/python3.10/site-packages/airflow/example_dags/example_xcomargs.py
[2024-10-21T15:54:12.462+0700] {processor.py:914} INFO - Processing file /Users/punny/Documents/GitHub/NYC-Taxi-ETL-Pipeline/.venv/lib/python3.10/site-packages/airflow/example_dags/example_xcomargs.py for tasks to queue
[2024-10-21T15:54:12.464+0700] {logging_mixin.py:190} INFO - [2024-10-21T15:54:12.464+0700] {dagbag.py:588} INFO - Filling up the DagBag from /Users/punny/Documents/GitHub/NYC-Taxi-ETL-Pipeline/.venv/lib/python3.10/site-packages/airflow/example_dags/example_xcomargs.py
[2024-10-21T15:54:12.529+0700] {processor.py:925} INFO - DAG(s) 'example_xcom_args', 'example_xcom_args_with_operators' retrieved from /Users/punny/Documents/GitHub/NYC-Taxi-ETL-Pipeline/.venv/lib/python3.10/site-packages/airflow/example_dags/example_xcomargs.py
[2024-10-21T15:54:12.797+0700] {logging_mixin.py:190} INFO - [2024-10-21T15:54:12.797+0700] {dag.py:3239} INFO - Sync 2 DAGs
[2024-10-21T15:54:12.816+0700] {logging_mixin.py:190} INFO - [2024-10-21T15:54:12.816+0700] {dag.py:4180} INFO - Setting next_dagrun for example_xcom_args to None, run_after=None
[2024-10-21T15:54:12.821+0700] {logging_mixin.py:190} INFO - [2024-10-21T15:54:12.821+0700] {dag.py:4180} INFO - Setting next_dagrun for example_xcom_args_with_operators to None, run_after=None
[2024-10-21T15:54:12.850+0700] {processor.py:208} INFO - Processing /Users/punny/Documents/GitHub/NYC-Taxi-ETL-Pipeline/.venv/lib/python3.10/site-packages/airflow/example_dags/example_xcomargs.py took 0.408 seconds
[2024-10-21T15:58:24.781+0700] {processor.py:186} INFO - Started process (PID=45205) to work on /Users/punny/Documents/GitHub/NYC-Taxi-ETL-Pipeline/.venv/lib/python3.10/site-packages/airflow/example_dags/example_xcomargs.py
[2024-10-21T15:58:24.786+0700] {processor.py:914} INFO - Processing file /Users/punny/Documents/GitHub/NYC-Taxi-ETL-Pipeline/.venv/lib/python3.10/site-packages/airflow/example_dags/example_xcomargs.py for tasks to queue
[2024-10-21T15:58:24.787+0700] {logging_mixin.py:190} INFO - [2024-10-21T15:58:24.787+0700] {dagbag.py:588} INFO - Filling up the DagBag from /Users/punny/Documents/GitHub/NYC-Taxi-ETL-Pipeline/.venv/lib/python3.10/site-packages/airflow/example_dags/example_xcomargs.py
[2024-10-21T15:58:24.854+0700] {processor.py:925} INFO - DAG(s) 'example_xcom_args_with_operators', 'example_xcom_args' retrieved from /Users/punny/Documents/GitHub/NYC-Taxi-ETL-Pipeline/.venv/lib/python3.10/site-packages/airflow/example_dags/example_xcomargs.py
[2024-10-21T15:58:25.124+0700] {logging_mixin.py:190} INFO - [2024-10-21T15:58:25.122+0700] {dag.py:3239} INFO - Sync 2 DAGs
[2024-10-21T15:58:25.145+0700] {logging_mixin.py:190} INFO - [2024-10-21T15:58:25.145+0700] {dag.py:4180} INFO - Setting next_dagrun for example_xcom_args to None, run_after=None
[2024-10-21T15:58:25.151+0700] {logging_mixin.py:190} INFO - [2024-10-21T15:58:25.151+0700] {dag.py:4180} INFO - Setting next_dagrun for example_xcom_args_with_operators to None, run_after=None
[2024-10-21T15:58:25.179+0700] {processor.py:208} INFO - Processing /Users/punny/Documents/GitHub/NYC-Taxi-ETL-Pipeline/.venv/lib/python3.10/site-packages/airflow/example_dags/example_xcomargs.py took 0.409 seconds
[2024-10-21T16:02:31.588+0700] {processor.py:186} INFO - Started process (PID=45764) to work on /Users/punny/Documents/GitHub/NYC-Taxi-ETL-Pipeline/.venv/lib/python3.10/site-packages/airflow/example_dags/example_xcomargs.py
[2024-10-21T16:02:31.592+0700] {processor.py:914} INFO - Processing file /Users/punny/Documents/GitHub/NYC-Taxi-ETL-Pipeline/.venv/lib/python3.10/site-packages/airflow/example_dags/example_xcomargs.py for tasks to queue
[2024-10-21T16:02:31.593+0700] {logging_mixin.py:190} INFO - [2024-10-21T16:02:31.593+0700] {dagbag.py:588} INFO - Filling up the DagBag from /Users/punny/Documents/GitHub/NYC-Taxi-ETL-Pipeline/.venv/lib/python3.10/site-packages/airflow/example_dags/example_xcomargs.py
[2024-10-21T16:02:31.662+0700] {processor.py:925} INFO - DAG(s) 'example_xcom_args_with_operators', 'example_xcom_args' retrieved from /Users/punny/Documents/GitHub/NYC-Taxi-ETL-Pipeline/.venv/lib/python3.10/site-packages/airflow/example_dags/example_xcomargs.py
[2024-10-21T16:02:31.934+0700] {logging_mixin.py:190} INFO - [2024-10-21T16:02:31.934+0700] {dag.py:3239} INFO - Sync 2 DAGs
[2024-10-21T16:02:31.958+0700] {logging_mixin.py:190} INFO - [2024-10-21T16:02:31.957+0700] {dag.py:4180} INFO - Setting next_dagrun for example_xcom_args to None, run_after=None
[2024-10-21T16:02:31.963+0700] {logging_mixin.py:190} INFO - [2024-10-21T16:02:31.963+0700] {dag.py:4180} INFO - Setting next_dagrun for example_xcom_args_with_operators to None, run_after=None
[2024-10-21T16:02:31.998+0700] {processor.py:208} INFO - Processing /Users/punny/Documents/GitHub/NYC-Taxi-ETL-Pipeline/.venv/lib/python3.10/site-packages/airflow/example_dags/example_xcomargs.py took 0.421 seconds
[2024-10-21T20:36:43.936+0700] {processor.py:186} INFO - Started process (PID=4246) to work on /Users/punny/Documents/GitHub/NYC-Taxi-ETL-Pipeline/.venv/lib/python3.10/site-packages/airflow/example_dags/example_xcomargs.py
[2024-10-21T20:36:43.939+0700] {processor.py:914} INFO - Processing file /Users/punny/Documents/GitHub/NYC-Taxi-ETL-Pipeline/.venv/lib/python3.10/site-packages/airflow/example_dags/example_xcomargs.py for tasks to queue
[2024-10-21T20:36:43.940+0700] {logging_mixin.py:190} INFO - [2024-10-21T20:36:43.940+0700] {dagbag.py:588} INFO - Filling up the DagBag from /Users/punny/Documents/GitHub/NYC-Taxi-ETL-Pipeline/.venv/lib/python3.10/site-packages/airflow/example_dags/example_xcomargs.py
[2024-10-21T20:36:43.985+0700] {processor.py:925} INFO - DAG(s) 'example_xcom_args_with_operators', 'example_xcom_args' retrieved from /Users/punny/Documents/GitHub/NYC-Taxi-ETL-Pipeline/.venv/lib/python3.10/site-packages/airflow/example_dags/example_xcomargs.py
[2024-10-21T20:36:44.167+0700] {logging_mixin.py:190} INFO - [2024-10-21T20:36:44.167+0700] {dag.py:3239} INFO - Sync 2 DAGs
[2024-10-21T20:36:44.182+0700] {logging_mixin.py:190} INFO - [2024-10-21T20:36:44.182+0700] {dag.py:4180} INFO - Setting next_dagrun for example_xcom_args to None, run_after=None
[2024-10-21T20:36:44.186+0700] {logging_mixin.py:190} INFO - [2024-10-21T20:36:44.186+0700] {dag.py:4180} INFO - Setting next_dagrun for example_xcom_args_with_operators to None, run_after=None
[2024-10-21T20:36:44.206+0700] {processor.py:208} INFO - Processing /Users/punny/Documents/GitHub/NYC-Taxi-ETL-Pipeline/.venv/lib/python3.10/site-packages/airflow/example_dags/example_xcomargs.py took 0.278 seconds
[2024-10-21T20:40:30.744+0700] {processor.py:186} INFO - Started process (PID=4524) to work on /Users/punny/Documents/GitHub/NYC-Taxi-ETL-Pipeline/.venv/lib/python3.10/site-packages/airflow/example_dags/example_xcomargs.py
[2024-10-21T20:40:30.748+0700] {processor.py:914} INFO - Processing file /Users/punny/Documents/GitHub/NYC-Taxi-ETL-Pipeline/.venv/lib/python3.10/site-packages/airflow/example_dags/example_xcomargs.py for tasks to queue
[2024-10-21T20:40:30.750+0700] {logging_mixin.py:190} INFO - [2024-10-21T20:40:30.750+0700] {dagbag.py:588} INFO - Filling up the DagBag from /Users/punny/Documents/GitHub/NYC-Taxi-ETL-Pipeline/.venv/lib/python3.10/site-packages/airflow/example_dags/example_xcomargs.py
[2024-10-21T20:40:30.801+0700] {processor.py:925} INFO - DAG(s) 'example_xcom_args', 'example_xcom_args_with_operators' retrieved from /Users/punny/Documents/GitHub/NYC-Taxi-ETL-Pipeline/.venv/lib/python3.10/site-packages/airflow/example_dags/example_xcomargs.py
[2024-10-21T20:40:30.981+0700] {logging_mixin.py:190} INFO - [2024-10-21T20:40:30.981+0700] {dag.py:3239} INFO - Sync 2 DAGs
[2024-10-21T20:40:30.996+0700] {logging_mixin.py:190} INFO - [2024-10-21T20:40:30.996+0700] {dag.py:4180} INFO - Setting next_dagrun for example_xcom_args to None, run_after=None
[2024-10-21T20:40:31.000+0700] {logging_mixin.py:190} INFO - [2024-10-21T20:40:30.999+0700] {dag.py:4180} INFO - Setting next_dagrun for example_xcom_args_with_operators to None, run_after=None
[2024-10-21T20:40:31.019+0700] {processor.py:208} INFO - Processing /Users/punny/Documents/GitHub/NYC-Taxi-ETL-Pipeline/.venv/lib/python3.10/site-packages/airflow/example_dags/example_xcomargs.py took 0.284 seconds
[2024-10-21T20:44:04.577+0700] {processor.py:186} INFO - Started process (PID=4895) to work on /Users/punny/Documents/GitHub/NYC-Taxi-ETL-Pipeline/.venv/lib/python3.10/site-packages/airflow/example_dags/example_xcomargs.py
[2024-10-21T20:44:04.583+0700] {processor.py:914} INFO - Processing file /Users/punny/Documents/GitHub/NYC-Taxi-ETL-Pipeline/.venv/lib/python3.10/site-packages/airflow/example_dags/example_xcomargs.py for tasks to queue
[2024-10-21T20:44:04.585+0700] {logging_mixin.py:190} INFO - [2024-10-21T20:44:04.585+0700] {dagbag.py:588} INFO - Filling up the DagBag from /Users/punny/Documents/GitHub/NYC-Taxi-ETL-Pipeline/.venv/lib/python3.10/site-packages/airflow/example_dags/example_xcomargs.py
[2024-10-21T20:44:04.652+0700] {processor.py:925} INFO - DAG(s) 'example_xcom_args_with_operators', 'example_xcom_args' retrieved from /Users/punny/Documents/GitHub/NYC-Taxi-ETL-Pipeline/.venv/lib/python3.10/site-packages/airflow/example_dags/example_xcomargs.py
[2024-10-21T20:44:04.871+0700] {logging_mixin.py:190} INFO - [2024-10-21T20:44:04.871+0700] {dag.py:3239} INFO - Sync 2 DAGs
[2024-10-21T20:44:04.889+0700] {logging_mixin.py:190} INFO - [2024-10-21T20:44:04.888+0700] {dag.py:4180} INFO - Setting next_dagrun for example_xcom_args to None, run_after=None
[2024-10-21T20:44:04.893+0700] {logging_mixin.py:190} INFO - [2024-10-21T20:44:04.892+0700] {dag.py:4180} INFO - Setting next_dagrun for example_xcom_args_with_operators to None, run_after=None
[2024-10-21T20:44:04.918+0700] {processor.py:208} INFO - Processing /Users/punny/Documents/GitHub/NYC-Taxi-ETL-Pipeline/.venv/lib/python3.10/site-packages/airflow/example_dags/example_xcomargs.py took 0.365 seconds
[2024-10-21T20:47:51.159+0700] {processor.py:186} INFO - Started process (PID=5259) to work on /Users/punny/Documents/GitHub/NYC-Taxi-ETL-Pipeline/.venv/lib/python3.10/site-packages/airflow/example_dags/example_xcomargs.py
[2024-10-21T20:47:51.163+0700] {processor.py:914} INFO - Processing file /Users/punny/Documents/GitHub/NYC-Taxi-ETL-Pipeline/.venv/lib/python3.10/site-packages/airflow/example_dags/example_xcomargs.py for tasks to queue
[2024-10-21T20:47:51.164+0700] {logging_mixin.py:190} INFO - [2024-10-21T20:47:51.164+0700] {dagbag.py:588} INFO - Filling up the DagBag from /Users/punny/Documents/GitHub/NYC-Taxi-ETL-Pipeline/.venv/lib/python3.10/site-packages/airflow/example_dags/example_xcomargs.py
[2024-10-21T20:47:51.210+0700] {processor.py:925} INFO - DAG(s) 'example_xcom_args', 'example_xcom_args_with_operators' retrieved from /Users/punny/Documents/GitHub/NYC-Taxi-ETL-Pipeline/.venv/lib/python3.10/site-packages/airflow/example_dags/example_xcomargs.py
[2024-10-21T20:47:51.399+0700] {logging_mixin.py:190} INFO - [2024-10-21T20:47:51.398+0700] {dag.py:3239} INFO - Sync 2 DAGs
[2024-10-21T20:47:51.414+0700] {logging_mixin.py:190} INFO - [2024-10-21T20:47:51.413+0700] {dag.py:4180} INFO - Setting next_dagrun for example_xcom_args to None, run_after=None
[2024-10-21T20:47:51.417+0700] {logging_mixin.py:190} INFO - [2024-10-21T20:47:51.417+0700] {dag.py:4180} INFO - Setting next_dagrun for example_xcom_args_with_operators to None, run_after=None
[2024-10-21T20:47:51.438+0700] {processor.py:208} INFO - Processing /Users/punny/Documents/GitHub/NYC-Taxi-ETL-Pipeline/.venv/lib/python3.10/site-packages/airflow/example_dags/example_xcomargs.py took 0.288 seconds
[2024-10-21T20:51:28.500+0700] {processor.py:186} INFO - Started process (PID=5570) to work on /Users/punny/Documents/GitHub/NYC-Taxi-ETL-Pipeline/.venv/lib/python3.10/site-packages/airflow/example_dags/example_xcomargs.py
[2024-10-21T20:51:28.504+0700] {processor.py:914} INFO - Processing file /Users/punny/Documents/GitHub/NYC-Taxi-ETL-Pipeline/.venv/lib/python3.10/site-packages/airflow/example_dags/example_xcomargs.py for tasks to queue
[2024-10-21T20:51:28.506+0700] {logging_mixin.py:190} INFO - [2024-10-21T20:51:28.506+0700] {dagbag.py:588} INFO - Filling up the DagBag from /Users/punny/Documents/GitHub/NYC-Taxi-ETL-Pipeline/.venv/lib/python3.10/site-packages/airflow/example_dags/example_xcomargs.py
[2024-10-21T20:51:28.569+0700] {processor.py:925} INFO - DAG(s) 'example_xcom_args_with_operators', 'example_xcom_args' retrieved from /Users/punny/Documents/GitHub/NYC-Taxi-ETL-Pipeline/.venv/lib/python3.10/site-packages/airflow/example_dags/example_xcomargs.py
[2024-10-21T20:51:28.975+0700] {logging_mixin.py:190} INFO - [2024-10-21T20:51:28.974+0700] {dag.py:3239} INFO - Sync 2 DAGs
[2024-10-21T20:51:28.995+0700] {logging_mixin.py:190} INFO - [2024-10-21T20:51:28.994+0700] {dag.py:4180} INFO - Setting next_dagrun for example_xcom_args to None, run_after=None
[2024-10-21T20:51:29.000+0700] {logging_mixin.py:190} INFO - [2024-10-21T20:51:28.999+0700] {dag.py:4180} INFO - Setting next_dagrun for example_xcom_args_with_operators to None, run_after=None
[2024-10-21T20:51:29.024+0700] {processor.py:208} INFO - Processing /Users/punny/Documents/GitHub/NYC-Taxi-ETL-Pipeline/.venv/lib/python3.10/site-packages/airflow/example_dags/example_xcomargs.py took 0.534 seconds
[2024-10-21T20:55:41.793+0700] {processor.py:186} INFO - Started process (PID=6094) to work on /Users/punny/Documents/GitHub/NYC-Taxi-ETL-Pipeline/.venv/lib/python3.10/site-packages/airflow/example_dags/example_xcomargs.py
[2024-10-21T20:55:41.797+0700] {processor.py:914} INFO - Processing file /Users/punny/Documents/GitHub/NYC-Taxi-ETL-Pipeline/.venv/lib/python3.10/site-packages/airflow/example_dags/example_xcomargs.py for tasks to queue
[2024-10-21T20:55:41.798+0700] {logging_mixin.py:190} INFO - [2024-10-21T20:55:41.798+0700] {dagbag.py:588} INFO - Filling up the DagBag from /Users/punny/Documents/GitHub/NYC-Taxi-ETL-Pipeline/.venv/lib/python3.10/site-packages/airflow/example_dags/example_xcomargs.py
[2024-10-21T20:55:41.845+0700] {processor.py:925} INFO - DAG(s) 'example_xcom_args', 'example_xcom_args_with_operators' retrieved from /Users/punny/Documents/GitHub/NYC-Taxi-ETL-Pipeline/.venv/lib/python3.10/site-packages/airflow/example_dags/example_xcomargs.py
[2024-10-21T20:55:42.032+0700] {logging_mixin.py:190} INFO - [2024-10-21T20:55:42.031+0700] {dag.py:3239} INFO - Sync 2 DAGs
[2024-10-21T20:55:42.046+0700] {logging_mixin.py:190} INFO - [2024-10-21T20:55:42.046+0700] {dag.py:4180} INFO - Setting next_dagrun for example_xcom_args to None, run_after=None
[2024-10-21T20:55:42.051+0700] {logging_mixin.py:190} INFO - [2024-10-21T20:55:42.051+0700] {dag.py:4180} INFO - Setting next_dagrun for example_xcom_args_with_operators to None, run_after=None
[2024-10-21T20:55:42.070+0700] {processor.py:208} INFO - Processing /Users/punny/Documents/GitHub/NYC-Taxi-ETL-Pipeline/.venv/lib/python3.10/site-packages/airflow/example_dags/example_xcomargs.py took 0.285 seconds
[2024-10-21T21:00:03.546+0700] {processor.py:186} INFO - Started process (PID=6425) to work on /Users/punny/Documents/GitHub/NYC-Taxi-ETL-Pipeline/.venv/lib/python3.10/site-packages/airflow/example_dags/example_xcomargs.py
[2024-10-21T21:00:03.549+0700] {processor.py:914} INFO - Processing file /Users/punny/Documents/GitHub/NYC-Taxi-ETL-Pipeline/.venv/lib/python3.10/site-packages/airflow/example_dags/example_xcomargs.py for tasks to queue
[2024-10-21T21:00:03.551+0700] {logging_mixin.py:190} INFO - [2024-10-21T21:00:03.550+0700] {dagbag.py:588} INFO - Filling up the DagBag from /Users/punny/Documents/GitHub/NYC-Taxi-ETL-Pipeline/.venv/lib/python3.10/site-packages/airflow/example_dags/example_xcomargs.py
[2024-10-21T21:00:03.599+0700] {processor.py:925} INFO - DAG(s) 'example_xcom_args', 'example_xcom_args_with_operators' retrieved from /Users/punny/Documents/GitHub/NYC-Taxi-ETL-Pipeline/.venv/lib/python3.10/site-packages/airflow/example_dags/example_xcomargs.py
[2024-10-21T21:00:03.793+0700] {logging_mixin.py:190} INFO - [2024-10-21T21:00:03.792+0700] {dag.py:3239} INFO - Sync 2 DAGs
[2024-10-21T21:00:03.807+0700] {logging_mixin.py:190} INFO - [2024-10-21T21:00:03.807+0700] {dag.py:4180} INFO - Setting next_dagrun for example_xcom_args to None, run_after=None
[2024-10-21T21:00:03.811+0700] {logging_mixin.py:190} INFO - [2024-10-21T21:00:03.811+0700] {dag.py:4180} INFO - Setting next_dagrun for example_xcom_args_with_operators to None, run_after=None
[2024-10-21T21:00:03.832+0700] {processor.py:208} INFO - Processing /Users/punny/Documents/GitHub/NYC-Taxi-ETL-Pipeline/.venv/lib/python3.10/site-packages/airflow/example_dags/example_xcomargs.py took 0.294 seconds
[2024-10-21T21:04:08.389+0700] {processor.py:186} INFO - Started process (PID=6739) to work on /Users/punny/Documents/GitHub/NYC-Taxi-ETL-Pipeline/.venv/lib/python3.10/site-packages/airflow/example_dags/example_xcomargs.py
[2024-10-21T21:04:08.392+0700] {processor.py:914} INFO - Processing file /Users/punny/Documents/GitHub/NYC-Taxi-ETL-Pipeline/.venv/lib/python3.10/site-packages/airflow/example_dags/example_xcomargs.py for tasks to queue
[2024-10-21T21:04:08.393+0700] {logging_mixin.py:190} INFO - [2024-10-21T21:04:08.393+0700] {dagbag.py:588} INFO - Filling up the DagBag from /Users/punny/Documents/GitHub/NYC-Taxi-ETL-Pipeline/.venv/lib/python3.10/site-packages/airflow/example_dags/example_xcomargs.py
[2024-10-21T21:04:08.449+0700] {processor.py:925} INFO - DAG(s) 'example_xcom_args_with_operators', 'example_xcom_args' retrieved from /Users/punny/Documents/GitHub/NYC-Taxi-ETL-Pipeline/.venv/lib/python3.10/site-packages/airflow/example_dags/example_xcomargs.py
[2024-10-21T21:04:08.628+0700] {logging_mixin.py:190} INFO - [2024-10-21T21:04:08.627+0700] {dag.py:3239} INFO - Sync 2 DAGs
[2024-10-21T21:04:08.642+0700] {logging_mixin.py:190} INFO - [2024-10-21T21:04:08.641+0700] {dag.py:4180} INFO - Setting next_dagrun for example_xcom_args to None, run_after=None
[2024-10-21T21:04:08.645+0700] {logging_mixin.py:190} INFO - [2024-10-21T21:04:08.645+0700] {dag.py:4180} INFO - Setting next_dagrun for example_xcom_args_with_operators to None, run_after=None
[2024-10-21T21:04:08.663+0700] {processor.py:208} INFO - Processing /Users/punny/Documents/GitHub/NYC-Taxi-ETL-Pipeline/.venv/lib/python3.10/site-packages/airflow/example_dags/example_xcomargs.py took 0.283 seconds
[2024-10-21T21:07:26.889+0700] {processor.py:186} INFO - Started process (PID=7019) to work on /Users/punny/Documents/GitHub/NYC-Taxi-ETL-Pipeline/.venv/lib/python3.10/site-packages/airflow/example_dags/example_xcomargs.py
[2024-10-21T21:07:26.895+0700] {processor.py:914} INFO - Processing file /Users/punny/Documents/GitHub/NYC-Taxi-ETL-Pipeline/.venv/lib/python3.10/site-packages/airflow/example_dags/example_xcomargs.py for tasks to queue
[2024-10-21T21:07:26.896+0700] {logging_mixin.py:190} INFO - [2024-10-21T21:07:26.896+0700] {dagbag.py:588} INFO - Filling up the DagBag from /Users/punny/Documents/GitHub/NYC-Taxi-ETL-Pipeline/.venv/lib/python3.10/site-packages/airflow/example_dags/example_xcomargs.py
[2024-10-21T21:07:26.959+0700] {processor.py:925} INFO - DAG(s) 'example_xcom_args', 'example_xcom_args_with_operators' retrieved from /Users/punny/Documents/GitHub/NYC-Taxi-ETL-Pipeline/.venv/lib/python3.10/site-packages/airflow/example_dags/example_xcomargs.py
[2024-10-21T21:07:27.187+0700] {logging_mixin.py:190} INFO - [2024-10-21T21:07:27.186+0700] {dag.py:3239} INFO - Sync 2 DAGs
[2024-10-21T21:07:27.204+0700] {logging_mixin.py:190} INFO - [2024-10-21T21:07:27.204+0700] {dag.py:4180} INFO - Setting next_dagrun for example_xcom_args to None, run_after=None
[2024-10-21T21:07:27.208+0700] {logging_mixin.py:190} INFO - [2024-10-21T21:07:27.208+0700] {dag.py:4180} INFO - Setting next_dagrun for example_xcom_args_with_operators to None, run_after=None
[2024-10-21T21:07:27.232+0700] {processor.py:208} INFO - Processing /Users/punny/Documents/GitHub/NYC-Taxi-ETL-Pipeline/.venv/lib/python3.10/site-packages/airflow/example_dags/example_xcomargs.py took 0.352 seconds
[2024-10-21T21:10:49.024+0700] {processor.py:186} INFO - Started process (PID=7221) to work on /Users/punny/Documents/GitHub/NYC-Taxi-ETL-Pipeline/.venv/lib/python3.10/site-packages/airflow/example_dags/example_xcomargs.py
[2024-10-21T21:10:49.026+0700] {processor.py:914} INFO - Processing file /Users/punny/Documents/GitHub/NYC-Taxi-ETL-Pipeline/.venv/lib/python3.10/site-packages/airflow/example_dags/example_xcomargs.py for tasks to queue
[2024-10-21T21:10:49.027+0700] {logging_mixin.py:190} INFO - [2024-10-21T21:10:49.027+0700] {dagbag.py:588} INFO - Filling up the DagBag from /Users/punny/Documents/GitHub/NYC-Taxi-ETL-Pipeline/.venv/lib/python3.10/site-packages/airflow/example_dags/example_xcomargs.py
[2024-10-21T21:10:49.078+0700] {processor.py:925} INFO - DAG(s) 'example_xcom_args_with_operators', 'example_xcom_args' retrieved from /Users/punny/Documents/GitHub/NYC-Taxi-ETL-Pipeline/.venv/lib/python3.10/site-packages/airflow/example_dags/example_xcomargs.py
[2024-10-21T21:10:49.260+0700] {logging_mixin.py:190} INFO - [2024-10-21T21:10:49.259+0700] {dag.py:3239} INFO - Sync 2 DAGs
[2024-10-21T21:10:49.274+0700] {logging_mixin.py:190} INFO - [2024-10-21T21:10:49.273+0700] {dag.py:4180} INFO - Setting next_dagrun for example_xcom_args to None, run_after=None
[2024-10-21T21:10:49.277+0700] {logging_mixin.py:190} INFO - [2024-10-21T21:10:49.277+0700] {dag.py:4180} INFO - Setting next_dagrun for example_xcom_args_with_operators to None, run_after=None
[2024-10-21T21:10:49.296+0700] {processor.py:208} INFO - Processing /Users/punny/Documents/GitHub/NYC-Taxi-ETL-Pipeline/.venv/lib/python3.10/site-packages/airflow/example_dags/example_xcomargs.py took 0.279 seconds
[2024-10-21T21:13:52.678+0700] {processor.py:186} INFO - Started process (PID=7548) to work on /Users/punny/Documents/GitHub/NYC-Taxi-ETL-Pipeline/.venv/lib/python3.10/site-packages/airflow/example_dags/example_xcomargs.py
[2024-10-21T21:13:52.680+0700] {processor.py:914} INFO - Processing file /Users/punny/Documents/GitHub/NYC-Taxi-ETL-Pipeline/.venv/lib/python3.10/site-packages/airflow/example_dags/example_xcomargs.py for tasks to queue
[2024-10-21T21:13:52.682+0700] {logging_mixin.py:190} INFO - [2024-10-21T21:13:52.681+0700] {dagbag.py:588} INFO - Filling up the DagBag from /Users/punny/Documents/GitHub/NYC-Taxi-ETL-Pipeline/.venv/lib/python3.10/site-packages/airflow/example_dags/example_xcomargs.py
[2024-10-21T21:13:52.747+0700] {processor.py:925} INFO - DAG(s) 'example_xcom_args', 'example_xcom_args_with_operators' retrieved from /Users/punny/Documents/GitHub/NYC-Taxi-ETL-Pipeline/.venv/lib/python3.10/site-packages/airflow/example_dags/example_xcomargs.py
[2024-10-21T21:13:52.965+0700] {logging_mixin.py:190} INFO - [2024-10-21T21:13:52.965+0700] {dag.py:3239} INFO - Sync 2 DAGs
[2024-10-21T21:13:52.980+0700] {logging_mixin.py:190} INFO - [2024-10-21T21:13:52.979+0700] {dag.py:4180} INFO - Setting next_dagrun for example_xcom_args to None, run_after=None
[2024-10-21T21:13:52.985+0700] {logging_mixin.py:190} INFO - [2024-10-21T21:13:52.984+0700] {dag.py:4180} INFO - Setting next_dagrun for example_xcom_args_with_operators to None, run_after=None
[2024-10-21T21:13:53.009+0700] {processor.py:208} INFO - Processing /Users/punny/Documents/GitHub/NYC-Taxi-ETL-Pipeline/.venv/lib/python3.10/site-packages/airflow/example_dags/example_xcomargs.py took 0.339 seconds
[2024-10-21T21:17:10.456+0700] {processor.py:186} INFO - Started process (PID=7877) to work on /Users/punny/Documents/GitHub/NYC-Taxi-ETL-Pipeline/.venv/lib/python3.10/site-packages/airflow/example_dags/example_xcomargs.py
[2024-10-21T21:17:10.461+0700] {processor.py:914} INFO - Processing file /Users/punny/Documents/GitHub/NYC-Taxi-ETL-Pipeline/.venv/lib/python3.10/site-packages/airflow/example_dags/example_xcomargs.py for tasks to queue
[2024-10-21T21:17:10.463+0700] {logging_mixin.py:190} INFO - [2024-10-21T21:17:10.462+0700] {dagbag.py:588} INFO - Filling up the DagBag from /Users/punny/Documents/GitHub/NYC-Taxi-ETL-Pipeline/.venv/lib/python3.10/site-packages/airflow/example_dags/example_xcomargs.py
[2024-10-21T21:17:10.538+0700] {processor.py:925} INFO - DAG(s) 'example_xcom_args', 'example_xcom_args_with_operators' retrieved from /Users/punny/Documents/GitHub/NYC-Taxi-ETL-Pipeline/.venv/lib/python3.10/site-packages/airflow/example_dags/example_xcomargs.py
[2024-10-21T21:17:10.856+0700] {logging_mixin.py:190} INFO - [2024-10-21T21:17:10.856+0700] {dag.py:3239} INFO - Sync 2 DAGs
[2024-10-21T21:17:10.930+0700] {logging_mixin.py:190} INFO - [2024-10-21T21:17:10.929+0700] {dag.py:4180} INFO - Setting next_dagrun for example_xcom_args to None, run_after=None
[2024-10-21T21:17:10.948+0700] {logging_mixin.py:190} INFO - [2024-10-21T21:17:10.941+0700] {dag.py:4180} INFO - Setting next_dagrun for example_xcom_args_with_operators to None, run_after=None
[2024-10-21T21:17:10.998+0700] {processor.py:208} INFO - Processing /Users/punny/Documents/GitHub/NYC-Taxi-ETL-Pipeline/.venv/lib/python3.10/site-packages/airflow/example_dags/example_xcomargs.py took 0.553 seconds
[2024-10-21T21:20:16.031+0700] {processor.py:186} INFO - Started process (PID=8051) to work on /Users/punny/Documents/GitHub/NYC-Taxi-ETL-Pipeline/.venv/lib/python3.10/site-packages/airflow/example_dags/example_xcomargs.py
[2024-10-21T21:20:16.035+0700] {processor.py:914} INFO - Processing file /Users/punny/Documents/GitHub/NYC-Taxi-ETL-Pipeline/.venv/lib/python3.10/site-packages/airflow/example_dags/example_xcomargs.py for tasks to queue
[2024-10-21T21:20:16.036+0700] {logging_mixin.py:190} INFO - [2024-10-21T21:20:16.035+0700] {dagbag.py:588} INFO - Filling up the DagBag from /Users/punny/Documents/GitHub/NYC-Taxi-ETL-Pipeline/.venv/lib/python3.10/site-packages/airflow/example_dags/example_xcomargs.py
[2024-10-21T21:20:16.084+0700] {processor.py:925} INFO - DAG(s) 'example_xcom_args_with_operators', 'example_xcom_args' retrieved from /Users/punny/Documents/GitHub/NYC-Taxi-ETL-Pipeline/.venv/lib/python3.10/site-packages/airflow/example_dags/example_xcomargs.py
[2024-10-21T21:20:16.284+0700] {logging_mixin.py:190} INFO - [2024-10-21T21:20:16.283+0700] {dag.py:3239} INFO - Sync 2 DAGs
[2024-10-21T21:20:16.298+0700] {logging_mixin.py:190} INFO - [2024-10-21T21:20:16.298+0700] {dag.py:4180} INFO - Setting next_dagrun for example_xcom_args to None, run_after=None
[2024-10-21T21:20:16.302+0700] {logging_mixin.py:190} INFO - [2024-10-21T21:20:16.302+0700] {dag.py:4180} INFO - Setting next_dagrun for example_xcom_args_with_operators to None, run_after=None
[2024-10-21T21:20:16.321+0700] {processor.py:208} INFO - Processing /Users/punny/Documents/GitHub/NYC-Taxi-ETL-Pipeline/.venv/lib/python3.10/site-packages/airflow/example_dags/example_xcomargs.py took 0.297 seconds
[2024-10-21T21:23:06.584+0700] {processor.py:186} INFO - Started process (PID=8247) to work on /Users/punny/Documents/GitHub/NYC-Taxi-ETL-Pipeline/.venv/lib/python3.10/site-packages/airflow/example_dags/example_xcomargs.py
[2024-10-21T21:23:06.587+0700] {processor.py:914} INFO - Processing file /Users/punny/Documents/GitHub/NYC-Taxi-ETL-Pipeline/.venv/lib/python3.10/site-packages/airflow/example_dags/example_xcomargs.py for tasks to queue
[2024-10-21T21:23:06.589+0700] {logging_mixin.py:190} INFO - [2024-10-21T21:23:06.588+0700] {dagbag.py:588} INFO - Filling up the DagBag from /Users/punny/Documents/GitHub/NYC-Taxi-ETL-Pipeline/.venv/lib/python3.10/site-packages/airflow/example_dags/example_xcomargs.py
[2024-10-21T21:23:06.647+0700] {processor.py:925} INFO - DAG(s) 'example_xcom_args', 'example_xcom_args_with_operators' retrieved from /Users/punny/Documents/GitHub/NYC-Taxi-ETL-Pipeline/.venv/lib/python3.10/site-packages/airflow/example_dags/example_xcomargs.py
[2024-10-21T21:23:06.935+0700] {logging_mixin.py:190} INFO - [2024-10-21T21:23:06.935+0700] {dag.py:3239} INFO - Sync 2 DAGs
[2024-10-21T21:23:06.966+0700] {logging_mixin.py:190} INFO - [2024-10-21T21:23:06.965+0700] {dag.py:4180} INFO - Setting next_dagrun for example_xcom_args to None, run_after=None
[2024-10-21T21:23:06.973+0700] {logging_mixin.py:190} INFO - [2024-10-21T21:23:06.972+0700] {dag.py:4180} INFO - Setting next_dagrun for example_xcom_args_with_operators to None, run_after=None
[2024-10-21T21:23:07.016+0700] {processor.py:208} INFO - Processing /Users/punny/Documents/GitHub/NYC-Taxi-ETL-Pipeline/.venv/lib/python3.10/site-packages/airflow/example_dags/example_xcomargs.py took 0.440 seconds
[2024-10-21T21:26:22.854+0700] {processor.py:186} INFO - Started process (PID=8604) to work on /Users/punny/Documents/GitHub/NYC-Taxi-ETL-Pipeline/.venv/lib/python3.10/site-packages/airflow/example_dags/example_xcomargs.py
[2024-10-21T21:26:22.878+0700] {processor.py:914} INFO - Processing file /Users/punny/Documents/GitHub/NYC-Taxi-ETL-Pipeline/.venv/lib/python3.10/site-packages/airflow/example_dags/example_xcomargs.py for tasks to queue
[2024-10-21T21:26:22.881+0700] {logging_mixin.py:190} INFO - [2024-10-21T21:26:22.880+0700] {dagbag.py:588} INFO - Filling up the DagBag from /Users/punny/Documents/GitHub/NYC-Taxi-ETL-Pipeline/.venv/lib/python3.10/site-packages/airflow/example_dags/example_xcomargs.py
[2024-10-21T21:26:23.066+0700] {processor.py:925} INFO - DAG(s) 'example_xcom_args', 'example_xcom_args_with_operators' retrieved from /Users/punny/Documents/GitHub/NYC-Taxi-ETL-Pipeline/.venv/lib/python3.10/site-packages/airflow/example_dags/example_xcomargs.py
[2024-10-21T21:26:24.068+0700] {logging_mixin.py:190} INFO - [2024-10-21T21:26:24.067+0700] {dag.py:3239} INFO - Sync 2 DAGs
[2024-10-21T21:26:24.158+0700] {logging_mixin.py:190} INFO - [2024-10-21T21:26:24.157+0700] {dag.py:4180} INFO - Setting next_dagrun for example_xcom_args to None, run_after=None
[2024-10-21T21:26:24.166+0700] {logging_mixin.py:190} INFO - [2024-10-21T21:26:24.165+0700] {dag.py:4180} INFO - Setting next_dagrun for example_xcom_args_with_operators to None, run_after=None
[2024-10-21T21:26:24.235+0700] {processor.py:208} INFO - Processing /Users/punny/Documents/GitHub/NYC-Taxi-ETL-Pipeline/.venv/lib/python3.10/site-packages/airflow/example_dags/example_xcomargs.py took 1.395 seconds
[2024-10-21T21:29:38.142+0700] {processor.py:186} INFO - Started process (PID=8855) to work on /Users/punny/Documents/GitHub/NYC-Taxi-ETL-Pipeline/.venv/lib/python3.10/site-packages/airflow/example_dags/example_xcomargs.py
[2024-10-21T21:29:38.146+0700] {processor.py:914} INFO - Processing file /Users/punny/Documents/GitHub/NYC-Taxi-ETL-Pipeline/.venv/lib/python3.10/site-packages/airflow/example_dags/example_xcomargs.py for tasks to queue
[2024-10-21T21:29:38.147+0700] {logging_mixin.py:190} INFO - [2024-10-21T21:29:38.146+0700] {dagbag.py:588} INFO - Filling up the DagBag from /Users/punny/Documents/GitHub/NYC-Taxi-ETL-Pipeline/.venv/lib/python3.10/site-packages/airflow/example_dags/example_xcomargs.py
[2024-10-21T21:29:38.192+0700] {processor.py:925} INFO - DAG(s) 'example_xcom_args', 'example_xcom_args_with_operators' retrieved from /Users/punny/Documents/GitHub/NYC-Taxi-ETL-Pipeline/.venv/lib/python3.10/site-packages/airflow/example_dags/example_xcomargs.py
[2024-10-21T21:29:38.375+0700] {logging_mixin.py:190} INFO - [2024-10-21T21:29:38.374+0700] {dag.py:3239} INFO - Sync 2 DAGs
[2024-10-21T21:29:38.388+0700] {logging_mixin.py:190} INFO - [2024-10-21T21:29:38.388+0700] {dag.py:4180} INFO - Setting next_dagrun for example_xcom_args to None, run_after=None
[2024-10-21T21:29:38.392+0700] {logging_mixin.py:190} INFO - [2024-10-21T21:29:38.392+0700] {dag.py:4180} INFO - Setting next_dagrun for example_xcom_args_with_operators to None, run_after=None
[2024-10-21T21:29:38.411+0700] {processor.py:208} INFO - Processing /Users/punny/Documents/GitHub/NYC-Taxi-ETL-Pipeline/.venv/lib/python3.10/site-packages/airflow/example_dags/example_xcomargs.py took 0.276 seconds
[2024-10-21T21:32:28.851+0700] {processor.py:186} INFO - Started process (PID=9099) to work on /Users/punny/Documents/GitHub/NYC-Taxi-ETL-Pipeline/.venv/lib/python3.10/site-packages/airflow/example_dags/example_xcomargs.py
[2024-10-21T21:32:28.854+0700] {processor.py:914} INFO - Processing file /Users/punny/Documents/GitHub/NYC-Taxi-ETL-Pipeline/.venv/lib/python3.10/site-packages/airflow/example_dags/example_xcomargs.py for tasks to queue
[2024-10-21T21:32:28.855+0700] {logging_mixin.py:190} INFO - [2024-10-21T21:32:28.854+0700] {dagbag.py:588} INFO - Filling up the DagBag from /Users/punny/Documents/GitHub/NYC-Taxi-ETL-Pipeline/.venv/lib/python3.10/site-packages/airflow/example_dags/example_xcomargs.py
[2024-10-21T21:32:28.900+0700] {processor.py:925} INFO - DAG(s) 'example_xcom_args', 'example_xcom_args_with_operators' retrieved from /Users/punny/Documents/GitHub/NYC-Taxi-ETL-Pipeline/.venv/lib/python3.10/site-packages/airflow/example_dags/example_xcomargs.py
[2024-10-21T21:32:29.081+0700] {logging_mixin.py:190} INFO - [2024-10-21T21:32:29.081+0700] {dag.py:3239} INFO - Sync 2 DAGs
[2024-10-21T21:32:29.095+0700] {logging_mixin.py:190} INFO - [2024-10-21T21:32:29.095+0700] {dag.py:4180} INFO - Setting next_dagrun for example_xcom_args to None, run_after=None
[2024-10-21T21:32:29.099+0700] {logging_mixin.py:190} INFO - [2024-10-21T21:32:29.099+0700] {dag.py:4180} INFO - Setting next_dagrun for example_xcom_args_with_operators to None, run_after=None
[2024-10-21T21:32:29.119+0700] {processor.py:208} INFO - Processing /Users/punny/Documents/GitHub/NYC-Taxi-ETL-Pipeline/.venv/lib/python3.10/site-packages/airflow/example_dags/example_xcomargs.py took 0.276 seconds
[2024-10-21T21:35:26.102+0700] {processor.py:186} INFO - Started process (PID=9314) to work on /Users/punny/Documents/GitHub/NYC-Taxi-ETL-Pipeline/.venv/lib/python3.10/site-packages/airflow/example_dags/example_xcomargs.py
[2024-10-21T21:35:26.105+0700] {processor.py:914} INFO - Processing file /Users/punny/Documents/GitHub/NYC-Taxi-ETL-Pipeline/.venv/lib/python3.10/site-packages/airflow/example_dags/example_xcomargs.py for tasks to queue
[2024-10-21T21:35:26.107+0700] {logging_mixin.py:190} INFO - [2024-10-21T21:35:26.106+0700] {dagbag.py:588} INFO - Filling up the DagBag from /Users/punny/Documents/GitHub/NYC-Taxi-ETL-Pipeline/.venv/lib/python3.10/site-packages/airflow/example_dags/example_xcomargs.py
[2024-10-21T21:35:26.159+0700] {processor.py:925} INFO - DAG(s) 'example_xcom_args', 'example_xcom_args_with_operators' retrieved from /Users/punny/Documents/GitHub/NYC-Taxi-ETL-Pipeline/.venv/lib/python3.10/site-packages/airflow/example_dags/example_xcomargs.py
[2024-10-21T21:35:26.363+0700] {logging_mixin.py:190} INFO - [2024-10-21T21:35:26.363+0700] {dag.py:3239} INFO - Sync 2 DAGs
[2024-10-21T21:35:26.378+0700] {logging_mixin.py:190} INFO - [2024-10-21T21:35:26.378+0700] {dag.py:4180} INFO - Setting next_dagrun for example_xcom_args to None, run_after=None
[2024-10-21T21:35:26.382+0700] {logging_mixin.py:190} INFO - [2024-10-21T21:35:26.382+0700] {dag.py:4180} INFO - Setting next_dagrun for example_xcom_args_with_operators to None, run_after=None
[2024-10-21T21:35:26.404+0700] {processor.py:208} INFO - Processing /Users/punny/Documents/GitHub/NYC-Taxi-ETL-Pipeline/.venv/lib/python3.10/site-packages/airflow/example_dags/example_xcomargs.py took 0.309 seconds
[2024-10-21T21:38:23.663+0700] {processor.py:186} INFO - Started process (PID=9585) to work on /Users/punny/Documents/GitHub/NYC-Taxi-ETL-Pipeline/.venv/lib/python3.10/site-packages/airflow/example_dags/example_xcomargs.py
[2024-10-21T21:38:23.674+0700] {processor.py:914} INFO - Processing file /Users/punny/Documents/GitHub/NYC-Taxi-ETL-Pipeline/.venv/lib/python3.10/site-packages/airflow/example_dags/example_xcomargs.py for tasks to queue
[2024-10-21T21:38:23.678+0700] {logging_mixin.py:190} INFO - [2024-10-21T21:38:23.677+0700] {dagbag.py:588} INFO - Filling up the DagBag from /Users/punny/Documents/GitHub/NYC-Taxi-ETL-Pipeline/.venv/lib/python3.10/site-packages/airflow/example_dags/example_xcomargs.py
[2024-10-21T21:38:23.824+0700] {processor.py:925} INFO - DAG(s) 'example_xcom_args_with_operators', 'example_xcom_args' retrieved from /Users/punny/Documents/GitHub/NYC-Taxi-ETL-Pipeline/.venv/lib/python3.10/site-packages/airflow/example_dags/example_xcomargs.py
[2024-10-21T21:38:24.109+0700] {logging_mixin.py:190} INFO - [2024-10-21T21:38:24.109+0700] {dag.py:3239} INFO - Sync 2 DAGs
[2024-10-21T21:38:24.135+0700] {logging_mixin.py:190} INFO - [2024-10-21T21:38:24.135+0700] {dag.py:4180} INFO - Setting next_dagrun for example_xcom_args to None, run_after=None
[2024-10-21T21:38:24.140+0700] {logging_mixin.py:190} INFO - [2024-10-21T21:38:24.139+0700] {dag.py:4180} INFO - Setting next_dagrun for example_xcom_args_with_operators to None, run_after=None
[2024-10-21T21:38:24.169+0700] {processor.py:208} INFO - Processing /Users/punny/Documents/GitHub/NYC-Taxi-ETL-Pipeline/.venv/lib/python3.10/site-packages/airflow/example_dags/example_xcomargs.py took 0.534 seconds
[2024-10-21T21:42:32.130+0700] {processor.py:186} INFO - Started process (PID=9979) to work on /Users/punny/Documents/GitHub/NYC-Taxi-ETL-Pipeline/.venv/lib/python3.10/site-packages/airflow/example_dags/example_xcomargs.py
[2024-10-21T21:42:32.133+0700] {processor.py:914} INFO - Processing file /Users/punny/Documents/GitHub/NYC-Taxi-ETL-Pipeline/.venv/lib/python3.10/site-packages/airflow/example_dags/example_xcomargs.py for tasks to queue
[2024-10-21T21:42:32.134+0700] {logging_mixin.py:190} INFO - [2024-10-21T21:42:32.134+0700] {dagbag.py:588} INFO - Filling up the DagBag from /Users/punny/Documents/GitHub/NYC-Taxi-ETL-Pipeline/.venv/lib/python3.10/site-packages/airflow/example_dags/example_xcomargs.py
[2024-10-21T21:42:32.178+0700] {processor.py:925} INFO - DAG(s) 'example_xcom_args_with_operators', 'example_xcom_args' retrieved from /Users/punny/Documents/GitHub/NYC-Taxi-ETL-Pipeline/.venv/lib/python3.10/site-packages/airflow/example_dags/example_xcomargs.py
[2024-10-21T21:42:32.359+0700] {logging_mixin.py:190} INFO - [2024-10-21T21:42:32.359+0700] {dag.py:3239} INFO - Sync 2 DAGs
[2024-10-21T21:42:32.373+0700] {logging_mixin.py:190} INFO - [2024-10-21T21:42:32.373+0700] {dag.py:4180} INFO - Setting next_dagrun for example_xcom_args to None, run_after=None
[2024-10-21T21:42:32.376+0700] {logging_mixin.py:190} INFO - [2024-10-21T21:42:32.376+0700] {dag.py:4180} INFO - Setting next_dagrun for example_xcom_args_with_operators to None, run_after=None
[2024-10-21T21:42:32.395+0700] {processor.py:208} INFO - Processing /Users/punny/Documents/GitHub/NYC-Taxi-ETL-Pipeline/.venv/lib/python3.10/site-packages/airflow/example_dags/example_xcomargs.py took 0.274 seconds
[2024-10-21T21:46:13.809+0700] {processor.py:186} INFO - Started process (PID=10401) to work on /Users/punny/Documents/GitHub/NYC-Taxi-ETL-Pipeline/.venv/lib/python3.10/site-packages/airflow/example_dags/example_xcomargs.py
[2024-10-21T21:46:13.812+0700] {processor.py:914} INFO - Processing file /Users/punny/Documents/GitHub/NYC-Taxi-ETL-Pipeline/.venv/lib/python3.10/site-packages/airflow/example_dags/example_xcomargs.py for tasks to queue
[2024-10-21T21:46:13.813+0700] {logging_mixin.py:190} INFO - [2024-10-21T21:46:13.813+0700] {dagbag.py:588} INFO - Filling up the DagBag from /Users/punny/Documents/GitHub/NYC-Taxi-ETL-Pipeline/.venv/lib/python3.10/site-packages/airflow/example_dags/example_xcomargs.py
[2024-10-21T21:46:13.858+0700] {processor.py:925} INFO - DAG(s) 'example_xcom_args_with_operators', 'example_xcom_args' retrieved from /Users/punny/Documents/GitHub/NYC-Taxi-ETL-Pipeline/.venv/lib/python3.10/site-packages/airflow/example_dags/example_xcomargs.py
[2024-10-21T21:46:14.031+0700] {logging_mixin.py:190} INFO - [2024-10-21T21:46:14.031+0700] {dag.py:3239} INFO - Sync 2 DAGs
[2024-10-21T21:46:14.045+0700] {logging_mixin.py:190} INFO - [2024-10-21T21:46:14.045+0700] {dag.py:4180} INFO - Setting next_dagrun for example_xcom_args to None, run_after=None
[2024-10-21T21:46:14.048+0700] {logging_mixin.py:190} INFO - [2024-10-21T21:46:14.048+0700] {dag.py:4180} INFO - Setting next_dagrun for example_xcom_args_with_operators to None, run_after=None
[2024-10-21T21:46:14.066+0700] {processor.py:208} INFO - Processing /Users/punny/Documents/GitHub/NYC-Taxi-ETL-Pipeline/.venv/lib/python3.10/site-packages/airflow/example_dags/example_xcomargs.py took 0.264 seconds
[2024-10-21T21:49:13.488+0700] {processor.py:186} INFO - Started process (PID=10608) to work on /Users/punny/Documents/GitHub/NYC-Taxi-ETL-Pipeline/.venv/lib/python3.10/site-packages/airflow/example_dags/example_xcomargs.py
[2024-10-21T21:49:13.491+0700] {processor.py:914} INFO - Processing file /Users/punny/Documents/GitHub/NYC-Taxi-ETL-Pipeline/.venv/lib/python3.10/site-packages/airflow/example_dags/example_xcomargs.py for tasks to queue
[2024-10-21T21:49:13.492+0700] {logging_mixin.py:190} INFO - [2024-10-21T21:49:13.492+0700] {dagbag.py:588} INFO - Filling up the DagBag from /Users/punny/Documents/GitHub/NYC-Taxi-ETL-Pipeline/.venv/lib/python3.10/site-packages/airflow/example_dags/example_xcomargs.py
[2024-10-21T21:49:13.538+0700] {processor.py:925} INFO - DAG(s) 'example_xcom_args', 'example_xcom_args_with_operators' retrieved from /Users/punny/Documents/GitHub/NYC-Taxi-ETL-Pipeline/.venv/lib/python3.10/site-packages/airflow/example_dags/example_xcomargs.py
[2024-10-21T21:49:13.725+0700] {logging_mixin.py:190} INFO - [2024-10-21T21:49:13.724+0700] {dag.py:3239} INFO - Sync 2 DAGs
[2024-10-21T21:49:13.739+0700] {logging_mixin.py:190} INFO - [2024-10-21T21:49:13.739+0700] {dag.py:4180} INFO - Setting next_dagrun for example_xcom_args to None, run_after=None
[2024-10-21T21:49:13.743+0700] {logging_mixin.py:190} INFO - [2024-10-21T21:49:13.743+0700] {dag.py:4180} INFO - Setting next_dagrun for example_xcom_args_with_operators to None, run_after=None
[2024-10-21T21:49:13.762+0700] {processor.py:208} INFO - Processing /Users/punny/Documents/GitHub/NYC-Taxi-ETL-Pipeline/.venv/lib/python3.10/site-packages/airflow/example_dags/example_xcomargs.py took 0.282 seconds
[2024-10-21T21:50:43.691+0700] {processor.py:186} INFO - Started process (PID=10737) to work on /Users/punny/Documents/GitHub/NYC-Taxi-ETL-Pipeline/.venv/lib/python3.10/site-packages/airflow/example_dags/example_xcomargs.py
[2024-10-21T21:50:43.694+0700] {processor.py:914} INFO - Processing file /Users/punny/Documents/GitHub/NYC-Taxi-ETL-Pipeline/.venv/lib/python3.10/site-packages/airflow/example_dags/example_xcomargs.py for tasks to queue
[2024-10-21T21:50:43.696+0700] {logging_mixin.py:190} INFO - [2024-10-21T21:50:43.695+0700] {dagbag.py:588} INFO - Filling up the DagBag from /Users/punny/Documents/GitHub/NYC-Taxi-ETL-Pipeline/.venv/lib/python3.10/site-packages/airflow/example_dags/example_xcomargs.py
[2024-10-21T21:50:43.745+0700] {processor.py:925} INFO - DAG(s) 'example_xcom_args_with_operators', 'example_xcom_args' retrieved from /Users/punny/Documents/GitHub/NYC-Taxi-ETL-Pipeline/.venv/lib/python3.10/site-packages/airflow/example_dags/example_xcomargs.py
[2024-10-21T21:50:43.948+0700] {logging_mixin.py:190} INFO - [2024-10-21T21:50:43.948+0700] {dag.py:3239} INFO - Sync 2 DAGs
[2024-10-21T21:50:43.964+0700] {logging_mixin.py:190} INFO - [2024-10-21T21:50:43.963+0700] {dag.py:4180} INFO - Setting next_dagrun for example_xcom_args to None, run_after=None
[2024-10-21T21:50:43.967+0700] {logging_mixin.py:190} INFO - [2024-10-21T21:50:43.967+0700] {dag.py:4180} INFO - Setting next_dagrun for example_xcom_args_with_operators to None, run_after=None
[2024-10-21T21:50:43.988+0700] {processor.py:208} INFO - Processing /Users/punny/Documents/GitHub/NYC-Taxi-ETL-Pipeline/.venv/lib/python3.10/site-packages/airflow/example_dags/example_xcomargs.py took 0.305 seconds
[2024-10-21T21:54:32.723+0700] {processor.py:186} INFO - Started process (PID=11064) to work on /Users/punny/Documents/GitHub/NYC-Taxi-ETL-Pipeline/.venv/lib/python3.10/site-packages/airflow/example_dags/example_xcomargs.py
[2024-10-21T21:54:32.728+0700] {processor.py:914} INFO - Processing file /Users/punny/Documents/GitHub/NYC-Taxi-ETL-Pipeline/.venv/lib/python3.10/site-packages/airflow/example_dags/example_xcomargs.py for tasks to queue
[2024-10-21T21:54:32.729+0700] {logging_mixin.py:190} INFO - [2024-10-21T21:54:32.728+0700] {dagbag.py:588} INFO - Filling up the DagBag from /Users/punny/Documents/GitHub/NYC-Taxi-ETL-Pipeline/.venv/lib/python3.10/site-packages/airflow/example_dags/example_xcomargs.py
[2024-10-21T21:54:32.782+0700] {processor.py:925} INFO - DAG(s) 'example_xcom_args_with_operators', 'example_xcom_args' retrieved from /Users/punny/Documents/GitHub/NYC-Taxi-ETL-Pipeline/.venv/lib/python3.10/site-packages/airflow/example_dags/example_xcomargs.py
[2024-10-21T21:54:32.979+0700] {logging_mixin.py:190} INFO - [2024-10-21T21:54:32.978+0700] {dag.py:3239} INFO - Sync 2 DAGs
[2024-10-21T21:54:32.994+0700] {logging_mixin.py:190} INFO - [2024-10-21T21:54:32.994+0700] {dag.py:4180} INFO - Setting next_dagrun for example_xcom_args to None, run_after=None
[2024-10-21T21:54:32.998+0700] {logging_mixin.py:190} INFO - [2024-10-21T21:54:32.998+0700] {dag.py:4180} INFO - Setting next_dagrun for example_xcom_args_with_operators to None, run_after=None
[2024-10-21T21:54:33.018+0700] {processor.py:208} INFO - Processing /Users/punny/Documents/GitHub/NYC-Taxi-ETL-Pipeline/.venv/lib/python3.10/site-packages/airflow/example_dags/example_xcomargs.py took 0.301 seconds
[2024-10-21T21:58:39.105+0700] {processor.py:186} INFO - Started process (PID=11614) to work on /Users/punny/Documents/GitHub/NYC-Taxi-ETL-Pipeline/.venv/lib/python3.10/site-packages/airflow/example_dags/example_xcomargs.py
[2024-10-21T21:58:39.108+0700] {processor.py:914} INFO - Processing file /Users/punny/Documents/GitHub/NYC-Taxi-ETL-Pipeline/.venv/lib/python3.10/site-packages/airflow/example_dags/example_xcomargs.py for tasks to queue
[2024-10-21T21:58:39.109+0700] {logging_mixin.py:190} INFO - [2024-10-21T21:58:39.109+0700] {dagbag.py:588} INFO - Filling up the DagBag from /Users/punny/Documents/GitHub/NYC-Taxi-ETL-Pipeline/.venv/lib/python3.10/site-packages/airflow/example_dags/example_xcomargs.py
[2024-10-21T21:58:39.157+0700] {processor.py:925} INFO - DAG(s) 'example_xcom_args_with_operators', 'example_xcom_args' retrieved from /Users/punny/Documents/GitHub/NYC-Taxi-ETL-Pipeline/.venv/lib/python3.10/site-packages/airflow/example_dags/example_xcomargs.py
[2024-10-21T21:58:39.349+0700] {logging_mixin.py:190} INFO - [2024-10-21T21:58:39.349+0700] {dag.py:3239} INFO - Sync 2 DAGs
[2024-10-21T21:58:39.365+0700] {logging_mixin.py:190} INFO - [2024-10-21T21:58:39.365+0700] {dag.py:4180} INFO - Setting next_dagrun for example_xcom_args to None, run_after=None
[2024-10-21T21:58:39.369+0700] {logging_mixin.py:190} INFO - [2024-10-21T21:58:39.369+0700] {dag.py:4180} INFO - Setting next_dagrun for example_xcom_args_with_operators to None, run_after=None
[2024-10-21T21:58:39.390+0700] {processor.py:208} INFO - Processing /Users/punny/Documents/GitHub/NYC-Taxi-ETL-Pipeline/.venv/lib/python3.10/site-packages/airflow/example_dags/example_xcomargs.py took 0.294 seconds
[2024-10-21T22:16:07.669+0700] {processor.py:186} INFO - Started process (PID=12006) to work on /Users/punny/Documents/GitHub/NYC-Taxi-ETL-Pipeline/.venv/lib/python3.10/site-packages/airflow/example_dags/example_xcomargs.py
[2024-10-21T22:16:07.672+0700] {processor.py:914} INFO - Processing file /Users/punny/Documents/GitHub/NYC-Taxi-ETL-Pipeline/.venv/lib/python3.10/site-packages/airflow/example_dags/example_xcomargs.py for tasks to queue
[2024-10-21T22:16:07.673+0700] {logging_mixin.py:190} INFO - [2024-10-21T22:16:07.673+0700] {dagbag.py:588} INFO - Filling up the DagBag from /Users/punny/Documents/GitHub/NYC-Taxi-ETL-Pipeline/.venv/lib/python3.10/site-packages/airflow/example_dags/example_xcomargs.py
[2024-10-21T22:16:07.724+0700] {processor.py:925} INFO - DAG(s) 'example_xcom_args_with_operators', 'example_xcom_args' retrieved from /Users/punny/Documents/GitHub/NYC-Taxi-ETL-Pipeline/.venv/lib/python3.10/site-packages/airflow/example_dags/example_xcomargs.py
[2024-10-21T22:16:07.911+0700] {logging_mixin.py:190} INFO - [2024-10-21T22:16:07.910+0700] {dag.py:3239} INFO - Sync 2 DAGs
[2024-10-21T22:16:07.926+0700] {logging_mixin.py:190} INFO - [2024-10-21T22:16:07.925+0700] {dag.py:4180} INFO - Setting next_dagrun for example_xcom_args to None, run_after=None
[2024-10-21T22:16:07.929+0700] {logging_mixin.py:190} INFO - [2024-10-21T22:16:07.929+0700] {dag.py:4180} INFO - Setting next_dagrun for example_xcom_args_with_operators to None, run_after=None
[2024-10-21T22:16:07.950+0700] {processor.py:208} INFO - Processing /Users/punny/Documents/GitHub/NYC-Taxi-ETL-Pipeline/.venv/lib/python3.10/site-packages/airflow/example_dags/example_xcomargs.py took 0.289 seconds
[2024-10-21T22:19:03.241+0700] {processor.py:186} INFO - Started process (PID=12318) to work on /Users/punny/Documents/GitHub/NYC-Taxi-ETL-Pipeline/.venv/lib/python3.10/site-packages/airflow/example_dags/example_xcomargs.py
[2024-10-21T22:19:03.244+0700] {processor.py:914} INFO - Processing file /Users/punny/Documents/GitHub/NYC-Taxi-ETL-Pipeline/.venv/lib/python3.10/site-packages/airflow/example_dags/example_xcomargs.py for tasks to queue
[2024-10-21T22:19:03.245+0700] {logging_mixin.py:190} INFO - [2024-10-21T22:19:03.245+0700] {dagbag.py:588} INFO - Filling up the DagBag from /Users/punny/Documents/GitHub/NYC-Taxi-ETL-Pipeline/.venv/lib/python3.10/site-packages/airflow/example_dags/example_xcomargs.py
[2024-10-21T22:19:03.293+0700] {processor.py:925} INFO - DAG(s) 'example_xcom_args_with_operators', 'example_xcom_args' retrieved from /Users/punny/Documents/GitHub/NYC-Taxi-ETL-Pipeline/.venv/lib/python3.10/site-packages/airflow/example_dags/example_xcomargs.py
[2024-10-21T22:19:03.469+0700] {logging_mixin.py:190} INFO - [2024-10-21T22:19:03.469+0700] {dag.py:3239} INFO - Sync 2 DAGs
[2024-10-21T22:19:03.483+0700] {logging_mixin.py:190} INFO - [2024-10-21T22:19:03.483+0700] {dag.py:4180} INFO - Setting next_dagrun for example_xcom_args to None, run_after=None
[2024-10-21T22:19:03.486+0700] {logging_mixin.py:190} INFO - [2024-10-21T22:19:03.486+0700] {dag.py:4180} INFO - Setting next_dagrun for example_xcom_args_with_operators to None, run_after=None
[2024-10-21T22:19:03.505+0700] {processor.py:208} INFO - Processing /Users/punny/Documents/GitHub/NYC-Taxi-ETL-Pipeline/.venv/lib/python3.10/site-packages/airflow/example_dags/example_xcomargs.py took 0.271 seconds
[2024-10-21T22:23:57.898+0700] {processor.py:186} INFO - Started process (PID=13077) to work on /Users/punny/Documents/GitHub/NYC-Taxi-ETL-Pipeline/.venv/lib/python3.10/site-packages/airflow/example_dags/example_xcomargs.py
[2024-10-21T22:23:57.903+0700] {processor.py:914} INFO - Processing file /Users/punny/Documents/GitHub/NYC-Taxi-ETL-Pipeline/.venv/lib/python3.10/site-packages/airflow/example_dags/example_xcomargs.py for tasks to queue
[2024-10-21T22:23:57.904+0700] {logging_mixin.py:190} INFO - [2024-10-21T22:23:57.904+0700] {dagbag.py:588} INFO - Filling up the DagBag from /Users/punny/Documents/GitHub/NYC-Taxi-ETL-Pipeline/.venv/lib/python3.10/site-packages/airflow/example_dags/example_xcomargs.py
[2024-10-21T22:23:57.949+0700] {processor.py:925} INFO - DAG(s) 'example_xcom_args', 'example_xcom_args_with_operators' retrieved from /Users/punny/Documents/GitHub/NYC-Taxi-ETL-Pipeline/.venv/lib/python3.10/site-packages/airflow/example_dags/example_xcomargs.py
[2024-10-21T22:23:58.138+0700] {logging_mixin.py:190} INFO - [2024-10-21T22:23:58.138+0700] {dag.py:3239} INFO - Sync 2 DAGs
[2024-10-21T22:23:58.153+0700] {logging_mixin.py:190} INFO - [2024-10-21T22:23:58.153+0700] {dag.py:4180} INFO - Setting next_dagrun for example_xcom_args to None, run_after=None
[2024-10-21T22:23:58.157+0700] {logging_mixin.py:190} INFO - [2024-10-21T22:23:58.157+0700] {dag.py:4180} INFO - Setting next_dagrun for example_xcom_args_with_operators to None, run_after=None
[2024-10-21T22:23:58.179+0700] {processor.py:208} INFO - Processing /Users/punny/Documents/GitHub/NYC-Taxi-ETL-Pipeline/.venv/lib/python3.10/site-packages/airflow/example_dags/example_xcomargs.py took 0.289 seconds
[2024-10-21T22:28:04.180+0700] {processor.py:186} INFO - Started process (PID=13468) to work on /Users/punny/Documents/GitHub/NYC-Taxi-ETL-Pipeline/.venv/lib/python3.10/site-packages/airflow/example_dags/example_xcomargs.py
[2024-10-21T22:28:04.183+0700] {processor.py:914} INFO - Processing file /Users/punny/Documents/GitHub/NYC-Taxi-ETL-Pipeline/.venv/lib/python3.10/site-packages/airflow/example_dags/example_xcomargs.py for tasks to queue
[2024-10-21T22:28:04.184+0700] {logging_mixin.py:190} INFO - [2024-10-21T22:28:04.184+0700] {dagbag.py:588} INFO - Filling up the DagBag from /Users/punny/Documents/GitHub/NYC-Taxi-ETL-Pipeline/.venv/lib/python3.10/site-packages/airflow/example_dags/example_xcomargs.py
[2024-10-21T22:28:04.232+0700] {processor.py:925} INFO - DAG(s) 'example_xcom_args', 'example_xcom_args_with_operators' retrieved from /Users/punny/Documents/GitHub/NYC-Taxi-ETL-Pipeline/.venv/lib/python3.10/site-packages/airflow/example_dags/example_xcomargs.py
[2024-10-21T22:28:04.409+0700] {logging_mixin.py:190} INFO - [2024-10-21T22:28:04.409+0700] {dag.py:3239} INFO - Sync 2 DAGs
[2024-10-21T22:28:04.424+0700] {logging_mixin.py:190} INFO - [2024-10-21T22:28:04.424+0700] {dag.py:4180} INFO - Setting next_dagrun for example_xcom_args to None, run_after=None
[2024-10-21T22:28:04.427+0700] {logging_mixin.py:190} INFO - [2024-10-21T22:28:04.427+0700] {dag.py:4180} INFO - Setting next_dagrun for example_xcom_args_with_operators to None, run_after=None
[2024-10-21T22:28:04.446+0700] {processor.py:208} INFO - Processing /Users/punny/Documents/GitHub/NYC-Taxi-ETL-Pipeline/.venv/lib/python3.10/site-packages/airflow/example_dags/example_xcomargs.py took 0.276 seconds
[2024-10-21T22:30:58.936+0700] {processor.py:186} INFO - Started process (PID=13688) to work on /Users/punny/Documents/GitHub/NYC-Taxi-ETL-Pipeline/.venv/lib/python3.10/site-packages/airflow/example_dags/example_xcomargs.py
[2024-10-21T22:30:58.939+0700] {processor.py:914} INFO - Processing file /Users/punny/Documents/GitHub/NYC-Taxi-ETL-Pipeline/.venv/lib/python3.10/site-packages/airflow/example_dags/example_xcomargs.py for tasks to queue
[2024-10-21T22:30:58.940+0700] {logging_mixin.py:190} INFO - [2024-10-21T22:30:58.940+0700] {dagbag.py:588} INFO - Filling up the DagBag from /Users/punny/Documents/GitHub/NYC-Taxi-ETL-Pipeline/.venv/lib/python3.10/site-packages/airflow/example_dags/example_xcomargs.py
[2024-10-21T22:30:58.986+0700] {processor.py:925} INFO - DAG(s) 'example_xcom_args_with_operators', 'example_xcom_args' retrieved from /Users/punny/Documents/GitHub/NYC-Taxi-ETL-Pipeline/.venv/lib/python3.10/site-packages/airflow/example_dags/example_xcomargs.py
[2024-10-21T22:30:59.165+0700] {logging_mixin.py:190} INFO - [2024-10-21T22:30:59.164+0700] {dag.py:3239} INFO - Sync 2 DAGs
[2024-10-21T22:30:59.179+0700] {logging_mixin.py:190} INFO - [2024-10-21T22:30:59.179+0700] {dag.py:4180} INFO - Setting next_dagrun for example_xcom_args to None, run_after=None
[2024-10-21T22:30:59.184+0700] {logging_mixin.py:190} INFO - [2024-10-21T22:30:59.183+0700] {dag.py:4180} INFO - Setting next_dagrun for example_xcom_args_with_operators to None, run_after=None
[2024-10-21T22:30:59.205+0700] {processor.py:208} INFO - Processing /Users/punny/Documents/GitHub/NYC-Taxi-ETL-Pipeline/.venv/lib/python3.10/site-packages/airflow/example_dags/example_xcomargs.py took 0.276 seconds
