[2024-10-21T13:09:30.353+0700] {processor.py:186} INFO - Started process (PID=34427) to work on /Users/punny/Documents/GitHub/NYC-Taxi-ETL-Pipeline/.venv/lib/python3.10/site-packages/airflow/example_dags/example_kubernetes_executor.py
[2024-10-21T13:09:30.357+0700] {processor.py:914} INFO - Processing file /Users/punny/Documents/GitHub/NYC-Taxi-ETL-Pipeline/.venv/lib/python3.10/site-packages/airflow/example_dags/example_kubernetes_executor.py for tasks to queue
[2024-10-21T13:09:30.360+0700] {logging_mixin.py:190} INFO - [2024-10-21T13:09:30.359+0700] {dagbag.py:588} INFO - Filling up the DagBag from /Users/punny/Documents/GitHub/NYC-Taxi-ETL-Pipeline/.venv/lib/python3.10/site-packages/airflow/example_dags/example_kubernetes_executor.py
[2024-10-21T13:09:30.441+0700] {logging_mixin.py:190} INFO - [2024-10-21T13:09:30.440+0700] {example_kubernetes_executor.py:39} WARNING - The example_kubernetes_executor example DAG requires the kubernetes provider. Please install it with: pip install apache-airflow[cncf.kubernetes]
[2024-10-21T13:09:30.441+0700] {processor.py:927} WARNING - No viable dags retrieved from /Users/punny/Documents/GitHub/NYC-Taxi-ETL-Pipeline/.venv/lib/python3.10/site-packages/airflow/example_dags/example_kubernetes_executor.py
[2024-10-21T13:09:30.740+0700] {processor.py:208} INFO - Processing /Users/punny/Documents/GitHub/NYC-Taxi-ETL-Pipeline/.venv/lib/python3.10/site-packages/airflow/example_dags/example_kubernetes_executor.py took 0.399 seconds
[2024-10-21T14:22:29.968+0700] {processor.py:186} INFO - Started process (PID=35279) to work on /Users/punny/Documents/GitHub/NYC-Taxi-ETL-Pipeline/.venv/lib/python3.10/site-packages/airflow/example_dags/example_kubernetes_executor.py
[2024-10-21T14:22:29.976+0700] {processor.py:914} INFO - Processing file /Users/punny/Documents/GitHub/NYC-Taxi-ETL-Pipeline/.venv/lib/python3.10/site-packages/airflow/example_dags/example_kubernetes_executor.py for tasks to queue
[2024-10-21T14:22:29.979+0700] {logging_mixin.py:190} INFO - [2024-10-21T14:22:29.978+0700] {dagbag.py:588} INFO - Filling up the DagBag from /Users/punny/Documents/GitHub/NYC-Taxi-ETL-Pipeline/.venv/lib/python3.10/site-packages/airflow/example_dags/example_kubernetes_executor.py
[2024-10-21T14:22:30.100+0700] {logging_mixin.py:190} INFO - [2024-10-21T14:22:30.100+0700] {example_kubernetes_executor.py:39} WARNING - The example_kubernetes_executor example DAG requires the kubernetes provider. Please install it with: pip install apache-airflow[cncf.kubernetes]
[2024-10-21T14:22:30.101+0700] {processor.py:927} WARNING - No viable dags retrieved from /Users/punny/Documents/GitHub/NYC-Taxi-ETL-Pipeline/.venv/lib/python3.10/site-packages/airflow/example_dags/example_kubernetes_executor.py
[2024-10-21T14:22:30.537+0700] {processor.py:208} INFO - Processing /Users/punny/Documents/GitHub/NYC-Taxi-ETL-Pipeline/.venv/lib/python3.10/site-packages/airflow/example_dags/example_kubernetes_executor.py took 0.587 seconds
[2024-10-21T14:49:34.531+0700] {processor.py:186} INFO - Started process (PID=36096) to work on /Users/punny/Documents/GitHub/NYC-Taxi-ETL-Pipeline/.venv/lib/python3.10/site-packages/airflow/example_dags/example_kubernetes_executor.py
[2024-10-21T14:49:34.535+0700] {processor.py:914} INFO - Processing file /Users/punny/Documents/GitHub/NYC-Taxi-ETL-Pipeline/.venv/lib/python3.10/site-packages/airflow/example_dags/example_kubernetes_executor.py for tasks to queue
[2024-10-21T14:49:34.554+0700] {logging_mixin.py:190} INFO - [2024-10-21T14:49:34.553+0700] {dagbag.py:588} INFO - Filling up the DagBag from /Users/punny/Documents/GitHub/NYC-Taxi-ETL-Pipeline/.venv/lib/python3.10/site-packages/airflow/example_dags/example_kubernetes_executor.py
[2024-10-21T14:49:34.632+0700] {logging_mixin.py:190} INFO - [2024-10-21T14:49:34.632+0700] {example_kubernetes_executor.py:39} WARNING - The example_kubernetes_executor example DAG requires the kubernetes provider. Please install it with: pip install apache-airflow[cncf.kubernetes]
[2024-10-21T14:49:34.633+0700] {processor.py:927} WARNING - No viable dags retrieved from /Users/punny/Documents/GitHub/NYC-Taxi-ETL-Pipeline/.venv/lib/python3.10/site-packages/airflow/example_dags/example_kubernetes_executor.py
[2024-10-21T14:49:34.840+0700] {processor.py:208} INFO - Processing /Users/punny/Documents/GitHub/NYC-Taxi-ETL-Pipeline/.venv/lib/python3.10/site-packages/airflow/example_dags/example_kubernetes_executor.py took 0.319 seconds
[2024-10-21T14:53:12.291+0700] {processor.py:186} INFO - Started process (PID=36674) to work on /Users/punny/Documents/GitHub/NYC-Taxi-ETL-Pipeline/.venv/lib/python3.10/site-packages/airflow/example_dags/example_kubernetes_executor.py
[2024-10-21T14:53:12.294+0700] {processor.py:914} INFO - Processing file /Users/punny/Documents/GitHub/NYC-Taxi-ETL-Pipeline/.venv/lib/python3.10/site-packages/airflow/example_dags/example_kubernetes_executor.py for tasks to queue
[2024-10-21T14:53:12.295+0700] {logging_mixin.py:190} INFO - [2024-10-21T14:53:12.295+0700] {dagbag.py:588} INFO - Filling up the DagBag from /Users/punny/Documents/GitHub/NYC-Taxi-ETL-Pipeline/.venv/lib/python3.10/site-packages/airflow/example_dags/example_kubernetes_executor.py
[2024-10-21T14:53:12.342+0700] {logging_mixin.py:190} INFO - [2024-10-21T14:53:12.342+0700] {example_kubernetes_executor.py:39} WARNING - The example_kubernetes_executor example DAG requires the kubernetes provider. Please install it with: pip install apache-airflow[cncf.kubernetes]
[2024-10-21T14:53:12.343+0700] {processor.py:927} WARNING - No viable dags retrieved from /Users/punny/Documents/GitHub/NYC-Taxi-ETL-Pipeline/.venv/lib/python3.10/site-packages/airflow/example_dags/example_kubernetes_executor.py
[2024-10-21T14:53:12.535+0700] {processor.py:208} INFO - Processing /Users/punny/Documents/GitHub/NYC-Taxi-ETL-Pipeline/.venv/lib/python3.10/site-packages/airflow/example_dags/example_kubernetes_executor.py took 0.257 seconds
[2024-10-21T14:56:34.436+0700] {processor.py:186} INFO - Started process (PID=37190) to work on /Users/punny/Documents/GitHub/NYC-Taxi-ETL-Pipeline/.venv/lib/python3.10/site-packages/airflow/example_dags/example_kubernetes_executor.py
[2024-10-21T14:56:34.439+0700] {processor.py:914} INFO - Processing file /Users/punny/Documents/GitHub/NYC-Taxi-ETL-Pipeline/.venv/lib/python3.10/site-packages/airflow/example_dags/example_kubernetes_executor.py for tasks to queue
[2024-10-21T14:56:34.440+0700] {logging_mixin.py:190} INFO - [2024-10-21T14:56:34.440+0700] {dagbag.py:588} INFO - Filling up the DagBag from /Users/punny/Documents/GitHub/NYC-Taxi-ETL-Pipeline/.venv/lib/python3.10/site-packages/airflow/example_dags/example_kubernetes_executor.py
[2024-10-21T14:56:34.482+0700] {logging_mixin.py:190} INFO - [2024-10-21T14:56:34.482+0700] {example_kubernetes_executor.py:39} WARNING - The example_kubernetes_executor example DAG requires the kubernetes provider. Please install it with: pip install apache-airflow[cncf.kubernetes]
[2024-10-21T14:56:34.482+0700] {processor.py:927} WARNING - No viable dags retrieved from /Users/punny/Documents/GitHub/NYC-Taxi-ETL-Pipeline/.venv/lib/python3.10/site-packages/airflow/example_dags/example_kubernetes_executor.py
[2024-10-21T14:56:34.652+0700] {processor.py:208} INFO - Processing /Users/punny/Documents/GitHub/NYC-Taxi-ETL-Pipeline/.venv/lib/python3.10/site-packages/airflow/example_dags/example_kubernetes_executor.py took 0.225 seconds
[2024-10-21T15:01:48.333+0700] {processor.py:186} INFO - Started process (PID=37971) to work on /Users/punny/Documents/GitHub/NYC-Taxi-ETL-Pipeline/.venv/lib/python3.10/site-packages/airflow/example_dags/example_kubernetes_executor.py
[2024-10-21T15:01:48.357+0700] {processor.py:914} INFO - Processing file /Users/punny/Documents/GitHub/NYC-Taxi-ETL-Pipeline/.venv/lib/python3.10/site-packages/airflow/example_dags/example_kubernetes_executor.py for tasks to queue
[2024-10-21T15:01:48.367+0700] {logging_mixin.py:190} INFO - [2024-10-21T15:01:48.366+0700] {dagbag.py:588} INFO - Filling up the DagBag from /Users/punny/Documents/GitHub/NYC-Taxi-ETL-Pipeline/.venv/lib/python3.10/site-packages/airflow/example_dags/example_kubernetes_executor.py
[2024-10-21T15:01:48.475+0700] {logging_mixin.py:190} INFO - [2024-10-21T15:01:48.474+0700] {example_kubernetes_executor.py:39} WARNING - The example_kubernetes_executor example DAG requires the kubernetes provider. Please install it with: pip install apache-airflow[cncf.kubernetes]
[2024-10-21T15:01:48.476+0700] {processor.py:927} WARNING - No viable dags retrieved from /Users/punny/Documents/GitHub/NYC-Taxi-ETL-Pipeline/.venv/lib/python3.10/site-packages/airflow/example_dags/example_kubernetes_executor.py
[2024-10-21T15:01:48.987+0700] {processor.py:208} INFO - Processing /Users/punny/Documents/GitHub/NYC-Taxi-ETL-Pipeline/.venv/lib/python3.10/site-packages/airflow/example_dags/example_kubernetes_executor.py took 0.670 seconds
[2024-10-21T15:07:21.755+0700] {processor.py:186} INFO - Started process (PID=38661) to work on /Users/punny/Documents/GitHub/NYC-Taxi-ETL-Pipeline/.venv/lib/python3.10/site-packages/airflow/example_dags/example_kubernetes_executor.py
[2024-10-21T15:07:21.763+0700] {processor.py:914} INFO - Processing file /Users/punny/Documents/GitHub/NYC-Taxi-ETL-Pipeline/.venv/lib/python3.10/site-packages/airflow/example_dags/example_kubernetes_executor.py for tasks to queue
[2024-10-21T15:07:21.764+0700] {logging_mixin.py:190} INFO - [2024-10-21T15:07:21.764+0700] {dagbag.py:588} INFO - Filling up the DagBag from /Users/punny/Documents/GitHub/NYC-Taxi-ETL-Pipeline/.venv/lib/python3.10/site-packages/airflow/example_dags/example_kubernetes_executor.py
[2024-10-21T15:07:21.858+0700] {logging_mixin.py:190} INFO - [2024-10-21T15:07:21.856+0700] {example_kubernetes_executor.py:39} WARNING - The example_kubernetes_executor example DAG requires the kubernetes provider. Please install it with: pip install apache-airflow[cncf.kubernetes]
[2024-10-21T15:07:21.858+0700] {processor.py:927} WARNING - No viable dags retrieved from /Users/punny/Documents/GitHub/NYC-Taxi-ETL-Pipeline/.venv/lib/python3.10/site-packages/airflow/example_dags/example_kubernetes_executor.py
[2024-10-21T15:07:22.170+0700] {processor.py:208} INFO - Processing /Users/punny/Documents/GitHub/NYC-Taxi-ETL-Pipeline/.venv/lib/python3.10/site-packages/airflow/example_dags/example_kubernetes_executor.py took 0.427 seconds
[2024-10-21T15:12:00.964+0700] {processor.py:186} INFO - Started process (PID=39281) to work on /Users/punny/Documents/GitHub/NYC-Taxi-ETL-Pipeline/.venv/lib/python3.10/site-packages/airflow/example_dags/example_kubernetes_executor.py
[2024-10-21T15:12:00.969+0700] {processor.py:914} INFO - Processing file /Users/punny/Documents/GitHub/NYC-Taxi-ETL-Pipeline/.venv/lib/python3.10/site-packages/airflow/example_dags/example_kubernetes_executor.py for tasks to queue
[2024-10-21T15:12:00.970+0700] {logging_mixin.py:190} INFO - [2024-10-21T15:12:00.970+0700] {dagbag.py:588} INFO - Filling up the DagBag from /Users/punny/Documents/GitHub/NYC-Taxi-ETL-Pipeline/.venv/lib/python3.10/site-packages/airflow/example_dags/example_kubernetes_executor.py
[2024-10-21T15:12:01.053+0700] {logging_mixin.py:190} INFO - [2024-10-21T15:12:01.053+0700] {example_kubernetes_executor.py:39} WARNING - The example_kubernetes_executor example DAG requires the kubernetes provider. Please install it with: pip install apache-airflow[cncf.kubernetes]
[2024-10-21T15:12:01.054+0700] {processor.py:927} WARNING - No viable dags retrieved from /Users/punny/Documents/GitHub/NYC-Taxi-ETL-Pipeline/.venv/lib/python3.10/site-packages/airflow/example_dags/example_kubernetes_executor.py
[2024-10-21T15:12:01.342+0700] {processor.py:208} INFO - Processing /Users/punny/Documents/GitHub/NYC-Taxi-ETL-Pipeline/.venv/lib/python3.10/site-packages/airflow/example_dags/example_kubernetes_executor.py took 0.392 seconds
[2024-10-21T15:16:21.045+0700] {processor.py:186} INFO - Started process (PID=39806) to work on /Users/punny/Documents/GitHub/NYC-Taxi-ETL-Pipeline/.venv/lib/python3.10/site-packages/airflow/example_dags/example_kubernetes_executor.py
[2024-10-21T15:16:21.051+0700] {processor.py:914} INFO - Processing file /Users/punny/Documents/GitHub/NYC-Taxi-ETL-Pipeline/.venv/lib/python3.10/site-packages/airflow/example_dags/example_kubernetes_executor.py for tasks to queue
[2024-10-21T15:16:21.053+0700] {logging_mixin.py:190} INFO - [2024-10-21T15:16:21.052+0700] {dagbag.py:588} INFO - Filling up the DagBag from /Users/punny/Documents/GitHub/NYC-Taxi-ETL-Pipeline/.venv/lib/python3.10/site-packages/airflow/example_dags/example_kubernetes_executor.py
[2024-10-21T15:16:21.152+0700] {logging_mixin.py:190} INFO - [2024-10-21T15:16:21.152+0700] {example_kubernetes_executor.py:39} WARNING - The example_kubernetes_executor example DAG requires the kubernetes provider. Please install it with: pip install apache-airflow[cncf.kubernetes]
[2024-10-21T15:16:21.153+0700] {processor.py:927} WARNING - No viable dags retrieved from /Users/punny/Documents/GitHub/NYC-Taxi-ETL-Pipeline/.venv/lib/python3.10/site-packages/airflow/example_dags/example_kubernetes_executor.py
[2024-10-21T15:16:21.442+0700] {processor.py:208} INFO - Processing /Users/punny/Documents/GitHub/NYC-Taxi-ETL-Pipeline/.venv/lib/python3.10/site-packages/airflow/example_dags/example_kubernetes_executor.py took 0.408 seconds
[2024-10-21T15:20:40.558+0700] {processor.py:186} INFO - Started process (PID=40374) to work on /Users/punny/Documents/GitHub/NYC-Taxi-ETL-Pipeline/.venv/lib/python3.10/site-packages/airflow/example_dags/example_kubernetes_executor.py
[2024-10-21T15:20:40.563+0700] {processor.py:914} INFO - Processing file /Users/punny/Documents/GitHub/NYC-Taxi-ETL-Pipeline/.venv/lib/python3.10/site-packages/airflow/example_dags/example_kubernetes_executor.py for tasks to queue
[2024-10-21T15:20:40.564+0700] {logging_mixin.py:190} INFO - [2024-10-21T15:20:40.564+0700] {dagbag.py:588} INFO - Filling up the DagBag from /Users/punny/Documents/GitHub/NYC-Taxi-ETL-Pipeline/.venv/lib/python3.10/site-packages/airflow/example_dags/example_kubernetes_executor.py
[2024-10-21T15:20:40.637+0700] {logging_mixin.py:190} INFO - [2024-10-21T15:20:40.636+0700] {example_kubernetes_executor.py:39} WARNING - The example_kubernetes_executor example DAG requires the kubernetes provider. Please install it with: pip install apache-airflow[cncf.kubernetes]
[2024-10-21T15:20:40.637+0700] {processor.py:927} WARNING - No viable dags retrieved from /Users/punny/Documents/GitHub/NYC-Taxi-ETL-Pipeline/.venv/lib/python3.10/site-packages/airflow/example_dags/example_kubernetes_executor.py
[2024-10-21T15:20:40.886+0700] {processor.py:208} INFO - Processing /Users/punny/Documents/GitHub/NYC-Taxi-ETL-Pipeline/.venv/lib/python3.10/site-packages/airflow/example_dags/example_kubernetes_executor.py took 0.337 seconds
[2024-10-21T15:24:43.554+0700] {processor.py:186} INFO - Started process (PID=40873) to work on /Users/punny/Documents/GitHub/NYC-Taxi-ETL-Pipeline/.venv/lib/python3.10/site-packages/airflow/example_dags/example_kubernetes_executor.py
[2024-10-21T15:24:43.559+0700] {processor.py:914} INFO - Processing file /Users/punny/Documents/GitHub/NYC-Taxi-ETL-Pipeline/.venv/lib/python3.10/site-packages/airflow/example_dags/example_kubernetes_executor.py for tasks to queue
[2024-10-21T15:24:43.560+0700] {logging_mixin.py:190} INFO - [2024-10-21T15:24:43.560+0700] {dagbag.py:588} INFO - Filling up the DagBag from /Users/punny/Documents/GitHub/NYC-Taxi-ETL-Pipeline/.venv/lib/python3.10/site-packages/airflow/example_dags/example_kubernetes_executor.py
[2024-10-21T15:24:43.625+0700] {logging_mixin.py:190} INFO - [2024-10-21T15:24:43.625+0700] {example_kubernetes_executor.py:39} WARNING - The example_kubernetes_executor example DAG requires the kubernetes provider. Please install it with: pip install apache-airflow[cncf.kubernetes]
[2024-10-21T15:24:43.626+0700] {processor.py:927} WARNING - No viable dags retrieved from /Users/punny/Documents/GitHub/NYC-Taxi-ETL-Pipeline/.venv/lib/python3.10/site-packages/airflow/example_dags/example_kubernetes_executor.py
[2024-10-21T15:24:43.914+0700] {processor.py:208} INFO - Processing /Users/punny/Documents/GitHub/NYC-Taxi-ETL-Pipeline/.venv/lib/python3.10/site-packages/airflow/example_dags/example_kubernetes_executor.py took 0.371 seconds
[2024-10-21T15:28:38.943+0700] {processor.py:186} INFO - Started process (PID=41344) to work on /Users/punny/Documents/GitHub/NYC-Taxi-ETL-Pipeline/.venv/lib/python3.10/site-packages/airflow/example_dags/example_kubernetes_executor.py
[2024-10-21T15:28:38.948+0700] {processor.py:914} INFO - Processing file /Users/punny/Documents/GitHub/NYC-Taxi-ETL-Pipeline/.venv/lib/python3.10/site-packages/airflow/example_dags/example_kubernetes_executor.py for tasks to queue
[2024-10-21T15:28:38.950+0700] {logging_mixin.py:190} INFO - [2024-10-21T15:28:38.950+0700] {dagbag.py:588} INFO - Filling up the DagBag from /Users/punny/Documents/GitHub/NYC-Taxi-ETL-Pipeline/.venv/lib/python3.10/site-packages/airflow/example_dags/example_kubernetes_executor.py
[2024-10-21T15:28:39.005+0700] {logging_mixin.py:190} INFO - [2024-10-21T15:28:39.005+0700] {example_kubernetes_executor.py:39} WARNING - The example_kubernetes_executor example DAG requires the kubernetes provider. Please install it with: pip install apache-airflow[cncf.kubernetes]
[2024-10-21T15:28:39.006+0700] {processor.py:927} WARNING - No viable dags retrieved from /Users/punny/Documents/GitHub/NYC-Taxi-ETL-Pipeline/.venv/lib/python3.10/site-packages/airflow/example_dags/example_kubernetes_executor.py
[2024-10-21T15:28:39.267+0700] {processor.py:208} INFO - Processing /Users/punny/Documents/GitHub/NYC-Taxi-ETL-Pipeline/.venv/lib/python3.10/site-packages/airflow/example_dags/example_kubernetes_executor.py took 0.337 seconds
[2024-10-21T15:32:44.372+0700] {processor.py:186} INFO - Started process (PID=41895) to work on /Users/punny/Documents/GitHub/NYC-Taxi-ETL-Pipeline/.venv/lib/python3.10/site-packages/airflow/example_dags/example_kubernetes_executor.py
[2024-10-21T15:32:44.376+0700] {processor.py:914} INFO - Processing file /Users/punny/Documents/GitHub/NYC-Taxi-ETL-Pipeline/.venv/lib/python3.10/site-packages/airflow/example_dags/example_kubernetes_executor.py for tasks to queue
[2024-10-21T15:32:44.379+0700] {logging_mixin.py:190} INFO - [2024-10-21T15:32:44.378+0700] {dagbag.py:588} INFO - Filling up the DagBag from /Users/punny/Documents/GitHub/NYC-Taxi-ETL-Pipeline/.venv/lib/python3.10/site-packages/airflow/example_dags/example_kubernetes_executor.py
[2024-10-21T15:32:44.441+0700] {logging_mixin.py:190} INFO - [2024-10-21T15:32:44.440+0700] {example_kubernetes_executor.py:39} WARNING - The example_kubernetes_executor example DAG requires the kubernetes provider. Please install it with: pip install apache-airflow[cncf.kubernetes]
[2024-10-21T15:32:44.441+0700] {processor.py:927} WARNING - No viable dags retrieved from /Users/punny/Documents/GitHub/NYC-Taxi-ETL-Pipeline/.venv/lib/python3.10/site-packages/airflow/example_dags/example_kubernetes_executor.py
[2024-10-21T15:32:44.675+0700] {processor.py:208} INFO - Processing /Users/punny/Documents/GitHub/NYC-Taxi-ETL-Pipeline/.venv/lib/python3.10/site-packages/airflow/example_dags/example_kubernetes_executor.py took 0.313 seconds
[2024-10-21T15:36:39.725+0700] {processor.py:186} INFO - Started process (PID=42367) to work on /Users/punny/Documents/GitHub/NYC-Taxi-ETL-Pipeline/.venv/lib/python3.10/site-packages/airflow/example_dags/example_kubernetes_executor.py
[2024-10-21T15:36:39.729+0700] {processor.py:914} INFO - Processing file /Users/punny/Documents/GitHub/NYC-Taxi-ETL-Pipeline/.venv/lib/python3.10/site-packages/airflow/example_dags/example_kubernetes_executor.py for tasks to queue
[2024-10-21T15:36:39.730+0700] {logging_mixin.py:190} INFO - [2024-10-21T15:36:39.730+0700] {dagbag.py:588} INFO - Filling up the DagBag from /Users/punny/Documents/GitHub/NYC-Taxi-ETL-Pipeline/.venv/lib/python3.10/site-packages/airflow/example_dags/example_kubernetes_executor.py
[2024-10-21T15:36:39.787+0700] {logging_mixin.py:190} INFO - [2024-10-21T15:36:39.786+0700] {example_kubernetes_executor.py:39} WARNING - The example_kubernetes_executor example DAG requires the kubernetes provider. Please install it with: pip install apache-airflow[cncf.kubernetes]
[2024-10-21T15:36:39.787+0700] {processor.py:927} WARNING - No viable dags retrieved from /Users/punny/Documents/GitHub/NYC-Taxi-ETL-Pipeline/.venv/lib/python3.10/site-packages/airflow/example_dags/example_kubernetes_executor.py
[2024-10-21T15:36:40.034+0700] {processor.py:208} INFO - Processing /Users/punny/Documents/GitHub/NYC-Taxi-ETL-Pipeline/.venv/lib/python3.10/site-packages/airflow/example_dags/example_kubernetes_executor.py took 0.320 seconds
[2024-10-21T15:40:42.729+0700] {processor.py:186} INFO - Started process (PID=42982) to work on /Users/punny/Documents/GitHub/NYC-Taxi-ETL-Pipeline/.venv/lib/python3.10/site-packages/airflow/example_dags/example_kubernetes_executor.py
[2024-10-21T15:40:42.733+0700] {processor.py:914} INFO - Processing file /Users/punny/Documents/GitHub/NYC-Taxi-ETL-Pipeline/.venv/lib/python3.10/site-packages/airflow/example_dags/example_kubernetes_executor.py for tasks to queue
[2024-10-21T15:40:42.735+0700] {logging_mixin.py:190} INFO - [2024-10-21T15:40:42.735+0700] {dagbag.py:588} INFO - Filling up the DagBag from /Users/punny/Documents/GitHub/NYC-Taxi-ETL-Pipeline/.venv/lib/python3.10/site-packages/airflow/example_dags/example_kubernetes_executor.py
[2024-10-21T15:40:42.795+0700] {logging_mixin.py:190} INFO - [2024-10-21T15:40:42.795+0700] {example_kubernetes_executor.py:39} WARNING - The example_kubernetes_executor example DAG requires the kubernetes provider. Please install it with: pip install apache-airflow[cncf.kubernetes]
[2024-10-21T15:40:42.796+0700] {processor.py:927} WARNING - No viable dags retrieved from /Users/punny/Documents/GitHub/NYC-Taxi-ETL-Pipeline/.venv/lib/python3.10/site-packages/airflow/example_dags/example_kubernetes_executor.py
[2024-10-21T15:40:43.083+0700] {processor.py:208} INFO - Processing /Users/punny/Documents/GitHub/NYC-Taxi-ETL-Pipeline/.venv/lib/python3.10/site-packages/airflow/example_dags/example_kubernetes_executor.py took 0.367 seconds
[2024-10-21T15:44:36.097+0700] {processor.py:186} INFO - Started process (PID=43468) to work on /Users/punny/Documents/GitHub/NYC-Taxi-ETL-Pipeline/.venv/lib/python3.10/site-packages/airflow/example_dags/example_kubernetes_executor.py
[2024-10-21T15:44:36.101+0700] {processor.py:914} INFO - Processing file /Users/punny/Documents/GitHub/NYC-Taxi-ETL-Pipeline/.venv/lib/python3.10/site-packages/airflow/example_dags/example_kubernetes_executor.py for tasks to queue
[2024-10-21T15:44:36.105+0700] {logging_mixin.py:190} INFO - [2024-10-21T15:44:36.103+0700] {dagbag.py:588} INFO - Filling up the DagBag from /Users/punny/Documents/GitHub/NYC-Taxi-ETL-Pipeline/.venv/lib/python3.10/site-packages/airflow/example_dags/example_kubernetes_executor.py
[2024-10-21T15:44:36.174+0700] {logging_mixin.py:190} INFO - [2024-10-21T15:44:36.174+0700] {example_kubernetes_executor.py:39} WARNING - The example_kubernetes_executor example DAG requires the kubernetes provider. Please install it with: pip install apache-airflow[cncf.kubernetes]
[2024-10-21T15:44:36.175+0700] {processor.py:927} WARNING - No viable dags retrieved from /Users/punny/Documents/GitHub/NYC-Taxi-ETL-Pipeline/.venv/lib/python3.10/site-packages/airflow/example_dags/example_kubernetes_executor.py
[2024-10-21T15:44:36.436+0700] {processor.py:208} INFO - Processing /Users/punny/Documents/GitHub/NYC-Taxi-ETL-Pipeline/.venv/lib/python3.10/site-packages/airflow/example_dags/example_kubernetes_executor.py took 0.353 seconds
[2024-10-21T15:48:27.481+0700] {processor.py:186} INFO - Started process (PID=43925) to work on /Users/punny/Documents/GitHub/NYC-Taxi-ETL-Pipeline/.venv/lib/python3.10/site-packages/airflow/example_dags/example_kubernetes_executor.py
[2024-10-21T15:48:27.484+0700] {processor.py:914} INFO - Processing file /Users/punny/Documents/GitHub/NYC-Taxi-ETL-Pipeline/.venv/lib/python3.10/site-packages/airflow/example_dags/example_kubernetes_executor.py for tasks to queue
[2024-10-21T15:48:27.485+0700] {logging_mixin.py:190} INFO - [2024-10-21T15:48:27.485+0700] {dagbag.py:588} INFO - Filling up the DagBag from /Users/punny/Documents/GitHub/NYC-Taxi-ETL-Pipeline/.venv/lib/python3.10/site-packages/airflow/example_dags/example_kubernetes_executor.py
[2024-10-21T15:48:27.565+0700] {logging_mixin.py:190} INFO - [2024-10-21T15:48:27.564+0700] {example_kubernetes_executor.py:39} WARNING - The example_kubernetes_executor example DAG requires the kubernetes provider. Please install it with: pip install apache-airflow[cncf.kubernetes]
[2024-10-21T15:48:27.565+0700] {processor.py:927} WARNING - No viable dags retrieved from /Users/punny/Documents/GitHub/NYC-Taxi-ETL-Pipeline/.venv/lib/python3.10/site-packages/airflow/example_dags/example_kubernetes_executor.py
[2024-10-21T15:48:27.831+0700] {processor.py:208} INFO - Processing /Users/punny/Documents/GitHub/NYC-Taxi-ETL-Pipeline/.venv/lib/python3.10/site-packages/airflow/example_dags/example_kubernetes_executor.py took 0.357 seconds
[2024-10-21T15:52:25.990+0700] {processor.py:186} INFO - Started process (PID=44462) to work on /Users/punny/Documents/GitHub/NYC-Taxi-ETL-Pipeline/.venv/lib/python3.10/site-packages/airflow/example_dags/example_kubernetes_executor.py
[2024-10-21T15:52:25.995+0700] {processor.py:914} INFO - Processing file /Users/punny/Documents/GitHub/NYC-Taxi-ETL-Pipeline/.venv/lib/python3.10/site-packages/airflow/example_dags/example_kubernetes_executor.py for tasks to queue
[2024-10-21T15:52:25.996+0700] {logging_mixin.py:190} INFO - [2024-10-21T15:52:25.996+0700] {dagbag.py:588} INFO - Filling up the DagBag from /Users/punny/Documents/GitHub/NYC-Taxi-ETL-Pipeline/.venv/lib/python3.10/site-packages/airflow/example_dags/example_kubernetes_executor.py
[2024-10-21T15:52:26.049+0700] {logging_mixin.py:190} INFO - [2024-10-21T15:52:26.048+0700] {example_kubernetes_executor.py:39} WARNING - The example_kubernetes_executor example DAG requires the kubernetes provider. Please install it with: pip install apache-airflow[cncf.kubernetes]
[2024-10-21T15:52:26.049+0700] {processor.py:927} WARNING - No viable dags retrieved from /Users/punny/Documents/GitHub/NYC-Taxi-ETL-Pipeline/.venv/lib/python3.10/site-packages/airflow/example_dags/example_kubernetes_executor.py
[2024-10-21T15:52:26.280+0700] {processor.py:208} INFO - Processing /Users/punny/Documents/GitHub/NYC-Taxi-ETL-Pipeline/.venv/lib/python3.10/site-packages/airflow/example_dags/example_kubernetes_executor.py took 0.301 seconds
[2024-10-21T15:56:24.587+0700] {processor.py:186} INFO - Started process (PID=44941) to work on /Users/punny/Documents/GitHub/NYC-Taxi-ETL-Pipeline/.venv/lib/python3.10/site-packages/airflow/example_dags/example_kubernetes_executor.py
[2024-10-21T15:56:24.591+0700] {processor.py:914} INFO - Processing file /Users/punny/Documents/GitHub/NYC-Taxi-ETL-Pipeline/.venv/lib/python3.10/site-packages/airflow/example_dags/example_kubernetes_executor.py for tasks to queue
[2024-10-21T15:56:24.594+0700] {logging_mixin.py:190} INFO - [2024-10-21T15:56:24.594+0700] {dagbag.py:588} INFO - Filling up the DagBag from /Users/punny/Documents/GitHub/NYC-Taxi-ETL-Pipeline/.venv/lib/python3.10/site-packages/airflow/example_dags/example_kubernetes_executor.py
[2024-10-21T15:56:24.687+0700] {logging_mixin.py:190} INFO - [2024-10-21T15:56:24.686+0700] {example_kubernetes_executor.py:39} WARNING - The example_kubernetes_executor example DAG requires the kubernetes provider. Please install it with: pip install apache-airflow[cncf.kubernetes]
[2024-10-21T15:56:24.687+0700] {processor.py:927} WARNING - No viable dags retrieved from /Users/punny/Documents/GitHub/NYC-Taxi-ETL-Pipeline/.venv/lib/python3.10/site-packages/airflow/example_dags/example_kubernetes_executor.py
[2024-10-21T15:56:24.985+0700] {processor.py:208} INFO - Processing /Users/punny/Documents/GitHub/NYC-Taxi-ETL-Pipeline/.venv/lib/python3.10/site-packages/airflow/example_dags/example_kubernetes_executor.py took 0.408 seconds
[2024-10-21T16:00:41.325+0700] {processor.py:186} INFO - Started process (PID=45547) to work on /Users/punny/Documents/GitHub/NYC-Taxi-ETL-Pipeline/.venv/lib/python3.10/site-packages/airflow/example_dags/example_kubernetes_executor.py
[2024-10-21T16:00:41.330+0700] {processor.py:914} INFO - Processing file /Users/punny/Documents/GitHub/NYC-Taxi-ETL-Pipeline/.venv/lib/python3.10/site-packages/airflow/example_dags/example_kubernetes_executor.py for tasks to queue
[2024-10-21T16:00:41.333+0700] {logging_mixin.py:190} INFO - [2024-10-21T16:00:41.332+0700] {dagbag.py:588} INFO - Filling up the DagBag from /Users/punny/Documents/GitHub/NYC-Taxi-ETL-Pipeline/.venv/lib/python3.10/site-packages/airflow/example_dags/example_kubernetes_executor.py
[2024-10-21T16:00:41.393+0700] {logging_mixin.py:190} INFO - [2024-10-21T16:00:41.392+0700] {example_kubernetes_executor.py:39} WARNING - The example_kubernetes_executor example DAG requires the kubernetes provider. Please install it with: pip install apache-airflow[cncf.kubernetes]
[2024-10-21T16:00:41.393+0700] {processor.py:927} WARNING - No viable dags retrieved from /Users/punny/Documents/GitHub/NYC-Taxi-ETL-Pipeline/.venv/lib/python3.10/site-packages/airflow/example_dags/example_kubernetes_executor.py
[2024-10-21T16:00:41.673+0700] {processor.py:208} INFO - Processing /Users/punny/Documents/GitHub/NYC-Taxi-ETL-Pipeline/.venv/lib/python3.10/site-packages/airflow/example_dags/example_kubernetes_executor.py took 0.358 seconds
[2024-10-21T16:04:49.390+0700] {processor.py:186} INFO - Started process (PID=46067) to work on /Users/punny/Documents/GitHub/NYC-Taxi-ETL-Pipeline/.venv/lib/python3.10/site-packages/airflow/example_dags/example_kubernetes_executor.py
[2024-10-21T16:04:49.394+0700] {processor.py:914} INFO - Processing file /Users/punny/Documents/GitHub/NYC-Taxi-ETL-Pipeline/.venv/lib/python3.10/site-packages/airflow/example_dags/example_kubernetes_executor.py for tasks to queue
[2024-10-21T16:04:49.395+0700] {logging_mixin.py:190} INFO - [2024-10-21T16:04:49.395+0700] {dagbag.py:588} INFO - Filling up the DagBag from /Users/punny/Documents/GitHub/NYC-Taxi-ETL-Pipeline/.venv/lib/python3.10/site-packages/airflow/example_dags/example_kubernetes_executor.py
[2024-10-21T16:04:49.436+0700] {logging_mixin.py:190} INFO - [2024-10-21T16:04:49.436+0700] {example_kubernetes_executor.py:39} WARNING - The example_kubernetes_executor example DAG requires the kubernetes provider. Please install it with: pip install apache-airflow[cncf.kubernetes]
[2024-10-21T16:04:49.436+0700] {processor.py:927} WARNING - No viable dags retrieved from /Users/punny/Documents/GitHub/NYC-Taxi-ETL-Pipeline/.venv/lib/python3.10/site-packages/airflow/example_dags/example_kubernetes_executor.py
[2024-10-21T16:04:49.618+0700] {processor.py:208} INFO - Processing /Users/punny/Documents/GitHub/NYC-Taxi-ETL-Pipeline/.venv/lib/python3.10/site-packages/airflow/example_dags/example_kubernetes_executor.py took 0.237 seconds
[2024-10-21T20:38:43.248+0700] {processor.py:186} INFO - Started process (PID=4413) to work on /Users/punny/Documents/GitHub/NYC-Taxi-ETL-Pipeline/.venv/lib/python3.10/site-packages/airflow/example_dags/example_kubernetes_executor.py
[2024-10-21T20:38:43.252+0700] {processor.py:914} INFO - Processing file /Users/punny/Documents/GitHub/NYC-Taxi-ETL-Pipeline/.venv/lib/python3.10/site-packages/airflow/example_dags/example_kubernetes_executor.py for tasks to queue
[2024-10-21T20:38:43.253+0700] {logging_mixin.py:190} INFO - [2024-10-21T20:38:43.253+0700] {dagbag.py:588} INFO - Filling up the DagBag from /Users/punny/Documents/GitHub/NYC-Taxi-ETL-Pipeline/.venv/lib/python3.10/site-packages/airflow/example_dags/example_kubernetes_executor.py
[2024-10-21T20:38:43.779+0700] {processor.py:925} INFO - DAG(s) 'example_kubernetes_executor' retrieved from /Users/punny/Documents/GitHub/NYC-Taxi-ETL-Pipeline/.venv/lib/python3.10/site-packages/airflow/example_dags/example_kubernetes_executor.py
[2024-10-21T20:38:43.953+0700] {logging_mixin.py:190} WARNING - /Users/punny/Documents/GitHub/NYC-Taxi-ETL-Pipeline/.venv/lib/python3.10/site-packages/airflow/serialization/serialized_objects.py:1884 DeprecationWarning: This module is deprecated. The `cncf.kubernetes` provider before version 7.4.0 uses this module - you should migrate to a newer version of `cncf.kubernetes` to get rid of this warning. If you import the module via `airflow.kubernetes` import, please use `cncf.kubernetes' provider 7.4.0+ and switch all your imports to use `apache.airflow.providers.cncf.kubernetes` to get rid of the warning.
[2024-10-21T20:38:44.148+0700] {logging_mixin.py:190} INFO - [2024-10-21T20:38:44.147+0700] {override.py:1907} INFO - Created Permission View: can read on DAG:example_kubernetes_executor
[2024-10-21T20:38:44.160+0700] {logging_mixin.py:190} INFO - [2024-10-21T20:38:44.160+0700] {override.py:1907} INFO - Created Permission View: can delete on DAG:example_kubernetes_executor
[2024-10-21T20:38:44.168+0700] {logging_mixin.py:190} INFO - [2024-10-21T20:38:44.168+0700] {override.py:1907} INFO - Created Permission View: can edit on DAG:example_kubernetes_executor
[2024-10-21T20:38:44.179+0700] {logging_mixin.py:190} INFO - [2024-10-21T20:38:44.179+0700] {override.py:1907} INFO - Created Permission View: can read on DAG Run:example_kubernetes_executor
[2024-10-21T20:38:44.187+0700] {logging_mixin.py:190} INFO - [2024-10-21T20:38:44.187+0700] {override.py:1907} INFO - Created Permission View: can delete on DAG Run:example_kubernetes_executor
[2024-10-21T20:38:44.195+0700] {logging_mixin.py:190} INFO - [2024-10-21T20:38:44.195+0700] {override.py:1907} INFO - Created Permission View: can create on DAG Run:example_kubernetes_executor
[2024-10-21T20:38:44.203+0700] {logging_mixin.py:190} INFO - [2024-10-21T20:38:44.203+0700] {override.py:1907} INFO - Created Permission View: menu access on DAG Run:example_kubernetes_executor
[2024-10-21T20:38:44.204+0700] {logging_mixin.py:190} INFO - [2024-10-21T20:38:44.203+0700] {dag.py:3239} INFO - Sync 1 DAGs
[2024-10-21T20:38:44.218+0700] {logging_mixin.py:190} INFO - [2024-10-21T20:38:44.218+0700] {dag.py:3262} INFO - Creating ORM DAG for example_kubernetes_executor
[2024-10-21T20:38:44.219+0700] {logging_mixin.py:190} INFO - [2024-10-21T20:38:44.219+0700] {dag.py:4180} INFO - Setting next_dagrun for example_kubernetes_executor to None, run_after=None
[2024-10-21T20:38:44.240+0700] {processor.py:208} INFO - Processing /Users/punny/Documents/GitHub/NYC-Taxi-ETL-Pipeline/.venv/lib/python3.10/site-packages/airflow/example_dags/example_kubernetes_executor.py took 1.000 seconds
[2024-10-21T20:42:09.087+0700] {processor.py:186} INFO - Started process (PID=4692) to work on /Users/punny/Documents/GitHub/NYC-Taxi-ETL-Pipeline/.venv/lib/python3.10/site-packages/airflow/example_dags/example_kubernetes_executor.py
[2024-10-21T20:42:09.092+0700] {processor.py:914} INFO - Processing file /Users/punny/Documents/GitHub/NYC-Taxi-ETL-Pipeline/.venv/lib/python3.10/site-packages/airflow/example_dags/example_kubernetes_executor.py for tasks to queue
[2024-10-21T20:42:09.094+0700] {logging_mixin.py:190} INFO - [2024-10-21T20:42:09.094+0700] {dagbag.py:588} INFO - Filling up the DagBag from /Users/punny/Documents/GitHub/NYC-Taxi-ETL-Pipeline/.venv/lib/python3.10/site-packages/airflow/example_dags/example_kubernetes_executor.py
[2024-10-21T20:42:09.917+0700] {processor.py:925} INFO - DAG(s) 'example_kubernetes_executor' retrieved from /Users/punny/Documents/GitHub/NYC-Taxi-ETL-Pipeline/.venv/lib/python3.10/site-packages/airflow/example_dags/example_kubernetes_executor.py
[2024-10-21T20:42:10.164+0700] {logging_mixin.py:190} WARNING - /Users/punny/Documents/GitHub/NYC-Taxi-ETL-Pipeline/.venv/lib/python3.10/site-packages/airflow/serialization/serialized_objects.py:1884 DeprecationWarning: This module is deprecated. The `cncf.kubernetes` provider before version 7.4.0 uses this module - you should migrate to a newer version of `cncf.kubernetes` to get rid of this warning. If you import the module via `airflow.kubernetes` import, please use `cncf.kubernetes' provider 7.4.0+ and switch all your imports to use `apache.airflow.providers.cncf.kubernetes` to get rid of the warning.
[2024-10-21T20:42:10.188+0700] {logging_mixin.py:190} INFO - [2024-10-21T20:42:10.188+0700] {dag.py:3239} INFO - Sync 1 DAGs
[2024-10-21T20:42:10.206+0700] {logging_mixin.py:190} INFO - [2024-10-21T20:42:10.205+0700] {dag.py:4180} INFO - Setting next_dagrun for example_kubernetes_executor to None, run_after=None
[2024-10-21T20:42:10.236+0700] {processor.py:208} INFO - Processing /Users/punny/Documents/GitHub/NYC-Taxi-ETL-Pipeline/.venv/lib/python3.10/site-packages/airflow/example_dags/example_kubernetes_executor.py took 1.159 seconds
[2024-10-21T20:46:08.192+0700] {processor.py:186} INFO - Started process (PID=5067) to work on /Users/punny/Documents/GitHub/NYC-Taxi-ETL-Pipeline/.venv/lib/python3.10/site-packages/airflow/example_dags/example_kubernetes_executor.py
[2024-10-21T20:46:08.196+0700] {processor.py:914} INFO - Processing file /Users/punny/Documents/GitHub/NYC-Taxi-ETL-Pipeline/.venv/lib/python3.10/site-packages/airflow/example_dags/example_kubernetes_executor.py for tasks to queue
[2024-10-21T20:46:08.197+0700] {logging_mixin.py:190} INFO - [2024-10-21T20:46:08.197+0700] {dagbag.py:588} INFO - Filling up the DagBag from /Users/punny/Documents/GitHub/NYC-Taxi-ETL-Pipeline/.venv/lib/python3.10/site-packages/airflow/example_dags/example_kubernetes_executor.py
[2024-10-21T20:46:08.966+0700] {processor.py:925} INFO - DAG(s) 'example_kubernetes_executor' retrieved from /Users/punny/Documents/GitHub/NYC-Taxi-ETL-Pipeline/.venv/lib/python3.10/site-packages/airflow/example_dags/example_kubernetes_executor.py
[2024-10-21T20:46:09.213+0700] {logging_mixin.py:190} WARNING - /Users/punny/Documents/GitHub/NYC-Taxi-ETL-Pipeline/.venv/lib/python3.10/site-packages/airflow/serialization/serialized_objects.py:1884 DeprecationWarning: This module is deprecated. The `cncf.kubernetes` provider before version 7.4.0 uses this module - you should migrate to a newer version of `cncf.kubernetes` to get rid of this warning. If you import the module via `airflow.kubernetes` import, please use `cncf.kubernetes' provider 7.4.0+ and switch all your imports to use `apache.airflow.providers.cncf.kubernetes` to get rid of the warning.
[2024-10-21T20:46:09.238+0700] {logging_mixin.py:190} INFO - [2024-10-21T20:46:09.237+0700] {dag.py:3239} INFO - Sync 1 DAGs
[2024-10-21T20:46:09.254+0700] {logging_mixin.py:190} INFO - [2024-10-21T20:46:09.254+0700] {dag.py:4180} INFO - Setting next_dagrun for example_kubernetes_executor to None, run_after=None
[2024-10-21T20:46:09.281+0700] {processor.py:208} INFO - Processing /Users/punny/Documents/GitHub/NYC-Taxi-ETL-Pipeline/.venv/lib/python3.10/site-packages/airflow/example_dags/example_kubernetes_executor.py took 1.100 seconds
[2024-10-21T20:49:58.353+0700] {processor.py:186} INFO - Started process (PID=5439) to work on /Users/punny/Documents/GitHub/NYC-Taxi-ETL-Pipeline/.venv/lib/python3.10/site-packages/airflow/example_dags/example_kubernetes_executor.py
[2024-10-21T20:49:58.358+0700] {processor.py:914} INFO - Processing file /Users/punny/Documents/GitHub/NYC-Taxi-ETL-Pipeline/.venv/lib/python3.10/site-packages/airflow/example_dags/example_kubernetes_executor.py for tasks to queue
[2024-10-21T20:49:58.359+0700] {logging_mixin.py:190} INFO - [2024-10-21T20:49:58.359+0700] {dagbag.py:588} INFO - Filling up the DagBag from /Users/punny/Documents/GitHub/NYC-Taxi-ETL-Pipeline/.venv/lib/python3.10/site-packages/airflow/example_dags/example_kubernetes_executor.py
[2024-10-21T20:49:59.387+0700] {processor.py:925} INFO - DAG(s) 'example_kubernetes_executor' retrieved from /Users/punny/Documents/GitHub/NYC-Taxi-ETL-Pipeline/.venv/lib/python3.10/site-packages/airflow/example_dags/example_kubernetes_executor.py
[2024-10-21T20:49:59.804+0700] {logging_mixin.py:190} WARNING - /Users/punny/Documents/GitHub/NYC-Taxi-ETL-Pipeline/.venv/lib/python3.10/site-packages/airflow/serialization/serialized_objects.py:1884 DeprecationWarning: This module is deprecated. The `cncf.kubernetes` provider before version 7.4.0 uses this module - you should migrate to a newer version of `cncf.kubernetes` to get rid of this warning. If you import the module via `airflow.kubernetes` import, please use `cncf.kubernetes' provider 7.4.0+ and switch all your imports to use `apache.airflow.providers.cncf.kubernetes` to get rid of the warning.
[2024-10-21T20:49:59.831+0700] {logging_mixin.py:190} INFO - [2024-10-21T20:49:59.830+0700] {dag.py:3239} INFO - Sync 1 DAGs
[2024-10-21T20:49:59.845+0700] {logging_mixin.py:190} INFO - [2024-10-21T20:49:59.845+0700] {dag.py:4180} INFO - Setting next_dagrun for example_kubernetes_executor to None, run_after=None
[2024-10-21T20:49:59.868+0700] {processor.py:208} INFO - Processing /Users/punny/Documents/GitHub/NYC-Taxi-ETL-Pipeline/.venv/lib/python3.10/site-packages/airflow/example_dags/example_kubernetes_executor.py took 1.523 seconds
[2024-10-21T20:57:54.571+0700] {processor.py:186} INFO - Started process (PID=6313) to work on /Users/punny/Documents/GitHub/NYC-Taxi-ETL-Pipeline/.venv/lib/python3.10/site-packages/airflow/example_dags/example_kubernetes_executor.py
[2024-10-21T20:57:54.574+0700] {processor.py:914} INFO - Processing file /Users/punny/Documents/GitHub/NYC-Taxi-ETL-Pipeline/.venv/lib/python3.10/site-packages/airflow/example_dags/example_kubernetes_executor.py for tasks to queue
[2024-10-21T20:57:54.575+0700] {logging_mixin.py:190} INFO - [2024-10-21T20:57:54.575+0700] {dagbag.py:588} INFO - Filling up the DagBag from /Users/punny/Documents/GitHub/NYC-Taxi-ETL-Pipeline/.venv/lib/python3.10/site-packages/airflow/example_dags/example_kubernetes_executor.py
[2024-10-21T20:57:55.112+0700] {processor.py:925} INFO - DAG(s) 'example_kubernetes_executor' retrieved from /Users/punny/Documents/GitHub/NYC-Taxi-ETL-Pipeline/.venv/lib/python3.10/site-packages/airflow/example_dags/example_kubernetes_executor.py
[2024-10-21T20:57:55.358+0700] {logging_mixin.py:190} WARNING - /Users/punny/Documents/GitHub/NYC-Taxi-ETL-Pipeline/.venv/lib/python3.10/site-packages/airflow/serialization/serialized_objects.py:1884 DeprecationWarning: This module is deprecated. The `cncf.kubernetes` provider before version 7.4.0 uses this module - you should migrate to a newer version of `cncf.kubernetes` to get rid of this warning. If you import the module via `airflow.kubernetes` import, please use `cncf.kubernetes' provider 7.4.0+ and switch all your imports to use `apache.airflow.providers.cncf.kubernetes` to get rid of the warning.
[2024-10-21T20:57:55.387+0700] {logging_mixin.py:190} INFO - [2024-10-21T20:57:55.386+0700] {dag.py:3239} INFO - Sync 1 DAGs
[2024-10-21T20:57:55.407+0700] {logging_mixin.py:190} INFO - [2024-10-21T20:57:55.407+0700] {dag.py:4180} INFO - Setting next_dagrun for example_kubernetes_executor to None, run_after=None
[2024-10-21T20:57:55.441+0700] {processor.py:208} INFO - Processing /Users/punny/Documents/GitHub/NYC-Taxi-ETL-Pipeline/.venv/lib/python3.10/site-packages/airflow/example_dags/example_kubernetes_executor.py took 0.877 seconds
[2024-10-21T21:02:08.974+0700] {processor.py:186} INFO - Started process (PID=6546) to work on /Users/punny/Documents/GitHub/NYC-Taxi-ETL-Pipeline/.venv/lib/python3.10/site-packages/airflow/example_dags/example_kubernetes_executor.py
[2024-10-21T21:02:08.978+0700] {processor.py:914} INFO - Processing file /Users/punny/Documents/GitHub/NYC-Taxi-ETL-Pipeline/.venv/lib/python3.10/site-packages/airflow/example_dags/example_kubernetes_executor.py for tasks to queue
[2024-10-21T21:02:08.980+0700] {logging_mixin.py:190} INFO - [2024-10-21T21:02:08.980+0700] {dagbag.py:588} INFO - Filling up the DagBag from /Users/punny/Documents/GitHub/NYC-Taxi-ETL-Pipeline/.venv/lib/python3.10/site-packages/airflow/example_dags/example_kubernetes_executor.py
[2024-10-21T21:02:09.848+0700] {processor.py:925} INFO - DAG(s) 'example_kubernetes_executor' retrieved from /Users/punny/Documents/GitHub/NYC-Taxi-ETL-Pipeline/.venv/lib/python3.10/site-packages/airflow/example_dags/example_kubernetes_executor.py
[2024-10-21T21:02:10.087+0700] {logging_mixin.py:190} WARNING - /Users/punny/Documents/GitHub/NYC-Taxi-ETL-Pipeline/.venv/lib/python3.10/site-packages/airflow/serialization/serialized_objects.py:1884 DeprecationWarning: This module is deprecated. The `cncf.kubernetes` provider before version 7.4.0 uses this module - you should migrate to a newer version of `cncf.kubernetes` to get rid of this warning. If you import the module via `airflow.kubernetes` import, please use `cncf.kubernetes' provider 7.4.0+ and switch all your imports to use `apache.airflow.providers.cncf.kubernetes` to get rid of the warning.
[2024-10-21T21:02:10.113+0700] {logging_mixin.py:190} INFO - [2024-10-21T21:02:10.113+0700] {dag.py:3239} INFO - Sync 1 DAGs
[2024-10-21T21:02:10.131+0700] {logging_mixin.py:190} INFO - [2024-10-21T21:02:10.131+0700] {dag.py:4180} INFO - Setting next_dagrun for example_kubernetes_executor to None, run_after=None
[2024-10-21T21:02:10.159+0700] {processor.py:208} INFO - Processing /Users/punny/Documents/GitHub/NYC-Taxi-ETL-Pipeline/.venv/lib/python3.10/site-packages/airflow/example_dags/example_kubernetes_executor.py took 1.192 seconds
[2024-10-21T21:05:42.211+0700] {processor.py:186} INFO - Started process (PID=6881) to work on /Users/punny/Documents/GitHub/NYC-Taxi-ETL-Pipeline/.venv/lib/python3.10/site-packages/airflow/example_dags/example_kubernetes_executor.py
[2024-10-21T21:05:42.213+0700] {processor.py:914} INFO - Processing file /Users/punny/Documents/GitHub/NYC-Taxi-ETL-Pipeline/.venv/lib/python3.10/site-packages/airflow/example_dags/example_kubernetes_executor.py for tasks to queue
[2024-10-21T21:05:42.214+0700] {logging_mixin.py:190} INFO - [2024-10-21T21:05:42.214+0700] {dagbag.py:588} INFO - Filling up the DagBag from /Users/punny/Documents/GitHub/NYC-Taxi-ETL-Pipeline/.venv/lib/python3.10/site-packages/airflow/example_dags/example_kubernetes_executor.py
[2024-10-21T21:05:42.849+0700] {processor.py:925} INFO - DAG(s) 'example_kubernetes_executor' retrieved from /Users/punny/Documents/GitHub/NYC-Taxi-ETL-Pipeline/.venv/lib/python3.10/site-packages/airflow/example_dags/example_kubernetes_executor.py
[2024-10-21T21:05:43.031+0700] {logging_mixin.py:190} WARNING - /Users/punny/Documents/GitHub/NYC-Taxi-ETL-Pipeline/.venv/lib/python3.10/site-packages/airflow/serialization/serialized_objects.py:1884 DeprecationWarning: This module is deprecated. The `cncf.kubernetes` provider before version 7.4.0 uses this module - you should migrate to a newer version of `cncf.kubernetes` to get rid of this warning. If you import the module via `airflow.kubernetes` import, please use `cncf.kubernetes' provider 7.4.0+ and switch all your imports to use `apache.airflow.providers.cncf.kubernetes` to get rid of the warning.
[2024-10-21T21:05:43.053+0700] {logging_mixin.py:190} INFO - [2024-10-21T21:05:43.053+0700] {dag.py:3239} INFO - Sync 1 DAGs
[2024-10-21T21:05:43.068+0700] {logging_mixin.py:190} INFO - [2024-10-21T21:05:43.067+0700] {dag.py:4180} INFO - Setting next_dagrun for example_kubernetes_executor to None, run_after=None
[2024-10-21T21:05:43.090+0700] {processor.py:208} INFO - Processing /Users/punny/Documents/GitHub/NYC-Taxi-ETL-Pipeline/.venv/lib/python3.10/site-packages/airflow/example_dags/example_kubernetes_executor.py took 0.887 seconds
[2024-10-21T21:09:28.948+0700] {processor.py:186} INFO - Started process (PID=7147) to work on /Users/punny/Documents/GitHub/NYC-Taxi-ETL-Pipeline/.venv/lib/python3.10/site-packages/airflow/example_dags/example_kubernetes_executor.py
[2024-10-21T21:09:28.951+0700] {processor.py:914} INFO - Processing file /Users/punny/Documents/GitHub/NYC-Taxi-ETL-Pipeline/.venv/lib/python3.10/site-packages/airflow/example_dags/example_kubernetes_executor.py for tasks to queue
[2024-10-21T21:09:28.952+0700] {logging_mixin.py:190} INFO - [2024-10-21T21:09:28.952+0700] {dagbag.py:588} INFO - Filling up the DagBag from /Users/punny/Documents/GitHub/NYC-Taxi-ETL-Pipeline/.venv/lib/python3.10/site-packages/airflow/example_dags/example_kubernetes_executor.py
[2024-10-21T21:09:29.635+0700] {processor.py:925} INFO - DAG(s) 'example_kubernetes_executor' retrieved from /Users/punny/Documents/GitHub/NYC-Taxi-ETL-Pipeline/.venv/lib/python3.10/site-packages/airflow/example_dags/example_kubernetes_executor.py
[2024-10-21T21:09:29.831+0700] {logging_mixin.py:190} WARNING - /Users/punny/Documents/GitHub/NYC-Taxi-ETL-Pipeline/.venv/lib/python3.10/site-packages/airflow/serialization/serialized_objects.py:1884 DeprecationWarning: This module is deprecated. The `cncf.kubernetes` provider before version 7.4.0 uses this module - you should migrate to a newer version of `cncf.kubernetes` to get rid of this warning. If you import the module via `airflow.kubernetes` import, please use `cncf.kubernetes' provider 7.4.0+ and switch all your imports to use `apache.airflow.providers.cncf.kubernetes` to get rid of the warning.
[2024-10-21T21:09:29.855+0700] {logging_mixin.py:190} INFO - [2024-10-21T21:09:29.854+0700] {dag.py:3239} INFO - Sync 1 DAGs
[2024-10-21T21:09:29.868+0700] {logging_mixin.py:190} INFO - [2024-10-21T21:09:29.868+0700] {dag.py:4180} INFO - Setting next_dagrun for example_kubernetes_executor to None, run_after=None
[2024-10-21T21:09:29.892+0700] {processor.py:208} INFO - Processing /Users/punny/Documents/GitHub/NYC-Taxi-ETL-Pipeline/.venv/lib/python3.10/site-packages/airflow/example_dags/example_kubernetes_executor.py took 0.952 seconds
[2024-10-21T21:12:25.931+0700] {processor.py:186} INFO - Started process (PID=7351) to work on /Users/punny/Documents/GitHub/NYC-Taxi-ETL-Pipeline/.venv/lib/python3.10/site-packages/airflow/example_dags/example_kubernetes_executor.py
[2024-10-21T21:12:25.936+0700] {processor.py:914} INFO - Processing file /Users/punny/Documents/GitHub/NYC-Taxi-ETL-Pipeline/.venv/lib/python3.10/site-packages/airflow/example_dags/example_kubernetes_executor.py for tasks to queue
[2024-10-21T21:12:25.938+0700] {logging_mixin.py:190} INFO - [2024-10-21T21:12:25.938+0700] {dagbag.py:588} INFO - Filling up the DagBag from /Users/punny/Documents/GitHub/NYC-Taxi-ETL-Pipeline/.venv/lib/python3.10/site-packages/airflow/example_dags/example_kubernetes_executor.py
[2024-10-21T21:12:26.911+0700] {processor.py:925} INFO - DAG(s) 'example_kubernetes_executor' retrieved from /Users/punny/Documents/GitHub/NYC-Taxi-ETL-Pipeline/.venv/lib/python3.10/site-packages/airflow/example_dags/example_kubernetes_executor.py
[2024-10-21T21:12:27.174+0700] {logging_mixin.py:190} WARNING - /Users/punny/Documents/GitHub/NYC-Taxi-ETL-Pipeline/.venv/lib/python3.10/site-packages/airflow/serialization/serialized_objects.py:1884 DeprecationWarning: This module is deprecated. The `cncf.kubernetes` provider before version 7.4.0 uses this module - you should migrate to a newer version of `cncf.kubernetes` to get rid of this warning. If you import the module via `airflow.kubernetes` import, please use `cncf.kubernetes' provider 7.4.0+ and switch all your imports to use `apache.airflow.providers.cncf.kubernetes` to get rid of the warning.
[2024-10-21T21:12:27.202+0700] {logging_mixin.py:190} INFO - [2024-10-21T21:12:27.201+0700] {dag.py:3239} INFO - Sync 1 DAGs
[2024-10-21T21:12:27.215+0700] {logging_mixin.py:190} INFO - [2024-10-21T21:12:27.214+0700] {dag.py:4180} INFO - Setting next_dagrun for example_kubernetes_executor to None, run_after=None
[2024-10-21T21:12:27.239+0700] {processor.py:208} INFO - Processing /Users/punny/Documents/GitHub/NYC-Taxi-ETL-Pipeline/.venv/lib/python3.10/site-packages/airflow/example_dags/example_kubernetes_executor.py took 1.319 seconds
[2024-10-21T21:15:36.226+0700] {processor.py:186} INFO - Started process (PID=7754) to work on /Users/punny/Documents/GitHub/NYC-Taxi-ETL-Pipeline/.venv/lib/python3.10/site-packages/airflow/example_dags/example_kubernetes_executor.py
[2024-10-21T21:15:36.229+0700] {processor.py:914} INFO - Processing file /Users/punny/Documents/GitHub/NYC-Taxi-ETL-Pipeline/.venv/lib/python3.10/site-packages/airflow/example_dags/example_kubernetes_executor.py for tasks to queue
[2024-10-21T21:15:36.230+0700] {logging_mixin.py:190} INFO - [2024-10-21T21:15:36.230+0700] {dagbag.py:588} INFO - Filling up the DagBag from /Users/punny/Documents/GitHub/NYC-Taxi-ETL-Pipeline/.venv/lib/python3.10/site-packages/airflow/example_dags/example_kubernetes_executor.py
[2024-10-21T21:15:36.985+0700] {processor.py:925} INFO - DAG(s) 'example_kubernetes_executor' retrieved from /Users/punny/Documents/GitHub/NYC-Taxi-ETL-Pipeline/.venv/lib/python3.10/site-packages/airflow/example_dags/example_kubernetes_executor.py
[2024-10-21T21:15:37.180+0700] {logging_mixin.py:190} WARNING - /Users/punny/Documents/GitHub/NYC-Taxi-ETL-Pipeline/.venv/lib/python3.10/site-packages/airflow/serialization/serialized_objects.py:1884 DeprecationWarning: This module is deprecated. The `cncf.kubernetes` provider before version 7.4.0 uses this module - you should migrate to a newer version of `cncf.kubernetes` to get rid of this warning. If you import the module via `airflow.kubernetes` import, please use `cncf.kubernetes' provider 7.4.0+ and switch all your imports to use `apache.airflow.providers.cncf.kubernetes` to get rid of the warning.
[2024-10-21T21:15:37.200+0700] {logging_mixin.py:190} INFO - [2024-10-21T21:15:37.200+0700] {dag.py:3239} INFO - Sync 1 DAGs
[2024-10-21T21:15:37.213+0700] {logging_mixin.py:190} INFO - [2024-10-21T21:15:37.213+0700] {dag.py:4180} INFO - Setting next_dagrun for example_kubernetes_executor to None, run_after=None
[2024-10-21T21:15:37.234+0700] {processor.py:208} INFO - Processing /Users/punny/Documents/GitHub/NYC-Taxi-ETL-Pipeline/.venv/lib/python3.10/site-packages/airflow/example_dags/example_kubernetes_executor.py took 1.016 seconds
[2024-10-21T21:19:02.233+0700] {processor.py:186} INFO - Started process (PID=7983) to work on /Users/punny/Documents/GitHub/NYC-Taxi-ETL-Pipeline/.venv/lib/python3.10/site-packages/airflow/example_dags/example_kubernetes_executor.py
[2024-10-21T21:19:02.238+0700] {processor.py:914} INFO - Processing file /Users/punny/Documents/GitHub/NYC-Taxi-ETL-Pipeline/.venv/lib/python3.10/site-packages/airflow/example_dags/example_kubernetes_executor.py for tasks to queue
[2024-10-21T21:19:02.240+0700] {logging_mixin.py:190} INFO - [2024-10-21T21:19:02.240+0700] {dagbag.py:588} INFO - Filling up the DagBag from /Users/punny/Documents/GitHub/NYC-Taxi-ETL-Pipeline/.venv/lib/python3.10/site-packages/airflow/example_dags/example_kubernetes_executor.py
[2024-10-21T21:19:02.779+0700] {processor.py:925} INFO - DAG(s) 'example_kubernetes_executor' retrieved from /Users/punny/Documents/GitHub/NYC-Taxi-ETL-Pipeline/.venv/lib/python3.10/site-packages/airflow/example_dags/example_kubernetes_executor.py
[2024-10-21T21:19:03.001+0700] {logging_mixin.py:190} WARNING - /Users/punny/Documents/GitHub/NYC-Taxi-ETL-Pipeline/.venv/lib/python3.10/site-packages/airflow/serialization/serialized_objects.py:1884 DeprecationWarning: This module is deprecated. The `cncf.kubernetes` provider before version 7.4.0 uses this module - you should migrate to a newer version of `cncf.kubernetes` to get rid of this warning. If you import the module via `airflow.kubernetes` import, please use `cncf.kubernetes' provider 7.4.0+ and switch all your imports to use `apache.airflow.providers.cncf.kubernetes` to get rid of the warning.
[2024-10-21T21:19:03.026+0700] {logging_mixin.py:190} INFO - [2024-10-21T21:19:03.025+0700] {dag.py:3239} INFO - Sync 1 DAGs
[2024-10-21T21:19:03.044+0700] {logging_mixin.py:190} INFO - [2024-10-21T21:19:03.044+0700] {dag.py:4180} INFO - Setting next_dagrun for example_kubernetes_executor to None, run_after=None
[2024-10-21T21:19:03.073+0700] {processor.py:208} INFO - Processing /Users/punny/Documents/GitHub/NYC-Taxi-ETL-Pipeline/.venv/lib/python3.10/site-packages/airflow/example_dags/example_kubernetes_executor.py took 0.847 seconds
[2024-10-21T21:24:47.928+0700] {processor.py:186} INFO - Started process (PID=8421) to work on /Users/punny/Documents/GitHub/NYC-Taxi-ETL-Pipeline/.venv/lib/python3.10/site-packages/airflow/example_dags/example_kubernetes_executor.py
[2024-10-21T21:24:47.931+0700] {processor.py:914} INFO - Processing file /Users/punny/Documents/GitHub/NYC-Taxi-ETL-Pipeline/.venv/lib/python3.10/site-packages/airflow/example_dags/example_kubernetes_executor.py for tasks to queue
[2024-10-21T21:24:47.932+0700] {logging_mixin.py:190} INFO - [2024-10-21T21:24:47.932+0700] {dagbag.py:588} INFO - Filling up the DagBag from /Users/punny/Documents/GitHub/NYC-Taxi-ETL-Pipeline/.venv/lib/python3.10/site-packages/airflow/example_dags/example_kubernetes_executor.py
[2024-10-21T21:24:48.355+0700] {processor.py:925} INFO - DAG(s) 'example_kubernetes_executor' retrieved from /Users/punny/Documents/GitHub/NYC-Taxi-ETL-Pipeline/.venv/lib/python3.10/site-packages/airflow/example_dags/example_kubernetes_executor.py
[2024-10-21T21:24:48.519+0700] {logging_mixin.py:190} WARNING - /Users/punny/Documents/GitHub/NYC-Taxi-ETL-Pipeline/.venv/lib/python3.10/site-packages/airflow/serialization/serialized_objects.py:1884 DeprecationWarning: This module is deprecated. The `cncf.kubernetes` provider before version 7.4.0 uses this module - you should migrate to a newer version of `cncf.kubernetes` to get rid of this warning. If you import the module via `airflow.kubernetes` import, please use `cncf.kubernetes' provider 7.4.0+ and switch all your imports to use `apache.airflow.providers.cncf.kubernetes` to get rid of the warning.
[2024-10-21T21:24:48.538+0700] {logging_mixin.py:190} INFO - [2024-10-21T21:24:48.537+0700] {dag.py:3239} INFO - Sync 1 DAGs
[2024-10-21T21:24:48.550+0700] {logging_mixin.py:190} INFO - [2024-10-21T21:24:48.550+0700] {dag.py:4180} INFO - Setting next_dagrun for example_kubernetes_executor to None, run_after=None
[2024-10-21T21:24:48.571+0700] {processor.py:208} INFO - Processing /Users/punny/Documents/GitHub/NYC-Taxi-ETL-Pipeline/.venv/lib/python3.10/site-packages/airflow/example_dags/example_kubernetes_executor.py took 0.651 seconds
[2024-10-21T21:28:21.686+0700] {processor.py:186} INFO - Started process (PID=8770) to work on /Users/punny/Documents/GitHub/NYC-Taxi-ETL-Pipeline/.venv/lib/python3.10/site-packages/airflow/example_dags/example_kubernetes_executor.py
[2024-10-21T21:28:21.689+0700] {processor.py:914} INFO - Processing file /Users/punny/Documents/GitHub/NYC-Taxi-ETL-Pipeline/.venv/lib/python3.10/site-packages/airflow/example_dags/example_kubernetes_executor.py for tasks to queue
[2024-10-21T21:28:21.690+0700] {logging_mixin.py:190} INFO - [2024-10-21T21:28:21.690+0700] {dagbag.py:588} INFO - Filling up the DagBag from /Users/punny/Documents/GitHub/NYC-Taxi-ETL-Pipeline/.venv/lib/python3.10/site-packages/airflow/example_dags/example_kubernetes_executor.py
[2024-10-21T21:28:22.308+0700] {processor.py:925} INFO - DAG(s) 'example_kubernetes_executor' retrieved from /Users/punny/Documents/GitHub/NYC-Taxi-ETL-Pipeline/.venv/lib/python3.10/site-packages/airflow/example_dags/example_kubernetes_executor.py
[2024-10-21T21:28:22.496+0700] {logging_mixin.py:190} WARNING - /Users/punny/Documents/GitHub/NYC-Taxi-ETL-Pipeline/.venv/lib/python3.10/site-packages/airflow/serialization/serialized_objects.py:1884 DeprecationWarning: This module is deprecated. The `cncf.kubernetes` provider before version 7.4.0 uses this module - you should migrate to a newer version of `cncf.kubernetes` to get rid of this warning. If you import the module via `airflow.kubernetes` import, please use `cncf.kubernetes' provider 7.4.0+ and switch all your imports to use `apache.airflow.providers.cncf.kubernetes` to get rid of the warning.
[2024-10-21T21:28:22.516+0700] {logging_mixin.py:190} INFO - [2024-10-21T21:28:22.515+0700] {dag.py:3239} INFO - Sync 1 DAGs
[2024-10-21T21:28:22.528+0700] {logging_mixin.py:190} INFO - [2024-10-21T21:28:22.528+0700] {dag.py:4180} INFO - Setting next_dagrun for example_kubernetes_executor to None, run_after=None
[2024-10-21T21:28:22.550+0700] {processor.py:208} INFO - Processing /Users/punny/Documents/GitHub/NYC-Taxi-ETL-Pipeline/.venv/lib/python3.10/site-packages/airflow/example_dags/example_kubernetes_executor.py took 0.871 seconds
[2024-10-21T21:31:15.980+0700] {processor.py:186} INFO - Started process (PID=9019) to work on /Users/punny/Documents/GitHub/NYC-Taxi-ETL-Pipeline/.venv/lib/python3.10/site-packages/airflow/example_dags/example_kubernetes_executor.py
[2024-10-21T21:31:15.984+0700] {processor.py:914} INFO - Processing file /Users/punny/Documents/GitHub/NYC-Taxi-ETL-Pipeline/.venv/lib/python3.10/site-packages/airflow/example_dags/example_kubernetes_executor.py for tasks to queue
[2024-10-21T21:31:15.985+0700] {logging_mixin.py:190} INFO - [2024-10-21T21:31:15.984+0700] {dagbag.py:588} INFO - Filling up the DagBag from /Users/punny/Documents/GitHub/NYC-Taxi-ETL-Pipeline/.venv/lib/python3.10/site-packages/airflow/example_dags/example_kubernetes_executor.py
[2024-10-21T21:31:16.553+0700] {processor.py:925} INFO - DAG(s) 'example_kubernetes_executor' retrieved from /Users/punny/Documents/GitHub/NYC-Taxi-ETL-Pipeline/.venv/lib/python3.10/site-packages/airflow/example_dags/example_kubernetes_executor.py
[2024-10-21T21:31:16.740+0700] {logging_mixin.py:190} WARNING - /Users/punny/Documents/GitHub/NYC-Taxi-ETL-Pipeline/.venv/lib/python3.10/site-packages/airflow/serialization/serialized_objects.py:1884 DeprecationWarning: This module is deprecated. The `cncf.kubernetes` provider before version 7.4.0 uses this module - you should migrate to a newer version of `cncf.kubernetes` to get rid of this warning. If you import the module via `airflow.kubernetes` import, please use `cncf.kubernetes' provider 7.4.0+ and switch all your imports to use `apache.airflow.providers.cncf.kubernetes` to get rid of the warning.
[2024-10-21T21:31:16.760+0700] {logging_mixin.py:190} INFO - [2024-10-21T21:31:16.760+0700] {dag.py:3239} INFO - Sync 1 DAGs
[2024-10-21T21:31:16.773+0700] {logging_mixin.py:190} INFO - [2024-10-21T21:31:16.773+0700] {dag.py:4180} INFO - Setting next_dagrun for example_kubernetes_executor to None, run_after=None
[2024-10-21T21:31:16.794+0700] {processor.py:208} INFO - Processing /Users/punny/Documents/GitHub/NYC-Taxi-ETL-Pipeline/.venv/lib/python3.10/site-packages/airflow/example_dags/example_kubernetes_executor.py took 0.823 seconds
[2024-10-21T21:34:06.915+0700] {processor.py:186} INFO - Started process (PID=9203) to work on /Users/punny/Documents/GitHub/NYC-Taxi-ETL-Pipeline/.venv/lib/python3.10/site-packages/airflow/example_dags/example_kubernetes_executor.py
[2024-10-21T21:34:06.919+0700] {processor.py:914} INFO - Processing file /Users/punny/Documents/GitHub/NYC-Taxi-ETL-Pipeline/.venv/lib/python3.10/site-packages/airflow/example_dags/example_kubernetes_executor.py for tasks to queue
[2024-10-21T21:34:06.921+0700] {logging_mixin.py:190} INFO - [2024-10-21T21:34:06.920+0700] {dagbag.py:588} INFO - Filling up the DagBag from /Users/punny/Documents/GitHub/NYC-Taxi-ETL-Pipeline/.venv/lib/python3.10/site-packages/airflow/example_dags/example_kubernetes_executor.py
[2024-10-21T21:34:07.362+0700] {processor.py:925} INFO - DAG(s) 'example_kubernetes_executor' retrieved from /Users/punny/Documents/GitHub/NYC-Taxi-ETL-Pipeline/.venv/lib/python3.10/site-packages/airflow/example_dags/example_kubernetes_executor.py
[2024-10-21T21:34:07.540+0700] {logging_mixin.py:190} WARNING - /Users/punny/Documents/GitHub/NYC-Taxi-ETL-Pipeline/.venv/lib/python3.10/site-packages/airflow/serialization/serialized_objects.py:1884 DeprecationWarning: This module is deprecated. The `cncf.kubernetes` provider before version 7.4.0 uses this module - you should migrate to a newer version of `cncf.kubernetes` to get rid of this warning. If you import the module via `airflow.kubernetes` import, please use `cncf.kubernetes' provider 7.4.0+ and switch all your imports to use `apache.airflow.providers.cncf.kubernetes` to get rid of the warning.
[2024-10-21T21:34:07.559+0700] {logging_mixin.py:190} INFO - [2024-10-21T21:34:07.559+0700] {dag.py:3239} INFO - Sync 1 DAGs
[2024-10-21T21:34:07.572+0700] {logging_mixin.py:190} INFO - [2024-10-21T21:34:07.571+0700] {dag.py:4180} INFO - Setting next_dagrun for example_kubernetes_executor to None, run_after=None
[2024-10-21T21:34:07.594+0700] {processor.py:208} INFO - Processing /Users/punny/Documents/GitHub/NYC-Taxi-ETL-Pipeline/.venv/lib/python3.10/site-packages/airflow/example_dags/example_kubernetes_executor.py took 0.686 seconds
[2024-10-21T21:37:02.747+0700] {processor.py:186} INFO - Started process (PID=9455) to work on /Users/punny/Documents/GitHub/NYC-Taxi-ETL-Pipeline/.venv/lib/python3.10/site-packages/airflow/example_dags/example_kubernetes_executor.py
[2024-10-21T21:37:02.750+0700] {processor.py:914} INFO - Processing file /Users/punny/Documents/GitHub/NYC-Taxi-ETL-Pipeline/.venv/lib/python3.10/site-packages/airflow/example_dags/example_kubernetes_executor.py for tasks to queue
[2024-10-21T21:37:02.751+0700] {logging_mixin.py:190} INFO - [2024-10-21T21:37:02.751+0700] {dagbag.py:588} INFO - Filling up the DagBag from /Users/punny/Documents/GitHub/NYC-Taxi-ETL-Pipeline/.venv/lib/python3.10/site-packages/airflow/example_dags/example_kubernetes_executor.py
[2024-10-21T21:37:03.169+0700] {processor.py:925} INFO - DAG(s) 'example_kubernetes_executor' retrieved from /Users/punny/Documents/GitHub/NYC-Taxi-ETL-Pipeline/.venv/lib/python3.10/site-packages/airflow/example_dags/example_kubernetes_executor.py
[2024-10-21T21:37:03.338+0700] {logging_mixin.py:190} WARNING - /Users/punny/Documents/GitHub/NYC-Taxi-ETL-Pipeline/.venv/lib/python3.10/site-packages/airflow/serialization/serialized_objects.py:1884 DeprecationWarning: This module is deprecated. The `cncf.kubernetes` provider before version 7.4.0 uses this module - you should migrate to a newer version of `cncf.kubernetes` to get rid of this warning. If you import the module via `airflow.kubernetes` import, please use `cncf.kubernetes' provider 7.4.0+ and switch all your imports to use `apache.airflow.providers.cncf.kubernetes` to get rid of the warning.
[2024-10-21T21:37:03.357+0700] {logging_mixin.py:190} INFO - [2024-10-21T21:37:03.357+0700] {dag.py:3239} INFO - Sync 1 DAGs
[2024-10-21T21:37:03.371+0700] {logging_mixin.py:190} INFO - [2024-10-21T21:37:03.370+0700] {dag.py:4180} INFO - Setting next_dagrun for example_kubernetes_executor to None, run_after=None
[2024-10-21T21:37:03.393+0700] {processor.py:208} INFO - Processing /Users/punny/Documents/GitHub/NYC-Taxi-ETL-Pipeline/.venv/lib/python3.10/site-packages/airflow/example_dags/example_kubernetes_executor.py took 0.653 seconds
[2024-10-21T21:41:17.014+0700] {processor.py:186} INFO - Started process (PID=9904) to work on /Users/punny/Documents/GitHub/NYC-Taxi-ETL-Pipeline/.venv/lib/python3.10/site-packages/airflow/example_dags/example_kubernetes_executor.py
[2024-10-21T21:41:17.018+0700] {processor.py:914} INFO - Processing file /Users/punny/Documents/GitHub/NYC-Taxi-ETL-Pipeline/.venv/lib/python3.10/site-packages/airflow/example_dags/example_kubernetes_executor.py for tasks to queue
[2024-10-21T21:41:17.020+0700] {logging_mixin.py:190} INFO - [2024-10-21T21:41:17.020+0700] {dagbag.py:588} INFO - Filling up the DagBag from /Users/punny/Documents/GitHub/NYC-Taxi-ETL-Pipeline/.venv/lib/python3.10/site-packages/airflow/example_dags/example_kubernetes_executor.py
[2024-10-21T21:41:17.777+0700] {processor.py:925} INFO - DAG(s) 'example_kubernetes_executor' retrieved from /Users/punny/Documents/GitHub/NYC-Taxi-ETL-Pipeline/.venv/lib/python3.10/site-packages/airflow/example_dags/example_kubernetes_executor.py
[2024-10-21T21:41:17.976+0700] {logging_mixin.py:190} WARNING - /Users/punny/Documents/GitHub/NYC-Taxi-ETL-Pipeline/.venv/lib/python3.10/site-packages/airflow/serialization/serialized_objects.py:1884 DeprecationWarning: This module is deprecated. The `cncf.kubernetes` provider before version 7.4.0 uses this module - you should migrate to a newer version of `cncf.kubernetes` to get rid of this warning. If you import the module via `airflow.kubernetes` import, please use `cncf.kubernetes' provider 7.4.0+ and switch all your imports to use `apache.airflow.providers.cncf.kubernetes` to get rid of the warning.
[2024-10-21T21:41:17.997+0700] {logging_mixin.py:190} INFO - [2024-10-21T21:41:17.997+0700] {dag.py:3239} INFO - Sync 1 DAGs
[2024-10-21T21:41:18.011+0700] {logging_mixin.py:190} INFO - [2024-10-21T21:41:18.011+0700] {dag.py:4180} INFO - Setting next_dagrun for example_kubernetes_executor to None, run_after=None
[2024-10-21T21:41:18.033+0700] {processor.py:208} INFO - Processing /Users/punny/Documents/GitHub/NYC-Taxi-ETL-Pipeline/.venv/lib/python3.10/site-packages/airflow/example_dags/example_kubernetes_executor.py took 1.025 seconds
[2024-10-21T21:44:53.332+0700] {processor.py:186} INFO - Started process (PID=10230) to work on /Users/punny/Documents/GitHub/NYC-Taxi-ETL-Pipeline/.venv/lib/python3.10/site-packages/airflow/example_dags/example_kubernetes_executor.py
[2024-10-21T21:44:53.335+0700] {processor.py:914} INFO - Processing file /Users/punny/Documents/GitHub/NYC-Taxi-ETL-Pipeline/.venv/lib/python3.10/site-packages/airflow/example_dags/example_kubernetes_executor.py for tasks to queue
[2024-10-21T21:44:53.337+0700] {logging_mixin.py:190} INFO - [2024-10-21T21:44:53.337+0700] {dagbag.py:588} INFO - Filling up the DagBag from /Users/punny/Documents/GitHub/NYC-Taxi-ETL-Pipeline/.venv/lib/python3.10/site-packages/airflow/example_dags/example_kubernetes_executor.py
[2024-10-21T21:44:53.791+0700] {processor.py:925} INFO - DAG(s) 'example_kubernetes_executor' retrieved from /Users/punny/Documents/GitHub/NYC-Taxi-ETL-Pipeline/.venv/lib/python3.10/site-packages/airflow/example_dags/example_kubernetes_executor.py
[2024-10-21T21:44:53.975+0700] {logging_mixin.py:190} WARNING - /Users/punny/Documents/GitHub/NYC-Taxi-ETL-Pipeline/.venv/lib/python3.10/site-packages/airflow/serialization/serialized_objects.py:1884 DeprecationWarning: This module is deprecated. The `cncf.kubernetes` provider before version 7.4.0 uses this module - you should migrate to a newer version of `cncf.kubernetes` to get rid of this warning. If you import the module via `airflow.kubernetes` import, please use `cncf.kubernetes' provider 7.4.0+ and switch all your imports to use `apache.airflow.providers.cncf.kubernetes` to get rid of the warning.
[2024-10-21T21:44:53.996+0700] {logging_mixin.py:190} INFO - [2024-10-21T21:44:53.995+0700] {dag.py:3239} INFO - Sync 1 DAGs
[2024-10-21T21:44:54.009+0700] {logging_mixin.py:190} INFO - [2024-10-21T21:44:54.008+0700] {dag.py:4180} INFO - Setting next_dagrun for example_kubernetes_executor to None, run_after=None
[2024-10-21T21:44:54.030+0700] {processor.py:208} INFO - Processing /Users/punny/Documents/GitHub/NYC-Taxi-ETL-Pipeline/.venv/lib/python3.10/site-packages/airflow/example_dags/example_kubernetes_executor.py took 0.712 seconds
[2024-10-21T21:47:52.698+0700] {processor.py:186} INFO - Started process (PID=10532) to work on /Users/punny/Documents/GitHub/NYC-Taxi-ETL-Pipeline/.venv/lib/python3.10/site-packages/airflow/example_dags/example_kubernetes_executor.py
[2024-10-21T21:47:52.702+0700] {processor.py:914} INFO - Processing file /Users/punny/Documents/GitHub/NYC-Taxi-ETL-Pipeline/.venv/lib/python3.10/site-packages/airflow/example_dags/example_kubernetes_executor.py for tasks to queue
[2024-10-21T21:47:52.703+0700] {logging_mixin.py:190} INFO - [2024-10-21T21:47:52.702+0700] {dagbag.py:588} INFO - Filling up the DagBag from /Users/punny/Documents/GitHub/NYC-Taxi-ETL-Pipeline/.venv/lib/python3.10/site-packages/airflow/example_dags/example_kubernetes_executor.py
[2024-10-21T21:47:53.168+0700] {processor.py:925} INFO - DAG(s) 'example_kubernetes_executor' retrieved from /Users/punny/Documents/GitHub/NYC-Taxi-ETL-Pipeline/.venv/lib/python3.10/site-packages/airflow/example_dags/example_kubernetes_executor.py
[2024-10-21T21:47:53.373+0700] {logging_mixin.py:190} WARNING - /Users/punny/Documents/GitHub/NYC-Taxi-ETL-Pipeline/.venv/lib/python3.10/site-packages/airflow/serialization/serialized_objects.py:1884 DeprecationWarning: This module is deprecated. The `cncf.kubernetes` provider before version 7.4.0 uses this module - you should migrate to a newer version of `cncf.kubernetes` to get rid of this warning. If you import the module via `airflow.kubernetes` import, please use `cncf.kubernetes' provider 7.4.0+ and switch all your imports to use `apache.airflow.providers.cncf.kubernetes` to get rid of the warning.
[2024-10-21T21:47:53.393+0700] {logging_mixin.py:190} INFO - [2024-10-21T21:47:53.392+0700] {dag.py:3239} INFO - Sync 1 DAGs
[2024-10-21T21:47:53.405+0700] {logging_mixin.py:190} INFO - [2024-10-21T21:47:53.405+0700] {dag.py:4180} INFO - Setting next_dagrun for example_kubernetes_executor to None, run_after=None
[2024-10-21T21:47:53.427+0700] {processor.py:208} INFO - Processing /Users/punny/Documents/GitHub/NYC-Taxi-ETL-Pipeline/.venv/lib/python3.10/site-packages/airflow/example_dags/example_kubernetes_executor.py took 0.736 seconds
[2024-10-21T21:52:19.168+0700] {processor.py:186} INFO - Started process (PID=10847) to work on /Users/punny/Documents/GitHub/NYC-Taxi-ETL-Pipeline/.venv/lib/python3.10/site-packages/airflow/example_dags/example_kubernetes_executor.py
[2024-10-21T21:52:19.171+0700] {processor.py:914} INFO - Processing file /Users/punny/Documents/GitHub/NYC-Taxi-ETL-Pipeline/.venv/lib/python3.10/site-packages/airflow/example_dags/example_kubernetes_executor.py for tasks to queue
[2024-10-21T21:52:19.173+0700] {logging_mixin.py:190} INFO - [2024-10-21T21:52:19.172+0700] {dagbag.py:588} INFO - Filling up the DagBag from /Users/punny/Documents/GitHub/NYC-Taxi-ETL-Pipeline/.venv/lib/python3.10/site-packages/airflow/example_dags/example_kubernetes_executor.py
[2024-10-21T21:52:19.641+0700] {processor.py:925} INFO - DAG(s) 'example_kubernetes_executor' retrieved from /Users/punny/Documents/GitHub/NYC-Taxi-ETL-Pipeline/.venv/lib/python3.10/site-packages/airflow/example_dags/example_kubernetes_executor.py
[2024-10-21T21:52:19.828+0700] {logging_mixin.py:190} WARNING - /Users/punny/Documents/GitHub/NYC-Taxi-ETL-Pipeline/.venv/lib/python3.10/site-packages/airflow/serialization/serialized_objects.py:1884 DeprecationWarning: This module is deprecated. The `cncf.kubernetes` provider before version 7.4.0 uses this module - you should migrate to a newer version of `cncf.kubernetes` to get rid of this warning. If you import the module via `airflow.kubernetes` import, please use `cncf.kubernetes' provider 7.4.0+ and switch all your imports to use `apache.airflow.providers.cncf.kubernetes` to get rid of the warning.
[2024-10-21T21:52:19.849+0700] {logging_mixin.py:190} INFO - [2024-10-21T21:52:19.848+0700] {dag.py:3239} INFO - Sync 1 DAGs
[2024-10-21T21:52:19.862+0700] {logging_mixin.py:190} INFO - [2024-10-21T21:52:19.861+0700] {dag.py:4180} INFO - Setting next_dagrun for example_kubernetes_executor to None, run_after=None
[2024-10-21T21:52:19.884+0700] {processor.py:208} INFO - Processing /Users/punny/Documents/GitHub/NYC-Taxi-ETL-Pipeline/.venv/lib/python3.10/site-packages/airflow/example_dags/example_kubernetes_executor.py took 0.723 seconds
[2024-10-21T21:57:12.448+0700] {processor.py:186} INFO - Started process (PID=11454) to work on /Users/punny/Documents/GitHub/NYC-Taxi-ETL-Pipeline/.venv/lib/python3.10/site-packages/airflow/example_dags/example_kubernetes_executor.py
[2024-10-21T21:57:12.451+0700] {processor.py:914} INFO - Processing file /Users/punny/Documents/GitHub/NYC-Taxi-ETL-Pipeline/.venv/lib/python3.10/site-packages/airflow/example_dags/example_kubernetes_executor.py for tasks to queue
[2024-10-21T21:57:12.452+0700] {logging_mixin.py:190} INFO - [2024-10-21T21:57:12.452+0700] {dagbag.py:588} INFO - Filling up the DagBag from /Users/punny/Documents/GitHub/NYC-Taxi-ETL-Pipeline/.venv/lib/python3.10/site-packages/airflow/example_dags/example_kubernetes_executor.py
[2024-10-21T21:57:12.891+0700] {processor.py:925} INFO - DAG(s) 'example_kubernetes_executor' retrieved from /Users/punny/Documents/GitHub/NYC-Taxi-ETL-Pipeline/.venv/lib/python3.10/site-packages/airflow/example_dags/example_kubernetes_executor.py
[2024-10-21T21:57:13.070+0700] {logging_mixin.py:190} WARNING - /Users/punny/Documents/GitHub/NYC-Taxi-ETL-Pipeline/.venv/lib/python3.10/site-packages/airflow/serialization/serialized_objects.py:1884 DeprecationWarning: This module is deprecated. The `cncf.kubernetes` provider before version 7.4.0 uses this module - you should migrate to a newer version of `cncf.kubernetes` to get rid of this warning. If you import the module via `airflow.kubernetes` import, please use `cncf.kubernetes' provider 7.4.0+ and switch all your imports to use `apache.airflow.providers.cncf.kubernetes` to get rid of the warning.
[2024-10-21T21:57:13.092+0700] {logging_mixin.py:190} INFO - [2024-10-21T21:57:13.092+0700] {dag.py:3239} INFO - Sync 1 DAGs
[2024-10-21T21:57:13.108+0700] {logging_mixin.py:190} INFO - [2024-10-21T21:57:13.108+0700] {dag.py:4180} INFO - Setting next_dagrun for example_kubernetes_executor to None, run_after=None
[2024-10-21T21:57:13.130+0700] {processor.py:208} INFO - Processing /Users/punny/Documents/GitHub/NYC-Taxi-ETL-Pipeline/.venv/lib/python3.10/site-packages/airflow/example_dags/example_kubernetes_executor.py took 0.692 seconds
[2024-10-21T22:00:44.338+0700] {processor.py:186} INFO - Started process (PID=11820) to work on /Users/punny/Documents/GitHub/NYC-Taxi-ETL-Pipeline/.venv/lib/python3.10/site-packages/airflow/example_dags/example_kubernetes_executor.py
[2024-10-21T22:00:44.341+0700] {processor.py:914} INFO - Processing file /Users/punny/Documents/GitHub/NYC-Taxi-ETL-Pipeline/.venv/lib/python3.10/site-packages/airflow/example_dags/example_kubernetes_executor.py for tasks to queue
[2024-10-21T22:00:44.342+0700] {logging_mixin.py:190} INFO - [2024-10-21T22:00:44.342+0700] {dagbag.py:588} INFO - Filling up the DagBag from /Users/punny/Documents/GitHub/NYC-Taxi-ETL-Pipeline/.venv/lib/python3.10/site-packages/airflow/example_dags/example_kubernetes_executor.py
[2024-10-21T22:00:44.757+0700] {processor.py:925} INFO - DAG(s) 'example_kubernetes_executor' retrieved from /Users/punny/Documents/GitHub/NYC-Taxi-ETL-Pipeline/.venv/lib/python3.10/site-packages/airflow/example_dags/example_kubernetes_executor.py
[2024-10-21T22:00:44.921+0700] {logging_mixin.py:190} WARNING - /Users/punny/Documents/GitHub/NYC-Taxi-ETL-Pipeline/.venv/lib/python3.10/site-packages/airflow/serialization/serialized_objects.py:1884 DeprecationWarning: This module is deprecated. The `cncf.kubernetes` provider before version 7.4.0 uses this module - you should migrate to a newer version of `cncf.kubernetes` to get rid of this warning. If you import the module via `airflow.kubernetes` import, please use `cncf.kubernetes' provider 7.4.0+ and switch all your imports to use `apache.airflow.providers.cncf.kubernetes` to get rid of the warning.
[2024-10-21T22:00:44.941+0700] {logging_mixin.py:190} INFO - [2024-10-21T22:00:44.940+0700] {dag.py:3239} INFO - Sync 1 DAGs
[2024-10-21T22:00:44.954+0700] {logging_mixin.py:190} INFO - [2024-10-21T22:00:44.954+0700] {dag.py:4180} INFO - Setting next_dagrun for example_kubernetes_executor to None, run_after=None
[2024-10-21T22:00:44.976+0700] {processor.py:208} INFO - Processing /Users/punny/Documents/GitHub/NYC-Taxi-ETL-Pipeline/.venv/lib/python3.10/site-packages/airflow/example_dags/example_kubernetes_executor.py took 0.645 seconds
[2024-10-21T22:17:44.488+0700] {processor.py:186} INFO - Started process (PID=12113) to work on /Users/punny/Documents/GitHub/NYC-Taxi-ETL-Pipeline/.venv/lib/python3.10/site-packages/airflow/example_dags/example_kubernetes_executor.py
[2024-10-21T22:17:44.492+0700] {processor.py:914} INFO - Processing file /Users/punny/Documents/GitHub/NYC-Taxi-ETL-Pipeline/.venv/lib/python3.10/site-packages/airflow/example_dags/example_kubernetes_executor.py for tasks to queue
[2024-10-21T22:17:44.493+0700] {logging_mixin.py:190} INFO - [2024-10-21T22:17:44.492+0700] {dagbag.py:588} INFO - Filling up the DagBag from /Users/punny/Documents/GitHub/NYC-Taxi-ETL-Pipeline/.venv/lib/python3.10/site-packages/airflow/example_dags/example_kubernetes_executor.py
[2024-10-21T22:17:44.980+0700] {processor.py:925} INFO - DAG(s) 'example_kubernetes_executor' retrieved from /Users/punny/Documents/GitHub/NYC-Taxi-ETL-Pipeline/.venv/lib/python3.10/site-packages/airflow/example_dags/example_kubernetes_executor.py
[2024-10-21T22:17:45.170+0700] {logging_mixin.py:190} WARNING - /Users/punny/Documents/GitHub/NYC-Taxi-ETL-Pipeline/.venv/lib/python3.10/site-packages/airflow/serialization/serialized_objects.py:1884 DeprecationWarning: This module is deprecated. The `cncf.kubernetes` provider before version 7.4.0 uses this module - you should migrate to a newer version of `cncf.kubernetes` to get rid of this warning. If you import the module via `airflow.kubernetes` import, please use `cncf.kubernetes' provider 7.4.0+ and switch all your imports to use `apache.airflow.providers.cncf.kubernetes` to get rid of the warning.
[2024-10-21T22:17:45.217+0700] {logging_mixin.py:190} INFO - [2024-10-21T22:17:45.216+0700] {dag.py:3239} INFO - Sync 1 DAGs
[2024-10-21T22:17:45.244+0700] {logging_mixin.py:190} INFO - [2024-10-21T22:17:45.243+0700] {dag.py:4180} INFO - Setting next_dagrun for example_kubernetes_executor to None, run_after=None
[2024-10-21T22:17:45.300+0700] {processor.py:208} INFO - Processing /Users/punny/Documents/GitHub/NYC-Taxi-ETL-Pipeline/.venv/lib/python3.10/site-packages/airflow/example_dags/example_kubernetes_executor.py took 0.821 seconds
[2024-10-21T22:21:40.534+0700] {processor.py:186} INFO - Started process (PID=12610) to work on /Users/punny/Documents/GitHub/NYC-Taxi-ETL-Pipeline/.venv/lib/python3.10/site-packages/airflow/example_dags/example_kubernetes_executor.py
[2024-10-21T22:21:40.540+0700] {processor.py:914} INFO - Processing file /Users/punny/Documents/GitHub/NYC-Taxi-ETL-Pipeline/.venv/lib/python3.10/site-packages/airflow/example_dags/example_kubernetes_executor.py for tasks to queue
[2024-10-21T22:21:40.542+0700] {logging_mixin.py:190} INFO - [2024-10-21T22:21:40.541+0700] {dagbag.py:588} INFO - Filling up the DagBag from /Users/punny/Documents/GitHub/NYC-Taxi-ETL-Pipeline/.venv/lib/python3.10/site-packages/airflow/example_dags/example_kubernetes_executor.py
[2024-10-21T22:21:41.292+0700] {processor.py:925} INFO - DAG(s) 'example_kubernetes_executor' retrieved from /Users/punny/Documents/GitHub/NYC-Taxi-ETL-Pipeline/.venv/lib/python3.10/site-packages/airflow/example_dags/example_kubernetes_executor.py
[2024-10-21T22:21:41.507+0700] {logging_mixin.py:190} WARNING - /Users/punny/Documents/GitHub/NYC-Taxi-ETL-Pipeline/.venv/lib/python3.10/site-packages/airflow/serialization/serialized_objects.py:1884 DeprecationWarning: This module is deprecated. The `cncf.kubernetes` provider before version 7.4.0 uses this module - you should migrate to a newer version of `cncf.kubernetes` to get rid of this warning. If you import the module via `airflow.kubernetes` import, please use `cncf.kubernetes' provider 7.4.0+ and switch all your imports to use `apache.airflow.providers.cncf.kubernetes` to get rid of the warning.
[2024-10-21T22:21:41.531+0700] {logging_mixin.py:190} INFO - [2024-10-21T22:21:41.531+0700] {dag.py:3239} INFO - Sync 1 DAGs
[2024-10-21T22:21:41.546+0700] {logging_mixin.py:190} INFO - [2024-10-21T22:21:41.546+0700] {dag.py:4180} INFO - Setting next_dagrun for example_kubernetes_executor to None, run_after=None
[2024-10-21T22:21:41.571+0700] {processor.py:208} INFO - Processing /Users/punny/Documents/GitHub/NYC-Taxi-ETL-Pipeline/.venv/lib/python3.10/site-packages/airflow/example_dags/example_kubernetes_executor.py took 1.047 seconds
[2024-10-21T22:26:30.558+0700] {processor.py:186} INFO - Started process (PID=13377) to work on /Users/punny/Documents/GitHub/NYC-Taxi-ETL-Pipeline/.venv/lib/python3.10/site-packages/airflow/example_dags/example_kubernetes_executor.py
[2024-10-21T22:26:30.562+0700] {processor.py:914} INFO - Processing file /Users/punny/Documents/GitHub/NYC-Taxi-ETL-Pipeline/.venv/lib/python3.10/site-packages/airflow/example_dags/example_kubernetes_executor.py for tasks to queue
[2024-10-21T22:26:30.564+0700] {logging_mixin.py:190} INFO - [2024-10-21T22:26:30.563+0700] {dagbag.py:588} INFO - Filling up the DagBag from /Users/punny/Documents/GitHub/NYC-Taxi-ETL-Pipeline/.venv/lib/python3.10/site-packages/airflow/example_dags/example_kubernetes_executor.py
[2024-10-21T22:26:31.247+0700] {processor.py:925} INFO - DAG(s) 'example_kubernetes_executor' retrieved from /Users/punny/Documents/GitHub/NYC-Taxi-ETL-Pipeline/.venv/lib/python3.10/site-packages/airflow/example_dags/example_kubernetes_executor.py
[2024-10-21T22:26:31.455+0700] {logging_mixin.py:190} WARNING - /Users/punny/Documents/GitHub/NYC-Taxi-ETL-Pipeline/.venv/lib/python3.10/site-packages/airflow/serialization/serialized_objects.py:1884 DeprecationWarning: This module is deprecated. The `cncf.kubernetes` provider before version 7.4.0 uses this module - you should migrate to a newer version of `cncf.kubernetes` to get rid of this warning. If you import the module via `airflow.kubernetes` import, please use `cncf.kubernetes' provider 7.4.0+ and switch all your imports to use `apache.airflow.providers.cncf.kubernetes` to get rid of the warning.
[2024-10-21T22:26:31.476+0700] {logging_mixin.py:190} INFO - [2024-10-21T22:26:31.475+0700] {dag.py:3239} INFO - Sync 1 DAGs
[2024-10-21T22:26:31.489+0700] {logging_mixin.py:190} INFO - [2024-10-21T22:26:31.489+0700] {dag.py:4180} INFO - Setting next_dagrun for example_kubernetes_executor to None, run_after=None
[2024-10-21T22:26:31.511+0700] {processor.py:208} INFO - Processing /Users/punny/Documents/GitHub/NYC-Taxi-ETL-Pipeline/.venv/lib/python3.10/site-packages/airflow/example_dags/example_kubernetes_executor.py took 0.963 seconds
[2024-10-21T22:29:40.811+0700] {processor.py:186} INFO - Started process (PID=13617) to work on /Users/punny/Documents/GitHub/NYC-Taxi-ETL-Pipeline/.venv/lib/python3.10/site-packages/airflow/example_dags/example_kubernetes_executor.py
[2024-10-21T22:29:40.815+0700] {processor.py:914} INFO - Processing file /Users/punny/Documents/GitHub/NYC-Taxi-ETL-Pipeline/.venv/lib/python3.10/site-packages/airflow/example_dags/example_kubernetes_executor.py for tasks to queue
[2024-10-21T22:29:40.816+0700] {logging_mixin.py:190} INFO - [2024-10-21T22:29:40.816+0700] {dagbag.py:588} INFO - Filling up the DagBag from /Users/punny/Documents/GitHub/NYC-Taxi-ETL-Pipeline/.venv/lib/python3.10/site-packages/airflow/example_dags/example_kubernetes_executor.py
[2024-10-21T22:29:41.482+0700] {processor.py:925} INFO - DAG(s) 'example_kubernetes_executor' retrieved from /Users/punny/Documents/GitHub/NYC-Taxi-ETL-Pipeline/.venv/lib/python3.10/site-packages/airflow/example_dags/example_kubernetes_executor.py
[2024-10-21T22:29:41.671+0700] {logging_mixin.py:190} WARNING - /Users/punny/Documents/GitHub/NYC-Taxi-ETL-Pipeline/.venv/lib/python3.10/site-packages/airflow/serialization/serialized_objects.py:1884 DeprecationWarning: This module is deprecated. The `cncf.kubernetes` provider before version 7.4.0 uses this module - you should migrate to a newer version of `cncf.kubernetes` to get rid of this warning. If you import the module via `airflow.kubernetes` import, please use `cncf.kubernetes' provider 7.4.0+ and switch all your imports to use `apache.airflow.providers.cncf.kubernetes` to get rid of the warning.
[2024-10-21T22:29:41.692+0700] {logging_mixin.py:190} INFO - [2024-10-21T22:29:41.691+0700] {dag.py:3239} INFO - Sync 1 DAGs
[2024-10-21T22:29:41.705+0700] {logging_mixin.py:190} INFO - [2024-10-21T22:29:41.705+0700] {dag.py:4180} INFO - Setting next_dagrun for example_kubernetes_executor to None, run_after=None
[2024-10-21T22:29:41.728+0700] {processor.py:208} INFO - Processing /Users/punny/Documents/GitHub/NYC-Taxi-ETL-Pipeline/.venv/lib/python3.10/site-packages/airflow/example_dags/example_kubernetes_executor.py took 0.927 seconds
[2024-10-21T22:32:32.116+0700] {processor.py:186} INFO - Started process (PID=13772) to work on /Users/punny/Documents/GitHub/NYC-Taxi-ETL-Pipeline/.venv/lib/python3.10/site-packages/airflow/example_dags/example_kubernetes_executor.py
[2024-10-21T22:32:32.120+0700] {processor.py:914} INFO - Processing file /Users/punny/Documents/GitHub/NYC-Taxi-ETL-Pipeline/.venv/lib/python3.10/site-packages/airflow/example_dags/example_kubernetes_executor.py for tasks to queue
[2024-10-21T22:32:32.121+0700] {logging_mixin.py:190} INFO - [2024-10-21T22:32:32.121+0700] {dagbag.py:588} INFO - Filling up the DagBag from /Users/punny/Documents/GitHub/NYC-Taxi-ETL-Pipeline/.venv/lib/python3.10/site-packages/airflow/example_dags/example_kubernetes_executor.py
[2024-10-21T22:32:32.553+0700] {processor.py:925} INFO - DAG(s) 'example_kubernetes_executor' retrieved from /Users/punny/Documents/GitHub/NYC-Taxi-ETL-Pipeline/.venv/lib/python3.10/site-packages/airflow/example_dags/example_kubernetes_executor.py
[2024-10-21T22:32:32.728+0700] {logging_mixin.py:190} WARNING - /Users/punny/Documents/GitHub/NYC-Taxi-ETL-Pipeline/.venv/lib/python3.10/site-packages/airflow/serialization/serialized_objects.py:1884 DeprecationWarning: This module is deprecated. The `cncf.kubernetes` provider before version 7.4.0 uses this module - you should migrate to a newer version of `cncf.kubernetes` to get rid of this warning. If you import the module via `airflow.kubernetes` import, please use `cncf.kubernetes' provider 7.4.0+ and switch all your imports to use `apache.airflow.providers.cncf.kubernetes` to get rid of the warning.
[2024-10-21T22:32:32.748+0700] {logging_mixin.py:190} INFO - [2024-10-21T22:32:32.748+0700] {dag.py:3239} INFO - Sync 1 DAGs
[2024-10-21T22:32:32.762+0700] {logging_mixin.py:190} INFO - [2024-10-21T22:32:32.761+0700] {dag.py:4180} INFO - Setting next_dagrun for example_kubernetes_executor to None, run_after=None
[2024-10-21T22:32:32.784+0700] {processor.py:208} INFO - Processing /Users/punny/Documents/GitHub/NYC-Taxi-ETL-Pipeline/.venv/lib/python3.10/site-packages/airflow/example_dags/example_kubernetes_executor.py took 0.677 seconds
