[2024-10-21T12:22:38.820+0700] {processor.py:186} INFO - Started process (PID=34096) to work on /Users/punny/Documents/GitHub/NYC-Taxi-ETL-Pipeline/.venv/lib/python3.10/site-packages/airflow/example_dags/example_task_group.py
[2024-10-21T12:22:38.824+0700] {processor.py:914} INFO - Processing file /Users/punny/Documents/GitHub/NYC-Taxi-ETL-Pipeline/.venv/lib/python3.10/site-packages/airflow/example_dags/example_task_group.py for tasks to queue
[2024-10-21T12:22:38.826+0700] {logging_mixin.py:190} INFO - [2024-10-21T12:22:38.826+0700] {dagbag.py:588} INFO - Filling up the DagBag from /Users/punny/Documents/GitHub/NYC-Taxi-ETL-Pipeline/.venv/lib/python3.10/site-packages/airflow/example_dags/example_task_group.py
[2024-10-21T12:22:38.847+0700] {processor.py:925} INFO - DAG(s) 'example_task_group' retrieved from /Users/punny/Documents/GitHub/NYC-Taxi-ETL-Pipeline/.venv/lib/python3.10/site-packages/airflow/example_dags/example_task_group.py
[2024-10-21T12:22:39.136+0700] {logging_mixin.py:190} INFO - [2024-10-21T12:22:39.135+0700] {dag.py:3239} INFO - Sync 1 DAGs
[2024-10-21T12:22:39.156+0700] {logging_mixin.py:190} INFO - [2024-10-21T12:22:39.156+0700] {dag.py:4180} INFO - Setting next_dagrun for example_task_group to None, run_after=None
[2024-10-21T12:22:39.189+0700] {processor.py:208} INFO - Processing /Users/punny/Documents/GitHub/NYC-Taxi-ETL-Pipeline/.venv/lib/python3.10/site-packages/airflow/example_dags/example_task_group.py took 0.379 seconds
[2024-10-21T13:57:36.421+0700] {processor.py:186} INFO - Started process (PID=34953) to work on /Users/punny/Documents/GitHub/NYC-Taxi-ETL-Pipeline/.venv/lib/python3.10/site-packages/airflow/example_dags/example_task_group.py
[2024-10-21T13:57:36.426+0700] {processor.py:914} INFO - Processing file /Users/punny/Documents/GitHub/NYC-Taxi-ETL-Pipeline/.venv/lib/python3.10/site-packages/airflow/example_dags/example_task_group.py for tasks to queue
[2024-10-21T13:57:36.427+0700] {logging_mixin.py:190} INFO - [2024-10-21T13:57:36.427+0700] {dagbag.py:588} INFO - Filling up the DagBag from /Users/punny/Documents/GitHub/NYC-Taxi-ETL-Pipeline/.venv/lib/python3.10/site-packages/airflow/example_dags/example_task_group.py
[2024-10-21T13:57:36.447+0700] {processor.py:925} INFO - DAG(s) 'example_task_group' retrieved from /Users/punny/Documents/GitHub/NYC-Taxi-ETL-Pipeline/.venv/lib/python3.10/site-packages/airflow/example_dags/example_task_group.py
[2024-10-21T13:57:36.752+0700] {logging_mixin.py:190} INFO - [2024-10-21T13:57:36.751+0700] {dag.py:3239} INFO - Sync 1 DAGs
[2024-10-21T13:57:36.773+0700] {logging_mixin.py:190} INFO - [2024-10-21T13:57:36.772+0700] {dag.py:4180} INFO - Setting next_dagrun for example_task_group to None, run_after=None
[2024-10-21T13:57:36.812+0700] {processor.py:208} INFO - Processing /Users/punny/Documents/GitHub/NYC-Taxi-ETL-Pipeline/.venv/lib/python3.10/site-packages/airflow/example_dags/example_task_group.py took 0.400 seconds
[2024-10-21T14:48:09.809+0700] {processor.py:186} INFO - Started process (PID=35826) to work on /Users/punny/Documents/GitHub/NYC-Taxi-ETL-Pipeline/.venv/lib/python3.10/site-packages/airflow/example_dags/example_task_group.py
[2024-10-21T14:48:09.813+0700] {processor.py:914} INFO - Processing file /Users/punny/Documents/GitHub/NYC-Taxi-ETL-Pipeline/.venv/lib/python3.10/site-packages/airflow/example_dags/example_task_group.py for tasks to queue
[2024-10-21T14:48:09.814+0700] {logging_mixin.py:190} INFO - [2024-10-21T14:48:09.814+0700] {dagbag.py:588} INFO - Filling up the DagBag from /Users/punny/Documents/GitHub/NYC-Taxi-ETL-Pipeline/.venv/lib/python3.10/site-packages/airflow/example_dags/example_task_group.py
[2024-10-21T14:48:09.834+0700] {processor.py:925} INFO - DAG(s) 'example_task_group' retrieved from /Users/punny/Documents/GitHub/NYC-Taxi-ETL-Pipeline/.venv/lib/python3.10/site-packages/airflow/example_dags/example_task_group.py
[2024-10-21T14:48:10.156+0700] {logging_mixin.py:190} INFO - [2024-10-21T14:48:10.155+0700] {dag.py:3239} INFO - Sync 1 DAGs
[2024-10-21T14:48:10.179+0700] {logging_mixin.py:190} INFO - [2024-10-21T14:48:10.178+0700] {dag.py:4180} INFO - Setting next_dagrun for example_task_group to None, run_after=None
[2024-10-21T14:48:10.213+0700] {processor.py:208} INFO - Processing /Users/punny/Documents/GitHub/NYC-Taxi-ETL-Pipeline/.venv/lib/python3.10/site-packages/airflow/example_dags/example_task_group.py took 0.413 seconds
[2024-10-21T14:51:46.412+0700] {processor.py:186} INFO - Started process (PID=36458) to work on /Users/punny/Documents/GitHub/NYC-Taxi-ETL-Pipeline/.venv/lib/python3.10/site-packages/airflow/example_dags/example_task_group.py
[2024-10-21T14:51:46.416+0700] {processor.py:914} INFO - Processing file /Users/punny/Documents/GitHub/NYC-Taxi-ETL-Pipeline/.venv/lib/python3.10/site-packages/airflow/example_dags/example_task_group.py for tasks to queue
[2024-10-21T14:51:46.417+0700] {logging_mixin.py:190} INFO - [2024-10-21T14:51:46.417+0700] {dagbag.py:588} INFO - Filling up the DagBag from /Users/punny/Documents/GitHub/NYC-Taxi-ETL-Pipeline/.venv/lib/python3.10/site-packages/airflow/example_dags/example_task_group.py
[2024-10-21T14:51:46.430+0700] {processor.py:925} INFO - DAG(s) 'example_task_group' retrieved from /Users/punny/Documents/GitHub/NYC-Taxi-ETL-Pipeline/.venv/lib/python3.10/site-packages/airflow/example_dags/example_task_group.py
[2024-10-21T14:51:46.663+0700] {logging_mixin.py:190} INFO - [2024-10-21T14:51:46.663+0700] {dag.py:3239} INFO - Sync 1 DAGs
[2024-10-21T14:51:46.680+0700] {logging_mixin.py:190} INFO - [2024-10-21T14:51:46.679+0700] {dag.py:4180} INFO - Setting next_dagrun for example_task_group to None, run_after=None
[2024-10-21T14:51:46.717+0700] {processor.py:208} INFO - Processing /Users/punny/Documents/GitHub/NYC-Taxi-ETL-Pipeline/.venv/lib/python3.10/site-packages/airflow/example_dags/example_task_group.py took 0.314 seconds
[2024-10-21T14:55:16.634+0700] {processor.py:186} INFO - Started process (PID=36978) to work on /Users/punny/Documents/GitHub/NYC-Taxi-ETL-Pipeline/.venv/lib/python3.10/site-packages/airflow/example_dags/example_task_group.py
[2024-10-21T14:55:16.637+0700] {processor.py:914} INFO - Processing file /Users/punny/Documents/GitHub/NYC-Taxi-ETL-Pipeline/.venv/lib/python3.10/site-packages/airflow/example_dags/example_task_group.py for tasks to queue
[2024-10-21T14:55:16.638+0700] {logging_mixin.py:190} INFO - [2024-10-21T14:55:16.638+0700] {dagbag.py:588} INFO - Filling up the DagBag from /Users/punny/Documents/GitHub/NYC-Taxi-ETL-Pipeline/.venv/lib/python3.10/site-packages/airflow/example_dags/example_task_group.py
[2024-10-21T14:55:16.652+0700] {processor.py:925} INFO - DAG(s) 'example_task_group' retrieved from /Users/punny/Documents/GitHub/NYC-Taxi-ETL-Pipeline/.venv/lib/python3.10/site-packages/airflow/example_dags/example_task_group.py
[2024-10-21T14:55:16.860+0700] {logging_mixin.py:190} INFO - [2024-10-21T14:55:16.859+0700] {dag.py:3239} INFO - Sync 1 DAGs
[2024-10-21T14:55:16.878+0700] {logging_mixin.py:190} INFO - [2024-10-21T14:55:16.877+0700] {dag.py:4180} INFO - Setting next_dagrun for example_task_group to None, run_after=None
[2024-10-21T14:55:16.903+0700] {processor.py:208} INFO - Processing /Users/punny/Documents/GitHub/NYC-Taxi-ETL-Pipeline/.venv/lib/python3.10/site-packages/airflow/example_dags/example_task_group.py took 0.279 seconds
[2024-10-21T14:59:49.187+0700] {processor.py:186} INFO - Started process (PID=37670) to work on /Users/punny/Documents/GitHub/NYC-Taxi-ETL-Pipeline/.venv/lib/python3.10/site-packages/airflow/example_dags/example_task_group.py
[2024-10-21T14:59:49.190+0700] {processor.py:914} INFO - Processing file /Users/punny/Documents/GitHub/NYC-Taxi-ETL-Pipeline/.venv/lib/python3.10/site-packages/airflow/example_dags/example_task_group.py for tasks to queue
[2024-10-21T14:59:49.191+0700] {logging_mixin.py:190} INFO - [2024-10-21T14:59:49.191+0700] {dagbag.py:588} INFO - Filling up the DagBag from /Users/punny/Documents/GitHub/NYC-Taxi-ETL-Pipeline/.venv/lib/python3.10/site-packages/airflow/example_dags/example_task_group.py
[2024-10-21T14:59:49.206+0700] {processor.py:925} INFO - DAG(s) 'example_task_group' retrieved from /Users/punny/Documents/GitHub/NYC-Taxi-ETL-Pipeline/.venv/lib/python3.10/site-packages/airflow/example_dags/example_task_group.py
[2024-10-21T14:59:49.465+0700] {logging_mixin.py:190} INFO - [2024-10-21T14:59:49.464+0700] {dag.py:3239} INFO - Sync 1 DAGs
[2024-10-21T14:59:49.482+0700] {logging_mixin.py:190} INFO - [2024-10-21T14:59:49.482+0700] {dag.py:4180} INFO - Setting next_dagrun for example_task_group to None, run_after=None
[2024-10-21T14:59:49.514+0700] {processor.py:208} INFO - Processing /Users/punny/Documents/GitHub/NYC-Taxi-ETL-Pipeline/.venv/lib/python3.10/site-packages/airflow/example_dags/example_task_group.py took 0.337 seconds
[2024-10-21T15:05:35.382+0700] {processor.py:186} INFO - Started process (PID=38450) to work on /Users/punny/Documents/GitHub/NYC-Taxi-ETL-Pipeline/.venv/lib/python3.10/site-packages/airflow/example_dags/example_task_group.py
[2024-10-21T15:05:35.386+0700] {processor.py:914} INFO - Processing file /Users/punny/Documents/GitHub/NYC-Taxi-ETL-Pipeline/.venv/lib/python3.10/site-packages/airflow/example_dags/example_task_group.py for tasks to queue
[2024-10-21T15:05:35.388+0700] {logging_mixin.py:190} INFO - [2024-10-21T15:05:35.388+0700] {dagbag.py:588} INFO - Filling up the DagBag from /Users/punny/Documents/GitHub/NYC-Taxi-ETL-Pipeline/.venv/lib/python3.10/site-packages/airflow/example_dags/example_task_group.py
[2024-10-21T15:05:35.406+0700] {processor.py:925} INFO - DAG(s) 'example_task_group' retrieved from /Users/punny/Documents/GitHub/NYC-Taxi-ETL-Pipeline/.venv/lib/python3.10/site-packages/airflow/example_dags/example_task_group.py
[2024-10-21T15:05:35.697+0700] {logging_mixin.py:190} INFO - [2024-10-21T15:05:35.696+0700] {dag.py:3239} INFO - Sync 1 DAGs
[2024-10-21T15:05:35.719+0700] {logging_mixin.py:190} INFO - [2024-10-21T15:05:35.719+0700] {dag.py:4180} INFO - Setting next_dagrun for example_task_group to None, run_after=None
[2024-10-21T15:05:35.751+0700] {processor.py:208} INFO - Processing /Users/punny/Documents/GitHub/NYC-Taxi-ETL-Pipeline/.venv/lib/python3.10/site-packages/airflow/example_dags/example_task_group.py took 0.380 seconds
[2024-10-21T15:10:22.766+0700] {processor.py:186} INFO - Started process (PID=39090) to work on /Users/punny/Documents/GitHub/NYC-Taxi-ETL-Pipeline/.venv/lib/python3.10/site-packages/airflow/example_dags/example_task_group.py
[2024-10-21T15:10:22.771+0700] {processor.py:914} INFO - Processing file /Users/punny/Documents/GitHub/NYC-Taxi-ETL-Pipeline/.venv/lib/python3.10/site-packages/airflow/example_dags/example_task_group.py for tasks to queue
[2024-10-21T15:10:22.773+0700] {logging_mixin.py:190} INFO - [2024-10-21T15:10:22.773+0700] {dagbag.py:588} INFO - Filling up the DagBag from /Users/punny/Documents/GitHub/NYC-Taxi-ETL-Pipeline/.venv/lib/python3.10/site-packages/airflow/example_dags/example_task_group.py
[2024-10-21T15:10:22.793+0700] {processor.py:925} INFO - DAG(s) 'example_task_group' retrieved from /Users/punny/Documents/GitHub/NYC-Taxi-ETL-Pipeline/.venv/lib/python3.10/site-packages/airflow/example_dags/example_task_group.py
[2024-10-21T15:10:23.182+0700] {logging_mixin.py:190} INFO - [2024-10-21T15:10:23.182+0700] {dag.py:3239} INFO - Sync 1 DAGs
[2024-10-21T15:10:23.221+0700] {logging_mixin.py:190} INFO - [2024-10-21T15:10:23.221+0700] {dag.py:4180} INFO - Setting next_dagrun for example_task_group to None, run_after=None
[2024-10-21T15:10:23.270+0700] {processor.py:208} INFO - Processing /Users/punny/Documents/GitHub/NYC-Taxi-ETL-Pipeline/.venv/lib/python3.10/site-packages/airflow/example_dags/example_task_group.py took 0.511 seconds
[2024-10-21T15:14:35.841+0700] {processor.py:186} INFO - Started process (PID=39589) to work on /Users/punny/Documents/GitHub/NYC-Taxi-ETL-Pipeline/.venv/lib/python3.10/site-packages/airflow/example_dags/example_task_group.py
[2024-10-21T15:14:35.846+0700] {processor.py:914} INFO - Processing file /Users/punny/Documents/GitHub/NYC-Taxi-ETL-Pipeline/.venv/lib/python3.10/site-packages/airflow/example_dags/example_task_group.py for tasks to queue
[2024-10-21T15:14:35.848+0700] {logging_mixin.py:190} INFO - [2024-10-21T15:14:35.848+0700] {dagbag.py:588} INFO - Filling up the DagBag from /Users/punny/Documents/GitHub/NYC-Taxi-ETL-Pipeline/.venv/lib/python3.10/site-packages/airflow/example_dags/example_task_group.py
[2024-10-21T15:14:35.865+0700] {processor.py:925} INFO - DAG(s) 'example_task_group' retrieved from /Users/punny/Documents/GitHub/NYC-Taxi-ETL-Pipeline/.venv/lib/python3.10/site-packages/airflow/example_dags/example_task_group.py
[2024-10-21T15:14:36.154+0700] {logging_mixin.py:190} INFO - [2024-10-21T15:14:36.154+0700] {dag.py:3239} INFO - Sync 1 DAGs
[2024-10-21T15:14:36.174+0700] {logging_mixin.py:190} INFO - [2024-10-21T15:14:36.174+0700] {dag.py:4180} INFO - Setting next_dagrun for example_task_group to None, run_after=None
[2024-10-21T15:14:36.208+0700] {processor.py:208} INFO - Processing /Users/punny/Documents/GitHub/NYC-Taxi-ETL-Pipeline/.venv/lib/python3.10/site-packages/airflow/example_dags/example_task_group.py took 0.376 seconds
[2024-10-21T15:18:57.039+0700] {processor.py:186} INFO - Started process (PID=40117) to work on /Users/punny/Documents/GitHub/NYC-Taxi-ETL-Pipeline/.venv/lib/python3.10/site-packages/airflow/example_dags/example_task_group.py
[2024-10-21T15:18:57.043+0700] {processor.py:914} INFO - Processing file /Users/punny/Documents/GitHub/NYC-Taxi-ETL-Pipeline/.venv/lib/python3.10/site-packages/airflow/example_dags/example_task_group.py for tasks to queue
[2024-10-21T15:18:57.045+0700] {logging_mixin.py:190} INFO - [2024-10-21T15:18:57.045+0700] {dagbag.py:588} INFO - Filling up the DagBag from /Users/punny/Documents/GitHub/NYC-Taxi-ETL-Pipeline/.venv/lib/python3.10/site-packages/airflow/example_dags/example_task_group.py
[2024-10-21T15:18:57.062+0700] {processor.py:925} INFO - DAG(s) 'example_task_group' retrieved from /Users/punny/Documents/GitHub/NYC-Taxi-ETL-Pipeline/.venv/lib/python3.10/site-packages/airflow/example_dags/example_task_group.py
[2024-10-21T15:18:57.493+0700] {logging_mixin.py:190} INFO - [2024-10-21T15:18:57.493+0700] {dag.py:3239} INFO - Sync 1 DAGs
[2024-10-21T15:18:57.514+0700] {logging_mixin.py:190} INFO - [2024-10-21T15:18:57.512+0700] {dag.py:4180} INFO - Setting next_dagrun for example_task_group to None, run_after=None
[2024-10-21T15:18:57.547+0700] {processor.py:208} INFO - Processing /Users/punny/Documents/GitHub/NYC-Taxi-ETL-Pipeline/.venv/lib/python3.10/site-packages/airflow/example_dags/example_task_group.py took 0.521 seconds
[2024-10-21T15:23:06.417+0700] {processor.py:186} INFO - Started process (PID=40662) to work on /Users/punny/Documents/GitHub/NYC-Taxi-ETL-Pipeline/.venv/lib/python3.10/site-packages/airflow/example_dags/example_task_group.py
[2024-10-21T15:23:06.422+0700] {processor.py:914} INFO - Processing file /Users/punny/Documents/GitHub/NYC-Taxi-ETL-Pipeline/.venv/lib/python3.10/site-packages/airflow/example_dags/example_task_group.py for tasks to queue
[2024-10-21T15:23:06.423+0700] {logging_mixin.py:190} INFO - [2024-10-21T15:23:06.423+0700] {dagbag.py:588} INFO - Filling up the DagBag from /Users/punny/Documents/GitHub/NYC-Taxi-ETL-Pipeline/.venv/lib/python3.10/site-packages/airflow/example_dags/example_task_group.py
[2024-10-21T15:23:06.443+0700] {processor.py:925} INFO - DAG(s) 'example_task_group' retrieved from /Users/punny/Documents/GitHub/NYC-Taxi-ETL-Pipeline/.venv/lib/python3.10/site-packages/airflow/example_dags/example_task_group.py
[2024-10-21T15:23:06.730+0700] {logging_mixin.py:190} INFO - [2024-10-21T15:23:06.730+0700] {dag.py:3239} INFO - Sync 1 DAGs
[2024-10-21T15:23:06.753+0700] {logging_mixin.py:190} INFO - [2024-10-21T15:23:06.753+0700] {dag.py:4180} INFO - Setting next_dagrun for example_task_group to None, run_after=None
[2024-10-21T15:23:06.803+0700] {processor.py:208} INFO - Processing /Users/punny/Documents/GitHub/NYC-Taxi-ETL-Pipeline/.venv/lib/python3.10/site-packages/airflow/example_dags/example_task_group.py took 0.396 seconds
[2024-10-21T15:27:06.755+0700] {processor.py:186} INFO - Started process (PID=41152) to work on /Users/punny/Documents/GitHub/NYC-Taxi-ETL-Pipeline/.venv/lib/python3.10/site-packages/airflow/example_dags/example_task_group.py
[2024-10-21T15:27:06.760+0700] {processor.py:914} INFO - Processing file /Users/punny/Documents/GitHub/NYC-Taxi-ETL-Pipeline/.venv/lib/python3.10/site-packages/airflow/example_dags/example_task_group.py for tasks to queue
[2024-10-21T15:27:06.761+0700] {logging_mixin.py:190} INFO - [2024-10-21T15:27:06.761+0700] {dagbag.py:588} INFO - Filling up the DagBag from /Users/punny/Documents/GitHub/NYC-Taxi-ETL-Pipeline/.venv/lib/python3.10/site-packages/airflow/example_dags/example_task_group.py
[2024-10-21T15:27:06.777+0700] {processor.py:925} INFO - DAG(s) 'example_task_group' retrieved from /Users/punny/Documents/GitHub/NYC-Taxi-ETL-Pipeline/.venv/lib/python3.10/site-packages/airflow/example_dags/example_task_group.py
[2024-10-21T15:27:07.078+0700] {logging_mixin.py:190} INFO - [2024-10-21T15:27:07.078+0700] {dag.py:3239} INFO - Sync 1 DAGs
[2024-10-21T15:27:07.101+0700] {logging_mixin.py:190} INFO - [2024-10-21T15:27:07.101+0700] {dag.py:4180} INFO - Setting next_dagrun for example_task_group to None, run_after=None
[2024-10-21T15:27:07.135+0700] {processor.py:208} INFO - Processing /Users/punny/Documents/GitHub/NYC-Taxi-ETL-Pipeline/.venv/lib/python3.10/site-packages/airflow/example_dags/example_task_group.py took 0.391 seconds
[2024-10-21T15:31:14.752+0700] {processor.py:186} INFO - Started process (PID=41716) to work on /Users/punny/Documents/GitHub/NYC-Taxi-ETL-Pipeline/.venv/lib/python3.10/site-packages/airflow/example_dags/example_task_group.py
[2024-10-21T15:31:14.764+0700] {processor.py:914} INFO - Processing file /Users/punny/Documents/GitHub/NYC-Taxi-ETL-Pipeline/.venv/lib/python3.10/site-packages/airflow/example_dags/example_task_group.py for tasks to queue
[2024-10-21T15:31:14.766+0700] {logging_mixin.py:190} INFO - [2024-10-21T15:31:14.765+0700] {dagbag.py:588} INFO - Filling up the DagBag from /Users/punny/Documents/GitHub/NYC-Taxi-ETL-Pipeline/.venv/lib/python3.10/site-packages/airflow/example_dags/example_task_group.py
[2024-10-21T15:31:14.792+0700] {processor.py:925} INFO - DAG(s) 'example_task_group' retrieved from /Users/punny/Documents/GitHub/NYC-Taxi-ETL-Pipeline/.venv/lib/python3.10/site-packages/airflow/example_dags/example_task_group.py
[2024-10-21T15:31:15.126+0700] {logging_mixin.py:190} INFO - [2024-10-21T15:31:15.126+0700] {dag.py:3239} INFO - Sync 1 DAGs
[2024-10-21T15:31:15.145+0700] {logging_mixin.py:190} INFO - [2024-10-21T15:31:15.144+0700] {dag.py:4180} INFO - Setting next_dagrun for example_task_group to None, run_after=None
[2024-10-21T15:31:15.175+0700] {processor.py:208} INFO - Processing /Users/punny/Documents/GitHub/NYC-Taxi-ETL-Pipeline/.venv/lib/python3.10/site-packages/airflow/example_dags/example_task_group.py took 0.434 seconds
[2024-10-21T15:35:10.895+0700] {processor.py:186} INFO - Started process (PID=42187) to work on /Users/punny/Documents/GitHub/NYC-Taxi-ETL-Pipeline/.venv/lib/python3.10/site-packages/airflow/example_dags/example_task_group.py
[2024-10-21T15:35:10.899+0700] {processor.py:914} INFO - Processing file /Users/punny/Documents/GitHub/NYC-Taxi-ETL-Pipeline/.venv/lib/python3.10/site-packages/airflow/example_dags/example_task_group.py for tasks to queue
[2024-10-21T15:35:10.900+0700] {logging_mixin.py:190} INFO - [2024-10-21T15:35:10.900+0700] {dagbag.py:588} INFO - Filling up the DagBag from /Users/punny/Documents/GitHub/NYC-Taxi-ETL-Pipeline/.venv/lib/python3.10/site-packages/airflow/example_dags/example_task_group.py
[2024-10-21T15:35:10.917+0700] {processor.py:925} INFO - DAG(s) 'example_task_group' retrieved from /Users/punny/Documents/GitHub/NYC-Taxi-ETL-Pipeline/.venv/lib/python3.10/site-packages/airflow/example_dags/example_task_group.py
[2024-10-21T15:35:11.176+0700] {logging_mixin.py:190} INFO - [2024-10-21T15:35:11.176+0700] {dag.py:3239} INFO - Sync 1 DAGs
[2024-10-21T15:35:11.208+0700] {logging_mixin.py:190} INFO - [2024-10-21T15:35:11.207+0700] {dag.py:4180} INFO - Setting next_dagrun for example_task_group to None, run_after=None
[2024-10-21T15:35:11.238+0700] {processor.py:208} INFO - Processing /Users/punny/Documents/GitHub/NYC-Taxi-ETL-Pipeline/.venv/lib/python3.10/site-packages/airflow/example_dags/example_task_group.py took 0.354 seconds
[2024-10-21T15:39:01.533+0700] {processor.py:186} INFO - Started process (PID=42681) to work on /Users/punny/Documents/GitHub/NYC-Taxi-ETL-Pipeline/.venv/lib/python3.10/site-packages/airflow/example_dags/example_task_group.py
[2024-10-21T15:39:01.539+0700] {processor.py:914} INFO - Processing file /Users/punny/Documents/GitHub/NYC-Taxi-ETL-Pipeline/.venv/lib/python3.10/site-packages/airflow/example_dags/example_task_group.py for tasks to queue
[2024-10-21T15:39:01.541+0700] {logging_mixin.py:190} INFO - [2024-10-21T15:39:01.540+0700] {dagbag.py:588} INFO - Filling up the DagBag from /Users/punny/Documents/GitHub/NYC-Taxi-ETL-Pipeline/.venv/lib/python3.10/site-packages/airflow/example_dags/example_task_group.py
[2024-10-21T15:39:01.564+0700] {processor.py:925} INFO - DAG(s) 'example_task_group' retrieved from /Users/punny/Documents/GitHub/NYC-Taxi-ETL-Pipeline/.venv/lib/python3.10/site-packages/airflow/example_dags/example_task_group.py
[2024-10-21T15:39:01.862+0700] {logging_mixin.py:190} INFO - [2024-10-21T15:39:01.861+0700] {dag.py:3239} INFO - Sync 1 DAGs
[2024-10-21T15:39:01.882+0700] {logging_mixin.py:190} INFO - [2024-10-21T15:39:01.882+0700] {dag.py:4180} INFO - Setting next_dagrun for example_task_group to None, run_after=None
[2024-10-21T15:39:01.914+0700] {processor.py:208} INFO - Processing /Users/punny/Documents/GitHub/NYC-Taxi-ETL-Pipeline/.venv/lib/python3.10/site-packages/airflow/example_dags/example_task_group.py took 0.389 seconds
[2024-10-21T15:43:02.947+0700] {processor.py:186} INFO - Started process (PID=43269) to work on /Users/punny/Documents/GitHub/NYC-Taxi-ETL-Pipeline/.venv/lib/python3.10/site-packages/airflow/example_dags/example_task_group.py
[2024-10-21T15:43:02.968+0700] {processor.py:914} INFO - Processing file /Users/punny/Documents/GitHub/NYC-Taxi-ETL-Pipeline/.venv/lib/python3.10/site-packages/airflow/example_dags/example_task_group.py for tasks to queue
[2024-10-21T15:43:02.986+0700] {logging_mixin.py:190} INFO - [2024-10-21T15:43:02.985+0700] {dagbag.py:588} INFO - Filling up the DagBag from /Users/punny/Documents/GitHub/NYC-Taxi-ETL-Pipeline/.venv/lib/python3.10/site-packages/airflow/example_dags/example_task_group.py
[2024-10-21T15:43:03.011+0700] {processor.py:925} INFO - DAG(s) 'example_task_group' retrieved from /Users/punny/Documents/GitHub/NYC-Taxi-ETL-Pipeline/.venv/lib/python3.10/site-packages/airflow/example_dags/example_task_group.py
[2024-10-21T15:43:03.299+0700] {logging_mixin.py:190} INFO - [2024-10-21T15:43:03.298+0700] {dag.py:3239} INFO - Sync 1 DAGs
[2024-10-21T15:43:03.320+0700] {logging_mixin.py:190} INFO - [2024-10-21T15:43:03.318+0700] {dag.py:4180} INFO - Setting next_dagrun for example_task_group to None, run_after=None
[2024-10-21T15:43:03.348+0700] {processor.py:208} INFO - Processing /Users/punny/Documents/GitHub/NYC-Taxi-ETL-Pipeline/.venv/lib/python3.10/site-packages/airflow/example_dags/example_task_group.py took 0.417 seconds
[2024-10-21T15:46:55.837+0700] {processor.py:186} INFO - Started process (PID=43745) to work on /Users/punny/Documents/GitHub/NYC-Taxi-ETL-Pipeline/.venv/lib/python3.10/site-packages/airflow/example_dags/example_task_group.py
[2024-10-21T15:46:55.840+0700] {processor.py:914} INFO - Processing file /Users/punny/Documents/GitHub/NYC-Taxi-ETL-Pipeline/.venv/lib/python3.10/site-packages/airflow/example_dags/example_task_group.py for tasks to queue
[2024-10-21T15:46:55.842+0700] {logging_mixin.py:190} INFO - [2024-10-21T15:46:55.841+0700] {dagbag.py:588} INFO - Filling up the DagBag from /Users/punny/Documents/GitHub/NYC-Taxi-ETL-Pipeline/.venv/lib/python3.10/site-packages/airflow/example_dags/example_task_group.py
[2024-10-21T15:46:55.863+0700] {processor.py:925} INFO - DAG(s) 'example_task_group' retrieved from /Users/punny/Documents/GitHub/NYC-Taxi-ETL-Pipeline/.venv/lib/python3.10/site-packages/airflow/example_dags/example_task_group.py
[2024-10-21T15:46:56.193+0700] {logging_mixin.py:190} INFO - [2024-10-21T15:46:56.193+0700] {dag.py:3239} INFO - Sync 1 DAGs
[2024-10-21T15:46:56.214+0700] {logging_mixin.py:190} INFO - [2024-10-21T15:46:56.213+0700] {dag.py:4180} INFO - Setting next_dagrun for example_task_group to None, run_after=None
[2024-10-21T15:46:56.245+0700] {processor.py:208} INFO - Processing /Users/punny/Documents/GitHub/NYC-Taxi-ETL-Pipeline/.venv/lib/python3.10/site-packages/airflow/example_dags/example_task_group.py took 0.418 seconds
[2024-10-21T15:50:56.288+0700] {processor.py:186} INFO - Started process (PID=44280) to work on /Users/punny/Documents/GitHub/NYC-Taxi-ETL-Pipeline/.venv/lib/python3.10/site-packages/airflow/example_dags/example_task_group.py
[2024-10-21T15:50:56.296+0700] {processor.py:914} INFO - Processing file /Users/punny/Documents/GitHub/NYC-Taxi-ETL-Pipeline/.venv/lib/python3.10/site-packages/airflow/example_dags/example_task_group.py for tasks to queue
[2024-10-21T15:50:56.297+0700] {logging_mixin.py:190} INFO - [2024-10-21T15:50:56.297+0700] {dagbag.py:588} INFO - Filling up the DagBag from /Users/punny/Documents/GitHub/NYC-Taxi-ETL-Pipeline/.venv/lib/python3.10/site-packages/airflow/example_dags/example_task_group.py
[2024-10-21T15:50:56.328+0700] {processor.py:925} INFO - DAG(s) 'example_task_group' retrieved from /Users/punny/Documents/GitHub/NYC-Taxi-ETL-Pipeline/.venv/lib/python3.10/site-packages/airflow/example_dags/example_task_group.py
[2024-10-21T15:50:56.629+0700] {logging_mixin.py:190} INFO - [2024-10-21T15:50:56.629+0700] {dag.py:3239} INFO - Sync 1 DAGs
[2024-10-21T15:50:56.652+0700] {logging_mixin.py:190} INFO - [2024-10-21T15:50:56.652+0700] {dag.py:4180} INFO - Setting next_dagrun for example_task_group to None, run_after=None
[2024-10-21T15:50:56.689+0700] {processor.py:208} INFO - Processing /Users/punny/Documents/GitHub/NYC-Taxi-ETL-Pipeline/.venv/lib/python3.10/site-packages/airflow/example_dags/example_task_group.py took 0.411 seconds
[2024-10-21T15:54:44.800+0700] {processor.py:186} INFO - Started process (PID=44746) to work on /Users/punny/Documents/GitHub/NYC-Taxi-ETL-Pipeline/.venv/lib/python3.10/site-packages/airflow/example_dags/example_task_group.py
[2024-10-21T15:54:44.804+0700] {processor.py:914} INFO - Processing file /Users/punny/Documents/GitHub/NYC-Taxi-ETL-Pipeline/.venv/lib/python3.10/site-packages/airflow/example_dags/example_task_group.py for tasks to queue
[2024-10-21T15:54:44.806+0700] {logging_mixin.py:190} INFO - [2024-10-21T15:54:44.806+0700] {dagbag.py:588} INFO - Filling up the DagBag from /Users/punny/Documents/GitHub/NYC-Taxi-ETL-Pipeline/.venv/lib/python3.10/site-packages/airflow/example_dags/example_task_group.py
[2024-10-21T15:54:44.826+0700] {processor.py:925} INFO - DAG(s) 'example_task_group' retrieved from /Users/punny/Documents/GitHub/NYC-Taxi-ETL-Pipeline/.venv/lib/python3.10/site-packages/airflow/example_dags/example_task_group.py
[2024-10-21T15:54:45.110+0700] {logging_mixin.py:190} INFO - [2024-10-21T15:54:45.109+0700] {dag.py:3239} INFO - Sync 1 DAGs
[2024-10-21T15:54:45.130+0700] {logging_mixin.py:190} INFO - [2024-10-21T15:54:45.130+0700] {dag.py:4180} INFO - Setting next_dagrun for example_task_group to None, run_after=None
[2024-10-21T15:54:45.161+0700] {processor.py:208} INFO - Processing /Users/punny/Documents/GitHub/NYC-Taxi-ETL-Pipeline/.venv/lib/python3.10/site-packages/airflow/example_dags/example_task_group.py took 0.372 seconds
[2024-10-21T15:58:57.427+0700] {processor.py:186} INFO - Started process (PID=45265) to work on /Users/punny/Documents/GitHub/NYC-Taxi-ETL-Pipeline/.venv/lib/python3.10/site-packages/airflow/example_dags/example_task_group.py
[2024-10-21T15:58:57.491+0700] {processor.py:914} INFO - Processing file /Users/punny/Documents/GitHub/NYC-Taxi-ETL-Pipeline/.venv/lib/python3.10/site-packages/airflow/example_dags/example_task_group.py for tasks to queue
[2024-10-21T15:58:57.493+0700] {logging_mixin.py:190} INFO - [2024-10-21T15:58:57.492+0700] {dagbag.py:588} INFO - Filling up the DagBag from /Users/punny/Documents/GitHub/NYC-Taxi-ETL-Pipeline/.venv/lib/python3.10/site-packages/airflow/example_dags/example_task_group.py
[2024-10-21T15:58:57.517+0700] {processor.py:925} INFO - DAG(s) 'example_task_group' retrieved from /Users/punny/Documents/GitHub/NYC-Taxi-ETL-Pipeline/.venv/lib/python3.10/site-packages/airflow/example_dags/example_task_group.py
[2024-10-21T15:58:57.793+0700] {logging_mixin.py:190} INFO - [2024-10-21T15:58:57.792+0700] {dag.py:3239} INFO - Sync 1 DAGs
[2024-10-21T15:58:57.812+0700] {logging_mixin.py:190} INFO - [2024-10-21T15:58:57.811+0700] {dag.py:4180} INFO - Setting next_dagrun for example_task_group to None, run_after=None
[2024-10-21T15:58:57.849+0700] {processor.py:208} INFO - Processing /Users/punny/Documents/GitHub/NYC-Taxi-ETL-Pipeline/.venv/lib/python3.10/site-packages/airflow/example_dags/example_task_group.py took 0.634 seconds
[2024-10-21T16:03:05.265+0700] {processor.py:186} INFO - Started process (PID=45826) to work on /Users/punny/Documents/GitHub/NYC-Taxi-ETL-Pipeline/.venv/lib/python3.10/site-packages/airflow/example_dags/example_task_group.py
[2024-10-21T16:03:05.269+0700] {processor.py:914} INFO - Processing file /Users/punny/Documents/GitHub/NYC-Taxi-ETL-Pipeline/.venv/lib/python3.10/site-packages/airflow/example_dags/example_task_group.py for tasks to queue
[2024-10-21T16:03:05.271+0700] {logging_mixin.py:190} INFO - [2024-10-21T16:03:05.270+0700] {dagbag.py:588} INFO - Filling up the DagBag from /Users/punny/Documents/GitHub/NYC-Taxi-ETL-Pipeline/.venv/lib/python3.10/site-packages/airflow/example_dags/example_task_group.py
[2024-10-21T16:03:05.290+0700] {processor.py:925} INFO - DAG(s) 'example_task_group' retrieved from /Users/punny/Documents/GitHub/NYC-Taxi-ETL-Pipeline/.venv/lib/python3.10/site-packages/airflow/example_dags/example_task_group.py
[2024-10-21T16:03:05.623+0700] {logging_mixin.py:190} INFO - [2024-10-21T16:03:05.623+0700] {dag.py:3239} INFO - Sync 1 DAGs
[2024-10-21T16:03:05.650+0700] {logging_mixin.py:190} INFO - [2024-10-21T16:03:05.649+0700] {dag.py:4180} INFO - Setting next_dagrun for example_task_group to None, run_after=None
[2024-10-21T16:03:05.684+0700] {processor.py:208} INFO - Processing /Users/punny/Documents/GitHub/NYC-Taxi-ETL-Pipeline/.venv/lib/python3.10/site-packages/airflow/example_dags/example_task_group.py took 0.429 seconds
[2024-10-21T20:37:13.673+0700] {processor.py:186} INFO - Started process (PID=4297) to work on /Users/punny/Documents/GitHub/NYC-Taxi-ETL-Pipeline/.venv/lib/python3.10/site-packages/airflow/example_dags/example_task_group.py
[2024-10-21T20:37:13.677+0700] {processor.py:914} INFO - Processing file /Users/punny/Documents/GitHub/NYC-Taxi-ETL-Pipeline/.venv/lib/python3.10/site-packages/airflow/example_dags/example_task_group.py for tasks to queue
[2024-10-21T20:37:13.678+0700] {logging_mixin.py:190} INFO - [2024-10-21T20:37:13.678+0700] {dagbag.py:588} INFO - Filling up the DagBag from /Users/punny/Documents/GitHub/NYC-Taxi-ETL-Pipeline/.venv/lib/python3.10/site-packages/airflow/example_dags/example_task_group.py
[2024-10-21T20:37:13.696+0700] {processor.py:925} INFO - DAG(s) 'example_task_group' retrieved from /Users/punny/Documents/GitHub/NYC-Taxi-ETL-Pipeline/.venv/lib/python3.10/site-packages/airflow/example_dags/example_task_group.py
[2024-10-21T20:37:13.944+0700] {logging_mixin.py:190} INFO - [2024-10-21T20:37:13.944+0700] {dag.py:3239} INFO - Sync 1 DAGs
[2024-10-21T20:37:13.962+0700] {logging_mixin.py:190} INFO - [2024-10-21T20:37:13.962+0700] {dag.py:4180} INFO - Setting next_dagrun for example_task_group to None, run_after=None
[2024-10-21T20:37:13.990+0700] {processor.py:208} INFO - Processing /Users/punny/Documents/GitHub/NYC-Taxi-ETL-Pipeline/.venv/lib/python3.10/site-packages/airflow/example_dags/example_task_group.py took 0.323 seconds
[2024-10-21T20:40:54.911+0700] {processor.py:186} INFO - Started process (PID=4556) to work on /Users/punny/Documents/GitHub/NYC-Taxi-ETL-Pipeline/.venv/lib/python3.10/site-packages/airflow/example_dags/example_task_group.py
[2024-10-21T20:40:54.914+0700] {processor.py:914} INFO - Processing file /Users/punny/Documents/GitHub/NYC-Taxi-ETL-Pipeline/.venv/lib/python3.10/site-packages/airflow/example_dags/example_task_group.py for tasks to queue
[2024-10-21T20:40:54.915+0700] {logging_mixin.py:190} INFO - [2024-10-21T20:40:54.915+0700] {dagbag.py:588} INFO - Filling up the DagBag from /Users/punny/Documents/GitHub/NYC-Taxi-ETL-Pipeline/.venv/lib/python3.10/site-packages/airflow/example_dags/example_task_group.py
[2024-10-21T20:40:54.926+0700] {processor.py:925} INFO - DAG(s) 'example_task_group' retrieved from /Users/punny/Documents/GitHub/NYC-Taxi-ETL-Pipeline/.venv/lib/python3.10/site-packages/airflow/example_dags/example_task_group.py
[2024-10-21T20:40:55.110+0700] {logging_mixin.py:190} INFO - [2024-10-21T20:40:55.110+0700] {dag.py:3239} INFO - Sync 1 DAGs
[2024-10-21T20:40:55.123+0700] {logging_mixin.py:190} INFO - [2024-10-21T20:40:55.123+0700] {dag.py:4180} INFO - Setting next_dagrun for example_task_group to None, run_after=None
[2024-10-21T20:40:55.144+0700] {processor.py:208} INFO - Processing /Users/punny/Documents/GitHub/NYC-Taxi-ETL-Pipeline/.venv/lib/python3.10/site-packages/airflow/example_dags/example_task_group.py took 0.240 seconds
[2024-10-21T20:44:34.928+0700] {processor.py:186} INFO - Started process (PID=4921) to work on /Users/punny/Documents/GitHub/NYC-Taxi-ETL-Pipeline/.venv/lib/python3.10/site-packages/airflow/example_dags/example_task_group.py
[2024-10-21T20:44:34.933+0700] {processor.py:914} INFO - Processing file /Users/punny/Documents/GitHub/NYC-Taxi-ETL-Pipeline/.venv/lib/python3.10/site-packages/airflow/example_dags/example_task_group.py for tasks to queue
[2024-10-21T20:44:34.935+0700] {logging_mixin.py:190} INFO - [2024-10-21T20:44:34.935+0700] {dagbag.py:588} INFO - Filling up the DagBag from /Users/punny/Documents/GitHub/NYC-Taxi-ETL-Pipeline/.venv/lib/python3.10/site-packages/airflow/example_dags/example_task_group.py
[2024-10-21T20:44:34.961+0700] {processor.py:925} INFO - DAG(s) 'example_task_group' retrieved from /Users/punny/Documents/GitHub/NYC-Taxi-ETL-Pipeline/.venv/lib/python3.10/site-packages/airflow/example_dags/example_task_group.py
[2024-10-21T20:44:35.265+0700] {logging_mixin.py:190} INFO - [2024-10-21T20:44:35.265+0700] {dag.py:3239} INFO - Sync 1 DAGs
[2024-10-21T20:44:35.286+0700] {logging_mixin.py:190} INFO - [2024-10-21T20:44:35.285+0700] {dag.py:4180} INFO - Setting next_dagrun for example_task_group to None, run_after=None
[2024-10-21T20:44:35.329+0700] {processor.py:208} INFO - Processing /Users/punny/Documents/GitHub/NYC-Taxi-ETL-Pipeline/.venv/lib/python3.10/site-packages/airflow/example_dags/example_task_group.py took 0.420 seconds
[2024-10-21T20:48:19.065+0700] {processor.py:186} INFO - Started process (PID=5301) to work on /Users/punny/Documents/GitHub/NYC-Taxi-ETL-Pipeline/.venv/lib/python3.10/site-packages/airflow/example_dags/example_task_group.py
[2024-10-21T20:48:19.070+0700] {processor.py:914} INFO - Processing file /Users/punny/Documents/GitHub/NYC-Taxi-ETL-Pipeline/.venv/lib/python3.10/site-packages/airflow/example_dags/example_task_group.py for tasks to queue
[2024-10-21T20:48:19.099+0700] {logging_mixin.py:190} INFO - [2024-10-21T20:48:19.098+0700] {dagbag.py:588} INFO - Filling up the DagBag from /Users/punny/Documents/GitHub/NYC-Taxi-ETL-Pipeline/.venv/lib/python3.10/site-packages/airflow/example_dags/example_task_group.py
[2024-10-21T20:48:19.115+0700] {processor.py:925} INFO - DAG(s) 'example_task_group' retrieved from /Users/punny/Documents/GitHub/NYC-Taxi-ETL-Pipeline/.venv/lib/python3.10/site-packages/airflow/example_dags/example_task_group.py
[2024-10-21T20:48:19.355+0700] {logging_mixin.py:190} INFO - [2024-10-21T20:48:19.355+0700] {dag.py:3239} INFO - Sync 1 DAGs
[2024-10-21T20:48:19.371+0700] {logging_mixin.py:190} INFO - [2024-10-21T20:48:19.371+0700] {dag.py:4180} INFO - Setting next_dagrun for example_task_group to None, run_after=None
[2024-10-21T20:48:19.398+0700] {processor.py:208} INFO - Processing /Users/punny/Documents/GitHub/NYC-Taxi-ETL-Pipeline/.venv/lib/python3.10/site-packages/airflow/example_dags/example_task_group.py took 0.342 seconds
[2024-10-21T20:56:31.751+0700] {processor.py:186} INFO - Started process (PID=6191) to work on /Users/punny/Documents/GitHub/NYC-Taxi-ETL-Pipeline/.venv/lib/python3.10/site-packages/airflow/example_dags/example_task_group.py
[2024-10-21T20:56:31.754+0700] {processor.py:914} INFO - Processing file /Users/punny/Documents/GitHub/NYC-Taxi-ETL-Pipeline/.venv/lib/python3.10/site-packages/airflow/example_dags/example_task_group.py for tasks to queue
[2024-10-21T20:56:31.755+0700] {logging_mixin.py:190} INFO - [2024-10-21T20:56:31.755+0700] {dagbag.py:588} INFO - Filling up the DagBag from /Users/punny/Documents/GitHub/NYC-Taxi-ETL-Pipeline/.venv/lib/python3.10/site-packages/airflow/example_dags/example_task_group.py
[2024-10-21T20:56:31.768+0700] {processor.py:925} INFO - DAG(s) 'example_task_group' retrieved from /Users/punny/Documents/GitHub/NYC-Taxi-ETL-Pipeline/.venv/lib/python3.10/site-packages/airflow/example_dags/example_task_group.py
[2024-10-21T20:56:31.958+0700] {logging_mixin.py:190} INFO - [2024-10-21T20:56:31.957+0700] {dag.py:3239} INFO - Sync 1 DAGs
[2024-10-21T20:56:31.971+0700] {logging_mixin.py:190} INFO - [2024-10-21T20:56:31.971+0700] {dag.py:4180} INFO - Setting next_dagrun for example_task_group to None, run_after=None
[2024-10-21T20:56:31.992+0700] {processor.py:208} INFO - Processing /Users/punny/Documents/GitHub/NYC-Taxi-ETL-Pipeline/.venv/lib/python3.10/site-packages/airflow/example_dags/example_task_group.py took 0.249 seconds
[2024-10-21T21:00:29.727+0700] {processor.py:186} INFO - Started process (PID=6448) to work on /Users/punny/Documents/GitHub/NYC-Taxi-ETL-Pipeline/.venv/lib/python3.10/site-packages/airflow/example_dags/example_task_group.py
[2024-10-21T21:00:29.732+0700] {processor.py:914} INFO - Processing file /Users/punny/Documents/GitHub/NYC-Taxi-ETL-Pipeline/.venv/lib/python3.10/site-packages/airflow/example_dags/example_task_group.py for tasks to queue
[2024-10-21T21:00:29.733+0700] {logging_mixin.py:190} INFO - [2024-10-21T21:00:29.733+0700] {dagbag.py:588} INFO - Filling up the DagBag from /Users/punny/Documents/GitHub/NYC-Taxi-ETL-Pipeline/.venv/lib/python3.10/site-packages/airflow/example_dags/example_task_group.py
[2024-10-21T21:00:29.747+0700] {processor.py:925} INFO - DAG(s) 'example_task_group' retrieved from /Users/punny/Documents/GitHub/NYC-Taxi-ETL-Pipeline/.venv/lib/python3.10/site-packages/airflow/example_dags/example_task_group.py
[2024-10-21T21:00:29.961+0700] {logging_mixin.py:190} INFO - [2024-10-21T21:00:29.961+0700] {dag.py:3239} INFO - Sync 1 DAGs
[2024-10-21T21:00:29.977+0700] {logging_mixin.py:190} INFO - [2024-10-21T21:00:29.977+0700] {dag.py:4180} INFO - Setting next_dagrun for example_task_group to None, run_after=None
[2024-10-21T21:00:30.004+0700] {processor.py:208} INFO - Processing /Users/punny/Documents/GitHub/NYC-Taxi-ETL-Pipeline/.venv/lib/python3.10/site-packages/airflow/example_dags/example_task_group.py took 0.286 seconds
[2024-10-21T21:04:33.108+0700] {processor.py:186} INFO - Started process (PID=6762) to work on /Users/punny/Documents/GitHub/NYC-Taxi-ETL-Pipeline/.venv/lib/python3.10/site-packages/airflow/example_dags/example_task_group.py
[2024-10-21T21:04:33.111+0700] {processor.py:914} INFO - Processing file /Users/punny/Documents/GitHub/NYC-Taxi-ETL-Pipeline/.venv/lib/python3.10/site-packages/airflow/example_dags/example_task_group.py for tasks to queue
[2024-10-21T21:04:33.112+0700] {logging_mixin.py:190} INFO - [2024-10-21T21:04:33.112+0700] {dagbag.py:588} INFO - Filling up the DagBag from /Users/punny/Documents/GitHub/NYC-Taxi-ETL-Pipeline/.venv/lib/python3.10/site-packages/airflow/example_dags/example_task_group.py
[2024-10-21T21:04:33.124+0700] {processor.py:925} INFO - DAG(s) 'example_task_group' retrieved from /Users/punny/Documents/GitHub/NYC-Taxi-ETL-Pipeline/.venv/lib/python3.10/site-packages/airflow/example_dags/example_task_group.py
[2024-10-21T21:04:33.308+0700] {logging_mixin.py:190} INFO - [2024-10-21T21:04:33.308+0700] {dag.py:3239} INFO - Sync 1 DAGs
[2024-10-21T21:04:33.321+0700] {logging_mixin.py:190} INFO - [2024-10-21T21:04:33.321+0700] {dag.py:4180} INFO - Setting next_dagrun for example_task_group to None, run_after=None
[2024-10-21T21:04:33.343+0700] {processor.py:208} INFO - Processing /Users/punny/Documents/GitHub/NYC-Taxi-ETL-Pipeline/.venv/lib/python3.10/site-packages/airflow/example_dags/example_task_group.py took 0.240 seconds
[2024-10-21T21:07:57.112+0700] {processor.py:186} INFO - Started process (PID=7060) to work on /Users/punny/Documents/GitHub/NYC-Taxi-ETL-Pipeline/.venv/lib/python3.10/site-packages/airflow/example_dags/example_task_group.py
[2024-10-21T21:07:57.116+0700] {processor.py:914} INFO - Processing file /Users/punny/Documents/GitHub/NYC-Taxi-ETL-Pipeline/.venv/lib/python3.10/site-packages/airflow/example_dags/example_task_group.py for tasks to queue
[2024-10-21T21:07:57.117+0700] {logging_mixin.py:190} INFO - [2024-10-21T21:07:57.117+0700] {dagbag.py:588} INFO - Filling up the DagBag from /Users/punny/Documents/GitHub/NYC-Taxi-ETL-Pipeline/.venv/lib/python3.10/site-packages/airflow/example_dags/example_task_group.py
[2024-10-21T21:07:57.135+0700] {processor.py:925} INFO - DAG(s) 'example_task_group' retrieved from /Users/punny/Documents/GitHub/NYC-Taxi-ETL-Pipeline/.venv/lib/python3.10/site-packages/airflow/example_dags/example_task_group.py
[2024-10-21T21:07:57.382+0700] {logging_mixin.py:190} INFO - [2024-10-21T21:07:57.382+0700] {dag.py:3239} INFO - Sync 1 DAGs
[2024-10-21T21:07:57.401+0700] {logging_mixin.py:190} INFO - [2024-10-21T21:07:57.400+0700] {dag.py:4180} INFO - Setting next_dagrun for example_task_group to None, run_after=None
[2024-10-21T21:07:57.438+0700] {processor.py:208} INFO - Processing /Users/punny/Documents/GitHub/NYC-Taxi-ETL-Pipeline/.venv/lib/python3.10/site-packages/airflow/example_dags/example_task_group.py took 0.337 seconds
[2024-10-21T21:11:13.865+0700] {processor.py:186} INFO - Started process (PID=7248) to work on /Users/punny/Documents/GitHub/NYC-Taxi-ETL-Pipeline/.venv/lib/python3.10/site-packages/airflow/example_dags/example_task_group.py
[2024-10-21T21:11:13.868+0700] {processor.py:914} INFO - Processing file /Users/punny/Documents/GitHub/NYC-Taxi-ETL-Pipeline/.venv/lib/python3.10/site-packages/airflow/example_dags/example_task_group.py for tasks to queue
[2024-10-21T21:11:13.869+0700] {logging_mixin.py:190} INFO - [2024-10-21T21:11:13.869+0700] {dagbag.py:588} INFO - Filling up the DagBag from /Users/punny/Documents/GitHub/NYC-Taxi-ETL-Pipeline/.venv/lib/python3.10/site-packages/airflow/example_dags/example_task_group.py
[2024-10-21T21:11:13.882+0700] {processor.py:925} INFO - DAG(s) 'example_task_group' retrieved from /Users/punny/Documents/GitHub/NYC-Taxi-ETL-Pipeline/.venv/lib/python3.10/site-packages/airflow/example_dags/example_task_group.py
[2024-10-21T21:11:14.068+0700] {logging_mixin.py:190} INFO - [2024-10-21T21:11:14.068+0700] {dag.py:3239} INFO - Sync 1 DAGs
[2024-10-21T21:11:14.082+0700] {logging_mixin.py:190} INFO - [2024-10-21T21:11:14.081+0700] {dag.py:4180} INFO - Setting next_dagrun for example_task_group to None, run_after=None
[2024-10-21T21:11:14.104+0700] {processor.py:208} INFO - Processing /Users/punny/Documents/GitHub/NYC-Taxi-ETL-Pipeline/.venv/lib/python3.10/site-packages/airflow/example_dags/example_task_group.py took 0.244 seconds
[2024-10-21T21:14:20.410+0700] {processor.py:186} INFO - Started process (PID=7602) to work on /Users/punny/Documents/GitHub/NYC-Taxi-ETL-Pipeline/.venv/lib/python3.10/site-packages/airflow/example_dags/example_task_group.py
[2024-10-21T21:14:20.413+0700] {processor.py:914} INFO - Processing file /Users/punny/Documents/GitHub/NYC-Taxi-ETL-Pipeline/.venv/lib/python3.10/site-packages/airflow/example_dags/example_task_group.py for tasks to queue
[2024-10-21T21:14:20.414+0700] {logging_mixin.py:190} INFO - [2024-10-21T21:14:20.414+0700] {dagbag.py:588} INFO - Filling up the DagBag from /Users/punny/Documents/GitHub/NYC-Taxi-ETL-Pipeline/.venv/lib/python3.10/site-packages/airflow/example_dags/example_task_group.py
[2024-10-21T21:14:20.428+0700] {processor.py:925} INFO - DAG(s) 'example_task_group' retrieved from /Users/punny/Documents/GitHub/NYC-Taxi-ETL-Pipeline/.venv/lib/python3.10/site-packages/airflow/example_dags/example_task_group.py
[2024-10-21T21:14:20.642+0700] {logging_mixin.py:190} INFO - [2024-10-21T21:14:20.642+0700] {dag.py:3239} INFO - Sync 1 DAGs
[2024-10-21T21:14:20.657+0700] {logging_mixin.py:190} INFO - [2024-10-21T21:14:20.657+0700] {dag.py:4180} INFO - Setting next_dagrun for example_task_group to None, run_after=None
[2024-10-21T21:14:20.678+0700] {processor.py:208} INFO - Processing /Users/punny/Documents/GitHub/NYC-Taxi-ETL-Pipeline/.venv/lib/python3.10/site-packages/airflow/example_dags/example_task_group.py took 0.275 seconds
[2024-10-21T21:17:39.715+0700] {processor.py:186} INFO - Started process (PID=7903) to work on /Users/punny/Documents/GitHub/NYC-Taxi-ETL-Pipeline/.venv/lib/python3.10/site-packages/airflow/example_dags/example_task_group.py
[2024-10-21T21:17:39.718+0700] {processor.py:914} INFO - Processing file /Users/punny/Documents/GitHub/NYC-Taxi-ETL-Pipeline/.venv/lib/python3.10/site-packages/airflow/example_dags/example_task_group.py for tasks to queue
[2024-10-21T21:17:39.719+0700] {logging_mixin.py:190} INFO - [2024-10-21T21:17:39.719+0700] {dagbag.py:588} INFO - Filling up the DagBag from /Users/punny/Documents/GitHub/NYC-Taxi-ETL-Pipeline/.venv/lib/python3.10/site-packages/airflow/example_dags/example_task_group.py
[2024-10-21T21:17:39.731+0700] {processor.py:925} INFO - DAG(s) 'example_task_group' retrieved from /Users/punny/Documents/GitHub/NYC-Taxi-ETL-Pipeline/.venv/lib/python3.10/site-packages/airflow/example_dags/example_task_group.py
[2024-10-21T21:17:39.970+0700] {logging_mixin.py:190} INFO - [2024-10-21T21:17:39.970+0700] {dag.py:3239} INFO - Sync 1 DAGs
[2024-10-21T21:17:39.984+0700] {logging_mixin.py:190} INFO - [2024-10-21T21:17:39.984+0700] {dag.py:4180} INFO - Setting next_dagrun for example_task_group to None, run_after=None
[2024-10-21T21:17:40.010+0700] {processor.py:208} INFO - Processing /Users/punny/Documents/GitHub/NYC-Taxi-ETL-Pipeline/.venv/lib/python3.10/site-packages/airflow/example_dags/example_task_group.py took 0.308 seconds
[2024-10-21T21:20:40.802+0700] {processor.py:186} INFO - Started process (PID=8074) to work on /Users/punny/Documents/GitHub/NYC-Taxi-ETL-Pipeline/.venv/lib/python3.10/site-packages/airflow/example_dags/example_task_group.py
[2024-10-21T21:20:40.806+0700] {processor.py:914} INFO - Processing file /Users/punny/Documents/GitHub/NYC-Taxi-ETL-Pipeline/.venv/lib/python3.10/site-packages/airflow/example_dags/example_task_group.py for tasks to queue
[2024-10-21T21:20:40.807+0700] {logging_mixin.py:190} INFO - [2024-10-21T21:20:40.806+0700] {dagbag.py:588} INFO - Filling up the DagBag from /Users/punny/Documents/GitHub/NYC-Taxi-ETL-Pipeline/.venv/lib/python3.10/site-packages/airflow/example_dags/example_task_group.py
[2024-10-21T21:20:40.818+0700] {processor.py:925} INFO - DAG(s) 'example_task_group' retrieved from /Users/punny/Documents/GitHub/NYC-Taxi-ETL-Pipeline/.venv/lib/python3.10/site-packages/airflow/example_dags/example_task_group.py
[2024-10-21T21:20:41.009+0700] {logging_mixin.py:190} INFO - [2024-10-21T21:20:41.009+0700] {dag.py:3239} INFO - Sync 1 DAGs
[2024-10-21T21:20:41.023+0700] {logging_mixin.py:190} INFO - [2024-10-21T21:20:41.023+0700] {dag.py:4180} INFO - Setting next_dagrun for example_task_group to None, run_after=None
[2024-10-21T21:20:41.046+0700] {processor.py:208} INFO - Processing /Users/punny/Documents/GitHub/NYC-Taxi-ETL-Pipeline/.venv/lib/python3.10/site-packages/airflow/example_dags/example_task_group.py took 0.253 seconds
[2024-10-21T21:23:32.785+0700] {processor.py:186} INFO - Started process (PID=8279) to work on /Users/punny/Documents/GitHub/NYC-Taxi-ETL-Pipeline/.venv/lib/python3.10/site-packages/airflow/example_dags/example_task_group.py
[2024-10-21T21:23:32.789+0700] {processor.py:914} INFO - Processing file /Users/punny/Documents/GitHub/NYC-Taxi-ETL-Pipeline/.venv/lib/python3.10/site-packages/airflow/example_dags/example_task_group.py for tasks to queue
[2024-10-21T21:23:32.790+0700] {logging_mixin.py:190} INFO - [2024-10-21T21:23:32.789+0700] {dagbag.py:588} INFO - Filling up the DagBag from /Users/punny/Documents/GitHub/NYC-Taxi-ETL-Pipeline/.venv/lib/python3.10/site-packages/airflow/example_dags/example_task_group.py
[2024-10-21T21:23:32.804+0700] {processor.py:925} INFO - DAG(s) 'example_task_group' retrieved from /Users/punny/Documents/GitHub/NYC-Taxi-ETL-Pipeline/.venv/lib/python3.10/site-packages/airflow/example_dags/example_task_group.py
[2024-10-21T21:23:33.051+0700] {logging_mixin.py:190} INFO - [2024-10-21T21:23:33.051+0700] {dag.py:3239} INFO - Sync 1 DAGs
[2024-10-21T21:23:33.067+0700] {logging_mixin.py:190} INFO - [2024-10-21T21:23:33.067+0700] {dag.py:4180} INFO - Setting next_dagrun for example_task_group to None, run_after=None
[2024-10-21T21:23:33.092+0700] {processor.py:208} INFO - Processing /Users/punny/Documents/GitHub/NYC-Taxi-ETL-Pipeline/.venv/lib/python3.10/site-packages/airflow/example_dags/example_task_group.py took 0.316 seconds
[2024-10-21T21:27:07.369+0700] {processor.py:186} INFO - Started process (PID=8677) to work on /Users/punny/Documents/GitHub/NYC-Taxi-ETL-Pipeline/.venv/lib/python3.10/site-packages/airflow/example_dags/example_task_group.py
[2024-10-21T21:27:07.374+0700] {processor.py:914} INFO - Processing file /Users/punny/Documents/GitHub/NYC-Taxi-ETL-Pipeline/.venv/lib/python3.10/site-packages/airflow/example_dags/example_task_group.py for tasks to queue
[2024-10-21T21:27:07.376+0700] {logging_mixin.py:190} INFO - [2024-10-21T21:27:07.375+0700] {dagbag.py:588} INFO - Filling up the DagBag from /Users/punny/Documents/GitHub/NYC-Taxi-ETL-Pipeline/.venv/lib/python3.10/site-packages/airflow/example_dags/example_task_group.py
[2024-10-21T21:27:07.402+0700] {processor.py:925} INFO - DAG(s) 'example_task_group' retrieved from /Users/punny/Documents/GitHub/NYC-Taxi-ETL-Pipeline/.venv/lib/python3.10/site-packages/airflow/example_dags/example_task_group.py
[2024-10-21T21:27:07.677+0700] {logging_mixin.py:190} INFO - [2024-10-21T21:27:07.676+0700] {dag.py:3239} INFO - Sync 1 DAGs
[2024-10-21T21:27:07.693+0700] {logging_mixin.py:190} INFO - [2024-10-21T21:27:07.693+0700] {dag.py:4180} INFO - Setting next_dagrun for example_task_group to None, run_after=None
[2024-10-21T21:27:07.719+0700] {processor.py:208} INFO - Processing /Users/punny/Documents/GitHub/NYC-Taxi-ETL-Pipeline/.venv/lib/python3.10/site-packages/airflow/example_dags/example_task_group.py took 0.364 seconds
[2024-10-21T21:30:02.928+0700] {processor.py:186} INFO - Started process (PID=8896) to work on /Users/punny/Documents/GitHub/NYC-Taxi-ETL-Pipeline/.venv/lib/python3.10/site-packages/airflow/example_dags/example_task_group.py
[2024-10-21T21:30:02.931+0700] {processor.py:914} INFO - Processing file /Users/punny/Documents/GitHub/NYC-Taxi-ETL-Pipeline/.venv/lib/python3.10/site-packages/airflow/example_dags/example_task_group.py for tasks to queue
[2024-10-21T21:30:02.932+0700] {logging_mixin.py:190} INFO - [2024-10-21T21:30:02.932+0700] {dagbag.py:588} INFO - Filling up the DagBag from /Users/punny/Documents/GitHub/NYC-Taxi-ETL-Pipeline/.venv/lib/python3.10/site-packages/airflow/example_dags/example_task_group.py
[2024-10-21T21:30:02.943+0700] {processor.py:925} INFO - DAG(s) 'example_task_group' retrieved from /Users/punny/Documents/GitHub/NYC-Taxi-ETL-Pipeline/.venv/lib/python3.10/site-packages/airflow/example_dags/example_task_group.py
[2024-10-21T21:30:03.132+0700] {logging_mixin.py:190} INFO - [2024-10-21T21:30:03.132+0700] {dag.py:3239} INFO - Sync 1 DAGs
[2024-10-21T21:30:03.146+0700] {logging_mixin.py:190} INFO - [2024-10-21T21:30:03.145+0700] {dag.py:4180} INFO - Setting next_dagrun for example_task_group to None, run_after=None
[2024-10-21T21:30:03.168+0700] {processor.py:208} INFO - Processing /Users/punny/Documents/GitHub/NYC-Taxi-ETL-Pipeline/.venv/lib/python3.10/site-packages/airflow/example_dags/example_task_group.py took 0.248 seconds
[2024-10-21T21:32:53.781+0700] {processor.py:186} INFO - Started process (PID=9125) to work on /Users/punny/Documents/GitHub/NYC-Taxi-ETL-Pipeline/.venv/lib/python3.10/site-packages/airflow/example_dags/example_task_group.py
[2024-10-21T21:32:53.784+0700] {processor.py:914} INFO - Processing file /Users/punny/Documents/GitHub/NYC-Taxi-ETL-Pipeline/.venv/lib/python3.10/site-packages/airflow/example_dags/example_task_group.py for tasks to queue
[2024-10-21T21:32:53.786+0700] {logging_mixin.py:190} INFO - [2024-10-21T21:32:53.785+0700] {dagbag.py:588} INFO - Filling up the DagBag from /Users/punny/Documents/GitHub/NYC-Taxi-ETL-Pipeline/.venv/lib/python3.10/site-packages/airflow/example_dags/example_task_group.py
[2024-10-21T21:32:53.797+0700] {processor.py:925} INFO - DAG(s) 'example_task_group' retrieved from /Users/punny/Documents/GitHub/NYC-Taxi-ETL-Pipeline/.venv/lib/python3.10/site-packages/airflow/example_dags/example_task_group.py
[2024-10-21T21:32:53.984+0700] {logging_mixin.py:190} INFO - [2024-10-21T21:32:53.984+0700] {dag.py:3239} INFO - Sync 1 DAGs
[2024-10-21T21:32:53.997+0700] {logging_mixin.py:190} INFO - [2024-10-21T21:32:53.997+0700] {dag.py:4180} INFO - Setting next_dagrun for example_task_group to None, run_after=None
[2024-10-21T21:32:54.020+0700] {processor.py:208} INFO - Processing /Users/punny/Documents/GitHub/NYC-Taxi-ETL-Pipeline/.venv/lib/python3.10/site-packages/airflow/example_dags/example_task_group.py took 0.247 seconds
[2024-10-21T21:35:53.315+0700] {processor.py:186} INFO - Started process (PID=9371) to work on /Users/punny/Documents/GitHub/NYC-Taxi-ETL-Pipeline/.venv/lib/python3.10/site-packages/airflow/example_dags/example_task_group.py
[2024-10-21T21:35:53.319+0700] {processor.py:914} INFO - Processing file /Users/punny/Documents/GitHub/NYC-Taxi-ETL-Pipeline/.venv/lib/python3.10/site-packages/airflow/example_dags/example_task_group.py for tasks to queue
[2024-10-21T21:35:53.320+0700] {logging_mixin.py:190} INFO - [2024-10-21T21:35:53.319+0700] {dagbag.py:588} INFO - Filling up the DagBag from /Users/punny/Documents/GitHub/NYC-Taxi-ETL-Pipeline/.venv/lib/python3.10/site-packages/airflow/example_dags/example_task_group.py
[2024-10-21T21:35:53.332+0700] {processor.py:925} INFO - DAG(s) 'example_task_group' retrieved from /Users/punny/Documents/GitHub/NYC-Taxi-ETL-Pipeline/.venv/lib/python3.10/site-packages/airflow/example_dags/example_task_group.py
[2024-10-21T21:35:53.512+0700] {logging_mixin.py:190} INFO - [2024-10-21T21:35:53.512+0700] {dag.py:3239} INFO - Sync 1 DAGs
[2024-10-21T21:35:53.526+0700] {logging_mixin.py:190} INFO - [2024-10-21T21:35:53.526+0700] {dag.py:4180} INFO - Setting next_dagrun for example_task_group to None, run_after=None
[2024-10-21T21:35:53.548+0700] {processor.py:208} INFO - Processing /Users/punny/Documents/GitHub/NYC-Taxi-ETL-Pipeline/.venv/lib/python3.10/site-packages/airflow/example_dags/example_task_group.py took 0.242 seconds
[2024-10-21T21:39:23.214+0700] {processor.py:186} INFO - Started process (PID=9711) to work on /Users/punny/Documents/GitHub/NYC-Taxi-ETL-Pipeline/.venv/lib/python3.10/site-packages/airflow/example_dags/example_task_group.py
[2024-10-21T21:39:23.217+0700] {processor.py:914} INFO - Processing file /Users/punny/Documents/GitHub/NYC-Taxi-ETL-Pipeline/.venv/lib/python3.10/site-packages/airflow/example_dags/example_task_group.py for tasks to queue
[2024-10-21T21:39:23.218+0700] {logging_mixin.py:190} INFO - [2024-10-21T21:39:23.218+0700] {dagbag.py:588} INFO - Filling up the DagBag from /Users/punny/Documents/GitHub/NYC-Taxi-ETL-Pipeline/.venv/lib/python3.10/site-packages/airflow/example_dags/example_task_group.py
[2024-10-21T21:39:23.230+0700] {processor.py:925} INFO - DAG(s) 'example_task_group' retrieved from /Users/punny/Documents/GitHub/NYC-Taxi-ETL-Pipeline/.venv/lib/python3.10/site-packages/airflow/example_dags/example_task_group.py
[2024-10-21T21:39:23.404+0700] {logging_mixin.py:190} INFO - [2024-10-21T21:39:23.404+0700] {dag.py:3239} INFO - Sync 1 DAGs
[2024-10-21T21:39:23.416+0700] {logging_mixin.py:190} INFO - [2024-10-21T21:39:23.416+0700] {dag.py:4180} INFO - Setting next_dagrun for example_task_group to None, run_after=None
[2024-10-21T21:39:23.437+0700] {processor.py:208} INFO - Processing /Users/punny/Documents/GitHub/NYC-Taxi-ETL-Pipeline/.venv/lib/python3.10/site-packages/airflow/example_dags/example_task_group.py took 0.231 seconds
[2024-10-21T21:42:55.802+0700] {processor.py:186} INFO - Started process (PID=10004) to work on /Users/punny/Documents/GitHub/NYC-Taxi-ETL-Pipeline/.venv/lib/python3.10/site-packages/airflow/example_dags/example_task_group.py
[2024-10-21T21:42:55.805+0700] {processor.py:914} INFO - Processing file /Users/punny/Documents/GitHub/NYC-Taxi-ETL-Pipeline/.venv/lib/python3.10/site-packages/airflow/example_dags/example_task_group.py for tasks to queue
[2024-10-21T21:42:55.806+0700] {logging_mixin.py:190} INFO - [2024-10-21T21:42:55.806+0700] {dagbag.py:588} INFO - Filling up the DagBag from /Users/punny/Documents/GitHub/NYC-Taxi-ETL-Pipeline/.venv/lib/python3.10/site-packages/airflow/example_dags/example_task_group.py
[2024-10-21T21:42:55.818+0700] {processor.py:925} INFO - DAG(s) 'example_task_group' retrieved from /Users/punny/Documents/GitHub/NYC-Taxi-ETL-Pipeline/.venv/lib/python3.10/site-packages/airflow/example_dags/example_task_group.py
[2024-10-21T21:42:56.002+0700] {logging_mixin.py:190} INFO - [2024-10-21T21:42:56.002+0700] {dag.py:3239} INFO - Sync 1 DAGs
[2024-10-21T21:42:56.015+0700] {logging_mixin.py:190} INFO - [2024-10-21T21:42:56.015+0700] {dag.py:4180} INFO - Setting next_dagrun for example_task_group to None, run_after=None
[2024-10-21T21:42:56.035+0700] {processor.py:208} INFO - Processing /Users/punny/Documents/GitHub/NYC-Taxi-ETL-Pipeline/.venv/lib/python3.10/site-packages/airflow/example_dags/example_task_group.py took 0.240 seconds
[2024-10-21T21:46:39.273+0700] {processor.py:186} INFO - Started process (PID=10429) to work on /Users/punny/Documents/GitHub/NYC-Taxi-ETL-Pipeline/.venv/lib/python3.10/site-packages/airflow/example_dags/example_task_group.py
[2024-10-21T21:46:39.277+0700] {processor.py:914} INFO - Processing file /Users/punny/Documents/GitHub/NYC-Taxi-ETL-Pipeline/.venv/lib/python3.10/site-packages/airflow/example_dags/example_task_group.py for tasks to queue
[2024-10-21T21:46:39.281+0700] {logging_mixin.py:190} INFO - [2024-10-21T21:46:39.281+0700] {dagbag.py:588} INFO - Filling up the DagBag from /Users/punny/Documents/GitHub/NYC-Taxi-ETL-Pipeline/.venv/lib/python3.10/site-packages/airflow/example_dags/example_task_group.py
[2024-10-21T21:46:39.303+0700] {processor.py:925} INFO - DAG(s) 'example_task_group' retrieved from /Users/punny/Documents/GitHub/NYC-Taxi-ETL-Pipeline/.venv/lib/python3.10/site-packages/airflow/example_dags/example_task_group.py
[2024-10-21T21:46:39.492+0700] {logging_mixin.py:190} INFO - [2024-10-21T21:46:39.491+0700] {dag.py:3239} INFO - Sync 1 DAGs
[2024-10-21T21:46:39.504+0700] {logging_mixin.py:190} INFO - [2024-10-21T21:46:39.504+0700] {dag.py:4180} INFO - Setting next_dagrun for example_task_group to None, run_after=None
[2024-10-21T21:46:39.525+0700] {processor.py:208} INFO - Processing /Users/punny/Documents/GitHub/NYC-Taxi-ETL-Pipeline/.venv/lib/python3.10/site-packages/airflow/example_dags/example_task_group.py took 0.266 seconds
[2024-10-21T21:49:38.043+0700] {processor.py:186} INFO - Started process (PID=10633) to work on /Users/punny/Documents/GitHub/NYC-Taxi-ETL-Pipeline/.venv/lib/python3.10/site-packages/airflow/example_dags/example_task_group.py
[2024-10-21T21:49:38.046+0700] {processor.py:914} INFO - Processing file /Users/punny/Documents/GitHub/NYC-Taxi-ETL-Pipeline/.venv/lib/python3.10/site-packages/airflow/example_dags/example_task_group.py for tasks to queue
[2024-10-21T21:49:38.047+0700] {logging_mixin.py:190} INFO - [2024-10-21T21:49:38.047+0700] {dagbag.py:588} INFO - Filling up the DagBag from /Users/punny/Documents/GitHub/NYC-Taxi-ETL-Pipeline/.venv/lib/python3.10/site-packages/airflow/example_dags/example_task_group.py
[2024-10-21T21:49:38.060+0700] {processor.py:925} INFO - DAG(s) 'example_task_group' retrieved from /Users/punny/Documents/GitHub/NYC-Taxi-ETL-Pipeline/.venv/lib/python3.10/site-packages/airflow/example_dags/example_task_group.py
[2024-10-21T21:49:38.243+0700] {logging_mixin.py:190} INFO - [2024-10-21T21:49:38.242+0700] {dag.py:3239} INFO - Sync 1 DAGs
[2024-10-21T21:49:38.256+0700] {logging_mixin.py:190} INFO - [2024-10-21T21:49:38.256+0700] {dag.py:4180} INFO - Setting next_dagrun for example_task_group to None, run_after=None
[2024-10-21T21:49:38.279+0700] {processor.py:208} INFO - Processing /Users/punny/Documents/GitHub/NYC-Taxi-ETL-Pipeline/.venv/lib/python3.10/site-packages/airflow/example_dags/example_task_group.py took 0.245 seconds
[2024-10-21T21:51:09.917+0700] {processor.py:186} INFO - Started process (PID=10767) to work on /Users/punny/Documents/GitHub/NYC-Taxi-ETL-Pipeline/.venv/lib/python3.10/site-packages/airflow/example_dags/example_task_group.py
[2024-10-21T21:51:09.920+0700] {processor.py:914} INFO - Processing file /Users/punny/Documents/GitHub/NYC-Taxi-ETL-Pipeline/.venv/lib/python3.10/site-packages/airflow/example_dags/example_task_group.py for tasks to queue
[2024-10-21T21:51:09.921+0700] {logging_mixin.py:190} INFO - [2024-10-21T21:51:09.921+0700] {dagbag.py:588} INFO - Filling up the DagBag from /Users/punny/Documents/GitHub/NYC-Taxi-ETL-Pipeline/.venv/lib/python3.10/site-packages/airflow/example_dags/example_task_group.py
[2024-10-21T21:51:09.934+0700] {processor.py:925} INFO - DAG(s) 'example_task_group' retrieved from /Users/punny/Documents/GitHub/NYC-Taxi-ETL-Pipeline/.venv/lib/python3.10/site-packages/airflow/example_dags/example_task_group.py
[2024-10-21T21:51:10.127+0700] {logging_mixin.py:190} INFO - [2024-10-21T21:51:10.127+0700] {dag.py:3239} INFO - Sync 1 DAGs
[2024-10-21T21:51:10.143+0700] {logging_mixin.py:190} INFO - [2024-10-21T21:51:10.142+0700] {dag.py:4180} INFO - Setting next_dagrun for example_task_group to None, run_after=None
[2024-10-21T21:51:10.165+0700] {processor.py:208} INFO - Processing /Users/punny/Documents/GitHub/NYC-Taxi-ETL-Pipeline/.venv/lib/python3.10/site-packages/airflow/example_dags/example_task_group.py took 0.256 seconds
[2024-10-21T21:55:19.137+0700] {processor.py:186} INFO - Started process (PID=11222) to work on /Users/punny/Documents/GitHub/NYC-Taxi-ETL-Pipeline/.venv/lib/python3.10/site-packages/airflow/example_dags/example_task_group.py
[2024-10-21T21:55:19.141+0700] {processor.py:914} INFO - Processing file /Users/punny/Documents/GitHub/NYC-Taxi-ETL-Pipeline/.venv/lib/python3.10/site-packages/airflow/example_dags/example_task_group.py for tasks to queue
[2024-10-21T21:55:19.142+0700] {logging_mixin.py:190} INFO - [2024-10-21T21:55:19.142+0700] {dagbag.py:588} INFO - Filling up the DagBag from /Users/punny/Documents/GitHub/NYC-Taxi-ETL-Pipeline/.venv/lib/python3.10/site-packages/airflow/example_dags/example_task_group.py
[2024-10-21T21:55:19.157+0700] {processor.py:925} INFO - DAG(s) 'example_task_group' retrieved from /Users/punny/Documents/GitHub/NYC-Taxi-ETL-Pipeline/.venv/lib/python3.10/site-packages/airflow/example_dags/example_task_group.py
[2024-10-21T21:55:19.375+0700] {logging_mixin.py:190} INFO - [2024-10-21T21:55:19.375+0700] {dag.py:3239} INFO - Sync 1 DAGs
[2024-10-21T21:55:19.391+0700] {logging_mixin.py:190} INFO - [2024-10-21T21:55:19.391+0700] {dag.py:4180} INFO - Setting next_dagrun for example_task_group to None, run_after=None
[2024-10-21T21:55:19.418+0700] {processor.py:208} INFO - Processing /Users/punny/Documents/GitHub/NYC-Taxi-ETL-Pipeline/.venv/lib/python3.10/site-packages/airflow/example_dags/example_task_group.py took 0.290 seconds
[2024-10-21T21:59:22.196+0700] {processor.py:186} INFO - Started process (PID=11707) to work on /Users/punny/Documents/GitHub/NYC-Taxi-ETL-Pipeline/.venv/lib/python3.10/site-packages/airflow/example_dags/example_task_group.py
[2024-10-21T21:59:22.200+0700] {processor.py:914} INFO - Processing file /Users/punny/Documents/GitHub/NYC-Taxi-ETL-Pipeline/.venv/lib/python3.10/site-packages/airflow/example_dags/example_task_group.py for tasks to queue
[2024-10-21T21:59:22.201+0700] {logging_mixin.py:190} INFO - [2024-10-21T21:59:22.201+0700] {dagbag.py:588} INFO - Filling up the DagBag from /Users/punny/Documents/GitHub/NYC-Taxi-ETL-Pipeline/.venv/lib/python3.10/site-packages/airflow/example_dags/example_task_group.py
[2024-10-21T21:59:22.212+0700] {processor.py:925} INFO - DAG(s) 'example_task_group' retrieved from /Users/punny/Documents/GitHub/NYC-Taxi-ETL-Pipeline/.venv/lib/python3.10/site-packages/airflow/example_dags/example_task_group.py
[2024-10-21T21:59:22.394+0700] {logging_mixin.py:190} INFO - [2024-10-21T21:59:22.393+0700] {dag.py:3239} INFO - Sync 1 DAGs
[2024-10-21T21:59:22.406+0700] {logging_mixin.py:190} INFO - [2024-10-21T21:59:22.406+0700] {dag.py:4180} INFO - Setting next_dagrun for example_task_group to None, run_after=None
[2024-10-21T21:59:22.426+0700] {processor.py:208} INFO - Processing /Users/punny/Documents/GitHub/NYC-Taxi-ETL-Pipeline/.venv/lib/python3.10/site-packages/airflow/example_dags/example_task_group.py took 0.240 seconds
[2024-10-21T22:16:32.893+0700] {processor.py:186} INFO - Started process (PID=12034) to work on /Users/punny/Documents/GitHub/NYC-Taxi-ETL-Pipeline/.venv/lib/python3.10/site-packages/airflow/example_dags/example_task_group.py
[2024-10-21T22:16:32.896+0700] {processor.py:914} INFO - Processing file /Users/punny/Documents/GitHub/NYC-Taxi-ETL-Pipeline/.venv/lib/python3.10/site-packages/airflow/example_dags/example_task_group.py for tasks to queue
[2024-10-21T22:16:32.897+0700] {logging_mixin.py:190} INFO - [2024-10-21T22:16:32.897+0700] {dagbag.py:588} INFO - Filling up the DagBag from /Users/punny/Documents/GitHub/NYC-Taxi-ETL-Pipeline/.venv/lib/python3.10/site-packages/airflow/example_dags/example_task_group.py
[2024-10-21T22:16:32.909+0700] {processor.py:925} INFO - DAG(s) 'example_task_group' retrieved from /Users/punny/Documents/GitHub/NYC-Taxi-ETL-Pipeline/.venv/lib/python3.10/site-packages/airflow/example_dags/example_task_group.py
[2024-10-21T22:16:33.084+0700] {logging_mixin.py:190} INFO - [2024-10-21T22:16:33.084+0700] {dag.py:3239} INFO - Sync 1 DAGs
[2024-10-21T22:16:33.097+0700] {logging_mixin.py:190} INFO - [2024-10-21T22:16:33.097+0700] {dag.py:4180} INFO - Setting next_dagrun for example_task_group to None, run_after=None
[2024-10-21T22:16:33.117+0700] {processor.py:208} INFO - Processing /Users/punny/Documents/GitHub/NYC-Taxi-ETL-Pipeline/.venv/lib/python3.10/site-packages/airflow/example_dags/example_task_group.py took 0.233 seconds
[2024-10-21T22:19:30.706+0700] {processor.py:186} INFO - Started process (PID=12344) to work on /Users/punny/Documents/GitHub/NYC-Taxi-ETL-Pipeline/.venv/lib/python3.10/site-packages/airflow/example_dags/example_task_group.py
[2024-10-21T22:19:30.709+0700] {processor.py:914} INFO - Processing file /Users/punny/Documents/GitHub/NYC-Taxi-ETL-Pipeline/.venv/lib/python3.10/site-packages/airflow/example_dags/example_task_group.py for tasks to queue
[2024-10-21T22:19:30.710+0700] {logging_mixin.py:190} INFO - [2024-10-21T22:19:30.710+0700] {dagbag.py:588} INFO - Filling up the DagBag from /Users/punny/Documents/GitHub/NYC-Taxi-ETL-Pipeline/.venv/lib/python3.10/site-packages/airflow/example_dags/example_task_group.py
[2024-10-21T22:19:30.721+0700] {processor.py:925} INFO - DAG(s) 'example_task_group' retrieved from /Users/punny/Documents/GitHub/NYC-Taxi-ETL-Pipeline/.venv/lib/python3.10/site-packages/airflow/example_dags/example_task_group.py
[2024-10-21T22:19:30.908+0700] {logging_mixin.py:190} INFO - [2024-10-21T22:19:30.908+0700] {dag.py:3239} INFO - Sync 1 DAGs
[2024-10-21T22:19:30.922+0700] {logging_mixin.py:190} INFO - [2024-10-21T22:19:30.921+0700] {dag.py:4180} INFO - Setting next_dagrun for example_task_group to None, run_after=None
[2024-10-21T22:19:30.945+0700] {processor.py:208} INFO - Processing /Users/punny/Documents/GitHub/NYC-Taxi-ETL-Pipeline/.venv/lib/python3.10/site-packages/airflow/example_dags/example_task_group.py took 0.247 seconds
[2024-10-21T22:24:46.065+0700] {processor.py:186} INFO - Started process (PID=13184) to work on /Users/punny/Documents/GitHub/NYC-Taxi-ETL-Pipeline/.venv/lib/python3.10/site-packages/airflow/example_dags/example_task_group.py
[2024-10-21T22:24:46.068+0700] {processor.py:914} INFO - Processing file /Users/punny/Documents/GitHub/NYC-Taxi-ETL-Pipeline/.venv/lib/python3.10/site-packages/airflow/example_dags/example_task_group.py for tasks to queue
[2024-10-21T22:24:46.069+0700] {logging_mixin.py:190} INFO - [2024-10-21T22:24:46.069+0700] {dagbag.py:588} INFO - Filling up the DagBag from /Users/punny/Documents/GitHub/NYC-Taxi-ETL-Pipeline/.venv/lib/python3.10/site-packages/airflow/example_dags/example_task_group.py
[2024-10-21T22:24:46.085+0700] {processor.py:925} INFO - DAG(s) 'example_task_group' retrieved from /Users/punny/Documents/GitHub/NYC-Taxi-ETL-Pipeline/.venv/lib/python3.10/site-packages/airflow/example_dags/example_task_group.py
[2024-10-21T22:24:46.334+0700] {logging_mixin.py:190} INFO - [2024-10-21T22:24:46.333+0700] {dag.py:3239} INFO - Sync 1 DAGs
[2024-10-21T22:24:46.352+0700] {logging_mixin.py:190} INFO - [2024-10-21T22:24:46.352+0700] {dag.py:4180} INFO - Setting next_dagrun for example_task_group to None, run_after=None
[2024-10-21T22:24:46.377+0700] {processor.py:208} INFO - Processing /Users/punny/Documents/GitHub/NYC-Taxi-ETL-Pipeline/.venv/lib/python3.10/site-packages/airflow/example_dags/example_task_group.py took 0.322 seconds
[2024-10-21T22:28:28.818+0700] {processor.py:186} INFO - Started process (PID=13491) to work on /Users/punny/Documents/GitHub/NYC-Taxi-ETL-Pipeline/.venv/lib/python3.10/site-packages/airflow/example_dags/example_task_group.py
[2024-10-21T22:28:28.821+0700] {processor.py:914} INFO - Processing file /Users/punny/Documents/GitHub/NYC-Taxi-ETL-Pipeline/.venv/lib/python3.10/site-packages/airflow/example_dags/example_task_group.py for tasks to queue
[2024-10-21T22:28:28.822+0700] {logging_mixin.py:190} INFO - [2024-10-21T22:28:28.822+0700] {dagbag.py:588} INFO - Filling up the DagBag from /Users/punny/Documents/GitHub/NYC-Taxi-ETL-Pipeline/.venv/lib/python3.10/site-packages/airflow/example_dags/example_task_group.py
[2024-10-21T22:28:28.833+0700] {processor.py:925} INFO - DAG(s) 'example_task_group' retrieved from /Users/punny/Documents/GitHub/NYC-Taxi-ETL-Pipeline/.venv/lib/python3.10/site-packages/airflow/example_dags/example_task_group.py
[2024-10-21T22:28:29.024+0700] {logging_mixin.py:190} INFO - [2024-10-21T22:28:29.024+0700] {dag.py:3239} INFO - Sync 1 DAGs
[2024-10-21T22:28:29.037+0700] {logging_mixin.py:190} INFO - [2024-10-21T22:28:29.037+0700] {dag.py:4180} INFO - Setting next_dagrun for example_task_group to None, run_after=None
[2024-10-21T22:28:29.060+0700] {processor.py:208} INFO - Processing /Users/punny/Documents/GitHub/NYC-Taxi-ETL-Pipeline/.venv/lib/python3.10/site-packages/airflow/example_dags/example_task_group.py took 0.252 seconds
[2024-10-21T22:31:23.722+0700] {processor.py:186} INFO - Started process (PID=13712) to work on /Users/punny/Documents/GitHub/NYC-Taxi-ETL-Pipeline/.venv/lib/python3.10/site-packages/airflow/example_dags/example_task_group.py
[2024-10-21T22:31:23.725+0700] {processor.py:914} INFO - Processing file /Users/punny/Documents/GitHub/NYC-Taxi-ETL-Pipeline/.venv/lib/python3.10/site-packages/airflow/example_dags/example_task_group.py for tasks to queue
[2024-10-21T22:31:23.726+0700] {logging_mixin.py:190} INFO - [2024-10-21T22:31:23.725+0700] {dagbag.py:588} INFO - Filling up the DagBag from /Users/punny/Documents/GitHub/NYC-Taxi-ETL-Pipeline/.venv/lib/python3.10/site-packages/airflow/example_dags/example_task_group.py
[2024-10-21T22:31:23.737+0700] {processor.py:925} INFO - DAG(s) 'example_task_group' retrieved from /Users/punny/Documents/GitHub/NYC-Taxi-ETL-Pipeline/.venv/lib/python3.10/site-packages/airflow/example_dags/example_task_group.py
[2024-10-21T22:31:23.922+0700] {logging_mixin.py:190} INFO - [2024-10-21T22:31:23.922+0700] {dag.py:3239} INFO - Sync 1 DAGs
[2024-10-21T22:31:23.935+0700] {logging_mixin.py:190} INFO - [2024-10-21T22:31:23.935+0700] {dag.py:4180} INFO - Setting next_dagrun for example_task_group to None, run_after=None
[2024-10-21T22:31:23.956+0700] {processor.py:208} INFO - Processing /Users/punny/Documents/GitHub/NYC-Taxi-ETL-Pipeline/.venv/lib/python3.10/site-packages/airflow/example_dags/example_task_group.py took 0.244 seconds
