[2024-10-21T12:38:26.352+0700] {processor.py:186} INFO - Started process (PID=34217) to work on /Users/punny/Documents/GitHub/NYC-Taxi-ETL-Pipeline/.venv/lib/python3.10/site-packages/airflow/example_dags/example_sensor_decorator.py
[2024-10-21T12:38:26.356+0700] {processor.py:914} INFO - Processing file /Users/punny/Documents/GitHub/NYC-Taxi-ETL-Pipeline/.venv/lib/python3.10/site-packages/airflow/example_dags/example_sensor_decorator.py for tasks to queue
[2024-10-21T12:38:26.357+0700] {logging_mixin.py:190} INFO - [2024-10-21T12:38:26.357+0700] {dagbag.py:588} INFO - Filling up the DagBag from /Users/punny/Documents/GitHub/NYC-Taxi-ETL-Pipeline/.venv/lib/python3.10/site-packages/airflow/example_dags/example_sensor_decorator.py
[2024-10-21T12:38:26.429+0700] {processor.py:925} INFO - DAG(s) 'example_sensor_decorator' retrieved from /Users/punny/Documents/GitHub/NYC-Taxi-ETL-Pipeline/.venv/lib/python3.10/site-packages/airflow/example_dags/example_sensor_decorator.py
[2024-10-21T12:38:27.347+0700] {logging_mixin.py:190} INFO - [2024-10-21T12:38:27.347+0700] {dag.py:3239} INFO - Sync 1 DAGs
[2024-10-21T12:38:27.366+0700] {logging_mixin.py:190} INFO - [2024-10-21T12:38:27.366+0700] {dag.py:4180} INFO - Setting next_dagrun for example_sensor_decorator to None, run_after=None
[2024-10-21T12:38:27.398+0700] {processor.py:208} INFO - Processing /Users/punny/Documents/GitHub/NYC-Taxi-ETL-Pipeline/.venv/lib/python3.10/site-packages/airflow/example_dags/example_sensor_decorator.py took 1.058 seconds
[2024-10-21T14:13:20.225+0700] {processor.py:186} INFO - Started process (PID=35053) to work on /Users/punny/Documents/GitHub/NYC-Taxi-ETL-Pipeline/.venv/lib/python3.10/site-packages/airflow/example_dags/example_sensor_decorator.py
[2024-10-21T14:13:20.230+0700] {processor.py:914} INFO - Processing file /Users/punny/Documents/GitHub/NYC-Taxi-ETL-Pipeline/.venv/lib/python3.10/site-packages/airflow/example_dags/example_sensor_decorator.py for tasks to queue
[2024-10-21T14:13:20.231+0700] {logging_mixin.py:190} INFO - [2024-10-21T14:13:20.231+0700] {dagbag.py:588} INFO - Filling up the DagBag from /Users/punny/Documents/GitHub/NYC-Taxi-ETL-Pipeline/.venv/lib/python3.10/site-packages/airflow/example_dags/example_sensor_decorator.py
[2024-10-21T14:13:20.325+0700] {processor.py:925} INFO - DAG(s) 'example_sensor_decorator' retrieved from /Users/punny/Documents/GitHub/NYC-Taxi-ETL-Pipeline/.venv/lib/python3.10/site-packages/airflow/example_dags/example_sensor_decorator.py
[2024-10-21T14:13:21.621+0700] {logging_mixin.py:190} INFO - [2024-10-21T14:13:21.620+0700] {dag.py:3239} INFO - Sync 1 DAGs
[2024-10-21T14:13:21.642+0700] {logging_mixin.py:190} INFO - [2024-10-21T14:13:21.641+0700] {dag.py:4180} INFO - Setting next_dagrun for example_sensor_decorator to None, run_after=None
[2024-10-21T14:13:21.677+0700] {processor.py:208} INFO - Processing /Users/punny/Documents/GitHub/NYC-Taxi-ETL-Pipeline/.venv/lib/python3.10/site-packages/airflow/example_dags/example_sensor_decorator.py took 1.463 seconds
[2024-10-21T14:48:46.609+0700] {processor.py:186} INFO - Started process (PID=35969) to work on /Users/punny/Documents/GitHub/NYC-Taxi-ETL-Pipeline/.venv/lib/python3.10/site-packages/airflow/example_dags/example_sensor_decorator.py
[2024-10-21T14:48:46.612+0700] {processor.py:914} INFO - Processing file /Users/punny/Documents/GitHub/NYC-Taxi-ETL-Pipeline/.venv/lib/python3.10/site-packages/airflow/example_dags/example_sensor_decorator.py for tasks to queue
[2024-10-21T14:48:46.613+0700] {logging_mixin.py:190} INFO - [2024-10-21T14:48:46.613+0700] {dagbag.py:588} INFO - Filling up the DagBag from /Users/punny/Documents/GitHub/NYC-Taxi-ETL-Pipeline/.venv/lib/python3.10/site-packages/airflow/example_dags/example_sensor_decorator.py
[2024-10-21T14:48:46.659+0700] {processor.py:925} INFO - DAG(s) 'example_sensor_decorator' retrieved from /Users/punny/Documents/GitHub/NYC-Taxi-ETL-Pipeline/.venv/lib/python3.10/site-packages/airflow/example_dags/example_sensor_decorator.py
[2024-10-21T14:48:47.297+0700] {logging_mixin.py:190} INFO - [2024-10-21T14:48:47.297+0700] {dag.py:3239} INFO - Sync 1 DAGs
[2024-10-21T14:48:47.311+0700] {logging_mixin.py:190} INFO - [2024-10-21T14:48:47.311+0700] {dag.py:4180} INFO - Setting next_dagrun for example_sensor_decorator to None, run_after=None
[2024-10-21T14:48:47.338+0700] {processor.py:208} INFO - Processing /Users/punny/Documents/GitHub/NYC-Taxi-ETL-Pipeline/.venv/lib/python3.10/site-packages/airflow/example_dags/example_sensor_decorator.py took 0.738 seconds
[2024-10-21T14:52:22.015+0700] {processor.py:186} INFO - Started process (PID=36546) to work on /Users/punny/Documents/GitHub/NYC-Taxi-ETL-Pipeline/.venv/lib/python3.10/site-packages/airflow/example_dags/example_sensor_decorator.py
[2024-10-21T14:52:22.019+0700] {processor.py:914} INFO - Processing file /Users/punny/Documents/GitHub/NYC-Taxi-ETL-Pipeline/.venv/lib/python3.10/site-packages/airflow/example_dags/example_sensor_decorator.py for tasks to queue
[2024-10-21T14:52:22.021+0700] {logging_mixin.py:190} INFO - [2024-10-21T14:52:22.020+0700] {dagbag.py:588} INFO - Filling up the DagBag from /Users/punny/Documents/GitHub/NYC-Taxi-ETL-Pipeline/.venv/lib/python3.10/site-packages/airflow/example_dags/example_sensor_decorator.py
[2024-10-21T14:52:22.076+0700] {processor.py:925} INFO - DAG(s) 'example_sensor_decorator' retrieved from /Users/punny/Documents/GitHub/NYC-Taxi-ETL-Pipeline/.venv/lib/python3.10/site-packages/airflow/example_dags/example_sensor_decorator.py
[2024-10-21T14:52:22.902+0700] {logging_mixin.py:190} INFO - [2024-10-21T14:52:22.902+0700] {dag.py:3239} INFO - Sync 1 DAGs
[2024-10-21T14:52:22.921+0700] {logging_mixin.py:190} INFO - [2024-10-21T14:52:22.921+0700] {dag.py:4180} INFO - Setting next_dagrun for example_sensor_decorator to None, run_after=None
[2024-10-21T14:52:22.961+0700] {processor.py:208} INFO - Processing /Users/punny/Documents/GitHub/NYC-Taxi-ETL-Pipeline/.venv/lib/python3.10/site-packages/airflow/example_dags/example_sensor_decorator.py took 0.956 seconds
[2024-10-21T14:55:52.090+0700] {processor.py:186} INFO - Started process (PID=37080) to work on /Users/punny/Documents/GitHub/NYC-Taxi-ETL-Pipeline/.venv/lib/python3.10/site-packages/airflow/example_dags/example_sensor_decorator.py
[2024-10-21T14:55:52.093+0700] {processor.py:914} INFO - Processing file /Users/punny/Documents/GitHub/NYC-Taxi-ETL-Pipeline/.venv/lib/python3.10/site-packages/airflow/example_dags/example_sensor_decorator.py for tasks to queue
[2024-10-21T14:55:52.095+0700] {logging_mixin.py:190} INFO - [2024-10-21T14:55:52.094+0700] {dagbag.py:588} INFO - Filling up the DagBag from /Users/punny/Documents/GitHub/NYC-Taxi-ETL-Pipeline/.venv/lib/python3.10/site-packages/airflow/example_dags/example_sensor_decorator.py
[2024-10-21T14:55:52.164+0700] {processor.py:925} INFO - DAG(s) 'example_sensor_decorator' retrieved from /Users/punny/Documents/GitHub/NYC-Taxi-ETL-Pipeline/.venv/lib/python3.10/site-packages/airflow/example_dags/example_sensor_decorator.py
[2024-10-21T14:55:52.976+0700] {logging_mixin.py:190} INFO - [2024-10-21T14:55:52.976+0700] {dag.py:3239} INFO - Sync 1 DAGs
[2024-10-21T14:55:52.992+0700] {logging_mixin.py:190} INFO - [2024-10-21T14:55:52.991+0700] {dag.py:4180} INFO - Setting next_dagrun for example_sensor_decorator to None, run_after=None
[2024-10-21T14:55:53.015+0700] {processor.py:208} INFO - Processing /Users/punny/Documents/GitHub/NYC-Taxi-ETL-Pipeline/.venv/lib/python3.10/site-packages/airflow/example_dags/example_sensor_decorator.py took 0.935 seconds
[2024-10-21T15:00:30.101+0700] {processor.py:186} INFO - Started process (PID=37785) to work on /Users/punny/Documents/GitHub/NYC-Taxi-ETL-Pipeline/.venv/lib/python3.10/site-packages/airflow/example_dags/example_sensor_decorator.py
[2024-10-21T15:00:30.105+0700] {processor.py:914} INFO - Processing file /Users/punny/Documents/GitHub/NYC-Taxi-ETL-Pipeline/.venv/lib/python3.10/site-packages/airflow/example_dags/example_sensor_decorator.py for tasks to queue
[2024-10-21T15:00:30.107+0700] {logging_mixin.py:190} INFO - [2024-10-21T15:00:30.107+0700] {dagbag.py:588} INFO - Filling up the DagBag from /Users/punny/Documents/GitHub/NYC-Taxi-ETL-Pipeline/.venv/lib/python3.10/site-packages/airflow/example_dags/example_sensor_decorator.py
[2024-10-21T15:00:30.176+0700] {processor.py:925} INFO - DAG(s) 'example_sensor_decorator' retrieved from /Users/punny/Documents/GitHub/NYC-Taxi-ETL-Pipeline/.venv/lib/python3.10/site-packages/airflow/example_dags/example_sensor_decorator.py
[2024-10-21T15:00:30.984+0700] {logging_mixin.py:190} INFO - [2024-10-21T15:00:30.984+0700] {dag.py:3239} INFO - Sync 1 DAGs
[2024-10-21T15:00:31.003+0700] {logging_mixin.py:190} INFO - [2024-10-21T15:00:31.002+0700] {dag.py:4180} INFO - Setting next_dagrun for example_sensor_decorator to None, run_after=None
[2024-10-21T15:00:31.068+0700] {processor.py:208} INFO - Processing /Users/punny/Documents/GitHub/NYC-Taxi-ETL-Pipeline/.venv/lib/python3.10/site-packages/airflow/example_dags/example_sensor_decorator.py took 0.987 seconds
[2024-10-21T15:06:20.132+0700] {processor.py:186} INFO - Started process (PID=38539) to work on /Users/punny/Documents/GitHub/NYC-Taxi-ETL-Pipeline/.venv/lib/python3.10/site-packages/airflow/example_dags/example_sensor_decorator.py
[2024-10-21T15:06:20.137+0700] {processor.py:914} INFO - Processing file /Users/punny/Documents/GitHub/NYC-Taxi-ETL-Pipeline/.venv/lib/python3.10/site-packages/airflow/example_dags/example_sensor_decorator.py for tasks to queue
[2024-10-21T15:06:20.139+0700] {logging_mixin.py:190} INFO - [2024-10-21T15:06:20.139+0700] {dagbag.py:588} INFO - Filling up the DagBag from /Users/punny/Documents/GitHub/NYC-Taxi-ETL-Pipeline/.venv/lib/python3.10/site-packages/airflow/example_dags/example_sensor_decorator.py
[2024-10-21T15:06:20.222+0700] {processor.py:925} INFO - DAG(s) 'example_sensor_decorator' retrieved from /Users/punny/Documents/GitHub/NYC-Taxi-ETL-Pipeline/.venv/lib/python3.10/site-packages/airflow/example_dags/example_sensor_decorator.py
[2024-10-21T15:06:21.422+0700] {logging_mixin.py:190} INFO - [2024-10-21T15:06:21.422+0700] {dag.py:3239} INFO - Sync 1 DAGs
[2024-10-21T15:06:21.447+0700] {logging_mixin.py:190} INFO - [2024-10-21T15:06:21.446+0700] {dag.py:4180} INFO - Setting next_dagrun for example_sensor_decorator to None, run_after=None
[2024-10-21T15:06:21.481+0700] {processor.py:208} INFO - Processing /Users/punny/Documents/GitHub/NYC-Taxi-ETL-Pipeline/.venv/lib/python3.10/site-packages/airflow/example_dags/example_sensor_decorator.py took 1.358 seconds
[2024-10-21T15:11:09.455+0700] {processor.py:186} INFO - Started process (PID=39185) to work on /Users/punny/Documents/GitHub/NYC-Taxi-ETL-Pipeline/.venv/lib/python3.10/site-packages/airflow/example_dags/example_sensor_decorator.py
[2024-10-21T15:11:09.460+0700] {processor.py:914} INFO - Processing file /Users/punny/Documents/GitHub/NYC-Taxi-ETL-Pipeline/.venv/lib/python3.10/site-packages/airflow/example_dags/example_sensor_decorator.py for tasks to queue
[2024-10-21T15:11:09.462+0700] {logging_mixin.py:190} INFO - [2024-10-21T15:11:09.461+0700] {dagbag.py:588} INFO - Filling up the DagBag from /Users/punny/Documents/GitHub/NYC-Taxi-ETL-Pipeline/.venv/lib/python3.10/site-packages/airflow/example_dags/example_sensor_decorator.py
[2024-10-21T15:11:09.551+0700] {processor.py:925} INFO - DAG(s) 'example_sensor_decorator' retrieved from /Users/punny/Documents/GitHub/NYC-Taxi-ETL-Pipeline/.venv/lib/python3.10/site-packages/airflow/example_dags/example_sensor_decorator.py
[2024-10-21T15:11:10.460+0700] {logging_mixin.py:190} INFO - [2024-10-21T15:11:10.459+0700] {dag.py:3239} INFO - Sync 1 DAGs
[2024-10-21T15:11:10.481+0700] {logging_mixin.py:190} INFO - [2024-10-21T15:11:10.480+0700] {dag.py:4180} INFO - Setting next_dagrun for example_sensor_decorator to None, run_after=None
[2024-10-21T15:11:10.515+0700] {processor.py:208} INFO - Processing /Users/punny/Documents/GitHub/NYC-Taxi-ETL-Pipeline/.venv/lib/python3.10/site-packages/airflow/example_dags/example_sensor_decorator.py took 1.073 seconds
[2024-10-21T15:15:19.835+0700] {processor.py:186} INFO - Started process (PID=39684) to work on /Users/punny/Documents/GitHub/NYC-Taxi-ETL-Pipeline/.venv/lib/python3.10/site-packages/airflow/example_dags/example_sensor_decorator.py
[2024-10-21T15:15:19.841+0700] {processor.py:914} INFO - Processing file /Users/punny/Documents/GitHub/NYC-Taxi-ETL-Pipeline/.venv/lib/python3.10/site-packages/airflow/example_dags/example_sensor_decorator.py for tasks to queue
[2024-10-21T15:15:19.842+0700] {logging_mixin.py:190} INFO - [2024-10-21T15:15:19.842+0700] {dagbag.py:588} INFO - Filling up the DagBag from /Users/punny/Documents/GitHub/NYC-Taxi-ETL-Pipeline/.venv/lib/python3.10/site-packages/airflow/example_dags/example_sensor_decorator.py
[2024-10-21T15:15:19.915+0700] {processor.py:925} INFO - DAG(s) 'example_sensor_decorator' retrieved from /Users/punny/Documents/GitHub/NYC-Taxi-ETL-Pipeline/.venv/lib/python3.10/site-packages/airflow/example_dags/example_sensor_decorator.py
[2024-10-21T15:15:20.884+0700] {logging_mixin.py:190} INFO - [2024-10-21T15:15:20.883+0700] {dag.py:3239} INFO - Sync 1 DAGs
[2024-10-21T15:15:20.902+0700] {logging_mixin.py:190} INFO - [2024-10-21T15:15:20.901+0700] {dag.py:4180} INFO - Setting next_dagrun for example_sensor_decorator to None, run_after=None
[2024-10-21T15:15:20.930+0700] {processor.py:208} INFO - Processing /Users/punny/Documents/GitHub/NYC-Taxi-ETL-Pipeline/.venv/lib/python3.10/site-packages/airflow/example_dags/example_sensor_decorator.py took 1.108 seconds
[2024-10-21T15:19:41.136+0700] {processor.py:186} INFO - Started process (PID=40228) to work on /Users/punny/Documents/GitHub/NYC-Taxi-ETL-Pipeline/.venv/lib/python3.10/site-packages/airflow/example_dags/example_sensor_decorator.py
[2024-10-21T15:19:41.142+0700] {processor.py:914} INFO - Processing file /Users/punny/Documents/GitHub/NYC-Taxi-ETL-Pipeline/.venv/lib/python3.10/site-packages/airflow/example_dags/example_sensor_decorator.py for tasks to queue
[2024-10-21T15:19:41.143+0700] {logging_mixin.py:190} INFO - [2024-10-21T15:19:41.143+0700] {dagbag.py:588} INFO - Filling up the DagBag from /Users/punny/Documents/GitHub/NYC-Taxi-ETL-Pipeline/.venv/lib/python3.10/site-packages/airflow/example_dags/example_sensor_decorator.py
[2024-10-21T15:19:41.232+0700] {processor.py:925} INFO - DAG(s) 'example_sensor_decorator' retrieved from /Users/punny/Documents/GitHub/NYC-Taxi-ETL-Pipeline/.venv/lib/python3.10/site-packages/airflow/example_dags/example_sensor_decorator.py
[2024-10-21T15:19:42.418+0700] {logging_mixin.py:190} INFO - [2024-10-21T15:19:42.417+0700] {dag.py:3239} INFO - Sync 1 DAGs
[2024-10-21T15:19:42.453+0700] {logging_mixin.py:190} INFO - [2024-10-21T15:19:42.453+0700] {dag.py:4180} INFO - Setting next_dagrun for example_sensor_decorator to None, run_after=None
[2024-10-21T15:19:42.501+0700] {processor.py:208} INFO - Processing /Users/punny/Documents/GitHub/NYC-Taxi-ETL-Pipeline/.venv/lib/python3.10/site-packages/airflow/example_dags/example_sensor_decorator.py took 1.377 seconds
[2024-10-21T15:23:50.635+0700] {processor.py:186} INFO - Started process (PID=40750) to work on /Users/punny/Documents/GitHub/NYC-Taxi-ETL-Pipeline/.venv/lib/python3.10/site-packages/airflow/example_dags/example_sensor_decorator.py
[2024-10-21T15:23:50.641+0700] {processor.py:914} INFO - Processing file /Users/punny/Documents/GitHub/NYC-Taxi-ETL-Pipeline/.venv/lib/python3.10/site-packages/airflow/example_dags/example_sensor_decorator.py for tasks to queue
[2024-10-21T15:23:50.644+0700] {logging_mixin.py:190} INFO - [2024-10-21T15:23:50.643+0700] {dagbag.py:588} INFO - Filling up the DagBag from /Users/punny/Documents/GitHub/NYC-Taxi-ETL-Pipeline/.venv/lib/python3.10/site-packages/airflow/example_dags/example_sensor_decorator.py
[2024-10-21T15:23:50.721+0700] {processor.py:925} INFO - DAG(s) 'example_sensor_decorator' retrieved from /Users/punny/Documents/GitHub/NYC-Taxi-ETL-Pipeline/.venv/lib/python3.10/site-packages/airflow/example_dags/example_sensor_decorator.py
[2024-10-21T15:23:51.689+0700] {logging_mixin.py:190} INFO - [2024-10-21T15:23:51.688+0700] {dag.py:3239} INFO - Sync 1 DAGs
[2024-10-21T15:23:51.712+0700] {logging_mixin.py:190} INFO - [2024-10-21T15:23:51.712+0700] {dag.py:4180} INFO - Setting next_dagrun for example_sensor_decorator to None, run_after=None
[2024-10-21T15:23:51.747+0700] {processor.py:208} INFO - Processing /Users/punny/Documents/GitHub/NYC-Taxi-ETL-Pipeline/.venv/lib/python3.10/site-packages/airflow/example_dags/example_sensor_decorator.py took 1.122 seconds
[2024-10-21T15:27:48.833+0700] {processor.py:186} INFO - Started process (PID=41248) to work on /Users/punny/Documents/GitHub/NYC-Taxi-ETL-Pipeline/.venv/lib/python3.10/site-packages/airflow/example_dags/example_sensor_decorator.py
[2024-10-21T15:27:48.838+0700] {processor.py:914} INFO - Processing file /Users/punny/Documents/GitHub/NYC-Taxi-ETL-Pipeline/.venv/lib/python3.10/site-packages/airflow/example_dags/example_sensor_decorator.py for tasks to queue
[2024-10-21T15:27:48.840+0700] {logging_mixin.py:190} INFO - [2024-10-21T15:27:48.839+0700] {dagbag.py:588} INFO - Filling up the DagBag from /Users/punny/Documents/GitHub/NYC-Taxi-ETL-Pipeline/.venv/lib/python3.10/site-packages/airflow/example_dags/example_sensor_decorator.py
[2024-10-21T15:27:48.920+0700] {processor.py:925} INFO - DAG(s) 'example_sensor_decorator' retrieved from /Users/punny/Documents/GitHub/NYC-Taxi-ETL-Pipeline/.venv/lib/python3.10/site-packages/airflow/example_dags/example_sensor_decorator.py
[2024-10-21T15:27:49.939+0700] {logging_mixin.py:190} INFO - [2024-10-21T15:27:49.938+0700] {dag.py:3239} INFO - Sync 1 DAGs
[2024-10-21T15:27:49.969+0700] {logging_mixin.py:190} INFO - [2024-10-21T15:27:49.969+0700] {dag.py:4180} INFO - Setting next_dagrun for example_sensor_decorator to None, run_after=None
[2024-10-21T15:27:50.003+0700] {processor.py:208} INFO - Processing /Users/punny/Documents/GitHub/NYC-Taxi-ETL-Pipeline/.venv/lib/python3.10/site-packages/airflow/example_dags/example_sensor_decorator.py took 1.180 seconds
[2024-10-21T15:31:55.428+0700] {processor.py:186} INFO - Started process (PID=41793) to work on /Users/punny/Documents/GitHub/NYC-Taxi-ETL-Pipeline/.venv/lib/python3.10/site-packages/airflow/example_dags/example_sensor_decorator.py
[2024-10-21T15:31:55.433+0700] {processor.py:914} INFO - Processing file /Users/punny/Documents/GitHub/NYC-Taxi-ETL-Pipeline/.venv/lib/python3.10/site-packages/airflow/example_dags/example_sensor_decorator.py for tasks to queue
[2024-10-21T15:31:55.434+0700] {logging_mixin.py:190} INFO - [2024-10-21T15:31:55.434+0700] {dagbag.py:588} INFO - Filling up the DagBag from /Users/punny/Documents/GitHub/NYC-Taxi-ETL-Pipeline/.venv/lib/python3.10/site-packages/airflow/example_dags/example_sensor_decorator.py
[2024-10-21T15:31:55.493+0700] {processor.py:925} INFO - DAG(s) 'example_sensor_decorator' retrieved from /Users/punny/Documents/GitHub/NYC-Taxi-ETL-Pipeline/.venv/lib/python3.10/site-packages/airflow/example_dags/example_sensor_decorator.py
[2024-10-21T15:31:56.384+0700] {logging_mixin.py:190} INFO - [2024-10-21T15:31:56.383+0700] {dag.py:3239} INFO - Sync 1 DAGs
[2024-10-21T15:31:56.411+0700] {logging_mixin.py:190} INFO - [2024-10-21T15:31:56.408+0700] {dag.py:4180} INFO - Setting next_dagrun for example_sensor_decorator to None, run_after=None
[2024-10-21T15:31:56.474+0700] {processor.py:208} INFO - Processing /Users/punny/Documents/GitHub/NYC-Taxi-ETL-Pipeline/.venv/lib/python3.10/site-packages/airflow/example_dags/example_sensor_decorator.py took 1.058 seconds
[2024-10-21T15:35:50.930+0700] {processor.py:186} INFO - Started process (PID=42269) to work on /Users/punny/Documents/GitHub/NYC-Taxi-ETL-Pipeline/.venv/lib/python3.10/site-packages/airflow/example_dags/example_sensor_decorator.py
[2024-10-21T15:35:50.935+0700] {processor.py:914} INFO - Processing file /Users/punny/Documents/GitHub/NYC-Taxi-ETL-Pipeline/.venv/lib/python3.10/site-packages/airflow/example_dags/example_sensor_decorator.py for tasks to queue
[2024-10-21T15:35:50.937+0700] {logging_mixin.py:190} INFO - [2024-10-21T15:35:50.936+0700] {dagbag.py:588} INFO - Filling up the DagBag from /Users/punny/Documents/GitHub/NYC-Taxi-ETL-Pipeline/.venv/lib/python3.10/site-packages/airflow/example_dags/example_sensor_decorator.py
[2024-10-21T15:35:50.997+0700] {processor.py:925} INFO - DAG(s) 'example_sensor_decorator' retrieved from /Users/punny/Documents/GitHub/NYC-Taxi-ETL-Pipeline/.venv/lib/python3.10/site-packages/airflow/example_dags/example_sensor_decorator.py
[2024-10-21T15:35:51.922+0700] {logging_mixin.py:190} INFO - [2024-10-21T15:35:51.922+0700] {dag.py:3239} INFO - Sync 1 DAGs
[2024-10-21T15:35:51.942+0700] {logging_mixin.py:190} INFO - [2024-10-21T15:35:51.942+0700] {dag.py:4180} INFO - Setting next_dagrun for example_sensor_decorator to None, run_after=None
[2024-10-21T15:35:51.968+0700] {processor.py:208} INFO - Processing /Users/punny/Documents/GitHub/NYC-Taxi-ETL-Pipeline/.venv/lib/python3.10/site-packages/airflow/example_dags/example_sensor_decorator.py took 1.047 seconds
[2024-10-21T15:39:46.064+0700] {processor.py:186} INFO - Started process (PID=42820) to work on /Users/punny/Documents/GitHub/NYC-Taxi-ETL-Pipeline/.venv/lib/python3.10/site-packages/airflow/example_dags/example_sensor_decorator.py
[2024-10-21T15:39:46.069+0700] {processor.py:914} INFO - Processing file /Users/punny/Documents/GitHub/NYC-Taxi-ETL-Pipeline/.venv/lib/python3.10/site-packages/airflow/example_dags/example_sensor_decorator.py for tasks to queue
[2024-10-21T15:39:46.072+0700] {logging_mixin.py:190} INFO - [2024-10-21T15:39:46.071+0700] {dagbag.py:588} INFO - Filling up the DagBag from /Users/punny/Documents/GitHub/NYC-Taxi-ETL-Pipeline/.venv/lib/python3.10/site-packages/airflow/example_dags/example_sensor_decorator.py
[2024-10-21T15:39:46.167+0700] {processor.py:925} INFO - DAG(s) 'example_sensor_decorator' retrieved from /Users/punny/Documents/GitHub/NYC-Taxi-ETL-Pipeline/.venv/lib/python3.10/site-packages/airflow/example_dags/example_sensor_decorator.py
[2024-10-21T15:39:47.335+0700] {logging_mixin.py:190} INFO - [2024-10-21T15:39:47.335+0700] {dag.py:3239} INFO - Sync 1 DAGs
[2024-10-21T15:39:47.363+0700] {logging_mixin.py:190} INFO - [2024-10-21T15:39:47.363+0700] {dag.py:4180} INFO - Setting next_dagrun for example_sensor_decorator to None, run_after=None
[2024-10-21T15:39:47.413+0700] {processor.py:208} INFO - Processing /Users/punny/Documents/GitHub/NYC-Taxi-ETL-Pipeline/.venv/lib/python3.10/site-packages/airflow/example_dags/example_sensor_decorator.py took 1.369 seconds
[2024-10-21T15:43:44.970+0700] {processor.py:186} INFO - Started process (PID=43355) to work on /Users/punny/Documents/GitHub/NYC-Taxi-ETL-Pipeline/.venv/lib/python3.10/site-packages/airflow/example_dags/example_sensor_decorator.py
[2024-10-21T15:43:44.976+0700] {processor.py:914} INFO - Processing file /Users/punny/Documents/GitHub/NYC-Taxi-ETL-Pipeline/.venv/lib/python3.10/site-packages/airflow/example_dags/example_sensor_decorator.py for tasks to queue
[2024-10-21T15:43:44.977+0700] {logging_mixin.py:190} INFO - [2024-10-21T15:43:44.977+0700] {dagbag.py:588} INFO - Filling up the DagBag from /Users/punny/Documents/GitHub/NYC-Taxi-ETL-Pipeline/.venv/lib/python3.10/site-packages/airflow/example_dags/example_sensor_decorator.py
[2024-10-21T15:43:45.043+0700] {processor.py:925} INFO - DAG(s) 'example_sensor_decorator' retrieved from /Users/punny/Documents/GitHub/NYC-Taxi-ETL-Pipeline/.venv/lib/python3.10/site-packages/airflow/example_dags/example_sensor_decorator.py
[2024-10-21T15:43:46.038+0700] {logging_mixin.py:190} INFO - [2024-10-21T15:43:46.037+0700] {dag.py:3239} INFO - Sync 1 DAGs
[2024-10-21T15:43:46.061+0700] {logging_mixin.py:190} INFO - [2024-10-21T15:43:46.060+0700] {dag.py:4180} INFO - Setting next_dagrun for example_sensor_decorator to None, run_after=None
[2024-10-21T15:43:46.092+0700] {processor.py:208} INFO - Processing /Users/punny/Documents/GitHub/NYC-Taxi-ETL-Pipeline/.venv/lib/python3.10/site-packages/airflow/example_dags/example_sensor_decorator.py took 1.135 seconds
[2024-10-21T15:47:38.495+0700] {processor.py:186} INFO - Started process (PID=43828) to work on /Users/punny/Documents/GitHub/NYC-Taxi-ETL-Pipeline/.venv/lib/python3.10/site-packages/airflow/example_dags/example_sensor_decorator.py
[2024-10-21T15:47:38.500+0700] {processor.py:914} INFO - Processing file /Users/punny/Documents/GitHub/NYC-Taxi-ETL-Pipeline/.venv/lib/python3.10/site-packages/airflow/example_dags/example_sensor_decorator.py for tasks to queue
[2024-10-21T15:47:38.502+0700] {logging_mixin.py:190} INFO - [2024-10-21T15:47:38.502+0700] {dagbag.py:588} INFO - Filling up the DagBag from /Users/punny/Documents/GitHub/NYC-Taxi-ETL-Pipeline/.venv/lib/python3.10/site-packages/airflow/example_dags/example_sensor_decorator.py
[2024-10-21T15:47:38.573+0700] {processor.py:925} INFO - DAG(s) 'example_sensor_decorator' retrieved from /Users/punny/Documents/GitHub/NYC-Taxi-ETL-Pipeline/.venv/lib/python3.10/site-packages/airflow/example_dags/example_sensor_decorator.py
[2024-10-21T15:47:39.677+0700] {logging_mixin.py:190} INFO - [2024-10-21T15:47:39.677+0700] {dag.py:3239} INFO - Sync 1 DAGs
[2024-10-21T15:47:39.694+0700] {logging_mixin.py:190} INFO - [2024-10-21T15:47:39.694+0700] {dag.py:4180} INFO - Setting next_dagrun for example_sensor_decorator to None, run_after=None
[2024-10-21T15:47:39.722+0700] {processor.py:208} INFO - Processing /Users/punny/Documents/GitHub/NYC-Taxi-ETL-Pipeline/.venv/lib/python3.10/site-packages/airflow/example_dags/example_sensor_decorator.py took 1.236 seconds
[2024-10-21T15:51:37.282+0700] {processor.py:186} INFO - Started process (PID=44358) to work on /Users/punny/Documents/GitHub/NYC-Taxi-ETL-Pipeline/.venv/lib/python3.10/site-packages/airflow/example_dags/example_sensor_decorator.py
[2024-10-21T15:51:37.289+0700] {processor.py:914} INFO - Processing file /Users/punny/Documents/GitHub/NYC-Taxi-ETL-Pipeline/.venv/lib/python3.10/site-packages/airflow/example_dags/example_sensor_decorator.py for tasks to queue
[2024-10-21T15:51:37.295+0700] {logging_mixin.py:190} INFO - [2024-10-21T15:51:37.295+0700] {dagbag.py:588} INFO - Filling up the DagBag from /Users/punny/Documents/GitHub/NYC-Taxi-ETL-Pipeline/.venv/lib/python3.10/site-packages/airflow/example_dags/example_sensor_decorator.py
[2024-10-21T15:51:37.368+0700] {processor.py:925} INFO - DAG(s) 'example_sensor_decorator' retrieved from /Users/punny/Documents/GitHub/NYC-Taxi-ETL-Pipeline/.venv/lib/python3.10/site-packages/airflow/example_dags/example_sensor_decorator.py
[2024-10-21T15:51:38.268+0700] {logging_mixin.py:190} INFO - [2024-10-21T15:51:38.267+0700] {dag.py:3239} INFO - Sync 1 DAGs
[2024-10-21T15:51:38.287+0700] {logging_mixin.py:190} INFO - [2024-10-21T15:51:38.286+0700] {dag.py:4180} INFO - Setting next_dagrun for example_sensor_decorator to None, run_after=None
[2024-10-21T15:51:38.319+0700] {processor.py:208} INFO - Processing /Users/punny/Documents/GitHub/NYC-Taxi-ETL-Pipeline/.venv/lib/python3.10/site-packages/airflow/example_dags/example_sensor_decorator.py took 1.069 seconds
[2024-10-21T15:55:28.103+0700] {processor.py:186} INFO - Started process (PID=44824) to work on /Users/punny/Documents/GitHub/NYC-Taxi-ETL-Pipeline/.venv/lib/python3.10/site-packages/airflow/example_dags/example_sensor_decorator.py
[2024-10-21T15:55:28.108+0700] {processor.py:914} INFO - Processing file /Users/punny/Documents/GitHub/NYC-Taxi-ETL-Pipeline/.venv/lib/python3.10/site-packages/airflow/example_dags/example_sensor_decorator.py for tasks to queue
[2024-10-21T15:55:28.109+0700] {logging_mixin.py:190} INFO - [2024-10-21T15:55:28.109+0700] {dagbag.py:588} INFO - Filling up the DagBag from /Users/punny/Documents/GitHub/NYC-Taxi-ETL-Pipeline/.venv/lib/python3.10/site-packages/airflow/example_dags/example_sensor_decorator.py
[2024-10-21T15:55:28.187+0700] {processor.py:925} INFO - DAG(s) 'example_sensor_decorator' retrieved from /Users/punny/Documents/GitHub/NYC-Taxi-ETL-Pipeline/.venv/lib/python3.10/site-packages/airflow/example_dags/example_sensor_decorator.py
[2024-10-21T15:55:29.331+0700] {logging_mixin.py:190} INFO - [2024-10-21T15:55:29.330+0700] {dag.py:3239} INFO - Sync 1 DAGs
[2024-10-21T15:55:29.352+0700] {logging_mixin.py:190} INFO - [2024-10-21T15:55:29.352+0700] {dag.py:4180} INFO - Setting next_dagrun for example_sensor_decorator to None, run_after=None
[2024-10-21T15:55:29.385+0700] {processor.py:208} INFO - Processing /Users/punny/Documents/GitHub/NYC-Taxi-ETL-Pipeline/.venv/lib/python3.10/site-packages/airflow/example_dags/example_sensor_decorator.py took 1.296 seconds
[2024-10-21T15:59:40.487+0700] {processor.py:186} INFO - Started process (PID=45381) to work on /Users/punny/Documents/GitHub/NYC-Taxi-ETL-Pipeline/.venv/lib/python3.10/site-packages/airflow/example_dags/example_sensor_decorator.py
[2024-10-21T15:59:40.495+0700] {processor.py:914} INFO - Processing file /Users/punny/Documents/GitHub/NYC-Taxi-ETL-Pipeline/.venv/lib/python3.10/site-packages/airflow/example_dags/example_sensor_decorator.py for tasks to queue
[2024-10-21T15:59:40.501+0700] {logging_mixin.py:190} INFO - [2024-10-21T15:59:40.501+0700] {dagbag.py:588} INFO - Filling up the DagBag from /Users/punny/Documents/GitHub/NYC-Taxi-ETL-Pipeline/.venv/lib/python3.10/site-packages/airflow/example_dags/example_sensor_decorator.py
[2024-10-21T15:59:40.594+0700] {processor.py:925} INFO - DAG(s) 'example_sensor_decorator' retrieved from /Users/punny/Documents/GitHub/NYC-Taxi-ETL-Pipeline/.venv/lib/python3.10/site-packages/airflow/example_dags/example_sensor_decorator.py
[2024-10-21T15:59:41.939+0700] {logging_mixin.py:190} INFO - [2024-10-21T15:59:41.939+0700] {dag.py:3239} INFO - Sync 1 DAGs
[2024-10-21T15:59:41.975+0700] {logging_mixin.py:190} INFO - [2024-10-21T15:59:41.975+0700] {dag.py:4180} INFO - Setting next_dagrun for example_sensor_decorator to None, run_after=None
[2024-10-21T15:59:42.026+0700] {processor.py:208} INFO - Processing /Users/punny/Documents/GitHub/NYC-Taxi-ETL-Pipeline/.venv/lib/python3.10/site-packages/airflow/example_dags/example_sensor_decorator.py took 1.552 seconds
[2024-10-21T16:03:47.059+0700] {processor.py:186} INFO - Started process (PID=45911) to work on /Users/punny/Documents/GitHub/NYC-Taxi-ETL-Pipeline/.venv/lib/python3.10/site-packages/airflow/example_dags/example_sensor_decorator.py
[2024-10-21T16:03:47.064+0700] {processor.py:914} INFO - Processing file /Users/punny/Documents/GitHub/NYC-Taxi-ETL-Pipeline/.venv/lib/python3.10/site-packages/airflow/example_dags/example_sensor_decorator.py for tasks to queue
[2024-10-21T16:03:47.066+0700] {logging_mixin.py:190} INFO - [2024-10-21T16:03:47.066+0700] {dagbag.py:588} INFO - Filling up the DagBag from /Users/punny/Documents/GitHub/NYC-Taxi-ETL-Pipeline/.venv/lib/python3.10/site-packages/airflow/example_dags/example_sensor_decorator.py
[2024-10-21T16:03:47.151+0700] {processor.py:925} INFO - DAG(s) 'example_sensor_decorator' retrieved from /Users/punny/Documents/GitHub/NYC-Taxi-ETL-Pipeline/.venv/lib/python3.10/site-packages/airflow/example_dags/example_sensor_decorator.py
[2024-10-21T16:03:48.198+0700] {logging_mixin.py:190} INFO - [2024-10-21T16:03:48.197+0700] {dag.py:3239} INFO - Sync 1 DAGs
[2024-10-21T16:03:48.217+0700] {logging_mixin.py:190} INFO - [2024-10-21T16:03:48.217+0700] {dag.py:4180} INFO - Setting next_dagrun for example_sensor_decorator to None, run_after=None
[2024-10-21T16:03:48.253+0700] {processor.py:208} INFO - Processing /Users/punny/Documents/GitHub/NYC-Taxi-ETL-Pipeline/.venv/lib/python3.10/site-packages/airflow/example_dags/example_sensor_decorator.py took 1.209 seconds
[2024-10-21T20:37:59.542+0700] {processor.py:186} INFO - Started process (PID=4358) to work on /Users/punny/Documents/GitHub/NYC-Taxi-ETL-Pipeline/.venv/lib/python3.10/site-packages/airflow/example_dags/example_sensor_decorator.py
[2024-10-21T20:37:59.547+0700] {processor.py:914} INFO - Processing file /Users/punny/Documents/GitHub/NYC-Taxi-ETL-Pipeline/.venv/lib/python3.10/site-packages/airflow/example_dags/example_sensor_decorator.py for tasks to queue
[2024-10-21T20:37:59.548+0700] {logging_mixin.py:190} INFO - [2024-10-21T20:37:59.548+0700] {dagbag.py:588} INFO - Filling up the DagBag from /Users/punny/Documents/GitHub/NYC-Taxi-ETL-Pipeline/.venv/lib/python3.10/site-packages/airflow/example_dags/example_sensor_decorator.py
[2024-10-21T20:37:59.614+0700] {processor.py:925} INFO - DAG(s) 'example_sensor_decorator' retrieved from /Users/punny/Documents/GitHub/NYC-Taxi-ETL-Pipeline/.venv/lib/python3.10/site-packages/airflow/example_dags/example_sensor_decorator.py
[2024-10-21T20:38:00.576+0700] {logging_mixin.py:190} INFO - [2024-10-21T20:38:00.575+0700] {dag.py:3239} INFO - Sync 1 DAGs
[2024-10-21T20:38:00.598+0700] {logging_mixin.py:190} INFO - [2024-10-21T20:38:00.597+0700] {dag.py:4180} INFO - Setting next_dagrun for example_sensor_decorator to None, run_after=None
[2024-10-21T20:38:00.630+0700] {processor.py:208} INFO - Processing /Users/punny/Documents/GitHub/NYC-Taxi-ETL-Pipeline/.venv/lib/python3.10/site-packages/airflow/example_dags/example_sensor_decorator.py took 1.102 seconds
[2024-10-21T20:41:25.762+0700] {processor.py:186} INFO - Started process (PID=4598) to work on /Users/punny/Documents/GitHub/NYC-Taxi-ETL-Pipeline/.venv/lib/python3.10/site-packages/airflow/example_dags/example_sensor_decorator.py
[2024-10-21T20:41:25.767+0700] {processor.py:914} INFO - Processing file /Users/punny/Documents/GitHub/NYC-Taxi-ETL-Pipeline/.venv/lib/python3.10/site-packages/airflow/example_dags/example_sensor_decorator.py for tasks to queue
[2024-10-21T20:41:25.769+0700] {logging_mixin.py:190} INFO - [2024-10-21T20:41:25.768+0700] {dagbag.py:588} INFO - Filling up the DagBag from /Users/punny/Documents/GitHub/NYC-Taxi-ETL-Pipeline/.venv/lib/python3.10/site-packages/airflow/example_dags/example_sensor_decorator.py
[2024-10-21T20:41:25.813+0700] {processor.py:925} INFO - DAG(s) 'example_sensor_decorator' retrieved from /Users/punny/Documents/GitHub/NYC-Taxi-ETL-Pipeline/.venv/lib/python3.10/site-packages/airflow/example_dags/example_sensor_decorator.py
[2024-10-21T20:41:26.492+0700] {logging_mixin.py:190} INFO - [2024-10-21T20:41:26.491+0700] {dag.py:3239} INFO - Sync 1 DAGs
[2024-10-21T20:41:26.507+0700] {logging_mixin.py:190} INFO - [2024-10-21T20:41:26.507+0700] {dag.py:4180} INFO - Setting next_dagrun for example_sensor_decorator to None, run_after=None
[2024-10-21T20:41:26.528+0700] {processor.py:208} INFO - Processing /Users/punny/Documents/GitHub/NYC-Taxi-ETL-Pipeline/.venv/lib/python3.10/site-packages/airflow/example_dags/example_sensor_decorator.py took 0.774 seconds
[2024-10-21T20:45:18.313+0700] {processor.py:186} INFO - Started process (PID=4975) to work on /Users/punny/Documents/GitHub/NYC-Taxi-ETL-Pipeline/.venv/lib/python3.10/site-packages/airflow/example_dags/example_sensor_decorator.py
[2024-10-21T20:45:18.317+0700] {processor.py:914} INFO - Processing file /Users/punny/Documents/GitHub/NYC-Taxi-ETL-Pipeline/.venv/lib/python3.10/site-packages/airflow/example_dags/example_sensor_decorator.py for tasks to queue
[2024-10-21T20:45:18.319+0700] {logging_mixin.py:190} INFO - [2024-10-21T20:45:18.319+0700] {dagbag.py:588} INFO - Filling up the DagBag from /Users/punny/Documents/GitHub/NYC-Taxi-ETL-Pipeline/.venv/lib/python3.10/site-packages/airflow/example_dags/example_sensor_decorator.py
[2024-10-21T20:45:18.393+0700] {processor.py:925} INFO - DAG(s) 'example_sensor_decorator' retrieved from /Users/punny/Documents/GitHub/NYC-Taxi-ETL-Pipeline/.venv/lib/python3.10/site-packages/airflow/example_dags/example_sensor_decorator.py
[2024-10-21T20:45:19.405+0700] {logging_mixin.py:190} INFO - [2024-10-21T20:45:19.404+0700] {dag.py:3239} INFO - Sync 1 DAGs
[2024-10-21T20:45:19.427+0700] {logging_mixin.py:190} INFO - [2024-10-21T20:45:19.427+0700] {dag.py:4180} INFO - Setting next_dagrun for example_sensor_decorator to None, run_after=None
[2024-10-21T20:45:19.457+0700] {processor.py:208} INFO - Processing /Users/punny/Documents/GitHub/NYC-Taxi-ETL-Pipeline/.venv/lib/python3.10/site-packages/airflow/example_dags/example_sensor_decorator.py took 1.156 seconds
[2024-10-21T20:49:14.396+0700] {processor.py:186} INFO - Started process (PID=5380) to work on /Users/punny/Documents/GitHub/NYC-Taxi-ETL-Pipeline/.venv/lib/python3.10/site-packages/airflow/example_dags/example_sensor_decorator.py
[2024-10-21T20:49:14.401+0700] {processor.py:914} INFO - Processing file /Users/punny/Documents/GitHub/NYC-Taxi-ETL-Pipeline/.venv/lib/python3.10/site-packages/airflow/example_dags/example_sensor_decorator.py for tasks to queue
[2024-10-21T20:49:14.402+0700] {logging_mixin.py:190} INFO - [2024-10-21T20:49:14.402+0700] {dagbag.py:588} INFO - Filling up the DagBag from /Users/punny/Documents/GitHub/NYC-Taxi-ETL-Pipeline/.venv/lib/python3.10/site-packages/airflow/example_dags/example_sensor_decorator.py
[2024-10-21T20:49:14.446+0700] {processor.py:925} INFO - DAG(s) 'example_sensor_decorator' retrieved from /Users/punny/Documents/GitHub/NYC-Taxi-ETL-Pipeline/.venv/lib/python3.10/site-packages/airflow/example_dags/example_sensor_decorator.py
[2024-10-21T20:49:15.084+0700] {logging_mixin.py:190} INFO - [2024-10-21T20:49:15.084+0700] {dag.py:3239} INFO - Sync 1 DAGs
[2024-10-21T20:49:15.098+0700] {logging_mixin.py:190} INFO - [2024-10-21T20:49:15.097+0700] {dag.py:4180} INFO - Setting next_dagrun for example_sensor_decorator to None, run_after=None
[2024-10-21T20:49:15.120+0700] {processor.py:208} INFO - Processing /Users/punny/Documents/GitHub/NYC-Taxi-ETL-Pipeline/.venv/lib/python3.10/site-packages/airflow/example_dags/example_sensor_decorator.py took 0.731 seconds
[2024-10-21T20:57:08.298+0700] {processor.py:186} INFO - Started process (PID=6247) to work on /Users/punny/Documents/GitHub/NYC-Taxi-ETL-Pipeline/.venv/lib/python3.10/site-packages/airflow/example_dags/example_sensor_decorator.py
[2024-10-21T20:57:08.301+0700] {processor.py:914} INFO - Processing file /Users/punny/Documents/GitHub/NYC-Taxi-ETL-Pipeline/.venv/lib/python3.10/site-packages/airflow/example_dags/example_sensor_decorator.py for tasks to queue
[2024-10-21T20:57:08.302+0700] {logging_mixin.py:190} INFO - [2024-10-21T20:57:08.302+0700] {dagbag.py:588} INFO - Filling up the DagBag from /Users/punny/Documents/GitHub/NYC-Taxi-ETL-Pipeline/.venv/lib/python3.10/site-packages/airflow/example_dags/example_sensor_decorator.py
[2024-10-21T20:57:08.352+0700] {processor.py:925} INFO - DAG(s) 'example_sensor_decorator' retrieved from /Users/punny/Documents/GitHub/NYC-Taxi-ETL-Pipeline/.venv/lib/python3.10/site-packages/airflow/example_dags/example_sensor_decorator.py
[2024-10-21T20:57:09.029+0700] {logging_mixin.py:190} INFO - [2024-10-21T20:57:09.029+0700] {dag.py:3239} INFO - Sync 1 DAGs
[2024-10-21T20:57:09.044+0700] {logging_mixin.py:190} INFO - [2024-10-21T20:57:09.044+0700] {dag.py:4180} INFO - Setting next_dagrun for example_sensor_decorator to None, run_after=None
[2024-10-21T20:57:09.067+0700] {processor.py:208} INFO - Processing /Users/punny/Documents/GitHub/NYC-Taxi-ETL-Pipeline/.venv/lib/python3.10/site-packages/airflow/example_dags/example_sensor_decorator.py took 0.774 seconds
[2024-10-21T21:01:12.540+0700] {processor.py:186} INFO - Started process (PID=6484) to work on /Users/punny/Documents/GitHub/NYC-Taxi-ETL-Pipeline/.venv/lib/python3.10/site-packages/airflow/example_dags/example_sensor_decorator.py
[2024-10-21T21:01:12.545+0700] {processor.py:914} INFO - Processing file /Users/punny/Documents/GitHub/NYC-Taxi-ETL-Pipeline/.venv/lib/python3.10/site-packages/airflow/example_dags/example_sensor_decorator.py for tasks to queue
[2024-10-21T21:01:12.547+0700] {logging_mixin.py:190} INFO - [2024-10-21T21:01:12.547+0700] {dagbag.py:588} INFO - Filling up the DagBag from /Users/punny/Documents/GitHub/NYC-Taxi-ETL-Pipeline/.venv/lib/python3.10/site-packages/airflow/example_dags/example_sensor_decorator.py
[2024-10-21T21:01:12.624+0700] {processor.py:925} INFO - DAG(s) 'example_sensor_decorator' retrieved from /Users/punny/Documents/GitHub/NYC-Taxi-ETL-Pipeline/.venv/lib/python3.10/site-packages/airflow/example_dags/example_sensor_decorator.py
[2024-10-21T21:01:13.804+0700] {logging_mixin.py:190} INFO - [2024-10-21T21:01:13.803+0700] {dag.py:3239} INFO - Sync 1 DAGs
[2024-10-21T21:01:13.845+0700] {logging_mixin.py:190} INFO - [2024-10-21T21:01:13.844+0700] {dag.py:4180} INFO - Setting next_dagrun for example_sensor_decorator to None, run_after=None
[2024-10-21T21:01:13.885+0700] {processor.py:208} INFO - Processing /Users/punny/Documents/GitHub/NYC-Taxi-ETL-Pipeline/.venv/lib/python3.10/site-packages/airflow/example_dags/example_sensor_decorator.py took 1.359 seconds
[2024-10-21T21:05:03.921+0700] {processor.py:186} INFO - Started process (PID=6789) to work on /Users/punny/Documents/GitHub/NYC-Taxi-ETL-Pipeline/.venv/lib/python3.10/site-packages/airflow/example_dags/example_sensor_decorator.py
[2024-10-21T21:05:03.924+0700] {processor.py:914} INFO - Processing file /Users/punny/Documents/GitHub/NYC-Taxi-ETL-Pipeline/.venv/lib/python3.10/site-packages/airflow/example_dags/example_sensor_decorator.py for tasks to queue
[2024-10-21T21:05:03.925+0700] {logging_mixin.py:190} INFO - [2024-10-21T21:05:03.925+0700] {dagbag.py:588} INFO - Filling up the DagBag from /Users/punny/Documents/GitHub/NYC-Taxi-ETL-Pipeline/.venv/lib/python3.10/site-packages/airflow/example_dags/example_sensor_decorator.py
[2024-10-21T21:05:03.969+0700] {processor.py:925} INFO - DAG(s) 'example_sensor_decorator' retrieved from /Users/punny/Documents/GitHub/NYC-Taxi-ETL-Pipeline/.venv/lib/python3.10/site-packages/airflow/example_dags/example_sensor_decorator.py
[2024-10-21T21:05:04.572+0700] {logging_mixin.py:190} INFO - [2024-10-21T21:05:04.572+0700] {dag.py:3239} INFO - Sync 1 DAGs
[2024-10-21T21:05:04.586+0700] {logging_mixin.py:190} INFO - [2024-10-21T21:05:04.585+0700] {dag.py:4180} INFO - Setting next_dagrun for example_sensor_decorator to None, run_after=None
[2024-10-21T21:05:04.608+0700] {processor.py:208} INFO - Processing /Users/punny/Documents/GitHub/NYC-Taxi-ETL-Pipeline/.venv/lib/python3.10/site-packages/airflow/example_dags/example_sensor_decorator.py took 0.694 seconds
[2024-10-21T21:08:36.891+0700] {processor.py:186} INFO - Started process (PID=7102) to work on /Users/punny/Documents/GitHub/NYC-Taxi-ETL-Pipeline/.venv/lib/python3.10/site-packages/airflow/example_dags/example_sensor_decorator.py
[2024-10-21T21:08:36.897+0700] {processor.py:914} INFO - Processing file /Users/punny/Documents/GitHub/NYC-Taxi-ETL-Pipeline/.venv/lib/python3.10/site-packages/airflow/example_dags/example_sensor_decorator.py for tasks to queue
[2024-10-21T21:08:36.898+0700] {logging_mixin.py:190} INFO - [2024-10-21T21:08:36.898+0700] {dagbag.py:588} INFO - Filling up the DagBag from /Users/punny/Documents/GitHub/NYC-Taxi-ETL-Pipeline/.venv/lib/python3.10/site-packages/airflow/example_dags/example_sensor_decorator.py
[2024-10-21T21:08:36.970+0700] {processor.py:925} INFO - DAG(s) 'example_sensor_decorator' retrieved from /Users/punny/Documents/GitHub/NYC-Taxi-ETL-Pipeline/.venv/lib/python3.10/site-packages/airflow/example_dags/example_sensor_decorator.py
[2024-10-21T21:08:37.986+0700] {logging_mixin.py:190} INFO - [2024-10-21T21:08:37.986+0700] {dag.py:3239} INFO - Sync 1 DAGs
[2024-10-21T21:08:38.003+0700] {logging_mixin.py:190} INFO - [2024-10-21T21:08:38.003+0700] {dag.py:4180} INFO - Setting next_dagrun for example_sensor_decorator to None, run_after=None
[2024-10-21T21:08:38.035+0700] {processor.py:208} INFO - Processing /Users/punny/Documents/GitHub/NYC-Taxi-ETL-Pipeline/.venv/lib/python3.10/site-packages/airflow/example_dags/example_sensor_decorator.py took 1.156 seconds
[2024-10-21T21:11:45.539+0700] {processor.py:186} INFO - Started process (PID=7276) to work on /Users/punny/Documents/GitHub/NYC-Taxi-ETL-Pipeline/.venv/lib/python3.10/site-packages/airflow/example_dags/example_sensor_decorator.py
[2024-10-21T21:11:45.543+0700] {processor.py:914} INFO - Processing file /Users/punny/Documents/GitHub/NYC-Taxi-ETL-Pipeline/.venv/lib/python3.10/site-packages/airflow/example_dags/example_sensor_decorator.py for tasks to queue
[2024-10-21T21:11:45.544+0700] {logging_mixin.py:190} INFO - [2024-10-21T21:11:45.544+0700] {dagbag.py:588} INFO - Filling up the DagBag from /Users/punny/Documents/GitHub/NYC-Taxi-ETL-Pipeline/.venv/lib/python3.10/site-packages/airflow/example_dags/example_sensor_decorator.py
[2024-10-21T21:11:45.586+0700] {processor.py:925} INFO - DAG(s) 'example_sensor_decorator' retrieved from /Users/punny/Documents/GitHub/NYC-Taxi-ETL-Pipeline/.venv/lib/python3.10/site-packages/airflow/example_dags/example_sensor_decorator.py
[2024-10-21T21:11:46.202+0700] {logging_mixin.py:190} INFO - [2024-10-21T21:11:46.201+0700] {dag.py:3239} INFO - Sync 1 DAGs
[2024-10-21T21:11:46.215+0700] {logging_mixin.py:190} INFO - [2024-10-21T21:11:46.215+0700] {dag.py:4180} INFO - Setting next_dagrun for example_sensor_decorator to None, run_after=None
[2024-10-21T21:11:46.238+0700] {processor.py:208} INFO - Processing /Users/punny/Documents/GitHub/NYC-Taxi-ETL-Pipeline/.venv/lib/python3.10/site-packages/airflow/example_dags/example_sensor_decorator.py took 0.707 seconds
[2024-10-21T21:14:52.959+0700] {processor.py:186} INFO - Started process (PID=7636) to work on /Users/punny/Documents/GitHub/NYC-Taxi-ETL-Pipeline/.venv/lib/python3.10/site-packages/airflow/example_dags/example_sensor_decorator.py
[2024-10-21T21:14:52.963+0700] {processor.py:914} INFO - Processing file /Users/punny/Documents/GitHub/NYC-Taxi-ETL-Pipeline/.venv/lib/python3.10/site-packages/airflow/example_dags/example_sensor_decorator.py for tasks to queue
[2024-10-21T21:14:52.964+0700] {logging_mixin.py:190} INFO - [2024-10-21T21:14:52.964+0700] {dagbag.py:588} INFO - Filling up the DagBag from /Users/punny/Documents/GitHub/NYC-Taxi-ETL-Pipeline/.venv/lib/python3.10/site-packages/airflow/example_dags/example_sensor_decorator.py
[2024-10-21T21:14:53.007+0700] {processor.py:925} INFO - DAG(s) 'example_sensor_decorator' retrieved from /Users/punny/Documents/GitHub/NYC-Taxi-ETL-Pipeline/.venv/lib/python3.10/site-packages/airflow/example_dags/example_sensor_decorator.py
[2024-10-21T21:14:53.618+0700] {logging_mixin.py:190} INFO - [2024-10-21T21:14:53.617+0700] {dag.py:3239} INFO - Sync 1 DAGs
[2024-10-21T21:14:53.632+0700] {logging_mixin.py:190} INFO - [2024-10-21T21:14:53.631+0700] {dag.py:4180} INFO - Setting next_dagrun for example_sensor_decorator to None, run_after=None
[2024-10-21T21:14:53.655+0700] {processor.py:208} INFO - Processing /Users/punny/Documents/GitHub/NYC-Taxi-ETL-Pipeline/.venv/lib/python3.10/site-packages/airflow/example_dags/example_sensor_decorator.py took 0.703 seconds
[2024-10-21T21:18:16.855+0700] {processor.py:186} INFO - Started process (PID=7937) to work on /Users/punny/Documents/GitHub/NYC-Taxi-ETL-Pipeline/.venv/lib/python3.10/site-packages/airflow/example_dags/example_sensor_decorator.py
[2024-10-21T21:18:16.858+0700] {processor.py:914} INFO - Processing file /Users/punny/Documents/GitHub/NYC-Taxi-ETL-Pipeline/.venv/lib/python3.10/site-packages/airflow/example_dags/example_sensor_decorator.py for tasks to queue
[2024-10-21T21:18:16.859+0700] {logging_mixin.py:190} INFO - [2024-10-21T21:18:16.859+0700] {dagbag.py:588} INFO - Filling up the DagBag from /Users/punny/Documents/GitHub/NYC-Taxi-ETL-Pipeline/.venv/lib/python3.10/site-packages/airflow/example_dags/example_sensor_decorator.py
[2024-10-21T21:18:16.911+0700] {processor.py:925} INFO - DAG(s) 'example_sensor_decorator' retrieved from /Users/punny/Documents/GitHub/NYC-Taxi-ETL-Pipeline/.venv/lib/python3.10/site-packages/airflow/example_dags/example_sensor_decorator.py
[2024-10-21T21:18:18.010+0700] {logging_mixin.py:190} INFO - [2024-10-21T21:18:18.010+0700] {dag.py:3239} INFO - Sync 1 DAGs
[2024-10-21T21:18:18.025+0700] {logging_mixin.py:190} INFO - [2024-10-21T21:18:18.024+0700] {dag.py:4180} INFO - Setting next_dagrun for example_sensor_decorator to None, run_after=None
[2024-10-21T21:18:18.058+0700] {processor.py:208} INFO - Processing /Users/punny/Documents/GitHub/NYC-Taxi-ETL-Pipeline/.venv/lib/python3.10/site-packages/airflow/example_dags/example_sensor_decorator.py took 1.214 seconds
[2024-10-21T21:21:11.925+0700] {processor.py:186} INFO - Started process (PID=8102) to work on /Users/punny/Documents/GitHub/NYC-Taxi-ETL-Pipeline/.venv/lib/python3.10/site-packages/airflow/example_dags/example_sensor_decorator.py
[2024-10-21T21:21:11.929+0700] {processor.py:914} INFO - Processing file /Users/punny/Documents/GitHub/NYC-Taxi-ETL-Pipeline/.venv/lib/python3.10/site-packages/airflow/example_dags/example_sensor_decorator.py for tasks to queue
[2024-10-21T21:21:11.930+0700] {logging_mixin.py:190} INFO - [2024-10-21T21:21:11.930+0700] {dagbag.py:588} INFO - Filling up the DagBag from /Users/punny/Documents/GitHub/NYC-Taxi-ETL-Pipeline/.venv/lib/python3.10/site-packages/airflow/example_dags/example_sensor_decorator.py
[2024-10-21T21:21:11.976+0700] {processor.py:925} INFO - DAG(s) 'example_sensor_decorator' retrieved from /Users/punny/Documents/GitHub/NYC-Taxi-ETL-Pipeline/.venv/lib/python3.10/site-packages/airflow/example_dags/example_sensor_decorator.py
[2024-10-21T21:21:12.608+0700] {logging_mixin.py:190} INFO - [2024-10-21T21:21:12.608+0700] {dag.py:3239} INFO - Sync 1 DAGs
[2024-10-21T21:21:12.622+0700] {logging_mixin.py:190} INFO - [2024-10-21T21:21:12.621+0700] {dag.py:4180} INFO - Setting next_dagrun for example_sensor_decorator to None, run_after=None
[2024-10-21T21:21:12.758+0700] {processor.py:208} INFO - Processing /Users/punny/Documents/GitHub/NYC-Taxi-ETL-Pipeline/.venv/lib/python3.10/site-packages/airflow/example_dags/example_sensor_decorator.py took 0.840 seconds
[2024-10-21T21:24:07.760+0700] {processor.py:186} INFO - Started process (PID=8371) to work on /Users/punny/Documents/GitHub/NYC-Taxi-ETL-Pipeline/.venv/lib/python3.10/site-packages/airflow/example_dags/example_sensor_decorator.py
[2024-10-21T21:24:07.764+0700] {processor.py:914} INFO - Processing file /Users/punny/Documents/GitHub/NYC-Taxi-ETL-Pipeline/.venv/lib/python3.10/site-packages/airflow/example_dags/example_sensor_decorator.py for tasks to queue
[2024-10-21T21:24:07.765+0700] {logging_mixin.py:190} INFO - [2024-10-21T21:24:07.765+0700] {dagbag.py:588} INFO - Filling up the DagBag from /Users/punny/Documents/GitHub/NYC-Taxi-ETL-Pipeline/.venv/lib/python3.10/site-packages/airflow/example_dags/example_sensor_decorator.py
[2024-10-21T21:24:07.813+0700] {processor.py:925} INFO - DAG(s) 'example_sensor_decorator' retrieved from /Users/punny/Documents/GitHub/NYC-Taxi-ETL-Pipeline/.venv/lib/python3.10/site-packages/airflow/example_dags/example_sensor_decorator.py
[2024-10-21T21:24:08.512+0700] {logging_mixin.py:190} INFO - [2024-10-21T21:24:08.511+0700] {dag.py:3239} INFO - Sync 1 DAGs
[2024-10-21T21:24:08.528+0700] {logging_mixin.py:190} INFO - [2024-10-21T21:24:08.527+0700] {dag.py:4180} INFO - Setting next_dagrun for example_sensor_decorator to None, run_after=None
[2024-10-21T21:24:08.554+0700] {processor.py:208} INFO - Processing /Users/punny/Documents/GitHub/NYC-Taxi-ETL-Pipeline/.venv/lib/python3.10/site-packages/airflow/example_dags/example_sensor_decorator.py took 0.804 seconds
[2024-10-21T21:27:41.291+0700] {processor.py:186} INFO - Started process (PID=8716) to work on /Users/punny/Documents/GitHub/NYC-Taxi-ETL-Pipeline/.venv/lib/python3.10/site-packages/airflow/example_dags/example_sensor_decorator.py
[2024-10-21T21:27:41.294+0700] {processor.py:914} INFO - Processing file /Users/punny/Documents/GitHub/NYC-Taxi-ETL-Pipeline/.venv/lib/python3.10/site-packages/airflow/example_dags/example_sensor_decorator.py for tasks to queue
[2024-10-21T21:27:41.295+0700] {logging_mixin.py:190} INFO - [2024-10-21T21:27:41.295+0700] {dagbag.py:588} INFO - Filling up the DagBag from /Users/punny/Documents/GitHub/NYC-Taxi-ETL-Pipeline/.venv/lib/python3.10/site-packages/airflow/example_dags/example_sensor_decorator.py
[2024-10-21T21:27:41.343+0700] {processor.py:925} INFO - DAG(s) 'example_sensor_decorator' retrieved from /Users/punny/Documents/GitHub/NYC-Taxi-ETL-Pipeline/.venv/lib/python3.10/site-packages/airflow/example_dags/example_sensor_decorator.py
[2024-10-21T21:27:41.949+0700] {logging_mixin.py:190} INFO - [2024-10-21T21:27:41.948+0700] {dag.py:3239} INFO - Sync 1 DAGs
[2024-10-21T21:27:41.962+0700] {logging_mixin.py:190} INFO - [2024-10-21T21:27:41.962+0700] {dag.py:4180} INFO - Setting next_dagrun for example_sensor_decorator to None, run_after=None
[2024-10-21T21:27:41.984+0700] {processor.py:208} INFO - Processing /Users/punny/Documents/GitHub/NYC-Taxi-ETL-Pipeline/.venv/lib/python3.10/site-packages/airflow/example_dags/example_sensor_decorator.py took 0.701 seconds
[2024-10-21T21:30:37.095+0700] {processor.py:186} INFO - Started process (PID=8939) to work on /Users/punny/Documents/GitHub/NYC-Taxi-ETL-Pipeline/.venv/lib/python3.10/site-packages/airflow/example_dags/example_sensor_decorator.py
[2024-10-21T21:30:37.098+0700] {processor.py:914} INFO - Processing file /Users/punny/Documents/GitHub/NYC-Taxi-ETL-Pipeline/.venv/lib/python3.10/site-packages/airflow/example_dags/example_sensor_decorator.py for tasks to queue
[2024-10-21T21:30:37.099+0700] {logging_mixin.py:190} INFO - [2024-10-21T21:30:37.099+0700] {dagbag.py:588} INFO - Filling up the DagBag from /Users/punny/Documents/GitHub/NYC-Taxi-ETL-Pipeline/.venv/lib/python3.10/site-packages/airflow/example_dags/example_sensor_decorator.py
[2024-10-21T21:30:37.154+0700] {processor.py:925} INFO - DAG(s) 'example_sensor_decorator' retrieved from /Users/punny/Documents/GitHub/NYC-Taxi-ETL-Pipeline/.venv/lib/python3.10/site-packages/airflow/example_dags/example_sensor_decorator.py
[2024-10-21T21:30:37.862+0700] {logging_mixin.py:190} INFO - [2024-10-21T21:30:37.861+0700] {dag.py:3239} INFO - Sync 1 DAGs
[2024-10-21T21:30:37.875+0700] {logging_mixin.py:190} INFO - [2024-10-21T21:30:37.875+0700] {dag.py:4180} INFO - Setting next_dagrun for example_sensor_decorator to None, run_after=None
[2024-10-21T21:30:37.897+0700] {processor.py:208} INFO - Processing /Users/punny/Documents/GitHub/NYC-Taxi-ETL-Pipeline/.venv/lib/python3.10/site-packages/airflow/example_dags/example_sensor_decorator.py took 0.811 seconds
[2024-10-21T21:33:26.965+0700] {processor.py:186} INFO - Started process (PID=9167) to work on /Users/punny/Documents/GitHub/NYC-Taxi-ETL-Pipeline/.venv/lib/python3.10/site-packages/airflow/example_dags/example_sensor_decorator.py
[2024-10-21T21:33:26.969+0700] {processor.py:914} INFO - Processing file /Users/punny/Documents/GitHub/NYC-Taxi-ETL-Pipeline/.venv/lib/python3.10/site-packages/airflow/example_dags/example_sensor_decorator.py for tasks to queue
[2024-10-21T21:33:26.970+0700] {logging_mixin.py:190} INFO - [2024-10-21T21:33:26.970+0700] {dagbag.py:588} INFO - Filling up the DagBag from /Users/punny/Documents/GitHub/NYC-Taxi-ETL-Pipeline/.venv/lib/python3.10/site-packages/airflow/example_dags/example_sensor_decorator.py
[2024-10-21T21:33:27.036+0700] {processor.py:925} INFO - DAG(s) 'example_sensor_decorator' retrieved from /Users/punny/Documents/GitHub/NYC-Taxi-ETL-Pipeline/.venv/lib/python3.10/site-packages/airflow/example_dags/example_sensor_decorator.py
[2024-10-21T21:33:27.879+0700] {logging_mixin.py:190} INFO - [2024-10-21T21:33:27.879+0700] {dag.py:3239} INFO - Sync 1 DAGs
[2024-10-21T21:33:27.903+0700] {logging_mixin.py:190} INFO - [2024-10-21T21:33:27.898+0700] {dag.py:4180} INFO - Setting next_dagrun for example_sensor_decorator to None, run_after=None
[2024-10-21T21:33:27.927+0700] {processor.py:208} INFO - Processing /Users/punny/Documents/GitHub/NYC-Taxi-ETL-Pipeline/.venv/lib/python3.10/site-packages/airflow/example_dags/example_sensor_decorator.py took 0.981 seconds
[2024-10-21T21:36:23.890+0700] {processor.py:186} INFO - Started process (PID=9403) to work on /Users/punny/Documents/GitHub/NYC-Taxi-ETL-Pipeline/.venv/lib/python3.10/site-packages/airflow/example_dags/example_sensor_decorator.py
[2024-10-21T21:36:23.893+0700] {processor.py:914} INFO - Processing file /Users/punny/Documents/GitHub/NYC-Taxi-ETL-Pipeline/.venv/lib/python3.10/site-packages/airflow/example_dags/example_sensor_decorator.py for tasks to queue
[2024-10-21T21:36:23.895+0700] {logging_mixin.py:190} INFO - [2024-10-21T21:36:23.894+0700] {dagbag.py:588} INFO - Filling up the DagBag from /Users/punny/Documents/GitHub/NYC-Taxi-ETL-Pipeline/.venv/lib/python3.10/site-packages/airflow/example_dags/example_sensor_decorator.py
[2024-10-21T21:36:23.937+0700] {processor.py:925} INFO - DAG(s) 'example_sensor_decorator' retrieved from /Users/punny/Documents/GitHub/NYC-Taxi-ETL-Pipeline/.venv/lib/python3.10/site-packages/airflow/example_dags/example_sensor_decorator.py
[2024-10-21T21:36:24.533+0700] {logging_mixin.py:190} INFO - [2024-10-21T21:36:24.532+0700] {dag.py:3239} INFO - Sync 1 DAGs
[2024-10-21T21:36:24.547+0700] {logging_mixin.py:190} INFO - [2024-10-21T21:36:24.546+0700] {dag.py:4180} INFO - Setting next_dagrun for example_sensor_decorator to None, run_after=None
[2024-10-21T21:36:24.567+0700] {processor.py:208} INFO - Processing /Users/punny/Documents/GitHub/NYC-Taxi-ETL-Pipeline/.venv/lib/python3.10/site-packages/airflow/example_dags/example_sensor_decorator.py took 0.683 seconds
[2024-10-21T21:40:18.143+0700] {processor.py:186} INFO - Started process (PID=9804) to work on /Users/punny/Documents/GitHub/NYC-Taxi-ETL-Pipeline/.venv/lib/python3.10/site-packages/airflow/example_dags/example_sensor_decorator.py
[2024-10-21T21:40:18.146+0700] {processor.py:914} INFO - Processing file /Users/punny/Documents/GitHub/NYC-Taxi-ETL-Pipeline/.venv/lib/python3.10/site-packages/airflow/example_dags/example_sensor_decorator.py for tasks to queue
[2024-10-21T21:40:18.148+0700] {logging_mixin.py:190} INFO - [2024-10-21T21:40:18.147+0700] {dagbag.py:588} INFO - Filling up the DagBag from /Users/punny/Documents/GitHub/NYC-Taxi-ETL-Pipeline/.venv/lib/python3.10/site-packages/airflow/example_dags/example_sensor_decorator.py
[2024-10-21T21:40:18.191+0700] {processor.py:925} INFO - DAG(s) 'example_sensor_decorator' retrieved from /Users/punny/Documents/GitHub/NYC-Taxi-ETL-Pipeline/.venv/lib/python3.10/site-packages/airflow/example_dags/example_sensor_decorator.py
[2024-10-21T21:40:18.796+0700] {logging_mixin.py:190} INFO - [2024-10-21T21:40:18.796+0700] {dag.py:3239} INFO - Sync 1 DAGs
[2024-10-21T21:40:18.809+0700] {logging_mixin.py:190} INFO - [2024-10-21T21:40:18.809+0700] {dag.py:4180} INFO - Setting next_dagrun for example_sensor_decorator to None, run_after=None
[2024-10-21T21:40:18.831+0700] {processor.py:208} INFO - Processing /Users/punny/Documents/GitHub/NYC-Taxi-ETL-Pipeline/.venv/lib/python3.10/site-packages/airflow/example_dags/example_sensor_decorator.py took 0.695 seconds
[2024-10-21T21:43:41.834+0700] {processor.py:186} INFO - Started process (PID=10090) to work on /Users/punny/Documents/GitHub/NYC-Taxi-ETL-Pipeline/.venv/lib/python3.10/site-packages/airflow/example_dags/example_sensor_decorator.py
[2024-10-21T21:43:41.837+0700] {processor.py:914} INFO - Processing file /Users/punny/Documents/GitHub/NYC-Taxi-ETL-Pipeline/.venv/lib/python3.10/site-packages/airflow/example_dags/example_sensor_decorator.py for tasks to queue
[2024-10-21T21:43:41.838+0700] {logging_mixin.py:190} INFO - [2024-10-21T21:43:41.838+0700] {dagbag.py:588} INFO - Filling up the DagBag from /Users/punny/Documents/GitHub/NYC-Taxi-ETL-Pipeline/.venv/lib/python3.10/site-packages/airflow/example_dags/example_sensor_decorator.py
[2024-10-21T21:43:41.881+0700] {processor.py:925} INFO - DAG(s) 'example_sensor_decorator' retrieved from /Users/punny/Documents/GitHub/NYC-Taxi-ETL-Pipeline/.venv/lib/python3.10/site-packages/airflow/example_dags/example_sensor_decorator.py
[2024-10-21T21:43:42.485+0700] {logging_mixin.py:190} INFO - [2024-10-21T21:43:42.484+0700] {dag.py:3239} INFO - Sync 1 DAGs
[2024-10-21T21:43:42.500+0700] {logging_mixin.py:190} INFO - [2024-10-21T21:43:42.500+0700] {dag.py:4180} INFO - Setting next_dagrun for example_sensor_decorator to None, run_after=None
[2024-10-21T21:43:42.523+0700] {processor.py:208} INFO - Processing /Users/punny/Documents/GitHub/NYC-Taxi-ETL-Pipeline/.venv/lib/python3.10/site-packages/airflow/example_dags/example_sensor_decorator.py took 0.697 seconds
[2024-10-21T21:47:12.708+0700] {processor.py:186} INFO - Started process (PID=10465) to work on /Users/punny/Documents/GitHub/NYC-Taxi-ETL-Pipeline/.venv/lib/python3.10/site-packages/airflow/example_dags/example_sensor_decorator.py
[2024-10-21T21:47:12.711+0700] {processor.py:914} INFO - Processing file /Users/punny/Documents/GitHub/NYC-Taxi-ETL-Pipeline/.venv/lib/python3.10/site-packages/airflow/example_dags/example_sensor_decorator.py for tasks to queue
[2024-10-21T21:47:12.712+0700] {logging_mixin.py:190} INFO - [2024-10-21T21:47:12.712+0700] {dagbag.py:588} INFO - Filling up the DagBag from /Users/punny/Documents/GitHub/NYC-Taxi-ETL-Pipeline/.venv/lib/python3.10/site-packages/airflow/example_dags/example_sensor_decorator.py
[2024-10-21T21:47:12.766+0700] {processor.py:925} INFO - DAG(s) 'example_sensor_decorator' retrieved from /Users/punny/Documents/GitHub/NYC-Taxi-ETL-Pipeline/.venv/lib/python3.10/site-packages/airflow/example_dags/example_sensor_decorator.py
[2024-10-21T21:47:13.719+0700] {logging_mixin.py:190} INFO - [2024-10-21T21:47:13.718+0700] {dag.py:3239} INFO - Sync 1 DAGs
[2024-10-21T21:47:13.745+0700] {logging_mixin.py:190} INFO - [2024-10-21T21:47:13.745+0700] {dag.py:4180} INFO - Setting next_dagrun for example_sensor_decorator to None, run_after=None
[2024-10-21T21:47:13.780+0700] {processor.py:208} INFO - Processing /Users/punny/Documents/GitHub/NYC-Taxi-ETL-Pipeline/.venv/lib/python3.10/site-packages/airflow/example_dags/example_sensor_decorator.py took 1.080 seconds
[2024-10-21T21:51:40.368+0700] {processor.py:186} INFO - Started process (PID=10814) to work on /Users/punny/Documents/GitHub/NYC-Taxi-ETL-Pipeline/.venv/lib/python3.10/site-packages/airflow/example_dags/example_sensor_decorator.py
[2024-10-21T21:51:40.372+0700] {processor.py:914} INFO - Processing file /Users/punny/Documents/GitHub/NYC-Taxi-ETL-Pipeline/.venv/lib/python3.10/site-packages/airflow/example_dags/example_sensor_decorator.py for tasks to queue
[2024-10-21T21:51:40.373+0700] {logging_mixin.py:190} INFO - [2024-10-21T21:51:40.372+0700] {dagbag.py:588} INFO - Filling up the DagBag from /Users/punny/Documents/GitHub/NYC-Taxi-ETL-Pipeline/.venv/lib/python3.10/site-packages/airflow/example_dags/example_sensor_decorator.py
[2024-10-21T21:51:40.416+0700] {processor.py:925} INFO - DAG(s) 'example_sensor_decorator' retrieved from /Users/punny/Documents/GitHub/NYC-Taxi-ETL-Pipeline/.venv/lib/python3.10/site-packages/airflow/example_dags/example_sensor_decorator.py
[2024-10-21T21:51:41.023+0700] {logging_mixin.py:190} INFO - [2024-10-21T21:51:41.022+0700] {dag.py:3239} INFO - Sync 1 DAGs
[2024-10-21T21:51:41.035+0700] {logging_mixin.py:190} INFO - [2024-10-21T21:51:41.035+0700] {dag.py:4180} INFO - Setting next_dagrun for example_sensor_decorator to None, run_after=None
[2024-10-21T21:51:41.057+0700] {processor.py:208} INFO - Processing /Users/punny/Documents/GitHub/NYC-Taxi-ETL-Pipeline/.venv/lib/python3.10/site-packages/airflow/example_dags/example_sensor_decorator.py took 0.696 seconds
[2024-10-21T21:56:04.860+0700] {processor.py:186} INFO - Started process (PID=11311) to work on /Users/punny/Documents/GitHub/NYC-Taxi-ETL-Pipeline/.venv/lib/python3.10/site-packages/airflow/example_dags/example_sensor_decorator.py
[2024-10-21T21:56:04.863+0700] {processor.py:914} INFO - Processing file /Users/punny/Documents/GitHub/NYC-Taxi-ETL-Pipeline/.venv/lib/python3.10/site-packages/airflow/example_dags/example_sensor_decorator.py for tasks to queue
[2024-10-21T21:56:04.864+0700] {logging_mixin.py:190} INFO - [2024-10-21T21:56:04.864+0700] {dagbag.py:588} INFO - Filling up the DagBag from /Users/punny/Documents/GitHub/NYC-Taxi-ETL-Pipeline/.venv/lib/python3.10/site-packages/airflow/example_dags/example_sensor_decorator.py
[2024-10-21T21:56:04.910+0700] {processor.py:925} INFO - DAG(s) 'example_sensor_decorator' retrieved from /Users/punny/Documents/GitHub/NYC-Taxi-ETL-Pipeline/.venv/lib/python3.10/site-packages/airflow/example_dags/example_sensor_decorator.py
[2024-10-21T21:56:05.516+0700] {logging_mixin.py:190} INFO - [2024-10-21T21:56:05.516+0700] {dag.py:3239} INFO - Sync 1 DAGs
[2024-10-21T21:56:05.529+0700] {logging_mixin.py:190} INFO - [2024-10-21T21:56:05.529+0700] {dag.py:4180} INFO - Setting next_dagrun for example_sensor_decorator to None, run_after=None
[2024-10-21T21:56:05.550+0700] {processor.py:208} INFO - Processing /Users/punny/Documents/GitHub/NYC-Taxi-ETL-Pipeline/.venv/lib/python3.10/site-packages/airflow/example_dags/example_sensor_decorator.py took 0.698 seconds
[2024-10-21T22:00:02.898+0700] {processor.py:186} INFO - Started process (PID=11769) to work on /Users/punny/Documents/GitHub/NYC-Taxi-ETL-Pipeline/.venv/lib/python3.10/site-packages/airflow/example_dags/example_sensor_decorator.py
[2024-10-21T22:00:02.901+0700] {processor.py:914} INFO - Processing file /Users/punny/Documents/GitHub/NYC-Taxi-ETL-Pipeline/.venv/lib/python3.10/site-packages/airflow/example_dags/example_sensor_decorator.py for tasks to queue
[2024-10-21T22:00:02.903+0700] {logging_mixin.py:190} INFO - [2024-10-21T22:00:02.902+0700] {dagbag.py:588} INFO - Filling up the DagBag from /Users/punny/Documents/GitHub/NYC-Taxi-ETL-Pipeline/.venv/lib/python3.10/site-packages/airflow/example_dags/example_sensor_decorator.py
[2024-10-21T22:00:02.957+0700] {processor.py:925} INFO - DAG(s) 'example_sensor_decorator' retrieved from /Users/punny/Documents/GitHub/NYC-Taxi-ETL-Pipeline/.venv/lib/python3.10/site-packages/airflow/example_dags/example_sensor_decorator.py
[2024-10-21T22:00:03.623+0700] {logging_mixin.py:190} INFO - [2024-10-21T22:00:03.622+0700] {dag.py:3239} INFO - Sync 1 DAGs
[2024-10-21T22:00:03.637+0700] {logging_mixin.py:190} INFO - [2024-10-21T22:00:03.637+0700] {dag.py:4180} INFO - Setting next_dagrun for example_sensor_decorator to None, run_after=None
[2024-10-21T22:00:03.660+0700] {processor.py:208} INFO - Processing /Users/punny/Documents/GitHub/NYC-Taxi-ETL-Pipeline/.venv/lib/python3.10/site-packages/airflow/example_dags/example_sensor_decorator.py took 0.770 seconds
[2024-10-21T22:17:03.912+0700] {processor.py:186} INFO - Started process (PID=12075) to work on /Users/punny/Documents/GitHub/NYC-Taxi-ETL-Pipeline/.venv/lib/python3.10/site-packages/airflow/example_dags/example_sensor_decorator.py
[2024-10-21T22:17:03.915+0700] {processor.py:914} INFO - Processing file /Users/punny/Documents/GitHub/NYC-Taxi-ETL-Pipeline/.venv/lib/python3.10/site-packages/airflow/example_dags/example_sensor_decorator.py for tasks to queue
[2024-10-21T22:17:03.916+0700] {logging_mixin.py:190} INFO - [2024-10-21T22:17:03.916+0700] {dagbag.py:588} INFO - Filling up the DagBag from /Users/punny/Documents/GitHub/NYC-Taxi-ETL-Pipeline/.venv/lib/python3.10/site-packages/airflow/example_dags/example_sensor_decorator.py
[2024-10-21T22:17:03.962+0700] {processor.py:925} INFO - DAG(s) 'example_sensor_decorator' retrieved from /Users/punny/Documents/GitHub/NYC-Taxi-ETL-Pipeline/.venv/lib/python3.10/site-packages/airflow/example_dags/example_sensor_decorator.py
[2024-10-21T22:17:04.594+0700] {logging_mixin.py:190} INFO - [2024-10-21T22:17:04.594+0700] {dag.py:3239} INFO - Sync 1 DAGs
[2024-10-21T22:17:04.607+0700] {logging_mixin.py:190} INFO - [2024-10-21T22:17:04.607+0700] {dag.py:4180} INFO - Setting next_dagrun for example_sensor_decorator to None, run_after=None
[2024-10-21T22:17:04.630+0700] {processor.py:208} INFO - Processing /Users/punny/Documents/GitHub/NYC-Taxi-ETL-Pipeline/.venv/lib/python3.10/site-packages/airflow/example_dags/example_sensor_decorator.py took 0.727 seconds
[2024-10-21T22:20:37.313+0700] {processor.py:186} INFO - Started process (PID=12468) to work on /Users/punny/Documents/GitHub/NYC-Taxi-ETL-Pipeline/.venv/lib/python3.10/site-packages/airflow/example_dags/example_sensor_decorator.py
[2024-10-21T22:20:37.317+0700] {processor.py:914} INFO - Processing file /Users/punny/Documents/GitHub/NYC-Taxi-ETL-Pipeline/.venv/lib/python3.10/site-packages/airflow/example_dags/example_sensor_decorator.py for tasks to queue
[2024-10-21T22:20:37.318+0700] {logging_mixin.py:190} INFO - [2024-10-21T22:20:37.318+0700] {dagbag.py:588} INFO - Filling up the DagBag from /Users/punny/Documents/GitHub/NYC-Taxi-ETL-Pipeline/.venv/lib/python3.10/site-packages/airflow/example_dags/example_sensor_decorator.py
[2024-10-21T22:20:37.360+0700] {processor.py:925} INFO - DAG(s) 'example_sensor_decorator' retrieved from /Users/punny/Documents/GitHub/NYC-Taxi-ETL-Pipeline/.venv/lib/python3.10/site-packages/airflow/example_dags/example_sensor_decorator.py
[2024-10-21T22:20:38.043+0700] {logging_mixin.py:190} INFO - [2024-10-21T22:20:38.042+0700] {dag.py:3239} INFO - Sync 1 DAGs
[2024-10-21T22:20:38.056+0700] {logging_mixin.py:190} INFO - [2024-10-21T22:20:38.056+0700] {dag.py:4180} INFO - Setting next_dagrun for example_sensor_decorator to None, run_after=None
[2024-10-21T22:20:38.077+0700] {processor.py:208} INFO - Processing /Users/punny/Documents/GitHub/NYC-Taxi-ETL-Pipeline/.venv/lib/python3.10/site-packages/airflow/example_dags/example_sensor_decorator.py took 0.771 seconds
[2024-10-21T22:25:37.087+0700] {processor.py:186} INFO - Started process (PID=13293) to work on /Users/punny/Documents/GitHub/NYC-Taxi-ETL-Pipeline/.venv/lib/python3.10/site-packages/airflow/example_dags/example_sensor_decorator.py
[2024-10-21T22:25:37.090+0700] {processor.py:914} INFO - Processing file /Users/punny/Documents/GitHub/NYC-Taxi-ETL-Pipeline/.venv/lib/python3.10/site-packages/airflow/example_dags/example_sensor_decorator.py for tasks to queue
[2024-10-21T22:25:37.092+0700] {logging_mixin.py:190} INFO - [2024-10-21T22:25:37.091+0700] {dagbag.py:588} INFO - Filling up the DagBag from /Users/punny/Documents/GitHub/NYC-Taxi-ETL-Pipeline/.venv/lib/python3.10/site-packages/airflow/example_dags/example_sensor_decorator.py
[2024-10-21T22:25:37.149+0700] {processor.py:925} INFO - DAG(s) 'example_sensor_decorator' retrieved from /Users/punny/Documents/GitHub/NYC-Taxi-ETL-Pipeline/.venv/lib/python3.10/site-packages/airflow/example_dags/example_sensor_decorator.py
[2024-10-21T22:25:37.751+0700] {logging_mixin.py:190} INFO - [2024-10-21T22:25:37.750+0700] {dag.py:3239} INFO - Sync 1 DAGs
[2024-10-21T22:25:37.765+0700] {logging_mixin.py:190} INFO - [2024-10-21T22:25:37.765+0700] {dag.py:4180} INFO - Setting next_dagrun for example_sensor_decorator to None, run_after=None
[2024-10-21T22:25:37.789+0700] {processor.py:208} INFO - Processing /Users/punny/Documents/GitHub/NYC-Taxi-ETL-Pipeline/.venv/lib/python3.10/site-packages/airflow/example_dags/example_sensor_decorator.py took 0.711 seconds
[2024-10-21T22:29:01.469+0700] {processor.py:186} INFO - Started process (PID=13582) to work on /Users/punny/Documents/GitHub/NYC-Taxi-ETL-Pipeline/.venv/lib/python3.10/site-packages/airflow/example_dags/example_sensor_decorator.py
[2024-10-21T22:29:01.473+0700] {processor.py:914} INFO - Processing file /Users/punny/Documents/GitHub/NYC-Taxi-ETL-Pipeline/.venv/lib/python3.10/site-packages/airflow/example_dags/example_sensor_decorator.py for tasks to queue
[2024-10-21T22:29:01.474+0700] {logging_mixin.py:190} INFO - [2024-10-21T22:29:01.474+0700] {dagbag.py:588} INFO - Filling up the DagBag from /Users/punny/Documents/GitHub/NYC-Taxi-ETL-Pipeline/.venv/lib/python3.10/site-packages/airflow/example_dags/example_sensor_decorator.py
[2024-10-21T22:29:01.521+0700] {processor.py:925} INFO - DAG(s) 'example_sensor_decorator' retrieved from /Users/punny/Documents/GitHub/NYC-Taxi-ETL-Pipeline/.venv/lib/python3.10/site-packages/airflow/example_dags/example_sensor_decorator.py
[2024-10-21T22:29:02.127+0700] {logging_mixin.py:190} INFO - [2024-10-21T22:29:02.127+0700] {dag.py:3239} INFO - Sync 1 DAGs
[2024-10-21T22:29:02.140+0700] {logging_mixin.py:190} INFO - [2024-10-21T22:29:02.140+0700] {dag.py:4180} INFO - Setting next_dagrun for example_sensor_decorator to None, run_after=None
[2024-10-21T22:29:02.162+0700] {processor.py:208} INFO - Processing /Users/punny/Documents/GitHub/NYC-Taxi-ETL-Pipeline/.venv/lib/python3.10/site-packages/airflow/example_dags/example_sensor_decorator.py took 0.703 seconds
[2024-10-21T22:31:55.080+0700] {processor.py:186} INFO - Started process (PID=13739) to work on /Users/punny/Documents/GitHub/NYC-Taxi-ETL-Pipeline/.venv/lib/python3.10/site-packages/airflow/example_dags/example_sensor_decorator.py
[2024-10-21T22:31:55.083+0700] {processor.py:914} INFO - Processing file /Users/punny/Documents/GitHub/NYC-Taxi-ETL-Pipeline/.venv/lib/python3.10/site-packages/airflow/example_dags/example_sensor_decorator.py for tasks to queue
[2024-10-21T22:31:55.084+0700] {logging_mixin.py:190} INFO - [2024-10-21T22:31:55.084+0700] {dagbag.py:588} INFO - Filling up the DagBag from /Users/punny/Documents/GitHub/NYC-Taxi-ETL-Pipeline/.venv/lib/python3.10/site-packages/airflow/example_dags/example_sensor_decorator.py
[2024-10-21T22:31:55.127+0700] {processor.py:925} INFO - DAG(s) 'example_sensor_decorator' retrieved from /Users/punny/Documents/GitHub/NYC-Taxi-ETL-Pipeline/.venv/lib/python3.10/site-packages/airflow/example_dags/example_sensor_decorator.py
[2024-10-21T22:31:55.723+0700] {logging_mixin.py:190} INFO - [2024-10-21T22:31:55.723+0700] {dag.py:3239} INFO - Sync 1 DAGs
[2024-10-21T22:31:55.736+0700] {logging_mixin.py:190} INFO - [2024-10-21T22:31:55.736+0700] {dag.py:4180} INFO - Setting next_dagrun for example_sensor_decorator to None, run_after=None
[2024-10-21T22:31:55.757+0700] {processor.py:208} INFO - Processing /Users/punny/Documents/GitHub/NYC-Taxi-ETL-Pipeline/.venv/lib/python3.10/site-packages/airflow/example_dags/example_sensor_decorator.py took 0.684 seconds
