[2024-10-21T12:53:48.848+0700] {processor.py:186} INFO - Started process (PID=34285) to work on /Users/punny/Documents/GitHub/NYC-Taxi-ETL-Pipeline/.venv/lib/python3.10/site-packages/airflow/example_dags/example_params_ui_tutorial.py
[2024-10-21T12:53:48.852+0700] {processor.py:914} INFO - Processing file /Users/punny/Documents/GitHub/NYC-Taxi-ETL-Pipeline/.venv/lib/python3.10/site-packages/airflow/example_dags/example_params_ui_tutorial.py for tasks to queue
[2024-10-21T12:53:48.854+0700] {logging_mixin.py:190} INFO - [2024-10-21T12:53:48.854+0700] {dagbag.py:588} INFO - Filling up the DagBag from /Users/punny/Documents/GitHub/NYC-Taxi-ETL-Pipeline/.venv/lib/python3.10/site-packages/airflow/example_dags/example_params_ui_tutorial.py
[2024-10-21T12:53:48.935+0700] {processor.py:925} INFO - DAG(s) 'example_params_ui_tutorial' retrieved from /Users/punny/Documents/GitHub/NYC-Taxi-ETL-Pipeline/.venv/lib/python3.10/site-packages/airflow/example_dags/example_params_ui_tutorial.py
[2024-10-21T12:53:49.403+0700] {logging_mixin.py:190} INFO - [2024-10-21T12:53:49.402+0700] {dag.py:3239} INFO - Sync 1 DAGs
[2024-10-21T12:53:49.443+0700] {logging_mixin.py:190} INFO - [2024-10-21T12:53:49.442+0700] {dag.py:4180} INFO - Setting next_dagrun for example_params_ui_tutorial to None, run_after=None
[2024-10-21T12:53:49.491+0700] {processor.py:208} INFO - Processing /Users/punny/Documents/GitHub/NYC-Taxi-ETL-Pipeline/.venv/lib/python3.10/site-packages/airflow/example_dags/example_params_ui_tutorial.py took 0.658 seconds
[2024-10-21T14:13:42.476+0700] {processor.py:186} INFO - Started process (PID=35096) to work on /Users/punny/Documents/GitHub/NYC-Taxi-ETL-Pipeline/.venv/lib/python3.10/site-packages/airflow/example_dags/example_params_ui_tutorial.py
[2024-10-21T14:13:42.488+0700] {processor.py:914} INFO - Processing file /Users/punny/Documents/GitHub/NYC-Taxi-ETL-Pipeline/.venv/lib/python3.10/site-packages/airflow/example_dags/example_params_ui_tutorial.py for tasks to queue
[2024-10-21T14:13:42.490+0700] {logging_mixin.py:190} INFO - [2024-10-21T14:13:42.490+0700] {dagbag.py:588} INFO - Filling up the DagBag from /Users/punny/Documents/GitHub/NYC-Taxi-ETL-Pipeline/.venv/lib/python3.10/site-packages/airflow/example_dags/example_params_ui_tutorial.py
[2024-10-21T14:13:42.550+0700] {processor.py:925} INFO - DAG(s) 'example_params_ui_tutorial' retrieved from /Users/punny/Documents/GitHub/NYC-Taxi-ETL-Pipeline/.venv/lib/python3.10/site-packages/airflow/example_dags/example_params_ui_tutorial.py
[2024-10-21T14:13:42.850+0700] {logging_mixin.py:190} INFO - [2024-10-21T14:13:42.850+0700] {dag.py:3239} INFO - Sync 1 DAGs
[2024-10-21T14:13:42.870+0700] {logging_mixin.py:190} INFO - [2024-10-21T14:13:42.870+0700] {dag.py:4180} INFO - Setting next_dagrun for example_params_ui_tutorial to None, run_after=None
[2024-10-21T14:13:42.900+0700] {processor.py:208} INFO - Processing /Users/punny/Documents/GitHub/NYC-Taxi-ETL-Pipeline/.venv/lib/python3.10/site-packages/airflow/example_dags/example_params_ui_tutorial.py took 0.437 seconds
[2024-10-21T14:49:01.738+0700] {processor.py:186} INFO - Started process (PID=36001) to work on /Users/punny/Documents/GitHub/NYC-Taxi-ETL-Pipeline/.venv/lib/python3.10/site-packages/airflow/example_dags/example_params_ui_tutorial.py
[2024-10-21T14:49:01.741+0700] {processor.py:914} INFO - Processing file /Users/punny/Documents/GitHub/NYC-Taxi-ETL-Pipeline/.venv/lib/python3.10/site-packages/airflow/example_dags/example_params_ui_tutorial.py for tasks to queue
[2024-10-21T14:49:01.742+0700] {logging_mixin.py:190} INFO - [2024-10-21T14:49:01.742+0700] {dagbag.py:588} INFO - Filling up the DagBag from /Users/punny/Documents/GitHub/NYC-Taxi-ETL-Pipeline/.venv/lib/python3.10/site-packages/airflow/example_dags/example_params_ui_tutorial.py
[2024-10-21T14:49:01.790+0700] {processor.py:925} INFO - DAG(s) 'example_params_ui_tutorial' retrieved from /Users/punny/Documents/GitHub/NYC-Taxi-ETL-Pipeline/.venv/lib/python3.10/site-packages/airflow/example_dags/example_params_ui_tutorial.py
[2024-10-21T14:49:02.021+0700] {logging_mixin.py:190} INFO - [2024-10-21T14:49:02.020+0700] {dag.py:3239} INFO - Sync 1 DAGs
[2024-10-21T14:49:02.035+0700] {logging_mixin.py:190} INFO - [2024-10-21T14:49:02.035+0700] {dag.py:4180} INFO - Setting next_dagrun for example_params_ui_tutorial to None, run_after=None
[2024-10-21T14:49:02.057+0700] {processor.py:208} INFO - Processing /Users/punny/Documents/GitHub/NYC-Taxi-ETL-Pipeline/.venv/lib/python3.10/site-packages/airflow/example_dags/example_params_ui_tutorial.py took 0.328 seconds
[2024-10-21T14:52:45.501+0700] {processor.py:186} INFO - Started process (PID=36619) to work on /Users/punny/Documents/GitHub/NYC-Taxi-ETL-Pipeline/.venv/lib/python3.10/site-packages/airflow/example_dags/example_params_ui_tutorial.py
[2024-10-21T14:52:45.504+0700] {processor.py:914} INFO - Processing file /Users/punny/Documents/GitHub/NYC-Taxi-ETL-Pipeline/.venv/lib/python3.10/site-packages/airflow/example_dags/example_params_ui_tutorial.py for tasks to queue
[2024-10-21T14:52:45.505+0700] {logging_mixin.py:190} INFO - [2024-10-21T14:52:45.505+0700] {dagbag.py:588} INFO - Filling up the DagBag from /Users/punny/Documents/GitHub/NYC-Taxi-ETL-Pipeline/.venv/lib/python3.10/site-packages/airflow/example_dags/example_params_ui_tutorial.py
[2024-10-21T14:52:45.549+0700] {processor.py:925} INFO - DAG(s) 'example_params_ui_tutorial' retrieved from /Users/punny/Documents/GitHub/NYC-Taxi-ETL-Pipeline/.venv/lib/python3.10/site-packages/airflow/example_dags/example_params_ui_tutorial.py
[2024-10-21T14:52:45.779+0700] {logging_mixin.py:190} INFO - [2024-10-21T14:52:45.779+0700] {dag.py:3239} INFO - Sync 1 DAGs
[2024-10-21T14:52:45.794+0700] {logging_mixin.py:190} INFO - [2024-10-21T14:52:45.794+0700] {dag.py:4180} INFO - Setting next_dagrun for example_params_ui_tutorial to None, run_after=None
[2024-10-21T14:52:45.815+0700] {processor.py:208} INFO - Processing /Users/punny/Documents/GitHub/NYC-Taxi-ETL-Pipeline/.venv/lib/python3.10/site-packages/airflow/example_dags/example_params_ui_tutorial.py took 0.321 seconds
[2024-10-21T14:56:07.210+0700] {processor.py:186} INFO - Started process (PID=37129) to work on /Users/punny/Documents/GitHub/NYC-Taxi-ETL-Pipeline/.venv/lib/python3.10/site-packages/airflow/example_dags/example_params_ui_tutorial.py
[2024-10-21T14:56:07.214+0700] {processor.py:914} INFO - Processing file /Users/punny/Documents/GitHub/NYC-Taxi-ETL-Pipeline/.venv/lib/python3.10/site-packages/airflow/example_dags/example_params_ui_tutorial.py for tasks to queue
[2024-10-21T14:56:07.215+0700] {logging_mixin.py:190} INFO - [2024-10-21T14:56:07.215+0700] {dagbag.py:588} INFO - Filling up the DagBag from /Users/punny/Documents/GitHub/NYC-Taxi-ETL-Pipeline/.venv/lib/python3.10/site-packages/airflow/example_dags/example_params_ui_tutorial.py
[2024-10-21T14:56:07.264+0700] {processor.py:925} INFO - DAG(s) 'example_params_ui_tutorial' retrieved from /Users/punny/Documents/GitHub/NYC-Taxi-ETL-Pipeline/.venv/lib/python3.10/site-packages/airflow/example_dags/example_params_ui_tutorial.py
[2024-10-21T14:56:07.499+0700] {logging_mixin.py:190} INFO - [2024-10-21T14:56:07.499+0700] {dag.py:3239} INFO - Sync 1 DAGs
[2024-10-21T14:56:07.514+0700] {logging_mixin.py:190} INFO - [2024-10-21T14:56:07.513+0700] {dag.py:4180} INFO - Setting next_dagrun for example_params_ui_tutorial to None, run_after=None
[2024-10-21T14:56:07.537+0700] {processor.py:208} INFO - Processing /Users/punny/Documents/GitHub/NYC-Taxi-ETL-Pipeline/.venv/lib/python3.10/site-packages/airflow/example_dags/example_params_ui_tutorial.py took 0.337 seconds
[2024-10-21T15:00:48.746+0700] {processor.py:186} INFO - Started process (PID=37815) to work on /Users/punny/Documents/GitHub/NYC-Taxi-ETL-Pipeline/.venv/lib/python3.10/site-packages/airflow/example_dags/example_params_ui_tutorial.py
[2024-10-21T15:00:48.752+0700] {processor.py:914} INFO - Processing file /Users/punny/Documents/GitHub/NYC-Taxi-ETL-Pipeline/.venv/lib/python3.10/site-packages/airflow/example_dags/example_params_ui_tutorial.py for tasks to queue
[2024-10-21T15:00:48.754+0700] {logging_mixin.py:190} INFO - [2024-10-21T15:00:48.753+0700] {dagbag.py:588} INFO - Filling up the DagBag from /Users/punny/Documents/GitHub/NYC-Taxi-ETL-Pipeline/.venv/lib/python3.10/site-packages/airflow/example_dags/example_params_ui_tutorial.py
[2024-10-21T15:00:48.929+0700] {processor.py:925} INFO - DAG(s) 'example_params_ui_tutorial' retrieved from /Users/punny/Documents/GitHub/NYC-Taxi-ETL-Pipeline/.venv/lib/python3.10/site-packages/airflow/example_dags/example_params_ui_tutorial.py
[2024-10-21T15:00:49.338+0700] {logging_mixin.py:190} INFO - [2024-10-21T15:00:49.337+0700] {dag.py:3239} INFO - Sync 1 DAGs
[2024-10-21T15:00:49.362+0700] {logging_mixin.py:190} INFO - [2024-10-21T15:00:49.361+0700] {dag.py:4180} INFO - Setting next_dagrun for example_params_ui_tutorial to None, run_after=None
[2024-10-21T15:00:49.413+0700] {processor.py:208} INFO - Processing /Users/punny/Documents/GitHub/NYC-Taxi-ETL-Pipeline/.venv/lib/python3.10/site-packages/airflow/example_dags/example_params_ui_tutorial.py took 0.675 seconds
[2024-10-21T15:06:42.323+0700] {processor.py:186} INFO - Started process (PID=38585) to work on /Users/punny/Documents/GitHub/NYC-Taxi-ETL-Pipeline/.venv/lib/python3.10/site-packages/airflow/example_dags/example_params_ui_tutorial.py
[2024-10-21T15:06:42.333+0700] {processor.py:914} INFO - Processing file /Users/punny/Documents/GitHub/NYC-Taxi-ETL-Pipeline/.venv/lib/python3.10/site-packages/airflow/example_dags/example_params_ui_tutorial.py for tasks to queue
[2024-10-21T15:06:42.334+0700] {logging_mixin.py:190} INFO - [2024-10-21T15:06:42.334+0700] {dagbag.py:588} INFO - Filling up the DagBag from /Users/punny/Documents/GitHub/NYC-Taxi-ETL-Pipeline/.venv/lib/python3.10/site-packages/airflow/example_dags/example_params_ui_tutorial.py
[2024-10-21T15:06:42.409+0700] {processor.py:925} INFO - DAG(s) 'example_params_ui_tutorial' retrieved from /Users/punny/Documents/GitHub/NYC-Taxi-ETL-Pipeline/.venv/lib/python3.10/site-packages/airflow/example_dags/example_params_ui_tutorial.py
[2024-10-21T15:06:42.843+0700] {logging_mixin.py:190} INFO - [2024-10-21T15:06:42.842+0700] {dag.py:3239} INFO - Sync 1 DAGs
[2024-10-21T15:06:42.920+0700] {logging_mixin.py:190} INFO - [2024-10-21T15:06:42.920+0700] {dag.py:4180} INFO - Setting next_dagrun for example_params_ui_tutorial to None, run_after=None
[2024-10-21T15:06:42.964+0700] {processor.py:208} INFO - Processing /Users/punny/Documents/GitHub/NYC-Taxi-ETL-Pipeline/.venv/lib/python3.10/site-packages/airflow/example_dags/example_params_ui_tutorial.py took 0.654 seconds
[2024-10-21T15:11:28.796+0700] {processor.py:186} INFO - Started process (PID=39223) to work on /Users/punny/Documents/GitHub/NYC-Taxi-ETL-Pipeline/.venv/lib/python3.10/site-packages/airflow/example_dags/example_params_ui_tutorial.py
[2024-10-21T15:11:28.800+0700] {processor.py:914} INFO - Processing file /Users/punny/Documents/GitHub/NYC-Taxi-ETL-Pipeline/.venv/lib/python3.10/site-packages/airflow/example_dags/example_params_ui_tutorial.py for tasks to queue
[2024-10-21T15:11:28.801+0700] {logging_mixin.py:190} INFO - [2024-10-21T15:11:28.801+0700] {dagbag.py:588} INFO - Filling up the DagBag from /Users/punny/Documents/GitHub/NYC-Taxi-ETL-Pipeline/.venv/lib/python3.10/site-packages/airflow/example_dags/example_params_ui_tutorial.py
[2024-10-21T15:11:28.874+0700] {processor.py:925} INFO - DAG(s) 'example_params_ui_tutorial' retrieved from /Users/punny/Documents/GitHub/NYC-Taxi-ETL-Pipeline/.venv/lib/python3.10/site-packages/airflow/example_dags/example_params_ui_tutorial.py
[2024-10-21T15:11:29.296+0700] {logging_mixin.py:190} INFO - [2024-10-21T15:11:29.296+0700] {dag.py:3239} INFO - Sync 1 DAGs
[2024-10-21T15:11:29.319+0700] {logging_mixin.py:190} INFO - [2024-10-21T15:11:29.318+0700] {dag.py:4180} INFO - Setting next_dagrun for example_params_ui_tutorial to None, run_after=None
[2024-10-21T15:11:29.351+0700] {processor.py:208} INFO - Processing /Users/punny/Documents/GitHub/NYC-Taxi-ETL-Pipeline/.venv/lib/python3.10/site-packages/airflow/example_dags/example_params_ui_tutorial.py took 0.565 seconds
[2024-10-21T15:15:38.866+0700] {processor.py:186} INFO - Started process (PID=39726) to work on /Users/punny/Documents/GitHub/NYC-Taxi-ETL-Pipeline/.venv/lib/python3.10/site-packages/airflow/example_dags/example_params_ui_tutorial.py
[2024-10-21T15:15:38.873+0700] {processor.py:914} INFO - Processing file /Users/punny/Documents/GitHub/NYC-Taxi-ETL-Pipeline/.venv/lib/python3.10/site-packages/airflow/example_dags/example_params_ui_tutorial.py for tasks to queue
[2024-10-21T15:15:38.875+0700] {logging_mixin.py:190} INFO - [2024-10-21T15:15:38.874+0700] {dagbag.py:588} INFO - Filling up the DagBag from /Users/punny/Documents/GitHub/NYC-Taxi-ETL-Pipeline/.venv/lib/python3.10/site-packages/airflow/example_dags/example_params_ui_tutorial.py
[2024-10-21T15:15:38.959+0700] {processor.py:925} INFO - DAG(s) 'example_params_ui_tutorial' retrieved from /Users/punny/Documents/GitHub/NYC-Taxi-ETL-Pipeline/.venv/lib/python3.10/site-packages/airflow/example_dags/example_params_ui_tutorial.py
[2024-10-21T15:15:39.315+0700] {logging_mixin.py:190} INFO - [2024-10-21T15:15:39.314+0700] {dag.py:3239} INFO - Sync 1 DAGs
[2024-10-21T15:15:39.342+0700] {logging_mixin.py:190} INFO - [2024-10-21T15:15:39.342+0700] {dag.py:4180} INFO - Setting next_dagrun for example_params_ui_tutorial to None, run_after=None
[2024-10-21T15:15:39.378+0700] {processor.py:208} INFO - Processing /Users/punny/Documents/GitHub/NYC-Taxi-ETL-Pipeline/.venv/lib/python3.10/site-packages/airflow/example_dags/example_params_ui_tutorial.py took 0.525 seconds
[2024-10-21T15:20:06.708+0700] {processor.py:186} INFO - Started process (PID=40301) to work on /Users/punny/Documents/GitHub/NYC-Taxi-ETL-Pipeline/.venv/lib/python3.10/site-packages/airflow/example_dags/example_params_ui_tutorial.py
[2024-10-21T15:20:06.713+0700] {processor.py:914} INFO - Processing file /Users/punny/Documents/GitHub/NYC-Taxi-ETL-Pipeline/.venv/lib/python3.10/site-packages/airflow/example_dags/example_params_ui_tutorial.py for tasks to queue
[2024-10-21T15:20:06.714+0700] {logging_mixin.py:190} INFO - [2024-10-21T15:20:06.714+0700] {dagbag.py:588} INFO - Filling up the DagBag from /Users/punny/Documents/GitHub/NYC-Taxi-ETL-Pipeline/.venv/lib/python3.10/site-packages/airflow/example_dags/example_params_ui_tutorial.py
[2024-10-21T15:20:06.788+0700] {processor.py:925} INFO - DAG(s) 'example_params_ui_tutorial' retrieved from /Users/punny/Documents/GitHub/NYC-Taxi-ETL-Pipeline/.venv/lib/python3.10/site-packages/airflow/example_dags/example_params_ui_tutorial.py
[2024-10-21T15:20:07.243+0700] {logging_mixin.py:190} INFO - [2024-10-21T15:20:07.242+0700] {dag.py:3239} INFO - Sync 1 DAGs
[2024-10-21T15:20:07.269+0700] {logging_mixin.py:190} INFO - [2024-10-21T15:20:07.268+0700] {dag.py:4180} INFO - Setting next_dagrun for example_params_ui_tutorial to None, run_after=None
[2024-10-21T15:20:07.303+0700] {processor.py:208} INFO - Processing /Users/punny/Documents/GitHub/NYC-Taxi-ETL-Pipeline/.venv/lib/python3.10/site-packages/airflow/example_dags/example_params_ui_tutorial.py took 0.602 seconds
[2024-10-21T15:24:12.194+0700] {processor.py:186} INFO - Started process (PID=40812) to work on /Users/punny/Documents/GitHub/NYC-Taxi-ETL-Pipeline/.venv/lib/python3.10/site-packages/airflow/example_dags/example_params_ui_tutorial.py
[2024-10-21T15:24:12.199+0700] {processor.py:914} INFO - Processing file /Users/punny/Documents/GitHub/NYC-Taxi-ETL-Pipeline/.venv/lib/python3.10/site-packages/airflow/example_dags/example_params_ui_tutorial.py for tasks to queue
[2024-10-21T15:24:12.201+0700] {logging_mixin.py:190} INFO - [2024-10-21T15:24:12.201+0700] {dagbag.py:588} INFO - Filling up the DagBag from /Users/punny/Documents/GitHub/NYC-Taxi-ETL-Pipeline/.venv/lib/python3.10/site-packages/airflow/example_dags/example_params_ui_tutorial.py
[2024-10-21T15:24:12.268+0700] {processor.py:925} INFO - DAG(s) 'example_params_ui_tutorial' retrieved from /Users/punny/Documents/GitHub/NYC-Taxi-ETL-Pipeline/.venv/lib/python3.10/site-packages/airflow/example_dags/example_params_ui_tutorial.py
[2024-10-21T15:24:12.629+0700] {logging_mixin.py:190} INFO - [2024-10-21T15:24:12.628+0700] {dag.py:3239} INFO - Sync 1 DAGs
[2024-10-21T15:24:12.654+0700] {logging_mixin.py:190} INFO - [2024-10-21T15:24:12.654+0700] {dag.py:4180} INFO - Setting next_dagrun for example_params_ui_tutorial to None, run_after=None
[2024-10-21T15:24:12.698+0700] {processor.py:208} INFO - Processing /Users/punny/Documents/GitHub/NYC-Taxi-ETL-Pipeline/.venv/lib/python3.10/site-packages/airflow/example_dags/example_params_ui_tutorial.py took 0.515 seconds
[2024-10-21T15:28:07.992+0700] {processor.py:186} INFO - Started process (PID=41286) to work on /Users/punny/Documents/GitHub/NYC-Taxi-ETL-Pipeline/.venv/lib/python3.10/site-packages/airflow/example_dags/example_params_ui_tutorial.py
[2024-10-21T15:28:07.997+0700] {processor.py:914} INFO - Processing file /Users/punny/Documents/GitHub/NYC-Taxi-ETL-Pipeline/.venv/lib/python3.10/site-packages/airflow/example_dags/example_params_ui_tutorial.py for tasks to queue
[2024-10-21T15:28:08.000+0700] {logging_mixin.py:190} INFO - [2024-10-21T15:28:07.998+0700] {dagbag.py:588} INFO - Filling up the DagBag from /Users/punny/Documents/GitHub/NYC-Taxi-ETL-Pipeline/.venv/lib/python3.10/site-packages/airflow/example_dags/example_params_ui_tutorial.py
[2024-10-21T15:28:08.070+0700] {processor.py:925} INFO - DAG(s) 'example_params_ui_tutorial' retrieved from /Users/punny/Documents/GitHub/NYC-Taxi-ETL-Pipeline/.venv/lib/python3.10/site-packages/airflow/example_dags/example_params_ui_tutorial.py
[2024-10-21T15:28:08.420+0700] {logging_mixin.py:190} INFO - [2024-10-21T15:28:08.419+0700] {dag.py:3239} INFO - Sync 1 DAGs
[2024-10-21T15:28:08.438+0700] {logging_mixin.py:190} INFO - [2024-10-21T15:28:08.438+0700] {dag.py:4180} INFO - Setting next_dagrun for example_params_ui_tutorial to None, run_after=None
[2024-10-21T15:28:08.477+0700] {processor.py:208} INFO - Processing /Users/punny/Documents/GitHub/NYC-Taxi-ETL-Pipeline/.venv/lib/python3.10/site-packages/airflow/example_dags/example_params_ui_tutorial.py took 0.494 seconds
[2024-10-21T15:32:13.637+0700] {processor.py:186} INFO - Started process (PID=41831) to work on /Users/punny/Documents/GitHub/NYC-Taxi-ETL-Pipeline/.venv/lib/python3.10/site-packages/airflow/example_dags/example_params_ui_tutorial.py
[2024-10-21T15:32:13.642+0700] {processor.py:914} INFO - Processing file /Users/punny/Documents/GitHub/NYC-Taxi-ETL-Pipeline/.venv/lib/python3.10/site-packages/airflow/example_dags/example_params_ui_tutorial.py for tasks to queue
[2024-10-21T15:32:13.644+0700] {logging_mixin.py:190} INFO - [2024-10-21T15:32:13.643+0700] {dagbag.py:588} INFO - Filling up the DagBag from /Users/punny/Documents/GitHub/NYC-Taxi-ETL-Pipeline/.venv/lib/python3.10/site-packages/airflow/example_dags/example_params_ui_tutorial.py
[2024-10-21T15:32:13.704+0700] {processor.py:925} INFO - DAG(s) 'example_params_ui_tutorial' retrieved from /Users/punny/Documents/GitHub/NYC-Taxi-ETL-Pipeline/.venv/lib/python3.10/site-packages/airflow/example_dags/example_params_ui_tutorial.py
[2024-10-21T15:32:14.022+0700] {logging_mixin.py:190} INFO - [2024-10-21T15:32:14.021+0700] {dag.py:3239} INFO - Sync 1 DAGs
[2024-10-21T15:32:14.044+0700] {logging_mixin.py:190} INFO - [2024-10-21T15:32:14.043+0700] {dag.py:4180} INFO - Setting next_dagrun for example_params_ui_tutorial to None, run_after=None
[2024-10-21T15:32:14.073+0700] {processor.py:208} INFO - Processing /Users/punny/Documents/GitHub/NYC-Taxi-ETL-Pipeline/.venv/lib/python3.10/site-packages/airflow/example_dags/example_params_ui_tutorial.py took 0.446 seconds
[2024-10-21T15:36:08.449+0700] {processor.py:186} INFO - Started process (PID=42307) to work on /Users/punny/Documents/GitHub/NYC-Taxi-ETL-Pipeline/.venv/lib/python3.10/site-packages/airflow/example_dags/example_params_ui_tutorial.py
[2024-10-21T15:36:08.452+0700] {processor.py:914} INFO - Processing file /Users/punny/Documents/GitHub/NYC-Taxi-ETL-Pipeline/.venv/lib/python3.10/site-packages/airflow/example_dags/example_params_ui_tutorial.py for tasks to queue
[2024-10-21T15:36:08.455+0700] {logging_mixin.py:190} INFO - [2024-10-21T15:36:08.455+0700] {dagbag.py:588} INFO - Filling up the DagBag from /Users/punny/Documents/GitHub/NYC-Taxi-ETL-Pipeline/.venv/lib/python3.10/site-packages/airflow/example_dags/example_params_ui_tutorial.py
[2024-10-21T15:36:08.516+0700] {processor.py:925} INFO - DAG(s) 'example_params_ui_tutorial' retrieved from /Users/punny/Documents/GitHub/NYC-Taxi-ETL-Pipeline/.venv/lib/python3.10/site-packages/airflow/example_dags/example_params_ui_tutorial.py
[2024-10-21T15:36:08.855+0700] {logging_mixin.py:190} INFO - [2024-10-21T15:36:08.854+0700] {dag.py:3239} INFO - Sync 1 DAGs
[2024-10-21T15:36:08.878+0700] {logging_mixin.py:190} INFO - [2024-10-21T15:36:08.877+0700] {dag.py:4180} INFO - Setting next_dagrun for example_params_ui_tutorial to None, run_after=None
[2024-10-21T15:36:08.910+0700] {processor.py:208} INFO - Processing /Users/punny/Documents/GitHub/NYC-Taxi-ETL-Pipeline/.venv/lib/python3.10/site-packages/airflow/example_dags/example_params_ui_tutorial.py took 0.469 seconds
[2024-10-21T15:40:10.723+0700] {processor.py:186} INFO - Started process (PID=42918) to work on /Users/punny/Documents/GitHub/NYC-Taxi-ETL-Pipeline/.venv/lib/python3.10/site-packages/airflow/example_dags/example_params_ui_tutorial.py
[2024-10-21T15:40:10.728+0700] {processor.py:914} INFO - Processing file /Users/punny/Documents/GitHub/NYC-Taxi-ETL-Pipeline/.venv/lib/python3.10/site-packages/airflow/example_dags/example_params_ui_tutorial.py for tasks to queue
[2024-10-21T15:40:10.729+0700] {logging_mixin.py:190} INFO - [2024-10-21T15:40:10.729+0700] {dagbag.py:588} INFO - Filling up the DagBag from /Users/punny/Documents/GitHub/NYC-Taxi-ETL-Pipeline/.venv/lib/python3.10/site-packages/airflow/example_dags/example_params_ui_tutorial.py
[2024-10-21T15:40:10.799+0700] {processor.py:925} INFO - DAG(s) 'example_params_ui_tutorial' retrieved from /Users/punny/Documents/GitHub/NYC-Taxi-ETL-Pipeline/.venv/lib/python3.10/site-packages/airflow/example_dags/example_params_ui_tutorial.py
[2024-10-21T15:40:11.188+0700] {logging_mixin.py:190} INFO - [2024-10-21T15:40:11.188+0700] {dag.py:3239} INFO - Sync 1 DAGs
[2024-10-21T15:40:11.214+0700] {logging_mixin.py:190} INFO - [2024-10-21T15:40:11.213+0700] {dag.py:4180} INFO - Setting next_dagrun for example_params_ui_tutorial to None, run_after=None
[2024-10-21T15:40:11.253+0700] {processor.py:208} INFO - Processing /Users/punny/Documents/GitHub/NYC-Taxi-ETL-Pipeline/.venv/lib/python3.10/site-packages/airflow/example_dags/example_params_ui_tutorial.py took 0.542 seconds
[2024-10-21T15:44:04.646+0700] {processor.py:186} INFO - Started process (PID=43396) to work on /Users/punny/Documents/GitHub/NYC-Taxi-ETL-Pipeline/.venv/lib/python3.10/site-packages/airflow/example_dags/example_params_ui_tutorial.py
[2024-10-21T15:44:04.652+0700] {processor.py:914} INFO - Processing file /Users/punny/Documents/GitHub/NYC-Taxi-ETL-Pipeline/.venv/lib/python3.10/site-packages/airflow/example_dags/example_params_ui_tutorial.py for tasks to queue
[2024-10-21T15:44:04.655+0700] {logging_mixin.py:190} INFO - [2024-10-21T15:44:04.654+0700] {dagbag.py:588} INFO - Filling up the DagBag from /Users/punny/Documents/GitHub/NYC-Taxi-ETL-Pipeline/.venv/lib/python3.10/site-packages/airflow/example_dags/example_params_ui_tutorial.py
[2024-10-21T15:44:04.731+0700] {processor.py:925} INFO - DAG(s) 'example_params_ui_tutorial' retrieved from /Users/punny/Documents/GitHub/NYC-Taxi-ETL-Pipeline/.venv/lib/python3.10/site-packages/airflow/example_dags/example_params_ui_tutorial.py
[2024-10-21T15:44:05.124+0700] {logging_mixin.py:190} INFO - [2024-10-21T15:44:05.124+0700] {dag.py:3239} INFO - Sync 1 DAGs
[2024-10-21T15:44:05.147+0700] {logging_mixin.py:190} INFO - [2024-10-21T15:44:05.147+0700] {dag.py:4180} INFO - Setting next_dagrun for example_params_ui_tutorial to None, run_after=None
[2024-10-21T15:44:05.184+0700] {processor.py:208} INFO - Processing /Users/punny/Documents/GitHub/NYC-Taxi-ETL-Pipeline/.venv/lib/python3.10/site-packages/airflow/example_dags/example_params_ui_tutorial.py took 0.548 seconds
[2024-10-21T15:47:56.703+0700] {processor.py:186} INFO - Started process (PID=43866) to work on /Users/punny/Documents/GitHub/NYC-Taxi-ETL-Pipeline/.venv/lib/python3.10/site-packages/airflow/example_dags/example_params_ui_tutorial.py
[2024-10-21T15:47:56.708+0700] {processor.py:914} INFO - Processing file /Users/punny/Documents/GitHub/NYC-Taxi-ETL-Pipeline/.venv/lib/python3.10/site-packages/airflow/example_dags/example_params_ui_tutorial.py for tasks to queue
[2024-10-21T15:47:56.710+0700] {logging_mixin.py:190} INFO - [2024-10-21T15:47:56.709+0700] {dagbag.py:588} INFO - Filling up the DagBag from /Users/punny/Documents/GitHub/NYC-Taxi-ETL-Pipeline/.venv/lib/python3.10/site-packages/airflow/example_dags/example_params_ui_tutorial.py
[2024-10-21T15:47:56.771+0700] {processor.py:925} INFO - DAG(s) 'example_params_ui_tutorial' retrieved from /Users/punny/Documents/GitHub/NYC-Taxi-ETL-Pipeline/.venv/lib/python3.10/site-packages/airflow/example_dags/example_params_ui_tutorial.py
[2024-10-21T15:47:57.084+0700] {logging_mixin.py:190} INFO - [2024-10-21T15:47:57.083+0700] {dag.py:3239} INFO - Sync 1 DAGs
[2024-10-21T15:47:57.102+0700] {logging_mixin.py:190} INFO - [2024-10-21T15:47:57.102+0700] {dag.py:4180} INFO - Setting next_dagrun for example_params_ui_tutorial to None, run_after=None
[2024-10-21T15:47:57.130+0700] {processor.py:208} INFO - Processing /Users/punny/Documents/GitHub/NYC-Taxi-ETL-Pipeline/.venv/lib/python3.10/site-packages/airflow/example_dags/example_params_ui_tutorial.py took 0.437 seconds
[2024-10-21T15:51:55.579+0700] {processor.py:186} INFO - Started process (PID=44397) to work on /Users/punny/Documents/GitHub/NYC-Taxi-ETL-Pipeline/.venv/lib/python3.10/site-packages/airflow/example_dags/example_params_ui_tutorial.py
[2024-10-21T15:51:55.584+0700] {processor.py:914} INFO - Processing file /Users/punny/Documents/GitHub/NYC-Taxi-ETL-Pipeline/.venv/lib/python3.10/site-packages/airflow/example_dags/example_params_ui_tutorial.py for tasks to queue
[2024-10-21T15:51:55.586+0700] {logging_mixin.py:190} INFO - [2024-10-21T15:51:55.585+0700] {dagbag.py:588} INFO - Filling up the DagBag from /Users/punny/Documents/GitHub/NYC-Taxi-ETL-Pipeline/.venv/lib/python3.10/site-packages/airflow/example_dags/example_params_ui_tutorial.py
[2024-10-21T15:51:55.668+0700] {processor.py:925} INFO - DAG(s) 'example_params_ui_tutorial' retrieved from /Users/punny/Documents/GitHub/NYC-Taxi-ETL-Pipeline/.venv/lib/python3.10/site-packages/airflow/example_dags/example_params_ui_tutorial.py
[2024-10-21T15:51:55.983+0700] {logging_mixin.py:190} INFO - [2024-10-21T15:51:55.982+0700] {dag.py:3239} INFO - Sync 1 DAGs
[2024-10-21T15:51:56.001+0700] {logging_mixin.py:190} INFO - [2024-10-21T15:51:56.000+0700] {dag.py:4180} INFO - Setting next_dagrun for example_params_ui_tutorial to None, run_after=None
[2024-10-21T15:51:56.034+0700] {processor.py:208} INFO - Processing /Users/punny/Documents/GitHub/NYC-Taxi-ETL-Pipeline/.venv/lib/python3.10/site-packages/airflow/example_dags/example_params_ui_tutorial.py took 0.467 seconds
[2024-10-21T15:55:48.780+0700] {processor.py:186} INFO - Started process (PID=44873) to work on /Users/punny/Documents/GitHub/NYC-Taxi-ETL-Pipeline/.venv/lib/python3.10/site-packages/airflow/example_dags/example_params_ui_tutorial.py
[2024-10-21T15:55:48.786+0700] {processor.py:914} INFO - Processing file /Users/punny/Documents/GitHub/NYC-Taxi-ETL-Pipeline/.venv/lib/python3.10/site-packages/airflow/example_dags/example_params_ui_tutorial.py for tasks to queue
[2024-10-21T15:55:48.787+0700] {logging_mixin.py:190} INFO - [2024-10-21T15:55:48.786+0700] {dagbag.py:588} INFO - Filling up the DagBag from /Users/punny/Documents/GitHub/NYC-Taxi-ETL-Pipeline/.venv/lib/python3.10/site-packages/airflow/example_dags/example_params_ui_tutorial.py
[2024-10-21T15:55:48.861+0700] {processor.py:925} INFO - DAG(s) 'example_params_ui_tutorial' retrieved from /Users/punny/Documents/GitHub/NYC-Taxi-ETL-Pipeline/.venv/lib/python3.10/site-packages/airflow/example_dags/example_params_ui_tutorial.py
[2024-10-21T15:55:49.226+0700] {logging_mixin.py:190} INFO - [2024-10-21T15:55:49.225+0700] {dag.py:3239} INFO - Sync 1 DAGs
[2024-10-21T15:55:49.245+0700] {logging_mixin.py:190} INFO - [2024-10-21T15:55:49.245+0700] {dag.py:4180} INFO - Setting next_dagrun for example_params_ui_tutorial to None, run_after=None
[2024-10-21T15:55:49.276+0700] {processor.py:208} INFO - Processing /Users/punny/Documents/GitHub/NYC-Taxi-ETL-Pipeline/.venv/lib/python3.10/site-packages/airflow/example_dags/example_params_ui_tutorial.py took 0.508 seconds
[2024-10-21T16:00:06.282+0700] {processor.py:186} INFO - Started process (PID=45476) to work on /Users/punny/Documents/GitHub/NYC-Taxi-ETL-Pipeline/.venv/lib/python3.10/site-packages/airflow/example_dags/example_params_ui_tutorial.py
[2024-10-21T16:00:06.288+0700] {processor.py:914} INFO - Processing file /Users/punny/Documents/GitHub/NYC-Taxi-ETL-Pipeline/.venv/lib/python3.10/site-packages/airflow/example_dags/example_params_ui_tutorial.py for tasks to queue
[2024-10-21T16:00:06.290+0700] {logging_mixin.py:190} INFO - [2024-10-21T16:00:06.289+0700] {dagbag.py:588} INFO - Filling up the DagBag from /Users/punny/Documents/GitHub/NYC-Taxi-ETL-Pipeline/.venv/lib/python3.10/site-packages/airflow/example_dags/example_params_ui_tutorial.py
[2024-10-21T16:00:06.365+0700] {processor.py:925} INFO - DAG(s) 'example_params_ui_tutorial' retrieved from /Users/punny/Documents/GitHub/NYC-Taxi-ETL-Pipeline/.venv/lib/python3.10/site-packages/airflow/example_dags/example_params_ui_tutorial.py
[2024-10-21T16:00:06.758+0700] {logging_mixin.py:190} INFO - [2024-10-21T16:00:06.757+0700] {dag.py:3239} INFO - Sync 1 DAGs
[2024-10-21T16:00:06.778+0700] {logging_mixin.py:190} INFO - [2024-10-21T16:00:06.778+0700] {dag.py:4180} INFO - Setting next_dagrun for example_params_ui_tutorial to None, run_after=None
[2024-10-21T16:00:06.820+0700] {processor.py:208} INFO - Processing /Users/punny/Documents/GitHub/NYC-Taxi-ETL-Pipeline/.venv/lib/python3.10/site-packages/airflow/example_dags/example_params_ui_tutorial.py took 0.553 seconds
[2024-10-21T16:04:11.093+0700] {processor.py:186} INFO - Started process (PID=45956) to work on /Users/punny/Documents/GitHub/NYC-Taxi-ETL-Pipeline/.venv/lib/python3.10/site-packages/airflow/example_dags/example_params_ui_tutorial.py
[2024-10-21T16:04:11.097+0700] {processor.py:914} INFO - Processing file /Users/punny/Documents/GitHub/NYC-Taxi-ETL-Pipeline/.venv/lib/python3.10/site-packages/airflow/example_dags/example_params_ui_tutorial.py for tasks to queue
[2024-10-21T16:04:11.099+0700] {logging_mixin.py:190} INFO - [2024-10-21T16:04:11.098+0700] {dagbag.py:588} INFO - Filling up the DagBag from /Users/punny/Documents/GitHub/NYC-Taxi-ETL-Pipeline/.venv/lib/python3.10/site-packages/airflow/example_dags/example_params_ui_tutorial.py
[2024-10-21T16:04:11.167+0700] {processor.py:925} INFO - DAG(s) 'example_params_ui_tutorial' retrieved from /Users/punny/Documents/GitHub/NYC-Taxi-ETL-Pipeline/.venv/lib/python3.10/site-packages/airflow/example_dags/example_params_ui_tutorial.py
[2024-10-21T16:04:11.475+0700] {logging_mixin.py:190} INFO - [2024-10-21T16:04:11.475+0700] {dag.py:3239} INFO - Sync 1 DAGs
[2024-10-21T16:04:11.494+0700] {logging_mixin.py:190} INFO - [2024-10-21T16:04:11.494+0700] {dag.py:4180} INFO - Setting next_dagrun for example_params_ui_tutorial to None, run_after=None
[2024-10-21T16:04:11.533+0700] {processor.py:208} INFO - Processing /Users/punny/Documents/GitHub/NYC-Taxi-ETL-Pipeline/.venv/lib/python3.10/site-packages/airflow/example_dags/example_params_ui_tutorial.py took 0.451 seconds
[2024-10-21T20:38:17.481+0700] {processor.py:186} INFO - Started process (PID=4382) to work on /Users/punny/Documents/GitHub/NYC-Taxi-ETL-Pipeline/.venv/lib/python3.10/site-packages/airflow/example_dags/example_params_ui_tutorial.py
[2024-10-21T20:38:17.485+0700] {processor.py:914} INFO - Processing file /Users/punny/Documents/GitHub/NYC-Taxi-ETL-Pipeline/.venv/lib/python3.10/site-packages/airflow/example_dags/example_params_ui_tutorial.py for tasks to queue
[2024-10-21T20:38:17.487+0700] {logging_mixin.py:190} INFO - [2024-10-21T20:38:17.486+0700] {dagbag.py:588} INFO - Filling up the DagBag from /Users/punny/Documents/GitHub/NYC-Taxi-ETL-Pipeline/.venv/lib/python3.10/site-packages/airflow/example_dags/example_params_ui_tutorial.py
[2024-10-21T20:38:17.621+0700] {processor.py:925} INFO - DAG(s) 'example_params_ui_tutorial' retrieved from /Users/punny/Documents/GitHub/NYC-Taxi-ETL-Pipeline/.venv/lib/python3.10/site-packages/airflow/example_dags/example_params_ui_tutorial.py
[2024-10-21T20:38:18.019+0700] {logging_mixin.py:190} INFO - [2024-10-21T20:38:18.019+0700] {dag.py:3239} INFO - Sync 1 DAGs
[2024-10-21T20:38:18.038+0700] {logging_mixin.py:190} INFO - [2024-10-21T20:38:18.038+0700] {dag.py:4180} INFO - Setting next_dagrun for example_params_ui_tutorial to None, run_after=None
[2024-10-21T20:38:18.069+0700] {processor.py:208} INFO - Processing /Users/punny/Documents/GitHub/NYC-Taxi-ETL-Pipeline/.venv/lib/python3.10/site-packages/airflow/example_dags/example_params_ui_tutorial.py took 0.597 seconds
[2024-10-21T20:41:40.198+0700] {processor.py:186} INFO - Started process (PID=4632) to work on /Users/punny/Documents/GitHub/NYC-Taxi-ETL-Pipeline/.venv/lib/python3.10/site-packages/airflow/example_dags/example_params_ui_tutorial.py
[2024-10-21T20:41:40.202+0700] {processor.py:914} INFO - Processing file /Users/punny/Documents/GitHub/NYC-Taxi-ETL-Pipeline/.venv/lib/python3.10/site-packages/airflow/example_dags/example_params_ui_tutorial.py for tasks to queue
[2024-10-21T20:41:40.204+0700] {logging_mixin.py:190} INFO - [2024-10-21T20:41:40.204+0700] {dagbag.py:588} INFO - Filling up the DagBag from /Users/punny/Documents/GitHub/NYC-Taxi-ETL-Pipeline/.venv/lib/python3.10/site-packages/airflow/example_dags/example_params_ui_tutorial.py
[2024-10-21T20:41:40.250+0700] {processor.py:925} INFO - DAG(s) 'example_params_ui_tutorial' retrieved from /Users/punny/Documents/GitHub/NYC-Taxi-ETL-Pipeline/.venv/lib/python3.10/site-packages/airflow/example_dags/example_params_ui_tutorial.py
[2024-10-21T20:41:40.511+0700] {logging_mixin.py:190} INFO - [2024-10-21T20:41:40.510+0700] {dag.py:3239} INFO - Sync 1 DAGs
[2024-10-21T20:41:40.525+0700] {logging_mixin.py:190} INFO - [2024-10-21T20:41:40.524+0700] {dag.py:4180} INFO - Setting next_dagrun for example_params_ui_tutorial to None, run_after=None
[2024-10-21T20:41:40.545+0700] {processor.py:208} INFO - Processing /Users/punny/Documents/GitHub/NYC-Taxi-ETL-Pipeline/.venv/lib/python3.10/site-packages/airflow/example_dags/example_params_ui_tutorial.py took 0.356 seconds
[2024-10-21T20:45:37.380+0700] {processor.py:186} INFO - Started process (PID=5031) to work on /Users/punny/Documents/GitHub/NYC-Taxi-ETL-Pipeline/.venv/lib/python3.10/site-packages/airflow/example_dags/example_params_ui_tutorial.py
[2024-10-21T20:45:37.383+0700] {processor.py:914} INFO - Processing file /Users/punny/Documents/GitHub/NYC-Taxi-ETL-Pipeline/.venv/lib/python3.10/site-packages/airflow/example_dags/example_params_ui_tutorial.py for tasks to queue
[2024-10-21T20:45:37.385+0700] {logging_mixin.py:190} INFO - [2024-10-21T20:45:37.384+0700] {dagbag.py:588} INFO - Filling up the DagBag from /Users/punny/Documents/GitHub/NYC-Taxi-ETL-Pipeline/.venv/lib/python3.10/site-packages/airflow/example_dags/example_params_ui_tutorial.py
[2024-10-21T20:45:37.445+0700] {processor.py:925} INFO - DAG(s) 'example_params_ui_tutorial' retrieved from /Users/punny/Documents/GitHub/NYC-Taxi-ETL-Pipeline/.venv/lib/python3.10/site-packages/airflow/example_dags/example_params_ui_tutorial.py
[2024-10-21T20:45:37.738+0700] {logging_mixin.py:190} INFO - [2024-10-21T20:45:37.738+0700] {dag.py:3239} INFO - Sync 1 DAGs
[2024-10-21T20:45:37.757+0700] {logging_mixin.py:190} INFO - [2024-10-21T20:45:37.757+0700] {dag.py:4180} INFO - Setting next_dagrun for example_params_ui_tutorial to None, run_after=None
[2024-10-21T20:45:37.786+0700] {processor.py:208} INFO - Processing /Users/punny/Documents/GitHub/NYC-Taxi-ETL-Pipeline/.venv/lib/python3.10/site-packages/airflow/example_dags/example_params_ui_tutorial.py took 0.415 seconds
[2024-10-21T20:49:30.958+0700] {processor.py:186} INFO - Started process (PID=5399) to work on /Users/punny/Documents/GitHub/NYC-Taxi-ETL-Pipeline/.venv/lib/python3.10/site-packages/airflow/example_dags/example_params_ui_tutorial.py
[2024-10-21T20:49:30.962+0700] {processor.py:914} INFO - Processing file /Users/punny/Documents/GitHub/NYC-Taxi-ETL-Pipeline/.venv/lib/python3.10/site-packages/airflow/example_dags/example_params_ui_tutorial.py for tasks to queue
[2024-10-21T20:49:30.963+0700] {logging_mixin.py:190} INFO - [2024-10-21T20:49:30.963+0700] {dagbag.py:588} INFO - Filling up the DagBag from /Users/punny/Documents/GitHub/NYC-Taxi-ETL-Pipeline/.venv/lib/python3.10/site-packages/airflow/example_dags/example_params_ui_tutorial.py
[2024-10-21T20:49:31.010+0700] {processor.py:925} INFO - DAG(s) 'example_params_ui_tutorial' retrieved from /Users/punny/Documents/GitHub/NYC-Taxi-ETL-Pipeline/.venv/lib/python3.10/site-packages/airflow/example_dags/example_params_ui_tutorial.py
[2024-10-21T20:49:31.243+0700] {logging_mixin.py:190} INFO - [2024-10-21T20:49:31.243+0700] {dag.py:3239} INFO - Sync 1 DAGs
[2024-10-21T20:49:31.257+0700] {logging_mixin.py:190} INFO - [2024-10-21T20:49:31.257+0700] {dag.py:4180} INFO - Setting next_dagrun for example_params_ui_tutorial to None, run_after=None
[2024-10-21T20:49:31.281+0700] {processor.py:208} INFO - Processing /Users/punny/Documents/GitHub/NYC-Taxi-ETL-Pipeline/.venv/lib/python3.10/site-packages/airflow/example_dags/example_params_ui_tutorial.py took 0.331 seconds
[2024-10-21T20:57:25.088+0700] {processor.py:186} INFO - Started process (PID=6264) to work on /Users/punny/Documents/GitHub/NYC-Taxi-ETL-Pipeline/.venv/lib/python3.10/site-packages/airflow/example_dags/example_params_ui_tutorial.py
[2024-10-21T20:57:25.092+0700] {processor.py:914} INFO - Processing file /Users/punny/Documents/GitHub/NYC-Taxi-ETL-Pipeline/.venv/lib/python3.10/site-packages/airflow/example_dags/example_params_ui_tutorial.py for tasks to queue
[2024-10-21T20:57:25.093+0700] {logging_mixin.py:190} INFO - [2024-10-21T20:57:25.093+0700] {dagbag.py:588} INFO - Filling up the DagBag from /Users/punny/Documents/GitHub/NYC-Taxi-ETL-Pipeline/.venv/lib/python3.10/site-packages/airflow/example_dags/example_params_ui_tutorial.py
[2024-10-21T20:57:25.153+0700] {processor.py:925} INFO - DAG(s) 'example_params_ui_tutorial' retrieved from /Users/punny/Documents/GitHub/NYC-Taxi-ETL-Pipeline/.venv/lib/python3.10/site-packages/airflow/example_dags/example_params_ui_tutorial.py
[2024-10-21T20:57:25.419+0700] {logging_mixin.py:190} INFO - [2024-10-21T20:57:25.419+0700] {dag.py:3239} INFO - Sync 1 DAGs
[2024-10-21T20:57:25.437+0700] {logging_mixin.py:190} INFO - [2024-10-21T20:57:25.437+0700] {dag.py:4180} INFO - Setting next_dagrun for example_params_ui_tutorial to None, run_after=None
[2024-10-21T20:57:25.470+0700] {processor.py:208} INFO - Processing /Users/punny/Documents/GitHub/NYC-Taxi-ETL-Pipeline/.venv/lib/python3.10/site-packages/airflow/example_dags/example_params_ui_tutorial.py took 0.391 seconds
[2024-10-21T21:01:33.658+0700] {processor.py:186} INFO - Started process (PID=6500) to work on /Users/punny/Documents/GitHub/NYC-Taxi-ETL-Pipeline/.venv/lib/python3.10/site-packages/airflow/example_dags/example_params_ui_tutorial.py
[2024-10-21T21:01:33.668+0700] {processor.py:914} INFO - Processing file /Users/punny/Documents/GitHub/NYC-Taxi-ETL-Pipeline/.venv/lib/python3.10/site-packages/airflow/example_dags/example_params_ui_tutorial.py for tasks to queue
[2024-10-21T21:01:33.671+0700] {logging_mixin.py:190} INFO - [2024-10-21T21:01:33.670+0700] {dagbag.py:588} INFO - Filling up the DagBag from /Users/punny/Documents/GitHub/NYC-Taxi-ETL-Pipeline/.venv/lib/python3.10/site-packages/airflow/example_dags/example_params_ui_tutorial.py
[2024-10-21T21:01:33.767+0700] {processor.py:925} INFO - DAG(s) 'example_params_ui_tutorial' retrieved from /Users/punny/Documents/GitHub/NYC-Taxi-ETL-Pipeline/.venv/lib/python3.10/site-packages/airflow/example_dags/example_params_ui_tutorial.py
[2024-10-21T21:01:34.199+0700] {logging_mixin.py:190} INFO - [2024-10-21T21:01:34.199+0700] {dag.py:3239} INFO - Sync 1 DAGs
[2024-10-21T21:01:34.222+0700] {logging_mixin.py:190} INFO - [2024-10-21T21:01:34.221+0700] {dag.py:4180} INFO - Setting next_dagrun for example_params_ui_tutorial to None, run_after=None
[2024-10-21T21:01:34.257+0700] {processor.py:208} INFO - Processing /Users/punny/Documents/GitHub/NYC-Taxi-ETL-Pipeline/.venv/lib/python3.10/site-packages/airflow/example_dags/example_params_ui_tutorial.py took 0.633 seconds
[2024-10-21T21:05:17.999+0700] {processor.py:186} INFO - Started process (PID=6808) to work on /Users/punny/Documents/GitHub/NYC-Taxi-ETL-Pipeline/.venv/lib/python3.10/site-packages/airflow/example_dags/example_params_ui_tutorial.py
[2024-10-21T21:05:18.001+0700] {processor.py:914} INFO - Processing file /Users/punny/Documents/GitHub/NYC-Taxi-ETL-Pipeline/.venv/lib/python3.10/site-packages/airflow/example_dags/example_params_ui_tutorial.py for tasks to queue
[2024-10-21T21:05:18.002+0700] {logging_mixin.py:190} INFO - [2024-10-21T21:05:18.002+0700] {dagbag.py:588} INFO - Filling up the DagBag from /Users/punny/Documents/GitHub/NYC-Taxi-ETL-Pipeline/.venv/lib/python3.10/site-packages/airflow/example_dags/example_params_ui_tutorial.py
[2024-10-21T21:05:18.049+0700] {processor.py:925} INFO - DAG(s) 'example_params_ui_tutorial' retrieved from /Users/punny/Documents/GitHub/NYC-Taxi-ETL-Pipeline/.venv/lib/python3.10/site-packages/airflow/example_dags/example_params_ui_tutorial.py
[2024-10-21T21:05:18.273+0700] {logging_mixin.py:190} INFO - [2024-10-21T21:05:18.273+0700] {dag.py:3239} INFO - Sync 1 DAGs
[2024-10-21T21:05:18.287+0700] {logging_mixin.py:190} INFO - [2024-10-21T21:05:18.287+0700] {dag.py:4180} INFO - Setting next_dagrun for example_params_ui_tutorial to None, run_after=None
[2024-10-21T21:05:18.307+0700] {processor.py:208} INFO - Processing /Users/punny/Documents/GitHub/NYC-Taxi-ETL-Pipeline/.venv/lib/python3.10/site-packages/airflow/example_dags/example_params_ui_tutorial.py took 0.316 seconds
[2024-10-21T21:08:57.303+0700] {processor.py:186} INFO - Started process (PID=7118) to work on /Users/punny/Documents/GitHub/NYC-Taxi-ETL-Pipeline/.venv/lib/python3.10/site-packages/airflow/example_dags/example_params_ui_tutorial.py
[2024-10-21T21:08:57.308+0700] {processor.py:914} INFO - Processing file /Users/punny/Documents/GitHub/NYC-Taxi-ETL-Pipeline/.venv/lib/python3.10/site-packages/airflow/example_dags/example_params_ui_tutorial.py for tasks to queue
[2024-10-21T21:08:57.310+0700] {logging_mixin.py:190} INFO - [2024-10-21T21:08:57.310+0700] {dagbag.py:588} INFO - Filling up the DagBag from /Users/punny/Documents/GitHub/NYC-Taxi-ETL-Pipeline/.venv/lib/python3.10/site-packages/airflow/example_dags/example_params_ui_tutorial.py
[2024-10-21T21:08:57.389+0700] {processor.py:925} INFO - DAG(s) 'example_params_ui_tutorial' retrieved from /Users/punny/Documents/GitHub/NYC-Taxi-ETL-Pipeline/.venv/lib/python3.10/site-packages/airflow/example_dags/example_params_ui_tutorial.py
[2024-10-21T21:08:57.882+0700] {logging_mixin.py:190} INFO - [2024-10-21T21:08:57.882+0700] {dag.py:3239} INFO - Sync 1 DAGs
[2024-10-21T21:08:57.907+0700] {logging_mixin.py:190} INFO - [2024-10-21T21:08:57.907+0700] {dag.py:4180} INFO - Setting next_dagrun for example_params_ui_tutorial to None, run_after=None
[2024-10-21T21:08:57.938+0700] {processor.py:208} INFO - Processing /Users/punny/Documents/GitHub/NYC-Taxi-ETL-Pipeline/.venv/lib/python3.10/site-packages/airflow/example_dags/example_params_ui_tutorial.py took 0.641 seconds
[2024-10-21T21:11:58.471+0700] {processor.py:186} INFO - Started process (PID=7288) to work on /Users/punny/Documents/GitHub/NYC-Taxi-ETL-Pipeline/.venv/lib/python3.10/site-packages/airflow/example_dags/example_params_ui_tutorial.py
[2024-10-21T21:11:58.475+0700] {processor.py:914} INFO - Processing file /Users/punny/Documents/GitHub/NYC-Taxi-ETL-Pipeline/.venv/lib/python3.10/site-packages/airflow/example_dags/example_params_ui_tutorial.py for tasks to queue
[2024-10-21T21:11:58.476+0700] {logging_mixin.py:190} INFO - [2024-10-21T21:11:58.475+0700] {dagbag.py:588} INFO - Filling up the DagBag from /Users/punny/Documents/GitHub/NYC-Taxi-ETL-Pipeline/.venv/lib/python3.10/site-packages/airflow/example_dags/example_params_ui_tutorial.py
[2024-10-21T21:11:58.521+0700] {processor.py:925} INFO - DAG(s) 'example_params_ui_tutorial' retrieved from /Users/punny/Documents/GitHub/NYC-Taxi-ETL-Pipeline/.venv/lib/python3.10/site-packages/airflow/example_dags/example_params_ui_tutorial.py
[2024-10-21T21:11:58.771+0700] {logging_mixin.py:190} INFO - [2024-10-21T21:11:58.770+0700] {dag.py:3239} INFO - Sync 1 DAGs
[2024-10-21T21:11:58.790+0700] {logging_mixin.py:190} INFO - [2024-10-21T21:11:58.789+0700] {dag.py:4180} INFO - Setting next_dagrun for example_params_ui_tutorial to None, run_after=None
[2024-10-21T21:11:58.812+0700] {processor.py:208} INFO - Processing /Users/punny/Documents/GitHub/NYC-Taxi-ETL-Pipeline/.venv/lib/python3.10/site-packages/airflow/example_dags/example_params_ui_tutorial.py took 0.348 seconds
[2024-10-21T21:15:07.581+0700] {processor.py:186} INFO - Started process (PID=7652) to work on /Users/punny/Documents/GitHub/NYC-Taxi-ETL-Pipeline/.venv/lib/python3.10/site-packages/airflow/example_dags/example_params_ui_tutorial.py
[2024-10-21T21:15:07.585+0700] {processor.py:914} INFO - Processing file /Users/punny/Documents/GitHub/NYC-Taxi-ETL-Pipeline/.venv/lib/python3.10/site-packages/airflow/example_dags/example_params_ui_tutorial.py for tasks to queue
[2024-10-21T21:15:07.587+0700] {logging_mixin.py:190} INFO - [2024-10-21T21:15:07.587+0700] {dagbag.py:588} INFO - Filling up the DagBag from /Users/punny/Documents/GitHub/NYC-Taxi-ETL-Pipeline/.venv/lib/python3.10/site-packages/airflow/example_dags/example_params_ui_tutorial.py
[2024-10-21T21:15:07.637+0700] {processor.py:925} INFO - DAG(s) 'example_params_ui_tutorial' retrieved from /Users/punny/Documents/GitHub/NYC-Taxi-ETL-Pipeline/.venv/lib/python3.10/site-packages/airflow/example_dags/example_params_ui_tutorial.py
[2024-10-21T21:15:07.874+0700] {logging_mixin.py:190} INFO - [2024-10-21T21:15:07.874+0700] {dag.py:3239} INFO - Sync 1 DAGs
[2024-10-21T21:15:07.889+0700] {logging_mixin.py:190} INFO - [2024-10-21T21:15:07.889+0700] {dag.py:4180} INFO - Setting next_dagrun for example_params_ui_tutorial to None, run_after=None
[2024-10-21T21:15:07.912+0700] {processor.py:208} INFO - Processing /Users/punny/Documents/GitHub/NYC-Taxi-ETL-Pipeline/.venv/lib/python3.10/site-packages/airflow/example_dags/example_params_ui_tutorial.py took 0.340 seconds
[2024-10-21T21:18:34.022+0700] {processor.py:186} INFO - Started process (PID=7959) to work on /Users/punny/Documents/GitHub/NYC-Taxi-ETL-Pipeline/.venv/lib/python3.10/site-packages/airflow/example_dags/example_params_ui_tutorial.py
[2024-10-21T21:18:34.025+0700] {processor.py:914} INFO - Processing file /Users/punny/Documents/GitHub/NYC-Taxi-ETL-Pipeline/.venv/lib/python3.10/site-packages/airflow/example_dags/example_params_ui_tutorial.py for tasks to queue
[2024-10-21T21:18:34.026+0700] {logging_mixin.py:190} INFO - [2024-10-21T21:18:34.026+0700] {dagbag.py:588} INFO - Filling up the DagBag from /Users/punny/Documents/GitHub/NYC-Taxi-ETL-Pipeline/.venv/lib/python3.10/site-packages/airflow/example_dags/example_params_ui_tutorial.py
[2024-10-21T21:18:34.085+0700] {processor.py:925} INFO - DAG(s) 'example_params_ui_tutorial' retrieved from /Users/punny/Documents/GitHub/NYC-Taxi-ETL-Pipeline/.venv/lib/python3.10/site-packages/airflow/example_dags/example_params_ui_tutorial.py
[2024-10-21T21:18:34.334+0700] {logging_mixin.py:190} INFO - [2024-10-21T21:18:34.334+0700] {dag.py:3239} INFO - Sync 1 DAGs
[2024-10-21T21:18:34.350+0700] {logging_mixin.py:190} INFO - [2024-10-21T21:18:34.350+0700] {dag.py:4180} INFO - Setting next_dagrun for example_params_ui_tutorial to None, run_after=None
[2024-10-21T21:18:34.374+0700] {processor.py:208} INFO - Processing /Users/punny/Documents/GitHub/NYC-Taxi-ETL-Pipeline/.venv/lib/python3.10/site-packages/airflow/example_dags/example_params_ui_tutorial.py took 0.362 seconds
[2024-10-21T21:21:26.314+0700] {processor.py:186} INFO - Started process (PID=8116) to work on /Users/punny/Documents/GitHub/NYC-Taxi-ETL-Pipeline/.venv/lib/python3.10/site-packages/airflow/example_dags/example_params_ui_tutorial.py
[2024-10-21T21:21:26.317+0700] {processor.py:914} INFO - Processing file /Users/punny/Documents/GitHub/NYC-Taxi-ETL-Pipeline/.venv/lib/python3.10/site-packages/airflow/example_dags/example_params_ui_tutorial.py for tasks to queue
[2024-10-21T21:21:26.318+0700] {logging_mixin.py:190} INFO - [2024-10-21T21:21:26.318+0700] {dagbag.py:588} INFO - Filling up the DagBag from /Users/punny/Documents/GitHub/NYC-Taxi-ETL-Pipeline/.venv/lib/python3.10/site-packages/airflow/example_dags/example_params_ui_tutorial.py
[2024-10-21T21:21:26.370+0700] {processor.py:925} INFO - DAG(s) 'example_params_ui_tutorial' retrieved from /Users/punny/Documents/GitHub/NYC-Taxi-ETL-Pipeline/.venv/lib/python3.10/site-packages/airflow/example_dags/example_params_ui_tutorial.py
[2024-10-21T21:21:26.608+0700] {logging_mixin.py:190} INFO - [2024-10-21T21:21:26.608+0700] {dag.py:3239} INFO - Sync 1 DAGs
[2024-10-21T21:21:26.623+0700] {logging_mixin.py:190} INFO - [2024-10-21T21:21:26.623+0700] {dag.py:4180} INFO - Setting next_dagrun for example_params_ui_tutorial to None, run_after=None
[2024-10-21T21:21:26.646+0700] {processor.py:208} INFO - Processing /Users/punny/Documents/GitHub/NYC-Taxi-ETL-Pipeline/.venv/lib/python3.10/site-packages/airflow/example_dags/example_params_ui_tutorial.py took 0.340 seconds
[2024-10-21T21:24:23.251+0700] {processor.py:186} INFO - Started process (PID=8387) to work on /Users/punny/Documents/GitHub/NYC-Taxi-ETL-Pipeline/.venv/lib/python3.10/site-packages/airflow/example_dags/example_params_ui_tutorial.py
[2024-10-21T21:24:23.255+0700] {processor.py:914} INFO - Processing file /Users/punny/Documents/GitHub/NYC-Taxi-ETL-Pipeline/.venv/lib/python3.10/site-packages/airflow/example_dags/example_params_ui_tutorial.py for tasks to queue
[2024-10-21T21:24:23.256+0700] {logging_mixin.py:190} INFO - [2024-10-21T21:24:23.256+0700] {dagbag.py:588} INFO - Filling up the DagBag from /Users/punny/Documents/GitHub/NYC-Taxi-ETL-Pipeline/.venv/lib/python3.10/site-packages/airflow/example_dags/example_params_ui_tutorial.py
[2024-10-21T21:24:23.316+0700] {processor.py:925} INFO - DAG(s) 'example_params_ui_tutorial' retrieved from /Users/punny/Documents/GitHub/NYC-Taxi-ETL-Pipeline/.venv/lib/python3.10/site-packages/airflow/example_dags/example_params_ui_tutorial.py
[2024-10-21T21:24:23.580+0700] {logging_mixin.py:190} INFO - [2024-10-21T21:24:23.579+0700] {dag.py:3239} INFO - Sync 1 DAGs
[2024-10-21T21:24:23.596+0700] {logging_mixin.py:190} INFO - [2024-10-21T21:24:23.596+0700] {dag.py:4180} INFO - Setting next_dagrun for example_params_ui_tutorial to None, run_after=None
[2024-10-21T21:24:23.618+0700] {processor.py:208} INFO - Processing /Users/punny/Documents/GitHub/NYC-Taxi-ETL-Pipeline/.venv/lib/python3.10/site-packages/airflow/example_dags/example_params_ui_tutorial.py took 0.377 seconds
[2024-10-21T21:27:56.419+0700] {processor.py:186} INFO - Started process (PID=8735) to work on /Users/punny/Documents/GitHub/NYC-Taxi-ETL-Pipeline/.venv/lib/python3.10/site-packages/airflow/example_dags/example_params_ui_tutorial.py
[2024-10-21T21:27:56.422+0700] {processor.py:914} INFO - Processing file /Users/punny/Documents/GitHub/NYC-Taxi-ETL-Pipeline/.venv/lib/python3.10/site-packages/airflow/example_dags/example_params_ui_tutorial.py for tasks to queue
[2024-10-21T21:27:56.424+0700] {logging_mixin.py:190} INFO - [2024-10-21T21:27:56.423+0700] {dagbag.py:588} INFO - Filling up the DagBag from /Users/punny/Documents/GitHub/NYC-Taxi-ETL-Pipeline/.venv/lib/python3.10/site-packages/airflow/example_dags/example_params_ui_tutorial.py
[2024-10-21T21:27:56.466+0700] {processor.py:925} INFO - DAG(s) 'example_params_ui_tutorial' retrieved from /Users/punny/Documents/GitHub/NYC-Taxi-ETL-Pipeline/.venv/lib/python3.10/site-packages/airflow/example_dags/example_params_ui_tutorial.py
[2024-10-21T21:27:56.689+0700] {logging_mixin.py:190} INFO - [2024-10-21T21:27:56.689+0700] {dag.py:3239} INFO - Sync 1 DAGs
[2024-10-21T21:27:56.703+0700] {logging_mixin.py:190} INFO - [2024-10-21T21:27:56.703+0700] {dag.py:4180} INFO - Setting next_dagrun for example_params_ui_tutorial to None, run_after=None
[2024-10-21T21:27:56.723+0700] {processor.py:208} INFO - Processing /Users/punny/Documents/GitHub/NYC-Taxi-ETL-Pipeline/.venv/lib/python3.10/site-packages/airflow/example_dags/example_params_ui_tutorial.py took 0.310 seconds
[2024-10-21T21:30:51.588+0700] {processor.py:186} INFO - Started process (PID=8965) to work on /Users/punny/Documents/GitHub/NYC-Taxi-ETL-Pipeline/.venv/lib/python3.10/site-packages/airflow/example_dags/example_params_ui_tutorial.py
[2024-10-21T21:30:51.591+0700] {processor.py:914} INFO - Processing file /Users/punny/Documents/GitHub/NYC-Taxi-ETL-Pipeline/.venv/lib/python3.10/site-packages/airflow/example_dags/example_params_ui_tutorial.py for tasks to queue
[2024-10-21T21:30:51.592+0700] {logging_mixin.py:190} INFO - [2024-10-21T21:30:51.592+0700] {dagbag.py:588} INFO - Filling up the DagBag from /Users/punny/Documents/GitHub/NYC-Taxi-ETL-Pipeline/.venv/lib/python3.10/site-packages/airflow/example_dags/example_params_ui_tutorial.py
[2024-10-21T21:30:51.636+0700] {processor.py:925} INFO - DAG(s) 'example_params_ui_tutorial' retrieved from /Users/punny/Documents/GitHub/NYC-Taxi-ETL-Pipeline/.venv/lib/python3.10/site-packages/airflow/example_dags/example_params_ui_tutorial.py
[2024-10-21T21:30:51.849+0700] {logging_mixin.py:190} INFO - [2024-10-21T21:30:51.849+0700] {dag.py:3239} INFO - Sync 1 DAGs
[2024-10-21T21:30:51.864+0700] {logging_mixin.py:190} INFO - [2024-10-21T21:30:51.864+0700] {dag.py:4180} INFO - Setting next_dagrun for example_params_ui_tutorial to None, run_after=None
[2024-10-21T21:30:51.886+0700] {processor.py:208} INFO - Processing /Users/punny/Documents/GitHub/NYC-Taxi-ETL-Pipeline/.venv/lib/python3.10/site-packages/airflow/example_dags/example_params_ui_tutorial.py took 0.305 seconds
[2024-10-21T21:33:42.705+0700] {processor.py:186} INFO - Started process (PID=9182) to work on /Users/punny/Documents/GitHub/NYC-Taxi-ETL-Pipeline/.venv/lib/python3.10/site-packages/airflow/example_dags/example_params_ui_tutorial.py
[2024-10-21T21:33:42.709+0700] {processor.py:914} INFO - Processing file /Users/punny/Documents/GitHub/NYC-Taxi-ETL-Pipeline/.venv/lib/python3.10/site-packages/airflow/example_dags/example_params_ui_tutorial.py for tasks to queue
[2024-10-21T21:33:42.710+0700] {logging_mixin.py:190} INFO - [2024-10-21T21:33:42.710+0700] {dagbag.py:588} INFO - Filling up the DagBag from /Users/punny/Documents/GitHub/NYC-Taxi-ETL-Pipeline/.venv/lib/python3.10/site-packages/airflow/example_dags/example_params_ui_tutorial.py
[2024-10-21T21:33:42.754+0700] {processor.py:925} INFO - DAG(s) 'example_params_ui_tutorial' retrieved from /Users/punny/Documents/GitHub/NYC-Taxi-ETL-Pipeline/.venv/lib/python3.10/site-packages/airflow/example_dags/example_params_ui_tutorial.py
[2024-10-21T21:33:42.967+0700] {logging_mixin.py:190} INFO - [2024-10-21T21:33:42.967+0700] {dag.py:3239} INFO - Sync 1 DAGs
[2024-10-21T21:33:42.982+0700] {logging_mixin.py:190} INFO - [2024-10-21T21:33:42.982+0700] {dag.py:4180} INFO - Setting next_dagrun for example_params_ui_tutorial to None, run_after=None
[2024-10-21T21:33:43.002+0700] {processor.py:208} INFO - Processing /Users/punny/Documents/GitHub/NYC-Taxi-ETL-Pipeline/.venv/lib/python3.10/site-packages/airflow/example_dags/example_params_ui_tutorial.py took 0.304 seconds
[2024-10-21T21:36:38.435+0700] {processor.py:186} INFO - Started process (PID=9421) to work on /Users/punny/Documents/GitHub/NYC-Taxi-ETL-Pipeline/.venv/lib/python3.10/site-packages/airflow/example_dags/example_params_ui_tutorial.py
[2024-10-21T21:36:38.439+0700] {processor.py:914} INFO - Processing file /Users/punny/Documents/GitHub/NYC-Taxi-ETL-Pipeline/.venv/lib/python3.10/site-packages/airflow/example_dags/example_params_ui_tutorial.py for tasks to queue
[2024-10-21T21:36:38.440+0700] {logging_mixin.py:190} INFO - [2024-10-21T21:36:38.439+0700] {dagbag.py:588} INFO - Filling up the DagBag from /Users/punny/Documents/GitHub/NYC-Taxi-ETL-Pipeline/.venv/lib/python3.10/site-packages/airflow/example_dags/example_params_ui_tutorial.py
[2024-10-21T21:36:38.485+0700] {processor.py:925} INFO - DAG(s) 'example_params_ui_tutorial' retrieved from /Users/punny/Documents/GitHub/NYC-Taxi-ETL-Pipeline/.venv/lib/python3.10/site-packages/airflow/example_dags/example_params_ui_tutorial.py
[2024-10-21T21:36:38.698+0700] {logging_mixin.py:190} INFO - [2024-10-21T21:36:38.697+0700] {dag.py:3239} INFO - Sync 1 DAGs
[2024-10-21T21:36:38.711+0700] {logging_mixin.py:190} INFO - [2024-10-21T21:36:38.711+0700] {dag.py:4180} INFO - Setting next_dagrun for example_params_ui_tutorial to None, run_after=None
[2024-10-21T21:36:38.732+0700] {processor.py:208} INFO - Processing /Users/punny/Documents/GitHub/NYC-Taxi-ETL-Pipeline/.venv/lib/python3.10/site-packages/airflow/example_dags/example_params_ui_tutorial.py took 0.301 seconds
[2024-10-21T21:40:37.765+0700] {processor.py:186} INFO - Started process (PID=9831) to work on /Users/punny/Documents/GitHub/NYC-Taxi-ETL-Pipeline/.venv/lib/python3.10/site-packages/airflow/example_dags/example_params_ui_tutorial.py
[2024-10-21T21:40:37.769+0700] {processor.py:914} INFO - Processing file /Users/punny/Documents/GitHub/NYC-Taxi-ETL-Pipeline/.venv/lib/python3.10/site-packages/airflow/example_dags/example_params_ui_tutorial.py for tasks to queue
[2024-10-21T21:40:37.771+0700] {logging_mixin.py:190} INFO - [2024-10-21T21:40:37.770+0700] {dagbag.py:588} INFO - Filling up the DagBag from /Users/punny/Documents/GitHub/NYC-Taxi-ETL-Pipeline/.venv/lib/python3.10/site-packages/airflow/example_dags/example_params_ui_tutorial.py
[2024-10-21T21:40:37.824+0700] {processor.py:925} INFO - DAG(s) 'example_params_ui_tutorial' retrieved from /Users/punny/Documents/GitHub/NYC-Taxi-ETL-Pipeline/.venv/lib/python3.10/site-packages/airflow/example_dags/example_params_ui_tutorial.py
[2024-10-21T21:40:38.081+0700] {logging_mixin.py:190} INFO - [2024-10-21T21:40:38.080+0700] {dag.py:3239} INFO - Sync 1 DAGs
[2024-10-21T21:40:38.098+0700] {logging_mixin.py:190} INFO - [2024-10-21T21:40:38.097+0700] {dag.py:4180} INFO - Setting next_dagrun for example_params_ui_tutorial to None, run_after=None
[2024-10-21T21:40:38.121+0700] {processor.py:208} INFO - Processing /Users/punny/Documents/GitHub/NYC-Taxi-ETL-Pipeline/.venv/lib/python3.10/site-packages/airflow/example_dags/example_params_ui_tutorial.py took 0.366 seconds
[2024-10-21T21:44:11.609+0700] {processor.py:186} INFO - Started process (PID=10154) to work on /Users/punny/Documents/GitHub/NYC-Taxi-ETL-Pipeline/.venv/lib/python3.10/site-packages/airflow/example_dags/example_params_ui_tutorial.py
[2024-10-21T21:44:11.612+0700] {processor.py:914} INFO - Processing file /Users/punny/Documents/GitHub/NYC-Taxi-ETL-Pipeline/.venv/lib/python3.10/site-packages/airflow/example_dags/example_params_ui_tutorial.py for tasks to queue
[2024-10-21T21:44:11.613+0700] {logging_mixin.py:190} INFO - [2024-10-21T21:44:11.613+0700] {dagbag.py:588} INFO - Filling up the DagBag from /Users/punny/Documents/GitHub/NYC-Taxi-ETL-Pipeline/.venv/lib/python3.10/site-packages/airflow/example_dags/example_params_ui_tutorial.py
[2024-10-21T21:44:11.660+0700] {processor.py:925} INFO - DAG(s) 'example_params_ui_tutorial' retrieved from /Users/punny/Documents/GitHub/NYC-Taxi-ETL-Pipeline/.venv/lib/python3.10/site-packages/airflow/example_dags/example_params_ui_tutorial.py
[2024-10-21T21:44:11.906+0700] {logging_mixin.py:190} INFO - [2024-10-21T21:44:11.906+0700] {dag.py:3239} INFO - Sync 1 DAGs
[2024-10-21T21:44:11.926+0700] {logging_mixin.py:190} INFO - [2024-10-21T21:44:11.926+0700] {dag.py:4180} INFO - Setting next_dagrun for example_params_ui_tutorial to None, run_after=None
[2024-10-21T21:44:11.961+0700] {processor.py:208} INFO - Processing /Users/punny/Documents/GitHub/NYC-Taxi-ETL-Pipeline/.venv/lib/python3.10/site-packages/airflow/example_dags/example_params_ui_tutorial.py took 0.360 seconds
[2024-10-21T21:47:28.005+0700] {processor.py:186} INFO - Started process (PID=10481) to work on /Users/punny/Documents/GitHub/NYC-Taxi-ETL-Pipeline/.venv/lib/python3.10/site-packages/airflow/example_dags/example_params_ui_tutorial.py
[2024-10-21T21:47:28.009+0700] {processor.py:914} INFO - Processing file /Users/punny/Documents/GitHub/NYC-Taxi-ETL-Pipeline/.venv/lib/python3.10/site-packages/airflow/example_dags/example_params_ui_tutorial.py for tasks to queue
[2024-10-21T21:47:28.011+0700] {logging_mixin.py:190} INFO - [2024-10-21T21:47:28.011+0700] {dagbag.py:588} INFO - Filling up the DagBag from /Users/punny/Documents/GitHub/NYC-Taxi-ETL-Pipeline/.venv/lib/python3.10/site-packages/airflow/example_dags/example_params_ui_tutorial.py
[2024-10-21T21:47:28.063+0700] {processor.py:925} INFO - DAG(s) 'example_params_ui_tutorial' retrieved from /Users/punny/Documents/GitHub/NYC-Taxi-ETL-Pipeline/.venv/lib/python3.10/site-packages/airflow/example_dags/example_params_ui_tutorial.py
[2024-10-21T21:47:28.298+0700] {logging_mixin.py:190} INFO - [2024-10-21T21:47:28.298+0700] {dag.py:3239} INFO - Sync 1 DAGs
[2024-10-21T21:47:28.314+0700] {logging_mixin.py:190} INFO - [2024-10-21T21:47:28.314+0700] {dag.py:4180} INFO - Setting next_dagrun for example_params_ui_tutorial to None, run_after=None
[2024-10-21T21:47:28.338+0700] {processor.py:208} INFO - Processing /Users/punny/Documents/GitHub/NYC-Taxi-ETL-Pipeline/.venv/lib/python3.10/site-packages/airflow/example_dags/example_params_ui_tutorial.py took 0.342 seconds
[2024-10-21T21:51:55.025+0700] {processor.py:186} INFO - Started process (PID=10826) to work on /Users/punny/Documents/GitHub/NYC-Taxi-ETL-Pipeline/.venv/lib/python3.10/site-packages/airflow/example_dags/example_params_ui_tutorial.py
[2024-10-21T21:51:55.028+0700] {processor.py:914} INFO - Processing file /Users/punny/Documents/GitHub/NYC-Taxi-ETL-Pipeline/.venv/lib/python3.10/site-packages/airflow/example_dags/example_params_ui_tutorial.py for tasks to queue
[2024-10-21T21:51:55.029+0700] {logging_mixin.py:190} INFO - [2024-10-21T21:51:55.029+0700] {dagbag.py:588} INFO - Filling up the DagBag from /Users/punny/Documents/GitHub/NYC-Taxi-ETL-Pipeline/.venv/lib/python3.10/site-packages/airflow/example_dags/example_params_ui_tutorial.py
[2024-10-21T21:51:55.081+0700] {processor.py:925} INFO - DAG(s) 'example_params_ui_tutorial' retrieved from /Users/punny/Documents/GitHub/NYC-Taxi-ETL-Pipeline/.venv/lib/python3.10/site-packages/airflow/example_dags/example_params_ui_tutorial.py
[2024-10-21T21:51:55.310+0700] {logging_mixin.py:190} INFO - [2024-10-21T21:51:55.310+0700] {dag.py:3239} INFO - Sync 1 DAGs
[2024-10-21T21:51:55.324+0700] {logging_mixin.py:190} INFO - [2024-10-21T21:51:55.324+0700] {dag.py:4180} INFO - Setting next_dagrun for example_params_ui_tutorial to None, run_after=None
[2024-10-21T21:51:55.346+0700] {processor.py:208} INFO - Processing /Users/punny/Documents/GitHub/NYC-Taxi-ETL-Pipeline/.venv/lib/python3.10/site-packages/airflow/example_dags/example_params_ui_tutorial.py took 0.329 seconds
[2024-10-21T21:56:24.762+0700] {processor.py:186} INFO - Started process (PID=11352) to work on /Users/punny/Documents/GitHub/NYC-Taxi-ETL-Pipeline/.venv/lib/python3.10/site-packages/airflow/example_dags/example_params_ui_tutorial.py
[2024-10-21T21:56:24.765+0700] {processor.py:914} INFO - Processing file /Users/punny/Documents/GitHub/NYC-Taxi-ETL-Pipeline/.venv/lib/python3.10/site-packages/airflow/example_dags/example_params_ui_tutorial.py for tasks to queue
[2024-10-21T21:56:24.766+0700] {logging_mixin.py:190} INFO - [2024-10-21T21:56:24.766+0700] {dagbag.py:588} INFO - Filling up the DagBag from /Users/punny/Documents/GitHub/NYC-Taxi-ETL-Pipeline/.venv/lib/python3.10/site-packages/airflow/example_dags/example_params_ui_tutorial.py
[2024-10-21T21:56:24.814+0700] {processor.py:925} INFO - DAG(s) 'example_params_ui_tutorial' retrieved from /Users/punny/Documents/GitHub/NYC-Taxi-ETL-Pipeline/.venv/lib/python3.10/site-packages/airflow/example_dags/example_params_ui_tutorial.py
[2024-10-21T21:56:25.035+0700] {logging_mixin.py:190} INFO - [2024-10-21T21:56:25.035+0700] {dag.py:3239} INFO - Sync 1 DAGs
[2024-10-21T21:56:25.049+0700] {logging_mixin.py:190} INFO - [2024-10-21T21:56:25.049+0700] {dag.py:4180} INFO - Setting next_dagrun for example_params_ui_tutorial to None, run_after=None
[2024-10-21T21:56:25.070+0700] {processor.py:208} INFO - Processing /Users/punny/Documents/GitHub/NYC-Taxi-ETL-Pipeline/.venv/lib/python3.10/site-packages/airflow/example_dags/example_params_ui_tutorial.py took 0.317 seconds
[2024-10-21T22:00:17.356+0700] {processor.py:186} INFO - Started process (PID=11782) to work on /Users/punny/Documents/GitHub/NYC-Taxi-ETL-Pipeline/.venv/lib/python3.10/site-packages/airflow/example_dags/example_params_ui_tutorial.py
[2024-10-21T22:00:17.359+0700] {processor.py:914} INFO - Processing file /Users/punny/Documents/GitHub/NYC-Taxi-ETL-Pipeline/.venv/lib/python3.10/site-packages/airflow/example_dags/example_params_ui_tutorial.py for tasks to queue
[2024-10-21T22:00:17.360+0700] {logging_mixin.py:190} INFO - [2024-10-21T22:00:17.360+0700] {dagbag.py:588} INFO - Filling up the DagBag from /Users/punny/Documents/GitHub/NYC-Taxi-ETL-Pipeline/.venv/lib/python3.10/site-packages/airflow/example_dags/example_params_ui_tutorial.py
[2024-10-21T22:00:17.407+0700] {processor.py:925} INFO - DAG(s) 'example_params_ui_tutorial' retrieved from /Users/punny/Documents/GitHub/NYC-Taxi-ETL-Pipeline/.venv/lib/python3.10/site-packages/airflow/example_dags/example_params_ui_tutorial.py
[2024-10-21T22:00:17.652+0700] {logging_mixin.py:190} INFO - [2024-10-21T22:00:17.651+0700] {dag.py:3239} INFO - Sync 1 DAGs
[2024-10-21T22:00:17.667+0700] {logging_mixin.py:190} INFO - [2024-10-21T22:00:17.666+0700] {dag.py:4180} INFO - Setting next_dagrun for example_params_ui_tutorial to None, run_after=None
[2024-10-21T22:00:17.692+0700] {processor.py:208} INFO - Processing /Users/punny/Documents/GitHub/NYC-Taxi-ETL-Pipeline/.venv/lib/python3.10/site-packages/airflow/example_dags/example_params_ui_tutorial.py took 0.343 seconds
[2024-10-21T22:17:19.631+0700] {processor.py:186} INFO - Started process (PID=12089) to work on /Users/punny/Documents/GitHub/NYC-Taxi-ETL-Pipeline/.venv/lib/python3.10/site-packages/airflow/example_dags/example_params_ui_tutorial.py
[2024-10-21T22:17:19.635+0700] {processor.py:914} INFO - Processing file /Users/punny/Documents/GitHub/NYC-Taxi-ETL-Pipeline/.venv/lib/python3.10/site-packages/airflow/example_dags/example_params_ui_tutorial.py for tasks to queue
[2024-10-21T22:17:19.636+0700] {logging_mixin.py:190} INFO - [2024-10-21T22:17:19.636+0700] {dagbag.py:588} INFO - Filling up the DagBag from /Users/punny/Documents/GitHub/NYC-Taxi-ETL-Pipeline/.venv/lib/python3.10/site-packages/airflow/example_dags/example_params_ui_tutorial.py
[2024-10-21T22:17:19.687+0700] {processor.py:925} INFO - DAG(s) 'example_params_ui_tutorial' retrieved from /Users/punny/Documents/GitHub/NYC-Taxi-ETL-Pipeline/.venv/lib/python3.10/site-packages/airflow/example_dags/example_params_ui_tutorial.py
[2024-10-21T22:17:19.969+0700] {logging_mixin.py:190} INFO - [2024-10-21T22:17:19.969+0700] {dag.py:3239} INFO - Sync 1 DAGs
[2024-10-21T22:17:19.985+0700] {logging_mixin.py:190} INFO - [2024-10-21T22:17:19.985+0700] {dag.py:4180} INFO - Setting next_dagrun for example_params_ui_tutorial to None, run_after=None
[2024-10-21T22:17:20.014+0700] {processor.py:208} INFO - Processing /Users/punny/Documents/GitHub/NYC-Taxi-ETL-Pipeline/.venv/lib/python3.10/site-packages/airflow/example_dags/example_params_ui_tutorial.py took 0.397 seconds
[2024-10-21T22:20:53.379+0700] {processor.py:186} INFO - Started process (PID=12497) to work on /Users/punny/Documents/GitHub/NYC-Taxi-ETL-Pipeline/.venv/lib/python3.10/site-packages/airflow/example_dags/example_params_ui_tutorial.py
[2024-10-21T22:20:53.382+0700] {processor.py:914} INFO - Processing file /Users/punny/Documents/GitHub/NYC-Taxi-ETL-Pipeline/.venv/lib/python3.10/site-packages/airflow/example_dags/example_params_ui_tutorial.py for tasks to queue
[2024-10-21T22:20:53.383+0700] {logging_mixin.py:190} INFO - [2024-10-21T22:20:53.383+0700] {dagbag.py:588} INFO - Filling up the DagBag from /Users/punny/Documents/GitHub/NYC-Taxi-ETL-Pipeline/.venv/lib/python3.10/site-packages/airflow/example_dags/example_params_ui_tutorial.py
[2024-10-21T22:20:53.431+0700] {processor.py:925} INFO - DAG(s) 'example_params_ui_tutorial' retrieved from /Users/punny/Documents/GitHub/NYC-Taxi-ETL-Pipeline/.venv/lib/python3.10/site-packages/airflow/example_dags/example_params_ui_tutorial.py
[2024-10-21T22:20:53.681+0700] {logging_mixin.py:190} INFO - [2024-10-21T22:20:53.680+0700] {dag.py:3239} INFO - Sync 1 DAGs
[2024-10-21T22:20:53.696+0700] {logging_mixin.py:190} INFO - [2024-10-21T22:20:53.696+0700] {dag.py:4180} INFO - Setting next_dagrun for example_params_ui_tutorial to None, run_after=None
[2024-10-21T22:20:53.718+0700] {processor.py:208} INFO - Processing /Users/punny/Documents/GitHub/NYC-Taxi-ETL-Pipeline/.venv/lib/python3.10/site-packages/airflow/example_dags/example_params_ui_tutorial.py took 0.346 seconds
[2024-10-21T22:26:04.194+0700] {processor.py:186} INFO - Started process (PID=13348) to work on /Users/punny/Documents/GitHub/NYC-Taxi-ETL-Pipeline/.venv/lib/python3.10/site-packages/airflow/example_dags/example_params_ui_tutorial.py
[2024-10-21T22:26:04.198+0700] {processor.py:914} INFO - Processing file /Users/punny/Documents/GitHub/NYC-Taxi-ETL-Pipeline/.venv/lib/python3.10/site-packages/airflow/example_dags/example_params_ui_tutorial.py for tasks to queue
[2024-10-21T22:26:04.199+0700] {logging_mixin.py:190} INFO - [2024-10-21T22:26:04.199+0700] {dagbag.py:588} INFO - Filling up the DagBag from /Users/punny/Documents/GitHub/NYC-Taxi-ETL-Pipeline/.venv/lib/python3.10/site-packages/airflow/example_dags/example_params_ui_tutorial.py
[2024-10-21T22:26:04.245+0700] {processor.py:925} INFO - DAG(s) 'example_params_ui_tutorial' retrieved from /Users/punny/Documents/GitHub/NYC-Taxi-ETL-Pipeline/.venv/lib/python3.10/site-packages/airflow/example_dags/example_params_ui_tutorial.py
[2024-10-21T22:26:04.463+0700] {logging_mixin.py:190} INFO - [2024-10-21T22:26:04.463+0700] {dag.py:3239} INFO - Sync 1 DAGs
[2024-10-21T22:26:04.478+0700] {logging_mixin.py:190} INFO - [2024-10-21T22:26:04.478+0700] {dag.py:4180} INFO - Setting next_dagrun for example_params_ui_tutorial to None, run_after=None
[2024-10-21T22:26:04.498+0700] {processor.py:208} INFO - Processing /Users/punny/Documents/GitHub/NYC-Taxi-ETL-Pipeline/.venv/lib/python3.10/site-packages/airflow/example_dags/example_params_ui_tutorial.py took 0.312 seconds
[2024-10-21T22:29:15.997+0700] {processor.py:186} INFO - Started process (PID=13595) to work on /Users/punny/Documents/GitHub/NYC-Taxi-ETL-Pipeline/.venv/lib/python3.10/site-packages/airflow/example_dags/example_params_ui_tutorial.py
[2024-10-21T22:29:16.000+0700] {processor.py:914} INFO - Processing file /Users/punny/Documents/GitHub/NYC-Taxi-ETL-Pipeline/.venv/lib/python3.10/site-packages/airflow/example_dags/example_params_ui_tutorial.py for tasks to queue
[2024-10-21T22:29:16.001+0700] {logging_mixin.py:190} INFO - [2024-10-21T22:29:16.000+0700] {dagbag.py:588} INFO - Filling up the DagBag from /Users/punny/Documents/GitHub/NYC-Taxi-ETL-Pipeline/.venv/lib/python3.10/site-packages/airflow/example_dags/example_params_ui_tutorial.py
[2024-10-21T22:29:16.046+0700] {processor.py:925} INFO - DAG(s) 'example_params_ui_tutorial' retrieved from /Users/punny/Documents/GitHub/NYC-Taxi-ETL-Pipeline/.venv/lib/python3.10/site-packages/airflow/example_dags/example_params_ui_tutorial.py
[2024-10-21T22:29:16.267+0700] {logging_mixin.py:190} INFO - [2024-10-21T22:29:16.266+0700] {dag.py:3239} INFO - Sync 1 DAGs
[2024-10-21T22:29:16.282+0700] {logging_mixin.py:190} INFO - [2024-10-21T22:29:16.281+0700] {dag.py:4180} INFO - Setting next_dagrun for example_params_ui_tutorial to None, run_after=None
[2024-10-21T22:29:16.304+0700] {processor.py:208} INFO - Processing /Users/punny/Documents/GitHub/NYC-Taxi-ETL-Pipeline/.venv/lib/python3.10/site-packages/airflow/example_dags/example_params_ui_tutorial.py took 0.315 seconds
[2024-10-21T22:32:07.891+0700] {processor.py:186} INFO - Started process (PID=13750) to work on /Users/punny/Documents/GitHub/NYC-Taxi-ETL-Pipeline/.venv/lib/python3.10/site-packages/airflow/example_dags/example_params_ui_tutorial.py
[2024-10-21T22:32:07.894+0700] {processor.py:914} INFO - Processing file /Users/punny/Documents/GitHub/NYC-Taxi-ETL-Pipeline/.venv/lib/python3.10/site-packages/airflow/example_dags/example_params_ui_tutorial.py for tasks to queue
[2024-10-21T22:32:07.895+0700] {logging_mixin.py:190} INFO - [2024-10-21T22:32:07.895+0700] {dagbag.py:588} INFO - Filling up the DagBag from /Users/punny/Documents/GitHub/NYC-Taxi-ETL-Pipeline/.venv/lib/python3.10/site-packages/airflow/example_dags/example_params_ui_tutorial.py
[2024-10-21T22:32:07.940+0700] {processor.py:925} INFO - DAG(s) 'example_params_ui_tutorial' retrieved from /Users/punny/Documents/GitHub/NYC-Taxi-ETL-Pipeline/.venv/lib/python3.10/site-packages/airflow/example_dags/example_params_ui_tutorial.py
[2024-10-21T22:32:08.154+0700] {logging_mixin.py:190} INFO - [2024-10-21T22:32:08.153+0700] {dag.py:3239} INFO - Sync 1 DAGs
[2024-10-21T22:32:08.167+0700] {logging_mixin.py:190} INFO - [2024-10-21T22:32:08.167+0700] {dag.py:4180} INFO - Setting next_dagrun for example_params_ui_tutorial to None, run_after=None
[2024-10-21T22:32:08.188+0700] {processor.py:208} INFO - Processing /Users/punny/Documents/GitHub/NYC-Taxi-ETL-Pipeline/.venv/lib/python3.10/site-packages/airflow/example_dags/example_params_ui_tutorial.py took 0.302 seconds
