[2024-10-21T13:25:34.879+0700] {processor.py:186} INFO - Started process (PID=34671) to work on /Users/punny/Documents/GitHub/NYC-Taxi-ETL-Pipeline/.venv/lib/python3.10/site-packages/airflow/example_dags/example_branch_datetime_operator.py
[2024-10-21T13:25:34.883+0700] {processor.py:914} INFO - Processing file /Users/punny/Documents/GitHub/NYC-Taxi-ETL-Pipeline/.venv/lib/python3.10/site-packages/airflow/example_dags/example_branch_datetime_operator.py for tasks to queue
[2024-10-21T13:25:34.885+0700] {logging_mixin.py:190} INFO - [2024-10-21T13:25:34.885+0700] {dagbag.py:588} INFO - Filling up the DagBag from /Users/punny/Documents/GitHub/NYC-Taxi-ETL-Pipeline/.venv/lib/python3.10/site-packages/airflow/example_dags/example_branch_datetime_operator.py
[2024-10-21T13:25:34.915+0700] {processor.py:925} INFO - DAG(s) 'example_branch_datetime_operator_2', 'example_branch_datetime_operator_3', 'example_branch_datetime_operator' retrieved from /Users/punny/Documents/GitHub/NYC-Taxi-ETL-Pipeline/.venv/lib/python3.10/site-packages/airflow/example_dags/example_branch_datetime_operator.py
[2024-10-21T13:25:35.228+0700] {logging_mixin.py:190} INFO - [2024-10-21T13:25:35.227+0700] {dag.py:3239} INFO - Sync 3 DAGs
[2024-10-21T13:25:35.266+0700] {logging_mixin.py:190} INFO - [2024-10-21T13:25:35.265+0700] {dag.py:4180} INFO - Setting next_dagrun for example_branch_datetime_operator to 2024-10-20 00:00:00+00:00, run_after=2024-10-21 00:00:00+00:00
[2024-10-21T13:25:35.277+0700] {logging_mixin.py:190} INFO - [2024-10-21T13:25:35.277+0700] {dag.py:4180} INFO - Setting next_dagrun for example_branch_datetime_operator_2 to 2024-10-20 00:00:00+00:00, run_after=2024-10-21 00:00:00+00:00
[2024-10-21T13:25:35.282+0700] {logging_mixin.py:190} INFO - [2024-10-21T13:25:35.282+0700] {dag.py:4180} INFO - Setting next_dagrun for example_branch_datetime_operator_3 to 2024-10-20 00:00:00+00:00, run_after=2024-10-21 00:00:00+00:00
[2024-10-21T13:25:35.327+0700] {processor.py:208} INFO - Processing /Users/punny/Documents/GitHub/NYC-Taxi-ETL-Pipeline/.venv/lib/python3.10/site-packages/airflow/example_dags/example_branch_datetime_operator.py took 0.462 seconds
[2024-10-21T14:50:13.674+0700] {processor.py:186} INFO - Started process (PID=36243) to work on /Users/punny/Documents/GitHub/NYC-Taxi-ETL-Pipeline/.venv/lib/python3.10/site-packages/airflow/example_dags/example_branch_datetime_operator.py
[2024-10-21T14:50:13.676+0700] {processor.py:914} INFO - Processing file /Users/punny/Documents/GitHub/NYC-Taxi-ETL-Pipeline/.venv/lib/python3.10/site-packages/airflow/example_dags/example_branch_datetime_operator.py for tasks to queue
[2024-10-21T14:50:13.678+0700] {logging_mixin.py:190} INFO - [2024-10-21T14:50:13.677+0700] {dagbag.py:588} INFO - Filling up the DagBag from /Users/punny/Documents/GitHub/NYC-Taxi-ETL-Pipeline/.venv/lib/python3.10/site-packages/airflow/example_dags/example_branch_datetime_operator.py
[2024-10-21T14:50:13.694+0700] {processor.py:925} INFO - DAG(s) 'example_branch_datetime_operator_3', 'example_branch_datetime_operator', 'example_branch_datetime_operator_2' retrieved from /Users/punny/Documents/GitHub/NYC-Taxi-ETL-Pipeline/.venv/lib/python3.10/site-packages/airflow/example_dags/example_branch_datetime_operator.py
[2024-10-21T14:50:13.892+0700] {logging_mixin.py:190} INFO - [2024-10-21T14:50:13.892+0700] {dag.py:3239} INFO - Sync 3 DAGs
[2024-10-21T14:50:13.920+0700] {logging_mixin.py:190} INFO - [2024-10-21T14:50:13.920+0700] {dag.py:4180} INFO - Setting next_dagrun for example_branch_datetime_operator to 2024-10-20 00:00:00+00:00, run_after=2024-10-21 00:00:00+00:00
[2024-10-21T14:50:13.926+0700] {logging_mixin.py:190} INFO - [2024-10-21T14:50:13.926+0700] {dag.py:4180} INFO - Setting next_dagrun for example_branch_datetime_operator_2 to 2024-10-20 00:00:00+00:00, run_after=2024-10-21 00:00:00+00:00
[2024-10-21T14:50:13.929+0700] {logging_mixin.py:190} INFO - [2024-10-21T14:50:13.929+0700] {dag.py:4180} INFO - Setting next_dagrun for example_branch_datetime_operator_3 to 2024-10-20 00:00:00+00:00, run_after=2024-10-21 00:00:00+00:00
[2024-10-21T14:50:13.949+0700] {processor.py:208} INFO - Processing /Users/punny/Documents/GitHub/NYC-Taxi-ETL-Pipeline/.venv/lib/python3.10/site-packages/airflow/example_dags/example_branch_datetime_operator.py took 0.282 seconds
[2024-10-21T14:57:38.289+0700] {processor.py:186} INFO - Started process (PID=37350) to work on /Users/punny/Documents/GitHub/NYC-Taxi-ETL-Pipeline/.venv/lib/python3.10/site-packages/airflow/example_dags/example_branch_datetime_operator.py
[2024-10-21T14:57:38.326+0700] {processor.py:914} INFO - Processing file /Users/punny/Documents/GitHub/NYC-Taxi-ETL-Pipeline/.venv/lib/python3.10/site-packages/airflow/example_dags/example_branch_datetime_operator.py for tasks to queue
[2024-10-21T14:57:38.331+0700] {logging_mixin.py:190} INFO - [2024-10-21T14:57:38.330+0700] {dagbag.py:588} INFO - Filling up the DagBag from /Users/punny/Documents/GitHub/NYC-Taxi-ETL-Pipeline/.venv/lib/python3.10/site-packages/airflow/example_dags/example_branch_datetime_operator.py
[2024-10-21T14:57:38.400+0700] {processor.py:925} INFO - DAG(s) 'example_branch_datetime_operator', 'example_branch_datetime_operator_3', 'example_branch_datetime_operator_2' retrieved from /Users/punny/Documents/GitHub/NYC-Taxi-ETL-Pipeline/.venv/lib/python3.10/site-packages/airflow/example_dags/example_branch_datetime_operator.py
[2024-10-21T14:57:39.488+0700] {logging_mixin.py:190} INFO - [2024-10-21T14:57:39.486+0700] {dag.py:3239} INFO - Sync 3 DAGs
[2024-10-21T14:57:39.568+0700] {logging_mixin.py:190} INFO - [2024-10-21T14:57:39.567+0700] {dag.py:4180} INFO - Setting next_dagrun for example_branch_datetime_operator to 2024-10-20 00:00:00+00:00, run_after=2024-10-21 00:00:00+00:00
[2024-10-21T14:57:39.584+0700] {logging_mixin.py:190} INFO - [2024-10-21T14:57:39.583+0700] {dag.py:4180} INFO - Setting next_dagrun for example_branch_datetime_operator_2 to 2024-10-20 00:00:00+00:00, run_after=2024-10-21 00:00:00+00:00
[2024-10-21T14:57:39.589+0700] {logging_mixin.py:190} INFO - [2024-10-21T14:57:39.588+0700] {dag.py:4180} INFO - Setting next_dagrun for example_branch_datetime_operator_3 to 2024-10-20 00:00:00+00:00, run_after=2024-10-21 00:00:00+00:00
[2024-10-21T14:57:39.636+0700] {processor.py:208} INFO - Processing /Users/punny/Documents/GitHub/NYC-Taxi-ETL-Pipeline/.venv/lib/python3.10/site-packages/airflow/example_dags/example_branch_datetime_operator.py took 1.365 seconds
[2024-10-21T15:08:20.572+0700] {processor.py:186} INFO - Started process (PID=38773) to work on /Users/punny/Documents/GitHub/NYC-Taxi-ETL-Pipeline/.venv/lib/python3.10/site-packages/airflow/example_dags/example_branch_datetime_operator.py
[2024-10-21T15:08:20.580+0700] {processor.py:914} INFO - Processing file /Users/punny/Documents/GitHub/NYC-Taxi-ETL-Pipeline/.venv/lib/python3.10/site-packages/airflow/example_dags/example_branch_datetime_operator.py for tasks to queue
[2024-10-21T15:08:20.582+0700] {logging_mixin.py:190} INFO - [2024-10-21T15:08:20.581+0700] {dagbag.py:588} INFO - Filling up the DagBag from /Users/punny/Documents/GitHub/NYC-Taxi-ETL-Pipeline/.venv/lib/python3.10/site-packages/airflow/example_dags/example_branch_datetime_operator.py
[2024-10-21T15:08:20.611+0700] {processor.py:925} INFO - DAG(s) 'example_branch_datetime_operator', 'example_branch_datetime_operator_2', 'example_branch_datetime_operator_3' retrieved from /Users/punny/Documents/GitHub/NYC-Taxi-ETL-Pipeline/.venv/lib/python3.10/site-packages/airflow/example_dags/example_branch_datetime_operator.py
[2024-10-21T15:08:20.901+0700] {logging_mixin.py:190} INFO - [2024-10-21T15:08:20.901+0700] {dag.py:3239} INFO - Sync 3 DAGs
[2024-10-21T15:08:20.935+0700] {logging_mixin.py:190} INFO - [2024-10-21T15:08:20.934+0700] {dag.py:4180} INFO - Setting next_dagrun for example_branch_datetime_operator to 2024-10-20 00:00:00+00:00, run_after=2024-10-21 00:00:00+00:00
[2024-10-21T15:08:20.943+0700] {logging_mixin.py:190} INFO - [2024-10-21T15:08:20.943+0700] {dag.py:4180} INFO - Setting next_dagrun for example_branch_datetime_operator_2 to 2024-10-20 00:00:00+00:00, run_after=2024-10-21 00:00:00+00:00
[2024-10-21T15:08:20.949+0700] {logging_mixin.py:190} INFO - [2024-10-21T15:08:20.948+0700] {dag.py:4180} INFO - Setting next_dagrun for example_branch_datetime_operator_3 to 2024-10-20 00:00:00+00:00, run_after=2024-10-21 00:00:00+00:00
[2024-10-21T15:08:20.978+0700] {processor.py:208} INFO - Processing /Users/punny/Documents/GitHub/NYC-Taxi-ETL-Pipeline/.venv/lib/python3.10/site-packages/airflow/example_dags/example_branch_datetime_operator.py took 0.418 seconds
[2024-10-21T15:17:11.770+0700] {processor.py:186} INFO - Started process (PID=39904) to work on /Users/punny/Documents/GitHub/NYC-Taxi-ETL-Pipeline/.venv/lib/python3.10/site-packages/airflow/example_dags/example_branch_datetime_operator.py
[2024-10-21T15:17:11.776+0700] {processor.py:914} INFO - Processing file /Users/punny/Documents/GitHub/NYC-Taxi-ETL-Pipeline/.venv/lib/python3.10/site-packages/airflow/example_dags/example_branch_datetime_operator.py for tasks to queue
[2024-10-21T15:17:11.778+0700] {logging_mixin.py:190} INFO - [2024-10-21T15:17:11.778+0700] {dagbag.py:588} INFO - Filling up the DagBag from /Users/punny/Documents/GitHub/NYC-Taxi-ETL-Pipeline/.venv/lib/python3.10/site-packages/airflow/example_dags/example_branch_datetime_operator.py
[2024-10-21T15:17:11.810+0700] {processor.py:925} INFO - DAG(s) 'example_branch_datetime_operator', 'example_branch_datetime_operator_3', 'example_branch_datetime_operator_2' retrieved from /Users/punny/Documents/GitHub/NYC-Taxi-ETL-Pipeline/.venv/lib/python3.10/site-packages/airflow/example_dags/example_branch_datetime_operator.py
[2024-10-21T15:17:12.128+0700] {logging_mixin.py:190} INFO - [2024-10-21T15:17:12.127+0700] {dag.py:3239} INFO - Sync 3 DAGs
[2024-10-21T15:17:12.174+0700] {logging_mixin.py:190} INFO - [2024-10-21T15:17:12.173+0700] {dag.py:4180} INFO - Setting next_dagrun for example_branch_datetime_operator to 2024-10-20 00:00:00+00:00, run_after=2024-10-21 00:00:00+00:00
[2024-10-21T15:17:12.184+0700] {logging_mixin.py:190} INFO - [2024-10-21T15:17:12.184+0700] {dag.py:4180} INFO - Setting next_dagrun for example_branch_datetime_operator_2 to 2024-10-20 00:00:00+00:00, run_after=2024-10-21 00:00:00+00:00
[2024-10-21T15:17:12.188+0700] {logging_mixin.py:190} INFO - [2024-10-21T15:17:12.188+0700] {dag.py:4180} INFO - Setting next_dagrun for example_branch_datetime_operator_3 to 2024-10-20 00:00:00+00:00, run_after=2024-10-21 00:00:00+00:00
[2024-10-21T15:17:12.217+0700] {processor.py:208} INFO - Processing /Users/punny/Documents/GitHub/NYC-Taxi-ETL-Pipeline/.venv/lib/python3.10/site-packages/airflow/example_dags/example_branch_datetime_operator.py took 0.464 seconds
[2024-10-21T15:25:24.490+0700] {processor.py:186} INFO - Started process (PID=40952) to work on /Users/punny/Documents/GitHub/NYC-Taxi-ETL-Pipeline/.venv/lib/python3.10/site-packages/airflow/example_dags/example_branch_datetime_operator.py
[2024-10-21T15:25:24.495+0700] {processor.py:914} INFO - Processing file /Users/punny/Documents/GitHub/NYC-Taxi-ETL-Pipeline/.venv/lib/python3.10/site-packages/airflow/example_dags/example_branch_datetime_operator.py for tasks to queue
[2024-10-21T15:25:24.496+0700] {logging_mixin.py:190} INFO - [2024-10-21T15:25:24.496+0700] {dagbag.py:588} INFO - Filling up the DagBag from /Users/punny/Documents/GitHub/NYC-Taxi-ETL-Pipeline/.venv/lib/python3.10/site-packages/airflow/example_dags/example_branch_datetime_operator.py
[2024-10-21T15:25:24.526+0700] {processor.py:925} INFO - DAG(s) 'example_branch_datetime_operator', 'example_branch_datetime_operator_2', 'example_branch_datetime_operator_3' retrieved from /Users/punny/Documents/GitHub/NYC-Taxi-ETL-Pipeline/.venv/lib/python3.10/site-packages/airflow/example_dags/example_branch_datetime_operator.py
[2024-10-21T15:25:24.820+0700] {logging_mixin.py:190} INFO - [2024-10-21T15:25:24.820+0700] {dag.py:3239} INFO - Sync 3 DAGs
[2024-10-21T15:25:24.849+0700] {logging_mixin.py:190} INFO - [2024-10-21T15:25:24.848+0700] {dag.py:4180} INFO - Setting next_dagrun for example_branch_datetime_operator to 2024-10-20 00:00:00+00:00, run_after=2024-10-21 00:00:00+00:00
[2024-10-21T15:25:24.856+0700] {logging_mixin.py:190} INFO - [2024-10-21T15:25:24.855+0700] {dag.py:4180} INFO - Setting next_dagrun for example_branch_datetime_operator_2 to 2024-10-20 00:00:00+00:00, run_after=2024-10-21 00:00:00+00:00
[2024-10-21T15:25:24.860+0700] {logging_mixin.py:190} INFO - [2024-10-21T15:25:24.859+0700] {dag.py:4180} INFO - Setting next_dagrun for example_branch_datetime_operator_3 to 2024-10-20 00:00:00+00:00, run_after=2024-10-21 00:00:00+00:00
[2024-10-21T15:25:24.884+0700] {processor.py:208} INFO - Processing /Users/punny/Documents/GitHub/NYC-Taxi-ETL-Pipeline/.venv/lib/python3.10/site-packages/airflow/example_dags/example_branch_datetime_operator.py took 0.404 seconds
[2024-10-21T15:33:31.324+0700] {processor.py:186} INFO - Started process (PID=41984) to work on /Users/punny/Documents/GitHub/NYC-Taxi-ETL-Pipeline/.venv/lib/python3.10/site-packages/airflow/example_dags/example_branch_datetime_operator.py
[2024-10-21T15:33:31.333+0700] {processor.py:914} INFO - Processing file /Users/punny/Documents/GitHub/NYC-Taxi-ETL-Pipeline/.venv/lib/python3.10/site-packages/airflow/example_dags/example_branch_datetime_operator.py for tasks to queue
[2024-10-21T15:33:31.335+0700] {logging_mixin.py:190} INFO - [2024-10-21T15:33:31.335+0700] {dagbag.py:588} INFO - Filling up the DagBag from /Users/punny/Documents/GitHub/NYC-Taxi-ETL-Pipeline/.venv/lib/python3.10/site-packages/airflow/example_dags/example_branch_datetime_operator.py
[2024-10-21T15:33:31.375+0700] {processor.py:925} INFO - DAG(s) 'example_branch_datetime_operator', 'example_branch_datetime_operator_3', 'example_branch_datetime_operator_2' retrieved from /Users/punny/Documents/GitHub/NYC-Taxi-ETL-Pipeline/.venv/lib/python3.10/site-packages/airflow/example_dags/example_branch_datetime_operator.py
[2024-10-21T15:33:31.672+0700] {logging_mixin.py:190} INFO - [2024-10-21T15:33:31.671+0700] {dag.py:3239} INFO - Sync 3 DAGs
[2024-10-21T15:33:31.710+0700] {logging_mixin.py:190} INFO - [2024-10-21T15:33:31.708+0700] {dag.py:4180} INFO - Setting next_dagrun for example_branch_datetime_operator to 2024-10-20 00:00:00+00:00, run_after=2024-10-21 00:00:00+00:00
[2024-10-21T15:33:31.717+0700] {logging_mixin.py:190} INFO - [2024-10-21T15:33:31.717+0700] {dag.py:4180} INFO - Setting next_dagrun for example_branch_datetime_operator_2 to 2024-10-20 00:00:00+00:00, run_after=2024-10-21 00:00:00+00:00
[2024-10-21T15:33:31.723+0700] {logging_mixin.py:190} INFO - [2024-10-21T15:33:31.723+0700] {dag.py:4180} INFO - Setting next_dagrun for example_branch_datetime_operator_3 to 2024-10-20 00:00:00+00:00, run_after=2024-10-21 00:00:00+00:00
[2024-10-21T15:33:31.752+0700] {processor.py:208} INFO - Processing /Users/punny/Documents/GitHub/NYC-Taxi-ETL-Pipeline/.venv/lib/python3.10/site-packages/airflow/example_dags/example_branch_datetime_operator.py took 0.442 seconds
[2024-10-21T15:41:23.825+0700] {processor.py:186} INFO - Started process (PID=43067) to work on /Users/punny/Documents/GitHub/NYC-Taxi-ETL-Pipeline/.venv/lib/python3.10/site-packages/airflow/example_dags/example_branch_datetime_operator.py
[2024-10-21T15:41:23.829+0700] {processor.py:914} INFO - Processing file /Users/punny/Documents/GitHub/NYC-Taxi-ETL-Pipeline/.venv/lib/python3.10/site-packages/airflow/example_dags/example_branch_datetime_operator.py for tasks to queue
[2024-10-21T15:41:23.831+0700] {logging_mixin.py:190} INFO - [2024-10-21T15:41:23.830+0700] {dagbag.py:588} INFO - Filling up the DagBag from /Users/punny/Documents/GitHub/NYC-Taxi-ETL-Pipeline/.venv/lib/python3.10/site-packages/airflow/example_dags/example_branch_datetime_operator.py
[2024-10-21T15:41:23.859+0700] {processor.py:925} INFO - DAG(s) 'example_branch_datetime_operator_2', 'example_branch_datetime_operator_3', 'example_branch_datetime_operator' retrieved from /Users/punny/Documents/GitHub/NYC-Taxi-ETL-Pipeline/.venv/lib/python3.10/site-packages/airflow/example_dags/example_branch_datetime_operator.py
[2024-10-21T15:41:24.148+0700] {logging_mixin.py:190} INFO - [2024-10-21T15:41:24.148+0700] {dag.py:3239} INFO - Sync 3 DAGs
[2024-10-21T15:41:24.181+0700] {logging_mixin.py:190} INFO - [2024-10-21T15:41:24.180+0700] {dag.py:4180} INFO - Setting next_dagrun for example_branch_datetime_operator to 2024-10-20 00:00:00+00:00, run_after=2024-10-21 00:00:00+00:00
[2024-10-21T15:41:24.192+0700] {logging_mixin.py:190} INFO - [2024-10-21T15:41:24.191+0700] {dag.py:4180} INFO - Setting next_dagrun for example_branch_datetime_operator_2 to 2024-10-20 00:00:00+00:00, run_after=2024-10-21 00:00:00+00:00
[2024-10-21T15:41:24.195+0700] {logging_mixin.py:190} INFO - [2024-10-21T15:41:24.195+0700] {dag.py:4180} INFO - Setting next_dagrun for example_branch_datetime_operator_3 to 2024-10-20 00:00:00+00:00, run_after=2024-10-21 00:00:00+00:00
[2024-10-21T15:41:24.219+0700] {processor.py:208} INFO - Processing /Users/punny/Documents/GitHub/NYC-Taxi-ETL-Pipeline/.venv/lib/python3.10/site-packages/airflow/example_dags/example_branch_datetime_operator.py took 0.407 seconds
[2024-10-21T15:49:10.917+0700] {processor.py:186} INFO - Started process (PID=44018) to work on /Users/punny/Documents/GitHub/NYC-Taxi-ETL-Pipeline/.venv/lib/python3.10/site-packages/airflow/example_dags/example_branch_datetime_operator.py
[2024-10-21T15:49:10.922+0700] {processor.py:914} INFO - Processing file /Users/punny/Documents/GitHub/NYC-Taxi-ETL-Pipeline/.venv/lib/python3.10/site-packages/airflow/example_dags/example_branch_datetime_operator.py for tasks to queue
[2024-10-21T15:49:10.924+0700] {logging_mixin.py:190} INFO - [2024-10-21T15:49:10.924+0700] {dagbag.py:588} INFO - Filling up the DagBag from /Users/punny/Documents/GitHub/NYC-Taxi-ETL-Pipeline/.venv/lib/python3.10/site-packages/airflow/example_dags/example_branch_datetime_operator.py
[2024-10-21T15:49:10.947+0700] {processor.py:925} INFO - DAG(s) 'example_branch_datetime_operator_3', 'example_branch_datetime_operator_2', 'example_branch_datetime_operator' retrieved from /Users/punny/Documents/GitHub/NYC-Taxi-ETL-Pipeline/.venv/lib/python3.10/site-packages/airflow/example_dags/example_branch_datetime_operator.py
[2024-10-21T15:49:11.416+0700] {logging_mixin.py:190} INFO - [2024-10-21T15:49:11.416+0700] {dag.py:3239} INFO - Sync 3 DAGs
[2024-10-21T15:49:11.466+0700] {logging_mixin.py:190} INFO - [2024-10-21T15:49:11.465+0700] {dag.py:4180} INFO - Setting next_dagrun for example_branch_datetime_operator to 2024-10-20 00:00:00+00:00, run_after=2024-10-21 00:00:00+00:00
[2024-10-21T15:49:11.480+0700] {logging_mixin.py:190} INFO - [2024-10-21T15:49:11.479+0700] {dag.py:4180} INFO - Setting next_dagrun for example_branch_datetime_operator_2 to 2024-10-20 00:00:00+00:00, run_after=2024-10-21 00:00:00+00:00
[2024-10-21T15:49:11.487+0700] {logging_mixin.py:190} INFO - [2024-10-21T15:49:11.487+0700] {dag.py:4180} INFO - Setting next_dagrun for example_branch_datetime_operator_3 to 2024-10-20 00:00:00+00:00, run_after=2024-10-21 00:00:00+00:00
[2024-10-21T15:49:11.528+0700] {processor.py:208} INFO - Processing /Users/punny/Documents/GitHub/NYC-Taxi-ETL-Pipeline/.venv/lib/python3.10/site-packages/airflow/example_dags/example_branch_datetime_operator.py took 0.622 seconds
[2024-10-21T15:57:12.088+0700] {processor.py:186} INFO - Started process (PID=45056) to work on /Users/punny/Documents/GitHub/NYC-Taxi-ETL-Pipeline/.venv/lib/python3.10/site-packages/airflow/example_dags/example_branch_datetime_operator.py
[2024-10-21T15:57:12.095+0700] {processor.py:914} INFO - Processing file /Users/punny/Documents/GitHub/NYC-Taxi-ETL-Pipeline/.venv/lib/python3.10/site-packages/airflow/example_dags/example_branch_datetime_operator.py for tasks to queue
[2024-10-21T15:57:12.097+0700] {logging_mixin.py:190} INFO - [2024-10-21T15:57:12.097+0700] {dagbag.py:588} INFO - Filling up the DagBag from /Users/punny/Documents/GitHub/NYC-Taxi-ETL-Pipeline/.venv/lib/python3.10/site-packages/airflow/example_dags/example_branch_datetime_operator.py
[2024-10-21T15:57:12.139+0700] {processor.py:925} INFO - DAG(s) 'example_branch_datetime_operator', 'example_branch_datetime_operator_2', 'example_branch_datetime_operator_3' retrieved from /Users/punny/Documents/GitHub/NYC-Taxi-ETL-Pipeline/.venv/lib/python3.10/site-packages/airflow/example_dags/example_branch_datetime_operator.py
[2024-10-21T15:57:12.450+0700] {logging_mixin.py:190} INFO - [2024-10-21T15:57:12.449+0700] {dag.py:3239} INFO - Sync 3 DAGs
[2024-10-21T15:57:12.489+0700] {logging_mixin.py:190} INFO - [2024-10-21T15:57:12.489+0700] {dag.py:4180} INFO - Setting next_dagrun for example_branch_datetime_operator to 2024-10-20 00:00:00+00:00, run_after=2024-10-21 00:00:00+00:00
[2024-10-21T15:57:12.502+0700] {logging_mixin.py:190} INFO - [2024-10-21T15:57:12.501+0700] {dag.py:4180} INFO - Setting next_dagrun for example_branch_datetime_operator_2 to 2024-10-20 00:00:00+00:00, run_after=2024-10-21 00:00:00+00:00
[2024-10-21T15:57:12.506+0700] {logging_mixin.py:190} INFO - [2024-10-21T15:57:12.505+0700] {dag.py:4180} INFO - Setting next_dagrun for example_branch_datetime_operator_3 to 2024-10-20 00:00:00+00:00, run_after=2024-10-21 00:00:00+00:00
[2024-10-21T15:57:12.543+0700] {processor.py:208} INFO - Processing /Users/punny/Documents/GitHub/NYC-Taxi-ETL-Pipeline/.venv/lib/python3.10/site-packages/airflow/example_dags/example_branch_datetime_operator.py took 0.468 seconds
[2024-10-21T20:39:39.354+0700] {processor.py:186} INFO - Started process (PID=4464) to work on /Users/punny/Documents/GitHub/NYC-Taxi-ETL-Pipeline/.venv/lib/python3.10/site-packages/airflow/example_dags/example_branch_datetime_operator.py
[2024-10-21T20:39:39.357+0700] {processor.py:914} INFO - Processing file /Users/punny/Documents/GitHub/NYC-Taxi-ETL-Pipeline/.venv/lib/python3.10/site-packages/airflow/example_dags/example_branch_datetime_operator.py for tasks to queue
[2024-10-21T20:39:39.358+0700] {logging_mixin.py:190} INFO - [2024-10-21T20:39:39.358+0700] {dagbag.py:588} INFO - Filling up the DagBag from /Users/punny/Documents/GitHub/NYC-Taxi-ETL-Pipeline/.venv/lib/python3.10/site-packages/airflow/example_dags/example_branch_datetime_operator.py
[2024-10-21T20:39:39.375+0700] {processor.py:925} INFO - DAG(s) 'example_branch_datetime_operator', 'example_branch_datetime_operator_3', 'example_branch_datetime_operator_2' retrieved from /Users/punny/Documents/GitHub/NYC-Taxi-ETL-Pipeline/.venv/lib/python3.10/site-packages/airflow/example_dags/example_branch_datetime_operator.py
[2024-10-21T20:39:39.570+0700] {logging_mixin.py:190} INFO - [2024-10-21T20:39:39.569+0700] {dag.py:3239} INFO - Sync 3 DAGs
[2024-10-21T20:39:39.593+0700] {logging_mixin.py:190} INFO - [2024-10-21T20:39:39.593+0700] {dag.py:4180} INFO - Setting next_dagrun for example_branch_datetime_operator to 2024-10-20 00:00:00+00:00, run_after=2024-10-21 00:00:00+00:00
[2024-10-21T20:39:39.599+0700] {logging_mixin.py:190} INFO - [2024-10-21T20:39:39.599+0700] {dag.py:4180} INFO - Setting next_dagrun for example_branch_datetime_operator_2 to 2024-10-20 00:00:00+00:00, run_after=2024-10-21 00:00:00+00:00
[2024-10-21T20:39:39.602+0700] {logging_mixin.py:190} INFO - [2024-10-21T20:39:39.602+0700] {dag.py:4180} INFO - Setting next_dagrun for example_branch_datetime_operator_3 to 2024-10-20 00:00:00+00:00, run_after=2024-10-21 00:00:00+00:00
[2024-10-21T20:39:39.621+0700] {processor.py:208} INFO - Processing /Users/punny/Documents/GitHub/NYC-Taxi-ETL-Pipeline/.venv/lib/python3.10/site-packages/airflow/example_dags/example_branch_datetime_operator.py took 0.275 seconds
[2024-10-21T20:46:55.095+0700] {processor.py:186} INFO - Started process (PID=5163) to work on /Users/punny/Documents/GitHub/NYC-Taxi-ETL-Pipeline/.venv/lib/python3.10/site-packages/airflow/example_dags/example_branch_datetime_operator.py
[2024-10-21T20:46:55.099+0700] {processor.py:914} INFO - Processing file /Users/punny/Documents/GitHub/NYC-Taxi-ETL-Pipeline/.venv/lib/python3.10/site-packages/airflow/example_dags/example_branch_datetime_operator.py for tasks to queue
[2024-10-21T20:46:55.100+0700] {logging_mixin.py:190} INFO - [2024-10-21T20:46:55.100+0700] {dagbag.py:588} INFO - Filling up the DagBag from /Users/punny/Documents/GitHub/NYC-Taxi-ETL-Pipeline/.venv/lib/python3.10/site-packages/airflow/example_dags/example_branch_datetime_operator.py
[2024-10-21T20:46:55.121+0700] {processor.py:925} INFO - DAG(s) 'example_branch_datetime_operator_2', 'example_branch_datetime_operator', 'example_branch_datetime_operator_3' retrieved from /Users/punny/Documents/GitHub/NYC-Taxi-ETL-Pipeline/.venv/lib/python3.10/site-packages/airflow/example_dags/example_branch_datetime_operator.py
[2024-10-21T20:46:55.349+0700] {logging_mixin.py:190} INFO - [2024-10-21T20:46:55.349+0700] {dag.py:3239} INFO - Sync 3 DAGs
[2024-10-21T20:46:55.379+0700] {logging_mixin.py:190} INFO - [2024-10-21T20:46:55.378+0700] {dag.py:4180} INFO - Setting next_dagrun for example_branch_datetime_operator to 2024-10-20 00:00:00+00:00, run_after=2024-10-21 00:00:00+00:00
[2024-10-21T20:46:55.386+0700] {logging_mixin.py:190} INFO - [2024-10-21T20:46:55.386+0700] {dag.py:4180} INFO - Setting next_dagrun for example_branch_datetime_operator_2 to 2024-10-20 00:00:00+00:00, run_after=2024-10-21 00:00:00+00:00
[2024-10-21T20:46:55.390+0700] {logging_mixin.py:190} INFO - [2024-10-21T20:46:55.390+0700] {dag.py:4180} INFO - Setting next_dagrun for example_branch_datetime_operator_3 to 2024-10-20 00:00:00+00:00, run_after=2024-10-21 00:00:00+00:00
[2024-10-21T20:46:55.415+0700] {processor.py:208} INFO - Processing /Users/punny/Documents/GitHub/NYC-Taxi-ETL-Pipeline/.venv/lib/python3.10/site-packages/airflow/example_dags/example_branch_datetime_operator.py took 0.330 seconds
[2024-10-21T20:59:03.094+0700] {processor.py:186} INFO - Started process (PID=6372) to work on /Users/punny/Documents/GitHub/NYC-Taxi-ETL-Pipeline/.venv/lib/python3.10/site-packages/airflow/example_dags/example_branch_datetime_operator.py
[2024-10-21T20:59:03.098+0700] {processor.py:914} INFO - Processing file /Users/punny/Documents/GitHub/NYC-Taxi-ETL-Pipeline/.venv/lib/python3.10/site-packages/airflow/example_dags/example_branch_datetime_operator.py for tasks to queue
[2024-10-21T20:59:03.099+0700] {logging_mixin.py:190} INFO - [2024-10-21T20:59:03.099+0700] {dagbag.py:588} INFO - Filling up the DagBag from /Users/punny/Documents/GitHub/NYC-Taxi-ETL-Pipeline/.venv/lib/python3.10/site-packages/airflow/example_dags/example_branch_datetime_operator.py
[2024-10-21T20:59:03.134+0700] {processor.py:925} INFO - DAG(s) 'example_branch_datetime_operator', 'example_branch_datetime_operator_2', 'example_branch_datetime_operator_3' retrieved from /Users/punny/Documents/GitHub/NYC-Taxi-ETL-Pipeline/.venv/lib/python3.10/site-packages/airflow/example_dags/example_branch_datetime_operator.py
[2024-10-21T20:59:03.470+0700] {logging_mixin.py:190} INFO - [2024-10-21T20:59:03.470+0700] {dag.py:3239} INFO - Sync 3 DAGs
[2024-10-21T20:59:03.507+0700] {logging_mixin.py:190} INFO - [2024-10-21T20:59:03.506+0700] {dag.py:4180} INFO - Setting next_dagrun for example_branch_datetime_operator to 2024-10-20 00:00:00+00:00, run_after=2024-10-21 00:00:00+00:00
[2024-10-21T20:59:03.516+0700] {logging_mixin.py:190} INFO - [2024-10-21T20:59:03.516+0700] {dag.py:4180} INFO - Setting next_dagrun for example_branch_datetime_operator_2 to 2024-10-20 00:00:00+00:00, run_after=2024-10-21 00:00:00+00:00
[2024-10-21T20:59:03.526+0700] {logging_mixin.py:190} INFO - [2024-10-21T20:59:03.525+0700] {dag.py:4180} INFO - Setting next_dagrun for example_branch_datetime_operator_3 to 2024-10-20 00:00:00+00:00, run_after=2024-10-21 00:00:00+00:00
[2024-10-21T20:59:03.554+0700] {processor.py:208} INFO - Processing /Users/punny/Documents/GitHub/NYC-Taxi-ETL-Pipeline/.venv/lib/python3.10/site-packages/airflow/example_dags/example_branch_datetime_operator.py took 0.471 seconds
[2024-10-21T21:06:26.500+0700] {processor.py:186} INFO - Started process (PID=6927) to work on /Users/punny/Documents/GitHub/NYC-Taxi-ETL-Pipeline/.venv/lib/python3.10/site-packages/airflow/example_dags/example_branch_datetime_operator.py
[2024-10-21T21:06:26.505+0700] {processor.py:914} INFO - Processing file /Users/punny/Documents/GitHub/NYC-Taxi-ETL-Pipeline/.venv/lib/python3.10/site-packages/airflow/example_dags/example_branch_datetime_operator.py for tasks to queue
[2024-10-21T21:06:26.507+0700] {logging_mixin.py:190} INFO - [2024-10-21T21:06:26.506+0700] {dagbag.py:588} INFO - Filling up the DagBag from /Users/punny/Documents/GitHub/NYC-Taxi-ETL-Pipeline/.venv/lib/python3.10/site-packages/airflow/example_dags/example_branch_datetime_operator.py
[2024-10-21T21:06:26.531+0700] {processor.py:925} INFO - DAG(s) 'example_branch_datetime_operator_3', 'example_branch_datetime_operator', 'example_branch_datetime_operator_2' retrieved from /Users/punny/Documents/GitHub/NYC-Taxi-ETL-Pipeline/.venv/lib/python3.10/site-packages/airflow/example_dags/example_branch_datetime_operator.py
[2024-10-21T21:06:26.777+0700] {logging_mixin.py:190} INFO - [2024-10-21T21:06:26.776+0700] {dag.py:3239} INFO - Sync 3 DAGs
[2024-10-21T21:06:26.807+0700] {logging_mixin.py:190} INFO - [2024-10-21T21:06:26.807+0700] {dag.py:4180} INFO - Setting next_dagrun for example_branch_datetime_operator to 2024-10-20 00:00:00+00:00, run_after=2024-10-21 00:00:00+00:00
[2024-10-21T21:06:26.814+0700] {logging_mixin.py:190} INFO - [2024-10-21T21:06:26.814+0700] {dag.py:4180} INFO - Setting next_dagrun for example_branch_datetime_operator_2 to 2024-10-20 00:00:00+00:00, run_after=2024-10-21 00:00:00+00:00
[2024-10-21T21:06:26.817+0700] {logging_mixin.py:190} INFO - [2024-10-21T21:06:26.817+0700] {dag.py:4180} INFO - Setting next_dagrun for example_branch_datetime_operator_3 to 2024-10-20 00:00:00+00:00, run_after=2024-10-21 00:00:00+00:00
[2024-10-21T21:06:26.841+0700] {processor.py:208} INFO - Processing /Users/punny/Documents/GitHub/NYC-Taxi-ETL-Pipeline/.venv/lib/python3.10/site-packages/airflow/example_dags/example_branch_datetime_operator.py took 0.353 seconds
[2024-10-21T21:12:53.591+0700] {processor.py:186} INFO - Started process (PID=7409) to work on /Users/punny/Documents/GitHub/NYC-Taxi-ETL-Pipeline/.venv/lib/python3.10/site-packages/airflow/example_dags/example_branch_datetime_operator.py
[2024-10-21T21:12:53.596+0700] {processor.py:914} INFO - Processing file /Users/punny/Documents/GitHub/NYC-Taxi-ETL-Pipeline/.venv/lib/python3.10/site-packages/airflow/example_dags/example_branch_datetime_operator.py for tasks to queue
[2024-10-21T21:12:53.597+0700] {logging_mixin.py:190} INFO - [2024-10-21T21:12:53.597+0700] {dagbag.py:588} INFO - Filling up the DagBag from /Users/punny/Documents/GitHub/NYC-Taxi-ETL-Pipeline/.venv/lib/python3.10/site-packages/airflow/example_dags/example_branch_datetime_operator.py
[2024-10-21T21:12:53.615+0700] {processor.py:925} INFO - DAG(s) 'example_branch_datetime_operator_2', 'example_branch_datetime_operator_3', 'example_branch_datetime_operator' retrieved from /Users/punny/Documents/GitHub/NYC-Taxi-ETL-Pipeline/.venv/lib/python3.10/site-packages/airflow/example_dags/example_branch_datetime_operator.py
[2024-10-21T21:12:53.852+0700] {logging_mixin.py:190} INFO - [2024-10-21T21:12:53.852+0700] {dag.py:3239} INFO - Sync 3 DAGs
[2024-10-21T21:12:53.875+0700] {logging_mixin.py:190} INFO - [2024-10-21T21:12:53.875+0700] {dag.py:4180} INFO - Setting next_dagrun for example_branch_datetime_operator to 2024-10-20 00:00:00+00:00, run_after=2024-10-21 00:00:00+00:00
[2024-10-21T21:12:53.881+0700] {logging_mixin.py:190} INFO - [2024-10-21T21:12:53.881+0700] {dag.py:4180} INFO - Setting next_dagrun for example_branch_datetime_operator_2 to 2024-10-20 00:00:00+00:00, run_after=2024-10-21 00:00:00+00:00
[2024-10-21T21:12:53.887+0700] {logging_mixin.py:190} INFO - [2024-10-21T21:12:53.887+0700] {dag.py:4180} INFO - Setting next_dagrun for example_branch_datetime_operator_3 to 2024-10-20 00:00:00+00:00, run_after=2024-10-21 00:00:00+00:00
[2024-10-21T21:12:53.911+0700] {processor.py:208} INFO - Processing /Users/punny/Documents/GitHub/NYC-Taxi-ETL-Pipeline/.venv/lib/python3.10/site-packages/airflow/example_dags/example_branch_datetime_operator.py took 0.328 seconds
[2024-10-21T21:19:25.337+0700] {processor.py:186} INFO - Started process (PID=8005) to work on /Users/punny/Documents/GitHub/NYC-Taxi-ETL-Pipeline/.venv/lib/python3.10/site-packages/airflow/example_dags/example_branch_datetime_operator.py
[2024-10-21T21:19:25.341+0700] {processor.py:914} INFO - Processing file /Users/punny/Documents/GitHub/NYC-Taxi-ETL-Pipeline/.venv/lib/python3.10/site-packages/airflow/example_dags/example_branch_datetime_operator.py for tasks to queue
[2024-10-21T21:19:25.342+0700] {logging_mixin.py:190} INFO - [2024-10-21T21:19:25.342+0700] {dagbag.py:588} INFO - Filling up the DagBag from /Users/punny/Documents/GitHub/NYC-Taxi-ETL-Pipeline/.venv/lib/python3.10/site-packages/airflow/example_dags/example_branch_datetime_operator.py
[2024-10-21T21:19:25.359+0700] {processor.py:925} INFO - DAG(s) 'example_branch_datetime_operator_2', 'example_branch_datetime_operator_3', 'example_branch_datetime_operator' retrieved from /Users/punny/Documents/GitHub/NYC-Taxi-ETL-Pipeline/.venv/lib/python3.10/site-packages/airflow/example_dags/example_branch_datetime_operator.py
[2024-10-21T21:19:25.563+0700] {logging_mixin.py:190} INFO - [2024-10-21T21:19:25.563+0700] {dag.py:3239} INFO - Sync 3 DAGs
[2024-10-21T21:19:25.589+0700] {logging_mixin.py:190} INFO - [2024-10-21T21:19:25.589+0700] {dag.py:4180} INFO - Setting next_dagrun for example_branch_datetime_operator to 2024-10-20 00:00:00+00:00, run_after=2024-10-21 00:00:00+00:00
[2024-10-21T21:19:25.594+0700] {logging_mixin.py:190} INFO - [2024-10-21T21:19:25.594+0700] {dag.py:4180} INFO - Setting next_dagrun for example_branch_datetime_operator_2 to 2024-10-20 00:00:00+00:00, run_after=2024-10-21 00:00:00+00:00
[2024-10-21T21:19:25.598+0700] {logging_mixin.py:190} INFO - [2024-10-21T21:19:25.597+0700] {dag.py:4180} INFO - Setting next_dagrun for example_branch_datetime_operator_3 to 2024-10-20 00:00:00+00:00, run_after=2024-10-21 00:00:00+00:00
[2024-10-21T21:19:25.617+0700] {processor.py:208} INFO - Processing /Users/punny/Documents/GitHub/NYC-Taxi-ETL-Pipeline/.venv/lib/python3.10/site-packages/airflow/example_dags/example_branch_datetime_operator.py took 0.287 seconds
[2024-10-21T21:25:13.085+0700] {processor.py:186} INFO - Started process (PID=8457) to work on /Users/punny/Documents/GitHub/NYC-Taxi-ETL-Pipeline/.venv/lib/python3.10/site-packages/airflow/example_dags/example_branch_datetime_operator.py
[2024-10-21T21:25:13.089+0700] {processor.py:914} INFO - Processing file /Users/punny/Documents/GitHub/NYC-Taxi-ETL-Pipeline/.venv/lib/python3.10/site-packages/airflow/example_dags/example_branch_datetime_operator.py for tasks to queue
[2024-10-21T21:25:13.090+0700] {logging_mixin.py:190} INFO - [2024-10-21T21:25:13.090+0700] {dagbag.py:588} INFO - Filling up the DagBag from /Users/punny/Documents/GitHub/NYC-Taxi-ETL-Pipeline/.venv/lib/python3.10/site-packages/airflow/example_dags/example_branch_datetime_operator.py
[2024-10-21T21:25:13.112+0700] {processor.py:925} INFO - DAG(s) 'example_branch_datetime_operator_3', 'example_branch_datetime_operator', 'example_branch_datetime_operator_2' retrieved from /Users/punny/Documents/GitHub/NYC-Taxi-ETL-Pipeline/.venv/lib/python3.10/site-packages/airflow/example_dags/example_branch_datetime_operator.py
[2024-10-21T21:25:13.306+0700] {logging_mixin.py:190} INFO - [2024-10-21T21:25:13.306+0700] {dag.py:3239} INFO - Sync 3 DAGs
[2024-10-21T21:25:13.329+0700] {logging_mixin.py:190} INFO - [2024-10-21T21:25:13.329+0700] {dag.py:4180} INFO - Setting next_dagrun for example_branch_datetime_operator to 2024-10-20 00:00:00+00:00, run_after=2024-10-21 00:00:00+00:00
[2024-10-21T21:25:13.334+0700] {logging_mixin.py:190} INFO - [2024-10-21T21:25:13.334+0700] {dag.py:4180} INFO - Setting next_dagrun for example_branch_datetime_operator_2 to 2024-10-20 00:00:00+00:00, run_after=2024-10-21 00:00:00+00:00
[2024-10-21T21:25:13.337+0700] {logging_mixin.py:190} INFO - [2024-10-21T21:25:13.337+0700] {dag.py:4180} INFO - Setting next_dagrun for example_branch_datetime_operator_3 to 2024-10-20 00:00:00+00:00, run_after=2024-10-21 00:00:00+00:00
[2024-10-21T21:25:13.356+0700] {processor.py:208} INFO - Processing /Users/punny/Documents/GitHub/NYC-Taxi-ETL-Pipeline/.venv/lib/python3.10/site-packages/airflow/example_dags/example_branch_datetime_operator.py took 0.283 seconds
[2024-10-21T21:31:40.582+0700] {processor.py:186} INFO - Started process (PID=9056) to work on /Users/punny/Documents/GitHub/NYC-Taxi-ETL-Pipeline/.venv/lib/python3.10/site-packages/airflow/example_dags/example_branch_datetime_operator.py
[2024-10-21T21:31:40.585+0700] {processor.py:914} INFO - Processing file /Users/punny/Documents/GitHub/NYC-Taxi-ETL-Pipeline/.venv/lib/python3.10/site-packages/airflow/example_dags/example_branch_datetime_operator.py for tasks to queue
[2024-10-21T21:31:40.586+0700] {logging_mixin.py:190} INFO - [2024-10-21T21:31:40.586+0700] {dagbag.py:588} INFO - Filling up the DagBag from /Users/punny/Documents/GitHub/NYC-Taxi-ETL-Pipeline/.venv/lib/python3.10/site-packages/airflow/example_dags/example_branch_datetime_operator.py
[2024-10-21T21:31:40.602+0700] {processor.py:925} INFO - DAG(s) 'example_branch_datetime_operator_2', 'example_branch_datetime_operator_3', 'example_branch_datetime_operator' retrieved from /Users/punny/Documents/GitHub/NYC-Taxi-ETL-Pipeline/.venv/lib/python3.10/site-packages/airflow/example_dags/example_branch_datetime_operator.py
[2024-10-21T21:31:40.794+0700] {logging_mixin.py:190} INFO - [2024-10-21T21:31:40.794+0700] {dag.py:3239} INFO - Sync 3 DAGs
[2024-10-21T21:31:40.817+0700] {logging_mixin.py:190} INFO - [2024-10-21T21:31:40.817+0700] {dag.py:4180} INFO - Setting next_dagrun for example_branch_datetime_operator to 2024-10-20 00:00:00+00:00, run_after=2024-10-21 00:00:00+00:00
[2024-10-21T21:31:40.823+0700] {logging_mixin.py:190} INFO - [2024-10-21T21:31:40.822+0700] {dag.py:4180} INFO - Setting next_dagrun for example_branch_datetime_operator_2 to 2024-10-20 00:00:00+00:00, run_after=2024-10-21 00:00:00+00:00
[2024-10-21T21:31:40.825+0700] {logging_mixin.py:190} INFO - [2024-10-21T21:31:40.825+0700] {dag.py:4180} INFO - Setting next_dagrun for example_branch_datetime_operator_3 to 2024-10-20 00:00:00+00:00, run_after=2024-10-21 00:00:00+00:00
[2024-10-21T21:31:40.844+0700] {processor.py:208} INFO - Processing /Users/punny/Documents/GitHub/NYC-Taxi-ETL-Pipeline/.venv/lib/python3.10/site-packages/airflow/example_dags/example_branch_datetime_operator.py took 0.270 seconds
[2024-10-21T21:37:31.290+0700] {processor.py:186} INFO - Started process (PID=9502) to work on /Users/punny/Documents/GitHub/NYC-Taxi-ETL-Pipeline/.venv/lib/python3.10/site-packages/airflow/example_dags/example_branch_datetime_operator.py
[2024-10-21T21:37:31.293+0700] {processor.py:914} INFO - Processing file /Users/punny/Documents/GitHub/NYC-Taxi-ETL-Pipeline/.venv/lib/python3.10/site-packages/airflow/example_dags/example_branch_datetime_operator.py for tasks to queue
[2024-10-21T21:37:31.294+0700] {logging_mixin.py:190} INFO - [2024-10-21T21:37:31.294+0700] {dagbag.py:588} INFO - Filling up the DagBag from /Users/punny/Documents/GitHub/NYC-Taxi-ETL-Pipeline/.venv/lib/python3.10/site-packages/airflow/example_dags/example_branch_datetime_operator.py
[2024-10-21T21:37:31.315+0700] {processor.py:925} INFO - DAG(s) 'example_branch_datetime_operator', 'example_branch_datetime_operator_2', 'example_branch_datetime_operator_3' retrieved from /Users/punny/Documents/GitHub/NYC-Taxi-ETL-Pipeline/.venv/lib/python3.10/site-packages/airflow/example_dags/example_branch_datetime_operator.py
[2024-10-21T21:37:31.517+0700] {logging_mixin.py:190} INFO - [2024-10-21T21:37:31.517+0700] {dag.py:3239} INFO - Sync 3 DAGs
[2024-10-21T21:37:31.543+0700] {logging_mixin.py:190} INFO - [2024-10-21T21:37:31.542+0700] {dag.py:4180} INFO - Setting next_dagrun for example_branch_datetime_operator to 2024-10-20 00:00:00+00:00, run_after=2024-10-21 00:00:00+00:00
[2024-10-21T21:37:31.549+0700] {logging_mixin.py:190} INFO - [2024-10-21T21:37:31.548+0700] {dag.py:4180} INFO - Setting next_dagrun for example_branch_datetime_operator_2 to 2024-10-20 00:00:00+00:00, run_after=2024-10-21 00:00:00+00:00
[2024-10-21T21:37:31.552+0700] {logging_mixin.py:190} INFO - [2024-10-21T21:37:31.552+0700] {dag.py:4180} INFO - Setting next_dagrun for example_branch_datetime_operator_3 to 2024-10-20 00:00:00+00:00, run_after=2024-10-21 00:00:00+00:00
[2024-10-21T21:37:31.572+0700] {processor.py:208} INFO - Processing /Users/punny/Documents/GitHub/NYC-Taxi-ETL-Pipeline/.venv/lib/python3.10/site-packages/airflow/example_dags/example_branch_datetime_operator.py took 0.290 seconds
[2024-10-21T21:45:20.302+0700] {processor.py:186} INFO - Started process (PID=10268) to work on /Users/punny/Documents/GitHub/NYC-Taxi-ETL-Pipeline/.venv/lib/python3.10/site-packages/airflow/example_dags/example_branch_datetime_operator.py
[2024-10-21T21:45:20.304+0700] {processor.py:914} INFO - Processing file /Users/punny/Documents/GitHub/NYC-Taxi-ETL-Pipeline/.venv/lib/python3.10/site-packages/airflow/example_dags/example_branch_datetime_operator.py for tasks to queue
[2024-10-21T21:45:20.305+0700] {logging_mixin.py:190} INFO - [2024-10-21T21:45:20.305+0700] {dagbag.py:588} INFO - Filling up the DagBag from /Users/punny/Documents/GitHub/NYC-Taxi-ETL-Pipeline/.venv/lib/python3.10/site-packages/airflow/example_dags/example_branch_datetime_operator.py
[2024-10-21T21:45:20.325+0700] {processor.py:925} INFO - DAG(s) 'example_branch_datetime_operator', 'example_branch_datetime_operator_3', 'example_branch_datetime_operator_2' retrieved from /Users/punny/Documents/GitHub/NYC-Taxi-ETL-Pipeline/.venv/lib/python3.10/site-packages/airflow/example_dags/example_branch_datetime_operator.py
[2024-10-21T21:45:20.519+0700] {logging_mixin.py:190} INFO - [2024-10-21T21:45:20.519+0700] {dag.py:3239} INFO - Sync 3 DAGs
[2024-10-21T21:45:20.542+0700] {logging_mixin.py:190} INFO - [2024-10-21T21:45:20.542+0700] {dag.py:4180} INFO - Setting next_dagrun for example_branch_datetime_operator to 2024-10-20 00:00:00+00:00, run_after=2024-10-21 00:00:00+00:00
[2024-10-21T21:45:20.548+0700] {logging_mixin.py:190} INFO - [2024-10-21T21:45:20.547+0700] {dag.py:4180} INFO - Setting next_dagrun for example_branch_datetime_operator_2 to 2024-10-20 00:00:00+00:00, run_after=2024-10-21 00:00:00+00:00
[2024-10-21T21:45:20.551+0700] {logging_mixin.py:190} INFO - [2024-10-21T21:45:20.550+0700] {dag.py:4180} INFO - Setting next_dagrun for example_branch_datetime_operator_3 to 2024-10-20 00:00:00+00:00, run_after=2024-10-21 00:00:00+00:00
[2024-10-21T21:45:20.570+0700] {processor.py:208} INFO - Processing /Users/punny/Documents/GitHub/NYC-Taxi-ETL-Pipeline/.venv/lib/python3.10/site-packages/airflow/example_dags/example_branch_datetime_operator.py took 0.277 seconds
[2024-10-21T21:53:16.402+0700] {processor.py:186} INFO - Started process (PID=10908) to work on /Users/punny/Documents/GitHub/NYC-Taxi-ETL-Pipeline/.venv/lib/python3.10/site-packages/airflow/example_dags/example_branch_datetime_operator.py
[2024-10-21T21:53:16.405+0700] {processor.py:914} INFO - Processing file /Users/punny/Documents/GitHub/NYC-Taxi-ETL-Pipeline/.venv/lib/python3.10/site-packages/airflow/example_dags/example_branch_datetime_operator.py for tasks to queue
[2024-10-21T21:53:16.406+0700] {logging_mixin.py:190} INFO - [2024-10-21T21:53:16.406+0700] {dagbag.py:588} INFO - Filling up the DagBag from /Users/punny/Documents/GitHub/NYC-Taxi-ETL-Pipeline/.venv/lib/python3.10/site-packages/airflow/example_dags/example_branch_datetime_operator.py
[2024-10-21T21:53:16.422+0700] {processor.py:925} INFO - DAG(s) 'example_branch_datetime_operator_3', 'example_branch_datetime_operator', 'example_branch_datetime_operator_2' retrieved from /Users/punny/Documents/GitHub/NYC-Taxi-ETL-Pipeline/.venv/lib/python3.10/site-packages/airflow/example_dags/example_branch_datetime_operator.py
[2024-10-21T21:53:16.611+0700] {logging_mixin.py:190} INFO - [2024-10-21T21:53:16.610+0700] {dag.py:3239} INFO - Sync 3 DAGs
[2024-10-21T21:53:16.633+0700] {logging_mixin.py:190} INFO - [2024-10-21T21:53:16.633+0700] {dag.py:4180} INFO - Setting next_dagrun for example_branch_datetime_operator to 2024-10-20 00:00:00+00:00, run_after=2024-10-21 00:00:00+00:00
[2024-10-21T21:53:16.638+0700] {logging_mixin.py:190} INFO - [2024-10-21T21:53:16.638+0700] {dag.py:4180} INFO - Setting next_dagrun for example_branch_datetime_operator_2 to 2024-10-20 00:00:00+00:00, run_after=2024-10-21 00:00:00+00:00
[2024-10-21T21:53:16.641+0700] {logging_mixin.py:190} INFO - [2024-10-21T21:53:16.641+0700] {dag.py:4180} INFO - Setting next_dagrun for example_branch_datetime_operator_3 to 2024-10-20 00:00:00+00:00, run_after=2024-10-21 00:00:00+00:00
[2024-10-21T21:53:16.659+0700] {processor.py:208} INFO - Processing /Users/punny/Documents/GitHub/NYC-Taxi-ETL-Pipeline/.venv/lib/python3.10/site-packages/airflow/example_dags/example_branch_datetime_operator.py took 0.264 seconds
[2024-10-21T22:15:13.308+0700] {processor.py:186} INFO - Started process (PID=11951) to work on /Users/punny/Documents/GitHub/NYC-Taxi-ETL-Pipeline/.venv/lib/python3.10/site-packages/airflow/example_dags/example_branch_datetime_operator.py
[2024-10-21T22:15:13.311+0700] {processor.py:914} INFO - Processing file /Users/punny/Documents/GitHub/NYC-Taxi-ETL-Pipeline/.venv/lib/python3.10/site-packages/airflow/example_dags/example_branch_datetime_operator.py for tasks to queue
[2024-10-21T22:15:13.312+0700] {logging_mixin.py:190} INFO - [2024-10-21T22:15:13.312+0700] {dagbag.py:588} INFO - Filling up the DagBag from /Users/punny/Documents/GitHub/NYC-Taxi-ETL-Pipeline/.venv/lib/python3.10/site-packages/airflow/example_dags/example_branch_datetime_operator.py
[2024-10-21T22:15:13.329+0700] {processor.py:925} INFO - DAG(s) 'example_branch_datetime_operator_3', 'example_branch_datetime_operator_2', 'example_branch_datetime_operator' retrieved from /Users/punny/Documents/GitHub/NYC-Taxi-ETL-Pipeline/.venv/lib/python3.10/site-packages/airflow/example_dags/example_branch_datetime_operator.py
[2024-10-21T22:15:13.512+0700] {logging_mixin.py:190} INFO - [2024-10-21T22:15:13.512+0700] {dag.py:3239} INFO - Sync 3 DAGs
[2024-10-21T22:15:13.536+0700] {logging_mixin.py:190} INFO - [2024-10-21T22:15:13.535+0700] {dag.py:4180} INFO - Setting next_dagrun for example_branch_datetime_operator to 2024-10-20 00:00:00+00:00, run_after=2024-10-21 00:00:00+00:00
[2024-10-21T22:15:13.541+0700] {logging_mixin.py:190} INFO - [2024-10-21T22:15:13.541+0700] {dag.py:4180} INFO - Setting next_dagrun for example_branch_datetime_operator_2 to 2024-10-20 00:00:00+00:00, run_after=2024-10-21 00:00:00+00:00
[2024-10-21T22:15:13.544+0700] {logging_mixin.py:190} INFO - [2024-10-21T22:15:13.544+0700] {dag.py:4180} INFO - Setting next_dagrun for example_branch_datetime_operator_3 to 2024-10-20 00:00:00+00:00, run_after=2024-10-21 00:00:00+00:00
[2024-10-21T22:15:13.563+0700] {processor.py:208} INFO - Processing /Users/punny/Documents/GitHub/NYC-Taxi-ETL-Pipeline/.venv/lib/python3.10/site-packages/airflow/example_dags/example_branch_datetime_operator.py took 0.262 seconds
[2024-10-21T22:22:20.963+0700] {processor.py:186} INFO - Started process (PID=12826) to work on /Users/punny/Documents/GitHub/NYC-Taxi-ETL-Pipeline/.venv/lib/python3.10/site-packages/airflow/example_dags/example_branch_datetime_operator.py
[2024-10-21T22:22:20.966+0700] {processor.py:914} INFO - Processing file /Users/punny/Documents/GitHub/NYC-Taxi-ETL-Pipeline/.venv/lib/python3.10/site-packages/airflow/example_dags/example_branch_datetime_operator.py for tasks to queue
[2024-10-21T22:22:20.967+0700] {logging_mixin.py:190} INFO - [2024-10-21T22:22:20.967+0700] {dagbag.py:588} INFO - Filling up the DagBag from /Users/punny/Documents/GitHub/NYC-Taxi-ETL-Pipeline/.venv/lib/python3.10/site-packages/airflow/example_dags/example_branch_datetime_operator.py
[2024-10-21T22:22:20.983+0700] {processor.py:925} INFO - DAG(s) 'example_branch_datetime_operator_2', 'example_branch_datetime_operator_3', 'example_branch_datetime_operator' retrieved from /Users/punny/Documents/GitHub/NYC-Taxi-ETL-Pipeline/.venv/lib/python3.10/site-packages/airflow/example_dags/example_branch_datetime_operator.py
[2024-10-21T22:22:21.181+0700] {logging_mixin.py:190} INFO - [2024-10-21T22:22:21.181+0700] {dag.py:3239} INFO - Sync 3 DAGs
[2024-10-21T22:22:21.205+0700] {logging_mixin.py:190} INFO - [2024-10-21T22:22:21.204+0700] {dag.py:4180} INFO - Setting next_dagrun for example_branch_datetime_operator to 2024-10-20 00:00:00+00:00, run_after=2024-10-21 00:00:00+00:00
[2024-10-21T22:22:21.210+0700] {logging_mixin.py:190} INFO - [2024-10-21T22:22:21.210+0700] {dag.py:4180} INFO - Setting next_dagrun for example_branch_datetime_operator_2 to 2024-10-20 00:00:00+00:00, run_after=2024-10-21 00:00:00+00:00
[2024-10-21T22:22:21.213+0700] {logging_mixin.py:190} INFO - [2024-10-21T22:22:21.213+0700] {dag.py:4180} INFO - Setting next_dagrun for example_branch_datetime_operator_3 to 2024-10-20 00:00:00+00:00, run_after=2024-10-21 00:00:00+00:00
[2024-10-21T22:22:21.231+0700] {processor.py:208} INFO - Processing /Users/punny/Documents/GitHub/NYC-Taxi-ETL-Pipeline/.venv/lib/python3.10/site-packages/airflow/example_dags/example_branch_datetime_operator.py took 0.276 seconds
[2024-10-21T22:30:08.326+0700] {processor.py:186} INFO - Started process (PID=13643) to work on /Users/punny/Documents/GitHub/NYC-Taxi-ETL-Pipeline/.venv/lib/python3.10/site-packages/airflow/example_dags/example_branch_datetime_operator.py
[2024-10-21T22:30:08.330+0700] {processor.py:914} INFO - Processing file /Users/punny/Documents/GitHub/NYC-Taxi-ETL-Pipeline/.venv/lib/python3.10/site-packages/airflow/example_dags/example_branch_datetime_operator.py for tasks to queue
[2024-10-21T22:30:08.331+0700] {logging_mixin.py:190} INFO - [2024-10-21T22:30:08.331+0700] {dagbag.py:588} INFO - Filling up the DagBag from /Users/punny/Documents/GitHub/NYC-Taxi-ETL-Pipeline/.venv/lib/python3.10/site-packages/airflow/example_dags/example_branch_datetime_operator.py
[2024-10-21T22:30:08.347+0700] {processor.py:925} INFO - DAG(s) 'example_branch_datetime_operator_3', 'example_branch_datetime_operator_2', 'example_branch_datetime_operator' retrieved from /Users/punny/Documents/GitHub/NYC-Taxi-ETL-Pipeline/.venv/lib/python3.10/site-packages/airflow/example_dags/example_branch_datetime_operator.py
[2024-10-21T22:30:08.529+0700] {logging_mixin.py:190} INFO - [2024-10-21T22:30:08.528+0700] {dag.py:3239} INFO - Sync 3 DAGs
[2024-10-21T22:30:08.551+0700] {logging_mixin.py:190} INFO - [2024-10-21T22:30:08.550+0700] {dag.py:4180} INFO - Setting next_dagrun for example_branch_datetime_operator to 2024-10-20 00:00:00+00:00, run_after=2024-10-21 00:00:00+00:00
[2024-10-21T22:30:08.556+0700] {logging_mixin.py:190} INFO - [2024-10-21T22:30:08.556+0700] {dag.py:4180} INFO - Setting next_dagrun for example_branch_datetime_operator_2 to 2024-10-20 00:00:00+00:00, run_after=2024-10-21 00:00:00+00:00
[2024-10-21T22:30:08.559+0700] {logging_mixin.py:190} INFO - [2024-10-21T22:30:08.558+0700] {dag.py:4180} INFO - Setting next_dagrun for example_branch_datetime_operator_3 to 2024-10-20 00:00:00+00:00, run_after=2024-10-21 00:00:00+00:00
[2024-10-21T22:30:08.577+0700] {processor.py:208} INFO - Processing /Users/punny/Documents/GitHub/NYC-Taxi-ETL-Pipeline/.venv/lib/python3.10/site-packages/airflow/example_dags/example_branch_datetime_operator.py took 0.256 seconds
