[2024-10-21T12:53:54.296+0700] {processor.py:186} INFO - Started process (PID=34301) to work on /Users/punny/Documents/GitHub/NYC-Taxi-ETL-Pipeline/.venv/lib/python3.10/site-packages/airflow/example_dags/example_params_trigger_ui.py
[2024-10-21T12:53:54.304+0700] {processor.py:914} INFO - Processing file /Users/punny/Documents/GitHub/NYC-Taxi-ETL-Pipeline/.venv/lib/python3.10/site-packages/airflow/example_dags/example_params_trigger_ui.py for tasks to queue
[2024-10-21T12:53:54.307+0700] {logging_mixin.py:190} INFO - [2024-10-21T12:53:54.306+0700] {dagbag.py:588} INFO - Filling up the DagBag from /Users/punny/Documents/GitHub/NYC-Taxi-ETL-Pipeline/.venv/lib/python3.10/site-packages/airflow/example_dags/example_params_trigger_ui.py
[2024-10-21T12:53:54.392+0700] {processor.py:925} INFO - DAG(s) 'example_params_trigger_ui' retrieved from /Users/punny/Documents/GitHub/NYC-Taxi-ETL-Pipeline/.venv/lib/python3.10/site-packages/airflow/example_dags/example_params_trigger_ui.py
[2024-10-21T12:53:54.811+0700] {logging_mixin.py:190} INFO - [2024-10-21T12:53:54.811+0700] {dag.py:3239} INFO - Sync 1 DAGs
[2024-10-21T12:53:54.835+0700] {logging_mixin.py:190} INFO - [2024-10-21T12:53:54.834+0700] {dag.py:4180} INFO - Setting next_dagrun for example_params_trigger_ui to None, run_after=None
[2024-10-21T12:53:54.870+0700] {processor.py:208} INFO - Processing /Users/punny/Documents/GitHub/NYC-Taxi-ETL-Pipeline/.venv/lib/python3.10/site-packages/airflow/example_dags/example_params_trigger_ui.py took 0.590 seconds
[2024-10-21T14:21:40.358+0700] {processor.py:186} INFO - Started process (PID=35107) to work on /Users/punny/Documents/GitHub/NYC-Taxi-ETL-Pipeline/.venv/lib/python3.10/site-packages/airflow/example_dags/example_params_trigger_ui.py
[2024-10-21T14:21:40.362+0700] {processor.py:914} INFO - Processing file /Users/punny/Documents/GitHub/NYC-Taxi-ETL-Pipeline/.venv/lib/python3.10/site-packages/airflow/example_dags/example_params_trigger_ui.py for tasks to queue
[2024-10-21T14:21:40.364+0700] {logging_mixin.py:190} INFO - [2024-10-21T14:21:40.363+0700] {dagbag.py:588} INFO - Filling up the DagBag from /Users/punny/Documents/GitHub/NYC-Taxi-ETL-Pipeline/.venv/lib/python3.10/site-packages/airflow/example_dags/example_params_trigger_ui.py
[2024-10-21T14:21:40.446+0700] {processor.py:925} INFO - DAG(s) 'example_params_trigger_ui' retrieved from /Users/punny/Documents/GitHub/NYC-Taxi-ETL-Pipeline/.venv/lib/python3.10/site-packages/airflow/example_dags/example_params_trigger_ui.py
[2024-10-21T14:21:40.825+0700] {logging_mixin.py:190} INFO - [2024-10-21T14:21:40.825+0700] {dag.py:3239} INFO - Sync 1 DAGs
[2024-10-21T14:21:40.849+0700] {logging_mixin.py:190} INFO - [2024-10-21T14:21:40.848+0700] {dag.py:4180} INFO - Setting next_dagrun for example_params_trigger_ui to None, run_after=None
[2024-10-21T14:21:40.882+0700] {processor.py:208} INFO - Processing /Users/punny/Documents/GitHub/NYC-Taxi-ETL-Pipeline/.venv/lib/python3.10/site-packages/airflow/example_dags/example_params_trigger_ui.py took 0.533 seconds
[2024-10-21T14:49:05.471+0700] {processor.py:186} INFO - Started process (PID=36012) to work on /Users/punny/Documents/GitHub/NYC-Taxi-ETL-Pipeline/.venv/lib/python3.10/site-packages/airflow/example_dags/example_params_trigger_ui.py
[2024-10-21T14:49:05.474+0700] {processor.py:914} INFO - Processing file /Users/punny/Documents/GitHub/NYC-Taxi-ETL-Pipeline/.venv/lib/python3.10/site-packages/airflow/example_dags/example_params_trigger_ui.py for tasks to queue
[2024-10-21T14:49:05.475+0700] {logging_mixin.py:190} INFO - [2024-10-21T14:49:05.475+0700] {dagbag.py:588} INFO - Filling up the DagBag from /Users/punny/Documents/GitHub/NYC-Taxi-ETL-Pipeline/.venv/lib/python3.10/site-packages/airflow/example_dags/example_params_trigger_ui.py
[2024-10-21T14:49:05.520+0700] {processor.py:925} INFO - DAG(s) 'example_params_trigger_ui' retrieved from /Users/punny/Documents/GitHub/NYC-Taxi-ETL-Pipeline/.venv/lib/python3.10/site-packages/airflow/example_dags/example_params_trigger_ui.py
[2024-10-21T14:49:05.774+0700] {logging_mixin.py:190} INFO - [2024-10-21T14:49:05.774+0700] {dag.py:3239} INFO - Sync 1 DAGs
[2024-10-21T14:49:05.789+0700] {logging_mixin.py:190} INFO - [2024-10-21T14:49:05.789+0700] {dag.py:4180} INFO - Setting next_dagrun for example_params_trigger_ui to None, run_after=None
[2024-10-21T14:49:05.811+0700] {processor.py:208} INFO - Processing /Users/punny/Documents/GitHub/NYC-Taxi-ETL-Pipeline/.venv/lib/python3.10/site-packages/airflow/example_dags/example_params_trigger_ui.py took 0.349 seconds
[2024-10-21T14:52:49.077+0700] {processor.py:186} INFO - Started process (PID=36628) to work on /Users/punny/Documents/GitHub/NYC-Taxi-ETL-Pipeline/.venv/lib/python3.10/site-packages/airflow/example_dags/example_params_trigger_ui.py
[2024-10-21T14:52:49.080+0700] {processor.py:914} INFO - Processing file /Users/punny/Documents/GitHub/NYC-Taxi-ETL-Pipeline/.venv/lib/python3.10/site-packages/airflow/example_dags/example_params_trigger_ui.py for tasks to queue
[2024-10-21T14:52:49.081+0700] {logging_mixin.py:190} INFO - [2024-10-21T14:52:49.081+0700] {dagbag.py:588} INFO - Filling up the DagBag from /Users/punny/Documents/GitHub/NYC-Taxi-ETL-Pipeline/.venv/lib/python3.10/site-packages/airflow/example_dags/example_params_trigger_ui.py
[2024-10-21T14:52:49.139+0700] {processor.py:925} INFO - DAG(s) 'example_params_trigger_ui' retrieved from /Users/punny/Documents/GitHub/NYC-Taxi-ETL-Pipeline/.venv/lib/python3.10/site-packages/airflow/example_dags/example_params_trigger_ui.py
[2024-10-21T14:52:49.378+0700] {logging_mixin.py:190} INFO - [2024-10-21T14:52:49.378+0700] {dag.py:3239} INFO - Sync 1 DAGs
[2024-10-21T14:52:49.393+0700] {logging_mixin.py:190} INFO - [2024-10-21T14:52:49.393+0700] {dag.py:4180} INFO - Setting next_dagrun for example_params_trigger_ui to None, run_after=None
[2024-10-21T14:52:49.415+0700] {processor.py:208} INFO - Processing /Users/punny/Documents/GitHub/NYC-Taxi-ETL-Pipeline/.venv/lib/python3.10/site-packages/airflow/example_dags/example_params_trigger_ui.py took 0.348 seconds
[2024-10-21T14:56:10.989+0700] {processor.py:186} INFO - Started process (PID=37138) to work on /Users/punny/Documents/GitHub/NYC-Taxi-ETL-Pipeline/.venv/lib/python3.10/site-packages/airflow/example_dags/example_params_trigger_ui.py
[2024-10-21T14:56:10.992+0700] {processor.py:914} INFO - Processing file /Users/punny/Documents/GitHub/NYC-Taxi-ETL-Pipeline/.venv/lib/python3.10/site-packages/airflow/example_dags/example_params_trigger_ui.py for tasks to queue
[2024-10-21T14:56:10.993+0700] {logging_mixin.py:190} INFO - [2024-10-21T14:56:10.993+0700] {dagbag.py:588} INFO - Filling up the DagBag from /Users/punny/Documents/GitHub/NYC-Taxi-ETL-Pipeline/.venv/lib/python3.10/site-packages/airflow/example_dags/example_params_trigger_ui.py
[2024-10-21T14:56:11.042+0700] {processor.py:925} INFO - DAG(s) 'example_params_trigger_ui' retrieved from /Users/punny/Documents/GitHub/NYC-Taxi-ETL-Pipeline/.venv/lib/python3.10/site-packages/airflow/example_dags/example_params_trigger_ui.py
[2024-10-21T14:56:11.422+0700] {logging_mixin.py:190} INFO - [2024-10-21T14:56:11.422+0700] {dag.py:3239} INFO - Sync 1 DAGs
[2024-10-21T14:56:11.450+0700] {logging_mixin.py:190} INFO - [2024-10-21T14:56:11.448+0700] {dag.py:4180} INFO - Setting next_dagrun for example_params_trigger_ui to None, run_after=None
[2024-10-21T14:56:11.489+0700] {processor.py:208} INFO - Processing /Users/punny/Documents/GitHub/NYC-Taxi-ETL-Pipeline/.venv/lib/python3.10/site-packages/airflow/example_dags/example_params_trigger_ui.py took 0.509 seconds
[2024-10-21T15:00:54.169+0700] {processor.py:186} INFO - Started process (PID=37830) to work on /Users/punny/Documents/GitHub/NYC-Taxi-ETL-Pipeline/.venv/lib/python3.10/site-packages/airflow/example_dags/example_params_trigger_ui.py
[2024-10-21T15:00:54.173+0700] {processor.py:914} INFO - Processing file /Users/punny/Documents/GitHub/NYC-Taxi-ETL-Pipeline/.venv/lib/python3.10/site-packages/airflow/example_dags/example_params_trigger_ui.py for tasks to queue
[2024-10-21T15:00:54.175+0700] {logging_mixin.py:190} INFO - [2024-10-21T15:00:54.174+0700] {dagbag.py:588} INFO - Filling up the DagBag from /Users/punny/Documents/GitHub/NYC-Taxi-ETL-Pipeline/.venv/lib/python3.10/site-packages/airflow/example_dags/example_params_trigger_ui.py
[2024-10-21T15:00:54.244+0700] {processor.py:925} INFO - DAG(s) 'example_params_trigger_ui' retrieved from /Users/punny/Documents/GitHub/NYC-Taxi-ETL-Pipeline/.venv/lib/python3.10/site-packages/airflow/example_dags/example_params_trigger_ui.py
[2024-10-21T15:00:54.536+0700] {logging_mixin.py:190} INFO - [2024-10-21T15:00:54.535+0700] {dag.py:3239} INFO - Sync 1 DAGs
[2024-10-21T15:00:54.554+0700] {logging_mixin.py:190} INFO - [2024-10-21T15:00:54.554+0700] {dag.py:4180} INFO - Setting next_dagrun for example_params_trigger_ui to None, run_after=None
[2024-10-21T15:00:54.584+0700] {processor.py:208} INFO - Processing /Users/punny/Documents/GitHub/NYC-Taxi-ETL-Pipeline/.venv/lib/python3.10/site-packages/airflow/example_dags/example_params_trigger_ui.py took 0.427 seconds
[2024-10-21T15:06:48.523+0700] {processor.py:186} INFO - Started process (PID=38594) to work on /Users/punny/Documents/GitHub/NYC-Taxi-ETL-Pipeline/.venv/lib/python3.10/site-packages/airflow/example_dags/example_params_trigger_ui.py
[2024-10-21T15:06:48.531+0700] {processor.py:914} INFO - Processing file /Users/punny/Documents/GitHub/NYC-Taxi-ETL-Pipeline/.venv/lib/python3.10/site-packages/airflow/example_dags/example_params_trigger_ui.py for tasks to queue
[2024-10-21T15:06:48.533+0700] {logging_mixin.py:190} INFO - [2024-10-21T15:06:48.533+0700] {dagbag.py:588} INFO - Filling up the DagBag from /Users/punny/Documents/GitHub/NYC-Taxi-ETL-Pipeline/.venv/lib/python3.10/site-packages/airflow/example_dags/example_params_trigger_ui.py
[2024-10-21T15:06:48.645+0700] {processor.py:925} INFO - DAG(s) 'example_params_trigger_ui' retrieved from /Users/punny/Documents/GitHub/NYC-Taxi-ETL-Pipeline/.venv/lib/python3.10/site-packages/airflow/example_dags/example_params_trigger_ui.py
[2024-10-21T15:06:49.161+0700] {logging_mixin.py:190} INFO - [2024-10-21T15:06:49.160+0700] {dag.py:3239} INFO - Sync 1 DAGs
[2024-10-21T15:06:49.182+0700] {logging_mixin.py:190} INFO - [2024-10-21T15:06:49.182+0700] {dag.py:4180} INFO - Setting next_dagrun for example_params_trigger_ui to None, run_after=None
[2024-10-21T15:06:49.216+0700] {processor.py:208} INFO - Processing /Users/punny/Documents/GitHub/NYC-Taxi-ETL-Pipeline/.venv/lib/python3.10/site-packages/airflow/example_dags/example_params_trigger_ui.py took 0.701 seconds
[2024-10-21T15:11:32.872+0700] {processor.py:186} INFO - Started process (PID=39232) to work on /Users/punny/Documents/GitHub/NYC-Taxi-ETL-Pipeline/.venv/lib/python3.10/site-packages/airflow/example_dags/example_params_trigger_ui.py
[2024-10-21T15:11:32.876+0700] {processor.py:914} INFO - Processing file /Users/punny/Documents/GitHub/NYC-Taxi-ETL-Pipeline/.venv/lib/python3.10/site-packages/airflow/example_dags/example_params_trigger_ui.py for tasks to queue
[2024-10-21T15:11:32.878+0700] {logging_mixin.py:190} INFO - [2024-10-21T15:11:32.878+0700] {dagbag.py:588} INFO - Filling up the DagBag from /Users/punny/Documents/GitHub/NYC-Taxi-ETL-Pipeline/.venv/lib/python3.10/site-packages/airflow/example_dags/example_params_trigger_ui.py
[2024-10-21T15:11:32.953+0700] {processor.py:925} INFO - DAG(s) 'example_params_trigger_ui' retrieved from /Users/punny/Documents/GitHub/NYC-Taxi-ETL-Pipeline/.venv/lib/python3.10/site-packages/airflow/example_dags/example_params_trigger_ui.py
[2024-10-21T15:11:33.373+0700] {logging_mixin.py:190} INFO - [2024-10-21T15:11:33.371+0700] {dag.py:3239} INFO - Sync 1 DAGs
[2024-10-21T15:11:33.401+0700] {logging_mixin.py:190} INFO - [2024-10-21T15:11:33.401+0700] {dag.py:4180} INFO - Setting next_dagrun for example_params_trigger_ui to None, run_after=None
[2024-10-21T15:11:33.444+0700] {processor.py:208} INFO - Processing /Users/punny/Documents/GitHub/NYC-Taxi-ETL-Pipeline/.venv/lib/python3.10/site-packages/airflow/example_dags/example_params_trigger_ui.py took 0.585 seconds
[2024-10-21T15:15:43.812+0700] {processor.py:186} INFO - Started process (PID=39736) to work on /Users/punny/Documents/GitHub/NYC-Taxi-ETL-Pipeline/.venv/lib/python3.10/site-packages/airflow/example_dags/example_params_trigger_ui.py
[2024-10-21T15:15:43.818+0700] {processor.py:914} INFO - Processing file /Users/punny/Documents/GitHub/NYC-Taxi-ETL-Pipeline/.venv/lib/python3.10/site-packages/airflow/example_dags/example_params_trigger_ui.py for tasks to queue
[2024-10-21T15:15:43.820+0700] {logging_mixin.py:190} INFO - [2024-10-21T15:15:43.819+0700] {dagbag.py:588} INFO - Filling up the DagBag from /Users/punny/Documents/GitHub/NYC-Taxi-ETL-Pipeline/.venv/lib/python3.10/site-packages/airflow/example_dags/example_params_trigger_ui.py
[2024-10-21T15:15:43.908+0700] {processor.py:925} INFO - DAG(s) 'example_params_trigger_ui' retrieved from /Users/punny/Documents/GitHub/NYC-Taxi-ETL-Pipeline/.venv/lib/python3.10/site-packages/airflow/example_dags/example_params_trigger_ui.py
[2024-10-21T15:15:44.773+0700] {logging_mixin.py:190} INFO - [2024-10-21T15:15:44.758+0700] {dag.py:3239} INFO - Sync 1 DAGs
[2024-10-21T15:15:44.811+0700] {logging_mixin.py:190} INFO - [2024-10-21T15:15:44.809+0700] {dag.py:4180} INFO - Setting next_dagrun for example_params_trigger_ui to None, run_after=None
[2024-10-21T15:15:44.866+0700] {processor.py:208} INFO - Processing /Users/punny/Documents/GitHub/NYC-Taxi-ETL-Pipeline/.venv/lib/python3.10/site-packages/airflow/example_dags/example_params_trigger_ui.py took 1.064 seconds
[2024-10-21T15:20:12.087+0700] {processor.py:186} INFO - Started process (PID=40322) to work on /Users/punny/Documents/GitHub/NYC-Taxi-ETL-Pipeline/.venv/lib/python3.10/site-packages/airflow/example_dags/example_params_trigger_ui.py
[2024-10-21T15:20:12.091+0700] {processor.py:914} INFO - Processing file /Users/punny/Documents/GitHub/NYC-Taxi-ETL-Pipeline/.venv/lib/python3.10/site-packages/airflow/example_dags/example_params_trigger_ui.py for tasks to queue
[2024-10-21T15:20:12.093+0700] {logging_mixin.py:190} INFO - [2024-10-21T15:20:12.092+0700] {dagbag.py:588} INFO - Filling up the DagBag from /Users/punny/Documents/GitHub/NYC-Taxi-ETL-Pipeline/.venv/lib/python3.10/site-packages/airflow/example_dags/example_params_trigger_ui.py
[2024-10-21T15:20:12.172+0700] {processor.py:925} INFO - DAG(s) 'example_params_trigger_ui' retrieved from /Users/punny/Documents/GitHub/NYC-Taxi-ETL-Pipeline/.venv/lib/python3.10/site-packages/airflow/example_dags/example_params_trigger_ui.py
[2024-10-21T15:20:12.555+0700] {logging_mixin.py:190} INFO - [2024-10-21T15:20:12.554+0700] {dag.py:3239} INFO - Sync 1 DAGs
[2024-10-21T15:20:12.578+0700] {logging_mixin.py:190} INFO - [2024-10-21T15:20:12.577+0700] {dag.py:4180} INFO - Setting next_dagrun for example_params_trigger_ui to None, run_after=None
[2024-10-21T15:20:12.616+0700] {processor.py:208} INFO - Processing /Users/punny/Documents/GitHub/NYC-Taxi-ETL-Pipeline/.venv/lib/python3.10/site-packages/airflow/example_dags/example_params_trigger_ui.py took 0.541 seconds
[2024-10-21T15:24:16.018+0700] {processor.py:186} INFO - Started process (PID=40814) to work on /Users/punny/Documents/GitHub/NYC-Taxi-ETL-Pipeline/.venv/lib/python3.10/site-packages/airflow/example_dags/example_params_trigger_ui.py
[2024-10-21T15:24:16.022+0700] {processor.py:914} INFO - Processing file /Users/punny/Documents/GitHub/NYC-Taxi-ETL-Pipeline/.venv/lib/python3.10/site-packages/airflow/example_dags/example_params_trigger_ui.py for tasks to queue
[2024-10-21T15:24:16.023+0700] {logging_mixin.py:190} INFO - [2024-10-21T15:24:16.023+0700] {dagbag.py:588} INFO - Filling up the DagBag from /Users/punny/Documents/GitHub/NYC-Taxi-ETL-Pipeline/.venv/lib/python3.10/site-packages/airflow/example_dags/example_params_trigger_ui.py
[2024-10-21T15:24:16.088+0700] {processor.py:925} INFO - DAG(s) 'example_params_trigger_ui' retrieved from /Users/punny/Documents/GitHub/NYC-Taxi-ETL-Pipeline/.venv/lib/python3.10/site-packages/airflow/example_dags/example_params_trigger_ui.py
[2024-10-21T15:24:16.428+0700] {logging_mixin.py:190} INFO - [2024-10-21T15:24:16.427+0700] {dag.py:3239} INFO - Sync 1 DAGs
[2024-10-21T15:24:16.452+0700] {logging_mixin.py:190} INFO - [2024-10-21T15:24:16.452+0700] {dag.py:4180} INFO - Setting next_dagrun for example_params_trigger_ui to None, run_after=None
[2024-10-21T15:24:16.485+0700] {processor.py:208} INFO - Processing /Users/punny/Documents/GitHub/NYC-Taxi-ETL-Pipeline/.venv/lib/python3.10/site-packages/airflow/example_dags/example_params_trigger_ui.py took 0.474 seconds
[2024-10-21T15:28:12.849+0700] {processor.py:186} INFO - Started process (PID=41295) to work on /Users/punny/Documents/GitHub/NYC-Taxi-ETL-Pipeline/.venv/lib/python3.10/site-packages/airflow/example_dags/example_params_trigger_ui.py
[2024-10-21T15:28:12.854+0700] {processor.py:914} INFO - Processing file /Users/punny/Documents/GitHub/NYC-Taxi-ETL-Pipeline/.venv/lib/python3.10/site-packages/airflow/example_dags/example_params_trigger_ui.py for tasks to queue
[2024-10-21T15:28:12.855+0700] {logging_mixin.py:190} INFO - [2024-10-21T15:28:12.855+0700] {dagbag.py:588} INFO - Filling up the DagBag from /Users/punny/Documents/GitHub/NYC-Taxi-ETL-Pipeline/.venv/lib/python3.10/site-packages/airflow/example_dags/example_params_trigger_ui.py
[2024-10-21T15:28:12.921+0700] {processor.py:925} INFO - DAG(s) 'example_params_trigger_ui' retrieved from /Users/punny/Documents/GitHub/NYC-Taxi-ETL-Pipeline/.venv/lib/python3.10/site-packages/airflow/example_dags/example_params_trigger_ui.py
[2024-10-21T15:28:13.242+0700] {logging_mixin.py:190} INFO - [2024-10-21T15:28:13.241+0700] {dag.py:3239} INFO - Sync 1 DAGs
[2024-10-21T15:28:13.261+0700] {logging_mixin.py:190} INFO - [2024-10-21T15:28:13.261+0700] {dag.py:4180} INFO - Setting next_dagrun for example_params_trigger_ui to None, run_after=None
[2024-10-21T15:28:13.290+0700] {processor.py:208} INFO - Processing /Users/punny/Documents/GitHub/NYC-Taxi-ETL-Pipeline/.venv/lib/python3.10/site-packages/airflow/example_dags/example_params_trigger_ui.py took 0.448 seconds
[2024-10-21T15:32:18.198+0700] {processor.py:186} INFO - Started process (PID=41842) to work on /Users/punny/Documents/GitHub/NYC-Taxi-ETL-Pipeline/.venv/lib/python3.10/site-packages/airflow/example_dags/example_params_trigger_ui.py
[2024-10-21T15:32:18.212+0700] {processor.py:914} INFO - Processing file /Users/punny/Documents/GitHub/NYC-Taxi-ETL-Pipeline/.venv/lib/python3.10/site-packages/airflow/example_dags/example_params_trigger_ui.py for tasks to queue
[2024-10-21T15:32:18.230+0700] {logging_mixin.py:190} INFO - [2024-10-21T15:32:18.230+0700] {dagbag.py:588} INFO - Filling up the DagBag from /Users/punny/Documents/GitHub/NYC-Taxi-ETL-Pipeline/.venv/lib/python3.10/site-packages/airflow/example_dags/example_params_trigger_ui.py
[2024-10-21T15:32:18.290+0700] {processor.py:925} INFO - DAG(s) 'example_params_trigger_ui' retrieved from /Users/punny/Documents/GitHub/NYC-Taxi-ETL-Pipeline/.venv/lib/python3.10/site-packages/airflow/example_dags/example_params_trigger_ui.py
[2024-10-21T15:32:18.600+0700] {logging_mixin.py:190} INFO - [2024-10-21T15:32:18.599+0700] {dag.py:3239} INFO - Sync 1 DAGs
[2024-10-21T15:32:18.618+0700] {logging_mixin.py:190} INFO - [2024-10-21T15:32:18.618+0700] {dag.py:4180} INFO - Setting next_dagrun for example_params_trigger_ui to None, run_after=None
[2024-10-21T15:32:18.651+0700] {processor.py:208} INFO - Processing /Users/punny/Documents/GitHub/NYC-Taxi-ETL-Pipeline/.venv/lib/python3.10/site-packages/airflow/example_dags/example_params_trigger_ui.py took 0.464 seconds
[2024-10-21T15:36:12.685+0700] {processor.py:186} INFO - Started process (PID=42308) to work on /Users/punny/Documents/GitHub/NYC-Taxi-ETL-Pipeline/.venv/lib/python3.10/site-packages/airflow/example_dags/example_params_trigger_ui.py
[2024-10-21T15:36:12.690+0700] {processor.py:914} INFO - Processing file /Users/punny/Documents/GitHub/NYC-Taxi-ETL-Pipeline/.venv/lib/python3.10/site-packages/airflow/example_dags/example_params_trigger_ui.py for tasks to queue
[2024-10-21T15:36:12.692+0700] {logging_mixin.py:190} INFO - [2024-10-21T15:36:12.692+0700] {dagbag.py:588} INFO - Filling up the DagBag from /Users/punny/Documents/GitHub/NYC-Taxi-ETL-Pipeline/.venv/lib/python3.10/site-packages/airflow/example_dags/example_params_trigger_ui.py
[2024-10-21T15:36:12.759+0700] {processor.py:925} INFO - DAG(s) 'example_params_trigger_ui' retrieved from /Users/punny/Documents/GitHub/NYC-Taxi-ETL-Pipeline/.venv/lib/python3.10/site-packages/airflow/example_dags/example_params_trigger_ui.py
[2024-10-21T15:36:13.094+0700] {logging_mixin.py:190} INFO - [2024-10-21T15:36:13.093+0700] {dag.py:3239} INFO - Sync 1 DAGs
[2024-10-21T15:36:13.117+0700] {logging_mixin.py:190} INFO - [2024-10-21T15:36:13.116+0700] {dag.py:4180} INFO - Setting next_dagrun for example_params_trigger_ui to None, run_after=None
[2024-10-21T15:36:13.149+0700] {processor.py:208} INFO - Processing /Users/punny/Documents/GitHub/NYC-Taxi-ETL-Pipeline/.venv/lib/python3.10/site-packages/airflow/example_dags/example_params_trigger_ui.py took 0.473 seconds
[2024-10-21T15:40:15.756+0700] {processor.py:186} INFO - Started process (PID=42927) to work on /Users/punny/Documents/GitHub/NYC-Taxi-ETL-Pipeline/.venv/lib/python3.10/site-packages/airflow/example_dags/example_params_trigger_ui.py
[2024-10-21T15:40:15.760+0700] {processor.py:914} INFO - Processing file /Users/punny/Documents/GitHub/NYC-Taxi-ETL-Pipeline/.venv/lib/python3.10/site-packages/airflow/example_dags/example_params_trigger_ui.py for tasks to queue
[2024-10-21T15:40:15.762+0700] {logging_mixin.py:190} INFO - [2024-10-21T15:40:15.761+0700] {dagbag.py:588} INFO - Filling up the DagBag from /Users/punny/Documents/GitHub/NYC-Taxi-ETL-Pipeline/.venv/lib/python3.10/site-packages/airflow/example_dags/example_params_trigger_ui.py
[2024-10-21T15:40:15.830+0700] {processor.py:925} INFO - DAG(s) 'example_params_trigger_ui' retrieved from /Users/punny/Documents/GitHub/NYC-Taxi-ETL-Pipeline/.venv/lib/python3.10/site-packages/airflow/example_dags/example_params_trigger_ui.py
[2024-10-21T15:40:16.191+0700] {logging_mixin.py:190} INFO - [2024-10-21T15:40:16.191+0700] {dag.py:3239} INFO - Sync 1 DAGs
[2024-10-21T15:40:16.215+0700] {logging_mixin.py:190} INFO - [2024-10-21T15:40:16.215+0700] {dag.py:4180} INFO - Setting next_dagrun for example_params_trigger_ui to None, run_after=None
[2024-10-21T15:40:16.249+0700] {processor.py:208} INFO - Processing /Users/punny/Documents/GitHub/NYC-Taxi-ETL-Pipeline/.venv/lib/python3.10/site-packages/airflow/example_dags/example_params_trigger_ui.py took 0.500 seconds
[2024-10-21T15:44:09.730+0700] {processor.py:186} INFO - Started process (PID=43406) to work on /Users/punny/Documents/GitHub/NYC-Taxi-ETL-Pipeline/.venv/lib/python3.10/site-packages/airflow/example_dags/example_params_trigger_ui.py
[2024-10-21T15:44:09.734+0700] {processor.py:914} INFO - Processing file /Users/punny/Documents/GitHub/NYC-Taxi-ETL-Pipeline/.venv/lib/python3.10/site-packages/airflow/example_dags/example_params_trigger_ui.py for tasks to queue
[2024-10-21T15:44:09.736+0700] {logging_mixin.py:190} INFO - [2024-10-21T15:44:09.736+0700] {dagbag.py:588} INFO - Filling up the DagBag from /Users/punny/Documents/GitHub/NYC-Taxi-ETL-Pipeline/.venv/lib/python3.10/site-packages/airflow/example_dags/example_params_trigger_ui.py
[2024-10-21T15:44:09.811+0700] {processor.py:925} INFO - DAG(s) 'example_params_trigger_ui' retrieved from /Users/punny/Documents/GitHub/NYC-Taxi-ETL-Pipeline/.venv/lib/python3.10/site-packages/airflow/example_dags/example_params_trigger_ui.py
[2024-10-21T15:44:10.143+0700] {logging_mixin.py:190} INFO - [2024-10-21T15:44:10.143+0700] {dag.py:3239} INFO - Sync 1 DAGs
[2024-10-21T15:44:10.173+0700] {logging_mixin.py:190} INFO - [2024-10-21T15:44:10.173+0700] {dag.py:4180} INFO - Setting next_dagrun for example_params_trigger_ui to None, run_after=None
[2024-10-21T15:44:10.218+0700] {processor.py:208} INFO - Processing /Users/punny/Documents/GitHub/NYC-Taxi-ETL-Pipeline/.venv/lib/python3.10/site-packages/airflow/example_dags/example_params_trigger_ui.py took 0.500 seconds
[2024-10-21T15:48:01.556+0700] {processor.py:186} INFO - Started process (PID=43875) to work on /Users/punny/Documents/GitHub/NYC-Taxi-ETL-Pipeline/.venv/lib/python3.10/site-packages/airflow/example_dags/example_params_trigger_ui.py
[2024-10-21T15:48:01.561+0700] {processor.py:914} INFO - Processing file /Users/punny/Documents/GitHub/NYC-Taxi-ETL-Pipeline/.venv/lib/python3.10/site-packages/airflow/example_dags/example_params_trigger_ui.py for tasks to queue
[2024-10-21T15:48:01.563+0700] {logging_mixin.py:190} INFO - [2024-10-21T15:48:01.563+0700] {dagbag.py:588} INFO - Filling up the DagBag from /Users/punny/Documents/GitHub/NYC-Taxi-ETL-Pipeline/.venv/lib/python3.10/site-packages/airflow/example_dags/example_params_trigger_ui.py
[2024-10-21T15:48:01.627+0700] {processor.py:925} INFO - DAG(s) 'example_params_trigger_ui' retrieved from /Users/punny/Documents/GitHub/NYC-Taxi-ETL-Pipeline/.venv/lib/python3.10/site-packages/airflow/example_dags/example_params_trigger_ui.py
[2024-10-21T15:48:01.951+0700] {logging_mixin.py:190} INFO - [2024-10-21T15:48:01.950+0700] {dag.py:3239} INFO - Sync 1 DAGs
[2024-10-21T15:48:01.970+0700] {logging_mixin.py:190} INFO - [2024-10-21T15:48:01.970+0700] {dag.py:4180} INFO - Setting next_dagrun for example_params_trigger_ui to None, run_after=None
[2024-10-21T15:48:02.000+0700] {processor.py:208} INFO - Processing /Users/punny/Documents/GitHub/NYC-Taxi-ETL-Pipeline/.venv/lib/python3.10/site-packages/airflow/example_dags/example_params_trigger_ui.py took 0.452 seconds
[2024-10-21T15:52:00.365+0700] {processor.py:186} INFO - Started process (PID=44407) to work on /Users/punny/Documents/GitHub/NYC-Taxi-ETL-Pipeline/.venv/lib/python3.10/site-packages/airflow/example_dags/example_params_trigger_ui.py
[2024-10-21T15:52:00.369+0700] {processor.py:914} INFO - Processing file /Users/punny/Documents/GitHub/NYC-Taxi-ETL-Pipeline/.venv/lib/python3.10/site-packages/airflow/example_dags/example_params_trigger_ui.py for tasks to queue
[2024-10-21T15:52:00.370+0700] {logging_mixin.py:190} INFO - [2024-10-21T15:52:00.370+0700] {dagbag.py:588} INFO - Filling up the DagBag from /Users/punny/Documents/GitHub/NYC-Taxi-ETL-Pipeline/.venv/lib/python3.10/site-packages/airflow/example_dags/example_params_trigger_ui.py
[2024-10-21T15:52:00.433+0700] {processor.py:925} INFO - DAG(s) 'example_params_trigger_ui' retrieved from /Users/punny/Documents/GitHub/NYC-Taxi-ETL-Pipeline/.venv/lib/python3.10/site-packages/airflow/example_dags/example_params_trigger_ui.py
[2024-10-21T15:52:00.768+0700] {logging_mixin.py:190} INFO - [2024-10-21T15:52:00.767+0700] {dag.py:3239} INFO - Sync 1 DAGs
[2024-10-21T15:52:00.794+0700] {logging_mixin.py:190} INFO - [2024-10-21T15:52:00.793+0700] {dag.py:4180} INFO - Setting next_dagrun for example_params_trigger_ui to None, run_after=None
[2024-10-21T15:52:00.826+0700] {processor.py:208} INFO - Processing /Users/punny/Documents/GitHub/NYC-Taxi-ETL-Pipeline/.venv/lib/python3.10/site-packages/airflow/example_dags/example_params_trigger_ui.py took 0.470 seconds
[2024-10-21T15:55:53.273+0700] {processor.py:186} INFO - Started process (PID=44882) to work on /Users/punny/Documents/GitHub/NYC-Taxi-ETL-Pipeline/.venv/lib/python3.10/site-packages/airflow/example_dags/example_params_trigger_ui.py
[2024-10-21T15:55:53.278+0700] {processor.py:914} INFO - Processing file /Users/punny/Documents/GitHub/NYC-Taxi-ETL-Pipeline/.venv/lib/python3.10/site-packages/airflow/example_dags/example_params_trigger_ui.py for tasks to queue
[2024-10-21T15:55:53.280+0700] {logging_mixin.py:190} INFO - [2024-10-21T15:55:53.279+0700] {dagbag.py:588} INFO - Filling up the DagBag from /Users/punny/Documents/GitHub/NYC-Taxi-ETL-Pipeline/.venv/lib/python3.10/site-packages/airflow/example_dags/example_params_trigger_ui.py
[2024-10-21T15:55:53.347+0700] {processor.py:925} INFO - DAG(s) 'example_params_trigger_ui' retrieved from /Users/punny/Documents/GitHub/NYC-Taxi-ETL-Pipeline/.venv/lib/python3.10/site-packages/airflow/example_dags/example_params_trigger_ui.py
[2024-10-21T15:55:53.675+0700] {logging_mixin.py:190} INFO - [2024-10-21T15:55:53.674+0700] {dag.py:3239} INFO - Sync 1 DAGs
[2024-10-21T15:55:53.697+0700] {logging_mixin.py:190} INFO - [2024-10-21T15:55:53.696+0700] {dag.py:4180} INFO - Setting next_dagrun for example_params_trigger_ui to None, run_after=None
[2024-10-21T15:55:53.730+0700] {processor.py:208} INFO - Processing /Users/punny/Documents/GitHub/NYC-Taxi-ETL-Pipeline/.venv/lib/python3.10/site-packages/airflow/example_dags/example_params_trigger_ui.py took 0.472 seconds
[2024-10-21T16:00:11.554+0700] {processor.py:186} INFO - Started process (PID=45489) to work on /Users/punny/Documents/GitHub/NYC-Taxi-ETL-Pipeline/.venv/lib/python3.10/site-packages/airflow/example_dags/example_params_trigger_ui.py
[2024-10-21T16:00:11.558+0700] {processor.py:914} INFO - Processing file /Users/punny/Documents/GitHub/NYC-Taxi-ETL-Pipeline/.venv/lib/python3.10/site-packages/airflow/example_dags/example_params_trigger_ui.py for tasks to queue
[2024-10-21T16:00:11.561+0700] {logging_mixin.py:190} INFO - [2024-10-21T16:00:11.561+0700] {dagbag.py:588} INFO - Filling up the DagBag from /Users/punny/Documents/GitHub/NYC-Taxi-ETL-Pipeline/.venv/lib/python3.10/site-packages/airflow/example_dags/example_params_trigger_ui.py
[2024-10-21T16:00:11.636+0700] {processor.py:925} INFO - DAG(s) 'example_params_trigger_ui' retrieved from /Users/punny/Documents/GitHub/NYC-Taxi-ETL-Pipeline/.venv/lib/python3.10/site-packages/airflow/example_dags/example_params_trigger_ui.py
[2024-10-21T16:00:12.104+0700] {logging_mixin.py:190} INFO - [2024-10-21T16:00:12.103+0700] {dag.py:3239} INFO - Sync 1 DAGs
[2024-10-21T16:00:12.134+0700] {logging_mixin.py:190} INFO - [2024-10-21T16:00:12.133+0700] {dag.py:4180} INFO - Setting next_dagrun for example_params_trigger_ui to None, run_after=None
[2024-10-21T16:00:12.178+0700] {processor.py:208} INFO - Processing /Users/punny/Documents/GitHub/NYC-Taxi-ETL-Pipeline/.venv/lib/python3.10/site-packages/airflow/example_dags/example_params_trigger_ui.py took 0.638 seconds
[2024-10-21T16:04:20.874+0700] {processor.py:186} INFO - Started process (PID=45976) to work on /Users/punny/Documents/GitHub/NYC-Taxi-ETL-Pipeline/.venv/lib/python3.10/site-packages/airflow/example_dags/example_params_trigger_ui.py
[2024-10-21T16:04:20.880+0700] {processor.py:914} INFO - Processing file /Users/punny/Documents/GitHub/NYC-Taxi-ETL-Pipeline/.venv/lib/python3.10/site-packages/airflow/example_dags/example_params_trigger_ui.py for tasks to queue
[2024-10-21T16:04:20.882+0700] {logging_mixin.py:190} INFO - [2024-10-21T16:04:20.882+0700] {dagbag.py:588} INFO - Filling up the DagBag from /Users/punny/Documents/GitHub/NYC-Taxi-ETL-Pipeline/.venv/lib/python3.10/site-packages/airflow/example_dags/example_params_trigger_ui.py
[2024-10-21T16:04:20.989+0700] {processor.py:925} INFO - DAG(s) 'example_params_trigger_ui' retrieved from /Users/punny/Documents/GitHub/NYC-Taxi-ETL-Pipeline/.venv/lib/python3.10/site-packages/airflow/example_dags/example_params_trigger_ui.py
[2024-10-21T16:04:21.396+0700] {logging_mixin.py:190} INFO - [2024-10-21T16:04:21.395+0700] {dag.py:3239} INFO - Sync 1 DAGs
[2024-10-21T16:04:21.417+0700] {logging_mixin.py:190} INFO - [2024-10-21T16:04:21.416+0700] {dag.py:4180} INFO - Setting next_dagrun for example_params_trigger_ui to None, run_after=None
[2024-10-21T16:04:21.455+0700] {processor.py:208} INFO - Processing /Users/punny/Documents/GitHub/NYC-Taxi-ETL-Pipeline/.venv/lib/python3.10/site-packages/airflow/example_dags/example_params_trigger_ui.py took 0.589 seconds
[2024-10-21T20:38:21.257+0700] {processor.py:186} INFO - Started process (PID=4388) to work on /Users/punny/Documents/GitHub/NYC-Taxi-ETL-Pipeline/.venv/lib/python3.10/site-packages/airflow/example_dags/example_params_trigger_ui.py
[2024-10-21T20:38:21.260+0700] {processor.py:914} INFO - Processing file /Users/punny/Documents/GitHub/NYC-Taxi-ETL-Pipeline/.venv/lib/python3.10/site-packages/airflow/example_dags/example_params_trigger_ui.py for tasks to queue
[2024-10-21T20:38:21.261+0700] {logging_mixin.py:190} INFO - [2024-10-21T20:38:21.261+0700] {dagbag.py:588} INFO - Filling up the DagBag from /Users/punny/Documents/GitHub/NYC-Taxi-ETL-Pipeline/.venv/lib/python3.10/site-packages/airflow/example_dags/example_params_trigger_ui.py
[2024-10-21T20:38:21.318+0700] {processor.py:925} INFO - DAG(s) 'example_params_trigger_ui' retrieved from /Users/punny/Documents/GitHub/NYC-Taxi-ETL-Pipeline/.venv/lib/python3.10/site-packages/airflow/example_dags/example_params_trigger_ui.py
[2024-10-21T20:38:21.577+0700] {logging_mixin.py:190} INFO - [2024-10-21T20:38:21.576+0700] {dag.py:3239} INFO - Sync 1 DAGs
[2024-10-21T20:38:21.595+0700] {logging_mixin.py:190} INFO - [2024-10-21T20:38:21.595+0700] {dag.py:4180} INFO - Setting next_dagrun for example_params_trigger_ui to None, run_after=None
[2024-10-21T20:38:21.625+0700] {processor.py:208} INFO - Processing /Users/punny/Documents/GitHub/NYC-Taxi-ETL-Pipeline/.venv/lib/python3.10/site-packages/airflow/example_dags/example_params_trigger_ui.py took 0.377 seconds
[2024-10-21T20:41:43.837+0700] {processor.py:186} INFO - Started process (PID=4636) to work on /Users/punny/Documents/GitHub/NYC-Taxi-ETL-Pipeline/.venv/lib/python3.10/site-packages/airflow/example_dags/example_params_trigger_ui.py
[2024-10-21T20:41:43.841+0700] {processor.py:914} INFO - Processing file /Users/punny/Documents/GitHub/NYC-Taxi-ETL-Pipeline/.venv/lib/python3.10/site-packages/airflow/example_dags/example_params_trigger_ui.py for tasks to queue
[2024-10-21T20:41:43.843+0700] {logging_mixin.py:190} INFO - [2024-10-21T20:41:43.842+0700] {dagbag.py:588} INFO - Filling up the DagBag from /Users/punny/Documents/GitHub/NYC-Taxi-ETL-Pipeline/.venv/lib/python3.10/site-packages/airflow/example_dags/example_params_trigger_ui.py
[2024-10-21T20:41:43.889+0700] {processor.py:925} INFO - DAG(s) 'example_params_trigger_ui' retrieved from /Users/punny/Documents/GitHub/NYC-Taxi-ETL-Pipeline/.venv/lib/python3.10/site-packages/airflow/example_dags/example_params_trigger_ui.py
[2024-10-21T20:41:44.145+0700] {logging_mixin.py:190} INFO - [2024-10-21T20:41:44.145+0700] {dag.py:3239} INFO - Sync 1 DAGs
[2024-10-21T20:41:44.160+0700] {logging_mixin.py:190} INFO - [2024-10-21T20:41:44.160+0700] {dag.py:4180} INFO - Setting next_dagrun for example_params_trigger_ui to None, run_after=None
[2024-10-21T20:41:44.192+0700] {processor.py:208} INFO - Processing /Users/punny/Documents/GitHub/NYC-Taxi-ETL-Pipeline/.venv/lib/python3.10/site-packages/airflow/example_dags/example_params_trigger_ui.py took 0.363 seconds
[2024-10-21T20:45:41.447+0700] {processor.py:186} INFO - Started process (PID=5037) to work on /Users/punny/Documents/GitHub/NYC-Taxi-ETL-Pipeline/.venv/lib/python3.10/site-packages/airflow/example_dags/example_params_trigger_ui.py
[2024-10-21T20:45:41.451+0700] {processor.py:914} INFO - Processing file /Users/punny/Documents/GitHub/NYC-Taxi-ETL-Pipeline/.venv/lib/python3.10/site-packages/airflow/example_dags/example_params_trigger_ui.py for tasks to queue
[2024-10-21T20:45:41.453+0700] {logging_mixin.py:190} INFO - [2024-10-21T20:45:41.452+0700] {dagbag.py:588} INFO - Filling up the DagBag from /Users/punny/Documents/GitHub/NYC-Taxi-ETL-Pipeline/.venv/lib/python3.10/site-packages/airflow/example_dags/example_params_trigger_ui.py
[2024-10-21T20:45:41.526+0700] {processor.py:925} INFO - DAG(s) 'example_params_trigger_ui' retrieved from /Users/punny/Documents/GitHub/NYC-Taxi-ETL-Pipeline/.venv/lib/python3.10/site-packages/airflow/example_dags/example_params_trigger_ui.py
[2024-10-21T20:45:41.864+0700] {logging_mixin.py:190} INFO - [2024-10-21T20:45:41.863+0700] {dag.py:3239} INFO - Sync 1 DAGs
[2024-10-21T20:45:41.888+0700] {logging_mixin.py:190} INFO - [2024-10-21T20:45:41.888+0700] {dag.py:4180} INFO - Setting next_dagrun for example_params_trigger_ui to None, run_after=None
[2024-10-21T20:45:41.921+0700] {processor.py:208} INFO - Processing /Users/punny/Documents/GitHub/NYC-Taxi-ETL-Pipeline/.venv/lib/python3.10/site-packages/airflow/example_dags/example_params_trigger_ui.py took 0.482 seconds
[2024-10-21T20:49:34.498+0700] {processor.py:186} INFO - Started process (PID=5406) to work on /Users/punny/Documents/GitHub/NYC-Taxi-ETL-Pipeline/.venv/lib/python3.10/site-packages/airflow/example_dags/example_params_trigger_ui.py
[2024-10-21T20:49:34.502+0700] {processor.py:914} INFO - Processing file /Users/punny/Documents/GitHub/NYC-Taxi-ETL-Pipeline/.venv/lib/python3.10/site-packages/airflow/example_dags/example_params_trigger_ui.py for tasks to queue
[2024-10-21T20:49:34.503+0700] {logging_mixin.py:190} INFO - [2024-10-21T20:49:34.503+0700] {dagbag.py:588} INFO - Filling up the DagBag from /Users/punny/Documents/GitHub/NYC-Taxi-ETL-Pipeline/.venv/lib/python3.10/site-packages/airflow/example_dags/example_params_trigger_ui.py
[2024-10-21T20:49:34.551+0700] {processor.py:925} INFO - DAG(s) 'example_params_trigger_ui' retrieved from /Users/punny/Documents/GitHub/NYC-Taxi-ETL-Pipeline/.venv/lib/python3.10/site-packages/airflow/example_dags/example_params_trigger_ui.py
[2024-10-21T20:49:34.779+0700] {logging_mixin.py:190} INFO - [2024-10-21T20:49:34.778+0700] {dag.py:3239} INFO - Sync 1 DAGs
[2024-10-21T20:49:34.794+0700] {logging_mixin.py:190} INFO - [2024-10-21T20:49:34.794+0700] {dag.py:4180} INFO - Setting next_dagrun for example_params_trigger_ui to None, run_after=None
[2024-10-21T20:49:34.818+0700] {processor.py:208} INFO - Processing /Users/punny/Documents/GitHub/NYC-Taxi-ETL-Pipeline/.venv/lib/python3.10/site-packages/airflow/example_dags/example_params_trigger_ui.py took 0.327 seconds
[2024-10-21T20:57:29.200+0700] {processor.py:186} INFO - Started process (PID=6269) to work on /Users/punny/Documents/GitHub/NYC-Taxi-ETL-Pipeline/.venv/lib/python3.10/site-packages/airflow/example_dags/example_params_trigger_ui.py
[2024-10-21T20:57:29.204+0700] {processor.py:914} INFO - Processing file /Users/punny/Documents/GitHub/NYC-Taxi-ETL-Pipeline/.venv/lib/python3.10/site-packages/airflow/example_dags/example_params_trigger_ui.py for tasks to queue
[2024-10-21T20:57:29.206+0700] {logging_mixin.py:190} INFO - [2024-10-21T20:57:29.205+0700] {dagbag.py:588} INFO - Filling up the DagBag from /Users/punny/Documents/GitHub/NYC-Taxi-ETL-Pipeline/.venv/lib/python3.10/site-packages/airflow/example_dags/example_params_trigger_ui.py
[2024-10-21T20:57:29.265+0700] {processor.py:925} INFO - DAG(s) 'example_params_trigger_ui' retrieved from /Users/punny/Documents/GitHub/NYC-Taxi-ETL-Pipeline/.venv/lib/python3.10/site-packages/airflow/example_dags/example_params_trigger_ui.py
[2024-10-21T20:57:29.543+0700] {logging_mixin.py:190} INFO - [2024-10-21T20:57:29.542+0700] {dag.py:3239} INFO - Sync 1 DAGs
[2024-10-21T20:57:29.562+0700] {logging_mixin.py:190} INFO - [2024-10-21T20:57:29.561+0700] {dag.py:4180} INFO - Setting next_dagrun for example_params_trigger_ui to None, run_after=None
[2024-10-21T20:57:29.590+0700] {processor.py:208} INFO - Processing /Users/punny/Documents/GitHub/NYC-Taxi-ETL-Pipeline/.venv/lib/python3.10/site-packages/airflow/example_dags/example_params_trigger_ui.py took 0.400 seconds
[2024-10-21T21:01:40.477+0700] {processor.py:186} INFO - Started process (PID=6509) to work on /Users/punny/Documents/GitHub/NYC-Taxi-ETL-Pipeline/.venv/lib/python3.10/site-packages/airflow/example_dags/example_params_trigger_ui.py
[2024-10-21T21:01:40.485+0700] {processor.py:914} INFO - Processing file /Users/punny/Documents/GitHub/NYC-Taxi-ETL-Pipeline/.venv/lib/python3.10/site-packages/airflow/example_dags/example_params_trigger_ui.py for tasks to queue
[2024-10-21T21:01:40.489+0700] {logging_mixin.py:190} INFO - [2024-10-21T21:01:40.489+0700] {dagbag.py:588} INFO - Filling up the DagBag from /Users/punny/Documents/GitHub/NYC-Taxi-ETL-Pipeline/.venv/lib/python3.10/site-packages/airflow/example_dags/example_params_trigger_ui.py
[2024-10-21T21:01:40.619+0700] {processor.py:925} INFO - DAG(s) 'example_params_trigger_ui' retrieved from /Users/punny/Documents/GitHub/NYC-Taxi-ETL-Pipeline/.venv/lib/python3.10/site-packages/airflow/example_dags/example_params_trigger_ui.py
[2024-10-21T21:01:41.124+0700] {logging_mixin.py:190} INFO - [2024-10-21T21:01:41.123+0700] {dag.py:3239} INFO - Sync 1 DAGs
[2024-10-21T21:01:41.162+0700] {logging_mixin.py:190} INFO - [2024-10-21T21:01:41.161+0700] {dag.py:4180} INFO - Setting next_dagrun for example_params_trigger_ui to None, run_after=None
[2024-10-21T21:01:41.222+0700] {processor.py:208} INFO - Processing /Users/punny/Documents/GitHub/NYC-Taxi-ETL-Pipeline/.venv/lib/python3.10/site-packages/airflow/example_dags/example_params_trigger_ui.py took 0.762 seconds
[2024-10-21T21:05:21.548+0700] {processor.py:186} INFO - Started process (PID=6837) to work on /Users/punny/Documents/GitHub/NYC-Taxi-ETL-Pipeline/.venv/lib/python3.10/site-packages/airflow/example_dags/example_params_trigger_ui.py
[2024-10-21T21:05:21.551+0700] {processor.py:914} INFO - Processing file /Users/punny/Documents/GitHub/NYC-Taxi-ETL-Pipeline/.venv/lib/python3.10/site-packages/airflow/example_dags/example_params_trigger_ui.py for tasks to queue
[2024-10-21T21:05:21.552+0700] {logging_mixin.py:190} INFO - [2024-10-21T21:05:21.552+0700] {dagbag.py:588} INFO - Filling up the DagBag from /Users/punny/Documents/GitHub/NYC-Taxi-ETL-Pipeline/.venv/lib/python3.10/site-packages/airflow/example_dags/example_params_trigger_ui.py
[2024-10-21T21:05:21.600+0700] {processor.py:925} INFO - DAG(s) 'example_params_trigger_ui' retrieved from /Users/punny/Documents/GitHub/NYC-Taxi-ETL-Pipeline/.venv/lib/python3.10/site-packages/airflow/example_dags/example_params_trigger_ui.py
[2024-10-21T21:05:21.831+0700] {logging_mixin.py:190} INFO - [2024-10-21T21:05:21.830+0700] {dag.py:3239} INFO - Sync 1 DAGs
[2024-10-21T21:05:21.846+0700] {logging_mixin.py:190} INFO - [2024-10-21T21:05:21.846+0700] {dag.py:4180} INFO - Setting next_dagrun for example_params_trigger_ui to None, run_after=None
[2024-10-21T21:05:21.869+0700] {processor.py:208} INFO - Processing /Users/punny/Documents/GitHub/NYC-Taxi-ETL-Pipeline/.venv/lib/python3.10/site-packages/airflow/example_dags/example_params_trigger_ui.py took 0.328 seconds
[2024-10-21T21:09:02.745+0700] {processor.py:186} INFO - Started process (PID=7123) to work on /Users/punny/Documents/GitHub/NYC-Taxi-ETL-Pipeline/.venv/lib/python3.10/site-packages/airflow/example_dags/example_params_trigger_ui.py
[2024-10-21T21:09:02.757+0700] {processor.py:914} INFO - Processing file /Users/punny/Documents/GitHub/NYC-Taxi-ETL-Pipeline/.venv/lib/python3.10/site-packages/airflow/example_dags/example_params_trigger_ui.py for tasks to queue
[2024-10-21T21:09:02.758+0700] {logging_mixin.py:190} INFO - [2024-10-21T21:09:02.758+0700] {dagbag.py:588} INFO - Filling up the DagBag from /Users/punny/Documents/GitHub/NYC-Taxi-ETL-Pipeline/.venv/lib/python3.10/site-packages/airflow/example_dags/example_params_trigger_ui.py
[2024-10-21T21:09:02.832+0700] {processor.py:925} INFO - DAG(s) 'example_params_trigger_ui' retrieved from /Users/punny/Documents/GitHub/NYC-Taxi-ETL-Pipeline/.venv/lib/python3.10/site-packages/airflow/example_dags/example_params_trigger_ui.py
[2024-10-21T21:09:03.203+0700] {logging_mixin.py:190} INFO - [2024-10-21T21:09:03.203+0700] {dag.py:3239} INFO - Sync 1 DAGs
[2024-10-21T21:09:03.225+0700] {logging_mixin.py:190} INFO - [2024-10-21T21:09:03.225+0700] {dag.py:4180} INFO - Setting next_dagrun for example_params_trigger_ui to None, run_after=None
[2024-10-21T21:09:03.263+0700] {processor.py:208} INFO - Processing /Users/punny/Documents/GitHub/NYC-Taxi-ETL-Pipeline/.venv/lib/python3.10/site-packages/airflow/example_dags/example_params_trigger_ui.py took 0.532 seconds
[2024-10-21T21:12:02.138+0700] {processor.py:186} INFO - Started process (PID=7291) to work on /Users/punny/Documents/GitHub/NYC-Taxi-ETL-Pipeline/.venv/lib/python3.10/site-packages/airflow/example_dags/example_params_trigger_ui.py
[2024-10-21T21:12:02.143+0700] {processor.py:914} INFO - Processing file /Users/punny/Documents/GitHub/NYC-Taxi-ETL-Pipeline/.venv/lib/python3.10/site-packages/airflow/example_dags/example_params_trigger_ui.py for tasks to queue
[2024-10-21T21:12:02.144+0700] {logging_mixin.py:190} INFO - [2024-10-21T21:12:02.144+0700] {dagbag.py:588} INFO - Filling up the DagBag from /Users/punny/Documents/GitHub/NYC-Taxi-ETL-Pipeline/.venv/lib/python3.10/site-packages/airflow/example_dags/example_params_trigger_ui.py
[2024-10-21T21:12:02.193+0700] {processor.py:925} INFO - DAG(s) 'example_params_trigger_ui' retrieved from /Users/punny/Documents/GitHub/NYC-Taxi-ETL-Pipeline/.venv/lib/python3.10/site-packages/airflow/example_dags/example_params_trigger_ui.py
[2024-10-21T21:12:02.414+0700] {logging_mixin.py:190} INFO - [2024-10-21T21:12:02.413+0700] {dag.py:3239} INFO - Sync 1 DAGs
[2024-10-21T21:12:02.429+0700] {logging_mixin.py:190} INFO - [2024-10-21T21:12:02.428+0700] {dag.py:4180} INFO - Setting next_dagrun for example_params_trigger_ui to None, run_after=None
[2024-10-21T21:12:02.452+0700] {processor.py:208} INFO - Processing /Users/punny/Documents/GitHub/NYC-Taxi-ETL-Pipeline/.venv/lib/python3.10/site-packages/airflow/example_dags/example_params_trigger_ui.py took 0.323 seconds
[2024-10-21T21:15:13.693+0700] {processor.py:186} INFO - Started process (PID=7666) to work on /Users/punny/Documents/GitHub/NYC-Taxi-ETL-Pipeline/.venv/lib/python3.10/site-packages/airflow/example_dags/example_params_trigger_ui.py
[2024-10-21T21:15:13.698+0700] {processor.py:914} INFO - Processing file /Users/punny/Documents/GitHub/NYC-Taxi-ETL-Pipeline/.venv/lib/python3.10/site-packages/airflow/example_dags/example_params_trigger_ui.py for tasks to queue
[2024-10-21T21:15:13.699+0700] {logging_mixin.py:190} INFO - [2024-10-21T21:15:13.699+0700] {dagbag.py:588} INFO - Filling up the DagBag from /Users/punny/Documents/GitHub/NYC-Taxi-ETL-Pipeline/.venv/lib/python3.10/site-packages/airflow/example_dags/example_params_trigger_ui.py
[2024-10-21T21:15:13.771+0700] {processor.py:925} INFO - DAG(s) 'example_params_trigger_ui' retrieved from /Users/punny/Documents/GitHub/NYC-Taxi-ETL-Pipeline/.venv/lib/python3.10/site-packages/airflow/example_dags/example_params_trigger_ui.py
[2024-10-21T21:15:14.068+0700] {logging_mixin.py:190} INFO - [2024-10-21T21:15:14.067+0700] {dag.py:3239} INFO - Sync 1 DAGs
[2024-10-21T21:15:14.093+0700] {logging_mixin.py:190} INFO - [2024-10-21T21:15:14.092+0700] {dag.py:4180} INFO - Setting next_dagrun for example_params_trigger_ui to None, run_after=None
[2024-10-21T21:15:14.122+0700] {processor.py:208} INFO - Processing /Users/punny/Documents/GitHub/NYC-Taxi-ETL-Pipeline/.venv/lib/python3.10/site-packages/airflow/example_dags/example_params_trigger_ui.py took 0.438 seconds
[2024-10-21T21:18:38.003+0700] {processor.py:186} INFO - Started process (PID=7962) to work on /Users/punny/Documents/GitHub/NYC-Taxi-ETL-Pipeline/.venv/lib/python3.10/site-packages/airflow/example_dags/example_params_trigger_ui.py
[2024-10-21T21:18:38.008+0700] {processor.py:914} INFO - Processing file /Users/punny/Documents/GitHub/NYC-Taxi-ETL-Pipeline/.venv/lib/python3.10/site-packages/airflow/example_dags/example_params_trigger_ui.py for tasks to queue
[2024-10-21T21:18:38.010+0700] {logging_mixin.py:190} INFO - [2024-10-21T21:18:38.010+0700] {dagbag.py:588} INFO - Filling up the DagBag from /Users/punny/Documents/GitHub/NYC-Taxi-ETL-Pipeline/.venv/lib/python3.10/site-packages/airflow/example_dags/example_params_trigger_ui.py
[2024-10-21T21:18:38.079+0700] {processor.py:925} INFO - DAG(s) 'example_params_trigger_ui' retrieved from /Users/punny/Documents/GitHub/NYC-Taxi-ETL-Pipeline/.venv/lib/python3.10/site-packages/airflow/example_dags/example_params_trigger_ui.py
[2024-10-21T21:18:38.339+0700] {logging_mixin.py:190} INFO - [2024-10-21T21:18:38.339+0700] {dag.py:3239} INFO - Sync 1 DAGs
[2024-10-21T21:18:38.359+0700] {logging_mixin.py:190} INFO - [2024-10-21T21:18:38.359+0700] {dag.py:4180} INFO - Setting next_dagrun for example_params_trigger_ui to None, run_after=None
[2024-10-21T21:18:38.391+0700] {processor.py:208} INFO - Processing /Users/punny/Documents/GitHub/NYC-Taxi-ETL-Pipeline/.venv/lib/python3.10/site-packages/airflow/example_dags/example_params_trigger_ui.py took 0.398 seconds
[2024-10-21T21:21:29.323+0700] {processor.py:186} INFO - Started process (PID=8120) to work on /Users/punny/Documents/GitHub/NYC-Taxi-ETL-Pipeline/.venv/lib/python3.10/site-packages/airflow/example_dags/example_params_trigger_ui.py
[2024-10-21T21:21:29.326+0700] {processor.py:914} INFO - Processing file /Users/punny/Documents/GitHub/NYC-Taxi-ETL-Pipeline/.venv/lib/python3.10/site-packages/airflow/example_dags/example_params_trigger_ui.py for tasks to queue
[2024-10-21T21:21:29.327+0700] {logging_mixin.py:190} INFO - [2024-10-21T21:21:29.327+0700] {dagbag.py:588} INFO - Filling up the DagBag from /Users/punny/Documents/GitHub/NYC-Taxi-ETL-Pipeline/.venv/lib/python3.10/site-packages/airflow/example_dags/example_params_trigger_ui.py
[2024-10-21T21:21:29.374+0700] {processor.py:925} INFO - DAG(s) 'example_params_trigger_ui' retrieved from /Users/punny/Documents/GitHub/NYC-Taxi-ETL-Pipeline/.venv/lib/python3.10/site-packages/airflow/example_dags/example_params_trigger_ui.py
[2024-10-21T21:21:29.596+0700] {logging_mixin.py:190} INFO - [2024-10-21T21:21:29.595+0700] {dag.py:3239} INFO - Sync 1 DAGs
[2024-10-21T21:21:29.610+0700] {logging_mixin.py:190} INFO - [2024-10-21T21:21:29.610+0700] {dag.py:4180} INFO - Setting next_dagrun for example_params_trigger_ui to None, run_after=None
[2024-10-21T21:21:29.631+0700] {processor.py:208} INFO - Processing /Users/punny/Documents/GitHub/NYC-Taxi-ETL-Pipeline/.venv/lib/python3.10/site-packages/airflow/example_dags/example_params_trigger_ui.py took 0.316 seconds
[2024-10-21T21:24:26.898+0700] {processor.py:186} INFO - Started process (PID=8390) to work on /Users/punny/Documents/GitHub/NYC-Taxi-ETL-Pipeline/.venv/lib/python3.10/site-packages/airflow/example_dags/example_params_trigger_ui.py
[2024-10-21T21:24:26.901+0700] {processor.py:914} INFO - Processing file /Users/punny/Documents/GitHub/NYC-Taxi-ETL-Pipeline/.venv/lib/python3.10/site-packages/airflow/example_dags/example_params_trigger_ui.py for tasks to queue
[2024-10-21T21:24:26.902+0700] {logging_mixin.py:190} INFO - [2024-10-21T21:24:26.902+0700] {dagbag.py:588} INFO - Filling up the DagBag from /Users/punny/Documents/GitHub/NYC-Taxi-ETL-Pipeline/.venv/lib/python3.10/site-packages/airflow/example_dags/example_params_trigger_ui.py
[2024-10-21T21:24:26.958+0700] {processor.py:925} INFO - DAG(s) 'example_params_trigger_ui' retrieved from /Users/punny/Documents/GitHub/NYC-Taxi-ETL-Pipeline/.venv/lib/python3.10/site-packages/airflow/example_dags/example_params_trigger_ui.py
[2024-10-21T21:24:27.205+0700] {logging_mixin.py:190} INFO - [2024-10-21T21:24:27.205+0700] {dag.py:3239} INFO - Sync 1 DAGs
[2024-10-21T21:24:27.222+0700] {logging_mixin.py:190} INFO - [2024-10-21T21:24:27.221+0700] {dag.py:4180} INFO - Setting next_dagrun for example_params_trigger_ui to None, run_after=None
[2024-10-21T21:24:27.245+0700] {processor.py:208} INFO - Processing /Users/punny/Documents/GitHub/NYC-Taxi-ETL-Pipeline/.venv/lib/python3.10/site-packages/airflow/example_dags/example_params_trigger_ui.py took 0.356 seconds
[2024-10-21T21:27:59.897+0700] {processor.py:186} INFO - Started process (PID=8749) to work on /Users/punny/Documents/GitHub/NYC-Taxi-ETL-Pipeline/.venv/lib/python3.10/site-packages/airflow/example_dags/example_params_trigger_ui.py
[2024-10-21T21:27:59.902+0700] {processor.py:914} INFO - Processing file /Users/punny/Documents/GitHub/NYC-Taxi-ETL-Pipeline/.venv/lib/python3.10/site-packages/airflow/example_dags/example_params_trigger_ui.py for tasks to queue
[2024-10-21T21:27:59.904+0700] {logging_mixin.py:190} INFO - [2024-10-21T21:27:59.903+0700] {dagbag.py:588} INFO - Filling up the DagBag from /Users/punny/Documents/GitHub/NYC-Taxi-ETL-Pipeline/.venv/lib/python3.10/site-packages/airflow/example_dags/example_params_trigger_ui.py
[2024-10-21T21:27:59.960+0700] {processor.py:925} INFO - DAG(s) 'example_params_trigger_ui' retrieved from /Users/punny/Documents/GitHub/NYC-Taxi-ETL-Pipeline/.venv/lib/python3.10/site-packages/airflow/example_dags/example_params_trigger_ui.py
[2024-10-21T21:28:00.209+0700] {logging_mixin.py:190} INFO - [2024-10-21T21:28:00.208+0700] {dag.py:3239} INFO - Sync 1 DAGs
[2024-10-21T21:28:00.224+0700] {logging_mixin.py:190} INFO - [2024-10-21T21:28:00.223+0700] {dag.py:4180} INFO - Setting next_dagrun for example_params_trigger_ui to None, run_after=None
[2024-10-21T21:28:00.246+0700] {processor.py:208} INFO - Processing /Users/punny/Documents/GitHub/NYC-Taxi-ETL-Pipeline/.venv/lib/python3.10/site-packages/airflow/example_dags/example_params_trigger_ui.py took 0.357 seconds
[2024-10-21T21:30:55.043+0700] {processor.py:186} INFO - Started process (PID=8977) to work on /Users/punny/Documents/GitHub/NYC-Taxi-ETL-Pipeline/.venv/lib/python3.10/site-packages/airflow/example_dags/example_params_trigger_ui.py
[2024-10-21T21:30:55.046+0700] {processor.py:914} INFO - Processing file /Users/punny/Documents/GitHub/NYC-Taxi-ETL-Pipeline/.venv/lib/python3.10/site-packages/airflow/example_dags/example_params_trigger_ui.py for tasks to queue
[2024-10-21T21:30:55.047+0700] {logging_mixin.py:190} INFO - [2024-10-21T21:30:55.047+0700] {dagbag.py:588} INFO - Filling up the DagBag from /Users/punny/Documents/GitHub/NYC-Taxi-ETL-Pipeline/.venv/lib/python3.10/site-packages/airflow/example_dags/example_params_trigger_ui.py
[2024-10-21T21:30:55.094+0700] {processor.py:925} INFO - DAG(s) 'example_params_trigger_ui' retrieved from /Users/punny/Documents/GitHub/NYC-Taxi-ETL-Pipeline/.venv/lib/python3.10/site-packages/airflow/example_dags/example_params_trigger_ui.py
[2024-10-21T21:30:55.309+0700] {logging_mixin.py:190} INFO - [2024-10-21T21:30:55.309+0700] {dag.py:3239} INFO - Sync 1 DAGs
[2024-10-21T21:30:55.324+0700] {logging_mixin.py:190} INFO - [2024-10-21T21:30:55.324+0700] {dag.py:4180} INFO - Setting next_dagrun for example_params_trigger_ui to None, run_after=None
[2024-10-21T21:30:55.348+0700] {processor.py:208} INFO - Processing /Users/punny/Documents/GitHub/NYC-Taxi-ETL-Pipeline/.venv/lib/python3.10/site-packages/airflow/example_dags/example_params_trigger_ui.py took 0.312 seconds
[2024-10-21T21:33:46.073+0700] {processor.py:186} INFO - Started process (PID=9185) to work on /Users/punny/Documents/GitHub/NYC-Taxi-ETL-Pipeline/.venv/lib/python3.10/site-packages/airflow/example_dags/example_params_trigger_ui.py
[2024-10-21T21:33:46.076+0700] {processor.py:914} INFO - Processing file /Users/punny/Documents/GitHub/NYC-Taxi-ETL-Pipeline/.venv/lib/python3.10/site-packages/airflow/example_dags/example_params_trigger_ui.py for tasks to queue
[2024-10-21T21:33:46.077+0700] {logging_mixin.py:190} INFO - [2024-10-21T21:33:46.077+0700] {dagbag.py:588} INFO - Filling up the DagBag from /Users/punny/Documents/GitHub/NYC-Taxi-ETL-Pipeline/.venv/lib/python3.10/site-packages/airflow/example_dags/example_params_trigger_ui.py
[2024-10-21T21:33:46.124+0700] {processor.py:925} INFO - DAG(s) 'example_params_trigger_ui' retrieved from /Users/punny/Documents/GitHub/NYC-Taxi-ETL-Pipeline/.venv/lib/python3.10/site-packages/airflow/example_dags/example_params_trigger_ui.py
[2024-10-21T21:33:46.336+0700] {logging_mixin.py:190} INFO - [2024-10-21T21:33:46.335+0700] {dag.py:3239} INFO - Sync 1 DAGs
[2024-10-21T21:33:46.350+0700] {logging_mixin.py:190} INFO - [2024-10-21T21:33:46.350+0700] {dag.py:4180} INFO - Setting next_dagrun for example_params_trigger_ui to None, run_after=None
[2024-10-21T21:33:46.371+0700] {processor.py:208} INFO - Processing /Users/punny/Documents/GitHub/NYC-Taxi-ETL-Pipeline/.venv/lib/python3.10/site-packages/airflow/example_dags/example_params_trigger_ui.py took 0.305 seconds
[2024-10-21T21:36:41.722+0700] {processor.py:186} INFO - Started process (PID=9426) to work on /Users/punny/Documents/GitHub/NYC-Taxi-ETL-Pipeline/.venv/lib/python3.10/site-packages/airflow/example_dags/example_params_trigger_ui.py
[2024-10-21T21:36:41.726+0700] {processor.py:914} INFO - Processing file /Users/punny/Documents/GitHub/NYC-Taxi-ETL-Pipeline/.venv/lib/python3.10/site-packages/airflow/example_dags/example_params_trigger_ui.py for tasks to queue
[2024-10-21T21:36:41.728+0700] {logging_mixin.py:190} INFO - [2024-10-21T21:36:41.727+0700] {dagbag.py:588} INFO - Filling up the DagBag from /Users/punny/Documents/GitHub/NYC-Taxi-ETL-Pipeline/.venv/lib/python3.10/site-packages/airflow/example_dags/example_params_trigger_ui.py
[2024-10-21T21:36:41.777+0700] {processor.py:925} INFO - DAG(s) 'example_params_trigger_ui' retrieved from /Users/punny/Documents/GitHub/NYC-Taxi-ETL-Pipeline/.venv/lib/python3.10/site-packages/airflow/example_dags/example_params_trigger_ui.py
[2024-10-21T21:36:42.022+0700] {logging_mixin.py:190} INFO - [2024-10-21T21:36:42.021+0700] {dag.py:3239} INFO - Sync 1 DAGs
[2024-10-21T21:36:42.037+0700] {logging_mixin.py:190} INFO - [2024-10-21T21:36:42.037+0700] {dag.py:4180} INFO - Setting next_dagrun for example_params_trigger_ui to None, run_after=None
[2024-10-21T21:36:42.060+0700] {processor.py:208} INFO - Processing /Users/punny/Documents/GitHub/NYC-Taxi-ETL-Pipeline/.venv/lib/python3.10/site-packages/airflow/example_dags/example_params_trigger_ui.py took 0.346 seconds
[2024-10-21T21:40:46.760+0700] {processor.py:186} INFO - Started process (PID=9854) to work on /Users/punny/Documents/GitHub/NYC-Taxi-ETL-Pipeline/.venv/lib/python3.10/site-packages/airflow/example_dags/example_params_trigger_ui.py
[2024-10-21T21:40:46.763+0700] {processor.py:914} INFO - Processing file /Users/punny/Documents/GitHub/NYC-Taxi-ETL-Pipeline/.venv/lib/python3.10/site-packages/airflow/example_dags/example_params_trigger_ui.py for tasks to queue
[2024-10-21T21:40:46.764+0700] {logging_mixin.py:190} INFO - [2024-10-21T21:40:46.764+0700] {dagbag.py:588} INFO - Filling up the DagBag from /Users/punny/Documents/GitHub/NYC-Taxi-ETL-Pipeline/.venv/lib/python3.10/site-packages/airflow/example_dags/example_params_trigger_ui.py
[2024-10-21T21:40:46.809+0700] {processor.py:925} INFO - DAG(s) 'example_params_trigger_ui' retrieved from /Users/punny/Documents/GitHub/NYC-Taxi-ETL-Pipeline/.venv/lib/python3.10/site-packages/airflow/example_dags/example_params_trigger_ui.py
[2024-10-21T21:40:47.035+0700] {logging_mixin.py:190} INFO - [2024-10-21T21:40:47.035+0700] {dag.py:3239} INFO - Sync 1 DAGs
[2024-10-21T21:40:47.050+0700] {logging_mixin.py:190} INFO - [2024-10-21T21:40:47.050+0700] {dag.py:4180} INFO - Setting next_dagrun for example_params_trigger_ui to None, run_after=None
[2024-10-21T21:40:47.074+0700] {processor.py:208} INFO - Processing /Users/punny/Documents/GitHub/NYC-Taxi-ETL-Pipeline/.venv/lib/python3.10/site-packages/airflow/example_dags/example_params_trigger_ui.py took 0.322 seconds
[2024-10-21T21:44:15.326+0700] {processor.py:186} INFO - Started process (PID=10159) to work on /Users/punny/Documents/GitHub/NYC-Taxi-ETL-Pipeline/.venv/lib/python3.10/site-packages/airflow/example_dags/example_params_trigger_ui.py
[2024-10-21T21:44:15.330+0700] {processor.py:914} INFO - Processing file /Users/punny/Documents/GitHub/NYC-Taxi-ETL-Pipeline/.venv/lib/python3.10/site-packages/airflow/example_dags/example_params_trigger_ui.py for tasks to queue
[2024-10-21T21:44:15.332+0700] {logging_mixin.py:190} INFO - [2024-10-21T21:44:15.332+0700] {dagbag.py:588} INFO - Filling up the DagBag from /Users/punny/Documents/GitHub/NYC-Taxi-ETL-Pipeline/.venv/lib/python3.10/site-packages/airflow/example_dags/example_params_trigger_ui.py
[2024-10-21T21:44:15.384+0700] {processor.py:925} INFO - DAG(s) 'example_params_trigger_ui' retrieved from /Users/punny/Documents/GitHub/NYC-Taxi-ETL-Pipeline/.venv/lib/python3.10/site-packages/airflow/example_dags/example_params_trigger_ui.py
[2024-10-21T21:44:15.613+0700] {logging_mixin.py:190} INFO - [2024-10-21T21:44:15.612+0700] {dag.py:3239} INFO - Sync 1 DAGs
[2024-10-21T21:44:15.627+0700] {logging_mixin.py:190} INFO - [2024-10-21T21:44:15.627+0700] {dag.py:4180} INFO - Setting next_dagrun for example_params_trigger_ui to None, run_after=None
[2024-10-21T21:44:15.648+0700] {processor.py:208} INFO - Processing /Users/punny/Documents/GitHub/NYC-Taxi-ETL-Pipeline/.venv/lib/python3.10/site-packages/airflow/example_dags/example_params_trigger_ui.py took 0.331 seconds
[2024-10-21T21:47:31.804+0700] {processor.py:186} INFO - Started process (PID=10487) to work on /Users/punny/Documents/GitHub/NYC-Taxi-ETL-Pipeline/.venv/lib/python3.10/site-packages/airflow/example_dags/example_params_trigger_ui.py
[2024-10-21T21:47:31.807+0700] {processor.py:914} INFO - Processing file /Users/punny/Documents/GitHub/NYC-Taxi-ETL-Pipeline/.venv/lib/python3.10/site-packages/airflow/example_dags/example_params_trigger_ui.py for tasks to queue
[2024-10-21T21:47:31.808+0700] {logging_mixin.py:190} INFO - [2024-10-21T21:47:31.808+0700] {dagbag.py:588} INFO - Filling up the DagBag from /Users/punny/Documents/GitHub/NYC-Taxi-ETL-Pipeline/.venv/lib/python3.10/site-packages/airflow/example_dags/example_params_trigger_ui.py
[2024-10-21T21:47:31.860+0700] {processor.py:925} INFO - DAG(s) 'example_params_trigger_ui' retrieved from /Users/punny/Documents/GitHub/NYC-Taxi-ETL-Pipeline/.venv/lib/python3.10/site-packages/airflow/example_dags/example_params_trigger_ui.py
[2024-10-21T21:47:32.102+0700] {logging_mixin.py:190} INFO - [2024-10-21T21:47:32.101+0700] {dag.py:3239} INFO - Sync 1 DAGs
[2024-10-21T21:47:32.117+0700] {logging_mixin.py:190} INFO - [2024-10-21T21:47:32.116+0700] {dag.py:4180} INFO - Setting next_dagrun for example_params_trigger_ui to None, run_after=None
[2024-10-21T21:47:32.139+0700] {processor.py:208} INFO - Processing /Users/punny/Documents/GitHub/NYC-Taxi-ETL-Pipeline/.venv/lib/python3.10/site-packages/airflow/example_dags/example_params_trigger_ui.py took 0.343 seconds
[2024-10-21T21:51:58.265+0700] {processor.py:186} INFO - Started process (PID=10829) to work on /Users/punny/Documents/GitHub/NYC-Taxi-ETL-Pipeline/.venv/lib/python3.10/site-packages/airflow/example_dags/example_params_trigger_ui.py
[2024-10-21T21:51:58.269+0700] {processor.py:914} INFO - Processing file /Users/punny/Documents/GitHub/NYC-Taxi-ETL-Pipeline/.venv/lib/python3.10/site-packages/airflow/example_dags/example_params_trigger_ui.py for tasks to queue
[2024-10-21T21:51:58.270+0700] {logging_mixin.py:190} INFO - [2024-10-21T21:51:58.269+0700] {dagbag.py:588} INFO - Filling up the DagBag from /Users/punny/Documents/GitHub/NYC-Taxi-ETL-Pipeline/.venv/lib/python3.10/site-packages/airflow/example_dags/example_params_trigger_ui.py
[2024-10-21T21:51:58.316+0700] {processor.py:925} INFO - DAG(s) 'example_params_trigger_ui' retrieved from /Users/punny/Documents/GitHub/NYC-Taxi-ETL-Pipeline/.venv/lib/python3.10/site-packages/airflow/example_dags/example_params_trigger_ui.py
[2024-10-21T21:51:58.543+0700] {logging_mixin.py:190} INFO - [2024-10-21T21:51:58.543+0700] {dag.py:3239} INFO - Sync 1 DAGs
[2024-10-21T21:51:58.558+0700] {logging_mixin.py:190} INFO - [2024-10-21T21:51:58.558+0700] {dag.py:4180} INFO - Setting next_dagrun for example_params_trigger_ui to None, run_after=None
[2024-10-21T21:51:58.580+0700] {processor.py:208} INFO - Processing /Users/punny/Documents/GitHub/NYC-Taxi-ETL-Pipeline/.venv/lib/python3.10/site-packages/airflow/example_dags/example_params_trigger_ui.py took 0.323 seconds
[2024-10-21T21:56:31.812+0700] {processor.py:186} INFO - Started process (PID=11372) to work on /Users/punny/Documents/GitHub/NYC-Taxi-ETL-Pipeline/.venv/lib/python3.10/site-packages/airflow/example_dags/example_params_trigger_ui.py
[2024-10-21T21:56:31.815+0700] {processor.py:914} INFO - Processing file /Users/punny/Documents/GitHub/NYC-Taxi-ETL-Pipeline/.venv/lib/python3.10/site-packages/airflow/example_dags/example_params_trigger_ui.py for tasks to queue
[2024-10-21T21:56:31.816+0700] {logging_mixin.py:190} INFO - [2024-10-21T21:56:31.816+0700] {dagbag.py:588} INFO - Filling up the DagBag from /Users/punny/Documents/GitHub/NYC-Taxi-ETL-Pipeline/.venv/lib/python3.10/site-packages/airflow/example_dags/example_params_trigger_ui.py
[2024-10-21T21:56:31.864+0700] {processor.py:925} INFO - DAG(s) 'example_params_trigger_ui' retrieved from /Users/punny/Documents/GitHub/NYC-Taxi-ETL-Pipeline/.venv/lib/python3.10/site-packages/airflow/example_dags/example_params_trigger_ui.py
[2024-10-21T21:56:32.084+0700] {logging_mixin.py:190} INFO - [2024-10-21T21:56:32.084+0700] {dag.py:3239} INFO - Sync 1 DAGs
[2024-10-21T21:56:32.099+0700] {logging_mixin.py:190} INFO - [2024-10-21T21:56:32.099+0700] {dag.py:4180} INFO - Setting next_dagrun for example_params_trigger_ui to None, run_after=None
[2024-10-21T21:56:32.121+0700] {processor.py:208} INFO - Processing /Users/punny/Documents/GitHub/NYC-Taxi-ETL-Pipeline/.venv/lib/python3.10/site-packages/airflow/example_dags/example_params_trigger_ui.py took 0.315 seconds
[2024-10-21T22:00:21.195+0700] {processor.py:186} INFO - Started process (PID=11788) to work on /Users/punny/Documents/GitHub/NYC-Taxi-ETL-Pipeline/.venv/lib/python3.10/site-packages/airflow/example_dags/example_params_trigger_ui.py
[2024-10-21T22:00:21.199+0700] {processor.py:914} INFO - Processing file /Users/punny/Documents/GitHub/NYC-Taxi-ETL-Pipeline/.venv/lib/python3.10/site-packages/airflow/example_dags/example_params_trigger_ui.py for tasks to queue
[2024-10-21T22:00:21.201+0700] {logging_mixin.py:190} INFO - [2024-10-21T22:00:21.201+0700] {dagbag.py:588} INFO - Filling up the DagBag from /Users/punny/Documents/GitHub/NYC-Taxi-ETL-Pipeline/.venv/lib/python3.10/site-packages/airflow/example_dags/example_params_trigger_ui.py
[2024-10-21T22:00:21.256+0700] {processor.py:925} INFO - DAG(s) 'example_params_trigger_ui' retrieved from /Users/punny/Documents/GitHub/NYC-Taxi-ETL-Pipeline/.venv/lib/python3.10/site-packages/airflow/example_dags/example_params_trigger_ui.py
[2024-10-21T22:00:21.488+0700] {logging_mixin.py:190} INFO - [2024-10-21T22:00:21.487+0700] {dag.py:3239} INFO - Sync 1 DAGs
[2024-10-21T22:00:21.502+0700] {logging_mixin.py:190} INFO - [2024-10-21T22:00:21.502+0700] {dag.py:4180} INFO - Setting next_dagrun for example_params_trigger_ui to None, run_after=None
[2024-10-21T22:00:21.524+0700] {processor.py:208} INFO - Processing /Users/punny/Documents/GitHub/NYC-Taxi-ETL-Pipeline/.venv/lib/python3.10/site-packages/airflow/example_dags/example_params_trigger_ui.py took 0.338 seconds
[2024-10-21T22:17:23.565+0700] {processor.py:186} INFO - Started process (PID=12092) to work on /Users/punny/Documents/GitHub/NYC-Taxi-ETL-Pipeline/.venv/lib/python3.10/site-packages/airflow/example_dags/example_params_trigger_ui.py
[2024-10-21T22:17:23.568+0700] {processor.py:914} INFO - Processing file /Users/punny/Documents/GitHub/NYC-Taxi-ETL-Pipeline/.venv/lib/python3.10/site-packages/airflow/example_dags/example_params_trigger_ui.py for tasks to queue
[2024-10-21T22:17:23.569+0700] {logging_mixin.py:190} INFO - [2024-10-21T22:17:23.569+0700] {dagbag.py:588} INFO - Filling up the DagBag from /Users/punny/Documents/GitHub/NYC-Taxi-ETL-Pipeline/.venv/lib/python3.10/site-packages/airflow/example_dags/example_params_trigger_ui.py
[2024-10-21T22:17:23.625+0700] {processor.py:925} INFO - DAG(s) 'example_params_trigger_ui' retrieved from /Users/punny/Documents/GitHub/NYC-Taxi-ETL-Pipeline/.venv/lib/python3.10/site-packages/airflow/example_dags/example_params_trigger_ui.py
[2024-10-21T22:17:23.873+0700] {logging_mixin.py:190} INFO - [2024-10-21T22:17:23.873+0700] {dag.py:3239} INFO - Sync 1 DAGs
[2024-10-21T22:17:23.891+0700] {logging_mixin.py:190} INFO - [2024-10-21T22:17:23.891+0700] {dag.py:4180} INFO - Setting next_dagrun for example_params_trigger_ui to None, run_after=None
[2024-10-21T22:17:23.914+0700] {processor.py:208} INFO - Processing /Users/punny/Documents/GitHub/NYC-Taxi-ETL-Pipeline/.venv/lib/python3.10/site-packages/airflow/example_dags/example_params_trigger_ui.py took 0.360 seconds
[2024-10-21T22:20:57.353+0700] {processor.py:186} INFO - Started process (PID=12499) to work on /Users/punny/Documents/GitHub/NYC-Taxi-ETL-Pipeline/.venv/lib/python3.10/site-packages/airflow/example_dags/example_params_trigger_ui.py
[2024-10-21T22:20:57.356+0700] {processor.py:914} INFO - Processing file /Users/punny/Documents/GitHub/NYC-Taxi-ETL-Pipeline/.venv/lib/python3.10/site-packages/airflow/example_dags/example_params_trigger_ui.py for tasks to queue
[2024-10-21T22:20:57.357+0700] {logging_mixin.py:190} INFO - [2024-10-21T22:20:57.357+0700] {dagbag.py:588} INFO - Filling up the DagBag from /Users/punny/Documents/GitHub/NYC-Taxi-ETL-Pipeline/.venv/lib/python3.10/site-packages/airflow/example_dags/example_params_trigger_ui.py
[2024-10-21T22:20:57.405+0700] {processor.py:925} INFO - DAG(s) 'example_params_trigger_ui' retrieved from /Users/punny/Documents/GitHub/NYC-Taxi-ETL-Pipeline/.venv/lib/python3.10/site-packages/airflow/example_dags/example_params_trigger_ui.py
[2024-10-21T22:20:57.665+0700] {logging_mixin.py:190} INFO - [2024-10-21T22:20:57.664+0700] {dag.py:3239} INFO - Sync 1 DAGs
[2024-10-21T22:20:57.680+0700] {logging_mixin.py:190} INFO - [2024-10-21T22:20:57.679+0700] {dag.py:4180} INFO - Setting next_dagrun for example_params_trigger_ui to None, run_after=None
[2024-10-21T22:20:57.707+0700] {processor.py:208} INFO - Processing /Users/punny/Documents/GitHub/NYC-Taxi-ETL-Pipeline/.venv/lib/python3.10/site-packages/airflow/example_dags/example_params_trigger_ui.py took 0.361 seconds
[2024-10-21T22:26:07.782+0700] {processor.py:186} INFO - Started process (PID=13353) to work on /Users/punny/Documents/GitHub/NYC-Taxi-ETL-Pipeline/.venv/lib/python3.10/site-packages/airflow/example_dags/example_params_trigger_ui.py
[2024-10-21T22:26:07.785+0700] {processor.py:914} INFO - Processing file /Users/punny/Documents/GitHub/NYC-Taxi-ETL-Pipeline/.venv/lib/python3.10/site-packages/airflow/example_dags/example_params_trigger_ui.py for tasks to queue
[2024-10-21T22:26:07.786+0700] {logging_mixin.py:190} INFO - [2024-10-21T22:26:07.786+0700] {dagbag.py:588} INFO - Filling up the DagBag from /Users/punny/Documents/GitHub/NYC-Taxi-ETL-Pipeline/.venv/lib/python3.10/site-packages/airflow/example_dags/example_params_trigger_ui.py
[2024-10-21T22:26:07.834+0700] {processor.py:925} INFO - DAG(s) 'example_params_trigger_ui' retrieved from /Users/punny/Documents/GitHub/NYC-Taxi-ETL-Pipeline/.venv/lib/python3.10/site-packages/airflow/example_dags/example_params_trigger_ui.py
[2024-10-21T22:26:08.062+0700] {logging_mixin.py:190} INFO - [2024-10-21T22:26:08.062+0700] {dag.py:3239} INFO - Sync 1 DAGs
[2024-10-21T22:26:08.077+0700] {logging_mixin.py:190} INFO - [2024-10-21T22:26:08.077+0700] {dag.py:4180} INFO - Setting next_dagrun for example_params_trigger_ui to None, run_after=None
[2024-10-21T22:26:08.099+0700] {processor.py:208} INFO - Processing /Users/punny/Documents/GitHub/NYC-Taxi-ETL-Pipeline/.venv/lib/python3.10/site-packages/airflow/example_dags/example_params_trigger_ui.py took 0.327 seconds
[2024-10-21T22:29:19.404+0700] {processor.py:186} INFO - Started process (PID=13599) to work on /Users/punny/Documents/GitHub/NYC-Taxi-ETL-Pipeline/.venv/lib/python3.10/site-packages/airflow/example_dags/example_params_trigger_ui.py
[2024-10-21T22:29:19.408+0700] {processor.py:914} INFO - Processing file /Users/punny/Documents/GitHub/NYC-Taxi-ETL-Pipeline/.venv/lib/python3.10/site-packages/airflow/example_dags/example_params_trigger_ui.py for tasks to queue
[2024-10-21T22:29:19.409+0700] {logging_mixin.py:190} INFO - [2024-10-21T22:29:19.409+0700] {dagbag.py:588} INFO - Filling up the DagBag from /Users/punny/Documents/GitHub/NYC-Taxi-ETL-Pipeline/.venv/lib/python3.10/site-packages/airflow/example_dags/example_params_trigger_ui.py
[2024-10-21T22:29:19.454+0700] {processor.py:925} INFO - DAG(s) 'example_params_trigger_ui' retrieved from /Users/punny/Documents/GitHub/NYC-Taxi-ETL-Pipeline/.venv/lib/python3.10/site-packages/airflow/example_dags/example_params_trigger_ui.py
[2024-10-21T22:29:19.679+0700] {logging_mixin.py:190} INFO - [2024-10-21T22:29:19.678+0700] {dag.py:3239} INFO - Sync 1 DAGs
[2024-10-21T22:29:19.693+0700] {logging_mixin.py:190} INFO - [2024-10-21T22:29:19.692+0700] {dag.py:4180} INFO - Setting next_dagrun for example_params_trigger_ui to None, run_after=None
[2024-10-21T22:29:19.713+0700] {processor.py:208} INFO - Processing /Users/punny/Documents/GitHub/NYC-Taxi-ETL-Pipeline/.venv/lib/python3.10/site-packages/airflow/example_dags/example_params_trigger_ui.py took 0.317 seconds
[2024-10-21T22:32:11.258+0700] {processor.py:186} INFO - Started process (PID=13754) to work on /Users/punny/Documents/GitHub/NYC-Taxi-ETL-Pipeline/.venv/lib/python3.10/site-packages/airflow/example_dags/example_params_trigger_ui.py
[2024-10-21T22:32:11.262+0700] {processor.py:914} INFO - Processing file /Users/punny/Documents/GitHub/NYC-Taxi-ETL-Pipeline/.venv/lib/python3.10/site-packages/airflow/example_dags/example_params_trigger_ui.py for tasks to queue
[2024-10-21T22:32:11.263+0700] {logging_mixin.py:190} INFO - [2024-10-21T22:32:11.262+0700] {dagbag.py:588} INFO - Filling up the DagBag from /Users/punny/Documents/GitHub/NYC-Taxi-ETL-Pipeline/.venv/lib/python3.10/site-packages/airflow/example_dags/example_params_trigger_ui.py
[2024-10-21T22:32:11.308+0700] {processor.py:925} INFO - DAG(s) 'example_params_trigger_ui' retrieved from /Users/punny/Documents/GitHub/NYC-Taxi-ETL-Pipeline/.venv/lib/python3.10/site-packages/airflow/example_dags/example_params_trigger_ui.py
[2024-10-21T22:32:11.539+0700] {logging_mixin.py:190} INFO - [2024-10-21T22:32:11.538+0700] {dag.py:3239} INFO - Sync 1 DAGs
[2024-10-21T22:32:11.554+0700] {logging_mixin.py:190} INFO - [2024-10-21T22:32:11.554+0700] {dag.py:4180} INFO - Setting next_dagrun for example_params_trigger_ui to None, run_after=None
[2024-10-21T22:32:11.577+0700] {processor.py:208} INFO - Processing /Users/punny/Documents/GitHub/NYC-Taxi-ETL-Pipeline/.venv/lib/python3.10/site-packages/airflow/example_dags/example_params_trigger_ui.py took 0.328 seconds
