[2024-10-21T12:38:20.889+0700] {processor.py:186} INFO - Started process (PID=34205) to work on /Users/punny/Documents/GitHub/NYC-Taxi-ETL-Pipeline/.venv/lib/python3.10/site-packages/airflow/example_dags/example_sensors.py
[2024-10-21T12:38:20.893+0700] {processor.py:914} INFO - Processing file /Users/punny/Documents/GitHub/NYC-Taxi-ETL-Pipeline/.venv/lib/python3.10/site-packages/airflow/example_dags/example_sensors.py for tasks to queue
[2024-10-21T12:38:20.894+0700] {logging_mixin.py:190} INFO - [2024-10-21T12:38:20.894+0700] {dagbag.py:588} INFO - Filling up the DagBag from /Users/punny/Documents/GitHub/NYC-Taxi-ETL-Pipeline/.venv/lib/python3.10/site-packages/airflow/example_dags/example_sensors.py
[2024-10-21T12:38:20.927+0700] {processor.py:925} INFO - DAG(s) 'example_sensors' retrieved from /Users/punny/Documents/GitHub/NYC-Taxi-ETL-Pipeline/.venv/lib/python3.10/site-packages/airflow/example_dags/example_sensors.py
[2024-10-21T12:38:22.126+0700] {logging_mixin.py:190} INFO - [2024-10-21T12:38:22.125+0700] {dag.py:3239} INFO - Sync 1 DAGs
[2024-10-21T12:38:22.148+0700] {logging_mixin.py:190} INFO - [2024-10-21T12:38:22.147+0700] {dag.py:4180} INFO - Setting next_dagrun for example_sensors to None, run_after=None
[2024-10-21T12:38:22.181+0700] {processor.py:208} INFO - Processing /Users/punny/Documents/GitHub/NYC-Taxi-ETL-Pipeline/.venv/lib/python3.10/site-packages/airflow/example_dags/example_sensors.py took 1.304 seconds
[2024-10-21T14:13:14.223+0700] {processor.py:186} INFO - Started process (PID=35038) to work on /Users/punny/Documents/GitHub/NYC-Taxi-ETL-Pipeline/.venv/lib/python3.10/site-packages/airflow/example_dags/example_sensors.py
[2024-10-21T14:13:14.228+0700] {processor.py:914} INFO - Processing file /Users/punny/Documents/GitHub/NYC-Taxi-ETL-Pipeline/.venv/lib/python3.10/site-packages/airflow/example_dags/example_sensors.py for tasks to queue
[2024-10-21T14:13:14.230+0700] {logging_mixin.py:190} INFO - [2024-10-21T14:13:14.229+0700] {dagbag.py:588} INFO - Filling up the DagBag from /Users/punny/Documents/GitHub/NYC-Taxi-ETL-Pipeline/.venv/lib/python3.10/site-packages/airflow/example_dags/example_sensors.py
[2024-10-21T14:13:14.264+0700] {processor.py:925} INFO - DAG(s) 'example_sensors' retrieved from /Users/punny/Documents/GitHub/NYC-Taxi-ETL-Pipeline/.venv/lib/python3.10/site-packages/airflow/example_dags/example_sensors.py
[2024-10-21T14:13:15.536+0700] {logging_mixin.py:190} INFO - [2024-10-21T14:13:15.535+0700] {dag.py:3239} INFO - Sync 1 DAGs
[2024-10-21T14:13:15.559+0700] {logging_mixin.py:190} INFO - [2024-10-21T14:13:15.558+0700] {dag.py:4180} INFO - Setting next_dagrun for example_sensors to None, run_after=None
[2024-10-21T14:13:15.593+0700] {processor.py:208} INFO - Processing /Users/punny/Documents/GitHub/NYC-Taxi-ETL-Pipeline/.venv/lib/python3.10/site-packages/airflow/example_dags/example_sensors.py took 1.384 seconds
[2024-10-21T14:48:42.898+0700] {processor.py:186} INFO - Started process (PID=35960) to work on /Users/punny/Documents/GitHub/NYC-Taxi-ETL-Pipeline/.venv/lib/python3.10/site-packages/airflow/example_dags/example_sensors.py
[2024-10-21T14:48:42.901+0700] {processor.py:914} INFO - Processing file /Users/punny/Documents/GitHub/NYC-Taxi-ETL-Pipeline/.venv/lib/python3.10/site-packages/airflow/example_dags/example_sensors.py for tasks to queue
[2024-10-21T14:48:42.902+0700] {logging_mixin.py:190} INFO - [2024-10-21T14:48:42.902+0700] {dagbag.py:588} INFO - Filling up the DagBag from /Users/punny/Documents/GitHub/NYC-Taxi-ETL-Pipeline/.venv/lib/python3.10/site-packages/airflow/example_dags/example_sensors.py
[2024-10-21T14:48:42.926+0700] {processor.py:925} INFO - DAG(s) 'example_sensors' retrieved from /Users/punny/Documents/GitHub/NYC-Taxi-ETL-Pipeline/.venv/lib/python3.10/site-packages/airflow/example_dags/example_sensors.py
[2024-10-21T14:48:43.732+0700] {logging_mixin.py:190} INFO - [2024-10-21T14:48:43.731+0700] {dag.py:3239} INFO - Sync 1 DAGs
[2024-10-21T14:48:43.747+0700] {logging_mixin.py:190} INFO - [2024-10-21T14:48:43.746+0700] {dag.py:4180} INFO - Setting next_dagrun for example_sensors to None, run_after=None
[2024-10-21T14:48:43.768+0700] {processor.py:208} INFO - Processing /Users/punny/Documents/GitHub/NYC-Taxi-ETL-Pipeline/.venv/lib/python3.10/site-packages/airflow/example_dags/example_sensors.py took 0.879 seconds
[2024-10-21T14:52:18.053+0700] {processor.py:186} INFO - Started process (PID=36536) to work on /Users/punny/Documents/GitHub/NYC-Taxi-ETL-Pipeline/.venv/lib/python3.10/site-packages/airflow/example_dags/example_sensors.py
[2024-10-21T14:52:18.059+0700] {processor.py:914} INFO - Processing file /Users/punny/Documents/GitHub/NYC-Taxi-ETL-Pipeline/.venv/lib/python3.10/site-packages/airflow/example_dags/example_sensors.py for tasks to queue
[2024-10-21T14:52:18.061+0700] {logging_mixin.py:190} INFO - [2024-10-21T14:52:18.061+0700] {dagbag.py:588} INFO - Filling up the DagBag from /Users/punny/Documents/GitHub/NYC-Taxi-ETL-Pipeline/.venv/lib/python3.10/site-packages/airflow/example_dags/example_sensors.py
[2024-10-21T14:52:18.084+0700] {processor.py:925} INFO - DAG(s) 'example_sensors' retrieved from /Users/punny/Documents/GitHub/NYC-Taxi-ETL-Pipeline/.venv/lib/python3.10/site-packages/airflow/example_dags/example_sensors.py
[2024-10-21T14:52:18.906+0700] {logging_mixin.py:190} INFO - [2024-10-21T14:52:18.906+0700] {dag.py:3239} INFO - Sync 1 DAGs
[2024-10-21T14:52:18.921+0700] {logging_mixin.py:190} INFO - [2024-10-21T14:52:18.920+0700] {dag.py:4180} INFO - Setting next_dagrun for example_sensors to None, run_after=None
[2024-10-21T14:52:18.963+0700] {processor.py:208} INFO - Processing /Users/punny/Documents/GitHub/NYC-Taxi-ETL-Pipeline/.venv/lib/python3.10/site-packages/airflow/example_dags/example_sensors.py took 0.921 seconds
[2024-10-21T14:55:47.056+0700] {processor.py:186} INFO - Started process (PID=37069) to work on /Users/punny/Documents/GitHub/NYC-Taxi-ETL-Pipeline/.venv/lib/python3.10/site-packages/airflow/example_dags/example_sensors.py
[2024-10-21T14:55:47.060+0700] {processor.py:914} INFO - Processing file /Users/punny/Documents/GitHub/NYC-Taxi-ETL-Pipeline/.venv/lib/python3.10/site-packages/airflow/example_dags/example_sensors.py for tasks to queue
[2024-10-21T14:55:47.061+0700] {logging_mixin.py:190} INFO - [2024-10-21T14:55:47.061+0700] {dagbag.py:588} INFO - Filling up the DagBag from /Users/punny/Documents/GitHub/NYC-Taxi-ETL-Pipeline/.venv/lib/python3.10/site-packages/airflow/example_dags/example_sensors.py
[2024-10-21T14:55:47.085+0700] {processor.py:925} INFO - DAG(s) 'example_sensors' retrieved from /Users/punny/Documents/GitHub/NYC-Taxi-ETL-Pipeline/.venv/lib/python3.10/site-packages/airflow/example_dags/example_sensors.py
[2024-10-21T14:55:48.033+0700] {logging_mixin.py:190} INFO - [2024-10-21T14:55:48.032+0700] {dag.py:3239} INFO - Sync 1 DAGs
[2024-10-21T14:55:48.049+0700] {logging_mixin.py:190} INFO - [2024-10-21T14:55:48.049+0700] {dag.py:4180} INFO - Setting next_dagrun for example_sensors to None, run_after=None
[2024-10-21T14:55:48.073+0700] {processor.py:208} INFO - Processing /Users/punny/Documents/GitHub/NYC-Taxi-ETL-Pipeline/.venv/lib/python3.10/site-packages/airflow/example_dags/example_sensors.py took 1.027 seconds
[2024-10-21T15:00:25.194+0700] {processor.py:186} INFO - Started process (PID=37776) to work on /Users/punny/Documents/GitHub/NYC-Taxi-ETL-Pipeline/.venv/lib/python3.10/site-packages/airflow/example_dags/example_sensors.py
[2024-10-21T15:00:25.197+0700] {processor.py:914} INFO - Processing file /Users/punny/Documents/GitHub/NYC-Taxi-ETL-Pipeline/.venv/lib/python3.10/site-packages/airflow/example_dags/example_sensors.py for tasks to queue
[2024-10-21T15:00:25.199+0700] {logging_mixin.py:190} INFO - [2024-10-21T15:00:25.198+0700] {dagbag.py:588} INFO - Filling up the DagBag from /Users/punny/Documents/GitHub/NYC-Taxi-ETL-Pipeline/.venv/lib/python3.10/site-packages/airflow/example_dags/example_sensors.py
[2024-10-21T15:00:25.232+0700] {processor.py:925} INFO - DAG(s) 'example_sensors' retrieved from /Users/punny/Documents/GitHub/NYC-Taxi-ETL-Pipeline/.venv/lib/python3.10/site-packages/airflow/example_dags/example_sensors.py
[2024-10-21T15:00:26.310+0700] {logging_mixin.py:190} INFO - [2024-10-21T15:00:26.309+0700] {dag.py:3239} INFO - Sync 1 DAGs
[2024-10-21T15:00:26.329+0700] {logging_mixin.py:190} INFO - [2024-10-21T15:00:26.329+0700] {dag.py:4180} INFO - Setting next_dagrun for example_sensors to None, run_after=None
[2024-10-21T15:00:26.358+0700] {processor.py:208} INFO - Processing /Users/punny/Documents/GitHub/NYC-Taxi-ETL-Pipeline/.venv/lib/python3.10/site-packages/airflow/example_dags/example_sensors.py took 1.177 seconds
[2024-10-21T15:06:13.783+0700] {processor.py:186} INFO - Started process (PID=38529) to work on /Users/punny/Documents/GitHub/NYC-Taxi-ETL-Pipeline/.venv/lib/python3.10/site-packages/airflow/example_dags/example_sensors.py
[2024-10-21T15:06:13.791+0700] {processor.py:914} INFO - Processing file /Users/punny/Documents/GitHub/NYC-Taxi-ETL-Pipeline/.venv/lib/python3.10/site-packages/airflow/example_dags/example_sensors.py for tasks to queue
[2024-10-21T15:06:13.794+0700] {logging_mixin.py:190} INFO - [2024-10-21T15:06:13.792+0700] {dagbag.py:588} INFO - Filling up the DagBag from /Users/punny/Documents/GitHub/NYC-Taxi-ETL-Pipeline/.venv/lib/python3.10/site-packages/airflow/example_dags/example_sensors.py
[2024-10-21T15:06:13.849+0700] {processor.py:925} INFO - DAG(s) 'example_sensors' retrieved from /Users/punny/Documents/GitHub/NYC-Taxi-ETL-Pipeline/.venv/lib/python3.10/site-packages/airflow/example_dags/example_sensors.py
[2024-10-21T15:06:15.268+0700] {logging_mixin.py:190} INFO - [2024-10-21T15:06:15.267+0700] {dag.py:3239} INFO - Sync 1 DAGs
[2024-10-21T15:06:15.289+0700] {logging_mixin.py:190} INFO - [2024-10-21T15:06:15.289+0700] {dag.py:4180} INFO - Setting next_dagrun for example_sensors to None, run_after=None
[2024-10-21T15:06:15.326+0700] {processor.py:208} INFO - Processing /Users/punny/Documents/GitHub/NYC-Taxi-ETL-Pipeline/.venv/lib/python3.10/site-packages/airflow/example_dags/example_sensors.py took 1.557 seconds
[2024-10-21T15:11:03.803+0700] {processor.py:186} INFO - Started process (PID=39175) to work on /Users/punny/Documents/GitHub/NYC-Taxi-ETL-Pipeline/.venv/lib/python3.10/site-packages/airflow/example_dags/example_sensors.py
[2024-10-21T15:11:03.808+0700] {processor.py:914} INFO - Processing file /Users/punny/Documents/GitHub/NYC-Taxi-ETL-Pipeline/.venv/lib/python3.10/site-packages/airflow/example_dags/example_sensors.py for tasks to queue
[2024-10-21T15:11:03.810+0700] {logging_mixin.py:190} INFO - [2024-10-21T15:11:03.809+0700] {dagbag.py:588} INFO - Filling up the DagBag from /Users/punny/Documents/GitHub/NYC-Taxi-ETL-Pipeline/.venv/lib/python3.10/site-packages/airflow/example_dags/example_sensors.py
[2024-10-21T15:11:03.843+0700] {processor.py:925} INFO - DAG(s) 'example_sensors' retrieved from /Users/punny/Documents/GitHub/NYC-Taxi-ETL-Pipeline/.venv/lib/python3.10/site-packages/airflow/example_dags/example_sensors.py
[2024-10-21T15:11:05.032+0700] {logging_mixin.py:190} INFO - [2024-10-21T15:11:05.032+0700] {dag.py:3239} INFO - Sync 1 DAGs
[2024-10-21T15:11:05.052+0700] {logging_mixin.py:190} INFO - [2024-10-21T15:11:05.052+0700] {dag.py:4180} INFO - Setting next_dagrun for example_sensors to None, run_after=None
[2024-10-21T15:11:05.086+0700] {processor.py:208} INFO - Processing /Users/punny/Documents/GitHub/NYC-Taxi-ETL-Pipeline/.venv/lib/python3.10/site-packages/airflow/example_dags/example_sensors.py took 1.292 seconds
[2024-10-21T15:15:13.858+0700] {processor.py:186} INFO - Started process (PID=39673) to work on /Users/punny/Documents/GitHub/NYC-Taxi-ETL-Pipeline/.venv/lib/python3.10/site-packages/airflow/example_dags/example_sensors.py
[2024-10-21T15:15:13.863+0700] {processor.py:914} INFO - Processing file /Users/punny/Documents/GitHub/NYC-Taxi-ETL-Pipeline/.venv/lib/python3.10/site-packages/airflow/example_dags/example_sensors.py for tasks to queue
[2024-10-21T15:15:13.865+0700] {logging_mixin.py:190} INFO - [2024-10-21T15:15:13.865+0700] {dagbag.py:588} INFO - Filling up the DagBag from /Users/punny/Documents/GitHub/NYC-Taxi-ETL-Pipeline/.venv/lib/python3.10/site-packages/airflow/example_dags/example_sensors.py
[2024-10-21T15:15:13.908+0700] {processor.py:925} INFO - DAG(s) 'example_sensors' retrieved from /Users/punny/Documents/GitHub/NYC-Taxi-ETL-Pipeline/.venv/lib/python3.10/site-packages/airflow/example_dags/example_sensors.py
[2024-10-21T15:15:15.092+0700] {logging_mixin.py:190} INFO - [2024-10-21T15:15:15.092+0700] {dag.py:3239} INFO - Sync 1 DAGs
[2024-10-21T15:15:15.121+0700] {logging_mixin.py:190} INFO - [2024-10-21T15:15:15.121+0700] {dag.py:4180} INFO - Setting next_dagrun for example_sensors to None, run_after=None
[2024-10-21T15:15:15.158+0700] {processor.py:208} INFO - Processing /Users/punny/Documents/GitHub/NYC-Taxi-ETL-Pipeline/.venv/lib/python3.10/site-packages/airflow/example_dags/example_sensors.py took 1.311 seconds
[2024-10-21T15:19:34.667+0700] {processor.py:186} INFO - Started process (PID=40190) to work on /Users/punny/Documents/GitHub/NYC-Taxi-ETL-Pipeline/.venv/lib/python3.10/site-packages/airflow/example_dags/example_sensors.py
[2024-10-21T15:19:34.672+0700] {processor.py:914} INFO - Processing file /Users/punny/Documents/GitHub/NYC-Taxi-ETL-Pipeline/.venv/lib/python3.10/site-packages/airflow/example_dags/example_sensors.py for tasks to queue
[2024-10-21T15:19:34.674+0700] {logging_mixin.py:190} INFO - [2024-10-21T15:19:34.673+0700] {dagbag.py:588} INFO - Filling up the DagBag from /Users/punny/Documents/GitHub/NYC-Taxi-ETL-Pipeline/.venv/lib/python3.10/site-packages/airflow/example_dags/example_sensors.py
[2024-10-21T15:19:34.714+0700] {processor.py:925} INFO - DAG(s) 'example_sensors' retrieved from /Users/punny/Documents/GitHub/NYC-Taxi-ETL-Pipeline/.venv/lib/python3.10/site-packages/airflow/example_dags/example_sensors.py
[2024-10-21T15:19:36.356+0700] {logging_mixin.py:190} INFO - [2024-10-21T15:19:36.356+0700] {dag.py:3239} INFO - Sync 1 DAGs
[2024-10-21T15:19:36.388+0700] {logging_mixin.py:190} INFO - [2024-10-21T15:19:36.388+0700] {dag.py:4180} INFO - Setting next_dagrun for example_sensors to None, run_after=None
[2024-10-21T15:19:36.427+0700] {processor.py:208} INFO - Processing /Users/punny/Documents/GitHub/NYC-Taxi-ETL-Pipeline/.venv/lib/python3.10/site-packages/airflow/example_dags/example_sensors.py took 1.772 seconds
[2024-10-21T15:23:44.508+0700] {processor.py:186} INFO - Started process (PID=40739) to work on /Users/punny/Documents/GitHub/NYC-Taxi-ETL-Pipeline/.venv/lib/python3.10/site-packages/airflow/example_dags/example_sensors.py
[2024-10-21T15:23:44.514+0700] {processor.py:914} INFO - Processing file /Users/punny/Documents/GitHub/NYC-Taxi-ETL-Pipeline/.venv/lib/python3.10/site-packages/airflow/example_dags/example_sensors.py for tasks to queue
[2024-10-21T15:23:44.515+0700] {logging_mixin.py:190} INFO - [2024-10-21T15:23:44.515+0700] {dagbag.py:588} INFO - Filling up the DagBag from /Users/punny/Documents/GitHub/NYC-Taxi-ETL-Pipeline/.venv/lib/python3.10/site-packages/airflow/example_dags/example_sensors.py
[2024-10-21T15:23:44.548+0700] {processor.py:925} INFO - DAG(s) 'example_sensors' retrieved from /Users/punny/Documents/GitHub/NYC-Taxi-ETL-Pipeline/.venv/lib/python3.10/site-packages/airflow/example_dags/example_sensors.py
[2024-10-21T15:23:45.782+0700] {logging_mixin.py:190} INFO - [2024-10-21T15:23:45.781+0700] {dag.py:3239} INFO - Sync 1 DAGs
[2024-10-21T15:23:45.803+0700] {logging_mixin.py:190} INFO - [2024-10-21T15:23:45.803+0700] {dag.py:4180} INFO - Setting next_dagrun for example_sensors to None, run_after=None
[2024-10-21T15:23:45.839+0700] {processor.py:208} INFO - Processing /Users/punny/Documents/GitHub/NYC-Taxi-ETL-Pipeline/.venv/lib/python3.10/site-packages/airflow/example_dags/example_sensors.py took 1.342 seconds
[2024-10-21T15:27:43.677+0700] {processor.py:186} INFO - Started process (PID=41238) to work on /Users/punny/Documents/GitHub/NYC-Taxi-ETL-Pipeline/.venv/lib/python3.10/site-packages/airflow/example_dags/example_sensors.py
[2024-10-21T15:27:43.682+0700] {processor.py:914} INFO - Processing file /Users/punny/Documents/GitHub/NYC-Taxi-ETL-Pipeline/.venv/lib/python3.10/site-packages/airflow/example_dags/example_sensors.py for tasks to queue
[2024-10-21T15:27:43.684+0700] {logging_mixin.py:190} INFO - [2024-10-21T15:27:43.683+0700] {dagbag.py:588} INFO - Filling up the DagBag from /Users/punny/Documents/GitHub/NYC-Taxi-ETL-Pipeline/.venv/lib/python3.10/site-packages/airflow/example_dags/example_sensors.py
[2024-10-21T15:27:43.721+0700] {processor.py:925} INFO - DAG(s) 'example_sensors' retrieved from /Users/punny/Documents/GitHub/NYC-Taxi-ETL-Pipeline/.venv/lib/python3.10/site-packages/airflow/example_dags/example_sensors.py
[2024-10-21T15:27:45.034+0700] {logging_mixin.py:190} INFO - [2024-10-21T15:27:45.033+0700] {dag.py:3239} INFO - Sync 1 DAGs
[2024-10-21T15:27:45.055+0700] {logging_mixin.py:190} INFO - [2024-10-21T15:27:45.055+0700] {dag.py:4180} INFO - Setting next_dagrun for example_sensors to None, run_after=None
[2024-10-21T15:27:45.087+0700] {processor.py:208} INFO - Processing /Users/punny/Documents/GitHub/NYC-Taxi-ETL-Pipeline/.venv/lib/python3.10/site-packages/airflow/example_dags/example_sensors.py took 1.421 seconds
[2024-10-21T15:31:50.253+0700] {processor.py:186} INFO - Started process (PID=41784) to work on /Users/punny/Documents/GitHub/NYC-Taxi-ETL-Pipeline/.venv/lib/python3.10/site-packages/airflow/example_dags/example_sensors.py
[2024-10-21T15:31:50.260+0700] {processor.py:914} INFO - Processing file /Users/punny/Documents/GitHub/NYC-Taxi-ETL-Pipeline/.venv/lib/python3.10/site-packages/airflow/example_dags/example_sensors.py for tasks to queue
[2024-10-21T15:31:50.261+0700] {logging_mixin.py:190} INFO - [2024-10-21T15:31:50.261+0700] {dagbag.py:588} INFO - Filling up the DagBag from /Users/punny/Documents/GitHub/NYC-Taxi-ETL-Pipeline/.venv/lib/python3.10/site-packages/airflow/example_dags/example_sensors.py
[2024-10-21T15:31:50.299+0700] {processor.py:925} INFO - DAG(s) 'example_sensors' retrieved from /Users/punny/Documents/GitHub/NYC-Taxi-ETL-Pipeline/.venv/lib/python3.10/site-packages/airflow/example_dags/example_sensors.py
[2024-10-21T15:31:51.174+0700] {logging_mixin.py:190} INFO - [2024-10-21T15:31:51.173+0700] {dag.py:3239} INFO - Sync 1 DAGs
[2024-10-21T15:31:51.196+0700] {logging_mixin.py:190} INFO - [2024-10-21T15:31:51.196+0700] {dag.py:4180} INFO - Setting next_dagrun for example_sensors to None, run_after=None
[2024-10-21T15:31:51.225+0700] {processor.py:208} INFO - Processing /Users/punny/Documents/GitHub/NYC-Taxi-ETL-Pipeline/.venv/lib/python3.10/site-packages/airflow/example_dags/example_sensors.py took 0.986 seconds
[2024-10-21T15:35:46.012+0700] {processor.py:186} INFO - Started process (PID=42260) to work on /Users/punny/Documents/GitHub/NYC-Taxi-ETL-Pipeline/.venv/lib/python3.10/site-packages/airflow/example_dags/example_sensors.py
[2024-10-21T15:35:46.016+0700] {processor.py:914} INFO - Processing file /Users/punny/Documents/GitHub/NYC-Taxi-ETL-Pipeline/.venv/lib/python3.10/site-packages/airflow/example_dags/example_sensors.py for tasks to queue
[2024-10-21T15:35:46.017+0700] {logging_mixin.py:190} INFO - [2024-10-21T15:35:46.017+0700] {dagbag.py:588} INFO - Filling up the DagBag from /Users/punny/Documents/GitHub/NYC-Taxi-ETL-Pipeline/.venv/lib/python3.10/site-packages/airflow/example_dags/example_sensors.py
[2024-10-21T15:35:46.048+0700] {processor.py:925} INFO - DAG(s) 'example_sensors' retrieved from /Users/punny/Documents/GitHub/NYC-Taxi-ETL-Pipeline/.venv/lib/python3.10/site-packages/airflow/example_dags/example_sensors.py
[2024-10-21T15:35:46.938+0700] {logging_mixin.py:190} INFO - [2024-10-21T15:35:46.937+0700] {dag.py:3239} INFO - Sync 1 DAGs
[2024-10-21T15:35:46.959+0700] {logging_mixin.py:190} INFO - [2024-10-21T15:35:46.959+0700] {dag.py:4180} INFO - Setting next_dagrun for example_sensors to None, run_after=None
[2024-10-21T15:35:46.987+0700] {processor.py:208} INFO - Processing /Users/punny/Documents/GitHub/NYC-Taxi-ETL-Pipeline/.venv/lib/python3.10/site-packages/airflow/example_dags/example_sensors.py took 0.987 seconds
[2024-10-21T15:39:39.605+0700] {processor.py:186} INFO - Started process (PID=42791) to work on /Users/punny/Documents/GitHub/NYC-Taxi-ETL-Pipeline/.venv/lib/python3.10/site-packages/airflow/example_dags/example_sensors.py
[2024-10-21T15:39:39.609+0700] {processor.py:914} INFO - Processing file /Users/punny/Documents/GitHub/NYC-Taxi-ETL-Pipeline/.venv/lib/python3.10/site-packages/airflow/example_dags/example_sensors.py for tasks to queue
[2024-10-21T15:39:39.611+0700] {logging_mixin.py:190} INFO - [2024-10-21T15:39:39.610+0700] {dagbag.py:588} INFO - Filling up the DagBag from /Users/punny/Documents/GitHub/NYC-Taxi-ETL-Pipeline/.venv/lib/python3.10/site-packages/airflow/example_dags/example_sensors.py
[2024-10-21T15:39:39.648+0700] {processor.py:925} INFO - DAG(s) 'example_sensors' retrieved from /Users/punny/Documents/GitHub/NYC-Taxi-ETL-Pipeline/.venv/lib/python3.10/site-packages/airflow/example_dags/example_sensors.py
[2024-10-21T15:39:41.154+0700] {logging_mixin.py:190} INFO - [2024-10-21T15:39:41.153+0700] {dag.py:3239} INFO - Sync 1 DAGs
[2024-10-21T15:39:41.184+0700] {logging_mixin.py:190} INFO - [2024-10-21T15:39:41.184+0700] {dag.py:4180} INFO - Setting next_dagrun for example_sensors to None, run_after=None
[2024-10-21T15:39:41.228+0700] {processor.py:208} INFO - Processing /Users/punny/Documents/GitHub/NYC-Taxi-ETL-Pipeline/.venv/lib/python3.10/site-packages/airflow/example_dags/example_sensors.py took 1.634 seconds
[2024-10-21T15:43:39.546+0700] {processor.py:186} INFO - Started process (PID=43344) to work on /Users/punny/Documents/GitHub/NYC-Taxi-ETL-Pipeline/.venv/lib/python3.10/site-packages/airflow/example_dags/example_sensors.py
[2024-10-21T15:43:39.550+0700] {processor.py:914} INFO - Processing file /Users/punny/Documents/GitHub/NYC-Taxi-ETL-Pipeline/.venv/lib/python3.10/site-packages/airflow/example_dags/example_sensors.py for tasks to queue
[2024-10-21T15:43:39.552+0700] {logging_mixin.py:190} INFO - [2024-10-21T15:43:39.552+0700] {dagbag.py:588} INFO - Filling up the DagBag from /Users/punny/Documents/GitHub/NYC-Taxi-ETL-Pipeline/.venv/lib/python3.10/site-packages/airflow/example_dags/example_sensors.py
[2024-10-21T15:43:39.583+0700] {processor.py:925} INFO - DAG(s) 'example_sensors' retrieved from /Users/punny/Documents/GitHub/NYC-Taxi-ETL-Pipeline/.venv/lib/python3.10/site-packages/airflow/example_dags/example_sensors.py
[2024-10-21T15:43:40.533+0700] {logging_mixin.py:190} INFO - [2024-10-21T15:43:40.532+0700] {dag.py:3239} INFO - Sync 1 DAGs
[2024-10-21T15:43:40.555+0700] {logging_mixin.py:190} INFO - [2024-10-21T15:43:40.554+0700] {dag.py:4180} INFO - Setting next_dagrun for example_sensors to None, run_after=None
[2024-10-21T15:43:40.583+0700] {processor.py:208} INFO - Processing /Users/punny/Documents/GitHub/NYC-Taxi-ETL-Pipeline/.venv/lib/python3.10/site-packages/airflow/example_dags/example_sensors.py took 1.048 seconds
[2024-10-21T15:47:32.707+0700] {processor.py:186} INFO - Started process (PID=43815) to work on /Users/punny/Documents/GitHub/NYC-Taxi-ETL-Pipeline/.venv/lib/python3.10/site-packages/airflow/example_dags/example_sensors.py
[2024-10-21T15:47:32.711+0700] {processor.py:914} INFO - Processing file /Users/punny/Documents/GitHub/NYC-Taxi-ETL-Pipeline/.venv/lib/python3.10/site-packages/airflow/example_dags/example_sensors.py for tasks to queue
[2024-10-21T15:47:32.713+0700] {logging_mixin.py:190} INFO - [2024-10-21T15:47:32.713+0700] {dagbag.py:588} INFO - Filling up the DagBag from /Users/punny/Documents/GitHub/NYC-Taxi-ETL-Pipeline/.venv/lib/python3.10/site-packages/airflow/example_dags/example_sensors.py
[2024-10-21T15:47:32.745+0700] {processor.py:925} INFO - DAG(s) 'example_sensors' retrieved from /Users/punny/Documents/GitHub/NYC-Taxi-ETL-Pipeline/.venv/lib/python3.10/site-packages/airflow/example_dags/example_sensors.py
[2024-10-21T15:47:34.042+0700] {logging_mixin.py:190} INFO - [2024-10-21T15:47:34.041+0700] {dag.py:3239} INFO - Sync 1 DAGs
[2024-10-21T15:47:34.065+0700] {logging_mixin.py:190} INFO - [2024-10-21T15:47:34.065+0700] {dag.py:4180} INFO - Setting next_dagrun for example_sensors to None, run_after=None
[2024-10-21T15:47:34.094+0700] {processor.py:208} INFO - Processing /Users/punny/Documents/GitHub/NYC-Taxi-ETL-Pipeline/.venv/lib/python3.10/site-packages/airflow/example_dags/example_sensors.py took 1.397 seconds
[2024-10-21T15:51:31.748+0700] {processor.py:186} INFO - Started process (PID=44348) to work on /Users/punny/Documents/GitHub/NYC-Taxi-ETL-Pipeline/.venv/lib/python3.10/site-packages/airflow/example_dags/example_sensors.py
[2024-10-21T15:51:31.753+0700] {processor.py:914} INFO - Processing file /Users/punny/Documents/GitHub/NYC-Taxi-ETL-Pipeline/.venv/lib/python3.10/site-packages/airflow/example_dags/example_sensors.py for tasks to queue
[2024-10-21T15:51:31.755+0700] {logging_mixin.py:190} INFO - [2024-10-21T15:51:31.755+0700] {dagbag.py:588} INFO - Filling up the DagBag from /Users/punny/Documents/GitHub/NYC-Taxi-ETL-Pipeline/.venv/lib/python3.10/site-packages/airflow/example_dags/example_sensors.py
[2024-10-21T15:51:31.786+0700] {processor.py:925} INFO - DAG(s) 'example_sensors' retrieved from /Users/punny/Documents/GitHub/NYC-Taxi-ETL-Pipeline/.venv/lib/python3.10/site-packages/airflow/example_dags/example_sensors.py
[2024-10-21T15:51:32.700+0700] {logging_mixin.py:190} INFO - [2024-10-21T15:51:32.700+0700] {dag.py:3239} INFO - Sync 1 DAGs
[2024-10-21T15:51:32.726+0700] {logging_mixin.py:190} INFO - [2024-10-21T15:51:32.726+0700] {dag.py:4180} INFO - Setting next_dagrun for example_sensors to None, run_after=None
[2024-10-21T15:51:32.761+0700] {processor.py:208} INFO - Processing /Users/punny/Documents/GitHub/NYC-Taxi-ETL-Pipeline/.venv/lib/python3.10/site-packages/airflow/example_dags/example_sensors.py took 1.024 seconds
[2024-10-21T15:55:21.990+0700] {processor.py:186} INFO - Started process (PID=44814) to work on /Users/punny/Documents/GitHub/NYC-Taxi-ETL-Pipeline/.venv/lib/python3.10/site-packages/airflow/example_dags/example_sensors.py
[2024-10-21T15:55:21.995+0700] {processor.py:914} INFO - Processing file /Users/punny/Documents/GitHub/NYC-Taxi-ETL-Pipeline/.venv/lib/python3.10/site-packages/airflow/example_dags/example_sensors.py for tasks to queue
[2024-10-21T15:55:21.998+0700] {logging_mixin.py:190} INFO - [2024-10-21T15:55:21.996+0700] {dagbag.py:588} INFO - Filling up the DagBag from /Users/punny/Documents/GitHub/NYC-Taxi-ETL-Pipeline/.venv/lib/python3.10/site-packages/airflow/example_dags/example_sensors.py
[2024-10-21T15:55:22.040+0700] {processor.py:925} INFO - DAG(s) 'example_sensors' retrieved from /Users/punny/Documents/GitHub/NYC-Taxi-ETL-Pipeline/.venv/lib/python3.10/site-packages/airflow/example_dags/example_sensors.py
[2024-10-21T15:55:23.418+0700] {logging_mixin.py:190} INFO - [2024-10-21T15:55:23.417+0700] {dag.py:3239} INFO - Sync 1 DAGs
[2024-10-21T15:55:23.439+0700] {logging_mixin.py:190} INFO - [2024-10-21T15:55:23.439+0700] {dag.py:4180} INFO - Setting next_dagrun for example_sensors to None, run_after=None
[2024-10-21T15:55:23.478+0700] {processor.py:208} INFO - Processing /Users/punny/Documents/GitHub/NYC-Taxi-ETL-Pipeline/.venv/lib/python3.10/site-packages/airflow/example_dags/example_sensors.py took 1.501 seconds
[2024-10-21T15:59:34.004+0700] {processor.py:186} INFO - Started process (PID=45350) to work on /Users/punny/Documents/GitHub/NYC-Taxi-ETL-Pipeline/.venv/lib/python3.10/site-packages/airflow/example_dags/example_sensors.py
[2024-10-21T15:59:34.009+0700] {processor.py:914} INFO - Processing file /Users/punny/Documents/GitHub/NYC-Taxi-ETL-Pipeline/.venv/lib/python3.10/site-packages/airflow/example_dags/example_sensors.py for tasks to queue
[2024-10-21T15:59:34.011+0700] {logging_mixin.py:190} INFO - [2024-10-21T15:59:34.011+0700] {dagbag.py:588} INFO - Filling up the DagBag from /Users/punny/Documents/GitHub/NYC-Taxi-ETL-Pipeline/.venv/lib/python3.10/site-packages/airflow/example_dags/example_sensors.py
[2024-10-21T15:59:34.047+0700] {processor.py:925} INFO - DAG(s) 'example_sensors' retrieved from /Users/punny/Documents/GitHub/NYC-Taxi-ETL-Pipeline/.venv/lib/python3.10/site-packages/airflow/example_dags/example_sensors.py
[2024-10-21T15:59:35.474+0700] {logging_mixin.py:190} INFO - [2024-10-21T15:59:35.473+0700] {dag.py:3239} INFO - Sync 1 DAGs
[2024-10-21T15:59:35.502+0700] {logging_mixin.py:190} INFO - [2024-10-21T15:59:35.502+0700] {dag.py:4180} INFO - Setting next_dagrun for example_sensors to None, run_after=None
[2024-10-21T15:59:35.539+0700] {processor.py:208} INFO - Processing /Users/punny/Documents/GitHub/NYC-Taxi-ETL-Pipeline/.venv/lib/python3.10/site-packages/airflow/example_dags/example_sensors.py took 1.554 seconds
[2024-10-21T16:03:41.703+0700] {processor.py:186} INFO - Started process (PID=45901) to work on /Users/punny/Documents/GitHub/NYC-Taxi-ETL-Pipeline/.venv/lib/python3.10/site-packages/airflow/example_dags/example_sensors.py
[2024-10-21T16:03:41.708+0700] {processor.py:914} INFO - Processing file /Users/punny/Documents/GitHub/NYC-Taxi-ETL-Pipeline/.venv/lib/python3.10/site-packages/airflow/example_dags/example_sensors.py for tasks to queue
[2024-10-21T16:03:41.710+0700] {logging_mixin.py:190} INFO - [2024-10-21T16:03:41.710+0700] {dagbag.py:588} INFO - Filling up the DagBag from /Users/punny/Documents/GitHub/NYC-Taxi-ETL-Pipeline/.venv/lib/python3.10/site-packages/airflow/example_dags/example_sensors.py
[2024-10-21T16:03:41.760+0700] {processor.py:925} INFO - DAG(s) 'example_sensors' retrieved from /Users/punny/Documents/GitHub/NYC-Taxi-ETL-Pipeline/.venv/lib/python3.10/site-packages/airflow/example_dags/example_sensors.py
[2024-10-21T16:03:43.069+0700] {logging_mixin.py:190} INFO - [2024-10-21T16:03:43.068+0700] {dag.py:3239} INFO - Sync 1 DAGs
[2024-10-21T16:03:43.090+0700] {logging_mixin.py:190} INFO - [2024-10-21T16:03:43.090+0700] {dag.py:4180} INFO - Setting next_dagrun for example_sensors to None, run_after=None
[2024-10-21T16:03:43.123+0700] {processor.py:208} INFO - Processing /Users/punny/Documents/GitHub/NYC-Taxi-ETL-Pipeline/.venv/lib/python3.10/site-packages/airflow/example_dags/example_sensors.py took 1.436 seconds
[2024-10-21T20:37:54.954+0700] {processor.py:186} INFO - Started process (PID=4350) to work on /Users/punny/Documents/GitHub/NYC-Taxi-ETL-Pipeline/.venv/lib/python3.10/site-packages/airflow/example_dags/example_sensors.py
[2024-10-21T20:37:54.958+0700] {processor.py:914} INFO - Processing file /Users/punny/Documents/GitHub/NYC-Taxi-ETL-Pipeline/.venv/lib/python3.10/site-packages/airflow/example_dags/example_sensors.py for tasks to queue
[2024-10-21T20:37:54.959+0700] {logging_mixin.py:190} INFO - [2024-10-21T20:37:54.959+0700] {dagbag.py:588} INFO - Filling up the DagBag from /Users/punny/Documents/GitHub/NYC-Taxi-ETL-Pipeline/.venv/lib/python3.10/site-packages/airflow/example_dags/example_sensors.py
[2024-10-21T20:37:54.988+0700] {processor.py:925} INFO - DAG(s) 'example_sensors' retrieved from /Users/punny/Documents/GitHub/NYC-Taxi-ETL-Pipeline/.venv/lib/python3.10/site-packages/airflow/example_dags/example_sensors.py
[2024-10-21T20:37:56.018+0700] {logging_mixin.py:190} INFO - [2024-10-21T20:37:56.018+0700] {dag.py:3239} INFO - Sync 1 DAGs
[2024-10-21T20:37:56.040+0700] {logging_mixin.py:190} INFO - [2024-10-21T20:37:56.040+0700] {dag.py:4180} INFO - Setting next_dagrun for example_sensors to None, run_after=None
[2024-10-21T20:37:56.072+0700] {processor.py:208} INFO - Processing /Users/punny/Documents/GitHub/NYC-Taxi-ETL-Pipeline/.venv/lib/python3.10/site-packages/airflow/example_dags/example_sensors.py took 1.130 seconds
[2024-10-21T20:41:21.622+0700] {processor.py:186} INFO - Started process (PID=4593) to work on /Users/punny/Documents/GitHub/NYC-Taxi-ETL-Pipeline/.venv/lib/python3.10/site-packages/airflow/example_dags/example_sensors.py
[2024-10-21T20:41:21.625+0700] {processor.py:914} INFO - Processing file /Users/punny/Documents/GitHub/NYC-Taxi-ETL-Pipeline/.venv/lib/python3.10/site-packages/airflow/example_dags/example_sensors.py for tasks to queue
[2024-10-21T20:41:21.626+0700] {logging_mixin.py:190} INFO - [2024-10-21T20:41:21.626+0700] {dagbag.py:588} INFO - Filling up the DagBag from /Users/punny/Documents/GitHub/NYC-Taxi-ETL-Pipeline/.venv/lib/python3.10/site-packages/airflow/example_dags/example_sensors.py
[2024-10-21T20:41:21.649+0700] {processor.py:925} INFO - DAG(s) 'example_sensors' retrieved from /Users/punny/Documents/GitHub/NYC-Taxi-ETL-Pipeline/.venv/lib/python3.10/site-packages/airflow/example_dags/example_sensors.py
[2024-10-21T20:41:22.419+0700] {logging_mixin.py:190} INFO - [2024-10-21T20:41:22.418+0700] {dag.py:3239} INFO - Sync 1 DAGs
[2024-10-21T20:41:22.433+0700] {logging_mixin.py:190} INFO - [2024-10-21T20:41:22.433+0700] {dag.py:4180} INFO - Setting next_dagrun for example_sensors to None, run_after=None
[2024-10-21T20:41:22.455+0700] {processor.py:208} INFO - Processing /Users/punny/Documents/GitHub/NYC-Taxi-ETL-Pipeline/.venv/lib/python3.10/site-packages/airflow/example_dags/example_sensors.py took 0.840 seconds
[2024-10-21T20:45:12.653+0700] {processor.py:186} INFO - Started process (PID=4954) to work on /Users/punny/Documents/GitHub/NYC-Taxi-ETL-Pipeline/.venv/lib/python3.10/site-packages/airflow/example_dags/example_sensors.py
[2024-10-21T20:45:12.658+0700] {processor.py:914} INFO - Processing file /Users/punny/Documents/GitHub/NYC-Taxi-ETL-Pipeline/.venv/lib/python3.10/site-packages/airflow/example_dags/example_sensors.py for tasks to queue
[2024-10-21T20:45:12.660+0700] {logging_mixin.py:190} INFO - [2024-10-21T20:45:12.659+0700] {dagbag.py:588} INFO - Filling up the DagBag from /Users/punny/Documents/GitHub/NYC-Taxi-ETL-Pipeline/.venv/lib/python3.10/site-packages/airflow/example_dags/example_sensors.py
[2024-10-21T20:45:12.699+0700] {processor.py:925} INFO - DAG(s) 'example_sensors' retrieved from /Users/punny/Documents/GitHub/NYC-Taxi-ETL-Pipeline/.venv/lib/python3.10/site-packages/airflow/example_dags/example_sensors.py
[2024-10-21T20:45:13.916+0700] {logging_mixin.py:190} INFO - [2024-10-21T20:45:13.915+0700] {dag.py:3239} INFO - Sync 1 DAGs
[2024-10-21T20:45:13.941+0700] {logging_mixin.py:190} INFO - [2024-10-21T20:45:13.940+0700] {dag.py:4180} INFO - Setting next_dagrun for example_sensors to None, run_after=None
[2024-10-21T20:45:13.976+0700] {processor.py:208} INFO - Processing /Users/punny/Documents/GitHub/NYC-Taxi-ETL-Pipeline/.venv/lib/python3.10/site-packages/airflow/example_dags/example_sensors.py took 1.339 seconds
[2024-10-21T20:49:10.312+0700] {processor.py:186} INFO - Started process (PID=5374) to work on /Users/punny/Documents/GitHub/NYC-Taxi-ETL-Pipeline/.venv/lib/python3.10/site-packages/airflow/example_dags/example_sensors.py
[2024-10-21T20:49:10.315+0700] {processor.py:914} INFO - Processing file /Users/punny/Documents/GitHub/NYC-Taxi-ETL-Pipeline/.venv/lib/python3.10/site-packages/airflow/example_dags/example_sensors.py for tasks to queue
[2024-10-21T20:49:10.317+0700] {logging_mixin.py:190} INFO - [2024-10-21T20:49:10.316+0700] {dagbag.py:588} INFO - Filling up the DagBag from /Users/punny/Documents/GitHub/NYC-Taxi-ETL-Pipeline/.venv/lib/python3.10/site-packages/airflow/example_dags/example_sensors.py
[2024-10-21T20:49:10.339+0700] {processor.py:925} INFO - DAG(s) 'example_sensors' retrieved from /Users/punny/Documents/GitHub/NYC-Taxi-ETL-Pipeline/.venv/lib/python3.10/site-packages/airflow/example_dags/example_sensors.py
[2024-10-21T20:49:11.015+0700] {logging_mixin.py:190} INFO - [2024-10-21T20:49:11.014+0700] {dag.py:3239} INFO - Sync 1 DAGs
[2024-10-21T20:49:11.030+0700] {logging_mixin.py:190} INFO - [2024-10-21T20:49:11.030+0700] {dag.py:4180} INFO - Setting next_dagrun for example_sensors to None, run_after=None
[2024-10-21T20:49:11.053+0700] {processor.py:208} INFO - Processing /Users/punny/Documents/GitHub/NYC-Taxi-ETL-Pipeline/.venv/lib/python3.10/site-packages/airflow/example_dags/example_sensors.py took 0.749 seconds
[2024-10-21T20:57:04.064+0700] {processor.py:186} INFO - Started process (PID=6242) to work on /Users/punny/Documents/GitHub/NYC-Taxi-ETL-Pipeline/.venv/lib/python3.10/site-packages/airflow/example_dags/example_sensors.py
[2024-10-21T20:57:04.067+0700] {processor.py:914} INFO - Processing file /Users/punny/Documents/GitHub/NYC-Taxi-ETL-Pipeline/.venv/lib/python3.10/site-packages/airflow/example_dags/example_sensors.py for tasks to queue
[2024-10-21T20:57:04.068+0700] {logging_mixin.py:190} INFO - [2024-10-21T20:57:04.068+0700] {dagbag.py:588} INFO - Filling up the DagBag from /Users/punny/Documents/GitHub/NYC-Taxi-ETL-Pipeline/.venv/lib/python3.10/site-packages/airflow/example_dags/example_sensors.py
[2024-10-21T20:57:04.087+0700] {processor.py:925} INFO - DAG(s) 'example_sensors' retrieved from /Users/punny/Documents/GitHub/NYC-Taxi-ETL-Pipeline/.venv/lib/python3.10/site-packages/airflow/example_dags/example_sensors.py
[2024-10-21T20:57:04.893+0700] {logging_mixin.py:190} INFO - [2024-10-21T20:57:04.892+0700] {dag.py:3239} INFO - Sync 1 DAGs
[2024-10-21T20:57:04.908+0700] {logging_mixin.py:190} INFO - [2024-10-21T20:57:04.908+0700] {dag.py:4180} INFO - Setting next_dagrun for example_sensors to None, run_after=None
[2024-10-21T20:57:04.931+0700] {processor.py:208} INFO - Processing /Users/punny/Documents/GitHub/NYC-Taxi-ETL-Pipeline/.venv/lib/python3.10/site-packages/airflow/example_dags/example_sensors.py took 0.876 seconds
[2024-10-21T21:01:06.210+0700] {processor.py:186} INFO - Started process (PID=6480) to work on /Users/punny/Documents/GitHub/NYC-Taxi-ETL-Pipeline/.venv/lib/python3.10/site-packages/airflow/example_dags/example_sensors.py
[2024-10-21T21:01:06.215+0700] {processor.py:914} INFO - Processing file /Users/punny/Documents/GitHub/NYC-Taxi-ETL-Pipeline/.venv/lib/python3.10/site-packages/airflow/example_dags/example_sensors.py for tasks to queue
[2024-10-21T21:01:06.217+0700] {logging_mixin.py:190} INFO - [2024-10-21T21:01:06.217+0700] {dagbag.py:588} INFO - Filling up the DagBag from /Users/punny/Documents/GitHub/NYC-Taxi-ETL-Pipeline/.venv/lib/python3.10/site-packages/airflow/example_dags/example_sensors.py
[2024-10-21T21:01:06.260+0700] {processor.py:925} INFO - DAG(s) 'example_sensors' retrieved from /Users/punny/Documents/GitHub/NYC-Taxi-ETL-Pipeline/.venv/lib/python3.10/site-packages/airflow/example_dags/example_sensors.py
[2024-10-21T21:01:07.568+0700] {logging_mixin.py:190} INFO - [2024-10-21T21:01:07.567+0700] {dag.py:3239} INFO - Sync 1 DAGs
[2024-10-21T21:01:07.590+0700] {logging_mixin.py:190} INFO - [2024-10-21T21:01:07.590+0700] {dag.py:4180} INFO - Setting next_dagrun for example_sensors to None, run_after=None
[2024-10-21T21:01:07.629+0700] {processor.py:208} INFO - Processing /Users/punny/Documents/GitHub/NYC-Taxi-ETL-Pipeline/.venv/lib/python3.10/site-packages/airflow/example_dags/example_sensors.py took 1.440 seconds
[2024-10-21T21:05:00.096+0700] {processor.py:186} INFO - Started process (PID=6786) to work on /Users/punny/Documents/GitHub/NYC-Taxi-ETL-Pipeline/.venv/lib/python3.10/site-packages/airflow/example_dags/example_sensors.py
[2024-10-21T21:05:00.099+0700] {processor.py:914} INFO - Processing file /Users/punny/Documents/GitHub/NYC-Taxi-ETL-Pipeline/.venv/lib/python3.10/site-packages/airflow/example_dags/example_sensors.py for tasks to queue
[2024-10-21T21:05:00.101+0700] {logging_mixin.py:190} INFO - [2024-10-21T21:05:00.100+0700] {dagbag.py:588} INFO - Filling up the DagBag from /Users/punny/Documents/GitHub/NYC-Taxi-ETL-Pipeline/.venv/lib/python3.10/site-packages/airflow/example_dags/example_sensors.py
[2024-10-21T21:05:00.123+0700] {processor.py:925} INFO - DAG(s) 'example_sensors' retrieved from /Users/punny/Documents/GitHub/NYC-Taxi-ETL-Pipeline/.venv/lib/python3.10/site-packages/airflow/example_dags/example_sensors.py
[2024-10-21T21:05:00.741+0700] {logging_mixin.py:190} INFO - [2024-10-21T21:05:00.741+0700] {dag.py:3239} INFO - Sync 1 DAGs
[2024-10-21T21:05:00.756+0700] {logging_mixin.py:190} INFO - [2024-10-21T21:05:00.756+0700] {dag.py:4180} INFO - Setting next_dagrun for example_sensors to None, run_after=None
[2024-10-21T21:05:00.777+0700] {processor.py:208} INFO - Processing /Users/punny/Documents/GitHub/NYC-Taxi-ETL-Pipeline/.venv/lib/python3.10/site-packages/airflow/example_dags/example_sensors.py took 0.689 seconds
[2024-10-21T21:08:31.224+0700] {processor.py:186} INFO - Started process (PID=7094) to work on /Users/punny/Documents/GitHub/NYC-Taxi-ETL-Pipeline/.venv/lib/python3.10/site-packages/airflow/example_dags/example_sensors.py
[2024-10-21T21:08:31.238+0700] {processor.py:914} INFO - Processing file /Users/punny/Documents/GitHub/NYC-Taxi-ETL-Pipeline/.venv/lib/python3.10/site-packages/airflow/example_dags/example_sensors.py for tasks to queue
[2024-10-21T21:08:31.240+0700] {logging_mixin.py:190} INFO - [2024-10-21T21:08:31.240+0700] {dagbag.py:588} INFO - Filling up the DagBag from /Users/punny/Documents/GitHub/NYC-Taxi-ETL-Pipeline/.venv/lib/python3.10/site-packages/airflow/example_dags/example_sensors.py
[2024-10-21T21:08:31.272+0700] {processor.py:925} INFO - DAG(s) 'example_sensors' retrieved from /Users/punny/Documents/GitHub/NYC-Taxi-ETL-Pipeline/.venv/lib/python3.10/site-packages/airflow/example_dags/example_sensors.py
[2024-10-21T21:08:32.619+0700] {logging_mixin.py:190} INFO - [2024-10-21T21:08:32.619+0700] {dag.py:3239} INFO - Sync 1 DAGs
[2024-10-21T21:08:32.652+0700] {logging_mixin.py:190} INFO - [2024-10-21T21:08:32.652+0700] {dag.py:4180} INFO - Setting next_dagrun for example_sensors to None, run_after=None
[2024-10-21T21:08:32.694+0700] {processor.py:208} INFO - Processing /Users/punny/Documents/GitHub/NYC-Taxi-ETL-Pipeline/.venv/lib/python3.10/site-packages/airflow/example_dags/example_sensors.py took 1.482 seconds
[2024-10-21T21:11:41.506+0700] {processor.py:186} INFO - Started process (PID=7273) to work on /Users/punny/Documents/GitHub/NYC-Taxi-ETL-Pipeline/.venv/lib/python3.10/site-packages/airflow/example_dags/example_sensors.py
[2024-10-21T21:11:41.510+0700] {processor.py:914} INFO - Processing file /Users/punny/Documents/GitHub/NYC-Taxi-ETL-Pipeline/.venv/lib/python3.10/site-packages/airflow/example_dags/example_sensors.py for tasks to queue
[2024-10-21T21:11:41.511+0700] {logging_mixin.py:190} INFO - [2024-10-21T21:11:41.511+0700] {dagbag.py:588} INFO - Filling up the DagBag from /Users/punny/Documents/GitHub/NYC-Taxi-ETL-Pipeline/.venv/lib/python3.10/site-packages/airflow/example_dags/example_sensors.py
[2024-10-21T21:11:41.536+0700] {processor.py:925} INFO - DAG(s) 'example_sensors' retrieved from /Users/punny/Documents/GitHub/NYC-Taxi-ETL-Pipeline/.venv/lib/python3.10/site-packages/airflow/example_dags/example_sensors.py
[2024-10-21T21:11:42.313+0700] {logging_mixin.py:190} INFO - [2024-10-21T21:11:42.312+0700] {dag.py:3239} INFO - Sync 1 DAGs
[2024-10-21T21:11:42.328+0700] {logging_mixin.py:190} INFO - [2024-10-21T21:11:42.328+0700] {dag.py:4180} INFO - Setting next_dagrun for example_sensors to None, run_after=None
[2024-10-21T21:11:42.350+0700] {processor.py:208} INFO - Processing /Users/punny/Documents/GitHub/NYC-Taxi-ETL-Pipeline/.venv/lib/python3.10/site-packages/airflow/example_dags/example_sensors.py took 0.852 seconds
[2024-10-21T21:14:48.823+0700] {processor.py:186} INFO - Started process (PID=7630) to work on /Users/punny/Documents/GitHub/NYC-Taxi-ETL-Pipeline/.venv/lib/python3.10/site-packages/airflow/example_dags/example_sensors.py
[2024-10-21T21:14:48.826+0700] {processor.py:914} INFO - Processing file /Users/punny/Documents/GitHub/NYC-Taxi-ETL-Pipeline/.venv/lib/python3.10/site-packages/airflow/example_dags/example_sensors.py for tasks to queue
[2024-10-21T21:14:48.827+0700] {logging_mixin.py:190} INFO - [2024-10-21T21:14:48.827+0700] {dagbag.py:588} INFO - Filling up the DagBag from /Users/punny/Documents/GitHub/NYC-Taxi-ETL-Pipeline/.venv/lib/python3.10/site-packages/airflow/example_dags/example_sensors.py
[2024-10-21T21:14:48.853+0700] {processor.py:925} INFO - DAG(s) 'example_sensors' retrieved from /Users/punny/Documents/GitHub/NYC-Taxi-ETL-Pipeline/.venv/lib/python3.10/site-packages/airflow/example_dags/example_sensors.py
[2024-10-21T21:14:49.612+0700] {logging_mixin.py:190} INFO - [2024-10-21T21:14:49.612+0700] {dag.py:3239} INFO - Sync 1 DAGs
[2024-10-21T21:14:49.628+0700] {logging_mixin.py:190} INFO - [2024-10-21T21:14:49.628+0700] {dag.py:4180} INFO - Setting next_dagrun for example_sensors to None, run_after=None
[2024-10-21T21:14:49.650+0700] {processor.py:208} INFO - Processing /Users/punny/Documents/GitHub/NYC-Taxi-ETL-Pipeline/.venv/lib/python3.10/site-packages/airflow/example_dags/example_sensors.py took 0.835 seconds
[2024-10-21T21:18:12.758+0700] {processor.py:186} INFO - Started process (PID=7934) to work on /Users/punny/Documents/GitHub/NYC-Taxi-ETL-Pipeline/.venv/lib/python3.10/site-packages/airflow/example_dags/example_sensors.py
[2024-10-21T21:18:12.761+0700] {processor.py:914} INFO - Processing file /Users/punny/Documents/GitHub/NYC-Taxi-ETL-Pipeline/.venv/lib/python3.10/site-packages/airflow/example_dags/example_sensors.py for tasks to queue
[2024-10-21T21:18:12.763+0700] {logging_mixin.py:190} INFO - [2024-10-21T21:18:12.763+0700] {dagbag.py:588} INFO - Filling up the DagBag from /Users/punny/Documents/GitHub/NYC-Taxi-ETL-Pipeline/.venv/lib/python3.10/site-packages/airflow/example_dags/example_sensors.py
[2024-10-21T21:18:12.793+0700] {processor.py:925} INFO - DAG(s) 'example_sensors' retrieved from /Users/punny/Documents/GitHub/NYC-Taxi-ETL-Pipeline/.venv/lib/python3.10/site-packages/airflow/example_dags/example_sensors.py
[2024-10-21T21:18:13.586+0700] {logging_mixin.py:190} INFO - [2024-10-21T21:18:13.585+0700] {dag.py:3239} INFO - Sync 1 DAGs
[2024-10-21T21:18:13.608+0700] {logging_mixin.py:190} INFO - [2024-10-21T21:18:13.608+0700] {dag.py:4180} INFO - Setting next_dagrun for example_sensors to None, run_after=None
[2024-10-21T21:18:13.635+0700] {processor.py:208} INFO - Processing /Users/punny/Documents/GitHub/NYC-Taxi-ETL-Pipeline/.venv/lib/python3.10/site-packages/airflow/example_dags/example_sensors.py took 0.886 seconds
[2024-10-21T21:21:08.494+0700] {processor.py:186} INFO - Started process (PID=8098) to work on /Users/punny/Documents/GitHub/NYC-Taxi-ETL-Pipeline/.venv/lib/python3.10/site-packages/airflow/example_dags/example_sensors.py
[2024-10-21T21:21:08.497+0700] {processor.py:914} INFO - Processing file /Users/punny/Documents/GitHub/NYC-Taxi-ETL-Pipeline/.venv/lib/python3.10/site-packages/airflow/example_dags/example_sensors.py for tasks to queue
[2024-10-21T21:21:08.498+0700] {logging_mixin.py:190} INFO - [2024-10-21T21:21:08.498+0700] {dagbag.py:588} INFO - Filling up the DagBag from /Users/punny/Documents/GitHub/NYC-Taxi-ETL-Pipeline/.venv/lib/python3.10/site-packages/airflow/example_dags/example_sensors.py
[2024-10-21T21:21:08.518+0700] {processor.py:925} INFO - DAG(s) 'example_sensors' retrieved from /Users/punny/Documents/GitHub/NYC-Taxi-ETL-Pipeline/.venv/lib/python3.10/site-packages/airflow/example_dags/example_sensors.py
[2024-10-21T21:21:09.137+0700] {logging_mixin.py:190} INFO - [2024-10-21T21:21:09.136+0700] {dag.py:3239} INFO - Sync 1 DAGs
[2024-10-21T21:21:09.152+0700] {logging_mixin.py:190} INFO - [2024-10-21T21:21:09.152+0700] {dag.py:4180} INFO - Setting next_dagrun for example_sensors to None, run_after=None
[2024-10-21T21:21:09.173+0700] {processor.py:208} INFO - Processing /Users/punny/Documents/GitHub/NYC-Taxi-ETL-Pipeline/.venv/lib/python3.10/site-packages/airflow/example_dags/example_sensors.py took 0.688 seconds
[2024-10-21T21:24:03.125+0700] {processor.py:186} INFO - Started process (PID=8338) to work on /Users/punny/Documents/GitHub/NYC-Taxi-ETL-Pipeline/.venv/lib/python3.10/site-packages/airflow/example_dags/example_sensors.py
[2024-10-21T21:24:03.129+0700] {processor.py:914} INFO - Processing file /Users/punny/Documents/GitHub/NYC-Taxi-ETL-Pipeline/.venv/lib/python3.10/site-packages/airflow/example_dags/example_sensors.py for tasks to queue
[2024-10-21T21:24:03.131+0700] {logging_mixin.py:190} INFO - [2024-10-21T21:24:03.130+0700] {dagbag.py:588} INFO - Filling up the DagBag from /Users/punny/Documents/GitHub/NYC-Taxi-ETL-Pipeline/.venv/lib/python3.10/site-packages/airflow/example_dags/example_sensors.py
[2024-10-21T21:24:03.167+0700] {processor.py:925} INFO - DAG(s) 'example_sensors' retrieved from /Users/punny/Documents/GitHub/NYC-Taxi-ETL-Pipeline/.venv/lib/python3.10/site-packages/airflow/example_dags/example_sensors.py
[2024-10-21T21:24:04.080+0700] {logging_mixin.py:190} INFO - [2024-10-21T21:24:04.080+0700] {dag.py:3239} INFO - Sync 1 DAGs
[2024-10-21T21:24:04.097+0700] {logging_mixin.py:190} INFO - [2024-10-21T21:24:04.097+0700] {dag.py:4180} INFO - Setting next_dagrun for example_sensors to None, run_after=None
[2024-10-21T21:24:04.122+0700] {processor.py:208} INFO - Processing /Users/punny/Documents/GitHub/NYC-Taxi-ETL-Pipeline/.venv/lib/python3.10/site-packages/airflow/example_dags/example_sensors.py took 1.007 seconds
[2024-10-21T21:27:37.410+0700] {processor.py:186} INFO - Started process (PID=8703) to work on /Users/punny/Documents/GitHub/NYC-Taxi-ETL-Pipeline/.venv/lib/python3.10/site-packages/airflow/example_dags/example_sensors.py
[2024-10-21T21:27:37.413+0700] {processor.py:914} INFO - Processing file /Users/punny/Documents/GitHub/NYC-Taxi-ETL-Pipeline/.venv/lib/python3.10/site-packages/airflow/example_dags/example_sensors.py for tasks to queue
[2024-10-21T21:27:37.415+0700] {logging_mixin.py:190} INFO - [2024-10-21T21:27:37.414+0700] {dagbag.py:588} INFO - Filling up the DagBag from /Users/punny/Documents/GitHub/NYC-Taxi-ETL-Pipeline/.venv/lib/python3.10/site-packages/airflow/example_dags/example_sensors.py
[2024-10-21T21:27:37.435+0700] {processor.py:925} INFO - DAG(s) 'example_sensors' retrieved from /Users/punny/Documents/GitHub/NYC-Taxi-ETL-Pipeline/.venv/lib/python3.10/site-packages/airflow/example_dags/example_sensors.py
[2024-10-21T21:27:38.175+0700] {logging_mixin.py:190} INFO - [2024-10-21T21:27:38.174+0700] {dag.py:3239} INFO - Sync 1 DAGs
[2024-10-21T21:27:38.189+0700] {logging_mixin.py:190} INFO - [2024-10-21T21:27:38.188+0700] {dag.py:4180} INFO - Setting next_dagrun for example_sensors to None, run_after=None
[2024-10-21T21:27:38.210+0700] {processor.py:208} INFO - Processing /Users/punny/Documents/GitHub/NYC-Taxi-ETL-Pipeline/.venv/lib/python3.10/site-packages/airflow/example_dags/example_sensors.py took 0.808 seconds
[2024-10-21T21:30:32.577+0700] {processor.py:186} INFO - Started process (PID=8935) to work on /Users/punny/Documents/GitHub/NYC-Taxi-ETL-Pipeline/.venv/lib/python3.10/site-packages/airflow/example_dags/example_sensors.py
[2024-10-21T21:30:32.580+0700] {processor.py:914} INFO - Processing file /Users/punny/Documents/GitHub/NYC-Taxi-ETL-Pipeline/.venv/lib/python3.10/site-packages/airflow/example_dags/example_sensors.py for tasks to queue
[2024-10-21T21:30:32.581+0700] {logging_mixin.py:190} INFO - [2024-10-21T21:30:32.581+0700] {dagbag.py:588} INFO - Filling up the DagBag from /Users/punny/Documents/GitHub/NYC-Taxi-ETL-Pipeline/.venv/lib/python3.10/site-packages/airflow/example_dags/example_sensors.py
[2024-10-21T21:30:32.605+0700] {processor.py:925} INFO - DAG(s) 'example_sensors' retrieved from /Users/punny/Documents/GitHub/NYC-Taxi-ETL-Pipeline/.venv/lib/python3.10/site-packages/airflow/example_dags/example_sensors.py
[2024-10-21T21:30:33.477+0700] {logging_mixin.py:190} INFO - [2024-10-21T21:30:33.477+0700] {dag.py:3239} INFO - Sync 1 DAGs
[2024-10-21T21:30:33.492+0700] {logging_mixin.py:190} INFO - [2024-10-21T21:30:33.492+0700] {dag.py:4180} INFO - Setting next_dagrun for example_sensors to None, run_after=None
[2024-10-21T21:30:33.518+0700] {processor.py:208} INFO - Processing /Users/punny/Documents/GitHub/NYC-Taxi-ETL-Pipeline/.venv/lib/python3.10/site-packages/airflow/example_dags/example_sensors.py took 0.954 seconds
[2024-10-21T21:33:21.978+0700] {processor.py:186} INFO - Started process (PID=9162) to work on /Users/punny/Documents/GitHub/NYC-Taxi-ETL-Pipeline/.venv/lib/python3.10/site-packages/airflow/example_dags/example_sensors.py
[2024-10-21T21:33:21.981+0700] {processor.py:914} INFO - Processing file /Users/punny/Documents/GitHub/NYC-Taxi-ETL-Pipeline/.venv/lib/python3.10/site-packages/airflow/example_dags/example_sensors.py for tasks to queue
[2024-10-21T21:33:21.982+0700] {logging_mixin.py:190} INFO - [2024-10-21T21:33:21.982+0700] {dagbag.py:588} INFO - Filling up the DagBag from /Users/punny/Documents/GitHub/NYC-Taxi-ETL-Pipeline/.venv/lib/python3.10/site-packages/airflow/example_dags/example_sensors.py
[2024-10-21T21:33:22.005+0700] {processor.py:925} INFO - DAG(s) 'example_sensors' retrieved from /Users/punny/Documents/GitHub/NYC-Taxi-ETL-Pipeline/.venv/lib/python3.10/site-packages/airflow/example_dags/example_sensors.py
[2024-10-21T21:33:22.869+0700] {logging_mixin.py:190} INFO - [2024-10-21T21:33:22.869+0700] {dag.py:3239} INFO - Sync 1 DAGs
[2024-10-21T21:33:22.884+0700] {logging_mixin.py:190} INFO - [2024-10-21T21:33:22.884+0700] {dag.py:4180} INFO - Setting next_dagrun for example_sensors to None, run_after=None
[2024-10-21T21:33:22.905+0700] {processor.py:208} INFO - Processing /Users/punny/Documents/GitHub/NYC-Taxi-ETL-Pipeline/.venv/lib/python3.10/site-packages/airflow/example_dags/example_sensors.py took 0.935 seconds
[2024-10-21T21:36:20.002+0700] {processor.py:186} INFO - Started process (PID=9399) to work on /Users/punny/Documents/GitHub/NYC-Taxi-ETL-Pipeline/.venv/lib/python3.10/site-packages/airflow/example_dags/example_sensors.py
[2024-10-21T21:36:20.006+0700] {processor.py:914} INFO - Processing file /Users/punny/Documents/GitHub/NYC-Taxi-ETL-Pipeline/.venv/lib/python3.10/site-packages/airflow/example_dags/example_sensors.py for tasks to queue
[2024-10-21T21:36:20.007+0700] {logging_mixin.py:190} INFO - [2024-10-21T21:36:20.007+0700] {dagbag.py:588} INFO - Filling up the DagBag from /Users/punny/Documents/GitHub/NYC-Taxi-ETL-Pipeline/.venv/lib/python3.10/site-packages/airflow/example_dags/example_sensors.py
[2024-10-21T21:36:20.028+0700] {processor.py:925} INFO - DAG(s) 'example_sensors' retrieved from /Users/punny/Documents/GitHub/NYC-Taxi-ETL-Pipeline/.venv/lib/python3.10/site-packages/airflow/example_dags/example_sensors.py
[2024-10-21T21:36:20.659+0700] {logging_mixin.py:190} INFO - [2024-10-21T21:36:20.658+0700] {dag.py:3239} INFO - Sync 1 DAGs
[2024-10-21T21:36:20.674+0700] {logging_mixin.py:190} INFO - [2024-10-21T21:36:20.673+0700] {dag.py:4180} INFO - Setting next_dagrun for example_sensors to None, run_after=None
[2024-10-21T21:36:20.694+0700] {processor.py:208} INFO - Processing /Users/punny/Documents/GitHub/NYC-Taxi-ETL-Pipeline/.venv/lib/python3.10/site-packages/airflow/example_dags/example_sensors.py took 0.699 seconds
[2024-10-21T21:40:10.299+0700] {processor.py:186} INFO - Started process (PID=9791) to work on /Users/punny/Documents/GitHub/NYC-Taxi-ETL-Pipeline/.venv/lib/python3.10/site-packages/airflow/example_dags/example_sensors.py
[2024-10-21T21:40:10.302+0700] {processor.py:914} INFO - Processing file /Users/punny/Documents/GitHub/NYC-Taxi-ETL-Pipeline/.venv/lib/python3.10/site-packages/airflow/example_dags/example_sensors.py for tasks to queue
[2024-10-21T21:40:10.303+0700] {logging_mixin.py:190} INFO - [2024-10-21T21:40:10.303+0700] {dagbag.py:588} INFO - Filling up the DagBag from /Users/punny/Documents/GitHub/NYC-Taxi-ETL-Pipeline/.venv/lib/python3.10/site-packages/airflow/example_dags/example_sensors.py
[2024-10-21T21:40:10.324+0700] {processor.py:925} INFO - DAG(s) 'example_sensors' retrieved from /Users/punny/Documents/GitHub/NYC-Taxi-ETL-Pipeline/.venv/lib/python3.10/site-packages/airflow/example_dags/example_sensors.py
[2024-10-21T21:40:10.967+0700] {logging_mixin.py:190} INFO - [2024-10-21T21:40:10.966+0700] {dag.py:3239} INFO - Sync 1 DAGs
[2024-10-21T21:40:10.981+0700] {logging_mixin.py:190} INFO - [2024-10-21T21:40:10.981+0700] {dag.py:4180} INFO - Setting next_dagrun for example_sensors to None, run_after=None
[2024-10-21T21:40:11.002+0700] {processor.py:208} INFO - Processing /Users/punny/Documents/GitHub/NYC-Taxi-ETL-Pipeline/.venv/lib/python3.10/site-packages/airflow/example_dags/example_sensors.py took 0.711 seconds
[2024-10-21T21:43:37.415+0700] {processor.py:186} INFO - Started process (PID=10085) to work on /Users/punny/Documents/GitHub/NYC-Taxi-ETL-Pipeline/.venv/lib/python3.10/site-packages/airflow/example_dags/example_sensors.py
[2024-10-21T21:43:37.419+0700] {processor.py:914} INFO - Processing file /Users/punny/Documents/GitHub/NYC-Taxi-ETL-Pipeline/.venv/lib/python3.10/site-packages/airflow/example_dags/example_sensors.py for tasks to queue
[2024-10-21T21:43:37.421+0700] {logging_mixin.py:190} INFO - [2024-10-21T21:43:37.420+0700] {dagbag.py:588} INFO - Filling up the DagBag from /Users/punny/Documents/GitHub/NYC-Taxi-ETL-Pipeline/.venv/lib/python3.10/site-packages/airflow/example_dags/example_sensors.py
[2024-10-21T21:43:37.440+0700] {processor.py:925} INFO - DAG(s) 'example_sensors' retrieved from /Users/punny/Documents/GitHub/NYC-Taxi-ETL-Pipeline/.venv/lib/python3.10/site-packages/airflow/example_dags/example_sensors.py
[2024-10-21T21:43:38.077+0700] {logging_mixin.py:190} INFO - [2024-10-21T21:43:38.076+0700] {dag.py:3239} INFO - Sync 1 DAGs
[2024-10-21T21:43:38.091+0700] {logging_mixin.py:190} INFO - [2024-10-21T21:43:38.091+0700] {dag.py:4180} INFO - Setting next_dagrun for example_sensors to None, run_after=None
[2024-10-21T21:43:38.113+0700] {processor.py:208} INFO - Processing /Users/punny/Documents/GitHub/NYC-Taxi-ETL-Pipeline/.venv/lib/python3.10/site-packages/airflow/example_dags/example_sensors.py took 0.706 seconds
[2024-10-21T21:47:07.874+0700] {processor.py:186} INFO - Started process (PID=10459) to work on /Users/punny/Documents/GitHub/NYC-Taxi-ETL-Pipeline/.venv/lib/python3.10/site-packages/airflow/example_dags/example_sensors.py
[2024-10-21T21:47:07.879+0700] {processor.py:914} INFO - Processing file /Users/punny/Documents/GitHub/NYC-Taxi-ETL-Pipeline/.venv/lib/python3.10/site-packages/airflow/example_dags/example_sensors.py for tasks to queue
[2024-10-21T21:47:07.881+0700] {logging_mixin.py:190} INFO - [2024-10-21T21:47:07.880+0700] {dagbag.py:588} INFO - Filling up the DagBag from /Users/punny/Documents/GitHub/NYC-Taxi-ETL-Pipeline/.venv/lib/python3.10/site-packages/airflow/example_dags/example_sensors.py
[2024-10-21T21:47:07.922+0700] {processor.py:925} INFO - DAG(s) 'example_sensors' retrieved from /Users/punny/Documents/GitHub/NYC-Taxi-ETL-Pipeline/.venv/lib/python3.10/site-packages/airflow/example_dags/example_sensors.py
[2024-10-21T21:47:08.913+0700] {logging_mixin.py:190} INFO - [2024-10-21T21:47:08.913+0700] {dag.py:3239} INFO - Sync 1 DAGs
[2024-10-21T21:47:08.948+0700] {logging_mixin.py:190} INFO - [2024-10-21T21:47:08.947+0700] {dag.py:4180} INFO - Setting next_dagrun for example_sensors to None, run_after=None
[2024-10-21T21:47:08.970+0700] {processor.py:208} INFO - Processing /Users/punny/Documents/GitHub/NYC-Taxi-ETL-Pipeline/.venv/lib/python3.10/site-packages/airflow/example_dags/example_sensors.py took 1.106 seconds
[2024-10-21T21:51:36.572+0700] {processor.py:186} INFO - Started process (PID=10811) to work on /Users/punny/Documents/GitHub/NYC-Taxi-ETL-Pipeline/.venv/lib/python3.10/site-packages/airflow/example_dags/example_sensors.py
[2024-10-21T21:51:36.575+0700] {processor.py:914} INFO - Processing file /Users/punny/Documents/GitHub/NYC-Taxi-ETL-Pipeline/.venv/lib/python3.10/site-packages/airflow/example_dags/example_sensors.py for tasks to queue
[2024-10-21T21:51:36.576+0700] {logging_mixin.py:190} INFO - [2024-10-21T21:51:36.576+0700] {dagbag.py:588} INFO - Filling up the DagBag from /Users/punny/Documents/GitHub/NYC-Taxi-ETL-Pipeline/.venv/lib/python3.10/site-packages/airflow/example_dags/example_sensors.py
[2024-10-21T21:51:36.595+0700] {processor.py:925} INFO - DAG(s) 'example_sensors' retrieved from /Users/punny/Documents/GitHub/NYC-Taxi-ETL-Pipeline/.venv/lib/python3.10/site-packages/airflow/example_dags/example_sensors.py
[2024-10-21T21:51:37.206+0700] {logging_mixin.py:190} INFO - [2024-10-21T21:51:37.206+0700] {dag.py:3239} INFO - Sync 1 DAGs
[2024-10-21T21:51:37.221+0700] {logging_mixin.py:190} INFO - [2024-10-21T21:51:37.220+0700] {dag.py:4180} INFO - Setting next_dagrun for example_sensors to None, run_after=None
[2024-10-21T21:51:37.243+0700] {processor.py:208} INFO - Processing /Users/punny/Documents/GitHub/NYC-Taxi-ETL-Pipeline/.venv/lib/python3.10/site-packages/airflow/example_dags/example_sensors.py took 0.679 seconds
[2024-10-21T21:56:00.659+0700] {processor.py:186} INFO - Started process (PID=11307) to work on /Users/punny/Documents/GitHub/NYC-Taxi-ETL-Pipeline/.venv/lib/python3.10/site-packages/airflow/example_dags/example_sensors.py
[2024-10-21T21:56:00.662+0700] {processor.py:914} INFO - Processing file /Users/punny/Documents/GitHub/NYC-Taxi-ETL-Pipeline/.venv/lib/python3.10/site-packages/airflow/example_dags/example_sensors.py for tasks to queue
[2024-10-21T21:56:00.663+0700] {logging_mixin.py:190} INFO - [2024-10-21T21:56:00.663+0700] {dagbag.py:588} INFO - Filling up the DagBag from /Users/punny/Documents/GitHub/NYC-Taxi-ETL-Pipeline/.venv/lib/python3.10/site-packages/airflow/example_dags/example_sensors.py
[2024-10-21T21:56:00.691+0700] {processor.py:925} INFO - DAG(s) 'example_sensors' retrieved from /Users/punny/Documents/GitHub/NYC-Taxi-ETL-Pipeline/.venv/lib/python3.10/site-packages/airflow/example_dags/example_sensors.py
[2024-10-21T21:56:01.447+0700] {logging_mixin.py:190} INFO - [2024-10-21T21:56:01.446+0700] {dag.py:3239} INFO - Sync 1 DAGs
[2024-10-21T21:56:01.460+0700] {logging_mixin.py:190} INFO - [2024-10-21T21:56:01.460+0700] {dag.py:4180} INFO - Setting next_dagrun for example_sensors to None, run_after=None
[2024-10-21T21:56:01.482+0700] {processor.py:208} INFO - Processing /Users/punny/Documents/GitHub/NYC-Taxi-ETL-Pipeline/.venv/lib/python3.10/site-packages/airflow/example_dags/example_sensors.py took 0.833 seconds
[2024-10-21T21:59:58.357+0700] {processor.py:186} INFO - Started process (PID=11765) to work on /Users/punny/Documents/GitHub/NYC-Taxi-ETL-Pipeline/.venv/lib/python3.10/site-packages/airflow/example_dags/example_sensors.py
[2024-10-21T21:59:58.366+0700] {processor.py:914} INFO - Processing file /Users/punny/Documents/GitHub/NYC-Taxi-ETL-Pipeline/.venv/lib/python3.10/site-packages/airflow/example_dags/example_sensors.py for tasks to queue
[2024-10-21T21:59:58.367+0700] {logging_mixin.py:190} INFO - [2024-10-21T21:59:58.367+0700] {dagbag.py:588} INFO - Filling up the DagBag from /Users/punny/Documents/GitHub/NYC-Taxi-ETL-Pipeline/.venv/lib/python3.10/site-packages/airflow/example_dags/example_sensors.py
[2024-10-21T21:59:58.389+0700] {processor.py:925} INFO - DAG(s) 'example_sensors' retrieved from /Users/punny/Documents/GitHub/NYC-Taxi-ETL-Pipeline/.venv/lib/python3.10/site-packages/airflow/example_dags/example_sensors.py
[2024-10-21T21:59:59.367+0700] {logging_mixin.py:190} INFO - [2024-10-21T21:59:59.367+0700] {dag.py:3239} INFO - Sync 1 DAGs
[2024-10-21T21:59:59.382+0700] {logging_mixin.py:190} INFO - [2024-10-21T21:59:59.382+0700] {dag.py:4180} INFO - Setting next_dagrun for example_sensors to None, run_after=None
[2024-10-21T21:59:59.409+0700] {processor.py:208} INFO - Processing /Users/punny/Documents/GitHub/NYC-Taxi-ETL-Pipeline/.venv/lib/python3.10/site-packages/airflow/example_dags/example_sensors.py took 1.062 seconds
[2024-10-21T22:16:59.936+0700] {processor.py:186} INFO - Started process (PID=12072) to work on /Users/punny/Documents/GitHub/NYC-Taxi-ETL-Pipeline/.venv/lib/python3.10/site-packages/airflow/example_dags/example_sensors.py
[2024-10-21T22:16:59.940+0700] {processor.py:914} INFO - Processing file /Users/punny/Documents/GitHub/NYC-Taxi-ETL-Pipeline/.venv/lib/python3.10/site-packages/airflow/example_dags/example_sensors.py for tasks to queue
[2024-10-21T22:16:59.941+0700] {logging_mixin.py:190} INFO - [2024-10-21T22:16:59.941+0700] {dagbag.py:588} INFO - Filling up the DagBag from /Users/punny/Documents/GitHub/NYC-Taxi-ETL-Pipeline/.venv/lib/python3.10/site-packages/airflow/example_dags/example_sensors.py
[2024-10-21T22:16:59.964+0700] {processor.py:925} INFO - DAG(s) 'example_sensors' retrieved from /Users/punny/Documents/GitHub/NYC-Taxi-ETL-Pipeline/.venv/lib/python3.10/site-packages/airflow/example_dags/example_sensors.py
[2024-10-21T22:17:00.729+0700] {logging_mixin.py:190} INFO - [2024-10-21T22:17:00.728+0700] {dag.py:3239} INFO - Sync 1 DAGs
[2024-10-21T22:17:00.744+0700] {logging_mixin.py:190} INFO - [2024-10-21T22:17:00.743+0700] {dag.py:4180} INFO - Setting next_dagrun for example_sensors to None, run_after=None
[2024-10-21T22:17:00.767+0700] {processor.py:208} INFO - Processing /Users/punny/Documents/GitHub/NYC-Taxi-ETL-Pipeline/.venv/lib/python3.10/site-packages/airflow/example_dags/example_sensors.py took 0.839 seconds
[2024-10-21T22:20:28.434+0700] {processor.py:186} INFO - Started process (PID=12452) to work on /Users/punny/Documents/GitHub/NYC-Taxi-ETL-Pipeline/.venv/lib/python3.10/site-packages/airflow/example_dags/example_sensors.py
[2024-10-21T22:20:28.439+0700] {processor.py:914} INFO - Processing file /Users/punny/Documents/GitHub/NYC-Taxi-ETL-Pipeline/.venv/lib/python3.10/site-packages/airflow/example_dags/example_sensors.py for tasks to queue
[2024-10-21T22:20:28.441+0700] {logging_mixin.py:190} INFO - [2024-10-21T22:20:28.440+0700] {dagbag.py:588} INFO - Filling up the DagBag from /Users/punny/Documents/GitHub/NYC-Taxi-ETL-Pipeline/.venv/lib/python3.10/site-packages/airflow/example_dags/example_sensors.py
[2024-10-21T22:20:28.466+0700] {processor.py:925} INFO - DAG(s) 'example_sensors' retrieved from /Users/punny/Documents/GitHub/NYC-Taxi-ETL-Pipeline/.venv/lib/python3.10/site-packages/airflow/example_dags/example_sensors.py
[2024-10-21T22:20:29.201+0700] {logging_mixin.py:190} INFO - [2024-10-21T22:20:29.201+0700] {dag.py:3239} INFO - Sync 1 DAGs
[2024-10-21T22:20:29.219+0700] {logging_mixin.py:190} INFO - [2024-10-21T22:20:29.219+0700] {dag.py:4180} INFO - Setting next_dagrun for example_sensors to None, run_after=None
[2024-10-21T22:20:29.246+0700] {processor.py:208} INFO - Processing /Users/punny/Documents/GitHub/NYC-Taxi-ETL-Pipeline/.venv/lib/python3.10/site-packages/airflow/example_dags/example_sensors.py took 0.824 seconds
[2024-10-21T22:25:32.738+0700] {processor.py:186} INFO - Started process (PID=13280) to work on /Users/punny/Documents/GitHub/NYC-Taxi-ETL-Pipeline/.venv/lib/python3.10/site-packages/airflow/example_dags/example_sensors.py
[2024-10-21T22:25:32.742+0700] {processor.py:914} INFO - Processing file /Users/punny/Documents/GitHub/NYC-Taxi-ETL-Pipeline/.venv/lib/python3.10/site-packages/airflow/example_dags/example_sensors.py for tasks to queue
[2024-10-21T22:25:32.743+0700] {logging_mixin.py:190} INFO - [2024-10-21T22:25:32.743+0700] {dagbag.py:588} INFO - Filling up the DagBag from /Users/punny/Documents/GitHub/NYC-Taxi-ETL-Pipeline/.venv/lib/python3.10/site-packages/airflow/example_dags/example_sensors.py
[2024-10-21T22:25:32.763+0700] {processor.py:925} INFO - DAG(s) 'example_sensors' retrieved from /Users/punny/Documents/GitHub/NYC-Taxi-ETL-Pipeline/.venv/lib/python3.10/site-packages/airflow/example_dags/example_sensors.py
[2024-10-21T22:25:33.633+0700] {logging_mixin.py:190} INFO - [2024-10-21T22:25:33.633+0700] {dag.py:3239} INFO - Sync 1 DAGs
[2024-10-21T22:25:33.650+0700] {logging_mixin.py:190} INFO - [2024-10-21T22:25:33.650+0700] {dag.py:4180} INFO - Setting next_dagrun for example_sensors to None, run_after=None
[2024-10-21T22:25:33.679+0700] {processor.py:208} INFO - Processing /Users/punny/Documents/GitHub/NYC-Taxi-ETL-Pipeline/.venv/lib/python3.10/site-packages/airflow/example_dags/example_sensors.py took 0.950 seconds
[2024-10-21T22:28:57.543+0700] {processor.py:186} INFO - Started process (PID=13578) to work on /Users/punny/Documents/GitHub/NYC-Taxi-ETL-Pipeline/.venv/lib/python3.10/site-packages/airflow/example_dags/example_sensors.py
[2024-10-21T22:28:57.546+0700] {processor.py:914} INFO - Processing file /Users/punny/Documents/GitHub/NYC-Taxi-ETL-Pipeline/.venv/lib/python3.10/site-packages/airflow/example_dags/example_sensors.py for tasks to queue
[2024-10-21T22:28:57.547+0700] {logging_mixin.py:190} INFO - [2024-10-21T22:28:57.547+0700] {dagbag.py:588} INFO - Filling up the DagBag from /Users/punny/Documents/GitHub/NYC-Taxi-ETL-Pipeline/.venv/lib/python3.10/site-packages/airflow/example_dags/example_sensors.py
[2024-10-21T22:28:57.570+0700] {processor.py:925} INFO - DAG(s) 'example_sensors' retrieved from /Users/punny/Documents/GitHub/NYC-Taxi-ETL-Pipeline/.venv/lib/python3.10/site-packages/airflow/example_dags/example_sensors.py
[2024-10-21T22:28:58.250+0700] {logging_mixin.py:190} INFO - [2024-10-21T22:28:58.249+0700] {dag.py:3239} INFO - Sync 1 DAGs
[2024-10-21T22:28:58.265+0700] {logging_mixin.py:190} INFO - [2024-10-21T22:28:58.265+0700] {dag.py:4180} INFO - Setting next_dagrun for example_sensors to None, run_after=None
[2024-10-21T22:28:58.287+0700] {processor.py:208} INFO - Processing /Users/punny/Documents/GitHub/NYC-Taxi-ETL-Pipeline/.venv/lib/python3.10/site-packages/airflow/example_dags/example_sensors.py took 0.752 seconds
[2024-10-21T22:31:51.163+0700] {processor.py:186} INFO - Started process (PID=13736) to work on /Users/punny/Documents/GitHub/NYC-Taxi-ETL-Pipeline/.venv/lib/python3.10/site-packages/airflow/example_dags/example_sensors.py
[2024-10-21T22:31:51.167+0700] {processor.py:914} INFO - Processing file /Users/punny/Documents/GitHub/NYC-Taxi-ETL-Pipeline/.venv/lib/python3.10/site-packages/airflow/example_dags/example_sensors.py for tasks to queue
[2024-10-21T22:31:51.168+0700] {logging_mixin.py:190} INFO - [2024-10-21T22:31:51.168+0700] {dagbag.py:588} INFO - Filling up the DagBag from /Users/punny/Documents/GitHub/NYC-Taxi-ETL-Pipeline/.venv/lib/python3.10/site-packages/airflow/example_dags/example_sensors.py
[2024-10-21T22:31:51.188+0700] {processor.py:925} INFO - DAG(s) 'example_sensors' retrieved from /Users/punny/Documents/GitHub/NYC-Taxi-ETL-Pipeline/.venv/lib/python3.10/site-packages/airflow/example_dags/example_sensors.py
[2024-10-21T22:31:51.833+0700] {logging_mixin.py:190} INFO - [2024-10-21T22:31:51.833+0700] {dag.py:3239} INFO - Sync 1 DAGs
[2024-10-21T22:31:51.848+0700] {logging_mixin.py:190} INFO - [2024-10-21T22:31:51.847+0700] {dag.py:4180} INFO - Setting next_dagrun for example_sensors to None, run_after=None
[2024-10-21T22:31:51.871+0700] {processor.py:208} INFO - Processing /Users/punny/Documents/GitHub/NYC-Taxi-ETL-Pipeline/.venv/lib/python3.10/site-packages/airflow/example_dags/example_sensors.py took 0.717 seconds
