[2024-10-21T12:22:21.610+0700] {processor.py:186} INFO - Started process (PID=34064) to work on /Users/punny/Documents/GitHub/NYC-Taxi-ETL-Pipeline/.venv/lib/python3.10/site-packages/airflow/example_dags/example_trigger_controller_dag.py
[2024-10-21T12:22:21.615+0700] {processor.py:914} INFO - Processing file /Users/punny/Documents/GitHub/NYC-Taxi-ETL-Pipeline/.venv/lib/python3.10/site-packages/airflow/example_dags/example_trigger_controller_dag.py for tasks to queue
[2024-10-21T12:22:21.617+0700] {logging_mixin.py:190} INFO - [2024-10-21T12:22:21.616+0700] {dagbag.py:588} INFO - Filling up the DagBag from /Users/punny/Documents/GitHub/NYC-Taxi-ETL-Pipeline/.venv/lib/python3.10/site-packages/airflow/example_dags/example_trigger_controller_dag.py
[2024-10-21T12:22:21.647+0700] {processor.py:925} INFO - DAG(s) 'example_trigger_controller_dag' retrieved from /Users/punny/Documents/GitHub/NYC-Taxi-ETL-Pipeline/.venv/lib/python3.10/site-packages/airflow/example_dags/example_trigger_controller_dag.py
[2024-10-21T12:22:21.958+0700] {logging_mixin.py:190} INFO - [2024-10-21T12:22:21.957+0700] {dag.py:3239} INFO - Sync 1 DAGs
[2024-10-21T12:22:21.996+0700] {logging_mixin.py:190} INFO - [2024-10-21T12:22:21.996+0700] {dag.py:4180} INFO - Setting next_dagrun for example_trigger_controller_dag to 2021-01-01 00:00:00+00:00, run_after=2021-01-01 00:00:00+00:00
[2024-10-21T12:22:22.035+0700] {processor.py:208} INFO - Processing /Users/punny/Documents/GitHub/NYC-Taxi-ETL-Pipeline/.venv/lib/python3.10/site-packages/airflow/example_dags/example_trigger_controller_dag.py took 0.440 seconds
[2024-10-21T13:57:19.076+0700] {processor.py:186} INFO - Started process (PID=34925) to work on /Users/punny/Documents/GitHub/NYC-Taxi-ETL-Pipeline/.venv/lib/python3.10/site-packages/airflow/example_dags/example_trigger_controller_dag.py
[2024-10-21T13:57:19.081+0700] {processor.py:914} INFO - Processing file /Users/punny/Documents/GitHub/NYC-Taxi-ETL-Pipeline/.venv/lib/python3.10/site-packages/airflow/example_dags/example_trigger_controller_dag.py for tasks to queue
[2024-10-21T13:57:19.083+0700] {logging_mixin.py:190} INFO - [2024-10-21T13:57:19.082+0700] {dagbag.py:588} INFO - Filling up the DagBag from /Users/punny/Documents/GitHub/NYC-Taxi-ETL-Pipeline/.venv/lib/python3.10/site-packages/airflow/example_dags/example_trigger_controller_dag.py
[2024-10-21T13:57:19.105+0700] {processor.py:925} INFO - DAG(s) 'example_trigger_controller_dag' retrieved from /Users/punny/Documents/GitHub/NYC-Taxi-ETL-Pipeline/.venv/lib/python3.10/site-packages/airflow/example_dags/example_trigger_controller_dag.py
[2024-10-21T13:57:19.378+0700] {logging_mixin.py:190} INFO - [2024-10-21T13:57:19.378+0700] {dag.py:3239} INFO - Sync 1 DAGs
[2024-10-21T13:57:19.414+0700] {logging_mixin.py:190} INFO - [2024-10-21T13:57:19.414+0700] {dag.py:4180} INFO - Setting next_dagrun for example_trigger_controller_dag to 2021-01-01 00:00:00+00:00, run_after=2021-01-01 00:00:00+00:00
[2024-10-21T13:57:19.449+0700] {processor.py:208} INFO - Processing /Users/punny/Documents/GitHub/NYC-Taxi-ETL-Pipeline/.venv/lib/python3.10/site-packages/airflow/example_dags/example_trigger_controller_dag.py took 0.392 seconds
[2024-10-21T14:47:54.001+0700] {processor.py:186} INFO - Started process (PID=35719) to work on /Users/punny/Documents/GitHub/NYC-Taxi-ETL-Pipeline/.venv/lib/python3.10/site-packages/airflow/example_dags/example_trigger_controller_dag.py
[2024-10-21T14:47:54.006+0700] {processor.py:914} INFO - Processing file /Users/punny/Documents/GitHub/NYC-Taxi-ETL-Pipeline/.venv/lib/python3.10/site-packages/airflow/example_dags/example_trigger_controller_dag.py for tasks to queue
[2024-10-21T14:47:54.008+0700] {logging_mixin.py:190} INFO - [2024-10-21T14:47:54.008+0700] {dagbag.py:588} INFO - Filling up the DagBag from /Users/punny/Documents/GitHub/NYC-Taxi-ETL-Pipeline/.venv/lib/python3.10/site-packages/airflow/example_dags/example_trigger_controller_dag.py
[2024-10-21T14:47:54.034+0700] {processor.py:925} INFO - DAG(s) 'example_trigger_controller_dag' retrieved from /Users/punny/Documents/GitHub/NYC-Taxi-ETL-Pipeline/.venv/lib/python3.10/site-packages/airflow/example_dags/example_trigger_controller_dag.py
[2024-10-21T14:47:54.370+0700] {logging_mixin.py:190} INFO - [2024-10-21T14:47:54.369+0700] {dag.py:3239} INFO - Sync 1 DAGs
[2024-10-21T14:47:54.408+0700] {logging_mixin.py:190} INFO - [2024-10-21T14:47:54.408+0700] {dag.py:4180} INFO - Setting next_dagrun for example_trigger_controller_dag to 2021-01-01 00:00:00+00:00, run_after=2021-01-01 00:00:00+00:00
[2024-10-21T14:47:54.444+0700] {processor.py:208} INFO - Processing /Users/punny/Documents/GitHub/NYC-Taxi-ETL-Pipeline/.venv/lib/python3.10/site-packages/airflow/example_dags/example_trigger_controller_dag.py took 0.453 seconds
[2024-10-21T14:51:26.636+0700] {processor.py:186} INFO - Started process (PID=36414) to work on /Users/punny/Documents/GitHub/NYC-Taxi-ETL-Pipeline/.venv/lib/python3.10/site-packages/airflow/example_dags/example_trigger_controller_dag.py
[2024-10-21T14:51:26.639+0700] {processor.py:914} INFO - Processing file /Users/punny/Documents/GitHub/NYC-Taxi-ETL-Pipeline/.venv/lib/python3.10/site-packages/airflow/example_dags/example_trigger_controller_dag.py for tasks to queue
[2024-10-21T14:51:26.641+0700] {logging_mixin.py:190} INFO - [2024-10-21T14:51:26.640+0700] {dagbag.py:588} INFO - Filling up the DagBag from /Users/punny/Documents/GitHub/NYC-Taxi-ETL-Pipeline/.venv/lib/python3.10/site-packages/airflow/example_dags/example_trigger_controller_dag.py
[2024-10-21T14:51:26.655+0700] {processor.py:925} INFO - DAG(s) 'example_trigger_controller_dag' retrieved from /Users/punny/Documents/GitHub/NYC-Taxi-ETL-Pipeline/.venv/lib/python3.10/site-packages/airflow/example_dags/example_trigger_controller_dag.py
[2024-10-21T14:51:27.037+0700] {logging_mixin.py:190} INFO - [2024-10-21T14:51:27.036+0700] {dag.py:3239} INFO - Sync 1 DAGs
[2024-10-21T14:51:27.061+0700] {logging_mixin.py:190} INFO - [2024-10-21T14:51:27.061+0700] {dag.py:4180} INFO - Setting next_dagrun for example_trigger_controller_dag to 2021-01-01 00:00:00+00:00, run_after=2021-01-01 00:00:00+00:00
[2024-10-21T14:51:27.090+0700] {processor.py:208} INFO - Processing /Users/punny/Documents/GitHub/NYC-Taxi-ETL-Pipeline/.venv/lib/python3.10/site-packages/airflow/example_dags/example_trigger_controller_dag.py took 0.465 seconds
[2024-10-21T14:55:03.847+0700] {processor.py:186} INFO - Started process (PID=36938) to work on /Users/punny/Documents/GitHub/NYC-Taxi-ETL-Pipeline/.venv/lib/python3.10/site-packages/airflow/example_dags/example_trigger_controller_dag.py
[2024-10-21T14:55:03.852+0700] {processor.py:914} INFO - Processing file /Users/punny/Documents/GitHub/NYC-Taxi-ETL-Pipeline/.venv/lib/python3.10/site-packages/airflow/example_dags/example_trigger_controller_dag.py for tasks to queue
[2024-10-21T14:55:03.854+0700] {logging_mixin.py:190} INFO - [2024-10-21T14:55:03.853+0700] {dagbag.py:588} INFO - Filling up the DagBag from /Users/punny/Documents/GitHub/NYC-Taxi-ETL-Pipeline/.venv/lib/python3.10/site-packages/airflow/example_dags/example_trigger_controller_dag.py
[2024-10-21T14:55:03.872+0700] {processor.py:925} INFO - DAG(s) 'example_trigger_controller_dag' retrieved from /Users/punny/Documents/GitHub/NYC-Taxi-ETL-Pipeline/.venv/lib/python3.10/site-packages/airflow/example_dags/example_trigger_controller_dag.py
[2024-10-21T14:55:04.119+0700] {logging_mixin.py:190} INFO - [2024-10-21T14:55:04.117+0700] {dag.py:3239} INFO - Sync 1 DAGs
[2024-10-21T14:55:04.149+0700] {logging_mixin.py:190} INFO - [2024-10-21T14:55:04.147+0700] {dag.py:4180} INFO - Setting next_dagrun for example_trigger_controller_dag to 2021-01-01 00:00:00+00:00, run_after=2021-01-01 00:00:00+00:00
[2024-10-21T14:55:04.174+0700] {processor.py:208} INFO - Processing /Users/punny/Documents/GitHub/NYC-Taxi-ETL-Pipeline/.venv/lib/python3.10/site-packages/airflow/example_dags/example_trigger_controller_dag.py took 0.335 seconds
[2024-10-21T14:59:35.991+0700] {processor.py:186} INFO - Started process (PID=37615) to work on /Users/punny/Documents/GitHub/NYC-Taxi-ETL-Pipeline/.venv/lib/python3.10/site-packages/airflow/example_dags/example_trigger_controller_dag.py
[2024-10-21T14:59:35.998+0700] {processor.py:914} INFO - Processing file /Users/punny/Documents/GitHub/NYC-Taxi-ETL-Pipeline/.venv/lib/python3.10/site-packages/airflow/example_dags/example_trigger_controller_dag.py for tasks to queue
[2024-10-21T14:59:36.002+0700] {logging_mixin.py:190} INFO - [2024-10-21T14:59:36.002+0700] {dagbag.py:588} INFO - Filling up the DagBag from /Users/punny/Documents/GitHub/NYC-Taxi-ETL-Pipeline/.venv/lib/python3.10/site-packages/airflow/example_dags/example_trigger_controller_dag.py
[2024-10-21T14:59:36.027+0700] {processor.py:925} INFO - DAG(s) 'example_trigger_controller_dag' retrieved from /Users/punny/Documents/GitHub/NYC-Taxi-ETL-Pipeline/.venv/lib/python3.10/site-packages/airflow/example_dags/example_trigger_controller_dag.py
[2024-10-21T14:59:36.298+0700] {logging_mixin.py:190} INFO - [2024-10-21T14:59:36.297+0700] {dag.py:3239} INFO - Sync 1 DAGs
[2024-10-21T14:59:36.339+0700] {logging_mixin.py:190} INFO - [2024-10-21T14:59:36.338+0700] {dag.py:4180} INFO - Setting next_dagrun for example_trigger_controller_dag to 2021-01-01 00:00:00+00:00, run_after=2021-01-01 00:00:00+00:00
[2024-10-21T14:59:36.377+0700] {processor.py:208} INFO - Processing /Users/punny/Documents/GitHub/NYC-Taxi-ETL-Pipeline/.venv/lib/python3.10/site-packages/airflow/example_dags/example_trigger_controller_dag.py took 0.396 seconds
[2024-10-21T15:05:21.422+0700] {processor.py:186} INFO - Started process (PID=38429) to work on /Users/punny/Documents/GitHub/NYC-Taxi-ETL-Pipeline/.venv/lib/python3.10/site-packages/airflow/example_dags/example_trigger_controller_dag.py
[2024-10-21T15:05:21.427+0700] {processor.py:914} INFO - Processing file /Users/punny/Documents/GitHub/NYC-Taxi-ETL-Pipeline/.venv/lib/python3.10/site-packages/airflow/example_dags/example_trigger_controller_dag.py for tasks to queue
[2024-10-21T15:05:21.429+0700] {logging_mixin.py:190} INFO - [2024-10-21T15:05:21.428+0700] {dagbag.py:588} INFO - Filling up the DagBag from /Users/punny/Documents/GitHub/NYC-Taxi-ETL-Pipeline/.venv/lib/python3.10/site-packages/airflow/example_dags/example_trigger_controller_dag.py
[2024-10-21T15:05:21.452+0700] {processor.py:925} INFO - DAG(s) 'example_trigger_controller_dag' retrieved from /Users/punny/Documents/GitHub/NYC-Taxi-ETL-Pipeline/.venv/lib/python3.10/site-packages/airflow/example_dags/example_trigger_controller_dag.py
[2024-10-21T15:05:21.711+0700] {logging_mixin.py:190} INFO - [2024-10-21T15:05:21.710+0700] {dag.py:3239} INFO - Sync 1 DAGs
[2024-10-21T15:05:21.750+0700] {logging_mixin.py:190} INFO - [2024-10-21T15:05:21.750+0700] {dag.py:4180} INFO - Setting next_dagrun for example_trigger_controller_dag to 2021-01-01 00:00:00+00:00, run_after=2021-01-01 00:00:00+00:00
[2024-10-21T15:05:21.785+0700] {processor.py:208} INFO - Processing /Users/punny/Documents/GitHub/NYC-Taxi-ETL-Pipeline/.venv/lib/python3.10/site-packages/airflow/example_dags/example_trigger_controller_dag.py took 0.371 seconds
[2024-10-21T15:10:04.474+0700] {processor.py:186} INFO - Started process (PID=39038) to work on /Users/punny/Documents/GitHub/NYC-Taxi-ETL-Pipeline/.venv/lib/python3.10/site-packages/airflow/example_dags/example_trigger_controller_dag.py
[2024-10-21T15:10:04.480+0700] {processor.py:914} INFO - Processing file /Users/punny/Documents/GitHub/NYC-Taxi-ETL-Pipeline/.venv/lib/python3.10/site-packages/airflow/example_dags/example_trigger_controller_dag.py for tasks to queue
[2024-10-21T15:10:04.482+0700] {logging_mixin.py:190} INFO - [2024-10-21T15:10:04.481+0700] {dagbag.py:588} INFO - Filling up the DagBag from /Users/punny/Documents/GitHub/NYC-Taxi-ETL-Pipeline/.venv/lib/python3.10/site-packages/airflow/example_dags/example_trigger_controller_dag.py
[2024-10-21T15:10:04.514+0700] {processor.py:925} INFO - DAG(s) 'example_trigger_controller_dag' retrieved from /Users/punny/Documents/GitHub/NYC-Taxi-ETL-Pipeline/.venv/lib/python3.10/site-packages/airflow/example_dags/example_trigger_controller_dag.py
[2024-10-21T15:10:04.885+0700] {logging_mixin.py:190} INFO - [2024-10-21T15:10:04.884+0700] {dag.py:3239} INFO - Sync 1 DAGs
[2024-10-21T15:10:04.943+0700] {logging_mixin.py:190} INFO - [2024-10-21T15:10:04.939+0700] {dag.py:4180} INFO - Setting next_dagrun for example_trigger_controller_dag to 2021-01-01 00:00:00+00:00, run_after=2021-01-01 00:00:00+00:00
[2024-10-21T15:10:04.999+0700] {processor.py:208} INFO - Processing /Users/punny/Documents/GitHub/NYC-Taxi-ETL-Pipeline/.venv/lib/python3.10/site-packages/airflow/example_dags/example_trigger_controller_dag.py took 0.537 seconds
[2024-10-21T15:14:20.881+0700] {processor.py:186} INFO - Started process (PID=39560) to work on /Users/punny/Documents/GitHub/NYC-Taxi-ETL-Pipeline/.venv/lib/python3.10/site-packages/airflow/example_dags/example_trigger_controller_dag.py
[2024-10-21T15:14:20.886+0700] {processor.py:914} INFO - Processing file /Users/punny/Documents/GitHub/NYC-Taxi-ETL-Pipeline/.venv/lib/python3.10/site-packages/airflow/example_dags/example_trigger_controller_dag.py for tasks to queue
[2024-10-21T15:14:20.889+0700] {logging_mixin.py:190} INFO - [2024-10-21T15:14:20.888+0700] {dagbag.py:588} INFO - Filling up the DagBag from /Users/punny/Documents/GitHub/NYC-Taxi-ETL-Pipeline/.venv/lib/python3.10/site-packages/airflow/example_dags/example_trigger_controller_dag.py
[2024-10-21T15:14:20.912+0700] {processor.py:925} INFO - DAG(s) 'example_trigger_controller_dag' retrieved from /Users/punny/Documents/GitHub/NYC-Taxi-ETL-Pipeline/.venv/lib/python3.10/site-packages/airflow/example_dags/example_trigger_controller_dag.py
[2024-10-21T15:14:21.225+0700] {logging_mixin.py:190} INFO - [2024-10-21T15:14:21.224+0700] {dag.py:3239} INFO - Sync 1 DAGs
[2024-10-21T15:14:21.257+0700] {logging_mixin.py:190} INFO - [2024-10-21T15:14:21.256+0700] {dag.py:4180} INFO - Setting next_dagrun for example_trigger_controller_dag to 2021-01-01 00:00:00+00:00, run_after=2021-01-01 00:00:00+00:00
[2024-10-21T15:14:21.291+0700] {processor.py:208} INFO - Processing /Users/punny/Documents/GitHub/NYC-Taxi-ETL-Pipeline/.venv/lib/python3.10/site-packages/airflow/example_dags/example_trigger_controller_dag.py took 0.422 seconds
[2024-10-21T15:18:43.499+0700] {processor.py:186} INFO - Started process (PID=40088) to work on /Users/punny/Documents/GitHub/NYC-Taxi-ETL-Pipeline/.venv/lib/python3.10/site-packages/airflow/example_dags/example_trigger_controller_dag.py
[2024-10-21T15:18:43.503+0700] {processor.py:914} INFO - Processing file /Users/punny/Documents/GitHub/NYC-Taxi-ETL-Pipeline/.venv/lib/python3.10/site-packages/airflow/example_dags/example_trigger_controller_dag.py for tasks to queue
[2024-10-21T15:18:43.505+0700] {logging_mixin.py:190} INFO - [2024-10-21T15:18:43.505+0700] {dagbag.py:588} INFO - Filling up the DagBag from /Users/punny/Documents/GitHub/NYC-Taxi-ETL-Pipeline/.venv/lib/python3.10/site-packages/airflow/example_dags/example_trigger_controller_dag.py
[2024-10-21T15:18:43.525+0700] {processor.py:925} INFO - DAG(s) 'example_trigger_controller_dag' retrieved from /Users/punny/Documents/GitHub/NYC-Taxi-ETL-Pipeline/.venv/lib/python3.10/site-packages/airflow/example_dags/example_trigger_controller_dag.py
[2024-10-21T15:18:43.806+0700] {logging_mixin.py:190} INFO - [2024-10-21T15:18:43.805+0700] {dag.py:3239} INFO - Sync 1 DAGs
[2024-10-21T15:18:43.858+0700] {logging_mixin.py:190} INFO - [2024-10-21T15:18:43.857+0700] {dag.py:4180} INFO - Setting next_dagrun for example_trigger_controller_dag to 2021-01-01 00:00:00+00:00, run_after=2021-01-01 00:00:00+00:00
[2024-10-21T15:18:43.899+0700] {processor.py:208} INFO - Processing /Users/punny/Documents/GitHub/NYC-Taxi-ETL-Pipeline/.venv/lib/python3.10/site-packages/airflow/example_dags/example_trigger_controller_dag.py took 0.406 seconds
[2024-10-21T15:22:51.123+0700] {processor.py:186} INFO - Started process (PID=40634) to work on /Users/punny/Documents/GitHub/NYC-Taxi-ETL-Pipeline/.venv/lib/python3.10/site-packages/airflow/example_dags/example_trigger_controller_dag.py
[2024-10-21T15:22:51.127+0700] {processor.py:914} INFO - Processing file /Users/punny/Documents/GitHub/NYC-Taxi-ETL-Pipeline/.venv/lib/python3.10/site-packages/airflow/example_dags/example_trigger_controller_dag.py for tasks to queue
[2024-10-21T15:22:51.130+0700] {logging_mixin.py:190} INFO - [2024-10-21T15:22:51.129+0700] {dagbag.py:588} INFO - Filling up the DagBag from /Users/punny/Documents/GitHub/NYC-Taxi-ETL-Pipeline/.venv/lib/python3.10/site-packages/airflow/example_dags/example_trigger_controller_dag.py
[2024-10-21T15:22:51.155+0700] {processor.py:925} INFO - DAG(s) 'example_trigger_controller_dag' retrieved from /Users/punny/Documents/GitHub/NYC-Taxi-ETL-Pipeline/.venv/lib/python3.10/site-packages/airflow/example_dags/example_trigger_controller_dag.py
[2024-10-21T15:22:51.421+0700] {logging_mixin.py:190} INFO - [2024-10-21T15:22:51.421+0700] {dag.py:3239} INFO - Sync 1 DAGs
[2024-10-21T15:22:51.450+0700] {logging_mixin.py:190} INFO - [2024-10-21T15:22:51.450+0700] {dag.py:4180} INFO - Setting next_dagrun for example_trigger_controller_dag to 2021-01-01 00:00:00+00:00, run_after=2021-01-01 00:00:00+00:00
[2024-10-21T15:22:51.477+0700] {processor.py:208} INFO - Processing /Users/punny/Documents/GitHub/NYC-Taxi-ETL-Pipeline/.venv/lib/python3.10/site-packages/airflow/example_dags/example_trigger_controller_dag.py took 0.367 seconds
[2024-10-21T15:26:50.698+0700] {processor.py:186} INFO - Started process (PID=41123) to work on /Users/punny/Documents/GitHub/NYC-Taxi-ETL-Pipeline/.venv/lib/python3.10/site-packages/airflow/example_dags/example_trigger_controller_dag.py
[2024-10-21T15:26:50.703+0700] {processor.py:914} INFO - Processing file /Users/punny/Documents/GitHub/NYC-Taxi-ETL-Pipeline/.venv/lib/python3.10/site-packages/airflow/example_dags/example_trigger_controller_dag.py for tasks to queue
[2024-10-21T15:26:50.705+0700] {logging_mixin.py:190} INFO - [2024-10-21T15:26:50.704+0700] {dagbag.py:588} INFO - Filling up the DagBag from /Users/punny/Documents/GitHub/NYC-Taxi-ETL-Pipeline/.venv/lib/python3.10/site-packages/airflow/example_dags/example_trigger_controller_dag.py
[2024-10-21T15:26:50.726+0700] {processor.py:925} INFO - DAG(s) 'example_trigger_controller_dag' retrieved from /Users/punny/Documents/GitHub/NYC-Taxi-ETL-Pipeline/.venv/lib/python3.10/site-packages/airflow/example_dags/example_trigger_controller_dag.py
[2024-10-21T15:26:51.029+0700] {logging_mixin.py:190} INFO - [2024-10-21T15:26:51.029+0700] {dag.py:3239} INFO - Sync 1 DAGs
[2024-10-21T15:26:51.061+0700] {logging_mixin.py:190} INFO - [2024-10-21T15:26:51.061+0700] {dag.py:4180} INFO - Setting next_dagrun for example_trigger_controller_dag to 2021-01-01 00:00:00+00:00, run_after=2021-01-01 00:00:00+00:00
[2024-10-21T15:26:51.093+0700] {processor.py:208} INFO - Processing /Users/punny/Documents/GitHub/NYC-Taxi-ETL-Pipeline/.venv/lib/python3.10/site-packages/airflow/example_dags/example_trigger_controller_dag.py took 0.410 seconds
[2024-10-21T15:31:00.644+0700] {processor.py:186} INFO - Started process (PID=41687) to work on /Users/punny/Documents/GitHub/NYC-Taxi-ETL-Pipeline/.venv/lib/python3.10/site-packages/airflow/example_dags/example_trigger_controller_dag.py
[2024-10-21T15:31:00.650+0700] {processor.py:914} INFO - Processing file /Users/punny/Documents/GitHub/NYC-Taxi-ETL-Pipeline/.venv/lib/python3.10/site-packages/airflow/example_dags/example_trigger_controller_dag.py for tasks to queue
[2024-10-21T15:31:00.652+0700] {logging_mixin.py:190} INFO - [2024-10-21T15:31:00.651+0700] {dagbag.py:588} INFO - Filling up the DagBag from /Users/punny/Documents/GitHub/NYC-Taxi-ETL-Pipeline/.venv/lib/python3.10/site-packages/airflow/example_dags/example_trigger_controller_dag.py
[2024-10-21T15:31:00.672+0700] {processor.py:925} INFO - DAG(s) 'example_trigger_controller_dag' retrieved from /Users/punny/Documents/GitHub/NYC-Taxi-ETL-Pipeline/.venv/lib/python3.10/site-packages/airflow/example_dags/example_trigger_controller_dag.py
[2024-10-21T15:31:00.941+0700] {logging_mixin.py:190} INFO - [2024-10-21T15:31:00.941+0700] {dag.py:3239} INFO - Sync 1 DAGs
[2024-10-21T15:31:00.971+0700] {logging_mixin.py:190} INFO - [2024-10-21T15:31:00.971+0700] {dag.py:4180} INFO - Setting next_dagrun for example_trigger_controller_dag to 2021-01-01 00:00:00+00:00, run_after=2021-01-01 00:00:00+00:00
[2024-10-21T15:31:01.002+0700] {processor.py:208} INFO - Processing /Users/punny/Documents/GitHub/NYC-Taxi-ETL-Pipeline/.venv/lib/python3.10/site-packages/airflow/example_dags/example_trigger_controller_dag.py took 0.371 seconds
[2024-10-21T15:34:57.382+0700] {processor.py:186} INFO - Started process (PID=42155) to work on /Users/punny/Documents/GitHub/NYC-Taxi-ETL-Pipeline/.venv/lib/python3.10/site-packages/airflow/example_dags/example_trigger_controller_dag.py
[2024-10-21T15:34:57.388+0700] {processor.py:914} INFO - Processing file /Users/punny/Documents/GitHub/NYC-Taxi-ETL-Pipeline/.venv/lib/python3.10/site-packages/airflow/example_dags/example_trigger_controller_dag.py for tasks to queue
[2024-10-21T15:34:57.390+0700] {logging_mixin.py:190} INFO - [2024-10-21T15:34:57.390+0700] {dagbag.py:588} INFO - Filling up the DagBag from /Users/punny/Documents/GitHub/NYC-Taxi-ETL-Pipeline/.venv/lib/python3.10/site-packages/airflow/example_dags/example_trigger_controller_dag.py
[2024-10-21T15:34:57.412+0700] {processor.py:925} INFO - DAG(s) 'example_trigger_controller_dag' retrieved from /Users/punny/Documents/GitHub/NYC-Taxi-ETL-Pipeline/.venv/lib/python3.10/site-packages/airflow/example_dags/example_trigger_controller_dag.py
[2024-10-21T15:34:57.684+0700] {logging_mixin.py:190} INFO - [2024-10-21T15:34:57.683+0700] {dag.py:3239} INFO - Sync 1 DAGs
[2024-10-21T15:34:57.712+0700] {logging_mixin.py:190} INFO - [2024-10-21T15:34:57.711+0700] {dag.py:4180} INFO - Setting next_dagrun for example_trigger_controller_dag to 2021-01-01 00:00:00+00:00, run_after=2021-01-01 00:00:00+00:00
[2024-10-21T15:34:57.741+0700] {processor.py:208} INFO - Processing /Users/punny/Documents/GitHub/NYC-Taxi-ETL-Pipeline/.venv/lib/python3.10/site-packages/airflow/example_dags/example_trigger_controller_dag.py took 0.366 seconds
[2024-10-21T15:38:47.694+0700] {processor.py:186} INFO - Started process (PID=42652) to work on /Users/punny/Documents/GitHub/NYC-Taxi-ETL-Pipeline/.venv/lib/python3.10/site-packages/airflow/example_dags/example_trigger_controller_dag.py
[2024-10-21T15:38:47.698+0700] {processor.py:914} INFO - Processing file /Users/punny/Documents/GitHub/NYC-Taxi-ETL-Pipeline/.venv/lib/python3.10/site-packages/airflow/example_dags/example_trigger_controller_dag.py for tasks to queue
[2024-10-21T15:38:47.700+0700] {logging_mixin.py:190} INFO - [2024-10-21T15:38:47.700+0700] {dagbag.py:588} INFO - Filling up the DagBag from /Users/punny/Documents/GitHub/NYC-Taxi-ETL-Pipeline/.venv/lib/python3.10/site-packages/airflow/example_dags/example_trigger_controller_dag.py
[2024-10-21T15:38:47.718+0700] {processor.py:925} INFO - DAG(s) 'example_trigger_controller_dag' retrieved from /Users/punny/Documents/GitHub/NYC-Taxi-ETL-Pipeline/.venv/lib/python3.10/site-packages/airflow/example_dags/example_trigger_controller_dag.py
[2024-10-21T15:38:48.005+0700] {logging_mixin.py:190} INFO - [2024-10-21T15:38:48.004+0700] {dag.py:3239} INFO - Sync 1 DAGs
[2024-10-21T15:38:48.038+0700] {logging_mixin.py:190} INFO - [2024-10-21T15:38:48.035+0700] {dag.py:4180} INFO - Setting next_dagrun for example_trigger_controller_dag to 2021-01-01 00:00:00+00:00, run_after=2021-01-01 00:00:00+00:00
[2024-10-21T15:38:48.069+0700] {processor.py:208} INFO - Processing /Users/punny/Documents/GitHub/NYC-Taxi-ETL-Pipeline/.venv/lib/python3.10/site-packages/airflow/example_dags/example_trigger_controller_dag.py took 0.386 seconds
[2024-10-21T15:42:48.609+0700] {processor.py:186} INFO - Started process (PID=43247) to work on /Users/punny/Documents/GitHub/NYC-Taxi-ETL-Pipeline/.venv/lib/python3.10/site-packages/airflow/example_dags/example_trigger_controller_dag.py
[2024-10-21T15:42:48.613+0700] {processor.py:914} INFO - Processing file /Users/punny/Documents/GitHub/NYC-Taxi-ETL-Pipeline/.venv/lib/python3.10/site-packages/airflow/example_dags/example_trigger_controller_dag.py for tasks to queue
[2024-10-21T15:42:48.615+0700] {logging_mixin.py:190} INFO - [2024-10-21T15:42:48.614+0700] {dagbag.py:588} INFO - Filling up the DagBag from /Users/punny/Documents/GitHub/NYC-Taxi-ETL-Pipeline/.venv/lib/python3.10/site-packages/airflow/example_dags/example_trigger_controller_dag.py
[2024-10-21T15:42:48.639+0700] {processor.py:925} INFO - DAG(s) 'example_trigger_controller_dag' retrieved from /Users/punny/Documents/GitHub/NYC-Taxi-ETL-Pipeline/.venv/lib/python3.10/site-packages/airflow/example_dags/example_trigger_controller_dag.py
[2024-10-21T15:42:48.906+0700] {logging_mixin.py:190} INFO - [2024-10-21T15:42:48.906+0700] {dag.py:3239} INFO - Sync 1 DAGs
[2024-10-21T15:42:48.945+0700] {logging_mixin.py:190} INFO - [2024-10-21T15:42:48.944+0700] {dag.py:4180} INFO - Setting next_dagrun for example_trigger_controller_dag to 2021-01-01 00:00:00+00:00, run_after=2021-01-01 00:00:00+00:00
[2024-10-21T15:42:48.976+0700] {processor.py:208} INFO - Processing /Users/punny/Documents/GitHub/NYC-Taxi-ETL-Pipeline/.venv/lib/python3.10/site-packages/airflow/example_dags/example_trigger_controller_dag.py took 0.381 seconds
[2024-10-21T15:46:42.077+0700] {processor.py:186} INFO - Started process (PID=43716) to work on /Users/punny/Documents/GitHub/NYC-Taxi-ETL-Pipeline/.venv/lib/python3.10/site-packages/airflow/example_dags/example_trigger_controller_dag.py
[2024-10-21T15:46:42.082+0700] {processor.py:914} INFO - Processing file /Users/punny/Documents/GitHub/NYC-Taxi-ETL-Pipeline/.venv/lib/python3.10/site-packages/airflow/example_dags/example_trigger_controller_dag.py for tasks to queue
[2024-10-21T15:46:42.083+0700] {logging_mixin.py:190} INFO - [2024-10-21T15:46:42.083+0700] {dagbag.py:588} INFO - Filling up the DagBag from /Users/punny/Documents/GitHub/NYC-Taxi-ETL-Pipeline/.venv/lib/python3.10/site-packages/airflow/example_dags/example_trigger_controller_dag.py
[2024-10-21T15:46:42.102+0700] {processor.py:925} INFO - DAG(s) 'example_trigger_controller_dag' retrieved from /Users/punny/Documents/GitHub/NYC-Taxi-ETL-Pipeline/.venv/lib/python3.10/site-packages/airflow/example_dags/example_trigger_controller_dag.py
[2024-10-21T15:46:42.365+0700] {logging_mixin.py:190} INFO - [2024-10-21T15:46:42.365+0700] {dag.py:3239} INFO - Sync 1 DAGs
[2024-10-21T15:46:42.400+0700] {logging_mixin.py:190} INFO - [2024-10-21T15:46:42.399+0700] {dag.py:4180} INFO - Setting next_dagrun for example_trigger_controller_dag to 2021-01-01 00:00:00+00:00, run_after=2021-01-01 00:00:00+00:00
[2024-10-21T15:46:42.438+0700] {processor.py:208} INFO - Processing /Users/punny/Documents/GitHub/NYC-Taxi-ETL-Pipeline/.venv/lib/python3.10/site-packages/airflow/example_dags/example_trigger_controller_dag.py took 0.372 seconds
[2024-10-21T15:50:42.012+0700] {processor.py:186} INFO - Started process (PID=44252) to work on /Users/punny/Documents/GitHub/NYC-Taxi-ETL-Pipeline/.venv/lib/python3.10/site-packages/airflow/example_dags/example_trigger_controller_dag.py
[2024-10-21T15:50:42.018+0700] {processor.py:914} INFO - Processing file /Users/punny/Documents/GitHub/NYC-Taxi-ETL-Pipeline/.venv/lib/python3.10/site-packages/airflow/example_dags/example_trigger_controller_dag.py for tasks to queue
[2024-10-21T15:50:42.020+0700] {logging_mixin.py:190} INFO - [2024-10-21T15:50:42.020+0700] {dagbag.py:588} INFO - Filling up the DagBag from /Users/punny/Documents/GitHub/NYC-Taxi-ETL-Pipeline/.venv/lib/python3.10/site-packages/airflow/example_dags/example_trigger_controller_dag.py
[2024-10-21T15:50:42.044+0700] {processor.py:925} INFO - DAG(s) 'example_trigger_controller_dag' retrieved from /Users/punny/Documents/GitHub/NYC-Taxi-ETL-Pipeline/.venv/lib/python3.10/site-packages/airflow/example_dags/example_trigger_controller_dag.py
[2024-10-21T15:50:42.307+0700] {logging_mixin.py:190} INFO - [2024-10-21T15:50:42.306+0700] {dag.py:3239} INFO - Sync 1 DAGs
[2024-10-21T15:50:42.335+0700] {logging_mixin.py:190} INFO - [2024-10-21T15:50:42.334+0700] {dag.py:4180} INFO - Setting next_dagrun for example_trigger_controller_dag to 2021-01-01 00:00:00+00:00, run_after=2021-01-01 00:00:00+00:00
[2024-10-21T15:50:42.365+0700] {processor.py:208} INFO - Processing /Users/punny/Documents/GitHub/NYC-Taxi-ETL-Pipeline/.venv/lib/python3.10/site-packages/airflow/example_dags/example_trigger_controller_dag.py took 0.367 seconds
[2024-10-21T15:54:30.650+0700] {processor.py:186} INFO - Started process (PID=44715) to work on /Users/punny/Documents/GitHub/NYC-Taxi-ETL-Pipeline/.venv/lib/python3.10/site-packages/airflow/example_dags/example_trigger_controller_dag.py
[2024-10-21T15:54:30.654+0700] {processor.py:914} INFO - Processing file /Users/punny/Documents/GitHub/NYC-Taxi-ETL-Pipeline/.venv/lib/python3.10/site-packages/airflow/example_dags/example_trigger_controller_dag.py for tasks to queue
[2024-10-21T15:54:30.657+0700] {logging_mixin.py:190} INFO - [2024-10-21T15:54:30.656+0700] {dagbag.py:588} INFO - Filling up the DagBag from /Users/punny/Documents/GitHub/NYC-Taxi-ETL-Pipeline/.venv/lib/python3.10/site-packages/airflow/example_dags/example_trigger_controller_dag.py
[2024-10-21T15:54:30.681+0700] {processor.py:925} INFO - DAG(s) 'example_trigger_controller_dag' retrieved from /Users/punny/Documents/GitHub/NYC-Taxi-ETL-Pipeline/.venv/lib/python3.10/site-packages/airflow/example_dags/example_trigger_controller_dag.py
[2024-10-21T15:54:30.987+0700] {logging_mixin.py:190} INFO - [2024-10-21T15:54:30.987+0700] {dag.py:3239} INFO - Sync 1 DAGs
[2024-10-21T15:54:31.015+0700] {logging_mixin.py:190} INFO - [2024-10-21T15:54:31.014+0700] {dag.py:4180} INFO - Setting next_dagrun for example_trigger_controller_dag to 2021-01-01 00:00:00+00:00, run_after=2021-01-01 00:00:00+00:00
[2024-10-21T15:54:31.048+0700] {processor.py:208} INFO - Processing /Users/punny/Documents/GitHub/NYC-Taxi-ETL-Pipeline/.venv/lib/python3.10/site-packages/airflow/example_dags/example_trigger_controller_dag.py took 0.412 seconds
[2024-10-21T15:58:43.084+0700] {processor.py:186} INFO - Started process (PID=45235) to work on /Users/punny/Documents/GitHub/NYC-Taxi-ETL-Pipeline/.venv/lib/python3.10/site-packages/airflow/example_dags/example_trigger_controller_dag.py
[2024-10-21T15:58:43.089+0700] {processor.py:914} INFO - Processing file /Users/punny/Documents/GitHub/NYC-Taxi-ETL-Pipeline/.venv/lib/python3.10/site-packages/airflow/example_dags/example_trigger_controller_dag.py for tasks to queue
[2024-10-21T15:58:43.090+0700] {logging_mixin.py:190} INFO - [2024-10-21T15:58:43.090+0700] {dagbag.py:588} INFO - Filling up the DagBag from /Users/punny/Documents/GitHub/NYC-Taxi-ETL-Pipeline/.venv/lib/python3.10/site-packages/airflow/example_dags/example_trigger_controller_dag.py
[2024-10-21T15:58:43.111+0700] {processor.py:925} INFO - DAG(s) 'example_trigger_controller_dag' retrieved from /Users/punny/Documents/GitHub/NYC-Taxi-ETL-Pipeline/.venv/lib/python3.10/site-packages/airflow/example_dags/example_trigger_controller_dag.py
[2024-10-21T15:58:43.386+0700] {logging_mixin.py:190} INFO - [2024-10-21T15:58:43.386+0700] {dag.py:3239} INFO - Sync 1 DAGs
[2024-10-21T15:58:43.416+0700] {logging_mixin.py:190} INFO - [2024-10-21T15:58:43.416+0700] {dag.py:4180} INFO - Setting next_dagrun for example_trigger_controller_dag to 2021-01-01 00:00:00+00:00, run_after=2021-01-01 00:00:00+00:00
[2024-10-21T15:58:43.444+0700] {processor.py:208} INFO - Processing /Users/punny/Documents/GitHub/NYC-Taxi-ETL-Pipeline/.venv/lib/python3.10/site-packages/airflow/example_dags/example_trigger_controller_dag.py took 0.373 seconds
[2024-10-21T16:02:50.565+0700] {processor.py:186} INFO - Started process (PID=45805) to work on /Users/punny/Documents/GitHub/NYC-Taxi-ETL-Pipeline/.venv/lib/python3.10/site-packages/airflow/example_dags/example_trigger_controller_dag.py
[2024-10-21T16:02:50.570+0700] {processor.py:914} INFO - Processing file /Users/punny/Documents/GitHub/NYC-Taxi-ETL-Pipeline/.venv/lib/python3.10/site-packages/airflow/example_dags/example_trigger_controller_dag.py for tasks to queue
[2024-10-21T16:02:50.572+0700] {logging_mixin.py:190} INFO - [2024-10-21T16:02:50.572+0700] {dagbag.py:588} INFO - Filling up the DagBag from /Users/punny/Documents/GitHub/NYC-Taxi-ETL-Pipeline/.venv/lib/python3.10/site-packages/airflow/example_dags/example_trigger_controller_dag.py
[2024-10-21T16:02:50.593+0700] {processor.py:925} INFO - DAG(s) 'example_trigger_controller_dag' retrieved from /Users/punny/Documents/GitHub/NYC-Taxi-ETL-Pipeline/.venv/lib/python3.10/site-packages/airflow/example_dags/example_trigger_controller_dag.py
[2024-10-21T16:02:50.892+0700] {logging_mixin.py:190} INFO - [2024-10-21T16:02:50.891+0700] {dag.py:3239} INFO - Sync 1 DAGs
[2024-10-21T16:02:50.923+0700] {logging_mixin.py:190} INFO - [2024-10-21T16:02:50.923+0700] {dag.py:4180} INFO - Setting next_dagrun for example_trigger_controller_dag to 2021-01-01 00:00:00+00:00, run_after=2021-01-01 00:00:00+00:00
[2024-10-21T16:02:50.954+0700] {processor.py:208} INFO - Processing /Users/punny/Documents/GitHub/NYC-Taxi-ETL-Pipeline/.venv/lib/python3.10/site-packages/airflow/example_dags/example_trigger_controller_dag.py took 0.400 seconds
[2024-10-21T20:36:59.480+0700] {processor.py:186} INFO - Started process (PID=4270) to work on /Users/punny/Documents/GitHub/NYC-Taxi-ETL-Pipeline/.venv/lib/python3.10/site-packages/airflow/example_dags/example_trigger_controller_dag.py
[2024-10-21T20:36:59.484+0700] {processor.py:914} INFO - Processing file /Users/punny/Documents/GitHub/NYC-Taxi-ETL-Pipeline/.venv/lib/python3.10/site-packages/airflow/example_dags/example_trigger_controller_dag.py for tasks to queue
[2024-10-21T20:36:59.485+0700] {logging_mixin.py:190} INFO - [2024-10-21T20:36:59.485+0700] {dagbag.py:588} INFO - Filling up the DagBag from /Users/punny/Documents/GitHub/NYC-Taxi-ETL-Pipeline/.venv/lib/python3.10/site-packages/airflow/example_dags/example_trigger_controller_dag.py
[2024-10-21T20:36:59.501+0700] {processor.py:925} INFO - DAG(s) 'example_trigger_controller_dag' retrieved from /Users/punny/Documents/GitHub/NYC-Taxi-ETL-Pipeline/.venv/lib/python3.10/site-packages/airflow/example_dags/example_trigger_controller_dag.py
[2024-10-21T20:36:59.706+0700] {logging_mixin.py:190} INFO - [2024-10-21T20:36:59.705+0700] {dag.py:3239} INFO - Sync 1 DAGs
[2024-10-21T20:36:59.729+0700] {logging_mixin.py:190} INFO - [2024-10-21T20:36:59.729+0700] {dag.py:4180} INFO - Setting next_dagrun for example_trigger_controller_dag to 2021-01-01 00:00:00+00:00, run_after=2021-01-01 00:00:00+00:00
[2024-10-21T20:36:59.754+0700] {processor.py:208} INFO - Processing /Users/punny/Documents/GitHub/NYC-Taxi-ETL-Pipeline/.venv/lib/python3.10/site-packages/airflow/example_dags/example_trigger_controller_dag.py took 0.284 seconds
[2024-10-21T20:40:44.847+0700] {processor.py:186} INFO - Started process (PID=4547) to work on /Users/punny/Documents/GitHub/NYC-Taxi-ETL-Pipeline/.venv/lib/python3.10/site-packages/airflow/example_dags/example_trigger_controller_dag.py
[2024-10-21T20:40:44.851+0700] {processor.py:914} INFO - Processing file /Users/punny/Documents/GitHub/NYC-Taxi-ETL-Pipeline/.venv/lib/python3.10/site-packages/airflow/example_dags/example_trigger_controller_dag.py for tasks to queue
[2024-10-21T20:40:44.852+0700] {logging_mixin.py:190} INFO - [2024-10-21T20:40:44.852+0700] {dagbag.py:588} INFO - Filling up the DagBag from /Users/punny/Documents/GitHub/NYC-Taxi-ETL-Pipeline/.venv/lib/python3.10/site-packages/airflow/example_dags/example_trigger_controller_dag.py
[2024-10-21T20:40:44.865+0700] {processor.py:925} INFO - DAG(s) 'example_trigger_controller_dag' retrieved from /Users/punny/Documents/GitHub/NYC-Taxi-ETL-Pipeline/.venv/lib/python3.10/site-packages/airflow/example_dags/example_trigger_controller_dag.py
[2024-10-21T20:40:45.043+0700] {logging_mixin.py:190} INFO - [2024-10-21T20:40:45.042+0700] {dag.py:3239} INFO - Sync 1 DAGs
[2024-10-21T20:40:45.063+0700] {logging_mixin.py:190} INFO - [2024-10-21T20:40:45.063+0700] {dag.py:4180} INFO - Setting next_dagrun for example_trigger_controller_dag to 2021-01-01 00:00:00+00:00, run_after=2021-01-01 00:00:00+00:00
[2024-10-21T20:40:45.085+0700] {processor.py:208} INFO - Processing /Users/punny/Documents/GitHub/NYC-Taxi-ETL-Pipeline/.venv/lib/python3.10/site-packages/airflow/example_dags/example_trigger_controller_dag.py took 0.247 seconds
[2024-10-21T20:44:21.371+0700] {processor.py:186} INFO - Started process (PID=4909) to work on /Users/punny/Documents/GitHub/NYC-Taxi-ETL-Pipeline/.venv/lib/python3.10/site-packages/airflow/example_dags/example_trigger_controller_dag.py
[2024-10-21T20:44:21.374+0700] {processor.py:914} INFO - Processing file /Users/punny/Documents/GitHub/NYC-Taxi-ETL-Pipeline/.venv/lib/python3.10/site-packages/airflow/example_dags/example_trigger_controller_dag.py for tasks to queue
[2024-10-21T20:44:21.375+0700] {logging_mixin.py:190} INFO - [2024-10-21T20:44:21.375+0700] {dagbag.py:588} INFO - Filling up the DagBag from /Users/punny/Documents/GitHub/NYC-Taxi-ETL-Pipeline/.venv/lib/python3.10/site-packages/airflow/example_dags/example_trigger_controller_dag.py
[2024-10-21T20:44:21.399+0700] {processor.py:925} INFO - DAG(s) 'example_trigger_controller_dag' retrieved from /Users/punny/Documents/GitHub/NYC-Taxi-ETL-Pipeline/.venv/lib/python3.10/site-packages/airflow/example_dags/example_trigger_controller_dag.py
[2024-10-21T20:44:21.786+0700] {logging_mixin.py:190} INFO - [2024-10-21T20:44:21.786+0700] {dag.py:3239} INFO - Sync 1 DAGs
[2024-10-21T20:44:21.815+0700] {logging_mixin.py:190} INFO - [2024-10-21T20:44:21.814+0700] {dag.py:4180} INFO - Setting next_dagrun for example_trigger_controller_dag to 2021-01-01 00:00:00+00:00, run_after=2021-01-01 00:00:00+00:00
[2024-10-21T20:44:21.845+0700] {processor.py:208} INFO - Processing /Users/punny/Documents/GitHub/NYC-Taxi-ETL-Pipeline/.venv/lib/python3.10/site-packages/airflow/example_dags/example_trigger_controller_dag.py took 0.485 seconds
[2024-10-21T20:48:06.578+0700] {processor.py:186} INFO - Started process (PID=5276) to work on /Users/punny/Documents/GitHub/NYC-Taxi-ETL-Pipeline/.venv/lib/python3.10/site-packages/airflow/example_dags/example_trigger_controller_dag.py
[2024-10-21T20:48:06.582+0700] {processor.py:914} INFO - Processing file /Users/punny/Documents/GitHub/NYC-Taxi-ETL-Pipeline/.venv/lib/python3.10/site-packages/airflow/example_dags/example_trigger_controller_dag.py for tasks to queue
[2024-10-21T20:48:06.583+0700] {logging_mixin.py:190} INFO - [2024-10-21T20:48:06.582+0700] {dagbag.py:588} INFO - Filling up the DagBag from /Users/punny/Documents/GitHub/NYC-Taxi-ETL-Pipeline/.venv/lib/python3.10/site-packages/airflow/example_dags/example_trigger_controller_dag.py
[2024-10-21T20:48:06.611+0700] {processor.py:925} INFO - DAG(s) 'example_trigger_controller_dag' retrieved from /Users/punny/Documents/GitHub/NYC-Taxi-ETL-Pipeline/.venv/lib/python3.10/site-packages/airflow/example_dags/example_trigger_controller_dag.py
[2024-10-21T20:48:06.861+0700] {logging_mixin.py:190} INFO - [2024-10-21T20:48:06.860+0700] {dag.py:3239} INFO - Sync 1 DAGs
[2024-10-21T20:48:06.901+0700] {logging_mixin.py:190} INFO - [2024-10-21T20:48:06.901+0700] {dag.py:4180} INFO - Setting next_dagrun for example_trigger_controller_dag to 2021-01-01 00:00:00+00:00, run_after=2021-01-01 00:00:00+00:00
[2024-10-21T20:48:06.934+0700] {processor.py:208} INFO - Processing /Users/punny/Documents/GitHub/NYC-Taxi-ETL-Pipeline/.venv/lib/python3.10/site-packages/airflow/example_dags/example_trigger_controller_dag.py took 0.367 seconds
[2024-10-21T20:52:13.594+0700] {processor.py:186} INFO - Started process (PID=5627) to work on /Users/punny/Documents/GitHub/NYC-Taxi-ETL-Pipeline/.venv/lib/python3.10/site-packages/airflow/example_dags/example_trigger_controller_dag.py
[2024-10-21T20:52:13.598+0700] {processor.py:914} INFO - Processing file /Users/punny/Documents/GitHub/NYC-Taxi-ETL-Pipeline/.venv/lib/python3.10/site-packages/airflow/example_dags/example_trigger_controller_dag.py for tasks to queue
[2024-10-21T20:52:13.599+0700] {logging_mixin.py:190} INFO - [2024-10-21T20:52:13.599+0700] {dagbag.py:588} INFO - Filling up the DagBag from /Users/punny/Documents/GitHub/NYC-Taxi-ETL-Pipeline/.venv/lib/python3.10/site-packages/airflow/example_dags/example_trigger_controller_dag.py
[2024-10-21T20:52:13.627+0700] {processor.py:925} INFO - DAG(s) 'example_trigger_controller_dag' retrieved from /Users/punny/Documents/GitHub/NYC-Taxi-ETL-Pipeline/.venv/lib/python3.10/site-packages/airflow/example_dags/example_trigger_controller_dag.py
[2024-10-21T20:52:13.907+0700] {logging_mixin.py:190} INFO - [2024-10-21T20:52:13.901+0700] {dag.py:3239} INFO - Sync 1 DAGs
[2024-10-21T20:52:13.936+0700] {logging_mixin.py:190} INFO - [2024-10-21T20:52:13.936+0700] {dag.py:4180} INFO - Setting next_dagrun for example_trigger_controller_dag to 2021-01-01 00:00:00+00:00, run_after=2021-01-01 00:00:00+00:00
[2024-10-21T20:52:13.972+0700] {processor.py:208} INFO - Processing /Users/punny/Documents/GitHub/NYC-Taxi-ETL-Pipeline/.venv/lib/python3.10/site-packages/airflow/example_dags/example_trigger_controller_dag.py took 0.391 seconds
[2024-10-21T20:56:03.473+0700] {processor.py:186} INFO - Started process (PID=6130) to work on /Users/punny/Documents/GitHub/NYC-Taxi-ETL-Pipeline/.venv/lib/python3.10/site-packages/airflow/example_dags/example_trigger_controller_dag.py
[2024-10-21T20:56:03.477+0700] {processor.py:914} INFO - Processing file /Users/punny/Documents/GitHub/NYC-Taxi-ETL-Pipeline/.venv/lib/python3.10/site-packages/airflow/example_dags/example_trigger_controller_dag.py for tasks to queue
[2024-10-21T20:56:03.478+0700] {logging_mixin.py:190} INFO - [2024-10-21T20:56:03.478+0700] {dagbag.py:588} INFO - Filling up the DagBag from /Users/punny/Documents/GitHub/NYC-Taxi-ETL-Pipeline/.venv/lib/python3.10/site-packages/airflow/example_dags/example_trigger_controller_dag.py
[2024-10-21T20:56:03.491+0700] {processor.py:925} INFO - DAG(s) 'example_trigger_controller_dag' retrieved from /Users/punny/Documents/GitHub/NYC-Taxi-ETL-Pipeline/.venv/lib/python3.10/site-packages/airflow/example_dags/example_trigger_controller_dag.py
[2024-10-21T20:56:03.670+0700] {logging_mixin.py:190} INFO - [2024-10-21T20:56:03.669+0700] {dag.py:3239} INFO - Sync 1 DAGs
[2024-10-21T20:56:03.691+0700] {logging_mixin.py:190} INFO - [2024-10-21T20:56:03.691+0700] {dag.py:4180} INFO - Setting next_dagrun for example_trigger_controller_dag to 2021-01-01 00:00:00+00:00, run_after=2021-01-01 00:00:00+00:00
[2024-10-21T20:56:03.714+0700] {processor.py:208} INFO - Processing /Users/punny/Documents/GitHub/NYC-Taxi-ETL-Pipeline/.venv/lib/python3.10/site-packages/airflow/example_dags/example_trigger_controller_dag.py took 0.249 seconds
[2024-10-21T21:00:17.921+0700] {processor.py:186} INFO - Started process (PID=6436) to work on /Users/punny/Documents/GitHub/NYC-Taxi-ETL-Pipeline/.venv/lib/python3.10/site-packages/airflow/example_dags/example_trigger_controller_dag.py
[2024-10-21T21:00:17.924+0700] {processor.py:914} INFO - Processing file /Users/punny/Documents/GitHub/NYC-Taxi-ETL-Pipeline/.venv/lib/python3.10/site-packages/airflow/example_dags/example_trigger_controller_dag.py for tasks to queue
[2024-10-21T21:00:17.926+0700] {logging_mixin.py:190} INFO - [2024-10-21T21:00:17.925+0700] {dagbag.py:588} INFO - Filling up the DagBag from /Users/punny/Documents/GitHub/NYC-Taxi-ETL-Pipeline/.venv/lib/python3.10/site-packages/airflow/example_dags/example_trigger_controller_dag.py
[2024-10-21T21:00:17.941+0700] {processor.py:925} INFO - DAG(s) 'example_trigger_controller_dag' retrieved from /Users/punny/Documents/GitHub/NYC-Taxi-ETL-Pipeline/.venv/lib/python3.10/site-packages/airflow/example_dags/example_trigger_controller_dag.py
[2024-10-21T21:00:18.130+0700] {logging_mixin.py:190} INFO - [2024-10-21T21:00:18.129+0700] {dag.py:3239} INFO - Sync 1 DAGs
[2024-10-21T21:00:18.150+0700] {logging_mixin.py:190} INFO - [2024-10-21T21:00:18.150+0700] {dag.py:4180} INFO - Setting next_dagrun for example_trigger_controller_dag to 2021-01-01 00:00:00+00:00, run_after=2021-01-01 00:00:00+00:00
[2024-10-21T21:00:18.175+0700] {processor.py:208} INFO - Processing /Users/punny/Documents/GitHub/NYC-Taxi-ETL-Pipeline/.venv/lib/python3.10/site-packages/airflow/example_dags/example_trigger_controller_dag.py took 0.263 seconds
[2024-10-21T21:04:22.836+0700] {processor.py:186} INFO - Started process (PID=6751) to work on /Users/punny/Documents/GitHub/NYC-Taxi-ETL-Pipeline/.venv/lib/python3.10/site-packages/airflow/example_dags/example_trigger_controller_dag.py
[2024-10-21T21:04:22.840+0700] {processor.py:914} INFO - Processing file /Users/punny/Documents/GitHub/NYC-Taxi-ETL-Pipeline/.venv/lib/python3.10/site-packages/airflow/example_dags/example_trigger_controller_dag.py for tasks to queue
[2024-10-21T21:04:22.842+0700] {logging_mixin.py:190} INFO - [2024-10-21T21:04:22.842+0700] {dagbag.py:588} INFO - Filling up the DagBag from /Users/punny/Documents/GitHub/NYC-Taxi-ETL-Pipeline/.venv/lib/python3.10/site-packages/airflow/example_dags/example_trigger_controller_dag.py
[2024-10-21T21:04:22.856+0700] {processor.py:925} INFO - DAG(s) 'example_trigger_controller_dag' retrieved from /Users/punny/Documents/GitHub/NYC-Taxi-ETL-Pipeline/.venv/lib/python3.10/site-packages/airflow/example_dags/example_trigger_controller_dag.py
[2024-10-21T21:04:23.038+0700] {logging_mixin.py:190} INFO - [2024-10-21T21:04:23.037+0700] {dag.py:3239} INFO - Sync 1 DAGs
[2024-10-21T21:04:23.058+0700] {logging_mixin.py:190} INFO - [2024-10-21T21:04:23.058+0700] {dag.py:4180} INFO - Setting next_dagrun for example_trigger_controller_dag to 2021-01-01 00:00:00+00:00, run_after=2021-01-01 00:00:00+00:00
[2024-10-21T21:04:23.078+0700] {processor.py:208} INFO - Processing /Users/punny/Documents/GitHub/NYC-Taxi-ETL-Pipeline/.venv/lib/python3.10/site-packages/airflow/example_dags/example_trigger_controller_dag.py took 0.251 seconds
[2024-10-21T21:07:43.353+0700] {processor.py:186} INFO - Started process (PID=7035) to work on /Users/punny/Documents/GitHub/NYC-Taxi-ETL-Pipeline/.venv/lib/python3.10/site-packages/airflow/example_dags/example_trigger_controller_dag.py
[2024-10-21T21:07:43.357+0700] {processor.py:914} INFO - Processing file /Users/punny/Documents/GitHub/NYC-Taxi-ETL-Pipeline/.venv/lib/python3.10/site-packages/airflow/example_dags/example_trigger_controller_dag.py for tasks to queue
[2024-10-21T21:07:43.358+0700] {logging_mixin.py:190} INFO - [2024-10-21T21:07:43.358+0700] {dagbag.py:588} INFO - Filling up the DagBag from /Users/punny/Documents/GitHub/NYC-Taxi-ETL-Pipeline/.venv/lib/python3.10/site-packages/airflow/example_dags/example_trigger_controller_dag.py
[2024-10-21T21:07:43.376+0700] {processor.py:925} INFO - DAG(s) 'example_trigger_controller_dag' retrieved from /Users/punny/Documents/GitHub/NYC-Taxi-ETL-Pipeline/.venv/lib/python3.10/site-packages/airflow/example_dags/example_trigger_controller_dag.py
[2024-10-21T21:07:43.958+0700] {logging_mixin.py:190} INFO - [2024-10-21T21:07:43.957+0700] {dag.py:3239} INFO - Sync 1 DAGs
[2024-10-21T21:07:44.128+0700] {logging_mixin.py:190} INFO - [2024-10-21T21:07:44.127+0700] {dag.py:4180} INFO - Setting next_dagrun for example_trigger_controller_dag to 2021-01-01 00:00:00+00:00, run_after=2021-01-01 00:00:00+00:00
[2024-10-21T21:07:44.202+0700] {processor.py:208} INFO - Processing /Users/punny/Documents/GitHub/NYC-Taxi-ETL-Pipeline/.venv/lib/python3.10/site-packages/airflow/example_dags/example_trigger_controller_dag.py took 0.859 seconds
[2024-10-21T21:11:03.291+0700] {processor.py:186} INFO - Started process (PID=7237) to work on /Users/punny/Documents/GitHub/NYC-Taxi-ETL-Pipeline/.venv/lib/python3.10/site-packages/airflow/example_dags/example_trigger_controller_dag.py
[2024-10-21T21:11:03.295+0700] {processor.py:914} INFO - Processing file /Users/punny/Documents/GitHub/NYC-Taxi-ETL-Pipeline/.venv/lib/python3.10/site-packages/airflow/example_dags/example_trigger_controller_dag.py for tasks to queue
[2024-10-21T21:11:03.296+0700] {logging_mixin.py:190} INFO - [2024-10-21T21:11:03.296+0700] {dagbag.py:588} INFO - Filling up the DagBag from /Users/punny/Documents/GitHub/NYC-Taxi-ETL-Pipeline/.venv/lib/python3.10/site-packages/airflow/example_dags/example_trigger_controller_dag.py
[2024-10-21T21:11:03.310+0700] {processor.py:925} INFO - DAG(s) 'example_trigger_controller_dag' retrieved from /Users/punny/Documents/GitHub/NYC-Taxi-ETL-Pipeline/.venv/lib/python3.10/site-packages/airflow/example_dags/example_trigger_controller_dag.py
[2024-10-21T21:11:03.486+0700] {logging_mixin.py:190} INFO - [2024-10-21T21:11:03.486+0700] {dag.py:3239} INFO - Sync 1 DAGs
[2024-10-21T21:11:03.507+0700] {logging_mixin.py:190} INFO - [2024-10-21T21:11:03.506+0700] {dag.py:4180} INFO - Setting next_dagrun for example_trigger_controller_dag to 2021-01-01 00:00:00+00:00, run_after=2021-01-01 00:00:00+00:00
[2024-10-21T21:11:03.531+0700] {processor.py:208} INFO - Processing /Users/punny/Documents/GitHub/NYC-Taxi-ETL-Pipeline/.venv/lib/python3.10/site-packages/airflow/example_dags/example_trigger_controller_dag.py took 0.249 seconds
[2024-10-21T21:14:08.439+0700] {processor.py:186} INFO - Started process (PID=7581) to work on /Users/punny/Documents/GitHub/NYC-Taxi-ETL-Pipeline/.venv/lib/python3.10/site-packages/airflow/example_dags/example_trigger_controller_dag.py
[2024-10-21T21:14:08.442+0700] {processor.py:914} INFO - Processing file /Users/punny/Documents/GitHub/NYC-Taxi-ETL-Pipeline/.venv/lib/python3.10/site-packages/airflow/example_dags/example_trigger_controller_dag.py for tasks to queue
[2024-10-21T21:14:08.444+0700] {logging_mixin.py:190} INFO - [2024-10-21T21:14:08.444+0700] {dagbag.py:588} INFO - Filling up the DagBag from /Users/punny/Documents/GitHub/NYC-Taxi-ETL-Pipeline/.venv/lib/python3.10/site-packages/airflow/example_dags/example_trigger_controller_dag.py
[2024-10-21T21:14:08.460+0700] {processor.py:925} INFO - DAG(s) 'example_trigger_controller_dag' retrieved from /Users/punny/Documents/GitHub/NYC-Taxi-ETL-Pipeline/.venv/lib/python3.10/site-packages/airflow/example_dags/example_trigger_controller_dag.py
[2024-10-21T21:14:08.669+0700] {logging_mixin.py:190} INFO - [2024-10-21T21:14:08.669+0700] {dag.py:3239} INFO - Sync 1 DAGs
[2024-10-21T21:14:08.698+0700] {logging_mixin.py:190} INFO - [2024-10-21T21:14:08.698+0700] {dag.py:4180} INFO - Setting next_dagrun for example_trigger_controller_dag to 2021-01-01 00:00:00+00:00, run_after=2021-01-01 00:00:00+00:00
[2024-10-21T21:14:08.721+0700] {processor.py:208} INFO - Processing /Users/punny/Documents/GitHub/NYC-Taxi-ETL-Pipeline/.venv/lib/python3.10/site-packages/airflow/example_dags/example_trigger_controller_dag.py took 0.291 seconds
[2024-10-21T21:17:27.760+0700] {processor.py:186} INFO - Started process (PID=7892) to work on /Users/punny/Documents/GitHub/NYC-Taxi-ETL-Pipeline/.venv/lib/python3.10/site-packages/airflow/example_dags/example_trigger_controller_dag.py
[2024-10-21T21:17:27.764+0700] {processor.py:914} INFO - Processing file /Users/punny/Documents/GitHub/NYC-Taxi-ETL-Pipeline/.venv/lib/python3.10/site-packages/airflow/example_dags/example_trigger_controller_dag.py for tasks to queue
[2024-10-21T21:17:27.765+0700] {logging_mixin.py:190} INFO - [2024-10-21T21:17:27.765+0700] {dagbag.py:588} INFO - Filling up the DagBag from /Users/punny/Documents/GitHub/NYC-Taxi-ETL-Pipeline/.venv/lib/python3.10/site-packages/airflow/example_dags/example_trigger_controller_dag.py
[2024-10-21T21:17:27.781+0700] {processor.py:925} INFO - DAG(s) 'example_trigger_controller_dag' retrieved from /Users/punny/Documents/GitHub/NYC-Taxi-ETL-Pipeline/.venv/lib/python3.10/site-packages/airflow/example_dags/example_trigger_controller_dag.py
[2024-10-21T21:17:27.997+0700] {logging_mixin.py:190} INFO - [2024-10-21T21:17:27.996+0700] {dag.py:3239} INFO - Sync 1 DAGs
[2024-10-21T21:17:28.021+0700] {logging_mixin.py:190} INFO - [2024-10-21T21:17:28.021+0700] {dag.py:4180} INFO - Setting next_dagrun for example_trigger_controller_dag to 2021-01-01 00:00:00+00:00, run_after=2021-01-01 00:00:00+00:00
[2024-10-21T21:17:28.049+0700] {processor.py:208} INFO - Processing /Users/punny/Documents/GitHub/NYC-Taxi-ETL-Pipeline/.venv/lib/python3.10/site-packages/airflow/example_dags/example_trigger_controller_dag.py took 0.297 seconds
[2024-10-21T21:20:30.362+0700] {processor.py:186} INFO - Started process (PID=8065) to work on /Users/punny/Documents/GitHub/NYC-Taxi-ETL-Pipeline/.venv/lib/python3.10/site-packages/airflow/example_dags/example_trigger_controller_dag.py
[2024-10-21T21:20:30.365+0700] {processor.py:914} INFO - Processing file /Users/punny/Documents/GitHub/NYC-Taxi-ETL-Pipeline/.venv/lib/python3.10/site-packages/airflow/example_dags/example_trigger_controller_dag.py for tasks to queue
[2024-10-21T21:20:30.366+0700] {logging_mixin.py:190} INFO - [2024-10-21T21:20:30.366+0700] {dagbag.py:588} INFO - Filling up the DagBag from /Users/punny/Documents/GitHub/NYC-Taxi-ETL-Pipeline/.venv/lib/python3.10/site-packages/airflow/example_dags/example_trigger_controller_dag.py
[2024-10-21T21:20:30.379+0700] {processor.py:925} INFO - DAG(s) 'example_trigger_controller_dag' retrieved from /Users/punny/Documents/GitHub/NYC-Taxi-ETL-Pipeline/.venv/lib/python3.10/site-packages/airflow/example_dags/example_trigger_controller_dag.py
[2024-10-21T21:20:30.561+0700] {logging_mixin.py:190} INFO - [2024-10-21T21:20:30.560+0700] {dag.py:3239} INFO - Sync 1 DAGs
[2024-10-21T21:20:30.581+0700] {logging_mixin.py:190} INFO - [2024-10-21T21:20:30.581+0700] {dag.py:4180} INFO - Setting next_dagrun for example_trigger_controller_dag to 2021-01-01 00:00:00+00:00, run_after=2021-01-01 00:00:00+00:00
[2024-10-21T21:20:30.604+0700] {processor.py:208} INFO - Processing /Users/punny/Documents/GitHub/NYC-Taxi-ETL-Pipeline/.venv/lib/python3.10/site-packages/airflow/example_dags/example_trigger_controller_dag.py took 0.249 seconds
[2024-10-21T21:26:49.960+0700] {processor.py:186} INFO - Started process (PID=8651) to work on /Users/punny/Documents/GitHub/NYC-Taxi-ETL-Pipeline/.venv/lib/python3.10/site-packages/airflow/example_dags/example_trigger_controller_dag.py
[2024-10-21T21:26:49.968+0700] {processor.py:914} INFO - Processing file /Users/punny/Documents/GitHub/NYC-Taxi-ETL-Pipeline/.venv/lib/python3.10/site-packages/airflow/example_dags/example_trigger_controller_dag.py for tasks to queue
[2024-10-21T21:26:49.972+0700] {logging_mixin.py:190} INFO - [2024-10-21T21:26:49.971+0700] {dagbag.py:588} INFO - Filling up the DagBag from /Users/punny/Documents/GitHub/NYC-Taxi-ETL-Pipeline/.venv/lib/python3.10/site-packages/airflow/example_dags/example_trigger_controller_dag.py
[2024-10-21T21:26:50.000+0700] {processor.py:925} INFO - DAG(s) 'example_trigger_controller_dag' retrieved from /Users/punny/Documents/GitHub/NYC-Taxi-ETL-Pipeline/.venv/lib/python3.10/site-packages/airflow/example_dags/example_trigger_controller_dag.py
[2024-10-21T21:26:50.624+0700] {logging_mixin.py:190} INFO - [2024-10-21T21:26:50.623+0700] {dag.py:3239} INFO - Sync 1 DAGs
[2024-10-21T21:26:50.662+0700] {logging_mixin.py:190} INFO - [2024-10-21T21:26:50.661+0700] {dag.py:4180} INFO - Setting next_dagrun for example_trigger_controller_dag to 2021-01-01 00:00:00+00:00, run_after=2021-01-01 00:00:00+00:00
[2024-10-21T21:26:50.700+0700] {processor.py:208} INFO - Processing /Users/punny/Documents/GitHub/NYC-Taxi-ETL-Pipeline/.venv/lib/python3.10/site-packages/airflow/example_dags/example_trigger_controller_dag.py took 0.752 seconds
[2024-10-21T21:29:52.171+0700] {processor.py:186} INFO - Started process (PID=8886) to work on /Users/punny/Documents/GitHub/NYC-Taxi-ETL-Pipeline/.venv/lib/python3.10/site-packages/airflow/example_dags/example_trigger_controller_dag.py
[2024-10-21T21:29:52.176+0700] {processor.py:914} INFO - Processing file /Users/punny/Documents/GitHub/NYC-Taxi-ETL-Pipeline/.venv/lib/python3.10/site-packages/airflow/example_dags/example_trigger_controller_dag.py for tasks to queue
[2024-10-21T21:29:52.178+0700] {logging_mixin.py:190} INFO - [2024-10-21T21:29:52.178+0700] {dagbag.py:588} INFO - Filling up the DagBag from /Users/punny/Documents/GitHub/NYC-Taxi-ETL-Pipeline/.venv/lib/python3.10/site-packages/airflow/example_dags/example_trigger_controller_dag.py
[2024-10-21T21:29:52.193+0700] {processor.py:925} INFO - DAG(s) 'example_trigger_controller_dag' retrieved from /Users/punny/Documents/GitHub/NYC-Taxi-ETL-Pipeline/.venv/lib/python3.10/site-packages/airflow/example_dags/example_trigger_controller_dag.py
[2024-10-21T21:29:52.373+0700] {logging_mixin.py:190} INFO - [2024-10-21T21:29:52.373+0700] {dag.py:3239} INFO - Sync 1 DAGs
[2024-10-21T21:29:52.395+0700] {logging_mixin.py:190} INFO - [2024-10-21T21:29:52.394+0700] {dag.py:4180} INFO - Setting next_dagrun for example_trigger_controller_dag to 2021-01-01 00:00:00+00:00, run_after=2021-01-01 00:00:00+00:00
[2024-10-21T21:29:52.415+0700] {processor.py:208} INFO - Processing /Users/punny/Documents/GitHub/NYC-Taxi-ETL-Pipeline/.venv/lib/python3.10/site-packages/airflow/example_dags/example_trigger_controller_dag.py took 0.251 seconds
[2024-10-21T21:32:43.124+0700] {processor.py:186} INFO - Started process (PID=9113) to work on /Users/punny/Documents/GitHub/NYC-Taxi-ETL-Pipeline/.venv/lib/python3.10/site-packages/airflow/example_dags/example_trigger_controller_dag.py
[2024-10-21T21:32:43.128+0700] {processor.py:914} INFO - Processing file /Users/punny/Documents/GitHub/NYC-Taxi-ETL-Pipeline/.venv/lib/python3.10/site-packages/airflow/example_dags/example_trigger_controller_dag.py for tasks to queue
[2024-10-21T21:32:43.129+0700] {logging_mixin.py:190} INFO - [2024-10-21T21:32:43.129+0700] {dagbag.py:588} INFO - Filling up the DagBag from /Users/punny/Documents/GitHub/NYC-Taxi-ETL-Pipeline/.venv/lib/python3.10/site-packages/airflow/example_dags/example_trigger_controller_dag.py
[2024-10-21T21:32:43.142+0700] {processor.py:925} INFO - DAG(s) 'example_trigger_controller_dag' retrieved from /Users/punny/Documents/GitHub/NYC-Taxi-ETL-Pipeline/.venv/lib/python3.10/site-packages/airflow/example_dags/example_trigger_controller_dag.py
[2024-10-21T21:32:43.325+0700] {logging_mixin.py:190} INFO - [2024-10-21T21:32:43.325+0700] {dag.py:3239} INFO - Sync 1 DAGs
[2024-10-21T21:32:43.345+0700] {logging_mixin.py:190} INFO - [2024-10-21T21:32:43.345+0700] {dag.py:4180} INFO - Setting next_dagrun for example_trigger_controller_dag to 2021-01-01 00:00:00+00:00, run_after=2021-01-01 00:00:00+00:00
[2024-10-21T21:32:43.365+0700] {processor.py:208} INFO - Processing /Users/punny/Documents/GitHub/NYC-Taxi-ETL-Pipeline/.venv/lib/python3.10/site-packages/airflow/example_dags/example_trigger_controller_dag.py took 0.249 seconds
[2024-10-21T21:35:41.031+0700] {processor.py:186} INFO - Started process (PID=9360) to work on /Users/punny/Documents/GitHub/NYC-Taxi-ETL-Pipeline/.venv/lib/python3.10/site-packages/airflow/example_dags/example_trigger_controller_dag.py
[2024-10-21T21:35:41.034+0700] {processor.py:914} INFO - Processing file /Users/punny/Documents/GitHub/NYC-Taxi-ETL-Pipeline/.venv/lib/python3.10/site-packages/airflow/example_dags/example_trigger_controller_dag.py for tasks to queue
[2024-10-21T21:35:41.035+0700] {logging_mixin.py:190} INFO - [2024-10-21T21:35:41.035+0700] {dagbag.py:588} INFO - Filling up the DagBag from /Users/punny/Documents/GitHub/NYC-Taxi-ETL-Pipeline/.venv/lib/python3.10/site-packages/airflow/example_dags/example_trigger_controller_dag.py
[2024-10-21T21:35:41.054+0700] {processor.py:925} INFO - DAG(s) 'example_trigger_controller_dag' retrieved from /Users/punny/Documents/GitHub/NYC-Taxi-ETL-Pipeline/.venv/lib/python3.10/site-packages/airflow/example_dags/example_trigger_controller_dag.py
[2024-10-21T21:35:41.262+0700] {logging_mixin.py:190} INFO - [2024-10-21T21:35:41.262+0700] {dag.py:3239} INFO - Sync 1 DAGs
[2024-10-21T21:35:41.282+0700] {logging_mixin.py:190} INFO - [2024-10-21T21:35:41.282+0700] {dag.py:4180} INFO - Setting next_dagrun for example_trigger_controller_dag to 2021-01-01 00:00:00+00:00, run_after=2021-01-01 00:00:00+00:00
[2024-10-21T21:35:41.309+0700] {processor.py:208} INFO - Processing /Users/punny/Documents/GitHub/NYC-Taxi-ETL-Pipeline/.venv/lib/python3.10/site-packages/airflow/example_dags/example_trigger_controller_dag.py took 0.286 seconds
[2024-10-21T21:39:05.731+0700] {processor.py:186} INFO - Started process (PID=9675) to work on /Users/punny/Documents/GitHub/NYC-Taxi-ETL-Pipeline/.venv/lib/python3.10/site-packages/airflow/example_dags/example_trigger_controller_dag.py
[2024-10-21T21:39:05.734+0700] {processor.py:914} INFO - Processing file /Users/punny/Documents/GitHub/NYC-Taxi-ETL-Pipeline/.venv/lib/python3.10/site-packages/airflow/example_dags/example_trigger_controller_dag.py for tasks to queue
[2024-10-21T21:39:05.735+0700] {logging_mixin.py:190} INFO - [2024-10-21T21:39:05.734+0700] {dagbag.py:588} INFO - Filling up the DagBag from /Users/punny/Documents/GitHub/NYC-Taxi-ETL-Pipeline/.venv/lib/python3.10/site-packages/airflow/example_dags/example_trigger_controller_dag.py
[2024-10-21T21:39:05.748+0700] {processor.py:925} INFO - DAG(s) 'example_trigger_controller_dag' retrieved from /Users/punny/Documents/GitHub/NYC-Taxi-ETL-Pipeline/.venv/lib/python3.10/site-packages/airflow/example_dags/example_trigger_controller_dag.py
[2024-10-21T21:39:05.922+0700] {logging_mixin.py:190} INFO - [2024-10-21T21:39:05.921+0700] {dag.py:3239} INFO - Sync 1 DAGs
[2024-10-21T21:39:05.941+0700] {logging_mixin.py:190} INFO - [2024-10-21T21:39:05.941+0700] {dag.py:4180} INFO - Setting next_dagrun for example_trigger_controller_dag to 2021-01-01 00:00:00+00:00, run_after=2021-01-01 00:00:00+00:00
[2024-10-21T21:39:05.961+0700] {processor.py:208} INFO - Processing /Users/punny/Documents/GitHub/NYC-Taxi-ETL-Pipeline/.venv/lib/python3.10/site-packages/airflow/example_dags/example_trigger_controller_dag.py took 0.238 seconds
[2024-10-21T21:42:45.235+0700] {processor.py:186} INFO - Started process (PID=9994) to work on /Users/punny/Documents/GitHub/NYC-Taxi-ETL-Pipeline/.venv/lib/python3.10/site-packages/airflow/example_dags/example_trigger_controller_dag.py
[2024-10-21T21:42:45.238+0700] {processor.py:914} INFO - Processing file /Users/punny/Documents/GitHub/NYC-Taxi-ETL-Pipeline/.venv/lib/python3.10/site-packages/airflow/example_dags/example_trigger_controller_dag.py for tasks to queue
[2024-10-21T21:42:45.239+0700] {logging_mixin.py:190} INFO - [2024-10-21T21:42:45.239+0700] {dagbag.py:588} INFO - Filling up the DagBag from /Users/punny/Documents/GitHub/NYC-Taxi-ETL-Pipeline/.venv/lib/python3.10/site-packages/airflow/example_dags/example_trigger_controller_dag.py
[2024-10-21T21:42:45.252+0700] {processor.py:925} INFO - DAG(s) 'example_trigger_controller_dag' retrieved from /Users/punny/Documents/GitHub/NYC-Taxi-ETL-Pipeline/.venv/lib/python3.10/site-packages/airflow/example_dags/example_trigger_controller_dag.py
[2024-10-21T21:42:45.426+0700] {logging_mixin.py:190} INFO - [2024-10-21T21:42:45.426+0700] {dag.py:3239} INFO - Sync 1 DAGs
[2024-10-21T21:42:45.446+0700] {logging_mixin.py:190} INFO - [2024-10-21T21:42:45.446+0700] {dag.py:4180} INFO - Setting next_dagrun for example_trigger_controller_dag to 2021-01-01 00:00:00+00:00, run_after=2021-01-01 00:00:00+00:00
[2024-10-21T21:42:45.467+0700] {processor.py:208} INFO - Processing /Users/punny/Documents/GitHub/NYC-Taxi-ETL-Pipeline/.venv/lib/python3.10/site-packages/airflow/example_dags/example_trigger_controller_dag.py took 0.241 seconds
[2024-10-21T21:46:27.776+0700] {processor.py:186} INFO - Started process (PID=10416) to work on /Users/punny/Documents/GitHub/NYC-Taxi-ETL-Pipeline/.venv/lib/python3.10/site-packages/airflow/example_dags/example_trigger_controller_dag.py
[2024-10-21T21:46:27.780+0700] {processor.py:914} INFO - Processing file /Users/punny/Documents/GitHub/NYC-Taxi-ETL-Pipeline/.venv/lib/python3.10/site-packages/airflow/example_dags/example_trigger_controller_dag.py for tasks to queue
[2024-10-21T21:46:27.782+0700] {logging_mixin.py:190} INFO - [2024-10-21T21:46:27.782+0700] {dagbag.py:588} INFO - Filling up the DagBag from /Users/punny/Documents/GitHub/NYC-Taxi-ETL-Pipeline/.venv/lib/python3.10/site-packages/airflow/example_dags/example_trigger_controller_dag.py
[2024-10-21T21:46:27.798+0700] {processor.py:925} INFO - DAG(s) 'example_trigger_controller_dag' retrieved from /Users/punny/Documents/GitHub/NYC-Taxi-ETL-Pipeline/.venv/lib/python3.10/site-packages/airflow/example_dags/example_trigger_controller_dag.py
[2024-10-21T21:46:27.991+0700] {logging_mixin.py:190} INFO - [2024-10-21T21:46:27.990+0700] {dag.py:3239} INFO - Sync 1 DAGs
[2024-10-21T21:46:28.010+0700] {logging_mixin.py:190} INFO - [2024-10-21T21:46:28.010+0700] {dag.py:4180} INFO - Setting next_dagrun for example_trigger_controller_dag to 2021-01-01 00:00:00+00:00, run_after=2021-01-01 00:00:00+00:00
[2024-10-21T21:46:28.031+0700] {processor.py:208} INFO - Processing /Users/punny/Documents/GitHub/NYC-Taxi-ETL-Pipeline/.venv/lib/python3.10/site-packages/airflow/example_dags/example_trigger_controller_dag.py took 0.265 seconds
[2024-10-21T21:49:27.207+0700] {processor.py:186} INFO - Started process (PID=10620) to work on /Users/punny/Documents/GitHub/NYC-Taxi-ETL-Pipeline/.venv/lib/python3.10/site-packages/airflow/example_dags/example_trigger_controller_dag.py
[2024-10-21T21:49:27.210+0700] {processor.py:914} INFO - Processing file /Users/punny/Documents/GitHub/NYC-Taxi-ETL-Pipeline/.venv/lib/python3.10/site-packages/airflow/example_dags/example_trigger_controller_dag.py for tasks to queue
[2024-10-21T21:49:27.212+0700] {logging_mixin.py:190} INFO - [2024-10-21T21:49:27.211+0700] {dagbag.py:588} INFO - Filling up the DagBag from /Users/punny/Documents/GitHub/NYC-Taxi-ETL-Pipeline/.venv/lib/python3.10/site-packages/airflow/example_dags/example_trigger_controller_dag.py
[2024-10-21T21:49:27.229+0700] {processor.py:925} INFO - DAG(s) 'example_trigger_controller_dag' retrieved from /Users/punny/Documents/GitHub/NYC-Taxi-ETL-Pipeline/.venv/lib/python3.10/site-packages/airflow/example_dags/example_trigger_controller_dag.py
[2024-10-21T21:49:27.407+0700] {logging_mixin.py:190} INFO - [2024-10-21T21:49:27.407+0700] {dag.py:3239} INFO - Sync 1 DAGs
[2024-10-21T21:49:27.429+0700] {logging_mixin.py:190} INFO - [2024-10-21T21:49:27.429+0700] {dag.py:4180} INFO - Setting next_dagrun for example_trigger_controller_dag to 2021-01-01 00:00:00+00:00, run_after=2021-01-01 00:00:00+00:00
[2024-10-21T21:49:27.450+0700] {processor.py:208} INFO - Processing /Users/punny/Documents/GitHub/NYC-Taxi-ETL-Pipeline/.venv/lib/python3.10/site-packages/airflow/example_dags/example_trigger_controller_dag.py took 0.252 seconds
[2024-10-21T21:50:58.423+0700] {processor.py:186} INFO - Started process (PID=10754) to work on /Users/punny/Documents/GitHub/NYC-Taxi-ETL-Pipeline/.venv/lib/python3.10/site-packages/airflow/example_dags/example_trigger_controller_dag.py
[2024-10-21T21:50:58.426+0700] {processor.py:914} INFO - Processing file /Users/punny/Documents/GitHub/NYC-Taxi-ETL-Pipeline/.venv/lib/python3.10/site-packages/airflow/example_dags/example_trigger_controller_dag.py for tasks to queue
[2024-10-21T21:50:58.427+0700] {logging_mixin.py:190} INFO - [2024-10-21T21:50:58.427+0700] {dagbag.py:588} INFO - Filling up the DagBag from /Users/punny/Documents/GitHub/NYC-Taxi-ETL-Pipeline/.venv/lib/python3.10/site-packages/airflow/example_dags/example_trigger_controller_dag.py
[2024-10-21T21:50:58.443+0700] {processor.py:925} INFO - DAG(s) 'example_trigger_controller_dag' retrieved from /Users/punny/Documents/GitHub/NYC-Taxi-ETL-Pipeline/.venv/lib/python3.10/site-packages/airflow/example_dags/example_trigger_controller_dag.py
[2024-10-21T21:50:58.630+0700] {logging_mixin.py:190} INFO - [2024-10-21T21:50:58.629+0700] {dag.py:3239} INFO - Sync 1 DAGs
[2024-10-21T21:50:58.651+0700] {logging_mixin.py:190} INFO - [2024-10-21T21:50:58.651+0700] {dag.py:4180} INFO - Setting next_dagrun for example_trigger_controller_dag to 2021-01-01 00:00:00+00:00, run_after=2021-01-01 00:00:00+00:00
[2024-10-21T21:50:58.676+0700] {processor.py:208} INFO - Processing /Users/punny/Documents/GitHub/NYC-Taxi-ETL-Pipeline/.venv/lib/python3.10/site-packages/airflow/example_dags/example_trigger_controller_dag.py took 0.261 seconds
[2024-10-21T21:54:59.828+0700] {processor.py:186} INFO - Started process (PID=11112) to work on /Users/punny/Documents/GitHub/NYC-Taxi-ETL-Pipeline/.venv/lib/python3.10/site-packages/airflow/example_dags/example_trigger_controller_dag.py
[2024-10-21T21:54:59.830+0700] {processor.py:914} INFO - Processing file /Users/punny/Documents/GitHub/NYC-Taxi-ETL-Pipeline/.venv/lib/python3.10/site-packages/airflow/example_dags/example_trigger_controller_dag.py for tasks to queue
[2024-10-21T21:54:59.831+0700] {logging_mixin.py:190} INFO - [2024-10-21T21:54:59.831+0700] {dagbag.py:588} INFO - Filling up the DagBag from /Users/punny/Documents/GitHub/NYC-Taxi-ETL-Pipeline/.venv/lib/python3.10/site-packages/airflow/example_dags/example_trigger_controller_dag.py
[2024-10-21T21:54:59.846+0700] {processor.py:925} INFO - DAG(s) 'example_trigger_controller_dag' retrieved from /Users/punny/Documents/GitHub/NYC-Taxi-ETL-Pipeline/.venv/lib/python3.10/site-packages/airflow/example_dags/example_trigger_controller_dag.py
[2024-10-21T21:55:00.022+0700] {logging_mixin.py:190} INFO - [2024-10-21T21:55:00.021+0700] {dag.py:3239} INFO - Sync 1 DAGs
[2024-10-21T21:55:00.042+0700] {logging_mixin.py:190} INFO - [2024-10-21T21:55:00.042+0700] {dag.py:4180} INFO - Setting next_dagrun for example_trigger_controller_dag to 2021-01-01 00:00:00+00:00, run_after=2021-01-01 00:00:00+00:00
[2024-10-21T21:55:00.063+0700] {processor.py:208} INFO - Processing /Users/punny/Documents/GitHub/NYC-Taxi-ETL-Pipeline/.venv/lib/python3.10/site-packages/airflow/example_dags/example_trigger_controller_dag.py took 0.242 seconds
[2024-10-21T21:59:03.911+0700] {processor.py:186} INFO - Started process (PID=11658) to work on /Users/punny/Documents/GitHub/NYC-Taxi-ETL-Pipeline/.venv/lib/python3.10/site-packages/airflow/example_dags/example_trigger_controller_dag.py
[2024-10-21T21:59:03.914+0700] {processor.py:914} INFO - Processing file /Users/punny/Documents/GitHub/NYC-Taxi-ETL-Pipeline/.venv/lib/python3.10/site-packages/airflow/example_dags/example_trigger_controller_dag.py for tasks to queue
[2024-10-21T21:59:03.915+0700] {logging_mixin.py:190} INFO - [2024-10-21T21:59:03.914+0700] {dagbag.py:588} INFO - Filling up the DagBag from /Users/punny/Documents/GitHub/NYC-Taxi-ETL-Pipeline/.venv/lib/python3.10/site-packages/airflow/example_dags/example_trigger_controller_dag.py
[2024-10-21T21:59:03.928+0700] {processor.py:925} INFO - DAG(s) 'example_trigger_controller_dag' retrieved from /Users/punny/Documents/GitHub/NYC-Taxi-ETL-Pipeline/.venv/lib/python3.10/site-packages/airflow/example_dags/example_trigger_controller_dag.py
[2024-10-21T21:59:04.095+0700] {logging_mixin.py:190} INFO - [2024-10-21T21:59:04.094+0700] {dag.py:3239} INFO - Sync 1 DAGs
[2024-10-21T21:59:04.114+0700] {logging_mixin.py:190} INFO - [2024-10-21T21:59:04.114+0700] {dag.py:4180} INFO - Setting next_dagrun for example_trigger_controller_dag to 2021-01-01 00:00:00+00:00, run_after=2021-01-01 00:00:00+00:00
[2024-10-21T21:59:04.135+0700] {processor.py:208} INFO - Processing /Users/punny/Documents/GitHub/NYC-Taxi-ETL-Pipeline/.venv/lib/python3.10/site-packages/airflow/example_dags/example_trigger_controller_dag.py took 0.231 seconds
[2024-10-21T22:16:22.376+0700] {processor.py:186} INFO - Started process (PID=12019) to work on /Users/punny/Documents/GitHub/NYC-Taxi-ETL-Pipeline/.venv/lib/python3.10/site-packages/airflow/example_dags/example_trigger_controller_dag.py
[2024-10-21T22:16:22.380+0700] {processor.py:914} INFO - Processing file /Users/punny/Documents/GitHub/NYC-Taxi-ETL-Pipeline/.venv/lib/python3.10/site-packages/airflow/example_dags/example_trigger_controller_dag.py for tasks to queue
[2024-10-21T22:16:22.382+0700] {logging_mixin.py:190} INFO - [2024-10-21T22:16:22.382+0700] {dagbag.py:588} INFO - Filling up the DagBag from /Users/punny/Documents/GitHub/NYC-Taxi-ETL-Pipeline/.venv/lib/python3.10/site-packages/airflow/example_dags/example_trigger_controller_dag.py
[2024-10-21T22:16:22.396+0700] {processor.py:925} INFO - DAG(s) 'example_trigger_controller_dag' retrieved from /Users/punny/Documents/GitHub/NYC-Taxi-ETL-Pipeline/.venv/lib/python3.10/site-packages/airflow/example_dags/example_trigger_controller_dag.py
[2024-10-21T22:16:22.581+0700] {logging_mixin.py:190} INFO - [2024-10-21T22:16:22.581+0700] {dag.py:3239} INFO - Sync 1 DAGs
[2024-10-21T22:16:22.612+0700] {logging_mixin.py:190} INFO - [2024-10-21T22:16:22.612+0700] {dag.py:4180} INFO - Setting next_dagrun for example_trigger_controller_dag to 2021-01-01 00:00:00+00:00, run_after=2021-01-01 00:00:00+00:00
[2024-10-21T22:16:22.634+0700] {processor.py:208} INFO - Processing /Users/punny/Documents/GitHub/NYC-Taxi-ETL-Pipeline/.venv/lib/python3.10/site-packages/airflow/example_dags/example_trigger_controller_dag.py took 0.267 seconds
[2024-10-21T22:19:18.325+0700] {processor.py:186} INFO - Started process (PID=12333) to work on /Users/punny/Documents/GitHub/NYC-Taxi-ETL-Pipeline/.venv/lib/python3.10/site-packages/airflow/example_dags/example_trigger_controller_dag.py
[2024-10-21T22:19:18.328+0700] {processor.py:914} INFO - Processing file /Users/punny/Documents/GitHub/NYC-Taxi-ETL-Pipeline/.venv/lib/python3.10/site-packages/airflow/example_dags/example_trigger_controller_dag.py for tasks to queue
[2024-10-21T22:19:18.329+0700] {logging_mixin.py:190} INFO - [2024-10-21T22:19:18.329+0700] {dagbag.py:588} INFO - Filling up the DagBag from /Users/punny/Documents/GitHub/NYC-Taxi-ETL-Pipeline/.venv/lib/python3.10/site-packages/airflow/example_dags/example_trigger_controller_dag.py
[2024-10-21T22:19:18.345+0700] {processor.py:925} INFO - DAG(s) 'example_trigger_controller_dag' retrieved from /Users/punny/Documents/GitHub/NYC-Taxi-ETL-Pipeline/.venv/lib/python3.10/site-packages/airflow/example_dags/example_trigger_controller_dag.py
[2024-10-21T22:19:18.522+0700] {logging_mixin.py:190} INFO - [2024-10-21T22:19:18.522+0700] {dag.py:3239} INFO - Sync 1 DAGs
[2024-10-21T22:19:18.543+0700] {logging_mixin.py:190} INFO - [2024-10-21T22:19:18.543+0700] {dag.py:4180} INFO - Setting next_dagrun for example_trigger_controller_dag to 2021-01-01 00:00:00+00:00, run_after=2021-01-01 00:00:00+00:00
[2024-10-21T22:19:18.565+0700] {processor.py:208} INFO - Processing /Users/punny/Documents/GitHub/NYC-Taxi-ETL-Pipeline/.venv/lib/python3.10/site-packages/airflow/example_dags/example_trigger_controller_dag.py took 0.248 seconds
[2024-10-21T22:24:14.963+0700] {processor.py:186} INFO - Started process (PID=13110) to work on /Users/punny/Documents/GitHub/NYC-Taxi-ETL-Pipeline/.venv/lib/python3.10/site-packages/airflow/example_dags/example_trigger_controller_dag.py
[2024-10-21T22:24:14.966+0700] {processor.py:914} INFO - Processing file /Users/punny/Documents/GitHub/NYC-Taxi-ETL-Pipeline/.venv/lib/python3.10/site-packages/airflow/example_dags/example_trigger_controller_dag.py for tasks to queue
[2024-10-21T22:24:14.967+0700] {logging_mixin.py:190} INFO - [2024-10-21T22:24:14.967+0700] {dagbag.py:588} INFO - Filling up the DagBag from /Users/punny/Documents/GitHub/NYC-Taxi-ETL-Pipeline/.venv/lib/python3.10/site-packages/airflow/example_dags/example_trigger_controller_dag.py
[2024-10-21T22:24:14.981+0700] {processor.py:925} INFO - DAG(s) 'example_trigger_controller_dag' retrieved from /Users/punny/Documents/GitHub/NYC-Taxi-ETL-Pipeline/.venv/lib/python3.10/site-packages/airflow/example_dags/example_trigger_controller_dag.py
[2024-10-21T22:24:15.164+0700] {logging_mixin.py:190} INFO - [2024-10-21T22:24:15.163+0700] {dag.py:3239} INFO - Sync 1 DAGs
[2024-10-21T22:24:15.185+0700] {logging_mixin.py:190} INFO - [2024-10-21T22:24:15.185+0700] {dag.py:4180} INFO - Setting next_dagrun for example_trigger_controller_dag to 2021-01-01 00:00:00+00:00, run_after=2021-01-01 00:00:00+00:00
[2024-10-21T22:24:15.208+0700] {processor.py:208} INFO - Processing /Users/punny/Documents/GitHub/NYC-Taxi-ETL-Pipeline/.venv/lib/python3.10/site-packages/airflow/example_dags/example_trigger_controller_dag.py took 0.254 seconds
[2024-10-21T22:28:18.470+0700] {processor.py:186} INFO - Started process (PID=13482) to work on /Users/punny/Documents/GitHub/NYC-Taxi-ETL-Pipeline/.venv/lib/python3.10/site-packages/airflow/example_dags/example_trigger_controller_dag.py
[2024-10-21T22:28:18.474+0700] {processor.py:914} INFO - Processing file /Users/punny/Documents/GitHub/NYC-Taxi-ETL-Pipeline/.venv/lib/python3.10/site-packages/airflow/example_dags/example_trigger_controller_dag.py for tasks to queue
[2024-10-21T22:28:18.475+0700] {logging_mixin.py:190} INFO - [2024-10-21T22:28:18.475+0700] {dagbag.py:588} INFO - Filling up the DagBag from /Users/punny/Documents/GitHub/NYC-Taxi-ETL-Pipeline/.venv/lib/python3.10/site-packages/airflow/example_dags/example_trigger_controller_dag.py
[2024-10-21T22:28:18.490+0700] {processor.py:925} INFO - DAG(s) 'example_trigger_controller_dag' retrieved from /Users/punny/Documents/GitHub/NYC-Taxi-ETL-Pipeline/.venv/lib/python3.10/site-packages/airflow/example_dags/example_trigger_controller_dag.py
[2024-10-21T22:28:18.705+0700] {logging_mixin.py:190} INFO - [2024-10-21T22:28:18.704+0700] {dag.py:3239} INFO - Sync 1 DAGs
[2024-10-21T22:28:18.727+0700] {logging_mixin.py:190} INFO - [2024-10-21T22:28:18.727+0700] {dag.py:4180} INFO - Setting next_dagrun for example_trigger_controller_dag to 2021-01-01 00:00:00+00:00, run_after=2021-01-01 00:00:00+00:00
[2024-10-21T22:28:18.750+0700] {processor.py:208} INFO - Processing /Users/punny/Documents/GitHub/NYC-Taxi-ETL-Pipeline/.venv/lib/python3.10/site-packages/airflow/example_dags/example_trigger_controller_dag.py took 0.288 seconds
[2024-10-21T22:31:13.281+0700] {processor.py:186} INFO - Started process (PID=13703) to work on /Users/punny/Documents/GitHub/NYC-Taxi-ETL-Pipeline/.venv/lib/python3.10/site-packages/airflow/example_dags/example_trigger_controller_dag.py
[2024-10-21T22:31:13.284+0700] {processor.py:914} INFO - Processing file /Users/punny/Documents/GitHub/NYC-Taxi-ETL-Pipeline/.venv/lib/python3.10/site-packages/airflow/example_dags/example_trigger_controller_dag.py for tasks to queue
[2024-10-21T22:31:13.285+0700] {logging_mixin.py:190} INFO - [2024-10-21T22:31:13.285+0700] {dagbag.py:588} INFO - Filling up the DagBag from /Users/punny/Documents/GitHub/NYC-Taxi-ETL-Pipeline/.venv/lib/python3.10/site-packages/airflow/example_dags/example_trigger_controller_dag.py
[2024-10-21T22:31:13.299+0700] {processor.py:925} INFO - DAG(s) 'example_trigger_controller_dag' retrieved from /Users/punny/Documents/GitHub/NYC-Taxi-ETL-Pipeline/.venv/lib/python3.10/site-packages/airflow/example_dags/example_trigger_controller_dag.py
[2024-10-21T22:31:13.475+0700] {logging_mixin.py:190} INFO - [2024-10-21T22:31:13.474+0700] {dag.py:3239} INFO - Sync 1 DAGs
[2024-10-21T22:31:13.495+0700] {logging_mixin.py:190} INFO - [2024-10-21T22:31:13.495+0700] {dag.py:4180} INFO - Setting next_dagrun for example_trigger_controller_dag to 2021-01-01 00:00:00+00:00, run_after=2021-01-01 00:00:00+00:00
[2024-10-21T22:31:13.516+0700] {processor.py:208} INFO - Processing /Users/punny/Documents/GitHub/NYC-Taxi-ETL-Pipeline/.venv/lib/python3.10/site-packages/airflow/example_dags/example_trigger_controller_dag.py took 0.242 seconds
