[2024-10-21T12:22:03.321+0700] {processor.py:186} INFO - Started process (PID=34027) to work on /Users/punny/Documents/GitHub/NYC-Taxi-ETL-Pipeline/.venv/lib/python3.10/site-packages/airflow/example_dags/example_xcom.py
[2024-10-21T12:22:03.325+0700] {processor.py:914} INFO - Processing file /Users/punny/Documents/GitHub/NYC-Taxi-ETL-Pipeline/.venv/lib/python3.10/site-packages/airflow/example_dags/example_xcom.py for tasks to queue
[2024-10-21T12:22:03.327+0700] {logging_mixin.py:190} INFO - [2024-10-21T12:22:03.327+0700] {dagbag.py:588} INFO - Filling up the DagBag from /Users/punny/Documents/GitHub/NYC-Taxi-ETL-Pipeline/.venv/lib/python3.10/site-packages/airflow/example_dags/example_xcom.py
[2024-10-21T12:22:03.460+0700] {processor.py:925} INFO - DAG(s) 'example_xcom' retrieved from /Users/punny/Documents/GitHub/NYC-Taxi-ETL-Pipeline/.venv/lib/python3.10/site-packages/airflow/example_dags/example_xcom.py
[2024-10-21T12:22:04.118+0700] {logging_mixin.py:190} INFO - [2024-10-21T12:22:04.118+0700] {dag.py:3239} INFO - Sync 1 DAGs
[2024-10-21T12:22:04.159+0700] {logging_mixin.py:190} INFO - [2024-10-21T12:22:04.158+0700] {dag.py:4180} INFO - Setting next_dagrun for example_xcom to 2021-01-01 00:00:00+00:00, run_after=2021-01-01 00:00:00+00:00
[2024-10-21T12:22:04.202+0700] {processor.py:208} INFO - Processing /Users/punny/Documents/GitHub/NYC-Taxi-ETL-Pipeline/.venv/lib/python3.10/site-packages/airflow/example_dags/example_xcom.py took 0.897 seconds
[2024-10-21T13:41:57.775+0700] {processor.py:186} INFO - Started process (PID=34866) to work on /Users/punny/Documents/GitHub/NYC-Taxi-ETL-Pipeline/.venv/lib/python3.10/site-packages/airflow/example_dags/example_xcom.py
[2024-10-21T13:41:57.779+0700] {processor.py:914} INFO - Processing file /Users/punny/Documents/GitHub/NYC-Taxi-ETL-Pipeline/.venv/lib/python3.10/site-packages/airflow/example_dags/example_xcom.py for tasks to queue
[2024-10-21T13:41:57.781+0700] {logging_mixin.py:190} INFO - [2024-10-21T13:41:57.781+0700] {dagbag.py:588} INFO - Filling up the DagBag from /Users/punny/Documents/GitHub/NYC-Taxi-ETL-Pipeline/.venv/lib/python3.10/site-packages/airflow/example_dags/example_xcom.py
[2024-10-21T13:41:57.846+0700] {processor.py:925} INFO - DAG(s) 'example_xcom' retrieved from /Users/punny/Documents/GitHub/NYC-Taxi-ETL-Pipeline/.venv/lib/python3.10/site-packages/airflow/example_dags/example_xcom.py
[2024-10-21T13:41:58.134+0700] {logging_mixin.py:190} INFO - [2024-10-21T13:41:58.134+0700] {dag.py:3239} INFO - Sync 1 DAGs
[2024-10-21T13:41:58.166+0700] {logging_mixin.py:190} INFO - [2024-10-21T13:41:58.165+0700] {dag.py:4180} INFO - Setting next_dagrun for example_xcom to 2021-01-01 00:00:00+00:00, run_after=2021-01-01 00:00:00+00:00
[2024-10-21T13:41:58.205+0700] {processor.py:208} INFO - Processing /Users/punny/Documents/GitHub/NYC-Taxi-ETL-Pipeline/.venv/lib/python3.10/site-packages/airflow/example_dags/example_xcom.py took 0.442 seconds
[2024-10-21T14:39:53.616+0700] {processor.py:186} INFO - Started process (PID=35626) to work on /Users/punny/Documents/GitHub/NYC-Taxi-ETL-Pipeline/.venv/lib/python3.10/site-packages/airflow/example_dags/example_xcom.py
[2024-10-21T14:39:53.620+0700] {processor.py:914} INFO - Processing file /Users/punny/Documents/GitHub/NYC-Taxi-ETL-Pipeline/.venv/lib/python3.10/site-packages/airflow/example_dags/example_xcom.py for tasks to queue
[2024-10-21T14:39:53.622+0700] {logging_mixin.py:190} INFO - [2024-10-21T14:39:53.621+0700] {dagbag.py:588} INFO - Filling up the DagBag from /Users/punny/Documents/GitHub/NYC-Taxi-ETL-Pipeline/.venv/lib/python3.10/site-packages/airflow/example_dags/example_xcom.py
[2024-10-21T14:39:53.681+0700] {processor.py:925} INFO - DAG(s) 'example_xcom' retrieved from /Users/punny/Documents/GitHub/NYC-Taxi-ETL-Pipeline/.venv/lib/python3.10/site-packages/airflow/example_dags/example_xcom.py
[2024-10-21T14:39:53.941+0700] {logging_mixin.py:190} INFO - [2024-10-21T14:39:53.941+0700] {dag.py:3239} INFO - Sync 1 DAGs
[2024-10-21T14:39:53.970+0700] {logging_mixin.py:190} INFO - [2024-10-21T14:39:53.969+0700] {dag.py:4180} INFO - Setting next_dagrun for example_xcom to 2021-01-01 00:00:00+00:00, run_after=2021-01-01 00:00:00+00:00
[2024-10-21T14:39:54.032+0700] {processor.py:208} INFO - Processing /Users/punny/Documents/GitHub/NYC-Taxi-ETL-Pipeline/.venv/lib/python3.10/site-packages/airflow/example_dags/example_xcom.py took 0.429 seconds
[2024-10-21T14:51:10.585+0700] {processor.py:186} INFO - Started process (PID=36363) to work on /Users/punny/Documents/GitHub/NYC-Taxi-ETL-Pipeline/.venv/lib/python3.10/site-packages/airflow/example_dags/example_xcom.py
[2024-10-21T14:51:10.589+0700] {processor.py:914} INFO - Processing file /Users/punny/Documents/GitHub/NYC-Taxi-ETL-Pipeline/.venv/lib/python3.10/site-packages/airflow/example_dags/example_xcom.py for tasks to queue
[2024-10-21T14:51:10.591+0700] {logging_mixin.py:190} INFO - [2024-10-21T14:51:10.590+0700] {dagbag.py:588} INFO - Filling up the DagBag from /Users/punny/Documents/GitHub/NYC-Taxi-ETL-Pipeline/.venv/lib/python3.10/site-packages/airflow/example_dags/example_xcom.py
[2024-10-21T14:51:10.642+0700] {processor.py:925} INFO - DAG(s) 'example_xcom' retrieved from /Users/punny/Documents/GitHub/NYC-Taxi-ETL-Pipeline/.venv/lib/python3.10/site-packages/airflow/example_dags/example_xcom.py
[2024-10-21T14:51:11.079+0700] {logging_mixin.py:190} INFO - [2024-10-21T14:51:11.079+0700] {dag.py:3239} INFO - Sync 1 DAGs
[2024-10-21T14:51:11.198+0700] {logging_mixin.py:190} INFO - [2024-10-21T14:51:11.197+0700] {dag.py:4180} INFO - Setting next_dagrun for example_xcom to 2021-01-01 00:00:00+00:00, run_after=2021-01-01 00:00:00+00:00
[2024-10-21T14:51:11.517+0700] {processor.py:208} INFO - Processing /Users/punny/Documents/GitHub/NYC-Taxi-ETL-Pipeline/.venv/lib/python3.10/site-packages/airflow/example_dags/example_xcom.py took 0.940 seconds
[2024-10-21T14:54:49.368+0700] {processor.py:186} INFO - Started process (PID=36899) to work on /Users/punny/Documents/GitHub/NYC-Taxi-ETL-Pipeline/.venv/lib/python3.10/site-packages/airflow/example_dags/example_xcom.py
[2024-10-21T14:54:49.372+0700] {processor.py:914} INFO - Processing file /Users/punny/Documents/GitHub/NYC-Taxi-ETL-Pipeline/.venv/lib/python3.10/site-packages/airflow/example_dags/example_xcom.py for tasks to queue
[2024-10-21T14:54:49.374+0700] {logging_mixin.py:190} INFO - [2024-10-21T14:54:49.374+0700] {dagbag.py:588} INFO - Filling up the DagBag from /Users/punny/Documents/GitHub/NYC-Taxi-ETL-Pipeline/.venv/lib/python3.10/site-packages/airflow/example_dags/example_xcom.py
[2024-10-21T14:54:49.438+0700] {processor.py:925} INFO - DAG(s) 'example_xcom' retrieved from /Users/punny/Documents/GitHub/NYC-Taxi-ETL-Pipeline/.venv/lib/python3.10/site-packages/airflow/example_dags/example_xcom.py
[2024-10-21T14:54:49.723+0700] {logging_mixin.py:190} INFO - [2024-10-21T14:54:49.723+0700] {dag.py:3239} INFO - Sync 1 DAGs
[2024-10-21T14:54:49.767+0700] {logging_mixin.py:190} INFO - [2024-10-21T14:54:49.766+0700] {dag.py:4180} INFO - Setting next_dagrun for example_xcom to 2021-01-01 00:00:00+00:00, run_after=2021-01-01 00:00:00+00:00
[2024-10-21T14:54:49.804+0700] {processor.py:208} INFO - Processing /Users/punny/Documents/GitHub/NYC-Taxi-ETL-Pipeline/.venv/lib/python3.10/site-packages/airflow/example_dags/example_xcom.py took 0.444 seconds
[2024-10-21T14:59:23.829+0700] {processor.py:186} INFO - Started process (PID=37586) to work on /Users/punny/Documents/GitHub/NYC-Taxi-ETL-Pipeline/.venv/lib/python3.10/site-packages/airflow/example_dags/example_xcom.py
[2024-10-21T14:59:23.834+0700] {processor.py:914} INFO - Processing file /Users/punny/Documents/GitHub/NYC-Taxi-ETL-Pipeline/.venv/lib/python3.10/site-packages/airflow/example_dags/example_xcom.py for tasks to queue
[2024-10-21T14:59:23.835+0700] {logging_mixin.py:190} INFO - [2024-10-21T14:59:23.835+0700] {dagbag.py:588} INFO - Filling up the DagBag from /Users/punny/Documents/GitHub/NYC-Taxi-ETL-Pipeline/.venv/lib/python3.10/site-packages/airflow/example_dags/example_xcom.py
[2024-10-21T14:59:23.893+0700] {processor.py:925} INFO - DAG(s) 'example_xcom' retrieved from /Users/punny/Documents/GitHub/NYC-Taxi-ETL-Pipeline/.venv/lib/python3.10/site-packages/airflow/example_dags/example_xcom.py
[2024-10-21T14:59:24.107+0700] {logging_mixin.py:190} INFO - [2024-10-21T14:59:24.107+0700] {dag.py:3239} INFO - Sync 1 DAGs
[2024-10-21T14:59:24.140+0700] {logging_mixin.py:190} INFO - [2024-10-21T14:59:24.139+0700] {dag.py:4180} INFO - Setting next_dagrun for example_xcom to 2021-01-01 00:00:00+00:00, run_after=2021-01-01 00:00:00+00:00
[2024-10-21T14:59:24.167+0700] {processor.py:208} INFO - Processing /Users/punny/Documents/GitHub/NYC-Taxi-ETL-Pipeline/.venv/lib/python3.10/site-packages/airflow/example_dags/example_xcom.py took 0.350 seconds
[2024-10-21T15:05:04.990+0700] {processor.py:186} INFO - Started process (PID=38390) to work on /Users/punny/Documents/GitHub/NYC-Taxi-ETL-Pipeline/.venv/lib/python3.10/site-packages/airflow/example_dags/example_xcom.py
[2024-10-21T15:05:04.995+0700] {processor.py:914} INFO - Processing file /Users/punny/Documents/GitHub/NYC-Taxi-ETL-Pipeline/.venv/lib/python3.10/site-packages/airflow/example_dags/example_xcom.py for tasks to queue
[2024-10-21T15:05:04.999+0700] {logging_mixin.py:190} INFO - [2024-10-21T15:05:04.998+0700] {dagbag.py:588} INFO - Filling up the DagBag from /Users/punny/Documents/GitHub/NYC-Taxi-ETL-Pipeline/.venv/lib/python3.10/site-packages/airflow/example_dags/example_xcom.py
[2024-10-21T15:05:05.085+0700] {processor.py:925} INFO - DAG(s) 'example_xcom' retrieved from /Users/punny/Documents/GitHub/NYC-Taxi-ETL-Pipeline/.venv/lib/python3.10/site-packages/airflow/example_dags/example_xcom.py
[2024-10-21T15:05:05.469+0700] {logging_mixin.py:190} INFO - [2024-10-21T15:05:05.469+0700] {dag.py:3239} INFO - Sync 1 DAGs
[2024-10-21T15:05:05.509+0700] {logging_mixin.py:190} INFO - [2024-10-21T15:05:05.508+0700] {dag.py:4180} INFO - Setting next_dagrun for example_xcom to 2021-01-01 00:00:00+00:00, run_after=2021-01-01 00:00:00+00:00
[2024-10-21T15:05:05.546+0700] {processor.py:208} INFO - Processing /Users/punny/Documents/GitHub/NYC-Taxi-ETL-Pipeline/.venv/lib/python3.10/site-packages/airflow/example_dags/example_xcom.py took 0.574 seconds
[2024-10-21T15:09:43.782+0700] {processor.py:186} INFO - Started process (PID=38967) to work on /Users/punny/Documents/GitHub/NYC-Taxi-ETL-Pipeline/.venv/lib/python3.10/site-packages/airflow/example_dags/example_xcom.py
[2024-10-21T15:09:43.786+0700] {processor.py:914} INFO - Processing file /Users/punny/Documents/GitHub/NYC-Taxi-ETL-Pipeline/.venv/lib/python3.10/site-packages/airflow/example_dags/example_xcom.py for tasks to queue
[2024-10-21T15:09:43.788+0700] {logging_mixin.py:190} INFO - [2024-10-21T15:09:43.788+0700] {dagbag.py:588} INFO - Filling up the DagBag from /Users/punny/Documents/GitHub/NYC-Taxi-ETL-Pipeline/.venv/lib/python3.10/site-packages/airflow/example_dags/example_xcom.py
[2024-10-21T15:09:43.876+0700] {processor.py:925} INFO - DAG(s) 'example_xcom' retrieved from /Users/punny/Documents/GitHub/NYC-Taxi-ETL-Pipeline/.venv/lib/python3.10/site-packages/airflow/example_dags/example_xcom.py
[2024-10-21T15:09:44.248+0700] {logging_mixin.py:190} INFO - [2024-10-21T15:09:44.248+0700] {dag.py:3239} INFO - Sync 1 DAGs
[2024-10-21T15:09:44.303+0700] {logging_mixin.py:190} INFO - [2024-10-21T15:09:44.301+0700] {dag.py:4180} INFO - Setting next_dagrun for example_xcom to 2021-01-01 00:00:00+00:00, run_after=2021-01-01 00:00:00+00:00
[2024-10-21T15:09:44.356+0700] {processor.py:208} INFO - Processing /Users/punny/Documents/GitHub/NYC-Taxi-ETL-Pipeline/.venv/lib/python3.10/site-packages/airflow/example_dags/example_xcom.py took 0.585 seconds
[2024-10-21T15:14:05.735+0700] {processor.py:186} INFO - Started process (PID=39528) to work on /Users/punny/Documents/GitHub/NYC-Taxi-ETL-Pipeline/.venv/lib/python3.10/site-packages/airflow/example_dags/example_xcom.py
[2024-10-21T15:14:05.740+0700] {processor.py:914} INFO - Processing file /Users/punny/Documents/GitHub/NYC-Taxi-ETL-Pipeline/.venv/lib/python3.10/site-packages/airflow/example_dags/example_xcom.py for tasks to queue
[2024-10-21T15:14:05.742+0700] {logging_mixin.py:190} INFO - [2024-10-21T15:14:05.741+0700] {dagbag.py:588} INFO - Filling up the DagBag from /Users/punny/Documents/GitHub/NYC-Taxi-ETL-Pipeline/.venv/lib/python3.10/site-packages/airflow/example_dags/example_xcom.py
[2024-10-21T15:14:05.815+0700] {processor.py:925} INFO - DAG(s) 'example_xcom' retrieved from /Users/punny/Documents/GitHub/NYC-Taxi-ETL-Pipeline/.venv/lib/python3.10/site-packages/airflow/example_dags/example_xcom.py
[2024-10-21T15:14:06.181+0700] {logging_mixin.py:190} INFO - [2024-10-21T15:14:06.181+0700] {dag.py:3239} INFO - Sync 1 DAGs
[2024-10-21T15:14:06.215+0700] {logging_mixin.py:190} INFO - [2024-10-21T15:14:06.214+0700] {dag.py:4180} INFO - Setting next_dagrun for example_xcom to 2021-01-01 00:00:00+00:00, run_after=2021-01-01 00:00:00+00:00
[2024-10-21T15:14:06.249+0700] {processor.py:208} INFO - Processing /Users/punny/Documents/GitHub/NYC-Taxi-ETL-Pipeline/.venv/lib/python3.10/site-packages/airflow/example_dags/example_xcom.py took 0.524 seconds
[2024-10-21T15:18:28.646+0700] {processor.py:186} INFO - Started process (PID=40060) to work on /Users/punny/Documents/GitHub/NYC-Taxi-ETL-Pipeline/.venv/lib/python3.10/site-packages/airflow/example_dags/example_xcom.py
[2024-10-21T15:18:28.651+0700] {processor.py:914} INFO - Processing file /Users/punny/Documents/GitHub/NYC-Taxi-ETL-Pipeline/.venv/lib/python3.10/site-packages/airflow/example_dags/example_xcom.py for tasks to queue
[2024-10-21T15:18:28.652+0700] {logging_mixin.py:190} INFO - [2024-10-21T15:18:28.652+0700] {dagbag.py:588} INFO - Filling up the DagBag from /Users/punny/Documents/GitHub/NYC-Taxi-ETL-Pipeline/.venv/lib/python3.10/site-packages/airflow/example_dags/example_xcom.py
[2024-10-21T15:18:28.724+0700] {processor.py:925} INFO - DAG(s) 'example_xcom' retrieved from /Users/punny/Documents/GitHub/NYC-Taxi-ETL-Pipeline/.venv/lib/python3.10/site-packages/airflow/example_dags/example_xcom.py
[2024-10-21T15:18:29.048+0700] {logging_mixin.py:190} INFO - [2024-10-21T15:18:29.046+0700] {dag.py:3239} INFO - Sync 1 DAGs
[2024-10-21T15:18:29.101+0700] {logging_mixin.py:190} INFO - [2024-10-21T15:18:29.100+0700] {dag.py:4180} INFO - Setting next_dagrun for example_xcom to 2021-01-01 00:00:00+00:00, run_after=2021-01-01 00:00:00+00:00
[2024-10-21T15:18:29.137+0700] {processor.py:208} INFO - Processing /Users/punny/Documents/GitHub/NYC-Taxi-ETL-Pipeline/.venv/lib/python3.10/site-packages/airflow/example_dags/example_xcom.py took 0.502 seconds
[2024-10-21T15:22:36.549+0700] {processor.py:186} INFO - Started process (PID=40604) to work on /Users/punny/Documents/GitHub/NYC-Taxi-ETL-Pipeline/.venv/lib/python3.10/site-packages/airflow/example_dags/example_xcom.py
[2024-10-21T15:22:36.554+0700] {processor.py:914} INFO - Processing file /Users/punny/Documents/GitHub/NYC-Taxi-ETL-Pipeline/.venv/lib/python3.10/site-packages/airflow/example_dags/example_xcom.py for tasks to queue
[2024-10-21T15:22:36.556+0700] {logging_mixin.py:190} INFO - [2024-10-21T15:22:36.556+0700] {dagbag.py:588} INFO - Filling up the DagBag from /Users/punny/Documents/GitHub/NYC-Taxi-ETL-Pipeline/.venv/lib/python3.10/site-packages/airflow/example_dags/example_xcom.py
[2024-10-21T15:22:36.647+0700] {processor.py:925} INFO - DAG(s) 'example_xcom' retrieved from /Users/punny/Documents/GitHub/NYC-Taxi-ETL-Pipeline/.venv/lib/python3.10/site-packages/airflow/example_dags/example_xcom.py
[2024-10-21T15:22:36.934+0700] {logging_mixin.py:190} INFO - [2024-10-21T15:22:36.934+0700] {dag.py:3239} INFO - Sync 1 DAGs
[2024-10-21T15:22:36.967+0700] {logging_mixin.py:190} INFO - [2024-10-21T15:22:36.967+0700] {dag.py:4180} INFO - Setting next_dagrun for example_xcom to 2021-01-01 00:00:00+00:00, run_after=2021-01-01 00:00:00+00:00
[2024-10-21T15:22:37.009+0700] {processor.py:208} INFO - Processing /Users/punny/Documents/GitHub/NYC-Taxi-ETL-Pipeline/.venv/lib/python3.10/site-packages/airflow/example_dags/example_xcom.py took 0.476 seconds
[2024-10-21T15:26:35.820+0700] {processor.py:186} INFO - Started process (PID=41095) to work on /Users/punny/Documents/GitHub/NYC-Taxi-ETL-Pipeline/.venv/lib/python3.10/site-packages/airflow/example_dags/example_xcom.py
[2024-10-21T15:26:35.825+0700] {processor.py:914} INFO - Processing file /Users/punny/Documents/GitHub/NYC-Taxi-ETL-Pipeline/.venv/lib/python3.10/site-packages/airflow/example_dags/example_xcom.py for tasks to queue
[2024-10-21T15:26:35.827+0700] {logging_mixin.py:190} INFO - [2024-10-21T15:26:35.826+0700] {dagbag.py:588} INFO - Filling up the DagBag from /Users/punny/Documents/GitHub/NYC-Taxi-ETL-Pipeline/.venv/lib/python3.10/site-packages/airflow/example_dags/example_xcom.py
[2024-10-21T15:26:35.911+0700] {processor.py:925} INFO - DAG(s) 'example_xcom' retrieved from /Users/punny/Documents/GitHub/NYC-Taxi-ETL-Pipeline/.venv/lib/python3.10/site-packages/airflow/example_dags/example_xcom.py
[2024-10-21T15:26:36.200+0700] {logging_mixin.py:190} INFO - [2024-10-21T15:26:36.200+0700] {dag.py:3239} INFO - Sync 1 DAGs
[2024-10-21T15:26:36.233+0700] {logging_mixin.py:190} INFO - [2024-10-21T15:26:36.232+0700] {dag.py:4180} INFO - Setting next_dagrun for example_xcom to 2021-01-01 00:00:00+00:00, run_after=2021-01-01 00:00:00+00:00
[2024-10-21T15:26:36.264+0700] {processor.py:208} INFO - Processing /Users/punny/Documents/GitHub/NYC-Taxi-ETL-Pipeline/.venv/lib/python3.10/site-packages/airflow/example_dags/example_xcom.py took 0.458 seconds
[2024-10-21T15:30:46.496+0700] {processor.py:186} INFO - Started process (PID=41657) to work on /Users/punny/Documents/GitHub/NYC-Taxi-ETL-Pipeline/.venv/lib/python3.10/site-packages/airflow/example_dags/example_xcom.py
[2024-10-21T15:30:46.502+0700] {processor.py:914} INFO - Processing file /Users/punny/Documents/GitHub/NYC-Taxi-ETL-Pipeline/.venv/lib/python3.10/site-packages/airflow/example_dags/example_xcom.py for tasks to queue
[2024-10-21T15:30:46.505+0700] {logging_mixin.py:190} INFO - [2024-10-21T15:30:46.504+0700] {dagbag.py:588} INFO - Filling up the DagBag from /Users/punny/Documents/GitHub/NYC-Taxi-ETL-Pipeline/.venv/lib/python3.10/site-packages/airflow/example_dags/example_xcom.py
[2024-10-21T15:30:46.577+0700] {processor.py:925} INFO - DAG(s) 'example_xcom' retrieved from /Users/punny/Documents/GitHub/NYC-Taxi-ETL-Pipeline/.venv/lib/python3.10/site-packages/airflow/example_dags/example_xcom.py
[2024-10-21T15:30:46.868+0700] {logging_mixin.py:190} INFO - [2024-10-21T15:30:46.868+0700] {dag.py:3239} INFO - Sync 1 DAGs
[2024-10-21T15:30:46.923+0700] {logging_mixin.py:190} INFO - [2024-10-21T15:30:46.922+0700] {dag.py:4180} INFO - Setting next_dagrun for example_xcom to 2021-01-01 00:00:00+00:00, run_after=2021-01-01 00:00:00+00:00
[2024-10-21T15:30:46.968+0700] {processor.py:208} INFO - Processing /Users/punny/Documents/GitHub/NYC-Taxi-ETL-Pipeline/.venv/lib/python3.10/site-packages/airflow/example_dags/example_xcom.py took 0.486 seconds
[2024-10-21T15:34:43.696+0700] {processor.py:186} INFO - Started process (PID=42135) to work on /Users/punny/Documents/GitHub/NYC-Taxi-ETL-Pipeline/.venv/lib/python3.10/site-packages/airflow/example_dags/example_xcom.py
[2024-10-21T15:34:43.700+0700] {processor.py:914} INFO - Processing file /Users/punny/Documents/GitHub/NYC-Taxi-ETL-Pipeline/.venv/lib/python3.10/site-packages/airflow/example_dags/example_xcom.py for tasks to queue
[2024-10-21T15:34:43.702+0700] {logging_mixin.py:190} INFO - [2024-10-21T15:34:43.701+0700] {dagbag.py:588} INFO - Filling up the DagBag from /Users/punny/Documents/GitHub/NYC-Taxi-ETL-Pipeline/.venv/lib/python3.10/site-packages/airflow/example_dags/example_xcom.py
[2024-10-21T15:34:43.769+0700] {processor.py:925} INFO - DAG(s) 'example_xcom' retrieved from /Users/punny/Documents/GitHub/NYC-Taxi-ETL-Pipeline/.venv/lib/python3.10/site-packages/airflow/example_dags/example_xcom.py
[2024-10-21T15:34:44.036+0700] {logging_mixin.py:190} INFO - [2024-10-21T15:34:44.036+0700] {dag.py:3239} INFO - Sync 1 DAGs
[2024-10-21T15:34:44.067+0700] {logging_mixin.py:190} INFO - [2024-10-21T15:34:44.066+0700] {dag.py:4180} INFO - Setting next_dagrun for example_xcom to 2021-01-01 00:00:00+00:00, run_after=2021-01-01 00:00:00+00:00
[2024-10-21T15:34:44.098+0700] {processor.py:208} INFO - Processing /Users/punny/Documents/GitHub/NYC-Taxi-ETL-Pipeline/.venv/lib/python3.10/site-packages/airflow/example_dags/example_xcom.py took 0.417 seconds
[2024-10-21T15:38:33.493+0700] {processor.py:186} INFO - Started process (PID=42631) to work on /Users/punny/Documents/GitHub/NYC-Taxi-ETL-Pipeline/.venv/lib/python3.10/site-packages/airflow/example_dags/example_xcom.py
[2024-10-21T15:38:33.498+0700] {processor.py:914} INFO - Processing file /Users/punny/Documents/GitHub/NYC-Taxi-ETL-Pipeline/.venv/lib/python3.10/site-packages/airflow/example_dags/example_xcom.py for tasks to queue
[2024-10-21T15:38:33.500+0700] {logging_mixin.py:190} INFO - [2024-10-21T15:38:33.500+0700] {dagbag.py:588} INFO - Filling up the DagBag from /Users/punny/Documents/GitHub/NYC-Taxi-ETL-Pipeline/.venv/lib/python3.10/site-packages/airflow/example_dags/example_xcom.py
[2024-10-21T15:38:33.570+0700] {processor.py:925} INFO - DAG(s) 'example_xcom' retrieved from /Users/punny/Documents/GitHub/NYC-Taxi-ETL-Pipeline/.venv/lib/python3.10/site-packages/airflow/example_dags/example_xcom.py
[2024-10-21T15:38:33.850+0700] {logging_mixin.py:190} INFO - [2024-10-21T15:38:33.850+0700] {dag.py:3239} INFO - Sync 1 DAGs
[2024-10-21T15:38:33.881+0700] {logging_mixin.py:190} INFO - [2024-10-21T15:38:33.881+0700] {dag.py:4180} INFO - Setting next_dagrun for example_xcom to 2021-01-01 00:00:00+00:00, run_after=2021-01-01 00:00:00+00:00
[2024-10-21T15:38:33.910+0700] {processor.py:208} INFO - Processing /Users/punny/Documents/GitHub/NYC-Taxi-ETL-Pipeline/.venv/lib/python3.10/site-packages/airflow/example_dags/example_xcom.py took 0.426 seconds
[2024-10-21T15:42:33.510+0700] {processor.py:186} INFO - Started process (PID=43206) to work on /Users/punny/Documents/GitHub/NYC-Taxi-ETL-Pipeline/.venv/lib/python3.10/site-packages/airflow/example_dags/example_xcom.py
[2024-10-21T15:42:33.513+0700] {processor.py:914} INFO - Processing file /Users/punny/Documents/GitHub/NYC-Taxi-ETL-Pipeline/.venv/lib/python3.10/site-packages/airflow/example_dags/example_xcom.py for tasks to queue
[2024-10-21T15:42:33.515+0700] {logging_mixin.py:190} INFO - [2024-10-21T15:42:33.514+0700] {dagbag.py:588} INFO - Filling up the DagBag from /Users/punny/Documents/GitHub/NYC-Taxi-ETL-Pipeline/.venv/lib/python3.10/site-packages/airflow/example_dags/example_xcom.py
[2024-10-21T15:42:33.579+0700] {processor.py:925} INFO - DAG(s) 'example_xcom' retrieved from /Users/punny/Documents/GitHub/NYC-Taxi-ETL-Pipeline/.venv/lib/python3.10/site-packages/airflow/example_dags/example_xcom.py
[2024-10-21T15:42:33.842+0700] {logging_mixin.py:190} INFO - [2024-10-21T15:42:33.841+0700] {dag.py:3239} INFO - Sync 1 DAGs
[2024-10-21T15:42:33.873+0700] {logging_mixin.py:190} INFO - [2024-10-21T15:42:33.872+0700] {dag.py:4180} INFO - Setting next_dagrun for example_xcom to 2021-01-01 00:00:00+00:00, run_after=2021-01-01 00:00:00+00:00
[2024-10-21T15:42:33.900+0700] {processor.py:208} INFO - Processing /Users/punny/Documents/GitHub/NYC-Taxi-ETL-Pipeline/.venv/lib/python3.10/site-packages/airflow/example_dags/example_xcom.py took 0.404 seconds
[2024-10-21T15:46:27.592+0700] {processor.py:186} INFO - Started process (PID=43688) to work on /Users/punny/Documents/GitHub/NYC-Taxi-ETL-Pipeline/.venv/lib/python3.10/site-packages/airflow/example_dags/example_xcom.py
[2024-10-21T15:46:27.596+0700] {processor.py:914} INFO - Processing file /Users/punny/Documents/GitHub/NYC-Taxi-ETL-Pipeline/.venv/lib/python3.10/site-packages/airflow/example_dags/example_xcom.py for tasks to queue
[2024-10-21T15:46:27.597+0700] {logging_mixin.py:190} INFO - [2024-10-21T15:46:27.597+0700] {dagbag.py:588} INFO - Filling up the DagBag from /Users/punny/Documents/GitHub/NYC-Taxi-ETL-Pipeline/.venv/lib/python3.10/site-packages/airflow/example_dags/example_xcom.py
[2024-10-21T15:46:27.661+0700] {processor.py:925} INFO - DAG(s) 'example_xcom' retrieved from /Users/punny/Documents/GitHub/NYC-Taxi-ETL-Pipeline/.venv/lib/python3.10/site-packages/airflow/example_dags/example_xcom.py
[2024-10-21T15:46:27.927+0700] {logging_mixin.py:190} INFO - [2024-10-21T15:46:27.926+0700] {dag.py:3239} INFO - Sync 1 DAGs
[2024-10-21T15:46:27.963+0700] {logging_mixin.py:190} INFO - [2024-10-21T15:46:27.963+0700] {dag.py:4180} INFO - Setting next_dagrun for example_xcom to 2021-01-01 00:00:00+00:00, run_after=2021-01-01 00:00:00+00:00
[2024-10-21T15:46:27.997+0700] {processor.py:208} INFO - Processing /Users/punny/Documents/GitHub/NYC-Taxi-ETL-Pipeline/.venv/lib/python3.10/site-packages/airflow/example_dags/example_xcom.py took 0.412 seconds
[2024-10-21T15:50:27.244+0700] {processor.py:186} INFO - Started process (PID=44223) to work on /Users/punny/Documents/GitHub/NYC-Taxi-ETL-Pipeline/.venv/lib/python3.10/site-packages/airflow/example_dags/example_xcom.py
[2024-10-21T15:50:27.249+0700] {processor.py:914} INFO - Processing file /Users/punny/Documents/GitHub/NYC-Taxi-ETL-Pipeline/.venv/lib/python3.10/site-packages/airflow/example_dags/example_xcom.py for tasks to queue
[2024-10-21T15:50:27.251+0700] {logging_mixin.py:190} INFO - [2024-10-21T15:50:27.251+0700] {dagbag.py:588} INFO - Filling up the DagBag from /Users/punny/Documents/GitHub/NYC-Taxi-ETL-Pipeline/.venv/lib/python3.10/site-packages/airflow/example_dags/example_xcom.py
[2024-10-21T15:50:27.318+0700] {processor.py:925} INFO - DAG(s) 'example_xcom' retrieved from /Users/punny/Documents/GitHub/NYC-Taxi-ETL-Pipeline/.venv/lib/python3.10/site-packages/airflow/example_dags/example_xcom.py
[2024-10-21T15:50:27.666+0700] {logging_mixin.py:190} INFO - [2024-10-21T15:50:27.666+0700] {dag.py:3239} INFO - Sync 1 DAGs
[2024-10-21T15:50:27.698+0700] {logging_mixin.py:190} INFO - [2024-10-21T15:50:27.698+0700] {dag.py:4180} INFO - Setting next_dagrun for example_xcom to 2021-01-01 00:00:00+00:00, run_after=2021-01-01 00:00:00+00:00
[2024-10-21T15:50:27.727+0700] {processor.py:208} INFO - Processing /Users/punny/Documents/GitHub/NYC-Taxi-ETL-Pipeline/.venv/lib/python3.10/site-packages/airflow/example_dags/example_xcom.py took 0.494 seconds
[2024-10-21T15:54:16.449+0700] {processor.py:186} INFO - Started process (PID=44686) to work on /Users/punny/Documents/GitHub/NYC-Taxi-ETL-Pipeline/.venv/lib/python3.10/site-packages/airflow/example_dags/example_xcom.py
[2024-10-21T15:54:16.454+0700] {processor.py:914} INFO - Processing file /Users/punny/Documents/GitHub/NYC-Taxi-ETL-Pipeline/.venv/lib/python3.10/site-packages/airflow/example_dags/example_xcom.py for tasks to queue
[2024-10-21T15:54:16.456+0700] {logging_mixin.py:190} INFO - [2024-10-21T15:54:16.456+0700] {dagbag.py:588} INFO - Filling up the DagBag from /Users/punny/Documents/GitHub/NYC-Taxi-ETL-Pipeline/.venv/lib/python3.10/site-packages/airflow/example_dags/example_xcom.py
[2024-10-21T15:54:16.558+0700] {processor.py:925} INFO - DAG(s) 'example_xcom' retrieved from /Users/punny/Documents/GitHub/NYC-Taxi-ETL-Pipeline/.venv/lib/python3.10/site-packages/airflow/example_dags/example_xcom.py
[2024-10-21T15:54:16.955+0700] {logging_mixin.py:190} INFO - [2024-10-21T15:54:16.954+0700] {dag.py:3239} INFO - Sync 1 DAGs
[2024-10-21T15:54:16.988+0700] {logging_mixin.py:190} INFO - [2024-10-21T15:54:16.988+0700] {dag.py:4180} INFO - Setting next_dagrun for example_xcom to 2021-01-01 00:00:00+00:00, run_after=2021-01-01 00:00:00+00:00
[2024-10-21T15:54:17.020+0700] {processor.py:208} INFO - Processing /Users/punny/Documents/GitHub/NYC-Taxi-ETL-Pipeline/.venv/lib/python3.10/site-packages/airflow/example_dags/example_xcom.py took 0.582 seconds
[2024-10-21T15:58:29.613+0700] {processor.py:186} INFO - Started process (PID=45207) to work on /Users/punny/Documents/GitHub/NYC-Taxi-ETL-Pipeline/.venv/lib/python3.10/site-packages/airflow/example_dags/example_xcom.py
[2024-10-21T15:58:29.618+0700] {processor.py:914} INFO - Processing file /Users/punny/Documents/GitHub/NYC-Taxi-ETL-Pipeline/.venv/lib/python3.10/site-packages/airflow/example_dags/example_xcom.py for tasks to queue
[2024-10-21T15:58:29.619+0700] {logging_mixin.py:190} INFO - [2024-10-21T15:58:29.619+0700] {dagbag.py:588} INFO - Filling up the DagBag from /Users/punny/Documents/GitHub/NYC-Taxi-ETL-Pipeline/.venv/lib/python3.10/site-packages/airflow/example_dags/example_xcom.py
[2024-10-21T15:58:29.691+0700] {processor.py:925} INFO - DAG(s) 'example_xcom' retrieved from /Users/punny/Documents/GitHub/NYC-Taxi-ETL-Pipeline/.venv/lib/python3.10/site-packages/airflow/example_dags/example_xcom.py
[2024-10-21T15:58:29.987+0700] {logging_mixin.py:190} INFO - [2024-10-21T15:58:29.987+0700] {dag.py:3239} INFO - Sync 1 DAGs
[2024-10-21T15:58:30.021+0700] {logging_mixin.py:190} INFO - [2024-10-21T15:58:30.021+0700] {dag.py:4180} INFO - Setting next_dagrun for example_xcom to 2021-01-01 00:00:00+00:00, run_after=2021-01-01 00:00:00+00:00
[2024-10-21T15:58:30.054+0700] {processor.py:208} INFO - Processing /Users/punny/Documents/GitHub/NYC-Taxi-ETL-Pipeline/.venv/lib/python3.10/site-packages/airflow/example_dags/example_xcom.py took 0.448 seconds
[2024-10-21T16:02:35.599+0700] {processor.py:186} INFO - Started process (PID=45774) to work on /Users/punny/Documents/GitHub/NYC-Taxi-ETL-Pipeline/.venv/lib/python3.10/site-packages/airflow/example_dags/example_xcom.py
[2024-10-21T16:02:35.604+0700] {processor.py:914} INFO - Processing file /Users/punny/Documents/GitHub/NYC-Taxi-ETL-Pipeline/.venv/lib/python3.10/site-packages/airflow/example_dags/example_xcom.py for tasks to queue
[2024-10-21T16:02:35.607+0700] {logging_mixin.py:190} INFO - [2024-10-21T16:02:35.606+0700] {dagbag.py:588} INFO - Filling up the DagBag from /Users/punny/Documents/GitHub/NYC-Taxi-ETL-Pipeline/.venv/lib/python3.10/site-packages/airflow/example_dags/example_xcom.py
[2024-10-21T16:02:35.702+0700] {processor.py:925} INFO - DAG(s) 'example_xcom' retrieved from /Users/punny/Documents/GitHub/NYC-Taxi-ETL-Pipeline/.venv/lib/python3.10/site-packages/airflow/example_dags/example_xcom.py
[2024-10-21T16:02:36.048+0700] {logging_mixin.py:190} INFO - [2024-10-21T16:02:36.048+0700] {dag.py:3239} INFO - Sync 1 DAGs
[2024-10-21T16:02:36.086+0700] {logging_mixin.py:190} INFO - [2024-10-21T16:02:36.085+0700] {dag.py:4180} INFO - Setting next_dagrun for example_xcom to 2021-01-01 00:00:00+00:00, run_after=2021-01-01 00:00:00+00:00
[2024-10-21T16:02:36.119+0700] {processor.py:208} INFO - Processing /Users/punny/Documents/GitHub/NYC-Taxi-ETL-Pipeline/.venv/lib/python3.10/site-packages/airflow/example_dags/example_xcom.py took 0.531 seconds
[2024-10-21T20:36:47.104+0700] {processor.py:186} INFO - Started process (PID=4256) to work on /Users/punny/Documents/GitHub/NYC-Taxi-ETL-Pipeline/.venv/lib/python3.10/site-packages/airflow/example_dags/example_xcom.py
[2024-10-21T20:36:47.107+0700] {processor.py:914} INFO - Processing file /Users/punny/Documents/GitHub/NYC-Taxi-ETL-Pipeline/.venv/lib/python3.10/site-packages/airflow/example_dags/example_xcom.py for tasks to queue
[2024-10-21T20:36:47.109+0700] {logging_mixin.py:190} INFO - [2024-10-21T20:36:47.109+0700] {dagbag.py:588} INFO - Filling up the DagBag from /Users/punny/Documents/GitHub/NYC-Taxi-ETL-Pipeline/.venv/lib/python3.10/site-packages/airflow/example_dags/example_xcom.py
[2024-10-21T20:36:47.170+0700] {processor.py:925} INFO - DAG(s) 'example_xcom' retrieved from /Users/punny/Documents/GitHub/NYC-Taxi-ETL-Pipeline/.venv/lib/python3.10/site-packages/airflow/example_dags/example_xcom.py
[2024-10-21T20:36:47.400+0700] {logging_mixin.py:190} INFO - [2024-10-21T20:36:47.400+0700] {dag.py:3239} INFO - Sync 1 DAGs
[2024-10-21T20:36:47.423+0700] {logging_mixin.py:190} INFO - [2024-10-21T20:36:47.422+0700] {dag.py:4180} INFO - Setting next_dagrun for example_xcom to 2021-01-01 00:00:00+00:00, run_after=2021-01-01 00:00:00+00:00
[2024-10-21T20:36:47.445+0700] {processor.py:208} INFO - Processing /Users/punny/Documents/GitHub/NYC-Taxi-ETL-Pipeline/.venv/lib/python3.10/site-packages/airflow/example_dags/example_xcom.py took 0.350 seconds
[2024-10-21T20:40:34.102+0700] {processor.py:186} INFO - Started process (PID=4538) to work on /Users/punny/Documents/GitHub/NYC-Taxi-ETL-Pipeline/.venv/lib/python3.10/site-packages/airflow/example_dags/example_xcom.py
[2024-10-21T20:40:34.105+0700] {processor.py:914} INFO - Processing file /Users/punny/Documents/GitHub/NYC-Taxi-ETL-Pipeline/.venv/lib/python3.10/site-packages/airflow/example_dags/example_xcom.py for tasks to queue
[2024-10-21T20:40:34.106+0700] {logging_mixin.py:190} INFO - [2024-10-21T20:40:34.106+0700] {dagbag.py:588} INFO - Filling up the DagBag from /Users/punny/Documents/GitHub/NYC-Taxi-ETL-Pipeline/.venv/lib/python3.10/site-packages/airflow/example_dags/example_xcom.py
[2024-10-21T20:40:34.151+0700] {processor.py:925} INFO - DAG(s) 'example_xcom' retrieved from /Users/punny/Documents/GitHub/NYC-Taxi-ETL-Pipeline/.venv/lib/python3.10/site-packages/airflow/example_dags/example_xcom.py
[2024-10-21T20:40:34.335+0700] {logging_mixin.py:190} INFO - [2024-10-21T20:40:34.335+0700] {dag.py:3239} INFO - Sync 1 DAGs
[2024-10-21T20:40:34.357+0700] {logging_mixin.py:190} INFO - [2024-10-21T20:40:34.357+0700] {dag.py:4180} INFO - Setting next_dagrun for example_xcom to 2021-01-01 00:00:00+00:00, run_after=2021-01-01 00:00:00+00:00
[2024-10-21T20:40:34.379+0700] {processor.py:208} INFO - Processing /Users/punny/Documents/GitHub/NYC-Taxi-ETL-Pipeline/.venv/lib/python3.10/site-packages/airflow/example_dags/example_xcom.py took 0.284 seconds
[2024-10-21T20:44:08.581+0700] {processor.py:186} INFO - Started process (PID=4900) to work on /Users/punny/Documents/GitHub/NYC-Taxi-ETL-Pipeline/.venv/lib/python3.10/site-packages/airflow/example_dags/example_xcom.py
[2024-10-21T20:44:08.584+0700] {processor.py:914} INFO - Processing file /Users/punny/Documents/GitHub/NYC-Taxi-ETL-Pipeline/.venv/lib/python3.10/site-packages/airflow/example_dags/example_xcom.py for tasks to queue
[2024-10-21T20:44:08.585+0700] {logging_mixin.py:190} INFO - [2024-10-21T20:44:08.585+0700] {dagbag.py:588} INFO - Filling up the DagBag from /Users/punny/Documents/GitHub/NYC-Taxi-ETL-Pipeline/.venv/lib/python3.10/site-packages/airflow/example_dags/example_xcom.py
[2024-10-21T20:44:08.638+0700] {processor.py:925} INFO - DAG(s) 'example_xcom' retrieved from /Users/punny/Documents/GitHub/NYC-Taxi-ETL-Pipeline/.venv/lib/python3.10/site-packages/airflow/example_dags/example_xcom.py
[2024-10-21T20:44:08.863+0700] {logging_mixin.py:190} INFO - [2024-10-21T20:44:08.862+0700] {dag.py:3239} INFO - Sync 1 DAGs
[2024-10-21T20:44:08.888+0700] {logging_mixin.py:190} INFO - [2024-10-21T20:44:08.888+0700] {dag.py:4180} INFO - Setting next_dagrun for example_xcom to 2021-01-01 00:00:00+00:00, run_after=2021-01-01 00:00:00+00:00
[2024-10-21T20:44:08.913+0700] {processor.py:208} INFO - Processing /Users/punny/Documents/GitHub/NYC-Taxi-ETL-Pipeline/.venv/lib/python3.10/site-packages/airflow/example_dags/example_xcom.py took 0.341 seconds
[2024-10-21T20:47:54.522+0700] {processor.py:186} INFO - Started process (PID=5262) to work on /Users/punny/Documents/GitHub/NYC-Taxi-ETL-Pipeline/.venv/lib/python3.10/site-packages/airflow/example_dags/example_xcom.py
[2024-10-21T20:47:54.524+0700] {processor.py:914} INFO - Processing file /Users/punny/Documents/GitHub/NYC-Taxi-ETL-Pipeline/.venv/lib/python3.10/site-packages/airflow/example_dags/example_xcom.py for tasks to queue
[2024-10-21T20:47:54.526+0700] {logging_mixin.py:190} INFO - [2024-10-21T20:47:54.525+0700] {dagbag.py:588} INFO - Filling up the DagBag from /Users/punny/Documents/GitHub/NYC-Taxi-ETL-Pipeline/.venv/lib/python3.10/site-packages/airflow/example_dags/example_xcom.py
[2024-10-21T20:47:54.572+0700] {processor.py:925} INFO - DAG(s) 'example_xcom' retrieved from /Users/punny/Documents/GitHub/NYC-Taxi-ETL-Pipeline/.venv/lib/python3.10/site-packages/airflow/example_dags/example_xcom.py
[2024-10-21T20:47:54.752+0700] {logging_mixin.py:190} INFO - [2024-10-21T20:47:54.752+0700] {dag.py:3239} INFO - Sync 1 DAGs
[2024-10-21T20:47:54.774+0700] {logging_mixin.py:190} INFO - [2024-10-21T20:47:54.773+0700] {dag.py:4180} INFO - Setting next_dagrun for example_xcom to 2021-01-01 00:00:00+00:00, run_after=2021-01-01 00:00:00+00:00
[2024-10-21T20:47:54.796+0700] {processor.py:208} INFO - Processing /Users/punny/Documents/GitHub/NYC-Taxi-ETL-Pipeline/.venv/lib/python3.10/site-packages/airflow/example_dags/example_xcom.py took 0.281 seconds
[2024-10-21T20:51:33.080+0700] {processor.py:186} INFO - Started process (PID=5573) to work on /Users/punny/Documents/GitHub/NYC-Taxi-ETL-Pipeline/.venv/lib/python3.10/site-packages/airflow/example_dags/example_xcom.py
[2024-10-21T20:51:33.083+0700] {processor.py:914} INFO - Processing file /Users/punny/Documents/GitHub/NYC-Taxi-ETL-Pipeline/.venv/lib/python3.10/site-packages/airflow/example_dags/example_xcom.py for tasks to queue
[2024-10-21T20:51:33.084+0700] {logging_mixin.py:190} INFO - [2024-10-21T20:51:33.084+0700] {dagbag.py:588} INFO - Filling up the DagBag from /Users/punny/Documents/GitHub/NYC-Taxi-ETL-Pipeline/.venv/lib/python3.10/site-packages/airflow/example_dags/example_xcom.py
[2024-10-21T20:51:33.144+0700] {processor.py:925} INFO - DAG(s) 'example_xcom' retrieved from /Users/punny/Documents/GitHub/NYC-Taxi-ETL-Pipeline/.venv/lib/python3.10/site-packages/airflow/example_dags/example_xcom.py
[2024-10-21T20:51:33.518+0700] {logging_mixin.py:190} INFO - [2024-10-21T20:51:33.517+0700] {dag.py:3239} INFO - Sync 1 DAGs
[2024-10-21T20:51:33.658+0700] {logging_mixin.py:190} INFO - [2024-10-21T20:51:33.657+0700] {dag.py:4180} INFO - Setting next_dagrun for example_xcom to 2021-01-01 00:00:00+00:00, run_after=2021-01-01 00:00:00+00:00
[2024-10-21T20:51:33.705+0700] {processor.py:208} INFO - Processing /Users/punny/Documents/GitHub/NYC-Taxi-ETL-Pipeline/.venv/lib/python3.10/site-packages/airflow/example_dags/example_xcom.py took 0.635 seconds
[2024-10-21T20:55:48.628+0700] {processor.py:186} INFO - Started process (PID=6108) to work on /Users/punny/Documents/GitHub/NYC-Taxi-ETL-Pipeline/.venv/lib/python3.10/site-packages/airflow/example_dags/example_xcom.py
[2024-10-21T20:55:48.632+0700] {processor.py:914} INFO - Processing file /Users/punny/Documents/GitHub/NYC-Taxi-ETL-Pipeline/.venv/lib/python3.10/site-packages/airflow/example_dags/example_xcom.py for tasks to queue
[2024-10-21T20:55:48.633+0700] {logging_mixin.py:190} INFO - [2024-10-21T20:55:48.633+0700] {dagbag.py:588} INFO - Filling up the DagBag from /Users/punny/Documents/GitHub/NYC-Taxi-ETL-Pipeline/.venv/lib/python3.10/site-packages/airflow/example_dags/example_xcom.py
[2024-10-21T20:55:48.678+0700] {processor.py:925} INFO - DAG(s) 'example_xcom' retrieved from /Users/punny/Documents/GitHub/NYC-Taxi-ETL-Pipeline/.venv/lib/python3.10/site-packages/airflow/example_dags/example_xcom.py
[2024-10-21T20:55:48.866+0700] {logging_mixin.py:190} INFO - [2024-10-21T20:55:48.865+0700] {dag.py:3239} INFO - Sync 1 DAGs
[2024-10-21T20:55:48.887+0700] {logging_mixin.py:190} INFO - [2024-10-21T20:55:48.887+0700] {dag.py:4180} INFO - Setting next_dagrun for example_xcom to 2021-01-01 00:00:00+00:00, run_after=2021-01-01 00:00:00+00:00
[2024-10-21T20:55:48.908+0700] {processor.py:208} INFO - Processing /Users/punny/Documents/GitHub/NYC-Taxi-ETL-Pipeline/.venv/lib/python3.10/site-packages/airflow/example_dags/example_xcom.py took 0.286 seconds
[2024-10-21T21:00:06.040+0700] {processor.py:186} INFO - Started process (PID=6426) to work on /Users/punny/Documents/GitHub/NYC-Taxi-ETL-Pipeline/.venv/lib/python3.10/site-packages/airflow/example_dags/example_xcom.py
[2024-10-21T21:00:06.043+0700] {processor.py:914} INFO - Processing file /Users/punny/Documents/GitHub/NYC-Taxi-ETL-Pipeline/.venv/lib/python3.10/site-packages/airflow/example_dags/example_xcom.py for tasks to queue
[2024-10-21T21:00:06.044+0700] {logging_mixin.py:190} INFO - [2024-10-21T21:00:06.044+0700] {dagbag.py:588} INFO - Filling up the DagBag from /Users/punny/Documents/GitHub/NYC-Taxi-ETL-Pipeline/.venv/lib/python3.10/site-packages/airflow/example_dags/example_xcom.py
[2024-10-21T21:00:06.091+0700] {processor.py:925} INFO - DAG(s) 'example_xcom' retrieved from /Users/punny/Documents/GitHub/NYC-Taxi-ETL-Pipeline/.venv/lib/python3.10/site-packages/airflow/example_dags/example_xcom.py
[2024-10-21T21:00:06.282+0700] {logging_mixin.py:190} INFO - [2024-10-21T21:00:06.281+0700] {dag.py:3239} INFO - Sync 1 DAGs
[2024-10-21T21:00:06.304+0700] {logging_mixin.py:190} INFO - [2024-10-21T21:00:06.303+0700] {dag.py:4180} INFO - Setting next_dagrun for example_xcom to 2021-01-01 00:00:00+00:00, run_after=2021-01-01 00:00:00+00:00
[2024-10-21T21:00:06.326+0700] {processor.py:208} INFO - Processing /Users/punny/Documents/GitHub/NYC-Taxi-ETL-Pipeline/.venv/lib/python3.10/site-packages/airflow/example_dags/example_xcom.py took 0.294 seconds
[2024-10-21T21:04:11.800+0700] {processor.py:186} INFO - Started process (PID=6742) to work on /Users/punny/Documents/GitHub/NYC-Taxi-ETL-Pipeline/.venv/lib/python3.10/site-packages/airflow/example_dags/example_xcom.py
[2024-10-21T21:04:11.803+0700] {processor.py:914} INFO - Processing file /Users/punny/Documents/GitHub/NYC-Taxi-ETL-Pipeline/.venv/lib/python3.10/site-packages/airflow/example_dags/example_xcom.py for tasks to queue
[2024-10-21T21:04:11.804+0700] {logging_mixin.py:190} INFO - [2024-10-21T21:04:11.804+0700] {dagbag.py:588} INFO - Filling up the DagBag from /Users/punny/Documents/GitHub/NYC-Taxi-ETL-Pipeline/.venv/lib/python3.10/site-packages/airflow/example_dags/example_xcom.py
[2024-10-21T21:04:11.850+0700] {processor.py:925} INFO - DAG(s) 'example_xcom' retrieved from /Users/punny/Documents/GitHub/NYC-Taxi-ETL-Pipeline/.venv/lib/python3.10/site-packages/airflow/example_dags/example_xcom.py
[2024-10-21T21:04:12.031+0700] {logging_mixin.py:190} INFO - [2024-10-21T21:04:12.031+0700] {dag.py:3239} INFO - Sync 1 DAGs
[2024-10-21T21:04:12.054+0700] {logging_mixin.py:190} INFO - [2024-10-21T21:04:12.053+0700] {dag.py:4180} INFO - Setting next_dagrun for example_xcom to 2021-01-01 00:00:00+00:00, run_after=2021-01-01 00:00:00+00:00
[2024-10-21T21:04:12.075+0700] {processor.py:208} INFO - Processing /Users/punny/Documents/GitHub/NYC-Taxi-ETL-Pipeline/.venv/lib/python3.10/site-packages/airflow/example_dags/example_xcom.py took 0.283 seconds
[2024-10-21T21:07:30.764+0700] {processor.py:186} INFO - Started process (PID=7024) to work on /Users/punny/Documents/GitHub/NYC-Taxi-ETL-Pipeline/.venv/lib/python3.10/site-packages/airflow/example_dags/example_xcom.py
[2024-10-21T21:07:30.769+0700] {processor.py:914} INFO - Processing file /Users/punny/Documents/GitHub/NYC-Taxi-ETL-Pipeline/.venv/lib/python3.10/site-packages/airflow/example_dags/example_xcom.py for tasks to queue
[2024-10-21T21:07:30.771+0700] {logging_mixin.py:190} INFO - [2024-10-21T21:07:30.771+0700] {dagbag.py:588} INFO - Filling up the DagBag from /Users/punny/Documents/GitHub/NYC-Taxi-ETL-Pipeline/.venv/lib/python3.10/site-packages/airflow/example_dags/example_xcom.py
[2024-10-21T21:07:30.829+0700] {processor.py:925} INFO - DAG(s) 'example_xcom' retrieved from /Users/punny/Documents/GitHub/NYC-Taxi-ETL-Pipeline/.venv/lib/python3.10/site-packages/airflow/example_dags/example_xcom.py
[2024-10-21T21:07:31.106+0700] {logging_mixin.py:190} INFO - [2024-10-21T21:07:31.106+0700] {dag.py:3239} INFO - Sync 1 DAGs
[2024-10-21T21:07:31.132+0700] {logging_mixin.py:190} INFO - [2024-10-21T21:07:31.131+0700] {dag.py:4180} INFO - Setting next_dagrun for example_xcom to 2021-01-01 00:00:00+00:00, run_after=2021-01-01 00:00:00+00:00
[2024-10-21T21:07:31.155+0700] {processor.py:208} INFO - Processing /Users/punny/Documents/GitHub/NYC-Taxi-ETL-Pipeline/.venv/lib/python3.10/site-packages/airflow/example_dags/example_xcom.py took 0.409 seconds
[2024-10-21T21:10:52.443+0700] {processor.py:186} INFO - Started process (PID=7225) to work on /Users/punny/Documents/GitHub/NYC-Taxi-ETL-Pipeline/.venv/lib/python3.10/site-packages/airflow/example_dags/example_xcom.py
[2024-10-21T21:10:52.446+0700] {processor.py:914} INFO - Processing file /Users/punny/Documents/GitHub/NYC-Taxi-ETL-Pipeline/.venv/lib/python3.10/site-packages/airflow/example_dags/example_xcom.py for tasks to queue
[2024-10-21T21:10:52.447+0700] {logging_mixin.py:190} INFO - [2024-10-21T21:10:52.447+0700] {dagbag.py:588} INFO - Filling up the DagBag from /Users/punny/Documents/GitHub/NYC-Taxi-ETL-Pipeline/.venv/lib/python3.10/site-packages/airflow/example_dags/example_xcom.py
[2024-10-21T21:10:52.490+0700] {processor.py:925} INFO - DAG(s) 'example_xcom' retrieved from /Users/punny/Documents/GitHub/NYC-Taxi-ETL-Pipeline/.venv/lib/python3.10/site-packages/airflow/example_dags/example_xcom.py
[2024-10-21T21:10:52.673+0700] {logging_mixin.py:190} INFO - [2024-10-21T21:10:52.673+0700] {dag.py:3239} INFO - Sync 1 DAGs
[2024-10-21T21:10:52.695+0700] {logging_mixin.py:190} INFO - [2024-10-21T21:10:52.695+0700] {dag.py:4180} INFO - Setting next_dagrun for example_xcom to 2021-01-01 00:00:00+00:00, run_after=2021-01-01 00:00:00+00:00
[2024-10-21T21:10:52.716+0700] {processor.py:208} INFO - Processing /Users/punny/Documents/GitHub/NYC-Taxi-ETL-Pipeline/.venv/lib/python3.10/site-packages/airflow/example_dags/example_xcom.py took 0.282 seconds
[2024-10-21T21:13:56.666+0700] {processor.py:186} INFO - Started process (PID=7552) to work on /Users/punny/Documents/GitHub/NYC-Taxi-ETL-Pipeline/.venv/lib/python3.10/site-packages/airflow/example_dags/example_xcom.py
[2024-10-21T21:13:56.669+0700] {processor.py:914} INFO - Processing file /Users/punny/Documents/GitHub/NYC-Taxi-ETL-Pipeline/.venv/lib/python3.10/site-packages/airflow/example_dags/example_xcom.py for tasks to queue
[2024-10-21T21:13:56.670+0700] {logging_mixin.py:190} INFO - [2024-10-21T21:13:56.670+0700] {dagbag.py:588} INFO - Filling up the DagBag from /Users/punny/Documents/GitHub/NYC-Taxi-ETL-Pipeline/.venv/lib/python3.10/site-packages/airflow/example_dags/example_xcom.py
[2024-10-21T21:13:56.728+0700] {processor.py:925} INFO - DAG(s) 'example_xcom' retrieved from /Users/punny/Documents/GitHub/NYC-Taxi-ETL-Pipeline/.venv/lib/python3.10/site-packages/airflow/example_dags/example_xcom.py
[2024-10-21T21:13:56.950+0700] {logging_mixin.py:190} INFO - [2024-10-21T21:13:56.949+0700] {dag.py:3239} INFO - Sync 1 DAGs
[2024-10-21T21:13:56.972+0700] {logging_mixin.py:190} INFO - [2024-10-21T21:13:56.972+0700] {dag.py:4180} INFO - Setting next_dagrun for example_xcom to 2021-01-01 00:00:00+00:00, run_after=2021-01-01 00:00:00+00:00
[2024-10-21T21:13:57.000+0700] {processor.py:208} INFO - Processing /Users/punny/Documents/GitHub/NYC-Taxi-ETL-Pipeline/.venv/lib/python3.10/site-packages/airflow/example_dags/example_xcom.py took 0.343 seconds
[2024-10-21T21:17:15.000+0700] {processor.py:186} INFO - Started process (PID=7881) to work on /Users/punny/Documents/GitHub/NYC-Taxi-ETL-Pipeline/.venv/lib/python3.10/site-packages/airflow/example_dags/example_xcom.py
[2024-10-21T21:17:15.004+0700] {processor.py:914} INFO - Processing file /Users/punny/Documents/GitHub/NYC-Taxi-ETL-Pipeline/.venv/lib/python3.10/site-packages/airflow/example_dags/example_xcom.py for tasks to queue
[2024-10-21T21:17:15.005+0700] {logging_mixin.py:190} INFO - [2024-10-21T21:17:15.005+0700] {dagbag.py:588} INFO - Filling up the DagBag from /Users/punny/Documents/GitHub/NYC-Taxi-ETL-Pipeline/.venv/lib/python3.10/site-packages/airflow/example_dags/example_xcom.py
[2024-10-21T21:17:15.065+0700] {processor.py:925} INFO - DAG(s) 'example_xcom' retrieved from /Users/punny/Documents/GitHub/NYC-Taxi-ETL-Pipeline/.venv/lib/python3.10/site-packages/airflow/example_dags/example_xcom.py
[2024-10-21T21:17:15.293+0700] {logging_mixin.py:190} INFO - [2024-10-21T21:17:15.293+0700] {dag.py:3239} INFO - Sync 1 DAGs
[2024-10-21T21:17:15.321+0700] {logging_mixin.py:190} INFO - [2024-10-21T21:17:15.320+0700] {dag.py:4180} INFO - Setting next_dagrun for example_xcom to 2021-01-01 00:00:00+00:00, run_after=2021-01-01 00:00:00+00:00
[2024-10-21T21:17:15.348+0700] {processor.py:208} INFO - Processing /Users/punny/Documents/GitHub/NYC-Taxi-ETL-Pipeline/.venv/lib/python3.10/site-packages/airflow/example_dags/example_xcom.py took 0.359 seconds
[2024-10-21T21:20:19.461+0700] {processor.py:186} INFO - Started process (PID=8055) to work on /Users/punny/Documents/GitHub/NYC-Taxi-ETL-Pipeline/.venv/lib/python3.10/site-packages/airflow/example_dags/example_xcom.py
[2024-10-21T21:20:19.464+0700] {processor.py:914} INFO - Processing file /Users/punny/Documents/GitHub/NYC-Taxi-ETL-Pipeline/.venv/lib/python3.10/site-packages/airflow/example_dags/example_xcom.py for tasks to queue
[2024-10-21T21:20:19.465+0700] {logging_mixin.py:190} INFO - [2024-10-21T21:20:19.465+0700] {dagbag.py:588} INFO - Filling up the DagBag from /Users/punny/Documents/GitHub/NYC-Taxi-ETL-Pipeline/.venv/lib/python3.10/site-packages/airflow/example_dags/example_xcom.py
[2024-10-21T21:20:19.512+0700] {processor.py:925} INFO - DAG(s) 'example_xcom' retrieved from /Users/punny/Documents/GitHub/NYC-Taxi-ETL-Pipeline/.venv/lib/python3.10/site-packages/airflow/example_dags/example_xcom.py
[2024-10-21T21:20:19.701+0700] {logging_mixin.py:190} INFO - [2024-10-21T21:20:19.700+0700] {dag.py:3239} INFO - Sync 1 DAGs
[2024-10-21T21:20:19.722+0700] {logging_mixin.py:190} INFO - [2024-10-21T21:20:19.722+0700] {dag.py:4180} INFO - Setting next_dagrun for example_xcom to 2021-01-01 00:00:00+00:00, run_after=2021-01-01 00:00:00+00:00
[2024-10-21T21:20:19.744+0700] {processor.py:208} INFO - Processing /Users/punny/Documents/GitHub/NYC-Taxi-ETL-Pipeline/.venv/lib/python3.10/site-packages/airflow/example_dags/example_xcom.py took 0.291 seconds
[2024-10-21T21:23:10.603+0700] {processor.py:186} INFO - Started process (PID=8251) to work on /Users/punny/Documents/GitHub/NYC-Taxi-ETL-Pipeline/.venv/lib/python3.10/site-packages/airflow/example_dags/example_xcom.py
[2024-10-21T21:23:10.606+0700] {processor.py:914} INFO - Processing file /Users/punny/Documents/GitHub/NYC-Taxi-ETL-Pipeline/.venv/lib/python3.10/site-packages/airflow/example_dags/example_xcom.py for tasks to queue
[2024-10-21T21:23:10.608+0700] {logging_mixin.py:190} INFO - [2024-10-21T21:23:10.607+0700] {dagbag.py:588} INFO - Filling up the DagBag from /Users/punny/Documents/GitHub/NYC-Taxi-ETL-Pipeline/.venv/lib/python3.10/site-packages/airflow/example_dags/example_xcom.py
[2024-10-21T21:23:10.660+0700] {processor.py:925} INFO - DAG(s) 'example_xcom' retrieved from /Users/punny/Documents/GitHub/NYC-Taxi-ETL-Pipeline/.venv/lib/python3.10/site-packages/airflow/example_dags/example_xcom.py
[2024-10-21T21:23:10.862+0700] {logging_mixin.py:190} INFO - [2024-10-21T21:23:10.861+0700] {dag.py:3239} INFO - Sync 1 DAGs
[2024-10-21T21:23:10.887+0700] {logging_mixin.py:190} INFO - [2024-10-21T21:23:10.887+0700] {dag.py:4180} INFO - Setting next_dagrun for example_xcom to 2021-01-01 00:00:00+00:00, run_after=2021-01-01 00:00:00+00:00
[2024-10-21T21:23:10.919+0700] {processor.py:208} INFO - Processing /Users/punny/Documents/GitHub/NYC-Taxi-ETL-Pipeline/.venv/lib/python3.10/site-packages/airflow/example_dags/example_xcom.py took 0.326 seconds
[2024-10-21T21:26:30.745+0700] {processor.py:186} INFO - Started process (PID=8625) to work on /Users/punny/Documents/GitHub/NYC-Taxi-ETL-Pipeline/.venv/lib/python3.10/site-packages/airflow/example_dags/example_xcom.py
[2024-10-21T21:26:30.749+0700] {processor.py:914} INFO - Processing file /Users/punny/Documents/GitHub/NYC-Taxi-ETL-Pipeline/.venv/lib/python3.10/site-packages/airflow/example_dags/example_xcom.py for tasks to queue
[2024-10-21T21:26:30.750+0700] {logging_mixin.py:190} INFO - [2024-10-21T21:26:30.750+0700] {dagbag.py:588} INFO - Filling up the DagBag from /Users/punny/Documents/GitHub/NYC-Taxi-ETL-Pipeline/.venv/lib/python3.10/site-packages/airflow/example_dags/example_xcom.py
[2024-10-21T21:26:30.838+0700] {processor.py:925} INFO - DAG(s) 'example_xcom' retrieved from /Users/punny/Documents/GitHub/NYC-Taxi-ETL-Pipeline/.venv/lib/python3.10/site-packages/airflow/example_dags/example_xcom.py
[2024-10-21T21:26:31.184+0700] {logging_mixin.py:190} INFO - [2024-10-21T21:26:31.183+0700] {dag.py:3239} INFO - Sync 1 DAGs
[2024-10-21T21:26:31.229+0700] {logging_mixin.py:190} INFO - [2024-10-21T21:26:31.228+0700] {dag.py:4180} INFO - Setting next_dagrun for example_xcom to 2021-01-01 00:00:00+00:00, run_after=2021-01-01 00:00:00+00:00
[2024-10-21T21:26:31.274+0700] {processor.py:208} INFO - Processing /Users/punny/Documents/GitHub/NYC-Taxi-ETL-Pipeline/.venv/lib/python3.10/site-packages/airflow/example_dags/example_xcom.py took 0.540 seconds
[2024-10-21T21:29:41.520+0700] {processor.py:186} INFO - Started process (PID=8865) to work on /Users/punny/Documents/GitHub/NYC-Taxi-ETL-Pipeline/.venv/lib/python3.10/site-packages/airflow/example_dags/example_xcom.py
[2024-10-21T21:29:41.523+0700] {processor.py:914} INFO - Processing file /Users/punny/Documents/GitHub/NYC-Taxi-ETL-Pipeline/.venv/lib/python3.10/site-packages/airflow/example_dags/example_xcom.py for tasks to queue
[2024-10-21T21:29:41.524+0700] {logging_mixin.py:190} INFO - [2024-10-21T21:29:41.524+0700] {dagbag.py:588} INFO - Filling up the DagBag from /Users/punny/Documents/GitHub/NYC-Taxi-ETL-Pipeline/.venv/lib/python3.10/site-packages/airflow/example_dags/example_xcom.py
[2024-10-21T21:29:41.568+0700] {processor.py:925} INFO - DAG(s) 'example_xcom' retrieved from /Users/punny/Documents/GitHub/NYC-Taxi-ETL-Pipeline/.venv/lib/python3.10/site-packages/airflow/example_dags/example_xcom.py
[2024-10-21T21:29:41.752+0700] {logging_mixin.py:190} INFO - [2024-10-21T21:29:41.751+0700] {dag.py:3239} INFO - Sync 1 DAGs
[2024-10-21T21:29:41.774+0700] {logging_mixin.py:190} INFO - [2024-10-21T21:29:41.774+0700] {dag.py:4180} INFO - Setting next_dagrun for example_xcom to 2021-01-01 00:00:00+00:00, run_after=2021-01-01 00:00:00+00:00
[2024-10-21T21:29:41.796+0700] {processor.py:208} INFO - Processing /Users/punny/Documents/GitHub/NYC-Taxi-ETL-Pipeline/.venv/lib/python3.10/site-packages/airflow/example_dags/example_xcom.py took 0.285 seconds
[2024-10-21T21:32:32.224+0700] {processor.py:186} INFO - Started process (PID=9103) to work on /Users/punny/Documents/GitHub/NYC-Taxi-ETL-Pipeline/.venv/lib/python3.10/site-packages/airflow/example_dags/example_xcom.py
[2024-10-21T21:32:32.228+0700] {processor.py:914} INFO - Processing file /Users/punny/Documents/GitHub/NYC-Taxi-ETL-Pipeline/.venv/lib/python3.10/site-packages/airflow/example_dags/example_xcom.py for tasks to queue
[2024-10-21T21:32:32.230+0700] {logging_mixin.py:190} INFO - [2024-10-21T21:32:32.229+0700] {dagbag.py:588} INFO - Filling up the DagBag from /Users/punny/Documents/GitHub/NYC-Taxi-ETL-Pipeline/.venv/lib/python3.10/site-packages/airflow/example_dags/example_xcom.py
[2024-10-21T21:32:32.285+0700] {processor.py:925} INFO - DAG(s) 'example_xcom' retrieved from /Users/punny/Documents/GitHub/NYC-Taxi-ETL-Pipeline/.venv/lib/python3.10/site-packages/airflow/example_dags/example_xcom.py
[2024-10-21T21:32:32.473+0700] {logging_mixin.py:190} INFO - [2024-10-21T21:32:32.473+0700] {dag.py:3239} INFO - Sync 1 DAGs
[2024-10-21T21:32:32.499+0700] {logging_mixin.py:190} INFO - [2024-10-21T21:32:32.498+0700] {dag.py:4180} INFO - Setting next_dagrun for example_xcom to 2021-01-01 00:00:00+00:00, run_after=2021-01-01 00:00:00+00:00
[2024-10-21T21:32:32.524+0700] {processor.py:208} INFO - Processing /Users/punny/Documents/GitHub/NYC-Taxi-ETL-Pipeline/.venv/lib/python3.10/site-packages/airflow/example_dags/example_xcom.py took 0.309 seconds
[2024-10-21T21:35:29.497+0700] {processor.py:186} INFO - Started process (PID=9345) to work on /Users/punny/Documents/GitHub/NYC-Taxi-ETL-Pipeline/.venv/lib/python3.10/site-packages/airflow/example_dags/example_xcom.py
[2024-10-21T21:35:29.500+0700] {processor.py:914} INFO - Processing file /Users/punny/Documents/GitHub/NYC-Taxi-ETL-Pipeline/.venv/lib/python3.10/site-packages/airflow/example_dags/example_xcom.py for tasks to queue
[2024-10-21T21:35:29.502+0700] {logging_mixin.py:190} INFO - [2024-10-21T21:35:29.501+0700] {dagbag.py:588} INFO - Filling up the DagBag from /Users/punny/Documents/GitHub/NYC-Taxi-ETL-Pipeline/.venv/lib/python3.10/site-packages/airflow/example_dags/example_xcom.py
[2024-10-21T21:35:29.551+0700] {processor.py:925} INFO - DAG(s) 'example_xcom' retrieved from /Users/punny/Documents/GitHub/NYC-Taxi-ETL-Pipeline/.venv/lib/python3.10/site-packages/airflow/example_dags/example_xcom.py
[2024-10-21T21:35:29.735+0700] {logging_mixin.py:190} INFO - [2024-10-21T21:35:29.735+0700] {dag.py:3239} INFO - Sync 1 DAGs
[2024-10-21T21:35:29.757+0700] {logging_mixin.py:190} INFO - [2024-10-21T21:35:29.756+0700] {dag.py:4180} INFO - Setting next_dagrun for example_xcom to 2021-01-01 00:00:00+00:00, run_after=2021-01-01 00:00:00+00:00
[2024-10-21T21:35:29.779+0700] {processor.py:208} INFO - Processing /Users/punny/Documents/GitHub/NYC-Taxi-ETL-Pipeline/.venv/lib/python3.10/site-packages/airflow/example_dags/example_xcom.py took 0.290 seconds
[2024-10-21T21:38:41.245+0700] {processor.py:186} INFO - Started process (PID=9626) to work on /Users/punny/Documents/GitHub/NYC-Taxi-ETL-Pipeline/.venv/lib/python3.10/site-packages/airflow/example_dags/example_xcom.py
[2024-10-21T21:38:41.248+0700] {processor.py:914} INFO - Processing file /Users/punny/Documents/GitHub/NYC-Taxi-ETL-Pipeline/.venv/lib/python3.10/site-packages/airflow/example_dags/example_xcom.py for tasks to queue
[2024-10-21T21:38:41.249+0700] {logging_mixin.py:190} INFO - [2024-10-21T21:38:41.249+0700] {dagbag.py:588} INFO - Filling up the DagBag from /Users/punny/Documents/GitHub/NYC-Taxi-ETL-Pipeline/.venv/lib/python3.10/site-packages/airflow/example_dags/example_xcom.py
[2024-10-21T21:38:41.296+0700] {processor.py:925} INFO - DAG(s) 'example_xcom' retrieved from /Users/punny/Documents/GitHub/NYC-Taxi-ETL-Pipeline/.venv/lib/python3.10/site-packages/airflow/example_dags/example_xcom.py
[2024-10-21T21:38:41.487+0700] {logging_mixin.py:190} INFO - [2024-10-21T21:38:41.486+0700] {dag.py:3239} INFO - Sync 1 DAGs
[2024-10-21T21:38:41.509+0700] {logging_mixin.py:190} INFO - [2024-10-21T21:38:41.509+0700] {dag.py:4180} INFO - Setting next_dagrun for example_xcom to 2021-01-01 00:00:00+00:00, run_after=2021-01-01 00:00:00+00:00
[2024-10-21T21:38:41.532+0700] {processor.py:208} INFO - Processing /Users/punny/Documents/GitHub/NYC-Taxi-ETL-Pipeline/.venv/lib/python3.10/site-packages/airflow/example_dags/example_xcom.py took 0.296 seconds
[2024-10-21T21:42:34.491+0700] {processor.py:186} INFO - Started process (PID=9982) to work on /Users/punny/Documents/GitHub/NYC-Taxi-ETL-Pipeline/.venv/lib/python3.10/site-packages/airflow/example_dags/example_xcom.py
[2024-10-21T21:42:34.494+0700] {processor.py:914} INFO - Processing file /Users/punny/Documents/GitHub/NYC-Taxi-ETL-Pipeline/.venv/lib/python3.10/site-packages/airflow/example_dags/example_xcom.py for tasks to queue
[2024-10-21T21:42:34.495+0700] {logging_mixin.py:190} INFO - [2024-10-21T21:42:34.495+0700] {dagbag.py:588} INFO - Filling up the DagBag from /Users/punny/Documents/GitHub/NYC-Taxi-ETL-Pipeline/.venv/lib/python3.10/site-packages/airflow/example_dags/example_xcom.py
[2024-10-21T21:42:34.539+0700] {processor.py:925} INFO - DAG(s) 'example_xcom' retrieved from /Users/punny/Documents/GitHub/NYC-Taxi-ETL-Pipeline/.venv/lib/python3.10/site-packages/airflow/example_dags/example_xcom.py
[2024-10-21T21:42:34.710+0700] {logging_mixin.py:190} INFO - [2024-10-21T21:42:34.709+0700] {dag.py:3239} INFO - Sync 1 DAGs
[2024-10-21T21:42:34.731+0700] {logging_mixin.py:190} INFO - [2024-10-21T21:42:34.730+0700] {dag.py:4180} INFO - Setting next_dagrun for example_xcom to 2021-01-01 00:00:00+00:00, run_after=2021-01-01 00:00:00+00:00
[2024-10-21T21:42:34.751+0700] {processor.py:208} INFO - Processing /Users/punny/Documents/GitHub/NYC-Taxi-ETL-Pipeline/.venv/lib/python3.10/site-packages/airflow/example_dags/example_xcom.py took 0.267 seconds
[2024-10-21T21:46:17.208+0700] {processor.py:186} INFO - Started process (PID=10404) to work on /Users/punny/Documents/GitHub/NYC-Taxi-ETL-Pipeline/.venv/lib/python3.10/site-packages/airflow/example_dags/example_xcom.py
[2024-10-21T21:46:17.211+0700] {processor.py:914} INFO - Processing file /Users/punny/Documents/GitHub/NYC-Taxi-ETL-Pipeline/.venv/lib/python3.10/site-packages/airflow/example_dags/example_xcom.py for tasks to queue
[2024-10-21T21:46:17.212+0700] {logging_mixin.py:190} INFO - [2024-10-21T21:46:17.212+0700] {dagbag.py:588} INFO - Filling up the DagBag from /Users/punny/Documents/GitHub/NYC-Taxi-ETL-Pipeline/.venv/lib/python3.10/site-packages/airflow/example_dags/example_xcom.py
[2024-10-21T21:46:17.258+0700] {processor.py:925} INFO - DAG(s) 'example_xcom' retrieved from /Users/punny/Documents/GitHub/NYC-Taxi-ETL-Pipeline/.venv/lib/python3.10/site-packages/airflow/example_dags/example_xcom.py
[2024-10-21T21:46:17.436+0700] {logging_mixin.py:190} INFO - [2024-10-21T21:46:17.436+0700] {dag.py:3239} INFO - Sync 1 DAGs
[2024-10-21T21:46:17.457+0700] {logging_mixin.py:190} INFO - [2024-10-21T21:46:17.457+0700] {dag.py:4180} INFO - Setting next_dagrun for example_xcom to 2021-01-01 00:00:00+00:00, run_after=2021-01-01 00:00:00+00:00
[2024-10-21T21:46:17.478+0700] {processor.py:208} INFO - Processing /Users/punny/Documents/GitHub/NYC-Taxi-ETL-Pipeline/.venv/lib/python3.10/site-packages/airflow/example_dags/example_xcom.py took 0.278 seconds
[2024-10-21T21:49:16.877+0700] {processor.py:186} INFO - Started process (PID=10611) to work on /Users/punny/Documents/GitHub/NYC-Taxi-ETL-Pipeline/.venv/lib/python3.10/site-packages/airflow/example_dags/example_xcom.py
[2024-10-21T21:49:16.881+0700] {processor.py:914} INFO - Processing file /Users/punny/Documents/GitHub/NYC-Taxi-ETL-Pipeline/.venv/lib/python3.10/site-packages/airflow/example_dags/example_xcom.py for tasks to queue
[2024-10-21T21:49:16.882+0700] {logging_mixin.py:190} INFO - [2024-10-21T21:49:16.882+0700] {dagbag.py:588} INFO - Filling up the DagBag from /Users/punny/Documents/GitHub/NYC-Taxi-ETL-Pipeline/.venv/lib/python3.10/site-packages/airflow/example_dags/example_xcom.py
[2024-10-21T21:49:16.926+0700] {processor.py:925} INFO - DAG(s) 'example_xcom' retrieved from /Users/punny/Documents/GitHub/NYC-Taxi-ETL-Pipeline/.venv/lib/python3.10/site-packages/airflow/example_dags/example_xcom.py
[2024-10-21T21:49:17.104+0700] {logging_mixin.py:190} INFO - [2024-10-21T21:49:17.103+0700] {dag.py:3239} INFO - Sync 1 DAGs
[2024-10-21T21:49:17.125+0700] {logging_mixin.py:190} INFO - [2024-10-21T21:49:17.125+0700] {dag.py:4180} INFO - Setting next_dagrun for example_xcom to 2021-01-01 00:00:00+00:00, run_after=2021-01-01 00:00:00+00:00
[2024-10-21T21:49:17.146+0700] {processor.py:208} INFO - Processing /Users/punny/Documents/GitHub/NYC-Taxi-ETL-Pipeline/.venv/lib/python3.10/site-packages/airflow/example_dags/example_xcom.py took 0.277 seconds
[2024-10-21T21:50:47.144+0700] {processor.py:186} INFO - Started process (PID=10745) to work on /Users/punny/Documents/GitHub/NYC-Taxi-ETL-Pipeline/.venv/lib/python3.10/site-packages/airflow/example_dags/example_xcom.py
[2024-10-21T21:50:47.147+0700] {processor.py:914} INFO - Processing file /Users/punny/Documents/GitHub/NYC-Taxi-ETL-Pipeline/.venv/lib/python3.10/site-packages/airflow/example_dags/example_xcom.py for tasks to queue
[2024-10-21T21:50:47.148+0700] {logging_mixin.py:190} INFO - [2024-10-21T21:50:47.148+0700] {dagbag.py:588} INFO - Filling up the DagBag from /Users/punny/Documents/GitHub/NYC-Taxi-ETL-Pipeline/.venv/lib/python3.10/site-packages/airflow/example_dags/example_xcom.py
[2024-10-21T21:50:47.192+0700] {processor.py:925} INFO - DAG(s) 'example_xcom' retrieved from /Users/punny/Documents/GitHub/NYC-Taxi-ETL-Pipeline/.venv/lib/python3.10/site-packages/airflow/example_dags/example_xcom.py
[2024-10-21T21:50:47.369+0700] {logging_mixin.py:190} INFO - [2024-10-21T21:50:47.368+0700] {dag.py:3239} INFO - Sync 1 DAGs
[2024-10-21T21:50:47.390+0700] {logging_mixin.py:190} INFO - [2024-10-21T21:50:47.389+0700] {dag.py:4180} INFO - Setting next_dagrun for example_xcom to 2021-01-01 00:00:00+00:00, run_after=2021-01-01 00:00:00+00:00
[2024-10-21T21:50:47.410+0700] {processor.py:208} INFO - Processing /Users/punny/Documents/GitHub/NYC-Taxi-ETL-Pipeline/.venv/lib/python3.10/site-packages/airflow/example_dags/example_xcom.py took 0.273 seconds
[2024-10-21T21:54:40.312+0700] {processor.py:186} INFO - Started process (PID=11076) to work on /Users/punny/Documents/GitHub/NYC-Taxi-ETL-Pipeline/.venv/lib/python3.10/site-packages/airflow/example_dags/example_xcom.py
[2024-10-21T21:54:40.315+0700] {processor.py:914} INFO - Processing file /Users/punny/Documents/GitHub/NYC-Taxi-ETL-Pipeline/.venv/lib/python3.10/site-packages/airflow/example_dags/example_xcom.py for tasks to queue
[2024-10-21T21:54:40.316+0700] {logging_mixin.py:190} INFO - [2024-10-21T21:54:40.316+0700] {dagbag.py:588} INFO - Filling up the DagBag from /Users/punny/Documents/GitHub/NYC-Taxi-ETL-Pipeline/.venv/lib/python3.10/site-packages/airflow/example_dags/example_xcom.py
[2024-10-21T21:54:40.364+0700] {processor.py:925} INFO - DAG(s) 'example_xcom' retrieved from /Users/punny/Documents/GitHub/NYC-Taxi-ETL-Pipeline/.venv/lib/python3.10/site-packages/airflow/example_dags/example_xcom.py
[2024-10-21T21:54:40.547+0700] {logging_mixin.py:190} INFO - [2024-10-21T21:54:40.547+0700] {dag.py:3239} INFO - Sync 1 DAGs
[2024-10-21T21:54:40.571+0700] {logging_mixin.py:190} INFO - [2024-10-21T21:54:40.571+0700] {dag.py:4180} INFO - Setting next_dagrun for example_xcom to 2021-01-01 00:00:00+00:00, run_after=2021-01-01 00:00:00+00:00
[2024-10-21T21:54:40.596+0700] {processor.py:208} INFO - Processing /Users/punny/Documents/GitHub/NYC-Taxi-ETL-Pipeline/.venv/lib/python3.10/site-packages/airflow/example_dags/example_xcom.py took 0.292 seconds
[2024-10-21T21:58:48.266+0700] {processor.py:186} INFO - Started process (PID=11632) to work on /Users/punny/Documents/GitHub/NYC-Taxi-ETL-Pipeline/.venv/lib/python3.10/site-packages/airflow/example_dags/example_xcom.py
[2024-10-21T21:58:48.269+0700] {processor.py:914} INFO - Processing file /Users/punny/Documents/GitHub/NYC-Taxi-ETL-Pipeline/.venv/lib/python3.10/site-packages/airflow/example_dags/example_xcom.py for tasks to queue
[2024-10-21T21:58:48.271+0700] {logging_mixin.py:190} INFO - [2024-10-21T21:58:48.270+0700] {dagbag.py:588} INFO - Filling up the DagBag from /Users/punny/Documents/GitHub/NYC-Taxi-ETL-Pipeline/.venv/lib/python3.10/site-packages/airflow/example_dags/example_xcom.py
[2024-10-21T21:58:48.323+0700] {processor.py:925} INFO - DAG(s) 'example_xcom' retrieved from /Users/punny/Documents/GitHub/NYC-Taxi-ETL-Pipeline/.venv/lib/python3.10/site-packages/airflow/example_dags/example_xcom.py
[2024-10-21T21:58:48.508+0700] {logging_mixin.py:190} INFO - [2024-10-21T21:58:48.507+0700] {dag.py:3239} INFO - Sync 1 DAGs
[2024-10-21T21:58:48.529+0700] {logging_mixin.py:190} INFO - [2024-10-21T21:58:48.529+0700] {dag.py:4180} INFO - Setting next_dagrun for example_xcom to 2021-01-01 00:00:00+00:00, run_after=2021-01-01 00:00:00+00:00
[2024-10-21T21:58:48.552+0700] {processor.py:208} INFO - Processing /Users/punny/Documents/GitHub/NYC-Taxi-ETL-Pipeline/.venv/lib/python3.10/site-packages/airflow/example_dags/example_xcom.py took 0.294 seconds
[2024-10-21T22:16:11.417+0700] {processor.py:186} INFO - Started process (PID=12010) to work on /Users/punny/Documents/GitHub/NYC-Taxi-ETL-Pipeline/.venv/lib/python3.10/site-packages/airflow/example_dags/example_xcom.py
[2024-10-21T22:16:11.421+0700] {processor.py:914} INFO - Processing file /Users/punny/Documents/GitHub/NYC-Taxi-ETL-Pipeline/.venv/lib/python3.10/site-packages/airflow/example_dags/example_xcom.py for tasks to queue
[2024-10-21T22:16:11.422+0700] {logging_mixin.py:190} INFO - [2024-10-21T22:16:11.422+0700] {dagbag.py:588} INFO - Filling up the DagBag from /Users/punny/Documents/GitHub/NYC-Taxi-ETL-Pipeline/.venv/lib/python3.10/site-packages/airflow/example_dags/example_xcom.py
[2024-10-21T22:16:11.470+0700] {processor.py:925} INFO - DAG(s) 'example_xcom' retrieved from /Users/punny/Documents/GitHub/NYC-Taxi-ETL-Pipeline/.venv/lib/python3.10/site-packages/airflow/example_dags/example_xcom.py
[2024-10-21T22:16:11.662+0700] {logging_mixin.py:190} INFO - [2024-10-21T22:16:11.661+0700] {dag.py:3239} INFO - Sync 1 DAGs
[2024-10-21T22:16:11.684+0700] {logging_mixin.py:190} INFO - [2024-10-21T22:16:11.684+0700] {dag.py:4180} INFO - Setting next_dagrun for example_xcom to 2021-01-01 00:00:00+00:00, run_after=2021-01-01 00:00:00+00:00
[2024-10-21T22:16:11.708+0700] {processor.py:208} INFO - Processing /Users/punny/Documents/GitHub/NYC-Taxi-ETL-Pipeline/.venv/lib/python3.10/site-packages/airflow/example_dags/example_xcom.py took 0.296 seconds
[2024-10-21T22:19:06.956+0700] {processor.py:186} INFO - Started process (PID=12320) to work on /Users/punny/Documents/GitHub/NYC-Taxi-ETL-Pipeline/.venv/lib/python3.10/site-packages/airflow/example_dags/example_xcom.py
[2024-10-21T22:19:06.961+0700] {processor.py:914} INFO - Processing file /Users/punny/Documents/GitHub/NYC-Taxi-ETL-Pipeline/.venv/lib/python3.10/site-packages/airflow/example_dags/example_xcom.py for tasks to queue
[2024-10-21T22:19:06.963+0700] {logging_mixin.py:190} INFO - [2024-10-21T22:19:06.963+0700] {dagbag.py:588} INFO - Filling up the DagBag from /Users/punny/Documents/GitHub/NYC-Taxi-ETL-Pipeline/.venv/lib/python3.10/site-packages/airflow/example_dags/example_xcom.py
[2024-10-21T22:19:07.031+0700] {processor.py:925} INFO - DAG(s) 'example_xcom' retrieved from /Users/punny/Documents/GitHub/NYC-Taxi-ETL-Pipeline/.venv/lib/python3.10/site-packages/airflow/example_dags/example_xcom.py
[2024-10-21T22:19:07.251+0700] {logging_mixin.py:190} INFO - [2024-10-21T22:19:07.251+0700] {dag.py:3239} INFO - Sync 1 DAGs
[2024-10-21T22:19:07.272+0700] {logging_mixin.py:190} INFO - [2024-10-21T22:19:07.272+0700] {dag.py:4180} INFO - Setting next_dagrun for example_xcom to 2021-01-01 00:00:00+00:00, run_after=2021-01-01 00:00:00+00:00
[2024-10-21T22:19:07.293+0700] {processor.py:208} INFO - Processing /Users/punny/Documents/GitHub/NYC-Taxi-ETL-Pipeline/.venv/lib/python3.10/site-packages/airflow/example_dags/example_xcom.py took 0.346 seconds
[2024-10-21T22:24:00.544+0700] {processor.py:186} INFO - Started process (PID=13083) to work on /Users/punny/Documents/GitHub/NYC-Taxi-ETL-Pipeline/.venv/lib/python3.10/site-packages/airflow/example_dags/example_xcom.py
[2024-10-21T22:24:00.547+0700] {processor.py:914} INFO - Processing file /Users/punny/Documents/GitHub/NYC-Taxi-ETL-Pipeline/.venv/lib/python3.10/site-packages/airflow/example_dags/example_xcom.py for tasks to queue
[2024-10-21T22:24:00.548+0700] {logging_mixin.py:190} INFO - [2024-10-21T22:24:00.548+0700] {dagbag.py:588} INFO - Filling up the DagBag from /Users/punny/Documents/GitHub/NYC-Taxi-ETL-Pipeline/.venv/lib/python3.10/site-packages/airflow/example_dags/example_xcom.py
[2024-10-21T22:24:00.597+0700] {processor.py:925} INFO - DAG(s) 'example_xcom' retrieved from /Users/punny/Documents/GitHub/NYC-Taxi-ETL-Pipeline/.venv/lib/python3.10/site-packages/airflow/example_dags/example_xcom.py
[2024-10-21T22:24:00.816+0700] {logging_mixin.py:190} INFO - [2024-10-21T22:24:00.816+0700] {dag.py:3239} INFO - Sync 1 DAGs
[2024-10-21T22:24:00.842+0700] {logging_mixin.py:190} INFO - [2024-10-21T22:24:00.842+0700] {dag.py:4180} INFO - Setting next_dagrun for example_xcom to 2021-01-01 00:00:00+00:00, run_after=2021-01-01 00:00:00+00:00
[2024-10-21T22:24:00.867+0700] {processor.py:208} INFO - Processing /Users/punny/Documents/GitHub/NYC-Taxi-ETL-Pipeline/.venv/lib/python3.10/site-packages/airflow/example_dags/example_xcom.py took 0.333 seconds
[2024-10-21T22:28:07.558+0700] {processor.py:186} INFO - Started process (PID=13470) to work on /Users/punny/Documents/GitHub/NYC-Taxi-ETL-Pipeline/.venv/lib/python3.10/site-packages/airflow/example_dags/example_xcom.py
[2024-10-21T22:28:07.562+0700] {processor.py:914} INFO - Processing file /Users/punny/Documents/GitHub/NYC-Taxi-ETL-Pipeline/.venv/lib/python3.10/site-packages/airflow/example_dags/example_xcom.py for tasks to queue
[2024-10-21T22:28:07.564+0700] {logging_mixin.py:190} INFO - [2024-10-21T22:28:07.563+0700] {dagbag.py:588} INFO - Filling up the DagBag from /Users/punny/Documents/GitHub/NYC-Taxi-ETL-Pipeline/.venv/lib/python3.10/site-packages/airflow/example_dags/example_xcom.py
[2024-10-21T22:28:07.607+0700] {processor.py:925} INFO - DAG(s) 'example_xcom' retrieved from /Users/punny/Documents/GitHub/NYC-Taxi-ETL-Pipeline/.venv/lib/python3.10/site-packages/airflow/example_dags/example_xcom.py
[2024-10-21T22:28:07.813+0700] {logging_mixin.py:190} INFO - [2024-10-21T22:28:07.812+0700] {dag.py:3239} INFO - Sync 1 DAGs
[2024-10-21T22:28:07.835+0700] {logging_mixin.py:190} INFO - [2024-10-21T22:28:07.835+0700] {dag.py:4180} INFO - Setting next_dagrun for example_xcom to 2021-01-01 00:00:00+00:00, run_after=2021-01-01 00:00:00+00:00
[2024-10-21T22:28:07.857+0700] {processor.py:208} INFO - Processing /Users/punny/Documents/GitHub/NYC-Taxi-ETL-Pipeline/.venv/lib/python3.10/site-packages/airflow/example_dags/example_xcom.py took 0.309 seconds
[2024-10-21T22:31:02.521+0700] {processor.py:186} INFO - Started process (PID=13689) to work on /Users/punny/Documents/GitHub/NYC-Taxi-ETL-Pipeline/.venv/lib/python3.10/site-packages/airflow/example_dags/example_xcom.py
[2024-10-21T22:31:02.524+0700] {processor.py:914} INFO - Processing file /Users/punny/Documents/GitHub/NYC-Taxi-ETL-Pipeline/.venv/lib/python3.10/site-packages/airflow/example_dags/example_xcom.py for tasks to queue
[2024-10-21T22:31:02.526+0700] {logging_mixin.py:190} INFO - [2024-10-21T22:31:02.525+0700] {dagbag.py:588} INFO - Filling up the DagBag from /Users/punny/Documents/GitHub/NYC-Taxi-ETL-Pipeline/.venv/lib/python3.10/site-packages/airflow/example_dags/example_xcom.py
[2024-10-21T22:31:02.571+0700] {processor.py:925} INFO - DAG(s) 'example_xcom' retrieved from /Users/punny/Documents/GitHub/NYC-Taxi-ETL-Pipeline/.venv/lib/python3.10/site-packages/airflow/example_dags/example_xcom.py
[2024-10-21T22:31:02.754+0700] {logging_mixin.py:190} INFO - [2024-10-21T22:31:02.754+0700] {dag.py:3239} INFO - Sync 1 DAGs
[2024-10-21T22:31:02.775+0700] {logging_mixin.py:190} INFO - [2024-10-21T22:31:02.775+0700] {dag.py:4180} INFO - Setting next_dagrun for example_xcom to 2021-01-01 00:00:00+00:00, run_after=2021-01-01 00:00:00+00:00
[2024-10-21T22:31:02.798+0700] {processor.py:208} INFO - Processing /Users/punny/Documents/GitHub/NYC-Taxi-ETL-Pipeline/.venv/lib/python3.10/site-packages/airflow/example_dags/example_xcom.py took 0.287 seconds
