[2024-10-21T12:54:05.332+0700] {processor.py:186} INFO - Started process (PID=34331) to work on /Users/punny/Documents/GitHub/NYC-Taxi-ETL-Pipeline/.venv/lib/python3.10/site-packages/airflow/example_dags/example_nested_branch_dag.py
[2024-10-21T12:54:05.336+0700] {processor.py:914} INFO - Processing file /Users/punny/Documents/GitHub/NYC-Taxi-ETL-Pipeline/.venv/lib/python3.10/site-packages/airflow/example_dags/example_nested_branch_dag.py for tasks to queue
[2024-10-21T12:54:05.337+0700] {logging_mixin.py:190} INFO - [2024-10-21T12:54:05.337+0700] {dagbag.py:588} INFO - Filling up the DagBag from /Users/punny/Documents/GitHub/NYC-Taxi-ETL-Pipeline/.venv/lib/python3.10/site-packages/airflow/example_dags/example_nested_branch_dag.py
[2024-10-21T12:54:05.415+0700] {processor.py:925} INFO - DAG(s) 'example_nested_branch_dag' retrieved from /Users/punny/Documents/GitHub/NYC-Taxi-ETL-Pipeline/.venv/lib/python3.10/site-packages/airflow/example_dags/example_nested_branch_dag.py
[2024-10-21T12:54:05.717+0700] {logging_mixin.py:190} INFO - [2024-10-21T12:54:05.716+0700] {dag.py:3239} INFO - Sync 1 DAGs
[2024-10-21T12:54:05.758+0700] {logging_mixin.py:190} INFO - [2024-10-21T12:54:05.757+0700] {dag.py:4180} INFO - Setting next_dagrun for example_nested_branch_dag to 2024-10-20 00:00:00+00:00, run_after=2024-10-21 00:00:00+00:00
[2024-10-21T12:54:05.795+0700] {processor.py:208} INFO - Processing /Users/punny/Documents/GitHub/NYC-Taxi-ETL-Pipeline/.venv/lib/python3.10/site-packages/airflow/example_dags/example_nested_branch_dag.py took 0.477 seconds
[2024-10-21T14:21:54.298+0700] {processor.py:186} INFO - Started process (PID=35181) to work on /Users/punny/Documents/GitHub/NYC-Taxi-ETL-Pipeline/.venv/lib/python3.10/site-packages/airflow/example_dags/example_nested_branch_dag.py
[2024-10-21T14:21:54.306+0700] {processor.py:914} INFO - Processing file /Users/punny/Documents/GitHub/NYC-Taxi-ETL-Pipeline/.venv/lib/python3.10/site-packages/airflow/example_dags/example_nested_branch_dag.py for tasks to queue
[2024-10-21T14:21:54.308+0700] {logging_mixin.py:190} INFO - [2024-10-21T14:21:54.308+0700] {dagbag.py:588} INFO - Filling up the DagBag from /Users/punny/Documents/GitHub/NYC-Taxi-ETL-Pipeline/.venv/lib/python3.10/site-packages/airflow/example_dags/example_nested_branch_dag.py
[2024-10-21T14:21:54.451+0700] {processor.py:925} INFO - DAG(s) 'example_nested_branch_dag' retrieved from /Users/punny/Documents/GitHub/NYC-Taxi-ETL-Pipeline/.venv/lib/python3.10/site-packages/airflow/example_dags/example_nested_branch_dag.py
[2024-10-21T14:21:55.228+0700] {logging_mixin.py:190} INFO - [2024-10-21T14:21:55.226+0700] {dag.py:3239} INFO - Sync 1 DAGs
[2024-10-21T14:21:55.404+0700] {logging_mixin.py:190} INFO - [2024-10-21T14:21:55.403+0700] {dag.py:4180} INFO - Setting next_dagrun for example_nested_branch_dag to 2024-10-20 00:00:00+00:00, run_after=2024-10-21 00:00:00+00:00
[2024-10-21T14:21:55.536+0700] {processor.py:208} INFO - Processing /Users/punny/Documents/GitHub/NYC-Taxi-ETL-Pipeline/.venv/lib/python3.10/site-packages/airflow/example_dags/example_nested_branch_dag.py took 1.252 seconds
[2024-10-21T14:49:12.164+0700] {processor.py:186} INFO - Started process (PID=36023) to work on /Users/punny/Documents/GitHub/NYC-Taxi-ETL-Pipeline/.venv/lib/python3.10/site-packages/airflow/example_dags/example_nested_branch_dag.py
[2024-10-21T14:49:12.167+0700] {processor.py:914} INFO - Processing file /Users/punny/Documents/GitHub/NYC-Taxi-ETL-Pipeline/.venv/lib/python3.10/site-packages/airflow/example_dags/example_nested_branch_dag.py for tasks to queue
[2024-10-21T14:49:12.169+0700] {logging_mixin.py:190} INFO - [2024-10-21T14:49:12.168+0700] {dagbag.py:588} INFO - Filling up the DagBag from /Users/punny/Documents/GitHub/NYC-Taxi-ETL-Pipeline/.venv/lib/python3.10/site-packages/airflow/example_dags/example_nested_branch_dag.py
[2024-10-21T14:49:12.217+0700] {processor.py:925} INFO - DAG(s) 'example_nested_branch_dag' retrieved from /Users/punny/Documents/GitHub/NYC-Taxi-ETL-Pipeline/.venv/lib/python3.10/site-packages/airflow/example_dags/example_nested_branch_dag.py
[2024-10-21T14:49:12.455+0700] {logging_mixin.py:190} INFO - [2024-10-21T14:49:12.454+0700] {dag.py:3239} INFO - Sync 1 DAGs
[2024-10-21T14:49:12.487+0700] {logging_mixin.py:190} INFO - [2024-10-21T14:49:12.487+0700] {dag.py:4180} INFO - Setting next_dagrun for example_nested_branch_dag to 2024-10-20 00:00:00+00:00, run_after=2024-10-21 00:00:00+00:00
[2024-10-21T14:49:12.513+0700] {processor.py:208} INFO - Processing /Users/punny/Documents/GitHub/NYC-Taxi-ETL-Pipeline/.venv/lib/python3.10/site-packages/airflow/example_dags/example_nested_branch_dag.py took 0.358 seconds
[2024-10-21T14:52:56.470+0700] {processor.py:186} INFO - Started process (PID=36640) to work on /Users/punny/Documents/GitHub/NYC-Taxi-ETL-Pipeline/.venv/lib/python3.10/site-packages/airflow/example_dags/example_nested_branch_dag.py
[2024-10-21T14:52:56.473+0700] {processor.py:914} INFO - Processing file /Users/punny/Documents/GitHub/NYC-Taxi-ETL-Pipeline/.venv/lib/python3.10/site-packages/airflow/example_dags/example_nested_branch_dag.py for tasks to queue
[2024-10-21T14:52:56.475+0700] {logging_mixin.py:190} INFO - [2024-10-21T14:52:56.474+0700] {dagbag.py:588} INFO - Filling up the DagBag from /Users/punny/Documents/GitHub/NYC-Taxi-ETL-Pipeline/.venv/lib/python3.10/site-packages/airflow/example_dags/example_nested_branch_dag.py
[2024-10-21T14:52:56.523+0700] {processor.py:925} INFO - DAG(s) 'example_nested_branch_dag' retrieved from /Users/punny/Documents/GitHub/NYC-Taxi-ETL-Pipeline/.venv/lib/python3.10/site-packages/airflow/example_dags/example_nested_branch_dag.py
[2024-10-21T14:52:56.757+0700] {logging_mixin.py:190} INFO - [2024-10-21T14:52:56.756+0700] {dag.py:3239} INFO - Sync 1 DAGs
[2024-10-21T14:52:56.784+0700] {logging_mixin.py:190} INFO - [2024-10-21T14:52:56.784+0700] {dag.py:4180} INFO - Setting next_dagrun for example_nested_branch_dag to 2024-10-20 00:00:00+00:00, run_after=2024-10-21 00:00:00+00:00
[2024-10-21T14:52:56.818+0700] {processor.py:208} INFO - Processing /Users/punny/Documents/GitHub/NYC-Taxi-ETL-Pipeline/.venv/lib/python3.10/site-packages/airflow/example_dags/example_nested_branch_dag.py took 0.357 seconds
[2024-10-21T14:56:19.647+0700] {processor.py:186} INFO - Started process (PID=37159) to work on /Users/punny/Documents/GitHub/NYC-Taxi-ETL-Pipeline/.venv/lib/python3.10/site-packages/airflow/example_dags/example_nested_branch_dag.py
[2024-10-21T14:56:19.650+0700] {processor.py:914} INFO - Processing file /Users/punny/Documents/GitHub/NYC-Taxi-ETL-Pipeline/.venv/lib/python3.10/site-packages/airflow/example_dags/example_nested_branch_dag.py for tasks to queue
[2024-10-21T14:56:19.652+0700] {logging_mixin.py:190} INFO - [2024-10-21T14:56:19.651+0700] {dagbag.py:588} INFO - Filling up the DagBag from /Users/punny/Documents/GitHub/NYC-Taxi-ETL-Pipeline/.venv/lib/python3.10/site-packages/airflow/example_dags/example_nested_branch_dag.py
[2024-10-21T14:56:19.711+0700] {processor.py:925} INFO - DAG(s) 'example_nested_branch_dag' retrieved from /Users/punny/Documents/GitHub/NYC-Taxi-ETL-Pipeline/.venv/lib/python3.10/site-packages/airflow/example_dags/example_nested_branch_dag.py
[2024-10-21T14:56:19.962+0700] {logging_mixin.py:190} INFO - [2024-10-21T14:56:19.962+0700] {dag.py:3239} INFO - Sync 1 DAGs
[2024-10-21T14:56:20.009+0700] {logging_mixin.py:190} INFO - [2024-10-21T14:56:20.009+0700] {dag.py:4180} INFO - Setting next_dagrun for example_nested_branch_dag to 2024-10-20 00:00:00+00:00, run_after=2024-10-21 00:00:00+00:00
[2024-10-21T14:56:20.035+0700] {processor.py:208} INFO - Processing /Users/punny/Documents/GitHub/NYC-Taxi-ETL-Pipeline/.venv/lib/python3.10/site-packages/airflow/example_dags/example_nested_branch_dag.py took 0.399 seconds
[2024-10-21T15:01:12.858+0700] {processor.py:186} INFO - Started process (PID=37872) to work on /Users/punny/Documents/GitHub/NYC-Taxi-ETL-Pipeline/.venv/lib/python3.10/site-packages/airflow/example_dags/example_nested_branch_dag.py
[2024-10-21T15:01:12.865+0700] {processor.py:914} INFO - Processing file /Users/punny/Documents/GitHub/NYC-Taxi-ETL-Pipeline/.venv/lib/python3.10/site-packages/airflow/example_dags/example_nested_branch_dag.py for tasks to queue
[2024-10-21T15:01:12.868+0700] {logging_mixin.py:190} INFO - [2024-10-21T15:01:12.868+0700] {dagbag.py:588} INFO - Filling up the DagBag from /Users/punny/Documents/GitHub/NYC-Taxi-ETL-Pipeline/.venv/lib/python3.10/site-packages/airflow/example_dags/example_nested_branch_dag.py
[2024-10-21T15:01:13.020+0700] {processor.py:925} INFO - DAG(s) 'example_nested_branch_dag' retrieved from /Users/punny/Documents/GitHub/NYC-Taxi-ETL-Pipeline/.venv/lib/python3.10/site-packages/airflow/example_dags/example_nested_branch_dag.py
[2024-10-21T15:01:13.446+0700] {logging_mixin.py:190} INFO - [2024-10-21T15:01:13.445+0700] {dag.py:3239} INFO - Sync 1 DAGs
[2024-10-21T15:01:13.500+0700] {logging_mixin.py:190} INFO - [2024-10-21T15:01:13.498+0700] {dag.py:4180} INFO - Setting next_dagrun for example_nested_branch_dag to 2024-10-20 00:00:00+00:00, run_after=2024-10-21 00:00:00+00:00
[2024-10-21T15:01:13.547+0700] {processor.py:208} INFO - Processing /Users/punny/Documents/GitHub/NYC-Taxi-ETL-Pipeline/.venv/lib/python3.10/site-packages/airflow/example_dags/example_nested_branch_dag.py took 0.720 seconds
[2024-10-21T15:06:59.766+0700] {processor.py:186} INFO - Started process (PID=38613) to work on /Users/punny/Documents/GitHub/NYC-Taxi-ETL-Pipeline/.venv/lib/python3.10/site-packages/airflow/example_dags/example_nested_branch_dag.py
[2024-10-21T15:06:59.771+0700] {processor.py:914} INFO - Processing file /Users/punny/Documents/GitHub/NYC-Taxi-ETL-Pipeline/.venv/lib/python3.10/site-packages/airflow/example_dags/example_nested_branch_dag.py for tasks to queue
[2024-10-21T15:06:59.773+0700] {logging_mixin.py:190} INFO - [2024-10-21T15:06:59.773+0700] {dagbag.py:588} INFO - Filling up the DagBag from /Users/punny/Documents/GitHub/NYC-Taxi-ETL-Pipeline/.venv/lib/python3.10/site-packages/airflow/example_dags/example_nested_branch_dag.py
[2024-10-21T15:06:59.856+0700] {processor.py:925} INFO - DAG(s) 'example_nested_branch_dag' retrieved from /Users/punny/Documents/GitHub/NYC-Taxi-ETL-Pipeline/.venv/lib/python3.10/site-packages/airflow/example_dags/example_nested_branch_dag.py
[2024-10-21T15:07:00.171+0700] {logging_mixin.py:190} INFO - [2024-10-21T15:07:00.170+0700] {dag.py:3239} INFO - Sync 1 DAGs
[2024-10-21T15:07:00.206+0700] {logging_mixin.py:190} INFO - [2024-10-21T15:07:00.205+0700] {dag.py:4180} INFO - Setting next_dagrun for example_nested_branch_dag to 2024-10-20 00:00:00+00:00, run_after=2024-10-21 00:00:00+00:00
[2024-10-21T15:07:00.238+0700] {processor.py:208} INFO - Processing /Users/punny/Documents/GitHub/NYC-Taxi-ETL-Pipeline/.venv/lib/python3.10/site-packages/airflow/example_dags/example_nested_branch_dag.py took 0.488 seconds
[2024-10-21T15:11:42.844+0700] {processor.py:186} INFO - Started process (PID=39251) to work on /Users/punny/Documents/GitHub/NYC-Taxi-ETL-Pipeline/.venv/lib/python3.10/site-packages/airflow/example_dags/example_nested_branch_dag.py
[2024-10-21T15:11:42.847+0700] {processor.py:914} INFO - Processing file /Users/punny/Documents/GitHub/NYC-Taxi-ETL-Pipeline/.venv/lib/python3.10/site-packages/airflow/example_dags/example_nested_branch_dag.py for tasks to queue
[2024-10-21T15:11:42.849+0700] {logging_mixin.py:190} INFO - [2024-10-21T15:11:42.848+0700] {dagbag.py:588} INFO - Filling up the DagBag from /Users/punny/Documents/GitHub/NYC-Taxi-ETL-Pipeline/.venv/lib/python3.10/site-packages/airflow/example_dags/example_nested_branch_dag.py
[2024-10-21T15:11:42.931+0700] {processor.py:925} INFO - DAG(s) 'example_nested_branch_dag' retrieved from /Users/punny/Documents/GitHub/NYC-Taxi-ETL-Pipeline/.venv/lib/python3.10/site-packages/airflow/example_dags/example_nested_branch_dag.py
[2024-10-21T15:11:43.232+0700] {logging_mixin.py:190} INFO - [2024-10-21T15:11:43.231+0700] {dag.py:3239} INFO - Sync 1 DAGs
[2024-10-21T15:11:43.279+0700] {logging_mixin.py:190} INFO - [2024-10-21T15:11:43.278+0700] {dag.py:4180} INFO - Setting next_dagrun for example_nested_branch_dag to 2024-10-20 00:00:00+00:00, run_after=2024-10-21 00:00:00+00:00
[2024-10-21T15:11:43.365+0700] {processor.py:208} INFO - Processing /Users/punny/Documents/GitHub/NYC-Taxi-ETL-Pipeline/.venv/lib/python3.10/site-packages/airflow/example_dags/example_nested_branch_dag.py took 0.530 seconds
[2024-10-21T15:15:54.793+0700] {processor.py:186} INFO - Started process (PID=39755) to work on /Users/punny/Documents/GitHub/NYC-Taxi-ETL-Pipeline/.venv/lib/python3.10/site-packages/airflow/example_dags/example_nested_branch_dag.py
[2024-10-21T15:15:54.798+0700] {processor.py:914} INFO - Processing file /Users/punny/Documents/GitHub/NYC-Taxi-ETL-Pipeline/.venv/lib/python3.10/site-packages/airflow/example_dags/example_nested_branch_dag.py for tasks to queue
[2024-10-21T15:15:54.802+0700] {logging_mixin.py:190} INFO - [2024-10-21T15:15:54.801+0700] {dagbag.py:588} INFO - Filling up the DagBag from /Users/punny/Documents/GitHub/NYC-Taxi-ETL-Pipeline/.venv/lib/python3.10/site-packages/airflow/example_dags/example_nested_branch_dag.py
[2024-10-21T15:15:54.891+0700] {processor.py:925} INFO - DAG(s) 'example_nested_branch_dag' retrieved from /Users/punny/Documents/GitHub/NYC-Taxi-ETL-Pipeline/.venv/lib/python3.10/site-packages/airflow/example_dags/example_nested_branch_dag.py
[2024-10-21T15:15:55.189+0700] {logging_mixin.py:190} INFO - [2024-10-21T15:15:55.189+0700] {dag.py:3239} INFO - Sync 1 DAGs
[2024-10-21T15:15:55.227+0700] {logging_mixin.py:190} INFO - [2024-10-21T15:15:55.227+0700] {dag.py:4180} INFO - Setting next_dagrun for example_nested_branch_dag to 2024-10-20 00:00:00+00:00, run_after=2024-10-21 00:00:00+00:00
[2024-10-21T15:15:55.269+0700] {processor.py:208} INFO - Processing /Users/punny/Documents/GitHub/NYC-Taxi-ETL-Pipeline/.venv/lib/python3.10/site-packages/airflow/example_dags/example_nested_branch_dag.py took 0.491 seconds
[2024-10-21T15:20:22.720+0700] {processor.py:186} INFO - Started process (PID=40344) to work on /Users/punny/Documents/GitHub/NYC-Taxi-ETL-Pipeline/.venv/lib/python3.10/site-packages/airflow/example_dags/example_nested_branch_dag.py
[2024-10-21T15:20:22.724+0700] {processor.py:914} INFO - Processing file /Users/punny/Documents/GitHub/NYC-Taxi-ETL-Pipeline/.venv/lib/python3.10/site-packages/airflow/example_dags/example_nested_branch_dag.py for tasks to queue
[2024-10-21T15:20:22.725+0700] {logging_mixin.py:190} INFO - [2024-10-21T15:20:22.725+0700] {dagbag.py:588} INFO - Filling up the DagBag from /Users/punny/Documents/GitHub/NYC-Taxi-ETL-Pipeline/.venv/lib/python3.10/site-packages/airflow/example_dags/example_nested_branch_dag.py
[2024-10-21T15:20:22.801+0700] {processor.py:925} INFO - DAG(s) 'example_nested_branch_dag' retrieved from /Users/punny/Documents/GitHub/NYC-Taxi-ETL-Pipeline/.venv/lib/python3.10/site-packages/airflow/example_dags/example_nested_branch_dag.py
[2024-10-21T15:20:23.123+0700] {logging_mixin.py:190} INFO - [2024-10-21T15:20:23.122+0700] {dag.py:3239} INFO - Sync 1 DAGs
[2024-10-21T15:20:23.159+0700] {logging_mixin.py:190} INFO - [2024-10-21T15:20:23.158+0700] {dag.py:4180} INFO - Setting next_dagrun for example_nested_branch_dag to 2024-10-20 00:00:00+00:00, run_after=2024-10-21 00:00:00+00:00
[2024-10-21T15:20:23.193+0700] {processor.py:208} INFO - Processing /Users/punny/Documents/GitHub/NYC-Taxi-ETL-Pipeline/.venv/lib/python3.10/site-packages/airflow/example_dags/example_nested_branch_dag.py took 0.485 seconds
[2024-10-21T15:24:26.100+0700] {processor.py:186} INFO - Started process (PID=40835) to work on /Users/punny/Documents/GitHub/NYC-Taxi-ETL-Pipeline/.venv/lib/python3.10/site-packages/airflow/example_dags/example_nested_branch_dag.py
[2024-10-21T15:24:26.104+0700] {processor.py:914} INFO - Processing file /Users/punny/Documents/GitHub/NYC-Taxi-ETL-Pipeline/.venv/lib/python3.10/site-packages/airflow/example_dags/example_nested_branch_dag.py for tasks to queue
[2024-10-21T15:24:26.106+0700] {logging_mixin.py:190} INFO - [2024-10-21T15:24:26.106+0700] {dagbag.py:588} INFO - Filling up the DagBag from /Users/punny/Documents/GitHub/NYC-Taxi-ETL-Pipeline/.venv/lib/python3.10/site-packages/airflow/example_dags/example_nested_branch_dag.py
[2024-10-21T15:24:26.174+0700] {processor.py:925} INFO - DAG(s) 'example_nested_branch_dag' retrieved from /Users/punny/Documents/GitHub/NYC-Taxi-ETL-Pipeline/.venv/lib/python3.10/site-packages/airflow/example_dags/example_nested_branch_dag.py
[2024-10-21T15:24:26.444+0700] {logging_mixin.py:190} INFO - [2024-10-21T15:24:26.442+0700] {dag.py:3239} INFO - Sync 1 DAGs
[2024-10-21T15:24:26.476+0700] {logging_mixin.py:190} INFO - [2024-10-21T15:24:26.475+0700] {dag.py:4180} INFO - Setting next_dagrun for example_nested_branch_dag to 2024-10-20 00:00:00+00:00, run_after=2024-10-21 00:00:00+00:00
[2024-10-21T15:24:26.512+0700] {processor.py:208} INFO - Processing /Users/punny/Documents/GitHub/NYC-Taxi-ETL-Pipeline/.venv/lib/python3.10/site-packages/airflow/example_dags/example_nested_branch_dag.py took 0.424 seconds
[2024-10-21T15:28:21.983+0700] {processor.py:186} INFO - Started process (PID=41306) to work on /Users/punny/Documents/GitHub/NYC-Taxi-ETL-Pipeline/.venv/lib/python3.10/site-packages/airflow/example_dags/example_nested_branch_dag.py
[2024-10-21T15:28:21.987+0700] {processor.py:914} INFO - Processing file /Users/punny/Documents/GitHub/NYC-Taxi-ETL-Pipeline/.venv/lib/python3.10/site-packages/airflow/example_dags/example_nested_branch_dag.py for tasks to queue
[2024-10-21T15:28:21.988+0700] {logging_mixin.py:190} INFO - [2024-10-21T15:28:21.988+0700] {dagbag.py:588} INFO - Filling up the DagBag from /Users/punny/Documents/GitHub/NYC-Taxi-ETL-Pipeline/.venv/lib/python3.10/site-packages/airflow/example_dags/example_nested_branch_dag.py
[2024-10-21T15:28:22.093+0700] {processor.py:925} INFO - DAG(s) 'example_nested_branch_dag' retrieved from /Users/punny/Documents/GitHub/NYC-Taxi-ETL-Pipeline/.venv/lib/python3.10/site-packages/airflow/example_dags/example_nested_branch_dag.py
[2024-10-21T15:28:22.384+0700] {logging_mixin.py:190} INFO - [2024-10-21T15:28:22.384+0700] {dag.py:3239} INFO - Sync 1 DAGs
[2024-10-21T15:28:22.420+0700] {logging_mixin.py:190} INFO - [2024-10-21T15:28:22.420+0700] {dag.py:4180} INFO - Setting next_dagrun for example_nested_branch_dag to 2024-10-20 00:00:00+00:00, run_after=2024-10-21 00:00:00+00:00
[2024-10-21T15:28:22.453+0700] {processor.py:208} INFO - Processing /Users/punny/Documents/GitHub/NYC-Taxi-ETL-Pipeline/.venv/lib/python3.10/site-packages/airflow/example_dags/example_nested_branch_dag.py took 0.478 seconds
[2024-10-21T15:32:27.010+0700] {processor.py:186} INFO - Started process (PID=41853) to work on /Users/punny/Documents/GitHub/NYC-Taxi-ETL-Pipeline/.venv/lib/python3.10/site-packages/airflow/example_dags/example_nested_branch_dag.py
[2024-10-21T15:32:27.014+0700] {processor.py:914} INFO - Processing file /Users/punny/Documents/GitHub/NYC-Taxi-ETL-Pipeline/.venv/lib/python3.10/site-packages/airflow/example_dags/example_nested_branch_dag.py for tasks to queue
[2024-10-21T15:32:27.016+0700] {logging_mixin.py:190} INFO - [2024-10-21T15:32:27.015+0700] {dagbag.py:588} INFO - Filling up the DagBag from /Users/punny/Documents/GitHub/NYC-Taxi-ETL-Pipeline/.venv/lib/python3.10/site-packages/airflow/example_dags/example_nested_branch_dag.py
[2024-10-21T15:32:27.085+0700] {processor.py:925} INFO - DAG(s) 'example_nested_branch_dag' retrieved from /Users/punny/Documents/GitHub/NYC-Taxi-ETL-Pipeline/.venv/lib/python3.10/site-packages/airflow/example_dags/example_nested_branch_dag.py
[2024-10-21T15:32:27.394+0700] {logging_mixin.py:190} INFO - [2024-10-21T15:32:27.394+0700] {dag.py:3239} INFO - Sync 1 DAGs
[2024-10-21T15:32:27.428+0700] {logging_mixin.py:190} INFO - [2024-10-21T15:32:27.427+0700] {dag.py:4180} INFO - Setting next_dagrun for example_nested_branch_dag to 2024-10-20 00:00:00+00:00, run_after=2024-10-21 00:00:00+00:00
[2024-10-21T15:32:27.455+0700] {processor.py:208} INFO - Processing /Users/punny/Documents/GitHub/NYC-Taxi-ETL-Pipeline/.venv/lib/python3.10/site-packages/airflow/example_dags/example_nested_branch_dag.py took 0.453 seconds
[2024-10-21T15:36:22.549+0700] {processor.py:186} INFO - Started process (PID=42327) to work on /Users/punny/Documents/GitHub/NYC-Taxi-ETL-Pipeline/.venv/lib/python3.10/site-packages/airflow/example_dags/example_nested_branch_dag.py
[2024-10-21T15:36:22.555+0700] {processor.py:914} INFO - Processing file /Users/punny/Documents/GitHub/NYC-Taxi-ETL-Pipeline/.venv/lib/python3.10/site-packages/airflow/example_dags/example_nested_branch_dag.py for tasks to queue
[2024-10-21T15:36:22.557+0700] {logging_mixin.py:190} INFO - [2024-10-21T15:36:22.556+0700] {dagbag.py:588} INFO - Filling up the DagBag from /Users/punny/Documents/GitHub/NYC-Taxi-ETL-Pipeline/.venv/lib/python3.10/site-packages/airflow/example_dags/example_nested_branch_dag.py
[2024-10-21T15:36:22.632+0700] {processor.py:925} INFO - DAG(s) 'example_nested_branch_dag' retrieved from /Users/punny/Documents/GitHub/NYC-Taxi-ETL-Pipeline/.venv/lib/python3.10/site-packages/airflow/example_dags/example_nested_branch_dag.py
[2024-10-21T15:36:22.909+0700] {logging_mixin.py:190} INFO - [2024-10-21T15:36:22.908+0700] {dag.py:3239} INFO - Sync 1 DAGs
[2024-10-21T15:36:22.942+0700] {logging_mixin.py:190} INFO - [2024-10-21T15:36:22.942+0700] {dag.py:4180} INFO - Setting next_dagrun for example_nested_branch_dag to 2024-10-20 00:00:00+00:00, run_after=2024-10-21 00:00:00+00:00
[2024-10-21T15:36:22.974+0700] {processor.py:208} INFO - Processing /Users/punny/Documents/GitHub/NYC-Taxi-ETL-Pipeline/.venv/lib/python3.10/site-packages/airflow/example_dags/example_nested_branch_dag.py took 0.435 seconds
[2024-10-21T15:40:23.816+0700] {processor.py:186} INFO - Started process (PID=42947) to work on /Users/punny/Documents/GitHub/NYC-Taxi-ETL-Pipeline/.venv/lib/python3.10/site-packages/airflow/example_dags/example_nested_branch_dag.py
[2024-10-21T15:40:23.822+0700] {processor.py:914} INFO - Processing file /Users/punny/Documents/GitHub/NYC-Taxi-ETL-Pipeline/.venv/lib/python3.10/site-packages/airflow/example_dags/example_nested_branch_dag.py for tasks to queue
[2024-10-21T15:40:23.824+0700] {logging_mixin.py:190} INFO - [2024-10-21T15:40:23.823+0700] {dagbag.py:588} INFO - Filling up the DagBag from /Users/punny/Documents/GitHub/NYC-Taxi-ETL-Pipeline/.venv/lib/python3.10/site-packages/airflow/example_dags/example_nested_branch_dag.py
[2024-10-21T15:40:23.902+0700] {processor.py:925} INFO - DAG(s) 'example_nested_branch_dag' retrieved from /Users/punny/Documents/GitHub/NYC-Taxi-ETL-Pipeline/.venv/lib/python3.10/site-packages/airflow/example_dags/example_nested_branch_dag.py
[2024-10-21T15:40:24.181+0700] {logging_mixin.py:190} INFO - [2024-10-21T15:40:24.180+0700] {dag.py:3239} INFO - Sync 1 DAGs
[2024-10-21T15:40:24.222+0700] {logging_mixin.py:190} INFO - [2024-10-21T15:40:24.221+0700] {dag.py:4180} INFO - Setting next_dagrun for example_nested_branch_dag to 2024-10-20 00:00:00+00:00, run_after=2024-10-21 00:00:00+00:00
[2024-10-21T15:40:24.256+0700] {processor.py:208} INFO - Processing /Users/punny/Documents/GitHub/NYC-Taxi-ETL-Pipeline/.venv/lib/python3.10/site-packages/airflow/example_dags/example_nested_branch_dag.py took 0.456 seconds
[2024-10-21T15:44:18.498+0700] {processor.py:186} INFO - Started process (PID=43417) to work on /Users/punny/Documents/GitHub/NYC-Taxi-ETL-Pipeline/.venv/lib/python3.10/site-packages/airflow/example_dags/example_nested_branch_dag.py
[2024-10-21T15:44:18.502+0700] {processor.py:914} INFO - Processing file /Users/punny/Documents/GitHub/NYC-Taxi-ETL-Pipeline/.venv/lib/python3.10/site-packages/airflow/example_dags/example_nested_branch_dag.py for tasks to queue
[2024-10-21T15:44:18.504+0700] {logging_mixin.py:190} INFO - [2024-10-21T15:44:18.503+0700] {dagbag.py:588} INFO - Filling up the DagBag from /Users/punny/Documents/GitHub/NYC-Taxi-ETL-Pipeline/.venv/lib/python3.10/site-packages/airflow/example_dags/example_nested_branch_dag.py
[2024-10-21T15:44:18.572+0700] {processor.py:925} INFO - DAG(s) 'example_nested_branch_dag' retrieved from /Users/punny/Documents/GitHub/NYC-Taxi-ETL-Pipeline/.venv/lib/python3.10/site-packages/airflow/example_dags/example_nested_branch_dag.py
[2024-10-21T15:44:18.891+0700] {logging_mixin.py:190} INFO - [2024-10-21T15:44:18.890+0700] {dag.py:3239} INFO - Sync 1 DAGs
[2024-10-21T15:44:18.937+0700] {logging_mixin.py:190} INFO - [2024-10-21T15:44:18.936+0700] {dag.py:4180} INFO - Setting next_dagrun for example_nested_branch_dag to 2024-10-20 00:00:00+00:00, run_after=2024-10-21 00:00:00+00:00
[2024-10-21T15:44:19.032+0700] {processor.py:208} INFO - Processing /Users/punny/Documents/GitHub/NYC-Taxi-ETL-Pipeline/.venv/lib/python3.10/site-packages/airflow/example_dags/example_nested_branch_dag.py took 0.545 seconds
[2024-10-21T15:48:10.441+0700] {processor.py:186} INFO - Started process (PID=43895) to work on /Users/punny/Documents/GitHub/NYC-Taxi-ETL-Pipeline/.venv/lib/python3.10/site-packages/airflow/example_dags/example_nested_branch_dag.py
[2024-10-21T15:48:10.446+0700] {processor.py:914} INFO - Processing file /Users/punny/Documents/GitHub/NYC-Taxi-ETL-Pipeline/.venv/lib/python3.10/site-packages/airflow/example_dags/example_nested_branch_dag.py for tasks to queue
[2024-10-21T15:48:10.448+0700] {logging_mixin.py:190} INFO - [2024-10-21T15:48:10.447+0700] {dagbag.py:588} INFO - Filling up the DagBag from /Users/punny/Documents/GitHub/NYC-Taxi-ETL-Pipeline/.venv/lib/python3.10/site-packages/airflow/example_dags/example_nested_branch_dag.py
[2024-10-21T15:48:10.526+0700] {processor.py:925} INFO - DAG(s) 'example_nested_branch_dag' retrieved from /Users/punny/Documents/GitHub/NYC-Taxi-ETL-Pipeline/.venv/lib/python3.10/site-packages/airflow/example_dags/example_nested_branch_dag.py
[2024-10-21T15:48:10.815+0700] {logging_mixin.py:190} INFO - [2024-10-21T15:48:10.814+0700] {dag.py:3239} INFO - Sync 1 DAGs
[2024-10-21T15:48:10.848+0700] {logging_mixin.py:190} INFO - [2024-10-21T15:48:10.848+0700] {dag.py:4180} INFO - Setting next_dagrun for example_nested_branch_dag to 2024-10-20 00:00:00+00:00, run_after=2024-10-21 00:00:00+00:00
[2024-10-21T15:48:10.887+0700] {processor.py:208} INFO - Processing /Users/punny/Documents/GitHub/NYC-Taxi-ETL-Pipeline/.venv/lib/python3.10/site-packages/airflow/example_dags/example_nested_branch_dag.py took 0.456 seconds
[2024-10-21T15:52:09.566+0700] {processor.py:186} INFO - Started process (PID=44425) to work on /Users/punny/Documents/GitHub/NYC-Taxi-ETL-Pipeline/.venv/lib/python3.10/site-packages/airflow/example_dags/example_nested_branch_dag.py
[2024-10-21T15:52:09.571+0700] {processor.py:914} INFO - Processing file /Users/punny/Documents/GitHub/NYC-Taxi-ETL-Pipeline/.venv/lib/python3.10/site-packages/airflow/example_dags/example_nested_branch_dag.py for tasks to queue
[2024-10-21T15:52:09.574+0700] {logging_mixin.py:190} INFO - [2024-10-21T15:52:09.573+0700] {dagbag.py:588} INFO - Filling up the DagBag from /Users/punny/Documents/GitHub/NYC-Taxi-ETL-Pipeline/.venv/lib/python3.10/site-packages/airflow/example_dags/example_nested_branch_dag.py
[2024-10-21T15:52:09.644+0700] {processor.py:925} INFO - DAG(s) 'example_nested_branch_dag' retrieved from /Users/punny/Documents/GitHub/NYC-Taxi-ETL-Pipeline/.venv/lib/python3.10/site-packages/airflow/example_dags/example_nested_branch_dag.py
[2024-10-21T15:52:09.916+0700] {logging_mixin.py:190} INFO - [2024-10-21T15:52:09.915+0700] {dag.py:3239} INFO - Sync 1 DAGs
[2024-10-21T15:52:09.949+0700] {logging_mixin.py:190} INFO - [2024-10-21T15:52:09.948+0700] {dag.py:4180} INFO - Setting next_dagrun for example_nested_branch_dag to 2024-10-20 00:00:00+00:00, run_after=2024-10-21 00:00:00+00:00
[2024-10-21T15:52:09.980+0700] {processor.py:208} INFO - Processing /Users/punny/Documents/GitHub/NYC-Taxi-ETL-Pipeline/.venv/lib/python3.10/site-packages/airflow/example_dags/example_nested_branch_dag.py took 0.426 seconds
[2024-10-21T15:56:03.068+0700] {processor.py:186} INFO - Started process (PID=44901) to work on /Users/punny/Documents/GitHub/NYC-Taxi-ETL-Pipeline/.venv/lib/python3.10/site-packages/airflow/example_dags/example_nested_branch_dag.py
[2024-10-21T15:56:03.074+0700] {processor.py:914} INFO - Processing file /Users/punny/Documents/GitHub/NYC-Taxi-ETL-Pipeline/.venv/lib/python3.10/site-packages/airflow/example_dags/example_nested_branch_dag.py for tasks to queue
[2024-10-21T15:56:03.076+0700] {logging_mixin.py:190} INFO - [2024-10-21T15:56:03.076+0700] {dagbag.py:588} INFO - Filling up the DagBag from /Users/punny/Documents/GitHub/NYC-Taxi-ETL-Pipeline/.venv/lib/python3.10/site-packages/airflow/example_dags/example_nested_branch_dag.py
[2024-10-21T15:56:03.190+0700] {processor.py:925} INFO - DAG(s) 'example_nested_branch_dag' retrieved from /Users/punny/Documents/GitHub/NYC-Taxi-ETL-Pipeline/.venv/lib/python3.10/site-packages/airflow/example_dags/example_nested_branch_dag.py
[2024-10-21T15:56:03.478+0700] {logging_mixin.py:190} INFO - [2024-10-21T15:56:03.478+0700] {dag.py:3239} INFO - Sync 1 DAGs
[2024-10-21T15:56:03.524+0700] {logging_mixin.py:190} INFO - [2024-10-21T15:56:03.524+0700] {dag.py:4180} INFO - Setting next_dagrun for example_nested_branch_dag to 2024-10-20 00:00:00+00:00, run_after=2024-10-21 00:00:00+00:00
[2024-10-21T15:56:03.561+0700] {processor.py:208} INFO - Processing /Users/punny/Documents/GitHub/NYC-Taxi-ETL-Pipeline/.venv/lib/python3.10/site-packages/airflow/example_dags/example_nested_branch_dag.py took 0.520 seconds
[2024-10-21T16:00:22.392+0700] {processor.py:186} INFO - Started process (PID=45509) to work on /Users/punny/Documents/GitHub/NYC-Taxi-ETL-Pipeline/.venv/lib/python3.10/site-packages/airflow/example_dags/example_nested_branch_dag.py
[2024-10-21T16:00:22.398+0700] {processor.py:914} INFO - Processing file /Users/punny/Documents/GitHub/NYC-Taxi-ETL-Pipeline/.venv/lib/python3.10/site-packages/airflow/example_dags/example_nested_branch_dag.py for tasks to queue
[2024-10-21T16:00:22.401+0700] {logging_mixin.py:190} INFO - [2024-10-21T16:00:22.400+0700] {dagbag.py:588} INFO - Filling up the DagBag from /Users/punny/Documents/GitHub/NYC-Taxi-ETL-Pipeline/.venv/lib/python3.10/site-packages/airflow/example_dags/example_nested_branch_dag.py
[2024-10-21T16:00:22.492+0700] {processor.py:925} INFO - DAG(s) 'example_nested_branch_dag' retrieved from /Users/punny/Documents/GitHub/NYC-Taxi-ETL-Pipeline/.venv/lib/python3.10/site-packages/airflow/example_dags/example_nested_branch_dag.py
[2024-10-21T16:00:22.793+0700] {logging_mixin.py:190} INFO - [2024-10-21T16:00:22.792+0700] {dag.py:3239} INFO - Sync 1 DAGs
[2024-10-21T16:00:22.826+0700] {logging_mixin.py:190} INFO - [2024-10-21T16:00:22.826+0700] {dag.py:4180} INFO - Setting next_dagrun for example_nested_branch_dag to 2024-10-20 00:00:00+00:00, run_after=2024-10-21 00:00:00+00:00
[2024-10-21T16:00:22.860+0700] {processor.py:208} INFO - Processing /Users/punny/Documents/GitHub/NYC-Taxi-ETL-Pipeline/.venv/lib/python3.10/site-packages/airflow/example_dags/example_nested_branch_dag.py took 0.478 seconds
[2024-10-21T16:04:33.345+0700] {processor.py:186} INFO - Started process (PID=46026) to work on /Users/punny/Documents/GitHub/NYC-Taxi-ETL-Pipeline/.venv/lib/python3.10/site-packages/airflow/example_dags/example_nested_branch_dag.py
[2024-10-21T16:04:33.350+0700] {processor.py:914} INFO - Processing file /Users/punny/Documents/GitHub/NYC-Taxi-ETL-Pipeline/.venv/lib/python3.10/site-packages/airflow/example_dags/example_nested_branch_dag.py for tasks to queue
[2024-10-21T16:04:33.352+0700] {logging_mixin.py:190} INFO - [2024-10-21T16:04:33.351+0700] {dagbag.py:588} INFO - Filling up the DagBag from /Users/punny/Documents/GitHub/NYC-Taxi-ETL-Pipeline/.venv/lib/python3.10/site-packages/airflow/example_dags/example_nested_branch_dag.py
[2024-10-21T16:04:33.417+0700] {processor.py:925} INFO - DAG(s) 'example_nested_branch_dag' retrieved from /Users/punny/Documents/GitHub/NYC-Taxi-ETL-Pipeline/.venv/lib/python3.10/site-packages/airflow/example_dags/example_nested_branch_dag.py
[2024-10-21T16:04:33.710+0700] {logging_mixin.py:190} INFO - [2024-10-21T16:04:33.710+0700] {dag.py:3239} INFO - Sync 1 DAGs
[2024-10-21T16:04:33.745+0700] {logging_mixin.py:190} INFO - [2024-10-21T16:04:33.745+0700] {dag.py:4180} INFO - Setting next_dagrun for example_nested_branch_dag to 2024-10-20 00:00:00+00:00, run_after=2024-10-21 00:00:00+00:00
[2024-10-21T16:04:33.774+0700] {processor.py:208} INFO - Processing /Users/punny/Documents/GitHub/NYC-Taxi-ETL-Pipeline/.venv/lib/python3.10/site-packages/airflow/example_dags/example_nested_branch_dag.py took 0.439 seconds
[2024-10-21T20:38:28.945+0700] {processor.py:186} INFO - Started process (PID=4395) to work on /Users/punny/Documents/GitHub/NYC-Taxi-ETL-Pipeline/.venv/lib/python3.10/site-packages/airflow/example_dags/example_nested_branch_dag.py
[2024-10-21T20:38:28.949+0700] {processor.py:914} INFO - Processing file /Users/punny/Documents/GitHub/NYC-Taxi-ETL-Pipeline/.venv/lib/python3.10/site-packages/airflow/example_dags/example_nested_branch_dag.py for tasks to queue
[2024-10-21T20:38:28.950+0700] {logging_mixin.py:190} INFO - [2024-10-21T20:38:28.950+0700] {dagbag.py:588} INFO - Filling up the DagBag from /Users/punny/Documents/GitHub/NYC-Taxi-ETL-Pipeline/.venv/lib/python3.10/site-packages/airflow/example_dags/example_nested_branch_dag.py
[2024-10-21T20:38:29.010+0700] {processor.py:925} INFO - DAG(s) 'example_nested_branch_dag' retrieved from /Users/punny/Documents/GitHub/NYC-Taxi-ETL-Pipeline/.venv/lib/python3.10/site-packages/airflow/example_dags/example_nested_branch_dag.py
[2024-10-21T20:38:29.217+0700] {logging_mixin.py:190} INFO - [2024-10-21T20:38:29.216+0700] {dag.py:3239} INFO - Sync 1 DAGs
[2024-10-21T20:38:29.242+0700] {logging_mixin.py:190} INFO - [2024-10-21T20:38:29.242+0700] {dag.py:4180} INFO - Setting next_dagrun for example_nested_branch_dag to 2024-10-20 00:00:00+00:00, run_after=2024-10-21 00:00:00+00:00
[2024-10-21T20:38:29.265+0700] {processor.py:208} INFO - Processing /Users/punny/Documents/GitHub/NYC-Taxi-ETL-Pipeline/.venv/lib/python3.10/site-packages/airflow/example_dags/example_nested_branch_dag.py took 0.331 seconds
[2024-10-21T20:41:51.888+0700] {processor.py:186} INFO - Started process (PID=4642) to work on /Users/punny/Documents/GitHub/NYC-Taxi-ETL-Pipeline/.venv/lib/python3.10/site-packages/airflow/example_dags/example_nested_branch_dag.py
[2024-10-21T20:41:51.892+0700] {processor.py:914} INFO - Processing file /Users/punny/Documents/GitHub/NYC-Taxi-ETL-Pipeline/.venv/lib/python3.10/site-packages/airflow/example_dags/example_nested_branch_dag.py for tasks to queue
[2024-10-21T20:41:51.893+0700] {logging_mixin.py:190} INFO - [2024-10-21T20:41:51.893+0700] {dagbag.py:588} INFO - Filling up the DagBag from /Users/punny/Documents/GitHub/NYC-Taxi-ETL-Pipeline/.venv/lib/python3.10/site-packages/airflow/example_dags/example_nested_branch_dag.py
[2024-10-21T20:41:51.949+0700] {processor.py:925} INFO - DAG(s) 'example_nested_branch_dag' retrieved from /Users/punny/Documents/GitHub/NYC-Taxi-ETL-Pipeline/.venv/lib/python3.10/site-packages/airflow/example_dags/example_nested_branch_dag.py
[2024-10-21T20:41:52.169+0700] {logging_mixin.py:190} INFO - [2024-10-21T20:41:52.169+0700] {dag.py:3239} INFO - Sync 1 DAGs
[2024-10-21T20:41:52.197+0700] {logging_mixin.py:190} INFO - [2024-10-21T20:41:52.196+0700] {dag.py:4180} INFO - Setting next_dagrun for example_nested_branch_dag to 2024-10-20 00:00:00+00:00, run_after=2024-10-21 00:00:00+00:00
[2024-10-21T20:41:52.223+0700] {processor.py:208} INFO - Processing /Users/punny/Documents/GitHub/NYC-Taxi-ETL-Pipeline/.venv/lib/python3.10/site-packages/airflow/example_dags/example_nested_branch_dag.py took 0.345 seconds
[2024-10-21T20:45:50.588+0700] {processor.py:186} INFO - Started process (PID=5045) to work on /Users/punny/Documents/GitHub/NYC-Taxi-ETL-Pipeline/.venv/lib/python3.10/site-packages/airflow/example_dags/example_nested_branch_dag.py
[2024-10-21T20:45:50.595+0700] {processor.py:914} INFO - Processing file /Users/punny/Documents/GitHub/NYC-Taxi-ETL-Pipeline/.venv/lib/python3.10/site-packages/airflow/example_dags/example_nested_branch_dag.py for tasks to queue
[2024-10-21T20:45:50.597+0700] {logging_mixin.py:190} INFO - [2024-10-21T20:45:50.596+0700] {dagbag.py:588} INFO - Filling up the DagBag from /Users/punny/Documents/GitHub/NYC-Taxi-ETL-Pipeline/.venv/lib/python3.10/site-packages/airflow/example_dags/example_nested_branch_dag.py
[2024-10-21T20:45:50.680+0700] {processor.py:925} INFO - DAG(s) 'example_nested_branch_dag' retrieved from /Users/punny/Documents/GitHub/NYC-Taxi-ETL-Pipeline/.venv/lib/python3.10/site-packages/airflow/example_dags/example_nested_branch_dag.py
[2024-10-21T20:45:50.979+0700] {logging_mixin.py:190} INFO - [2024-10-21T20:45:50.979+0700] {dag.py:3239} INFO - Sync 1 DAGs
[2024-10-21T20:45:51.015+0700] {logging_mixin.py:190} INFO - [2024-10-21T20:45:51.015+0700] {dag.py:4180} INFO - Setting next_dagrun for example_nested_branch_dag to 2024-10-20 00:00:00+00:00, run_after=2024-10-21 00:00:00+00:00
[2024-10-21T20:45:51.048+0700] {processor.py:208} INFO - Processing /Users/punny/Documents/GitHub/NYC-Taxi-ETL-Pipeline/.venv/lib/python3.10/site-packages/airflow/example_dags/example_nested_branch_dag.py took 0.478 seconds
[2024-10-21T20:49:41.923+0700] {processor.py:186} INFO - Started process (PID=5416) to work on /Users/punny/Documents/GitHub/NYC-Taxi-ETL-Pipeline/.venv/lib/python3.10/site-packages/airflow/example_dags/example_nested_branch_dag.py
[2024-10-21T20:49:41.926+0700] {processor.py:914} INFO - Processing file /Users/punny/Documents/GitHub/NYC-Taxi-ETL-Pipeline/.venv/lib/python3.10/site-packages/airflow/example_dags/example_nested_branch_dag.py for tasks to queue
[2024-10-21T20:49:41.928+0700] {logging_mixin.py:190} INFO - [2024-10-21T20:49:41.927+0700] {dagbag.py:588} INFO - Filling up the DagBag from /Users/punny/Documents/GitHub/NYC-Taxi-ETL-Pipeline/.venv/lib/python3.10/site-packages/airflow/example_dags/example_nested_branch_dag.py
[2024-10-21T20:49:41.985+0700] {processor.py:925} INFO - DAG(s) 'example_nested_branch_dag' retrieved from /Users/punny/Documents/GitHub/NYC-Taxi-ETL-Pipeline/.venv/lib/python3.10/site-packages/airflow/example_dags/example_nested_branch_dag.py
[2024-10-21T20:49:42.196+0700] {logging_mixin.py:190} INFO - [2024-10-21T20:49:42.195+0700] {dag.py:3239} INFO - Sync 1 DAGs
[2024-10-21T20:49:42.222+0700] {logging_mixin.py:190} INFO - [2024-10-21T20:49:42.222+0700] {dag.py:4180} INFO - Setting next_dagrun for example_nested_branch_dag to 2024-10-20 00:00:00+00:00, run_after=2024-10-21 00:00:00+00:00
[2024-10-21T20:49:42.247+0700] {processor.py:208} INFO - Processing /Users/punny/Documents/GitHub/NYC-Taxi-ETL-Pipeline/.venv/lib/python3.10/site-packages/airflow/example_dags/example_nested_branch_dag.py took 0.332 seconds
[2024-10-21T20:57:37.637+0700] {processor.py:186} INFO - Started process (PID=6279) to work on /Users/punny/Documents/GitHub/NYC-Taxi-ETL-Pipeline/.venv/lib/python3.10/site-packages/airflow/example_dags/example_nested_branch_dag.py
[2024-10-21T20:57:37.640+0700] {processor.py:914} INFO - Processing file /Users/punny/Documents/GitHub/NYC-Taxi-ETL-Pipeline/.venv/lib/python3.10/site-packages/airflow/example_dags/example_nested_branch_dag.py for tasks to queue
[2024-10-21T20:57:37.641+0700] {logging_mixin.py:190} INFO - [2024-10-21T20:57:37.641+0700] {dagbag.py:588} INFO - Filling up the DagBag from /Users/punny/Documents/GitHub/NYC-Taxi-ETL-Pipeline/.venv/lib/python3.10/site-packages/airflow/example_dags/example_nested_branch_dag.py
[2024-10-21T20:57:37.707+0700] {processor.py:925} INFO - DAG(s) 'example_nested_branch_dag' retrieved from /Users/punny/Documents/GitHub/NYC-Taxi-ETL-Pipeline/.venv/lib/python3.10/site-packages/airflow/example_dags/example_nested_branch_dag.py
[2024-10-21T20:57:37.949+0700] {logging_mixin.py:190} INFO - [2024-10-21T20:57:37.948+0700] {dag.py:3239} INFO - Sync 1 DAGs
[2024-10-21T20:57:37.979+0700] {logging_mixin.py:190} INFO - [2024-10-21T20:57:37.979+0700] {dag.py:4180} INFO - Setting next_dagrun for example_nested_branch_dag to 2024-10-20 00:00:00+00:00, run_after=2024-10-21 00:00:00+00:00
[2024-10-21T20:57:38.009+0700] {processor.py:208} INFO - Processing /Users/punny/Documents/GitHub/NYC-Taxi-ETL-Pipeline/.venv/lib/python3.10/site-packages/airflow/example_dags/example_nested_branch_dag.py took 0.382 seconds
[2024-10-21T21:01:51.739+0700] {processor.py:186} INFO - Started process (PID=6529) to work on /Users/punny/Documents/GitHub/NYC-Taxi-ETL-Pipeline/.venv/lib/python3.10/site-packages/airflow/example_dags/example_nested_branch_dag.py
[2024-10-21T21:01:51.745+0700] {processor.py:914} INFO - Processing file /Users/punny/Documents/GitHub/NYC-Taxi-ETL-Pipeline/.venv/lib/python3.10/site-packages/airflow/example_dags/example_nested_branch_dag.py for tasks to queue
[2024-10-21T21:01:51.746+0700] {logging_mixin.py:190} INFO - [2024-10-21T21:01:51.746+0700] {dagbag.py:588} INFO - Filling up the DagBag from /Users/punny/Documents/GitHub/NYC-Taxi-ETL-Pipeline/.venv/lib/python3.10/site-packages/airflow/example_dags/example_nested_branch_dag.py
[2024-10-21T21:01:51.818+0700] {processor.py:925} INFO - DAG(s) 'example_nested_branch_dag' retrieved from /Users/punny/Documents/GitHub/NYC-Taxi-ETL-Pipeline/.venv/lib/python3.10/site-packages/airflow/example_dags/example_nested_branch_dag.py
[2024-10-21T21:01:52.081+0700] {logging_mixin.py:190} INFO - [2024-10-21T21:01:52.080+0700] {dag.py:3239} INFO - Sync 1 DAGs
[2024-10-21T21:01:52.125+0700] {logging_mixin.py:190} INFO - [2024-10-21T21:01:52.125+0700] {dag.py:4180} INFO - Setting next_dagrun for example_nested_branch_dag to 2024-10-20 00:00:00+00:00, run_after=2024-10-21 00:00:00+00:00
[2024-10-21T21:01:52.169+0700] {processor.py:208} INFO - Processing /Users/punny/Documents/GitHub/NYC-Taxi-ETL-Pipeline/.venv/lib/python3.10/site-packages/airflow/example_dags/example_nested_branch_dag.py took 0.446 seconds
[2024-10-21T21:05:28.521+0700] {processor.py:186} INFO - Started process (PID=6870) to work on /Users/punny/Documents/GitHub/NYC-Taxi-ETL-Pipeline/.venv/lib/python3.10/site-packages/airflow/example_dags/example_nested_branch_dag.py
[2024-10-21T21:05:28.524+0700] {processor.py:914} INFO - Processing file /Users/punny/Documents/GitHub/NYC-Taxi-ETL-Pipeline/.venv/lib/python3.10/site-packages/airflow/example_dags/example_nested_branch_dag.py for tasks to queue
[2024-10-21T21:05:28.525+0700] {logging_mixin.py:190} INFO - [2024-10-21T21:05:28.525+0700] {dagbag.py:588} INFO - Filling up the DagBag from /Users/punny/Documents/GitHub/NYC-Taxi-ETL-Pipeline/.venv/lib/python3.10/site-packages/airflow/example_dags/example_nested_branch_dag.py
[2024-10-21T21:05:28.573+0700] {processor.py:925} INFO - DAG(s) 'example_nested_branch_dag' retrieved from /Users/punny/Documents/GitHub/NYC-Taxi-ETL-Pipeline/.venv/lib/python3.10/site-packages/airflow/example_dags/example_nested_branch_dag.py
[2024-10-21T21:05:28.759+0700] {logging_mixin.py:190} INFO - [2024-10-21T21:05:28.759+0700] {dag.py:3239} INFO - Sync 1 DAGs
[2024-10-21T21:05:28.783+0700] {logging_mixin.py:190} INFO - [2024-10-21T21:05:28.783+0700] {dag.py:4180} INFO - Setting next_dagrun for example_nested_branch_dag to 2024-10-20 00:00:00+00:00, run_after=2024-10-21 00:00:00+00:00
[2024-10-21T21:05:28.806+0700] {processor.py:208} INFO - Processing /Users/punny/Documents/GitHub/NYC-Taxi-ETL-Pipeline/.venv/lib/python3.10/site-packages/airflow/example_dags/example_nested_branch_dag.py took 0.292 seconds
[2024-10-21T21:09:13.091+0700] {processor.py:186} INFO - Started process (PID=7132) to work on /Users/punny/Documents/GitHub/NYC-Taxi-ETL-Pipeline/.venv/lib/python3.10/site-packages/airflow/example_dags/example_nested_branch_dag.py
[2024-10-21T21:09:13.096+0700] {processor.py:914} INFO - Processing file /Users/punny/Documents/GitHub/NYC-Taxi-ETL-Pipeline/.venv/lib/python3.10/site-packages/airflow/example_dags/example_nested_branch_dag.py for tasks to queue
[2024-10-21T21:09:13.097+0700] {logging_mixin.py:190} INFO - [2024-10-21T21:09:13.097+0700] {dagbag.py:588} INFO - Filling up the DagBag from /Users/punny/Documents/GitHub/NYC-Taxi-ETL-Pipeline/.venv/lib/python3.10/site-packages/airflow/example_dags/example_nested_branch_dag.py
[2024-10-21T21:09:13.164+0700] {processor.py:925} INFO - DAG(s) 'example_nested_branch_dag' retrieved from /Users/punny/Documents/GitHub/NYC-Taxi-ETL-Pipeline/.venv/lib/python3.10/site-packages/airflow/example_dags/example_nested_branch_dag.py
[2024-10-21T21:09:13.421+0700] {logging_mixin.py:190} INFO - [2024-10-21T21:09:13.420+0700] {dag.py:3239} INFO - Sync 1 DAGs
[2024-10-21T21:09:13.453+0700] {logging_mixin.py:190} INFO - [2024-10-21T21:09:13.453+0700] {dag.py:4180} INFO - Setting next_dagrun for example_nested_branch_dag to 2024-10-20 00:00:00+00:00, run_after=2024-10-21 00:00:00+00:00
[2024-10-21T21:09:13.485+0700] {processor.py:208} INFO - Processing /Users/punny/Documents/GitHub/NYC-Taxi-ETL-Pipeline/.venv/lib/python3.10/site-packages/airflow/example_dags/example_nested_branch_dag.py took 0.403 seconds
[2024-10-21T21:12:09.211+0700] {processor.py:186} INFO - Started process (PID=7297) to work on /Users/punny/Documents/GitHub/NYC-Taxi-ETL-Pipeline/.venv/lib/python3.10/site-packages/airflow/example_dags/example_nested_branch_dag.py
[2024-10-21T21:12:09.214+0700] {processor.py:914} INFO - Processing file /Users/punny/Documents/GitHub/NYC-Taxi-ETL-Pipeline/.venv/lib/python3.10/site-packages/airflow/example_dags/example_nested_branch_dag.py for tasks to queue
[2024-10-21T21:12:09.215+0700] {logging_mixin.py:190} INFO - [2024-10-21T21:12:09.215+0700] {dagbag.py:588} INFO - Filling up the DagBag from /Users/punny/Documents/GitHub/NYC-Taxi-ETL-Pipeline/.venv/lib/python3.10/site-packages/airflow/example_dags/example_nested_branch_dag.py
[2024-10-21T21:12:09.264+0700] {processor.py:925} INFO - DAG(s) 'example_nested_branch_dag' retrieved from /Users/punny/Documents/GitHub/NYC-Taxi-ETL-Pipeline/.venv/lib/python3.10/site-packages/airflow/example_dags/example_nested_branch_dag.py
[2024-10-21T21:12:09.446+0700] {logging_mixin.py:190} INFO - [2024-10-21T21:12:09.446+0700] {dag.py:3239} INFO - Sync 1 DAGs
[2024-10-21T21:12:09.471+0700] {logging_mixin.py:190} INFO - [2024-10-21T21:12:09.471+0700] {dag.py:4180} INFO - Setting next_dagrun for example_nested_branch_dag to 2024-10-20 00:00:00+00:00, run_after=2024-10-21 00:00:00+00:00
[2024-10-21T21:12:09.494+0700] {processor.py:208} INFO - Processing /Users/punny/Documents/GitHub/NYC-Taxi-ETL-Pipeline/.venv/lib/python3.10/site-packages/airflow/example_dags/example_nested_branch_dag.py took 0.290 seconds
[2024-10-21T21:15:21.229+0700] {processor.py:186} INFO - Started process (PID=7703) to work on /Users/punny/Documents/GitHub/NYC-Taxi-ETL-Pipeline/.venv/lib/python3.10/site-packages/airflow/example_dags/example_nested_branch_dag.py
[2024-10-21T21:15:21.233+0700] {processor.py:914} INFO - Processing file /Users/punny/Documents/GitHub/NYC-Taxi-ETL-Pipeline/.venv/lib/python3.10/site-packages/airflow/example_dags/example_nested_branch_dag.py for tasks to queue
[2024-10-21T21:15:21.235+0700] {logging_mixin.py:190} INFO - [2024-10-21T21:15:21.235+0700] {dagbag.py:588} INFO - Filling up the DagBag from /Users/punny/Documents/GitHub/NYC-Taxi-ETL-Pipeline/.venv/lib/python3.10/site-packages/airflow/example_dags/example_nested_branch_dag.py
[2024-10-21T21:15:21.291+0700] {processor.py:925} INFO - DAG(s) 'example_nested_branch_dag' retrieved from /Users/punny/Documents/GitHub/NYC-Taxi-ETL-Pipeline/.venv/lib/python3.10/site-packages/airflow/example_dags/example_nested_branch_dag.py
[2024-10-21T21:15:21.500+0700] {logging_mixin.py:190} INFO - [2024-10-21T21:15:21.499+0700] {dag.py:3239} INFO - Sync 1 DAGs
[2024-10-21T21:15:21.526+0700] {logging_mixin.py:190} INFO - [2024-10-21T21:15:21.526+0700] {dag.py:4180} INFO - Setting next_dagrun for example_nested_branch_dag to 2024-10-20 00:00:00+00:00, run_after=2024-10-21 00:00:00+00:00
[2024-10-21T21:15:21.551+0700] {processor.py:208} INFO - Processing /Users/punny/Documents/GitHub/NYC-Taxi-ETL-Pipeline/.venv/lib/python3.10/site-packages/airflow/example_dags/example_nested_branch_dag.py took 0.331 seconds
[2024-10-21T21:18:46.296+0700] {processor.py:186} INFO - Started process (PID=7969) to work on /Users/punny/Documents/GitHub/NYC-Taxi-ETL-Pipeline/.venv/lib/python3.10/site-packages/airflow/example_dags/example_nested_branch_dag.py
[2024-10-21T21:18:46.299+0700] {processor.py:914} INFO - Processing file /Users/punny/Documents/GitHub/NYC-Taxi-ETL-Pipeline/.venv/lib/python3.10/site-packages/airflow/example_dags/example_nested_branch_dag.py for tasks to queue
[2024-10-21T21:18:46.300+0700] {logging_mixin.py:190} INFO - [2024-10-21T21:18:46.300+0700] {dagbag.py:588} INFO - Filling up the DagBag from /Users/punny/Documents/GitHub/NYC-Taxi-ETL-Pipeline/.venv/lib/python3.10/site-packages/airflow/example_dags/example_nested_branch_dag.py
[2024-10-21T21:18:46.361+0700] {processor.py:925} INFO - DAG(s) 'example_nested_branch_dag' retrieved from /Users/punny/Documents/GitHub/NYC-Taxi-ETL-Pipeline/.venv/lib/python3.10/site-packages/airflow/example_dags/example_nested_branch_dag.py
[2024-10-21T21:18:46.594+0700] {logging_mixin.py:190} INFO - [2024-10-21T21:18:46.593+0700] {dag.py:3239} INFO - Sync 1 DAGs
[2024-10-21T21:18:46.622+0700] {logging_mixin.py:190} INFO - [2024-10-21T21:18:46.621+0700] {dag.py:4180} INFO - Setting next_dagrun for example_nested_branch_dag to 2024-10-20 00:00:00+00:00, run_after=2024-10-21 00:00:00+00:00
[2024-10-21T21:18:46.651+0700] {processor.py:208} INFO - Processing /Users/punny/Documents/GitHub/NYC-Taxi-ETL-Pipeline/.venv/lib/python3.10/site-packages/airflow/example_dags/example_nested_branch_dag.py took 0.364 seconds
[2024-10-21T21:21:36.510+0700] {processor.py:186} INFO - Started process (PID=8125) to work on /Users/punny/Documents/GitHub/NYC-Taxi-ETL-Pipeline/.venv/lib/python3.10/site-packages/airflow/example_dags/example_nested_branch_dag.py
[2024-10-21T21:21:36.513+0700] {processor.py:914} INFO - Processing file /Users/punny/Documents/GitHub/NYC-Taxi-ETL-Pipeline/.venv/lib/python3.10/site-packages/airflow/example_dags/example_nested_branch_dag.py for tasks to queue
[2024-10-21T21:21:36.514+0700] {logging_mixin.py:190} INFO - [2024-10-21T21:21:36.514+0700] {dagbag.py:588} INFO - Filling up the DagBag from /Users/punny/Documents/GitHub/NYC-Taxi-ETL-Pipeline/.venv/lib/python3.10/site-packages/airflow/example_dags/example_nested_branch_dag.py
[2024-10-21T21:21:36.563+0700] {processor.py:925} INFO - DAG(s) 'example_nested_branch_dag' retrieved from /Users/punny/Documents/GitHub/NYC-Taxi-ETL-Pipeline/.venv/lib/python3.10/site-packages/airflow/example_dags/example_nested_branch_dag.py
[2024-10-21T21:21:36.762+0700] {logging_mixin.py:190} INFO - [2024-10-21T21:21:36.761+0700] {dag.py:3239} INFO - Sync 1 DAGs
[2024-10-21T21:21:36.787+0700] {logging_mixin.py:190} INFO - [2024-10-21T21:21:36.786+0700] {dag.py:4180} INFO - Setting next_dagrun for example_nested_branch_dag to 2024-10-20 00:00:00+00:00, run_after=2024-10-21 00:00:00+00:00
[2024-10-21T21:21:36.814+0700] {processor.py:208} INFO - Processing /Users/punny/Documents/GitHub/NYC-Taxi-ETL-Pipeline/.venv/lib/python3.10/site-packages/airflow/example_dags/example_nested_branch_dag.py took 0.311 seconds
[2024-10-21T21:24:34.461+0700] {processor.py:186} INFO - Started process (PID=8400) to work on /Users/punny/Documents/GitHub/NYC-Taxi-ETL-Pipeline/.venv/lib/python3.10/site-packages/airflow/example_dags/example_nested_branch_dag.py
[2024-10-21T21:24:34.465+0700] {processor.py:914} INFO - Processing file /Users/punny/Documents/GitHub/NYC-Taxi-ETL-Pipeline/.venv/lib/python3.10/site-packages/airflow/example_dags/example_nested_branch_dag.py for tasks to queue
[2024-10-21T21:24:34.466+0700] {logging_mixin.py:190} INFO - [2024-10-21T21:24:34.466+0700] {dagbag.py:588} INFO - Filling up the DagBag from /Users/punny/Documents/GitHub/NYC-Taxi-ETL-Pipeline/.venv/lib/python3.10/site-packages/airflow/example_dags/example_nested_branch_dag.py
[2024-10-21T21:24:34.516+0700] {processor.py:925} INFO - DAG(s) 'example_nested_branch_dag' retrieved from /Users/punny/Documents/GitHub/NYC-Taxi-ETL-Pipeline/.venv/lib/python3.10/site-packages/airflow/example_dags/example_nested_branch_dag.py
[2024-10-21T21:24:34.711+0700] {logging_mixin.py:190} INFO - [2024-10-21T21:24:34.710+0700] {dag.py:3239} INFO - Sync 1 DAGs
[2024-10-21T21:24:34.738+0700] {logging_mixin.py:190} INFO - [2024-10-21T21:24:34.737+0700] {dag.py:4180} INFO - Setting next_dagrun for example_nested_branch_dag to 2024-10-20 00:00:00+00:00, run_after=2024-10-21 00:00:00+00:00
[2024-10-21T21:24:34.763+0700] {processor.py:208} INFO - Processing /Users/punny/Documents/GitHub/NYC-Taxi-ETL-Pipeline/.venv/lib/python3.10/site-packages/airflow/example_dags/example_nested_branch_dag.py took 0.312 seconds
[2024-10-21T21:28:07.029+0700] {processor.py:186} INFO - Started process (PID=8757) to work on /Users/punny/Documents/GitHub/NYC-Taxi-ETL-Pipeline/.venv/lib/python3.10/site-packages/airflow/example_dags/example_nested_branch_dag.py
[2024-10-21T21:28:07.032+0700] {processor.py:914} INFO - Processing file /Users/punny/Documents/GitHub/NYC-Taxi-ETL-Pipeline/.venv/lib/python3.10/site-packages/airflow/example_dags/example_nested_branch_dag.py for tasks to queue
[2024-10-21T21:28:07.033+0700] {logging_mixin.py:190} INFO - [2024-10-21T21:28:07.033+0700] {dagbag.py:588} INFO - Filling up the DagBag from /Users/punny/Documents/GitHub/NYC-Taxi-ETL-Pipeline/.venv/lib/python3.10/site-packages/airflow/example_dags/example_nested_branch_dag.py
[2024-10-21T21:28:07.082+0700] {processor.py:925} INFO - DAG(s) 'example_nested_branch_dag' retrieved from /Users/punny/Documents/GitHub/NYC-Taxi-ETL-Pipeline/.venv/lib/python3.10/site-packages/airflow/example_dags/example_nested_branch_dag.py
[2024-10-21T21:28:07.281+0700] {logging_mixin.py:190} INFO - [2024-10-21T21:28:07.280+0700] {dag.py:3239} INFO - Sync 1 DAGs
[2024-10-21T21:28:07.306+0700] {logging_mixin.py:190} INFO - [2024-10-21T21:28:07.306+0700] {dag.py:4180} INFO - Setting next_dagrun for example_nested_branch_dag to 2024-10-20 00:00:00+00:00, run_after=2024-10-21 00:00:00+00:00
[2024-10-21T21:28:07.331+0700] {processor.py:208} INFO - Processing /Users/punny/Documents/GitHub/NYC-Taxi-ETL-Pipeline/.venv/lib/python3.10/site-packages/airflow/example_dags/example_nested_branch_dag.py took 0.310 seconds
[2024-10-21T21:31:01.928+0700] {processor.py:186} INFO - Started process (PID=8992) to work on /Users/punny/Documents/GitHub/NYC-Taxi-ETL-Pipeline/.venv/lib/python3.10/site-packages/airflow/example_dags/example_nested_branch_dag.py
[2024-10-21T21:31:01.931+0700] {processor.py:914} INFO - Processing file /Users/punny/Documents/GitHub/NYC-Taxi-ETL-Pipeline/.venv/lib/python3.10/site-packages/airflow/example_dags/example_nested_branch_dag.py for tasks to queue
[2024-10-21T21:31:01.932+0700] {logging_mixin.py:190} INFO - [2024-10-21T21:31:01.932+0700] {dagbag.py:588} INFO - Filling up the DagBag from /Users/punny/Documents/GitHub/NYC-Taxi-ETL-Pipeline/.venv/lib/python3.10/site-packages/airflow/example_dags/example_nested_branch_dag.py
[2024-10-21T21:31:01.977+0700] {processor.py:925} INFO - DAG(s) 'example_nested_branch_dag' retrieved from /Users/punny/Documents/GitHub/NYC-Taxi-ETL-Pipeline/.venv/lib/python3.10/site-packages/airflow/example_dags/example_nested_branch_dag.py
[2024-10-21T21:31:02.158+0700] {logging_mixin.py:190} INFO - [2024-10-21T21:31:02.157+0700] {dag.py:3239} INFO - Sync 1 DAGs
[2024-10-21T21:31:02.182+0700] {logging_mixin.py:190} INFO - [2024-10-21T21:31:02.181+0700] {dag.py:4180} INFO - Setting next_dagrun for example_nested_branch_dag to 2024-10-20 00:00:00+00:00, run_after=2024-10-21 00:00:00+00:00
[2024-10-21T21:31:02.204+0700] {processor.py:208} INFO - Processing /Users/punny/Documents/GitHub/NYC-Taxi-ETL-Pipeline/.venv/lib/python3.10/site-packages/airflow/example_dags/example_nested_branch_dag.py took 0.285 seconds
[2024-10-21T21:33:52.921+0700] {processor.py:186} INFO - Started process (PID=9191) to work on /Users/punny/Documents/GitHub/NYC-Taxi-ETL-Pipeline/.venv/lib/python3.10/site-packages/airflow/example_dags/example_nested_branch_dag.py
[2024-10-21T21:33:52.924+0700] {processor.py:914} INFO - Processing file /Users/punny/Documents/GitHub/NYC-Taxi-ETL-Pipeline/.venv/lib/python3.10/site-packages/airflow/example_dags/example_nested_branch_dag.py for tasks to queue
[2024-10-21T21:33:52.926+0700] {logging_mixin.py:190} INFO - [2024-10-21T21:33:52.925+0700] {dagbag.py:588} INFO - Filling up the DagBag from /Users/punny/Documents/GitHub/NYC-Taxi-ETL-Pipeline/.venv/lib/python3.10/site-packages/airflow/example_dags/example_nested_branch_dag.py
[2024-10-21T21:33:52.977+0700] {processor.py:925} INFO - DAG(s) 'example_nested_branch_dag' retrieved from /Users/punny/Documents/GitHub/NYC-Taxi-ETL-Pipeline/.venv/lib/python3.10/site-packages/airflow/example_dags/example_nested_branch_dag.py
[2024-10-21T21:33:53.171+0700] {logging_mixin.py:190} INFO - [2024-10-21T21:33:53.171+0700] {dag.py:3239} INFO - Sync 1 DAGs
[2024-10-21T21:33:53.200+0700] {logging_mixin.py:190} INFO - [2024-10-21T21:33:53.199+0700] {dag.py:4180} INFO - Setting next_dagrun for example_nested_branch_dag to 2024-10-20 00:00:00+00:00, run_after=2024-10-21 00:00:00+00:00
[2024-10-21T21:33:53.222+0700] {processor.py:208} INFO - Processing /Users/punny/Documents/GitHub/NYC-Taxi-ETL-Pipeline/.venv/lib/python3.10/site-packages/airflow/example_dags/example_nested_branch_dag.py took 0.310 seconds
[2024-10-21T21:36:48.640+0700] {processor.py:186} INFO - Started process (PID=9430) to work on /Users/punny/Documents/GitHub/NYC-Taxi-ETL-Pipeline/.venv/lib/python3.10/site-packages/airflow/example_dags/example_nested_branch_dag.py
[2024-10-21T21:36:48.643+0700] {processor.py:914} INFO - Processing file /Users/punny/Documents/GitHub/NYC-Taxi-ETL-Pipeline/.venv/lib/python3.10/site-packages/airflow/example_dags/example_nested_branch_dag.py for tasks to queue
[2024-10-21T21:36:48.645+0700] {logging_mixin.py:190} INFO - [2024-10-21T21:36:48.644+0700] {dagbag.py:588} INFO - Filling up the DagBag from /Users/punny/Documents/GitHub/NYC-Taxi-ETL-Pipeline/.venv/lib/python3.10/site-packages/airflow/example_dags/example_nested_branch_dag.py
[2024-10-21T21:36:48.696+0700] {processor.py:925} INFO - DAG(s) 'example_nested_branch_dag' retrieved from /Users/punny/Documents/GitHub/NYC-Taxi-ETL-Pipeline/.venv/lib/python3.10/site-packages/airflow/example_dags/example_nested_branch_dag.py
[2024-10-21T21:36:48.877+0700] {logging_mixin.py:190} INFO - [2024-10-21T21:36:48.877+0700] {dag.py:3239} INFO - Sync 1 DAGs
[2024-10-21T21:36:48.900+0700] {logging_mixin.py:190} INFO - [2024-10-21T21:36:48.900+0700] {dag.py:4180} INFO - Setting next_dagrun for example_nested_branch_dag to 2024-10-20 00:00:00+00:00, run_after=2024-10-21 00:00:00+00:00
[2024-10-21T21:36:48.923+0700] {processor.py:208} INFO - Processing /Users/punny/Documents/GitHub/NYC-Taxi-ETL-Pipeline/.venv/lib/python3.10/site-packages/airflow/example_dags/example_nested_branch_dag.py took 0.291 seconds
[2024-10-21T21:41:03.251+0700] {processor.py:186} INFO - Started process (PID=9884) to work on /Users/punny/Documents/GitHub/NYC-Taxi-ETL-Pipeline/.venv/lib/python3.10/site-packages/airflow/example_dags/example_nested_branch_dag.py
[2024-10-21T21:41:03.254+0700] {processor.py:914} INFO - Processing file /Users/punny/Documents/GitHub/NYC-Taxi-ETL-Pipeline/.venv/lib/python3.10/site-packages/airflow/example_dags/example_nested_branch_dag.py for tasks to queue
[2024-10-21T21:41:03.255+0700] {logging_mixin.py:190} INFO - [2024-10-21T21:41:03.255+0700] {dagbag.py:588} INFO - Filling up the DagBag from /Users/punny/Documents/GitHub/NYC-Taxi-ETL-Pipeline/.venv/lib/python3.10/site-packages/airflow/example_dags/example_nested_branch_dag.py
[2024-10-21T21:41:03.332+0700] {processor.py:925} INFO - DAG(s) 'example_nested_branch_dag' retrieved from /Users/punny/Documents/GitHub/NYC-Taxi-ETL-Pipeline/.venv/lib/python3.10/site-packages/airflow/example_dags/example_nested_branch_dag.py
[2024-10-21T21:41:03.556+0700] {logging_mixin.py:190} INFO - [2024-10-21T21:41:03.556+0700] {dag.py:3239} INFO - Sync 1 DAGs
[2024-10-21T21:41:03.600+0700] {logging_mixin.py:190} INFO - [2024-10-21T21:41:03.600+0700] {dag.py:4180} INFO - Setting next_dagrun for example_nested_branch_dag to 2024-10-20 00:00:00+00:00, run_after=2024-10-21 00:00:00+00:00
[2024-10-21T21:41:03.634+0700] {processor.py:208} INFO - Processing /Users/punny/Documents/GitHub/NYC-Taxi-ETL-Pipeline/.venv/lib/python3.10/site-packages/airflow/example_dags/example_nested_branch_dag.py took 0.388 seconds
[2024-10-21T21:44:22.935+0700] {processor.py:186} INFO - Started process (PID=10171) to work on /Users/punny/Documents/GitHub/NYC-Taxi-ETL-Pipeline/.venv/lib/python3.10/site-packages/airflow/example_dags/example_nested_branch_dag.py
[2024-10-21T21:44:22.938+0700] {processor.py:914} INFO - Processing file /Users/punny/Documents/GitHub/NYC-Taxi-ETL-Pipeline/.venv/lib/python3.10/site-packages/airflow/example_dags/example_nested_branch_dag.py for tasks to queue
[2024-10-21T21:44:22.939+0700] {logging_mixin.py:190} INFO - [2024-10-21T21:44:22.939+0700] {dagbag.py:588} INFO - Filling up the DagBag from /Users/punny/Documents/GitHub/NYC-Taxi-ETL-Pipeline/.venv/lib/python3.10/site-packages/airflow/example_dags/example_nested_branch_dag.py
[2024-10-21T21:44:22.992+0700] {processor.py:925} INFO - DAG(s) 'example_nested_branch_dag' retrieved from /Users/punny/Documents/GitHub/NYC-Taxi-ETL-Pipeline/.venv/lib/python3.10/site-packages/airflow/example_dags/example_nested_branch_dag.py
[2024-10-21T21:44:23.180+0700] {logging_mixin.py:190} INFO - [2024-10-21T21:44:23.180+0700] {dag.py:3239} INFO - Sync 1 DAGs
[2024-10-21T21:44:23.204+0700] {logging_mixin.py:190} INFO - [2024-10-21T21:44:23.203+0700] {dag.py:4180} INFO - Setting next_dagrun for example_nested_branch_dag to 2024-10-20 00:00:00+00:00, run_after=2024-10-21 00:00:00+00:00
[2024-10-21T21:44:23.227+0700] {processor.py:208} INFO - Processing /Users/punny/Documents/GitHub/NYC-Taxi-ETL-Pipeline/.venv/lib/python3.10/site-packages/airflow/example_dags/example_nested_branch_dag.py took 0.301 seconds
[2024-10-21T21:47:38.276+0700] {processor.py:186} INFO - Started process (PID=10494) to work on /Users/punny/Documents/GitHub/NYC-Taxi-ETL-Pipeline/.venv/lib/python3.10/site-packages/airflow/example_dags/example_nested_branch_dag.py
[2024-10-21T21:47:38.279+0700] {processor.py:914} INFO - Processing file /Users/punny/Documents/GitHub/NYC-Taxi-ETL-Pipeline/.venv/lib/python3.10/site-packages/airflow/example_dags/example_nested_branch_dag.py for tasks to queue
[2024-10-21T21:47:38.280+0700] {logging_mixin.py:190} INFO - [2024-10-21T21:47:38.280+0700] {dagbag.py:588} INFO - Filling up the DagBag from /Users/punny/Documents/GitHub/NYC-Taxi-ETL-Pipeline/.venv/lib/python3.10/site-packages/airflow/example_dags/example_nested_branch_dag.py
[2024-10-21T21:47:38.330+0700] {processor.py:925} INFO - DAG(s) 'example_nested_branch_dag' retrieved from /Users/punny/Documents/GitHub/NYC-Taxi-ETL-Pipeline/.venv/lib/python3.10/site-packages/airflow/example_dags/example_nested_branch_dag.py
[2024-10-21T21:47:38.518+0700] {logging_mixin.py:190} INFO - [2024-10-21T21:47:38.518+0700] {dag.py:3239} INFO - Sync 1 DAGs
[2024-10-21T21:47:38.543+0700] {logging_mixin.py:190} INFO - [2024-10-21T21:47:38.542+0700] {dag.py:4180} INFO - Setting next_dagrun for example_nested_branch_dag to 2024-10-20 00:00:00+00:00, run_after=2024-10-21 00:00:00+00:00
[2024-10-21T21:47:38.565+0700] {processor.py:208} INFO - Processing /Users/punny/Documents/GitHub/NYC-Taxi-ETL-Pipeline/.venv/lib/python3.10/site-packages/airflow/example_dags/example_nested_branch_dag.py took 0.299 seconds
[2024-10-21T21:52:04.972+0700] {processor.py:186} INFO - Started process (PID=10837) to work on /Users/punny/Documents/GitHub/NYC-Taxi-ETL-Pipeline/.venv/lib/python3.10/site-packages/airflow/example_dags/example_nested_branch_dag.py
[2024-10-21T21:52:04.975+0700] {processor.py:914} INFO - Processing file /Users/punny/Documents/GitHub/NYC-Taxi-ETL-Pipeline/.venv/lib/python3.10/site-packages/airflow/example_dags/example_nested_branch_dag.py for tasks to queue
[2024-10-21T21:52:04.976+0700] {logging_mixin.py:190} INFO - [2024-10-21T21:52:04.976+0700] {dagbag.py:588} INFO - Filling up the DagBag from /Users/punny/Documents/GitHub/NYC-Taxi-ETL-Pipeline/.venv/lib/python3.10/site-packages/airflow/example_dags/example_nested_branch_dag.py
[2024-10-21T21:52:05.023+0700] {processor.py:925} INFO - DAG(s) 'example_nested_branch_dag' retrieved from /Users/punny/Documents/GitHub/NYC-Taxi-ETL-Pipeline/.venv/lib/python3.10/site-packages/airflow/example_dags/example_nested_branch_dag.py
[2024-10-21T21:52:05.211+0700] {logging_mixin.py:190} INFO - [2024-10-21T21:52:05.211+0700] {dag.py:3239} INFO - Sync 1 DAGs
[2024-10-21T21:52:05.234+0700] {logging_mixin.py:190} INFO - [2024-10-21T21:52:05.234+0700] {dag.py:4180} INFO - Setting next_dagrun for example_nested_branch_dag to 2024-10-20 00:00:00+00:00, run_after=2024-10-21 00:00:00+00:00
[2024-10-21T21:52:05.257+0700] {processor.py:208} INFO - Processing /Users/punny/Documents/GitHub/NYC-Taxi-ETL-Pipeline/.venv/lib/python3.10/site-packages/airflow/example_dags/example_nested_branch_dag.py took 0.294 seconds
[2024-10-21T21:56:43.101+0700] {processor.py:186} INFO - Started process (PID=11393) to work on /Users/punny/Documents/GitHub/NYC-Taxi-ETL-Pipeline/.venv/lib/python3.10/site-packages/airflow/example_dags/example_nested_branch_dag.py
[2024-10-21T21:56:43.104+0700] {processor.py:914} INFO - Processing file /Users/punny/Documents/GitHub/NYC-Taxi-ETL-Pipeline/.venv/lib/python3.10/site-packages/airflow/example_dags/example_nested_branch_dag.py for tasks to queue
[2024-10-21T21:56:43.105+0700] {logging_mixin.py:190} INFO - [2024-10-21T21:56:43.105+0700] {dagbag.py:588} INFO - Filling up the DagBag from /Users/punny/Documents/GitHub/NYC-Taxi-ETL-Pipeline/.venv/lib/python3.10/site-packages/airflow/example_dags/example_nested_branch_dag.py
[2024-10-21T21:56:43.170+0700] {processor.py:925} INFO - DAG(s) 'example_nested_branch_dag' retrieved from /Users/punny/Documents/GitHub/NYC-Taxi-ETL-Pipeline/.venv/lib/python3.10/site-packages/airflow/example_dags/example_nested_branch_dag.py
[2024-10-21T21:56:43.365+0700] {logging_mixin.py:190} INFO - [2024-10-21T21:56:43.364+0700] {dag.py:3239} INFO - Sync 1 DAGs
[2024-10-21T21:56:43.388+0700] {logging_mixin.py:190} INFO - [2024-10-21T21:56:43.388+0700] {dag.py:4180} INFO - Setting next_dagrun for example_nested_branch_dag to 2024-10-20 00:00:00+00:00, run_after=2024-10-21 00:00:00+00:00
[2024-10-21T21:56:43.409+0700] {processor.py:208} INFO - Processing /Users/punny/Documents/GitHub/NYC-Taxi-ETL-Pipeline/.venv/lib/python3.10/site-packages/airflow/example_dags/example_nested_branch_dag.py took 0.321 seconds
[2024-10-21T22:00:30.846+0700] {processor.py:186} INFO - Started process (PID=11799) to work on /Users/punny/Documents/GitHub/NYC-Taxi-ETL-Pipeline/.venv/lib/python3.10/site-packages/airflow/example_dags/example_nested_branch_dag.py
[2024-10-21T22:00:30.849+0700] {processor.py:914} INFO - Processing file /Users/punny/Documents/GitHub/NYC-Taxi-ETL-Pipeline/.venv/lib/python3.10/site-packages/airflow/example_dags/example_nested_branch_dag.py for tasks to queue
[2024-10-21T22:00:30.850+0700] {logging_mixin.py:190} INFO - [2024-10-21T22:00:30.850+0700] {dagbag.py:588} INFO - Filling up the DagBag from /Users/punny/Documents/GitHub/NYC-Taxi-ETL-Pipeline/.venv/lib/python3.10/site-packages/airflow/example_dags/example_nested_branch_dag.py
[2024-10-21T22:00:30.901+0700] {processor.py:925} INFO - DAG(s) 'example_nested_branch_dag' retrieved from /Users/punny/Documents/GitHub/NYC-Taxi-ETL-Pipeline/.venv/lib/python3.10/site-packages/airflow/example_dags/example_nested_branch_dag.py
[2024-10-21T22:00:31.095+0700] {logging_mixin.py:190} INFO - [2024-10-21T22:00:31.094+0700] {dag.py:3239} INFO - Sync 1 DAGs
[2024-10-21T22:00:31.119+0700] {logging_mixin.py:190} INFO - [2024-10-21T22:00:31.118+0700] {dag.py:4180} INFO - Setting next_dagrun for example_nested_branch_dag to 2024-10-20 00:00:00+00:00, run_after=2024-10-21 00:00:00+00:00
[2024-10-21T22:00:31.140+0700] {processor.py:208} INFO - Processing /Users/punny/Documents/GitHub/NYC-Taxi-ETL-Pipeline/.venv/lib/python3.10/site-packages/airflow/example_dags/example_nested_branch_dag.py took 0.299 seconds
[2024-10-21T22:17:30.614+0700] {processor.py:186} INFO - Started process (PID=12099) to work on /Users/punny/Documents/GitHub/NYC-Taxi-ETL-Pipeline/.venv/lib/python3.10/site-packages/airflow/example_dags/example_nested_branch_dag.py
[2024-10-21T22:17:30.617+0700] {processor.py:914} INFO - Processing file /Users/punny/Documents/GitHub/NYC-Taxi-ETL-Pipeline/.venv/lib/python3.10/site-packages/airflow/example_dags/example_nested_branch_dag.py for tasks to queue
[2024-10-21T22:17:30.618+0700] {logging_mixin.py:190} INFO - [2024-10-21T22:17:30.618+0700] {dagbag.py:588} INFO - Filling up the DagBag from /Users/punny/Documents/GitHub/NYC-Taxi-ETL-Pipeline/.venv/lib/python3.10/site-packages/airflow/example_dags/example_nested_branch_dag.py
[2024-10-21T22:17:30.667+0700] {processor.py:925} INFO - DAG(s) 'example_nested_branch_dag' retrieved from /Users/punny/Documents/GitHub/NYC-Taxi-ETL-Pipeline/.venv/lib/python3.10/site-packages/airflow/example_dags/example_nested_branch_dag.py
[2024-10-21T22:17:30.854+0700] {logging_mixin.py:190} INFO - [2024-10-21T22:17:30.854+0700] {dag.py:3239} INFO - Sync 1 DAGs
[2024-10-21T22:17:30.879+0700] {logging_mixin.py:190} INFO - [2024-10-21T22:17:30.879+0700] {dag.py:4180} INFO - Setting next_dagrun for example_nested_branch_dag to 2024-10-20 00:00:00+00:00, run_after=2024-10-21 00:00:00+00:00
[2024-10-21T22:17:30.901+0700] {processor.py:208} INFO - Processing /Users/punny/Documents/GitHub/NYC-Taxi-ETL-Pipeline/.venv/lib/python3.10/site-packages/airflow/example_dags/example_nested_branch_dag.py took 0.295 seconds
[2024-10-21T22:21:04.469+0700] {processor.py:186} INFO - Started process (PID=12512) to work on /Users/punny/Documents/GitHub/NYC-Taxi-ETL-Pipeline/.venv/lib/python3.10/site-packages/airflow/example_dags/example_nested_branch_dag.py
[2024-10-21T22:21:04.472+0700] {processor.py:914} INFO - Processing file /Users/punny/Documents/GitHub/NYC-Taxi-ETL-Pipeline/.venv/lib/python3.10/site-packages/airflow/example_dags/example_nested_branch_dag.py for tasks to queue
[2024-10-21T22:21:04.473+0700] {logging_mixin.py:190} INFO - [2024-10-21T22:21:04.473+0700] {dagbag.py:588} INFO - Filling up the DagBag from /Users/punny/Documents/GitHub/NYC-Taxi-ETL-Pipeline/.venv/lib/python3.10/site-packages/airflow/example_dags/example_nested_branch_dag.py
[2024-10-21T22:21:04.524+0700] {processor.py:925} INFO - DAG(s) 'example_nested_branch_dag' retrieved from /Users/punny/Documents/GitHub/NYC-Taxi-ETL-Pipeline/.venv/lib/python3.10/site-packages/airflow/example_dags/example_nested_branch_dag.py
[2024-10-21T22:21:04.728+0700] {logging_mixin.py:190} INFO - [2024-10-21T22:21:04.728+0700] {dag.py:3239} INFO - Sync 1 DAGs
[2024-10-21T22:21:04.752+0700] {logging_mixin.py:190} INFO - [2024-10-21T22:21:04.752+0700] {dag.py:4180} INFO - Setting next_dagrun for example_nested_branch_dag to 2024-10-20 00:00:00+00:00, run_after=2024-10-21 00:00:00+00:00
[2024-10-21T22:21:04.796+0700] {processor.py:208} INFO - Processing /Users/punny/Documents/GitHub/NYC-Taxi-ETL-Pipeline/.venv/lib/python3.10/site-packages/airflow/example_dags/example_nested_branch_dag.py took 0.335 seconds
[2024-10-21T22:26:16.367+0700] {processor.py:186} INFO - Started process (PID=13363) to work on /Users/punny/Documents/GitHub/NYC-Taxi-ETL-Pipeline/.venv/lib/python3.10/site-packages/airflow/example_dags/example_nested_branch_dag.py
[2024-10-21T22:26:16.371+0700] {processor.py:914} INFO - Processing file /Users/punny/Documents/GitHub/NYC-Taxi-ETL-Pipeline/.venv/lib/python3.10/site-packages/airflow/example_dags/example_nested_branch_dag.py for tasks to queue
[2024-10-21T22:26:16.372+0700] {logging_mixin.py:190} INFO - [2024-10-21T22:26:16.372+0700] {dagbag.py:588} INFO - Filling up the DagBag from /Users/punny/Documents/GitHub/NYC-Taxi-ETL-Pipeline/.venv/lib/python3.10/site-packages/airflow/example_dags/example_nested_branch_dag.py
[2024-10-21T22:26:16.427+0700] {processor.py:925} INFO - DAG(s) 'example_nested_branch_dag' retrieved from /Users/punny/Documents/GitHub/NYC-Taxi-ETL-Pipeline/.venv/lib/python3.10/site-packages/airflow/example_dags/example_nested_branch_dag.py
[2024-10-21T22:26:16.630+0700] {logging_mixin.py:190} INFO - [2024-10-21T22:26:16.629+0700] {dag.py:3239} INFO - Sync 1 DAGs
[2024-10-21T22:26:16.660+0700] {logging_mixin.py:190} INFO - [2024-10-21T22:26:16.660+0700] {dag.py:4180} INFO - Setting next_dagrun for example_nested_branch_dag to 2024-10-20 00:00:00+00:00, run_after=2024-10-21 00:00:00+00:00
[2024-10-21T22:26:16.682+0700] {processor.py:208} INFO - Processing /Users/punny/Documents/GitHub/NYC-Taxi-ETL-Pipeline/.venv/lib/python3.10/site-packages/airflow/example_dags/example_nested_branch_dag.py took 0.322 seconds
[2024-10-21T22:29:26.452+0700] {processor.py:186} INFO - Started process (PID=13604) to work on /Users/punny/Documents/GitHub/NYC-Taxi-ETL-Pipeline/.venv/lib/python3.10/site-packages/airflow/example_dags/example_nested_branch_dag.py
[2024-10-21T22:29:26.456+0700] {processor.py:914} INFO - Processing file /Users/punny/Documents/GitHub/NYC-Taxi-ETL-Pipeline/.venv/lib/python3.10/site-packages/airflow/example_dags/example_nested_branch_dag.py for tasks to queue
[2024-10-21T22:29:26.458+0700] {logging_mixin.py:190} INFO - [2024-10-21T22:29:26.458+0700] {dagbag.py:588} INFO - Filling up the DagBag from /Users/punny/Documents/GitHub/NYC-Taxi-ETL-Pipeline/.venv/lib/python3.10/site-packages/airflow/example_dags/example_nested_branch_dag.py
[2024-10-21T22:29:26.511+0700] {processor.py:925} INFO - DAG(s) 'example_nested_branch_dag' retrieved from /Users/punny/Documents/GitHub/NYC-Taxi-ETL-Pipeline/.venv/lib/python3.10/site-packages/airflow/example_dags/example_nested_branch_dag.py
[2024-10-21T22:29:26.699+0700] {logging_mixin.py:190} INFO - [2024-10-21T22:29:26.698+0700] {dag.py:3239} INFO - Sync 1 DAGs
[2024-10-21T22:29:26.724+0700] {logging_mixin.py:190} INFO - [2024-10-21T22:29:26.724+0700] {dag.py:4180} INFO - Setting next_dagrun for example_nested_branch_dag to 2024-10-20 00:00:00+00:00, run_after=2024-10-21 00:00:00+00:00
[2024-10-21T22:29:26.747+0700] {processor.py:208} INFO - Processing /Users/punny/Documents/GitHub/NYC-Taxi-ETL-Pipeline/.venv/lib/python3.10/site-packages/airflow/example_dags/example_nested_branch_dag.py took 0.304 seconds
[2024-10-21T22:32:18.126+0700] {processor.py:186} INFO - Started process (PID=13759) to work on /Users/punny/Documents/GitHub/NYC-Taxi-ETL-Pipeline/.venv/lib/python3.10/site-packages/airflow/example_dags/example_nested_branch_dag.py
[2024-10-21T22:32:18.129+0700] {processor.py:914} INFO - Processing file /Users/punny/Documents/GitHub/NYC-Taxi-ETL-Pipeline/.venv/lib/python3.10/site-packages/airflow/example_dags/example_nested_branch_dag.py for tasks to queue
[2024-10-21T22:32:18.130+0700] {logging_mixin.py:190} INFO - [2024-10-21T22:32:18.129+0700] {dagbag.py:588} INFO - Filling up the DagBag from /Users/punny/Documents/GitHub/NYC-Taxi-ETL-Pipeline/.venv/lib/python3.10/site-packages/airflow/example_dags/example_nested_branch_dag.py
[2024-10-21T22:32:18.177+0700] {processor.py:925} INFO - DAG(s) 'example_nested_branch_dag' retrieved from /Users/punny/Documents/GitHub/NYC-Taxi-ETL-Pipeline/.venv/lib/python3.10/site-packages/airflow/example_dags/example_nested_branch_dag.py
[2024-10-21T22:32:18.359+0700] {logging_mixin.py:190} INFO - [2024-10-21T22:32:18.359+0700] {dag.py:3239} INFO - Sync 1 DAGs
[2024-10-21T22:32:18.382+0700] {logging_mixin.py:190} INFO - [2024-10-21T22:32:18.382+0700] {dag.py:4180} INFO - Setting next_dagrun for example_nested_branch_dag to 2024-10-20 00:00:00+00:00, run_after=2024-10-21 00:00:00+00:00
[2024-10-21T22:32:18.405+0700] {processor.py:208} INFO - Processing /Users/punny/Documents/GitHub/NYC-Taxi-ETL-Pipeline/.venv/lib/python3.10/site-packages/airflow/example_dags/example_nested_branch_dag.py took 0.288 seconds
