[2024-10-21T12:38:15.621+0700] {processor.py:186} INFO - Started process (PID=34195) to work on /Users/punny/Documents/GitHub/NYC-Taxi-ETL-Pipeline/.venv/lib/python3.10/site-packages/airflow/example_dags/example_setup_teardown.py
[2024-10-21T12:38:15.625+0700] {processor.py:914} INFO - Processing file /Users/punny/Documents/GitHub/NYC-Taxi-ETL-Pipeline/.venv/lib/python3.10/site-packages/airflow/example_dags/example_setup_teardown.py for tasks to queue
[2024-10-21T12:38:15.627+0700] {logging_mixin.py:190} INFO - [2024-10-21T12:38:15.627+0700] {dagbag.py:588} INFO - Filling up the DagBag from /Users/punny/Documents/GitHub/NYC-Taxi-ETL-Pipeline/.venv/lib/python3.10/site-packages/airflow/example_dags/example_setup_teardown.py
[2024-10-21T12:38:15.644+0700] {processor.py:925} INFO - DAG(s) 'example_setup_teardown' retrieved from /Users/punny/Documents/GitHub/NYC-Taxi-ETL-Pipeline/.venv/lib/python3.10/site-packages/airflow/example_dags/example_setup_teardown.py
[2024-10-21T12:38:16.204+0700] {logging_mixin.py:190} INFO - [2024-10-21T12:38:16.203+0700] {dag.py:3239} INFO - Sync 1 DAGs
[2024-10-21T12:38:16.226+0700] {logging_mixin.py:190} INFO - [2024-10-21T12:38:16.226+0700] {dag.py:4180} INFO - Setting next_dagrun for example_setup_teardown to None, run_after=None
[2024-10-21T12:38:16.263+0700] {processor.py:208} INFO - Processing /Users/punny/Documents/GitHub/NYC-Taxi-ETL-Pipeline/.venv/lib/python3.10/site-packages/airflow/example_dags/example_setup_teardown.py took 0.658 seconds
[2024-10-21T14:13:09.917+0700] {processor.py:186} INFO - Started process (PID=35029) to work on /Users/punny/Documents/GitHub/NYC-Taxi-ETL-Pipeline/.venv/lib/python3.10/site-packages/airflow/example_dags/example_setup_teardown.py
[2024-10-21T14:13:09.922+0700] {processor.py:914} INFO - Processing file /Users/punny/Documents/GitHub/NYC-Taxi-ETL-Pipeline/.venv/lib/python3.10/site-packages/airflow/example_dags/example_setup_teardown.py for tasks to queue
[2024-10-21T14:13:09.924+0700] {logging_mixin.py:190} INFO - [2024-10-21T14:13:09.923+0700] {dagbag.py:588} INFO - Filling up the DagBag from /Users/punny/Documents/GitHub/NYC-Taxi-ETL-Pipeline/.venv/lib/python3.10/site-packages/airflow/example_dags/example_setup_teardown.py
[2024-10-21T14:13:09.942+0700] {processor.py:925} INFO - DAG(s) 'example_setup_teardown' retrieved from /Users/punny/Documents/GitHub/NYC-Taxi-ETL-Pipeline/.venv/lib/python3.10/site-packages/airflow/example_dags/example_setup_teardown.py
[2024-10-21T14:13:10.253+0700] {logging_mixin.py:190} INFO - [2024-10-21T14:13:10.253+0700] {dag.py:3239} INFO - Sync 1 DAGs
[2024-10-21T14:13:10.274+0700] {logging_mixin.py:190} INFO - [2024-10-21T14:13:10.274+0700] {dag.py:4180} INFO - Setting next_dagrun for example_setup_teardown to None, run_after=None
[2024-10-21T14:13:10.311+0700] {processor.py:208} INFO - Processing /Users/punny/Documents/GitHub/NYC-Taxi-ETL-Pipeline/.venv/lib/python3.10/site-packages/airflow/example_dags/example_setup_teardown.py took 0.406 seconds
[2024-10-21T14:48:39.038+0700] {processor.py:186} INFO - Started process (PID=35958) to work on /Users/punny/Documents/GitHub/NYC-Taxi-ETL-Pipeline/.venv/lib/python3.10/site-packages/airflow/example_dags/example_setup_teardown.py
[2024-10-21T14:48:39.041+0700] {processor.py:914} INFO - Processing file /Users/punny/Documents/GitHub/NYC-Taxi-ETL-Pipeline/.venv/lib/python3.10/site-packages/airflow/example_dags/example_setup_teardown.py for tasks to queue
[2024-10-21T14:48:39.042+0700] {logging_mixin.py:190} INFO - [2024-10-21T14:48:39.042+0700] {dagbag.py:588} INFO - Filling up the DagBag from /Users/punny/Documents/GitHub/NYC-Taxi-ETL-Pipeline/.venv/lib/python3.10/site-packages/airflow/example_dags/example_setup_teardown.py
[2024-10-21T14:48:39.055+0700] {processor.py:925} INFO - DAG(s) 'example_setup_teardown' retrieved from /Users/punny/Documents/GitHub/NYC-Taxi-ETL-Pipeline/.venv/lib/python3.10/site-packages/airflow/example_dags/example_setup_teardown.py
[2024-10-21T14:48:39.263+0700] {logging_mixin.py:190} INFO - [2024-10-21T14:48:39.263+0700] {dag.py:3239} INFO - Sync 1 DAGs
[2024-10-21T14:48:39.277+0700] {logging_mixin.py:190} INFO - [2024-10-21T14:48:39.277+0700] {dag.py:4180} INFO - Setting next_dagrun for example_setup_teardown to None, run_after=None
[2024-10-21T14:48:39.300+0700] {processor.py:208} INFO - Processing /Users/punny/Documents/GitHub/NYC-Taxi-ETL-Pipeline/.venv/lib/python3.10/site-packages/airflow/example_dags/example_setup_teardown.py took 0.271 seconds
[2024-10-21T14:52:14.410+0700] {processor.py:186} INFO - Started process (PID=36534) to work on /Users/punny/Documents/GitHub/NYC-Taxi-ETL-Pipeline/.venv/lib/python3.10/site-packages/airflow/example_dags/example_setup_teardown.py
[2024-10-21T14:52:14.414+0700] {processor.py:914} INFO - Processing file /Users/punny/Documents/GitHub/NYC-Taxi-ETL-Pipeline/.venv/lib/python3.10/site-packages/airflow/example_dags/example_setup_teardown.py for tasks to queue
[2024-10-21T14:52:14.415+0700] {logging_mixin.py:190} INFO - [2024-10-21T14:52:14.415+0700] {dagbag.py:588} INFO - Filling up the DagBag from /Users/punny/Documents/GitHub/NYC-Taxi-ETL-Pipeline/.venv/lib/python3.10/site-packages/airflow/example_dags/example_setup_teardown.py
[2024-10-21T14:52:14.427+0700] {processor.py:925} INFO - DAG(s) 'example_setup_teardown' retrieved from /Users/punny/Documents/GitHub/NYC-Taxi-ETL-Pipeline/.venv/lib/python3.10/site-packages/airflow/example_dags/example_setup_teardown.py
[2024-10-21T14:52:14.629+0700] {logging_mixin.py:190} INFO - [2024-10-21T14:52:14.629+0700] {dag.py:3239} INFO - Sync 1 DAGs
[2024-10-21T14:52:14.642+0700] {logging_mixin.py:190} INFO - [2024-10-21T14:52:14.642+0700] {dag.py:4180} INFO - Setting next_dagrun for example_setup_teardown to None, run_after=None
[2024-10-21T14:52:14.675+0700] {processor.py:208} INFO - Processing /Users/punny/Documents/GitHub/NYC-Taxi-ETL-Pipeline/.venv/lib/python3.10/site-packages/airflow/example_dags/example_setup_teardown.py took 0.275 seconds
[2024-10-21T14:55:43.216+0700] {processor.py:186} INFO - Started process (PID=37056) to work on /Users/punny/Documents/GitHub/NYC-Taxi-ETL-Pipeline/.venv/lib/python3.10/site-packages/airflow/example_dags/example_setup_teardown.py
[2024-10-21T14:55:43.219+0700] {processor.py:914} INFO - Processing file /Users/punny/Documents/GitHub/NYC-Taxi-ETL-Pipeline/.venv/lib/python3.10/site-packages/airflow/example_dags/example_setup_teardown.py for tasks to queue
[2024-10-21T14:55:43.220+0700] {logging_mixin.py:190} INFO - [2024-10-21T14:55:43.220+0700] {dagbag.py:588} INFO - Filling up the DagBag from /Users/punny/Documents/GitHub/NYC-Taxi-ETL-Pipeline/.venv/lib/python3.10/site-packages/airflow/example_dags/example_setup_teardown.py
[2024-10-21T14:55:43.233+0700] {processor.py:925} INFO - DAG(s) 'example_setup_teardown' retrieved from /Users/punny/Documents/GitHub/NYC-Taxi-ETL-Pipeline/.venv/lib/python3.10/site-packages/airflow/example_dags/example_setup_teardown.py
[2024-10-21T14:55:43.468+0700] {logging_mixin.py:190} INFO - [2024-10-21T14:55:43.468+0700] {dag.py:3239} INFO - Sync 1 DAGs
[2024-10-21T14:55:43.483+0700] {logging_mixin.py:190} INFO - [2024-10-21T14:55:43.483+0700] {dag.py:4180} INFO - Setting next_dagrun for example_setup_teardown to None, run_after=None
[2024-10-21T14:55:43.514+0700] {processor.py:208} INFO - Processing /Users/punny/Documents/GitHub/NYC-Taxi-ETL-Pipeline/.venv/lib/python3.10/site-packages/airflow/example_dags/example_setup_teardown.py took 0.304 seconds
[2024-10-21T15:00:21.364+0700] {processor.py:186} INFO - Started process (PID=37766) to work on /Users/punny/Documents/GitHub/NYC-Taxi-ETL-Pipeline/.venv/lib/python3.10/site-packages/airflow/example_dags/example_setup_teardown.py
[2024-10-21T15:00:21.369+0700] {processor.py:914} INFO - Processing file /Users/punny/Documents/GitHub/NYC-Taxi-ETL-Pipeline/.venv/lib/python3.10/site-packages/airflow/example_dags/example_setup_teardown.py for tasks to queue
[2024-10-21T15:00:21.371+0700] {logging_mixin.py:190} INFO - [2024-10-21T15:00:21.370+0700] {dagbag.py:588} INFO - Filling up the DagBag from /Users/punny/Documents/GitHub/NYC-Taxi-ETL-Pipeline/.venv/lib/python3.10/site-packages/airflow/example_dags/example_setup_teardown.py
[2024-10-21T15:00:21.386+0700] {processor.py:925} INFO - DAG(s) 'example_setup_teardown' retrieved from /Users/punny/Documents/GitHub/NYC-Taxi-ETL-Pipeline/.venv/lib/python3.10/site-packages/airflow/example_dags/example_setup_teardown.py
[2024-10-21T15:00:21.636+0700] {logging_mixin.py:190} INFO - [2024-10-21T15:00:21.635+0700] {dag.py:3239} INFO - Sync 1 DAGs
[2024-10-21T15:00:21.655+0700] {logging_mixin.py:190} INFO - [2024-10-21T15:00:21.654+0700] {dag.py:4180} INFO - Setting next_dagrun for example_setup_teardown to None, run_after=None
[2024-10-21T15:00:21.683+0700] {processor.py:208} INFO - Processing /Users/punny/Documents/GitHub/NYC-Taxi-ETL-Pipeline/.venv/lib/python3.10/site-packages/airflow/example_dags/example_setup_teardown.py took 0.330 seconds
[2024-10-21T15:06:08.708+0700] {processor.py:186} INFO - Started process (PID=38518) to work on /Users/punny/Documents/GitHub/NYC-Taxi-ETL-Pipeline/.venv/lib/python3.10/site-packages/airflow/example_dags/example_setup_teardown.py
[2024-10-21T15:06:08.713+0700] {processor.py:914} INFO - Processing file /Users/punny/Documents/GitHub/NYC-Taxi-ETL-Pipeline/.venv/lib/python3.10/site-packages/airflow/example_dags/example_setup_teardown.py for tasks to queue
[2024-10-21T15:06:08.715+0700] {logging_mixin.py:190} INFO - [2024-10-21T15:06:08.714+0700] {dagbag.py:588} INFO - Filling up the DagBag from /Users/punny/Documents/GitHub/NYC-Taxi-ETL-Pipeline/.venv/lib/python3.10/site-packages/airflow/example_dags/example_setup_teardown.py
[2024-10-21T15:06:08.735+0700] {processor.py:925} INFO - DAG(s) 'example_setup_teardown' retrieved from /Users/punny/Documents/GitHub/NYC-Taxi-ETL-Pipeline/.venv/lib/python3.10/site-packages/airflow/example_dags/example_setup_teardown.py
[2024-10-21T15:06:09.049+0700] {logging_mixin.py:190} INFO - [2024-10-21T15:06:09.048+0700] {dag.py:3239} INFO - Sync 1 DAGs
[2024-10-21T15:06:09.080+0700] {logging_mixin.py:190} INFO - [2024-10-21T15:06:09.080+0700] {dag.py:4180} INFO - Setting next_dagrun for example_setup_teardown to None, run_after=None
[2024-10-21T15:06:09.121+0700] {processor.py:208} INFO - Processing /Users/punny/Documents/GitHub/NYC-Taxi-ETL-Pipeline/.venv/lib/python3.10/site-packages/airflow/example_dags/example_setup_teardown.py took 0.425 seconds
[2024-10-21T15:10:59.943+0700] {processor.py:186} INFO - Started process (PID=39166) to work on /Users/punny/Documents/GitHub/NYC-Taxi-ETL-Pipeline/.venv/lib/python3.10/site-packages/airflow/example_dags/example_setup_teardown.py
[2024-10-21T15:10:59.950+0700] {processor.py:914} INFO - Processing file /Users/punny/Documents/GitHub/NYC-Taxi-ETL-Pipeline/.venv/lib/python3.10/site-packages/airflow/example_dags/example_setup_teardown.py for tasks to queue
[2024-10-21T15:10:59.952+0700] {logging_mixin.py:190} INFO - [2024-10-21T15:10:59.952+0700] {dagbag.py:588} INFO - Filling up the DagBag from /Users/punny/Documents/GitHub/NYC-Taxi-ETL-Pipeline/.venv/lib/python3.10/site-packages/airflow/example_dags/example_setup_teardown.py
[2024-10-21T15:10:59.967+0700] {processor.py:925} INFO - DAG(s) 'example_setup_teardown' retrieved from /Users/punny/Documents/GitHub/NYC-Taxi-ETL-Pipeline/.venv/lib/python3.10/site-packages/airflow/example_dags/example_setup_teardown.py
[2024-10-21T15:11:00.254+0700] {logging_mixin.py:190} INFO - [2024-10-21T15:11:00.254+0700] {dag.py:3239} INFO - Sync 1 DAGs
[2024-10-21T15:11:00.274+0700] {logging_mixin.py:190} INFO - [2024-10-21T15:11:00.274+0700] {dag.py:4180} INFO - Setting next_dagrun for example_setup_teardown to None, run_after=None
[2024-10-21T15:11:00.310+0700] {processor.py:208} INFO - Processing /Users/punny/Documents/GitHub/NYC-Taxi-ETL-Pipeline/.venv/lib/python3.10/site-packages/airflow/example_dags/example_setup_teardown.py took 0.380 seconds
[2024-10-21T15:15:09.661+0700] {processor.py:186} INFO - Started process (PID=39658) to work on /Users/punny/Documents/GitHub/NYC-Taxi-ETL-Pipeline/.venv/lib/python3.10/site-packages/airflow/example_dags/example_setup_teardown.py
[2024-10-21T15:15:09.665+0700] {processor.py:914} INFO - Processing file /Users/punny/Documents/GitHub/NYC-Taxi-ETL-Pipeline/.venv/lib/python3.10/site-packages/airflow/example_dags/example_setup_teardown.py for tasks to queue
[2024-10-21T15:15:09.668+0700] {logging_mixin.py:190} INFO - [2024-10-21T15:15:09.667+0700] {dagbag.py:588} INFO - Filling up the DagBag from /Users/punny/Documents/GitHub/NYC-Taxi-ETL-Pipeline/.venv/lib/python3.10/site-packages/airflow/example_dags/example_setup_teardown.py
[2024-10-21T15:15:09.685+0700] {processor.py:925} INFO - DAG(s) 'example_setup_teardown' retrieved from /Users/punny/Documents/GitHub/NYC-Taxi-ETL-Pipeline/.venv/lib/python3.10/site-packages/airflow/example_dags/example_setup_teardown.py
[2024-10-21T15:15:09.986+0700] {logging_mixin.py:190} INFO - [2024-10-21T15:15:09.986+0700] {dag.py:3239} INFO - Sync 1 DAGs
[2024-10-21T15:15:10.005+0700] {logging_mixin.py:190} INFO - [2024-10-21T15:15:10.005+0700] {dag.py:4180} INFO - Setting next_dagrun for example_setup_teardown to None, run_after=None
[2024-10-21T15:15:10.041+0700] {processor.py:208} INFO - Processing /Users/punny/Documents/GitHub/NYC-Taxi-ETL-Pipeline/.venv/lib/python3.10/site-packages/airflow/example_dags/example_setup_teardown.py took 0.396 seconds
[2024-10-21T15:19:29.193+0700] {processor.py:186} INFO - Started process (PID=40181) to work on /Users/punny/Documents/GitHub/NYC-Taxi-ETL-Pipeline/.venv/lib/python3.10/site-packages/airflow/example_dags/example_setup_teardown.py
[2024-10-21T15:19:29.199+0700] {processor.py:914} INFO - Processing file /Users/punny/Documents/GitHub/NYC-Taxi-ETL-Pipeline/.venv/lib/python3.10/site-packages/airflow/example_dags/example_setup_teardown.py for tasks to queue
[2024-10-21T15:19:29.201+0700] {logging_mixin.py:190} INFO - [2024-10-21T15:19:29.201+0700] {dagbag.py:588} INFO - Filling up the DagBag from /Users/punny/Documents/GitHub/NYC-Taxi-ETL-Pipeline/.venv/lib/python3.10/site-packages/airflow/example_dags/example_setup_teardown.py
[2024-10-21T15:19:29.216+0700] {processor.py:925} INFO - DAG(s) 'example_setup_teardown' retrieved from /Users/punny/Documents/GitHub/NYC-Taxi-ETL-Pipeline/.venv/lib/python3.10/site-packages/airflow/example_dags/example_setup_teardown.py
[2024-10-21T15:19:29.528+0700] {logging_mixin.py:190} INFO - [2024-10-21T15:19:29.527+0700] {dag.py:3239} INFO - Sync 1 DAGs
[2024-10-21T15:19:29.549+0700] {logging_mixin.py:190} INFO - [2024-10-21T15:19:29.549+0700] {dag.py:4180} INFO - Setting next_dagrun for example_setup_teardown to None, run_after=None
[2024-10-21T15:19:29.586+0700] {processor.py:208} INFO - Processing /Users/punny/Documents/GitHub/NYC-Taxi-ETL-Pipeline/.venv/lib/python3.10/site-packages/airflow/example_dags/example_setup_teardown.py took 0.399 seconds
[2024-10-21T15:23:39.911+0700] {processor.py:186} INFO - Started process (PID=40729) to work on /Users/punny/Documents/GitHub/NYC-Taxi-ETL-Pipeline/.venv/lib/python3.10/site-packages/airflow/example_dags/example_setup_teardown.py
[2024-10-21T15:23:39.915+0700] {processor.py:914} INFO - Processing file /Users/punny/Documents/GitHub/NYC-Taxi-ETL-Pipeline/.venv/lib/python3.10/site-packages/airflow/example_dags/example_setup_teardown.py for tasks to queue
[2024-10-21T15:23:39.917+0700] {logging_mixin.py:190} INFO - [2024-10-21T15:23:39.917+0700] {dagbag.py:588} INFO - Filling up the DagBag from /Users/punny/Documents/GitHub/NYC-Taxi-ETL-Pipeline/.venv/lib/python3.10/site-packages/airflow/example_dags/example_setup_teardown.py
[2024-10-21T15:23:39.936+0700] {processor.py:925} INFO - DAG(s) 'example_setup_teardown' retrieved from /Users/punny/Documents/GitHub/NYC-Taxi-ETL-Pipeline/.venv/lib/python3.10/site-packages/airflow/example_dags/example_setup_teardown.py
[2024-10-21T15:23:40.282+0700] {logging_mixin.py:190} INFO - [2024-10-21T15:23:40.282+0700] {dag.py:3239} INFO - Sync 1 DAGs
[2024-10-21T15:23:40.315+0700] {logging_mixin.py:190} INFO - [2024-10-21T15:23:40.314+0700] {dag.py:4180} INFO - Setting next_dagrun for example_setup_teardown to None, run_after=None
[2024-10-21T15:23:40.362+0700] {processor.py:208} INFO - Processing /Users/punny/Documents/GitHub/NYC-Taxi-ETL-Pipeline/.venv/lib/python3.10/site-packages/airflow/example_dags/example_setup_teardown.py took 0.473 seconds
[2024-10-21T15:27:39.853+0700] {processor.py:186} INFO - Started process (PID=41225) to work on /Users/punny/Documents/GitHub/NYC-Taxi-ETL-Pipeline/.venv/lib/python3.10/site-packages/airflow/example_dags/example_setup_teardown.py
[2024-10-21T15:27:39.882+0700] {processor.py:914} INFO - Processing file /Users/punny/Documents/GitHub/NYC-Taxi-ETL-Pipeline/.venv/lib/python3.10/site-packages/airflow/example_dags/example_setup_teardown.py for tasks to queue
[2024-10-21T15:27:39.884+0700] {logging_mixin.py:190} INFO - [2024-10-21T15:27:39.884+0700] {dagbag.py:588} INFO - Filling up the DagBag from /Users/punny/Documents/GitHub/NYC-Taxi-ETL-Pipeline/.venv/lib/python3.10/site-packages/airflow/example_dags/example_setup_teardown.py
[2024-10-21T15:27:39.907+0700] {processor.py:925} INFO - DAG(s) 'example_setup_teardown' retrieved from /Users/punny/Documents/GitHub/NYC-Taxi-ETL-Pipeline/.venv/lib/python3.10/site-packages/airflow/example_dags/example_setup_teardown.py
[2024-10-21T15:27:40.190+0700] {logging_mixin.py:190} INFO - [2024-10-21T15:27:40.190+0700] {dag.py:3239} INFO - Sync 1 DAGs
[2024-10-21T15:27:40.209+0700] {logging_mixin.py:190} INFO - [2024-10-21T15:27:40.209+0700] {dag.py:4180} INFO - Setting next_dagrun for example_setup_teardown to None, run_after=None
[2024-10-21T15:27:40.239+0700] {processor.py:208} INFO - Processing /Users/punny/Documents/GitHub/NYC-Taxi-ETL-Pipeline/.venv/lib/python3.10/site-packages/airflow/example_dags/example_setup_teardown.py took 0.401 seconds
[2024-10-21T15:31:45.627+0700] {processor.py:186} INFO - Started process (PID=41774) to work on /Users/punny/Documents/GitHub/NYC-Taxi-ETL-Pipeline/.venv/lib/python3.10/site-packages/airflow/example_dags/example_setup_teardown.py
[2024-10-21T15:31:45.631+0700] {processor.py:914} INFO - Processing file /Users/punny/Documents/GitHub/NYC-Taxi-ETL-Pipeline/.venv/lib/python3.10/site-packages/airflow/example_dags/example_setup_teardown.py for tasks to queue
[2024-10-21T15:31:45.633+0700] {logging_mixin.py:190} INFO - [2024-10-21T15:31:45.632+0700] {dagbag.py:588} INFO - Filling up the DagBag from /Users/punny/Documents/GitHub/NYC-Taxi-ETL-Pipeline/.venv/lib/python3.10/site-packages/airflow/example_dags/example_setup_teardown.py
[2024-10-21T15:31:45.659+0700] {processor.py:925} INFO - DAG(s) 'example_setup_teardown' retrieved from /Users/punny/Documents/GitHub/NYC-Taxi-ETL-Pipeline/.venv/lib/python3.10/site-packages/airflow/example_dags/example_setup_teardown.py
[2024-10-21T15:31:45.913+0700] {logging_mixin.py:190} INFO - [2024-10-21T15:31:45.912+0700] {dag.py:3239} INFO - Sync 1 DAGs
[2024-10-21T15:31:45.931+0700] {logging_mixin.py:190} INFO - [2024-10-21T15:31:45.931+0700] {dag.py:4180} INFO - Setting next_dagrun for example_setup_teardown to None, run_after=None
[2024-10-21T15:31:45.962+0700] {processor.py:208} INFO - Processing /Users/punny/Documents/GitHub/NYC-Taxi-ETL-Pipeline/.venv/lib/python3.10/site-packages/airflow/example_dags/example_setup_teardown.py took 0.348 seconds
[2024-10-21T15:35:41.360+0700] {processor.py:186} INFO - Started process (PID=42250) to work on /Users/punny/Documents/GitHub/NYC-Taxi-ETL-Pipeline/.venv/lib/python3.10/site-packages/airflow/example_dags/example_setup_teardown.py
[2024-10-21T15:35:41.366+0700] {processor.py:914} INFO - Processing file /Users/punny/Documents/GitHub/NYC-Taxi-ETL-Pipeline/.venv/lib/python3.10/site-packages/airflow/example_dags/example_setup_teardown.py for tasks to queue
[2024-10-21T15:35:41.367+0700] {logging_mixin.py:190} INFO - [2024-10-21T15:35:41.367+0700] {dagbag.py:588} INFO - Filling up the DagBag from /Users/punny/Documents/GitHub/NYC-Taxi-ETL-Pipeline/.venv/lib/python3.10/site-packages/airflow/example_dags/example_setup_teardown.py
[2024-10-21T15:35:41.386+0700] {processor.py:925} INFO - DAG(s) 'example_setup_teardown' retrieved from /Users/punny/Documents/GitHub/NYC-Taxi-ETL-Pipeline/.venv/lib/python3.10/site-packages/airflow/example_dags/example_setup_teardown.py
[2024-10-21T15:35:41.730+0700] {logging_mixin.py:190} INFO - [2024-10-21T15:35:41.729+0700] {dag.py:3239} INFO - Sync 1 DAGs
[2024-10-21T15:35:41.758+0700] {logging_mixin.py:190} INFO - [2024-10-21T15:35:41.757+0700] {dag.py:4180} INFO - Setting next_dagrun for example_setup_teardown to None, run_after=None
[2024-10-21T15:35:41.790+0700] {processor.py:208} INFO - Processing /Users/punny/Documents/GitHub/NYC-Taxi-ETL-Pipeline/.venv/lib/python3.10/site-packages/airflow/example_dags/example_setup_teardown.py took 0.442 seconds
[2024-10-21T15:39:34.447+0700] {processor.py:186} INFO - Started process (PID=42762) to work on /Users/punny/Documents/GitHub/NYC-Taxi-ETL-Pipeline/.venv/lib/python3.10/site-packages/airflow/example_dags/example_setup_teardown.py
[2024-10-21T15:39:34.453+0700] {processor.py:914} INFO - Processing file /Users/punny/Documents/GitHub/NYC-Taxi-ETL-Pipeline/.venv/lib/python3.10/site-packages/airflow/example_dags/example_setup_teardown.py for tasks to queue
[2024-10-21T15:39:34.455+0700] {logging_mixin.py:190} INFO - [2024-10-21T15:39:34.455+0700] {dagbag.py:588} INFO - Filling up the DagBag from /Users/punny/Documents/GitHub/NYC-Taxi-ETL-Pipeline/.venv/lib/python3.10/site-packages/airflow/example_dags/example_setup_teardown.py
[2024-10-21T15:39:34.478+0700] {processor.py:925} INFO - DAG(s) 'example_setup_teardown' retrieved from /Users/punny/Documents/GitHub/NYC-Taxi-ETL-Pipeline/.venv/lib/python3.10/site-packages/airflow/example_dags/example_setup_teardown.py
[2024-10-21T15:39:34.817+0700] {logging_mixin.py:190} INFO - [2024-10-21T15:39:34.816+0700] {dag.py:3239} INFO - Sync 1 DAGs
[2024-10-21T15:39:34.841+0700] {logging_mixin.py:190} INFO - [2024-10-21T15:39:34.841+0700] {dag.py:4180} INFO - Setting next_dagrun for example_setup_teardown to None, run_after=None
[2024-10-21T15:39:34.879+0700] {processor.py:208} INFO - Processing /Users/punny/Documents/GitHub/NYC-Taxi-ETL-Pipeline/.venv/lib/python3.10/site-packages/airflow/example_dags/example_setup_teardown.py took 0.440 seconds
[2024-10-21T15:43:34.849+0700] {processor.py:186} INFO - Started process (PID=43335) to work on /Users/punny/Documents/GitHub/NYC-Taxi-ETL-Pipeline/.venv/lib/python3.10/site-packages/airflow/example_dags/example_setup_teardown.py
[2024-10-21T15:43:34.855+0700] {processor.py:914} INFO - Processing file /Users/punny/Documents/GitHub/NYC-Taxi-ETL-Pipeline/.venv/lib/python3.10/site-packages/airflow/example_dags/example_setup_teardown.py for tasks to queue
[2024-10-21T15:43:34.858+0700] {logging_mixin.py:190} INFO - [2024-10-21T15:43:34.857+0700] {dagbag.py:588} INFO - Filling up the DagBag from /Users/punny/Documents/GitHub/NYC-Taxi-ETL-Pipeline/.venv/lib/python3.10/site-packages/airflow/example_dags/example_setup_teardown.py
[2024-10-21T15:43:34.874+0700] {processor.py:925} INFO - DAG(s) 'example_setup_teardown' retrieved from /Users/punny/Documents/GitHub/NYC-Taxi-ETL-Pipeline/.venv/lib/python3.10/site-packages/airflow/example_dags/example_setup_teardown.py
[2024-10-21T15:43:35.153+0700] {logging_mixin.py:190} INFO - [2024-10-21T15:43:35.153+0700] {dag.py:3239} INFO - Sync 1 DAGs
[2024-10-21T15:43:35.180+0700] {logging_mixin.py:190} INFO - [2024-10-21T15:43:35.179+0700] {dag.py:4180} INFO - Setting next_dagrun for example_setup_teardown to None, run_after=None
[2024-10-21T15:43:35.217+0700] {processor.py:208} INFO - Processing /Users/punny/Documents/GitHub/NYC-Taxi-ETL-Pipeline/.venv/lib/python3.10/site-packages/airflow/example_dags/example_setup_teardown.py took 0.380 seconds
[2024-10-21T15:47:28.764+0700] {processor.py:186} INFO - Started process (PID=43814) to work on /Users/punny/Documents/GitHub/NYC-Taxi-ETL-Pipeline/.venv/lib/python3.10/site-packages/airflow/example_dags/example_setup_teardown.py
[2024-10-21T15:47:28.768+0700] {processor.py:914} INFO - Processing file /Users/punny/Documents/GitHub/NYC-Taxi-ETL-Pipeline/.venv/lib/python3.10/site-packages/airflow/example_dags/example_setup_teardown.py for tasks to queue
[2024-10-21T15:47:28.770+0700] {logging_mixin.py:190} INFO - [2024-10-21T15:47:28.770+0700] {dagbag.py:588} INFO - Filling up the DagBag from /Users/punny/Documents/GitHub/NYC-Taxi-ETL-Pipeline/.venv/lib/python3.10/site-packages/airflow/example_dags/example_setup_teardown.py
[2024-10-21T15:47:28.786+0700] {processor.py:925} INFO - DAG(s) 'example_setup_teardown' retrieved from /Users/punny/Documents/GitHub/NYC-Taxi-ETL-Pipeline/.venv/lib/python3.10/site-packages/airflow/example_dags/example_setup_teardown.py
[2024-10-21T15:47:29.056+0700] {logging_mixin.py:190} INFO - [2024-10-21T15:47:29.056+0700] {dag.py:3239} INFO - Sync 1 DAGs
[2024-10-21T15:47:29.076+0700] {logging_mixin.py:190} INFO - [2024-10-21T15:47:29.076+0700] {dag.py:4180} INFO - Setting next_dagrun for example_setup_teardown to None, run_after=None
[2024-10-21T15:47:29.111+0700] {processor.py:208} INFO - Processing /Users/punny/Documents/GitHub/NYC-Taxi-ETL-Pipeline/.venv/lib/python3.10/site-packages/airflow/example_dags/example_setup_teardown.py took 0.360 seconds
[2024-10-21T15:51:27.182+0700] {processor.py:186} INFO - Started process (PID=44338) to work on /Users/punny/Documents/GitHub/NYC-Taxi-ETL-Pipeline/.venv/lib/python3.10/site-packages/airflow/example_dags/example_setup_teardown.py
[2024-10-21T15:51:27.187+0700] {processor.py:914} INFO - Processing file /Users/punny/Documents/GitHub/NYC-Taxi-ETL-Pipeline/.venv/lib/python3.10/site-packages/airflow/example_dags/example_setup_teardown.py for tasks to queue
[2024-10-21T15:51:27.206+0700] {logging_mixin.py:190} INFO - [2024-10-21T15:51:27.206+0700] {dagbag.py:588} INFO - Filling up the DagBag from /Users/punny/Documents/GitHub/NYC-Taxi-ETL-Pipeline/.venv/lib/python3.10/site-packages/airflow/example_dags/example_setup_teardown.py
[2024-10-21T15:51:27.240+0700] {processor.py:925} INFO - DAG(s) 'example_setup_teardown' retrieved from /Users/punny/Documents/GitHub/NYC-Taxi-ETL-Pipeline/.venv/lib/python3.10/site-packages/airflow/example_dags/example_setup_teardown.py
[2024-10-21T15:51:27.532+0700] {logging_mixin.py:190} INFO - [2024-10-21T15:51:27.532+0700] {dag.py:3239} INFO - Sync 1 DAGs
[2024-10-21T15:51:27.549+0700] {logging_mixin.py:190} INFO - [2024-10-21T15:51:27.549+0700] {dag.py:4180} INFO - Setting next_dagrun for example_setup_teardown to None, run_after=None
[2024-10-21T15:51:27.592+0700] {processor.py:208} INFO - Processing /Users/punny/Documents/GitHub/NYC-Taxi-ETL-Pipeline/.venv/lib/python3.10/site-packages/airflow/example_dags/example_setup_teardown.py took 0.426 seconds
[2024-10-21T15:55:16.519+0700] {processor.py:186} INFO - Started process (PID=44804) to work on /Users/punny/Documents/GitHub/NYC-Taxi-ETL-Pipeline/.venv/lib/python3.10/site-packages/airflow/example_dags/example_setup_teardown.py
[2024-10-21T15:55:16.524+0700] {processor.py:914} INFO - Processing file /Users/punny/Documents/GitHub/NYC-Taxi-ETL-Pipeline/.venv/lib/python3.10/site-packages/airflow/example_dags/example_setup_teardown.py for tasks to queue
[2024-10-21T15:55:16.526+0700] {logging_mixin.py:190} INFO - [2024-10-21T15:55:16.526+0700] {dagbag.py:588} INFO - Filling up the DagBag from /Users/punny/Documents/GitHub/NYC-Taxi-ETL-Pipeline/.venv/lib/python3.10/site-packages/airflow/example_dags/example_setup_teardown.py
[2024-10-21T15:55:16.544+0700] {processor.py:925} INFO - DAG(s) 'example_setup_teardown' retrieved from /Users/punny/Documents/GitHub/NYC-Taxi-ETL-Pipeline/.venv/lib/python3.10/site-packages/airflow/example_dags/example_setup_teardown.py
[2024-10-21T15:55:16.891+0700] {logging_mixin.py:190} INFO - [2024-10-21T15:55:16.891+0700] {dag.py:3239} INFO - Sync 1 DAGs
[2024-10-21T15:55:16.913+0700] {logging_mixin.py:190} INFO - [2024-10-21T15:55:16.913+0700] {dag.py:4180} INFO - Setting next_dagrun for example_setup_teardown to None, run_after=None
[2024-10-21T15:55:16.950+0700] {processor.py:208} INFO - Processing /Users/punny/Documents/GitHub/NYC-Taxi-ETL-Pipeline/.venv/lib/python3.10/site-packages/airflow/example_dags/example_setup_teardown.py took 0.446 seconds
[2024-10-21T15:59:29.206+0700] {processor.py:186} INFO - Started process (PID=45341) to work on /Users/punny/Documents/GitHub/NYC-Taxi-ETL-Pipeline/.venv/lib/python3.10/site-packages/airflow/example_dags/example_setup_teardown.py
[2024-10-21T15:59:29.209+0700] {processor.py:914} INFO - Processing file /Users/punny/Documents/GitHub/NYC-Taxi-ETL-Pipeline/.venv/lib/python3.10/site-packages/airflow/example_dags/example_setup_teardown.py for tasks to queue
[2024-10-21T15:59:29.211+0700] {logging_mixin.py:190} INFO - [2024-10-21T15:59:29.211+0700] {dagbag.py:588} INFO - Filling up the DagBag from /Users/punny/Documents/GitHub/NYC-Taxi-ETL-Pipeline/.venv/lib/python3.10/site-packages/airflow/example_dags/example_setup_teardown.py
[2024-10-21T15:59:29.228+0700] {processor.py:925} INFO - DAG(s) 'example_setup_teardown' retrieved from /Users/punny/Documents/GitHub/NYC-Taxi-ETL-Pipeline/.venv/lib/python3.10/site-packages/airflow/example_dags/example_setup_teardown.py
[2024-10-21T15:59:29.492+0700] {logging_mixin.py:190} INFO - [2024-10-21T15:59:29.492+0700] {dag.py:3239} INFO - Sync 1 DAGs
[2024-10-21T15:59:29.514+0700] {logging_mixin.py:190} INFO - [2024-10-21T15:59:29.513+0700] {dag.py:4180} INFO - Setting next_dagrun for example_setup_teardown to None, run_after=None
[2024-10-21T15:59:29.543+0700] {processor.py:208} INFO - Processing /Users/punny/Documents/GitHub/NYC-Taxi-ETL-Pipeline/.venv/lib/python3.10/site-packages/airflow/example_dags/example_setup_teardown.py took 0.348 seconds
[2024-10-21T16:03:36.917+0700] {processor.py:186} INFO - Started process (PID=45892) to work on /Users/punny/Documents/GitHub/NYC-Taxi-ETL-Pipeline/.venv/lib/python3.10/site-packages/airflow/example_dags/example_setup_teardown.py
[2024-10-21T16:03:36.922+0700] {processor.py:914} INFO - Processing file /Users/punny/Documents/GitHub/NYC-Taxi-ETL-Pipeline/.venv/lib/python3.10/site-packages/airflow/example_dags/example_setup_teardown.py for tasks to queue
[2024-10-21T16:03:36.925+0700] {logging_mixin.py:190} INFO - [2024-10-21T16:03:36.924+0700] {dagbag.py:588} INFO - Filling up the DagBag from /Users/punny/Documents/GitHub/NYC-Taxi-ETL-Pipeline/.venv/lib/python3.10/site-packages/airflow/example_dags/example_setup_teardown.py
[2024-10-21T16:03:36.944+0700] {processor.py:925} INFO - DAG(s) 'example_setup_teardown' retrieved from /Users/punny/Documents/GitHub/NYC-Taxi-ETL-Pipeline/.venv/lib/python3.10/site-packages/airflow/example_dags/example_setup_teardown.py
[2024-10-21T16:03:37.277+0700] {logging_mixin.py:190} INFO - [2024-10-21T16:03:37.276+0700] {dag.py:3239} INFO - Sync 1 DAGs
[2024-10-21T16:03:37.303+0700] {logging_mixin.py:190} INFO - [2024-10-21T16:03:37.303+0700] {dag.py:4180} INFO - Setting next_dagrun for example_setup_teardown to None, run_after=None
[2024-10-21T16:03:37.341+0700] {processor.py:208} INFO - Processing /Users/punny/Documents/GitHub/NYC-Taxi-ETL-Pipeline/.venv/lib/python3.10/site-packages/airflow/example_dags/example_setup_teardown.py took 0.436 seconds
[2024-10-21T20:37:49.693+0700] {processor.py:186} INFO - Started process (PID=4343) to work on /Users/punny/Documents/GitHub/NYC-Taxi-ETL-Pipeline/.venv/lib/python3.10/site-packages/airflow/example_dags/example_setup_teardown.py
[2024-10-21T20:37:49.699+0700] {processor.py:914} INFO - Processing file /Users/punny/Documents/GitHub/NYC-Taxi-ETL-Pipeline/.venv/lib/python3.10/site-packages/airflow/example_dags/example_setup_teardown.py for tasks to queue
[2024-10-21T20:37:49.701+0700] {logging_mixin.py:190} INFO - [2024-10-21T20:37:49.700+0700] {dagbag.py:588} INFO - Filling up the DagBag from /Users/punny/Documents/GitHub/NYC-Taxi-ETL-Pipeline/.venv/lib/python3.10/site-packages/airflow/example_dags/example_setup_teardown.py
[2024-10-21T20:37:49.717+0700] {processor.py:925} INFO - DAG(s) 'example_setup_teardown' retrieved from /Users/punny/Documents/GitHub/NYC-Taxi-ETL-Pipeline/.venv/lib/python3.10/site-packages/airflow/example_dags/example_setup_teardown.py
[2024-10-21T20:37:50.005+0700] {logging_mixin.py:190} INFO - [2024-10-21T20:37:50.005+0700] {dag.py:3239} INFO - Sync 1 DAGs
[2024-10-21T20:37:50.028+0700] {logging_mixin.py:190} INFO - [2024-10-21T20:37:50.027+0700] {dag.py:4180} INFO - Setting next_dagrun for example_setup_teardown to None, run_after=None
[2024-10-21T20:37:50.061+0700] {processor.py:208} INFO - Processing /Users/punny/Documents/GitHub/NYC-Taxi-ETL-Pipeline/.venv/lib/python3.10/site-packages/airflow/example_dags/example_setup_teardown.py took 0.380 seconds
[2024-10-21T20:41:18.221+0700] {processor.py:186} INFO - Started process (PID=4592) to work on /Users/punny/Documents/GitHub/NYC-Taxi-ETL-Pipeline/.venv/lib/python3.10/site-packages/airflow/example_dags/example_setup_teardown.py
[2024-10-21T20:41:18.224+0700] {processor.py:914} INFO - Processing file /Users/punny/Documents/GitHub/NYC-Taxi-ETL-Pipeline/.venv/lib/python3.10/site-packages/airflow/example_dags/example_setup_teardown.py for tasks to queue
[2024-10-21T20:41:18.225+0700] {logging_mixin.py:190} INFO - [2024-10-21T20:41:18.225+0700] {dagbag.py:588} INFO - Filling up the DagBag from /Users/punny/Documents/GitHub/NYC-Taxi-ETL-Pipeline/.venv/lib/python3.10/site-packages/airflow/example_dags/example_setup_teardown.py
[2024-10-21T20:41:18.236+0700] {processor.py:925} INFO - DAG(s) 'example_setup_teardown' retrieved from /Users/punny/Documents/GitHub/NYC-Taxi-ETL-Pipeline/.venv/lib/python3.10/site-packages/airflow/example_dags/example_setup_teardown.py
[2024-10-21T20:41:18.416+0700] {logging_mixin.py:190} INFO - [2024-10-21T20:41:18.416+0700] {dag.py:3239} INFO - Sync 1 DAGs
[2024-10-21T20:41:18.429+0700] {logging_mixin.py:190} INFO - [2024-10-21T20:41:18.429+0700] {dag.py:4180} INFO - Setting next_dagrun for example_setup_teardown to None, run_after=None
[2024-10-21T20:41:18.450+0700] {processor.py:208} INFO - Processing /Users/punny/Documents/GitHub/NYC-Taxi-ETL-Pipeline/.venv/lib/python3.10/site-packages/airflow/example_dags/example_setup_teardown.py took 0.235 seconds
[2024-10-21T20:45:08.027+0700] {processor.py:186} INFO - Started process (PID=4951) to work on /Users/punny/Documents/GitHub/NYC-Taxi-ETL-Pipeline/.venv/lib/python3.10/site-packages/airflow/example_dags/example_setup_teardown.py
[2024-10-21T20:45:08.031+0700] {processor.py:914} INFO - Processing file /Users/punny/Documents/GitHub/NYC-Taxi-ETL-Pipeline/.venv/lib/python3.10/site-packages/airflow/example_dags/example_setup_teardown.py for tasks to queue
[2024-10-21T20:45:08.033+0700] {logging_mixin.py:190} INFO - [2024-10-21T20:45:08.032+0700] {dagbag.py:588} INFO - Filling up the DagBag from /Users/punny/Documents/GitHub/NYC-Taxi-ETL-Pipeline/.venv/lib/python3.10/site-packages/airflow/example_dags/example_setup_teardown.py
[2024-10-21T20:45:08.050+0700] {processor.py:925} INFO - DAG(s) 'example_setup_teardown' retrieved from /Users/punny/Documents/GitHub/NYC-Taxi-ETL-Pipeline/.venv/lib/python3.10/site-packages/airflow/example_dags/example_setup_teardown.py
[2024-10-21T20:45:08.411+0700] {logging_mixin.py:190} INFO - [2024-10-21T20:45:08.410+0700] {dag.py:3239} INFO - Sync 1 DAGs
[2024-10-21T20:45:08.430+0700] {logging_mixin.py:190} INFO - [2024-10-21T20:45:08.429+0700] {dag.py:4180} INFO - Setting next_dagrun for example_setup_teardown to None, run_after=None
[2024-10-21T20:45:08.460+0700] {processor.py:208} INFO - Processing /Users/punny/Documents/GitHub/NYC-Taxi-ETL-Pipeline/.venv/lib/python3.10/site-packages/airflow/example_dags/example_setup_teardown.py took 0.443 seconds
[2024-10-21T20:49:06.685+0700] {processor.py:186} INFO - Started process (PID=5370) to work on /Users/punny/Documents/GitHub/NYC-Taxi-ETL-Pipeline/.venv/lib/python3.10/site-packages/airflow/example_dags/example_setup_teardown.py
[2024-10-21T20:49:06.688+0700] {processor.py:914} INFO - Processing file /Users/punny/Documents/GitHub/NYC-Taxi-ETL-Pipeline/.venv/lib/python3.10/site-packages/airflow/example_dags/example_setup_teardown.py for tasks to queue
[2024-10-21T20:49:06.689+0700] {logging_mixin.py:190} INFO - [2024-10-21T20:49:06.689+0700] {dagbag.py:588} INFO - Filling up the DagBag from /Users/punny/Documents/GitHub/NYC-Taxi-ETL-Pipeline/.venv/lib/python3.10/site-packages/airflow/example_dags/example_setup_teardown.py
[2024-10-21T20:49:06.702+0700] {processor.py:925} INFO - DAG(s) 'example_setup_teardown' retrieved from /Users/punny/Documents/GitHub/NYC-Taxi-ETL-Pipeline/.venv/lib/python3.10/site-packages/airflow/example_dags/example_setup_teardown.py
[2024-10-21T20:49:06.903+0700] {logging_mixin.py:190} INFO - [2024-10-21T20:49:06.903+0700] {dag.py:3239} INFO - Sync 1 DAGs
[2024-10-21T20:49:06.919+0700] {logging_mixin.py:190} INFO - [2024-10-21T20:49:06.919+0700] {dag.py:4180} INFO - Setting next_dagrun for example_setup_teardown to None, run_after=None
[2024-10-21T20:49:06.948+0700] {processor.py:208} INFO - Processing /Users/punny/Documents/GitHub/NYC-Taxi-ETL-Pipeline/.venv/lib/python3.10/site-packages/airflow/example_dags/example_setup_teardown.py took 0.271 seconds
[2024-10-21T20:57:00.630+0700] {processor.py:186} INFO - Started process (PID=6239) to work on /Users/punny/Documents/GitHub/NYC-Taxi-ETL-Pipeline/.venv/lib/python3.10/site-packages/airflow/example_dags/example_setup_teardown.py
[2024-10-21T20:57:00.632+0700] {processor.py:914} INFO - Processing file /Users/punny/Documents/GitHub/NYC-Taxi-ETL-Pipeline/.venv/lib/python3.10/site-packages/airflow/example_dags/example_setup_teardown.py for tasks to queue
[2024-10-21T20:57:00.634+0700] {logging_mixin.py:190} INFO - [2024-10-21T20:57:00.633+0700] {dagbag.py:588} INFO - Filling up the DagBag from /Users/punny/Documents/GitHub/NYC-Taxi-ETL-Pipeline/.venv/lib/python3.10/site-packages/airflow/example_dags/example_setup_teardown.py
[2024-10-21T20:57:00.644+0700] {processor.py:925} INFO - DAG(s) 'example_setup_teardown' retrieved from /Users/punny/Documents/GitHub/NYC-Taxi-ETL-Pipeline/.venv/lib/python3.10/site-packages/airflow/example_dags/example_setup_teardown.py
[2024-10-21T20:57:00.838+0700] {logging_mixin.py:190} INFO - [2024-10-21T20:57:00.838+0700] {dag.py:3239} INFO - Sync 1 DAGs
[2024-10-21T20:57:00.853+0700] {logging_mixin.py:190} INFO - [2024-10-21T20:57:00.853+0700] {dag.py:4180} INFO - Setting next_dagrun for example_setup_teardown to None, run_after=None
[2024-10-21T20:57:00.878+0700] {processor.py:208} INFO - Processing /Users/punny/Documents/GitHub/NYC-Taxi-ETL-Pipeline/.venv/lib/python3.10/site-packages/airflow/example_dags/example_setup_teardown.py took 0.257 seconds
[2024-10-21T21:01:00.640+0700] {processor.py:186} INFO - Started process (PID=6474) to work on /Users/punny/Documents/GitHub/NYC-Taxi-ETL-Pipeline/.venv/lib/python3.10/site-packages/airflow/example_dags/example_setup_teardown.py
[2024-10-21T21:01:00.645+0700] {processor.py:914} INFO - Processing file /Users/punny/Documents/GitHub/NYC-Taxi-ETL-Pipeline/.venv/lib/python3.10/site-packages/airflow/example_dags/example_setup_teardown.py for tasks to queue
[2024-10-21T21:01:00.647+0700] {logging_mixin.py:190} INFO - [2024-10-21T21:01:00.646+0700] {dagbag.py:588} INFO - Filling up the DagBag from /Users/punny/Documents/GitHub/NYC-Taxi-ETL-Pipeline/.venv/lib/python3.10/site-packages/airflow/example_dags/example_setup_teardown.py
[2024-10-21T21:01:00.673+0700] {processor.py:925} INFO - DAG(s) 'example_setup_teardown' retrieved from /Users/punny/Documents/GitHub/NYC-Taxi-ETL-Pipeline/.venv/lib/python3.10/site-packages/airflow/example_dags/example_setup_teardown.py
[2024-10-21T21:01:00.997+0700] {logging_mixin.py:190} INFO - [2024-10-21T21:01:00.996+0700] {dag.py:3239} INFO - Sync 1 DAGs
[2024-10-21T21:01:01.034+0700] {logging_mixin.py:190} INFO - [2024-10-21T21:01:01.034+0700] {dag.py:4180} INFO - Setting next_dagrun for example_setup_teardown to None, run_after=None
[2024-10-21T21:01:01.086+0700] {processor.py:208} INFO - Processing /Users/punny/Documents/GitHub/NYC-Taxi-ETL-Pipeline/.venv/lib/python3.10/site-packages/airflow/example_dags/example_setup_teardown.py took 0.454 seconds
[2024-10-21T21:04:56.725+0700] {processor.py:186} INFO - Started process (PID=6782) to work on /Users/punny/Documents/GitHub/NYC-Taxi-ETL-Pipeline/.venv/lib/python3.10/site-packages/airflow/example_dags/example_setup_teardown.py
[2024-10-21T21:04:56.728+0700] {processor.py:914} INFO - Processing file /Users/punny/Documents/GitHub/NYC-Taxi-ETL-Pipeline/.venv/lib/python3.10/site-packages/airflow/example_dags/example_setup_teardown.py for tasks to queue
[2024-10-21T21:04:56.730+0700] {logging_mixin.py:190} INFO - [2024-10-21T21:04:56.729+0700] {dagbag.py:588} INFO - Filling up the DagBag from /Users/punny/Documents/GitHub/NYC-Taxi-ETL-Pipeline/.venv/lib/python3.10/site-packages/airflow/example_dags/example_setup_teardown.py
[2024-10-21T21:04:56.741+0700] {processor.py:925} INFO - DAG(s) 'example_setup_teardown' retrieved from /Users/punny/Documents/GitHub/NYC-Taxi-ETL-Pipeline/.venv/lib/python3.10/site-packages/airflow/example_dags/example_setup_teardown.py
[2024-10-21T21:04:56.926+0700] {logging_mixin.py:190} INFO - [2024-10-21T21:04:56.926+0700] {dag.py:3239} INFO - Sync 1 DAGs
[2024-10-21T21:04:56.939+0700] {logging_mixin.py:190} INFO - [2024-10-21T21:04:56.939+0700] {dag.py:4180} INFO - Setting next_dagrun for example_setup_teardown to None, run_after=None
[2024-10-21T21:04:56.961+0700] {processor.py:208} INFO - Processing /Users/punny/Documents/GitHub/NYC-Taxi-ETL-Pipeline/.venv/lib/python3.10/site-packages/airflow/example_dags/example_setup_teardown.py took 0.245 seconds
[2024-10-21T21:08:26.821+0700] {processor.py:186} INFO - Started process (PID=7089) to work on /Users/punny/Documents/GitHub/NYC-Taxi-ETL-Pipeline/.venv/lib/python3.10/site-packages/airflow/example_dags/example_setup_teardown.py
[2024-10-21T21:08:26.825+0700] {processor.py:914} INFO - Processing file /Users/punny/Documents/GitHub/NYC-Taxi-ETL-Pipeline/.venv/lib/python3.10/site-packages/airflow/example_dags/example_setup_teardown.py for tasks to queue
[2024-10-21T21:08:26.826+0700] {logging_mixin.py:190} INFO - [2024-10-21T21:08:26.826+0700] {dagbag.py:588} INFO - Filling up the DagBag from /Users/punny/Documents/GitHub/NYC-Taxi-ETL-Pipeline/.venv/lib/python3.10/site-packages/airflow/example_dags/example_setup_teardown.py
[2024-10-21T21:08:26.842+0700] {processor.py:925} INFO - DAG(s) 'example_setup_teardown' retrieved from /Users/punny/Documents/GitHub/NYC-Taxi-ETL-Pipeline/.venv/lib/python3.10/site-packages/airflow/example_dags/example_setup_teardown.py
[2024-10-21T21:08:27.084+0700] {logging_mixin.py:190} INFO - [2024-10-21T21:08:27.083+0700] {dag.py:3239} INFO - Sync 1 DAGs
[2024-10-21T21:08:27.101+0700] {logging_mixin.py:190} INFO - [2024-10-21T21:08:27.101+0700] {dag.py:4180} INFO - Setting next_dagrun for example_setup_teardown to None, run_after=None
[2024-10-21T21:08:27.129+0700] {processor.py:208} INFO - Processing /Users/punny/Documents/GitHub/NYC-Taxi-ETL-Pipeline/.venv/lib/python3.10/site-packages/airflow/example_dags/example_setup_teardown.py took 0.318 seconds
[2024-10-21T21:11:38.139+0700] {processor.py:186} INFO - Started process (PID=7268) to work on /Users/punny/Documents/GitHub/NYC-Taxi-ETL-Pipeline/.venv/lib/python3.10/site-packages/airflow/example_dags/example_setup_teardown.py
[2024-10-21T21:11:38.144+0700] {processor.py:914} INFO - Processing file /Users/punny/Documents/GitHub/NYC-Taxi-ETL-Pipeline/.venv/lib/python3.10/site-packages/airflow/example_dags/example_setup_teardown.py for tasks to queue
[2024-10-21T21:11:38.145+0700] {logging_mixin.py:190} INFO - [2024-10-21T21:11:38.145+0700] {dagbag.py:588} INFO - Filling up the DagBag from /Users/punny/Documents/GitHub/NYC-Taxi-ETL-Pipeline/.venv/lib/python3.10/site-packages/airflow/example_dags/example_setup_teardown.py
[2024-10-21T21:11:38.157+0700] {processor.py:925} INFO - DAG(s) 'example_setup_teardown' retrieved from /Users/punny/Documents/GitHub/NYC-Taxi-ETL-Pipeline/.venv/lib/python3.10/site-packages/airflow/example_dags/example_setup_teardown.py
[2024-10-21T21:11:38.342+0700] {logging_mixin.py:190} INFO - [2024-10-21T21:11:38.342+0700] {dag.py:3239} INFO - Sync 1 DAGs
[2024-10-21T21:11:38.355+0700] {logging_mixin.py:190} INFO - [2024-10-21T21:11:38.355+0700] {dag.py:4180} INFO - Setting next_dagrun for example_setup_teardown to None, run_after=None
[2024-10-21T21:11:38.377+0700] {processor.py:208} INFO - Processing /Users/punny/Documents/GitHub/NYC-Taxi-ETL-Pipeline/.venv/lib/python3.10/site-packages/airflow/example_dags/example_setup_teardown.py took 0.246 seconds
[2024-10-21T21:14:45.416+0700] {processor.py:186} INFO - Started process (PID=7626) to work on /Users/punny/Documents/GitHub/NYC-Taxi-ETL-Pipeline/.venv/lib/python3.10/site-packages/airflow/example_dags/example_setup_teardown.py
[2024-10-21T21:14:45.419+0700] {processor.py:914} INFO - Processing file /Users/punny/Documents/GitHub/NYC-Taxi-ETL-Pipeline/.venv/lib/python3.10/site-packages/airflow/example_dags/example_setup_teardown.py for tasks to queue
[2024-10-21T21:14:45.420+0700] {logging_mixin.py:190} INFO - [2024-10-21T21:14:45.420+0700] {dagbag.py:588} INFO - Filling up the DagBag from /Users/punny/Documents/GitHub/NYC-Taxi-ETL-Pipeline/.venv/lib/python3.10/site-packages/airflow/example_dags/example_setup_teardown.py
[2024-10-21T21:14:45.431+0700] {processor.py:925} INFO - DAG(s) 'example_setup_teardown' retrieved from /Users/punny/Documents/GitHub/NYC-Taxi-ETL-Pipeline/.venv/lib/python3.10/site-packages/airflow/example_dags/example_setup_teardown.py
[2024-10-21T21:14:45.622+0700] {logging_mixin.py:190} INFO - [2024-10-21T21:14:45.621+0700] {dag.py:3239} INFO - Sync 1 DAGs
[2024-10-21T21:14:45.635+0700] {logging_mixin.py:190} INFO - [2024-10-21T21:14:45.635+0700] {dag.py:4180} INFO - Setting next_dagrun for example_setup_teardown to None, run_after=None
[2024-10-21T21:14:45.659+0700] {processor.py:208} INFO - Processing /Users/punny/Documents/GitHub/NYC-Taxi-ETL-Pipeline/.venv/lib/python3.10/site-packages/airflow/example_dags/example_setup_teardown.py took 0.250 seconds
[2024-10-21T21:18:08.672+0700] {processor.py:186} INFO - Started process (PID=7930) to work on /Users/punny/Documents/GitHub/NYC-Taxi-ETL-Pipeline/.venv/lib/python3.10/site-packages/airflow/example_dags/example_setup_teardown.py
[2024-10-21T21:18:08.680+0700] {processor.py:914} INFO - Processing file /Users/punny/Documents/GitHub/NYC-Taxi-ETL-Pipeline/.venv/lib/python3.10/site-packages/airflow/example_dags/example_setup_teardown.py for tasks to queue
[2024-10-21T21:18:08.681+0700] {logging_mixin.py:190} INFO - [2024-10-21T21:18:08.681+0700] {dagbag.py:588} INFO - Filling up the DagBag from /Users/punny/Documents/GitHub/NYC-Taxi-ETL-Pipeline/.venv/lib/python3.10/site-packages/airflow/example_dags/example_setup_teardown.py
[2024-10-21T21:18:08.696+0700] {processor.py:925} INFO - DAG(s) 'example_setup_teardown' retrieved from /Users/punny/Documents/GitHub/NYC-Taxi-ETL-Pipeline/.venv/lib/python3.10/site-packages/airflow/example_dags/example_setup_teardown.py
[2024-10-21T21:18:08.931+0700] {logging_mixin.py:190} INFO - [2024-10-21T21:18:08.931+0700] {dag.py:3239} INFO - Sync 1 DAGs
[2024-10-21T21:18:08.946+0700] {logging_mixin.py:190} INFO - [2024-10-21T21:18:08.946+0700] {dag.py:4180} INFO - Setting next_dagrun for example_setup_teardown to None, run_after=None
[2024-10-21T21:18:08.975+0700] {processor.py:208} INFO - Processing /Users/punny/Documents/GitHub/NYC-Taxi-ETL-Pipeline/.venv/lib/python3.10/site-packages/airflow/example_dags/example_setup_teardown.py took 0.312 seconds
[2024-10-21T21:21:05.104+0700] {processor.py:186} INFO - Started process (PID=8096) to work on /Users/punny/Documents/GitHub/NYC-Taxi-ETL-Pipeline/.venv/lib/python3.10/site-packages/airflow/example_dags/example_setup_teardown.py
[2024-10-21T21:21:05.107+0700] {processor.py:914} INFO - Processing file /Users/punny/Documents/GitHub/NYC-Taxi-ETL-Pipeline/.venv/lib/python3.10/site-packages/airflow/example_dags/example_setup_teardown.py for tasks to queue
[2024-10-21T21:21:05.108+0700] {logging_mixin.py:190} INFO - [2024-10-21T21:21:05.108+0700] {dagbag.py:588} INFO - Filling up the DagBag from /Users/punny/Documents/GitHub/NYC-Taxi-ETL-Pipeline/.venv/lib/python3.10/site-packages/airflow/example_dags/example_setup_teardown.py
[2024-10-21T21:21:05.119+0700] {processor.py:925} INFO - DAG(s) 'example_setup_teardown' retrieved from /Users/punny/Documents/GitHub/NYC-Taxi-ETL-Pipeline/.venv/lib/python3.10/site-packages/airflow/example_dags/example_setup_teardown.py
[2024-10-21T21:21:05.309+0700] {logging_mixin.py:190} INFO - [2024-10-21T21:21:05.309+0700] {dag.py:3239} INFO - Sync 1 DAGs
[2024-10-21T21:21:05.322+0700] {logging_mixin.py:190} INFO - [2024-10-21T21:21:05.322+0700] {dag.py:4180} INFO - Setting next_dagrun for example_setup_teardown to None, run_after=None
[2024-10-21T21:21:05.343+0700] {processor.py:208} INFO - Processing /Users/punny/Documents/GitHub/NYC-Taxi-ETL-Pipeline/.venv/lib/python3.10/site-packages/airflow/example_dags/example_setup_teardown.py took 0.247 seconds
[2024-10-21T21:23:59.243+0700] {processor.py:186} INFO - Started process (PID=8323) to work on /Users/punny/Documents/GitHub/NYC-Taxi-ETL-Pipeline/.venv/lib/python3.10/site-packages/airflow/example_dags/example_setup_teardown.py
[2024-10-21T21:23:59.247+0700] {processor.py:914} INFO - Processing file /Users/punny/Documents/GitHub/NYC-Taxi-ETL-Pipeline/.venv/lib/python3.10/site-packages/airflow/example_dags/example_setup_teardown.py for tasks to queue
[2024-10-21T21:23:59.249+0700] {logging_mixin.py:190} INFO - [2024-10-21T21:23:59.249+0700] {dagbag.py:588} INFO - Filling up the DagBag from /Users/punny/Documents/GitHub/NYC-Taxi-ETL-Pipeline/.venv/lib/python3.10/site-packages/airflow/example_dags/example_setup_teardown.py
[2024-10-21T21:23:59.265+0700] {processor.py:925} INFO - DAG(s) 'example_setup_teardown' retrieved from /Users/punny/Documents/GitHub/NYC-Taxi-ETL-Pipeline/.venv/lib/python3.10/site-packages/airflow/example_dags/example_setup_teardown.py
[2024-10-21T21:23:59.482+0700] {logging_mixin.py:190} INFO - [2024-10-21T21:23:59.482+0700] {dag.py:3239} INFO - Sync 1 DAGs
[2024-10-21T21:23:59.497+0700] {logging_mixin.py:190} INFO - [2024-10-21T21:23:59.497+0700] {dag.py:4180} INFO - Setting next_dagrun for example_setup_teardown to None, run_after=None
[2024-10-21T21:23:59.522+0700] {processor.py:208} INFO - Processing /Users/punny/Documents/GitHub/NYC-Taxi-ETL-Pipeline/.venv/lib/python3.10/site-packages/airflow/example_dags/example_setup_teardown.py took 0.288 seconds
[2024-10-21T21:27:33.984+0700] {processor.py:186} INFO - Started process (PID=8700) to work on /Users/punny/Documents/GitHub/NYC-Taxi-ETL-Pipeline/.venv/lib/python3.10/site-packages/airflow/example_dags/example_setup_teardown.py
[2024-10-21T21:27:33.987+0700] {processor.py:914} INFO - Processing file /Users/punny/Documents/GitHub/NYC-Taxi-ETL-Pipeline/.venv/lib/python3.10/site-packages/airflow/example_dags/example_setup_teardown.py for tasks to queue
[2024-10-21T21:27:33.988+0700] {logging_mixin.py:190} INFO - [2024-10-21T21:27:33.988+0700] {dagbag.py:588} INFO - Filling up the DagBag from /Users/punny/Documents/GitHub/NYC-Taxi-ETL-Pipeline/.venv/lib/python3.10/site-packages/airflow/example_dags/example_setup_teardown.py
[2024-10-21T21:27:33.999+0700] {processor.py:925} INFO - DAG(s) 'example_setup_teardown' retrieved from /Users/punny/Documents/GitHub/NYC-Taxi-ETL-Pipeline/.venv/lib/python3.10/site-packages/airflow/example_dags/example_setup_teardown.py
[2024-10-21T21:27:34.188+0700] {logging_mixin.py:190} INFO - [2024-10-21T21:27:34.188+0700] {dag.py:3239} INFO - Sync 1 DAGs
[2024-10-21T21:27:34.202+0700] {logging_mixin.py:190} INFO - [2024-10-21T21:27:34.201+0700] {dag.py:4180} INFO - Setting next_dagrun for example_setup_teardown to None, run_after=None
[2024-10-21T21:27:34.223+0700] {processor.py:208} INFO - Processing /Users/punny/Documents/GitHub/NYC-Taxi-ETL-Pipeline/.venv/lib/python3.10/site-packages/airflow/example_dags/example_setup_teardown.py took 0.246 seconds
[2024-10-21T21:30:28.798+0700] {processor.py:186} INFO - Started process (PID=8931) to work on /Users/punny/Documents/GitHub/NYC-Taxi-ETL-Pipeline/.venv/lib/python3.10/site-packages/airflow/example_dags/example_setup_teardown.py
[2024-10-21T21:30:28.801+0700] {processor.py:914} INFO - Processing file /Users/punny/Documents/GitHub/NYC-Taxi-ETL-Pipeline/.venv/lib/python3.10/site-packages/airflow/example_dags/example_setup_teardown.py for tasks to queue
[2024-10-21T21:30:28.802+0700] {logging_mixin.py:190} INFO - [2024-10-21T21:30:28.802+0700] {dagbag.py:588} INFO - Filling up the DagBag from /Users/punny/Documents/GitHub/NYC-Taxi-ETL-Pipeline/.venv/lib/python3.10/site-packages/airflow/example_dags/example_setup_teardown.py
[2024-10-21T21:30:28.814+0700] {processor.py:925} INFO - DAG(s) 'example_setup_teardown' retrieved from /Users/punny/Documents/GitHub/NYC-Taxi-ETL-Pipeline/.venv/lib/python3.10/site-packages/airflow/example_dags/example_setup_teardown.py
[2024-10-21T21:30:29.035+0700] {logging_mixin.py:190} INFO - [2024-10-21T21:30:29.035+0700] {dag.py:3239} INFO - Sync 1 DAGs
[2024-10-21T21:30:29.049+0700] {logging_mixin.py:190} INFO - [2024-10-21T21:30:29.049+0700] {dag.py:4180} INFO - Setting next_dagrun for example_setup_teardown to None, run_after=None
[2024-10-21T21:30:29.073+0700] {processor.py:208} INFO - Processing /Users/punny/Documents/GitHub/NYC-Taxi-ETL-Pipeline/.venv/lib/python3.10/site-packages/airflow/example_dags/example_setup_teardown.py took 0.283 seconds
[2024-10-21T21:33:18.376+0700] {processor.py:186} INFO - Started process (PID=9148) to work on /Users/punny/Documents/GitHub/NYC-Taxi-ETL-Pipeline/.venv/lib/python3.10/site-packages/airflow/example_dags/example_setup_teardown.py
[2024-10-21T21:33:18.379+0700] {processor.py:914} INFO - Processing file /Users/punny/Documents/GitHub/NYC-Taxi-ETL-Pipeline/.venv/lib/python3.10/site-packages/airflow/example_dags/example_setup_teardown.py for tasks to queue
[2024-10-21T21:33:18.380+0700] {logging_mixin.py:190} INFO - [2024-10-21T21:33:18.380+0700] {dagbag.py:588} INFO - Filling up the DagBag from /Users/punny/Documents/GitHub/NYC-Taxi-ETL-Pipeline/.venv/lib/python3.10/site-packages/airflow/example_dags/example_setup_teardown.py
[2024-10-21T21:33:18.391+0700] {processor.py:925} INFO - DAG(s) 'example_setup_teardown' retrieved from /Users/punny/Documents/GitHub/NYC-Taxi-ETL-Pipeline/.venv/lib/python3.10/site-packages/airflow/example_dags/example_setup_teardown.py
[2024-10-21T21:33:18.572+0700] {logging_mixin.py:190} INFO - [2024-10-21T21:33:18.572+0700] {dag.py:3239} INFO - Sync 1 DAGs
[2024-10-21T21:33:18.585+0700] {logging_mixin.py:190} INFO - [2024-10-21T21:33:18.585+0700] {dag.py:4180} INFO - Setting next_dagrun for example_setup_teardown to None, run_after=None
[2024-10-21T21:33:18.608+0700] {processor.py:208} INFO - Processing /Users/punny/Documents/GitHub/NYC-Taxi-ETL-Pipeline/.venv/lib/python3.10/site-packages/airflow/example_dags/example_setup_teardown.py took 0.237 seconds
[2024-10-21T21:36:16.626+0700] {processor.py:186} INFO - Started process (PID=9394) to work on /Users/punny/Documents/GitHub/NYC-Taxi-ETL-Pipeline/.venv/lib/python3.10/site-packages/airflow/example_dags/example_setup_teardown.py
[2024-10-21T21:36:16.629+0700] {processor.py:914} INFO - Processing file /Users/punny/Documents/GitHub/NYC-Taxi-ETL-Pipeline/.venv/lib/python3.10/site-packages/airflow/example_dags/example_setup_teardown.py for tasks to queue
[2024-10-21T21:36:16.630+0700] {logging_mixin.py:190} INFO - [2024-10-21T21:36:16.630+0700] {dagbag.py:588} INFO - Filling up the DagBag from /Users/punny/Documents/GitHub/NYC-Taxi-ETL-Pipeline/.venv/lib/python3.10/site-packages/airflow/example_dags/example_setup_teardown.py
[2024-10-21T21:36:16.644+0700] {processor.py:925} INFO - DAG(s) 'example_setup_teardown' retrieved from /Users/punny/Documents/GitHub/NYC-Taxi-ETL-Pipeline/.venv/lib/python3.10/site-packages/airflow/example_dags/example_setup_teardown.py
[2024-10-21T21:36:16.841+0700] {logging_mixin.py:190} INFO - [2024-10-21T21:36:16.841+0700] {dag.py:3239} INFO - Sync 1 DAGs
[2024-10-21T21:36:16.856+0700] {logging_mixin.py:190} INFO - [2024-10-21T21:36:16.856+0700] {dag.py:4180} INFO - Setting next_dagrun for example_setup_teardown to None, run_after=None
[2024-10-21T21:36:16.877+0700] {processor.py:208} INFO - Processing /Users/punny/Documents/GitHub/NYC-Taxi-ETL-Pipeline/.venv/lib/python3.10/site-packages/airflow/example_dags/example_setup_teardown.py took 0.259 seconds
[2024-10-21T21:40:02.842+0700] {processor.py:186} INFO - Started process (PID=9775) to work on /Users/punny/Documents/GitHub/NYC-Taxi-ETL-Pipeline/.venv/lib/python3.10/site-packages/airflow/example_dags/example_setup_teardown.py
[2024-10-21T21:40:02.847+0700] {processor.py:914} INFO - Processing file /Users/punny/Documents/GitHub/NYC-Taxi-ETL-Pipeline/.venv/lib/python3.10/site-packages/airflow/example_dags/example_setup_teardown.py for tasks to queue
[2024-10-21T21:40:02.851+0700] {logging_mixin.py:190} INFO - [2024-10-21T21:40:02.850+0700] {dagbag.py:588} INFO - Filling up the DagBag from /Users/punny/Documents/GitHub/NYC-Taxi-ETL-Pipeline/.venv/lib/python3.10/site-packages/airflow/example_dags/example_setup_teardown.py
[2024-10-21T21:40:02.869+0700] {processor.py:925} INFO - DAG(s) 'example_setup_teardown' retrieved from /Users/punny/Documents/GitHub/NYC-Taxi-ETL-Pipeline/.venv/lib/python3.10/site-packages/airflow/example_dags/example_setup_teardown.py
[2024-10-21T21:40:03.070+0700] {logging_mixin.py:190} INFO - [2024-10-21T21:40:03.070+0700] {dag.py:3239} INFO - Sync 1 DAGs
[2024-10-21T21:40:03.084+0700] {logging_mixin.py:190} INFO - [2024-10-21T21:40:03.083+0700] {dag.py:4180} INFO - Setting next_dagrun for example_setup_teardown to None, run_after=None
[2024-10-21T21:40:03.105+0700] {processor.py:208} INFO - Processing /Users/punny/Documents/GitHub/NYC-Taxi-ETL-Pipeline/.venv/lib/python3.10/site-packages/airflow/example_dags/example_setup_teardown.py took 0.277 seconds
[2024-10-21T21:43:34.001+0700] {processor.py:186} INFO - Started process (PID=10077) to work on /Users/punny/Documents/GitHub/NYC-Taxi-ETL-Pipeline/.venv/lib/python3.10/site-packages/airflow/example_dags/example_setup_teardown.py
[2024-10-21T21:43:34.004+0700] {processor.py:914} INFO - Processing file /Users/punny/Documents/GitHub/NYC-Taxi-ETL-Pipeline/.venv/lib/python3.10/site-packages/airflow/example_dags/example_setup_teardown.py for tasks to queue
[2024-10-21T21:43:34.005+0700] {logging_mixin.py:190} INFO - [2024-10-21T21:43:34.005+0700] {dagbag.py:588} INFO - Filling up the DagBag from /Users/punny/Documents/GitHub/NYC-Taxi-ETL-Pipeline/.venv/lib/python3.10/site-packages/airflow/example_dags/example_setup_teardown.py
[2024-10-21T21:43:34.016+0700] {processor.py:925} INFO - DAG(s) 'example_setup_teardown' retrieved from /Users/punny/Documents/GitHub/NYC-Taxi-ETL-Pipeline/.venv/lib/python3.10/site-packages/airflow/example_dags/example_setup_teardown.py
[2024-10-21T21:43:34.203+0700] {logging_mixin.py:190} INFO - [2024-10-21T21:43:34.203+0700] {dag.py:3239} INFO - Sync 1 DAGs
[2024-10-21T21:43:34.217+0700] {logging_mixin.py:190} INFO - [2024-10-21T21:43:34.216+0700] {dag.py:4180} INFO - Setting next_dagrun for example_setup_teardown to None, run_after=None
[2024-10-21T21:43:34.238+0700] {processor.py:208} INFO - Processing /Users/punny/Documents/GitHub/NYC-Taxi-ETL-Pipeline/.venv/lib/python3.10/site-packages/airflow/example_dags/example_setup_teardown.py took 0.245 seconds
[2024-10-21T21:47:04.573+0700] {processor.py:186} INFO - Started process (PID=10456) to work on /Users/punny/Documents/GitHub/NYC-Taxi-ETL-Pipeline/.venv/lib/python3.10/site-packages/airflow/example_dags/example_setup_teardown.py
[2024-10-21T21:47:04.576+0700] {processor.py:914} INFO - Processing file /Users/punny/Documents/GitHub/NYC-Taxi-ETL-Pipeline/.venv/lib/python3.10/site-packages/airflow/example_dags/example_setup_teardown.py for tasks to queue
[2024-10-21T21:47:04.577+0700] {logging_mixin.py:190} INFO - [2024-10-21T21:47:04.577+0700] {dagbag.py:588} INFO - Filling up the DagBag from /Users/punny/Documents/GitHub/NYC-Taxi-ETL-Pipeline/.venv/lib/python3.10/site-packages/airflow/example_dags/example_setup_teardown.py
[2024-10-21T21:47:04.588+0700] {processor.py:925} INFO - DAG(s) 'example_setup_teardown' retrieved from /Users/punny/Documents/GitHub/NYC-Taxi-ETL-Pipeline/.venv/lib/python3.10/site-packages/airflow/example_dags/example_setup_teardown.py
[2024-10-21T21:47:04.781+0700] {logging_mixin.py:190} INFO - [2024-10-21T21:47:04.781+0700] {dag.py:3239} INFO - Sync 1 DAGs
[2024-10-21T21:47:04.795+0700] {logging_mixin.py:190} INFO - [2024-10-21T21:47:04.794+0700] {dag.py:4180} INFO - Setting next_dagrun for example_setup_teardown to None, run_after=None
[2024-10-21T21:47:04.816+0700] {processor.py:208} INFO - Processing /Users/punny/Documents/GitHub/NYC-Taxi-ETL-Pipeline/.venv/lib/python3.10/site-packages/airflow/example_dags/example_setup_teardown.py took 0.250 seconds
[2024-10-21T21:51:33.231+0700] {processor.py:186} INFO - Started process (PID=10808) to work on /Users/punny/Documents/GitHub/NYC-Taxi-ETL-Pipeline/.venv/lib/python3.10/site-packages/airflow/example_dags/example_setup_teardown.py
[2024-10-21T21:51:33.235+0700] {processor.py:914} INFO - Processing file /Users/punny/Documents/GitHub/NYC-Taxi-ETL-Pipeline/.venv/lib/python3.10/site-packages/airflow/example_dags/example_setup_teardown.py for tasks to queue
[2024-10-21T21:51:33.237+0700] {logging_mixin.py:190} INFO - [2024-10-21T21:51:33.236+0700] {dagbag.py:588} INFO - Filling up the DagBag from /Users/punny/Documents/GitHub/NYC-Taxi-ETL-Pipeline/.venv/lib/python3.10/site-packages/airflow/example_dags/example_setup_teardown.py
[2024-10-21T21:51:33.247+0700] {processor.py:925} INFO - DAG(s) 'example_setup_teardown' retrieved from /Users/punny/Documents/GitHub/NYC-Taxi-ETL-Pipeline/.venv/lib/python3.10/site-packages/airflow/example_dags/example_setup_teardown.py
[2024-10-21T21:51:33.430+0700] {logging_mixin.py:190} INFO - [2024-10-21T21:51:33.430+0700] {dag.py:3239} INFO - Sync 1 DAGs
[2024-10-21T21:51:33.443+0700] {logging_mixin.py:190} INFO - [2024-10-21T21:51:33.443+0700] {dag.py:4180} INFO - Setting next_dagrun for example_setup_teardown to None, run_after=None
[2024-10-21T21:51:33.465+0700] {processor.py:208} INFO - Processing /Users/punny/Documents/GitHub/NYC-Taxi-ETL-Pipeline/.venv/lib/python3.10/site-packages/airflow/example_dags/example_setup_teardown.py took 0.242 seconds
[2024-10-21T21:55:56.982+0700] {processor.py:186} INFO - Started process (PID=11302) to work on /Users/punny/Documents/GitHub/NYC-Taxi-ETL-Pipeline/.venv/lib/python3.10/site-packages/airflow/example_dags/example_setup_teardown.py
[2024-10-21T21:55:56.986+0700] {processor.py:914} INFO - Processing file /Users/punny/Documents/GitHub/NYC-Taxi-ETL-Pipeline/.venv/lib/python3.10/site-packages/airflow/example_dags/example_setup_teardown.py for tasks to queue
[2024-10-21T21:55:56.988+0700] {logging_mixin.py:190} INFO - [2024-10-21T21:55:56.987+0700] {dagbag.py:588} INFO - Filling up the DagBag from /Users/punny/Documents/GitHub/NYC-Taxi-ETL-Pipeline/.venv/lib/python3.10/site-packages/airflow/example_dags/example_setup_teardown.py
[2024-10-21T21:55:57.015+0700] {processor.py:925} INFO - DAG(s) 'example_setup_teardown' retrieved from /Users/punny/Documents/GitHub/NYC-Taxi-ETL-Pipeline/.venv/lib/python3.10/site-packages/airflow/example_dags/example_setup_teardown.py
[2024-10-21T21:55:57.286+0700] {logging_mixin.py:190} INFO - [2024-10-21T21:55:57.286+0700] {dag.py:3239} INFO - Sync 1 DAGs
[2024-10-21T21:55:57.302+0700] {logging_mixin.py:190} INFO - [2024-10-21T21:55:57.302+0700] {dag.py:4180} INFO - Setting next_dagrun for example_setup_teardown to None, run_after=None
[2024-10-21T21:55:57.326+0700] {processor.py:208} INFO - Processing /Users/punny/Documents/GitHub/NYC-Taxi-ETL-Pipeline/.venv/lib/python3.10/site-packages/airflow/example_dags/example_setup_teardown.py took 0.352 seconds
[2024-10-21T21:59:54.065+0700] {processor.py:186} INFO - Started process (PID=11759) to work on /Users/punny/Documents/GitHub/NYC-Taxi-ETL-Pipeline/.venv/lib/python3.10/site-packages/airflow/example_dags/example_setup_teardown.py
[2024-10-21T21:59:54.068+0700] {processor.py:914} INFO - Processing file /Users/punny/Documents/GitHub/NYC-Taxi-ETL-Pipeline/.venv/lib/python3.10/site-packages/airflow/example_dags/example_setup_teardown.py for tasks to queue
[2024-10-21T21:59:54.069+0700] {logging_mixin.py:190} INFO - [2024-10-21T21:59:54.069+0700] {dagbag.py:588} INFO - Filling up the DagBag from /Users/punny/Documents/GitHub/NYC-Taxi-ETL-Pipeline/.venv/lib/python3.10/site-packages/airflow/example_dags/example_setup_teardown.py
[2024-10-21T21:59:54.081+0700] {processor.py:925} INFO - DAG(s) 'example_setup_teardown' retrieved from /Users/punny/Documents/GitHub/NYC-Taxi-ETL-Pipeline/.venv/lib/python3.10/site-packages/airflow/example_dags/example_setup_teardown.py
[2024-10-21T21:59:54.362+0700] {logging_mixin.py:190} INFO - [2024-10-21T21:59:54.362+0700] {dag.py:3239} INFO - Sync 1 DAGs
[2024-10-21T21:59:54.377+0700] {logging_mixin.py:190} INFO - [2024-10-21T21:59:54.376+0700] {dag.py:4180} INFO - Setting next_dagrun for example_setup_teardown to None, run_after=None
[2024-10-21T21:59:54.405+0700] {processor.py:208} INFO - Processing /Users/punny/Documents/GitHub/NYC-Taxi-ETL-Pipeline/.venv/lib/python3.10/site-packages/airflow/example_dags/example_setup_teardown.py took 0.348 seconds
[2024-10-21T22:16:56.414+0700] {processor.py:186} INFO - Started process (PID=12068) to work on /Users/punny/Documents/GitHub/NYC-Taxi-ETL-Pipeline/.venv/lib/python3.10/site-packages/airflow/example_dags/example_setup_teardown.py
[2024-10-21T22:16:56.418+0700] {processor.py:914} INFO - Processing file /Users/punny/Documents/GitHub/NYC-Taxi-ETL-Pipeline/.venv/lib/python3.10/site-packages/airflow/example_dags/example_setup_teardown.py for tasks to queue
[2024-10-21T22:16:56.419+0700] {logging_mixin.py:190} INFO - [2024-10-21T22:16:56.418+0700] {dagbag.py:588} INFO - Filling up the DagBag from /Users/punny/Documents/GitHub/NYC-Taxi-ETL-Pipeline/.venv/lib/python3.10/site-packages/airflow/example_dags/example_setup_teardown.py
[2024-10-21T22:16:56.431+0700] {processor.py:925} INFO - DAG(s) 'example_setup_teardown' retrieved from /Users/punny/Documents/GitHub/NYC-Taxi-ETL-Pipeline/.venv/lib/python3.10/site-packages/airflow/example_dags/example_setup_teardown.py
[2024-10-21T22:16:56.619+0700] {logging_mixin.py:190} INFO - [2024-10-21T22:16:56.619+0700] {dag.py:3239} INFO - Sync 1 DAGs
[2024-10-21T22:16:56.634+0700] {logging_mixin.py:190} INFO - [2024-10-21T22:16:56.634+0700] {dag.py:4180} INFO - Setting next_dagrun for example_setup_teardown to None, run_after=None
[2024-10-21T22:16:56.723+0700] {processor.py:208} INFO - Processing /Users/punny/Documents/GitHub/NYC-Taxi-ETL-Pipeline/.venv/lib/python3.10/site-packages/airflow/example_dags/example_setup_teardown.py took 0.317 seconds
[2024-10-21T22:20:20.135+0700] {processor.py:186} INFO - Started process (PID=12440) to work on /Users/punny/Documents/GitHub/NYC-Taxi-ETL-Pipeline/.venv/lib/python3.10/site-packages/airflow/example_dags/example_setup_teardown.py
[2024-10-21T22:20:20.139+0700] {processor.py:914} INFO - Processing file /Users/punny/Documents/GitHub/NYC-Taxi-ETL-Pipeline/.venv/lib/python3.10/site-packages/airflow/example_dags/example_setup_teardown.py for tasks to queue
[2024-10-21T22:20:20.140+0700] {logging_mixin.py:190} INFO - [2024-10-21T22:20:20.140+0700] {dagbag.py:588} INFO - Filling up the DagBag from /Users/punny/Documents/GitHub/NYC-Taxi-ETL-Pipeline/.venv/lib/python3.10/site-packages/airflow/example_dags/example_setup_teardown.py
[2024-10-21T22:20:20.151+0700] {processor.py:925} INFO - DAG(s) 'example_setup_teardown' retrieved from /Users/punny/Documents/GitHub/NYC-Taxi-ETL-Pipeline/.venv/lib/python3.10/site-packages/airflow/example_dags/example_setup_teardown.py
[2024-10-21T22:20:20.338+0700] {logging_mixin.py:190} INFO - [2024-10-21T22:20:20.338+0700] {dag.py:3239} INFO - Sync 1 DAGs
[2024-10-21T22:20:20.352+0700] {logging_mixin.py:190} INFO - [2024-10-21T22:20:20.352+0700] {dag.py:4180} INFO - Setting next_dagrun for example_setup_teardown to None, run_after=None
[2024-10-21T22:20:20.373+0700] {processor.py:208} INFO - Processing /Users/punny/Documents/GitHub/NYC-Taxi-ETL-Pipeline/.venv/lib/python3.10/site-packages/airflow/example_dags/example_setup_teardown.py took 0.244 seconds
[2024-10-21T22:25:28.465+0700] {processor.py:186} INFO - Started process (PID=13270) to work on /Users/punny/Documents/GitHub/NYC-Taxi-ETL-Pipeline/.venv/lib/python3.10/site-packages/airflow/example_dags/example_setup_teardown.py
[2024-10-21T22:25:28.476+0700] {processor.py:914} INFO - Processing file /Users/punny/Documents/GitHub/NYC-Taxi-ETL-Pipeline/.venv/lib/python3.10/site-packages/airflow/example_dags/example_setup_teardown.py for tasks to queue
[2024-10-21T22:25:28.478+0700] {logging_mixin.py:190} INFO - [2024-10-21T22:25:28.478+0700] {dagbag.py:588} INFO - Filling up the DagBag from /Users/punny/Documents/GitHub/NYC-Taxi-ETL-Pipeline/.venv/lib/python3.10/site-packages/airflow/example_dags/example_setup_teardown.py
[2024-10-21T22:25:28.496+0700] {processor.py:925} INFO - DAG(s) 'example_setup_teardown' retrieved from /Users/punny/Documents/GitHub/NYC-Taxi-ETL-Pipeline/.venv/lib/python3.10/site-packages/airflow/example_dags/example_setup_teardown.py
[2024-10-21T22:25:28.917+0700] {logging_mixin.py:190} INFO - [2024-10-21T22:25:28.917+0700] {dag.py:3239} INFO - Sync 1 DAGs
[2024-10-21T22:25:28.931+0700] {logging_mixin.py:190} INFO - [2024-10-21T22:25:28.931+0700] {dag.py:4180} INFO - Setting next_dagrun for example_setup_teardown to None, run_after=None
[2024-10-21T22:25:28.955+0700] {processor.py:208} INFO - Processing /Users/punny/Documents/GitHub/NYC-Taxi-ETL-Pipeline/.venv/lib/python3.10/site-packages/airflow/example_dags/example_setup_teardown.py took 0.500 seconds
[2024-10-21T22:28:54.164+0700] {processor.py:186} INFO - Started process (PID=13576) to work on /Users/punny/Documents/GitHub/NYC-Taxi-ETL-Pipeline/.venv/lib/python3.10/site-packages/airflow/example_dags/example_setup_teardown.py
[2024-10-21T22:28:54.167+0700] {processor.py:914} INFO - Processing file /Users/punny/Documents/GitHub/NYC-Taxi-ETL-Pipeline/.venv/lib/python3.10/site-packages/airflow/example_dags/example_setup_teardown.py for tasks to queue
[2024-10-21T22:28:54.168+0700] {logging_mixin.py:190} INFO - [2024-10-21T22:28:54.168+0700] {dagbag.py:588} INFO - Filling up the DagBag from /Users/punny/Documents/GitHub/NYC-Taxi-ETL-Pipeline/.venv/lib/python3.10/site-packages/airflow/example_dags/example_setup_teardown.py
[2024-10-21T22:28:54.180+0700] {processor.py:925} INFO - DAG(s) 'example_setup_teardown' retrieved from /Users/punny/Documents/GitHub/NYC-Taxi-ETL-Pipeline/.venv/lib/python3.10/site-packages/airflow/example_dags/example_setup_teardown.py
[2024-10-21T22:28:54.362+0700] {logging_mixin.py:190} INFO - [2024-10-21T22:28:54.362+0700] {dag.py:3239} INFO - Sync 1 DAGs
[2024-10-21T22:28:54.375+0700] {logging_mixin.py:190} INFO - [2024-10-21T22:28:54.375+0700] {dag.py:4180} INFO - Setting next_dagrun for example_setup_teardown to None, run_after=None
[2024-10-21T22:28:54.395+0700] {processor.py:208} INFO - Processing /Users/punny/Documents/GitHub/NYC-Taxi-ETL-Pipeline/.venv/lib/python3.10/site-packages/airflow/example_dags/example_setup_teardown.py took 0.242 seconds
[2024-10-21T22:31:47.854+0700] {processor.py:186} INFO - Started process (PID=13732) to work on /Users/punny/Documents/GitHub/NYC-Taxi-ETL-Pipeline/.venv/lib/python3.10/site-packages/airflow/example_dags/example_setup_teardown.py
[2024-10-21T22:31:47.858+0700] {processor.py:914} INFO - Processing file /Users/punny/Documents/GitHub/NYC-Taxi-ETL-Pipeline/.venv/lib/python3.10/site-packages/airflow/example_dags/example_setup_teardown.py for tasks to queue
[2024-10-21T22:31:47.859+0700] {logging_mixin.py:190} INFO - [2024-10-21T22:31:47.859+0700] {dagbag.py:588} INFO - Filling up the DagBag from /Users/punny/Documents/GitHub/NYC-Taxi-ETL-Pipeline/.venv/lib/python3.10/site-packages/airflow/example_dags/example_setup_teardown.py
[2024-10-21T22:31:47.870+0700] {processor.py:925} INFO - DAG(s) 'example_setup_teardown' retrieved from /Users/punny/Documents/GitHub/NYC-Taxi-ETL-Pipeline/.venv/lib/python3.10/site-packages/airflow/example_dags/example_setup_teardown.py
[2024-10-21T22:31:48.053+0700] {logging_mixin.py:190} INFO - [2024-10-21T22:31:48.053+0700] {dag.py:3239} INFO - Sync 1 DAGs
[2024-10-21T22:31:48.067+0700] {logging_mixin.py:190} INFO - [2024-10-21T22:31:48.066+0700] {dag.py:4180} INFO - Setting next_dagrun for example_setup_teardown to None, run_after=None
[2024-10-21T22:31:48.088+0700] {processor.py:208} INFO - Processing /Users/punny/Documents/GitHub/NYC-Taxi-ETL-Pipeline/.venv/lib/python3.10/site-packages/airflow/example_dags/example_setup_teardown.py took 0.242 seconds
