[2024-10-21T13:25:24.596+0700] {processor.py:186} INFO - Started process (PID=34646) to work on /Users/punny/Documents/GitHub/NYC-Taxi-ETL-Pipeline/.venv/lib/python3.10/site-packages/airflow/example_dags/example_branch_labels.py
[2024-10-21T13:25:24.600+0700] {processor.py:914} INFO - Processing file /Users/punny/Documents/GitHub/NYC-Taxi-ETL-Pipeline/.venv/lib/python3.10/site-packages/airflow/example_dags/example_branch_labels.py for tasks to queue
[2024-10-21T13:25:24.602+0700] {logging_mixin.py:190} INFO - [2024-10-21T13:25:24.601+0700] {dagbag.py:588} INFO - Filling up the DagBag from /Users/punny/Documents/GitHub/NYC-Taxi-ETL-Pipeline/.venv/lib/python3.10/site-packages/airflow/example_dags/example_branch_labels.py
[2024-10-21T13:25:24.614+0700] {processor.py:925} INFO - DAG(s) 'example_branch_labels' retrieved from /Users/punny/Documents/GitHub/NYC-Taxi-ETL-Pipeline/.venv/lib/python3.10/site-packages/airflow/example_dags/example_branch_labels.py
[2024-10-21T13:25:24.800+0700] {logging_mixin.py:190} INFO - [2024-10-21T13:25:24.799+0700] {dag.py:3239} INFO - Sync 1 DAGs
[2024-10-21T13:25:24.821+0700] {logging_mixin.py:190} INFO - [2024-10-21T13:25:24.821+0700] {dag.py:4180} INFO - Setting next_dagrun for example_branch_labels to 2024-10-20 00:00:00+00:00, run_after=2024-10-21 00:00:00+00:00
[2024-10-21T13:25:24.843+0700] {processor.py:208} INFO - Processing /Users/punny/Documents/GitHub/NYC-Taxi-ETL-Pipeline/.venv/lib/python3.10/site-packages/airflow/example_dags/example_branch_labels.py took 0.257 seconds
[2024-10-21T14:50:06.621+0700] {processor.py:186} INFO - Started process (PID=36223) to work on /Users/punny/Documents/GitHub/NYC-Taxi-ETL-Pipeline/.venv/lib/python3.10/site-packages/airflow/example_dags/example_branch_labels.py
[2024-10-21T14:50:06.627+0700] {processor.py:914} INFO - Processing file /Users/punny/Documents/GitHub/NYC-Taxi-ETL-Pipeline/.venv/lib/python3.10/site-packages/airflow/example_dags/example_branch_labels.py for tasks to queue
[2024-10-21T14:50:06.629+0700] {logging_mixin.py:190} INFO - [2024-10-21T14:50:06.629+0700] {dagbag.py:588} INFO - Filling up the DagBag from /Users/punny/Documents/GitHub/NYC-Taxi-ETL-Pipeline/.venv/lib/python3.10/site-packages/airflow/example_dags/example_branch_labels.py
[2024-10-21T14:50:06.641+0700] {processor.py:925} INFO - DAG(s) 'example_branch_labels' retrieved from /Users/punny/Documents/GitHub/NYC-Taxi-ETL-Pipeline/.venv/lib/python3.10/site-packages/airflow/example_dags/example_branch_labels.py
[2024-10-21T14:50:06.849+0700] {logging_mixin.py:190} INFO - [2024-10-21T14:50:06.849+0700] {dag.py:3239} INFO - Sync 1 DAGs
[2024-10-21T14:50:06.875+0700] {logging_mixin.py:190} INFO - [2024-10-21T14:50:06.874+0700] {dag.py:4180} INFO - Setting next_dagrun for example_branch_labels to 2024-10-20 00:00:00+00:00, run_after=2024-10-21 00:00:00+00:00
[2024-10-21T14:50:06.900+0700] {processor.py:208} INFO - Processing /Users/punny/Documents/GitHub/NYC-Taxi-ETL-Pipeline/.venv/lib/python3.10/site-packages/airflow/example_dags/example_branch_labels.py took 0.289 seconds
[2024-10-21T14:57:11.353+0700] {processor.py:186} INFO - Started process (PID=37257) to work on /Users/punny/Documents/GitHub/NYC-Taxi-ETL-Pipeline/.venv/lib/python3.10/site-packages/airflow/example_dags/example_branch_labels.py
[2024-10-21T14:57:11.362+0700] {processor.py:914} INFO - Processing file /Users/punny/Documents/GitHub/NYC-Taxi-ETL-Pipeline/.venv/lib/python3.10/site-packages/airflow/example_dags/example_branch_labels.py for tasks to queue
[2024-10-21T14:57:11.366+0700] {logging_mixin.py:190} INFO - [2024-10-21T14:57:11.365+0700] {dagbag.py:588} INFO - Filling up the DagBag from /Users/punny/Documents/GitHub/NYC-Taxi-ETL-Pipeline/.venv/lib/python3.10/site-packages/airflow/example_dags/example_branch_labels.py
[2024-10-21T14:57:11.404+0700] {processor.py:925} INFO - DAG(s) 'example_branch_labels' retrieved from /Users/punny/Documents/GitHub/NYC-Taxi-ETL-Pipeline/.venv/lib/python3.10/site-packages/airflow/example_dags/example_branch_labels.py
[2024-10-21T14:57:11.890+0700] {logging_mixin.py:190} INFO - [2024-10-21T14:57:11.889+0700] {dag.py:3239} INFO - Sync 1 DAGs
[2024-10-21T14:57:11.927+0700] {logging_mixin.py:190} INFO - [2024-10-21T14:57:11.927+0700] {dag.py:4180} INFO - Setting next_dagrun for example_branch_labels to 2024-10-20 00:00:00+00:00, run_after=2024-10-21 00:00:00+00:00
[2024-10-21T14:57:11.989+0700] {processor.py:208} INFO - Processing /Users/punny/Documents/GitHub/NYC-Taxi-ETL-Pipeline/.venv/lib/python3.10/site-packages/airflow/example_dags/example_branch_labels.py took 0.646 seconds
[2024-10-21T15:03:30.991+0700] {processor.py:186} INFO - Started process (PID=38194) to work on /Users/punny/Documents/GitHub/NYC-Taxi-ETL-Pipeline/.venv/lib/python3.10/site-packages/airflow/example_dags/example_branch_labels.py
[2024-10-21T15:03:30.997+0700] {processor.py:914} INFO - Processing file /Users/punny/Documents/GitHub/NYC-Taxi-ETL-Pipeline/.venv/lib/python3.10/site-packages/airflow/example_dags/example_branch_labels.py for tasks to queue
[2024-10-21T15:03:31.000+0700] {logging_mixin.py:190} INFO - [2024-10-21T15:03:30.999+0700] {dagbag.py:588} INFO - Filling up the DagBag from /Users/punny/Documents/GitHub/NYC-Taxi-ETL-Pipeline/.venv/lib/python3.10/site-packages/airflow/example_dags/example_branch_labels.py
[2024-10-21T15:03:31.066+0700] {processor.py:925} INFO - DAG(s) 'example_branch_labels' retrieved from /Users/punny/Documents/GitHub/NYC-Taxi-ETL-Pipeline/.venv/lib/python3.10/site-packages/airflow/example_dags/example_branch_labels.py
[2024-10-21T15:03:31.633+0700] {logging_mixin.py:190} INFO - [2024-10-21T15:03:31.631+0700] {dag.py:3239} INFO - Sync 1 DAGs
[2024-10-21T15:03:31.685+0700] {logging_mixin.py:190} INFO - [2024-10-21T15:03:31.685+0700] {dag.py:4180} INFO - Setting next_dagrun for example_branch_labels to 2024-10-20 00:00:00+00:00, run_after=2024-10-21 00:00:00+00:00
[2024-10-21T15:03:31.736+0700] {processor.py:208} INFO - Processing /Users/punny/Documents/GitHub/NYC-Taxi-ETL-Pipeline/.venv/lib/python3.10/site-packages/airflow/example_dags/example_branch_labels.py took 0.757 seconds
[2024-10-21T15:12:55.296+0700] {processor.py:186} INFO - Started process (PID=39391) to work on /Users/punny/Documents/GitHub/NYC-Taxi-ETL-Pipeline/.venv/lib/python3.10/site-packages/airflow/example_dags/example_branch_labels.py
[2024-10-21T15:12:55.301+0700] {processor.py:914} INFO - Processing file /Users/punny/Documents/GitHub/NYC-Taxi-ETL-Pipeline/.venv/lib/python3.10/site-packages/airflow/example_dags/example_branch_labels.py for tasks to queue
[2024-10-21T15:12:55.303+0700] {logging_mixin.py:190} INFO - [2024-10-21T15:12:55.302+0700] {dagbag.py:588} INFO - Filling up the DagBag from /Users/punny/Documents/GitHub/NYC-Taxi-ETL-Pipeline/.venv/lib/python3.10/site-packages/airflow/example_dags/example_branch_labels.py
[2024-10-21T15:12:55.323+0700] {processor.py:925} INFO - DAG(s) 'example_branch_labels' retrieved from /Users/punny/Documents/GitHub/NYC-Taxi-ETL-Pipeline/.venv/lib/python3.10/site-packages/airflow/example_dags/example_branch_labels.py
[2024-10-21T15:12:55.619+0700] {logging_mixin.py:190} INFO - [2024-10-21T15:12:55.619+0700] {dag.py:3239} INFO - Sync 1 DAGs
[2024-10-21T15:12:55.664+0700] {logging_mixin.py:190} INFO - [2024-10-21T15:12:55.662+0700] {dag.py:4180} INFO - Setting next_dagrun for example_branch_labels to 2024-10-20 00:00:00+00:00, run_after=2024-10-21 00:00:00+00:00
[2024-10-21T15:12:55.702+0700] {processor.py:208} INFO - Processing /Users/punny/Documents/GitHub/NYC-Taxi-ETL-Pipeline/.venv/lib/python3.10/site-packages/airflow/example_dags/example_branch_labels.py took 0.416 seconds
[2024-10-21T15:21:29.968+0700] {processor.py:186} INFO - Started process (PID=40472) to work on /Users/punny/Documents/GitHub/NYC-Taxi-ETL-Pipeline/.venv/lib/python3.10/site-packages/airflow/example_dags/example_branch_labels.py
[2024-10-21T15:21:29.971+0700] {processor.py:914} INFO - Processing file /Users/punny/Documents/GitHub/NYC-Taxi-ETL-Pipeline/.venv/lib/python3.10/site-packages/airflow/example_dags/example_branch_labels.py for tasks to queue
[2024-10-21T15:21:29.973+0700] {logging_mixin.py:190} INFO - [2024-10-21T15:21:29.972+0700] {dagbag.py:588} INFO - Filling up the DagBag from /Users/punny/Documents/GitHub/NYC-Taxi-ETL-Pipeline/.venv/lib/python3.10/site-packages/airflow/example_dags/example_branch_labels.py
[2024-10-21T15:21:29.996+0700] {processor.py:925} INFO - DAG(s) 'example_branch_labels' retrieved from /Users/punny/Documents/GitHub/NYC-Taxi-ETL-Pipeline/.venv/lib/python3.10/site-packages/airflow/example_dags/example_branch_labels.py
[2024-10-21T15:21:30.268+0700] {logging_mixin.py:190} INFO - [2024-10-21T15:21:30.267+0700] {dag.py:3239} INFO - Sync 1 DAGs
[2024-10-21T15:21:30.299+0700] {logging_mixin.py:190} INFO - [2024-10-21T15:21:30.299+0700] {dag.py:4180} INFO - Setting next_dagrun for example_branch_labels to 2024-10-20 00:00:00+00:00, run_after=2024-10-21 00:00:00+00:00
[2024-10-21T15:21:30.333+0700] {processor.py:208} INFO - Processing /Users/punny/Documents/GitHub/NYC-Taxi-ETL-Pipeline/.venv/lib/python3.10/site-packages/airflow/example_dags/example_branch_labels.py took 0.377 seconds
[2024-10-21T15:29:30.198+0700] {processor.py:186} INFO - Started process (PID=41451) to work on /Users/punny/Documents/GitHub/NYC-Taxi-ETL-Pipeline/.venv/lib/python3.10/site-packages/airflow/example_dags/example_branch_labels.py
[2024-10-21T15:29:30.203+0700] {processor.py:914} INFO - Processing file /Users/punny/Documents/GitHub/NYC-Taxi-ETL-Pipeline/.venv/lib/python3.10/site-packages/airflow/example_dags/example_branch_labels.py for tasks to queue
[2024-10-21T15:29:30.205+0700] {logging_mixin.py:190} INFO - [2024-10-21T15:29:30.205+0700] {dagbag.py:588} INFO - Filling up the DagBag from /Users/punny/Documents/GitHub/NYC-Taxi-ETL-Pipeline/.venv/lib/python3.10/site-packages/airflow/example_dags/example_branch_labels.py
[2024-10-21T15:29:30.224+0700] {processor.py:925} INFO - DAG(s) 'example_branch_labels' retrieved from /Users/punny/Documents/GitHub/NYC-Taxi-ETL-Pipeline/.venv/lib/python3.10/site-packages/airflow/example_dags/example_branch_labels.py
[2024-10-21T15:29:30.526+0700] {logging_mixin.py:190} INFO - [2024-10-21T15:29:30.526+0700] {dag.py:3239} INFO - Sync 1 DAGs
[2024-10-21T15:29:30.561+0700] {logging_mixin.py:190} INFO - [2024-10-21T15:29:30.561+0700] {dag.py:4180} INFO - Setting next_dagrun for example_branch_labels to 2024-10-20 00:00:00+00:00, run_after=2024-10-21 00:00:00+00:00
[2024-10-21T15:29:30.591+0700] {processor.py:208} INFO - Processing /Users/punny/Documents/GitHub/NYC-Taxi-ETL-Pipeline/.venv/lib/python3.10/site-packages/airflow/example_dags/example_branch_labels.py took 0.405 seconds
[2024-10-21T15:37:26.241+0700] {processor.py:186} INFO - Started process (PID=42491) to work on /Users/punny/Documents/GitHub/NYC-Taxi-ETL-Pipeline/.venv/lib/python3.10/site-packages/airflow/example_dags/example_branch_labels.py
[2024-10-21T15:37:26.246+0700] {processor.py:914} INFO - Processing file /Users/punny/Documents/GitHub/NYC-Taxi-ETL-Pipeline/.venv/lib/python3.10/site-packages/airflow/example_dags/example_branch_labels.py for tasks to queue
[2024-10-21T15:37:26.248+0700] {logging_mixin.py:190} INFO - [2024-10-21T15:37:26.248+0700] {dagbag.py:588} INFO - Filling up the DagBag from /Users/punny/Documents/GitHub/NYC-Taxi-ETL-Pipeline/.venv/lib/python3.10/site-packages/airflow/example_dags/example_branch_labels.py
[2024-10-21T15:37:26.282+0700] {processor.py:925} INFO - DAG(s) 'example_branch_labels' retrieved from /Users/punny/Documents/GitHub/NYC-Taxi-ETL-Pipeline/.venv/lib/python3.10/site-packages/airflow/example_dags/example_branch_labels.py
[2024-10-21T15:37:26.564+0700] {logging_mixin.py:190} INFO - [2024-10-21T15:37:26.563+0700] {dag.py:3239} INFO - Sync 1 DAGs
[2024-10-21T15:37:26.600+0700] {logging_mixin.py:190} INFO - [2024-10-21T15:37:26.599+0700] {dag.py:4180} INFO - Setting next_dagrun for example_branch_labels to 2024-10-20 00:00:00+00:00, run_after=2024-10-21 00:00:00+00:00
[2024-10-21T15:37:26.631+0700] {processor.py:208} INFO - Processing /Users/punny/Documents/GitHub/NYC-Taxi-ETL-Pipeline/.venv/lib/python3.10/site-packages/airflow/example_dags/example_branch_labels.py took 0.403 seconds
[2024-10-21T15:45:21.485+0700] {processor.py:186} INFO - Started process (PID=43560) to work on /Users/punny/Documents/GitHub/NYC-Taxi-ETL-Pipeline/.venv/lib/python3.10/site-packages/airflow/example_dags/example_branch_labels.py
[2024-10-21T15:45:21.489+0700] {processor.py:914} INFO - Processing file /Users/punny/Documents/GitHub/NYC-Taxi-ETL-Pipeline/.venv/lib/python3.10/site-packages/airflow/example_dags/example_branch_labels.py for tasks to queue
[2024-10-21T15:45:21.490+0700] {logging_mixin.py:190} INFO - [2024-10-21T15:45:21.490+0700] {dagbag.py:588} INFO - Filling up the DagBag from /Users/punny/Documents/GitHub/NYC-Taxi-ETL-Pipeline/.venv/lib/python3.10/site-packages/airflow/example_dags/example_branch_labels.py
[2024-10-21T15:45:21.509+0700] {processor.py:925} INFO - DAG(s) 'example_branch_labels' retrieved from /Users/punny/Documents/GitHub/NYC-Taxi-ETL-Pipeline/.venv/lib/python3.10/site-packages/airflow/example_dags/example_branch_labels.py
[2024-10-21T15:45:21.780+0700] {logging_mixin.py:190} INFO - [2024-10-21T15:45:21.779+0700] {dag.py:3239} INFO - Sync 1 DAGs
[2024-10-21T15:45:21.813+0700] {logging_mixin.py:190} INFO - [2024-10-21T15:45:21.813+0700] {dag.py:4180} INFO - Setting next_dagrun for example_branch_labels to 2024-10-20 00:00:00+00:00, run_after=2024-10-21 00:00:00+00:00
[2024-10-21T15:45:21.841+0700] {processor.py:208} INFO - Processing /Users/punny/Documents/GitHub/NYC-Taxi-ETL-Pipeline/.venv/lib/python3.10/site-packages/airflow/example_dags/example_branch_labels.py took 0.367 seconds
[2024-10-21T15:53:11.135+0700] {processor.py:186} INFO - Started process (PID=44557) to work on /Users/punny/Documents/GitHub/NYC-Taxi-ETL-Pipeline/.venv/lib/python3.10/site-packages/airflow/example_dags/example_branch_labels.py
[2024-10-21T15:53:11.139+0700] {processor.py:914} INFO - Processing file /Users/punny/Documents/GitHub/NYC-Taxi-ETL-Pipeline/.venv/lib/python3.10/site-packages/airflow/example_dags/example_branch_labels.py for tasks to queue
[2024-10-21T15:53:11.140+0700] {logging_mixin.py:190} INFO - [2024-10-21T15:53:11.140+0700] {dagbag.py:588} INFO - Filling up the DagBag from /Users/punny/Documents/GitHub/NYC-Taxi-ETL-Pipeline/.venv/lib/python3.10/site-packages/airflow/example_dags/example_branch_labels.py
[2024-10-21T15:53:11.161+0700] {processor.py:925} INFO - DAG(s) 'example_branch_labels' retrieved from /Users/punny/Documents/GitHub/NYC-Taxi-ETL-Pipeline/.venv/lib/python3.10/site-packages/airflow/example_dags/example_branch_labels.py
[2024-10-21T15:53:11.488+0700] {logging_mixin.py:190} INFO - [2024-10-21T15:53:11.487+0700] {dag.py:3239} INFO - Sync 1 DAGs
[2024-10-21T15:53:11.530+0700] {logging_mixin.py:190} INFO - [2024-10-21T15:53:11.529+0700] {dag.py:4180} INFO - Setting next_dagrun for example_branch_labels to 2024-10-20 00:00:00+00:00, run_after=2024-10-21 00:00:00+00:00
[2024-10-21T15:53:11.561+0700] {processor.py:208} INFO - Processing /Users/punny/Documents/GitHub/NYC-Taxi-ETL-Pipeline/.venv/lib/python3.10/site-packages/airflow/example_dags/example_branch_labels.py took 0.436 seconds
[2024-10-21T16:01:30.103+0700] {processor.py:186} INFO - Started process (PID=45643) to work on /Users/punny/Documents/GitHub/NYC-Taxi-ETL-Pipeline/.venv/lib/python3.10/site-packages/airflow/example_dags/example_branch_labels.py
[2024-10-21T16:01:30.106+0700] {processor.py:914} INFO - Processing file /Users/punny/Documents/GitHub/NYC-Taxi-ETL-Pipeline/.venv/lib/python3.10/site-packages/airflow/example_dags/example_branch_labels.py for tasks to queue
[2024-10-21T16:01:30.107+0700] {logging_mixin.py:190} INFO - [2024-10-21T16:01:30.107+0700] {dagbag.py:588} INFO - Filling up the DagBag from /Users/punny/Documents/GitHub/NYC-Taxi-ETL-Pipeline/.venv/lib/python3.10/site-packages/airflow/example_dags/example_branch_labels.py
[2024-10-21T16:01:30.128+0700] {processor.py:925} INFO - DAG(s) 'example_branch_labels' retrieved from /Users/punny/Documents/GitHub/NYC-Taxi-ETL-Pipeline/.venv/lib/python3.10/site-packages/airflow/example_dags/example_branch_labels.py
[2024-10-21T16:01:30.398+0700] {logging_mixin.py:190} INFO - [2024-10-21T16:01:30.397+0700] {dag.py:3239} INFO - Sync 1 DAGs
[2024-10-21T16:01:30.433+0700] {logging_mixin.py:190} INFO - [2024-10-21T16:01:30.433+0700] {dag.py:4180} INFO - Setting next_dagrun for example_branch_labels to 2024-10-20 00:00:00+00:00, run_after=2024-10-21 00:00:00+00:00
[2024-10-21T16:01:30.462+0700] {processor.py:208} INFO - Processing /Users/punny/Documents/GitHub/NYC-Taxi-ETL-Pipeline/.venv/lib/python3.10/site-packages/airflow/example_dags/example_branch_labels.py took 0.371 seconds
[2024-10-21T20:39:32.664+0700] {processor.py:186} INFO - Started process (PID=4459) to work on /Users/punny/Documents/GitHub/NYC-Taxi-ETL-Pipeline/.venv/lib/python3.10/site-packages/airflow/example_dags/example_branch_labels.py
[2024-10-21T20:39:32.667+0700] {processor.py:914} INFO - Processing file /Users/punny/Documents/GitHub/NYC-Taxi-ETL-Pipeline/.venv/lib/python3.10/site-packages/airflow/example_dags/example_branch_labels.py for tasks to queue
[2024-10-21T20:39:32.668+0700] {logging_mixin.py:190} INFO - [2024-10-21T20:39:32.668+0700] {dagbag.py:588} INFO - Filling up the DagBag from /Users/punny/Documents/GitHub/NYC-Taxi-ETL-Pipeline/.venv/lib/python3.10/site-packages/airflow/example_dags/example_branch_labels.py
[2024-10-21T20:39:32.680+0700] {processor.py:925} INFO - DAG(s) 'example_branch_labels' retrieved from /Users/punny/Documents/GitHub/NYC-Taxi-ETL-Pipeline/.venv/lib/python3.10/site-packages/airflow/example_dags/example_branch_labels.py
[2024-10-21T20:39:32.866+0700] {logging_mixin.py:190} INFO - [2024-10-21T20:39:32.865+0700] {dag.py:3239} INFO - Sync 1 DAGs
[2024-10-21T20:39:32.890+0700] {logging_mixin.py:190} INFO - [2024-10-21T20:39:32.890+0700] {dag.py:4180} INFO - Setting next_dagrun for example_branch_labels to 2024-10-20 00:00:00+00:00, run_after=2024-10-21 00:00:00+00:00
[2024-10-21T20:39:32.911+0700] {processor.py:208} INFO - Processing /Users/punny/Documents/GitHub/NYC-Taxi-ETL-Pipeline/.venv/lib/python3.10/site-packages/airflow/example_dags/example_branch_labels.py took 0.255 seconds
[2024-10-21T20:46:46.911+0700] {processor.py:186} INFO - Started process (PID=5141) to work on /Users/punny/Documents/GitHub/NYC-Taxi-ETL-Pipeline/.venv/lib/python3.10/site-packages/airflow/example_dags/example_branch_labels.py
[2024-10-21T20:46:46.916+0700] {processor.py:914} INFO - Processing file /Users/punny/Documents/GitHub/NYC-Taxi-ETL-Pipeline/.venv/lib/python3.10/site-packages/airflow/example_dags/example_branch_labels.py for tasks to queue
[2024-10-21T20:46:46.917+0700] {logging_mixin.py:190} INFO - [2024-10-21T20:46:46.917+0700] {dagbag.py:588} INFO - Filling up the DagBag from /Users/punny/Documents/GitHub/NYC-Taxi-ETL-Pipeline/.venv/lib/python3.10/site-packages/airflow/example_dags/example_branch_labels.py
[2024-10-21T20:46:46.932+0700] {processor.py:925} INFO - DAG(s) 'example_branch_labels' retrieved from /Users/punny/Documents/GitHub/NYC-Taxi-ETL-Pipeline/.venv/lib/python3.10/site-packages/airflow/example_dags/example_branch_labels.py
[2024-10-21T20:46:47.187+0700] {logging_mixin.py:190} INFO - [2024-10-21T20:46:47.186+0700] {dag.py:3239} INFO - Sync 1 DAGs
[2024-10-21T20:46:47.218+0700] {logging_mixin.py:190} INFO - [2024-10-21T20:46:47.218+0700] {dag.py:4180} INFO - Setting next_dagrun for example_branch_labels to 2024-10-20 00:00:00+00:00, run_after=2024-10-21 00:00:00+00:00
[2024-10-21T20:46:47.243+0700] {processor.py:208} INFO - Processing /Users/punny/Documents/GitHub/NYC-Taxi-ETL-Pipeline/.venv/lib/python3.10/site-packages/airflow/example_dags/example_branch_labels.py took 0.339 seconds
[2024-10-21T20:58:54.039+0700] {processor.py:186} INFO - Started process (PID=6365) to work on /Users/punny/Documents/GitHub/NYC-Taxi-ETL-Pipeline/.venv/lib/python3.10/site-packages/airflow/example_dags/example_branch_labels.py
[2024-10-21T20:58:54.043+0700] {processor.py:914} INFO - Processing file /Users/punny/Documents/GitHub/NYC-Taxi-ETL-Pipeline/.venv/lib/python3.10/site-packages/airflow/example_dags/example_branch_labels.py for tasks to queue
[2024-10-21T20:58:54.045+0700] {logging_mixin.py:190} INFO - [2024-10-21T20:58:54.045+0700] {dagbag.py:588} INFO - Filling up the DagBag from /Users/punny/Documents/GitHub/NYC-Taxi-ETL-Pipeline/.venv/lib/python3.10/site-packages/airflow/example_dags/example_branch_labels.py
[2024-10-21T20:58:54.062+0700] {processor.py:925} INFO - DAG(s) 'example_branch_labels' retrieved from /Users/punny/Documents/GitHub/NYC-Taxi-ETL-Pipeline/.venv/lib/python3.10/site-packages/airflow/example_dags/example_branch_labels.py
[2024-10-21T20:58:54.370+0700] {logging_mixin.py:190} INFO - [2024-10-21T20:58:54.369+0700] {dag.py:3239} INFO - Sync 1 DAGs
[2024-10-21T20:58:54.402+0700] {logging_mixin.py:190} INFO - [2024-10-21T20:58:54.401+0700] {dag.py:4180} INFO - Setting next_dagrun for example_branch_labels to 2024-10-20 00:00:00+00:00, run_after=2024-10-21 00:00:00+00:00
[2024-10-21T20:58:54.436+0700] {processor.py:208} INFO - Processing /Users/punny/Documents/GitHub/NYC-Taxi-ETL-Pipeline/.venv/lib/python3.10/site-packages/airflow/example_dags/example_branch_labels.py took 0.409 seconds
[2024-10-21T21:06:19.831+0700] {processor.py:186} INFO - Started process (PID=6917) to work on /Users/punny/Documents/GitHub/NYC-Taxi-ETL-Pipeline/.venv/lib/python3.10/site-packages/airflow/example_dags/example_branch_labels.py
[2024-10-21T21:06:19.835+0700] {processor.py:914} INFO - Processing file /Users/punny/Documents/GitHub/NYC-Taxi-ETL-Pipeline/.venv/lib/python3.10/site-packages/airflow/example_dags/example_branch_labels.py for tasks to queue
[2024-10-21T21:06:19.836+0700] {logging_mixin.py:190} INFO - [2024-10-21T21:06:19.836+0700] {dagbag.py:588} INFO - Filling up the DagBag from /Users/punny/Documents/GitHub/NYC-Taxi-ETL-Pipeline/.venv/lib/python3.10/site-packages/airflow/example_dags/example_branch_labels.py
[2024-10-21T21:06:19.849+0700] {processor.py:925} INFO - DAG(s) 'example_branch_labels' retrieved from /Users/punny/Documents/GitHub/NYC-Taxi-ETL-Pipeline/.venv/lib/python3.10/site-packages/airflow/example_dags/example_branch_labels.py
[2024-10-21T21:06:20.042+0700] {logging_mixin.py:190} INFO - [2024-10-21T21:06:20.042+0700] {dag.py:3239} INFO - Sync 1 DAGs
[2024-10-21T21:06:20.067+0700] {logging_mixin.py:190} INFO - [2024-10-21T21:06:20.066+0700] {dag.py:4180} INFO - Setting next_dagrun for example_branch_labels to 2024-10-20 00:00:00+00:00, run_after=2024-10-21 00:00:00+00:00
[2024-10-21T21:06:20.091+0700] {processor.py:208} INFO - Processing /Users/punny/Documents/GitHub/NYC-Taxi-ETL-Pipeline/.venv/lib/python3.10/site-packages/airflow/example_dags/example_branch_labels.py took 0.269 seconds
[2024-10-21T21:12:46.006+0700] {processor.py:186} INFO - Started process (PID=7393) to work on /Users/punny/Documents/GitHub/NYC-Taxi-ETL-Pipeline/.venv/lib/python3.10/site-packages/airflow/example_dags/example_branch_labels.py
[2024-10-21T21:12:46.009+0700] {processor.py:914} INFO - Processing file /Users/punny/Documents/GitHub/NYC-Taxi-ETL-Pipeline/.venv/lib/python3.10/site-packages/airflow/example_dags/example_branch_labels.py for tasks to queue
[2024-10-21T21:12:46.010+0700] {logging_mixin.py:190} INFO - [2024-10-21T21:12:46.010+0700] {dagbag.py:588} INFO - Filling up the DagBag from /Users/punny/Documents/GitHub/NYC-Taxi-ETL-Pipeline/.venv/lib/python3.10/site-packages/airflow/example_dags/example_branch_labels.py
[2024-10-21T21:12:46.021+0700] {processor.py:925} INFO - DAG(s) 'example_branch_labels' retrieved from /Users/punny/Documents/GitHub/NYC-Taxi-ETL-Pipeline/.venv/lib/python3.10/site-packages/airflow/example_dags/example_branch_labels.py
[2024-10-21T21:12:46.230+0700] {logging_mixin.py:190} INFO - [2024-10-21T21:12:46.229+0700] {dag.py:3239} INFO - Sync 1 DAGs
[2024-10-21T21:12:46.257+0700] {logging_mixin.py:190} INFO - [2024-10-21T21:12:46.257+0700] {dag.py:4180} INFO - Setting next_dagrun for example_branch_labels to 2024-10-20 00:00:00+00:00, run_after=2024-10-21 00:00:00+00:00
[2024-10-21T21:12:46.277+0700] {processor.py:208} INFO - Processing /Users/punny/Documents/GitHub/NYC-Taxi-ETL-Pipeline/.venv/lib/python3.10/site-packages/airflow/example_dags/example_branch_labels.py took 0.278 seconds
[2024-10-21T21:19:18.803+0700] {processor.py:186} INFO - Started process (PID=8000) to work on /Users/punny/Documents/GitHub/NYC-Taxi-ETL-Pipeline/.venv/lib/python3.10/site-packages/airflow/example_dags/example_branch_labels.py
[2024-10-21T21:19:18.807+0700] {processor.py:914} INFO - Processing file /Users/punny/Documents/GitHub/NYC-Taxi-ETL-Pipeline/.venv/lib/python3.10/site-packages/airflow/example_dags/example_branch_labels.py for tasks to queue
[2024-10-21T21:19:18.808+0700] {logging_mixin.py:190} INFO - [2024-10-21T21:19:18.808+0700] {dagbag.py:588} INFO - Filling up the DagBag from /Users/punny/Documents/GitHub/NYC-Taxi-ETL-Pipeline/.venv/lib/python3.10/site-packages/airflow/example_dags/example_branch_labels.py
[2024-10-21T21:19:18.820+0700] {processor.py:925} INFO - DAG(s) 'example_branch_labels' retrieved from /Users/punny/Documents/GitHub/NYC-Taxi-ETL-Pipeline/.venv/lib/python3.10/site-packages/airflow/example_dags/example_branch_labels.py
[2024-10-21T21:19:19.015+0700] {logging_mixin.py:190} INFO - [2024-10-21T21:19:19.014+0700] {dag.py:3239} INFO - Sync 1 DAGs
[2024-10-21T21:19:19.038+0700] {logging_mixin.py:190} INFO - [2024-10-21T21:19:19.038+0700] {dag.py:4180} INFO - Setting next_dagrun for example_branch_labels to 2024-10-20 00:00:00+00:00, run_after=2024-10-21 00:00:00+00:00
[2024-10-21T21:19:19.060+0700] {processor.py:208} INFO - Processing /Users/punny/Documents/GitHub/NYC-Taxi-ETL-Pipeline/.venv/lib/python3.10/site-packages/airflow/example_dags/example_branch_labels.py took 0.265 seconds
[2024-10-21T21:25:05.793+0700] {processor.py:186} INFO - Started process (PID=8446) to work on /Users/punny/Documents/GitHub/NYC-Taxi-ETL-Pipeline/.venv/lib/python3.10/site-packages/airflow/example_dags/example_branch_labels.py
[2024-10-21T21:25:05.796+0700] {processor.py:914} INFO - Processing file /Users/punny/Documents/GitHub/NYC-Taxi-ETL-Pipeline/.venv/lib/python3.10/site-packages/airflow/example_dags/example_branch_labels.py for tasks to queue
[2024-10-21T21:25:05.798+0700] {logging_mixin.py:190} INFO - [2024-10-21T21:25:05.797+0700] {dagbag.py:588} INFO - Filling up the DagBag from /Users/punny/Documents/GitHub/NYC-Taxi-ETL-Pipeline/.venv/lib/python3.10/site-packages/airflow/example_dags/example_branch_labels.py
[2024-10-21T21:25:05.810+0700] {processor.py:925} INFO - DAG(s) 'example_branch_labels' retrieved from /Users/punny/Documents/GitHub/NYC-Taxi-ETL-Pipeline/.venv/lib/python3.10/site-packages/airflow/example_dags/example_branch_labels.py
[2024-10-21T21:25:05.999+0700] {logging_mixin.py:190} INFO - [2024-10-21T21:25:05.998+0700] {dag.py:3239} INFO - Sync 1 DAGs
[2024-10-21T21:25:06.021+0700] {logging_mixin.py:190} INFO - [2024-10-21T21:25:06.021+0700] {dag.py:4180} INFO - Setting next_dagrun for example_branch_labels to 2024-10-20 00:00:00+00:00, run_after=2024-10-21 00:00:00+00:00
[2024-10-21T21:25:06.045+0700] {processor.py:208} INFO - Processing /Users/punny/Documents/GitHub/NYC-Taxi-ETL-Pipeline/.venv/lib/python3.10/site-packages/airflow/example_dags/example_branch_labels.py took 0.261 seconds
[2024-10-21T21:31:33.949+0700] {processor.py:186} INFO - Started process (PID=9049) to work on /Users/punny/Documents/GitHub/NYC-Taxi-ETL-Pipeline/.venv/lib/python3.10/site-packages/airflow/example_dags/example_branch_labels.py
[2024-10-21T21:31:33.952+0700] {processor.py:914} INFO - Processing file /Users/punny/Documents/GitHub/NYC-Taxi-ETL-Pipeline/.venv/lib/python3.10/site-packages/airflow/example_dags/example_branch_labels.py for tasks to queue
[2024-10-21T21:31:33.953+0700] {logging_mixin.py:190} INFO - [2024-10-21T21:31:33.953+0700] {dagbag.py:588} INFO - Filling up the DagBag from /Users/punny/Documents/GitHub/NYC-Taxi-ETL-Pipeline/.venv/lib/python3.10/site-packages/airflow/example_dags/example_branch_labels.py
[2024-10-21T21:31:33.965+0700] {processor.py:925} INFO - DAG(s) 'example_branch_labels' retrieved from /Users/punny/Documents/GitHub/NYC-Taxi-ETL-Pipeline/.venv/lib/python3.10/site-packages/airflow/example_dags/example_branch_labels.py
[2024-10-21T21:31:34.148+0700] {logging_mixin.py:190} INFO - [2024-10-21T21:31:34.148+0700] {dag.py:3239} INFO - Sync 1 DAGs
[2024-10-21T21:31:34.170+0700] {logging_mixin.py:190} INFO - [2024-10-21T21:31:34.169+0700] {dag.py:4180} INFO - Setting next_dagrun for example_branch_labels to 2024-10-20 00:00:00+00:00, run_after=2024-10-21 00:00:00+00:00
[2024-10-21T21:31:34.189+0700] {processor.py:208} INFO - Processing /Users/punny/Documents/GitHub/NYC-Taxi-ETL-Pipeline/.venv/lib/python3.10/site-packages/airflow/example_dags/example_branch_labels.py took 0.245 seconds
[2024-10-21T21:37:24.286+0700] {processor.py:186} INFO - Started process (PID=9495) to work on /Users/punny/Documents/GitHub/NYC-Taxi-ETL-Pipeline/.venv/lib/python3.10/site-packages/airflow/example_dags/example_branch_labels.py
[2024-10-21T21:37:24.289+0700] {processor.py:914} INFO - Processing file /Users/punny/Documents/GitHub/NYC-Taxi-ETL-Pipeline/.venv/lib/python3.10/site-packages/airflow/example_dags/example_branch_labels.py for tasks to queue
[2024-10-21T21:37:24.290+0700] {logging_mixin.py:190} INFO - [2024-10-21T21:37:24.290+0700] {dagbag.py:588} INFO - Filling up the DagBag from /Users/punny/Documents/GitHub/NYC-Taxi-ETL-Pipeline/.venv/lib/python3.10/site-packages/airflow/example_dags/example_branch_labels.py
[2024-10-21T21:37:24.302+0700] {processor.py:925} INFO - DAG(s) 'example_branch_labels' retrieved from /Users/punny/Documents/GitHub/NYC-Taxi-ETL-Pipeline/.venv/lib/python3.10/site-packages/airflow/example_dags/example_branch_labels.py
[2024-10-21T21:37:24.487+0700] {logging_mixin.py:190} INFO - [2024-10-21T21:37:24.487+0700] {dag.py:3239} INFO - Sync 1 DAGs
[2024-10-21T21:37:24.509+0700] {logging_mixin.py:190} INFO - [2024-10-21T21:37:24.509+0700] {dag.py:4180} INFO - Setting next_dagrun for example_branch_labels to 2024-10-20 00:00:00+00:00, run_after=2024-10-21 00:00:00+00:00
[2024-10-21T21:37:24.531+0700] {processor.py:208} INFO - Processing /Users/punny/Documents/GitHub/NYC-Taxi-ETL-Pipeline/.venv/lib/python3.10/site-packages/airflow/example_dags/example_branch_labels.py took 0.253 seconds
[2024-10-21T21:45:12.280+0700] {processor.py:186} INFO - Started process (PID=10252) to work on /Users/punny/Documents/GitHub/NYC-Taxi-ETL-Pipeline/.venv/lib/python3.10/site-packages/airflow/example_dags/example_branch_labels.py
[2024-10-21T21:45:12.284+0700] {processor.py:914} INFO - Processing file /Users/punny/Documents/GitHub/NYC-Taxi-ETL-Pipeline/.venv/lib/python3.10/site-packages/airflow/example_dags/example_branch_labels.py for tasks to queue
[2024-10-21T21:45:12.285+0700] {logging_mixin.py:190} INFO - [2024-10-21T21:45:12.285+0700] {dagbag.py:588} INFO - Filling up the DagBag from /Users/punny/Documents/GitHub/NYC-Taxi-ETL-Pipeline/.venv/lib/python3.10/site-packages/airflow/example_dags/example_branch_labels.py
[2024-10-21T21:45:12.299+0700] {processor.py:925} INFO - DAG(s) 'example_branch_labels' retrieved from /Users/punny/Documents/GitHub/NYC-Taxi-ETL-Pipeline/.venv/lib/python3.10/site-packages/airflow/example_dags/example_branch_labels.py
[2024-10-21T21:45:12.566+0700] {logging_mixin.py:190} INFO - [2024-10-21T21:45:12.566+0700] {dag.py:3239} INFO - Sync 1 DAGs
[2024-10-21T21:45:12.591+0700] {logging_mixin.py:190} INFO - [2024-10-21T21:45:12.591+0700] {dag.py:4180} INFO - Setting next_dagrun for example_branch_labels to 2024-10-20 00:00:00+00:00, run_after=2024-10-21 00:00:00+00:00
[2024-10-21T21:45:12.624+0700] {processor.py:208} INFO - Processing /Users/punny/Documents/GitHub/NYC-Taxi-ETL-Pipeline/.venv/lib/python3.10/site-packages/airflow/example_dags/example_branch_labels.py took 0.360 seconds
[2024-10-21T21:53:09.707+0700] {processor.py:186} INFO - Started process (PID=10900) to work on /Users/punny/Documents/GitHub/NYC-Taxi-ETL-Pipeline/.venv/lib/python3.10/site-packages/airflow/example_dags/example_branch_labels.py
[2024-10-21T21:53:09.710+0700] {processor.py:914} INFO - Processing file /Users/punny/Documents/GitHub/NYC-Taxi-ETL-Pipeline/.venv/lib/python3.10/site-packages/airflow/example_dags/example_branch_labels.py for tasks to queue
[2024-10-21T21:53:09.711+0700] {logging_mixin.py:190} INFO - [2024-10-21T21:53:09.711+0700] {dagbag.py:588} INFO - Filling up the DagBag from /Users/punny/Documents/GitHub/NYC-Taxi-ETL-Pipeline/.venv/lib/python3.10/site-packages/airflow/example_dags/example_branch_labels.py
[2024-10-21T21:53:09.724+0700] {processor.py:925} INFO - DAG(s) 'example_branch_labels' retrieved from /Users/punny/Documents/GitHub/NYC-Taxi-ETL-Pipeline/.venv/lib/python3.10/site-packages/airflow/example_dags/example_branch_labels.py
[2024-10-21T21:53:09.911+0700] {logging_mixin.py:190} INFO - [2024-10-21T21:53:09.910+0700] {dag.py:3239} INFO - Sync 1 DAGs
[2024-10-21T21:53:09.933+0700] {logging_mixin.py:190} INFO - [2024-10-21T21:53:09.933+0700] {dag.py:4180} INFO - Setting next_dagrun for example_branch_labels to 2024-10-20 00:00:00+00:00, run_after=2024-10-21 00:00:00+00:00
[2024-10-21T21:53:09.954+0700] {processor.py:208} INFO - Processing /Users/punny/Documents/GitHub/NYC-Taxi-ETL-Pipeline/.venv/lib/python3.10/site-packages/airflow/example_dags/example_branch_labels.py took 0.254 seconds
[2024-10-21T22:15:06.533+0700] {processor.py:186} INFO - Started process (PID=11937) to work on /Users/punny/Documents/GitHub/NYC-Taxi-ETL-Pipeline/.venv/lib/python3.10/site-packages/airflow/example_dags/example_branch_labels.py
[2024-10-21T22:15:06.536+0700] {processor.py:914} INFO - Processing file /Users/punny/Documents/GitHub/NYC-Taxi-ETL-Pipeline/.venv/lib/python3.10/site-packages/airflow/example_dags/example_branch_labels.py for tasks to queue
[2024-10-21T22:15:06.537+0700] {logging_mixin.py:190} INFO - [2024-10-21T22:15:06.537+0700] {dagbag.py:588} INFO - Filling up the DagBag from /Users/punny/Documents/GitHub/NYC-Taxi-ETL-Pipeline/.venv/lib/python3.10/site-packages/airflow/example_dags/example_branch_labels.py
[2024-10-21T22:15:06.549+0700] {processor.py:925} INFO - DAG(s) 'example_branch_labels' retrieved from /Users/punny/Documents/GitHub/NYC-Taxi-ETL-Pipeline/.venv/lib/python3.10/site-packages/airflow/example_dags/example_branch_labels.py
[2024-10-21T22:15:06.731+0700] {logging_mixin.py:190} INFO - [2024-10-21T22:15:06.730+0700] {dag.py:3239} INFO - Sync 1 DAGs
[2024-10-21T22:15:06.755+0700] {logging_mixin.py:190} INFO - [2024-10-21T22:15:06.755+0700] {dag.py:4180} INFO - Setting next_dagrun for example_branch_labels to 2024-10-20 00:00:00+00:00, run_after=2024-10-21 00:00:00+00:00
[2024-10-21T22:15:06.775+0700] {processor.py:208} INFO - Processing /Users/punny/Documents/GitHub/NYC-Taxi-ETL-Pipeline/.venv/lib/python3.10/site-packages/airflow/example_dags/example_branch_labels.py took 0.251 seconds
[2024-10-21T22:22:06.793+0700] {processor.py:186} INFO - Started process (PID=12794) to work on /Users/punny/Documents/GitHub/NYC-Taxi-ETL-Pipeline/.venv/lib/python3.10/site-packages/airflow/example_dags/example_branch_labels.py
[2024-10-21T22:22:06.796+0700] {processor.py:914} INFO - Processing file /Users/punny/Documents/GitHub/NYC-Taxi-ETL-Pipeline/.venv/lib/python3.10/site-packages/airflow/example_dags/example_branch_labels.py for tasks to queue
[2024-10-21T22:22:06.798+0700] {logging_mixin.py:190} INFO - [2024-10-21T22:22:06.798+0700] {dagbag.py:588} INFO - Filling up the DagBag from /Users/punny/Documents/GitHub/NYC-Taxi-ETL-Pipeline/.venv/lib/python3.10/site-packages/airflow/example_dags/example_branch_labels.py
[2024-10-21T22:22:06.811+0700] {processor.py:925} INFO - DAG(s) 'example_branch_labels' retrieved from /Users/punny/Documents/GitHub/NYC-Taxi-ETL-Pipeline/.venv/lib/python3.10/site-packages/airflow/example_dags/example_branch_labels.py
[2024-10-21T22:22:07.000+0700] {logging_mixin.py:190} INFO - [2024-10-21T22:22:06.999+0700] {dag.py:3239} INFO - Sync 1 DAGs
[2024-10-21T22:22:07.023+0700] {logging_mixin.py:190} INFO - [2024-10-21T22:22:07.022+0700] {dag.py:4180} INFO - Setting next_dagrun for example_branch_labels to 2024-10-20 00:00:00+00:00, run_after=2024-10-21 00:00:00+00:00
[2024-10-21T22:22:07.043+0700] {processor.py:208} INFO - Processing /Users/punny/Documents/GitHub/NYC-Taxi-ETL-Pipeline/.venv/lib/python3.10/site-packages/airflow/example_dags/example_branch_labels.py took 0.260 seconds
[2024-10-21T22:30:01.272+0700] {processor.py:186} INFO - Started process (PID=13634) to work on /Users/punny/Documents/GitHub/NYC-Taxi-ETL-Pipeline/.venv/lib/python3.10/site-packages/airflow/example_dags/example_branch_labels.py
[2024-10-21T22:30:01.276+0700] {processor.py:914} INFO - Processing file /Users/punny/Documents/GitHub/NYC-Taxi-ETL-Pipeline/.venv/lib/python3.10/site-packages/airflow/example_dags/example_branch_labels.py for tasks to queue
[2024-10-21T22:30:01.277+0700] {logging_mixin.py:190} INFO - [2024-10-21T22:30:01.277+0700] {dagbag.py:588} INFO - Filling up the DagBag from /Users/punny/Documents/GitHub/NYC-Taxi-ETL-Pipeline/.venv/lib/python3.10/site-packages/airflow/example_dags/example_branch_labels.py
[2024-10-21T22:30:01.290+0700] {processor.py:925} INFO - DAG(s) 'example_branch_labels' retrieved from /Users/punny/Documents/GitHub/NYC-Taxi-ETL-Pipeline/.venv/lib/python3.10/site-packages/airflow/example_dags/example_branch_labels.py
[2024-10-21T22:30:01.593+0700] {logging_mixin.py:190} INFO - [2024-10-21T22:30:01.593+0700] {dag.py:3239} INFO - Sync 1 DAGs
[2024-10-21T22:30:01.621+0700] {logging_mixin.py:190} INFO - [2024-10-21T22:30:01.620+0700] {dag.py:4180} INFO - Setting next_dagrun for example_branch_labels to 2024-10-20 00:00:00+00:00, run_after=2024-10-21 00:00:00+00:00
[2024-10-21T22:30:01.644+0700] {processor.py:208} INFO - Processing /Users/punny/Documents/GitHub/NYC-Taxi-ETL-Pipeline/.venv/lib/python3.10/site-packages/airflow/example_dags/example_branch_labels.py took 0.381 seconds
