[2024-10-21T12:37:58.156+0700] {processor.py:186} INFO - Started process (PID=34149) to work on /Users/punny/Documents/GitHub/NYC-Taxi-ETL-Pipeline/.venv/lib/python3.10/site-packages/airflow/example_dags/example_short_circuit_operator.py
[2024-10-21T12:37:58.160+0700] {processor.py:914} INFO - Processing file /Users/punny/Documents/GitHub/NYC-Taxi-ETL-Pipeline/.venv/lib/python3.10/site-packages/airflow/example_dags/example_short_circuit_operator.py for tasks to queue
[2024-10-21T12:37:58.162+0700] {logging_mixin.py:190} INFO - [2024-10-21T12:37:58.161+0700] {dagbag.py:588} INFO - Filling up the DagBag from /Users/punny/Documents/GitHub/NYC-Taxi-ETL-Pipeline/.venv/lib/python3.10/site-packages/airflow/example_dags/example_short_circuit_operator.py
[2024-10-21T12:37:58.216+0700] {processor.py:925} INFO - DAG(s) 'example_short_circuit_operator' retrieved from /Users/punny/Documents/GitHub/NYC-Taxi-ETL-Pipeline/.venv/lib/python3.10/site-packages/airflow/example_dags/example_short_circuit_operator.py
[2024-10-21T12:37:58.529+0700] {logging_mixin.py:190} INFO - [2024-10-21T12:37:58.528+0700] {dag.py:3239} INFO - Sync 1 DAGs
[2024-10-21T12:37:58.562+0700] {logging_mixin.py:190} INFO - [2024-10-21T12:37:58.562+0700] {dag.py:4180} INFO - Setting next_dagrun for example_short_circuit_operator to None, run_after=None
[2024-10-21T12:37:58.599+0700] {processor.py:208} INFO - Processing /Users/punny/Documents/GitHub/NYC-Taxi-ETL-Pipeline/.venv/lib/python3.10/site-packages/airflow/example_dags/example_short_circuit_operator.py took 0.456 seconds
[2024-10-21T14:12:57.660+0700] {processor.py:186} INFO - Started process (PID=34991) to work on /Users/punny/Documents/GitHub/NYC-Taxi-ETL-Pipeline/.venv/lib/python3.10/site-packages/airflow/example_dags/example_short_circuit_operator.py
[2024-10-21T14:12:57.664+0700] {processor.py:914} INFO - Processing file /Users/punny/Documents/GitHub/NYC-Taxi-ETL-Pipeline/.venv/lib/python3.10/site-packages/airflow/example_dags/example_short_circuit_operator.py for tasks to queue
[2024-10-21T14:12:57.666+0700] {logging_mixin.py:190} INFO - [2024-10-21T14:12:57.666+0700] {dagbag.py:588} INFO - Filling up the DagBag from /Users/punny/Documents/GitHub/NYC-Taxi-ETL-Pipeline/.venv/lib/python3.10/site-packages/airflow/example_dags/example_short_circuit_operator.py
[2024-10-21T14:12:57.737+0700] {processor.py:925} INFO - DAG(s) 'example_short_circuit_operator' retrieved from /Users/punny/Documents/GitHub/NYC-Taxi-ETL-Pipeline/.venv/lib/python3.10/site-packages/airflow/example_dags/example_short_circuit_operator.py
[2024-10-21T14:12:58.135+0700] {logging_mixin.py:190} INFO - [2024-10-21T14:12:58.134+0700] {dag.py:3239} INFO - Sync 1 DAGs
[2024-10-21T14:12:58.169+0700] {logging_mixin.py:190} INFO - [2024-10-21T14:12:58.168+0700] {dag.py:4180} INFO - Setting next_dagrun for example_short_circuit_operator to None, run_after=None
[2024-10-21T14:12:58.203+0700] {processor.py:208} INFO - Processing /Users/punny/Documents/GitHub/NYC-Taxi-ETL-Pipeline/.venv/lib/python3.10/site-packages/airflow/example_dags/example_short_circuit_operator.py took 0.554 seconds
[2024-10-21T14:48:28.348+0700] {processor.py:186} INFO - Started process (PID=35892) to work on /Users/punny/Documents/GitHub/NYC-Taxi-ETL-Pipeline/.venv/lib/python3.10/site-packages/airflow/example_dags/example_short_circuit_operator.py
[2024-10-21T14:48:28.352+0700] {processor.py:914} INFO - Processing file /Users/punny/Documents/GitHub/NYC-Taxi-ETL-Pipeline/.venv/lib/python3.10/site-packages/airflow/example_dags/example_short_circuit_operator.py for tasks to queue
[2024-10-21T14:48:28.353+0700] {logging_mixin.py:190} INFO - [2024-10-21T14:48:28.353+0700] {dagbag.py:588} INFO - Filling up the DagBag from /Users/punny/Documents/GitHub/NYC-Taxi-ETL-Pipeline/.venv/lib/python3.10/site-packages/airflow/example_dags/example_short_circuit_operator.py
[2024-10-21T14:48:28.403+0700] {processor.py:925} INFO - DAG(s) 'example_short_circuit_operator' retrieved from /Users/punny/Documents/GitHub/NYC-Taxi-ETL-Pipeline/.venv/lib/python3.10/site-packages/airflow/example_dags/example_short_circuit_operator.py
[2024-10-21T14:48:28.697+0700] {logging_mixin.py:190} INFO - [2024-10-21T14:48:28.696+0700] {dag.py:3239} INFO - Sync 1 DAGs
[2024-10-21T14:48:28.716+0700] {logging_mixin.py:190} INFO - [2024-10-21T14:48:28.716+0700] {dag.py:4180} INFO - Setting next_dagrun for example_short_circuit_operator to None, run_after=None
[2024-10-21T14:48:28.747+0700] {processor.py:208} INFO - Processing /Users/punny/Documents/GitHub/NYC-Taxi-ETL-Pipeline/.venv/lib/python3.10/site-packages/airflow/example_dags/example_short_circuit_operator.py took 0.409 seconds
[2024-10-21T14:52:03.755+0700] {processor.py:186} INFO - Started process (PID=36496) to work on /Users/punny/Documents/GitHub/NYC-Taxi-ETL-Pipeline/.venv/lib/python3.10/site-packages/airflow/example_dags/example_short_circuit_operator.py
[2024-10-21T14:52:03.761+0700] {processor.py:914} INFO - Processing file /Users/punny/Documents/GitHub/NYC-Taxi-ETL-Pipeline/.venv/lib/python3.10/site-packages/airflow/example_dags/example_short_circuit_operator.py for tasks to queue
[2024-10-21T14:52:03.762+0700] {logging_mixin.py:190} INFO - [2024-10-21T14:52:03.762+0700] {dagbag.py:588} INFO - Filling up the DagBag from /Users/punny/Documents/GitHub/NYC-Taxi-ETL-Pipeline/.venv/lib/python3.10/site-packages/airflow/example_dags/example_short_circuit_operator.py
[2024-10-21T14:52:03.818+0700] {processor.py:925} INFO - DAG(s) 'example_short_circuit_operator' retrieved from /Users/punny/Documents/GitHub/NYC-Taxi-ETL-Pipeline/.venv/lib/python3.10/site-packages/airflow/example_dags/example_short_circuit_operator.py
[2024-10-21T14:52:04.095+0700] {logging_mixin.py:190} INFO - [2024-10-21T14:52:04.094+0700] {dag.py:3239} INFO - Sync 1 DAGs
[2024-10-21T14:52:04.121+0700] {logging_mixin.py:190} INFO - [2024-10-21T14:52:04.121+0700] {dag.py:4180} INFO - Setting next_dagrun for example_short_circuit_operator to None, run_after=None
[2024-10-21T14:52:04.145+0700] {processor.py:208} INFO - Processing /Users/punny/Documents/GitHub/NYC-Taxi-ETL-Pipeline/.venv/lib/python3.10/site-packages/airflow/example_dags/example_short_circuit_operator.py took 0.405 seconds
[2024-10-21T14:55:31.649+0700] {processor.py:186} INFO - Started process (PID=37020) to work on /Users/punny/Documents/GitHub/NYC-Taxi-ETL-Pipeline/.venv/lib/python3.10/site-packages/airflow/example_dags/example_short_circuit_operator.py
[2024-10-21T14:55:31.652+0700] {processor.py:914} INFO - Processing file /Users/punny/Documents/GitHub/NYC-Taxi-ETL-Pipeline/.venv/lib/python3.10/site-packages/airflow/example_dags/example_short_circuit_operator.py for tasks to queue
[2024-10-21T14:55:31.653+0700] {logging_mixin.py:190} INFO - [2024-10-21T14:55:31.653+0700] {dagbag.py:588} INFO - Filling up the DagBag from /Users/punny/Documents/GitHub/NYC-Taxi-ETL-Pipeline/.venv/lib/python3.10/site-packages/airflow/example_dags/example_short_circuit_operator.py
[2024-10-21T14:55:31.684+0700] {processor.py:925} INFO - DAG(s) 'example_short_circuit_operator' retrieved from /Users/punny/Documents/GitHub/NYC-Taxi-ETL-Pipeline/.venv/lib/python3.10/site-packages/airflow/example_dags/example_short_circuit_operator.py
[2024-10-21T14:55:31.899+0700] {logging_mixin.py:190} INFO - [2024-10-21T14:55:31.898+0700] {dag.py:3239} INFO - Sync 1 DAGs
[2024-10-21T14:55:31.915+0700] {logging_mixin.py:190} INFO - [2024-10-21T14:55:31.914+0700] {dag.py:4180} INFO - Setting next_dagrun for example_short_circuit_operator to None, run_after=None
[2024-10-21T14:55:31.940+0700] {processor.py:208} INFO - Processing /Users/punny/Documents/GitHub/NYC-Taxi-ETL-Pipeline/.venv/lib/python3.10/site-packages/airflow/example_dags/example_short_circuit_operator.py took 0.301 seconds
[2024-10-21T15:00:06.393+0700] {processor.py:186} INFO - Started process (PID=37734) to work on /Users/punny/Documents/GitHub/NYC-Taxi-ETL-Pipeline/.venv/lib/python3.10/site-packages/airflow/example_dags/example_short_circuit_operator.py
[2024-10-21T15:00:06.397+0700] {processor.py:914} INFO - Processing file /Users/punny/Documents/GitHub/NYC-Taxi-ETL-Pipeline/.venv/lib/python3.10/site-packages/airflow/example_dags/example_short_circuit_operator.py for tasks to queue
[2024-10-21T15:00:06.399+0700] {logging_mixin.py:190} INFO - [2024-10-21T15:00:06.398+0700] {dagbag.py:588} INFO - Filling up the DagBag from /Users/punny/Documents/GitHub/NYC-Taxi-ETL-Pipeline/.venv/lib/python3.10/site-packages/airflow/example_dags/example_short_circuit_operator.py
[2024-10-21T15:00:06.441+0700] {processor.py:925} INFO - DAG(s) 'example_short_circuit_operator' retrieved from /Users/punny/Documents/GitHub/NYC-Taxi-ETL-Pipeline/.venv/lib/python3.10/site-packages/airflow/example_dags/example_short_circuit_operator.py
[2024-10-21T15:00:06.689+0700] {logging_mixin.py:190} INFO - [2024-10-21T15:00:06.689+0700] {dag.py:3239} INFO - Sync 1 DAGs
[2024-10-21T15:00:06.707+0700] {logging_mixin.py:190} INFO - [2024-10-21T15:00:06.707+0700] {dag.py:4180} INFO - Setting next_dagrun for example_short_circuit_operator to None, run_after=None
[2024-10-21T15:00:06.738+0700] {processor.py:208} INFO - Processing /Users/punny/Documents/GitHub/NYC-Taxi-ETL-Pipeline/.venv/lib/python3.10/site-packages/airflow/example_dags/example_short_circuit_operator.py took 0.356 seconds
[2024-10-21T15:05:54.912+0700] {processor.py:186} INFO - Started process (PID=38488) to work on /Users/punny/Documents/GitHub/NYC-Taxi-ETL-Pipeline/.venv/lib/python3.10/site-packages/airflow/example_dags/example_short_circuit_operator.py
[2024-10-21T15:05:54.918+0700] {processor.py:914} INFO - Processing file /Users/punny/Documents/GitHub/NYC-Taxi-ETL-Pipeline/.venv/lib/python3.10/site-packages/airflow/example_dags/example_short_circuit_operator.py for tasks to queue
[2024-10-21T15:05:54.921+0700] {logging_mixin.py:190} INFO - [2024-10-21T15:05:54.920+0700] {dagbag.py:588} INFO - Filling up the DagBag from /Users/punny/Documents/GitHub/NYC-Taxi-ETL-Pipeline/.venv/lib/python3.10/site-packages/airflow/example_dags/example_short_circuit_operator.py
[2024-10-21T15:05:54.975+0700] {processor.py:925} INFO - DAG(s) 'example_short_circuit_operator' retrieved from /Users/punny/Documents/GitHub/NYC-Taxi-ETL-Pipeline/.venv/lib/python3.10/site-packages/airflow/example_dags/example_short_circuit_operator.py
[2024-10-21T15:05:55.274+0700] {logging_mixin.py:190} INFO - [2024-10-21T15:05:55.274+0700] {dag.py:3239} INFO - Sync 1 DAGs
[2024-10-21T15:05:55.294+0700] {logging_mixin.py:190} INFO - [2024-10-21T15:05:55.294+0700] {dag.py:4180} INFO - Setting next_dagrun for example_short_circuit_operator to None, run_after=None
[2024-10-21T15:05:55.334+0700] {processor.py:208} INFO - Processing /Users/punny/Documents/GitHub/NYC-Taxi-ETL-Pipeline/.venv/lib/python3.10/site-packages/airflow/example_dags/example_short_circuit_operator.py took 0.436 seconds
[2024-10-21T15:10:45.480+0700] {processor.py:186} INFO - Started process (PID=39138) to work on /Users/punny/Documents/GitHub/NYC-Taxi-ETL-Pipeline/.venv/lib/python3.10/site-packages/airflow/example_dags/example_short_circuit_operator.py
[2024-10-21T15:10:45.485+0700] {processor.py:914} INFO - Processing file /Users/punny/Documents/GitHub/NYC-Taxi-ETL-Pipeline/.venv/lib/python3.10/site-packages/airflow/example_dags/example_short_circuit_operator.py for tasks to queue
[2024-10-21T15:10:45.487+0700] {logging_mixin.py:190} INFO - [2024-10-21T15:10:45.487+0700] {dagbag.py:588} INFO - Filling up the DagBag from /Users/punny/Documents/GitHub/NYC-Taxi-ETL-Pipeline/.venv/lib/python3.10/site-packages/airflow/example_dags/example_short_circuit_operator.py
[2024-10-21T15:10:45.550+0700] {processor.py:925} INFO - DAG(s) 'example_short_circuit_operator' retrieved from /Users/punny/Documents/GitHub/NYC-Taxi-ETL-Pipeline/.venv/lib/python3.10/site-packages/airflow/example_dags/example_short_circuit_operator.py
[2024-10-21T15:10:45.851+0700] {logging_mixin.py:190} INFO - [2024-10-21T15:10:45.850+0700] {dag.py:3239} INFO - Sync 1 DAGs
[2024-10-21T15:10:45.872+0700] {logging_mixin.py:190} INFO - [2024-10-21T15:10:45.871+0700] {dag.py:4180} INFO - Setting next_dagrun for example_short_circuit_operator to None, run_after=None
[2024-10-21T15:10:45.905+0700] {processor.py:208} INFO - Processing /Users/punny/Documents/GitHub/NYC-Taxi-ETL-Pipeline/.venv/lib/python3.10/site-packages/airflow/example_dags/example_short_circuit_operator.py took 0.440 seconds
[2024-10-21T15:14:55.441+0700] {processor.py:186} INFO - Started process (PID=39627) to work on /Users/punny/Documents/GitHub/NYC-Taxi-ETL-Pipeline/.venv/lib/python3.10/site-packages/airflow/example_dags/example_short_circuit_operator.py
[2024-10-21T15:14:55.446+0700] {processor.py:914} INFO - Processing file /Users/punny/Documents/GitHub/NYC-Taxi-ETL-Pipeline/.venv/lib/python3.10/site-packages/airflow/example_dags/example_short_circuit_operator.py for tasks to queue
[2024-10-21T15:14:55.448+0700] {logging_mixin.py:190} INFO - [2024-10-21T15:14:55.447+0700] {dagbag.py:588} INFO - Filling up the DagBag from /Users/punny/Documents/GitHub/NYC-Taxi-ETL-Pipeline/.venv/lib/python3.10/site-packages/airflow/example_dags/example_short_circuit_operator.py
[2024-10-21T15:14:55.497+0700] {processor.py:925} INFO - DAG(s) 'example_short_circuit_operator' retrieved from /Users/punny/Documents/GitHub/NYC-Taxi-ETL-Pipeline/.venv/lib/python3.10/site-packages/airflow/example_dags/example_short_circuit_operator.py
[2024-10-21T15:14:55.790+0700] {logging_mixin.py:190} INFO - [2024-10-21T15:14:55.790+0700] {dag.py:3239} INFO - Sync 1 DAGs
[2024-10-21T15:14:55.831+0700] {logging_mixin.py:190} INFO - [2024-10-21T15:14:55.831+0700] {dag.py:4180} INFO - Setting next_dagrun for example_short_circuit_operator to None, run_after=None
[2024-10-21T15:14:55.871+0700] {processor.py:208} INFO - Processing /Users/punny/Documents/GitHub/NYC-Taxi-ETL-Pipeline/.venv/lib/python3.10/site-packages/airflow/example_dags/example_short_circuit_operator.py took 0.441 seconds
[2024-10-21T15:19:16.098+0700] {processor.py:186} INFO - Started process (PID=40153) to work on /Users/punny/Documents/GitHub/NYC-Taxi-ETL-Pipeline/.venv/lib/python3.10/site-packages/airflow/example_dags/example_short_circuit_operator.py
[2024-10-21T15:19:16.108+0700] {processor.py:914} INFO - Processing file /Users/punny/Documents/GitHub/NYC-Taxi-ETL-Pipeline/.venv/lib/python3.10/site-packages/airflow/example_dags/example_short_circuit_operator.py for tasks to queue
[2024-10-21T15:19:16.111+0700] {logging_mixin.py:190} INFO - [2024-10-21T15:19:16.111+0700] {dagbag.py:588} INFO - Filling up the DagBag from /Users/punny/Documents/GitHub/NYC-Taxi-ETL-Pipeline/.venv/lib/python3.10/site-packages/airflow/example_dags/example_short_circuit_operator.py
[2024-10-21T15:19:16.175+0700] {processor.py:925} INFO - DAG(s) 'example_short_circuit_operator' retrieved from /Users/punny/Documents/GitHub/NYC-Taxi-ETL-Pipeline/.venv/lib/python3.10/site-packages/airflow/example_dags/example_short_circuit_operator.py
[2024-10-21T15:19:16.489+0700] {logging_mixin.py:190} INFO - [2024-10-21T15:19:16.489+0700] {dag.py:3239} INFO - Sync 1 DAGs
[2024-10-21T15:19:16.508+0700] {logging_mixin.py:190} INFO - [2024-10-21T15:19:16.508+0700] {dag.py:4180} INFO - Setting next_dagrun for example_short_circuit_operator to None, run_after=None
[2024-10-21T15:19:16.538+0700] {processor.py:208} INFO - Processing /Users/punny/Documents/GitHub/NYC-Taxi-ETL-Pipeline/.venv/lib/python3.10/site-packages/airflow/example_dags/example_short_circuit_operator.py took 0.454 seconds
[2024-10-21T15:23:25.911+0700] {processor.py:186} INFO - Started process (PID=40700) to work on /Users/punny/Documents/GitHub/NYC-Taxi-ETL-Pipeline/.venv/lib/python3.10/site-packages/airflow/example_dags/example_short_circuit_operator.py
[2024-10-21T15:23:25.916+0700] {processor.py:914} INFO - Processing file /Users/punny/Documents/GitHub/NYC-Taxi-ETL-Pipeline/.venv/lib/python3.10/site-packages/airflow/example_dags/example_short_circuit_operator.py for tasks to queue
[2024-10-21T15:23:25.918+0700] {logging_mixin.py:190} INFO - [2024-10-21T15:23:25.917+0700] {dagbag.py:588} INFO - Filling up the DagBag from /Users/punny/Documents/GitHub/NYC-Taxi-ETL-Pipeline/.venv/lib/python3.10/site-packages/airflow/example_dags/example_short_circuit_operator.py
[2024-10-21T15:23:25.970+0700] {processor.py:925} INFO - DAG(s) 'example_short_circuit_operator' retrieved from /Users/punny/Documents/GitHub/NYC-Taxi-ETL-Pipeline/.venv/lib/python3.10/site-packages/airflow/example_dags/example_short_circuit_operator.py
[2024-10-21T15:23:26.268+0700] {logging_mixin.py:190} INFO - [2024-10-21T15:23:26.268+0700] {dag.py:3239} INFO - Sync 1 DAGs
[2024-10-21T15:23:26.287+0700] {logging_mixin.py:190} INFO - [2024-10-21T15:23:26.287+0700] {dag.py:4180} INFO - Setting next_dagrun for example_short_circuit_operator to None, run_after=None
[2024-10-21T15:23:26.329+0700] {processor.py:208} INFO - Processing /Users/punny/Documents/GitHub/NYC-Taxi-ETL-Pipeline/.venv/lib/python3.10/site-packages/airflow/example_dags/example_short_circuit_operator.py took 0.431 seconds
[2024-10-21T15:27:25.542+0700] {processor.py:186} INFO - Started process (PID=41192) to work on /Users/punny/Documents/GitHub/NYC-Taxi-ETL-Pipeline/.venv/lib/python3.10/site-packages/airflow/example_dags/example_short_circuit_operator.py
[2024-10-21T15:27:25.547+0700] {processor.py:914} INFO - Processing file /Users/punny/Documents/GitHub/NYC-Taxi-ETL-Pipeline/.venv/lib/python3.10/site-packages/airflow/example_dags/example_short_circuit_operator.py for tasks to queue
[2024-10-21T15:27:25.549+0700] {logging_mixin.py:190} INFO - [2024-10-21T15:27:25.549+0700] {dagbag.py:588} INFO - Filling up the DagBag from /Users/punny/Documents/GitHub/NYC-Taxi-ETL-Pipeline/.venv/lib/python3.10/site-packages/airflow/example_dags/example_short_circuit_operator.py
[2024-10-21T15:27:25.605+0700] {processor.py:925} INFO - DAG(s) 'example_short_circuit_operator' retrieved from /Users/punny/Documents/GitHub/NYC-Taxi-ETL-Pipeline/.venv/lib/python3.10/site-packages/airflow/example_dags/example_short_circuit_operator.py
[2024-10-21T15:27:25.902+0700] {logging_mixin.py:190} INFO - [2024-10-21T15:27:25.902+0700] {dag.py:3239} INFO - Sync 1 DAGs
[2024-10-21T15:27:25.928+0700] {logging_mixin.py:190} INFO - [2024-10-21T15:27:25.928+0700] {dag.py:4180} INFO - Setting next_dagrun for example_short_circuit_operator to None, run_after=None
[2024-10-21T15:27:25.959+0700] {processor.py:208} INFO - Processing /Users/punny/Documents/GitHub/NYC-Taxi-ETL-Pipeline/.venv/lib/python3.10/site-packages/airflow/example_dags/example_short_circuit_operator.py took 0.427 seconds
[2024-10-21T15:31:32.982+0700] {processor.py:186} INFO - Started process (PID=41754) to work on /Users/punny/Documents/GitHub/NYC-Taxi-ETL-Pipeline/.venv/lib/python3.10/site-packages/airflow/example_dags/example_short_circuit_operator.py
[2024-10-21T15:31:32.986+0700] {processor.py:914} INFO - Processing file /Users/punny/Documents/GitHub/NYC-Taxi-ETL-Pipeline/.venv/lib/python3.10/site-packages/airflow/example_dags/example_short_circuit_operator.py for tasks to queue
[2024-10-21T15:31:32.988+0700] {logging_mixin.py:190} INFO - [2024-10-21T15:31:32.987+0700] {dagbag.py:588} INFO - Filling up the DagBag from /Users/punny/Documents/GitHub/NYC-Taxi-ETL-Pipeline/.venv/lib/python3.10/site-packages/airflow/example_dags/example_short_circuit_operator.py
[2024-10-21T15:31:33.033+0700] {processor.py:925} INFO - DAG(s) 'example_short_circuit_operator' retrieved from /Users/punny/Documents/GitHub/NYC-Taxi-ETL-Pipeline/.venv/lib/python3.10/site-packages/airflow/example_dags/example_short_circuit_operator.py
[2024-10-21T15:31:33.320+0700] {logging_mixin.py:190} INFO - [2024-10-21T15:31:33.320+0700] {dag.py:3239} INFO - Sync 1 DAGs
[2024-10-21T15:31:33.343+0700] {logging_mixin.py:190} INFO - [2024-10-21T15:31:33.342+0700] {dag.py:4180} INFO - Setting next_dagrun for example_short_circuit_operator to None, run_after=None
[2024-10-21T15:31:33.382+0700] {processor.py:208} INFO - Processing /Users/punny/Documents/GitHub/NYC-Taxi-ETL-Pipeline/.venv/lib/python3.10/site-packages/airflow/example_dags/example_short_circuit_operator.py took 0.408 seconds
[2024-10-21T15:35:28.866+0700] {processor.py:186} INFO - Started process (PID=42230) to work on /Users/punny/Documents/GitHub/NYC-Taxi-ETL-Pipeline/.venv/lib/python3.10/site-packages/airflow/example_dags/example_short_circuit_operator.py
[2024-10-21T15:35:28.870+0700] {processor.py:914} INFO - Processing file /Users/punny/Documents/GitHub/NYC-Taxi-ETL-Pipeline/.venv/lib/python3.10/site-packages/airflow/example_dags/example_short_circuit_operator.py for tasks to queue
[2024-10-21T15:35:28.871+0700] {logging_mixin.py:190} INFO - [2024-10-21T15:35:28.871+0700] {dagbag.py:588} INFO - Filling up the DagBag from /Users/punny/Documents/GitHub/NYC-Taxi-ETL-Pipeline/.venv/lib/python3.10/site-packages/airflow/example_dags/example_short_circuit_operator.py
[2024-10-21T15:35:28.916+0700] {processor.py:925} INFO - DAG(s) 'example_short_circuit_operator' retrieved from /Users/punny/Documents/GitHub/NYC-Taxi-ETL-Pipeline/.venv/lib/python3.10/site-packages/airflow/example_dags/example_short_circuit_operator.py
[2024-10-21T15:35:29.198+0700] {logging_mixin.py:190} INFO - [2024-10-21T15:35:29.198+0700] {dag.py:3239} INFO - Sync 1 DAGs
[2024-10-21T15:35:29.216+0700] {logging_mixin.py:190} INFO - [2024-10-21T15:35:29.215+0700] {dag.py:4180} INFO - Setting next_dagrun for example_short_circuit_operator to None, run_after=None
[2024-10-21T15:35:29.247+0700] {processor.py:208} INFO - Processing /Users/punny/Documents/GitHub/NYC-Taxi-ETL-Pipeline/.venv/lib/python3.10/site-packages/airflow/example_dags/example_short_circuit_operator.py took 0.391 seconds
[2024-10-21T15:39:19.968+0700] {processor.py:186} INFO - Started process (PID=42725) to work on /Users/punny/Documents/GitHub/NYC-Taxi-ETL-Pipeline/.venv/lib/python3.10/site-packages/airflow/example_dags/example_short_circuit_operator.py
[2024-10-21T15:39:19.973+0700] {processor.py:914} INFO - Processing file /Users/punny/Documents/GitHub/NYC-Taxi-ETL-Pipeline/.venv/lib/python3.10/site-packages/airflow/example_dags/example_short_circuit_operator.py for tasks to queue
[2024-10-21T15:39:19.976+0700] {logging_mixin.py:190} INFO - [2024-10-21T15:39:19.975+0700] {dagbag.py:588} INFO - Filling up the DagBag from /Users/punny/Documents/GitHub/NYC-Taxi-ETL-Pipeline/.venv/lib/python3.10/site-packages/airflow/example_dags/example_short_circuit_operator.py
[2024-10-21T15:39:20.026+0700] {processor.py:925} INFO - DAG(s) 'example_short_circuit_operator' retrieved from /Users/punny/Documents/GitHub/NYC-Taxi-ETL-Pipeline/.venv/lib/python3.10/site-packages/airflow/example_dags/example_short_circuit_operator.py
[2024-10-21T15:39:20.317+0700] {logging_mixin.py:190} INFO - [2024-10-21T15:39:20.316+0700] {dag.py:3239} INFO - Sync 1 DAGs
[2024-10-21T15:39:20.341+0700] {logging_mixin.py:190} INFO - [2024-10-21T15:39:20.340+0700] {dag.py:4180} INFO - Setting next_dagrun for example_short_circuit_operator to None, run_after=None
[2024-10-21T15:39:20.378+0700] {processor.py:208} INFO - Processing /Users/punny/Documents/GitHub/NYC-Taxi-ETL-Pipeline/.venv/lib/python3.10/site-packages/airflow/example_dags/example_short_circuit_operator.py took 0.422 seconds
[2024-10-21T15:43:22.197+0700] {processor.py:186} INFO - Started process (PID=43307) to work on /Users/punny/Documents/GitHub/NYC-Taxi-ETL-Pipeline/.venv/lib/python3.10/site-packages/airflow/example_dags/example_short_circuit_operator.py
[2024-10-21T15:43:22.203+0700] {processor.py:914} INFO - Processing file /Users/punny/Documents/GitHub/NYC-Taxi-ETL-Pipeline/.venv/lib/python3.10/site-packages/airflow/example_dags/example_short_circuit_operator.py for tasks to queue
[2024-10-21T15:43:22.205+0700] {logging_mixin.py:190} INFO - [2024-10-21T15:43:22.204+0700] {dagbag.py:588} INFO - Filling up the DagBag from /Users/punny/Documents/GitHub/NYC-Taxi-ETL-Pipeline/.venv/lib/python3.10/site-packages/airflow/example_dags/example_short_circuit_operator.py
[2024-10-21T15:43:22.256+0700] {processor.py:925} INFO - DAG(s) 'example_short_circuit_operator' retrieved from /Users/punny/Documents/GitHub/NYC-Taxi-ETL-Pipeline/.venv/lib/python3.10/site-packages/airflow/example_dags/example_short_circuit_operator.py
[2024-10-21T15:43:22.526+0700] {logging_mixin.py:190} INFO - [2024-10-21T15:43:22.526+0700] {dag.py:3239} INFO - Sync 1 DAGs
[2024-10-21T15:43:22.545+0700] {logging_mixin.py:190} INFO - [2024-10-21T15:43:22.545+0700] {dag.py:4180} INFO - Setting next_dagrun for example_short_circuit_operator to None, run_after=None
[2024-10-21T15:43:22.580+0700] {processor.py:208} INFO - Processing /Users/punny/Documents/GitHub/NYC-Taxi-ETL-Pipeline/.venv/lib/python3.10/site-packages/airflow/example_dags/example_short_circuit_operator.py took 0.396 seconds
[2024-10-21T15:47:15.592+0700] {processor.py:186} INFO - Started process (PID=43784) to work on /Users/punny/Documents/GitHub/NYC-Taxi-ETL-Pipeline/.venv/lib/python3.10/site-packages/airflow/example_dags/example_short_circuit_operator.py
[2024-10-21T15:47:15.596+0700] {processor.py:914} INFO - Processing file /Users/punny/Documents/GitHub/NYC-Taxi-ETL-Pipeline/.venv/lib/python3.10/site-packages/airflow/example_dags/example_short_circuit_operator.py for tasks to queue
[2024-10-21T15:47:15.598+0700] {logging_mixin.py:190} INFO - [2024-10-21T15:47:15.597+0700] {dagbag.py:588} INFO - Filling up the DagBag from /Users/punny/Documents/GitHub/NYC-Taxi-ETL-Pipeline/.venv/lib/python3.10/site-packages/airflow/example_dags/example_short_circuit_operator.py
[2024-10-21T15:47:15.647+0700] {processor.py:925} INFO - DAG(s) 'example_short_circuit_operator' retrieved from /Users/punny/Documents/GitHub/NYC-Taxi-ETL-Pipeline/.venv/lib/python3.10/site-packages/airflow/example_dags/example_short_circuit_operator.py
[2024-10-21T15:47:15.935+0700] {logging_mixin.py:190} INFO - [2024-10-21T15:47:15.933+0700] {dag.py:3239} INFO - Sync 1 DAGs
[2024-10-21T15:47:15.967+0700] {logging_mixin.py:190} INFO - [2024-10-21T15:47:15.967+0700] {dag.py:4180} INFO - Setting next_dagrun for example_short_circuit_operator to None, run_after=None
[2024-10-21T15:47:16.011+0700] {processor.py:208} INFO - Processing /Users/punny/Documents/GitHub/NYC-Taxi-ETL-Pipeline/.venv/lib/python3.10/site-packages/airflow/example_dags/example_short_circuit_operator.py took 0.428 seconds
[2024-10-21T15:51:14.548+0700] {processor.py:186} INFO - Started process (PID=44318) to work on /Users/punny/Documents/GitHub/NYC-Taxi-ETL-Pipeline/.venv/lib/python3.10/site-packages/airflow/example_dags/example_short_circuit_operator.py
[2024-10-21T15:51:14.553+0700] {processor.py:914} INFO - Processing file /Users/punny/Documents/GitHub/NYC-Taxi-ETL-Pipeline/.venv/lib/python3.10/site-packages/airflow/example_dags/example_short_circuit_operator.py for tasks to queue
[2024-10-21T15:51:14.554+0700] {logging_mixin.py:190} INFO - [2024-10-21T15:51:14.554+0700] {dagbag.py:588} INFO - Filling up the DagBag from /Users/punny/Documents/GitHub/NYC-Taxi-ETL-Pipeline/.venv/lib/python3.10/site-packages/airflow/example_dags/example_short_circuit_operator.py
[2024-10-21T15:51:14.596+0700] {processor.py:925} INFO - DAG(s) 'example_short_circuit_operator' retrieved from /Users/punny/Documents/GitHub/NYC-Taxi-ETL-Pipeline/.venv/lib/python3.10/site-packages/airflow/example_dags/example_short_circuit_operator.py
[2024-10-21T15:51:14.864+0700] {logging_mixin.py:190} INFO - [2024-10-21T15:51:14.863+0700] {dag.py:3239} INFO - Sync 1 DAGs
[2024-10-21T15:51:14.881+0700] {logging_mixin.py:190} INFO - [2024-10-21T15:51:14.880+0700] {dag.py:4180} INFO - Setting next_dagrun for example_short_circuit_operator to None, run_after=None
[2024-10-21T15:51:14.912+0700] {processor.py:208} INFO - Processing /Users/punny/Documents/GitHub/NYC-Taxi-ETL-Pipeline/.venv/lib/python3.10/site-packages/airflow/example_dags/example_short_circuit_operator.py took 0.374 seconds
[2024-10-21T15:55:04.018+0700] {processor.py:186} INFO - Started process (PID=44776) to work on /Users/punny/Documents/GitHub/NYC-Taxi-ETL-Pipeline/.venv/lib/python3.10/site-packages/airflow/example_dags/example_short_circuit_operator.py
[2024-10-21T15:55:04.022+0700] {processor.py:914} INFO - Processing file /Users/punny/Documents/GitHub/NYC-Taxi-ETL-Pipeline/.venv/lib/python3.10/site-packages/airflow/example_dags/example_short_circuit_operator.py for tasks to queue
[2024-10-21T15:55:04.024+0700] {logging_mixin.py:190} INFO - [2024-10-21T15:55:04.024+0700] {dagbag.py:588} INFO - Filling up the DagBag from /Users/punny/Documents/GitHub/NYC-Taxi-ETL-Pipeline/.venv/lib/python3.10/site-packages/airflow/example_dags/example_short_circuit_operator.py
[2024-10-21T15:55:04.070+0700] {processor.py:925} INFO - DAG(s) 'example_short_circuit_operator' retrieved from /Users/punny/Documents/GitHub/NYC-Taxi-ETL-Pipeline/.venv/lib/python3.10/site-packages/airflow/example_dags/example_short_circuit_operator.py
[2024-10-21T15:55:04.375+0700] {logging_mixin.py:190} INFO - [2024-10-21T15:55:04.374+0700] {dag.py:3239} INFO - Sync 1 DAGs
[2024-10-21T15:55:04.395+0700] {logging_mixin.py:190} INFO - [2024-10-21T15:55:04.395+0700] {dag.py:4180} INFO - Setting next_dagrun for example_short_circuit_operator to None, run_after=None
[2024-10-21T15:55:04.436+0700] {processor.py:208} INFO - Processing /Users/punny/Documents/GitHub/NYC-Taxi-ETL-Pipeline/.venv/lib/python3.10/site-packages/airflow/example_dags/example_short_circuit_operator.py took 0.426 seconds
[2024-10-21T15:59:16.006+0700] {processor.py:186} INFO - Started process (PID=45316) to work on /Users/punny/Documents/GitHub/NYC-Taxi-ETL-Pipeline/.venv/lib/python3.10/site-packages/airflow/example_dags/example_short_circuit_operator.py
[2024-10-21T15:59:16.011+0700] {processor.py:914} INFO - Processing file /Users/punny/Documents/GitHub/NYC-Taxi-ETL-Pipeline/.venv/lib/python3.10/site-packages/airflow/example_dags/example_short_circuit_operator.py for tasks to queue
[2024-10-21T15:59:16.013+0700] {logging_mixin.py:190} INFO - [2024-10-21T15:59:16.012+0700] {dagbag.py:588} INFO - Filling up the DagBag from /Users/punny/Documents/GitHub/NYC-Taxi-ETL-Pipeline/.venv/lib/python3.10/site-packages/airflow/example_dags/example_short_circuit_operator.py
[2024-10-21T15:59:16.066+0700] {processor.py:925} INFO - DAG(s) 'example_short_circuit_operator' retrieved from /Users/punny/Documents/GitHub/NYC-Taxi-ETL-Pipeline/.venv/lib/python3.10/site-packages/airflow/example_dags/example_short_circuit_operator.py
[2024-10-21T15:59:16.332+0700] {logging_mixin.py:190} INFO - [2024-10-21T15:59:16.331+0700] {dag.py:3239} INFO - Sync 1 DAGs
[2024-10-21T15:59:16.349+0700] {logging_mixin.py:190} INFO - [2024-10-21T15:59:16.349+0700] {dag.py:4180} INFO - Setting next_dagrun for example_short_circuit_operator to None, run_after=None
[2024-10-21T15:59:16.381+0700] {processor.py:208} INFO - Processing /Users/punny/Documents/GitHub/NYC-Taxi-ETL-Pipeline/.venv/lib/python3.10/site-packages/airflow/example_dags/example_short_circuit_operator.py took 0.389 seconds
[2024-10-21T16:03:24.052+0700] {processor.py:186} INFO - Started process (PID=45864) to work on /Users/punny/Documents/GitHub/NYC-Taxi-ETL-Pipeline/.venv/lib/python3.10/site-packages/airflow/example_dags/example_short_circuit_operator.py
[2024-10-21T16:03:24.057+0700] {processor.py:914} INFO - Processing file /Users/punny/Documents/GitHub/NYC-Taxi-ETL-Pipeline/.venv/lib/python3.10/site-packages/airflow/example_dags/example_short_circuit_operator.py for tasks to queue
[2024-10-21T16:03:24.058+0700] {logging_mixin.py:190} INFO - [2024-10-21T16:03:24.058+0700] {dagbag.py:588} INFO - Filling up the DagBag from /Users/punny/Documents/GitHub/NYC-Taxi-ETL-Pipeline/.venv/lib/python3.10/site-packages/airflow/example_dags/example_short_circuit_operator.py
[2024-10-21T16:03:24.107+0700] {processor.py:925} INFO - DAG(s) 'example_short_circuit_operator' retrieved from /Users/punny/Documents/GitHub/NYC-Taxi-ETL-Pipeline/.venv/lib/python3.10/site-packages/airflow/example_dags/example_short_circuit_operator.py
[2024-10-21T16:03:24.395+0700] {logging_mixin.py:190} INFO - [2024-10-21T16:03:24.395+0700] {dag.py:3239} INFO - Sync 1 DAGs
[2024-10-21T16:03:24.419+0700] {logging_mixin.py:190} INFO - [2024-10-21T16:03:24.419+0700] {dag.py:4180} INFO - Setting next_dagrun for example_short_circuit_operator to None, run_after=None
[2024-10-21T16:03:24.455+0700] {processor.py:208} INFO - Processing /Users/punny/Documents/GitHub/NYC-Taxi-ETL-Pipeline/.venv/lib/python3.10/site-packages/airflow/example_dags/example_short_circuit_operator.py took 0.417 seconds
[2024-10-21T20:37:34.863+0700] {processor.py:186} INFO - Started process (PID=4319) to work on /Users/punny/Documents/GitHub/NYC-Taxi-ETL-Pipeline/.venv/lib/python3.10/site-packages/airflow/example_dags/example_short_circuit_operator.py
[2024-10-21T20:37:34.872+0700] {processor.py:914} INFO - Processing file /Users/punny/Documents/GitHub/NYC-Taxi-ETL-Pipeline/.venv/lib/python3.10/site-packages/airflow/example_dags/example_short_circuit_operator.py for tasks to queue
[2024-10-21T20:37:34.876+0700] {logging_mixin.py:190} INFO - [2024-10-21T20:37:34.875+0700] {dagbag.py:588} INFO - Filling up the DagBag from /Users/punny/Documents/GitHub/NYC-Taxi-ETL-Pipeline/.venv/lib/python3.10/site-packages/airflow/example_dags/example_short_circuit_operator.py
[2024-10-21T20:37:34.998+0700] {processor.py:925} INFO - DAG(s) 'example_short_circuit_operator' retrieved from /Users/punny/Documents/GitHub/NYC-Taxi-ETL-Pipeline/.venv/lib/python3.10/site-packages/airflow/example_dags/example_short_circuit_operator.py
[2024-10-21T20:37:35.609+0700] {logging_mixin.py:190} INFO - [2024-10-21T20:37:35.608+0700] {dag.py:3239} INFO - Sync 1 DAGs
[2024-10-21T20:37:35.645+0700] {logging_mixin.py:190} INFO - [2024-10-21T20:37:35.644+0700] {dag.py:4180} INFO - Setting next_dagrun for example_short_circuit_operator to None, run_after=None
[2024-10-21T20:37:35.700+0700] {processor.py:208} INFO - Processing /Users/punny/Documents/GitHub/NYC-Taxi-ETL-Pipeline/.venv/lib/python3.10/site-packages/airflow/example_dags/example_short_circuit_operator.py took 0.853 seconds
[2024-10-21T20:41:08.923+0700] {processor.py:186} INFO - Started process (PID=4571) to work on /Users/punny/Documents/GitHub/NYC-Taxi-ETL-Pipeline/.venv/lib/python3.10/site-packages/airflow/example_dags/example_short_circuit_operator.py
[2024-10-21T20:41:08.926+0700] {processor.py:914} INFO - Processing file /Users/punny/Documents/GitHub/NYC-Taxi-ETL-Pipeline/.venv/lib/python3.10/site-packages/airflow/example_dags/example_short_circuit_operator.py for tasks to queue
[2024-10-21T20:41:08.927+0700] {logging_mixin.py:190} INFO - [2024-10-21T20:41:08.927+0700] {dagbag.py:588} INFO - Filling up the DagBag from /Users/punny/Documents/GitHub/NYC-Taxi-ETL-Pipeline/.venv/lib/python3.10/site-packages/airflow/example_dags/example_short_circuit_operator.py
[2024-10-21T20:41:08.958+0700] {processor.py:925} INFO - DAG(s) 'example_short_circuit_operator' retrieved from /Users/punny/Documents/GitHub/NYC-Taxi-ETL-Pipeline/.venv/lib/python3.10/site-packages/airflow/example_dags/example_short_circuit_operator.py
[2024-10-21T20:41:09.143+0700] {logging_mixin.py:190} INFO - [2024-10-21T20:41:09.143+0700] {dag.py:3239} INFO - Sync 1 DAGs
[2024-10-21T20:41:09.157+0700] {logging_mixin.py:190} INFO - [2024-10-21T20:41:09.156+0700] {dag.py:4180} INFO - Setting next_dagrun for example_short_circuit_operator to None, run_after=None
[2024-10-21T20:41:09.179+0700] {processor.py:208} INFO - Processing /Users/punny/Documents/GitHub/NYC-Taxi-ETL-Pipeline/.venv/lib/python3.10/site-packages/airflow/example_dags/example_short_circuit_operator.py took 0.263 seconds
[2024-10-21T20:44:54.527+0700] {processor.py:186} INFO - Started process (PID=4937) to work on /Users/punny/Documents/GitHub/NYC-Taxi-ETL-Pipeline/.venv/lib/python3.10/site-packages/airflow/example_dags/example_short_circuit_operator.py
[2024-10-21T20:44:54.532+0700] {processor.py:914} INFO - Processing file /Users/punny/Documents/GitHub/NYC-Taxi-ETL-Pipeline/.venv/lib/python3.10/site-packages/airflow/example_dags/example_short_circuit_operator.py for tasks to queue
[2024-10-21T20:44:54.533+0700] {logging_mixin.py:190} INFO - [2024-10-21T20:44:54.533+0700] {dagbag.py:588} INFO - Filling up the DagBag from /Users/punny/Documents/GitHub/NYC-Taxi-ETL-Pipeline/.venv/lib/python3.10/site-packages/airflow/example_dags/example_short_circuit_operator.py
[2024-10-21T20:44:54.580+0700] {processor.py:925} INFO - DAG(s) 'example_short_circuit_operator' retrieved from /Users/punny/Documents/GitHub/NYC-Taxi-ETL-Pipeline/.venv/lib/python3.10/site-packages/airflow/example_dags/example_short_circuit_operator.py
[2024-10-21T20:44:54.886+0700] {logging_mixin.py:190} INFO - [2024-10-21T20:44:54.885+0700] {dag.py:3239} INFO - Sync 1 DAGs
[2024-10-21T20:44:54.905+0700] {logging_mixin.py:190} INFO - [2024-10-21T20:44:54.904+0700] {dag.py:4180} INFO - Setting next_dagrun for example_short_circuit_operator to None, run_after=None
[2024-10-21T20:44:54.938+0700] {processor.py:208} INFO - Processing /Users/punny/Documents/GitHub/NYC-Taxi-ETL-Pipeline/.venv/lib/python3.10/site-packages/airflow/example_dags/example_short_circuit_operator.py took 0.423 seconds
[2024-10-21T20:48:55.246+0700] {processor.py:186} INFO - Started process (PID=5353) to work on /Users/punny/Documents/GitHub/NYC-Taxi-ETL-Pipeline/.venv/lib/python3.10/site-packages/airflow/example_dags/example_short_circuit_operator.py
[2024-10-21T20:48:55.250+0700] {processor.py:914} INFO - Processing file /Users/punny/Documents/GitHub/NYC-Taxi-ETL-Pipeline/.venv/lib/python3.10/site-packages/airflow/example_dags/example_short_circuit_operator.py for tasks to queue
[2024-10-21T20:48:55.252+0700] {logging_mixin.py:190} INFO - [2024-10-21T20:48:55.251+0700] {dagbag.py:588} INFO - Filling up the DagBag from /Users/punny/Documents/GitHub/NYC-Taxi-ETL-Pipeline/.venv/lib/python3.10/site-packages/airflow/example_dags/example_short_circuit_operator.py
[2024-10-21T20:48:55.288+0700] {processor.py:925} INFO - DAG(s) 'example_short_circuit_operator' retrieved from /Users/punny/Documents/GitHub/NYC-Taxi-ETL-Pipeline/.venv/lib/python3.10/site-packages/airflow/example_dags/example_short_circuit_operator.py
[2024-10-21T20:48:55.505+0700] {logging_mixin.py:190} INFO - [2024-10-21T20:48:55.505+0700] {dag.py:3239} INFO - Sync 1 DAGs
[2024-10-21T20:48:55.522+0700] {logging_mixin.py:190} INFO - [2024-10-21T20:48:55.522+0700] {dag.py:4180} INFO - Setting next_dagrun for example_short_circuit_operator to None, run_after=None
[2024-10-21T20:48:55.550+0700] {processor.py:208} INFO - Processing /Users/punny/Documents/GitHub/NYC-Taxi-ETL-Pipeline/.venv/lib/python3.10/site-packages/airflow/example_dags/example_short_circuit_operator.py took 0.313 seconds
[2024-10-21T20:56:50.687+0700] {processor.py:186} INFO - Started process (PID=6226) to work on /Users/punny/Documents/GitHub/NYC-Taxi-ETL-Pipeline/.venv/lib/python3.10/site-packages/airflow/example_dags/example_short_circuit_operator.py
[2024-10-21T20:56:50.692+0700] {processor.py:914} INFO - Processing file /Users/punny/Documents/GitHub/NYC-Taxi-ETL-Pipeline/.venv/lib/python3.10/site-packages/airflow/example_dags/example_short_circuit_operator.py for tasks to queue
[2024-10-21T20:56:50.694+0700] {logging_mixin.py:190} INFO - [2024-10-21T20:56:50.693+0700] {dagbag.py:588} INFO - Filling up the DagBag from /Users/punny/Documents/GitHub/NYC-Taxi-ETL-Pipeline/.venv/lib/python3.10/site-packages/airflow/example_dags/example_short_circuit_operator.py
[2024-10-21T20:56:50.756+0700] {processor.py:925} INFO - DAG(s) 'example_short_circuit_operator' retrieved from /Users/punny/Documents/GitHub/NYC-Taxi-ETL-Pipeline/.venv/lib/python3.10/site-packages/airflow/example_dags/example_short_circuit_operator.py
[2024-10-21T20:56:50.958+0700] {logging_mixin.py:190} INFO - [2024-10-21T20:56:50.958+0700] {dag.py:3239} INFO - Sync 1 DAGs
[2024-10-21T20:56:50.973+0700] {logging_mixin.py:190} INFO - [2024-10-21T20:56:50.972+0700] {dag.py:4180} INFO - Setting next_dagrun for example_short_circuit_operator to None, run_after=None
[2024-10-21T20:56:50.998+0700] {processor.py:208} INFO - Processing /Users/punny/Documents/GitHub/NYC-Taxi-ETL-Pipeline/.venv/lib/python3.10/site-packages/airflow/example_dags/example_short_circuit_operator.py took 0.320 seconds
[2024-10-21T21:00:46.051+0700] {processor.py:186} INFO - Started process (PID=6462) to work on /Users/punny/Documents/GitHub/NYC-Taxi-ETL-Pipeline/.venv/lib/python3.10/site-packages/airflow/example_dags/example_short_circuit_operator.py
[2024-10-21T21:00:46.056+0700] {processor.py:914} INFO - Processing file /Users/punny/Documents/GitHub/NYC-Taxi-ETL-Pipeline/.venv/lib/python3.10/site-packages/airflow/example_dags/example_short_circuit_operator.py for tasks to queue
[2024-10-21T21:00:46.057+0700] {logging_mixin.py:190} INFO - [2024-10-21T21:00:46.057+0700] {dagbag.py:588} INFO - Filling up the DagBag from /Users/punny/Documents/GitHub/NYC-Taxi-ETL-Pipeline/.venv/lib/python3.10/site-packages/airflow/example_dags/example_short_circuit_operator.py
[2024-10-21T21:00:46.106+0700] {processor.py:925} INFO - DAG(s) 'example_short_circuit_operator' retrieved from /Users/punny/Documents/GitHub/NYC-Taxi-ETL-Pipeline/.venv/lib/python3.10/site-packages/airflow/example_dags/example_short_circuit_operator.py
[2024-10-21T21:00:46.401+0700] {logging_mixin.py:190} INFO - [2024-10-21T21:00:46.400+0700] {dag.py:3239} INFO - Sync 1 DAGs
[2024-10-21T21:00:46.423+0700] {logging_mixin.py:190} INFO - [2024-10-21T21:00:46.423+0700] {dag.py:4180} INFO - Setting next_dagrun for example_short_circuit_operator to None, run_after=None
[2024-10-21T21:00:46.453+0700] {processor.py:208} INFO - Processing /Users/punny/Documents/GitHub/NYC-Taxi-ETL-Pipeline/.venv/lib/python3.10/site-packages/airflow/example_dags/example_short_circuit_operator.py took 0.410 seconds
[2024-10-21T21:04:47.224+0700] {processor.py:186} INFO - Started process (PID=6773) to work on /Users/punny/Documents/GitHub/NYC-Taxi-ETL-Pipeline/.venv/lib/python3.10/site-packages/airflow/example_dags/example_short_circuit_operator.py
[2024-10-21T21:04:47.227+0700] {processor.py:914} INFO - Processing file /Users/punny/Documents/GitHub/NYC-Taxi-ETL-Pipeline/.venv/lib/python3.10/site-packages/airflow/example_dags/example_short_circuit_operator.py for tasks to queue
[2024-10-21T21:04:47.229+0700] {logging_mixin.py:190} INFO - [2024-10-21T21:04:47.228+0700] {dagbag.py:588} INFO - Filling up the DagBag from /Users/punny/Documents/GitHub/NYC-Taxi-ETL-Pipeline/.venv/lib/python3.10/site-packages/airflow/example_dags/example_short_circuit_operator.py
[2024-10-21T21:04:47.261+0700] {processor.py:925} INFO - DAG(s) 'example_short_circuit_operator' retrieved from /Users/punny/Documents/GitHub/NYC-Taxi-ETL-Pipeline/.venv/lib/python3.10/site-packages/airflow/example_dags/example_short_circuit_operator.py
[2024-10-21T21:04:47.439+0700] {logging_mixin.py:190} INFO - [2024-10-21T21:04:47.439+0700] {dag.py:3239} INFO - Sync 1 DAGs
[2024-10-21T21:04:47.452+0700] {logging_mixin.py:190} INFO - [2024-10-21T21:04:47.452+0700] {dag.py:4180} INFO - Setting next_dagrun for example_short_circuit_operator to None, run_after=None
[2024-10-21T21:04:47.473+0700] {processor.py:208} INFO - Processing /Users/punny/Documents/GitHub/NYC-Taxi-ETL-Pipeline/.venv/lib/python3.10/site-packages/airflow/example_dags/example_short_circuit_operator.py took 0.259 seconds
[2024-10-21T21:08:14.116+0700] {processor.py:186} INFO - Started process (PID=7080) to work on /Users/punny/Documents/GitHub/NYC-Taxi-ETL-Pipeline/.venv/lib/python3.10/site-packages/airflow/example_dags/example_short_circuit_operator.py
[2024-10-21T21:08:14.119+0700] {processor.py:914} INFO - Processing file /Users/punny/Documents/GitHub/NYC-Taxi-ETL-Pipeline/.venv/lib/python3.10/site-packages/airflow/example_dags/example_short_circuit_operator.py for tasks to queue
[2024-10-21T21:08:14.121+0700] {logging_mixin.py:190} INFO - [2024-10-21T21:08:14.120+0700] {dagbag.py:588} INFO - Filling up the DagBag from /Users/punny/Documents/GitHub/NYC-Taxi-ETL-Pipeline/.venv/lib/python3.10/site-packages/airflow/example_dags/example_short_circuit_operator.py
[2024-10-21T21:08:14.163+0700] {processor.py:925} INFO - DAG(s) 'example_short_circuit_operator' retrieved from /Users/punny/Documents/GitHub/NYC-Taxi-ETL-Pipeline/.venv/lib/python3.10/site-packages/airflow/example_dags/example_short_circuit_operator.py
[2024-10-21T21:08:14.391+0700] {logging_mixin.py:190} INFO - [2024-10-21T21:08:14.390+0700] {dag.py:3239} INFO - Sync 1 DAGs
[2024-10-21T21:08:14.413+0700] {logging_mixin.py:190} INFO - [2024-10-21T21:08:14.413+0700] {dag.py:4180} INFO - Setting next_dagrun for example_short_circuit_operator to None, run_after=None
[2024-10-21T21:08:14.450+0700] {processor.py:208} INFO - Processing /Users/punny/Documents/GitHub/NYC-Taxi-ETL-Pipeline/.venv/lib/python3.10/site-packages/airflow/example_dags/example_short_circuit_operator.py took 0.344 seconds
[2024-10-21T21:11:27.940+0700] {processor.py:186} INFO - Started process (PID=7259) to work on /Users/punny/Documents/GitHub/NYC-Taxi-ETL-Pipeline/.venv/lib/python3.10/site-packages/airflow/example_dags/example_short_circuit_operator.py
[2024-10-21T21:11:27.944+0700] {processor.py:914} INFO - Processing file /Users/punny/Documents/GitHub/NYC-Taxi-ETL-Pipeline/.venv/lib/python3.10/site-packages/airflow/example_dags/example_short_circuit_operator.py for tasks to queue
[2024-10-21T21:11:27.946+0700] {logging_mixin.py:190} INFO - [2024-10-21T21:11:27.945+0700] {dagbag.py:588} INFO - Filling up the DagBag from /Users/punny/Documents/GitHub/NYC-Taxi-ETL-Pipeline/.venv/lib/python3.10/site-packages/airflow/example_dags/example_short_circuit_operator.py
[2024-10-21T21:11:27.976+0700] {processor.py:925} INFO - DAG(s) 'example_short_circuit_operator' retrieved from /Users/punny/Documents/GitHub/NYC-Taxi-ETL-Pipeline/.venv/lib/python3.10/site-packages/airflow/example_dags/example_short_circuit_operator.py
[2024-10-21T21:11:28.161+0700] {logging_mixin.py:190} INFO - [2024-10-21T21:11:28.161+0700] {dag.py:3239} INFO - Sync 1 DAGs
[2024-10-21T21:11:28.175+0700] {logging_mixin.py:190} INFO - [2024-10-21T21:11:28.175+0700] {dag.py:4180} INFO - Setting next_dagrun for example_short_circuit_operator to None, run_after=None
[2024-10-21T21:11:28.198+0700] {processor.py:208} INFO - Processing /Users/punny/Documents/GitHub/NYC-Taxi-ETL-Pipeline/.venv/lib/python3.10/site-packages/airflow/example_dags/example_short_circuit_operator.py took 0.266 seconds
[2024-10-21T21:14:34.919+0700] {processor.py:186} INFO - Started process (PID=7616) to work on /Users/punny/Documents/GitHub/NYC-Taxi-ETL-Pipeline/.venv/lib/python3.10/site-packages/airflow/example_dags/example_short_circuit_operator.py
[2024-10-21T21:14:34.921+0700] {processor.py:914} INFO - Processing file /Users/punny/Documents/GitHub/NYC-Taxi-ETL-Pipeline/.venv/lib/python3.10/site-packages/airflow/example_dags/example_short_circuit_operator.py for tasks to queue
[2024-10-21T21:14:34.923+0700] {logging_mixin.py:190} INFO - [2024-10-21T21:14:34.922+0700] {dagbag.py:588} INFO - Filling up the DagBag from /Users/punny/Documents/GitHub/NYC-Taxi-ETL-Pipeline/.venv/lib/python3.10/site-packages/airflow/example_dags/example_short_circuit_operator.py
[2024-10-21T21:14:34.961+0700] {processor.py:925} INFO - DAG(s) 'example_short_circuit_operator' retrieved from /Users/punny/Documents/GitHub/NYC-Taxi-ETL-Pipeline/.venv/lib/python3.10/site-packages/airflow/example_dags/example_short_circuit_operator.py
[2024-10-21T21:14:35.153+0700] {logging_mixin.py:190} INFO - [2024-10-21T21:14:35.153+0700] {dag.py:3239} INFO - Sync 1 DAGs
[2024-10-21T21:14:35.166+0700] {logging_mixin.py:190} INFO - [2024-10-21T21:14:35.166+0700] {dag.py:4180} INFO - Setting next_dagrun for example_short_circuit_operator to None, run_after=None
[2024-10-21T21:14:35.190+0700] {processor.py:208} INFO - Processing /Users/punny/Documents/GitHub/NYC-Taxi-ETL-Pipeline/.venv/lib/python3.10/site-packages/airflow/example_dags/example_short_circuit_operator.py took 0.278 seconds
[2024-10-21T21:17:56.445+0700] {processor.py:186} INFO - Started process (PID=7921) to work on /Users/punny/Documents/GitHub/NYC-Taxi-ETL-Pipeline/.venv/lib/python3.10/site-packages/airflow/example_dags/example_short_circuit_operator.py
[2024-10-21T21:17:56.449+0700] {processor.py:914} INFO - Processing file /Users/punny/Documents/GitHub/NYC-Taxi-ETL-Pipeline/.venv/lib/python3.10/site-packages/airflow/example_dags/example_short_circuit_operator.py for tasks to queue
[2024-10-21T21:17:56.450+0700] {logging_mixin.py:190} INFO - [2024-10-21T21:17:56.450+0700] {dagbag.py:588} INFO - Filling up the DagBag from /Users/punny/Documents/GitHub/NYC-Taxi-ETL-Pipeline/.venv/lib/python3.10/site-packages/airflow/example_dags/example_short_circuit_operator.py
[2024-10-21T21:17:56.488+0700] {processor.py:925} INFO - DAG(s) 'example_short_circuit_operator' retrieved from /Users/punny/Documents/GitHub/NYC-Taxi-ETL-Pipeline/.venv/lib/python3.10/site-packages/airflow/example_dags/example_short_circuit_operator.py
[2024-10-21T21:17:56.723+0700] {logging_mixin.py:190} INFO - [2024-10-21T21:17:56.723+0700] {dag.py:3239} INFO - Sync 1 DAGs
[2024-10-21T21:17:56.743+0700] {logging_mixin.py:190} INFO - [2024-10-21T21:17:56.742+0700] {dag.py:4180} INFO - Setting next_dagrun for example_short_circuit_operator to None, run_after=None
[2024-10-21T21:17:56.774+0700] {processor.py:208} INFO - Processing /Users/punny/Documents/GitHub/NYC-Taxi-ETL-Pipeline/.venv/lib/python3.10/site-packages/airflow/example_dags/example_short_circuit_operator.py took 0.337 seconds
[2024-10-21T21:20:54.982+0700] {processor.py:186} INFO - Started process (PID=8087) to work on /Users/punny/Documents/GitHub/NYC-Taxi-ETL-Pipeline/.venv/lib/python3.10/site-packages/airflow/example_dags/example_short_circuit_operator.py
[2024-10-21T21:20:54.985+0700] {processor.py:914} INFO - Processing file /Users/punny/Documents/GitHub/NYC-Taxi-ETL-Pipeline/.venv/lib/python3.10/site-packages/airflow/example_dags/example_short_circuit_operator.py for tasks to queue
[2024-10-21T21:20:54.986+0700] {logging_mixin.py:190} INFO - [2024-10-21T21:20:54.986+0700] {dagbag.py:588} INFO - Filling up the DagBag from /Users/punny/Documents/GitHub/NYC-Taxi-ETL-Pipeline/.venv/lib/python3.10/site-packages/airflow/example_dags/example_short_circuit_operator.py
[2024-10-21T21:20:55.018+0700] {processor.py:925} INFO - DAG(s) 'example_short_circuit_operator' retrieved from /Users/punny/Documents/GitHub/NYC-Taxi-ETL-Pipeline/.venv/lib/python3.10/site-packages/airflow/example_dags/example_short_circuit_operator.py
[2024-10-21T21:20:55.212+0700] {logging_mixin.py:190} INFO - [2024-10-21T21:20:55.212+0700] {dag.py:3239} INFO - Sync 1 DAGs
[2024-10-21T21:20:55.225+0700] {logging_mixin.py:190} INFO - [2024-10-21T21:20:55.225+0700] {dag.py:4180} INFO - Setting next_dagrun for example_short_circuit_operator to None, run_after=None
[2024-10-21T21:20:55.254+0700] {processor.py:208} INFO - Processing /Users/punny/Documents/GitHub/NYC-Taxi-ETL-Pipeline/.venv/lib/python3.10/site-packages/airflow/example_dags/example_short_circuit_operator.py took 0.280 seconds
[2024-10-21T21:23:48.472+0700] {processor.py:186} INFO - Started process (PID=8305) to work on /Users/punny/Documents/GitHub/NYC-Taxi-ETL-Pipeline/.venv/lib/python3.10/site-packages/airflow/example_dags/example_short_circuit_operator.py
[2024-10-21T21:23:48.477+0700] {processor.py:914} INFO - Processing file /Users/punny/Documents/GitHub/NYC-Taxi-ETL-Pipeline/.venv/lib/python3.10/site-packages/airflow/example_dags/example_short_circuit_operator.py for tasks to queue
[2024-10-21T21:23:48.478+0700] {logging_mixin.py:190} INFO - [2024-10-21T21:23:48.478+0700] {dagbag.py:588} INFO - Filling up the DagBag from /Users/punny/Documents/GitHub/NYC-Taxi-ETL-Pipeline/.venv/lib/python3.10/site-packages/airflow/example_dags/example_short_circuit_operator.py
[2024-10-21T21:23:48.515+0700] {processor.py:925} INFO - DAG(s) 'example_short_circuit_operator' retrieved from /Users/punny/Documents/GitHub/NYC-Taxi-ETL-Pipeline/.venv/lib/python3.10/site-packages/airflow/example_dags/example_short_circuit_operator.py
[2024-10-21T21:23:48.746+0700] {logging_mixin.py:190} INFO - [2024-10-21T21:23:48.745+0700] {dag.py:3239} INFO - Sync 1 DAGs
[2024-10-21T21:23:48.762+0700] {logging_mixin.py:190} INFO - [2024-10-21T21:23:48.762+0700] {dag.py:4180} INFO - Setting next_dagrun for example_short_circuit_operator to None, run_after=None
[2024-10-21T21:23:48.793+0700] {processor.py:208} INFO - Processing /Users/punny/Documents/GitHub/NYC-Taxi-ETL-Pipeline/.venv/lib/python3.10/site-packages/airflow/example_dags/example_short_circuit_operator.py took 0.331 seconds
[2024-10-21T21:27:23.097+0700] {processor.py:186} INFO - Started process (PID=8690) to work on /Users/punny/Documents/GitHub/NYC-Taxi-ETL-Pipeline/.venv/lib/python3.10/site-packages/airflow/example_dags/example_short_circuit_operator.py
[2024-10-21T21:27:23.100+0700] {processor.py:914} INFO - Processing file /Users/punny/Documents/GitHub/NYC-Taxi-ETL-Pipeline/.venv/lib/python3.10/site-packages/airflow/example_dags/example_short_circuit_operator.py for tasks to queue
[2024-10-21T21:27:23.102+0700] {logging_mixin.py:190} INFO - [2024-10-21T21:27:23.101+0700] {dagbag.py:588} INFO - Filling up the DagBag from /Users/punny/Documents/GitHub/NYC-Taxi-ETL-Pipeline/.venv/lib/python3.10/site-packages/airflow/example_dags/example_short_circuit_operator.py
[2024-10-21T21:27:23.137+0700] {processor.py:925} INFO - DAG(s) 'example_short_circuit_operator' retrieved from /Users/punny/Documents/GitHub/NYC-Taxi-ETL-Pipeline/.venv/lib/python3.10/site-packages/airflow/example_dags/example_short_circuit_operator.py
[2024-10-21T21:27:23.329+0700] {logging_mixin.py:190} INFO - [2024-10-21T21:27:23.328+0700] {dag.py:3239} INFO - Sync 1 DAGs
[2024-10-21T21:27:23.342+0700] {logging_mixin.py:190} INFO - [2024-10-21T21:27:23.342+0700] {dag.py:4180} INFO - Setting next_dagrun for example_short_circuit_operator to None, run_after=None
[2024-10-21T21:27:23.365+0700] {processor.py:208} INFO - Processing /Users/punny/Documents/GitHub/NYC-Taxi-ETL-Pipeline/.venv/lib/python3.10/site-packages/airflow/example_dags/example_short_circuit_operator.py took 0.276 seconds
[2024-10-21T21:30:16.902+0700] {processor.py:186} INFO - Started process (PID=8918) to work on /Users/punny/Documents/GitHub/NYC-Taxi-ETL-Pipeline/.venv/lib/python3.10/site-packages/airflow/example_dags/example_short_circuit_operator.py
[2024-10-21T21:30:16.905+0700] {processor.py:914} INFO - Processing file /Users/punny/Documents/GitHub/NYC-Taxi-ETL-Pipeline/.venv/lib/python3.10/site-packages/airflow/example_dags/example_short_circuit_operator.py for tasks to queue
[2024-10-21T21:30:16.907+0700] {logging_mixin.py:190} INFO - [2024-10-21T21:30:16.906+0700] {dagbag.py:588} INFO - Filling up the DagBag from /Users/punny/Documents/GitHub/NYC-Taxi-ETL-Pipeline/.venv/lib/python3.10/site-packages/airflow/example_dags/example_short_circuit_operator.py
[2024-10-21T21:30:16.939+0700] {processor.py:925} INFO - DAG(s) 'example_short_circuit_operator' retrieved from /Users/punny/Documents/GitHub/NYC-Taxi-ETL-Pipeline/.venv/lib/python3.10/site-packages/airflow/example_dags/example_short_circuit_operator.py
[2024-10-21T21:30:17.138+0700] {logging_mixin.py:190} INFO - [2024-10-21T21:30:17.138+0700] {dag.py:3239} INFO - Sync 1 DAGs
[2024-10-21T21:30:17.153+0700] {logging_mixin.py:190} INFO - [2024-10-21T21:30:17.152+0700] {dag.py:4180} INFO - Setting next_dagrun for example_short_circuit_operator to None, run_after=None
[2024-10-21T21:30:17.189+0700] {processor.py:208} INFO - Processing /Users/punny/Documents/GitHub/NYC-Taxi-ETL-Pipeline/.venv/lib/python3.10/site-packages/airflow/example_dags/example_short_circuit_operator.py took 0.294 seconds
[2024-10-21T21:33:07.630+0700] {processor.py:186} INFO - Started process (PID=9139) to work on /Users/punny/Documents/GitHub/NYC-Taxi-ETL-Pipeline/.venv/lib/python3.10/site-packages/airflow/example_dags/example_short_circuit_operator.py
[2024-10-21T21:33:07.633+0700] {processor.py:914} INFO - Processing file /Users/punny/Documents/GitHub/NYC-Taxi-ETL-Pipeline/.venv/lib/python3.10/site-packages/airflow/example_dags/example_short_circuit_operator.py for tasks to queue
[2024-10-21T21:33:07.634+0700] {logging_mixin.py:190} INFO - [2024-10-21T21:33:07.634+0700] {dagbag.py:588} INFO - Filling up the DagBag from /Users/punny/Documents/GitHub/NYC-Taxi-ETL-Pipeline/.venv/lib/python3.10/site-packages/airflow/example_dags/example_short_circuit_operator.py
[2024-10-21T21:33:07.666+0700] {processor.py:925} INFO - DAG(s) 'example_short_circuit_operator' retrieved from /Users/punny/Documents/GitHub/NYC-Taxi-ETL-Pipeline/.venv/lib/python3.10/site-packages/airflow/example_dags/example_short_circuit_operator.py
[2024-10-21T21:33:07.845+0700] {logging_mixin.py:190} INFO - [2024-10-21T21:33:07.845+0700] {dag.py:3239} INFO - Sync 1 DAGs
[2024-10-21T21:33:07.858+0700] {logging_mixin.py:190} INFO - [2024-10-21T21:33:07.858+0700] {dag.py:4180} INFO - Setting next_dagrun for example_short_circuit_operator to None, run_after=None
[2024-10-21T21:33:07.880+0700] {processor.py:208} INFO - Processing /Users/punny/Documents/GitHub/NYC-Taxi-ETL-Pipeline/.venv/lib/python3.10/site-packages/airflow/example_dags/example_short_circuit_operator.py took 0.258 seconds
[2024-10-21T21:36:07.161+0700] {processor.py:186} INFO - Started process (PID=9383) to work on /Users/punny/Documents/GitHub/NYC-Taxi-ETL-Pipeline/.venv/lib/python3.10/site-packages/airflow/example_dags/example_short_circuit_operator.py
[2024-10-21T21:36:07.165+0700] {processor.py:914} INFO - Processing file /Users/punny/Documents/GitHub/NYC-Taxi-ETL-Pipeline/.venv/lib/python3.10/site-packages/airflow/example_dags/example_short_circuit_operator.py for tasks to queue
[2024-10-21T21:36:07.167+0700] {logging_mixin.py:190} INFO - [2024-10-21T21:36:07.166+0700] {dagbag.py:588} INFO - Filling up the DagBag from /Users/punny/Documents/GitHub/NYC-Taxi-ETL-Pipeline/.venv/lib/python3.10/site-packages/airflow/example_dags/example_short_circuit_operator.py
[2024-10-21T21:36:07.197+0700] {processor.py:925} INFO - DAG(s) 'example_short_circuit_operator' retrieved from /Users/punny/Documents/GitHub/NYC-Taxi-ETL-Pipeline/.venv/lib/python3.10/site-packages/airflow/example_dags/example_short_circuit_operator.py
[2024-10-21T21:36:07.379+0700] {logging_mixin.py:190} INFO - [2024-10-21T21:36:07.379+0700] {dag.py:3239} INFO - Sync 1 DAGs
[2024-10-21T21:36:07.392+0700] {logging_mixin.py:190} INFO - [2024-10-21T21:36:07.392+0700] {dag.py:4180} INFO - Setting next_dagrun for example_short_circuit_operator to None, run_after=None
[2024-10-21T21:36:07.419+0700] {processor.py:208} INFO - Processing /Users/punny/Documents/GitHub/NYC-Taxi-ETL-Pipeline/.venv/lib/python3.10/site-packages/airflow/example_dags/example_short_circuit_operator.py took 0.269 seconds
[2024-10-21T21:39:43.992+0700] {processor.py:186} INFO - Started process (PID=9744) to work on /Users/punny/Documents/GitHub/NYC-Taxi-ETL-Pipeline/.venv/lib/python3.10/site-packages/airflow/example_dags/example_short_circuit_operator.py
[2024-10-21T21:39:43.995+0700] {processor.py:914} INFO - Processing file /Users/punny/Documents/GitHub/NYC-Taxi-ETL-Pipeline/.venv/lib/python3.10/site-packages/airflow/example_dags/example_short_circuit_operator.py for tasks to queue
[2024-10-21T21:39:43.996+0700] {logging_mixin.py:190} INFO - [2024-10-21T21:39:43.996+0700] {dagbag.py:588} INFO - Filling up the DagBag from /Users/punny/Documents/GitHub/NYC-Taxi-ETL-Pipeline/.venv/lib/python3.10/site-packages/airflow/example_dags/example_short_circuit_operator.py
[2024-10-21T21:39:44.029+0700] {processor.py:925} INFO - DAG(s) 'example_short_circuit_operator' retrieved from /Users/punny/Documents/GitHub/NYC-Taxi-ETL-Pipeline/.venv/lib/python3.10/site-packages/airflow/example_dags/example_short_circuit_operator.py
[2024-10-21T21:39:44.217+0700] {logging_mixin.py:190} INFO - [2024-10-21T21:39:44.216+0700] {dag.py:3239} INFO - Sync 1 DAGs
[2024-10-21T21:39:44.230+0700] {logging_mixin.py:190} INFO - [2024-10-21T21:39:44.230+0700] {dag.py:4180} INFO - Setting next_dagrun for example_short_circuit_operator to None, run_after=None
[2024-10-21T21:39:44.253+0700] {processor.py:208} INFO - Processing /Users/punny/Documents/GitHub/NYC-Taxi-ETL-Pipeline/.venv/lib/python3.10/site-packages/airflow/example_dags/example_short_circuit_operator.py took 0.268 seconds
[2024-10-21T21:43:10.993+0700] {processor.py:186} INFO - Started process (PID=10019) to work on /Users/punny/Documents/GitHub/NYC-Taxi-ETL-Pipeline/.venv/lib/python3.10/site-packages/airflow/example_dags/example_short_circuit_operator.py
[2024-10-21T21:43:10.997+0700] {processor.py:914} INFO - Processing file /Users/punny/Documents/GitHub/NYC-Taxi-ETL-Pipeline/.venv/lib/python3.10/site-packages/airflow/example_dags/example_short_circuit_operator.py for tasks to queue
[2024-10-21T21:43:10.998+0700] {logging_mixin.py:190} INFO - [2024-10-21T21:43:10.997+0700] {dagbag.py:588} INFO - Filling up the DagBag from /Users/punny/Documents/GitHub/NYC-Taxi-ETL-Pipeline/.venv/lib/python3.10/site-packages/airflow/example_dags/example_short_circuit_operator.py
[2024-10-21T21:43:11.031+0700] {processor.py:925} INFO - DAG(s) 'example_short_circuit_operator' retrieved from /Users/punny/Documents/GitHub/NYC-Taxi-ETL-Pipeline/.venv/lib/python3.10/site-packages/airflow/example_dags/example_short_circuit_operator.py
[2024-10-21T21:43:11.218+0700] {logging_mixin.py:190} INFO - [2024-10-21T21:43:11.218+0700] {dag.py:3239} INFO - Sync 1 DAGs
[2024-10-21T21:43:11.232+0700] {logging_mixin.py:190} INFO - [2024-10-21T21:43:11.232+0700] {dag.py:4180} INFO - Setting next_dagrun for example_short_circuit_operator to None, run_after=None
[2024-10-21T21:43:11.254+0700] {processor.py:208} INFO - Processing /Users/punny/Documents/GitHub/NYC-Taxi-ETL-Pipeline/.venv/lib/python3.10/site-packages/airflow/example_dags/example_short_circuit_operator.py took 0.270 seconds
[2024-10-21T21:46:53.407+0700] {processor.py:186} INFO - Started process (PID=10447) to work on /Users/punny/Documents/GitHub/NYC-Taxi-ETL-Pipeline/.venv/lib/python3.10/site-packages/airflow/example_dags/example_short_circuit_operator.py
[2024-10-21T21:46:53.410+0700] {processor.py:914} INFO - Processing file /Users/punny/Documents/GitHub/NYC-Taxi-ETL-Pipeline/.venv/lib/python3.10/site-packages/airflow/example_dags/example_short_circuit_operator.py for tasks to queue
[2024-10-21T21:46:53.412+0700] {logging_mixin.py:190} INFO - [2024-10-21T21:46:53.411+0700] {dagbag.py:588} INFO - Filling up the DagBag from /Users/punny/Documents/GitHub/NYC-Taxi-ETL-Pipeline/.venv/lib/python3.10/site-packages/airflow/example_dags/example_short_circuit_operator.py
[2024-10-21T21:46:53.447+0700] {processor.py:925} INFO - DAG(s) 'example_short_circuit_operator' retrieved from /Users/punny/Documents/GitHub/NYC-Taxi-ETL-Pipeline/.venv/lib/python3.10/site-packages/airflow/example_dags/example_short_circuit_operator.py
[2024-10-21T21:46:53.642+0700] {logging_mixin.py:190} INFO - [2024-10-21T21:46:53.642+0700] {dag.py:3239} INFO - Sync 1 DAGs
[2024-10-21T21:46:53.656+0700] {logging_mixin.py:190} INFO - [2024-10-21T21:46:53.655+0700] {dag.py:4180} INFO - Setting next_dagrun for example_short_circuit_operator to None, run_after=None
[2024-10-21T21:46:53.679+0700] {processor.py:208} INFO - Processing /Users/punny/Documents/GitHub/NYC-Taxi-ETL-Pipeline/.venv/lib/python3.10/site-packages/airflow/example_dags/example_short_circuit_operator.py took 0.280 seconds
[2024-10-21T21:51:23.718+0700] {processor.py:186} INFO - Started process (PID=10799) to work on /Users/punny/Documents/GitHub/NYC-Taxi-ETL-Pipeline/.venv/lib/python3.10/site-packages/airflow/example_dags/example_short_circuit_operator.py
[2024-10-21T21:51:23.721+0700] {processor.py:914} INFO - Processing file /Users/punny/Documents/GitHub/NYC-Taxi-ETL-Pipeline/.venv/lib/python3.10/site-packages/airflow/example_dags/example_short_circuit_operator.py for tasks to queue
[2024-10-21T21:51:23.722+0700] {logging_mixin.py:190} INFO - [2024-10-21T21:51:23.722+0700] {dagbag.py:588} INFO - Filling up the DagBag from /Users/punny/Documents/GitHub/NYC-Taxi-ETL-Pipeline/.venv/lib/python3.10/site-packages/airflow/example_dags/example_short_circuit_operator.py
[2024-10-21T21:51:23.754+0700] {processor.py:925} INFO - DAG(s) 'example_short_circuit_operator' retrieved from /Users/punny/Documents/GitHub/NYC-Taxi-ETL-Pipeline/.venv/lib/python3.10/site-packages/airflow/example_dags/example_short_circuit_operator.py
[2024-10-21T21:51:23.940+0700] {logging_mixin.py:190} INFO - [2024-10-21T21:51:23.939+0700] {dag.py:3239} INFO - Sync 1 DAGs
[2024-10-21T21:51:23.953+0700] {logging_mixin.py:190} INFO - [2024-10-21T21:51:23.953+0700] {dag.py:4180} INFO - Setting next_dagrun for example_short_circuit_operator to None, run_after=None
[2024-10-21T21:51:23.977+0700] {processor.py:208} INFO - Processing /Users/punny/Documents/GitHub/NYC-Taxi-ETL-Pipeline/.venv/lib/python3.10/site-packages/airflow/example_dags/example_short_circuit_operator.py took 0.266 seconds
[2024-10-21T21:55:42.106+0700] {processor.py:186} INFO - Started process (PID=11277) to work on /Users/punny/Documents/GitHub/NYC-Taxi-ETL-Pipeline/.venv/lib/python3.10/site-packages/airflow/example_dags/example_short_circuit_operator.py
[2024-10-21T21:55:42.108+0700] {processor.py:914} INFO - Processing file /Users/punny/Documents/GitHub/NYC-Taxi-ETL-Pipeline/.venv/lib/python3.10/site-packages/airflow/example_dags/example_short_circuit_operator.py for tasks to queue
[2024-10-21T21:55:42.109+0700] {logging_mixin.py:190} INFO - [2024-10-21T21:55:42.109+0700] {dagbag.py:588} INFO - Filling up the DagBag from /Users/punny/Documents/GitHub/NYC-Taxi-ETL-Pipeline/.venv/lib/python3.10/site-packages/airflow/example_dags/example_short_circuit_operator.py
[2024-10-21T21:55:42.142+0700] {processor.py:925} INFO - DAG(s) 'example_short_circuit_operator' retrieved from /Users/punny/Documents/GitHub/NYC-Taxi-ETL-Pipeline/.venv/lib/python3.10/site-packages/airflow/example_dags/example_short_circuit_operator.py
[2024-10-21T21:55:42.327+0700] {logging_mixin.py:190} INFO - [2024-10-21T21:55:42.326+0700] {dag.py:3239} INFO - Sync 1 DAGs
[2024-10-21T21:55:42.340+0700] {logging_mixin.py:190} INFO - [2024-10-21T21:55:42.340+0700] {dag.py:4180} INFO - Setting next_dagrun for example_short_circuit_operator to None, run_after=None
[2024-10-21T21:55:42.362+0700] {processor.py:208} INFO - Processing /Users/punny/Documents/GitHub/NYC-Taxi-ETL-Pipeline/.venv/lib/python3.10/site-packages/airflow/example_dags/example_short_circuit_operator.py took 0.264 seconds
[2024-10-21T21:59:44.870+0700] {processor.py:186} INFO - Started process (PID=11748) to work on /Users/punny/Documents/GitHub/NYC-Taxi-ETL-Pipeline/.venv/lib/python3.10/site-packages/airflow/example_dags/example_short_circuit_operator.py
[2024-10-21T21:59:44.872+0700] {processor.py:914} INFO - Processing file /Users/punny/Documents/GitHub/NYC-Taxi-ETL-Pipeline/.venv/lib/python3.10/site-packages/airflow/example_dags/example_short_circuit_operator.py for tasks to queue
[2024-10-21T21:59:44.873+0700] {logging_mixin.py:190} INFO - [2024-10-21T21:59:44.873+0700] {dagbag.py:588} INFO - Filling up the DagBag from /Users/punny/Documents/GitHub/NYC-Taxi-ETL-Pipeline/.venv/lib/python3.10/site-packages/airflow/example_dags/example_short_circuit_operator.py
[2024-10-21T21:59:44.905+0700] {processor.py:925} INFO - DAG(s) 'example_short_circuit_operator' retrieved from /Users/punny/Documents/GitHub/NYC-Taxi-ETL-Pipeline/.venv/lib/python3.10/site-packages/airflow/example_dags/example_short_circuit_operator.py
[2024-10-21T21:59:45.080+0700] {logging_mixin.py:190} INFO - [2024-10-21T21:59:45.079+0700] {dag.py:3239} INFO - Sync 1 DAGs
[2024-10-21T21:59:45.093+0700] {logging_mixin.py:190} INFO - [2024-10-21T21:59:45.092+0700] {dag.py:4180} INFO - Setting next_dagrun for example_short_circuit_operator to None, run_after=None
[2024-10-21T21:59:45.115+0700] {processor.py:208} INFO - Processing /Users/punny/Documents/GitHub/NYC-Taxi-ETL-Pipeline/.venv/lib/python3.10/site-packages/airflow/example_dags/example_short_circuit_operator.py took 0.250 seconds
[2024-10-21T22:16:47.266+0700] {processor.py:186} INFO - Started process (PID=12058) to work on /Users/punny/Documents/GitHub/NYC-Taxi-ETL-Pipeline/.venv/lib/python3.10/site-packages/airflow/example_dags/example_short_circuit_operator.py
[2024-10-21T22:16:47.269+0700] {processor.py:914} INFO - Processing file /Users/punny/Documents/GitHub/NYC-Taxi-ETL-Pipeline/.venv/lib/python3.10/site-packages/airflow/example_dags/example_short_circuit_operator.py for tasks to queue
[2024-10-21T22:16:47.270+0700] {logging_mixin.py:190} INFO - [2024-10-21T22:16:47.270+0700] {dagbag.py:588} INFO - Filling up the DagBag from /Users/punny/Documents/GitHub/NYC-Taxi-ETL-Pipeline/.venv/lib/python3.10/site-packages/airflow/example_dags/example_short_circuit_operator.py
[2024-10-21T22:16:47.305+0700] {processor.py:925} INFO - DAG(s) 'example_short_circuit_operator' retrieved from /Users/punny/Documents/GitHub/NYC-Taxi-ETL-Pipeline/.venv/lib/python3.10/site-packages/airflow/example_dags/example_short_circuit_operator.py
[2024-10-21T22:16:47.500+0700] {logging_mixin.py:190} INFO - [2024-10-21T22:16:47.499+0700] {dag.py:3239} INFO - Sync 1 DAGs
[2024-10-21T22:16:47.516+0700] {logging_mixin.py:190} INFO - [2024-10-21T22:16:47.516+0700] {dag.py:4180} INFO - Setting next_dagrun for example_short_circuit_operator to None, run_after=None
[2024-10-21T22:16:47.542+0700] {processor.py:208} INFO - Processing /Users/punny/Documents/GitHub/NYC-Taxi-ETL-Pipeline/.venv/lib/python3.10/site-packages/airflow/example_dags/example_short_circuit_operator.py took 0.284 seconds
[2024-10-21T22:20:05.939+0700] {processor.py:186} INFO - Started process (PID=12407) to work on /Users/punny/Documents/GitHub/NYC-Taxi-ETL-Pipeline/.venv/lib/python3.10/site-packages/airflow/example_dags/example_short_circuit_operator.py
[2024-10-21T22:20:05.944+0700] {processor.py:914} INFO - Processing file /Users/punny/Documents/GitHub/NYC-Taxi-ETL-Pipeline/.venv/lib/python3.10/site-packages/airflow/example_dags/example_short_circuit_operator.py for tasks to queue
[2024-10-21T22:20:05.946+0700] {logging_mixin.py:190} INFO - [2024-10-21T22:20:05.946+0700] {dagbag.py:588} INFO - Filling up the DagBag from /Users/punny/Documents/GitHub/NYC-Taxi-ETL-Pipeline/.venv/lib/python3.10/site-packages/airflow/example_dags/example_short_circuit_operator.py
[2024-10-21T22:20:05.980+0700] {processor.py:925} INFO - DAG(s) 'example_short_circuit_operator' retrieved from /Users/punny/Documents/GitHub/NYC-Taxi-ETL-Pipeline/.venv/lib/python3.10/site-packages/airflow/example_dags/example_short_circuit_operator.py
[2024-10-21T22:20:06.171+0700] {logging_mixin.py:190} INFO - [2024-10-21T22:20:06.170+0700] {dag.py:3239} INFO - Sync 1 DAGs
[2024-10-21T22:20:06.184+0700] {logging_mixin.py:190} INFO - [2024-10-21T22:20:06.183+0700] {dag.py:4180} INFO - Setting next_dagrun for example_short_circuit_operator to None, run_after=None
[2024-10-21T22:20:06.205+0700] {processor.py:208} INFO - Processing /Users/punny/Documents/GitHub/NYC-Taxi-ETL-Pipeline/.venv/lib/python3.10/site-packages/airflow/example_dags/example_short_circuit_operator.py took 0.282 seconds
[2024-10-21T22:25:06.716+0700] {processor.py:186} INFO - Started process (PID=13224) to work on /Users/punny/Documents/GitHub/NYC-Taxi-ETL-Pipeline/.venv/lib/python3.10/site-packages/airflow/example_dags/example_short_circuit_operator.py
[2024-10-21T22:25:06.718+0700] {processor.py:914} INFO - Processing file /Users/punny/Documents/GitHub/NYC-Taxi-ETL-Pipeline/.venv/lib/python3.10/site-packages/airflow/example_dags/example_short_circuit_operator.py for tasks to queue
[2024-10-21T22:25:06.720+0700] {logging_mixin.py:190} INFO - [2024-10-21T22:25:06.719+0700] {dagbag.py:588} INFO - Filling up the DagBag from /Users/punny/Documents/GitHub/NYC-Taxi-ETL-Pipeline/.venv/lib/python3.10/site-packages/airflow/example_dags/example_short_circuit_operator.py
[2024-10-21T22:25:06.751+0700] {processor.py:925} INFO - DAG(s) 'example_short_circuit_operator' retrieved from /Users/punny/Documents/GitHub/NYC-Taxi-ETL-Pipeline/.venv/lib/python3.10/site-packages/airflow/example_dags/example_short_circuit_operator.py
[2024-10-21T22:25:06.926+0700] {logging_mixin.py:190} INFO - [2024-10-21T22:25:06.925+0700] {dag.py:3239} INFO - Sync 1 DAGs
[2024-10-21T22:25:06.939+0700] {logging_mixin.py:190} INFO - [2024-10-21T22:25:06.939+0700] {dag.py:4180} INFO - Setting next_dagrun for example_short_circuit_operator to None, run_after=None
[2024-10-21T22:25:06.961+0700] {processor.py:208} INFO - Processing /Users/punny/Documents/GitHub/NYC-Taxi-ETL-Pipeline/.venv/lib/python3.10/site-packages/airflow/example_dags/example_short_circuit_operator.py took 0.254 seconds
[2024-10-21T22:28:44.147+0700] {processor.py:186} INFO - Started process (PID=13532) to work on /Users/punny/Documents/GitHub/NYC-Taxi-ETL-Pipeline/.venv/lib/python3.10/site-packages/airflow/example_dags/example_short_circuit_operator.py
[2024-10-21T22:28:44.150+0700] {processor.py:914} INFO - Processing file /Users/punny/Documents/GitHub/NYC-Taxi-ETL-Pipeline/.venv/lib/python3.10/site-packages/airflow/example_dags/example_short_circuit_operator.py for tasks to queue
[2024-10-21T22:28:44.151+0700] {logging_mixin.py:190} INFO - [2024-10-21T22:28:44.151+0700] {dagbag.py:588} INFO - Filling up the DagBag from /Users/punny/Documents/GitHub/NYC-Taxi-ETL-Pipeline/.venv/lib/python3.10/site-packages/airflow/example_dags/example_short_circuit_operator.py
[2024-10-21T22:28:44.188+0700] {processor.py:925} INFO - DAG(s) 'example_short_circuit_operator' retrieved from /Users/punny/Documents/GitHub/NYC-Taxi-ETL-Pipeline/.venv/lib/python3.10/site-packages/airflow/example_dags/example_short_circuit_operator.py
[2024-10-21T22:28:44.376+0700] {logging_mixin.py:190} INFO - [2024-10-21T22:28:44.376+0700] {dag.py:3239} INFO - Sync 1 DAGs
[2024-10-21T22:28:44.392+0700] {logging_mixin.py:190} INFO - [2024-10-21T22:28:44.392+0700] {dag.py:4180} INFO - Setting next_dagrun for example_short_circuit_operator to None, run_after=None
[2024-10-21T22:28:44.414+0700] {processor.py:208} INFO - Processing /Users/punny/Documents/GitHub/NYC-Taxi-ETL-Pipeline/.venv/lib/python3.10/site-packages/airflow/example_dags/example_short_circuit_operator.py took 0.275 seconds
[2024-10-21T22:31:37.663+0700] {processor.py:186} INFO - Started process (PID=13723) to work on /Users/punny/Documents/GitHub/NYC-Taxi-ETL-Pipeline/.venv/lib/python3.10/site-packages/airflow/example_dags/example_short_circuit_operator.py
[2024-10-21T22:31:37.667+0700] {processor.py:914} INFO - Processing file /Users/punny/Documents/GitHub/NYC-Taxi-ETL-Pipeline/.venv/lib/python3.10/site-packages/airflow/example_dags/example_short_circuit_operator.py for tasks to queue
[2024-10-21T22:31:37.668+0700] {logging_mixin.py:190} INFO - [2024-10-21T22:31:37.668+0700] {dagbag.py:588} INFO - Filling up the DagBag from /Users/punny/Documents/GitHub/NYC-Taxi-ETL-Pipeline/.venv/lib/python3.10/site-packages/airflow/example_dags/example_short_circuit_operator.py
[2024-10-21T22:31:37.698+0700] {processor.py:925} INFO - DAG(s) 'example_short_circuit_operator' retrieved from /Users/punny/Documents/GitHub/NYC-Taxi-ETL-Pipeline/.venv/lib/python3.10/site-packages/airflow/example_dags/example_short_circuit_operator.py
[2024-10-21T22:31:37.880+0700] {logging_mixin.py:190} INFO - [2024-10-21T22:31:37.880+0700] {dag.py:3239} INFO - Sync 1 DAGs
[2024-10-21T22:31:37.894+0700] {logging_mixin.py:190} INFO - [2024-10-21T22:31:37.893+0700] {dag.py:4180} INFO - Setting next_dagrun for example_short_circuit_operator to None, run_after=None
[2024-10-21T22:31:37.917+0700] {processor.py:208} INFO - Processing /Users/punny/Documents/GitHub/NYC-Taxi-ETL-Pipeline/.venv/lib/python3.10/site-packages/airflow/example_dags/example_short_circuit_operator.py took 0.262 seconds
