[2024-10-21T12:37:50.262+0700] {processor.py:186} INFO - Started process (PID=34116) to work on /Users/punny/Documents/GitHub/NYC-Taxi-ETL-Pipeline/.venv/lib/python3.10/site-packages/airflow/example_dags/example_sla_dag.py
[2024-10-21T12:37:50.266+0700] {processor.py:914} INFO - Processing file /Users/punny/Documents/GitHub/NYC-Taxi-ETL-Pipeline/.venv/lib/python3.10/site-packages/airflow/example_dags/example_sla_dag.py for tasks to queue
[2024-10-21T12:37:50.268+0700] {logging_mixin.py:190} INFO - [2024-10-21T12:37:50.268+0700] {dagbag.py:588} INFO - Filling up the DagBag from /Users/punny/Documents/GitHub/NYC-Taxi-ETL-Pipeline/.venv/lib/python3.10/site-packages/airflow/example_dags/example_sla_dag.py
[2024-10-21T12:37:50.370+0700] {processor.py:925} INFO - DAG(s) 'example_sla_dag' retrieved from /Users/punny/Documents/GitHub/NYC-Taxi-ETL-Pipeline/.venv/lib/python3.10/site-packages/airflow/example_dags/example_sla_dag.py
[2024-10-21T12:37:50.693+0700] {logging_mixin.py:190} INFO - [2024-10-21T12:37:50.692+0700] {dag.py:3239} INFO - Sync 1 DAGs
[2024-10-21T12:37:50.741+0700] {logging_mixin.py:190} INFO - [2024-10-21T12:37:50.741+0700] {dag.py:4180} INFO - Setting next_dagrun for example_sla_dag to 2024-10-21 05:34:00+00:00, run_after=2024-10-21 05:36:00+00:00
[2024-10-21T12:37:50.782+0700] {processor.py:208} INFO - Processing /Users/punny/Documents/GitHub/NYC-Taxi-ETL-Pipeline/.venv/lib/python3.10/site-packages/airflow/example_dags/example_sla_dag.py took 0.530 seconds
[2024-10-21T13:57:46.949+0700] {processor.py:186} INFO - Started process (PID=34973) to work on /Users/punny/Documents/GitHub/NYC-Taxi-ETL-Pipeline/.venv/lib/python3.10/site-packages/airflow/example_dags/example_sla_dag.py
[2024-10-21T13:57:46.953+0700] {processor.py:914} INFO - Processing file /Users/punny/Documents/GitHub/NYC-Taxi-ETL-Pipeline/.venv/lib/python3.10/site-packages/airflow/example_dags/example_sla_dag.py for tasks to queue
[2024-10-21T13:57:46.954+0700] {logging_mixin.py:190} INFO - [2024-10-21T13:57:46.954+0700] {dagbag.py:588} INFO - Filling up the DagBag from /Users/punny/Documents/GitHub/NYC-Taxi-ETL-Pipeline/.venv/lib/python3.10/site-packages/airflow/example_dags/example_sla_dag.py
[2024-10-21T13:57:47.031+0700] {processor.py:925} INFO - DAG(s) 'example_sla_dag' retrieved from /Users/punny/Documents/GitHub/NYC-Taxi-ETL-Pipeline/.venv/lib/python3.10/site-packages/airflow/example_dags/example_sla_dag.py
[2024-10-21T13:57:47.285+0700] {logging_mixin.py:190} INFO - [2024-10-21T13:57:47.284+0700] {dag.py:3239} INFO - Sync 1 DAGs
[2024-10-21T13:57:47.335+0700] {logging_mixin.py:190} INFO - [2024-10-21T13:57:47.335+0700] {dag.py:4180} INFO - Setting next_dagrun for example_sla_dag to 2024-10-21 06:54:00+00:00, run_after=2024-10-21 06:56:00+00:00
[2024-10-21T13:57:47.365+0700] {processor.py:208} INFO - Processing /Users/punny/Documents/GitHub/NYC-Taxi-ETL-Pipeline/.venv/lib/python3.10/site-packages/airflow/example_dags/example_sla_dag.py took 0.429 seconds
[2024-10-21T14:48:19.317+0700] {processor.py:186} INFO - Started process (PID=35850) to work on /Users/punny/Documents/GitHub/NYC-Taxi-ETL-Pipeline/.venv/lib/python3.10/site-packages/airflow/example_dags/example_sla_dag.py
[2024-10-21T14:48:19.321+0700] {processor.py:914} INFO - Processing file /Users/punny/Documents/GitHub/NYC-Taxi-ETL-Pipeline/.venv/lib/python3.10/site-packages/airflow/example_dags/example_sla_dag.py for tasks to queue
[2024-10-21T14:48:19.322+0700] {logging_mixin.py:190} INFO - [2024-10-21T14:48:19.322+0700] {dagbag.py:588} INFO - Filling up the DagBag from /Users/punny/Documents/GitHub/NYC-Taxi-ETL-Pipeline/.venv/lib/python3.10/site-packages/airflow/example_dags/example_sla_dag.py
[2024-10-21T14:48:19.400+0700] {processor.py:925} INFO - DAG(s) 'example_sla_dag' retrieved from /Users/punny/Documents/GitHub/NYC-Taxi-ETL-Pipeline/.venv/lib/python3.10/site-packages/airflow/example_dags/example_sla_dag.py
[2024-10-21T14:48:19.684+0700] {logging_mixin.py:190} INFO - [2024-10-21T14:48:19.684+0700] {dag.py:3239} INFO - Sync 1 DAGs
[2024-10-21T14:48:19.728+0700] {logging_mixin.py:190} INFO - [2024-10-21T14:48:19.727+0700] {dag.py:4180} INFO - Setting next_dagrun for example_sla_dag to 2024-10-21 07:46:00+00:00, run_after=2024-10-21 07:48:00+00:00
[2024-10-21T14:48:19.763+0700] {processor.py:208} INFO - Processing /Users/punny/Documents/GitHub/NYC-Taxi-ETL-Pipeline/.venv/lib/python3.10/site-packages/airflow/example_dags/example_sla_dag.py took 0.455 seconds
[2024-10-21T14:51:55.746+0700] {processor.py:186} INFO - Started process (PID=36477) to work on /Users/punny/Documents/GitHub/NYC-Taxi-ETL-Pipeline/.venv/lib/python3.10/site-packages/airflow/example_dags/example_sla_dag.py
[2024-10-21T14:51:55.749+0700] {processor.py:914} INFO - Processing file /Users/punny/Documents/GitHub/NYC-Taxi-ETL-Pipeline/.venv/lib/python3.10/site-packages/airflow/example_dags/example_sla_dag.py for tasks to queue
[2024-10-21T14:51:55.751+0700] {logging_mixin.py:190} INFO - [2024-10-21T14:51:55.750+0700] {dagbag.py:588} INFO - Filling up the DagBag from /Users/punny/Documents/GitHub/NYC-Taxi-ETL-Pipeline/.venv/lib/python3.10/site-packages/airflow/example_dags/example_sla_dag.py
[2024-10-21T14:51:55.807+0700] {processor.py:925} INFO - DAG(s) 'example_sla_dag' retrieved from /Users/punny/Documents/GitHub/NYC-Taxi-ETL-Pipeline/.venv/lib/python3.10/site-packages/airflow/example_dags/example_sla_dag.py
[2024-10-21T14:51:56.002+0700] {logging_mixin.py:190} INFO - [2024-10-21T14:51:56.002+0700] {dag.py:3239} INFO - Sync 1 DAGs
[2024-10-21T14:51:56.029+0700] {logging_mixin.py:190} INFO - [2024-10-21T14:51:56.029+0700] {dag.py:4180} INFO - Setting next_dagrun for example_sla_dag to 2024-10-21 07:48:00+00:00, run_after=2024-10-21 07:50:00+00:00
[2024-10-21T14:51:56.051+0700] {processor.py:208} INFO - Processing /Users/punny/Documents/GitHub/NYC-Taxi-ETL-Pipeline/.venv/lib/python3.10/site-packages/airflow/example_dags/example_sla_dag.py took 0.314 seconds
[2024-10-21T14:55:24.307+0700] {processor.py:186} INFO - Started process (PID=37008) to work on /Users/punny/Documents/GitHub/NYC-Taxi-ETL-Pipeline/.venv/lib/python3.10/site-packages/airflow/example_dags/example_sla_dag.py
[2024-10-21T14:55:24.311+0700] {processor.py:914} INFO - Processing file /Users/punny/Documents/GitHub/NYC-Taxi-ETL-Pipeline/.venv/lib/python3.10/site-packages/airflow/example_dags/example_sla_dag.py for tasks to queue
[2024-10-21T14:55:24.312+0700] {logging_mixin.py:190} INFO - [2024-10-21T14:55:24.312+0700] {dagbag.py:588} INFO - Filling up the DagBag from /Users/punny/Documents/GitHub/NYC-Taxi-ETL-Pipeline/.venv/lib/python3.10/site-packages/airflow/example_dags/example_sla_dag.py
[2024-10-21T14:55:24.374+0700] {processor.py:925} INFO - DAG(s) 'example_sla_dag' retrieved from /Users/punny/Documents/GitHub/NYC-Taxi-ETL-Pipeline/.venv/lib/python3.10/site-packages/airflow/example_dags/example_sla_dag.py
[2024-10-21T14:55:24.574+0700] {logging_mixin.py:190} INFO - [2024-10-21T14:55:24.574+0700] {dag.py:3239} INFO - Sync 1 DAGs
[2024-10-21T14:55:24.603+0700] {logging_mixin.py:190} INFO - [2024-10-21T14:55:24.603+0700] {dag.py:4180} INFO - Setting next_dagrun for example_sla_dag to 2024-10-21 07:52:00+00:00, run_after=2024-10-21 07:54:00+00:00
[2024-10-21T14:55:24.627+0700] {processor.py:208} INFO - Processing /Users/punny/Documents/GitHub/NYC-Taxi-ETL-Pipeline/.venv/lib/python3.10/site-packages/airflow/example_dags/example_sla_dag.py took 0.331 seconds
[2024-10-21T14:59:58.782+0700] {processor.py:186} INFO - Started process (PID=37712) to work on /Users/punny/Documents/GitHub/NYC-Taxi-ETL-Pipeline/.venv/lib/python3.10/site-packages/airflow/example_dags/example_sla_dag.py
[2024-10-21T14:59:58.786+0700] {processor.py:914} INFO - Processing file /Users/punny/Documents/GitHub/NYC-Taxi-ETL-Pipeline/.venv/lib/python3.10/site-packages/airflow/example_dags/example_sla_dag.py for tasks to queue
[2024-10-21T14:59:58.788+0700] {logging_mixin.py:190} INFO - [2024-10-21T14:59:58.787+0700] {dagbag.py:588} INFO - Filling up the DagBag from /Users/punny/Documents/GitHub/NYC-Taxi-ETL-Pipeline/.venv/lib/python3.10/site-packages/airflow/example_dags/example_sla_dag.py
[2024-10-21T14:59:58.942+0700] {processor.py:925} INFO - DAG(s) 'example_sla_dag' retrieved from /Users/punny/Documents/GitHub/NYC-Taxi-ETL-Pipeline/.venv/lib/python3.10/site-packages/airflow/example_dags/example_sla_dag.py
[2024-10-21T14:59:59.282+0700] {logging_mixin.py:190} INFO - [2024-10-21T14:59:59.282+0700] {dag.py:3239} INFO - Sync 1 DAGs
[2024-10-21T14:59:59.316+0700] {logging_mixin.py:190} INFO - [2024-10-21T14:59:59.315+0700] {dag.py:4180} INFO - Setting next_dagrun for example_sla_dag to 2024-10-21 07:56:00+00:00, run_after=2024-10-21 07:58:00+00:00
[2024-10-21T14:59:59.342+0700] {processor.py:208} INFO - Processing /Users/punny/Documents/GitHub/NYC-Taxi-ETL-Pipeline/.venv/lib/python3.10/site-packages/airflow/example_dags/example_sla_dag.py took 0.571 seconds
[2024-10-21T15:05:46.207+0700] {processor.py:186} INFO - Started process (PID=38477) to work on /Users/punny/Documents/GitHub/NYC-Taxi-ETL-Pipeline/.venv/lib/python3.10/site-packages/airflow/example_dags/example_sla_dag.py
[2024-10-21T15:05:46.212+0700] {processor.py:914} INFO - Processing file /Users/punny/Documents/GitHub/NYC-Taxi-ETL-Pipeline/.venv/lib/python3.10/site-packages/airflow/example_dags/example_sla_dag.py for tasks to queue
[2024-10-21T15:05:46.214+0700] {logging_mixin.py:190} INFO - [2024-10-21T15:05:46.214+0700] {dagbag.py:588} INFO - Filling up the DagBag from /Users/punny/Documents/GitHub/NYC-Taxi-ETL-Pipeline/.venv/lib/python3.10/site-packages/airflow/example_dags/example_sla_dag.py
[2024-10-21T15:05:46.316+0700] {processor.py:925} INFO - DAG(s) 'example_sla_dag' retrieved from /Users/punny/Documents/GitHub/NYC-Taxi-ETL-Pipeline/.venv/lib/python3.10/site-packages/airflow/example_dags/example_sla_dag.py
[2024-10-21T15:05:46.615+0700] {logging_mixin.py:190} INFO - [2024-10-21T15:05:46.614+0700] {dag.py:3239} INFO - Sync 1 DAGs
[2024-10-21T15:05:46.663+0700] {logging_mixin.py:190} INFO - [2024-10-21T15:05:46.662+0700] {dag.py:4180} INFO - Setting next_dagrun for example_sla_dag to 2024-10-21 08:02:00+00:00, run_after=2024-10-21 08:04:00+00:00
[2024-10-21T15:05:46.700+0700] {processor.py:208} INFO - Processing /Users/punny/Documents/GitHub/NYC-Taxi-ETL-Pipeline/.venv/lib/python3.10/site-packages/airflow/example_dags/example_sla_dag.py took 0.501 seconds
[2024-10-21T15:10:35.155+0700] {processor.py:186} INFO - Started process (PID=39113) to work on /Users/punny/Documents/GitHub/NYC-Taxi-ETL-Pipeline/.venv/lib/python3.10/site-packages/airflow/example_dags/example_sla_dag.py
[2024-10-21T15:10:35.160+0700] {processor.py:914} INFO - Processing file /Users/punny/Documents/GitHub/NYC-Taxi-ETL-Pipeline/.venv/lib/python3.10/site-packages/airflow/example_dags/example_sla_dag.py for tasks to queue
[2024-10-21T15:10:35.161+0700] {logging_mixin.py:190} INFO - [2024-10-21T15:10:35.161+0700] {dagbag.py:588} INFO - Filling up the DagBag from /Users/punny/Documents/GitHub/NYC-Taxi-ETL-Pipeline/.venv/lib/python3.10/site-packages/airflow/example_dags/example_sla_dag.py
[2024-10-21T15:10:35.253+0700] {processor.py:925} INFO - DAG(s) 'example_sla_dag' retrieved from /Users/punny/Documents/GitHub/NYC-Taxi-ETL-Pipeline/.venv/lib/python3.10/site-packages/airflow/example_dags/example_sla_dag.py
[2024-10-21T15:10:35.612+0700] {logging_mixin.py:190} INFO - [2024-10-21T15:10:35.612+0700] {dag.py:3239} INFO - Sync 1 DAGs
[2024-10-21T15:10:35.654+0700] {logging_mixin.py:190} INFO - [2024-10-21T15:10:35.654+0700] {dag.py:4180} INFO - Setting next_dagrun for example_sla_dag to 2024-10-21 08:08:00+00:00, run_after=2024-10-21 08:10:00+00:00
[2024-10-21T15:10:35.693+0700] {processor.py:208} INFO - Processing /Users/punny/Documents/GitHub/NYC-Taxi-ETL-Pipeline/.venv/lib/python3.10/site-packages/airflow/example_dags/example_sla_dag.py took 0.549 seconds
[2024-10-21T15:14:45.966+0700] {processor.py:186} INFO - Started process (PID=39608) to work on /Users/punny/Documents/GitHub/NYC-Taxi-ETL-Pipeline/.venv/lib/python3.10/site-packages/airflow/example_dags/example_sla_dag.py
[2024-10-21T15:14:45.970+0700] {processor.py:914} INFO - Processing file /Users/punny/Documents/GitHub/NYC-Taxi-ETL-Pipeline/.venv/lib/python3.10/site-packages/airflow/example_dags/example_sla_dag.py for tasks to queue
[2024-10-21T15:14:45.972+0700] {logging_mixin.py:190} INFO - [2024-10-21T15:14:45.972+0700] {dagbag.py:588} INFO - Filling up the DagBag from /Users/punny/Documents/GitHub/NYC-Taxi-ETL-Pipeline/.venv/lib/python3.10/site-packages/airflow/example_dags/example_sla_dag.py
[2024-10-21T15:14:46.050+0700] {processor.py:925} INFO - DAG(s) 'example_sla_dag' retrieved from /Users/punny/Documents/GitHub/NYC-Taxi-ETL-Pipeline/.venv/lib/python3.10/site-packages/airflow/example_dags/example_sla_dag.py
[2024-10-21T15:14:46.368+0700] {logging_mixin.py:190} INFO - [2024-10-21T15:14:46.366+0700] {dag.py:3239} INFO - Sync 1 DAGs
[2024-10-21T15:14:46.409+0700] {logging_mixin.py:190} INFO - [2024-10-21T15:14:46.409+0700] {dag.py:4180} INFO - Setting next_dagrun for example_sla_dag to 2024-10-21 08:12:00+00:00, run_after=2024-10-21 08:14:00+00:00
[2024-10-21T15:14:46.445+0700] {processor.py:208} INFO - Processing /Users/punny/Documents/GitHub/NYC-Taxi-ETL-Pipeline/.venv/lib/python3.10/site-packages/airflow/example_dags/example_sla_dag.py took 0.490 seconds
[2024-10-21T15:19:07.197+0700] {processor.py:186} INFO - Started process (PID=40142) to work on /Users/punny/Documents/GitHub/NYC-Taxi-ETL-Pipeline/.venv/lib/python3.10/site-packages/airflow/example_dags/example_sla_dag.py
[2024-10-21T15:19:07.202+0700] {processor.py:914} INFO - Processing file /Users/punny/Documents/GitHub/NYC-Taxi-ETL-Pipeline/.venv/lib/python3.10/site-packages/airflow/example_dags/example_sla_dag.py for tasks to queue
[2024-10-21T15:19:07.204+0700] {logging_mixin.py:190} INFO - [2024-10-21T15:19:07.204+0700] {dagbag.py:588} INFO - Filling up the DagBag from /Users/punny/Documents/GitHub/NYC-Taxi-ETL-Pipeline/.venv/lib/python3.10/site-packages/airflow/example_dags/example_sla_dag.py
[2024-10-21T15:19:07.294+0700] {processor.py:925} INFO - DAG(s) 'example_sla_dag' retrieved from /Users/punny/Documents/GitHub/NYC-Taxi-ETL-Pipeline/.venv/lib/python3.10/site-packages/airflow/example_dags/example_sla_dag.py
[2024-10-21T15:19:07.609+0700] {logging_mixin.py:190} INFO - [2024-10-21T15:19:07.608+0700] {dag.py:3239} INFO - Sync 1 DAGs
[2024-10-21T15:19:07.652+0700] {logging_mixin.py:190} INFO - [2024-10-21T15:19:07.651+0700] {dag.py:4180} INFO - Setting next_dagrun for example_sla_dag to 2024-10-21 08:16:00+00:00, run_after=2024-10-21 08:18:00+00:00
[2024-10-21T15:19:07.684+0700] {processor.py:208} INFO - Processing /Users/punny/Documents/GitHub/NYC-Taxi-ETL-Pipeline/.venv/lib/python3.10/site-packages/airflow/example_dags/example_sla_dag.py took 0.500 seconds
[2024-10-21T15:23:16.585+0700] {processor.py:186} INFO - Started process (PID=40681) to work on /Users/punny/Documents/GitHub/NYC-Taxi-ETL-Pipeline/.venv/lib/python3.10/site-packages/airflow/example_dags/example_sla_dag.py
[2024-10-21T15:23:16.592+0700] {processor.py:914} INFO - Processing file /Users/punny/Documents/GitHub/NYC-Taxi-ETL-Pipeline/.venv/lib/python3.10/site-packages/airflow/example_dags/example_sla_dag.py for tasks to queue
[2024-10-21T15:23:16.594+0700] {logging_mixin.py:190} INFO - [2024-10-21T15:23:16.594+0700] {dagbag.py:588} INFO - Filling up the DagBag from /Users/punny/Documents/GitHub/NYC-Taxi-ETL-Pipeline/.venv/lib/python3.10/site-packages/airflow/example_dags/example_sla_dag.py
[2024-10-21T15:23:16.687+0700] {processor.py:925} INFO - DAG(s) 'example_sla_dag' retrieved from /Users/punny/Documents/GitHub/NYC-Taxi-ETL-Pipeline/.venv/lib/python3.10/site-packages/airflow/example_dags/example_sla_dag.py
[2024-10-21T15:23:17.003+0700] {logging_mixin.py:190} INFO - [2024-10-21T15:23:17.002+0700] {dag.py:3239} INFO - Sync 1 DAGs
[2024-10-21T15:23:17.052+0700] {logging_mixin.py:190} INFO - [2024-10-21T15:23:17.052+0700] {dag.py:4180} INFO - Setting next_dagrun for example_sla_dag to 2024-10-21 08:20:00+00:00, run_after=2024-10-21 08:22:00+00:00
[2024-10-21T15:23:17.084+0700] {processor.py:208} INFO - Processing /Users/punny/Documents/GitHub/NYC-Taxi-ETL-Pipeline/.venv/lib/python3.10/site-packages/airflow/example_dags/example_sla_dag.py took 0.510 seconds
[2024-10-21T15:27:16.557+0700] {processor.py:186} INFO - Started process (PID=41173) to work on /Users/punny/Documents/GitHub/NYC-Taxi-ETL-Pipeline/.venv/lib/python3.10/site-packages/airflow/example_dags/example_sla_dag.py
[2024-10-21T15:27:16.562+0700] {processor.py:914} INFO - Processing file /Users/punny/Documents/GitHub/NYC-Taxi-ETL-Pipeline/.venv/lib/python3.10/site-packages/airflow/example_dags/example_sla_dag.py for tasks to queue
[2024-10-21T15:27:16.563+0700] {logging_mixin.py:190} INFO - [2024-10-21T15:27:16.563+0700] {dagbag.py:588} INFO - Filling up the DagBag from /Users/punny/Documents/GitHub/NYC-Taxi-ETL-Pipeline/.venv/lib/python3.10/site-packages/airflow/example_dags/example_sla_dag.py
[2024-10-21T15:27:16.650+0700] {processor.py:925} INFO - DAG(s) 'example_sla_dag' retrieved from /Users/punny/Documents/GitHub/NYC-Taxi-ETL-Pipeline/.venv/lib/python3.10/site-packages/airflow/example_dags/example_sla_dag.py
[2024-10-21T15:27:16.942+0700] {logging_mixin.py:190} INFO - [2024-10-21T15:27:16.941+0700] {dag.py:3239} INFO - Sync 1 DAGs
[2024-10-21T15:27:16.981+0700] {logging_mixin.py:190} INFO - [2024-10-21T15:27:16.981+0700] {dag.py:4180} INFO - Setting next_dagrun for example_sla_dag to 2024-10-21 08:24:00+00:00, run_after=2024-10-21 08:26:00+00:00
[2024-10-21T15:27:17.012+0700] {processor.py:208} INFO - Processing /Users/punny/Documents/GitHub/NYC-Taxi-ETL-Pipeline/.venv/lib/python3.10/site-packages/airflow/example_dags/example_sla_dag.py took 0.468 seconds
[2024-10-21T15:31:24.451+0700] {processor.py:186} INFO - Started process (PID=41735) to work on /Users/punny/Documents/GitHub/NYC-Taxi-ETL-Pipeline/.venv/lib/python3.10/site-packages/airflow/example_dags/example_sla_dag.py
[2024-10-21T15:31:24.456+0700] {processor.py:914} INFO - Processing file /Users/punny/Documents/GitHub/NYC-Taxi-ETL-Pipeline/.venv/lib/python3.10/site-packages/airflow/example_dags/example_sla_dag.py for tasks to queue
[2024-10-21T15:31:24.458+0700] {logging_mixin.py:190} INFO - [2024-10-21T15:31:24.458+0700] {dagbag.py:588} INFO - Filling up the DagBag from /Users/punny/Documents/GitHub/NYC-Taxi-ETL-Pipeline/.venv/lib/python3.10/site-packages/airflow/example_dags/example_sla_dag.py
[2024-10-21T15:31:24.520+0700] {processor.py:925} INFO - DAG(s) 'example_sla_dag' retrieved from /Users/punny/Documents/GitHub/NYC-Taxi-ETL-Pipeline/.venv/lib/python3.10/site-packages/airflow/example_dags/example_sla_dag.py
[2024-10-21T15:31:24.817+0700] {logging_mixin.py:190} INFO - [2024-10-21T15:31:24.817+0700] {dag.py:3239} INFO - Sync 1 DAGs
[2024-10-21T15:31:24.871+0700] {logging_mixin.py:190} INFO - [2024-10-21T15:31:24.870+0700] {dag.py:4180} INFO - Setting next_dagrun for example_sla_dag to 2024-10-21 08:28:00+00:00, run_after=2024-10-21 08:30:00+00:00
[2024-10-21T15:31:24.909+0700] {processor.py:208} INFO - Processing /Users/punny/Documents/GitHub/NYC-Taxi-ETL-Pipeline/.venv/lib/python3.10/site-packages/airflow/example_dags/example_sla_dag.py took 0.466 seconds
[2024-10-21T15:35:20.587+0700] {processor.py:186} INFO - Started process (PID=42210) to work on /Users/punny/Documents/GitHub/NYC-Taxi-ETL-Pipeline/.venv/lib/python3.10/site-packages/airflow/example_dags/example_sla_dag.py
[2024-10-21T15:35:20.593+0700] {processor.py:914} INFO - Processing file /Users/punny/Documents/GitHub/NYC-Taxi-ETL-Pipeline/.venv/lib/python3.10/site-packages/airflow/example_dags/example_sla_dag.py for tasks to queue
[2024-10-21T15:35:20.596+0700] {logging_mixin.py:190} INFO - [2024-10-21T15:35:20.595+0700] {dagbag.py:588} INFO - Filling up the DagBag from /Users/punny/Documents/GitHub/NYC-Taxi-ETL-Pipeline/.venv/lib/python3.10/site-packages/airflow/example_dags/example_sla_dag.py
[2024-10-21T15:35:20.665+0700] {processor.py:925} INFO - DAG(s) 'example_sla_dag' retrieved from /Users/punny/Documents/GitHub/NYC-Taxi-ETL-Pipeline/.venv/lib/python3.10/site-packages/airflow/example_dags/example_sla_dag.py
[2024-10-21T15:35:20.923+0700] {logging_mixin.py:190} INFO - [2024-10-21T15:35:20.921+0700] {dag.py:3239} INFO - Sync 1 DAGs
[2024-10-21T15:35:20.960+0700] {logging_mixin.py:190} INFO - [2024-10-21T15:35:20.960+0700] {dag.py:4180} INFO - Setting next_dagrun for example_sla_dag to 2024-10-21 08:32:00+00:00, run_after=2024-10-21 08:34:00+00:00
[2024-10-21T15:35:20.991+0700] {processor.py:208} INFO - Processing /Users/punny/Documents/GitHub/NYC-Taxi-ETL-Pipeline/.venv/lib/python3.10/site-packages/airflow/example_dags/example_sla_dag.py took 0.414 seconds
[2024-10-21T15:39:12.234+0700] {processor.py:186} INFO - Started process (PID=42703) to work on /Users/punny/Documents/GitHub/NYC-Taxi-ETL-Pipeline/.venv/lib/python3.10/site-packages/airflow/example_dags/example_sla_dag.py
[2024-10-21T15:39:12.241+0700] {processor.py:914} INFO - Processing file /Users/punny/Documents/GitHub/NYC-Taxi-ETL-Pipeline/.venv/lib/python3.10/site-packages/airflow/example_dags/example_sla_dag.py for tasks to queue
[2024-10-21T15:39:12.243+0700] {logging_mixin.py:190} INFO - [2024-10-21T15:39:12.242+0700] {dagbag.py:588} INFO - Filling up the DagBag from /Users/punny/Documents/GitHub/NYC-Taxi-ETL-Pipeline/.venv/lib/python3.10/site-packages/airflow/example_dags/example_sla_dag.py
[2024-10-21T15:39:12.320+0700] {processor.py:925} INFO - DAG(s) 'example_sla_dag' retrieved from /Users/punny/Documents/GitHub/NYC-Taxi-ETL-Pipeline/.venv/lib/python3.10/site-packages/airflow/example_dags/example_sla_dag.py
[2024-10-21T15:39:12.561+0700] {logging_mixin.py:190} INFO - [2024-10-21T15:39:12.561+0700] {dag.py:3239} INFO - Sync 1 DAGs
[2024-10-21T15:39:12.596+0700] {logging_mixin.py:190} INFO - [2024-10-21T15:39:12.595+0700] {dag.py:4180} INFO - Setting next_dagrun for example_sla_dag to 2024-10-21 08:36:00+00:00, run_after=2024-10-21 08:38:00+00:00
[2024-10-21T15:39:12.623+0700] {processor.py:208} INFO - Processing /Users/punny/Documents/GitHub/NYC-Taxi-ETL-Pipeline/.venv/lib/python3.10/site-packages/airflow/example_dags/example_sla_dag.py took 0.401 seconds
[2024-10-21T15:43:13.549+0700] {processor.py:186} INFO - Started process (PID=43296) to work on /Users/punny/Documents/GitHub/NYC-Taxi-ETL-Pipeline/.venv/lib/python3.10/site-packages/airflow/example_dags/example_sla_dag.py
[2024-10-21T15:43:13.555+0700] {processor.py:914} INFO - Processing file /Users/punny/Documents/GitHub/NYC-Taxi-ETL-Pipeline/.venv/lib/python3.10/site-packages/airflow/example_dags/example_sla_dag.py for tasks to queue
[2024-10-21T15:43:13.557+0700] {logging_mixin.py:190} INFO - [2024-10-21T15:43:13.556+0700] {dagbag.py:588} INFO - Filling up the DagBag from /Users/punny/Documents/GitHub/NYC-Taxi-ETL-Pipeline/.venv/lib/python3.10/site-packages/airflow/example_dags/example_sla_dag.py
[2024-10-21T15:43:13.635+0700] {processor.py:925} INFO - DAG(s) 'example_sla_dag' retrieved from /Users/punny/Documents/GitHub/NYC-Taxi-ETL-Pipeline/.venv/lib/python3.10/site-packages/airflow/example_dags/example_sla_dag.py
[2024-10-21T15:43:13.886+0700] {logging_mixin.py:190} INFO - [2024-10-21T15:43:13.885+0700] {dag.py:3239} INFO - Sync 1 DAGs
[2024-10-21T15:43:13.926+0700] {logging_mixin.py:190} INFO - [2024-10-21T15:43:13.925+0700] {dag.py:4180} INFO - Setting next_dagrun for example_sla_dag to 2024-10-21 08:40:00+00:00, run_after=2024-10-21 08:42:00+00:00
[2024-10-21T15:43:13.957+0700] {processor.py:208} INFO - Processing /Users/punny/Documents/GitHub/NYC-Taxi-ETL-Pipeline/.venv/lib/python3.10/site-packages/airflow/example_dags/example_sla_dag.py took 0.416 seconds
[2024-10-21T15:47:06.898+0700] {processor.py:186} INFO - Started process (PID=43765) to work on /Users/punny/Documents/GitHub/NYC-Taxi-ETL-Pipeline/.venv/lib/python3.10/site-packages/airflow/example_dags/example_sla_dag.py
[2024-10-21T15:47:06.903+0700] {processor.py:914} INFO - Processing file /Users/punny/Documents/GitHub/NYC-Taxi-ETL-Pipeline/.venv/lib/python3.10/site-packages/airflow/example_dags/example_sla_dag.py for tasks to queue
[2024-10-21T15:47:06.905+0700] {logging_mixin.py:190} INFO - [2024-10-21T15:47:06.904+0700] {dagbag.py:588} INFO - Filling up the DagBag from /Users/punny/Documents/GitHub/NYC-Taxi-ETL-Pipeline/.venv/lib/python3.10/site-packages/airflow/example_dags/example_sla_dag.py
[2024-10-21T15:47:06.991+0700] {processor.py:925} INFO - DAG(s) 'example_sla_dag' retrieved from /Users/punny/Documents/GitHub/NYC-Taxi-ETL-Pipeline/.venv/lib/python3.10/site-packages/airflow/example_dags/example_sla_dag.py
[2024-10-21T15:47:07.308+0700] {logging_mixin.py:190} INFO - [2024-10-21T15:47:07.307+0700] {dag.py:3239} INFO - Sync 1 DAGs
[2024-10-21T15:47:07.355+0700] {logging_mixin.py:190} INFO - [2024-10-21T15:47:07.355+0700] {dag.py:4180} INFO - Setting next_dagrun for example_sla_dag to 2024-10-21 08:44:00+00:00, run_after=2024-10-21 08:46:00+00:00
[2024-10-21T15:47:07.395+0700] {processor.py:208} INFO - Processing /Users/punny/Documents/GitHub/NYC-Taxi-ETL-Pipeline/.venv/lib/python3.10/site-packages/airflow/example_dags/example_sla_dag.py took 0.508 seconds
[2024-10-21T15:51:06.334+0700] {processor.py:186} INFO - Started process (PID=44299) to work on /Users/punny/Documents/GitHub/NYC-Taxi-ETL-Pipeline/.venv/lib/python3.10/site-packages/airflow/example_dags/example_sla_dag.py
[2024-10-21T15:51:06.339+0700] {processor.py:914} INFO - Processing file /Users/punny/Documents/GitHub/NYC-Taxi-ETL-Pipeline/.venv/lib/python3.10/site-packages/airflow/example_dags/example_sla_dag.py for tasks to queue
[2024-10-21T15:51:06.340+0700] {logging_mixin.py:190} INFO - [2024-10-21T15:51:06.340+0700] {dagbag.py:588} INFO - Filling up the DagBag from /Users/punny/Documents/GitHub/NYC-Taxi-ETL-Pipeline/.venv/lib/python3.10/site-packages/airflow/example_dags/example_sla_dag.py
[2024-10-21T15:51:06.438+0700] {processor.py:925} INFO - DAG(s) 'example_sla_dag' retrieved from /Users/punny/Documents/GitHub/NYC-Taxi-ETL-Pipeline/.venv/lib/python3.10/site-packages/airflow/example_dags/example_sla_dag.py
[2024-10-21T15:51:06.705+0700] {logging_mixin.py:190} INFO - [2024-10-21T15:51:06.704+0700] {dag.py:3239} INFO - Sync 1 DAGs
[2024-10-21T15:51:06.739+0700] {logging_mixin.py:190} INFO - [2024-10-21T15:51:06.739+0700] {dag.py:4180} INFO - Setting next_dagrun for example_sla_dag to 2024-10-21 08:48:00+00:00, run_after=2024-10-21 08:50:00+00:00
[2024-10-21T15:51:06.768+0700] {processor.py:208} INFO - Processing /Users/punny/Documents/GitHub/NYC-Taxi-ETL-Pipeline/.venv/lib/python3.10/site-packages/airflow/example_dags/example_sla_dag.py took 0.453 seconds
[2024-10-21T15:54:55.014+0700] {processor.py:186} INFO - Started process (PID=44765) to work on /Users/punny/Documents/GitHub/NYC-Taxi-ETL-Pipeline/.venv/lib/python3.10/site-packages/airflow/example_dags/example_sla_dag.py
[2024-10-21T15:54:55.018+0700] {processor.py:914} INFO - Processing file /Users/punny/Documents/GitHub/NYC-Taxi-ETL-Pipeline/.venv/lib/python3.10/site-packages/airflow/example_dags/example_sla_dag.py for tasks to queue
[2024-10-21T15:54:55.020+0700] {logging_mixin.py:190} INFO - [2024-10-21T15:54:55.020+0700] {dagbag.py:588} INFO - Filling up the DagBag from /Users/punny/Documents/GitHub/NYC-Taxi-ETL-Pipeline/.venv/lib/python3.10/site-packages/airflow/example_dags/example_sla_dag.py
[2024-10-21T15:54:55.098+0700] {processor.py:925} INFO - DAG(s) 'example_sla_dag' retrieved from /Users/punny/Documents/GitHub/NYC-Taxi-ETL-Pipeline/.venv/lib/python3.10/site-packages/airflow/example_dags/example_sla_dag.py
[2024-10-21T15:54:55.371+0700] {logging_mixin.py:190} INFO - [2024-10-21T15:54:55.371+0700] {dag.py:3239} INFO - Sync 1 DAGs
[2024-10-21T15:54:55.414+0700] {logging_mixin.py:190} INFO - [2024-10-21T15:54:55.414+0700] {dag.py:4180} INFO - Setting next_dagrun for example_sla_dag to 2024-10-21 08:52:00+00:00, run_after=2024-10-21 08:54:00+00:00
[2024-10-21T15:54:55.450+0700] {processor.py:208} INFO - Processing /Users/punny/Documents/GitHub/NYC-Taxi-ETL-Pipeline/.venv/lib/python3.10/site-packages/airflow/example_dags/example_sla_dag.py took 0.444 seconds
[2024-10-21T15:59:08.338+0700] {processor.py:186} INFO - Started process (PID=45298) to work on /Users/punny/Documents/GitHub/NYC-Taxi-ETL-Pipeline/.venv/lib/python3.10/site-packages/airflow/example_dags/example_sla_dag.py
[2024-10-21T15:59:08.342+0700] {processor.py:914} INFO - Processing file /Users/punny/Documents/GitHub/NYC-Taxi-ETL-Pipeline/.venv/lib/python3.10/site-packages/airflow/example_dags/example_sla_dag.py for tasks to queue
[2024-10-21T15:59:08.344+0700] {logging_mixin.py:190} INFO - [2024-10-21T15:59:08.344+0700] {dagbag.py:588} INFO - Filling up the DagBag from /Users/punny/Documents/GitHub/NYC-Taxi-ETL-Pipeline/.venv/lib/python3.10/site-packages/airflow/example_dags/example_sla_dag.py
[2024-10-21T15:59:08.435+0700] {processor.py:925} INFO - DAG(s) 'example_sla_dag' retrieved from /Users/punny/Documents/GitHub/NYC-Taxi-ETL-Pipeline/.venv/lib/python3.10/site-packages/airflow/example_dags/example_sla_dag.py
[2024-10-21T15:59:08.695+0700] {logging_mixin.py:190} INFO - [2024-10-21T15:59:08.695+0700] {dag.py:3239} INFO - Sync 1 DAGs
[2024-10-21T15:59:08.731+0700] {logging_mixin.py:190} INFO - [2024-10-21T15:59:08.731+0700] {dag.py:4180} INFO - Setting next_dagrun for example_sla_dag to 2024-10-21 08:56:00+00:00, run_after=2024-10-21 08:58:00+00:00
[2024-10-21T15:59:08.762+0700] {processor.py:208} INFO - Processing /Users/punny/Documents/GitHub/NYC-Taxi-ETL-Pipeline/.venv/lib/python3.10/site-packages/airflow/example_dags/example_sla_dag.py took 0.440 seconds
[2024-10-21T16:03:15.106+0700] {processor.py:186} INFO - Started process (PID=45853) to work on /Users/punny/Documents/GitHub/NYC-Taxi-ETL-Pipeline/.venv/lib/python3.10/site-packages/airflow/example_dags/example_sla_dag.py
[2024-10-21T16:03:15.111+0700] {processor.py:914} INFO - Processing file /Users/punny/Documents/GitHub/NYC-Taxi-ETL-Pipeline/.venv/lib/python3.10/site-packages/airflow/example_dags/example_sla_dag.py for tasks to queue
[2024-10-21T16:03:15.113+0700] {logging_mixin.py:190} INFO - [2024-10-21T16:03:15.113+0700] {dagbag.py:588} INFO - Filling up the DagBag from /Users/punny/Documents/GitHub/NYC-Taxi-ETL-Pipeline/.venv/lib/python3.10/site-packages/airflow/example_dags/example_sla_dag.py
[2024-10-21T16:03:15.204+0700] {processor.py:925} INFO - DAG(s) 'example_sla_dag' retrieved from /Users/punny/Documents/GitHub/NYC-Taxi-ETL-Pipeline/.venv/lib/python3.10/site-packages/airflow/example_dags/example_sla_dag.py
[2024-10-21T16:03:15.484+0700] {logging_mixin.py:190} INFO - [2024-10-21T16:03:15.483+0700] {dag.py:3239} INFO - Sync 1 DAGs
[2024-10-21T16:03:15.525+0700] {logging_mixin.py:190} INFO - [2024-10-21T16:03:15.525+0700] {dag.py:4180} INFO - Setting next_dagrun for example_sla_dag to 2024-10-21 09:00:00+00:00, run_after=2024-10-21 09:02:00+00:00
[2024-10-21T16:03:15.558+0700] {processor.py:208} INFO - Processing /Users/punny/Documents/GitHub/NYC-Taxi-ETL-Pipeline/.venv/lib/python3.10/site-packages/airflow/example_dags/example_sla_dag.py took 0.461 seconds
[2024-10-21T20:37:23.691+0700] {processor.py:186} INFO - Started process (PID=4307) to work on /Users/punny/Documents/GitHub/NYC-Taxi-ETL-Pipeline/.venv/lib/python3.10/site-packages/airflow/example_dags/example_sla_dag.py
[2024-10-21T20:37:23.696+0700] {processor.py:914} INFO - Processing file /Users/punny/Documents/GitHub/NYC-Taxi-ETL-Pipeline/.venv/lib/python3.10/site-packages/airflow/example_dags/example_sla_dag.py for tasks to queue
[2024-10-21T20:37:23.698+0700] {logging_mixin.py:190} INFO - [2024-10-21T20:37:23.698+0700] {dagbag.py:588} INFO - Filling up the DagBag from /Users/punny/Documents/GitHub/NYC-Taxi-ETL-Pipeline/.venv/lib/python3.10/site-packages/airflow/example_dags/example_sla_dag.py
[2024-10-21T20:37:23.830+0700] {processor.py:925} INFO - DAG(s) 'example_sla_dag' retrieved from /Users/punny/Documents/GitHub/NYC-Taxi-ETL-Pipeline/.venv/lib/python3.10/site-packages/airflow/example_dags/example_sla_dag.py
[2024-10-21T20:37:24.193+0700] {logging_mixin.py:190} INFO - [2024-10-21T20:37:24.192+0700] {dag.py:3239} INFO - Sync 1 DAGs
[2024-10-21T20:37:24.234+0700] {logging_mixin.py:190} INFO - [2024-10-21T20:37:24.233+0700] {dag.py:4180} INFO - Setting next_dagrun for example_sla_dag to 2024-10-21 13:34:00+00:00, run_after=2024-10-21 13:36:00+00:00
[2024-10-21T20:37:24.302+0700] {processor.py:208} INFO - Processing /Users/punny/Documents/GitHub/NYC-Taxi-ETL-Pipeline/.venv/lib/python3.10/site-packages/airflow/example_dags/example_sla_dag.py took 0.627 seconds
[2024-10-21T20:41:02.177+0700] {processor.py:186} INFO - Started process (PID=4565) to work on /Users/punny/Documents/GitHub/NYC-Taxi-ETL-Pipeline/.venv/lib/python3.10/site-packages/airflow/example_dags/example_sla_dag.py
[2024-10-21T20:41:02.180+0700] {processor.py:914} INFO - Processing file /Users/punny/Documents/GitHub/NYC-Taxi-ETL-Pipeline/.venv/lib/python3.10/site-packages/airflow/example_dags/example_sla_dag.py for tasks to queue
[2024-10-21T20:41:02.181+0700] {logging_mixin.py:190} INFO - [2024-10-21T20:41:02.181+0700] {dagbag.py:588} INFO - Filling up the DagBag from /Users/punny/Documents/GitHub/NYC-Taxi-ETL-Pipeline/.venv/lib/python3.10/site-packages/airflow/example_dags/example_sla_dag.py
[2024-10-21T20:41:02.231+0700] {processor.py:925} INFO - DAG(s) 'example_sla_dag' retrieved from /Users/punny/Documents/GitHub/NYC-Taxi-ETL-Pipeline/.venv/lib/python3.10/site-packages/airflow/example_dags/example_sla_dag.py
[2024-10-21T20:41:02.411+0700] {logging_mixin.py:190} INFO - [2024-10-21T20:41:02.410+0700] {dag.py:3239} INFO - Sync 1 DAGs
[2024-10-21T20:41:02.437+0700] {logging_mixin.py:190} INFO - [2024-10-21T20:41:02.436+0700] {dag.py:4180} INFO - Setting next_dagrun for example_sla_dag to 2024-10-21 13:38:00+00:00, run_after=2024-10-21 13:40:00+00:00
[2024-10-21T20:41:02.460+0700] {processor.py:208} INFO - Processing /Users/punny/Documents/GitHub/NYC-Taxi-ETL-Pipeline/.venv/lib/python3.10/site-packages/airflow/example_dags/example_sla_dag.py took 0.288 seconds
[2024-10-21T20:44:45.220+0700] {processor.py:186} INFO - Started process (PID=4929) to work on /Users/punny/Documents/GitHub/NYC-Taxi-ETL-Pipeline/.venv/lib/python3.10/site-packages/airflow/example_dags/example_sla_dag.py
[2024-10-21T20:44:45.224+0700] {processor.py:914} INFO - Processing file /Users/punny/Documents/GitHub/NYC-Taxi-ETL-Pipeline/.venv/lib/python3.10/site-packages/airflow/example_dags/example_sla_dag.py for tasks to queue
[2024-10-21T20:44:45.226+0700] {logging_mixin.py:190} INFO - [2024-10-21T20:44:45.226+0700] {dagbag.py:588} INFO - Filling up the DagBag from /Users/punny/Documents/GitHub/NYC-Taxi-ETL-Pipeline/.venv/lib/python3.10/site-packages/airflow/example_dags/example_sla_dag.py
[2024-10-21T20:44:45.316+0700] {processor.py:925} INFO - DAG(s) 'example_sla_dag' retrieved from /Users/punny/Documents/GitHub/NYC-Taxi-ETL-Pipeline/.venv/lib/python3.10/site-packages/airflow/example_dags/example_sla_dag.py
[2024-10-21T20:44:45.647+0700] {logging_mixin.py:190} INFO - [2024-10-21T20:44:45.646+0700] {dag.py:3239} INFO - Sync 1 DAGs
[2024-10-21T20:44:45.695+0700] {logging_mixin.py:190} INFO - [2024-10-21T20:44:45.695+0700] {dag.py:4180} INFO - Setting next_dagrun for example_sla_dag to 2024-10-21 13:42:00+00:00, run_after=2024-10-21 13:44:00+00:00
[2024-10-21T20:44:45.730+0700] {processor.py:208} INFO - Processing /Users/punny/Documents/GitHub/NYC-Taxi-ETL-Pipeline/.venv/lib/python3.10/site-packages/airflow/example_dags/example_sla_dag.py took 0.523 seconds
[2024-10-21T20:48:47.019+0700] {processor.py:186} INFO - Started process (PID=5341) to work on /Users/punny/Documents/GitHub/NYC-Taxi-ETL-Pipeline/.venv/lib/python3.10/site-packages/airflow/example_dags/example_sla_dag.py
[2024-10-21T20:48:47.023+0700] {processor.py:914} INFO - Processing file /Users/punny/Documents/GitHub/NYC-Taxi-ETL-Pipeline/.venv/lib/python3.10/site-packages/airflow/example_dags/example_sla_dag.py for tasks to queue
[2024-10-21T20:48:47.025+0700] {logging_mixin.py:190} INFO - [2024-10-21T20:48:47.024+0700] {dagbag.py:588} INFO - Filling up the DagBag from /Users/punny/Documents/GitHub/NYC-Taxi-ETL-Pipeline/.venv/lib/python3.10/site-packages/airflow/example_dags/example_sla_dag.py
[2024-10-21T20:48:47.091+0700] {processor.py:925} INFO - DAG(s) 'example_sla_dag' retrieved from /Users/punny/Documents/GitHub/NYC-Taxi-ETL-Pipeline/.venv/lib/python3.10/site-packages/airflow/example_dags/example_sla_dag.py
[2024-10-21T20:48:47.294+0700] {logging_mixin.py:190} INFO - [2024-10-21T20:48:47.293+0700] {dag.py:3239} INFO - Sync 1 DAGs
[2024-10-21T20:48:47.327+0700] {logging_mixin.py:190} INFO - [2024-10-21T20:48:47.326+0700] {dag.py:4180} INFO - Setting next_dagrun for example_sla_dag to 2024-10-21 13:46:00+00:00, run_after=2024-10-21 13:48:00+00:00
[2024-10-21T20:48:47.351+0700] {processor.py:208} INFO - Processing /Users/punny/Documents/GitHub/NYC-Taxi-ETL-Pipeline/.venv/lib/python3.10/site-packages/airflow/example_dags/example_sla_dag.py took 0.340 seconds
[2024-10-21T20:56:39.372+0700] {processor.py:186} INFO - Started process (PID=6203) to work on /Users/punny/Documents/GitHub/NYC-Taxi-ETL-Pipeline/.venv/lib/python3.10/site-packages/airflow/example_dags/example_sla_dag.py
[2024-10-21T20:56:39.376+0700] {processor.py:914} INFO - Processing file /Users/punny/Documents/GitHub/NYC-Taxi-ETL-Pipeline/.venv/lib/python3.10/site-packages/airflow/example_dags/example_sla_dag.py for tasks to queue
[2024-10-21T20:56:39.377+0700] {logging_mixin.py:190} INFO - [2024-10-21T20:56:39.377+0700] {dagbag.py:588} INFO - Filling up the DagBag from /Users/punny/Documents/GitHub/NYC-Taxi-ETL-Pipeline/.venv/lib/python3.10/site-packages/airflow/example_dags/example_sla_dag.py
[2024-10-21T20:56:39.426+0700] {processor.py:925} INFO - DAG(s) 'example_sla_dag' retrieved from /Users/punny/Documents/GitHub/NYC-Taxi-ETL-Pipeline/.venv/lib/python3.10/site-packages/airflow/example_dags/example_sla_dag.py
[2024-10-21T20:56:39.619+0700] {logging_mixin.py:190} INFO - [2024-10-21T20:56:39.618+0700] {dag.py:3239} INFO - Sync 1 DAGs
[2024-10-21T20:56:39.646+0700] {logging_mixin.py:190} INFO - [2024-10-21T20:56:39.645+0700] {dag.py:4180} INFO - Setting next_dagrun for example_sla_dag to 2024-10-21 13:54:00+00:00, run_after=2024-10-21 13:56:00+00:00
[2024-10-21T20:56:39.669+0700] {processor.py:208} INFO - Processing /Users/punny/Documents/GitHub/NYC-Taxi-ETL-Pipeline/.venv/lib/python3.10/site-packages/airflow/example_dags/example_sla_dag.py took 0.306 seconds
[2024-10-21T21:00:37.564+0700] {processor.py:186} INFO - Started process (PID=6454) to work on /Users/punny/Documents/GitHub/NYC-Taxi-ETL-Pipeline/.venv/lib/python3.10/site-packages/airflow/example_dags/example_sla_dag.py
[2024-10-21T21:00:37.568+0700] {processor.py:914} INFO - Processing file /Users/punny/Documents/GitHub/NYC-Taxi-ETL-Pipeline/.venv/lib/python3.10/site-packages/airflow/example_dags/example_sla_dag.py for tasks to queue
[2024-10-21T21:00:37.569+0700] {logging_mixin.py:190} INFO - [2024-10-21T21:00:37.569+0700] {dagbag.py:588} INFO - Filling up the DagBag from /Users/punny/Documents/GitHub/NYC-Taxi-ETL-Pipeline/.venv/lib/python3.10/site-packages/airflow/example_dags/example_sla_dag.py
[2024-10-21T21:00:37.623+0700] {processor.py:925} INFO - DAG(s) 'example_sla_dag' retrieved from /Users/punny/Documents/GitHub/NYC-Taxi-ETL-Pipeline/.venv/lib/python3.10/site-packages/airflow/example_dags/example_sla_dag.py
[2024-10-21T21:00:37.834+0700] {logging_mixin.py:190} INFO - [2024-10-21T21:00:37.833+0700] {dag.py:3239} INFO - Sync 1 DAGs
[2024-10-21T21:00:37.865+0700] {logging_mixin.py:190} INFO - [2024-10-21T21:00:37.865+0700] {dag.py:4180} INFO - Setting next_dagrun for example_sla_dag to 2024-10-21 13:58:00+00:00, run_after=2024-10-21 14:00:00+00:00
[2024-10-21T21:00:37.890+0700] {processor.py:208} INFO - Processing /Users/punny/Documents/GitHub/NYC-Taxi-ETL-Pipeline/.venv/lib/python3.10/site-packages/airflow/example_dags/example_sla_dag.py took 0.335 seconds
[2024-10-21T21:04:40.328+0700] {processor.py:186} INFO - Started process (PID=6768) to work on /Users/punny/Documents/GitHub/NYC-Taxi-ETL-Pipeline/.venv/lib/python3.10/site-packages/airflow/example_dags/example_sla_dag.py
[2024-10-21T21:04:40.332+0700] {processor.py:914} INFO - Processing file /Users/punny/Documents/GitHub/NYC-Taxi-ETL-Pipeline/.venv/lib/python3.10/site-packages/airflow/example_dags/example_sla_dag.py for tasks to queue
[2024-10-21T21:04:40.333+0700] {logging_mixin.py:190} INFO - [2024-10-21T21:04:40.333+0700] {dagbag.py:588} INFO - Filling up the DagBag from /Users/punny/Documents/GitHub/NYC-Taxi-ETL-Pipeline/.venv/lib/python3.10/site-packages/airflow/example_dags/example_sla_dag.py
[2024-10-21T21:04:40.377+0700] {processor.py:925} INFO - DAG(s) 'example_sla_dag' retrieved from /Users/punny/Documents/GitHub/NYC-Taxi-ETL-Pipeline/.venv/lib/python3.10/site-packages/airflow/example_dags/example_sla_dag.py
[2024-10-21T21:04:40.551+0700] {logging_mixin.py:190} INFO - [2024-10-21T21:04:40.550+0700] {dag.py:3239} INFO - Sync 1 DAGs
[2024-10-21T21:04:40.577+0700] {logging_mixin.py:190} INFO - [2024-10-21T21:04:40.576+0700] {dag.py:4180} INFO - Setting next_dagrun for example_sla_dag to 2024-10-21 14:02:00+00:00, run_after=2024-10-21 14:04:00+00:00
[2024-10-21T21:04:40.597+0700] {processor.py:208} INFO - Processing /Users/punny/Documents/GitHub/NYC-Taxi-ETL-Pipeline/.venv/lib/python3.10/site-packages/airflow/example_dags/example_sla_dag.py took 0.278 seconds
[2024-10-21T21:08:06.482+0700] {processor.py:186} INFO - Started process (PID=7072) to work on /Users/punny/Documents/GitHub/NYC-Taxi-ETL-Pipeline/.venv/lib/python3.10/site-packages/airflow/example_dags/example_sla_dag.py
[2024-10-21T21:08:06.488+0700] {processor.py:914} INFO - Processing file /Users/punny/Documents/GitHub/NYC-Taxi-ETL-Pipeline/.venv/lib/python3.10/site-packages/airflow/example_dags/example_sla_dag.py for tasks to queue
[2024-10-21T21:08:06.489+0700] {logging_mixin.py:190} INFO - [2024-10-21T21:08:06.489+0700] {dagbag.py:588} INFO - Filling up the DagBag from /Users/punny/Documents/GitHub/NYC-Taxi-ETL-Pipeline/.venv/lib/python3.10/site-packages/airflow/example_dags/example_sla_dag.py
[2024-10-21T21:08:06.563+0700] {processor.py:925} INFO - DAG(s) 'example_sla_dag' retrieved from /Users/punny/Documents/GitHub/NYC-Taxi-ETL-Pipeline/.venv/lib/python3.10/site-packages/airflow/example_dags/example_sla_dag.py
[2024-10-21T21:08:06.799+0700] {logging_mixin.py:190} INFO - [2024-10-21T21:08:06.799+0700] {dag.py:3239} INFO - Sync 1 DAGs
[2024-10-21T21:08:06.832+0700] {logging_mixin.py:190} INFO - [2024-10-21T21:08:06.832+0700] {dag.py:4180} INFO - Setting next_dagrun for example_sla_dag to 2024-10-21 14:06:00+00:00, run_after=2024-10-21 14:08:00+00:00
[2024-10-21T21:08:06.860+0700] {processor.py:208} INFO - Processing /Users/punny/Documents/GitHub/NYC-Taxi-ETL-Pipeline/.venv/lib/python3.10/site-packages/airflow/example_dags/example_sla_dag.py took 0.389 seconds
[2024-10-21T21:11:21.149+0700] {processor.py:186} INFO - Started process (PID=7255) to work on /Users/punny/Documents/GitHub/NYC-Taxi-ETL-Pipeline/.venv/lib/python3.10/site-packages/airflow/example_dags/example_sla_dag.py
[2024-10-21T21:11:21.152+0700] {processor.py:914} INFO - Processing file /Users/punny/Documents/GitHub/NYC-Taxi-ETL-Pipeline/.venv/lib/python3.10/site-packages/airflow/example_dags/example_sla_dag.py for tasks to queue
[2024-10-21T21:11:21.153+0700] {logging_mixin.py:190} INFO - [2024-10-21T21:11:21.153+0700] {dagbag.py:588} INFO - Filling up the DagBag from /Users/punny/Documents/GitHub/NYC-Taxi-ETL-Pipeline/.venv/lib/python3.10/site-packages/airflow/example_dags/example_sla_dag.py
[2024-10-21T21:11:21.199+0700] {processor.py:925} INFO - DAG(s) 'example_sla_dag' retrieved from /Users/punny/Documents/GitHub/NYC-Taxi-ETL-Pipeline/.venv/lib/python3.10/site-packages/airflow/example_dags/example_sla_dag.py
[2024-10-21T21:11:21.383+0700] {logging_mixin.py:190} INFO - [2024-10-21T21:11:21.383+0700] {dag.py:3239} INFO - Sync 1 DAGs
[2024-10-21T21:11:21.410+0700] {logging_mixin.py:190} INFO - [2024-10-21T21:11:21.410+0700] {dag.py:4180} INFO - Setting next_dagrun for example_sla_dag to 2024-10-21 14:08:00+00:00, run_after=2024-10-21 14:10:00+00:00
[2024-10-21T21:11:21.432+0700] {processor.py:208} INFO - Processing /Users/punny/Documents/GitHub/NYC-Taxi-ETL-Pipeline/.venv/lib/python3.10/site-packages/airflow/example_dags/example_sla_dag.py took 0.291 seconds
[2024-10-21T21:14:27.984+0700] {processor.py:186} INFO - Started process (PID=7608) to work on /Users/punny/Documents/GitHub/NYC-Taxi-ETL-Pipeline/.venv/lib/python3.10/site-packages/airflow/example_dags/example_sla_dag.py
[2024-10-21T21:14:27.988+0700] {processor.py:914} INFO - Processing file /Users/punny/Documents/GitHub/NYC-Taxi-ETL-Pipeline/.venv/lib/python3.10/site-packages/airflow/example_dags/example_sla_dag.py for tasks to queue
[2024-10-21T21:14:28.008+0700] {logging_mixin.py:190} INFO - [2024-10-21T21:14:28.008+0700] {dagbag.py:588} INFO - Filling up the DagBag from /Users/punny/Documents/GitHub/NYC-Taxi-ETL-Pipeline/.venv/lib/python3.10/site-packages/airflow/example_dags/example_sla_dag.py
[2024-10-21T21:14:28.062+0700] {processor.py:925} INFO - DAG(s) 'example_sla_dag' retrieved from /Users/punny/Documents/GitHub/NYC-Taxi-ETL-Pipeline/.venv/lib/python3.10/site-packages/airflow/example_dags/example_sla_dag.py
[2024-10-21T21:14:28.241+0700] {logging_mixin.py:190} INFO - [2024-10-21T21:14:28.240+0700] {dag.py:3239} INFO - Sync 1 DAGs
[2024-10-21T21:14:28.267+0700] {logging_mixin.py:190} INFO - [2024-10-21T21:14:28.266+0700] {dag.py:4180} INFO - Setting next_dagrun for example_sla_dag to 2024-10-21 14:12:00+00:00, run_after=2024-10-21 14:14:00+00:00
[2024-10-21T21:14:28.287+0700] {processor.py:208} INFO - Processing /Users/punny/Documents/GitHub/NYC-Taxi-ETL-Pipeline/.venv/lib/python3.10/site-packages/airflow/example_dags/example_sla_dag.py took 0.312 seconds
[2024-10-21T21:17:48.673+0700] {processor.py:186} INFO - Started process (PID=7913) to work on /Users/punny/Documents/GitHub/NYC-Taxi-ETL-Pipeline/.venv/lib/python3.10/site-packages/airflow/example_dags/example_sla_dag.py
[2024-10-21T21:17:48.682+0700] {processor.py:914} INFO - Processing file /Users/punny/Documents/GitHub/NYC-Taxi-ETL-Pipeline/.venv/lib/python3.10/site-packages/airflow/example_dags/example_sla_dag.py for tasks to queue
[2024-10-21T21:17:48.683+0700] {logging_mixin.py:190} INFO - [2024-10-21T21:17:48.683+0700] {dagbag.py:588} INFO - Filling up the DagBag from /Users/punny/Documents/GitHub/NYC-Taxi-ETL-Pipeline/.venv/lib/python3.10/site-packages/airflow/example_dags/example_sla_dag.py
[2024-10-21T21:17:48.738+0700] {processor.py:925} INFO - DAG(s) 'example_sla_dag' retrieved from /Users/punny/Documents/GitHub/NYC-Taxi-ETL-Pipeline/.venv/lib/python3.10/site-packages/airflow/example_dags/example_sla_dag.py
[2024-10-21T21:17:48.949+0700] {logging_mixin.py:190} INFO - [2024-10-21T21:17:48.948+0700] {dag.py:3239} INFO - Sync 1 DAGs
[2024-10-21T21:17:48.978+0700] {logging_mixin.py:190} INFO - [2024-10-21T21:17:48.978+0700] {dag.py:4180} INFO - Setting next_dagrun for example_sla_dag to 2024-10-21 14:14:00+00:00, run_after=2024-10-21 14:16:00+00:00
[2024-10-21T21:17:49.005+0700] {processor.py:208} INFO - Processing /Users/punny/Documents/GitHub/NYC-Taxi-ETL-Pipeline/.venv/lib/python3.10/site-packages/airflow/example_dags/example_sla_dag.py took 0.340 seconds
[2024-10-21T21:20:48.166+0700] {processor.py:186} INFO - Started process (PID=8078) to work on /Users/punny/Documents/GitHub/NYC-Taxi-ETL-Pipeline/.venv/lib/python3.10/site-packages/airflow/example_dags/example_sla_dag.py
[2024-10-21T21:20:48.170+0700] {processor.py:914} INFO - Processing file /Users/punny/Documents/GitHub/NYC-Taxi-ETL-Pipeline/.venv/lib/python3.10/site-packages/airflow/example_dags/example_sla_dag.py for tasks to queue
[2024-10-21T21:20:48.171+0700] {logging_mixin.py:190} INFO - [2024-10-21T21:20:48.170+0700] {dagbag.py:588} INFO - Filling up the DagBag from /Users/punny/Documents/GitHub/NYC-Taxi-ETL-Pipeline/.venv/lib/python3.10/site-packages/airflow/example_dags/example_sla_dag.py
[2024-10-21T21:20:48.221+0700] {processor.py:925} INFO - DAG(s) 'example_sla_dag' retrieved from /Users/punny/Documents/GitHub/NYC-Taxi-ETL-Pipeline/.venv/lib/python3.10/site-packages/airflow/example_dags/example_sla_dag.py
[2024-10-21T21:20:48.402+0700] {logging_mixin.py:190} INFO - [2024-10-21T21:20:48.401+0700] {dag.py:3239} INFO - Sync 1 DAGs
[2024-10-21T21:20:48.428+0700] {logging_mixin.py:190} INFO - [2024-10-21T21:20:48.428+0700] {dag.py:4180} INFO - Setting next_dagrun for example_sla_dag to 2024-10-21 14:18:00+00:00, run_after=2024-10-21 14:20:00+00:00
[2024-10-21T21:20:48.449+0700] {processor.py:208} INFO - Processing /Users/punny/Documents/GitHub/NYC-Taxi-ETL-Pipeline/.venv/lib/python3.10/site-packages/airflow/example_dags/example_sla_dag.py took 0.291 seconds
[2024-10-21T21:23:40.660+0700] {processor.py:186} INFO - Started process (PID=8290) to work on /Users/punny/Documents/GitHub/NYC-Taxi-ETL-Pipeline/.venv/lib/python3.10/site-packages/airflow/example_dags/example_sla_dag.py
[2024-10-21T21:23:40.663+0700] {processor.py:914} INFO - Processing file /Users/punny/Documents/GitHub/NYC-Taxi-ETL-Pipeline/.venv/lib/python3.10/site-packages/airflow/example_dags/example_sla_dag.py for tasks to queue
[2024-10-21T21:23:40.664+0700] {logging_mixin.py:190} INFO - [2024-10-21T21:23:40.664+0700] {dagbag.py:588} INFO - Filling up the DagBag from /Users/punny/Documents/GitHub/NYC-Taxi-ETL-Pipeline/.venv/lib/python3.10/site-packages/airflow/example_dags/example_sla_dag.py
[2024-10-21T21:23:40.718+0700] {processor.py:925} INFO - DAG(s) 'example_sla_dag' retrieved from /Users/punny/Documents/GitHub/NYC-Taxi-ETL-Pipeline/.venv/lib/python3.10/site-packages/airflow/example_dags/example_sla_dag.py
[2024-10-21T21:23:40.930+0700] {logging_mixin.py:190} INFO - [2024-10-21T21:23:40.929+0700] {dag.py:3239} INFO - Sync 1 DAGs
[2024-10-21T21:23:40.972+0700] {logging_mixin.py:190} INFO - [2024-10-21T21:23:40.971+0700] {dag.py:4180} INFO - Setting next_dagrun for example_sla_dag to 2024-10-21 14:20:00+00:00, run_after=2024-10-21 14:22:00+00:00
[2024-10-21T21:23:40.997+0700] {processor.py:208} INFO - Processing /Users/punny/Documents/GitHub/NYC-Taxi-ETL-Pipeline/.venv/lib/python3.10/site-packages/airflow/example_dags/example_sla_dag.py took 0.349 seconds
[2024-10-21T21:27:16.646+0700] {processor.py:186} INFO - Started process (PID=8685) to work on /Users/punny/Documents/GitHub/NYC-Taxi-ETL-Pipeline/.venv/lib/python3.10/site-packages/airflow/example_dags/example_sla_dag.py
[2024-10-21T21:27:16.650+0700] {processor.py:914} INFO - Processing file /Users/punny/Documents/GitHub/NYC-Taxi-ETL-Pipeline/.venv/lib/python3.10/site-packages/airflow/example_dags/example_sla_dag.py for tasks to queue
[2024-10-21T21:27:16.651+0700] {logging_mixin.py:190} INFO - [2024-10-21T21:27:16.651+0700] {dagbag.py:588} INFO - Filling up the DagBag from /Users/punny/Documents/GitHub/NYC-Taxi-ETL-Pipeline/.venv/lib/python3.10/site-packages/airflow/example_dags/example_sla_dag.py
[2024-10-21T21:27:16.724+0700] {processor.py:925} INFO - DAG(s) 'example_sla_dag' retrieved from /Users/punny/Documents/GitHub/NYC-Taxi-ETL-Pipeline/.venv/lib/python3.10/site-packages/airflow/example_dags/example_sla_dag.py
[2024-10-21T21:27:16.917+0700] {logging_mixin.py:190} INFO - [2024-10-21T21:27:16.917+0700] {dag.py:3239} INFO - Sync 1 DAGs
[2024-10-21T21:27:16.946+0700] {logging_mixin.py:190} INFO - [2024-10-21T21:27:16.946+0700] {dag.py:4180} INFO - Setting next_dagrun for example_sla_dag to 2024-10-21 14:24:00+00:00, run_after=2024-10-21 14:26:00+00:00
[2024-10-21T21:27:16.969+0700] {processor.py:208} INFO - Processing /Users/punny/Documents/GitHub/NYC-Taxi-ETL-Pipeline/.venv/lib/python3.10/site-packages/airflow/example_dags/example_sla_dag.py took 0.335 seconds
[2024-10-21T21:30:09.645+0700] {processor.py:186} INFO - Started process (PID=8903) to work on /Users/punny/Documents/GitHub/NYC-Taxi-ETL-Pipeline/.venv/lib/python3.10/site-packages/airflow/example_dags/example_sla_dag.py
[2024-10-21T21:30:09.648+0700] {processor.py:914} INFO - Processing file /Users/punny/Documents/GitHub/NYC-Taxi-ETL-Pipeline/.venv/lib/python3.10/site-packages/airflow/example_dags/example_sla_dag.py for tasks to queue
[2024-10-21T21:30:09.650+0700] {logging_mixin.py:190} INFO - [2024-10-21T21:30:09.649+0700] {dagbag.py:588} INFO - Filling up the DagBag from /Users/punny/Documents/GitHub/NYC-Taxi-ETL-Pipeline/.venv/lib/python3.10/site-packages/airflow/example_dags/example_sla_dag.py
[2024-10-21T21:30:09.696+0700] {processor.py:925} INFO - DAG(s) 'example_sla_dag' retrieved from /Users/punny/Documents/GitHub/NYC-Taxi-ETL-Pipeline/.venv/lib/python3.10/site-packages/airflow/example_dags/example_sla_dag.py
[2024-10-21T21:30:09.881+0700] {logging_mixin.py:190} INFO - [2024-10-21T21:30:09.880+0700] {dag.py:3239} INFO - Sync 1 DAGs
[2024-10-21T21:30:09.950+0700] {logging_mixin.py:190} INFO - [2024-10-21T21:30:09.950+0700] {dag.py:4180} INFO - Setting next_dagrun for example_sla_dag to 2024-10-21 14:28:00+00:00, run_after=2024-10-21 14:30:00+00:00
[2024-10-21T21:30:09.987+0700] {processor.py:208} INFO - Processing /Users/punny/Documents/GitHub/NYC-Taxi-ETL-Pipeline/.venv/lib/python3.10/site-packages/airflow/example_dags/example_sla_dag.py took 0.350 seconds
[2024-10-21T21:33:00.814+0700] {processor.py:186} INFO - Started process (PID=9132) to work on /Users/punny/Documents/GitHub/NYC-Taxi-ETL-Pipeline/.venv/lib/python3.10/site-packages/airflow/example_dags/example_sla_dag.py
[2024-10-21T21:33:00.819+0700] {processor.py:914} INFO - Processing file /Users/punny/Documents/GitHub/NYC-Taxi-ETL-Pipeline/.venv/lib/python3.10/site-packages/airflow/example_dags/example_sla_dag.py for tasks to queue
[2024-10-21T21:33:00.820+0700] {logging_mixin.py:190} INFO - [2024-10-21T21:33:00.820+0700] {dagbag.py:588} INFO - Filling up the DagBag from /Users/punny/Documents/GitHub/NYC-Taxi-ETL-Pipeline/.venv/lib/python3.10/site-packages/airflow/example_dags/example_sla_dag.py
[2024-10-21T21:33:00.865+0700] {processor.py:925} INFO - DAG(s) 'example_sla_dag' retrieved from /Users/punny/Documents/GitHub/NYC-Taxi-ETL-Pipeline/.venv/lib/python3.10/site-packages/airflow/example_dags/example_sla_dag.py
[2024-10-21T21:33:01.046+0700] {logging_mixin.py:190} INFO - [2024-10-21T21:33:01.046+0700] {dag.py:3239} INFO - Sync 1 DAGs
[2024-10-21T21:33:01.073+0700] {logging_mixin.py:190} INFO - [2024-10-21T21:33:01.073+0700] {dag.py:4180} INFO - Setting next_dagrun for example_sla_dag to 2024-10-21 14:30:00+00:00, run_after=2024-10-21 14:32:00+00:00
[2024-10-21T21:33:01.094+0700] {processor.py:208} INFO - Processing /Users/punny/Documents/GitHub/NYC-Taxi-ETL-Pipeline/.venv/lib/python3.10/site-packages/airflow/example_dags/example_sla_dag.py took 0.288 seconds
[2024-10-21T21:36:00.659+0700] {processor.py:186} INFO - Started process (PID=9378) to work on /Users/punny/Documents/GitHub/NYC-Taxi-ETL-Pipeline/.venv/lib/python3.10/site-packages/airflow/example_dags/example_sla_dag.py
[2024-10-21T21:36:00.663+0700] {processor.py:914} INFO - Processing file /Users/punny/Documents/GitHub/NYC-Taxi-ETL-Pipeline/.venv/lib/python3.10/site-packages/airflow/example_dags/example_sla_dag.py for tasks to queue
[2024-10-21T21:36:00.664+0700] {logging_mixin.py:190} INFO - [2024-10-21T21:36:00.663+0700] {dagbag.py:588} INFO - Filling up the DagBag from /Users/punny/Documents/GitHub/NYC-Taxi-ETL-Pipeline/.venv/lib/python3.10/site-packages/airflow/example_dags/example_sla_dag.py
[2024-10-21T21:36:00.718+0700] {processor.py:925} INFO - DAG(s) 'example_sla_dag' retrieved from /Users/punny/Documents/GitHub/NYC-Taxi-ETL-Pipeline/.venv/lib/python3.10/site-packages/airflow/example_dags/example_sla_dag.py
[2024-10-21T21:36:00.887+0700] {logging_mixin.py:190} INFO - [2024-10-21T21:36:00.887+0700] {dag.py:3239} INFO - Sync 1 DAGs
[2024-10-21T21:36:00.913+0700] {logging_mixin.py:190} INFO - [2024-10-21T21:36:00.913+0700] {dag.py:4180} INFO - Setting next_dagrun for example_sla_dag to 2024-10-21 14:34:00+00:00, run_after=2024-10-21 14:36:00+00:00
[2024-10-21T21:36:00.935+0700] {processor.py:208} INFO - Processing /Users/punny/Documents/GitHub/NYC-Taxi-ETL-Pipeline/.venv/lib/python3.10/site-packages/airflow/example_dags/example_sla_dag.py took 0.284 seconds
[2024-10-21T21:39:37.143+0700] {processor.py:186} INFO - Started process (PID=9733) to work on /Users/punny/Documents/GitHub/NYC-Taxi-ETL-Pipeline/.venv/lib/python3.10/site-packages/airflow/example_dags/example_sla_dag.py
[2024-10-21T21:39:37.147+0700] {processor.py:914} INFO - Processing file /Users/punny/Documents/GitHub/NYC-Taxi-ETL-Pipeline/.venv/lib/python3.10/site-packages/airflow/example_dags/example_sla_dag.py for tasks to queue
[2024-10-21T21:39:37.148+0700] {logging_mixin.py:190} INFO - [2024-10-21T21:39:37.148+0700] {dagbag.py:588} INFO - Filling up the DagBag from /Users/punny/Documents/GitHub/NYC-Taxi-ETL-Pipeline/.venv/lib/python3.10/site-packages/airflow/example_dags/example_sla_dag.py
[2024-10-21T21:39:37.195+0700] {processor.py:925} INFO - DAG(s) 'example_sla_dag' retrieved from /Users/punny/Documents/GitHub/NYC-Taxi-ETL-Pipeline/.venv/lib/python3.10/site-packages/airflow/example_dags/example_sla_dag.py
[2024-10-21T21:39:37.367+0700] {logging_mixin.py:190} INFO - [2024-10-21T21:39:37.367+0700] {dag.py:3239} INFO - Sync 1 DAGs
[2024-10-21T21:39:37.392+0700] {logging_mixin.py:190} INFO - [2024-10-21T21:39:37.391+0700] {dag.py:4180} INFO - Setting next_dagrun for example_sla_dag to 2024-10-21 14:36:00+00:00, run_after=2024-10-21 14:38:00+00:00
[2024-10-21T21:39:37.412+0700] {processor.py:208} INFO - Processing /Users/punny/Documents/GitHub/NYC-Taxi-ETL-Pipeline/.venv/lib/python3.10/site-packages/airflow/example_dags/example_sla_dag.py took 0.276 seconds
[2024-10-21T21:43:03.407+0700] {processor.py:186} INFO - Started process (PID=10009) to work on /Users/punny/Documents/GitHub/NYC-Taxi-ETL-Pipeline/.venv/lib/python3.10/site-packages/airflow/example_dags/example_sla_dag.py
[2024-10-21T21:43:03.411+0700] {processor.py:914} INFO - Processing file /Users/punny/Documents/GitHub/NYC-Taxi-ETL-Pipeline/.venv/lib/python3.10/site-packages/airflow/example_dags/example_sla_dag.py for tasks to queue
[2024-10-21T21:43:03.412+0700] {logging_mixin.py:190} INFO - [2024-10-21T21:43:03.412+0700] {dagbag.py:588} INFO - Filling up the DagBag from /Users/punny/Documents/GitHub/NYC-Taxi-ETL-Pipeline/.venv/lib/python3.10/site-packages/airflow/example_dags/example_sla_dag.py
[2024-10-21T21:43:03.473+0700] {processor.py:925} INFO - DAG(s) 'example_sla_dag' retrieved from /Users/punny/Documents/GitHub/NYC-Taxi-ETL-Pipeline/.venv/lib/python3.10/site-packages/airflow/example_dags/example_sla_dag.py
[2024-10-21T21:43:03.661+0700] {logging_mixin.py:190} INFO - [2024-10-21T21:43:03.661+0700] {dag.py:3239} INFO - Sync 1 DAGs
[2024-10-21T21:43:03.691+0700] {logging_mixin.py:190} INFO - [2024-10-21T21:43:03.691+0700] {dag.py:4180} INFO - Setting next_dagrun for example_sla_dag to 2024-10-21 14:40:00+00:00, run_after=2024-10-21 14:42:00+00:00
[2024-10-21T21:43:03.713+0700] {processor.py:208} INFO - Processing /Users/punny/Documents/GitHub/NYC-Taxi-ETL-Pipeline/.venv/lib/python3.10/site-packages/airflow/example_dags/example_sla_dag.py took 0.313 seconds
[2024-10-21T21:46:46.693+0700] {processor.py:186} INFO - Started process (PID=10438) to work on /Users/punny/Documents/GitHub/NYC-Taxi-ETL-Pipeline/.venv/lib/python3.10/site-packages/airflow/example_dags/example_sla_dag.py
[2024-10-21T21:46:46.696+0700] {processor.py:914} INFO - Processing file /Users/punny/Documents/GitHub/NYC-Taxi-ETL-Pipeline/.venv/lib/python3.10/site-packages/airflow/example_dags/example_sla_dag.py for tasks to queue
[2024-10-21T21:46:46.698+0700] {logging_mixin.py:190} INFO - [2024-10-21T21:46:46.697+0700] {dagbag.py:588} INFO - Filling up the DagBag from /Users/punny/Documents/GitHub/NYC-Taxi-ETL-Pipeline/.venv/lib/python3.10/site-packages/airflow/example_dags/example_sla_dag.py
[2024-10-21T21:46:46.754+0700] {processor.py:925} INFO - DAG(s) 'example_sla_dag' retrieved from /Users/punny/Documents/GitHub/NYC-Taxi-ETL-Pipeline/.venv/lib/python3.10/site-packages/airflow/example_dags/example_sla_dag.py
[2024-10-21T21:46:46.931+0700] {logging_mixin.py:190} INFO - [2024-10-21T21:46:46.931+0700] {dag.py:3239} INFO - Sync 1 DAGs
[2024-10-21T21:46:46.959+0700] {logging_mixin.py:190} INFO - [2024-10-21T21:46:46.958+0700] {dag.py:4180} INFO - Setting next_dagrun for example_sla_dag to 2024-10-21 14:44:00+00:00, run_after=2024-10-21 14:46:00+00:00
[2024-10-21T21:46:46.993+0700] {processor.py:208} INFO - Processing /Users/punny/Documents/GitHub/NYC-Taxi-ETL-Pipeline/.venv/lib/python3.10/site-packages/airflow/example_dags/example_sla_dag.py took 0.306 seconds
[2024-10-21T21:49:44.580+0700] {processor.py:186} INFO - Started process (PID=10642) to work on /Users/punny/Documents/GitHub/NYC-Taxi-ETL-Pipeline/.venv/lib/python3.10/site-packages/airflow/example_dags/example_sla_dag.py
[2024-10-21T21:49:44.585+0700] {processor.py:914} INFO - Processing file /Users/punny/Documents/GitHub/NYC-Taxi-ETL-Pipeline/.venv/lib/python3.10/site-packages/airflow/example_dags/example_sla_dag.py for tasks to queue
[2024-10-21T21:49:44.587+0700] {logging_mixin.py:190} INFO - [2024-10-21T21:49:44.587+0700] {dagbag.py:588} INFO - Filling up the DagBag from /Users/punny/Documents/GitHub/NYC-Taxi-ETL-Pipeline/.venv/lib/python3.10/site-packages/airflow/example_dags/example_sla_dag.py
[2024-10-21T21:49:44.636+0700] {processor.py:925} INFO - DAG(s) 'example_sla_dag' retrieved from /Users/punny/Documents/GitHub/NYC-Taxi-ETL-Pipeline/.venv/lib/python3.10/site-packages/airflow/example_dags/example_sla_dag.py
[2024-10-21T21:49:44.821+0700] {logging_mixin.py:190} INFO - [2024-10-21T21:49:44.820+0700] {dag.py:3239} INFO - Sync 1 DAGs
[2024-10-21T21:49:44.848+0700] {logging_mixin.py:190} INFO - [2024-10-21T21:49:44.847+0700] {dag.py:4180} INFO - Setting next_dagrun for example_sla_dag to 2024-10-21 14:46:00+00:00, run_after=2024-10-21 14:48:00+00:00
[2024-10-21T21:49:44.870+0700] {processor.py:208} INFO - Processing /Users/punny/Documents/GitHub/NYC-Taxi-ETL-Pipeline/.venv/lib/python3.10/site-packages/airflow/example_dags/example_sla_dag.py took 0.299 seconds
[2024-10-21T21:51:17.451+0700] {processor.py:186} INFO - Started process (PID=10783) to work on /Users/punny/Documents/GitHub/NYC-Taxi-ETL-Pipeline/.venv/lib/python3.10/site-packages/airflow/example_dags/example_sla_dag.py
[2024-10-21T21:51:17.454+0700] {processor.py:914} INFO - Processing file /Users/punny/Documents/GitHub/NYC-Taxi-ETL-Pipeline/.venv/lib/python3.10/site-packages/airflow/example_dags/example_sla_dag.py for tasks to queue
[2024-10-21T21:51:17.455+0700] {logging_mixin.py:190} INFO - [2024-10-21T21:51:17.455+0700] {dagbag.py:588} INFO - Filling up the DagBag from /Users/punny/Documents/GitHub/NYC-Taxi-ETL-Pipeline/.venv/lib/python3.10/site-packages/airflow/example_dags/example_sla_dag.py
[2024-10-21T21:51:17.501+0700] {processor.py:925} INFO - DAG(s) 'example_sla_dag' retrieved from /Users/punny/Documents/GitHub/NYC-Taxi-ETL-Pipeline/.venv/lib/python3.10/site-packages/airflow/example_dags/example_sla_dag.py
[2024-10-21T21:51:17.674+0700] {logging_mixin.py:190} INFO - [2024-10-21T21:51:17.674+0700] {dag.py:3239} INFO - Sync 1 DAGs
[2024-10-21T21:51:17.700+0700] {logging_mixin.py:190} INFO - [2024-10-21T21:51:17.700+0700] {dag.py:4180} INFO - Setting next_dagrun for example_sla_dag to 2024-10-21 14:48:00+00:00, run_after=2024-10-21 14:50:00+00:00
[2024-10-21T21:51:17.722+0700] {processor.py:208} INFO - Processing /Users/punny/Documents/GitHub/NYC-Taxi-ETL-Pipeline/.venv/lib/python3.10/site-packages/airflow/example_dags/example_sla_dag.py took 0.278 seconds
[2024-10-21T21:55:27.179+0700] {processor.py:186} INFO - Started process (PID=11246) to work on /Users/punny/Documents/GitHub/NYC-Taxi-ETL-Pipeline/.venv/lib/python3.10/site-packages/airflow/example_dags/example_sla_dag.py
[2024-10-21T21:55:27.183+0700] {processor.py:914} INFO - Processing file /Users/punny/Documents/GitHub/NYC-Taxi-ETL-Pipeline/.venv/lib/python3.10/site-packages/airflow/example_dags/example_sla_dag.py for tasks to queue
[2024-10-21T21:55:27.184+0700] {logging_mixin.py:190} INFO - [2024-10-21T21:55:27.184+0700] {dagbag.py:588} INFO - Filling up the DagBag from /Users/punny/Documents/GitHub/NYC-Taxi-ETL-Pipeline/.venv/lib/python3.10/site-packages/airflow/example_dags/example_sla_dag.py
[2024-10-21T21:55:27.244+0700] {processor.py:925} INFO - DAG(s) 'example_sla_dag' retrieved from /Users/punny/Documents/GitHub/NYC-Taxi-ETL-Pipeline/.venv/lib/python3.10/site-packages/airflow/example_dags/example_sla_dag.py
[2024-10-21T21:55:27.458+0700] {logging_mixin.py:190} INFO - [2024-10-21T21:55:27.458+0700] {dag.py:3239} INFO - Sync 1 DAGs
[2024-10-21T21:55:27.486+0700] {logging_mixin.py:190} INFO - [2024-10-21T21:55:27.486+0700] {dag.py:4180} INFO - Setting next_dagrun for example_sla_dag to 2024-10-21 14:52:00+00:00, run_after=2024-10-21 14:54:00+00:00
[2024-10-21T21:55:27.508+0700] {processor.py:208} INFO - Processing /Users/punny/Documents/GitHub/NYC-Taxi-ETL-Pipeline/.venv/lib/python3.10/site-packages/airflow/example_dags/example_sla_dag.py took 0.336 seconds
[2024-10-21T21:59:37.643+0700] {processor.py:186} INFO - Started process (PID=11738) to work on /Users/punny/Documents/GitHub/NYC-Taxi-ETL-Pipeline/.venv/lib/python3.10/site-packages/airflow/example_dags/example_sla_dag.py
[2024-10-21T21:59:37.647+0700] {processor.py:914} INFO - Processing file /Users/punny/Documents/GitHub/NYC-Taxi-ETL-Pipeline/.venv/lib/python3.10/site-packages/airflow/example_dags/example_sla_dag.py for tasks to queue
[2024-10-21T21:59:37.648+0700] {logging_mixin.py:190} INFO - [2024-10-21T21:59:37.648+0700] {dagbag.py:588} INFO - Filling up the DagBag from /Users/punny/Documents/GitHub/NYC-Taxi-ETL-Pipeline/.venv/lib/python3.10/site-packages/airflow/example_dags/example_sla_dag.py
[2024-10-21T21:59:37.694+0700] {processor.py:925} INFO - DAG(s) 'example_sla_dag' retrieved from /Users/punny/Documents/GitHub/NYC-Taxi-ETL-Pipeline/.venv/lib/python3.10/site-packages/airflow/example_dags/example_sla_dag.py
[2024-10-21T21:59:37.864+0700] {logging_mixin.py:190} INFO - [2024-10-21T21:59:37.863+0700] {dag.py:3239} INFO - Sync 1 DAGs
[2024-10-21T21:59:37.889+0700] {logging_mixin.py:190} INFO - [2024-10-21T21:59:37.889+0700] {dag.py:4180} INFO - Setting next_dagrun for example_sla_dag to 2024-10-21 14:56:00+00:00, run_after=2024-10-21 14:58:00+00:00
[2024-10-21T21:59:37.909+0700] {processor.py:208} INFO - Processing /Users/punny/Documents/GitHub/NYC-Taxi-ETL-Pipeline/.venv/lib/python3.10/site-packages/airflow/example_dags/example_sla_dag.py took 0.275 seconds
[2024-10-21T22:16:40.096+0700] {processor.py:186} INFO - Started process (PID=12040) to work on /Users/punny/Documents/GitHub/NYC-Taxi-ETL-Pipeline/.venv/lib/python3.10/site-packages/airflow/example_dags/example_sla_dag.py
[2024-10-21T22:16:40.099+0700] {processor.py:914} INFO - Processing file /Users/punny/Documents/GitHub/NYC-Taxi-ETL-Pipeline/.venv/lib/python3.10/site-packages/airflow/example_dags/example_sla_dag.py for tasks to queue
[2024-10-21T22:16:40.100+0700] {logging_mixin.py:190} INFO - [2024-10-21T22:16:40.100+0700] {dagbag.py:588} INFO - Filling up the DagBag from /Users/punny/Documents/GitHub/NYC-Taxi-ETL-Pipeline/.venv/lib/python3.10/site-packages/airflow/example_dags/example_sla_dag.py
[2024-10-21T22:16:40.150+0700] {processor.py:925} INFO - DAG(s) 'example_sla_dag' retrieved from /Users/punny/Documents/GitHub/NYC-Taxi-ETL-Pipeline/.venv/lib/python3.10/site-packages/airflow/example_dags/example_sla_dag.py
[2024-10-21T22:16:40.512+0700] {logging_mixin.py:190} INFO - [2024-10-21T22:16:40.512+0700] {dag.py:3239} INFO - Sync 1 DAGs
[2024-10-21T22:16:40.539+0700] {logging_mixin.py:190} INFO - [2024-10-21T22:16:40.539+0700] {dag.py:4180} INFO - Setting next_dagrun for example_sla_dag to 2024-10-21 15:14:00+00:00, run_after=2024-10-21 15:16:00+00:00
[2024-10-21T22:16:40.561+0700] {processor.py:208} INFO - Processing /Users/punny/Documents/GitHub/NYC-Taxi-ETL-Pipeline/.venv/lib/python3.10/site-packages/airflow/example_dags/example_sla_dag.py took 0.474 seconds
[2024-10-21T22:19:42.873+0700] {processor.py:186} INFO - Started process (PID=12361) to work on /Users/punny/Documents/GitHub/NYC-Taxi-ETL-Pipeline/.venv/lib/python3.10/site-packages/airflow/example_dags/example_sla_dag.py
[2024-10-21T22:19:42.876+0700] {processor.py:914} INFO - Processing file /Users/punny/Documents/GitHub/NYC-Taxi-ETL-Pipeline/.venv/lib/python3.10/site-packages/airflow/example_dags/example_sla_dag.py for tasks to queue
[2024-10-21T22:19:42.878+0700] {logging_mixin.py:190} INFO - [2024-10-21T22:19:42.877+0700] {dagbag.py:588} INFO - Filling up the DagBag from /Users/punny/Documents/GitHub/NYC-Taxi-ETL-Pipeline/.venv/lib/python3.10/site-packages/airflow/example_dags/example_sla_dag.py
[2024-10-21T22:19:42.941+0700] {processor.py:925} INFO - DAG(s) 'example_sla_dag' retrieved from /Users/punny/Documents/GitHub/NYC-Taxi-ETL-Pipeline/.venv/lib/python3.10/site-packages/airflow/example_dags/example_sla_dag.py
[2024-10-21T22:19:43.223+0700] {logging_mixin.py:190} INFO - [2024-10-21T22:19:43.222+0700] {dag.py:3239} INFO - Sync 1 DAGs
[2024-10-21T22:19:43.257+0700] {logging_mixin.py:190} INFO - [2024-10-21T22:19:43.257+0700] {dag.py:4180} INFO - Setting next_dagrun for example_sla_dag to 2024-10-21 15:16:00+00:00, run_after=2024-10-21 15:18:00+00:00
[2024-10-21T22:19:43.287+0700] {processor.py:208} INFO - Processing /Users/punny/Documents/GitHub/NYC-Taxi-ETL-Pipeline/.venv/lib/python3.10/site-packages/airflow/example_dags/example_sla_dag.py took 0.423 seconds
[2024-10-21T22:24:55.613+0700] {processor.py:186} INFO - Started process (PID=13199) to work on /Users/punny/Documents/GitHub/NYC-Taxi-ETL-Pipeline/.venv/lib/python3.10/site-packages/airflow/example_dags/example_sla_dag.py
[2024-10-21T22:24:55.617+0700] {processor.py:914} INFO - Processing file /Users/punny/Documents/GitHub/NYC-Taxi-ETL-Pipeline/.venv/lib/python3.10/site-packages/airflow/example_dags/example_sla_dag.py for tasks to queue
[2024-10-21T22:24:55.618+0700] {logging_mixin.py:190} INFO - [2024-10-21T22:24:55.618+0700] {dagbag.py:588} INFO - Filling up the DagBag from /Users/punny/Documents/GitHub/NYC-Taxi-ETL-Pipeline/.venv/lib/python3.10/site-packages/airflow/example_dags/example_sla_dag.py
[2024-10-21T22:24:55.689+0700] {processor.py:925} INFO - DAG(s) 'example_sla_dag' retrieved from /Users/punny/Documents/GitHub/NYC-Taxi-ETL-Pipeline/.venv/lib/python3.10/site-packages/airflow/example_dags/example_sla_dag.py
[2024-10-21T22:24:55.894+0700] {logging_mixin.py:190} INFO - [2024-10-21T22:24:55.893+0700] {dag.py:3239} INFO - Sync 1 DAGs
[2024-10-21T22:24:55.924+0700] {logging_mixin.py:190} INFO - [2024-10-21T22:24:55.924+0700] {dag.py:4180} INFO - Setting next_dagrun for example_sla_dag to 2024-10-21 15:22:00+00:00, run_after=2024-10-21 15:24:00+00:00
[2024-10-21T22:24:55.948+0700] {processor.py:208} INFO - Processing /Users/punny/Documents/GitHub/NYC-Taxi-ETL-Pipeline/.venv/lib/python3.10/site-packages/airflow/example_dags/example_sla_dag.py took 0.343 seconds
[2024-10-21T22:28:37.088+0700] {processor.py:186} INFO - Started process (PID=13503) to work on /Users/punny/Documents/GitHub/NYC-Taxi-ETL-Pipeline/.venv/lib/python3.10/site-packages/airflow/example_dags/example_sla_dag.py
[2024-10-21T22:28:37.091+0700] {processor.py:914} INFO - Processing file /Users/punny/Documents/GitHub/NYC-Taxi-ETL-Pipeline/.venv/lib/python3.10/site-packages/airflow/example_dags/example_sla_dag.py for tasks to queue
[2024-10-21T22:28:37.093+0700] {logging_mixin.py:190} INFO - [2024-10-21T22:28:37.092+0700] {dagbag.py:588} INFO - Filling up the DagBag from /Users/punny/Documents/GitHub/NYC-Taxi-ETL-Pipeline/.venv/lib/python3.10/site-packages/airflow/example_dags/example_sla_dag.py
[2024-10-21T22:28:37.165+0700] {processor.py:925} INFO - DAG(s) 'example_sla_dag' retrieved from /Users/punny/Documents/GitHub/NYC-Taxi-ETL-Pipeline/.venv/lib/python3.10/site-packages/airflow/example_dags/example_sla_dag.py
[2024-10-21T22:28:37.395+0700] {logging_mixin.py:190} INFO - [2024-10-21T22:28:37.395+0700] {dag.py:3239} INFO - Sync 1 DAGs
[2024-10-21T22:28:37.427+0700] {logging_mixin.py:190} INFO - [2024-10-21T22:28:37.427+0700] {dag.py:4180} INFO - Setting next_dagrun for example_sla_dag to 2024-10-21 15:26:00+00:00, run_after=2024-10-21 15:28:00+00:00
[2024-10-21T22:28:37.452+0700] {processor.py:208} INFO - Processing /Users/punny/Documents/GitHub/NYC-Taxi-ETL-Pipeline/.venv/lib/python3.10/site-packages/airflow/example_dags/example_sla_dag.py took 0.370 seconds
[2024-10-21T22:31:30.954+0700] {processor.py:186} INFO - Started process (PID=13718) to work on /Users/punny/Documents/GitHub/NYC-Taxi-ETL-Pipeline/.venv/lib/python3.10/site-packages/airflow/example_dags/example_sla_dag.py
[2024-10-21T22:31:30.957+0700] {processor.py:914} INFO - Processing file /Users/punny/Documents/GitHub/NYC-Taxi-ETL-Pipeline/.venv/lib/python3.10/site-packages/airflow/example_dags/example_sla_dag.py for tasks to queue
[2024-10-21T22:31:30.958+0700] {logging_mixin.py:190} INFO - [2024-10-21T22:31:30.958+0700] {dagbag.py:588} INFO - Filling up the DagBag from /Users/punny/Documents/GitHub/NYC-Taxi-ETL-Pipeline/.venv/lib/python3.10/site-packages/airflow/example_dags/example_sla_dag.py
[2024-10-21T22:31:31.003+0700] {processor.py:925} INFO - DAG(s) 'example_sla_dag' retrieved from /Users/punny/Documents/GitHub/NYC-Taxi-ETL-Pipeline/.venv/lib/python3.10/site-packages/airflow/example_dags/example_sla_dag.py
[2024-10-21T22:31:31.179+0700] {logging_mixin.py:190} INFO - [2024-10-21T22:31:31.179+0700] {dag.py:3239} INFO - Sync 1 DAGs
[2024-10-21T22:31:31.206+0700] {logging_mixin.py:190} INFO - [2024-10-21T22:31:31.206+0700] {dag.py:4180} INFO - Setting next_dagrun for example_sla_dag to 2024-10-21 15:28:00+00:00, run_after=2024-10-21 15:30:00+00:00
[2024-10-21T22:31:31.228+0700] {processor.py:208} INFO - Processing /Users/punny/Documents/GitHub/NYC-Taxi-ETL-Pipeline/.venv/lib/python3.10/site-packages/airflow/example_dags/example_sla_dag.py took 0.282 seconds
