[2024-10-21T13:09:34.782+0700] {processor.py:186} INFO - Started process (PID=34479) to work on /Users/punny/Documents/GitHub/NYC-Taxi-ETL-Pipeline/.venv/lib/python3.10/site-packages/airflow/example_dags/example_inlet_event_extra.py
[2024-10-21T13:09:34.785+0700] {processor.py:914} INFO - Processing file /Users/punny/Documents/GitHub/NYC-Taxi-ETL-Pipeline/.venv/lib/python3.10/site-packages/airflow/example_dags/example_inlet_event_extra.py for tasks to queue
[2024-10-21T13:09:34.786+0700] {logging_mixin.py:190} INFO - [2024-10-21T13:09:34.786+0700] {dagbag.py:588} INFO - Filling up the DagBag from /Users/punny/Documents/GitHub/NYC-Taxi-ETL-Pipeline/.venv/lib/python3.10/site-packages/airflow/example_dags/example_inlet_event_extra.py
[2024-10-21T13:09:34.915+0700] {processor.py:925} INFO - DAG(s) 'read_dataset_event_from_classic', 'read_dataset_event' retrieved from /Users/punny/Documents/GitHub/NYC-Taxi-ETL-Pipeline/.venv/lib/python3.10/site-packages/airflow/example_dags/example_inlet_event_extra.py
[2024-10-21T13:09:35.129+0700] {logging_mixin.py:190} INFO - [2024-10-21T13:09:35.128+0700] {dag.py:3239} INFO - Sync 2 DAGs
[2024-10-21T13:09:35.158+0700] {logging_mixin.py:190} INFO - [2024-10-21T13:09:35.157+0700] {dag.py:4180} INFO - Setting next_dagrun for read_dataset_event to 2024-10-20 00:00:00+00:00, run_after=2024-10-21 00:00:00+00:00
[2024-10-21T13:09:35.166+0700] {logging_mixin.py:190} INFO - [2024-10-21T13:09:35.166+0700] {dag.py:4180} INFO - Setting next_dagrun for read_dataset_event_from_classic to 2024-10-20 00:00:00+00:00, run_after=2024-10-21 00:00:00+00:00
[2024-10-21T13:09:35.190+0700] {processor.py:208} INFO - Processing /Users/punny/Documents/GitHub/NYC-Taxi-ETL-Pipeline/.venv/lib/python3.10/site-packages/airflow/example_dags/example_inlet_event_extra.py took 0.417 seconds
[2024-10-21T14:22:36.888+0700] {processor.py:186} INFO - Started process (PID=35291) to work on /Users/punny/Documents/GitHub/NYC-Taxi-ETL-Pipeline/.venv/lib/python3.10/site-packages/airflow/example_dags/example_inlet_event_extra.py
[2024-10-21T14:22:36.896+0700] {processor.py:914} INFO - Processing file /Users/punny/Documents/GitHub/NYC-Taxi-ETL-Pipeline/.venv/lib/python3.10/site-packages/airflow/example_dags/example_inlet_event_extra.py for tasks to queue
[2024-10-21T14:22:36.899+0700] {logging_mixin.py:190} INFO - [2024-10-21T14:22:36.898+0700] {dagbag.py:588} INFO - Filling up the DagBag from /Users/punny/Documents/GitHub/NYC-Taxi-ETL-Pipeline/.venv/lib/python3.10/site-packages/airflow/example_dags/example_inlet_event_extra.py
[2024-10-21T14:22:37.233+0700] {processor.py:925} INFO - DAG(s) 'read_dataset_event', 'read_dataset_event_from_classic' retrieved from /Users/punny/Documents/GitHub/NYC-Taxi-ETL-Pipeline/.venv/lib/python3.10/site-packages/airflow/example_dags/example_inlet_event_extra.py
[2024-10-21T14:22:37.734+0700] {logging_mixin.py:190} INFO - [2024-10-21T14:22:37.733+0700] {dag.py:3239} INFO - Sync 2 DAGs
[2024-10-21T14:22:37.798+0700] {logging_mixin.py:190} INFO - [2024-10-21T14:22:37.798+0700] {dag.py:4180} INFO - Setting next_dagrun for read_dataset_event to 2024-10-20 00:00:00+00:00, run_after=2024-10-21 00:00:00+00:00
[2024-10-21T14:22:37.823+0700] {logging_mixin.py:190} INFO - [2024-10-21T14:22:37.822+0700] {dag.py:4180} INFO - Setting next_dagrun for read_dataset_event_from_classic to 2024-10-20 00:00:00+00:00, run_after=2024-10-21 00:00:00+00:00
[2024-10-21T14:22:37.871+0700] {processor.py:208} INFO - Processing /Users/punny/Documents/GitHub/NYC-Taxi-ETL-Pipeline/.venv/lib/python3.10/site-packages/airflow/example_dags/example_inlet_event_extra.py took 0.999 seconds
[2024-10-21T14:49:38.355+0700] {processor.py:186} INFO - Started process (PID=36117) to work on /Users/punny/Documents/GitHub/NYC-Taxi-ETL-Pipeline/.venv/lib/python3.10/site-packages/airflow/example_dags/example_inlet_event_extra.py
[2024-10-21T14:49:38.361+0700] {processor.py:914} INFO - Processing file /Users/punny/Documents/GitHub/NYC-Taxi-ETL-Pipeline/.venv/lib/python3.10/site-packages/airflow/example_dags/example_inlet_event_extra.py for tasks to queue
[2024-10-21T14:49:38.364+0700] {logging_mixin.py:190} INFO - [2024-10-21T14:49:38.363+0700] {dagbag.py:588} INFO - Filling up the DagBag from /Users/punny/Documents/GitHub/NYC-Taxi-ETL-Pipeline/.venv/lib/python3.10/site-packages/airflow/example_dags/example_inlet_event_extra.py
[2024-10-21T14:49:38.508+0700] {processor.py:925} INFO - DAG(s) 'read_dataset_event_from_classic', 'read_dataset_event' retrieved from /Users/punny/Documents/GitHub/NYC-Taxi-ETL-Pipeline/.venv/lib/python3.10/site-packages/airflow/example_dags/example_inlet_event_extra.py
[2024-10-21T14:49:38.889+0700] {logging_mixin.py:190} INFO - [2024-10-21T14:49:38.888+0700] {dag.py:3239} INFO - Sync 2 DAGs
[2024-10-21T14:49:38.954+0700] {logging_mixin.py:190} INFO - [2024-10-21T14:49:38.954+0700] {dag.py:4180} INFO - Setting next_dagrun for read_dataset_event to 2024-10-20 00:00:00+00:00, run_after=2024-10-21 00:00:00+00:00
[2024-10-21T14:49:38.963+0700] {logging_mixin.py:190} INFO - [2024-10-21T14:49:38.963+0700] {dag.py:4180} INFO - Setting next_dagrun for read_dataset_event_from_classic to 2024-10-20 00:00:00+00:00, run_after=2024-10-21 00:00:00+00:00
[2024-10-21T14:49:38.987+0700] {processor.py:208} INFO - Processing /Users/punny/Documents/GitHub/NYC-Taxi-ETL-Pipeline/.venv/lib/python3.10/site-packages/airflow/example_dags/example_inlet_event_extra.py took 0.642 seconds
[2024-10-21T14:53:15.843+0700] {processor.py:186} INFO - Started process (PID=36684) to work on /Users/punny/Documents/GitHub/NYC-Taxi-ETL-Pipeline/.venv/lib/python3.10/site-packages/airflow/example_dags/example_inlet_event_extra.py
[2024-10-21T14:53:15.847+0700] {processor.py:914} INFO - Processing file /Users/punny/Documents/GitHub/NYC-Taxi-ETL-Pipeline/.venv/lib/python3.10/site-packages/airflow/example_dags/example_inlet_event_extra.py for tasks to queue
[2024-10-21T14:53:15.848+0700] {logging_mixin.py:190} INFO - [2024-10-21T14:53:15.848+0700] {dagbag.py:588} INFO - Filling up the DagBag from /Users/punny/Documents/GitHub/NYC-Taxi-ETL-Pipeline/.venv/lib/python3.10/site-packages/airflow/example_dags/example_inlet_event_extra.py
[2024-10-21T14:53:15.952+0700] {processor.py:925} INFO - DAG(s) 'read_dataset_event', 'read_dataset_event_from_classic' retrieved from /Users/punny/Documents/GitHub/NYC-Taxi-ETL-Pipeline/.venv/lib/python3.10/site-packages/airflow/example_dags/example_inlet_event_extra.py
[2024-10-21T14:53:16.148+0700] {logging_mixin.py:190} INFO - [2024-10-21T14:53:16.148+0700] {dag.py:3239} INFO - Sync 2 DAGs
[2024-10-21T14:53:16.172+0700] {logging_mixin.py:190} INFO - [2024-10-21T14:53:16.172+0700] {dag.py:4180} INFO - Setting next_dagrun for read_dataset_event to 2024-10-20 00:00:00+00:00, run_after=2024-10-21 00:00:00+00:00
[2024-10-21T14:53:16.178+0700] {logging_mixin.py:190} INFO - [2024-10-21T14:53:16.178+0700] {dag.py:4180} INFO - Setting next_dagrun for read_dataset_event_from_classic to 2024-10-20 00:00:00+00:00, run_after=2024-10-21 00:00:00+00:00
[2024-10-21T14:53:16.198+0700] {processor.py:208} INFO - Processing /Users/punny/Documents/GitHub/NYC-Taxi-ETL-Pipeline/.venv/lib/python3.10/site-packages/airflow/example_dags/example_inlet_event_extra.py took 0.365 seconds
[2024-10-21T14:56:38.372+0700] {processor.py:186} INFO - Started process (PID=37192) to work on /Users/punny/Documents/GitHub/NYC-Taxi-ETL-Pipeline/.venv/lib/python3.10/site-packages/airflow/example_dags/example_inlet_event_extra.py
[2024-10-21T14:56:38.375+0700] {processor.py:914} INFO - Processing file /Users/punny/Documents/GitHub/NYC-Taxi-ETL-Pipeline/.venv/lib/python3.10/site-packages/airflow/example_dags/example_inlet_event_extra.py for tasks to queue
[2024-10-21T14:56:38.376+0700] {logging_mixin.py:190} INFO - [2024-10-21T14:56:38.376+0700] {dagbag.py:588} INFO - Filling up the DagBag from /Users/punny/Documents/GitHub/NYC-Taxi-ETL-Pipeline/.venv/lib/python3.10/site-packages/airflow/example_dags/example_inlet_event_extra.py
[2024-10-21T14:56:38.505+0700] {processor.py:925} INFO - DAG(s) 'read_dataset_event_from_classic', 'read_dataset_event' retrieved from /Users/punny/Documents/GitHub/NYC-Taxi-ETL-Pipeline/.venv/lib/python3.10/site-packages/airflow/example_dags/example_inlet_event_extra.py
[2024-10-21T14:56:38.782+0700] {logging_mixin.py:190} INFO - [2024-10-21T14:56:38.782+0700] {dag.py:3239} INFO - Sync 2 DAGs
[2024-10-21T14:56:38.892+0700] {logging_mixin.py:190} INFO - [2024-10-21T14:56:38.891+0700] {dag.py:4180} INFO - Setting next_dagrun for read_dataset_event to 2024-10-20 00:00:00+00:00, run_after=2024-10-21 00:00:00+00:00
[2024-10-21T14:56:38.905+0700] {logging_mixin.py:190} INFO - [2024-10-21T14:56:38.903+0700] {dag.py:4180} INFO - Setting next_dagrun for read_dataset_event_from_classic to 2024-10-20 00:00:00+00:00, run_after=2024-10-21 00:00:00+00:00
[2024-10-21T14:56:38.938+0700] {processor.py:208} INFO - Processing /Users/punny/Documents/GitHub/NYC-Taxi-ETL-Pipeline/.venv/lib/python3.10/site-packages/airflow/example_dags/example_inlet_event_extra.py took 0.575 seconds
[2024-10-21T15:01:58.828+0700] {processor.py:186} INFO - Started process (PID=37984) to work on /Users/punny/Documents/GitHub/NYC-Taxi-ETL-Pipeline/.venv/lib/python3.10/site-packages/airflow/example_dags/example_inlet_event_extra.py
[2024-10-21T15:01:58.835+0700] {processor.py:914} INFO - Processing file /Users/punny/Documents/GitHub/NYC-Taxi-ETL-Pipeline/.venv/lib/python3.10/site-packages/airflow/example_dags/example_inlet_event_extra.py for tasks to queue
[2024-10-21T15:01:58.838+0700] {logging_mixin.py:190} INFO - [2024-10-21T15:01:58.838+0700] {dagbag.py:588} INFO - Filling up the DagBag from /Users/punny/Documents/GitHub/NYC-Taxi-ETL-Pipeline/.venv/lib/python3.10/site-packages/airflow/example_dags/example_inlet_event_extra.py
[2024-10-21T15:01:59.135+0700] {processor.py:925} INFO - DAG(s) 'read_dataset_event_from_classic', 'read_dataset_event' retrieved from /Users/punny/Documents/GitHub/NYC-Taxi-ETL-Pipeline/.venv/lib/python3.10/site-packages/airflow/example_dags/example_inlet_event_extra.py
[2024-10-21T15:01:59.594+0700] {logging_mixin.py:190} INFO - [2024-10-21T15:01:59.594+0700] {dag.py:3239} INFO - Sync 2 DAGs
[2024-10-21T15:01:59.647+0700] {logging_mixin.py:190} INFO - [2024-10-21T15:01:59.646+0700] {dag.py:4180} INFO - Setting next_dagrun for read_dataset_event to 2024-10-20 00:00:00+00:00, run_after=2024-10-21 00:00:00+00:00
[2024-10-21T15:01:59.661+0700] {logging_mixin.py:190} INFO - [2024-10-21T15:01:59.661+0700] {dag.py:4180} INFO - Setting next_dagrun for read_dataset_event_from_classic to 2024-10-20 00:00:00+00:00, run_after=2024-10-21 00:00:00+00:00
[2024-10-21T15:01:59.701+0700] {processor.py:208} INFO - Processing /Users/punny/Documents/GitHub/NYC-Taxi-ETL-Pipeline/.venv/lib/python3.10/site-packages/airflow/example_dags/example_inlet_event_extra.py took 0.884 seconds
[2024-10-21T15:07:26.869+0700] {processor.py:186} INFO - Started process (PID=38672) to work on /Users/punny/Documents/GitHub/NYC-Taxi-ETL-Pipeline/.venv/lib/python3.10/site-packages/airflow/example_dags/example_inlet_event_extra.py
[2024-10-21T15:07:26.874+0700] {processor.py:914} INFO - Processing file /Users/punny/Documents/GitHub/NYC-Taxi-ETL-Pipeline/.venv/lib/python3.10/site-packages/airflow/example_dags/example_inlet_event_extra.py for tasks to queue
[2024-10-21T15:07:26.876+0700] {logging_mixin.py:190} INFO - [2024-10-21T15:07:26.876+0700] {dagbag.py:588} INFO - Filling up the DagBag from /Users/punny/Documents/GitHub/NYC-Taxi-ETL-Pipeline/.venv/lib/python3.10/site-packages/airflow/example_dags/example_inlet_event_extra.py
[2024-10-21T15:07:27.038+0700] {processor.py:925} INFO - DAG(s) 'read_dataset_event_from_classic', 'read_dataset_event' retrieved from /Users/punny/Documents/GitHub/NYC-Taxi-ETL-Pipeline/.venv/lib/python3.10/site-packages/airflow/example_dags/example_inlet_event_extra.py
[2024-10-21T15:07:27.363+0700] {logging_mixin.py:190} INFO - [2024-10-21T15:07:27.363+0700] {dag.py:3239} INFO - Sync 2 DAGs
[2024-10-21T15:07:27.420+0700] {logging_mixin.py:190} INFO - [2024-10-21T15:07:27.420+0700] {dag.py:4180} INFO - Setting next_dagrun for read_dataset_event to 2024-10-20 00:00:00+00:00, run_after=2024-10-21 00:00:00+00:00
[2024-10-21T15:07:27.443+0700] {logging_mixin.py:190} INFO - [2024-10-21T15:07:27.443+0700] {dag.py:4180} INFO - Setting next_dagrun for read_dataset_event_from_classic to 2024-10-20 00:00:00+00:00, run_after=2024-10-21 00:00:00+00:00
[2024-10-21T15:07:27.482+0700] {processor.py:208} INFO - Processing /Users/punny/Documents/GitHub/NYC-Taxi-ETL-Pipeline/.venv/lib/python3.10/site-packages/airflow/example_dags/example_inlet_event_extra.py took 0.629 seconds
[2024-10-21T15:12:05.431+0700] {processor.py:186} INFO - Started process (PID=39291) to work on /Users/punny/Documents/GitHub/NYC-Taxi-ETL-Pipeline/.venv/lib/python3.10/site-packages/airflow/example_dags/example_inlet_event_extra.py
[2024-10-21T15:12:05.436+0700] {processor.py:914} INFO - Processing file /Users/punny/Documents/GitHub/NYC-Taxi-ETL-Pipeline/.venv/lib/python3.10/site-packages/airflow/example_dags/example_inlet_event_extra.py for tasks to queue
[2024-10-21T15:12:05.439+0700] {logging_mixin.py:190} INFO - [2024-10-21T15:12:05.438+0700] {dagbag.py:588} INFO - Filling up the DagBag from /Users/punny/Documents/GitHub/NYC-Taxi-ETL-Pipeline/.venv/lib/python3.10/site-packages/airflow/example_dags/example_inlet_event_extra.py
[2024-10-21T15:12:05.635+0700] {processor.py:925} INFO - DAG(s) 'read_dataset_event_from_classic', 'read_dataset_event' retrieved from /Users/punny/Documents/GitHub/NYC-Taxi-ETL-Pipeline/.venv/lib/python3.10/site-packages/airflow/example_dags/example_inlet_event_extra.py
[2024-10-21T15:12:05.955+0700] {logging_mixin.py:190} INFO - [2024-10-21T15:12:05.954+0700] {dag.py:3239} INFO - Sync 2 DAGs
[2024-10-21T15:12:05.994+0700] {logging_mixin.py:190} INFO - [2024-10-21T15:12:05.994+0700] {dag.py:4180} INFO - Setting next_dagrun for read_dataset_event to 2024-10-20 00:00:00+00:00, run_after=2024-10-21 00:00:00+00:00
[2024-10-21T15:12:06.004+0700] {logging_mixin.py:190} INFO - [2024-10-21T15:12:06.004+0700] {dag.py:4180} INFO - Setting next_dagrun for read_dataset_event_from_classic to 2024-10-20 00:00:00+00:00, run_after=2024-10-21 00:00:00+00:00
[2024-10-21T15:12:06.053+0700] {processor.py:208} INFO - Processing /Users/punny/Documents/GitHub/NYC-Taxi-ETL-Pipeline/.venv/lib/python3.10/site-packages/airflow/example_dags/example_inlet_event_extra.py took 0.634 seconds
[2024-10-21T15:16:25.905+0700] {processor.py:186} INFO - Started process (PID=39817) to work on /Users/punny/Documents/GitHub/NYC-Taxi-ETL-Pipeline/.venv/lib/python3.10/site-packages/airflow/example_dags/example_inlet_event_extra.py
[2024-10-21T15:16:25.910+0700] {processor.py:914} INFO - Processing file /Users/punny/Documents/GitHub/NYC-Taxi-ETL-Pipeline/.venv/lib/python3.10/site-packages/airflow/example_dags/example_inlet_event_extra.py for tasks to queue
[2024-10-21T15:16:25.911+0700] {logging_mixin.py:190} INFO - [2024-10-21T15:16:25.911+0700] {dagbag.py:588} INFO - Filling up the DagBag from /Users/punny/Documents/GitHub/NYC-Taxi-ETL-Pipeline/.venv/lib/python3.10/site-packages/airflow/example_dags/example_inlet_event_extra.py
[2024-10-21T15:16:26.076+0700] {processor.py:925} INFO - DAG(s) 'read_dataset_event_from_classic', 'read_dataset_event' retrieved from /Users/punny/Documents/GitHub/NYC-Taxi-ETL-Pipeline/.venv/lib/python3.10/site-packages/airflow/example_dags/example_inlet_event_extra.py
[2024-10-21T15:16:26.371+0700] {logging_mixin.py:190} INFO - [2024-10-21T15:16:26.371+0700] {dag.py:3239} INFO - Sync 2 DAGs
[2024-10-21T15:16:26.405+0700] {logging_mixin.py:190} INFO - [2024-10-21T15:16:26.404+0700] {dag.py:4180} INFO - Setting next_dagrun for read_dataset_event to 2024-10-20 00:00:00+00:00, run_after=2024-10-21 00:00:00+00:00
[2024-10-21T15:16:26.413+0700] {logging_mixin.py:190} INFO - [2024-10-21T15:16:26.412+0700] {dag.py:4180} INFO - Setting next_dagrun for read_dataset_event_from_classic to 2024-10-20 00:00:00+00:00, run_after=2024-10-21 00:00:00+00:00
[2024-10-21T15:16:26.455+0700] {processor.py:208} INFO - Processing /Users/punny/Documents/GitHub/NYC-Taxi-ETL-Pipeline/.venv/lib/python3.10/site-packages/airflow/example_dags/example_inlet_event_extra.py took 0.562 seconds
[2024-10-21T15:20:45.245+0700] {processor.py:186} INFO - Started process (PID=40383) to work on /Users/punny/Documents/GitHub/NYC-Taxi-ETL-Pipeline/.venv/lib/python3.10/site-packages/airflow/example_dags/example_inlet_event_extra.py
[2024-10-21T15:20:45.251+0700] {processor.py:914} INFO - Processing file /Users/punny/Documents/GitHub/NYC-Taxi-ETL-Pipeline/.venv/lib/python3.10/site-packages/airflow/example_dags/example_inlet_event_extra.py for tasks to queue
[2024-10-21T15:20:45.253+0700] {logging_mixin.py:190} INFO - [2024-10-21T15:20:45.252+0700] {dagbag.py:588} INFO - Filling up the DagBag from /Users/punny/Documents/GitHub/NYC-Taxi-ETL-Pipeline/.venv/lib/python3.10/site-packages/airflow/example_dags/example_inlet_event_extra.py
[2024-10-21T15:20:45.399+0700] {processor.py:925} INFO - DAG(s) 'read_dataset_event_from_classic', 'read_dataset_event' retrieved from /Users/punny/Documents/GitHub/NYC-Taxi-ETL-Pipeline/.venv/lib/python3.10/site-packages/airflow/example_dags/example_inlet_event_extra.py
[2024-10-21T15:20:45.687+0700] {logging_mixin.py:190} INFO - [2024-10-21T15:20:45.686+0700] {dag.py:3239} INFO - Sync 2 DAGs
[2024-10-21T15:20:45.719+0700] {logging_mixin.py:190} INFO - [2024-10-21T15:20:45.719+0700] {dag.py:4180} INFO - Setting next_dagrun for read_dataset_event to 2024-10-20 00:00:00+00:00, run_after=2024-10-21 00:00:00+00:00
[2024-10-21T15:20:45.727+0700] {logging_mixin.py:190} INFO - [2024-10-21T15:20:45.726+0700] {dag.py:4180} INFO - Setting next_dagrun for read_dataset_event_from_classic to 2024-10-20 00:00:00+00:00, run_after=2024-10-21 00:00:00+00:00
[2024-10-21T15:20:45.755+0700] {processor.py:208} INFO - Processing /Users/punny/Documents/GitHub/NYC-Taxi-ETL-Pipeline/.venv/lib/python3.10/site-packages/airflow/example_dags/example_inlet_event_extra.py took 0.518 seconds
[2024-10-21T15:24:47.829+0700] {processor.py:186} INFO - Started process (PID=40882) to work on /Users/punny/Documents/GitHub/NYC-Taxi-ETL-Pipeline/.venv/lib/python3.10/site-packages/airflow/example_dags/example_inlet_event_extra.py
[2024-10-21T15:24:47.834+0700] {processor.py:914} INFO - Processing file /Users/punny/Documents/GitHub/NYC-Taxi-ETL-Pipeline/.venv/lib/python3.10/site-packages/airflow/example_dags/example_inlet_event_extra.py for tasks to queue
[2024-10-21T15:24:47.836+0700] {logging_mixin.py:190} INFO - [2024-10-21T15:24:47.835+0700] {dagbag.py:588} INFO - Filling up the DagBag from /Users/punny/Documents/GitHub/NYC-Taxi-ETL-Pipeline/.venv/lib/python3.10/site-packages/airflow/example_dags/example_inlet_event_extra.py
[2024-10-21T15:24:47.982+0700] {processor.py:925} INFO - DAG(s) 'read_dataset_event', 'read_dataset_event_from_classic' retrieved from /Users/punny/Documents/GitHub/NYC-Taxi-ETL-Pipeline/.venv/lib/python3.10/site-packages/airflow/example_dags/example_inlet_event_extra.py
[2024-10-21T15:24:48.244+0700] {logging_mixin.py:190} INFO - [2024-10-21T15:24:48.243+0700] {dag.py:3239} INFO - Sync 2 DAGs
[2024-10-21T15:24:48.282+0700] {logging_mixin.py:190} INFO - [2024-10-21T15:24:48.281+0700] {dag.py:4180} INFO - Setting next_dagrun for read_dataset_event to 2024-10-20 00:00:00+00:00, run_after=2024-10-21 00:00:00+00:00
[2024-10-21T15:24:48.290+0700] {logging_mixin.py:190} INFO - [2024-10-21T15:24:48.290+0700] {dag.py:4180} INFO - Setting next_dagrun for read_dataset_event_from_classic to 2024-10-20 00:00:00+00:00, run_after=2024-10-21 00:00:00+00:00
[2024-10-21T15:24:48.317+0700] {processor.py:208} INFO - Processing /Users/punny/Documents/GitHub/NYC-Taxi-ETL-Pipeline/.venv/lib/python3.10/site-packages/airflow/example_dags/example_inlet_event_extra.py took 0.496 seconds
[2024-10-21T15:28:43.194+0700] {processor.py:186} INFO - Started process (PID=41353) to work on /Users/punny/Documents/GitHub/NYC-Taxi-ETL-Pipeline/.venv/lib/python3.10/site-packages/airflow/example_dags/example_inlet_event_extra.py
[2024-10-21T15:28:43.199+0700] {processor.py:914} INFO - Processing file /Users/punny/Documents/GitHub/NYC-Taxi-ETL-Pipeline/.venv/lib/python3.10/site-packages/airflow/example_dags/example_inlet_event_extra.py for tasks to queue
[2024-10-21T15:28:43.200+0700] {logging_mixin.py:190} INFO - [2024-10-21T15:28:43.200+0700] {dagbag.py:588} INFO - Filling up the DagBag from /Users/punny/Documents/GitHub/NYC-Taxi-ETL-Pipeline/.venv/lib/python3.10/site-packages/airflow/example_dags/example_inlet_event_extra.py
[2024-10-21T15:28:43.325+0700] {processor.py:925} INFO - DAG(s) 'read_dataset_event_from_classic', 'read_dataset_event' retrieved from /Users/punny/Documents/GitHub/NYC-Taxi-ETL-Pipeline/.venv/lib/python3.10/site-packages/airflow/example_dags/example_inlet_event_extra.py
[2024-10-21T15:28:43.614+0700] {logging_mixin.py:190} INFO - [2024-10-21T15:28:43.614+0700] {dag.py:3239} INFO - Sync 2 DAGs
[2024-10-21T15:28:43.646+0700] {logging_mixin.py:190} INFO - [2024-10-21T15:28:43.646+0700] {dag.py:4180} INFO - Setting next_dagrun for read_dataset_event to 2024-10-20 00:00:00+00:00, run_after=2024-10-21 00:00:00+00:00
[2024-10-21T15:28:43.654+0700] {logging_mixin.py:190} INFO - [2024-10-21T15:28:43.653+0700] {dag.py:4180} INFO - Setting next_dagrun for read_dataset_event_from_classic to 2024-10-20 00:00:00+00:00, run_after=2024-10-21 00:00:00+00:00
[2024-10-21T15:28:43.680+0700] {processor.py:208} INFO - Processing /Users/punny/Documents/GitHub/NYC-Taxi-ETL-Pipeline/.venv/lib/python3.10/site-packages/airflow/example_dags/example_inlet_event_extra.py took 0.497 seconds
[2024-10-21T15:32:48.521+0700] {processor.py:186} INFO - Started process (PID=41904) to work on /Users/punny/Documents/GitHub/NYC-Taxi-ETL-Pipeline/.venv/lib/python3.10/site-packages/airflow/example_dags/example_inlet_event_extra.py
[2024-10-21T15:32:48.526+0700] {processor.py:914} INFO - Processing file /Users/punny/Documents/GitHub/NYC-Taxi-ETL-Pipeline/.venv/lib/python3.10/site-packages/airflow/example_dags/example_inlet_event_extra.py for tasks to queue
[2024-10-21T15:32:48.528+0700] {logging_mixin.py:190} INFO - [2024-10-21T15:32:48.527+0700] {dagbag.py:588} INFO - Filling up the DagBag from /Users/punny/Documents/GitHub/NYC-Taxi-ETL-Pipeline/.venv/lib/python3.10/site-packages/airflow/example_dags/example_inlet_event_extra.py
[2024-10-21T15:32:48.686+0700] {processor.py:925} INFO - DAG(s) 'read_dataset_event_from_classic', 'read_dataset_event' retrieved from /Users/punny/Documents/GitHub/NYC-Taxi-ETL-Pipeline/.venv/lib/python3.10/site-packages/airflow/example_dags/example_inlet_event_extra.py
[2024-10-21T15:32:48.961+0700] {logging_mixin.py:190} INFO - [2024-10-21T15:32:48.961+0700] {dag.py:3239} INFO - Sync 2 DAGs
[2024-10-21T15:32:48.992+0700] {logging_mixin.py:190} INFO - [2024-10-21T15:32:48.992+0700] {dag.py:4180} INFO - Setting next_dagrun for read_dataset_event to 2024-10-20 00:00:00+00:00, run_after=2024-10-21 00:00:00+00:00
[2024-10-21T15:32:49.004+0700] {logging_mixin.py:190} INFO - [2024-10-21T15:32:49.003+0700] {dag.py:4180} INFO - Setting next_dagrun for read_dataset_event_from_classic to 2024-10-20 00:00:00+00:00, run_after=2024-10-21 00:00:00+00:00
[2024-10-21T15:32:49.033+0700] {processor.py:208} INFO - Processing /Users/punny/Documents/GitHub/NYC-Taxi-ETL-Pipeline/.venv/lib/python3.10/site-packages/airflow/example_dags/example_inlet_event_extra.py took 0.525 seconds
[2024-10-21T15:36:43.809+0700] {processor.py:186} INFO - Started process (PID=42376) to work on /Users/punny/Documents/GitHub/NYC-Taxi-ETL-Pipeline/.venv/lib/python3.10/site-packages/airflow/example_dags/example_inlet_event_extra.py
[2024-10-21T15:36:43.814+0700] {processor.py:914} INFO - Processing file /Users/punny/Documents/GitHub/NYC-Taxi-ETL-Pipeline/.venv/lib/python3.10/site-packages/airflow/example_dags/example_inlet_event_extra.py for tasks to queue
[2024-10-21T15:36:43.816+0700] {logging_mixin.py:190} INFO - [2024-10-21T15:36:43.815+0700] {dagbag.py:588} INFO - Filling up the DagBag from /Users/punny/Documents/GitHub/NYC-Taxi-ETL-Pipeline/.venv/lib/python3.10/site-packages/airflow/example_dags/example_inlet_event_extra.py
[2024-10-21T15:36:43.947+0700] {processor.py:925} INFO - DAG(s) 'read_dataset_event', 'read_dataset_event_from_classic' retrieved from /Users/punny/Documents/GitHub/NYC-Taxi-ETL-Pipeline/.venv/lib/python3.10/site-packages/airflow/example_dags/example_inlet_event_extra.py
[2024-10-21T15:36:44.223+0700] {logging_mixin.py:190} INFO - [2024-10-21T15:36:44.222+0700] {dag.py:3239} INFO - Sync 2 DAGs
[2024-10-21T15:36:44.258+0700] {logging_mixin.py:190} INFO - [2024-10-21T15:36:44.257+0700] {dag.py:4180} INFO - Setting next_dagrun for read_dataset_event to 2024-10-20 00:00:00+00:00, run_after=2024-10-21 00:00:00+00:00
[2024-10-21T15:36:44.264+0700] {logging_mixin.py:190} INFO - [2024-10-21T15:36:44.264+0700] {dag.py:4180} INFO - Setting next_dagrun for read_dataset_event_from_classic to 2024-10-20 00:00:00+00:00, run_after=2024-10-21 00:00:00+00:00
[2024-10-21T15:36:44.296+0700] {processor.py:208} INFO - Processing /Users/punny/Documents/GitHub/NYC-Taxi-ETL-Pipeline/.venv/lib/python3.10/site-packages/airflow/example_dags/example_inlet_event_extra.py took 0.503 seconds
[2024-10-21T15:40:46.882+0700] {processor.py:186} INFO - Started process (PID=42991) to work on /Users/punny/Documents/GitHub/NYC-Taxi-ETL-Pipeline/.venv/lib/python3.10/site-packages/airflow/example_dags/example_inlet_event_extra.py
[2024-10-21T15:40:46.886+0700] {processor.py:914} INFO - Processing file /Users/punny/Documents/GitHub/NYC-Taxi-ETL-Pipeline/.venv/lib/python3.10/site-packages/airflow/example_dags/example_inlet_event_extra.py for tasks to queue
[2024-10-21T15:40:46.889+0700] {logging_mixin.py:190} INFO - [2024-10-21T15:40:46.889+0700] {dagbag.py:588} INFO - Filling up the DagBag from /Users/punny/Documents/GitHub/NYC-Taxi-ETL-Pipeline/.venv/lib/python3.10/site-packages/airflow/example_dags/example_inlet_event_extra.py
[2024-10-21T15:40:47.027+0700] {processor.py:925} INFO - DAG(s) 'read_dataset_event_from_classic', 'read_dataset_event' retrieved from /Users/punny/Documents/GitHub/NYC-Taxi-ETL-Pipeline/.venv/lib/python3.10/site-packages/airflow/example_dags/example_inlet_event_extra.py
[2024-10-21T15:40:47.305+0700] {logging_mixin.py:190} INFO - [2024-10-21T15:40:47.304+0700] {dag.py:3239} INFO - Sync 2 DAGs
[2024-10-21T15:40:47.343+0700] {logging_mixin.py:190} INFO - [2024-10-21T15:40:47.342+0700] {dag.py:4180} INFO - Setting next_dagrun for read_dataset_event to 2024-10-20 00:00:00+00:00, run_after=2024-10-21 00:00:00+00:00
[2024-10-21T15:40:47.354+0700] {logging_mixin.py:190} INFO - [2024-10-21T15:40:47.353+0700] {dag.py:4180} INFO - Setting next_dagrun for read_dataset_event_from_classic to 2024-10-20 00:00:00+00:00, run_after=2024-10-21 00:00:00+00:00
[2024-10-21T15:40:47.384+0700] {processor.py:208} INFO - Processing /Users/punny/Documents/GitHub/NYC-Taxi-ETL-Pipeline/.venv/lib/python3.10/site-packages/airflow/example_dags/example_inlet_event_extra.py took 0.515 seconds
[2024-10-21T15:44:40.005+0700] {processor.py:186} INFO - Started process (PID=43482) to work on /Users/punny/Documents/GitHub/NYC-Taxi-ETL-Pipeline/.venv/lib/python3.10/site-packages/airflow/example_dags/example_inlet_event_extra.py
[2024-10-21T15:44:40.011+0700] {processor.py:914} INFO - Processing file /Users/punny/Documents/GitHub/NYC-Taxi-ETL-Pipeline/.venv/lib/python3.10/site-packages/airflow/example_dags/example_inlet_event_extra.py for tasks to queue
[2024-10-21T15:44:40.012+0700] {logging_mixin.py:190} INFO - [2024-10-21T15:44:40.012+0700] {dagbag.py:588} INFO - Filling up the DagBag from /Users/punny/Documents/GitHub/NYC-Taxi-ETL-Pipeline/.venv/lib/python3.10/site-packages/airflow/example_dags/example_inlet_event_extra.py
[2024-10-21T15:44:40.159+0700] {processor.py:925} INFO - DAG(s) 'read_dataset_event_from_classic', 'read_dataset_event' retrieved from /Users/punny/Documents/GitHub/NYC-Taxi-ETL-Pipeline/.venv/lib/python3.10/site-packages/airflow/example_dags/example_inlet_event_extra.py
[2024-10-21T15:44:40.437+0700] {logging_mixin.py:190} INFO - [2024-10-21T15:44:40.436+0700] {dag.py:3239} INFO - Sync 2 DAGs
[2024-10-21T15:44:40.467+0700] {logging_mixin.py:190} INFO - [2024-10-21T15:44:40.467+0700] {dag.py:4180} INFO - Setting next_dagrun for read_dataset_event to 2024-10-20 00:00:00+00:00, run_after=2024-10-21 00:00:00+00:00
[2024-10-21T15:44:40.475+0700] {logging_mixin.py:190} INFO - [2024-10-21T15:44:40.475+0700] {dag.py:4180} INFO - Setting next_dagrun for read_dataset_event_from_classic to 2024-10-20 00:00:00+00:00, run_after=2024-10-21 00:00:00+00:00
[2024-10-21T15:44:40.498+0700] {processor.py:208} INFO - Processing /Users/punny/Documents/GitHub/NYC-Taxi-ETL-Pipeline/.venv/lib/python3.10/site-packages/airflow/example_dags/example_inlet_event_extra.py took 0.502 seconds
[2024-10-21T15:48:31.515+0700] {processor.py:186} INFO - Started process (PID=43934) to work on /Users/punny/Documents/GitHub/NYC-Taxi-ETL-Pipeline/.venv/lib/python3.10/site-packages/airflow/example_dags/example_inlet_event_extra.py
[2024-10-21T15:48:31.520+0700] {processor.py:914} INFO - Processing file /Users/punny/Documents/GitHub/NYC-Taxi-ETL-Pipeline/.venv/lib/python3.10/site-packages/airflow/example_dags/example_inlet_event_extra.py for tasks to queue
[2024-10-21T15:48:31.521+0700] {logging_mixin.py:190} INFO - [2024-10-21T15:48:31.521+0700] {dagbag.py:588} INFO - Filling up the DagBag from /Users/punny/Documents/GitHub/NYC-Taxi-ETL-Pipeline/.venv/lib/python3.10/site-packages/airflow/example_dags/example_inlet_event_extra.py
[2024-10-21T15:48:31.668+0700] {processor.py:925} INFO - DAG(s) 'read_dataset_event_from_classic', 'read_dataset_event' retrieved from /Users/punny/Documents/GitHub/NYC-Taxi-ETL-Pipeline/.venv/lib/python3.10/site-packages/airflow/example_dags/example_inlet_event_extra.py
[2024-10-21T15:48:31.923+0700] {logging_mixin.py:190} INFO - [2024-10-21T15:48:31.923+0700] {dag.py:3239} INFO - Sync 2 DAGs
[2024-10-21T15:48:31.956+0700] {logging_mixin.py:190} INFO - [2024-10-21T15:48:31.955+0700] {dag.py:4180} INFO - Setting next_dagrun for read_dataset_event to 2024-10-20 00:00:00+00:00, run_after=2024-10-21 00:00:00+00:00
[2024-10-21T15:48:31.964+0700] {logging_mixin.py:190} INFO - [2024-10-21T15:48:31.964+0700] {dag.py:4180} INFO - Setting next_dagrun for read_dataset_event_from_classic to 2024-10-20 00:00:00+00:00, run_after=2024-10-21 00:00:00+00:00
[2024-10-21T15:48:31.991+0700] {processor.py:208} INFO - Processing /Users/punny/Documents/GitHub/NYC-Taxi-ETL-Pipeline/.venv/lib/python3.10/site-packages/airflow/example_dags/example_inlet_event_extra.py took 0.486 seconds
[2024-10-21T15:52:30.464+0700] {processor.py:186} INFO - Started process (PID=44474) to work on /Users/punny/Documents/GitHub/NYC-Taxi-ETL-Pipeline/.venv/lib/python3.10/site-packages/airflow/example_dags/example_inlet_event_extra.py
[2024-10-21T15:52:30.469+0700] {processor.py:914} INFO - Processing file /Users/punny/Documents/GitHub/NYC-Taxi-ETL-Pipeline/.venv/lib/python3.10/site-packages/airflow/example_dags/example_inlet_event_extra.py for tasks to queue
[2024-10-21T15:52:30.471+0700] {logging_mixin.py:190} INFO - [2024-10-21T15:52:30.470+0700] {dagbag.py:588} INFO - Filling up the DagBag from /Users/punny/Documents/GitHub/NYC-Taxi-ETL-Pipeline/.venv/lib/python3.10/site-packages/airflow/example_dags/example_inlet_event_extra.py
[2024-10-21T15:52:30.597+0700] {processor.py:925} INFO - DAG(s) 'read_dataset_event', 'read_dataset_event_from_classic' retrieved from /Users/punny/Documents/GitHub/NYC-Taxi-ETL-Pipeline/.venv/lib/python3.10/site-packages/airflow/example_dags/example_inlet_event_extra.py
[2024-10-21T15:52:30.887+0700] {logging_mixin.py:190} INFO - [2024-10-21T15:52:30.887+0700] {dag.py:3239} INFO - Sync 2 DAGs
[2024-10-21T15:52:30.920+0700] {logging_mixin.py:190} INFO - [2024-10-21T15:52:30.920+0700] {dag.py:4180} INFO - Setting next_dagrun for read_dataset_event to 2024-10-20 00:00:00+00:00, run_after=2024-10-21 00:00:00+00:00
[2024-10-21T15:52:30.929+0700] {logging_mixin.py:190} INFO - [2024-10-21T15:52:30.929+0700] {dag.py:4180} INFO - Setting next_dagrun for read_dataset_event_from_classic to 2024-10-20 00:00:00+00:00, run_after=2024-10-21 00:00:00+00:00
[2024-10-21T15:52:30.967+0700] {processor.py:208} INFO - Processing /Users/punny/Documents/GitHub/NYC-Taxi-ETL-Pipeline/.venv/lib/python3.10/site-packages/airflow/example_dags/example_inlet_event_extra.py took 0.516 seconds
[2024-10-21T15:56:29.880+0700] {processor.py:186} INFO - Started process (PID=44968) to work on /Users/punny/Documents/GitHub/NYC-Taxi-ETL-Pipeline/.venv/lib/python3.10/site-packages/airflow/example_dags/example_inlet_event_extra.py
[2024-10-21T15:56:29.888+0700] {processor.py:914} INFO - Processing file /Users/punny/Documents/GitHub/NYC-Taxi-ETL-Pipeline/.venv/lib/python3.10/site-packages/airflow/example_dags/example_inlet_event_extra.py for tasks to queue
[2024-10-21T15:56:29.890+0700] {logging_mixin.py:190} INFO - [2024-10-21T15:56:29.890+0700] {dagbag.py:588} INFO - Filling up the DagBag from /Users/punny/Documents/GitHub/NYC-Taxi-ETL-Pipeline/.venv/lib/python3.10/site-packages/airflow/example_dags/example_inlet_event_extra.py
[2024-10-21T15:56:30.093+0700] {processor.py:925} INFO - DAG(s) 'read_dataset_event', 'read_dataset_event_from_classic' retrieved from /Users/punny/Documents/GitHub/NYC-Taxi-ETL-Pipeline/.venv/lib/python3.10/site-packages/airflow/example_dags/example_inlet_event_extra.py
[2024-10-21T15:56:30.442+0700] {logging_mixin.py:190} INFO - [2024-10-21T15:56:30.442+0700] {dag.py:3239} INFO - Sync 2 DAGs
[2024-10-21T15:56:30.497+0700] {logging_mixin.py:190} INFO - [2024-10-21T15:56:30.496+0700] {dag.py:4180} INFO - Setting next_dagrun for read_dataset_event to 2024-10-20 00:00:00+00:00, run_after=2024-10-21 00:00:00+00:00
[2024-10-21T15:56:30.509+0700] {logging_mixin.py:190} INFO - [2024-10-21T15:56:30.509+0700] {dag.py:4180} INFO - Setting next_dagrun for read_dataset_event_from_classic to 2024-10-20 00:00:00+00:00, run_after=2024-10-21 00:00:00+00:00
[2024-10-21T15:56:30.569+0700] {processor.py:208} INFO - Processing /Users/punny/Documents/GitHub/NYC-Taxi-ETL-Pipeline/.venv/lib/python3.10/site-packages/airflow/example_dags/example_inlet_event_extra.py took 0.698 seconds
[2024-10-21T16:00:45.353+0700] {processor.py:186} INFO - Started process (PID=45556) to work on /Users/punny/Documents/GitHub/NYC-Taxi-ETL-Pipeline/.venv/lib/python3.10/site-packages/airflow/example_dags/example_inlet_event_extra.py
[2024-10-21T16:00:45.358+0700] {processor.py:914} INFO - Processing file /Users/punny/Documents/GitHub/NYC-Taxi-ETL-Pipeline/.venv/lib/python3.10/site-packages/airflow/example_dags/example_inlet_event_extra.py for tasks to queue
[2024-10-21T16:00:45.361+0700] {logging_mixin.py:190} INFO - [2024-10-21T16:00:45.360+0700] {dagbag.py:588} INFO - Filling up the DagBag from /Users/punny/Documents/GitHub/NYC-Taxi-ETL-Pipeline/.venv/lib/python3.10/site-packages/airflow/example_dags/example_inlet_event_extra.py
[2024-10-21T16:00:45.509+0700] {processor.py:925} INFO - DAG(s) 'read_dataset_event', 'read_dataset_event_from_classic' retrieved from /Users/punny/Documents/GitHub/NYC-Taxi-ETL-Pipeline/.venv/lib/python3.10/site-packages/airflow/example_dags/example_inlet_event_extra.py
[2024-10-21T16:00:45.821+0700] {logging_mixin.py:190} INFO - [2024-10-21T16:00:45.821+0700] {dag.py:3239} INFO - Sync 2 DAGs
[2024-10-21T16:00:45.856+0700] {logging_mixin.py:190} INFO - [2024-10-21T16:00:45.856+0700] {dag.py:4180} INFO - Setting next_dagrun for read_dataset_event to 2024-10-20 00:00:00+00:00, run_after=2024-10-21 00:00:00+00:00
[2024-10-21T16:00:45.864+0700] {logging_mixin.py:190} INFO - [2024-10-21T16:00:45.863+0700] {dag.py:4180} INFO - Setting next_dagrun for read_dataset_event_from_classic to 2024-10-20 00:00:00+00:00, run_after=2024-10-21 00:00:00+00:00
[2024-10-21T16:00:45.891+0700] {processor.py:208} INFO - Processing /Users/punny/Documents/GitHub/NYC-Taxi-ETL-Pipeline/.venv/lib/python3.10/site-packages/airflow/example_dags/example_inlet_event_extra.py took 0.549 seconds
[2024-10-21T16:04:52.900+0700] {processor.py:186} INFO - Started process (PID=46068) to work on /Users/punny/Documents/GitHub/NYC-Taxi-ETL-Pipeline/.venv/lib/python3.10/site-packages/airflow/example_dags/example_inlet_event_extra.py
[2024-10-21T16:04:52.905+0700] {processor.py:914} INFO - Processing file /Users/punny/Documents/GitHub/NYC-Taxi-ETL-Pipeline/.venv/lib/python3.10/site-packages/airflow/example_dags/example_inlet_event_extra.py for tasks to queue
[2024-10-21T16:04:52.906+0700] {logging_mixin.py:190} INFO - [2024-10-21T16:04:52.906+0700] {dagbag.py:588} INFO - Filling up the DagBag from /Users/punny/Documents/GitHub/NYC-Taxi-ETL-Pipeline/.venv/lib/python3.10/site-packages/airflow/example_dags/example_inlet_event_extra.py
[2024-10-21T16:04:53.016+0700] {processor.py:925} INFO - DAG(s) 'read_dataset_event', 'read_dataset_event_from_classic' retrieved from /Users/punny/Documents/GitHub/NYC-Taxi-ETL-Pipeline/.venv/lib/python3.10/site-packages/airflow/example_dags/example_inlet_event_extra.py
[2024-10-21T16:04:53.201+0700] {logging_mixin.py:190} INFO - [2024-10-21T16:04:53.201+0700] {dag.py:3239} INFO - Sync 2 DAGs
[2024-10-21T16:04:53.224+0700] {logging_mixin.py:190} INFO - [2024-10-21T16:04:53.224+0700] {dag.py:4180} INFO - Setting next_dagrun for read_dataset_event to 2024-10-20 00:00:00+00:00, run_after=2024-10-21 00:00:00+00:00
[2024-10-21T16:04:53.231+0700] {logging_mixin.py:190} INFO - [2024-10-21T16:04:53.230+0700] {dag.py:4180} INFO - Setting next_dagrun for read_dataset_event_from_classic to 2024-10-20 00:00:00+00:00, run_after=2024-10-21 00:00:00+00:00
[2024-10-21T16:04:53.252+0700] {processor.py:208} INFO - Processing /Users/punny/Documents/GitHub/NYC-Taxi-ETL-Pipeline/.venv/lib/python3.10/site-packages/airflow/example_dags/example_inlet_event_extra.py took 0.361 seconds
[2024-10-21T20:38:47.429+0700] {processor.py:186} INFO - Started process (PID=4418) to work on /Users/punny/Documents/GitHub/NYC-Taxi-ETL-Pipeline/.venv/lib/python3.10/site-packages/airflow/example_dags/example_inlet_event_extra.py
[2024-10-21T20:38:47.431+0700] {processor.py:914} INFO - Processing file /Users/punny/Documents/GitHub/NYC-Taxi-ETL-Pipeline/.venv/lib/python3.10/site-packages/airflow/example_dags/example_inlet_event_extra.py for tasks to queue
[2024-10-21T20:38:47.432+0700] {logging_mixin.py:190} INFO - [2024-10-21T20:38:47.432+0700] {dagbag.py:588} INFO - Filling up the DagBag from /Users/punny/Documents/GitHub/NYC-Taxi-ETL-Pipeline/.venv/lib/python3.10/site-packages/airflow/example_dags/example_inlet_event_extra.py
[2024-10-21T20:38:47.519+0700] {processor.py:925} INFO - DAG(s) 'read_dataset_event_from_classic', 'read_dataset_event' retrieved from /Users/punny/Documents/GitHub/NYC-Taxi-ETL-Pipeline/.venv/lib/python3.10/site-packages/airflow/example_dags/example_inlet_event_extra.py
[2024-10-21T20:38:47.701+0700] {logging_mixin.py:190} INFO - [2024-10-21T20:38:47.701+0700] {dag.py:3239} INFO - Sync 2 DAGs
[2024-10-21T20:38:47.723+0700] {logging_mixin.py:190} INFO - [2024-10-21T20:38:47.723+0700] {dag.py:4180} INFO - Setting next_dagrun for read_dataset_event to 2024-10-20 00:00:00+00:00, run_after=2024-10-21 00:00:00+00:00
[2024-10-21T20:38:47.728+0700] {logging_mixin.py:190} INFO - [2024-10-21T20:38:47.728+0700] {dag.py:4180} INFO - Setting next_dagrun for read_dataset_event_from_classic to 2024-10-20 00:00:00+00:00, run_after=2024-10-21 00:00:00+00:00
[2024-10-21T20:38:47.747+0700] {processor.py:208} INFO - Processing /Users/punny/Documents/GitHub/NYC-Taxi-ETL-Pipeline/.venv/lib/python3.10/site-packages/airflow/example_dags/example_inlet_event_extra.py took 0.325 seconds
[2024-10-21T20:42:13.225+0700] {processor.py:186} INFO - Started process (PID=4697) to work on /Users/punny/Documents/GitHub/NYC-Taxi-ETL-Pipeline/.venv/lib/python3.10/site-packages/airflow/example_dags/example_inlet_event_extra.py
[2024-10-21T20:42:13.229+0700] {processor.py:914} INFO - Processing file /Users/punny/Documents/GitHub/NYC-Taxi-ETL-Pipeline/.venv/lib/python3.10/site-packages/airflow/example_dags/example_inlet_event_extra.py for tasks to queue
[2024-10-21T20:42:13.231+0700] {logging_mixin.py:190} INFO - [2024-10-21T20:42:13.231+0700] {dagbag.py:588} INFO - Filling up the DagBag from /Users/punny/Documents/GitHub/NYC-Taxi-ETL-Pipeline/.venv/lib/python3.10/site-packages/airflow/example_dags/example_inlet_event_extra.py
[2024-10-21T20:42:13.375+0700] {processor.py:925} INFO - DAG(s) 'read_dataset_event', 'read_dataset_event_from_classic' retrieved from /Users/punny/Documents/GitHub/NYC-Taxi-ETL-Pipeline/.venv/lib/python3.10/site-packages/airflow/example_dags/example_inlet_event_extra.py
[2024-10-21T20:42:13.607+0700] {logging_mixin.py:190} INFO - [2024-10-21T20:42:13.607+0700] {dag.py:3239} INFO - Sync 2 DAGs
[2024-10-21T20:42:13.640+0700] {logging_mixin.py:190} INFO - [2024-10-21T20:42:13.639+0700] {dag.py:4180} INFO - Setting next_dagrun for read_dataset_event to 2024-10-20 00:00:00+00:00, run_after=2024-10-21 00:00:00+00:00
[2024-10-21T20:42:13.648+0700] {logging_mixin.py:190} INFO - [2024-10-21T20:42:13.648+0700] {dag.py:4180} INFO - Setting next_dagrun for read_dataset_event_from_classic to 2024-10-20 00:00:00+00:00, run_after=2024-10-21 00:00:00+00:00
[2024-10-21T20:42:13.674+0700] {processor.py:208} INFO - Processing /Users/punny/Documents/GitHub/NYC-Taxi-ETL-Pipeline/.venv/lib/python3.10/site-packages/airflow/example_dags/example_inlet_event_extra.py took 0.458 seconds
[2024-10-21T20:46:12.413+0700] {processor.py:186} INFO - Started process (PID=5077) to work on /Users/punny/Documents/GitHub/NYC-Taxi-ETL-Pipeline/.venv/lib/python3.10/site-packages/airflow/example_dags/example_inlet_event_extra.py
[2024-10-21T20:46:12.418+0700] {processor.py:914} INFO - Processing file /Users/punny/Documents/GitHub/NYC-Taxi-ETL-Pipeline/.venv/lib/python3.10/site-packages/airflow/example_dags/example_inlet_event_extra.py for tasks to queue
[2024-10-21T20:46:12.420+0700] {logging_mixin.py:190} INFO - [2024-10-21T20:46:12.419+0700] {dagbag.py:588} INFO - Filling up the DagBag from /Users/punny/Documents/GitHub/NYC-Taxi-ETL-Pipeline/.venv/lib/python3.10/site-packages/airflow/example_dags/example_inlet_event_extra.py
[2024-10-21T20:46:12.567+0700] {processor.py:925} INFO - DAG(s) 'read_dataset_event_from_classic', 'read_dataset_event' retrieved from /Users/punny/Documents/GitHub/NYC-Taxi-ETL-Pipeline/.venv/lib/python3.10/site-packages/airflow/example_dags/example_inlet_event_extra.py
[2024-10-21T20:46:12.802+0700] {logging_mixin.py:190} INFO - [2024-10-21T20:46:12.801+0700] {dag.py:3239} INFO - Sync 2 DAGs
[2024-10-21T20:46:12.834+0700] {logging_mixin.py:190} INFO - [2024-10-21T20:46:12.834+0700] {dag.py:4180} INFO - Setting next_dagrun for read_dataset_event to 2024-10-20 00:00:00+00:00, run_after=2024-10-21 00:00:00+00:00
[2024-10-21T20:46:12.842+0700] {logging_mixin.py:190} INFO - [2024-10-21T20:46:12.842+0700] {dag.py:4180} INFO - Setting next_dagrun for read_dataset_event_from_classic to 2024-10-20 00:00:00+00:00, run_after=2024-10-21 00:00:00+00:00
[2024-10-21T20:46:12.868+0700] {processor.py:208} INFO - Processing /Users/punny/Documents/GitHub/NYC-Taxi-ETL-Pipeline/.venv/lib/python3.10/site-packages/airflow/example_dags/example_inlet_event_extra.py took 0.466 seconds
[2024-10-21T20:50:03.228+0700] {processor.py:186} INFO - Started process (PID=5443) to work on /Users/punny/Documents/GitHub/NYC-Taxi-ETL-Pipeline/.venv/lib/python3.10/site-packages/airflow/example_dags/example_inlet_event_extra.py
[2024-10-21T20:50:03.237+0700] {processor.py:914} INFO - Processing file /Users/punny/Documents/GitHub/NYC-Taxi-ETL-Pipeline/.venv/lib/python3.10/site-packages/airflow/example_dags/example_inlet_event_extra.py for tasks to queue
[2024-10-21T20:50:03.239+0700] {logging_mixin.py:190} INFO - [2024-10-21T20:50:03.238+0700] {dagbag.py:588} INFO - Filling up the DagBag from /Users/punny/Documents/GitHub/NYC-Taxi-ETL-Pipeline/.venv/lib/python3.10/site-packages/airflow/example_dags/example_inlet_event_extra.py
[2024-10-21T20:50:03.384+0700] {processor.py:925} INFO - DAG(s) 'read_dataset_event', 'read_dataset_event_from_classic' retrieved from /Users/punny/Documents/GitHub/NYC-Taxi-ETL-Pipeline/.venv/lib/python3.10/site-packages/airflow/example_dags/example_inlet_event_extra.py
[2024-10-21T20:50:03.616+0700] {logging_mixin.py:190} INFO - [2024-10-21T20:50:03.616+0700] {dag.py:3239} INFO - Sync 2 DAGs
[2024-10-21T20:50:03.644+0700] {logging_mixin.py:190} INFO - [2024-10-21T20:50:03.644+0700] {dag.py:4180} INFO - Setting next_dagrun for read_dataset_event to 2024-10-20 00:00:00+00:00, run_after=2024-10-21 00:00:00+00:00
[2024-10-21T20:50:03.651+0700] {logging_mixin.py:190} INFO - [2024-10-21T20:50:03.651+0700] {dag.py:4180} INFO - Setting next_dagrun for read_dataset_event_from_classic to 2024-10-20 00:00:00+00:00, run_after=2024-10-21 00:00:00+00:00
[2024-10-21T20:50:03.674+0700] {processor.py:208} INFO - Processing /Users/punny/Documents/GitHub/NYC-Taxi-ETL-Pipeline/.venv/lib/python3.10/site-packages/airflow/example_dags/example_inlet_event_extra.py took 0.459 seconds
[2024-10-21T20:57:58.708+0700] {processor.py:186} INFO - Started process (PID=6317) to work on /Users/punny/Documents/GitHub/NYC-Taxi-ETL-Pipeline/.venv/lib/python3.10/site-packages/airflow/example_dags/example_inlet_event_extra.py
[2024-10-21T20:57:58.711+0700] {processor.py:914} INFO - Processing file /Users/punny/Documents/GitHub/NYC-Taxi-ETL-Pipeline/.venv/lib/python3.10/site-packages/airflow/example_dags/example_inlet_event_extra.py for tasks to queue
[2024-10-21T20:57:58.713+0700] {logging_mixin.py:190} INFO - [2024-10-21T20:57:58.712+0700] {dagbag.py:588} INFO - Filling up the DagBag from /Users/punny/Documents/GitHub/NYC-Taxi-ETL-Pipeline/.venv/lib/python3.10/site-packages/airflow/example_dags/example_inlet_event_extra.py
[2024-10-21T20:57:58.839+0700] {processor.py:925} INFO - DAG(s) 'read_dataset_event', 'read_dataset_event_from_classic' retrieved from /Users/punny/Documents/GitHub/NYC-Taxi-ETL-Pipeline/.venv/lib/python3.10/site-packages/airflow/example_dags/example_inlet_event_extra.py
[2024-10-21T20:57:59.059+0700] {logging_mixin.py:190} INFO - [2024-10-21T20:57:59.059+0700] {dag.py:3239} INFO - Sync 2 DAGs
[2024-10-21T20:57:59.088+0700] {logging_mixin.py:190} INFO - [2024-10-21T20:57:59.088+0700] {dag.py:4180} INFO - Setting next_dagrun for read_dataset_event to 2024-10-20 00:00:00+00:00, run_after=2024-10-21 00:00:00+00:00
[2024-10-21T20:57:59.095+0700] {logging_mixin.py:190} INFO - [2024-10-21T20:57:59.095+0700] {dag.py:4180} INFO - Setting next_dagrun for read_dataset_event_from_classic to 2024-10-20 00:00:00+00:00, run_after=2024-10-21 00:00:00+00:00
[2024-10-21T20:57:59.120+0700] {processor.py:208} INFO - Processing /Users/punny/Documents/GitHub/NYC-Taxi-ETL-Pipeline/.venv/lib/python3.10/site-packages/airflow/example_dags/example_inlet_event_extra.py took 0.420 seconds
[2024-10-21T21:02:13.093+0700] {processor.py:186} INFO - Started process (PID=6553) to work on /Users/punny/Documents/GitHub/NYC-Taxi-ETL-Pipeline/.venv/lib/python3.10/site-packages/airflow/example_dags/example_inlet_event_extra.py
[2024-10-21T21:02:13.096+0700] {processor.py:914} INFO - Processing file /Users/punny/Documents/GitHub/NYC-Taxi-ETL-Pipeline/.venv/lib/python3.10/site-packages/airflow/example_dags/example_inlet_event_extra.py for tasks to queue
[2024-10-21T21:02:13.098+0700] {logging_mixin.py:190} INFO - [2024-10-21T21:02:13.097+0700] {dagbag.py:588} INFO - Filling up the DagBag from /Users/punny/Documents/GitHub/NYC-Taxi-ETL-Pipeline/.venv/lib/python3.10/site-packages/airflow/example_dags/example_inlet_event_extra.py
[2024-10-21T21:02:13.226+0700] {processor.py:925} INFO - DAG(s) 'read_dataset_event_from_classic', 'read_dataset_event' retrieved from /Users/punny/Documents/GitHub/NYC-Taxi-ETL-Pipeline/.venv/lib/python3.10/site-packages/airflow/example_dags/example_inlet_event_extra.py
[2024-10-21T21:02:13.474+0700] {logging_mixin.py:190} INFO - [2024-10-21T21:02:13.473+0700] {dag.py:3239} INFO - Sync 2 DAGs
[2024-10-21T21:02:13.507+0700] {logging_mixin.py:190} INFO - [2024-10-21T21:02:13.507+0700] {dag.py:4180} INFO - Setting next_dagrun for read_dataset_event to 2024-10-20 00:00:00+00:00, run_after=2024-10-21 00:00:00+00:00
[2024-10-21T21:02:13.515+0700] {logging_mixin.py:190} INFO - [2024-10-21T21:02:13.514+0700] {dag.py:4180} INFO - Setting next_dagrun for read_dataset_event_from_classic to 2024-10-20 00:00:00+00:00, run_after=2024-10-21 00:00:00+00:00
[2024-10-21T21:02:13.538+0700] {processor.py:208} INFO - Processing /Users/punny/Documents/GitHub/NYC-Taxi-ETL-Pipeline/.venv/lib/python3.10/site-packages/airflow/example_dags/example_inlet_event_extra.py took 0.455 seconds
[2024-10-21T21:05:46.426+0700] {processor.py:186} INFO - Started process (PID=6885) to work on /Users/punny/Documents/GitHub/NYC-Taxi-ETL-Pipeline/.venv/lib/python3.10/site-packages/airflow/example_dags/example_inlet_event_extra.py
[2024-10-21T21:05:46.430+0700] {processor.py:914} INFO - Processing file /Users/punny/Documents/GitHub/NYC-Taxi-ETL-Pipeline/.venv/lib/python3.10/site-packages/airflow/example_dags/example_inlet_event_extra.py for tasks to queue
[2024-10-21T21:05:46.432+0700] {logging_mixin.py:190} INFO - [2024-10-21T21:05:46.431+0700] {dagbag.py:588} INFO - Filling up the DagBag from /Users/punny/Documents/GitHub/NYC-Taxi-ETL-Pipeline/.venv/lib/python3.10/site-packages/airflow/example_dags/example_inlet_event_extra.py
[2024-10-21T21:05:46.534+0700] {processor.py:925} INFO - DAG(s) 'read_dataset_event', 'read_dataset_event_from_classic' retrieved from /Users/punny/Documents/GitHub/NYC-Taxi-ETL-Pipeline/.venv/lib/python3.10/site-packages/airflow/example_dags/example_inlet_event_extra.py
[2024-10-21T21:05:46.716+0700] {logging_mixin.py:190} INFO - [2024-10-21T21:05:46.716+0700] {dag.py:3239} INFO - Sync 2 DAGs
[2024-10-21T21:05:46.740+0700] {logging_mixin.py:190} INFO - [2024-10-21T21:05:46.739+0700] {dag.py:4180} INFO - Setting next_dagrun for read_dataset_event to 2024-10-20 00:00:00+00:00, run_after=2024-10-21 00:00:00+00:00
[2024-10-21T21:05:46.745+0700] {logging_mixin.py:190} INFO - [2024-10-21T21:05:46.745+0700] {dag.py:4180} INFO - Setting next_dagrun for read_dataset_event_from_classic to 2024-10-20 00:00:00+00:00, run_after=2024-10-21 00:00:00+00:00
[2024-10-21T21:05:46.765+0700] {processor.py:208} INFO - Processing /Users/punny/Documents/GitHub/NYC-Taxi-ETL-Pipeline/.venv/lib/python3.10/site-packages/airflow/example_dags/example_inlet_event_extra.py took 0.346 seconds
[2024-10-21T21:09:32.976+0700] {processor.py:186} INFO - Started process (PID=7150) to work on /Users/punny/Documents/GitHub/NYC-Taxi-ETL-Pipeline/.venv/lib/python3.10/site-packages/airflow/example_dags/example_inlet_event_extra.py
[2024-10-21T21:09:32.981+0700] {processor.py:914} INFO - Processing file /Users/punny/Documents/GitHub/NYC-Taxi-ETL-Pipeline/.venv/lib/python3.10/site-packages/airflow/example_dags/example_inlet_event_extra.py for tasks to queue
[2024-10-21T21:09:32.982+0700] {logging_mixin.py:190} INFO - [2024-10-21T21:09:32.981+0700] {dagbag.py:588} INFO - Filling up the DagBag from /Users/punny/Documents/GitHub/NYC-Taxi-ETL-Pipeline/.venv/lib/python3.10/site-packages/airflow/example_dags/example_inlet_event_extra.py
[2024-10-21T21:09:33.088+0700] {processor.py:925} INFO - DAG(s) 'read_dataset_event_from_classic', 'read_dataset_event' retrieved from /Users/punny/Documents/GitHub/NYC-Taxi-ETL-Pipeline/.venv/lib/python3.10/site-packages/airflow/example_dags/example_inlet_event_extra.py
[2024-10-21T21:09:33.273+0700] {logging_mixin.py:190} INFO - [2024-10-21T21:09:33.273+0700] {dag.py:3239} INFO - Sync 2 DAGs
[2024-10-21T21:09:33.297+0700] {logging_mixin.py:190} INFO - [2024-10-21T21:09:33.297+0700] {dag.py:4180} INFO - Setting next_dagrun for read_dataset_event to 2024-10-20 00:00:00+00:00, run_after=2024-10-21 00:00:00+00:00
[2024-10-21T21:09:33.303+0700] {logging_mixin.py:190} INFO - [2024-10-21T21:09:33.303+0700] {dag.py:4180} INFO - Setting next_dagrun for read_dataset_event_from_classic to 2024-10-20 00:00:00+00:00, run_after=2024-10-21 00:00:00+00:00
[2024-10-21T21:09:33.322+0700] {processor.py:208} INFO - Processing /Users/punny/Documents/GitHub/NYC-Taxi-ETL-Pipeline/.venv/lib/python3.10/site-packages/airflow/example_dags/example_inlet_event_extra.py took 0.353 seconds
[2024-10-21T21:12:29.976+0700] {processor.py:186} INFO - Started process (PID=7361) to work on /Users/punny/Documents/GitHub/NYC-Taxi-ETL-Pipeline/.venv/lib/python3.10/site-packages/airflow/example_dags/example_inlet_event_extra.py
[2024-10-21T21:12:29.979+0700] {processor.py:914} INFO - Processing file /Users/punny/Documents/GitHub/NYC-Taxi-ETL-Pipeline/.venv/lib/python3.10/site-packages/airflow/example_dags/example_inlet_event_extra.py for tasks to queue
[2024-10-21T21:12:29.980+0700] {logging_mixin.py:190} INFO - [2024-10-21T21:12:29.980+0700] {dagbag.py:588} INFO - Filling up the DagBag from /Users/punny/Documents/GitHub/NYC-Taxi-ETL-Pipeline/.venv/lib/python3.10/site-packages/airflow/example_dags/example_inlet_event_extra.py
[2024-10-21T21:12:30.150+0700] {processor.py:925} INFO - DAG(s) 'read_dataset_event_from_classic', 'read_dataset_event' retrieved from /Users/punny/Documents/GitHub/NYC-Taxi-ETL-Pipeline/.venv/lib/python3.10/site-packages/airflow/example_dags/example_inlet_event_extra.py
[2024-10-21T21:12:30.376+0700] {logging_mixin.py:190} INFO - [2024-10-21T21:12:30.376+0700] {dag.py:3239} INFO - Sync 2 DAGs
[2024-10-21T21:12:30.408+0700] {logging_mixin.py:190} INFO - [2024-10-21T21:12:30.408+0700] {dag.py:4180} INFO - Setting next_dagrun for read_dataset_event to 2024-10-20 00:00:00+00:00, run_after=2024-10-21 00:00:00+00:00
[2024-10-21T21:12:30.414+0700] {logging_mixin.py:190} INFO - [2024-10-21T21:12:30.413+0700] {dag.py:4180} INFO - Setting next_dagrun for read_dataset_event_from_classic to 2024-10-20 00:00:00+00:00, run_after=2024-10-21 00:00:00+00:00
[2024-10-21T21:12:30.433+0700] {processor.py:208} INFO - Processing /Users/punny/Documents/GitHub/NYC-Taxi-ETL-Pipeline/.venv/lib/python3.10/site-packages/airflow/example_dags/example_inlet_event_extra.py took 0.465 seconds
[2024-10-21T21:15:40.446+0700] {processor.py:186} INFO - Started process (PID=7761) to work on /Users/punny/Documents/GitHub/NYC-Taxi-ETL-Pipeline/.venv/lib/python3.10/site-packages/airflow/example_dags/example_inlet_event_extra.py
[2024-10-21T21:15:40.449+0700] {processor.py:914} INFO - Processing file /Users/punny/Documents/GitHub/NYC-Taxi-ETL-Pipeline/.venv/lib/python3.10/site-packages/airflow/example_dags/example_inlet_event_extra.py for tasks to queue
[2024-10-21T21:15:40.450+0700] {logging_mixin.py:190} INFO - [2024-10-21T21:15:40.450+0700] {dagbag.py:588} INFO - Filling up the DagBag from /Users/punny/Documents/GitHub/NYC-Taxi-ETL-Pipeline/.venv/lib/python3.10/site-packages/airflow/example_dags/example_inlet_event_extra.py
[2024-10-21T21:15:40.551+0700] {processor.py:925} INFO - DAG(s) 'read_dataset_event_from_classic', 'read_dataset_event' retrieved from /Users/punny/Documents/GitHub/NYC-Taxi-ETL-Pipeline/.venv/lib/python3.10/site-packages/airflow/example_dags/example_inlet_event_extra.py
[2024-10-21T21:15:40.741+0700] {logging_mixin.py:190} INFO - [2024-10-21T21:15:40.741+0700] {dag.py:3239} INFO - Sync 2 DAGs
[2024-10-21T21:15:40.764+0700] {logging_mixin.py:190} INFO - [2024-10-21T21:15:40.764+0700] {dag.py:4180} INFO - Setting next_dagrun for read_dataset_event to 2024-10-20 00:00:00+00:00, run_after=2024-10-21 00:00:00+00:00
[2024-10-21T21:15:40.769+0700] {logging_mixin.py:190} INFO - [2024-10-21T21:15:40.769+0700] {dag.py:4180} INFO - Setting next_dagrun for read_dataset_event_from_classic to 2024-10-20 00:00:00+00:00, run_after=2024-10-21 00:00:00+00:00
[2024-10-21T21:15:40.788+0700] {processor.py:208} INFO - Processing /Users/punny/Documents/GitHub/NYC-Taxi-ETL-Pipeline/.venv/lib/python3.10/site-packages/airflow/example_dags/example_inlet_event_extra.py took 0.350 seconds
[2024-10-21T21:19:06.150+0700] {processor.py:186} INFO - Started process (PID=7986) to work on /Users/punny/Documents/GitHub/NYC-Taxi-ETL-Pipeline/.venv/lib/python3.10/site-packages/airflow/example_dags/example_inlet_event_extra.py
[2024-10-21T21:19:06.154+0700] {processor.py:914} INFO - Processing file /Users/punny/Documents/GitHub/NYC-Taxi-ETL-Pipeline/.venv/lib/python3.10/site-packages/airflow/example_dags/example_inlet_event_extra.py for tasks to queue
[2024-10-21T21:19:06.155+0700] {logging_mixin.py:190} INFO - [2024-10-21T21:19:06.155+0700] {dagbag.py:588} INFO - Filling up the DagBag from /Users/punny/Documents/GitHub/NYC-Taxi-ETL-Pipeline/.venv/lib/python3.10/site-packages/airflow/example_dags/example_inlet_event_extra.py
[2024-10-21T21:19:06.254+0700] {processor.py:925} INFO - DAG(s) 'read_dataset_event', 'read_dataset_event_from_classic' retrieved from /Users/punny/Documents/GitHub/NYC-Taxi-ETL-Pipeline/.venv/lib/python3.10/site-packages/airflow/example_dags/example_inlet_event_extra.py
[2024-10-21T21:19:06.452+0700] {logging_mixin.py:190} INFO - [2024-10-21T21:19:06.452+0700] {dag.py:3239} INFO - Sync 2 DAGs
[2024-10-21T21:19:06.478+0700] {logging_mixin.py:190} INFO - [2024-10-21T21:19:06.477+0700] {dag.py:4180} INFO - Setting next_dagrun for read_dataset_event to 2024-10-20 00:00:00+00:00, run_after=2024-10-21 00:00:00+00:00
[2024-10-21T21:19:06.484+0700] {logging_mixin.py:190} INFO - [2024-10-21T21:19:06.483+0700] {dag.py:4180} INFO - Setting next_dagrun for read_dataset_event_from_classic to 2024-10-20 00:00:00+00:00, run_after=2024-10-21 00:00:00+00:00
[2024-10-21T21:19:06.506+0700] {processor.py:208} INFO - Processing /Users/punny/Documents/GitHub/NYC-Taxi-ETL-Pipeline/.venv/lib/python3.10/site-packages/airflow/example_dags/example_inlet_event_extra.py took 0.366 seconds
[2024-10-21T21:24:51.179+0700] {processor.py:186} INFO - Started process (PID=8433) to work on /Users/punny/Documents/GitHub/NYC-Taxi-ETL-Pipeline/.venv/lib/python3.10/site-packages/airflow/example_dags/example_inlet_event_extra.py
[2024-10-21T21:24:51.182+0700] {processor.py:914} INFO - Processing file /Users/punny/Documents/GitHub/NYC-Taxi-ETL-Pipeline/.venv/lib/python3.10/site-packages/airflow/example_dags/example_inlet_event_extra.py for tasks to queue
[2024-10-21T21:24:51.184+0700] {logging_mixin.py:190} INFO - [2024-10-21T21:24:51.183+0700] {dagbag.py:588} INFO - Filling up the DagBag from /Users/punny/Documents/GitHub/NYC-Taxi-ETL-Pipeline/.venv/lib/python3.10/site-packages/airflow/example_dags/example_inlet_event_extra.py
[2024-10-21T21:24:51.274+0700] {processor.py:925} INFO - DAG(s) 'read_dataset_event_from_classic', 'read_dataset_event' retrieved from /Users/punny/Documents/GitHub/NYC-Taxi-ETL-Pipeline/.venv/lib/python3.10/site-packages/airflow/example_dags/example_inlet_event_extra.py
[2024-10-21T21:24:51.462+0700] {logging_mixin.py:190} INFO - [2024-10-21T21:24:51.462+0700] {dag.py:3239} INFO - Sync 2 DAGs
[2024-10-21T21:24:51.486+0700] {logging_mixin.py:190} INFO - [2024-10-21T21:24:51.486+0700] {dag.py:4180} INFO - Setting next_dagrun for read_dataset_event to 2024-10-20 00:00:00+00:00, run_after=2024-10-21 00:00:00+00:00
[2024-10-21T21:24:51.492+0700] {logging_mixin.py:190} INFO - [2024-10-21T21:24:51.491+0700] {dag.py:4180} INFO - Setting next_dagrun for read_dataset_event_from_classic to 2024-10-20 00:00:00+00:00, run_after=2024-10-21 00:00:00+00:00
[2024-10-21T21:24:51.511+0700] {processor.py:208} INFO - Processing /Users/punny/Documents/GitHub/NYC-Taxi-ETL-Pipeline/.venv/lib/python3.10/site-packages/airflow/example_dags/example_inlet_event_extra.py took 0.340 seconds
[2024-10-21T21:31:20.053+0700] {processor.py:186} INFO - Started process (PID=9027) to work on /Users/punny/Documents/GitHub/NYC-Taxi-ETL-Pipeline/.venv/lib/python3.10/site-packages/airflow/example_dags/example_inlet_event_extra.py
[2024-10-21T21:31:20.056+0700] {processor.py:914} INFO - Processing file /Users/punny/Documents/GitHub/NYC-Taxi-ETL-Pipeline/.venv/lib/python3.10/site-packages/airflow/example_dags/example_inlet_event_extra.py for tasks to queue
[2024-10-21T21:31:20.057+0700] {logging_mixin.py:190} INFO - [2024-10-21T21:31:20.057+0700] {dagbag.py:588} INFO - Filling up the DagBag from /Users/punny/Documents/GitHub/NYC-Taxi-ETL-Pipeline/.venv/lib/python3.10/site-packages/airflow/example_dags/example_inlet_event_extra.py
[2024-10-21T21:31:20.158+0700] {processor.py:925} INFO - DAG(s) 'read_dataset_event', 'read_dataset_event_from_classic' retrieved from /Users/punny/Documents/GitHub/NYC-Taxi-ETL-Pipeline/.venv/lib/python3.10/site-packages/airflow/example_dags/example_inlet_event_extra.py
[2024-10-21T21:31:20.338+0700] {logging_mixin.py:190} INFO - [2024-10-21T21:31:20.337+0700] {dag.py:3239} INFO - Sync 2 DAGs
[2024-10-21T21:31:20.361+0700] {logging_mixin.py:190} INFO - [2024-10-21T21:31:20.360+0700] {dag.py:4180} INFO - Setting next_dagrun for read_dataset_event to 2024-10-20 00:00:00+00:00, run_after=2024-10-21 00:00:00+00:00
[2024-10-21T21:31:20.366+0700] {logging_mixin.py:190} INFO - [2024-10-21T21:31:20.365+0700] {dag.py:4180} INFO - Setting next_dagrun for read_dataset_event_from_classic to 2024-10-20 00:00:00+00:00, run_after=2024-10-21 00:00:00+00:00
[2024-10-21T21:31:20.384+0700] {processor.py:208} INFO - Processing /Users/punny/Documents/GitHub/NYC-Taxi-ETL-Pipeline/.venv/lib/python3.10/site-packages/airflow/example_dags/example_inlet_event_extra.py took 0.339 seconds
[2024-10-21T21:37:06.597+0700] {processor.py:186} INFO - Started process (PID=9469) to work on /Users/punny/Documents/GitHub/NYC-Taxi-ETL-Pipeline/.venv/lib/python3.10/site-packages/airflow/example_dags/example_inlet_event_extra.py
[2024-10-21T21:37:06.600+0700] {processor.py:914} INFO - Processing file /Users/punny/Documents/GitHub/NYC-Taxi-ETL-Pipeline/.venv/lib/python3.10/site-packages/airflow/example_dags/example_inlet_event_extra.py for tasks to queue
[2024-10-21T21:37:06.601+0700] {logging_mixin.py:190} INFO - [2024-10-21T21:37:06.601+0700] {dagbag.py:588} INFO - Filling up the DagBag from /Users/punny/Documents/GitHub/NYC-Taxi-ETL-Pipeline/.venv/lib/python3.10/site-packages/airflow/example_dags/example_inlet_event_extra.py
[2024-10-21T21:37:06.690+0700] {processor.py:925} INFO - DAG(s) 'read_dataset_event_from_classic', 'read_dataset_event' retrieved from /Users/punny/Documents/GitHub/NYC-Taxi-ETL-Pipeline/.venv/lib/python3.10/site-packages/airflow/example_dags/example_inlet_event_extra.py
[2024-10-21T21:37:06.867+0700] {logging_mixin.py:190} INFO - [2024-10-21T21:37:06.867+0700] {dag.py:3239} INFO - Sync 2 DAGs
[2024-10-21T21:37:06.890+0700] {logging_mixin.py:190} INFO - [2024-10-21T21:37:06.890+0700] {dag.py:4180} INFO - Setting next_dagrun for read_dataset_event to 2024-10-20 00:00:00+00:00, run_after=2024-10-21 00:00:00+00:00
[2024-10-21T21:37:06.895+0700] {logging_mixin.py:190} INFO - [2024-10-21T21:37:06.895+0700] {dag.py:4180} INFO - Setting next_dagrun for read_dataset_event_from_classic to 2024-10-20 00:00:00+00:00, run_after=2024-10-21 00:00:00+00:00
[2024-10-21T21:37:06.913+0700] {processor.py:208} INFO - Processing /Users/punny/Documents/GitHub/NYC-Taxi-ETL-Pipeline/.venv/lib/python3.10/site-packages/airflow/example_dags/example_inlet_event_extra.py took 0.324 seconds
[2024-10-21T21:41:21.134+0700] {processor.py:186} INFO - Started process (PID=9910) to work on /Users/punny/Documents/GitHub/NYC-Taxi-ETL-Pipeline/.venv/lib/python3.10/site-packages/airflow/example_dags/example_inlet_event_extra.py
[2024-10-21T21:41:21.137+0700] {processor.py:914} INFO - Processing file /Users/punny/Documents/GitHub/NYC-Taxi-ETL-Pipeline/.venv/lib/python3.10/site-packages/airflow/example_dags/example_inlet_event_extra.py for tasks to queue
[2024-10-21T21:41:21.138+0700] {logging_mixin.py:190} INFO - [2024-10-21T21:41:21.138+0700] {dagbag.py:588} INFO - Filling up the DagBag from /Users/punny/Documents/GitHub/NYC-Taxi-ETL-Pipeline/.venv/lib/python3.10/site-packages/airflow/example_dags/example_inlet_event_extra.py
[2024-10-21T21:41:21.257+0700] {processor.py:925} INFO - DAG(s) 'read_dataset_event', 'read_dataset_event_from_classic' retrieved from /Users/punny/Documents/GitHub/NYC-Taxi-ETL-Pipeline/.venv/lib/python3.10/site-packages/airflow/example_dags/example_inlet_event_extra.py
[2024-10-21T21:41:21.442+0700] {logging_mixin.py:190} INFO - [2024-10-21T21:41:21.442+0700] {dag.py:3239} INFO - Sync 2 DAGs
[2024-10-21T21:41:21.467+0700] {logging_mixin.py:190} INFO - [2024-10-21T21:41:21.466+0700] {dag.py:4180} INFO - Setting next_dagrun for read_dataset_event to 2024-10-20 00:00:00+00:00, run_after=2024-10-21 00:00:00+00:00
[2024-10-21T21:41:21.472+0700] {logging_mixin.py:190} INFO - [2024-10-21T21:41:21.472+0700] {dag.py:4180} INFO - Setting next_dagrun for read_dataset_event_from_classic to 2024-10-20 00:00:00+00:00, run_after=2024-10-21 00:00:00+00:00
[2024-10-21T21:41:21.492+0700] {processor.py:208} INFO - Processing /Users/punny/Documents/GitHub/NYC-Taxi-ETL-Pipeline/.venv/lib/python3.10/site-packages/airflow/example_dags/example_inlet_event_extra.py took 0.366 seconds
[2024-10-21T21:47:56.647+0700] {processor.py:186} INFO - Started process (PID=10538) to work on /Users/punny/Documents/GitHub/NYC-Taxi-ETL-Pipeline/.venv/lib/python3.10/site-packages/airflow/example_dags/example_inlet_event_extra.py
[2024-10-21T21:47:56.650+0700] {processor.py:914} INFO - Processing file /Users/punny/Documents/GitHub/NYC-Taxi-ETL-Pipeline/.venv/lib/python3.10/site-packages/airflow/example_dags/example_inlet_event_extra.py for tasks to queue
[2024-10-21T21:47:56.651+0700] {logging_mixin.py:190} INFO - [2024-10-21T21:47:56.651+0700] {dagbag.py:588} INFO - Filling up the DagBag from /Users/punny/Documents/GitHub/NYC-Taxi-ETL-Pipeline/.venv/lib/python3.10/site-packages/airflow/example_dags/example_inlet_event_extra.py
[2024-10-21T21:47:56.744+0700] {processor.py:925} INFO - DAG(s) 'read_dataset_event', 'read_dataset_event_from_classic' retrieved from /Users/punny/Documents/GitHub/NYC-Taxi-ETL-Pipeline/.venv/lib/python3.10/site-packages/airflow/example_dags/example_inlet_event_extra.py
[2024-10-21T21:47:56.918+0700] {logging_mixin.py:190} INFO - [2024-10-21T21:47:56.918+0700] {dag.py:3239} INFO - Sync 2 DAGs
[2024-10-21T21:47:56.942+0700] {logging_mixin.py:190} INFO - [2024-10-21T21:47:56.942+0700] {dag.py:4180} INFO - Setting next_dagrun for read_dataset_event to 2024-10-20 00:00:00+00:00, run_after=2024-10-21 00:00:00+00:00
[2024-10-21T21:47:56.947+0700] {logging_mixin.py:190} INFO - [2024-10-21T21:47:56.947+0700] {dag.py:4180} INFO - Setting next_dagrun for read_dataset_event_from_classic to 2024-10-20 00:00:00+00:00, run_after=2024-10-21 00:00:00+00:00
[2024-10-21T21:47:56.966+0700] {processor.py:208} INFO - Processing /Users/punny/Documents/GitHub/NYC-Taxi-ETL-Pipeline/.venv/lib/python3.10/site-packages/airflow/example_dags/example_inlet_event_extra.py took 0.327 seconds
[2024-10-21T21:52:23.233+0700] {processor.py:186} INFO - Started process (PID=10852) to work on /Users/punny/Documents/GitHub/NYC-Taxi-ETL-Pipeline/.venv/lib/python3.10/site-packages/airflow/example_dags/example_inlet_event_extra.py
[2024-10-21T21:52:23.237+0700] {processor.py:914} INFO - Processing file /Users/punny/Documents/GitHub/NYC-Taxi-ETL-Pipeline/.venv/lib/python3.10/site-packages/airflow/example_dags/example_inlet_event_extra.py for tasks to queue
[2024-10-21T21:52:23.238+0700] {logging_mixin.py:190} INFO - [2024-10-21T21:52:23.238+0700] {dagbag.py:588} INFO - Filling up the DagBag from /Users/punny/Documents/GitHub/NYC-Taxi-ETL-Pipeline/.venv/lib/python3.10/site-packages/airflow/example_dags/example_inlet_event_extra.py
[2024-10-21T21:52:23.363+0700] {processor.py:925} INFO - DAG(s) 'read_dataset_event', 'read_dataset_event_from_classic' retrieved from /Users/punny/Documents/GitHub/NYC-Taxi-ETL-Pipeline/.venv/lib/python3.10/site-packages/airflow/example_dags/example_inlet_event_extra.py
[2024-10-21T21:52:23.549+0700] {logging_mixin.py:190} INFO - [2024-10-21T21:52:23.548+0700] {dag.py:3239} INFO - Sync 2 DAGs
[2024-10-21T21:52:23.572+0700] {logging_mixin.py:190} INFO - [2024-10-21T21:52:23.572+0700] {dag.py:4180} INFO - Setting next_dagrun for read_dataset_event to 2024-10-20 00:00:00+00:00, run_after=2024-10-21 00:00:00+00:00
[2024-10-21T21:52:23.578+0700] {logging_mixin.py:190} INFO - [2024-10-21T21:52:23.577+0700] {dag.py:4180} INFO - Setting next_dagrun for read_dataset_event_from_classic to 2024-10-20 00:00:00+00:00, run_after=2024-10-21 00:00:00+00:00
[2024-10-21T21:52:23.596+0700] {processor.py:208} INFO - Processing /Users/punny/Documents/GitHub/NYC-Taxi-ETL-Pipeline/.venv/lib/python3.10/site-packages/airflow/example_dags/example_inlet_event_extra.py took 0.372 seconds
[2024-10-21T21:57:16.052+0700] {processor.py:186} INFO - Started process (PID=11458) to work on /Users/punny/Documents/GitHub/NYC-Taxi-ETL-Pipeline/.venv/lib/python3.10/site-packages/airflow/example_dags/example_inlet_event_extra.py
[2024-10-21T21:57:16.055+0700] {processor.py:914} INFO - Processing file /Users/punny/Documents/GitHub/NYC-Taxi-ETL-Pipeline/.venv/lib/python3.10/site-packages/airflow/example_dags/example_inlet_event_extra.py for tasks to queue
[2024-10-21T21:57:16.056+0700] {logging_mixin.py:190} INFO - [2024-10-21T21:57:16.056+0700] {dagbag.py:588} INFO - Filling up the DagBag from /Users/punny/Documents/GitHub/NYC-Taxi-ETL-Pipeline/.venv/lib/python3.10/site-packages/airflow/example_dags/example_inlet_event_extra.py
[2024-10-21T21:57:16.156+0700] {processor.py:925} INFO - DAG(s) 'read_dataset_event', 'read_dataset_event_from_classic' retrieved from /Users/punny/Documents/GitHub/NYC-Taxi-ETL-Pipeline/.venv/lib/python3.10/site-packages/airflow/example_dags/example_inlet_event_extra.py
[2024-10-21T21:57:16.399+0700] {logging_mixin.py:190} INFO - [2024-10-21T21:57:16.398+0700] {dag.py:3239} INFO - Sync 2 DAGs
[2024-10-21T21:57:16.421+0700] {logging_mixin.py:190} INFO - [2024-10-21T21:57:16.421+0700] {dag.py:4180} INFO - Setting next_dagrun for read_dataset_event to 2024-10-20 00:00:00+00:00, run_after=2024-10-21 00:00:00+00:00
[2024-10-21T21:57:16.426+0700] {logging_mixin.py:190} INFO - [2024-10-21T21:57:16.426+0700] {dag.py:4180} INFO - Setting next_dagrun for read_dataset_event_from_classic to 2024-10-20 00:00:00+00:00, run_after=2024-10-21 00:00:00+00:00
[2024-10-21T21:57:16.444+0700] {processor.py:208} INFO - Processing /Users/punny/Documents/GitHub/NYC-Taxi-ETL-Pipeline/.venv/lib/python3.10/site-packages/airflow/example_dags/example_inlet_event_extra.py took 0.400 seconds
[2024-10-21T22:00:48.158+0700] {processor.py:186} INFO - Started process (PID=11823) to work on /Users/punny/Documents/GitHub/NYC-Taxi-ETL-Pipeline/.venv/lib/python3.10/site-packages/airflow/example_dags/example_inlet_event_extra.py
[2024-10-21T22:00:48.162+0700] {processor.py:914} INFO - Processing file /Users/punny/Documents/GitHub/NYC-Taxi-ETL-Pipeline/.venv/lib/python3.10/site-packages/airflow/example_dags/example_inlet_event_extra.py for tasks to queue
[2024-10-21T22:00:48.163+0700] {logging_mixin.py:190} INFO - [2024-10-21T22:00:48.163+0700] {dagbag.py:588} INFO - Filling up the DagBag from /Users/punny/Documents/GitHub/NYC-Taxi-ETL-Pipeline/.venv/lib/python3.10/site-packages/airflow/example_dags/example_inlet_event_extra.py
[2024-10-21T22:00:48.268+0700] {processor.py:925} INFO - DAG(s) 'read_dataset_event_from_classic', 'read_dataset_event' retrieved from /Users/punny/Documents/GitHub/NYC-Taxi-ETL-Pipeline/.venv/lib/python3.10/site-packages/airflow/example_dags/example_inlet_event_extra.py
[2024-10-21T22:00:48.465+0700] {logging_mixin.py:190} INFO - [2024-10-21T22:00:48.465+0700] {dag.py:3239} INFO - Sync 2 DAGs
[2024-10-21T22:00:48.488+0700] {logging_mixin.py:190} INFO - [2024-10-21T22:00:48.488+0700] {dag.py:4180} INFO - Setting next_dagrun for read_dataset_event to 2024-10-20 00:00:00+00:00, run_after=2024-10-21 00:00:00+00:00
[2024-10-21T22:00:48.494+0700] {logging_mixin.py:190} INFO - [2024-10-21T22:00:48.493+0700] {dag.py:4180} INFO - Setting next_dagrun for read_dataset_event_from_classic to 2024-10-20 00:00:00+00:00, run_after=2024-10-21 00:00:00+00:00
[2024-10-21T22:00:48.513+0700] {processor.py:208} INFO - Processing /Users/punny/Documents/GitHub/NYC-Taxi-ETL-Pipeline/.venv/lib/python3.10/site-packages/airflow/example_dags/example_inlet_event_extra.py took 0.365 seconds
[2024-10-21T22:17:48.646+0700] {processor.py:186} INFO - Started process (PID=12126) to work on /Users/punny/Documents/GitHub/NYC-Taxi-ETL-Pipeline/.venv/lib/python3.10/site-packages/airflow/example_dags/example_inlet_event_extra.py
[2024-10-21T22:17:48.649+0700] {processor.py:914} INFO - Processing file /Users/punny/Documents/GitHub/NYC-Taxi-ETL-Pipeline/.venv/lib/python3.10/site-packages/airflow/example_dags/example_inlet_event_extra.py for tasks to queue
[2024-10-21T22:17:48.650+0700] {logging_mixin.py:190} INFO - [2024-10-21T22:17:48.650+0700] {dagbag.py:588} INFO - Filling up the DagBag from /Users/punny/Documents/GitHub/NYC-Taxi-ETL-Pipeline/.venv/lib/python3.10/site-packages/airflow/example_dags/example_inlet_event_extra.py
[2024-10-21T22:17:48.757+0700] {processor.py:925} INFO - DAG(s) 'read_dataset_event', 'read_dataset_event_from_classic' retrieved from /Users/punny/Documents/GitHub/NYC-Taxi-ETL-Pipeline/.venv/lib/python3.10/site-packages/airflow/example_dags/example_inlet_event_extra.py
[2024-10-21T22:17:48.941+0700] {logging_mixin.py:190} INFO - [2024-10-21T22:17:48.941+0700] {dag.py:3239} INFO - Sync 2 DAGs
[2024-10-21T22:17:48.965+0700] {logging_mixin.py:190} INFO - [2024-10-21T22:17:48.965+0700] {dag.py:4180} INFO - Setting next_dagrun for read_dataset_event to 2024-10-20 00:00:00+00:00, run_after=2024-10-21 00:00:00+00:00
[2024-10-21T22:17:48.970+0700] {logging_mixin.py:190} INFO - [2024-10-21T22:17:48.970+0700] {dag.py:4180} INFO - Setting next_dagrun for read_dataset_event_from_classic to 2024-10-20 00:00:00+00:00, run_after=2024-10-21 00:00:00+00:00
[2024-10-21T22:17:48.990+0700] {processor.py:208} INFO - Processing /Users/punny/Documents/GitHub/NYC-Taxi-ETL-Pipeline/.venv/lib/python3.10/site-packages/airflow/example_dags/example_inlet_event_extra.py took 0.353 seconds
[2024-10-21T22:26:34.838+0700] {processor.py:186} INFO - Started process (PID=13381) to work on /Users/punny/Documents/GitHub/NYC-Taxi-ETL-Pipeline/.venv/lib/python3.10/site-packages/airflow/example_dags/example_inlet_event_extra.py
[2024-10-21T22:26:34.841+0700] {processor.py:914} INFO - Processing file /Users/punny/Documents/GitHub/NYC-Taxi-ETL-Pipeline/.venv/lib/python3.10/site-packages/airflow/example_dags/example_inlet_event_extra.py for tasks to queue
[2024-10-21T22:26:34.842+0700] {logging_mixin.py:190} INFO - [2024-10-21T22:26:34.842+0700] {dagbag.py:588} INFO - Filling up the DagBag from /Users/punny/Documents/GitHub/NYC-Taxi-ETL-Pipeline/.venv/lib/python3.10/site-packages/airflow/example_dags/example_inlet_event_extra.py
[2024-10-21T22:26:34.952+0700] {processor.py:925} INFO - DAG(s) 'read_dataset_event_from_classic', 'read_dataset_event' retrieved from /Users/punny/Documents/GitHub/NYC-Taxi-ETL-Pipeline/.venv/lib/python3.10/site-packages/airflow/example_dags/example_inlet_event_extra.py
[2024-10-21T22:26:35.150+0700] {logging_mixin.py:190} INFO - [2024-10-21T22:26:35.150+0700] {dag.py:3239} INFO - Sync 2 DAGs
[2024-10-21T22:26:35.173+0700] {logging_mixin.py:190} INFO - [2024-10-21T22:26:35.173+0700] {dag.py:4180} INFO - Setting next_dagrun for read_dataset_event to 2024-10-20 00:00:00+00:00, run_after=2024-10-21 00:00:00+00:00
[2024-10-21T22:26:35.181+0700] {logging_mixin.py:190} INFO - [2024-10-21T22:26:35.180+0700] {dag.py:4180} INFO - Setting next_dagrun for read_dataset_event_from_classic to 2024-10-20 00:00:00+00:00, run_after=2024-10-21 00:00:00+00:00
[2024-10-21T22:26:35.200+0700] {processor.py:208} INFO - Processing /Users/punny/Documents/GitHub/NYC-Taxi-ETL-Pipeline/.venv/lib/python3.10/site-packages/airflow/example_dags/example_inlet_event_extra.py took 0.370 seconds
[2024-10-21T22:29:44.935+0700] {processor.py:186} INFO - Started process (PID=13620) to work on /Users/punny/Documents/GitHub/NYC-Taxi-ETL-Pipeline/.venv/lib/python3.10/site-packages/airflow/example_dags/example_inlet_event_extra.py
[2024-10-21T22:29:44.938+0700] {processor.py:914} INFO - Processing file /Users/punny/Documents/GitHub/NYC-Taxi-ETL-Pipeline/.venv/lib/python3.10/site-packages/airflow/example_dags/example_inlet_event_extra.py for tasks to queue
[2024-10-21T22:29:44.939+0700] {logging_mixin.py:190} INFO - [2024-10-21T22:29:44.939+0700] {dagbag.py:588} INFO - Filling up the DagBag from /Users/punny/Documents/GitHub/NYC-Taxi-ETL-Pipeline/.venv/lib/python3.10/site-packages/airflow/example_dags/example_inlet_event_extra.py
[2024-10-21T22:29:45.043+0700] {processor.py:925} INFO - DAG(s) 'read_dataset_event', 'read_dataset_event_from_classic' retrieved from /Users/punny/Documents/GitHub/NYC-Taxi-ETL-Pipeline/.venv/lib/python3.10/site-packages/airflow/example_dags/example_inlet_event_extra.py
[2024-10-21T22:29:45.225+0700] {logging_mixin.py:190} INFO - [2024-10-21T22:29:45.224+0700] {dag.py:3239} INFO - Sync 2 DAGs
[2024-10-21T22:29:45.256+0700] {logging_mixin.py:190} INFO - [2024-10-21T22:29:45.255+0700] {dag.py:4180} INFO - Setting next_dagrun for read_dataset_event to 2024-10-20 00:00:00+00:00, run_after=2024-10-21 00:00:00+00:00
[2024-10-21T22:29:45.261+0700] {logging_mixin.py:190} INFO - [2024-10-21T22:29:45.261+0700] {dag.py:4180} INFO - Setting next_dagrun for read_dataset_event_from_classic to 2024-10-20 00:00:00+00:00, run_after=2024-10-21 00:00:00+00:00
[2024-10-21T22:29:45.283+0700] {processor.py:208} INFO - Processing /Users/punny/Documents/GitHub/NYC-Taxi-ETL-Pipeline/.venv/lib/python3.10/site-packages/airflow/example_dags/example_inlet_event_extra.py took 0.356 seconds
[2024-10-21T22:32:35.965+0700] {processor.py:186} INFO - Started process (PID=13775) to work on /Users/punny/Documents/GitHub/NYC-Taxi-ETL-Pipeline/.venv/lib/python3.10/site-packages/airflow/example_dags/example_inlet_event_extra.py
[2024-10-21T22:32:35.968+0700] {processor.py:914} INFO - Processing file /Users/punny/Documents/GitHub/NYC-Taxi-ETL-Pipeline/.venv/lib/python3.10/site-packages/airflow/example_dags/example_inlet_event_extra.py for tasks to queue
[2024-10-21T22:32:35.970+0700] {logging_mixin.py:190} INFO - [2024-10-21T22:32:35.969+0700] {dagbag.py:588} INFO - Filling up the DagBag from /Users/punny/Documents/GitHub/NYC-Taxi-ETL-Pipeline/.venv/lib/python3.10/site-packages/airflow/example_dags/example_inlet_event_extra.py
[2024-10-21T22:32:36.076+0700] {processor.py:925} INFO - DAG(s) 'read_dataset_event', 'read_dataset_event_from_classic' retrieved from /Users/punny/Documents/GitHub/NYC-Taxi-ETL-Pipeline/.venv/lib/python3.10/site-packages/airflow/example_dags/example_inlet_event_extra.py
[2024-10-21T22:32:36.251+0700] {logging_mixin.py:190} INFO - [2024-10-21T22:32:36.251+0700] {dag.py:3239} INFO - Sync 2 DAGs
[2024-10-21T22:32:36.278+0700] {logging_mixin.py:190} INFO - [2024-10-21T22:32:36.277+0700] {dag.py:4180} INFO - Setting next_dagrun for read_dataset_event to 2024-10-20 00:00:00+00:00, run_after=2024-10-21 00:00:00+00:00
[2024-10-21T22:32:36.284+0700] {logging_mixin.py:190} INFO - [2024-10-21T22:32:36.284+0700] {dag.py:4180} INFO - Setting next_dagrun for read_dataset_event_from_classic to 2024-10-20 00:00:00+00:00, run_after=2024-10-21 00:00:00+00:00
[2024-10-21T22:32:36.304+0700] {processor.py:208} INFO - Processing /Users/punny/Documents/GitHub/NYC-Taxi-ETL-Pipeline/.venv/lib/python3.10/site-packages/airflow/example_dags/example_inlet_event_extra.py took 0.348 seconds
