[2024-10-21T14:23:29.066+0700] {processor.py:186} INFO - Started process (PID=35423) to work on /Users/punny/Documents/GitHub/NYC-Taxi-ETL-Pipeline/.venv/lib/python3.10/site-packages/airflow/example_dags/example_dag_decorator.py
[2024-10-21T14:23:29.072+0700] {processor.py:914} INFO - Processing file /Users/punny/Documents/GitHub/NYC-Taxi-ETL-Pipeline/.venv/lib/python3.10/site-packages/airflow/example_dags/example_dag_decorator.py for tasks to queue
[2024-10-21T14:23:29.073+0700] {logging_mixin.py:190} INFO - [2024-10-21T14:23:29.073+0700] {dagbag.py:588} INFO - Filling up the DagBag from /Users/punny/Documents/GitHub/NYC-Taxi-ETL-Pipeline/.venv/lib/python3.10/site-packages/airflow/example_dags/example_dag_decorator.py
[2024-10-21T14:23:29.551+0700] {processor.py:925} INFO - DAG(s) 'example_dag_decorator' retrieved from /Users/punny/Documents/GitHub/NYC-Taxi-ETL-Pipeline/.venv/lib/python3.10/site-packages/airflow/example_dags/example_dag_decorator.py
[2024-10-21T14:23:30.002+0700] {logging_mixin.py:190} INFO - [2024-10-21T14:23:30.001+0700] {dag.py:3239} INFO - Sync 1 DAGs
[2024-10-21T14:23:30.027+0700] {logging_mixin.py:190} INFO - [2024-10-21T14:23:30.027+0700] {dag.py:4180} INFO - Setting next_dagrun for example_dag_decorator to None, run_after=None
[2024-10-21T14:23:30.060+0700] {processor.py:208} INFO - Processing /Users/punny/Documents/GitHub/NYC-Taxi-ETL-Pipeline/.venv/lib/python3.10/site-packages/airflow/example_dags/example_dag_decorator.py took 1.010 seconds
[2024-10-21T14:53:40.142+0700] {processor.py:186} INFO - Started process (PID=36738) to work on /Users/punny/Documents/GitHub/NYC-Taxi-ETL-Pipeline/.venv/lib/python3.10/site-packages/airflow/example_dags/example_dag_decorator.py
[2024-10-21T14:53:40.145+0700] {processor.py:914} INFO - Processing file /Users/punny/Documents/GitHub/NYC-Taxi-ETL-Pipeline/.venv/lib/python3.10/site-packages/airflow/example_dags/example_dag_decorator.py for tasks to queue
[2024-10-21T14:53:40.147+0700] {logging_mixin.py:190} INFO - [2024-10-21T14:53:40.147+0700] {dagbag.py:588} INFO - Filling up the DagBag from /Users/punny/Documents/GitHub/NYC-Taxi-ETL-Pipeline/.venv/lib/python3.10/site-packages/airflow/example_dags/example_dag_decorator.py
[2024-10-21T14:53:40.651+0700] {processor.py:925} INFO - DAG(s) 'example_dag_decorator' retrieved from /Users/punny/Documents/GitHub/NYC-Taxi-ETL-Pipeline/.venv/lib/python3.10/site-packages/airflow/example_dags/example_dag_decorator.py
[2024-10-21T14:53:41.144+0700] {logging_mixin.py:190} INFO - [2024-10-21T14:53:41.143+0700] {dag.py:3239} INFO - Sync 1 DAGs
[2024-10-21T14:53:41.163+0700] {logging_mixin.py:190} INFO - [2024-10-21T14:53:41.163+0700] {dag.py:4180} INFO - Setting next_dagrun for example_dag_decorator to None, run_after=None
[2024-10-21T14:53:41.191+0700] {processor.py:208} INFO - Processing /Users/punny/Documents/GitHub/NYC-Taxi-ETL-Pipeline/.venv/lib/python3.10/site-packages/airflow/example_dags/example_dag_decorator.py took 1.059 seconds
[2024-10-21T15:02:53.780+0700] {processor.py:186} INFO - Started process (PID=38115) to work on /Users/punny/Documents/GitHub/NYC-Taxi-ETL-Pipeline/.venv/lib/python3.10/site-packages/airflow/example_dags/example_dag_decorator.py
[2024-10-21T15:02:53.785+0700] {processor.py:914} INFO - Processing file /Users/punny/Documents/GitHub/NYC-Taxi-ETL-Pipeline/.venv/lib/python3.10/site-packages/airflow/example_dags/example_dag_decorator.py for tasks to queue
[2024-10-21T15:02:53.787+0700] {logging_mixin.py:190} INFO - [2024-10-21T15:02:53.787+0700] {dagbag.py:588} INFO - Filling up the DagBag from /Users/punny/Documents/GitHub/NYC-Taxi-ETL-Pipeline/.venv/lib/python3.10/site-packages/airflow/example_dags/example_dag_decorator.py
[2024-10-21T15:02:54.427+0700] {processor.py:925} INFO - DAG(s) 'example_dag_decorator' retrieved from /Users/punny/Documents/GitHub/NYC-Taxi-ETL-Pipeline/.venv/lib/python3.10/site-packages/airflow/example_dags/example_dag_decorator.py
[2024-10-21T15:02:55.154+0700] {logging_mixin.py:190} INFO - [2024-10-21T15:02:55.153+0700] {dag.py:3239} INFO - Sync 1 DAGs
[2024-10-21T15:02:55.184+0700] {logging_mixin.py:190} INFO - [2024-10-21T15:02:55.184+0700] {dag.py:4180} INFO - Setting next_dagrun for example_dag_decorator to None, run_after=None
[2024-10-21T15:02:55.221+0700] {processor.py:208} INFO - Processing /Users/punny/Documents/GitHub/NYC-Taxi-ETL-Pipeline/.venv/lib/python3.10/site-packages/airflow/example_dags/example_dag_decorator.py took 1.452 seconds
[2024-10-21T15:08:11.011+0700] {processor.py:186} INFO - Started process (PID=38762) to work on /Users/punny/Documents/GitHub/NYC-Taxi-ETL-Pipeline/.venv/lib/python3.10/site-packages/airflow/example_dags/example_dag_decorator.py
[2024-10-21T15:08:11.016+0700] {processor.py:914} INFO - Processing file /Users/punny/Documents/GitHub/NYC-Taxi-ETL-Pipeline/.venv/lib/python3.10/site-packages/airflow/example_dags/example_dag_decorator.py for tasks to queue
[2024-10-21T15:08:11.019+0700] {logging_mixin.py:190} INFO - [2024-10-21T15:08:11.019+0700] {dagbag.py:588} INFO - Filling up the DagBag from /Users/punny/Documents/GitHub/NYC-Taxi-ETL-Pipeline/.venv/lib/python3.10/site-packages/airflow/example_dags/example_dag_decorator.py
[2024-10-21T15:08:11.545+0700] {processor.py:925} INFO - DAG(s) 'example_dag_decorator' retrieved from /Users/punny/Documents/GitHub/NYC-Taxi-ETL-Pipeline/.venv/lib/python3.10/site-packages/airflow/example_dags/example_dag_decorator.py
[2024-10-21T15:08:12.011+0700] {logging_mixin.py:190} INFO - [2024-10-21T15:08:12.010+0700] {dag.py:3239} INFO - Sync 1 DAGs
[2024-10-21T15:08:12.031+0700] {logging_mixin.py:190} INFO - [2024-10-21T15:08:12.031+0700] {dag.py:4180} INFO - Setting next_dagrun for example_dag_decorator to None, run_after=None
[2024-10-21T15:08:12.069+0700] {processor.py:208} INFO - Processing /Users/punny/Documents/GitHub/NYC-Taxi-ETL-Pipeline/.venv/lib/python3.10/site-packages/airflow/example_dags/example_dag_decorator.py took 1.072 seconds
[2024-10-21T15:17:00.596+0700] {processor.py:186} INFO - Started process (PID=39883) to work on /Users/punny/Documents/GitHub/NYC-Taxi-ETL-Pipeline/.venv/lib/python3.10/site-packages/airflow/example_dags/example_dag_decorator.py
[2024-10-21T15:17:00.601+0700] {processor.py:914} INFO - Processing file /Users/punny/Documents/GitHub/NYC-Taxi-ETL-Pipeline/.venv/lib/python3.10/site-packages/airflow/example_dags/example_dag_decorator.py for tasks to queue
[2024-10-21T15:17:00.603+0700] {logging_mixin.py:190} INFO - [2024-10-21T15:17:00.603+0700] {dagbag.py:588} INFO - Filling up the DagBag from /Users/punny/Documents/GitHub/NYC-Taxi-ETL-Pipeline/.venv/lib/python3.10/site-packages/airflow/example_dags/example_dag_decorator.py
[2024-10-21T15:17:01.108+0700] {processor.py:925} INFO - DAG(s) 'example_dag_decorator' retrieved from /Users/punny/Documents/GitHub/NYC-Taxi-ETL-Pipeline/.venv/lib/python3.10/site-packages/airflow/example_dags/example_dag_decorator.py
[2024-10-21T15:17:01.584+0700] {logging_mixin.py:190} INFO - [2024-10-21T15:17:01.584+0700] {dag.py:3239} INFO - Sync 1 DAGs
[2024-10-21T15:17:01.612+0700] {logging_mixin.py:190} INFO - [2024-10-21T15:17:01.612+0700] {dag.py:4180} INFO - Setting next_dagrun for example_dag_decorator to None, run_after=None
[2024-10-21T15:17:01.646+0700] {processor.py:208} INFO - Processing /Users/punny/Documents/GitHub/NYC-Taxi-ETL-Pipeline/.venv/lib/python3.10/site-packages/airflow/example_dags/example_dag_decorator.py took 1.063 seconds
[2024-10-21T15:25:15.384+0700] {processor.py:186} INFO - Started process (PID=40931) to work on /Users/punny/Documents/GitHub/NYC-Taxi-ETL-Pipeline/.venv/lib/python3.10/site-packages/airflow/example_dags/example_dag_decorator.py
[2024-10-21T15:25:15.389+0700] {processor.py:914} INFO - Processing file /Users/punny/Documents/GitHub/NYC-Taxi-ETL-Pipeline/.venv/lib/python3.10/site-packages/airflow/example_dags/example_dag_decorator.py for tasks to queue
[2024-10-21T15:25:15.391+0700] {logging_mixin.py:190} INFO - [2024-10-21T15:25:15.391+0700] {dagbag.py:588} INFO - Filling up the DagBag from /Users/punny/Documents/GitHub/NYC-Taxi-ETL-Pipeline/.venv/lib/python3.10/site-packages/airflow/example_dags/example_dag_decorator.py
[2024-10-21T15:25:15.841+0700] {processor.py:925} INFO - DAG(s) 'example_dag_decorator' retrieved from /Users/punny/Documents/GitHub/NYC-Taxi-ETL-Pipeline/.venv/lib/python3.10/site-packages/airflow/example_dags/example_dag_decorator.py
[2024-10-21T15:25:16.297+0700] {logging_mixin.py:190} INFO - [2024-10-21T15:25:16.296+0700] {dag.py:3239} INFO - Sync 1 DAGs
[2024-10-21T15:25:16.324+0700] {logging_mixin.py:190} INFO - [2024-10-21T15:25:16.323+0700] {dag.py:4180} INFO - Setting next_dagrun for example_dag_decorator to None, run_after=None
[2024-10-21T15:25:16.363+0700] {processor.py:208} INFO - Processing /Users/punny/Documents/GitHub/NYC-Taxi-ETL-Pipeline/.venv/lib/python3.10/site-packages/airflow/example_dags/example_dag_decorator.py took 0.991 seconds
[2024-10-21T15:33:21.894+0700] {processor.py:186} INFO - Started process (PID=41965) to work on /Users/punny/Documents/GitHub/NYC-Taxi-ETL-Pipeline/.venv/lib/python3.10/site-packages/airflow/example_dags/example_dag_decorator.py
[2024-10-21T15:33:21.901+0700] {processor.py:914} INFO - Processing file /Users/punny/Documents/GitHub/NYC-Taxi-ETL-Pipeline/.venv/lib/python3.10/site-packages/airflow/example_dags/example_dag_decorator.py for tasks to queue
[2024-10-21T15:33:21.902+0700] {logging_mixin.py:190} INFO - [2024-10-21T15:33:21.902+0700] {dagbag.py:588} INFO - Filling up the DagBag from /Users/punny/Documents/GitHub/NYC-Taxi-ETL-Pipeline/.venv/lib/python3.10/site-packages/airflow/example_dags/example_dag_decorator.py
[2024-10-21T15:33:22.396+0700] {processor.py:925} INFO - DAG(s) 'example_dag_decorator' retrieved from /Users/punny/Documents/GitHub/NYC-Taxi-ETL-Pipeline/.venv/lib/python3.10/site-packages/airflow/example_dags/example_dag_decorator.py
[2024-10-21T15:33:22.923+0700] {logging_mixin.py:190} INFO - [2024-10-21T15:33:22.922+0700] {dag.py:3239} INFO - Sync 1 DAGs
[2024-10-21T15:33:22.945+0700] {logging_mixin.py:190} INFO - [2024-10-21T15:33:22.945+0700] {dag.py:4180} INFO - Setting next_dagrun for example_dag_decorator to None, run_after=None
[2024-10-21T15:33:22.980+0700] {processor.py:208} INFO - Processing /Users/punny/Documents/GitHub/NYC-Taxi-ETL-Pipeline/.venv/lib/python3.10/site-packages/airflow/example_dags/example_dag_decorator.py took 1.096 seconds
[2024-10-21T15:41:14.542+0700] {processor.py:186} INFO - Started process (PID=43048) to work on /Users/punny/Documents/GitHub/NYC-Taxi-ETL-Pipeline/.venv/lib/python3.10/site-packages/airflow/example_dags/example_dag_decorator.py
[2024-10-21T15:41:14.546+0700] {processor.py:914} INFO - Processing file /Users/punny/Documents/GitHub/NYC-Taxi-ETL-Pipeline/.venv/lib/python3.10/site-packages/airflow/example_dags/example_dag_decorator.py for tasks to queue
[2024-10-21T15:41:14.548+0700] {logging_mixin.py:190} INFO - [2024-10-21T15:41:14.547+0700] {dagbag.py:588} INFO - Filling up the DagBag from /Users/punny/Documents/GitHub/NYC-Taxi-ETL-Pipeline/.venv/lib/python3.10/site-packages/airflow/example_dags/example_dag_decorator.py
[2024-10-21T15:41:14.998+0700] {processor.py:925} INFO - DAG(s) 'example_dag_decorator' retrieved from /Users/punny/Documents/GitHub/NYC-Taxi-ETL-Pipeline/.venv/lib/python3.10/site-packages/airflow/example_dags/example_dag_decorator.py
[2024-10-21T15:41:15.442+0700] {logging_mixin.py:190} INFO - [2024-10-21T15:41:15.441+0700] {dag.py:3239} INFO - Sync 1 DAGs
[2024-10-21T15:41:15.470+0700] {logging_mixin.py:190} INFO - [2024-10-21T15:41:15.469+0700] {dag.py:4180} INFO - Setting next_dagrun for example_dag_decorator to None, run_after=None
[2024-10-21T15:41:15.514+0700] {processor.py:208} INFO - Processing /Users/punny/Documents/GitHub/NYC-Taxi-ETL-Pipeline/.venv/lib/python3.10/site-packages/airflow/example_dags/example_dag_decorator.py took 0.986 seconds
[2024-10-21T15:49:00.218+0700] {processor.py:186} INFO - Started process (PID=43995) to work on /Users/punny/Documents/GitHub/NYC-Taxi-ETL-Pipeline/.venv/lib/python3.10/site-packages/airflow/example_dags/example_dag_decorator.py
[2024-10-21T15:49:00.226+0700] {processor.py:914} INFO - Processing file /Users/punny/Documents/GitHub/NYC-Taxi-ETL-Pipeline/.venv/lib/python3.10/site-packages/airflow/example_dags/example_dag_decorator.py for tasks to queue
[2024-10-21T15:49:00.228+0700] {logging_mixin.py:190} INFO - [2024-10-21T15:49:00.227+0700] {dagbag.py:588} INFO - Filling up the DagBag from /Users/punny/Documents/GitHub/NYC-Taxi-ETL-Pipeline/.venv/lib/python3.10/site-packages/airflow/example_dags/example_dag_decorator.py
[2024-10-21T15:49:00.715+0700] {processor.py:925} INFO - DAG(s) 'example_dag_decorator' retrieved from /Users/punny/Documents/GitHub/NYC-Taxi-ETL-Pipeline/.venv/lib/python3.10/site-packages/airflow/example_dags/example_dag_decorator.py
[2024-10-21T15:49:01.243+0700] {logging_mixin.py:190} INFO - [2024-10-21T15:49:01.242+0700] {dag.py:3239} INFO - Sync 1 DAGs
[2024-10-21T15:49:01.274+0700] {logging_mixin.py:190} INFO - [2024-10-21T15:49:01.274+0700] {dag.py:4180} INFO - Setting next_dagrun for example_dag_decorator to None, run_after=None
[2024-10-21T15:49:01.323+0700] {processor.py:208} INFO - Processing /Users/punny/Documents/GitHub/NYC-Taxi-ETL-Pipeline/.venv/lib/python3.10/site-packages/airflow/example_dags/example_dag_decorator.py took 1.116 seconds
[2024-10-21T15:57:01.457+0700] {processor.py:186} INFO - Started process (PID=45037) to work on /Users/punny/Documents/GitHub/NYC-Taxi-ETL-Pipeline/.venv/lib/python3.10/site-packages/airflow/example_dags/example_dag_decorator.py
[2024-10-21T15:57:01.461+0700] {processor.py:914} INFO - Processing file /Users/punny/Documents/GitHub/NYC-Taxi-ETL-Pipeline/.venv/lib/python3.10/site-packages/airflow/example_dags/example_dag_decorator.py for tasks to queue
[2024-10-21T15:57:01.463+0700] {logging_mixin.py:190} INFO - [2024-10-21T15:57:01.462+0700] {dagbag.py:588} INFO - Filling up the DagBag from /Users/punny/Documents/GitHub/NYC-Taxi-ETL-Pipeline/.venv/lib/python3.10/site-packages/airflow/example_dags/example_dag_decorator.py
[2024-10-21T15:57:02.155+0700] {processor.py:925} INFO - DAG(s) 'example_dag_decorator' retrieved from /Users/punny/Documents/GitHub/NYC-Taxi-ETL-Pipeline/.venv/lib/python3.10/site-packages/airflow/example_dags/example_dag_decorator.py
[2024-10-21T15:57:02.995+0700] {logging_mixin.py:190} INFO - [2024-10-21T15:57:02.994+0700] {dag.py:3239} INFO - Sync 1 DAGs
[2024-10-21T15:57:03.023+0700] {logging_mixin.py:190} INFO - [2024-10-21T15:57:03.023+0700] {dag.py:4180} INFO - Setting next_dagrun for example_dag_decorator to None, run_after=None
[2024-10-21T15:57:03.071+0700] {processor.py:208} INFO - Processing /Users/punny/Documents/GitHub/NYC-Taxi-ETL-Pipeline/.venv/lib/python3.10/site-packages/airflow/example_dags/example_dag_decorator.py took 1.637 seconds
[2024-10-21T20:39:15.147+0700] {processor.py:186} INFO - Started process (PID=4442) to work on /Users/punny/Documents/GitHub/NYC-Taxi-ETL-Pipeline/.venv/lib/python3.10/site-packages/airflow/example_dags/example_dag_decorator.py
[2024-10-21T20:39:15.151+0700] {processor.py:914} INFO - Processing file /Users/punny/Documents/GitHub/NYC-Taxi-ETL-Pipeline/.venv/lib/python3.10/site-packages/airflow/example_dags/example_dag_decorator.py for tasks to queue
[2024-10-21T20:39:15.152+0700] {logging_mixin.py:190} INFO - [2024-10-21T20:39:15.152+0700] {dagbag.py:588} INFO - Filling up the DagBag from /Users/punny/Documents/GitHub/NYC-Taxi-ETL-Pipeline/.venv/lib/python3.10/site-packages/airflow/example_dags/example_dag_decorator.py
[2024-10-21T20:39:15.443+0700] {processor.py:925} INFO - DAG(s) 'example_dag_decorator' retrieved from /Users/punny/Documents/GitHub/NYC-Taxi-ETL-Pipeline/.venv/lib/python3.10/site-packages/airflow/example_dags/example_dag_decorator.py
[2024-10-21T20:39:15.702+0700] {logging_mixin.py:190} INFO - [2024-10-21T20:39:15.702+0700] {dag.py:3239} INFO - Sync 1 DAGs
[2024-10-21T20:39:15.716+0700] {logging_mixin.py:190} INFO - [2024-10-21T20:39:15.716+0700] {dag.py:4180} INFO - Setting next_dagrun for example_dag_decorator to None, run_after=None
[2024-10-21T20:39:15.739+0700] {processor.py:208} INFO - Processing /Users/punny/Documents/GitHub/NYC-Taxi-ETL-Pipeline/.venv/lib/python3.10/site-packages/airflow/example_dags/example_dag_decorator.py took 0.602 seconds
[2024-10-21T20:42:57.106+0700] {processor.py:186} INFO - Started process (PID=4791) to work on /Users/punny/Documents/GitHub/NYC-Taxi-ETL-Pipeline/.venv/lib/python3.10/site-packages/airflow/example_dags/example_dag_decorator.py
[2024-10-21T20:42:57.112+0700] {processor.py:914} INFO - Processing file /Users/punny/Documents/GitHub/NYC-Taxi-ETL-Pipeline/.venv/lib/python3.10/site-packages/airflow/example_dags/example_dag_decorator.py for tasks to queue
[2024-10-21T20:42:57.115+0700] {logging_mixin.py:190} INFO - [2024-10-21T20:42:57.114+0700] {dagbag.py:588} INFO - Filling up the DagBag from /Users/punny/Documents/GitHub/NYC-Taxi-ETL-Pipeline/.venv/lib/python3.10/site-packages/airflow/example_dags/example_dag_decorator.py
[2024-10-21T20:42:57.730+0700] {processor.py:925} INFO - DAG(s) 'example_dag_decorator' retrieved from /Users/punny/Documents/GitHub/NYC-Taxi-ETL-Pipeline/.venv/lib/python3.10/site-packages/airflow/example_dags/example_dag_decorator.py
[2024-10-21T20:42:58.409+0700] {logging_mixin.py:190} INFO - [2024-10-21T20:42:58.409+0700] {dag.py:3239} INFO - Sync 1 DAGs
[2024-10-21T20:42:58.448+0700] {logging_mixin.py:190} INFO - [2024-10-21T20:42:58.448+0700] {dag.py:4180} INFO - Setting next_dagrun for example_dag_decorator to None, run_after=None
[2024-10-21T20:42:58.506+0700] {processor.py:208} INFO - Processing /Users/punny/Documents/GitHub/NYC-Taxi-ETL-Pipeline/.venv/lib/python3.10/site-packages/airflow/example_dags/example_dag_decorator.py took 1.417 seconds
[2024-10-21T20:50:35.228+0700] {processor.py:186} INFO - Started process (PID=5484) to work on /Users/punny/Documents/GitHub/NYC-Taxi-ETL-Pipeline/.venv/lib/python3.10/site-packages/airflow/example_dags/example_dag_decorator.py
[2024-10-21T20:50:35.233+0700] {processor.py:914} INFO - Processing file /Users/punny/Documents/GitHub/NYC-Taxi-ETL-Pipeline/.venv/lib/python3.10/site-packages/airflow/example_dags/example_dag_decorator.py for tasks to queue
[2024-10-21T20:50:35.234+0700] {logging_mixin.py:190} INFO - [2024-10-21T20:50:35.234+0700] {dagbag.py:588} INFO - Filling up the DagBag from /Users/punny/Documents/GitHub/NYC-Taxi-ETL-Pipeline/.venv/lib/python3.10/site-packages/airflow/example_dags/example_dag_decorator.py
[2024-10-21T20:50:35.714+0700] {processor.py:925} INFO - DAG(s) 'example_dag_decorator' retrieved from /Users/punny/Documents/GitHub/NYC-Taxi-ETL-Pipeline/.venv/lib/python3.10/site-packages/airflow/example_dags/example_dag_decorator.py
[2024-10-21T20:50:36.087+0700] {logging_mixin.py:190} INFO - [2024-10-21T20:50:36.086+0700] {dag.py:3239} INFO - Sync 1 DAGs
[2024-10-21T20:50:36.105+0700] {logging_mixin.py:190} INFO - [2024-10-21T20:50:36.105+0700] {dag.py:4180} INFO - Setting next_dagrun for example_dag_decorator to None, run_after=None
[2024-10-21T20:50:36.133+0700] {processor.py:208} INFO - Processing /Users/punny/Documents/GitHub/NYC-Taxi-ETL-Pipeline/.venv/lib/python3.10/site-packages/airflow/example_dags/example_dag_decorator.py took 0.915 seconds
[2024-10-21T20:58:31.085+0700] {processor.py:186} INFO - Started process (PID=6347) to work on /Users/punny/Documents/GitHub/NYC-Taxi-ETL-Pipeline/.venv/lib/python3.10/site-packages/airflow/example_dags/example_dag_decorator.py
[2024-10-21T20:58:31.090+0700] {processor.py:914} INFO - Processing file /Users/punny/Documents/GitHub/NYC-Taxi-ETL-Pipeline/.venv/lib/python3.10/site-packages/airflow/example_dags/example_dag_decorator.py for tasks to queue
[2024-10-21T20:58:31.091+0700] {logging_mixin.py:190} INFO - [2024-10-21T20:58:31.091+0700] {dagbag.py:588} INFO - Filling up the DagBag from /Users/punny/Documents/GitHub/NYC-Taxi-ETL-Pipeline/.venv/lib/python3.10/site-packages/airflow/example_dags/example_dag_decorator.py
[2024-10-21T20:58:31.538+0700] {processor.py:925} INFO - DAG(s) 'example_dag_decorator' retrieved from /Users/punny/Documents/GitHub/NYC-Taxi-ETL-Pipeline/.venv/lib/python3.10/site-packages/airflow/example_dags/example_dag_decorator.py
[2024-10-21T20:58:31.975+0700] {logging_mixin.py:190} INFO - [2024-10-21T20:58:31.975+0700] {dag.py:3239} INFO - Sync 1 DAGs
[2024-10-21T20:58:31.991+0700] {logging_mixin.py:190} INFO - [2024-10-21T20:58:31.990+0700] {dag.py:4180} INFO - Setting next_dagrun for example_dag_decorator to None, run_after=None
[2024-10-21T20:58:32.023+0700] {processor.py:208} INFO - Processing /Users/punny/Documents/GitHub/NYC-Taxi-ETL-Pipeline/.venv/lib/python3.10/site-packages/airflow/example_dags/example_dag_decorator.py took 0.955 seconds
[2024-10-21T21:03:09.016+0700] {processor.py:186} INFO - Started process (PID=6666) to work on /Users/punny/Documents/GitHub/NYC-Taxi-ETL-Pipeline/.venv/lib/python3.10/site-packages/airflow/example_dags/example_dag_decorator.py
[2024-10-21T21:03:09.020+0700] {processor.py:914} INFO - Processing file /Users/punny/Documents/GitHub/NYC-Taxi-ETL-Pipeline/.venv/lib/python3.10/site-packages/airflow/example_dags/example_dag_decorator.py for tasks to queue
[2024-10-21T21:03:09.021+0700] {logging_mixin.py:190} INFO - [2024-10-21T21:03:09.021+0700] {dagbag.py:588} INFO - Filling up the DagBag from /Users/punny/Documents/GitHub/NYC-Taxi-ETL-Pipeline/.venv/lib/python3.10/site-packages/airflow/example_dags/example_dag_decorator.py
[2024-10-21T21:03:09.353+0700] {processor.py:925} INFO - DAG(s) 'example_dag_decorator' retrieved from /Users/punny/Documents/GitHub/NYC-Taxi-ETL-Pipeline/.venv/lib/python3.10/site-packages/airflow/example_dags/example_dag_decorator.py
[2024-10-21T21:03:09.684+0700] {logging_mixin.py:190} INFO - [2024-10-21T21:03:09.683+0700] {dag.py:3239} INFO - Sync 1 DAGs
[2024-10-21T21:03:09.700+0700] {logging_mixin.py:190} INFO - [2024-10-21T21:03:09.700+0700] {dag.py:4180} INFO - Setting next_dagrun for example_dag_decorator to None, run_after=None
[2024-10-21T21:03:09.728+0700] {processor.py:208} INFO - Processing /Users/punny/Documents/GitHub/NYC-Taxi-ETL-Pipeline/.venv/lib/python3.10/site-packages/airflow/example_dags/example_dag_decorator.py took 0.724 seconds
[2024-10-21T21:09:57.168+0700] {processor.py:186} INFO - Started process (PID=7171) to work on /Users/punny/Documents/GitHub/NYC-Taxi-ETL-Pipeline/.venv/lib/python3.10/site-packages/airflow/example_dags/example_dag_decorator.py
[2024-10-21T21:09:57.171+0700] {processor.py:914} INFO - Processing file /Users/punny/Documents/GitHub/NYC-Taxi-ETL-Pipeline/.venv/lib/python3.10/site-packages/airflow/example_dags/example_dag_decorator.py for tasks to queue
[2024-10-21T21:09:57.172+0700] {logging_mixin.py:190} INFO - [2024-10-21T21:09:57.172+0700] {dagbag.py:588} INFO - Filling up the DagBag from /Users/punny/Documents/GitHub/NYC-Taxi-ETL-Pipeline/.venv/lib/python3.10/site-packages/airflow/example_dags/example_dag_decorator.py
[2024-10-21T21:09:57.487+0700] {processor.py:925} INFO - DAG(s) 'example_dag_decorator' retrieved from /Users/punny/Documents/GitHub/NYC-Taxi-ETL-Pipeline/.venv/lib/python3.10/site-packages/airflow/example_dags/example_dag_decorator.py
[2024-10-21T21:09:57.801+0700] {logging_mixin.py:190} INFO - [2024-10-21T21:09:57.801+0700] {dag.py:3239} INFO - Sync 1 DAGs
[2024-10-21T21:09:57.815+0700] {logging_mixin.py:190} INFO - [2024-10-21T21:09:57.815+0700] {dag.py:4180} INFO - Setting next_dagrun for example_dag_decorator to None, run_after=None
[2024-10-21T21:09:57.837+0700] {processor.py:208} INFO - Processing /Users/punny/Documents/GitHub/NYC-Taxi-ETL-Pipeline/.venv/lib/python3.10/site-packages/airflow/example_dags/example_dag_decorator.py took 0.677 seconds
[2024-10-21T21:16:05.668+0700] {processor.py:186} INFO - Started process (PID=7821) to work on /Users/punny/Documents/GitHub/NYC-Taxi-ETL-Pipeline/.venv/lib/python3.10/site-packages/airflow/example_dags/example_dag_decorator.py
[2024-10-21T21:16:05.671+0700] {processor.py:914} INFO - Processing file /Users/punny/Documents/GitHub/NYC-Taxi-ETL-Pipeline/.venv/lib/python3.10/site-packages/airflow/example_dags/example_dag_decorator.py for tasks to queue
[2024-10-21T21:16:05.672+0700] {logging_mixin.py:190} INFO - [2024-10-21T21:16:05.672+0700] {dagbag.py:588} INFO - Filling up the DagBag from /Users/punny/Documents/GitHub/NYC-Taxi-ETL-Pipeline/.venv/lib/python3.10/site-packages/airflow/example_dags/example_dag_decorator.py
[2024-10-21T21:16:05.974+0700] {processor.py:925} INFO - DAG(s) 'example_dag_decorator' retrieved from /Users/punny/Documents/GitHub/NYC-Taxi-ETL-Pipeline/.venv/lib/python3.10/site-packages/airflow/example_dags/example_dag_decorator.py
[2024-10-21T21:16:06.246+0700] {logging_mixin.py:190} INFO - [2024-10-21T21:16:06.245+0700] {dag.py:3239} INFO - Sync 1 DAGs
[2024-10-21T21:16:06.260+0700] {logging_mixin.py:190} INFO - [2024-10-21T21:16:06.259+0700] {dag.py:4180} INFO - Setting next_dagrun for example_dag_decorator to None, run_after=None
[2024-10-21T21:16:06.281+0700] {processor.py:208} INFO - Processing /Users/punny/Documents/GitHub/NYC-Taxi-ETL-Pipeline/.venv/lib/python3.10/site-packages/airflow/example_dags/example_dag_decorator.py took 0.620 seconds
[2024-10-21T21:22:12.827+0700] {processor.py:186} INFO - Started process (PID=8167) to work on /Users/punny/Documents/GitHub/NYC-Taxi-ETL-Pipeline/.venv/lib/python3.10/site-packages/airflow/example_dags/example_dag_decorator.py
[2024-10-21T21:22:12.830+0700] {processor.py:914} INFO - Processing file /Users/punny/Documents/GitHub/NYC-Taxi-ETL-Pipeline/.venv/lib/python3.10/site-packages/airflow/example_dags/example_dag_decorator.py for tasks to queue
[2024-10-21T21:22:12.831+0700] {logging_mixin.py:190} INFO - [2024-10-21T21:22:12.831+0700] {dagbag.py:588} INFO - Filling up the DagBag from /Users/punny/Documents/GitHub/NYC-Taxi-ETL-Pipeline/.venv/lib/python3.10/site-packages/airflow/example_dags/example_dag_decorator.py
[2024-10-21T21:22:13.145+0700] {processor.py:925} INFO - DAG(s) 'example_dag_decorator' retrieved from /Users/punny/Documents/GitHub/NYC-Taxi-ETL-Pipeline/.venv/lib/python3.10/site-packages/airflow/example_dags/example_dag_decorator.py
[2024-10-21T21:22:13.424+0700] {logging_mixin.py:190} INFO - [2024-10-21T21:22:13.424+0700] {dag.py:3239} INFO - Sync 1 DAGs
[2024-10-21T21:22:13.439+0700] {logging_mixin.py:190} INFO - [2024-10-21T21:22:13.439+0700] {dag.py:4180} INFO - Setting next_dagrun for example_dag_decorator to None, run_after=None
[2024-10-21T21:22:13.461+0700] {processor.py:208} INFO - Processing /Users/punny/Documents/GitHub/NYC-Taxi-ETL-Pipeline/.venv/lib/python3.10/site-packages/airflow/example_dags/example_dag_decorator.py took 0.642 seconds
[2024-10-21T21:28:47.267+0700] {processor.py:186} INFO - Started process (PID=8803) to work on /Users/punny/Documents/GitHub/NYC-Taxi-ETL-Pipeline/.venv/lib/python3.10/site-packages/airflow/example_dags/example_dag_decorator.py
[2024-10-21T21:28:47.272+0700] {processor.py:914} INFO - Processing file /Users/punny/Documents/GitHub/NYC-Taxi-ETL-Pipeline/.venv/lib/python3.10/site-packages/airflow/example_dags/example_dag_decorator.py for tasks to queue
[2024-10-21T21:28:47.273+0700] {logging_mixin.py:190} INFO - [2024-10-21T21:28:47.273+0700] {dagbag.py:588} INFO - Filling up the DagBag from /Users/punny/Documents/GitHub/NYC-Taxi-ETL-Pipeline/.venv/lib/python3.10/site-packages/airflow/example_dags/example_dag_decorator.py
[2024-10-21T21:28:47.583+0700] {processor.py:925} INFO - DAG(s) 'example_dag_decorator' retrieved from /Users/punny/Documents/GitHub/NYC-Taxi-ETL-Pipeline/.venv/lib/python3.10/site-packages/airflow/example_dags/example_dag_decorator.py
[2024-10-21T21:28:47.886+0700] {logging_mixin.py:190} INFO - [2024-10-21T21:28:47.885+0700] {dag.py:3239} INFO - Sync 1 DAGs
[2024-10-21T21:28:47.902+0700] {logging_mixin.py:190} INFO - [2024-10-21T21:28:47.902+0700] {dag.py:4180} INFO - Setting next_dagrun for example_dag_decorator to None, run_after=None
[2024-10-21T21:28:47.930+0700] {processor.py:208} INFO - Processing /Users/punny/Documents/GitHub/NYC-Taxi-ETL-Pipeline/.venv/lib/python3.10/site-packages/airflow/example_dags/example_dag_decorator.py took 0.674 seconds
[2024-10-21T21:34:34.323+0700] {processor.py:186} INFO - Started process (PID=9240) to work on /Users/punny/Documents/GitHub/NYC-Taxi-ETL-Pipeline/.venv/lib/python3.10/site-packages/airflow/example_dags/example_dag_decorator.py
[2024-10-21T21:34:34.326+0700] {processor.py:914} INFO - Processing file /Users/punny/Documents/GitHub/NYC-Taxi-ETL-Pipeline/.venv/lib/python3.10/site-packages/airflow/example_dags/example_dag_decorator.py for tasks to queue
[2024-10-21T21:34:34.327+0700] {logging_mixin.py:190} INFO - [2024-10-21T21:34:34.327+0700] {dagbag.py:588} INFO - Filling up the DagBag from /Users/punny/Documents/GitHub/NYC-Taxi-ETL-Pipeline/.venv/lib/python3.10/site-packages/airflow/example_dags/example_dag_decorator.py
[2024-10-21T21:34:34.643+0700] {processor.py:925} INFO - DAG(s) 'example_dag_decorator' retrieved from /Users/punny/Documents/GitHub/NYC-Taxi-ETL-Pipeline/.venv/lib/python3.10/site-packages/airflow/example_dags/example_dag_decorator.py
[2024-10-21T21:34:34.922+0700] {logging_mixin.py:190} INFO - [2024-10-21T21:34:34.921+0700] {dag.py:3239} INFO - Sync 1 DAGs
[2024-10-21T21:34:34.936+0700] {logging_mixin.py:190} INFO - [2024-10-21T21:34:34.935+0700] {dag.py:4180} INFO - Setting next_dagrun for example_dag_decorator to None, run_after=None
[2024-10-21T21:34:34.959+0700] {processor.py:208} INFO - Processing /Users/punny/Documents/GitHub/NYC-Taxi-ETL-Pipeline/.venv/lib/python3.10/site-packages/airflow/example_dags/example_dag_decorator.py took 0.643 seconds
[2024-10-21T21:41:43.426+0700] {processor.py:186} INFO - Started process (PID=9933) to work on /Users/punny/Documents/GitHub/NYC-Taxi-ETL-Pipeline/.venv/lib/python3.10/site-packages/airflow/example_dags/example_dag_decorator.py
[2024-10-21T21:41:43.431+0700] {processor.py:914} INFO - Processing file /Users/punny/Documents/GitHub/NYC-Taxi-ETL-Pipeline/.venv/lib/python3.10/site-packages/airflow/example_dags/example_dag_decorator.py for tasks to queue
[2024-10-21T21:41:43.432+0700] {logging_mixin.py:190} INFO - [2024-10-21T21:41:43.432+0700] {dagbag.py:588} INFO - Filling up the DagBag from /Users/punny/Documents/GitHub/NYC-Taxi-ETL-Pipeline/.venv/lib/python3.10/site-packages/airflow/example_dags/example_dag_decorator.py
[2024-10-21T21:41:43.750+0700] {processor.py:925} INFO - DAG(s) 'example_dag_decorator' retrieved from /Users/punny/Documents/GitHub/NYC-Taxi-ETL-Pipeline/.venv/lib/python3.10/site-packages/airflow/example_dags/example_dag_decorator.py
[2024-10-21T21:41:44.044+0700] {logging_mixin.py:190} INFO - [2024-10-21T21:41:44.043+0700] {dag.py:3239} INFO - Sync 1 DAGs
[2024-10-21T21:41:44.059+0700] {logging_mixin.py:190} INFO - [2024-10-21T21:41:44.058+0700] {dag.py:4180} INFO - Setting next_dagrun for example_dag_decorator to None, run_after=None
[2024-10-21T21:41:44.082+0700] {processor.py:208} INFO - Processing /Users/punny/Documents/GitHub/NYC-Taxi-ETL-Pipeline/.venv/lib/python3.10/site-packages/airflow/example_dags/example_dag_decorator.py took 0.665 seconds
[2024-10-21T21:48:21.666+0700] {processor.py:186} INFO - Started process (PID=10562) to work on /Users/punny/Documents/GitHub/NYC-Taxi-ETL-Pipeline/.venv/lib/python3.10/site-packages/airflow/example_dags/example_dag_decorator.py
[2024-10-21T21:48:21.669+0700] {processor.py:914} INFO - Processing file /Users/punny/Documents/GitHub/NYC-Taxi-ETL-Pipeline/.venv/lib/python3.10/site-packages/airflow/example_dags/example_dag_decorator.py for tasks to queue
[2024-10-21T21:48:21.671+0700] {logging_mixin.py:190} INFO - [2024-10-21T21:48:21.671+0700] {dagbag.py:588} INFO - Filling up the DagBag from /Users/punny/Documents/GitHub/NYC-Taxi-ETL-Pipeline/.venv/lib/python3.10/site-packages/airflow/example_dags/example_dag_decorator.py
[2024-10-21T21:48:21.970+0700] {processor.py:925} INFO - DAG(s) 'example_dag_decorator' retrieved from /Users/punny/Documents/GitHub/NYC-Taxi-ETL-Pipeline/.venv/lib/python3.10/site-packages/airflow/example_dags/example_dag_decorator.py
[2024-10-21T21:48:22.258+0700] {logging_mixin.py:190} INFO - [2024-10-21T21:48:22.257+0700] {dag.py:3239} INFO - Sync 1 DAGs
[2024-10-21T21:48:22.272+0700] {logging_mixin.py:190} INFO - [2024-10-21T21:48:22.272+0700] {dag.py:4180} INFO - Setting next_dagrun for example_dag_decorator to None, run_after=None
[2024-10-21T21:48:22.295+0700] {processor.py:208} INFO - Processing /Users/punny/Documents/GitHub/NYC-Taxi-ETL-Pipeline/.venv/lib/python3.10/site-packages/airflow/example_dags/example_dag_decorator.py took 0.637 seconds
[2024-10-21T21:52:52.270+0700] {processor.py:186} INFO - Started process (PID=10885) to work on /Users/punny/Documents/GitHub/NYC-Taxi-ETL-Pipeline/.venv/lib/python3.10/site-packages/airflow/example_dags/example_dag_decorator.py
[2024-10-21T21:52:52.274+0700] {processor.py:914} INFO - Processing file /Users/punny/Documents/GitHub/NYC-Taxi-ETL-Pipeline/.venv/lib/python3.10/site-packages/airflow/example_dags/example_dag_decorator.py for tasks to queue
[2024-10-21T21:52:52.275+0700] {logging_mixin.py:190} INFO - [2024-10-21T21:52:52.275+0700] {dagbag.py:588} INFO - Filling up the DagBag from /Users/punny/Documents/GitHub/NYC-Taxi-ETL-Pipeline/.venv/lib/python3.10/site-packages/airflow/example_dags/example_dag_decorator.py
[2024-10-21T21:52:52.590+0700] {processor.py:925} INFO - DAG(s) 'example_dag_decorator' retrieved from /Users/punny/Documents/GitHub/NYC-Taxi-ETL-Pipeline/.venv/lib/python3.10/site-packages/airflow/example_dags/example_dag_decorator.py
[2024-10-21T21:52:52.863+0700] {logging_mixin.py:190} INFO - [2024-10-21T21:52:52.862+0700] {dag.py:3239} INFO - Sync 1 DAGs
[2024-10-21T21:52:52.877+0700] {logging_mixin.py:190} INFO - [2024-10-21T21:52:52.877+0700] {dag.py:4180} INFO - Setting next_dagrun for example_dag_decorator to None, run_after=None
[2024-10-21T21:52:52.900+0700] {processor.py:208} INFO - Processing /Users/punny/Documents/GitHub/NYC-Taxi-ETL-Pipeline/.venv/lib/python3.10/site-packages/airflow/example_dags/example_dag_decorator.py took 0.637 seconds
[2024-10-21T22:14:48.565+0700] {processor.py:186} INFO - Started process (PID=11906) to work on /Users/punny/Documents/GitHub/NYC-Taxi-ETL-Pipeline/.venv/lib/python3.10/site-packages/airflow/example_dags/example_dag_decorator.py
[2024-10-21T22:14:48.568+0700] {processor.py:914} INFO - Processing file /Users/punny/Documents/GitHub/NYC-Taxi-ETL-Pipeline/.venv/lib/python3.10/site-packages/airflow/example_dags/example_dag_decorator.py for tasks to queue
[2024-10-21T22:14:48.570+0700] {logging_mixin.py:190} INFO - [2024-10-21T22:14:48.570+0700] {dagbag.py:588} INFO - Filling up the DagBag from /Users/punny/Documents/GitHub/NYC-Taxi-ETL-Pipeline/.venv/lib/python3.10/site-packages/airflow/example_dags/example_dag_decorator.py
[2024-10-21T22:14:48.903+0700] {processor.py:925} INFO - DAG(s) 'example_dag_decorator' retrieved from /Users/punny/Documents/GitHub/NYC-Taxi-ETL-Pipeline/.venv/lib/python3.10/site-packages/airflow/example_dags/example_dag_decorator.py
[2024-10-21T22:14:49.217+0700] {logging_mixin.py:190} INFO - [2024-10-21T22:14:49.216+0700] {dag.py:3239} INFO - Sync 1 DAGs
[2024-10-21T22:14:49.231+0700] {logging_mixin.py:190} INFO - [2024-10-21T22:14:49.231+0700] {dag.py:4180} INFO - Setting next_dagrun for example_dag_decorator to None, run_after=None
[2024-10-21T22:14:49.253+0700] {processor.py:208} INFO - Processing /Users/punny/Documents/GitHub/NYC-Taxi-ETL-Pipeline/.venv/lib/python3.10/site-packages/airflow/example_dags/example_dag_decorator.py took 0.697 seconds
[2024-10-21T22:18:17.125+0700] {processor.py:186} INFO - Started process (PID=12186) to work on /Users/punny/Documents/GitHub/NYC-Taxi-ETL-Pipeline/.venv/lib/python3.10/site-packages/airflow/example_dags/example_dag_decorator.py
[2024-10-21T22:18:17.133+0700] {processor.py:914} INFO - Processing file /Users/punny/Documents/GitHub/NYC-Taxi-ETL-Pipeline/.venv/lib/python3.10/site-packages/airflow/example_dags/example_dag_decorator.py for tasks to queue
[2024-10-21T22:18:17.150+0700] {logging_mixin.py:190} INFO - [2024-10-21T22:18:17.150+0700] {dagbag.py:588} INFO - Filling up the DagBag from /Users/punny/Documents/GitHub/NYC-Taxi-ETL-Pipeline/.venv/lib/python3.10/site-packages/airflow/example_dags/example_dag_decorator.py
[2024-10-21T22:18:17.474+0700] {processor.py:925} INFO - DAG(s) 'example_dag_decorator' retrieved from /Users/punny/Documents/GitHub/NYC-Taxi-ETL-Pipeline/.venv/lib/python3.10/site-packages/airflow/example_dags/example_dag_decorator.py
[2024-10-21T22:18:17.773+0700] {logging_mixin.py:190} INFO - [2024-10-21T22:18:17.773+0700] {dag.py:3239} INFO - Sync 1 DAGs
[2024-10-21T22:18:17.788+0700] {logging_mixin.py:190} INFO - [2024-10-21T22:18:17.788+0700] {dag.py:4180} INFO - Setting next_dagrun for example_dag_decorator to None, run_after=None
[2024-10-21T22:18:17.810+0700] {processor.py:208} INFO - Processing /Users/punny/Documents/GitHub/NYC-Taxi-ETL-Pipeline/.venv/lib/python3.10/site-packages/airflow/example_dags/example_dag_decorator.py took 0.690 seconds
[2024-10-21T22:27:03.132+0700] {processor.py:186} INFO - Started process (PID=13409) to work on /Users/punny/Documents/GitHub/NYC-Taxi-ETL-Pipeline/.venv/lib/python3.10/site-packages/airflow/example_dags/example_dag_decorator.py
[2024-10-21T22:27:03.135+0700] {processor.py:914} INFO - Processing file /Users/punny/Documents/GitHub/NYC-Taxi-ETL-Pipeline/.venv/lib/python3.10/site-packages/airflow/example_dags/example_dag_decorator.py for tasks to queue
[2024-10-21T22:27:03.137+0700] {logging_mixin.py:190} INFO - [2024-10-21T22:27:03.136+0700] {dagbag.py:588} INFO - Filling up the DagBag from /Users/punny/Documents/GitHub/NYC-Taxi-ETL-Pipeline/.venv/lib/python3.10/site-packages/airflow/example_dags/example_dag_decorator.py
[2024-10-21T22:27:03.459+0700] {processor.py:925} INFO - DAG(s) 'example_dag_decorator' retrieved from /Users/punny/Documents/GitHub/NYC-Taxi-ETL-Pipeline/.venv/lib/python3.10/site-packages/airflow/example_dags/example_dag_decorator.py
[2024-10-21T22:27:03.747+0700] {logging_mixin.py:190} INFO - [2024-10-21T22:27:03.746+0700] {dag.py:3239} INFO - Sync 1 DAGs
[2024-10-21T22:27:03.761+0700] {logging_mixin.py:190} INFO - [2024-10-21T22:27:03.761+0700] {dag.py:4180} INFO - Setting next_dagrun for example_dag_decorator to None, run_after=None
[2024-10-21T22:27:03.782+0700] {processor.py:208} INFO - Processing /Users/punny/Documents/GitHub/NYC-Taxi-ETL-Pipeline/.venv/lib/python3.10/site-packages/airflow/example_dags/example_dag_decorator.py took 0.658 seconds
[2024-10-21T22:32:53.256+0700] {processor.py:186} INFO - Started process (PID=13791) to work on /Users/punny/Documents/GitHub/NYC-Taxi-ETL-Pipeline/.venv/lib/python3.10/site-packages/airflow/example_dags/example_dag_decorator.py
[2024-10-21T22:32:53.259+0700] {processor.py:914} INFO - Processing file /Users/punny/Documents/GitHub/NYC-Taxi-ETL-Pipeline/.venv/lib/python3.10/site-packages/airflow/example_dags/example_dag_decorator.py for tasks to queue
[2024-10-21T22:32:53.261+0700] {logging_mixin.py:190} INFO - [2024-10-21T22:32:53.260+0700] {dagbag.py:588} INFO - Filling up the DagBag from /Users/punny/Documents/GitHub/NYC-Taxi-ETL-Pipeline/.venv/lib/python3.10/site-packages/airflow/example_dags/example_dag_decorator.py
[2024-10-21T22:32:53.582+0700] {processor.py:925} INFO - DAG(s) 'example_dag_decorator' retrieved from /Users/punny/Documents/GitHub/NYC-Taxi-ETL-Pipeline/.venv/lib/python3.10/site-packages/airflow/example_dags/example_dag_decorator.py
[2024-10-21T22:32:53.868+0700] {logging_mixin.py:190} INFO - [2024-10-21T22:32:53.868+0700] {dag.py:3239} INFO - Sync 1 DAGs
[2024-10-21T22:32:53.883+0700] {logging_mixin.py:190} INFO - [2024-10-21T22:32:53.882+0700] {dag.py:4180} INFO - Setting next_dagrun for example_dag_decorator to None, run_after=None
[2024-10-21T22:32:53.909+0700] {processor.py:208} INFO - Processing /Users/punny/Documents/GitHub/NYC-Taxi-ETL-Pipeline/.venv/lib/python3.10/site-packages/airflow/example_dags/example_dag_decorator.py took 0.662 seconds
