[2024-10-21T12:22:09.267+0700] {processor.py:186} INFO - Started process (PID=34036) to work on /Users/punny/Documents/GitHub/NYC-Taxi-ETL-Pipeline/.venv/lib/python3.10/site-packages/airflow/example_dags/example_workday_timetable.py
[2024-10-21T12:22:09.272+0700] {processor.py:914} INFO - Processing file /Users/punny/Documents/GitHub/NYC-Taxi-ETL-Pipeline/.venv/lib/python3.10/site-packages/airflow/example_dags/example_workday_timetable.py for tasks to queue
[2024-10-21T12:22:09.274+0700] {logging_mixin.py:190} INFO - [2024-10-21T12:22:09.274+0700] {dagbag.py:588} INFO - Filling up the DagBag from /Users/punny/Documents/GitHub/NYC-Taxi-ETL-Pipeline/.venv/lib/python3.10/site-packages/airflow/example_dags/example_workday_timetable.py
[2024-10-21T12:22:10.558+0700] {processor.py:925} INFO - DAG(s) 'example_workday_timetable' retrieved from /Users/punny/Documents/GitHub/NYC-Taxi-ETL-Pipeline/.venv/lib/python3.10/site-packages/airflow/example_dags/example_workday_timetable.py
[2024-10-21T12:22:10.840+0700] {logging_mixin.py:190} INFO - [2024-10-21T12:22:10.839+0700] {dag.py:3239} INFO - Sync 1 DAGs
[2024-10-21T12:22:10.973+0700] {logging_mixin.py:190} INFO - [2024-10-21T12:22:10.972+0700] {dag.py:4180} INFO - Setting next_dagrun for example_workday_timetable to 2021-01-04 00:00:00+00:00, run_after=2021-01-05 00:00:00+00:00
[2024-10-21T12:22:11.012+0700] {processor.py:208} INFO - Processing /Users/punny/Documents/GitHub/NYC-Taxi-ETL-Pipeline/.venv/lib/python3.10/site-packages/airflow/example_dags/example_workday_timetable.py took 1.760 seconds
[2024-10-21T13:57:09.434+0700] {processor.py:186} INFO - Started process (PID=34877) to work on /Users/punny/Documents/GitHub/NYC-Taxi-ETL-Pipeline/.venv/lib/python3.10/site-packages/airflow/example_dags/example_workday_timetable.py
[2024-10-21T13:57:09.439+0700] {processor.py:914} INFO - Processing file /Users/punny/Documents/GitHub/NYC-Taxi-ETL-Pipeline/.venv/lib/python3.10/site-packages/airflow/example_dags/example_workday_timetable.py for tasks to queue
[2024-10-21T13:57:09.441+0700] {logging_mixin.py:190} INFO - [2024-10-21T13:57:09.440+0700] {dagbag.py:588} INFO - Filling up the DagBag from /Users/punny/Documents/GitHub/NYC-Taxi-ETL-Pipeline/.venv/lib/python3.10/site-packages/airflow/example_dags/example_workday_timetable.py
[2024-10-21T13:57:10.509+0700] {processor.py:925} INFO - DAG(s) 'example_workday_timetable' retrieved from /Users/punny/Documents/GitHub/NYC-Taxi-ETL-Pipeline/.venv/lib/python3.10/site-packages/airflow/example_dags/example_workday_timetable.py
[2024-10-21T13:57:10.796+0700] {logging_mixin.py:190} INFO - [2024-10-21T13:57:10.795+0700] {dag.py:3239} INFO - Sync 1 DAGs
[2024-10-21T13:57:10.902+0700] {logging_mixin.py:190} INFO - [2024-10-21T13:57:10.901+0700] {dag.py:4180} INFO - Setting next_dagrun for example_workday_timetable to 2021-01-04 00:00:00+00:00, run_after=2021-01-05 00:00:00+00:00
[2024-10-21T13:57:10.939+0700] {processor.py:208} INFO - Processing /Users/punny/Documents/GitHub/NYC-Taxi-ETL-Pipeline/.venv/lib/python3.10/site-packages/airflow/example_dags/example_workday_timetable.py took 1.513 seconds
[2024-10-21T14:47:39.851+0700] {processor.py:186} INFO - Started process (PID=35654) to work on /Users/punny/Documents/GitHub/NYC-Taxi-ETL-Pipeline/.venv/lib/python3.10/site-packages/airflow/example_dags/example_workday_timetable.py
[2024-10-21T14:47:39.914+0700] {processor.py:914} INFO - Processing file /Users/punny/Documents/GitHub/NYC-Taxi-ETL-Pipeline/.venv/lib/python3.10/site-packages/airflow/example_dags/example_workday_timetable.py for tasks to queue
[2024-10-21T14:47:39.965+0700] {logging_mixin.py:190} INFO - [2024-10-21T14:47:39.918+0700] {dagbag.py:588} INFO - Filling up the DagBag from /Users/punny/Documents/GitHub/NYC-Taxi-ETL-Pipeline/.venv/lib/python3.10/site-packages/airflow/example_dags/example_workday_timetable.py
[2024-10-21T14:47:42.359+0700] {processor.py:925} INFO - DAG(s) 'example_workday_timetable' retrieved from /Users/punny/Documents/GitHub/NYC-Taxi-ETL-Pipeline/.venv/lib/python3.10/site-packages/airflow/example_dags/example_workday_timetable.py
[2024-10-21T14:47:42.788+0700] {logging_mixin.py:190} INFO - [2024-10-21T14:47:42.787+0700] {dag.py:3239} INFO - Sync 1 DAGs
[2024-10-21T14:47:43.047+0700] {logging_mixin.py:190} INFO - [2024-10-21T14:47:43.046+0700] {dag.py:4180} INFO - Setting next_dagrun for example_workday_timetable to 2021-01-04 00:00:00+00:00, run_after=2021-01-05 00:00:00+00:00
[2024-10-21T14:47:43.095+0700] {processor.py:208} INFO - Processing /Users/punny/Documents/GitHub/NYC-Taxi-ETL-Pipeline/.venv/lib/python3.10/site-packages/airflow/example_dags/example_workday_timetable.py took 3.284 seconds
[2024-10-21T14:51:17.439+0700] {processor.py:186} INFO - Started process (PID=36374) to work on /Users/punny/Documents/GitHub/NYC-Taxi-ETL-Pipeline/.venv/lib/python3.10/site-packages/airflow/example_dags/example_workday_timetable.py
[2024-10-21T14:51:17.447+0700] {processor.py:914} INFO - Processing file /Users/punny/Documents/GitHub/NYC-Taxi-ETL-Pipeline/.venv/lib/python3.10/site-packages/airflow/example_dags/example_workday_timetable.py for tasks to queue
[2024-10-21T14:51:17.449+0700] {logging_mixin.py:190} INFO - [2024-10-21T14:51:17.448+0700] {dagbag.py:588} INFO - Filling up the DagBag from /Users/punny/Documents/GitHub/NYC-Taxi-ETL-Pipeline/.venv/lib/python3.10/site-packages/airflow/example_dags/example_workday_timetable.py
[2024-10-21T14:51:18.482+0700] {processor.py:925} INFO - DAG(s) 'example_workday_timetable' retrieved from /Users/punny/Documents/GitHub/NYC-Taxi-ETL-Pipeline/.venv/lib/python3.10/site-packages/airflow/example_dags/example_workday_timetable.py
[2024-10-21T14:51:18.859+0700] {logging_mixin.py:190} INFO - [2024-10-21T14:51:18.858+0700] {dag.py:3239} INFO - Sync 1 DAGs
[2024-10-21T14:51:19.088+0700] {logging_mixin.py:190} INFO - [2024-10-21T14:51:19.087+0700] {dag.py:4180} INFO - Setting next_dagrun for example_workday_timetable to 2021-01-04 00:00:00+00:00, run_after=2021-01-05 00:00:00+00:00
[2024-10-21T14:51:19.133+0700] {processor.py:208} INFO - Processing /Users/punny/Documents/GitHub/NYC-Taxi-ETL-Pipeline/.venv/lib/python3.10/site-packages/airflow/example_dags/example_workday_timetable.py took 1.706 seconds
[2024-10-21T14:54:53.512+0700] {processor.py:186} INFO - Started process (PID=36902) to work on /Users/punny/Documents/GitHub/NYC-Taxi-ETL-Pipeline/.venv/lib/python3.10/site-packages/airflow/example_dags/example_workday_timetable.py
[2024-10-21T14:54:53.516+0700] {processor.py:914} INFO - Processing file /Users/punny/Documents/GitHub/NYC-Taxi-ETL-Pipeline/.venv/lib/python3.10/site-packages/airflow/example_dags/example_workday_timetable.py for tasks to queue
[2024-10-21T14:54:53.518+0700] {logging_mixin.py:190} INFO - [2024-10-21T14:54:53.518+0700] {dagbag.py:588} INFO - Filling up the DagBag from /Users/punny/Documents/GitHub/NYC-Taxi-ETL-Pipeline/.venv/lib/python3.10/site-packages/airflow/example_dags/example_workday_timetable.py
[2024-10-21T14:54:54.359+0700] {processor.py:925} INFO - DAG(s) 'example_workday_timetable' retrieved from /Users/punny/Documents/GitHub/NYC-Taxi-ETL-Pipeline/.venv/lib/python3.10/site-packages/airflow/example_dags/example_workday_timetable.py
[2024-10-21T14:54:54.586+0700] {logging_mixin.py:190} INFO - [2024-10-21T14:54:54.585+0700] {dag.py:3239} INFO - Sync 1 DAGs
[2024-10-21T14:54:54.705+0700] {logging_mixin.py:190} INFO - [2024-10-21T14:54:54.704+0700] {dag.py:4180} INFO - Setting next_dagrun for example_workday_timetable to 2021-01-04 00:00:00+00:00, run_after=2021-01-05 00:00:00+00:00
[2024-10-21T14:54:54.738+0700] {processor.py:208} INFO - Processing /Users/punny/Documents/GitHub/NYC-Taxi-ETL-Pipeline/.venv/lib/python3.10/site-packages/airflow/example_dags/example_workday_timetable.py took 1.234 seconds
[2024-10-21T14:59:27.812+0700] {processor.py:186} INFO - Started process (PID=37595) to work on /Users/punny/Documents/GitHub/NYC-Taxi-ETL-Pipeline/.venv/lib/python3.10/site-packages/airflow/example_dags/example_workday_timetable.py
[2024-10-21T14:59:27.815+0700] {processor.py:914} INFO - Processing file /Users/punny/Documents/GitHub/NYC-Taxi-ETL-Pipeline/.venv/lib/python3.10/site-packages/airflow/example_dags/example_workday_timetable.py for tasks to queue
[2024-10-21T14:59:27.817+0700] {logging_mixin.py:190} INFO - [2024-10-21T14:59:27.816+0700] {dagbag.py:588} INFO - Filling up the DagBag from /Users/punny/Documents/GitHub/NYC-Taxi-ETL-Pipeline/.venv/lib/python3.10/site-packages/airflow/example_dags/example_workday_timetable.py
[2024-10-21T14:59:28.645+0700] {processor.py:925} INFO - DAG(s) 'example_workday_timetable' retrieved from /Users/punny/Documents/GitHub/NYC-Taxi-ETL-Pipeline/.venv/lib/python3.10/site-packages/airflow/example_dags/example_workday_timetable.py
[2024-10-21T14:59:28.875+0700] {logging_mixin.py:190} INFO - [2024-10-21T14:59:28.874+0700] {dag.py:3239} INFO - Sync 1 DAGs
[2024-10-21T14:59:28.953+0700] {logging_mixin.py:190} INFO - [2024-10-21T14:59:28.953+0700] {dag.py:4180} INFO - Setting next_dagrun for example_workday_timetable to 2021-01-04 00:00:00+00:00, run_after=2021-01-05 00:00:00+00:00
[2024-10-21T14:59:28.979+0700] {processor.py:208} INFO - Processing /Users/punny/Documents/GitHub/NYC-Taxi-ETL-Pipeline/.venv/lib/python3.10/site-packages/airflow/example_dags/example_workday_timetable.py took 1.180 seconds
[2024-10-21T15:05:10.181+0700] {processor.py:186} INFO - Started process (PID=38400) to work on /Users/punny/Documents/GitHub/NYC-Taxi-ETL-Pipeline/.venv/lib/python3.10/site-packages/airflow/example_dags/example_workday_timetable.py
[2024-10-21T15:05:10.186+0700] {processor.py:914} INFO - Processing file /Users/punny/Documents/GitHub/NYC-Taxi-ETL-Pipeline/.venv/lib/python3.10/site-packages/airflow/example_dags/example_workday_timetable.py for tasks to queue
[2024-10-21T15:05:10.187+0700] {logging_mixin.py:190} INFO - [2024-10-21T15:05:10.187+0700] {dagbag.py:588} INFO - Filling up the DagBag from /Users/punny/Documents/GitHub/NYC-Taxi-ETL-Pipeline/.venv/lib/python3.10/site-packages/airflow/example_dags/example_workday_timetable.py
[2024-10-21T15:05:11.428+0700] {processor.py:925} INFO - DAG(s) 'example_workday_timetable' retrieved from /Users/punny/Documents/GitHub/NYC-Taxi-ETL-Pipeline/.venv/lib/python3.10/site-packages/airflow/example_dags/example_workday_timetable.py
[2024-10-21T15:05:11.680+0700] {logging_mixin.py:190} INFO - [2024-10-21T15:05:11.679+0700] {dag.py:3239} INFO - Sync 1 DAGs
[2024-10-21T15:05:11.781+0700] {logging_mixin.py:190} INFO - [2024-10-21T15:05:11.780+0700] {dag.py:4180} INFO - Setting next_dagrun for example_workday_timetable to 2021-01-04 00:00:00+00:00, run_after=2021-01-05 00:00:00+00:00
[2024-10-21T15:05:11.811+0700] {processor.py:208} INFO - Processing /Users/punny/Documents/GitHub/NYC-Taxi-ETL-Pipeline/.venv/lib/python3.10/site-packages/airflow/example_dags/example_workday_timetable.py took 1.640 seconds
[2024-10-21T15:09:50.243+0700] {processor.py:186} INFO - Started process (PID=39007) to work on /Users/punny/Documents/GitHub/NYC-Taxi-ETL-Pipeline/.venv/lib/python3.10/site-packages/airflow/example_dags/example_workday_timetable.py
[2024-10-21T15:09:50.250+0700] {processor.py:914} INFO - Processing file /Users/punny/Documents/GitHub/NYC-Taxi-ETL-Pipeline/.venv/lib/python3.10/site-packages/airflow/example_dags/example_workday_timetable.py for tasks to queue
[2024-10-21T15:09:50.252+0700] {logging_mixin.py:190} INFO - [2024-10-21T15:09:50.251+0700] {dagbag.py:588} INFO - Filling up the DagBag from /Users/punny/Documents/GitHub/NYC-Taxi-ETL-Pipeline/.venv/lib/python3.10/site-packages/airflow/example_dags/example_workday_timetable.py
[2024-10-21T15:09:51.422+0700] {processor.py:925} INFO - DAG(s) 'example_workday_timetable' retrieved from /Users/punny/Documents/GitHub/NYC-Taxi-ETL-Pipeline/.venv/lib/python3.10/site-packages/airflow/example_dags/example_workday_timetable.py
[2024-10-21T15:09:51.748+0700] {logging_mixin.py:190} INFO - [2024-10-21T15:09:51.747+0700] {dag.py:3239} INFO - Sync 1 DAGs
[2024-10-21T15:09:51.880+0700] {logging_mixin.py:190} INFO - [2024-10-21T15:09:51.879+0700] {dag.py:4180} INFO - Setting next_dagrun for example_workday_timetable to 2021-01-04 00:00:00+00:00, run_after=2021-01-05 00:00:00+00:00
[2024-10-21T15:09:51.932+0700] {processor.py:208} INFO - Processing /Users/punny/Documents/GitHub/NYC-Taxi-ETL-Pipeline/.venv/lib/python3.10/site-packages/airflow/example_dags/example_workday_timetable.py took 1.700 seconds
[2024-10-21T15:14:10.508+0700] {processor.py:186} INFO - Started process (PID=39539) to work on /Users/punny/Documents/GitHub/NYC-Taxi-ETL-Pipeline/.venv/lib/python3.10/site-packages/airflow/example_dags/example_workday_timetable.py
[2024-10-21T15:14:10.511+0700] {processor.py:914} INFO - Processing file /Users/punny/Documents/GitHub/NYC-Taxi-ETL-Pipeline/.venv/lib/python3.10/site-packages/airflow/example_dags/example_workday_timetable.py for tasks to queue
[2024-10-21T15:14:10.513+0700] {logging_mixin.py:190} INFO - [2024-10-21T15:14:10.512+0700] {dagbag.py:588} INFO - Filling up the DagBag from /Users/punny/Documents/GitHub/NYC-Taxi-ETL-Pipeline/.venv/lib/python3.10/site-packages/airflow/example_dags/example_workday_timetable.py
[2024-10-21T15:14:11.441+0700] {processor.py:925} INFO - DAG(s) 'example_workday_timetable' retrieved from /Users/punny/Documents/GitHub/NYC-Taxi-ETL-Pipeline/.venv/lib/python3.10/site-packages/airflow/example_dags/example_workday_timetable.py
[2024-10-21T15:14:11.674+0700] {logging_mixin.py:190} INFO - [2024-10-21T15:14:11.673+0700] {dag.py:3239} INFO - Sync 1 DAGs
[2024-10-21T15:14:11.786+0700] {logging_mixin.py:190} INFO - [2024-10-21T15:14:11.786+0700] {dag.py:4180} INFO - Setting next_dagrun for example_workday_timetable to 2021-01-04 00:00:00+00:00, run_after=2021-01-05 00:00:00+00:00
[2024-10-21T15:14:11.821+0700] {processor.py:208} INFO - Processing /Users/punny/Documents/GitHub/NYC-Taxi-ETL-Pipeline/.venv/lib/python3.10/site-packages/airflow/example_dags/example_workday_timetable.py took 1.326 seconds
[2024-10-21T15:18:33.749+0700] {processor.py:186} INFO - Started process (PID=40069) to work on /Users/punny/Documents/GitHub/NYC-Taxi-ETL-Pipeline/.venv/lib/python3.10/site-packages/airflow/example_dags/example_workday_timetable.py
[2024-10-21T15:18:33.754+0700] {processor.py:914} INFO - Processing file /Users/punny/Documents/GitHub/NYC-Taxi-ETL-Pipeline/.venv/lib/python3.10/site-packages/airflow/example_dags/example_workday_timetable.py for tasks to queue
[2024-10-21T15:18:33.756+0700] {logging_mixin.py:190} INFO - [2024-10-21T15:18:33.756+0700] {dagbag.py:588} INFO - Filling up the DagBag from /Users/punny/Documents/GitHub/NYC-Taxi-ETL-Pipeline/.venv/lib/python3.10/site-packages/airflow/example_dags/example_workday_timetable.py
[2024-10-21T15:18:34.683+0700] {processor.py:925} INFO - DAG(s) 'example_workday_timetable' retrieved from /Users/punny/Documents/GitHub/NYC-Taxi-ETL-Pipeline/.venv/lib/python3.10/site-packages/airflow/example_dags/example_workday_timetable.py
[2024-10-21T15:18:34.941+0700] {logging_mixin.py:190} INFO - [2024-10-21T15:18:34.940+0700] {dag.py:3239} INFO - Sync 1 DAGs
[2024-10-21T15:18:35.048+0700] {logging_mixin.py:190} INFO - [2024-10-21T15:18:35.047+0700] {dag.py:4180} INFO - Setting next_dagrun for example_workday_timetable to 2021-01-04 00:00:00+00:00, run_after=2021-01-05 00:00:00+00:00
[2024-10-21T15:18:35.083+0700] {processor.py:208} INFO - Processing /Users/punny/Documents/GitHub/NYC-Taxi-ETL-Pipeline/.venv/lib/python3.10/site-packages/airflow/example_dags/example_workday_timetable.py took 1.342 seconds
[2024-10-21T15:22:41.390+0700] {processor.py:186} INFO - Started process (PID=40615) to work on /Users/punny/Documents/GitHub/NYC-Taxi-ETL-Pipeline/.venv/lib/python3.10/site-packages/airflow/example_dags/example_workday_timetable.py
[2024-10-21T15:22:41.395+0700] {processor.py:914} INFO - Processing file /Users/punny/Documents/GitHub/NYC-Taxi-ETL-Pipeline/.venv/lib/python3.10/site-packages/airflow/example_dags/example_workday_timetable.py for tasks to queue
[2024-10-21T15:22:41.397+0700] {logging_mixin.py:190} INFO - [2024-10-21T15:22:41.397+0700] {dagbag.py:588} INFO - Filling up the DagBag from /Users/punny/Documents/GitHub/NYC-Taxi-ETL-Pipeline/.venv/lib/python3.10/site-packages/airflow/example_dags/example_workday_timetable.py
[2024-10-21T15:22:42.342+0700] {processor.py:925} INFO - DAG(s) 'example_workday_timetable' retrieved from /Users/punny/Documents/GitHub/NYC-Taxi-ETL-Pipeline/.venv/lib/python3.10/site-packages/airflow/example_dags/example_workday_timetable.py
[2024-10-21T15:22:42.579+0700] {logging_mixin.py:190} INFO - [2024-10-21T15:22:42.578+0700] {dag.py:3239} INFO - Sync 1 DAGs
[2024-10-21T15:22:42.671+0700] {logging_mixin.py:190} INFO - [2024-10-21T15:22:42.671+0700] {dag.py:4180} INFO - Setting next_dagrun for example_workday_timetable to 2021-01-04 00:00:00+00:00, run_after=2021-01-05 00:00:00+00:00
[2024-10-21T15:22:42.704+0700] {processor.py:208} INFO - Processing /Users/punny/Documents/GitHub/NYC-Taxi-ETL-Pipeline/.venv/lib/python3.10/site-packages/airflow/example_dags/example_workday_timetable.py took 1.321 seconds
[2024-10-21T15:26:40.712+0700] {processor.py:186} INFO - Started process (PID=41104) to work on /Users/punny/Documents/GitHub/NYC-Taxi-ETL-Pipeline/.venv/lib/python3.10/site-packages/airflow/example_dags/example_workday_timetable.py
[2024-10-21T15:26:40.718+0700] {processor.py:914} INFO - Processing file /Users/punny/Documents/GitHub/NYC-Taxi-ETL-Pipeline/.venv/lib/python3.10/site-packages/airflow/example_dags/example_workday_timetable.py for tasks to queue
[2024-10-21T15:26:40.721+0700] {logging_mixin.py:190} INFO - [2024-10-21T15:26:40.720+0700] {dagbag.py:588} INFO - Filling up the DagBag from /Users/punny/Documents/GitHub/NYC-Taxi-ETL-Pipeline/.venv/lib/python3.10/site-packages/airflow/example_dags/example_workday_timetable.py
[2024-10-21T15:26:41.667+0700] {processor.py:925} INFO - DAG(s) 'example_workday_timetable' retrieved from /Users/punny/Documents/GitHub/NYC-Taxi-ETL-Pipeline/.venv/lib/python3.10/site-packages/airflow/example_dags/example_workday_timetable.py
[2024-10-21T15:26:41.922+0700] {logging_mixin.py:190} INFO - [2024-10-21T15:26:41.921+0700] {dag.py:3239} INFO - Sync 1 DAGs
[2024-10-21T15:26:42.024+0700] {logging_mixin.py:190} INFO - [2024-10-21T15:26:42.023+0700] {dag.py:4180} INFO - Setting next_dagrun for example_workday_timetable to 2021-01-04 00:00:00+00:00, run_after=2021-01-05 00:00:00+00:00
[2024-10-21T15:26:42.052+0700] {processor.py:208} INFO - Processing /Users/punny/Documents/GitHub/NYC-Taxi-ETL-Pipeline/.venv/lib/python3.10/site-packages/airflow/example_dags/example_workday_timetable.py took 1.357 seconds
[2024-10-21T15:30:51.009+0700] {processor.py:186} INFO - Started process (PID=41667) to work on /Users/punny/Documents/GitHub/NYC-Taxi-ETL-Pipeline/.venv/lib/python3.10/site-packages/airflow/example_dags/example_workday_timetable.py
[2024-10-21T15:30:51.014+0700] {processor.py:914} INFO - Processing file /Users/punny/Documents/GitHub/NYC-Taxi-ETL-Pipeline/.venv/lib/python3.10/site-packages/airflow/example_dags/example_workday_timetable.py for tasks to queue
[2024-10-21T15:30:51.016+0700] {logging_mixin.py:190} INFO - [2024-10-21T15:30:51.015+0700] {dagbag.py:588} INFO - Filling up the DagBag from /Users/punny/Documents/GitHub/NYC-Taxi-ETL-Pipeline/.venv/lib/python3.10/site-packages/airflow/example_dags/example_workday_timetable.py
[2024-10-21T15:30:51.916+0700] {processor.py:925} INFO - DAG(s) 'example_workday_timetable' retrieved from /Users/punny/Documents/GitHub/NYC-Taxi-ETL-Pipeline/.venv/lib/python3.10/site-packages/airflow/example_dags/example_workday_timetable.py
[2024-10-21T15:30:52.178+0700] {logging_mixin.py:190} INFO - [2024-10-21T15:30:52.177+0700] {dag.py:3239} INFO - Sync 1 DAGs
[2024-10-21T15:30:52.286+0700] {logging_mixin.py:190} INFO - [2024-10-21T15:30:52.286+0700] {dag.py:4180} INFO - Setting next_dagrun for example_workday_timetable to 2021-01-04 00:00:00+00:00, run_after=2021-01-05 00:00:00+00:00
[2024-10-21T15:30:52.319+0700] {processor.py:208} INFO - Processing /Users/punny/Documents/GitHub/NYC-Taxi-ETL-Pipeline/.venv/lib/python3.10/site-packages/airflow/example_dags/example_workday_timetable.py took 1.325 seconds
[2024-10-21T15:34:48.219+0700] {processor.py:186} INFO - Started process (PID=42144) to work on /Users/punny/Documents/GitHub/NYC-Taxi-ETL-Pipeline/.venv/lib/python3.10/site-packages/airflow/example_dags/example_workday_timetable.py
[2024-10-21T15:34:48.223+0700] {processor.py:914} INFO - Processing file /Users/punny/Documents/GitHub/NYC-Taxi-ETL-Pipeline/.venv/lib/python3.10/site-packages/airflow/example_dags/example_workday_timetable.py for tasks to queue
[2024-10-21T15:34:48.228+0700] {logging_mixin.py:190} INFO - [2024-10-21T15:34:48.227+0700] {dagbag.py:588} INFO - Filling up the DagBag from /Users/punny/Documents/GitHub/NYC-Taxi-ETL-Pipeline/.venv/lib/python3.10/site-packages/airflow/example_dags/example_workday_timetable.py
[2024-10-21T15:34:49.111+0700] {processor.py:925} INFO - DAG(s) 'example_workday_timetable' retrieved from /Users/punny/Documents/GitHub/NYC-Taxi-ETL-Pipeline/.venv/lib/python3.10/site-packages/airflow/example_dags/example_workday_timetable.py
[2024-10-21T15:34:49.354+0700] {logging_mixin.py:190} INFO - [2024-10-21T15:34:49.354+0700] {dag.py:3239} INFO - Sync 1 DAGs
[2024-10-21T15:34:49.484+0700] {logging_mixin.py:190} INFO - [2024-10-21T15:34:49.484+0700] {dag.py:4180} INFO - Setting next_dagrun for example_workday_timetable to 2021-01-04 00:00:00+00:00, run_after=2021-01-05 00:00:00+00:00
[2024-10-21T15:34:49.512+0700] {processor.py:208} INFO - Processing /Users/punny/Documents/GitHub/NYC-Taxi-ETL-Pipeline/.venv/lib/python3.10/site-packages/airflow/example_dags/example_workday_timetable.py took 1.306 seconds
[2024-10-21T15:38:38.163+0700] {processor.py:186} INFO - Started process (PID=42640) to work on /Users/punny/Documents/GitHub/NYC-Taxi-ETL-Pipeline/.venv/lib/python3.10/site-packages/airflow/example_dags/example_workday_timetable.py
[2024-10-21T15:38:38.168+0700] {processor.py:914} INFO - Processing file /Users/punny/Documents/GitHub/NYC-Taxi-ETL-Pipeline/.venv/lib/python3.10/site-packages/airflow/example_dags/example_workday_timetable.py for tasks to queue
[2024-10-21T15:38:38.169+0700] {logging_mixin.py:190} INFO - [2024-10-21T15:38:38.169+0700] {dagbag.py:588} INFO - Filling up the DagBag from /Users/punny/Documents/GitHub/NYC-Taxi-ETL-Pipeline/.venv/lib/python3.10/site-packages/airflow/example_dags/example_workday_timetable.py
[2024-10-21T15:38:38.992+0700] {processor.py:925} INFO - DAG(s) 'example_workday_timetable' retrieved from /Users/punny/Documents/GitHub/NYC-Taxi-ETL-Pipeline/.venv/lib/python3.10/site-packages/airflow/example_dags/example_workday_timetable.py
[2024-10-21T15:38:39.274+0700] {logging_mixin.py:190} INFO - [2024-10-21T15:38:39.274+0700] {dag.py:3239} INFO - Sync 1 DAGs
[2024-10-21T15:38:39.367+0700] {logging_mixin.py:190} INFO - [2024-10-21T15:38:39.367+0700] {dag.py:4180} INFO - Setting next_dagrun for example_workday_timetable to 2021-01-04 00:00:00+00:00, run_after=2021-01-05 00:00:00+00:00
[2024-10-21T15:38:39.398+0700] {processor.py:208} INFO - Processing /Users/punny/Documents/GitHub/NYC-Taxi-ETL-Pipeline/.venv/lib/python3.10/site-packages/airflow/example_dags/example_workday_timetable.py took 1.252 seconds
[2024-10-21T15:42:38.384+0700] {processor.py:186} INFO - Started process (PID=43210) to work on /Users/punny/Documents/GitHub/NYC-Taxi-ETL-Pipeline/.venv/lib/python3.10/site-packages/airflow/example_dags/example_workday_timetable.py
[2024-10-21T15:42:38.389+0700] {processor.py:914} INFO - Processing file /Users/punny/Documents/GitHub/NYC-Taxi-ETL-Pipeline/.venv/lib/python3.10/site-packages/airflow/example_dags/example_workday_timetable.py for tasks to queue
[2024-10-21T15:42:38.391+0700] {logging_mixin.py:190} INFO - [2024-10-21T15:42:38.391+0700] {dagbag.py:588} INFO - Filling up the DagBag from /Users/punny/Documents/GitHub/NYC-Taxi-ETL-Pipeline/.venv/lib/python3.10/site-packages/airflow/example_dags/example_workday_timetable.py
[2024-10-21T15:42:39.473+0700] {processor.py:925} INFO - DAG(s) 'example_workday_timetable' retrieved from /Users/punny/Documents/GitHub/NYC-Taxi-ETL-Pipeline/.venv/lib/python3.10/site-packages/airflow/example_dags/example_workday_timetable.py
[2024-10-21T15:42:39.736+0700] {logging_mixin.py:190} INFO - [2024-10-21T15:42:39.735+0700] {dag.py:3239} INFO - Sync 1 DAGs
[2024-10-21T15:42:39.841+0700] {logging_mixin.py:190} INFO - [2024-10-21T15:42:39.841+0700] {dag.py:4180} INFO - Setting next_dagrun for example_workday_timetable to 2021-01-04 00:00:00+00:00, run_after=2021-01-05 00:00:00+00:00
[2024-10-21T15:42:39.876+0700] {processor.py:208} INFO - Processing /Users/punny/Documents/GitHub/NYC-Taxi-ETL-Pipeline/.venv/lib/python3.10/site-packages/airflow/example_dags/example_workday_timetable.py took 1.510 seconds
[2024-10-21T15:46:32.393+0700] {processor.py:186} INFO - Started process (PID=43697) to work on /Users/punny/Documents/GitHub/NYC-Taxi-ETL-Pipeline/.venv/lib/python3.10/site-packages/airflow/example_dags/example_workday_timetable.py
[2024-10-21T15:46:32.399+0700] {processor.py:914} INFO - Processing file /Users/punny/Documents/GitHub/NYC-Taxi-ETL-Pipeline/.venv/lib/python3.10/site-packages/airflow/example_dags/example_workday_timetable.py for tasks to queue
[2024-10-21T15:46:32.401+0700] {logging_mixin.py:190} INFO - [2024-10-21T15:46:32.401+0700] {dagbag.py:588} INFO - Filling up the DagBag from /Users/punny/Documents/GitHub/NYC-Taxi-ETL-Pipeline/.venv/lib/python3.10/site-packages/airflow/example_dags/example_workday_timetable.py
[2024-10-21T15:46:33.287+0700] {processor.py:925} INFO - DAG(s) 'example_workday_timetable' retrieved from /Users/punny/Documents/GitHub/NYC-Taxi-ETL-Pipeline/.venv/lib/python3.10/site-packages/airflow/example_dags/example_workday_timetable.py
[2024-10-21T15:46:33.536+0700] {logging_mixin.py:190} INFO - [2024-10-21T15:46:33.535+0700] {dag.py:3239} INFO - Sync 1 DAGs
[2024-10-21T15:46:33.632+0700] {logging_mixin.py:190} INFO - [2024-10-21T15:46:33.632+0700] {dag.py:4180} INFO - Setting next_dagrun for example_workday_timetable to 2021-01-04 00:00:00+00:00, run_after=2021-01-05 00:00:00+00:00
[2024-10-21T15:46:33.670+0700] {processor.py:208} INFO - Processing /Users/punny/Documents/GitHub/NYC-Taxi-ETL-Pipeline/.venv/lib/python3.10/site-packages/airflow/example_dags/example_workday_timetable.py took 1.293 seconds
[2024-10-21T15:50:32.024+0700] {processor.py:186} INFO - Started process (PID=44233) to work on /Users/punny/Documents/GitHub/NYC-Taxi-ETL-Pipeline/.venv/lib/python3.10/site-packages/airflow/example_dags/example_workday_timetable.py
[2024-10-21T15:50:32.029+0700] {processor.py:914} INFO - Processing file /Users/punny/Documents/GitHub/NYC-Taxi-ETL-Pipeline/.venv/lib/python3.10/site-packages/airflow/example_dags/example_workday_timetable.py for tasks to queue
[2024-10-21T15:50:32.035+0700] {logging_mixin.py:190} INFO - [2024-10-21T15:50:32.033+0700] {dagbag.py:588} INFO - Filling up the DagBag from /Users/punny/Documents/GitHub/NYC-Taxi-ETL-Pipeline/.venv/lib/python3.10/site-packages/airflow/example_dags/example_workday_timetable.py
[2024-10-21T15:50:32.933+0700] {processor.py:925} INFO - DAG(s) 'example_workday_timetable' retrieved from /Users/punny/Documents/GitHub/NYC-Taxi-ETL-Pipeline/.venv/lib/python3.10/site-packages/airflow/example_dags/example_workday_timetable.py
[2024-10-21T15:50:33.169+0700] {logging_mixin.py:190} INFO - [2024-10-21T15:50:33.169+0700] {dag.py:3239} INFO - Sync 1 DAGs
[2024-10-21T15:50:33.273+0700] {logging_mixin.py:190} INFO - [2024-10-21T15:50:33.273+0700] {dag.py:4180} INFO - Setting next_dagrun for example_workday_timetable to 2021-01-04 00:00:00+00:00, run_after=2021-01-05 00:00:00+00:00
[2024-10-21T15:50:33.303+0700] {processor.py:208} INFO - Processing /Users/punny/Documents/GitHub/NYC-Taxi-ETL-Pipeline/.venv/lib/python3.10/site-packages/airflow/example_dags/example_workday_timetable.py took 1.289 seconds
[2024-10-21T15:54:21.167+0700] {processor.py:186} INFO - Started process (PID=44696) to work on /Users/punny/Documents/GitHub/NYC-Taxi-ETL-Pipeline/.venv/lib/python3.10/site-packages/airflow/example_dags/example_workday_timetable.py
[2024-10-21T15:54:21.171+0700] {processor.py:914} INFO - Processing file /Users/punny/Documents/GitHub/NYC-Taxi-ETL-Pipeline/.venv/lib/python3.10/site-packages/airflow/example_dags/example_workday_timetable.py for tasks to queue
[2024-10-21T15:54:21.173+0700] {logging_mixin.py:190} INFO - [2024-10-21T15:54:21.172+0700] {dagbag.py:588} INFO - Filling up the DagBag from /Users/punny/Documents/GitHub/NYC-Taxi-ETL-Pipeline/.venv/lib/python3.10/site-packages/airflow/example_dags/example_workday_timetable.py
[2024-10-21T15:54:22.135+0700] {processor.py:925} INFO - DAG(s) 'example_workday_timetable' retrieved from /Users/punny/Documents/GitHub/NYC-Taxi-ETL-Pipeline/.venv/lib/python3.10/site-packages/airflow/example_dags/example_workday_timetable.py
[2024-10-21T15:54:22.347+0700] {logging_mixin.py:190} INFO - [2024-10-21T15:54:22.346+0700] {dag.py:3239} INFO - Sync 1 DAGs
[2024-10-21T15:54:22.436+0700] {logging_mixin.py:190} INFO - [2024-10-21T15:54:22.436+0700] {dag.py:4180} INFO - Setting next_dagrun for example_workday_timetable to 2021-01-04 00:00:00+00:00, run_after=2021-01-05 00:00:00+00:00
[2024-10-21T15:54:22.467+0700] {processor.py:208} INFO - Processing /Users/punny/Documents/GitHub/NYC-Taxi-ETL-Pipeline/.venv/lib/python3.10/site-packages/airflow/example_dags/example_workday_timetable.py took 1.316 seconds
[2024-10-21T15:58:33.362+0700] {processor.py:186} INFO - Started process (PID=45216) to work on /Users/punny/Documents/GitHub/NYC-Taxi-ETL-Pipeline/.venv/lib/python3.10/site-packages/airflow/example_dags/example_workday_timetable.py
[2024-10-21T15:58:33.366+0700] {processor.py:914} INFO - Processing file /Users/punny/Documents/GitHub/NYC-Taxi-ETL-Pipeline/.venv/lib/python3.10/site-packages/airflow/example_dags/example_workday_timetable.py for tasks to queue
[2024-10-21T15:58:33.368+0700] {logging_mixin.py:190} INFO - [2024-10-21T15:58:33.368+0700] {dagbag.py:588} INFO - Filling up the DagBag from /Users/punny/Documents/GitHub/NYC-Taxi-ETL-Pipeline/.venv/lib/python3.10/site-packages/airflow/example_dags/example_workday_timetable.py
[2024-10-21T15:58:34.534+0700] {processor.py:925} INFO - DAG(s) 'example_workday_timetable' retrieved from /Users/punny/Documents/GitHub/NYC-Taxi-ETL-Pipeline/.venv/lib/python3.10/site-packages/airflow/example_dags/example_workday_timetable.py
[2024-10-21T15:58:34.754+0700] {logging_mixin.py:190} INFO - [2024-10-21T15:58:34.754+0700] {dag.py:3239} INFO - Sync 1 DAGs
[2024-10-21T15:58:34.858+0700] {logging_mixin.py:190} INFO - [2024-10-21T15:58:34.858+0700] {dag.py:4180} INFO - Setting next_dagrun for example_workday_timetable to 2021-01-04 00:00:00+00:00, run_after=2021-01-05 00:00:00+00:00
[2024-10-21T15:58:34.890+0700] {processor.py:208} INFO - Processing /Users/punny/Documents/GitHub/NYC-Taxi-ETL-Pipeline/.venv/lib/python3.10/site-packages/airflow/example_dags/example_workday_timetable.py took 1.535 seconds
[2024-10-21T16:02:40.601+0700] {processor.py:186} INFO - Started process (PID=45786) to work on /Users/punny/Documents/GitHub/NYC-Taxi-ETL-Pipeline/.venv/lib/python3.10/site-packages/airflow/example_dags/example_workday_timetable.py
[2024-10-21T16:02:40.605+0700] {processor.py:914} INFO - Processing file /Users/punny/Documents/GitHub/NYC-Taxi-ETL-Pipeline/.venv/lib/python3.10/site-packages/airflow/example_dags/example_workday_timetable.py for tasks to queue
[2024-10-21T16:02:40.607+0700] {logging_mixin.py:190} INFO - [2024-10-21T16:02:40.607+0700] {dagbag.py:588} INFO - Filling up the DagBag from /Users/punny/Documents/GitHub/NYC-Taxi-ETL-Pipeline/.venv/lib/python3.10/site-packages/airflow/example_dags/example_workday_timetable.py
[2024-10-21T16:02:41.554+0700] {processor.py:925} INFO - DAG(s) 'example_workday_timetable' retrieved from /Users/punny/Documents/GitHub/NYC-Taxi-ETL-Pipeline/.venv/lib/python3.10/site-packages/airflow/example_dags/example_workday_timetable.py
[2024-10-21T16:02:41.809+0700] {logging_mixin.py:190} INFO - [2024-10-21T16:02:41.809+0700] {dag.py:3239} INFO - Sync 1 DAGs
[2024-10-21T16:02:41.903+0700] {logging_mixin.py:190} INFO - [2024-10-21T16:02:41.903+0700] {dag.py:4180} INFO - Setting next_dagrun for example_workday_timetable to 2021-01-04 00:00:00+00:00, run_after=2021-01-05 00:00:00+00:00
[2024-10-21T16:02:41.938+0700] {processor.py:208} INFO - Processing /Users/punny/Documents/GitHub/NYC-Taxi-ETL-Pipeline/.venv/lib/python3.10/site-packages/airflow/example_dags/example_workday_timetable.py took 1.351 seconds
[2024-10-21T20:36:51.302+0700] {processor.py:186} INFO - Started process (PID=4261) to work on /Users/punny/Documents/GitHub/NYC-Taxi-ETL-Pipeline/.venv/lib/python3.10/site-packages/airflow/example_dags/example_workday_timetable.py
[2024-10-21T20:36:51.306+0700] {processor.py:914} INFO - Processing file /Users/punny/Documents/GitHub/NYC-Taxi-ETL-Pipeline/.venv/lib/python3.10/site-packages/airflow/example_dags/example_workday_timetable.py for tasks to queue
[2024-10-21T20:36:51.307+0700] {logging_mixin.py:190} INFO - [2024-10-21T20:36:51.307+0700] {dagbag.py:588} INFO - Filling up the DagBag from /Users/punny/Documents/GitHub/NYC-Taxi-ETL-Pipeline/.venv/lib/python3.10/site-packages/airflow/example_dags/example_workday_timetable.py
[2024-10-21T20:36:51.816+0700] {processor.py:925} INFO - DAG(s) 'example_workday_timetable' retrieved from /Users/punny/Documents/GitHub/NYC-Taxi-ETL-Pipeline/.venv/lib/python3.10/site-packages/airflow/example_dags/example_workday_timetable.py
[2024-10-21T20:36:51.973+0700] {logging_mixin.py:190} INFO - [2024-10-21T20:36:51.972+0700] {dag.py:3239} INFO - Sync 1 DAGs
[2024-10-21T20:36:52.078+0700] {logging_mixin.py:190} INFO - [2024-10-21T20:36:52.078+0700] {dag.py:4180} INFO - Setting next_dagrun for example_workday_timetable to 2021-01-04 00:00:00+00:00, run_after=2021-01-05 00:00:00+00:00
[2024-10-21T20:36:52.103+0700] {processor.py:208} INFO - Processing /Users/punny/Documents/GitHub/NYC-Taxi-ETL-Pipeline/.venv/lib/python3.10/site-packages/airflow/example_dags/example_workday_timetable.py took 0.806 seconds
[2024-10-21T20:40:37.486+0700] {processor.py:186} INFO - Started process (PID=4542) to work on /Users/punny/Documents/GitHub/NYC-Taxi-ETL-Pipeline/.venv/lib/python3.10/site-packages/airflow/example_dags/example_workday_timetable.py
[2024-10-21T20:40:37.490+0700] {processor.py:914} INFO - Processing file /Users/punny/Documents/GitHub/NYC-Taxi-ETL-Pipeline/.venv/lib/python3.10/site-packages/airflow/example_dags/example_workday_timetable.py for tasks to queue
[2024-10-21T20:40:37.491+0700] {logging_mixin.py:190} INFO - [2024-10-21T20:40:37.491+0700] {dagbag.py:588} INFO - Filling up the DagBag from /Users/punny/Documents/GitHub/NYC-Taxi-ETL-Pipeline/.venv/lib/python3.10/site-packages/airflow/example_dags/example_workday_timetable.py
[2024-10-21T20:40:38.108+0700] {processor.py:925} INFO - DAG(s) 'example_workday_timetable' retrieved from /Users/punny/Documents/GitHub/NYC-Taxi-ETL-Pipeline/.venv/lib/python3.10/site-packages/airflow/example_dags/example_workday_timetable.py
[2024-10-21T20:40:38.253+0700] {logging_mixin.py:190} INFO - [2024-10-21T20:40:38.253+0700] {dag.py:3239} INFO - Sync 1 DAGs
[2024-10-21T20:40:38.315+0700] {logging_mixin.py:190} INFO - [2024-10-21T20:40:38.315+0700] {dag.py:4180} INFO - Setting next_dagrun for example_workday_timetable to 2021-01-04 00:00:00+00:00, run_after=2021-01-05 00:00:00+00:00
[2024-10-21T20:40:38.337+0700] {processor.py:208} INFO - Processing /Users/punny/Documents/GitHub/NYC-Taxi-ETL-Pipeline/.venv/lib/python3.10/site-packages/airflow/example_dags/example_workday_timetable.py took 0.858 seconds
[2024-10-21T20:44:12.709+0700] {processor.py:186} INFO - Started process (PID=4902) to work on /Users/punny/Documents/GitHub/NYC-Taxi-ETL-Pipeline/.venv/lib/python3.10/site-packages/airflow/example_dags/example_workday_timetable.py
[2024-10-21T20:44:12.712+0700] {processor.py:914} INFO - Processing file /Users/punny/Documents/GitHub/NYC-Taxi-ETL-Pipeline/.venv/lib/python3.10/site-packages/airflow/example_dags/example_workday_timetable.py for tasks to queue
[2024-10-21T20:44:12.714+0700] {logging_mixin.py:190} INFO - [2024-10-21T20:44:12.713+0700] {dagbag.py:588} INFO - Filling up the DagBag from /Users/punny/Documents/GitHub/NYC-Taxi-ETL-Pipeline/.venv/lib/python3.10/site-packages/airflow/example_dags/example_workday_timetable.py
[2024-10-21T20:44:13.575+0700] {processor.py:925} INFO - DAG(s) 'example_workday_timetable' retrieved from /Users/punny/Documents/GitHub/NYC-Taxi-ETL-Pipeline/.venv/lib/python3.10/site-packages/airflow/example_dags/example_workday_timetable.py
[2024-10-21T20:44:13.749+0700] {logging_mixin.py:190} INFO - [2024-10-21T20:44:13.748+0700] {dag.py:3239} INFO - Sync 1 DAGs
[2024-10-21T20:44:13.822+0700] {logging_mixin.py:190} INFO - [2024-10-21T20:44:13.822+0700] {dag.py:4180} INFO - Setting next_dagrun for example_workday_timetable to 2021-01-04 00:00:00+00:00, run_after=2021-01-05 00:00:00+00:00
[2024-10-21T20:44:13.847+0700] {processor.py:208} INFO - Processing /Users/punny/Documents/GitHub/NYC-Taxi-ETL-Pipeline/.venv/lib/python3.10/site-packages/airflow/example_dags/example_workday_timetable.py took 1.148 seconds
[2024-10-21T20:47:58.081+0700] {processor.py:186} INFO - Started process (PID=5266) to work on /Users/punny/Documents/GitHub/NYC-Taxi-ETL-Pipeline/.venv/lib/python3.10/site-packages/airflow/example_dags/example_workday_timetable.py
[2024-10-21T20:47:58.084+0700] {processor.py:914} INFO - Processing file /Users/punny/Documents/GitHub/NYC-Taxi-ETL-Pipeline/.venv/lib/python3.10/site-packages/airflow/example_dags/example_workday_timetable.py for tasks to queue
[2024-10-21T20:47:58.085+0700] {logging_mixin.py:190} INFO - [2024-10-21T20:47:58.085+0700] {dagbag.py:588} INFO - Filling up the DagBag from /Users/punny/Documents/GitHub/NYC-Taxi-ETL-Pipeline/.venv/lib/python3.10/site-packages/airflow/example_dags/example_workday_timetable.py
[2024-10-21T20:47:58.739+0700] {processor.py:925} INFO - DAG(s) 'example_workday_timetable' retrieved from /Users/punny/Documents/GitHub/NYC-Taxi-ETL-Pipeline/.venv/lib/python3.10/site-packages/airflow/example_dags/example_workday_timetable.py
[2024-10-21T20:47:58.883+0700] {logging_mixin.py:190} INFO - [2024-10-21T20:47:58.883+0700] {dag.py:3239} INFO - Sync 1 DAGs
[2024-10-21T20:47:58.948+0700] {logging_mixin.py:190} INFO - [2024-10-21T20:47:58.948+0700] {dag.py:4180} INFO - Setting next_dagrun for example_workday_timetable to 2021-01-04 00:00:00+00:00, run_after=2021-01-05 00:00:00+00:00
[2024-10-21T20:47:58.971+0700] {processor.py:208} INFO - Processing /Users/punny/Documents/GitHub/NYC-Taxi-ETL-Pipeline/.venv/lib/python3.10/site-packages/airflow/example_dags/example_workday_timetable.py took 0.898 seconds
[2024-10-21T20:51:42.087+0700] {processor.py:186} INFO - Started process (PID=5586) to work on /Users/punny/Documents/GitHub/NYC-Taxi-ETL-Pipeline/.venv/lib/python3.10/site-packages/airflow/example_dags/example_workday_timetable.py
[2024-10-21T20:51:42.091+0700] {processor.py:914} INFO - Processing file /Users/punny/Documents/GitHub/NYC-Taxi-ETL-Pipeline/.venv/lib/python3.10/site-packages/airflow/example_dags/example_workday_timetable.py for tasks to queue
[2024-10-21T20:51:42.092+0700] {logging_mixin.py:190} INFO - [2024-10-21T20:51:42.092+0700] {dagbag.py:588} INFO - Filling up the DagBag from /Users/punny/Documents/GitHub/NYC-Taxi-ETL-Pipeline/.venv/lib/python3.10/site-packages/airflow/example_dags/example_workday_timetable.py
[2024-10-21T20:51:42.900+0700] {processor.py:925} INFO - DAG(s) 'example_workday_timetable' retrieved from /Users/punny/Documents/GitHub/NYC-Taxi-ETL-Pipeline/.venv/lib/python3.10/site-packages/airflow/example_dags/example_workday_timetable.py
[2024-10-21T20:51:43.107+0700] {logging_mixin.py:190} INFO - [2024-10-21T20:51:43.107+0700] {dag.py:3239} INFO - Sync 1 DAGs
[2024-10-21T20:51:43.193+0700] {logging_mixin.py:190} INFO - [2024-10-21T20:51:43.192+0700] {dag.py:4180} INFO - Setting next_dagrun for example_workday_timetable to 2021-01-04 00:00:00+00:00, run_after=2021-01-05 00:00:00+00:00
[2024-10-21T20:51:43.221+0700] {processor.py:208} INFO - Processing /Users/punny/Documents/GitHub/NYC-Taxi-ETL-Pipeline/.venv/lib/python3.10/site-packages/airflow/example_dags/example_workday_timetable.py took 1.143 seconds
[2024-10-21T20:55:56.115+0700] {processor.py:186} INFO - Started process (PID=6118) to work on /Users/punny/Documents/GitHub/NYC-Taxi-ETL-Pipeline/.venv/lib/python3.10/site-packages/airflow/example_dags/example_workday_timetable.py
[2024-10-21T20:55:56.119+0700] {processor.py:914} INFO - Processing file /Users/punny/Documents/GitHub/NYC-Taxi-ETL-Pipeline/.venv/lib/python3.10/site-packages/airflow/example_dags/example_workday_timetable.py for tasks to queue
[2024-10-21T20:55:56.121+0700] {logging_mixin.py:190} INFO - [2024-10-21T20:55:56.121+0700] {dagbag.py:588} INFO - Filling up the DagBag from /Users/punny/Documents/GitHub/NYC-Taxi-ETL-Pipeline/.venv/lib/python3.10/site-packages/airflow/example_dags/example_workday_timetable.py
[2024-10-21T20:55:56.587+0700] {processor.py:925} INFO - DAG(s) 'example_workday_timetable' retrieved from /Users/punny/Documents/GitHub/NYC-Taxi-ETL-Pipeline/.venv/lib/python3.10/site-packages/airflow/example_dags/example_workday_timetable.py
[2024-10-21T20:55:56.739+0700] {logging_mixin.py:190} INFO - [2024-10-21T20:55:56.738+0700] {dag.py:3239} INFO - Sync 1 DAGs
[2024-10-21T20:55:56.801+0700] {logging_mixin.py:190} INFO - [2024-10-21T20:55:56.801+0700] {dag.py:4180} INFO - Setting next_dagrun for example_workday_timetable to 2021-01-04 00:00:00+00:00, run_after=2021-01-05 00:00:00+00:00
[2024-10-21T20:55:56.823+0700] {processor.py:208} INFO - Processing /Users/punny/Documents/GitHub/NYC-Taxi-ETL-Pipeline/.venv/lib/python3.10/site-packages/airflow/example_dags/example_workday_timetable.py took 0.717 seconds
[2024-10-21T21:00:09.562+0700] {processor.py:186} INFO - Started process (PID=6431) to work on /Users/punny/Documents/GitHub/NYC-Taxi-ETL-Pipeline/.venv/lib/python3.10/site-packages/airflow/example_dags/example_workday_timetable.py
[2024-10-21T21:00:09.565+0700] {processor.py:914} INFO - Processing file /Users/punny/Documents/GitHub/NYC-Taxi-ETL-Pipeline/.venv/lib/python3.10/site-packages/airflow/example_dags/example_workday_timetable.py for tasks to queue
[2024-10-21T21:00:09.566+0700] {logging_mixin.py:190} INFO - [2024-10-21T21:00:09.566+0700] {dagbag.py:588} INFO - Filling up the DagBag from /Users/punny/Documents/GitHub/NYC-Taxi-ETL-Pipeline/.venv/lib/python3.10/site-packages/airflow/example_dags/example_workday_timetable.py
[2024-10-21T21:00:10.312+0700] {processor.py:925} INFO - DAG(s) 'example_workday_timetable' retrieved from /Users/punny/Documents/GitHub/NYC-Taxi-ETL-Pipeline/.venv/lib/python3.10/site-packages/airflow/example_dags/example_workday_timetable.py
[2024-10-21T21:00:10.585+0700] {logging_mixin.py:190} INFO - [2024-10-21T21:00:10.585+0700] {dag.py:3239} INFO - Sync 1 DAGs
[2024-10-21T21:00:10.664+0700] {logging_mixin.py:190} INFO - [2024-10-21T21:00:10.664+0700] {dag.py:4180} INFO - Setting next_dagrun for example_workday_timetable to 2021-01-04 00:00:00+00:00, run_after=2021-01-05 00:00:00+00:00
[2024-10-21T21:00:10.689+0700] {processor.py:208} INFO - Processing /Users/punny/Documents/GitHub/NYC-Taxi-ETL-Pipeline/.venv/lib/python3.10/site-packages/airflow/example_dags/example_workday_timetable.py took 1.135 seconds
[2024-10-21T21:04:15.197+0700] {processor.py:186} INFO - Started process (PID=6746) to work on /Users/punny/Documents/GitHub/NYC-Taxi-ETL-Pipeline/.venv/lib/python3.10/site-packages/airflow/example_dags/example_workday_timetable.py
[2024-10-21T21:04:15.200+0700] {processor.py:914} INFO - Processing file /Users/punny/Documents/GitHub/NYC-Taxi-ETL-Pipeline/.venv/lib/python3.10/site-packages/airflow/example_dags/example_workday_timetable.py for tasks to queue
[2024-10-21T21:04:15.201+0700] {logging_mixin.py:190} INFO - [2024-10-21T21:04:15.201+0700] {dagbag.py:588} INFO - Filling up the DagBag from /Users/punny/Documents/GitHub/NYC-Taxi-ETL-Pipeline/.venv/lib/python3.10/site-packages/airflow/example_dags/example_workday_timetable.py
[2024-10-21T21:04:15.869+0700] {processor.py:925} INFO - DAG(s) 'example_workday_timetable' retrieved from /Users/punny/Documents/GitHub/NYC-Taxi-ETL-Pipeline/.venv/lib/python3.10/site-packages/airflow/example_dags/example_workday_timetable.py
[2024-10-21T21:04:16.015+0700] {logging_mixin.py:190} INFO - [2024-10-21T21:04:16.015+0700] {dag.py:3239} INFO - Sync 1 DAGs
[2024-10-21T21:04:16.081+0700] {logging_mixin.py:190} INFO - [2024-10-21T21:04:16.080+0700] {dag.py:4180} INFO - Setting next_dagrun for example_workday_timetable to 2021-01-04 00:00:00+00:00, run_after=2021-01-05 00:00:00+00:00
[2024-10-21T21:04:16.105+0700] {processor.py:208} INFO - Processing /Users/punny/Documents/GitHub/NYC-Taxi-ETL-Pipeline/.venv/lib/python3.10/site-packages/airflow/example_dags/example_workday_timetable.py took 0.917 seconds
[2024-10-21T21:07:34.721+0700] {processor.py:186} INFO - Started process (PID=7027) to work on /Users/punny/Documents/GitHub/NYC-Taxi-ETL-Pipeline/.venv/lib/python3.10/site-packages/airflow/example_dags/example_workday_timetable.py
[2024-10-21T21:07:34.724+0700] {processor.py:914} INFO - Processing file /Users/punny/Documents/GitHub/NYC-Taxi-ETL-Pipeline/.venv/lib/python3.10/site-packages/airflow/example_dags/example_workday_timetable.py for tasks to queue
[2024-10-21T21:07:34.725+0700] {logging_mixin.py:190} INFO - [2024-10-21T21:07:34.725+0700] {dagbag.py:588} INFO - Filling up the DagBag from /Users/punny/Documents/GitHub/NYC-Taxi-ETL-Pipeline/.venv/lib/python3.10/site-packages/airflow/example_dags/example_workday_timetable.py
[2024-10-21T21:07:35.425+0700] {processor.py:925} INFO - DAG(s) 'example_workday_timetable' retrieved from /Users/punny/Documents/GitHub/NYC-Taxi-ETL-Pipeline/.venv/lib/python3.10/site-packages/airflow/example_dags/example_workday_timetable.py
[2024-10-21T21:07:35.596+0700] {logging_mixin.py:190} INFO - [2024-10-21T21:07:35.595+0700] {dag.py:3239} INFO - Sync 1 DAGs
[2024-10-21T21:07:35.669+0700] {logging_mixin.py:190} INFO - [2024-10-21T21:07:35.668+0700] {dag.py:4180} INFO - Setting next_dagrun for example_workday_timetable to 2021-01-04 00:00:00+00:00, run_after=2021-01-05 00:00:00+00:00
[2024-10-21T21:07:35.693+0700] {processor.py:208} INFO - Processing /Users/punny/Documents/GitHub/NYC-Taxi-ETL-Pipeline/.venv/lib/python3.10/site-packages/airflow/example_dags/example_workday_timetable.py took 0.978 seconds
[2024-10-21T21:10:55.823+0700] {processor.py:186} INFO - Started process (PID=7228) to work on /Users/punny/Documents/GitHub/NYC-Taxi-ETL-Pipeline/.venv/lib/python3.10/site-packages/airflow/example_dags/example_workday_timetable.py
[2024-10-21T21:10:55.826+0700] {processor.py:914} INFO - Processing file /Users/punny/Documents/GitHub/NYC-Taxi-ETL-Pipeline/.venv/lib/python3.10/site-packages/airflow/example_dags/example_workday_timetable.py for tasks to queue
[2024-10-21T21:10:55.828+0700] {logging_mixin.py:190} INFO - [2024-10-21T21:10:55.827+0700] {dagbag.py:588} INFO - Filling up the DagBag from /Users/punny/Documents/GitHub/NYC-Taxi-ETL-Pipeline/.venv/lib/python3.10/site-packages/airflow/example_dags/example_workday_timetable.py
[2024-10-21T21:10:56.451+0700] {processor.py:925} INFO - DAG(s) 'example_workday_timetable' retrieved from /Users/punny/Documents/GitHub/NYC-Taxi-ETL-Pipeline/.venv/lib/python3.10/site-packages/airflow/example_dags/example_workday_timetable.py
[2024-10-21T21:10:56.604+0700] {logging_mixin.py:190} INFO - [2024-10-21T21:10:56.604+0700] {dag.py:3239} INFO - Sync 1 DAGs
[2024-10-21T21:10:56.668+0700] {logging_mixin.py:190} INFO - [2024-10-21T21:10:56.668+0700] {dag.py:4180} INFO - Setting next_dagrun for example_workday_timetable to 2021-01-04 00:00:00+00:00, run_after=2021-01-05 00:00:00+00:00
[2024-10-21T21:10:56.698+0700] {processor.py:208} INFO - Processing /Users/punny/Documents/GitHub/NYC-Taxi-ETL-Pipeline/.venv/lib/python3.10/site-packages/airflow/example_dags/example_workday_timetable.py took 0.882 seconds
[2024-10-21T21:14:00.543+0700] {processor.py:186} INFO - Started process (PID=7560) to work on /Users/punny/Documents/GitHub/NYC-Taxi-ETL-Pipeline/.venv/lib/python3.10/site-packages/airflow/example_dags/example_workday_timetable.py
[2024-10-21T21:14:00.548+0700] {processor.py:914} INFO - Processing file /Users/punny/Documents/GitHub/NYC-Taxi-ETL-Pipeline/.venv/lib/python3.10/site-packages/airflow/example_dags/example_workday_timetable.py for tasks to queue
[2024-10-21T21:14:00.549+0700] {logging_mixin.py:190} INFO - [2024-10-21T21:14:00.549+0700] {dagbag.py:588} INFO - Filling up the DagBag from /Users/punny/Documents/GitHub/NYC-Taxi-ETL-Pipeline/.venv/lib/python3.10/site-packages/airflow/example_dags/example_workday_timetable.py
[2024-10-21T21:14:01.254+0700] {processor.py:925} INFO - DAG(s) 'example_workday_timetable' retrieved from /Users/punny/Documents/GitHub/NYC-Taxi-ETL-Pipeline/.venv/lib/python3.10/site-packages/airflow/example_dags/example_workday_timetable.py
[2024-10-21T21:14:01.422+0700] {logging_mixin.py:190} INFO - [2024-10-21T21:14:01.421+0700] {dag.py:3239} INFO - Sync 1 DAGs
[2024-10-21T21:14:01.500+0700] {logging_mixin.py:190} INFO - [2024-10-21T21:14:01.500+0700] {dag.py:4180} INFO - Setting next_dagrun for example_workday_timetable to 2021-01-04 00:00:00+00:00, run_after=2021-01-05 00:00:00+00:00
[2024-10-21T21:14:01.523+0700] {processor.py:208} INFO - Processing /Users/punny/Documents/GitHub/NYC-Taxi-ETL-Pipeline/.venv/lib/python3.10/site-packages/airflow/example_dags/example_workday_timetable.py took 0.989 seconds
[2024-10-21T21:17:18.831+0700] {processor.py:186} INFO - Started process (PID=7883) to work on /Users/punny/Documents/GitHub/NYC-Taxi-ETL-Pipeline/.venv/lib/python3.10/site-packages/airflow/example_dags/example_workday_timetable.py
[2024-10-21T21:17:18.836+0700] {processor.py:914} INFO - Processing file /Users/punny/Documents/GitHub/NYC-Taxi-ETL-Pipeline/.venv/lib/python3.10/site-packages/airflow/example_dags/example_workday_timetable.py for tasks to queue
[2024-10-21T21:17:18.838+0700] {logging_mixin.py:190} INFO - [2024-10-21T21:17:18.838+0700] {dagbag.py:588} INFO - Filling up the DagBag from /Users/punny/Documents/GitHub/NYC-Taxi-ETL-Pipeline/.venv/lib/python3.10/site-packages/airflow/example_dags/example_workday_timetable.py
[2024-10-21T21:17:19.599+0700] {processor.py:925} INFO - DAG(s) 'example_workday_timetable' retrieved from /Users/punny/Documents/GitHub/NYC-Taxi-ETL-Pipeline/.venv/lib/python3.10/site-packages/airflow/example_dags/example_workday_timetable.py
[2024-10-21T21:17:19.794+0700] {logging_mixin.py:190} INFO - [2024-10-21T21:17:19.793+0700] {dag.py:3239} INFO - Sync 1 DAGs
[2024-10-21T21:17:19.874+0700] {logging_mixin.py:190} INFO - [2024-10-21T21:17:19.873+0700] {dag.py:4180} INFO - Setting next_dagrun for example_workday_timetable to 2021-01-04 00:00:00+00:00, run_after=2021-01-05 00:00:00+00:00
[2024-10-21T21:17:19.902+0700] {processor.py:208} INFO - Processing /Users/punny/Documents/GitHub/NYC-Taxi-ETL-Pipeline/.venv/lib/python3.10/site-packages/airflow/example_dags/example_workday_timetable.py took 1.084 seconds
[2024-10-21T21:20:22.897+0700] {processor.py:186} INFO - Started process (PID=8057) to work on /Users/punny/Documents/GitHub/NYC-Taxi-ETL-Pipeline/.venv/lib/python3.10/site-packages/airflow/example_dags/example_workday_timetable.py
[2024-10-21T21:20:22.901+0700] {processor.py:914} INFO - Processing file /Users/punny/Documents/GitHub/NYC-Taxi-ETL-Pipeline/.venv/lib/python3.10/site-packages/airflow/example_dags/example_workday_timetable.py for tasks to queue
[2024-10-21T21:20:22.903+0700] {logging_mixin.py:190} INFO - [2024-10-21T21:20:22.902+0700] {dagbag.py:588} INFO - Filling up the DagBag from /Users/punny/Documents/GitHub/NYC-Taxi-ETL-Pipeline/.venv/lib/python3.10/site-packages/airflow/example_dags/example_workday_timetable.py
[2024-10-21T21:20:23.378+0700] {processor.py:925} INFO - DAG(s) 'example_workday_timetable' retrieved from /Users/punny/Documents/GitHub/NYC-Taxi-ETL-Pipeline/.venv/lib/python3.10/site-packages/airflow/example_dags/example_workday_timetable.py
[2024-10-21T21:20:23.527+0700] {logging_mixin.py:190} INFO - [2024-10-21T21:20:23.526+0700] {dag.py:3239} INFO - Sync 1 DAGs
[2024-10-21T21:20:23.588+0700] {logging_mixin.py:190} INFO - [2024-10-21T21:20:23.588+0700] {dag.py:4180} INFO - Setting next_dagrun for example_workday_timetable to 2021-01-04 00:00:00+00:00, run_after=2021-01-05 00:00:00+00:00
[2024-10-21T21:20:23.609+0700] {processor.py:208} INFO - Processing /Users/punny/Documents/GitHub/NYC-Taxi-ETL-Pipeline/.venv/lib/python3.10/site-packages/airflow/example_dags/example_workday_timetable.py took 0.721 seconds
[2024-10-21T21:23:14.712+0700] {processor.py:186} INFO - Started process (PID=8255) to work on /Users/punny/Documents/GitHub/NYC-Taxi-ETL-Pipeline/.venv/lib/python3.10/site-packages/airflow/example_dags/example_workday_timetable.py
[2024-10-21T21:23:14.716+0700] {processor.py:914} INFO - Processing file /Users/punny/Documents/GitHub/NYC-Taxi-ETL-Pipeline/.venv/lib/python3.10/site-packages/airflow/example_dags/example_workday_timetable.py for tasks to queue
[2024-10-21T21:23:14.718+0700] {logging_mixin.py:190} INFO - [2024-10-21T21:23:14.717+0700] {dagbag.py:588} INFO - Filling up the DagBag from /Users/punny/Documents/GitHub/NYC-Taxi-ETL-Pipeline/.venv/lib/python3.10/site-packages/airflow/example_dags/example_workday_timetable.py
[2024-10-21T21:23:15.443+0700] {processor.py:925} INFO - DAG(s) 'example_workday_timetable' retrieved from /Users/punny/Documents/GitHub/NYC-Taxi-ETL-Pipeline/.venv/lib/python3.10/site-packages/airflow/example_dags/example_workday_timetable.py
[2024-10-21T21:23:15.711+0700] {logging_mixin.py:190} INFO - [2024-10-21T21:23:15.711+0700] {dag.py:3239} INFO - Sync 1 DAGs
[2024-10-21T21:23:15.781+0700] {logging_mixin.py:190} INFO - [2024-10-21T21:23:15.781+0700] {dag.py:4180} INFO - Setting next_dagrun for example_workday_timetable to 2021-01-04 00:00:00+00:00, run_after=2021-01-05 00:00:00+00:00
[2024-10-21T21:23:15.805+0700] {processor.py:208} INFO - Processing /Users/punny/Documents/GitHub/NYC-Taxi-ETL-Pipeline/.venv/lib/python3.10/site-packages/airflow/example_dags/example_workday_timetable.py took 1.105 seconds
[2024-10-21T21:26:36.796+0700] {processor.py:186} INFO - Started process (PID=8635) to work on /Users/punny/Documents/GitHub/NYC-Taxi-ETL-Pipeline/.venv/lib/python3.10/site-packages/airflow/example_dags/example_workday_timetable.py
[2024-10-21T21:26:36.801+0700] {processor.py:914} INFO - Processing file /Users/punny/Documents/GitHub/NYC-Taxi-ETL-Pipeline/.venv/lib/python3.10/site-packages/airflow/example_dags/example_workday_timetable.py for tasks to queue
[2024-10-21T21:26:36.802+0700] {logging_mixin.py:190} INFO - [2024-10-21T21:26:36.802+0700] {dagbag.py:588} INFO - Filling up the DagBag from /Users/punny/Documents/GitHub/NYC-Taxi-ETL-Pipeline/.venv/lib/python3.10/site-packages/airflow/example_dags/example_workday_timetable.py
[2024-10-21T21:26:38.013+0700] {processor.py:925} INFO - DAG(s) 'example_workday_timetable' retrieved from /Users/punny/Documents/GitHub/NYC-Taxi-ETL-Pipeline/.venv/lib/python3.10/site-packages/airflow/example_dags/example_workday_timetable.py
[2024-10-21T21:26:38.319+0700] {logging_mixin.py:190} INFO - [2024-10-21T21:26:38.319+0700] {dag.py:3239} INFO - Sync 1 DAGs
[2024-10-21T21:26:38.454+0700] {logging_mixin.py:190} INFO - [2024-10-21T21:26:38.453+0700] {dag.py:4180} INFO - Setting next_dagrun for example_workday_timetable to 2021-01-04 00:00:00+00:00, run_after=2021-01-05 00:00:00+00:00
[2024-10-21T21:26:38.484+0700] {processor.py:208} INFO - Processing /Users/punny/Documents/GitHub/NYC-Taxi-ETL-Pipeline/.venv/lib/python3.10/site-packages/airflow/example_dags/example_workday_timetable.py took 1.699 seconds
[2024-10-21T21:29:45.105+0700] {processor.py:186} INFO - Started process (PID=8880) to work on /Users/punny/Documents/GitHub/NYC-Taxi-ETL-Pipeline/.venv/lib/python3.10/site-packages/airflow/example_dags/example_workday_timetable.py
[2024-10-21T21:29:45.108+0700] {processor.py:914} INFO - Processing file /Users/punny/Documents/GitHub/NYC-Taxi-ETL-Pipeline/.venv/lib/python3.10/site-packages/airflow/example_dags/example_workday_timetable.py for tasks to queue
[2024-10-21T21:29:45.109+0700] {logging_mixin.py:190} INFO - [2024-10-21T21:29:45.108+0700] {dagbag.py:588} INFO - Filling up the DagBag from /Users/punny/Documents/GitHub/NYC-Taxi-ETL-Pipeline/.venv/lib/python3.10/site-packages/airflow/example_dags/example_workday_timetable.py
[2024-10-21T21:29:45.769+0700] {processor.py:925} INFO - DAG(s) 'example_workday_timetable' retrieved from /Users/punny/Documents/GitHub/NYC-Taxi-ETL-Pipeline/.venv/lib/python3.10/site-packages/airflow/example_dags/example_workday_timetable.py
[2024-10-21T21:29:45.921+0700] {logging_mixin.py:190} INFO - [2024-10-21T21:29:45.921+0700] {dag.py:3239} INFO - Sync 1 DAGs
[2024-10-21T21:29:45.986+0700] {logging_mixin.py:190} INFO - [2024-10-21T21:29:45.986+0700] {dag.py:4180} INFO - Setting next_dagrun for example_workday_timetable to 2021-01-04 00:00:00+00:00, run_after=2021-01-05 00:00:00+00:00
[2024-10-21T21:29:46.010+0700] {processor.py:208} INFO - Processing /Users/punny/Documents/GitHub/NYC-Taxi-ETL-Pipeline/.venv/lib/python3.10/site-packages/airflow/example_dags/example_workday_timetable.py took 0.913 seconds
[2024-10-21T21:32:35.667+0700] {processor.py:186} INFO - Started process (PID=9106) to work on /Users/punny/Documents/GitHub/NYC-Taxi-ETL-Pipeline/.venv/lib/python3.10/site-packages/airflow/example_dags/example_workday_timetable.py
[2024-10-21T21:32:35.670+0700] {processor.py:914} INFO - Processing file /Users/punny/Documents/GitHub/NYC-Taxi-ETL-Pipeline/.venv/lib/python3.10/site-packages/airflow/example_dags/example_workday_timetable.py for tasks to queue
[2024-10-21T21:32:35.671+0700] {logging_mixin.py:190} INFO - [2024-10-21T21:32:35.671+0700] {dagbag.py:588} INFO - Filling up the DagBag from /Users/punny/Documents/GitHub/NYC-Taxi-ETL-Pipeline/.venv/lib/python3.10/site-packages/airflow/example_dags/example_workday_timetable.py
[2024-10-21T21:32:36.303+0700] {processor.py:925} INFO - DAG(s) 'example_workday_timetable' retrieved from /Users/punny/Documents/GitHub/NYC-Taxi-ETL-Pipeline/.venv/lib/python3.10/site-packages/airflow/example_dags/example_workday_timetable.py
[2024-10-21T21:32:36.452+0700] {logging_mixin.py:190} INFO - [2024-10-21T21:32:36.452+0700] {dag.py:3239} INFO - Sync 1 DAGs
[2024-10-21T21:32:36.514+0700] {logging_mixin.py:190} INFO - [2024-10-21T21:32:36.514+0700] {dag.py:4180} INFO - Setting next_dagrun for example_workday_timetable to 2021-01-04 00:00:00+00:00, run_after=2021-01-05 00:00:00+00:00
[2024-10-21T21:32:36.536+0700] {processor.py:208} INFO - Processing /Users/punny/Documents/GitHub/NYC-Taxi-ETL-Pipeline/.venv/lib/python3.10/site-packages/airflow/example_dags/example_workday_timetable.py took 0.877 seconds
[2024-10-21T21:35:32.868+0700] {processor.py:186} INFO - Started process (PID=9352) to work on /Users/punny/Documents/GitHub/NYC-Taxi-ETL-Pipeline/.venv/lib/python3.10/site-packages/airflow/example_dags/example_workday_timetable.py
[2024-10-21T21:35:32.871+0700] {processor.py:914} INFO - Processing file /Users/punny/Documents/GitHub/NYC-Taxi-ETL-Pipeline/.venv/lib/python3.10/site-packages/airflow/example_dags/example_workday_timetable.py for tasks to queue
[2024-10-21T21:35:32.872+0700] {logging_mixin.py:190} INFO - [2024-10-21T21:35:32.872+0700] {dagbag.py:588} INFO - Filling up the DagBag from /Users/punny/Documents/GitHub/NYC-Taxi-ETL-Pipeline/.venv/lib/python3.10/site-packages/airflow/example_dags/example_workday_timetable.py
[2024-10-21T21:35:33.461+0700] {processor.py:925} INFO - DAG(s) 'example_workday_timetable' retrieved from /Users/punny/Documents/GitHub/NYC-Taxi-ETL-Pipeline/.venv/lib/python3.10/site-packages/airflow/example_dags/example_workday_timetable.py
[2024-10-21T21:35:33.603+0700] {logging_mixin.py:190} INFO - [2024-10-21T21:35:33.602+0700] {dag.py:3239} INFO - Sync 1 DAGs
[2024-10-21T21:35:33.662+0700] {logging_mixin.py:190} INFO - [2024-10-21T21:35:33.662+0700] {dag.py:4180} INFO - Setting next_dagrun for example_workday_timetable to 2021-01-04 00:00:00+00:00, run_after=2021-01-05 00:00:00+00:00
[2024-10-21T21:35:33.683+0700] {processor.py:208} INFO - Processing /Users/punny/Documents/GitHub/NYC-Taxi-ETL-Pipeline/.venv/lib/python3.10/site-packages/airflow/example_dags/example_workday_timetable.py took 0.825 seconds
[2024-10-21T21:38:57.940+0700] {processor.py:186} INFO - Started process (PID=9661) to work on /Users/punny/Documents/GitHub/NYC-Taxi-ETL-Pipeline/.venv/lib/python3.10/site-packages/airflow/example_dags/example_workday_timetable.py
[2024-10-21T21:38:57.943+0700] {processor.py:914} INFO - Processing file /Users/punny/Documents/GitHub/NYC-Taxi-ETL-Pipeline/.venv/lib/python3.10/site-packages/airflow/example_dags/example_workday_timetable.py for tasks to queue
[2024-10-21T21:38:57.944+0700] {logging_mixin.py:190} INFO - [2024-10-21T21:38:57.944+0700] {dagbag.py:588} INFO - Filling up the DagBag from /Users/punny/Documents/GitHub/NYC-Taxi-ETL-Pipeline/.venv/lib/python3.10/site-packages/airflow/example_dags/example_workday_timetable.py
[2024-10-21T21:38:58.459+0700] {processor.py:925} INFO - DAG(s) 'example_workday_timetable' retrieved from /Users/punny/Documents/GitHub/NYC-Taxi-ETL-Pipeline/.venv/lib/python3.10/site-packages/airflow/example_dags/example_workday_timetable.py
[2024-10-21T21:38:58.620+0700] {logging_mixin.py:190} INFO - [2024-10-21T21:38:58.619+0700] {dag.py:3239} INFO - Sync 1 DAGs
[2024-10-21T21:38:58.689+0700] {logging_mixin.py:190} INFO - [2024-10-21T21:38:58.689+0700] {dag.py:4180} INFO - Setting next_dagrun for example_workday_timetable to 2021-01-04 00:00:00+00:00, run_after=2021-01-05 00:00:00+00:00
[2024-10-21T21:38:58.711+0700] {processor.py:208} INFO - Processing /Users/punny/Documents/GitHub/NYC-Taxi-ETL-Pipeline/.venv/lib/python3.10/site-packages/airflow/example_dags/example_workday_timetable.py took 0.780 seconds
[2024-10-21T21:42:37.822+0700] {processor.py:186} INFO - Started process (PID=9984) to work on /Users/punny/Documents/GitHub/NYC-Taxi-ETL-Pipeline/.venv/lib/python3.10/site-packages/airflow/example_dags/example_workday_timetable.py
[2024-10-21T21:42:37.826+0700] {processor.py:914} INFO - Processing file /Users/punny/Documents/GitHub/NYC-Taxi-ETL-Pipeline/.venv/lib/python3.10/site-packages/airflow/example_dags/example_workday_timetable.py for tasks to queue
[2024-10-21T21:42:37.827+0700] {logging_mixin.py:190} INFO - [2024-10-21T21:42:37.826+0700] {dagbag.py:588} INFO - Filling up the DagBag from /Users/punny/Documents/GitHub/NYC-Taxi-ETL-Pipeline/.venv/lib/python3.10/site-packages/airflow/example_dags/example_workday_timetable.py
[2024-10-21T21:42:38.415+0700] {processor.py:925} INFO - DAG(s) 'example_workday_timetable' retrieved from /Users/punny/Documents/GitHub/NYC-Taxi-ETL-Pipeline/.venv/lib/python3.10/site-packages/airflow/example_dags/example_workday_timetable.py
[2024-10-21T21:42:38.558+0700] {logging_mixin.py:190} INFO - [2024-10-21T21:42:38.558+0700] {dag.py:3239} INFO - Sync 1 DAGs
[2024-10-21T21:42:38.618+0700] {logging_mixin.py:190} INFO - [2024-10-21T21:42:38.618+0700] {dag.py:4180} INFO - Setting next_dagrun for example_workday_timetable to 2021-01-04 00:00:00+00:00, run_after=2021-01-05 00:00:00+00:00
[2024-10-21T21:42:38.638+0700] {processor.py:208} INFO - Processing /Users/punny/Documents/GitHub/NYC-Taxi-ETL-Pipeline/.venv/lib/python3.10/site-packages/airflow/example_dags/example_workday_timetable.py took 0.824 seconds
[2024-10-21T21:46:20.277+0700] {processor.py:186} INFO - Started process (PID=10408) to work on /Users/punny/Documents/GitHub/NYC-Taxi-ETL-Pipeline/.venv/lib/python3.10/site-packages/airflow/example_dags/example_workday_timetable.py
[2024-10-21T21:46:20.281+0700] {processor.py:914} INFO - Processing file /Users/punny/Documents/GitHub/NYC-Taxi-ETL-Pipeline/.venv/lib/python3.10/site-packages/airflow/example_dags/example_workday_timetable.py for tasks to queue
[2024-10-21T21:46:20.282+0700] {logging_mixin.py:190} INFO - [2024-10-21T21:46:20.282+0700] {dagbag.py:588} INFO - Filling up the DagBag from /Users/punny/Documents/GitHub/NYC-Taxi-ETL-Pipeline/.venv/lib/python3.10/site-packages/airflow/example_dags/example_workday_timetable.py
[2024-10-21T21:46:20.884+0700] {processor.py:925} INFO - DAG(s) 'example_workday_timetable' retrieved from /Users/punny/Documents/GitHub/NYC-Taxi-ETL-Pipeline/.venv/lib/python3.10/site-packages/airflow/example_dags/example_workday_timetable.py
[2024-10-21T21:46:21.027+0700] {logging_mixin.py:190} INFO - [2024-10-21T21:46:21.027+0700] {dag.py:3239} INFO - Sync 1 DAGs
[2024-10-21T21:46:21.087+0700] {logging_mixin.py:190} INFO - [2024-10-21T21:46:21.087+0700] {dag.py:4180} INFO - Setting next_dagrun for example_workday_timetable to 2021-01-04 00:00:00+00:00, run_after=2021-01-05 00:00:00+00:00
[2024-10-21T21:46:21.108+0700] {processor.py:208} INFO - Processing /Users/punny/Documents/GitHub/NYC-Taxi-ETL-Pipeline/.venv/lib/python3.10/site-packages/airflow/example_dags/example_workday_timetable.py took 0.841 seconds
[2024-10-21T21:49:19.349+0700] {processor.py:186} INFO - Started process (PID=10612) to work on /Users/punny/Documents/GitHub/NYC-Taxi-ETL-Pipeline/.venv/lib/python3.10/site-packages/airflow/example_dags/example_workday_timetable.py
[2024-10-21T21:49:19.353+0700] {processor.py:914} INFO - Processing file /Users/punny/Documents/GitHub/NYC-Taxi-ETL-Pipeline/.venv/lib/python3.10/site-packages/airflow/example_dags/example_workday_timetable.py for tasks to queue
[2024-10-21T21:49:19.354+0700] {logging_mixin.py:190} INFO - [2024-10-21T21:49:19.353+0700] {dagbag.py:588} INFO - Filling up the DagBag from /Users/punny/Documents/GitHub/NYC-Taxi-ETL-Pipeline/.venv/lib/python3.10/site-packages/airflow/example_dags/example_workday_timetable.py
[2024-10-21T21:49:19.930+0700] {processor.py:925} INFO - DAG(s) 'example_workday_timetable' retrieved from /Users/punny/Documents/GitHub/NYC-Taxi-ETL-Pipeline/.venv/lib/python3.10/site-packages/airflow/example_dags/example_workday_timetable.py
[2024-10-21T21:49:20.071+0700] {logging_mixin.py:190} INFO - [2024-10-21T21:49:20.071+0700] {dag.py:3239} INFO - Sync 1 DAGs
[2024-10-21T21:49:20.130+0700] {logging_mixin.py:190} INFO - [2024-10-21T21:49:20.130+0700] {dag.py:4180} INFO - Setting next_dagrun for example_workday_timetable to 2021-01-04 00:00:00+00:00, run_after=2021-01-05 00:00:00+00:00
[2024-10-21T21:49:20.150+0700] {processor.py:208} INFO - Processing /Users/punny/Documents/GitHub/NYC-Taxi-ETL-Pipeline/.venv/lib/python3.10/site-packages/airflow/example_dags/example_workday_timetable.py took 0.809 seconds
[2024-10-21T21:50:50.686+0700] {processor.py:186} INFO - Started process (PID=10748) to work on /Users/punny/Documents/GitHub/NYC-Taxi-ETL-Pipeline/.venv/lib/python3.10/site-packages/airflow/example_dags/example_workday_timetable.py
[2024-10-21T21:50:50.691+0700] {processor.py:914} INFO - Processing file /Users/punny/Documents/GitHub/NYC-Taxi-ETL-Pipeline/.venv/lib/python3.10/site-packages/airflow/example_dags/example_workday_timetable.py for tasks to queue
[2024-10-21T21:50:50.692+0700] {logging_mixin.py:190} INFO - [2024-10-21T21:50:50.691+0700] {dagbag.py:588} INFO - Filling up the DagBag from /Users/punny/Documents/GitHub/NYC-Taxi-ETL-Pipeline/.venv/lib/python3.10/site-packages/airflow/example_dags/example_workday_timetable.py
[2024-10-21T21:50:51.185+0700] {processor.py:925} INFO - DAG(s) 'example_workday_timetable' retrieved from /Users/punny/Documents/GitHub/NYC-Taxi-ETL-Pipeline/.venv/lib/python3.10/site-packages/airflow/example_dags/example_workday_timetable.py
[2024-10-21T21:50:51.338+0700] {logging_mixin.py:190} INFO - [2024-10-21T21:50:51.337+0700] {dag.py:3239} INFO - Sync 1 DAGs
[2024-10-21T21:50:51.398+0700] {logging_mixin.py:190} INFO - [2024-10-21T21:50:51.397+0700] {dag.py:4180} INFO - Setting next_dagrun for example_workday_timetable to 2021-01-04 00:00:00+00:00, run_after=2021-01-05 00:00:00+00:00
[2024-10-21T21:50:51.418+0700] {processor.py:208} INFO - Processing /Users/punny/Documents/GitHub/NYC-Taxi-ETL-Pipeline/.venv/lib/python3.10/site-packages/airflow/example_dags/example_workday_timetable.py took 0.742 seconds
[2024-10-21T21:54:48.054+0700] {processor.py:186} INFO - Started process (PID=11091) to work on /Users/punny/Documents/GitHub/NYC-Taxi-ETL-Pipeline/.venv/lib/python3.10/site-packages/airflow/example_dags/example_workday_timetable.py
[2024-10-21T21:54:48.058+0700] {processor.py:914} INFO - Processing file /Users/punny/Documents/GitHub/NYC-Taxi-ETL-Pipeline/.venv/lib/python3.10/site-packages/airflow/example_dags/example_workday_timetable.py for tasks to queue
[2024-10-21T21:54:48.059+0700] {logging_mixin.py:190} INFO - [2024-10-21T21:54:48.058+0700] {dagbag.py:588} INFO - Filling up the DagBag from /Users/punny/Documents/GitHub/NYC-Taxi-ETL-Pipeline/.venv/lib/python3.10/site-packages/airflow/example_dags/example_workday_timetable.py
[2024-10-21T21:54:48.664+0700] {processor.py:925} INFO - DAG(s) 'example_workday_timetable' retrieved from /Users/punny/Documents/GitHub/NYC-Taxi-ETL-Pipeline/.venv/lib/python3.10/site-packages/airflow/example_dags/example_workday_timetable.py
[2024-10-21T21:54:48.823+0700] {logging_mixin.py:190} INFO - [2024-10-21T21:54:48.823+0700] {dag.py:3239} INFO - Sync 1 DAGs
[2024-10-21T21:54:48.897+0700] {logging_mixin.py:190} INFO - [2024-10-21T21:54:48.897+0700] {dag.py:4180} INFO - Setting next_dagrun for example_workday_timetable to 2021-01-04 00:00:00+00:00, run_after=2021-01-05 00:00:00+00:00
[2024-10-21T21:54:48.920+0700] {processor.py:208} INFO - Processing /Users/punny/Documents/GitHub/NYC-Taxi-ETL-Pipeline/.venv/lib/python3.10/site-packages/airflow/example_dags/example_workday_timetable.py took 0.876 seconds
[2024-10-21T21:58:56.322+0700] {processor.py:186} INFO - Started process (PID=11648) to work on /Users/punny/Documents/GitHub/NYC-Taxi-ETL-Pipeline/.venv/lib/python3.10/site-packages/airflow/example_dags/example_workday_timetable.py
[2024-10-21T21:58:56.326+0700] {processor.py:914} INFO - Processing file /Users/punny/Documents/GitHub/NYC-Taxi-ETL-Pipeline/.venv/lib/python3.10/site-packages/airflow/example_dags/example_workday_timetable.py for tasks to queue
[2024-10-21T21:58:56.327+0700] {logging_mixin.py:190} INFO - [2024-10-21T21:58:56.327+0700] {dagbag.py:588} INFO - Filling up the DagBag from /Users/punny/Documents/GitHub/NYC-Taxi-ETL-Pipeline/.venv/lib/python3.10/site-packages/airflow/example_dags/example_workday_timetable.py
[2024-10-21T21:58:56.805+0700] {processor.py:925} INFO - DAG(s) 'example_workday_timetable' retrieved from /Users/punny/Documents/GitHub/NYC-Taxi-ETL-Pipeline/.venv/lib/python3.10/site-packages/airflow/example_dags/example_workday_timetable.py
[2024-10-21T21:58:56.949+0700] {logging_mixin.py:190} INFO - [2024-10-21T21:58:56.949+0700] {dag.py:3239} INFO - Sync 1 DAGs
[2024-10-21T21:58:57.012+0700] {logging_mixin.py:190} INFO - [2024-10-21T21:58:57.012+0700] {dag.py:4180} INFO - Setting next_dagrun for example_workday_timetable to 2021-01-04 00:00:00+00:00, run_after=2021-01-05 00:00:00+00:00
[2024-10-21T21:58:57.034+0700] {processor.py:208} INFO - Processing /Users/punny/Documents/GitHub/NYC-Taxi-ETL-Pipeline/.venv/lib/python3.10/site-packages/airflow/example_dags/example_workday_timetable.py took 0.718 seconds
[2024-10-21T22:16:14.826+0700] {processor.py:186} INFO - Started process (PID=12014) to work on /Users/punny/Documents/GitHub/NYC-Taxi-ETL-Pipeline/.venv/lib/python3.10/site-packages/airflow/example_dags/example_workday_timetable.py
[2024-10-21T22:16:14.830+0700] {processor.py:914} INFO - Processing file /Users/punny/Documents/GitHub/NYC-Taxi-ETL-Pipeline/.venv/lib/python3.10/site-packages/airflow/example_dags/example_workday_timetable.py for tasks to queue
[2024-10-21T22:16:14.832+0700] {logging_mixin.py:190} INFO - [2024-10-21T22:16:14.831+0700] {dagbag.py:588} INFO - Filling up the DagBag from /Users/punny/Documents/GitHub/NYC-Taxi-ETL-Pipeline/.venv/lib/python3.10/site-packages/airflow/example_dags/example_workday_timetable.py
[2024-10-21T22:16:15.437+0700] {processor.py:925} INFO - DAG(s) 'example_workday_timetable' retrieved from /Users/punny/Documents/GitHub/NYC-Taxi-ETL-Pipeline/.venv/lib/python3.10/site-packages/airflow/example_dags/example_workday_timetable.py
[2024-10-21T22:16:15.589+0700] {logging_mixin.py:190} INFO - [2024-10-21T22:16:15.589+0700] {dag.py:3239} INFO - Sync 1 DAGs
[2024-10-21T22:16:15.652+0700] {logging_mixin.py:190} INFO - [2024-10-21T22:16:15.652+0700] {dag.py:4180} INFO - Setting next_dagrun for example_workday_timetable to 2021-01-04 00:00:00+00:00, run_after=2021-01-05 00:00:00+00:00
[2024-10-21T22:16:15.676+0700] {processor.py:208} INFO - Processing /Users/punny/Documents/GitHub/NYC-Taxi-ETL-Pipeline/.venv/lib/python3.10/site-packages/airflow/example_dags/example_workday_timetable.py took 0.856 seconds
[2024-10-21T22:19:10.809+0700] {processor.py:186} INFO - Started process (PID=12324) to work on /Users/punny/Documents/GitHub/NYC-Taxi-ETL-Pipeline/.venv/lib/python3.10/site-packages/airflow/example_dags/example_workday_timetable.py
[2024-10-21T22:19:10.812+0700] {processor.py:914} INFO - Processing file /Users/punny/Documents/GitHub/NYC-Taxi-ETL-Pipeline/.venv/lib/python3.10/site-packages/airflow/example_dags/example_workday_timetable.py for tasks to queue
[2024-10-21T22:19:10.813+0700] {logging_mixin.py:190} INFO - [2024-10-21T22:19:10.813+0700] {dagbag.py:588} INFO - Filling up the DagBag from /Users/punny/Documents/GitHub/NYC-Taxi-ETL-Pipeline/.venv/lib/python3.10/site-packages/airflow/example_dags/example_workday_timetable.py
[2024-10-21T22:19:11.491+0700] {processor.py:925} INFO - DAG(s) 'example_workday_timetable' retrieved from /Users/punny/Documents/GitHub/NYC-Taxi-ETL-Pipeline/.venv/lib/python3.10/site-packages/airflow/example_dags/example_workday_timetable.py
[2024-10-21T22:19:11.651+0700] {logging_mixin.py:190} INFO - [2024-10-21T22:19:11.651+0700] {dag.py:3239} INFO - Sync 1 DAGs
[2024-10-21T22:19:11.736+0700] {logging_mixin.py:190} INFO - [2024-10-21T22:19:11.736+0700] {dag.py:4180} INFO - Setting next_dagrun for example_workday_timetable to 2021-01-04 00:00:00+00:00, run_after=2021-01-05 00:00:00+00:00
[2024-10-21T22:19:11.761+0700] {processor.py:208} INFO - Processing /Users/punny/Documents/GitHub/NYC-Taxi-ETL-Pipeline/.venv/lib/python3.10/site-packages/airflow/example_dags/example_workday_timetable.py took 0.958 seconds
[2024-10-21T22:24:04.129+0700] {processor.py:186} INFO - Started process (PID=13091) to work on /Users/punny/Documents/GitHub/NYC-Taxi-ETL-Pipeline/.venv/lib/python3.10/site-packages/airflow/example_dags/example_workday_timetable.py
[2024-10-21T22:24:04.132+0700] {processor.py:914} INFO - Processing file /Users/punny/Documents/GitHub/NYC-Taxi-ETL-Pipeline/.venv/lib/python3.10/site-packages/airflow/example_dags/example_workday_timetable.py for tasks to queue
[2024-10-21T22:24:04.133+0700] {logging_mixin.py:190} INFO - [2024-10-21T22:24:04.133+0700] {dagbag.py:588} INFO - Filling up the DagBag from /Users/punny/Documents/GitHub/NYC-Taxi-ETL-Pipeline/.venv/lib/python3.10/site-packages/airflow/example_dags/example_workday_timetable.py
[2024-10-21T22:24:04.635+0700] {processor.py:925} INFO - DAG(s) 'example_workday_timetable' retrieved from /Users/punny/Documents/GitHub/NYC-Taxi-ETL-Pipeline/.venv/lib/python3.10/site-packages/airflow/example_dags/example_workday_timetable.py
[2024-10-21T22:24:04.794+0700] {logging_mixin.py:190} INFO - [2024-10-21T22:24:04.794+0700] {dag.py:3239} INFO - Sync 1 DAGs
[2024-10-21T22:24:04.859+0700] {logging_mixin.py:190} INFO - [2024-10-21T22:24:04.859+0700] {dag.py:4180} INFO - Setting next_dagrun for example_workday_timetable to 2021-01-04 00:00:00+00:00, run_after=2021-01-05 00:00:00+00:00
[2024-10-21T22:24:04.883+0700] {processor.py:208} INFO - Processing /Users/punny/Documents/GitHub/NYC-Taxi-ETL-Pipeline/.venv/lib/python3.10/site-packages/airflow/example_dags/example_workday_timetable.py took 0.763 seconds
[2024-10-21T22:28:10.966+0700] {processor.py:186} INFO - Started process (PID=13474) to work on /Users/punny/Documents/GitHub/NYC-Taxi-ETL-Pipeline/.venv/lib/python3.10/site-packages/airflow/example_dags/example_workday_timetable.py
[2024-10-21T22:28:10.970+0700] {processor.py:914} INFO - Processing file /Users/punny/Documents/GitHub/NYC-Taxi-ETL-Pipeline/.venv/lib/python3.10/site-packages/airflow/example_dags/example_workday_timetable.py for tasks to queue
[2024-10-21T22:28:10.971+0700] {logging_mixin.py:190} INFO - [2024-10-21T22:28:10.970+0700] {dagbag.py:588} INFO - Filling up the DagBag from /Users/punny/Documents/GitHub/NYC-Taxi-ETL-Pipeline/.venv/lib/python3.10/site-packages/airflow/example_dags/example_workday_timetable.py
[2024-10-21T22:28:11.572+0700] {processor.py:925} INFO - DAG(s) 'example_workday_timetable' retrieved from /Users/punny/Documents/GitHub/NYC-Taxi-ETL-Pipeline/.venv/lib/python3.10/site-packages/airflow/example_dags/example_workday_timetable.py
[2024-10-21T22:28:11.715+0700] {logging_mixin.py:190} INFO - [2024-10-21T22:28:11.715+0700] {dag.py:3239} INFO - Sync 1 DAGs
[2024-10-21T22:28:11.776+0700] {logging_mixin.py:190} INFO - [2024-10-21T22:28:11.776+0700] {dag.py:4180} INFO - Setting next_dagrun for example_workday_timetable to 2021-01-04 00:00:00+00:00, run_after=2021-01-05 00:00:00+00:00
[2024-10-21T22:28:11.797+0700] {processor.py:208} INFO - Processing /Users/punny/Documents/GitHub/NYC-Taxi-ETL-Pipeline/.venv/lib/python3.10/site-packages/airflow/example_dags/example_workday_timetable.py took 0.841 seconds
[2024-10-21T22:31:05.961+0700] {processor.py:186} INFO - Started process (PID=13694) to work on /Users/punny/Documents/GitHub/NYC-Taxi-ETL-Pipeline/.venv/lib/python3.10/site-packages/airflow/example_dags/example_workday_timetable.py
[2024-10-21T22:31:05.965+0700] {processor.py:914} INFO - Processing file /Users/punny/Documents/GitHub/NYC-Taxi-ETL-Pipeline/.venv/lib/python3.10/site-packages/airflow/example_dags/example_workday_timetable.py for tasks to queue
[2024-10-21T22:31:05.966+0700] {logging_mixin.py:190} INFO - [2024-10-21T22:31:05.966+0700] {dagbag.py:588} INFO - Filling up the DagBag from /Users/punny/Documents/GitHub/NYC-Taxi-ETL-Pipeline/.venv/lib/python3.10/site-packages/airflow/example_dags/example_workday_timetable.py
[2024-10-21T22:31:06.583+0700] {processor.py:925} INFO - DAG(s) 'example_workday_timetable' retrieved from /Users/punny/Documents/GitHub/NYC-Taxi-ETL-Pipeline/.venv/lib/python3.10/site-packages/airflow/example_dags/example_workday_timetable.py
[2024-10-21T22:31:06.730+0700] {logging_mixin.py:190} INFO - [2024-10-21T22:31:06.729+0700] {dag.py:3239} INFO - Sync 1 DAGs
[2024-10-21T22:31:06.794+0700] {logging_mixin.py:190} INFO - [2024-10-21T22:31:06.794+0700] {dag.py:4180} INFO - Setting next_dagrun for example_workday_timetable to 2021-01-04 00:00:00+00:00, run_after=2021-01-05 00:00:00+00:00
[2024-10-21T22:31:06.816+0700] {processor.py:208} INFO - Processing /Users/punny/Documents/GitHub/NYC-Taxi-ETL-Pipeline/.venv/lib/python3.10/site-packages/airflow/example_dags/example_workday_timetable.py took 0.864 seconds
