[2024-10-21T14:23:44.226+0700] {processor.py:186} INFO - Started process (PID=35454) to work on /Users/punny/Documents/GitHub/NYC-Taxi-ETL-Pipeline/.venv/lib/python3.10/site-packages/airflow/example_dags/example_branch_operator_decorator.py
[2024-10-21T14:23:44.230+0700] {processor.py:914} INFO - Processing file /Users/punny/Documents/GitHub/NYC-Taxi-ETL-Pipeline/.venv/lib/python3.10/site-packages/airflow/example_dags/example_branch_operator_decorator.py for tasks to queue
[2024-10-21T14:23:44.233+0700] {logging_mixin.py:190} INFO - [2024-10-21T14:23:44.232+0700] {dagbag.py:588} INFO - Filling up the DagBag from /Users/punny/Documents/GitHub/NYC-Taxi-ETL-Pipeline/.venv/lib/python3.10/site-packages/airflow/example_dags/example_branch_operator_decorator.py
[2024-10-21T14:23:44.312+0700] {processor.py:925} INFO - DAG(s) 'example_branch_python_operator_decorator' retrieved from /Users/punny/Documents/GitHub/NYC-Taxi-ETL-Pipeline/.venv/lib/python3.10/site-packages/airflow/example_dags/example_branch_operator_decorator.py
[2024-10-21T14:23:44.760+0700] {logging_mixin.py:190} INFO - [2024-10-21T14:23:44.759+0700] {dag.py:3239} INFO - Sync 1 DAGs
[2024-10-21T14:23:44.797+0700] {logging_mixin.py:190} INFO - [2024-10-21T14:23:44.797+0700] {dag.py:4180} INFO - Setting next_dagrun for example_branch_python_operator_decorator to 2024-10-20 00:00:00+00:00, run_after=2024-10-21 00:00:00+00:00
[2024-10-21T14:23:44.825+0700] {processor.py:208} INFO - Processing /Users/punny/Documents/GitHub/NYC-Taxi-ETL-Pipeline/.venv/lib/python3.10/site-packages/airflow/example_dags/example_branch_operator_decorator.py took 0.610 seconds
[2024-10-21T14:53:54.013+0700] {processor.py:186} INFO - Started process (PID=36769) to work on /Users/punny/Documents/GitHub/NYC-Taxi-ETL-Pipeline/.venv/lib/python3.10/site-packages/airflow/example_dags/example_branch_operator_decorator.py
[2024-10-21T14:53:54.016+0700] {processor.py:914} INFO - Processing file /Users/punny/Documents/GitHub/NYC-Taxi-ETL-Pipeline/.venv/lib/python3.10/site-packages/airflow/example_dags/example_branch_operator_decorator.py for tasks to queue
[2024-10-21T14:53:54.018+0700] {logging_mixin.py:190} INFO - [2024-10-21T14:53:54.018+0700] {dagbag.py:588} INFO - Filling up the DagBag from /Users/punny/Documents/GitHub/NYC-Taxi-ETL-Pipeline/.venv/lib/python3.10/site-packages/airflow/example_dags/example_branch_operator_decorator.py
[2024-10-21T14:53:54.122+0700] {processor.py:925} INFO - DAG(s) 'example_branch_python_operator_decorator' retrieved from /Users/punny/Documents/GitHub/NYC-Taxi-ETL-Pipeline/.venv/lib/python3.10/site-packages/airflow/example_dags/example_branch_operator_decorator.py
[2024-10-21T14:53:54.710+0700] {logging_mixin.py:190} INFO - [2024-10-21T14:53:54.709+0700] {dag.py:3239} INFO - Sync 1 DAGs
[2024-10-21T14:53:54.752+0700] {logging_mixin.py:190} INFO - [2024-10-21T14:53:54.751+0700] {dag.py:4180} INFO - Setting next_dagrun for example_branch_python_operator_decorator to 2024-10-20 00:00:00+00:00, run_after=2024-10-21 00:00:00+00:00
[2024-10-21T14:53:54.789+0700] {processor.py:208} INFO - Processing /Users/punny/Documents/GitHub/NYC-Taxi-ETL-Pipeline/.venv/lib/python3.10/site-packages/airflow/example_dags/example_branch_operator_decorator.py took 0.784 seconds
[2024-10-21T15:03:16.744+0700] {processor.py:186} INFO - Started process (PID=38166) to work on /Users/punny/Documents/GitHub/NYC-Taxi-ETL-Pipeline/.venv/lib/python3.10/site-packages/airflow/example_dags/example_branch_operator_decorator.py
[2024-10-21T15:03:16.749+0700] {processor.py:914} INFO - Processing file /Users/punny/Documents/GitHub/NYC-Taxi-ETL-Pipeline/.venv/lib/python3.10/site-packages/airflow/example_dags/example_branch_operator_decorator.py for tasks to queue
[2024-10-21T15:03:16.750+0700] {logging_mixin.py:190} INFO - [2024-10-21T15:03:16.750+0700] {dagbag.py:588} INFO - Filling up the DagBag from /Users/punny/Documents/GitHub/NYC-Taxi-ETL-Pipeline/.venv/lib/python3.10/site-packages/airflow/example_dags/example_branch_operator_decorator.py
[2024-10-21T15:03:16.948+0700] {processor.py:925} INFO - DAG(s) 'example_branch_python_operator_decorator' retrieved from /Users/punny/Documents/GitHub/NYC-Taxi-ETL-Pipeline/.venv/lib/python3.10/site-packages/airflow/example_dags/example_branch_operator_decorator.py
[2024-10-21T15:03:18.008+0700] {logging_mixin.py:190} INFO - [2024-10-21T15:03:18.008+0700] {dag.py:3239} INFO - Sync 1 DAGs
[2024-10-21T15:03:18.060+0700] {logging_mixin.py:190} INFO - [2024-10-21T15:03:18.059+0700] {dag.py:4180} INFO - Setting next_dagrun for example_branch_python_operator_decorator to 2024-10-20 00:00:00+00:00, run_after=2024-10-21 00:00:00+00:00
[2024-10-21T15:03:18.107+0700] {processor.py:208} INFO - Processing /Users/punny/Documents/GitHub/NYC-Taxi-ETL-Pipeline/.venv/lib/python3.10/site-packages/airflow/example_dags/example_branch_operator_decorator.py took 1.380 seconds
[2024-10-21T15:12:44.019+0700] {processor.py:186} INFO - Started process (PID=39372) to work on /Users/punny/Documents/GitHub/NYC-Taxi-ETL-Pipeline/.venv/lib/python3.10/site-packages/airflow/example_dags/example_branch_operator_decorator.py
[2024-10-21T15:12:44.025+0700] {processor.py:914} INFO - Processing file /Users/punny/Documents/GitHub/NYC-Taxi-ETL-Pipeline/.venv/lib/python3.10/site-packages/airflow/example_dags/example_branch_operator_decorator.py for tasks to queue
[2024-10-21T15:12:44.029+0700] {logging_mixin.py:190} INFO - [2024-10-21T15:12:44.028+0700] {dagbag.py:588} INFO - Filling up the DagBag from /Users/punny/Documents/GitHub/NYC-Taxi-ETL-Pipeline/.venv/lib/python3.10/site-packages/airflow/example_dags/example_branch_operator_decorator.py
[2024-10-21T15:12:44.154+0700] {processor.py:925} INFO - DAG(s) 'example_branch_python_operator_decorator' retrieved from /Users/punny/Documents/GitHub/NYC-Taxi-ETL-Pipeline/.venv/lib/python3.10/site-packages/airflow/example_dags/example_branch_operator_decorator.py
[2024-10-21T15:12:44.798+0700] {logging_mixin.py:190} INFO - [2024-10-21T15:12:44.797+0700] {dag.py:3239} INFO - Sync 1 DAGs
[2024-10-21T15:12:44.845+0700] {logging_mixin.py:190} INFO - [2024-10-21T15:12:44.844+0700] {dag.py:4180} INFO - Setting next_dagrun for example_branch_python_operator_decorator to 2024-10-20 00:00:00+00:00, run_after=2024-10-21 00:00:00+00:00
[2024-10-21T15:12:44.879+0700] {processor.py:208} INFO - Processing /Users/punny/Documents/GitHub/NYC-Taxi-ETL-Pipeline/.venv/lib/python3.10/site-packages/airflow/example_dags/example_branch_operator_decorator.py took 0.873 seconds
[2024-10-21T15:21:21.096+0700] {processor.py:186} INFO - Started process (PID=40453) to work on /Users/punny/Documents/GitHub/NYC-Taxi-ETL-Pipeline/.venv/lib/python3.10/site-packages/airflow/example_dags/example_branch_operator_decorator.py
[2024-10-21T15:21:21.100+0700] {processor.py:914} INFO - Processing file /Users/punny/Documents/GitHub/NYC-Taxi-ETL-Pipeline/.venv/lib/python3.10/site-packages/airflow/example_dags/example_branch_operator_decorator.py for tasks to queue
[2024-10-21T15:21:21.104+0700] {logging_mixin.py:190} INFO - [2024-10-21T15:21:21.102+0700] {dagbag.py:588} INFO - Filling up the DagBag from /Users/punny/Documents/GitHub/NYC-Taxi-ETL-Pipeline/.venv/lib/python3.10/site-packages/airflow/example_dags/example_branch_operator_decorator.py
[2024-10-21T15:21:21.194+0700] {processor.py:925} INFO - DAG(s) 'example_branch_python_operator_decorator' retrieved from /Users/punny/Documents/GitHub/NYC-Taxi-ETL-Pipeline/.venv/lib/python3.10/site-packages/airflow/example_dags/example_branch_operator_decorator.py
[2024-10-21T15:21:21.748+0700] {logging_mixin.py:190} INFO - [2024-10-21T15:21:21.747+0700] {dag.py:3239} INFO - Sync 1 DAGs
[2024-10-21T15:21:21.787+0700] {logging_mixin.py:190} INFO - [2024-10-21T15:21:21.787+0700] {dag.py:4180} INFO - Setting next_dagrun for example_branch_python_operator_decorator to 2024-10-20 00:00:00+00:00, run_after=2024-10-21 00:00:00+00:00
[2024-10-21T15:21:21.822+0700] {processor.py:208} INFO - Processing /Users/punny/Documents/GitHub/NYC-Taxi-ETL-Pipeline/.venv/lib/python3.10/site-packages/airflow/example_dags/example_branch_operator_decorator.py took 0.739 seconds
[2024-10-21T15:29:19.432+0700] {processor.py:186} INFO - Started process (PID=41432) to work on /Users/punny/Documents/GitHub/NYC-Taxi-ETL-Pipeline/.venv/lib/python3.10/site-packages/airflow/example_dags/example_branch_operator_decorator.py
[2024-10-21T15:29:19.457+0700] {processor.py:914} INFO - Processing file /Users/punny/Documents/GitHub/NYC-Taxi-ETL-Pipeline/.venv/lib/python3.10/site-packages/airflow/example_dags/example_branch_operator_decorator.py for tasks to queue
[2024-10-21T15:29:19.459+0700] {logging_mixin.py:190} INFO - [2024-10-21T15:29:19.459+0700] {dagbag.py:588} INFO - Filling up the DagBag from /Users/punny/Documents/GitHub/NYC-Taxi-ETL-Pipeline/.venv/lib/python3.10/site-packages/airflow/example_dags/example_branch_operator_decorator.py
[2024-10-21T15:29:19.597+0700] {processor.py:925} INFO - DAG(s) 'example_branch_python_operator_decorator' retrieved from /Users/punny/Documents/GitHub/NYC-Taxi-ETL-Pipeline/.venv/lib/python3.10/site-packages/airflow/example_dags/example_branch_operator_decorator.py
[2024-10-21T15:29:20.334+0700] {logging_mixin.py:190} INFO - [2024-10-21T15:29:20.333+0700] {dag.py:3239} INFO - Sync 1 DAGs
[2024-10-21T15:29:20.403+0700] {logging_mixin.py:190} INFO - [2024-10-21T15:29:20.403+0700] {dag.py:4180} INFO - Setting next_dagrun for example_branch_python_operator_decorator to 2024-10-20 00:00:00+00:00, run_after=2024-10-21 00:00:00+00:00
[2024-10-21T15:29:20.451+0700] {processor.py:208} INFO - Processing /Users/punny/Documents/GitHub/NYC-Taxi-ETL-Pipeline/.venv/lib/python3.10/site-packages/airflow/example_dags/example_branch_operator_decorator.py took 1.052 seconds
[2024-10-21T15:37:17.169+0700] {processor.py:186} INFO - Started process (PID=42445) to work on /Users/punny/Documents/GitHub/NYC-Taxi-ETL-Pipeline/.venv/lib/python3.10/site-packages/airflow/example_dags/example_branch_operator_decorator.py
[2024-10-21T15:37:17.176+0700] {processor.py:914} INFO - Processing file /Users/punny/Documents/GitHub/NYC-Taxi-ETL-Pipeline/.venv/lib/python3.10/site-packages/airflow/example_dags/example_branch_operator_decorator.py for tasks to queue
[2024-10-21T15:37:17.178+0700] {logging_mixin.py:190} INFO - [2024-10-21T15:37:17.177+0700] {dagbag.py:588} INFO - Filling up the DagBag from /Users/punny/Documents/GitHub/NYC-Taxi-ETL-Pipeline/.venv/lib/python3.10/site-packages/airflow/example_dags/example_branch_operator_decorator.py
[2024-10-21T15:37:17.269+0700] {processor.py:925} INFO - DAG(s) 'example_branch_python_operator_decorator' retrieved from /Users/punny/Documents/GitHub/NYC-Taxi-ETL-Pipeline/.venv/lib/python3.10/site-packages/airflow/example_dags/example_branch_operator_decorator.py
[2024-10-21T15:37:17.848+0700] {logging_mixin.py:190} INFO - [2024-10-21T15:37:17.847+0700] {dag.py:3239} INFO - Sync 1 DAGs
[2024-10-21T15:37:17.883+0700] {logging_mixin.py:190} INFO - [2024-10-21T15:37:17.883+0700] {dag.py:4180} INFO - Setting next_dagrun for example_branch_python_operator_decorator to 2024-10-20 00:00:00+00:00, run_after=2024-10-21 00:00:00+00:00
[2024-10-21T15:37:17.917+0700] {processor.py:208} INFO - Processing /Users/punny/Documents/GitHub/NYC-Taxi-ETL-Pipeline/.venv/lib/python3.10/site-packages/airflow/example_dags/example_branch_operator_decorator.py took 0.758 seconds
[2024-10-21T15:45:11.333+0700] {processor.py:186} INFO - Started process (PID=43541) to work on /Users/punny/Documents/GitHub/NYC-Taxi-ETL-Pipeline/.venv/lib/python3.10/site-packages/airflow/example_dags/example_branch_operator_decorator.py
[2024-10-21T15:45:11.346+0700] {processor.py:914} INFO - Processing file /Users/punny/Documents/GitHub/NYC-Taxi-ETL-Pipeline/.venv/lib/python3.10/site-packages/airflow/example_dags/example_branch_operator_decorator.py for tasks to queue
[2024-10-21T15:45:11.349+0700] {logging_mixin.py:190} INFO - [2024-10-21T15:45:11.348+0700] {dagbag.py:588} INFO - Filling up the DagBag from /Users/punny/Documents/GitHub/NYC-Taxi-ETL-Pipeline/.venv/lib/python3.10/site-packages/airflow/example_dags/example_branch_operator_decorator.py
[2024-10-21T15:45:11.468+0700] {processor.py:925} INFO - DAG(s) 'example_branch_python_operator_decorator' retrieved from /Users/punny/Documents/GitHub/NYC-Taxi-ETL-Pipeline/.venv/lib/python3.10/site-packages/airflow/example_dags/example_branch_operator_decorator.py
[2024-10-21T15:45:12.139+0700] {logging_mixin.py:190} INFO - [2024-10-21T15:45:12.138+0700] {dag.py:3239} INFO - Sync 1 DAGs
[2024-10-21T15:45:12.176+0700] {logging_mixin.py:190} INFO - [2024-10-21T15:45:12.176+0700] {dag.py:4180} INFO - Setting next_dagrun for example_branch_python_operator_decorator to 2024-10-20 00:00:00+00:00, run_after=2024-10-21 00:00:00+00:00
[2024-10-21T15:45:12.210+0700] {processor.py:208} INFO - Processing /Users/punny/Documents/GitHub/NYC-Taxi-ETL-Pipeline/.venv/lib/python3.10/site-packages/airflow/example_dags/example_branch_operator_decorator.py took 1.000 seconds
[2024-10-21T15:53:02.135+0700] {processor.py:186} INFO - Started process (PID=44538) to work on /Users/punny/Documents/GitHub/NYC-Taxi-ETL-Pipeline/.venv/lib/python3.10/site-packages/airflow/example_dags/example_branch_operator_decorator.py
[2024-10-21T15:53:02.138+0700] {processor.py:914} INFO - Processing file /Users/punny/Documents/GitHub/NYC-Taxi-ETL-Pipeline/.venv/lib/python3.10/site-packages/airflow/example_dags/example_branch_operator_decorator.py for tasks to queue
[2024-10-21T15:53:02.140+0700] {logging_mixin.py:190} INFO - [2024-10-21T15:53:02.139+0700] {dagbag.py:588} INFO - Filling up the DagBag from /Users/punny/Documents/GitHub/NYC-Taxi-ETL-Pipeline/.venv/lib/python3.10/site-packages/airflow/example_dags/example_branch_operator_decorator.py
[2024-10-21T15:53:02.240+0700] {processor.py:925} INFO - DAG(s) 'example_branch_python_operator_decorator' retrieved from /Users/punny/Documents/GitHub/NYC-Taxi-ETL-Pipeline/.venv/lib/python3.10/site-packages/airflow/example_dags/example_branch_operator_decorator.py
[2024-10-21T15:53:02.760+0700] {logging_mixin.py:190} INFO - [2024-10-21T15:53:02.759+0700] {dag.py:3239} INFO - Sync 1 DAGs
[2024-10-21T15:53:02.797+0700] {logging_mixin.py:190} INFO - [2024-10-21T15:53:02.797+0700] {dag.py:4180} INFO - Setting next_dagrun for example_branch_python_operator_decorator to 2024-10-20 00:00:00+00:00, run_after=2024-10-21 00:00:00+00:00
[2024-10-21T15:53:02.837+0700] {processor.py:208} INFO - Processing /Users/punny/Documents/GitHub/NYC-Taxi-ETL-Pipeline/.venv/lib/python3.10/site-packages/airflow/example_dags/example_branch_operator_decorator.py took 0.717 seconds
[2024-10-21T16:01:20.730+0700] {processor.py:186} INFO - Started process (PID=45624) to work on /Users/punny/Documents/GitHub/NYC-Taxi-ETL-Pipeline/.venv/lib/python3.10/site-packages/airflow/example_dags/example_branch_operator_decorator.py
[2024-10-21T16:01:20.735+0700] {processor.py:914} INFO - Processing file /Users/punny/Documents/GitHub/NYC-Taxi-ETL-Pipeline/.venv/lib/python3.10/site-packages/airflow/example_dags/example_branch_operator_decorator.py for tasks to queue
[2024-10-21T16:01:20.737+0700] {logging_mixin.py:190} INFO - [2024-10-21T16:01:20.736+0700] {dagbag.py:588} INFO - Filling up the DagBag from /Users/punny/Documents/GitHub/NYC-Taxi-ETL-Pipeline/.venv/lib/python3.10/site-packages/airflow/example_dags/example_branch_operator_decorator.py
[2024-10-21T16:01:20.833+0700] {processor.py:925} INFO - DAG(s) 'example_branch_python_operator_decorator' retrieved from /Users/punny/Documents/GitHub/NYC-Taxi-ETL-Pipeline/.venv/lib/python3.10/site-packages/airflow/example_dags/example_branch_operator_decorator.py
[2024-10-21T16:01:21.331+0700] {logging_mixin.py:190} INFO - [2024-10-21T16:01:21.330+0700] {dag.py:3239} INFO - Sync 1 DAGs
[2024-10-21T16:01:21.362+0700] {logging_mixin.py:190} INFO - [2024-10-21T16:01:21.361+0700] {dag.py:4180} INFO - Setting next_dagrun for example_branch_python_operator_decorator to 2024-10-20 00:00:00+00:00, run_after=2024-10-21 00:00:00+00:00
[2024-10-21T16:01:21.390+0700] {processor.py:208} INFO - Processing /Users/punny/Documents/GitHub/NYC-Taxi-ETL-Pipeline/.venv/lib/python3.10/site-packages/airflow/example_dags/example_branch_operator_decorator.py took 0.673 seconds
[2024-10-21T20:39:25.585+0700] {processor.py:186} INFO - Started process (PID=4451) to work on /Users/punny/Documents/GitHub/NYC-Taxi-ETL-Pipeline/.venv/lib/python3.10/site-packages/airflow/example_dags/example_branch_operator_decorator.py
[2024-10-21T20:39:25.588+0700] {processor.py:914} INFO - Processing file /Users/punny/Documents/GitHub/NYC-Taxi-ETL-Pipeline/.venv/lib/python3.10/site-packages/airflow/example_dags/example_branch_operator_decorator.py for tasks to queue
[2024-10-21T20:39:25.590+0700] {logging_mixin.py:190} INFO - [2024-10-21T20:39:25.590+0700] {dagbag.py:588} INFO - Filling up the DagBag from /Users/punny/Documents/GitHub/NYC-Taxi-ETL-Pipeline/.venv/lib/python3.10/site-packages/airflow/example_dags/example_branch_operator_decorator.py
[2024-10-21T20:39:25.652+0700] {processor.py:925} INFO - DAG(s) 'example_branch_python_operator_decorator' retrieved from /Users/punny/Documents/GitHub/NYC-Taxi-ETL-Pipeline/.venv/lib/python3.10/site-packages/airflow/example_dags/example_branch_operator_decorator.py
[2024-10-21T20:39:25.960+0700] {logging_mixin.py:190} INFO - [2024-10-21T20:39:25.959+0700] {dag.py:3239} INFO - Sync 1 DAGs
[2024-10-21T20:39:25.984+0700] {logging_mixin.py:190} INFO - [2024-10-21T20:39:25.983+0700] {dag.py:4180} INFO - Setting next_dagrun for example_branch_python_operator_decorator to 2024-10-20 00:00:00+00:00, run_after=2024-10-21 00:00:00+00:00
[2024-10-21T20:39:26.008+0700] {processor.py:208} INFO - Processing /Users/punny/Documents/GitHub/NYC-Taxi-ETL-Pipeline/.venv/lib/python3.10/site-packages/airflow/example_dags/example_branch_operator_decorator.py took 0.431 seconds
[2024-10-21T20:46:38.730+0700] {processor.py:186} INFO - Started process (PID=5132) to work on /Users/punny/Documents/GitHub/NYC-Taxi-ETL-Pipeline/.venv/lib/python3.10/site-packages/airflow/example_dags/example_branch_operator_decorator.py
[2024-10-21T20:46:38.735+0700] {processor.py:914} INFO - Processing file /Users/punny/Documents/GitHub/NYC-Taxi-ETL-Pipeline/.venv/lib/python3.10/site-packages/airflow/example_dags/example_branch_operator_decorator.py for tasks to queue
[2024-10-21T20:46:38.737+0700] {logging_mixin.py:190} INFO - [2024-10-21T20:46:38.736+0700] {dagbag.py:588} INFO - Filling up the DagBag from /Users/punny/Documents/GitHub/NYC-Taxi-ETL-Pipeline/.venv/lib/python3.10/site-packages/airflow/example_dags/example_branch_operator_decorator.py
[2024-10-21T20:46:38.820+0700] {processor.py:925} INFO - DAG(s) 'example_branch_python_operator_decorator' retrieved from /Users/punny/Documents/GitHub/NYC-Taxi-ETL-Pipeline/.venv/lib/python3.10/site-packages/airflow/example_dags/example_branch_operator_decorator.py
[2024-10-21T20:46:39.347+0700] {logging_mixin.py:190} INFO - [2024-10-21T20:46:39.346+0700] {dag.py:3239} INFO - Sync 1 DAGs
[2024-10-21T20:46:39.389+0700] {logging_mixin.py:190} INFO - [2024-10-21T20:46:39.389+0700] {dag.py:4180} INFO - Setting next_dagrun for example_branch_python_operator_decorator to 2024-10-20 00:00:00+00:00, run_after=2024-10-21 00:00:00+00:00
[2024-10-21T20:46:39.419+0700] {processor.py:208} INFO - Processing /Users/punny/Documents/GitHub/NYC-Taxi-ETL-Pipeline/.venv/lib/python3.10/site-packages/airflow/example_dags/example_branch_operator_decorator.py took 0.699 seconds
[2024-10-21T20:58:44.804+0700] {processor.py:186} INFO - Started process (PID=6358) to work on /Users/punny/Documents/GitHub/NYC-Taxi-ETL-Pipeline/.venv/lib/python3.10/site-packages/airflow/example_dags/example_branch_operator_decorator.py
[2024-10-21T20:58:44.808+0700] {processor.py:914} INFO - Processing file /Users/punny/Documents/GitHub/NYC-Taxi-ETL-Pipeline/.venv/lib/python3.10/site-packages/airflow/example_dags/example_branch_operator_decorator.py for tasks to queue
[2024-10-21T20:58:44.809+0700] {logging_mixin.py:190} INFO - [2024-10-21T20:58:44.809+0700] {dagbag.py:588} INFO - Filling up the DagBag from /Users/punny/Documents/GitHub/NYC-Taxi-ETL-Pipeline/.venv/lib/python3.10/site-packages/airflow/example_dags/example_branch_operator_decorator.py
[2024-10-21T20:58:44.901+0700] {processor.py:925} INFO - DAG(s) 'example_branch_python_operator_decorator' retrieved from /Users/punny/Documents/GitHub/NYC-Taxi-ETL-Pipeline/.venv/lib/python3.10/site-packages/airflow/example_dags/example_branch_operator_decorator.py
[2024-10-21T20:58:45.402+0700] {logging_mixin.py:190} INFO - [2024-10-21T20:58:45.401+0700] {dag.py:3239} INFO - Sync 1 DAGs
[2024-10-21T20:58:45.438+0700] {logging_mixin.py:190} INFO - [2024-10-21T20:58:45.438+0700] {dag.py:4180} INFO - Setting next_dagrun for example_branch_python_operator_decorator to 2024-10-20 00:00:00+00:00, run_after=2024-10-21 00:00:00+00:00
[2024-10-21T20:58:45.471+0700] {processor.py:208} INFO - Processing /Users/punny/Documents/GitHub/NYC-Taxi-ETL-Pipeline/.venv/lib/python3.10/site-packages/airflow/example_dags/example_branch_operator_decorator.py took 0.672 seconds
[2024-10-21T21:06:11.989+0700] {processor.py:186} INFO - Started process (PID=6909) to work on /Users/punny/Documents/GitHub/NYC-Taxi-ETL-Pipeline/.venv/lib/python3.10/site-packages/airflow/example_dags/example_branch_operator_decorator.py
[2024-10-21T21:06:11.993+0700] {processor.py:914} INFO - Processing file /Users/punny/Documents/GitHub/NYC-Taxi-ETL-Pipeline/.venv/lib/python3.10/site-packages/airflow/example_dags/example_branch_operator_decorator.py for tasks to queue
[2024-10-21T21:06:11.994+0700] {logging_mixin.py:190} INFO - [2024-10-21T21:06:11.994+0700] {dagbag.py:588} INFO - Filling up the DagBag from /Users/punny/Documents/GitHub/NYC-Taxi-ETL-Pipeline/.venv/lib/python3.10/site-packages/airflow/example_dags/example_branch_operator_decorator.py
[2024-10-21T21:06:12.056+0700] {processor.py:925} INFO - DAG(s) 'example_branch_python_operator_decorator' retrieved from /Users/punny/Documents/GitHub/NYC-Taxi-ETL-Pipeline/.venv/lib/python3.10/site-packages/airflow/example_dags/example_branch_operator_decorator.py
[2024-10-21T21:06:12.417+0700] {logging_mixin.py:190} INFO - [2024-10-21T21:06:12.417+0700] {dag.py:3239} INFO - Sync 1 DAGs
[2024-10-21T21:06:12.441+0700] {logging_mixin.py:190} INFO - [2024-10-21T21:06:12.441+0700] {dag.py:4180} INFO - Setting next_dagrun for example_branch_python_operator_decorator to 2024-10-20 00:00:00+00:00, run_after=2024-10-21 00:00:00+00:00
[2024-10-21T21:06:12.464+0700] {processor.py:208} INFO - Processing /Users/punny/Documents/GitHub/NYC-Taxi-ETL-Pipeline/.venv/lib/python3.10/site-packages/airflow/example_dags/example_branch_operator_decorator.py took 0.484 seconds
[2024-10-21T21:12:38.006+0700] {processor.py:186} INFO - Started process (PID=7373) to work on /Users/punny/Documents/GitHub/NYC-Taxi-ETL-Pipeline/.venv/lib/python3.10/site-packages/airflow/example_dags/example_branch_operator_decorator.py
[2024-10-21T21:12:38.009+0700] {processor.py:914} INFO - Processing file /Users/punny/Documents/GitHub/NYC-Taxi-ETL-Pipeline/.venv/lib/python3.10/site-packages/airflow/example_dags/example_branch_operator_decorator.py for tasks to queue
[2024-10-21T21:12:38.010+0700] {logging_mixin.py:190} INFO - [2024-10-21T21:12:38.010+0700] {dagbag.py:588} INFO - Filling up the DagBag from /Users/punny/Documents/GitHub/NYC-Taxi-ETL-Pipeline/.venv/lib/python3.10/site-packages/airflow/example_dags/example_branch_operator_decorator.py
[2024-10-21T21:12:38.077+0700] {processor.py:925} INFO - DAG(s) 'example_branch_python_operator_decorator' retrieved from /Users/punny/Documents/GitHub/NYC-Taxi-ETL-Pipeline/.venv/lib/python3.10/site-packages/airflow/example_dags/example_branch_operator_decorator.py
[2024-10-21T21:12:38.478+0700] {logging_mixin.py:190} INFO - [2024-10-21T21:12:38.478+0700] {dag.py:3239} INFO - Sync 1 DAGs
[2024-10-21T21:12:38.508+0700] {logging_mixin.py:190} INFO - [2024-10-21T21:12:38.508+0700] {dag.py:4180} INFO - Setting next_dagrun for example_branch_python_operator_decorator to 2024-10-20 00:00:00+00:00, run_after=2024-10-21 00:00:00+00:00
[2024-10-21T21:12:38.530+0700] {processor.py:208} INFO - Processing /Users/punny/Documents/GitHub/NYC-Taxi-ETL-Pipeline/.venv/lib/python3.10/site-packages/airflow/example_dags/example_branch_operator_decorator.py took 0.530 seconds
[2024-10-21T21:19:13.013+0700] {processor.py:186} INFO - Started process (PID=7992) to work on /Users/punny/Documents/GitHub/NYC-Taxi-ETL-Pipeline/.venv/lib/python3.10/site-packages/airflow/example_dags/example_branch_operator_decorator.py
[2024-10-21T21:19:13.016+0700] {processor.py:914} INFO - Processing file /Users/punny/Documents/GitHub/NYC-Taxi-ETL-Pipeline/.venv/lib/python3.10/site-packages/airflow/example_dags/example_branch_operator_decorator.py for tasks to queue
[2024-10-21T21:19:13.017+0700] {logging_mixin.py:190} INFO - [2024-10-21T21:19:13.017+0700] {dagbag.py:588} INFO - Filling up the DagBag from /Users/punny/Documents/GitHub/NYC-Taxi-ETL-Pipeline/.venv/lib/python3.10/site-packages/airflow/example_dags/example_branch_operator_decorator.py
[2024-10-21T21:19:13.083+0700] {processor.py:925} INFO - DAG(s) 'example_branch_python_operator_decorator' retrieved from /Users/punny/Documents/GitHub/NYC-Taxi-ETL-Pipeline/.venv/lib/python3.10/site-packages/airflow/example_dags/example_branch_operator_decorator.py
[2024-10-21T21:19:13.420+0700] {logging_mixin.py:190} INFO - [2024-10-21T21:19:13.420+0700] {dag.py:3239} INFO - Sync 1 DAGs
[2024-10-21T21:19:13.447+0700] {logging_mixin.py:190} INFO - [2024-10-21T21:19:13.446+0700] {dag.py:4180} INFO - Setting next_dagrun for example_branch_python_operator_decorator to 2024-10-20 00:00:00+00:00, run_after=2024-10-21 00:00:00+00:00
[2024-10-21T21:19:13.471+0700] {processor.py:208} INFO - Processing /Users/punny/Documents/GitHub/NYC-Taxi-ETL-Pipeline/.venv/lib/python3.10/site-packages/airflow/example_dags/example_branch_operator_decorator.py took 0.466 seconds
[2024-10-21T21:24:58.680+0700] {processor.py:186} INFO - Started process (PID=8438) to work on /Users/punny/Documents/GitHub/NYC-Taxi-ETL-Pipeline/.venv/lib/python3.10/site-packages/airflow/example_dags/example_branch_operator_decorator.py
[2024-10-21T21:24:58.684+0700] {processor.py:914} INFO - Processing file /Users/punny/Documents/GitHub/NYC-Taxi-ETL-Pipeline/.venv/lib/python3.10/site-packages/airflow/example_dags/example_branch_operator_decorator.py for tasks to queue
[2024-10-21T21:24:58.685+0700] {logging_mixin.py:190} INFO - [2024-10-21T21:24:58.685+0700] {dagbag.py:588} INFO - Filling up the DagBag from /Users/punny/Documents/GitHub/NYC-Taxi-ETL-Pipeline/.venv/lib/python3.10/site-packages/airflow/example_dags/example_branch_operator_decorator.py
[2024-10-21T21:24:58.755+0700] {processor.py:925} INFO - DAG(s) 'example_branch_python_operator_decorator' retrieved from /Users/punny/Documents/GitHub/NYC-Taxi-ETL-Pipeline/.venv/lib/python3.10/site-packages/airflow/example_dags/example_branch_operator_decorator.py
[2024-10-21T21:24:59.136+0700] {logging_mixin.py:190} INFO - [2024-10-21T21:24:59.135+0700] {dag.py:3239} INFO - Sync 1 DAGs
[2024-10-21T21:24:59.161+0700] {logging_mixin.py:190} INFO - [2024-10-21T21:24:59.161+0700] {dag.py:4180} INFO - Setting next_dagrun for example_branch_python_operator_decorator to 2024-10-20 00:00:00+00:00, run_after=2024-10-21 00:00:00+00:00
[2024-10-21T21:24:59.186+0700] {processor.py:208} INFO - Processing /Users/punny/Documents/GitHub/NYC-Taxi-ETL-Pipeline/.venv/lib/python3.10/site-packages/airflow/example_dags/example_branch_operator_decorator.py took 0.514 seconds
[2024-10-21T21:31:26.918+0700] {processor.py:186} INFO - Started process (PID=9042) to work on /Users/punny/Documents/GitHub/NYC-Taxi-ETL-Pipeline/.venv/lib/python3.10/site-packages/airflow/example_dags/example_branch_operator_decorator.py
[2024-10-21T21:31:26.921+0700] {processor.py:914} INFO - Processing file /Users/punny/Documents/GitHub/NYC-Taxi-ETL-Pipeline/.venv/lib/python3.10/site-packages/airflow/example_dags/example_branch_operator_decorator.py for tasks to queue
[2024-10-21T21:31:26.922+0700] {logging_mixin.py:190} INFO - [2024-10-21T21:31:26.922+0700] {dagbag.py:588} INFO - Filling up the DagBag from /Users/punny/Documents/GitHub/NYC-Taxi-ETL-Pipeline/.venv/lib/python3.10/site-packages/airflow/example_dags/example_branch_operator_decorator.py
[2024-10-21T21:31:26.985+0700] {processor.py:925} INFO - DAG(s) 'example_branch_python_operator_decorator' retrieved from /Users/punny/Documents/GitHub/NYC-Taxi-ETL-Pipeline/.venv/lib/python3.10/site-packages/airflow/example_dags/example_branch_operator_decorator.py
[2024-10-21T21:31:27.330+0700] {logging_mixin.py:190} INFO - [2024-10-21T21:31:27.330+0700] {dag.py:3239} INFO - Sync 1 DAGs
[2024-10-21T21:31:27.354+0700] {logging_mixin.py:190} INFO - [2024-10-21T21:31:27.354+0700] {dag.py:4180} INFO - Setting next_dagrun for example_branch_python_operator_decorator to 2024-10-20 00:00:00+00:00, run_after=2024-10-21 00:00:00+00:00
[2024-10-21T21:31:27.376+0700] {processor.py:208} INFO - Processing /Users/punny/Documents/GitHub/NYC-Taxi-ETL-Pipeline/.venv/lib/python3.10/site-packages/airflow/example_dags/example_branch_operator_decorator.py took 0.468 seconds
[2024-10-21T21:37:17.065+0700] {processor.py:186} INFO - Started process (PID=9479) to work on /Users/punny/Documents/GitHub/NYC-Taxi-ETL-Pipeline/.venv/lib/python3.10/site-packages/airflow/example_dags/example_branch_operator_decorator.py
[2024-10-21T21:37:17.070+0700] {processor.py:914} INFO - Processing file /Users/punny/Documents/GitHub/NYC-Taxi-ETL-Pipeline/.venv/lib/python3.10/site-packages/airflow/example_dags/example_branch_operator_decorator.py for tasks to queue
[2024-10-21T21:37:17.071+0700] {logging_mixin.py:190} INFO - [2024-10-21T21:37:17.071+0700] {dagbag.py:588} INFO - Filling up the DagBag from /Users/punny/Documents/GitHub/NYC-Taxi-ETL-Pipeline/.venv/lib/python3.10/site-packages/airflow/example_dags/example_branch_operator_decorator.py
[2024-10-21T21:37:17.144+0700] {processor.py:925} INFO - DAG(s) 'example_branch_python_operator_decorator' retrieved from /Users/punny/Documents/GitHub/NYC-Taxi-ETL-Pipeline/.venv/lib/python3.10/site-packages/airflow/example_dags/example_branch_operator_decorator.py
[2024-10-21T21:37:17.496+0700] {logging_mixin.py:190} INFO - [2024-10-21T21:37:17.495+0700] {dag.py:3239} INFO - Sync 1 DAGs
[2024-10-21T21:37:17.519+0700] {logging_mixin.py:190} INFO - [2024-10-21T21:37:17.519+0700] {dag.py:4180} INFO - Setting next_dagrun for example_branch_python_operator_decorator to 2024-10-20 00:00:00+00:00, run_after=2024-10-21 00:00:00+00:00
[2024-10-21T21:37:17.541+0700] {processor.py:208} INFO - Processing /Users/punny/Documents/GitHub/NYC-Taxi-ETL-Pipeline/.venv/lib/python3.10/site-packages/airflow/example_dags/example_branch_operator_decorator.py took 0.491 seconds
[2024-10-21T21:45:04.689+0700] {processor.py:186} INFO - Started process (PID=10245) to work on /Users/punny/Documents/GitHub/NYC-Taxi-ETL-Pipeline/.venv/lib/python3.10/site-packages/airflow/example_dags/example_branch_operator_decorator.py
[2024-10-21T21:45:04.691+0700] {processor.py:914} INFO - Processing file /Users/punny/Documents/GitHub/NYC-Taxi-ETL-Pipeline/.venv/lib/python3.10/site-packages/airflow/example_dags/example_branch_operator_decorator.py for tasks to queue
[2024-10-21T21:45:04.693+0700] {logging_mixin.py:190} INFO - [2024-10-21T21:45:04.692+0700] {dagbag.py:588} INFO - Filling up the DagBag from /Users/punny/Documents/GitHub/NYC-Taxi-ETL-Pipeline/.venv/lib/python3.10/site-packages/airflow/example_dags/example_branch_operator_decorator.py
[2024-10-21T21:45:04.758+0700] {processor.py:925} INFO - DAG(s) 'example_branch_python_operator_decorator' retrieved from /Users/punny/Documents/GitHub/NYC-Taxi-ETL-Pipeline/.venv/lib/python3.10/site-packages/airflow/example_dags/example_branch_operator_decorator.py
[2024-10-21T21:45:05.131+0700] {logging_mixin.py:190} INFO - [2024-10-21T21:45:05.131+0700] {dag.py:3239} INFO - Sync 1 DAGs
[2024-10-21T21:45:05.160+0700] {logging_mixin.py:190} INFO - [2024-10-21T21:45:05.160+0700] {dag.py:4180} INFO - Setting next_dagrun for example_branch_python_operator_decorator to 2024-10-20 00:00:00+00:00, run_after=2024-10-21 00:00:00+00:00
[2024-10-21T21:45:05.185+0700] {processor.py:208} INFO - Processing /Users/punny/Documents/GitHub/NYC-Taxi-ETL-Pipeline/.venv/lib/python3.10/site-packages/airflow/example_dags/example_branch_operator_decorator.py took 0.502 seconds
[2024-10-21T21:53:02.779+0700] {processor.py:186} INFO - Started process (PID=10894) to work on /Users/punny/Documents/GitHub/NYC-Taxi-ETL-Pipeline/.venv/lib/python3.10/site-packages/airflow/example_dags/example_branch_operator_decorator.py
[2024-10-21T21:53:02.783+0700] {processor.py:914} INFO - Processing file /Users/punny/Documents/GitHub/NYC-Taxi-ETL-Pipeline/.venv/lib/python3.10/site-packages/airflow/example_dags/example_branch_operator_decorator.py for tasks to queue
[2024-10-21T21:53:02.785+0700] {logging_mixin.py:190} INFO - [2024-10-21T21:53:02.785+0700] {dagbag.py:588} INFO - Filling up the DagBag from /Users/punny/Documents/GitHub/NYC-Taxi-ETL-Pipeline/.venv/lib/python3.10/site-packages/airflow/example_dags/example_branch_operator_decorator.py
[2024-10-21T21:53:02.844+0700] {processor.py:925} INFO - DAG(s) 'example_branch_python_operator_decorator' retrieved from /Users/punny/Documents/GitHub/NYC-Taxi-ETL-Pipeline/.venv/lib/python3.10/site-packages/airflow/example_dags/example_branch_operator_decorator.py
[2024-10-21T21:53:03.150+0700] {logging_mixin.py:190} INFO - [2024-10-21T21:53:03.150+0700] {dag.py:3239} INFO - Sync 1 DAGs
[2024-10-21T21:53:03.174+0700] {logging_mixin.py:190} INFO - [2024-10-21T21:53:03.173+0700] {dag.py:4180} INFO - Setting next_dagrun for example_branch_python_operator_decorator to 2024-10-20 00:00:00+00:00, run_after=2024-10-21 00:00:00+00:00
[2024-10-21T21:53:03.196+0700] {processor.py:208} INFO - Processing /Users/punny/Documents/GitHub/NYC-Taxi-ETL-Pipeline/.venv/lib/python3.10/site-packages/airflow/example_dags/example_branch_operator_decorator.py took 0.424 seconds
[2024-10-21T22:14:59.626+0700] {processor.py:186} INFO - Started process (PID=11928) to work on /Users/punny/Documents/GitHub/NYC-Taxi-ETL-Pipeline/.venv/lib/python3.10/site-packages/airflow/example_dags/example_branch_operator_decorator.py
[2024-10-21T22:14:59.629+0700] {processor.py:914} INFO - Processing file /Users/punny/Documents/GitHub/NYC-Taxi-ETL-Pipeline/.venv/lib/python3.10/site-packages/airflow/example_dags/example_branch_operator_decorator.py for tasks to queue
[2024-10-21T22:14:59.631+0700] {logging_mixin.py:190} INFO - [2024-10-21T22:14:59.630+0700] {dagbag.py:588} INFO - Filling up the DagBag from /Users/punny/Documents/GitHub/NYC-Taxi-ETL-Pipeline/.venv/lib/python3.10/site-packages/airflow/example_dags/example_branch_operator_decorator.py
[2024-10-21T22:14:59.694+0700] {processor.py:925} INFO - DAG(s) 'example_branch_python_operator_decorator' retrieved from /Users/punny/Documents/GitHub/NYC-Taxi-ETL-Pipeline/.venv/lib/python3.10/site-packages/airflow/example_dags/example_branch_operator_decorator.py
[2024-10-21T22:15:00.042+0700] {logging_mixin.py:190} INFO - [2024-10-21T22:15:00.041+0700] {dag.py:3239} INFO - Sync 1 DAGs
[2024-10-21T22:15:00.065+0700] {logging_mixin.py:190} INFO - [2024-10-21T22:15:00.064+0700] {dag.py:4180} INFO - Setting next_dagrun for example_branch_python_operator_decorator to 2024-10-20 00:00:00+00:00, run_after=2024-10-21 00:00:00+00:00
[2024-10-21T22:15:00.095+0700] {processor.py:208} INFO - Processing /Users/punny/Documents/GitHub/NYC-Taxi-ETL-Pipeline/.venv/lib/python3.10/site-packages/airflow/example_dags/example_branch_operator_decorator.py took 0.478 seconds
[2024-10-21T22:21:59.491+0700] {processor.py:186} INFO - Started process (PID=12784) to work on /Users/punny/Documents/GitHub/NYC-Taxi-ETL-Pipeline/.venv/lib/python3.10/site-packages/airflow/example_dags/example_branch_operator_decorator.py
[2024-10-21T22:21:59.494+0700] {processor.py:914} INFO - Processing file /Users/punny/Documents/GitHub/NYC-Taxi-ETL-Pipeline/.venv/lib/python3.10/site-packages/airflow/example_dags/example_branch_operator_decorator.py for tasks to queue
[2024-10-21T22:21:59.496+0700] {logging_mixin.py:190} INFO - [2024-10-21T22:21:59.495+0700] {dagbag.py:588} INFO - Filling up the DagBag from /Users/punny/Documents/GitHub/NYC-Taxi-ETL-Pipeline/.venv/lib/python3.10/site-packages/airflow/example_dags/example_branch_operator_decorator.py
[2024-10-21T22:21:59.561+0700] {processor.py:925} INFO - DAG(s) 'example_branch_python_operator_decorator' retrieved from /Users/punny/Documents/GitHub/NYC-Taxi-ETL-Pipeline/.venv/lib/python3.10/site-packages/airflow/example_dags/example_branch_operator_decorator.py
[2024-10-21T22:21:59.911+0700] {logging_mixin.py:190} INFO - [2024-10-21T22:21:59.911+0700] {dag.py:3239} INFO - Sync 1 DAGs
[2024-10-21T22:21:59.934+0700] {logging_mixin.py:190} INFO - [2024-10-21T22:21:59.934+0700] {dag.py:4180} INFO - Setting next_dagrun for example_branch_python_operator_decorator to 2024-10-20 00:00:00+00:00, run_after=2024-10-21 00:00:00+00:00
[2024-10-21T22:21:59.957+0700] {processor.py:208} INFO - Processing /Users/punny/Documents/GitHub/NYC-Taxi-ETL-Pipeline/.venv/lib/python3.10/site-packages/airflow/example_dags/example_branch_operator_decorator.py took 0.476 seconds
[2024-10-21T22:27:13.579+0700] {processor.py:186} INFO - Started process (PID=13419) to work on /Users/punny/Documents/GitHub/NYC-Taxi-ETL-Pipeline/.venv/lib/python3.10/site-packages/airflow/example_dags/example_branch_operator_decorator.py
[2024-10-21T22:27:13.582+0700] {processor.py:914} INFO - Processing file /Users/punny/Documents/GitHub/NYC-Taxi-ETL-Pipeline/.venv/lib/python3.10/site-packages/airflow/example_dags/example_branch_operator_decorator.py for tasks to queue
[2024-10-21T22:27:13.584+0700] {logging_mixin.py:190} INFO - [2024-10-21T22:27:13.583+0700] {dagbag.py:588} INFO - Filling up the DagBag from /Users/punny/Documents/GitHub/NYC-Taxi-ETL-Pipeline/.venv/lib/python3.10/site-packages/airflow/example_dags/example_branch_operator_decorator.py
[2024-10-21T22:27:13.647+0700] {processor.py:925} INFO - DAG(s) 'example_branch_python_operator_decorator' retrieved from /Users/punny/Documents/GitHub/NYC-Taxi-ETL-Pipeline/.venv/lib/python3.10/site-packages/airflow/example_dags/example_branch_operator_decorator.py
[2024-10-21T22:27:14.002+0700] {logging_mixin.py:190} INFO - [2024-10-21T22:27:14.001+0700] {dag.py:3239} INFO - Sync 1 DAGs
[2024-10-21T22:27:14.026+0700] {logging_mixin.py:190} INFO - [2024-10-21T22:27:14.026+0700] {dag.py:4180} INFO - Setting next_dagrun for example_branch_python_operator_decorator to 2024-10-20 00:00:00+00:00, run_after=2024-10-21 00:00:00+00:00
[2024-10-21T22:27:14.050+0700] {processor.py:208} INFO - Processing /Users/punny/Documents/GitHub/NYC-Taxi-ETL-Pipeline/.venv/lib/python3.10/site-packages/airflow/example_dags/example_branch_operator_decorator.py took 0.480 seconds
[2024-10-21T22:33:04.351+0700] {processor.py:186} INFO - Started process (PID=13804) to work on /Users/punny/Documents/GitHub/NYC-Taxi-ETL-Pipeline/.venv/lib/python3.10/site-packages/airflow/example_dags/example_branch_operator_decorator.py
[2024-10-21T22:33:04.354+0700] {processor.py:914} INFO - Processing file /Users/punny/Documents/GitHub/NYC-Taxi-ETL-Pipeline/.venv/lib/python3.10/site-packages/airflow/example_dags/example_branch_operator_decorator.py for tasks to queue
[2024-10-21T22:33:04.355+0700] {logging_mixin.py:190} INFO - [2024-10-21T22:33:04.355+0700] {dagbag.py:588} INFO - Filling up the DagBag from /Users/punny/Documents/GitHub/NYC-Taxi-ETL-Pipeline/.venv/lib/python3.10/site-packages/airflow/example_dags/example_branch_operator_decorator.py
[2024-10-21T22:33:04.417+0700] {processor.py:925} INFO - DAG(s) 'example_branch_python_operator_decorator' retrieved from /Users/punny/Documents/GitHub/NYC-Taxi-ETL-Pipeline/.venv/lib/python3.10/site-packages/airflow/example_dags/example_branch_operator_decorator.py
[2024-10-21T22:33:04.765+0700] {logging_mixin.py:190} INFO - [2024-10-21T22:33:04.764+0700] {dag.py:3239} INFO - Sync 1 DAGs
[2024-10-21T22:33:04.788+0700] {logging_mixin.py:190} INFO - [2024-10-21T22:33:04.788+0700] {dag.py:4180} INFO - Setting next_dagrun for example_branch_python_operator_decorator to 2024-10-20 00:00:00+00:00, run_after=2024-10-21 00:00:00+00:00
[2024-10-21T22:33:04.863+0700] {processor.py:208} INFO - Processing /Users/punny/Documents/GitHub/NYC-Taxi-ETL-Pipeline/.venv/lib/python3.10/site-packages/airflow/example_dags/example_branch_operator_decorator.py took 0.521 seconds
