[2024-10-21T12:53:38.288+0700] {processor.py:186} INFO - Started process (PID=34239) to work on /Users/punny/Documents/GitHub/NYC-Taxi-ETL-Pipeline/.venv/lib/python3.10/site-packages/airflow/example_dags/example_python_decorator.py
[2024-10-21T12:53:38.312+0700] {processor.py:914} INFO - Processing file /Users/punny/Documents/GitHub/NYC-Taxi-ETL-Pipeline/.venv/lib/python3.10/site-packages/airflow/example_dags/example_python_decorator.py for tasks to queue
[2024-10-21T12:53:38.315+0700] {logging_mixin.py:190} INFO - [2024-10-21T12:53:38.314+0700] {dagbag.py:588} INFO - Filling up the DagBag from /Users/punny/Documents/GitHub/NYC-Taxi-ETL-Pipeline/.venv/lib/python3.10/site-packages/airflow/example_dags/example_python_decorator.py
[2024-10-21T12:53:38.675+0700] {processor.py:925} INFO - DAG(s) 'example_python_decorator' retrieved from /Users/punny/Documents/GitHub/NYC-Taxi-ETL-Pipeline/.venv/lib/python3.10/site-packages/airflow/example_dags/example_python_decorator.py
[2024-10-21T12:53:39.284+0700] {logging_mixin.py:190} INFO - [2024-10-21T12:53:39.283+0700] {dag.py:3239} INFO - Sync 1 DAGs
[2024-10-21T12:53:39.306+0700] {logging_mixin.py:190} INFO - [2024-10-21T12:53:39.305+0700] {dag.py:4180} INFO - Setting next_dagrun for example_python_decorator to None, run_after=None
[2024-10-21T12:53:39.348+0700] {processor.py:208} INFO - Processing /Users/punny/Documents/GitHub/NYC-Taxi-ETL-Pipeline/.venv/lib/python3.10/site-packages/airflow/example_dags/example_python_decorator.py took 1.081 seconds
[2024-10-21T14:13:31.343+0700] {processor.py:186} INFO - Started process (PID=35072) to work on /Users/punny/Documents/GitHub/NYC-Taxi-ETL-Pipeline/.venv/lib/python3.10/site-packages/airflow/example_dags/example_python_decorator.py
[2024-10-21T14:13:31.347+0700] {processor.py:914} INFO - Processing file /Users/punny/Documents/GitHub/NYC-Taxi-ETL-Pipeline/.venv/lib/python3.10/site-packages/airflow/example_dags/example_python_decorator.py for tasks to queue
[2024-10-21T14:13:31.348+0700] {logging_mixin.py:190} INFO - [2024-10-21T14:13:31.348+0700] {dagbag.py:588} INFO - Filling up the DagBag from /Users/punny/Documents/GitHub/NYC-Taxi-ETL-Pipeline/.venv/lib/python3.10/site-packages/airflow/example_dags/example_python_decorator.py
[2024-10-21T14:13:31.429+0700] {processor.py:925} INFO - DAG(s) 'example_python_decorator' retrieved from /Users/punny/Documents/GitHub/NYC-Taxi-ETL-Pipeline/.venv/lib/python3.10/site-packages/airflow/example_dags/example_python_decorator.py
[2024-10-21T14:13:31.881+0700] {logging_mixin.py:190} INFO - [2024-10-21T14:13:31.881+0700] {dag.py:3239} INFO - Sync 1 DAGs
[2024-10-21T14:13:31.900+0700] {logging_mixin.py:190} INFO - [2024-10-21T14:13:31.900+0700] {dag.py:4180} INFO - Setting next_dagrun for example_python_decorator to None, run_after=None
[2024-10-21T14:13:31.934+0700] {processor.py:208} INFO - Processing /Users/punny/Documents/GitHub/NYC-Taxi-ETL-Pipeline/.venv/lib/python3.10/site-packages/airflow/example_dags/example_python_decorator.py took 0.603 seconds
[2024-10-21T14:48:54.470+0700] {processor.py:186} INFO - Started process (PID=35988) to work on /Users/punny/Documents/GitHub/NYC-Taxi-ETL-Pipeline/.venv/lib/python3.10/site-packages/airflow/example_dags/example_python_decorator.py
[2024-10-21T14:48:54.474+0700] {processor.py:914} INFO - Processing file /Users/punny/Documents/GitHub/NYC-Taxi-ETL-Pipeline/.venv/lib/python3.10/site-packages/airflow/example_dags/example_python_decorator.py for tasks to queue
[2024-10-21T14:48:54.475+0700] {logging_mixin.py:190} INFO - [2024-10-21T14:48:54.475+0700] {dagbag.py:588} INFO - Filling up the DagBag from /Users/punny/Documents/GitHub/NYC-Taxi-ETL-Pipeline/.venv/lib/python3.10/site-packages/airflow/example_dags/example_python_decorator.py
[2024-10-21T14:48:54.526+0700] {processor.py:925} INFO - DAG(s) 'example_python_decorator' retrieved from /Users/punny/Documents/GitHub/NYC-Taxi-ETL-Pipeline/.venv/lib/python3.10/site-packages/airflow/example_dags/example_python_decorator.py
[2024-10-21T14:48:54.849+0700] {logging_mixin.py:190} INFO - [2024-10-21T14:48:54.848+0700] {dag.py:3239} INFO - Sync 1 DAGs
[2024-10-21T14:48:54.862+0700] {logging_mixin.py:190} INFO - [2024-10-21T14:48:54.862+0700] {dag.py:4180} INFO - Setting next_dagrun for example_python_decorator to None, run_after=None
[2024-10-21T14:48:54.888+0700] {processor.py:208} INFO - Processing /Users/punny/Documents/GitHub/NYC-Taxi-ETL-Pipeline/.venv/lib/python3.10/site-packages/airflow/example_dags/example_python_decorator.py took 0.428 seconds
[2024-10-21T14:52:32.942+0700] {processor.py:186} INFO - Started process (PID=36581) to work on /Users/punny/Documents/GitHub/NYC-Taxi-ETL-Pipeline/.venv/lib/python3.10/site-packages/airflow/example_dags/example_python_decorator.py
[2024-10-21T14:52:32.946+0700] {processor.py:914} INFO - Processing file /Users/punny/Documents/GitHub/NYC-Taxi-ETL-Pipeline/.venv/lib/python3.10/site-packages/airflow/example_dags/example_python_decorator.py for tasks to queue
[2024-10-21T14:52:32.948+0700] {logging_mixin.py:190} INFO - [2024-10-21T14:52:32.948+0700] {dagbag.py:588} INFO - Filling up the DagBag from /Users/punny/Documents/GitHub/NYC-Taxi-ETL-Pipeline/.venv/lib/python3.10/site-packages/airflow/example_dags/example_python_decorator.py
[2024-10-21T14:52:33.037+0700] {processor.py:925} INFO - DAG(s) 'example_python_decorator' retrieved from /Users/punny/Documents/GitHub/NYC-Taxi-ETL-Pipeline/.venv/lib/python3.10/site-packages/airflow/example_dags/example_python_decorator.py
[2024-10-21T14:52:34.148+0700] {logging_mixin.py:190} INFO - [2024-10-21T14:52:34.147+0700] {dag.py:3239} INFO - Sync 1 DAGs
[2024-10-21T14:52:34.174+0700] {logging_mixin.py:190} INFO - [2024-10-21T14:52:34.173+0700] {dag.py:4180} INFO - Setting next_dagrun for example_python_decorator to None, run_after=None
[2024-10-21T14:52:34.335+0700] {processor.py:208} INFO - Processing /Users/punny/Documents/GitHub/NYC-Taxi-ETL-Pipeline/.venv/lib/python3.10/site-packages/airflow/example_dags/example_python_decorator.py took 1.407 seconds
[2024-10-21T14:55:59.800+0700] {processor.py:186} INFO - Started process (PID=37117) to work on /Users/punny/Documents/GitHub/NYC-Taxi-ETL-Pipeline/.venv/lib/python3.10/site-packages/airflow/example_dags/example_python_decorator.py
[2024-10-21T14:55:59.804+0700] {processor.py:914} INFO - Processing file /Users/punny/Documents/GitHub/NYC-Taxi-ETL-Pipeline/.venv/lib/python3.10/site-packages/airflow/example_dags/example_python_decorator.py for tasks to queue
[2024-10-21T14:55:59.805+0700] {logging_mixin.py:190} INFO - [2024-10-21T14:55:59.805+0700] {dagbag.py:588} INFO - Filling up the DagBag from /Users/punny/Documents/GitHub/NYC-Taxi-ETL-Pipeline/.venv/lib/python3.10/site-packages/airflow/example_dags/example_python_decorator.py
[2024-10-21T14:55:59.876+0700] {processor.py:925} INFO - DAG(s) 'example_python_decorator' retrieved from /Users/punny/Documents/GitHub/NYC-Taxi-ETL-Pipeline/.venv/lib/python3.10/site-packages/airflow/example_dags/example_python_decorator.py
[2024-10-21T14:56:00.202+0700] {logging_mixin.py:190} INFO - [2024-10-21T14:56:00.202+0700] {dag.py:3239} INFO - Sync 1 DAGs
[2024-10-21T14:56:00.217+0700] {logging_mixin.py:190} INFO - [2024-10-21T14:56:00.216+0700] {dag.py:4180} INFO - Setting next_dagrun for example_python_decorator to None, run_after=None
[2024-10-21T14:56:00.241+0700] {processor.py:208} INFO - Processing /Users/punny/Documents/GitHub/NYC-Taxi-ETL-Pipeline/.venv/lib/python3.10/site-packages/airflow/example_dags/example_python_decorator.py took 0.451 seconds
[2024-10-21T15:00:39.460+0700] {processor.py:186} INFO - Started process (PID=37796) to work on /Users/punny/Documents/GitHub/NYC-Taxi-ETL-Pipeline/.venv/lib/python3.10/site-packages/airflow/example_dags/example_python_decorator.py
[2024-10-21T15:00:39.464+0700] {processor.py:914} INFO - Processing file /Users/punny/Documents/GitHub/NYC-Taxi-ETL-Pipeline/.venv/lib/python3.10/site-packages/airflow/example_dags/example_python_decorator.py for tasks to queue
[2024-10-21T15:00:39.465+0700] {logging_mixin.py:190} INFO - [2024-10-21T15:00:39.465+0700] {dagbag.py:588} INFO - Filling up the DagBag from /Users/punny/Documents/GitHub/NYC-Taxi-ETL-Pipeline/.venv/lib/python3.10/site-packages/airflow/example_dags/example_python_decorator.py
[2024-10-21T15:00:39.530+0700] {processor.py:925} INFO - DAG(s) 'example_python_decorator' retrieved from /Users/punny/Documents/GitHub/NYC-Taxi-ETL-Pipeline/.venv/lib/python3.10/site-packages/airflow/example_dags/example_python_decorator.py
[2024-10-21T15:00:39.911+0700] {logging_mixin.py:190} INFO - [2024-10-21T15:00:39.910+0700] {dag.py:3239} INFO - Sync 1 DAGs
[2024-10-21T15:00:39.929+0700] {logging_mixin.py:190} INFO - [2024-10-21T15:00:39.928+0700] {dag.py:4180} INFO - Setting next_dagrun for example_python_decorator to None, run_after=None
[2024-10-21T15:00:39.965+0700] {processor.py:208} INFO - Processing /Users/punny/Documents/GitHub/NYC-Taxi-ETL-Pipeline/.venv/lib/python3.10/site-packages/airflow/example_dags/example_python_decorator.py took 0.516 seconds
[2024-10-21T15:06:31.582+0700] {processor.py:186} INFO - Started process (PID=38566) to work on /Users/punny/Documents/GitHub/NYC-Taxi-ETL-Pipeline/.venv/lib/python3.10/site-packages/airflow/example_dags/example_python_decorator.py
[2024-10-21T15:06:31.587+0700] {processor.py:914} INFO - Processing file /Users/punny/Documents/GitHub/NYC-Taxi-ETL-Pipeline/.venv/lib/python3.10/site-packages/airflow/example_dags/example_python_decorator.py for tasks to queue
[2024-10-21T15:06:31.590+0700] {logging_mixin.py:190} INFO - [2024-10-21T15:06:31.589+0700] {dagbag.py:588} INFO - Filling up the DagBag from /Users/punny/Documents/GitHub/NYC-Taxi-ETL-Pipeline/.venv/lib/python3.10/site-packages/airflow/example_dags/example_python_decorator.py
[2024-10-21T15:06:31.682+0700] {processor.py:925} INFO - DAG(s) 'example_python_decorator' retrieved from /Users/punny/Documents/GitHub/NYC-Taxi-ETL-Pipeline/.venv/lib/python3.10/site-packages/airflow/example_dags/example_python_decorator.py
[2024-10-21T15:06:32.242+0700] {logging_mixin.py:190} INFO - [2024-10-21T15:06:32.242+0700] {dag.py:3239} INFO - Sync 1 DAGs
[2024-10-21T15:06:32.266+0700] {logging_mixin.py:190} INFO - [2024-10-21T15:06:32.266+0700] {dag.py:4180} INFO - Setting next_dagrun for example_python_decorator to None, run_after=None
[2024-10-21T15:06:32.306+0700] {processor.py:208} INFO - Processing /Users/punny/Documents/GitHub/NYC-Taxi-ETL-Pipeline/.venv/lib/python3.10/site-packages/airflow/example_dags/example_python_decorator.py took 0.737 seconds
[2024-10-21T15:11:20.016+0700] {processor.py:186} INFO - Started process (PID=39204) to work on /Users/punny/Documents/GitHub/NYC-Taxi-ETL-Pipeline/.venv/lib/python3.10/site-packages/airflow/example_dags/example_python_decorator.py
[2024-10-21T15:11:20.022+0700] {processor.py:914} INFO - Processing file /Users/punny/Documents/GitHub/NYC-Taxi-ETL-Pipeline/.venv/lib/python3.10/site-packages/airflow/example_dags/example_python_decorator.py for tasks to queue
[2024-10-21T15:11:20.025+0700] {logging_mixin.py:190} INFO - [2024-10-21T15:11:20.024+0700] {dagbag.py:588} INFO - Filling up the DagBag from /Users/punny/Documents/GitHub/NYC-Taxi-ETL-Pipeline/.venv/lib/python3.10/site-packages/airflow/example_dags/example_python_decorator.py
[2024-10-21T15:11:20.105+0700] {processor.py:925} INFO - DAG(s) 'example_python_decorator' retrieved from /Users/punny/Documents/GitHub/NYC-Taxi-ETL-Pipeline/.venv/lib/python3.10/site-packages/airflow/example_dags/example_python_decorator.py
[2024-10-21T15:11:20.548+0700] {logging_mixin.py:190} INFO - [2024-10-21T15:11:20.546+0700] {dag.py:3239} INFO - Sync 1 DAGs
[2024-10-21T15:11:20.573+0700] {logging_mixin.py:190} INFO - [2024-10-21T15:11:20.572+0700] {dag.py:4180} INFO - Setting next_dagrun for example_python_decorator to None, run_after=None
[2024-10-21T15:11:20.610+0700] {processor.py:208} INFO - Processing /Users/punny/Documents/GitHub/NYC-Taxi-ETL-Pipeline/.venv/lib/python3.10/site-packages/airflow/example_dags/example_python_decorator.py took 0.609 seconds
[2024-10-21T15:15:29.637+0700] {processor.py:186} INFO - Started process (PID=39704) to work on /Users/punny/Documents/GitHub/NYC-Taxi-ETL-Pipeline/.venv/lib/python3.10/site-packages/airflow/example_dags/example_python_decorator.py
[2024-10-21T15:15:29.641+0700] {processor.py:914} INFO - Processing file /Users/punny/Documents/GitHub/NYC-Taxi-ETL-Pipeline/.venv/lib/python3.10/site-packages/airflow/example_dags/example_python_decorator.py for tasks to queue
[2024-10-21T15:15:29.643+0700] {logging_mixin.py:190} INFO - [2024-10-21T15:15:29.643+0700] {dagbag.py:588} INFO - Filling up the DagBag from /Users/punny/Documents/GitHub/NYC-Taxi-ETL-Pipeline/.venv/lib/python3.10/site-packages/airflow/example_dags/example_python_decorator.py
[2024-10-21T15:15:29.718+0700] {processor.py:925} INFO - DAG(s) 'example_python_decorator' retrieved from /Users/punny/Documents/GitHub/NYC-Taxi-ETL-Pipeline/.venv/lib/python3.10/site-packages/airflow/example_dags/example_python_decorator.py
[2024-10-21T15:15:30.214+0700] {logging_mixin.py:190} INFO - [2024-10-21T15:15:30.214+0700] {dag.py:3239} INFO - Sync 1 DAGs
[2024-10-21T15:15:30.236+0700] {logging_mixin.py:190} INFO - [2024-10-21T15:15:30.236+0700] {dag.py:4180} INFO - Setting next_dagrun for example_python_decorator to None, run_after=None
[2024-10-21T15:15:30.273+0700] {processor.py:208} INFO - Processing /Users/punny/Documents/GitHub/NYC-Taxi-ETL-Pipeline/.venv/lib/python3.10/site-packages/airflow/example_dags/example_python_decorator.py took 0.645 seconds
[2024-10-21T15:19:53.975+0700] {processor.py:186} INFO - Started process (PID=40260) to work on /Users/punny/Documents/GitHub/NYC-Taxi-ETL-Pipeline/.venv/lib/python3.10/site-packages/airflow/example_dags/example_python_decorator.py
[2024-10-21T15:19:53.982+0700] {processor.py:914} INFO - Processing file /Users/punny/Documents/GitHub/NYC-Taxi-ETL-Pipeline/.venv/lib/python3.10/site-packages/airflow/example_dags/example_python_decorator.py for tasks to queue
[2024-10-21T15:19:53.984+0700] {logging_mixin.py:190} INFO - [2024-10-21T15:19:53.984+0700] {dagbag.py:588} INFO - Filling up the DagBag from /Users/punny/Documents/GitHub/NYC-Taxi-ETL-Pipeline/.venv/lib/python3.10/site-packages/airflow/example_dags/example_python_decorator.py
[2024-10-21T15:19:54.117+0700] {processor.py:925} INFO - DAG(s) 'example_python_decorator' retrieved from /Users/punny/Documents/GitHub/NYC-Taxi-ETL-Pipeline/.venv/lib/python3.10/site-packages/airflow/example_dags/example_python_decorator.py
[2024-10-21T15:19:54.741+0700] {logging_mixin.py:190} INFO - [2024-10-21T15:19:54.739+0700] {dag.py:3239} INFO - Sync 1 DAGs
[2024-10-21T15:19:54.771+0700] {logging_mixin.py:190} INFO - [2024-10-21T15:19:54.770+0700] {dag.py:4180} INFO - Setting next_dagrun for example_python_decorator to None, run_after=None
[2024-10-21T15:19:54.813+0700] {processor.py:208} INFO - Processing /Users/punny/Documents/GitHub/NYC-Taxi-ETL-Pipeline/.venv/lib/python3.10/site-packages/airflow/example_dags/example_python_decorator.py took 0.845 seconds
[2024-10-21T15:24:01.846+0700] {processor.py:186} INFO - Started process (PID=40776) to work on /Users/punny/Documents/GitHub/NYC-Taxi-ETL-Pipeline/.venv/lib/python3.10/site-packages/airflow/example_dags/example_python_decorator.py
[2024-10-21T15:24:01.851+0700] {processor.py:914} INFO - Processing file /Users/punny/Documents/GitHub/NYC-Taxi-ETL-Pipeline/.venv/lib/python3.10/site-packages/airflow/example_dags/example_python_decorator.py for tasks to queue
[2024-10-21T15:24:01.852+0700] {logging_mixin.py:190} INFO - [2024-10-21T15:24:01.852+0700] {dagbag.py:588} INFO - Filling up the DagBag from /Users/punny/Documents/GitHub/NYC-Taxi-ETL-Pipeline/.venv/lib/python3.10/site-packages/airflow/example_dags/example_python_decorator.py
[2024-10-21T15:24:01.939+0700] {processor.py:925} INFO - DAG(s) 'example_python_decorator' retrieved from /Users/punny/Documents/GitHub/NYC-Taxi-ETL-Pipeline/.venv/lib/python3.10/site-packages/airflow/example_dags/example_python_decorator.py
[2024-10-21T15:24:02.453+0700] {logging_mixin.py:190} INFO - [2024-10-21T15:24:02.453+0700] {dag.py:3239} INFO - Sync 1 DAGs
[2024-10-21T15:24:02.472+0700] {logging_mixin.py:190} INFO - [2024-10-21T15:24:02.472+0700] {dag.py:4180} INFO - Setting next_dagrun for example_python_decorator to None, run_after=None
[2024-10-21T15:24:02.518+0700] {processor.py:208} INFO - Processing /Users/punny/Documents/GitHub/NYC-Taxi-ETL-Pipeline/.venv/lib/python3.10/site-packages/airflow/example_dags/example_python_decorator.py took 0.686 seconds
[2024-10-21T15:27:58.815+0700] {processor.py:186} INFO - Started process (PID=41267) to work on /Users/punny/Documents/GitHub/NYC-Taxi-ETL-Pipeline/.venv/lib/python3.10/site-packages/airflow/example_dags/example_python_decorator.py
[2024-10-21T15:27:58.819+0700] {processor.py:914} INFO - Processing file /Users/punny/Documents/GitHub/NYC-Taxi-ETL-Pipeline/.venv/lib/python3.10/site-packages/airflow/example_dags/example_python_decorator.py for tasks to queue
[2024-10-21T15:27:58.821+0700] {logging_mixin.py:190} INFO - [2024-10-21T15:27:58.820+0700] {dagbag.py:588} INFO - Filling up the DagBag from /Users/punny/Documents/GitHub/NYC-Taxi-ETL-Pipeline/.venv/lib/python3.10/site-packages/airflow/example_dags/example_python_decorator.py
[2024-10-21T15:27:58.900+0700] {processor.py:925} INFO - DAG(s) 'example_python_decorator' retrieved from /Users/punny/Documents/GitHub/NYC-Taxi-ETL-Pipeline/.venv/lib/python3.10/site-packages/airflow/example_dags/example_python_decorator.py
[2024-10-21T15:27:59.399+0700] {logging_mixin.py:190} INFO - [2024-10-21T15:27:59.398+0700] {dag.py:3239} INFO - Sync 1 DAGs
[2024-10-21T15:27:59.437+0700] {logging_mixin.py:190} INFO - [2024-10-21T15:27:59.437+0700] {dag.py:4180} INFO - Setting next_dagrun for example_python_decorator to None, run_after=None
[2024-10-21T15:27:59.474+0700] {processor.py:208} INFO - Processing /Users/punny/Documents/GitHub/NYC-Taxi-ETL-Pipeline/.venv/lib/python3.10/site-packages/airflow/example_dags/example_python_decorator.py took 0.669 seconds
[2024-10-21T15:32:04.873+0700] {processor.py:186} INFO - Started process (PID=41812) to work on /Users/punny/Documents/GitHub/NYC-Taxi-ETL-Pipeline/.venv/lib/python3.10/site-packages/airflow/example_dags/example_python_decorator.py
[2024-10-21T15:32:04.878+0700] {processor.py:914} INFO - Processing file /Users/punny/Documents/GitHub/NYC-Taxi-ETL-Pipeline/.venv/lib/python3.10/site-packages/airflow/example_dags/example_python_decorator.py for tasks to queue
[2024-10-21T15:32:04.880+0700] {logging_mixin.py:190} INFO - [2024-10-21T15:32:04.880+0700] {dagbag.py:588} INFO - Filling up the DagBag from /Users/punny/Documents/GitHub/NYC-Taxi-ETL-Pipeline/.venv/lib/python3.10/site-packages/airflow/example_dags/example_python_decorator.py
[2024-10-21T15:32:04.961+0700] {processor.py:925} INFO - DAG(s) 'example_python_decorator' retrieved from /Users/punny/Documents/GitHub/NYC-Taxi-ETL-Pipeline/.venv/lib/python3.10/site-packages/airflow/example_dags/example_python_decorator.py
[2024-10-21T15:32:05.457+0700] {logging_mixin.py:190} INFO - [2024-10-21T15:32:05.457+0700] {dag.py:3239} INFO - Sync 1 DAGs
[2024-10-21T15:32:05.477+0700] {logging_mixin.py:190} INFO - [2024-10-21T15:32:05.477+0700] {dag.py:4180} INFO - Setting next_dagrun for example_python_decorator to None, run_after=None
[2024-10-21T15:32:05.512+0700] {processor.py:208} INFO - Processing /Users/punny/Documents/GitHub/NYC-Taxi-ETL-Pipeline/.venv/lib/python3.10/site-packages/airflow/example_dags/example_python_decorator.py took 0.646 seconds
[2024-10-21T15:35:59.983+0700] {processor.py:186} INFO - Started process (PID=42288) to work on /Users/punny/Documents/GitHub/NYC-Taxi-ETL-Pipeline/.venv/lib/python3.10/site-packages/airflow/example_dags/example_python_decorator.py
[2024-10-21T15:35:59.990+0700] {processor.py:914} INFO - Processing file /Users/punny/Documents/GitHub/NYC-Taxi-ETL-Pipeline/.venv/lib/python3.10/site-packages/airflow/example_dags/example_python_decorator.py for tasks to queue
[2024-10-21T15:35:59.992+0700] {logging_mixin.py:190} INFO - [2024-10-21T15:35:59.991+0700] {dagbag.py:588} INFO - Filling up the DagBag from /Users/punny/Documents/GitHub/NYC-Taxi-ETL-Pipeline/.venv/lib/python3.10/site-packages/airflow/example_dags/example_python_decorator.py
[2024-10-21T15:36:00.072+0700] {processor.py:925} INFO - DAG(s) 'example_python_decorator' retrieved from /Users/punny/Documents/GitHub/NYC-Taxi-ETL-Pipeline/.venv/lib/python3.10/site-packages/airflow/example_dags/example_python_decorator.py
[2024-10-21T15:36:00.647+0700] {logging_mixin.py:190} INFO - [2024-10-21T15:36:00.646+0700] {dag.py:3239} INFO - Sync 1 DAGs
[2024-10-21T15:36:00.666+0700] {logging_mixin.py:190} INFO - [2024-10-21T15:36:00.666+0700] {dag.py:4180} INFO - Setting next_dagrun for example_python_decorator to None, run_after=None
[2024-10-21T15:36:00.699+0700] {processor.py:208} INFO - Processing /Users/punny/Documents/GitHub/NYC-Taxi-ETL-Pipeline/.venv/lib/python3.10/site-packages/airflow/example_dags/example_python_decorator.py took 0.728 seconds
[2024-10-21T15:39:59.678+0700] {processor.py:186} INFO - Started process (PID=42881) to work on /Users/punny/Documents/GitHub/NYC-Taxi-ETL-Pipeline/.venv/lib/python3.10/site-packages/airflow/example_dags/example_python_decorator.py
[2024-10-21T15:39:59.682+0700] {processor.py:914} INFO - Processing file /Users/punny/Documents/GitHub/NYC-Taxi-ETL-Pipeline/.venv/lib/python3.10/site-packages/airflow/example_dags/example_python_decorator.py for tasks to queue
[2024-10-21T15:39:59.684+0700] {logging_mixin.py:190} INFO - [2024-10-21T15:39:59.683+0700] {dagbag.py:588} INFO - Filling up the DagBag from /Users/punny/Documents/GitHub/NYC-Taxi-ETL-Pipeline/.venv/lib/python3.10/site-packages/airflow/example_dags/example_python_decorator.py
[2024-10-21T15:39:59.791+0700] {processor.py:925} INFO - DAG(s) 'example_python_decorator' retrieved from /Users/punny/Documents/GitHub/NYC-Taxi-ETL-Pipeline/.venv/lib/python3.10/site-packages/airflow/example_dags/example_python_decorator.py
[2024-10-21T15:40:00.493+0700] {logging_mixin.py:190} INFO - [2024-10-21T15:40:00.493+0700] {dag.py:3239} INFO - Sync 1 DAGs
[2024-10-21T15:40:00.525+0700] {logging_mixin.py:190} INFO - [2024-10-21T15:40:00.525+0700] {dag.py:4180} INFO - Setting next_dagrun for example_python_decorator to None, run_after=None
[2024-10-21T15:40:00.570+0700] {processor.py:208} INFO - Processing /Users/punny/Documents/GitHub/NYC-Taxi-ETL-Pipeline/.venv/lib/python3.10/site-packages/airflow/example_dags/example_python_decorator.py took 0.906 seconds
[2024-10-21T15:43:55.475+0700] {processor.py:186} INFO - Started process (PID=43374) to work on /Users/punny/Documents/GitHub/NYC-Taxi-ETL-Pipeline/.venv/lib/python3.10/site-packages/airflow/example_dags/example_python_decorator.py
[2024-10-21T15:43:55.480+0700] {processor.py:914} INFO - Processing file /Users/punny/Documents/GitHub/NYC-Taxi-ETL-Pipeline/.venv/lib/python3.10/site-packages/airflow/example_dags/example_python_decorator.py for tasks to queue
[2024-10-21T15:43:55.481+0700] {logging_mixin.py:190} INFO - [2024-10-21T15:43:55.481+0700] {dagbag.py:588} INFO - Filling up the DagBag from /Users/punny/Documents/GitHub/NYC-Taxi-ETL-Pipeline/.venv/lib/python3.10/site-packages/airflow/example_dags/example_python_decorator.py
[2024-10-21T15:43:55.556+0700] {processor.py:925} INFO - DAG(s) 'example_python_decorator' retrieved from /Users/punny/Documents/GitHub/NYC-Taxi-ETL-Pipeline/.venv/lib/python3.10/site-packages/airflow/example_dags/example_python_decorator.py
[2024-10-21T15:43:56.069+0700] {logging_mixin.py:190} INFO - [2024-10-21T15:43:56.068+0700] {dag.py:3239} INFO - Sync 1 DAGs
[2024-10-21T15:43:56.086+0700] {logging_mixin.py:190} INFO - [2024-10-21T15:43:56.086+0700] {dag.py:4180} INFO - Setting next_dagrun for example_python_decorator to None, run_after=None
[2024-10-21T15:43:56.121+0700] {processor.py:208} INFO - Processing /Users/punny/Documents/GitHub/NYC-Taxi-ETL-Pipeline/.venv/lib/python3.10/site-packages/airflow/example_dags/example_python_decorator.py took 0.658 seconds
[2024-10-21T15:47:48.010+0700] {processor.py:186} INFO - Started process (PID=43847) to work on /Users/punny/Documents/GitHub/NYC-Taxi-ETL-Pipeline/.venv/lib/python3.10/site-packages/airflow/example_dags/example_python_decorator.py
[2024-10-21T15:47:48.016+0700] {processor.py:914} INFO - Processing file /Users/punny/Documents/GitHub/NYC-Taxi-ETL-Pipeline/.venv/lib/python3.10/site-packages/airflow/example_dags/example_python_decorator.py for tasks to queue
[2024-10-21T15:47:48.018+0700] {logging_mixin.py:190} INFO - [2024-10-21T15:47:48.018+0700] {dagbag.py:588} INFO - Filling up the DagBag from /Users/punny/Documents/GitHub/NYC-Taxi-ETL-Pipeline/.venv/lib/python3.10/site-packages/airflow/example_dags/example_python_decorator.py
[2024-10-21T15:47:48.094+0700] {processor.py:925} INFO - DAG(s) 'example_python_decorator' retrieved from /Users/punny/Documents/GitHub/NYC-Taxi-ETL-Pipeline/.venv/lib/python3.10/site-packages/airflow/example_dags/example_python_decorator.py
[2024-10-21T15:47:48.557+0700] {logging_mixin.py:190} INFO - [2024-10-21T15:47:48.557+0700] {dag.py:3239} INFO - Sync 1 DAGs
[2024-10-21T15:47:48.575+0700] {logging_mixin.py:190} INFO - [2024-10-21T15:47:48.575+0700] {dag.py:4180} INFO - Setting next_dagrun for example_python_decorator to None, run_after=None
[2024-10-21T15:47:48.612+0700] {processor.py:208} INFO - Processing /Users/punny/Documents/GitHub/NYC-Taxi-ETL-Pipeline/.venv/lib/python3.10/site-packages/airflow/example_dags/example_python_decorator.py took 0.614 seconds
[2024-10-21T15:51:46.560+0700] {processor.py:186} INFO - Started process (PID=44378) to work on /Users/punny/Documents/GitHub/NYC-Taxi-ETL-Pipeline/.venv/lib/python3.10/site-packages/airflow/example_dags/example_python_decorator.py
[2024-10-21T15:51:46.566+0700] {processor.py:914} INFO - Processing file /Users/punny/Documents/GitHub/NYC-Taxi-ETL-Pipeline/.venv/lib/python3.10/site-packages/airflow/example_dags/example_python_decorator.py for tasks to queue
[2024-10-21T15:51:46.568+0700] {logging_mixin.py:190} INFO - [2024-10-21T15:51:46.567+0700] {dagbag.py:588} INFO - Filling up the DagBag from /Users/punny/Documents/GitHub/NYC-Taxi-ETL-Pipeline/.venv/lib/python3.10/site-packages/airflow/example_dags/example_python_decorator.py
[2024-10-21T15:51:46.634+0700] {processor.py:925} INFO - DAG(s) 'example_python_decorator' retrieved from /Users/punny/Documents/GitHub/NYC-Taxi-ETL-Pipeline/.venv/lib/python3.10/site-packages/airflow/example_dags/example_python_decorator.py
[2024-10-21T15:51:47.125+0700] {logging_mixin.py:190} INFO - [2024-10-21T15:51:47.124+0700] {dag.py:3239} INFO - Sync 1 DAGs
[2024-10-21T15:51:47.145+0700] {logging_mixin.py:190} INFO - [2024-10-21T15:51:47.144+0700] {dag.py:4180} INFO - Setting next_dagrun for example_python_decorator to None, run_after=None
[2024-10-21T15:51:47.181+0700] {processor.py:208} INFO - Processing /Users/punny/Documents/GitHub/NYC-Taxi-ETL-Pipeline/.venv/lib/python3.10/site-packages/airflow/example_dags/example_python_decorator.py took 0.634 seconds
[2024-10-21T15:55:39.663+0700] {processor.py:186} INFO - Started process (PID=44847) to work on /Users/punny/Documents/GitHub/NYC-Taxi-ETL-Pipeline/.venv/lib/python3.10/site-packages/airflow/example_dags/example_python_decorator.py
[2024-10-21T15:55:39.668+0700] {processor.py:914} INFO - Processing file /Users/punny/Documents/GitHub/NYC-Taxi-ETL-Pipeline/.venv/lib/python3.10/site-packages/airflow/example_dags/example_python_decorator.py for tasks to queue
[2024-10-21T15:55:39.671+0700] {logging_mixin.py:190} INFO - [2024-10-21T15:55:39.670+0700] {dagbag.py:588} INFO - Filling up the DagBag from /Users/punny/Documents/GitHub/NYC-Taxi-ETL-Pipeline/.venv/lib/python3.10/site-packages/airflow/example_dags/example_python_decorator.py
[2024-10-21T15:55:39.749+0700] {processor.py:925} INFO - DAG(s) 'example_python_decorator' retrieved from /Users/punny/Documents/GitHub/NYC-Taxi-ETL-Pipeline/.venv/lib/python3.10/site-packages/airflow/example_dags/example_python_decorator.py
[2024-10-21T15:55:40.301+0700] {logging_mixin.py:190} INFO - [2024-10-21T15:55:40.300+0700] {dag.py:3239} INFO - Sync 1 DAGs
[2024-10-21T15:55:40.320+0700] {logging_mixin.py:190} INFO - [2024-10-21T15:55:40.320+0700] {dag.py:4180} INFO - Setting next_dagrun for example_python_decorator to None, run_after=None
[2024-10-21T15:55:40.357+0700] {processor.py:208} INFO - Processing /Users/punny/Documents/GitHub/NYC-Taxi-ETL-Pipeline/.venv/lib/python3.10/site-packages/airflow/example_dags/example_python_decorator.py took 0.706 seconds
[2024-10-21T15:59:53.963+0700] {processor.py:186} INFO - Started process (PID=45433) to work on /Users/punny/Documents/GitHub/NYC-Taxi-ETL-Pipeline/.venv/lib/python3.10/site-packages/airflow/example_dags/example_python_decorator.py
[2024-10-21T15:59:53.968+0700] {processor.py:914} INFO - Processing file /Users/punny/Documents/GitHub/NYC-Taxi-ETL-Pipeline/.venv/lib/python3.10/site-packages/airflow/example_dags/example_python_decorator.py for tasks to queue
[2024-10-21T15:59:53.970+0700] {logging_mixin.py:190} INFO - [2024-10-21T15:59:53.970+0700] {dagbag.py:588} INFO - Filling up the DagBag from /Users/punny/Documents/GitHub/NYC-Taxi-ETL-Pipeline/.venv/lib/python3.10/site-packages/airflow/example_dags/example_python_decorator.py
[2024-10-21T15:59:54.081+0700] {processor.py:925} INFO - DAG(s) 'example_python_decorator' retrieved from /Users/punny/Documents/GitHub/NYC-Taxi-ETL-Pipeline/.venv/lib/python3.10/site-packages/airflow/example_dags/example_python_decorator.py
[2024-10-21T15:59:54.787+0700] {logging_mixin.py:190} INFO - [2024-10-21T15:59:54.786+0700] {dag.py:3239} INFO - Sync 1 DAGs
[2024-10-21T15:59:54.811+0700] {logging_mixin.py:190} INFO - [2024-10-21T15:59:54.810+0700] {dag.py:4180} INFO - Setting next_dagrun for example_python_decorator to None, run_after=None
[2024-10-21T15:59:54.859+0700] {processor.py:208} INFO - Processing /Users/punny/Documents/GitHub/NYC-Taxi-ETL-Pipeline/.venv/lib/python3.10/site-packages/airflow/example_dags/example_python_decorator.py took 0.904 seconds
[2024-10-21T16:03:58.664+0700] {processor.py:186} INFO - Started process (PID=45931) to work on /Users/punny/Documents/GitHub/NYC-Taxi-ETL-Pipeline/.venv/lib/python3.10/site-packages/airflow/example_dags/example_python_decorator.py
[2024-10-21T16:03:58.668+0700] {processor.py:914} INFO - Processing file /Users/punny/Documents/GitHub/NYC-Taxi-ETL-Pipeline/.venv/lib/python3.10/site-packages/airflow/example_dags/example_python_decorator.py for tasks to queue
[2024-10-21T16:03:58.670+0700] {logging_mixin.py:190} INFO - [2024-10-21T16:03:58.669+0700] {dagbag.py:588} INFO - Filling up the DagBag from /Users/punny/Documents/GitHub/NYC-Taxi-ETL-Pipeline/.venv/lib/python3.10/site-packages/airflow/example_dags/example_python_decorator.py
[2024-10-21T16:03:58.744+0700] {processor.py:925} INFO - DAG(s) 'example_python_decorator' retrieved from /Users/punny/Documents/GitHub/NYC-Taxi-ETL-Pipeline/.venv/lib/python3.10/site-packages/airflow/example_dags/example_python_decorator.py
[2024-10-21T16:03:59.232+0700] {logging_mixin.py:190} INFO - [2024-10-21T16:03:59.229+0700] {dag.py:3239} INFO - Sync 1 DAGs
[2024-10-21T16:03:59.258+0700] {logging_mixin.py:190} INFO - [2024-10-21T16:03:59.257+0700] {dag.py:4180} INFO - Setting next_dagrun for example_python_decorator to None, run_after=None
[2024-10-21T16:03:59.293+0700] {processor.py:208} INFO - Processing /Users/punny/Documents/GitHub/NYC-Taxi-ETL-Pipeline/.venv/lib/python3.10/site-packages/airflow/example_dags/example_python_decorator.py took 0.638 seconds
[2024-10-21T20:38:09.271+0700] {processor.py:186} INFO - Started process (PID=4368) to work on /Users/punny/Documents/GitHub/NYC-Taxi-ETL-Pipeline/.venv/lib/python3.10/site-packages/airflow/example_dags/example_python_decorator.py
[2024-10-21T20:38:09.275+0700] {processor.py:914} INFO - Processing file /Users/punny/Documents/GitHub/NYC-Taxi-ETL-Pipeline/.venv/lib/python3.10/site-packages/airflow/example_dags/example_python_decorator.py for tasks to queue
[2024-10-21T20:38:09.278+0700] {logging_mixin.py:190} INFO - [2024-10-21T20:38:09.276+0700] {dagbag.py:588} INFO - Filling up the DagBag from /Users/punny/Documents/GitHub/NYC-Taxi-ETL-Pipeline/.venv/lib/python3.10/site-packages/airflow/example_dags/example_python_decorator.py
[2024-10-21T20:38:09.354+0700] {processor.py:925} INFO - DAG(s) 'example_python_decorator' retrieved from /Users/punny/Documents/GitHub/NYC-Taxi-ETL-Pipeline/.venv/lib/python3.10/site-packages/airflow/example_dags/example_python_decorator.py
[2024-10-21T20:38:09.750+0700] {logging_mixin.py:190} INFO - [2024-10-21T20:38:09.749+0700] {dag.py:3239} INFO - Sync 1 DAGs
[2024-10-21T20:38:09.767+0700] {logging_mixin.py:190} INFO - [2024-10-21T20:38:09.766+0700] {dag.py:4180} INFO - Setting next_dagrun for example_python_decorator to None, run_after=None
[2024-10-21T20:38:09.797+0700] {processor.py:208} INFO - Processing /Users/punny/Documents/GitHub/NYC-Taxi-ETL-Pipeline/.venv/lib/python3.10/site-packages/airflow/example_dags/example_python_decorator.py took 0.536 seconds
[2024-10-21T20:41:33.237+0700] {processor.py:186} INFO - Started process (PID=4616) to work on /Users/punny/Documents/GitHub/NYC-Taxi-ETL-Pipeline/.venv/lib/python3.10/site-packages/airflow/example_dags/example_python_decorator.py
[2024-10-21T20:41:33.241+0700] {processor.py:914} INFO - Processing file /Users/punny/Documents/GitHub/NYC-Taxi-ETL-Pipeline/.venv/lib/python3.10/site-packages/airflow/example_dags/example_python_decorator.py for tasks to queue
[2024-10-21T20:41:33.242+0700] {logging_mixin.py:190} INFO - [2024-10-21T20:41:33.242+0700] {dagbag.py:588} INFO - Filling up the DagBag from /Users/punny/Documents/GitHub/NYC-Taxi-ETL-Pipeline/.venv/lib/python3.10/site-packages/airflow/example_dags/example_python_decorator.py
[2024-10-21T20:41:33.292+0700] {processor.py:925} INFO - DAG(s) 'example_python_decorator' retrieved from /Users/punny/Documents/GitHub/NYC-Taxi-ETL-Pipeline/.venv/lib/python3.10/site-packages/airflow/example_dags/example_python_decorator.py
[2024-10-21T20:41:33.587+0700] {logging_mixin.py:190} INFO - [2024-10-21T20:41:33.587+0700] {dag.py:3239} INFO - Sync 1 DAGs
[2024-10-21T20:41:33.601+0700] {logging_mixin.py:190} INFO - [2024-10-21T20:41:33.601+0700] {dag.py:4180} INFO - Setting next_dagrun for example_python_decorator to None, run_after=None
[2024-10-21T20:41:33.627+0700] {processor.py:208} INFO - Processing /Users/punny/Documents/GitHub/NYC-Taxi-ETL-Pipeline/.venv/lib/python3.10/site-packages/airflow/example_dags/example_python_decorator.py took 0.397 seconds
[2024-10-21T20:45:27.664+0700] {processor.py:186} INFO - Started process (PID=4988) to work on /Users/punny/Documents/GitHub/NYC-Taxi-ETL-Pipeline/.venv/lib/python3.10/site-packages/airflow/example_dags/example_python_decorator.py
[2024-10-21T20:45:27.668+0700] {processor.py:914} INFO - Processing file /Users/punny/Documents/GitHub/NYC-Taxi-ETL-Pipeline/.venv/lib/python3.10/site-packages/airflow/example_dags/example_python_decorator.py for tasks to queue
[2024-10-21T20:45:27.669+0700] {logging_mixin.py:190} INFO - [2024-10-21T20:45:27.669+0700] {dagbag.py:588} INFO - Filling up the DagBag from /Users/punny/Documents/GitHub/NYC-Taxi-ETL-Pipeline/.venv/lib/python3.10/site-packages/airflow/example_dags/example_python_decorator.py
[2024-10-21T20:45:27.757+0700] {processor.py:925} INFO - DAG(s) 'example_python_decorator' retrieved from /Users/punny/Documents/GitHub/NYC-Taxi-ETL-Pipeline/.venv/lib/python3.10/site-packages/airflow/example_dags/example_python_decorator.py
[2024-10-21T20:45:28.201+0700] {logging_mixin.py:190} INFO - [2024-10-21T20:45:28.200+0700] {dag.py:3239} INFO - Sync 1 DAGs
[2024-10-21T20:45:28.219+0700] {logging_mixin.py:190} INFO - [2024-10-21T20:45:28.218+0700] {dag.py:4180} INFO - Setting next_dagrun for example_python_decorator to None, run_after=None
[2024-10-21T20:45:28.251+0700] {processor.py:208} INFO - Processing /Users/punny/Documents/GitHub/NYC-Taxi-ETL-Pipeline/.venv/lib/python3.10/site-packages/airflow/example_dags/example_python_decorator.py took 0.599 seconds
[2024-10-21T20:49:22.881+0700] {processor.py:186} INFO - Started process (PID=5391) to work on /Users/punny/Documents/GitHub/NYC-Taxi-ETL-Pipeline/.venv/lib/python3.10/site-packages/airflow/example_dags/example_python_decorator.py
[2024-10-21T20:49:22.884+0700] {processor.py:914} INFO - Processing file /Users/punny/Documents/GitHub/NYC-Taxi-ETL-Pipeline/.venv/lib/python3.10/site-packages/airflow/example_dags/example_python_decorator.py for tasks to queue
[2024-10-21T20:49:22.886+0700] {logging_mixin.py:190} INFO - [2024-10-21T20:49:22.885+0700] {dagbag.py:588} INFO - Filling up the DagBag from /Users/punny/Documents/GitHub/NYC-Taxi-ETL-Pipeline/.venv/lib/python3.10/site-packages/airflow/example_dags/example_python_decorator.py
[2024-10-21T20:49:22.943+0700] {processor.py:925} INFO - DAG(s) 'example_python_decorator' retrieved from /Users/punny/Documents/GitHub/NYC-Taxi-ETL-Pipeline/.venv/lib/python3.10/site-packages/airflow/example_dags/example_python_decorator.py
[2024-10-21T20:49:23.304+0700] {logging_mixin.py:190} INFO - [2024-10-21T20:49:23.303+0700] {dag.py:3239} INFO - Sync 1 DAGs
[2024-10-21T20:49:23.320+0700] {logging_mixin.py:190} INFO - [2024-10-21T20:49:23.319+0700] {dag.py:4180} INFO - Setting next_dagrun for example_python_decorator to None, run_after=None
[2024-10-21T20:49:23.347+0700] {processor.py:208} INFO - Processing /Users/punny/Documents/GitHub/NYC-Taxi-ETL-Pipeline/.venv/lib/python3.10/site-packages/airflow/example_dags/example_python_decorator.py took 0.475 seconds
[2024-10-21T20:57:17.054+0700] {processor.py:186} INFO - Started process (PID=6252) to work on /Users/punny/Documents/GitHub/NYC-Taxi-ETL-Pipeline/.venv/lib/python3.10/site-packages/airflow/example_dags/example_python_decorator.py
[2024-10-21T20:57:17.057+0700] {processor.py:914} INFO - Processing file /Users/punny/Documents/GitHub/NYC-Taxi-ETL-Pipeline/.venv/lib/python3.10/site-packages/airflow/example_dags/example_python_decorator.py for tasks to queue
[2024-10-21T20:57:17.059+0700] {logging_mixin.py:190} INFO - [2024-10-21T20:57:17.059+0700] {dagbag.py:588} INFO - Filling up the DagBag from /Users/punny/Documents/GitHub/NYC-Taxi-ETL-Pipeline/.venv/lib/python3.10/site-packages/airflow/example_dags/example_python_decorator.py
[2024-10-21T20:57:17.122+0700] {processor.py:925} INFO - DAG(s) 'example_python_decorator' retrieved from /Users/punny/Documents/GitHub/NYC-Taxi-ETL-Pipeline/.venv/lib/python3.10/site-packages/airflow/example_dags/example_python_decorator.py
[2024-10-21T20:57:17.497+0700] {logging_mixin.py:190} INFO - [2024-10-21T20:57:17.496+0700] {dag.py:3239} INFO - Sync 1 DAGs
[2024-10-21T20:57:17.513+0700] {logging_mixin.py:190} INFO - [2024-10-21T20:57:17.513+0700] {dag.py:4180} INFO - Setting next_dagrun for example_python_decorator to None, run_after=None
[2024-10-21T20:57:17.541+0700] {processor.py:208} INFO - Processing /Users/punny/Documents/GitHub/NYC-Taxi-ETL-Pipeline/.venv/lib/python3.10/site-packages/airflow/example_dags/example_python_decorator.py took 0.496 seconds
[2024-10-21T21:01:22.776+0700] {processor.py:186} INFO - Started process (PID=6492) to work on /Users/punny/Documents/GitHub/NYC-Taxi-ETL-Pipeline/.venv/lib/python3.10/site-packages/airflow/example_dags/example_python_decorator.py
[2024-10-21T21:01:22.781+0700] {processor.py:914} INFO - Processing file /Users/punny/Documents/GitHub/NYC-Taxi-ETL-Pipeline/.venv/lib/python3.10/site-packages/airflow/example_dags/example_python_decorator.py for tasks to queue
[2024-10-21T21:01:22.783+0700] {logging_mixin.py:190} INFO - [2024-10-21T21:01:22.782+0700] {dagbag.py:588} INFO - Filling up the DagBag from /Users/punny/Documents/GitHub/NYC-Taxi-ETL-Pipeline/.venv/lib/python3.10/site-packages/airflow/example_dags/example_python_decorator.py
[2024-10-21T21:01:22.854+0700] {processor.py:925} INFO - DAG(s) 'example_python_decorator' retrieved from /Users/punny/Documents/GitHub/NYC-Taxi-ETL-Pipeline/.venv/lib/python3.10/site-packages/airflow/example_dags/example_python_decorator.py
[2024-10-21T21:01:23.280+0700] {logging_mixin.py:190} INFO - [2024-10-21T21:01:23.279+0700] {dag.py:3239} INFO - Sync 1 DAGs
[2024-10-21T21:01:23.299+0700] {logging_mixin.py:190} INFO - [2024-10-21T21:01:23.298+0700] {dag.py:4180} INFO - Setting next_dagrun for example_python_decorator to None, run_after=None
[2024-10-21T21:01:23.333+0700] {processor.py:208} INFO - Processing /Users/punny/Documents/GitHub/NYC-Taxi-ETL-Pipeline/.venv/lib/python3.10/site-packages/airflow/example_dags/example_python_decorator.py took 0.569 seconds
[2024-10-21T21:05:11.381+0700] {processor.py:186} INFO - Started process (PID=6798) to work on /Users/punny/Documents/GitHub/NYC-Taxi-ETL-Pipeline/.venv/lib/python3.10/site-packages/airflow/example_dags/example_python_decorator.py
[2024-10-21T21:05:11.384+0700] {processor.py:914} INFO - Processing file /Users/punny/Documents/GitHub/NYC-Taxi-ETL-Pipeline/.venv/lib/python3.10/site-packages/airflow/example_dags/example_python_decorator.py for tasks to queue
[2024-10-21T21:05:11.386+0700] {logging_mixin.py:190} INFO - [2024-10-21T21:05:11.385+0700] {dagbag.py:588} INFO - Filling up the DagBag from /Users/punny/Documents/GitHub/NYC-Taxi-ETL-Pipeline/.venv/lib/python3.10/site-packages/airflow/example_dags/example_python_decorator.py
[2024-10-21T21:05:11.435+0700] {processor.py:925} INFO - DAG(s) 'example_python_decorator' retrieved from /Users/punny/Documents/GitHub/NYC-Taxi-ETL-Pipeline/.venv/lib/python3.10/site-packages/airflow/example_dags/example_python_decorator.py
[2024-10-21T21:05:11.743+0700] {logging_mixin.py:190} INFO - [2024-10-21T21:05:11.743+0700] {dag.py:3239} INFO - Sync 1 DAGs
[2024-10-21T21:05:11.756+0700] {logging_mixin.py:190} INFO - [2024-10-21T21:05:11.756+0700] {dag.py:4180} INFO - Setting next_dagrun for example_python_decorator to None, run_after=None
[2024-10-21T21:05:11.779+0700] {processor.py:208} INFO - Processing /Users/punny/Documents/GitHub/NYC-Taxi-ETL-Pipeline/.venv/lib/python3.10/site-packages/airflow/example_dags/example_python_decorator.py took 0.407 seconds
[2024-10-21T21:08:46.636+0700] {processor.py:186} INFO - Started process (PID=7110) to work on /Users/punny/Documents/GitHub/NYC-Taxi-ETL-Pipeline/.venv/lib/python3.10/site-packages/airflow/example_dags/example_python_decorator.py
[2024-10-21T21:08:46.641+0700] {processor.py:914} INFO - Processing file /Users/punny/Documents/GitHub/NYC-Taxi-ETL-Pipeline/.venv/lib/python3.10/site-packages/airflow/example_dags/example_python_decorator.py for tasks to queue
[2024-10-21T21:08:46.648+0700] {logging_mixin.py:190} INFO - [2024-10-21T21:08:46.648+0700] {dagbag.py:588} INFO - Filling up the DagBag from /Users/punny/Documents/GitHub/NYC-Taxi-ETL-Pipeline/.venv/lib/python3.10/site-packages/airflow/example_dags/example_python_decorator.py
[2024-10-21T21:08:46.739+0700] {processor.py:925} INFO - DAG(s) 'example_python_decorator' retrieved from /Users/punny/Documents/GitHub/NYC-Taxi-ETL-Pipeline/.venv/lib/python3.10/site-packages/airflow/example_dags/example_python_decorator.py
[2024-10-21T21:08:47.293+0700] {logging_mixin.py:190} INFO - [2024-10-21T21:08:47.292+0700] {dag.py:3239} INFO - Sync 1 DAGs
[2024-10-21T21:08:47.320+0700] {logging_mixin.py:190} INFO - [2024-10-21T21:08:47.320+0700] {dag.py:4180} INFO - Setting next_dagrun for example_python_decorator to None, run_after=None
[2024-10-21T21:08:47.359+0700] {processor.py:208} INFO - Processing /Users/punny/Documents/GitHub/NYC-Taxi-ETL-Pipeline/.venv/lib/python3.10/site-packages/airflow/example_dags/example_python_decorator.py took 0.733 seconds
[2024-10-21T21:11:52.228+0700] {processor.py:186} INFO - Started process (PID=7282) to work on /Users/punny/Documents/GitHub/NYC-Taxi-ETL-Pipeline/.venv/lib/python3.10/site-packages/airflow/example_dags/example_python_decorator.py
[2024-10-21T21:11:52.231+0700] {processor.py:914} INFO - Processing file /Users/punny/Documents/GitHub/NYC-Taxi-ETL-Pipeline/.venv/lib/python3.10/site-packages/airflow/example_dags/example_python_decorator.py for tasks to queue
[2024-10-21T21:11:52.233+0700] {logging_mixin.py:190} INFO - [2024-10-21T21:11:52.233+0700] {dagbag.py:588} INFO - Filling up the DagBag from /Users/punny/Documents/GitHub/NYC-Taxi-ETL-Pipeline/.venv/lib/python3.10/site-packages/airflow/example_dags/example_python_decorator.py
[2024-10-21T21:11:52.282+0700] {processor.py:925} INFO - DAG(s) 'example_python_decorator' retrieved from /Users/punny/Documents/GitHub/NYC-Taxi-ETL-Pipeline/.venv/lib/python3.10/site-packages/airflow/example_dags/example_python_decorator.py
[2024-10-21T21:11:52.581+0700] {logging_mixin.py:190} INFO - [2024-10-21T21:11:52.581+0700] {dag.py:3239} INFO - Sync 1 DAGs
[2024-10-21T21:11:52.594+0700] {logging_mixin.py:190} INFO - [2024-10-21T21:11:52.594+0700] {dag.py:4180} INFO - Setting next_dagrun for example_python_decorator to None, run_after=None
[2024-10-21T21:11:52.621+0700] {processor.py:208} INFO - Processing /Users/punny/Documents/GitHub/NYC-Taxi-ETL-Pipeline/.venv/lib/python3.10/site-packages/airflow/example_dags/example_python_decorator.py took 0.401 seconds
[2024-10-21T21:15:00.364+0700] {processor.py:186} INFO - Started process (PID=7646) to work on /Users/punny/Documents/GitHub/NYC-Taxi-ETL-Pipeline/.venv/lib/python3.10/site-packages/airflow/example_dags/example_python_decorator.py
[2024-10-21T21:15:00.368+0700] {processor.py:914} INFO - Processing file /Users/punny/Documents/GitHub/NYC-Taxi-ETL-Pipeline/.venv/lib/python3.10/site-packages/airflow/example_dags/example_python_decorator.py for tasks to queue
[2024-10-21T21:15:00.369+0700] {logging_mixin.py:190} INFO - [2024-10-21T21:15:00.368+0700] {dagbag.py:588} INFO - Filling up the DagBag from /Users/punny/Documents/GitHub/NYC-Taxi-ETL-Pipeline/.venv/lib/python3.10/site-packages/airflow/example_dags/example_python_decorator.py
[2024-10-21T21:15:00.418+0700] {processor.py:925} INFO - DAG(s) 'example_python_decorator' retrieved from /Users/punny/Documents/GitHub/NYC-Taxi-ETL-Pipeline/.venv/lib/python3.10/site-packages/airflow/example_dags/example_python_decorator.py
[2024-10-21T21:15:00.714+0700] {logging_mixin.py:190} INFO - [2024-10-21T21:15:00.713+0700] {dag.py:3239} INFO - Sync 1 DAGs
[2024-10-21T21:15:00.727+0700] {logging_mixin.py:190} INFO - [2024-10-21T21:15:00.726+0700] {dag.py:4180} INFO - Setting next_dagrun for example_python_decorator to None, run_after=None
[2024-10-21T21:15:00.753+0700] {processor.py:208} INFO - Processing /Users/punny/Documents/GitHub/NYC-Taxi-ETL-Pipeline/.venv/lib/python3.10/site-packages/airflow/example_dags/example_python_decorator.py took 0.396 seconds
[2024-10-21T21:18:25.687+0700] {processor.py:186} INFO - Started process (PID=7951) to work on /Users/punny/Documents/GitHub/NYC-Taxi-ETL-Pipeline/.venv/lib/python3.10/site-packages/airflow/example_dags/example_python_decorator.py
[2024-10-21T21:18:25.691+0700] {processor.py:914} INFO - Processing file /Users/punny/Documents/GitHub/NYC-Taxi-ETL-Pipeline/.venv/lib/python3.10/site-packages/airflow/example_dags/example_python_decorator.py for tasks to queue
[2024-10-21T21:18:25.693+0700] {logging_mixin.py:190} INFO - [2024-10-21T21:18:25.692+0700] {dagbag.py:588} INFO - Filling up the DagBag from /Users/punny/Documents/GitHub/NYC-Taxi-ETL-Pipeline/.venv/lib/python3.10/site-packages/airflow/example_dags/example_python_decorator.py
[2024-10-21T21:18:25.747+0700] {processor.py:925} INFO - DAG(s) 'example_python_decorator' retrieved from /Users/punny/Documents/GitHub/NYC-Taxi-ETL-Pipeline/.venv/lib/python3.10/site-packages/airflow/example_dags/example_python_decorator.py
[2024-10-21T21:18:26.128+0700] {logging_mixin.py:190} INFO - [2024-10-21T21:18:26.127+0700] {dag.py:3239} INFO - Sync 1 DAGs
[2024-10-21T21:18:26.157+0700] {logging_mixin.py:190} INFO - [2024-10-21T21:18:26.156+0700] {dag.py:4180} INFO - Setting next_dagrun for example_python_decorator to None, run_after=None
[2024-10-21T21:18:26.200+0700] {processor.py:208} INFO - Processing /Users/punny/Documents/GitHub/NYC-Taxi-ETL-Pipeline/.venv/lib/python3.10/site-packages/airflow/example_dags/example_python_decorator.py took 0.522 seconds
[2024-10-21T21:21:19.227+0700] {processor.py:186} INFO - Started process (PID=8111) to work on /Users/punny/Documents/GitHub/NYC-Taxi-ETL-Pipeline/.venv/lib/python3.10/site-packages/airflow/example_dags/example_python_decorator.py
[2024-10-21T21:21:19.230+0700] {processor.py:914} INFO - Processing file /Users/punny/Documents/GitHub/NYC-Taxi-ETL-Pipeline/.venv/lib/python3.10/site-packages/airflow/example_dags/example_python_decorator.py for tasks to queue
[2024-10-21T21:21:19.231+0700] {logging_mixin.py:190} INFO - [2024-10-21T21:21:19.231+0700] {dagbag.py:588} INFO - Filling up the DagBag from /Users/punny/Documents/GitHub/NYC-Taxi-ETL-Pipeline/.venv/lib/python3.10/site-packages/airflow/example_dags/example_python_decorator.py
[2024-10-21T21:21:19.283+0700] {processor.py:925} INFO - DAG(s) 'example_python_decorator' retrieved from /Users/punny/Documents/GitHub/NYC-Taxi-ETL-Pipeline/.venv/lib/python3.10/site-packages/airflow/example_dags/example_python_decorator.py
[2024-10-21T21:21:19.583+0700] {logging_mixin.py:190} INFO - [2024-10-21T21:21:19.583+0700] {dag.py:3239} INFO - Sync 1 DAGs
[2024-10-21T21:21:19.596+0700] {logging_mixin.py:190} INFO - [2024-10-21T21:21:19.596+0700] {dag.py:4180} INFO - Setting next_dagrun for example_python_decorator to None, run_after=None
[2024-10-21T21:21:19.619+0700] {processor.py:208} INFO - Processing /Users/punny/Documents/GitHub/NYC-Taxi-ETL-Pipeline/.venv/lib/python3.10/site-packages/airflow/example_dags/example_python_decorator.py took 0.400 seconds
[2024-10-21T21:24:16.168+0700] {processor.py:186} INFO - Started process (PID=8380) to work on /Users/punny/Documents/GitHub/NYC-Taxi-ETL-Pipeline/.venv/lib/python3.10/site-packages/airflow/example_dags/example_python_decorator.py
[2024-10-21T21:24:16.173+0700] {processor.py:914} INFO - Processing file /Users/punny/Documents/GitHub/NYC-Taxi-ETL-Pipeline/.venv/lib/python3.10/site-packages/airflow/example_dags/example_python_decorator.py for tasks to queue
[2024-10-21T21:24:16.175+0700] {logging_mixin.py:190} INFO - [2024-10-21T21:24:16.174+0700] {dagbag.py:588} INFO - Filling up the DagBag from /Users/punny/Documents/GitHub/NYC-Taxi-ETL-Pipeline/.venv/lib/python3.10/site-packages/airflow/example_dags/example_python_decorator.py
[2024-10-21T21:24:16.249+0700] {processor.py:925} INFO - DAG(s) 'example_python_decorator' retrieved from /Users/punny/Documents/GitHub/NYC-Taxi-ETL-Pipeline/.venv/lib/python3.10/site-packages/airflow/example_dags/example_python_decorator.py
[2024-10-21T21:24:16.679+0700] {logging_mixin.py:190} INFO - [2024-10-21T21:24:16.678+0700] {dag.py:3239} INFO - Sync 1 DAGs
[2024-10-21T21:24:16.693+0700] {logging_mixin.py:190} INFO - [2024-10-21T21:24:16.693+0700] {dag.py:4180} INFO - Setting next_dagrun for example_python_decorator to None, run_after=None
[2024-10-21T21:24:16.720+0700] {processor.py:208} INFO - Processing /Users/punny/Documents/GitHub/NYC-Taxi-ETL-Pipeline/.venv/lib/python3.10/site-packages/airflow/example_dags/example_python_decorator.py took 0.569 seconds
[2024-10-21T21:27:49.254+0700] {processor.py:186} INFO - Started process (PID=8728) to work on /Users/punny/Documents/GitHub/NYC-Taxi-ETL-Pipeline/.venv/lib/python3.10/site-packages/airflow/example_dags/example_python_decorator.py
[2024-10-21T21:27:49.257+0700] {processor.py:914} INFO - Processing file /Users/punny/Documents/GitHub/NYC-Taxi-ETL-Pipeline/.venv/lib/python3.10/site-packages/airflow/example_dags/example_python_decorator.py for tasks to queue
[2024-10-21T21:27:49.258+0700] {logging_mixin.py:190} INFO - [2024-10-21T21:27:49.258+0700] {dagbag.py:588} INFO - Filling up the DagBag from /Users/punny/Documents/GitHub/NYC-Taxi-ETL-Pipeline/.venv/lib/python3.10/site-packages/airflow/example_dags/example_python_decorator.py
[2024-10-21T21:27:49.315+0700] {processor.py:925} INFO - DAG(s) 'example_python_decorator' retrieved from /Users/punny/Documents/GitHub/NYC-Taxi-ETL-Pipeline/.venv/lib/python3.10/site-packages/airflow/example_dags/example_python_decorator.py
[2024-10-21T21:27:49.614+0700] {logging_mixin.py:190} INFO - [2024-10-21T21:27:49.614+0700] {dag.py:3239} INFO - Sync 1 DAGs
[2024-10-21T21:27:49.627+0700] {logging_mixin.py:190} INFO - [2024-10-21T21:27:49.627+0700] {dag.py:4180} INFO - Setting next_dagrun for example_python_decorator to None, run_after=None
[2024-10-21T21:27:49.650+0700] {processor.py:208} INFO - Processing /Users/punny/Documents/GitHub/NYC-Taxi-ETL-Pipeline/.venv/lib/python3.10/site-packages/airflow/example_dags/example_python_decorator.py took 0.401 seconds
[2024-10-21T21:30:44.967+0700] {processor.py:186} INFO - Started process (PID=8957) to work on /Users/punny/Documents/GitHub/NYC-Taxi-ETL-Pipeline/.venv/lib/python3.10/site-packages/airflow/example_dags/example_python_decorator.py
[2024-10-21T21:30:44.970+0700] {processor.py:914} INFO - Processing file /Users/punny/Documents/GitHub/NYC-Taxi-ETL-Pipeline/.venv/lib/python3.10/site-packages/airflow/example_dags/example_python_decorator.py for tasks to queue
[2024-10-21T21:30:44.972+0700] {logging_mixin.py:190} INFO - [2024-10-21T21:30:44.971+0700] {dagbag.py:588} INFO - Filling up the DagBag from /Users/punny/Documents/GitHub/NYC-Taxi-ETL-Pipeline/.venv/lib/python3.10/site-packages/airflow/example_dags/example_python_decorator.py
[2024-10-21T21:30:45.024+0700] {processor.py:925} INFO - DAG(s) 'example_python_decorator' retrieved from /Users/punny/Documents/GitHub/NYC-Taxi-ETL-Pipeline/.venv/lib/python3.10/site-packages/airflow/example_dags/example_python_decorator.py
[2024-10-21T21:30:45.336+0700] {logging_mixin.py:190} INFO - [2024-10-21T21:30:45.336+0700] {dag.py:3239} INFO - Sync 1 DAGs
[2024-10-21T21:30:45.351+0700] {logging_mixin.py:190} INFO - [2024-10-21T21:30:45.350+0700] {dag.py:4180} INFO - Setting next_dagrun for example_python_decorator to None, run_after=None
[2024-10-21T21:30:45.376+0700] {processor.py:208} INFO - Processing /Users/punny/Documents/GitHub/NYC-Taxi-ETL-Pipeline/.venv/lib/python3.10/site-packages/airflow/example_dags/example_python_decorator.py took 0.418 seconds
[2024-10-21T21:33:35.540+0700] {processor.py:186} INFO - Started process (PID=9176) to work on /Users/punny/Documents/GitHub/NYC-Taxi-ETL-Pipeline/.venv/lib/python3.10/site-packages/airflow/example_dags/example_python_decorator.py
[2024-10-21T21:33:35.543+0700] {processor.py:914} INFO - Processing file /Users/punny/Documents/GitHub/NYC-Taxi-ETL-Pipeline/.venv/lib/python3.10/site-packages/airflow/example_dags/example_python_decorator.py for tasks to queue
[2024-10-21T21:33:35.545+0700] {logging_mixin.py:190} INFO - [2024-10-21T21:33:35.545+0700] {dagbag.py:588} INFO - Filling up the DagBag from /Users/punny/Documents/GitHub/NYC-Taxi-ETL-Pipeline/.venv/lib/python3.10/site-packages/airflow/example_dags/example_python_decorator.py
[2024-10-21T21:33:35.604+0700] {processor.py:925} INFO - DAG(s) 'example_python_decorator' retrieved from /Users/punny/Documents/GitHub/NYC-Taxi-ETL-Pipeline/.venv/lib/python3.10/site-packages/airflow/example_dags/example_python_decorator.py
[2024-10-21T21:33:35.931+0700] {logging_mixin.py:190} INFO - [2024-10-21T21:33:35.931+0700] {dag.py:3239} INFO - Sync 1 DAGs
[2024-10-21T21:33:35.944+0700] {logging_mixin.py:190} INFO - [2024-10-21T21:33:35.944+0700] {dag.py:4180} INFO - Setting next_dagrun for example_python_decorator to None, run_after=None
[2024-10-21T21:33:35.972+0700] {processor.py:208} INFO - Processing /Users/punny/Documents/GitHub/NYC-Taxi-ETL-Pipeline/.venv/lib/python3.10/site-packages/airflow/example_dags/example_python_decorator.py took 0.441 seconds
[2024-10-21T21:36:31.462+0700] {processor.py:186} INFO - Started process (PID=9417) to work on /Users/punny/Documents/GitHub/NYC-Taxi-ETL-Pipeline/.venv/lib/python3.10/site-packages/airflow/example_dags/example_python_decorator.py
[2024-10-21T21:36:31.465+0700] {processor.py:914} INFO - Processing file /Users/punny/Documents/GitHub/NYC-Taxi-ETL-Pipeline/.venv/lib/python3.10/site-packages/airflow/example_dags/example_python_decorator.py for tasks to queue
[2024-10-21T21:36:31.466+0700] {logging_mixin.py:190} INFO - [2024-10-21T21:36:31.466+0700] {dagbag.py:588} INFO - Filling up the DagBag from /Users/punny/Documents/GitHub/NYC-Taxi-ETL-Pipeline/.venv/lib/python3.10/site-packages/airflow/example_dags/example_python_decorator.py
[2024-10-21T21:36:31.515+0700] {processor.py:925} INFO - DAG(s) 'example_python_decorator' retrieved from /Users/punny/Documents/GitHub/NYC-Taxi-ETL-Pipeline/.venv/lib/python3.10/site-packages/airflow/example_dags/example_python_decorator.py
[2024-10-21T21:36:31.832+0700] {logging_mixin.py:190} INFO - [2024-10-21T21:36:31.831+0700] {dag.py:3239} INFO - Sync 1 DAGs
[2024-10-21T21:36:31.848+0700] {logging_mixin.py:190} INFO - [2024-10-21T21:36:31.847+0700] {dag.py:4180} INFO - Setting next_dagrun for example_python_decorator to None, run_after=None
[2024-10-21T21:36:31.876+0700] {processor.py:208} INFO - Processing /Users/punny/Documents/GitHub/NYC-Taxi-ETL-Pipeline/.venv/lib/python3.10/site-packages/airflow/example_dags/example_python_decorator.py took 0.424 seconds
[2024-10-21T21:40:25.279+0700] {processor.py:186} INFO - Started process (PID=9814) to work on /Users/punny/Documents/GitHub/NYC-Taxi-ETL-Pipeline/.venv/lib/python3.10/site-packages/airflow/example_dags/example_python_decorator.py
[2024-10-21T21:40:25.282+0700] {processor.py:914} INFO - Processing file /Users/punny/Documents/GitHub/NYC-Taxi-ETL-Pipeline/.venv/lib/python3.10/site-packages/airflow/example_dags/example_python_decorator.py for tasks to queue
[2024-10-21T21:40:25.283+0700] {logging_mixin.py:190} INFO - [2024-10-21T21:40:25.283+0700] {dagbag.py:588} INFO - Filling up the DagBag from /Users/punny/Documents/GitHub/NYC-Taxi-ETL-Pipeline/.venv/lib/python3.10/site-packages/airflow/example_dags/example_python_decorator.py
[2024-10-21T21:40:25.335+0700] {processor.py:925} INFO - DAG(s) 'example_python_decorator' retrieved from /Users/punny/Documents/GitHub/NYC-Taxi-ETL-Pipeline/.venv/lib/python3.10/site-packages/airflow/example_dags/example_python_decorator.py
[2024-10-21T21:40:25.755+0700] {logging_mixin.py:190} INFO - [2024-10-21T21:40:25.754+0700] {dag.py:3239} INFO - Sync 1 DAGs
[2024-10-21T21:40:25.768+0700] {logging_mixin.py:190} INFO - [2024-10-21T21:40:25.768+0700] {dag.py:4180} INFO - Setting next_dagrun for example_python_decorator to None, run_after=None
[2024-10-21T21:40:25.792+0700] {processor.py:208} INFO - Processing /Users/punny/Documents/GitHub/NYC-Taxi-ETL-Pipeline/.venv/lib/python3.10/site-packages/airflow/example_dags/example_python_decorator.py took 0.522 seconds
[2024-10-21T21:43:56.673+0700] {processor.py:186} INFO - Started process (PID=10122) to work on /Users/punny/Documents/GitHub/NYC-Taxi-ETL-Pipeline/.venv/lib/python3.10/site-packages/airflow/example_dags/example_python_decorator.py
[2024-10-21T21:43:56.676+0700] {processor.py:914} INFO - Processing file /Users/punny/Documents/GitHub/NYC-Taxi-ETL-Pipeline/.venv/lib/python3.10/site-packages/airflow/example_dags/example_python_decorator.py for tasks to queue
[2024-10-21T21:43:56.677+0700] {logging_mixin.py:190} INFO - [2024-10-21T21:43:56.677+0700] {dagbag.py:588} INFO - Filling up the DagBag from /Users/punny/Documents/GitHub/NYC-Taxi-ETL-Pipeline/.venv/lib/python3.10/site-packages/airflow/example_dags/example_python_decorator.py
[2024-10-21T21:43:56.727+0700] {processor.py:925} INFO - DAG(s) 'example_python_decorator' retrieved from /Users/punny/Documents/GitHub/NYC-Taxi-ETL-Pipeline/.venv/lib/python3.10/site-packages/airflow/example_dags/example_python_decorator.py
[2024-10-21T21:43:57.021+0700] {logging_mixin.py:190} INFO - [2024-10-21T21:43:57.020+0700] {dag.py:3239} INFO - Sync 1 DAGs
[2024-10-21T21:43:57.034+0700] {logging_mixin.py:190} INFO - [2024-10-21T21:43:57.033+0700] {dag.py:4180} INFO - Setting next_dagrun for example_python_decorator to None, run_after=None
[2024-10-21T21:43:57.058+0700] {processor.py:208} INFO - Processing /Users/punny/Documents/GitHub/NYC-Taxi-ETL-Pipeline/.venv/lib/python3.10/site-packages/airflow/example_dags/example_python_decorator.py took 0.394 seconds
[2024-10-21T21:47:20.424+0700] {processor.py:186} INFO - Started process (PID=10475) to work on /Users/punny/Documents/GitHub/NYC-Taxi-ETL-Pipeline/.venv/lib/python3.10/site-packages/airflow/example_dags/example_python_decorator.py
[2024-10-21T21:47:20.428+0700] {processor.py:914} INFO - Processing file /Users/punny/Documents/GitHub/NYC-Taxi-ETL-Pipeline/.venv/lib/python3.10/site-packages/airflow/example_dags/example_python_decorator.py for tasks to queue
[2024-10-21T21:47:20.429+0700] {logging_mixin.py:190} INFO - [2024-10-21T21:47:20.429+0700] {dagbag.py:588} INFO - Filling up the DagBag from /Users/punny/Documents/GitHub/NYC-Taxi-ETL-Pipeline/.venv/lib/python3.10/site-packages/airflow/example_dags/example_python_decorator.py
[2024-10-21T21:47:20.481+0700] {processor.py:925} INFO - DAG(s) 'example_python_decorator' retrieved from /Users/punny/Documents/GitHub/NYC-Taxi-ETL-Pipeline/.venv/lib/python3.10/site-packages/airflow/example_dags/example_python_decorator.py
[2024-10-21T21:47:20.798+0700] {logging_mixin.py:190} INFO - [2024-10-21T21:47:20.798+0700] {dag.py:3239} INFO - Sync 1 DAGs
[2024-10-21T21:47:20.812+0700] {logging_mixin.py:190} INFO - [2024-10-21T21:47:20.811+0700] {dag.py:4180} INFO - Setting next_dagrun for example_python_decorator to None, run_after=None
[2024-10-21T21:47:20.836+0700] {processor.py:208} INFO - Processing /Users/punny/Documents/GitHub/NYC-Taxi-ETL-Pipeline/.venv/lib/python3.10/site-packages/airflow/example_dags/example_python_decorator.py took 0.421 seconds
[2024-10-21T21:51:47.718+0700] {processor.py:186} INFO - Started process (PID=10820) to work on /Users/punny/Documents/GitHub/NYC-Taxi-ETL-Pipeline/.venv/lib/python3.10/site-packages/airflow/example_dags/example_python_decorator.py
[2024-10-21T21:51:47.721+0700] {processor.py:914} INFO - Processing file /Users/punny/Documents/GitHub/NYC-Taxi-ETL-Pipeline/.venv/lib/python3.10/site-packages/airflow/example_dags/example_python_decorator.py for tasks to queue
[2024-10-21T21:51:47.722+0700] {logging_mixin.py:190} INFO - [2024-10-21T21:51:47.722+0700] {dagbag.py:588} INFO - Filling up the DagBag from /Users/punny/Documents/GitHub/NYC-Taxi-ETL-Pipeline/.venv/lib/python3.10/site-packages/airflow/example_dags/example_python_decorator.py
[2024-10-21T21:51:47.773+0700] {processor.py:925} INFO - DAG(s) 'example_python_decorator' retrieved from /Users/punny/Documents/GitHub/NYC-Taxi-ETL-Pipeline/.venv/lib/python3.10/site-packages/airflow/example_dags/example_python_decorator.py
[2024-10-21T21:51:48.081+0700] {logging_mixin.py:190} INFO - [2024-10-21T21:51:48.080+0700] {dag.py:3239} INFO - Sync 1 DAGs
[2024-10-21T21:51:48.094+0700] {logging_mixin.py:190} INFO - [2024-10-21T21:51:48.094+0700] {dag.py:4180} INFO - Setting next_dagrun for example_python_decorator to None, run_after=None
[2024-10-21T21:51:48.119+0700] {processor.py:208} INFO - Processing /Users/punny/Documents/GitHub/NYC-Taxi-ETL-Pipeline/.venv/lib/python3.10/site-packages/airflow/example_dags/example_python_decorator.py took 0.409 seconds
[2024-10-21T21:56:12.708+0700] {processor.py:186} INFO - Started process (PID=11320) to work on /Users/punny/Documents/GitHub/NYC-Taxi-ETL-Pipeline/.venv/lib/python3.10/site-packages/airflow/example_dags/example_python_decorator.py
[2024-10-21T21:56:12.711+0700] {processor.py:914} INFO - Processing file /Users/punny/Documents/GitHub/NYC-Taxi-ETL-Pipeline/.venv/lib/python3.10/site-packages/airflow/example_dags/example_python_decorator.py for tasks to queue
[2024-10-21T21:56:12.712+0700] {logging_mixin.py:190} INFO - [2024-10-21T21:56:12.712+0700] {dagbag.py:588} INFO - Filling up the DagBag from /Users/punny/Documents/GitHub/NYC-Taxi-ETL-Pipeline/.venv/lib/python3.10/site-packages/airflow/example_dags/example_python_decorator.py
[2024-10-21T21:56:12.762+0700] {processor.py:925} INFO - DAG(s) 'example_python_decorator' retrieved from /Users/punny/Documents/GitHub/NYC-Taxi-ETL-Pipeline/.venv/lib/python3.10/site-packages/airflow/example_dags/example_python_decorator.py
[2024-10-21T21:56:13.091+0700] {logging_mixin.py:190} INFO - [2024-10-21T21:56:13.091+0700] {dag.py:3239} INFO - Sync 1 DAGs
[2024-10-21T21:56:13.106+0700] {logging_mixin.py:190} INFO - [2024-10-21T21:56:13.106+0700] {dag.py:4180} INFO - Setting next_dagrun for example_python_decorator to None, run_after=None
[2024-10-21T21:56:13.136+0700] {processor.py:208} INFO - Processing /Users/punny/Documents/GitHub/NYC-Taxi-ETL-Pipeline/.venv/lib/python3.10/site-packages/airflow/example_dags/example_python_decorator.py took 0.436 seconds
[2024-10-21T22:00:10.306+0700] {processor.py:186} INFO - Started process (PID=11777) to work on /Users/punny/Documents/GitHub/NYC-Taxi-ETL-Pipeline/.venv/lib/python3.10/site-packages/airflow/example_dags/example_python_decorator.py
[2024-10-21T22:00:10.308+0700] {processor.py:914} INFO - Processing file /Users/punny/Documents/GitHub/NYC-Taxi-ETL-Pipeline/.venv/lib/python3.10/site-packages/airflow/example_dags/example_python_decorator.py for tasks to queue
[2024-10-21T22:00:10.310+0700] {logging_mixin.py:190} INFO - [2024-10-21T22:00:10.310+0700] {dagbag.py:588} INFO - Filling up the DagBag from /Users/punny/Documents/GitHub/NYC-Taxi-ETL-Pipeline/.venv/lib/python3.10/site-packages/airflow/example_dags/example_python_decorator.py
[2024-10-21T22:00:10.360+0700] {processor.py:925} INFO - DAG(s) 'example_python_decorator' retrieved from /Users/punny/Documents/GitHub/NYC-Taxi-ETL-Pipeline/.venv/lib/python3.10/site-packages/airflow/example_dags/example_python_decorator.py
[2024-10-21T22:00:10.660+0700] {logging_mixin.py:190} INFO - [2024-10-21T22:00:10.659+0700] {dag.py:3239} INFO - Sync 1 DAGs
[2024-10-21T22:00:10.673+0700] {logging_mixin.py:190} INFO - [2024-10-21T22:00:10.672+0700] {dag.py:4180} INFO - Setting next_dagrun for example_python_decorator to None, run_after=None
[2024-10-21T22:00:10.699+0700] {processor.py:208} INFO - Processing /Users/punny/Documents/GitHub/NYC-Taxi-ETL-Pipeline/.venv/lib/python3.10/site-packages/airflow/example_dags/example_python_decorator.py took 0.401 seconds
[2024-10-21T22:17:11.360+0700] {processor.py:186} INFO - Started process (PID=12081) to work on /Users/punny/Documents/GitHub/NYC-Taxi-ETL-Pipeline/.venv/lib/python3.10/site-packages/airflow/example_dags/example_python_decorator.py
[2024-10-21T22:17:11.363+0700] {processor.py:914} INFO - Processing file /Users/punny/Documents/GitHub/NYC-Taxi-ETL-Pipeline/.venv/lib/python3.10/site-packages/airflow/example_dags/example_python_decorator.py for tasks to queue
[2024-10-21T22:17:11.364+0700] {logging_mixin.py:190} INFO - [2024-10-21T22:17:11.364+0700] {dagbag.py:588} INFO - Filling up the DagBag from /Users/punny/Documents/GitHub/NYC-Taxi-ETL-Pipeline/.venv/lib/python3.10/site-packages/airflow/example_dags/example_python_decorator.py
[2024-10-21T22:17:11.414+0700] {processor.py:925} INFO - DAG(s) 'example_python_decorator' retrieved from /Users/punny/Documents/GitHub/NYC-Taxi-ETL-Pipeline/.venv/lib/python3.10/site-packages/airflow/example_dags/example_python_decorator.py
[2024-10-21T22:17:11.707+0700] {logging_mixin.py:190} INFO - [2024-10-21T22:17:11.707+0700] {dag.py:3239} INFO - Sync 1 DAGs
[2024-10-21T22:17:11.719+0700] {logging_mixin.py:190} INFO - [2024-10-21T22:17:11.719+0700] {dag.py:4180} INFO - Setting next_dagrun for example_python_decorator to None, run_after=None
[2024-10-21T22:17:11.743+0700] {processor.py:208} INFO - Processing /Users/punny/Documents/GitHub/NYC-Taxi-ETL-Pipeline/.venv/lib/python3.10/site-packages/airflow/example_dags/example_python_decorator.py took 0.389 seconds
[2024-10-21T22:20:45.505+0700] {processor.py:186} INFO - Started process (PID=12486) to work on /Users/punny/Documents/GitHub/NYC-Taxi-ETL-Pipeline/.venv/lib/python3.10/site-packages/airflow/example_dags/example_python_decorator.py
[2024-10-21T22:20:45.509+0700] {processor.py:914} INFO - Processing file /Users/punny/Documents/GitHub/NYC-Taxi-ETL-Pipeline/.venv/lib/python3.10/site-packages/airflow/example_dags/example_python_decorator.py for tasks to queue
[2024-10-21T22:20:45.510+0700] {logging_mixin.py:190} INFO - [2024-10-21T22:20:45.510+0700] {dagbag.py:588} INFO - Filling up the DagBag from /Users/punny/Documents/GitHub/NYC-Taxi-ETL-Pipeline/.venv/lib/python3.10/site-packages/airflow/example_dags/example_python_decorator.py
[2024-10-21T22:20:45.561+0700] {processor.py:925} INFO - DAG(s) 'example_python_decorator' retrieved from /Users/punny/Documents/GitHub/NYC-Taxi-ETL-Pipeline/.venv/lib/python3.10/site-packages/airflow/example_dags/example_python_decorator.py
[2024-10-21T22:20:45.851+0700] {logging_mixin.py:190} INFO - [2024-10-21T22:20:45.851+0700] {dag.py:3239} INFO - Sync 1 DAGs
[2024-10-21T22:20:45.864+0700] {logging_mixin.py:190} INFO - [2024-10-21T22:20:45.863+0700] {dag.py:4180} INFO - Setting next_dagrun for example_python_decorator to None, run_after=None
[2024-10-21T22:20:45.888+0700] {processor.py:208} INFO - Processing /Users/punny/Documents/GitHub/NYC-Taxi-ETL-Pipeline/.venv/lib/python3.10/site-packages/airflow/example_dags/example_python_decorator.py took 0.391 seconds
[2024-10-21T22:25:49.210+0700] {processor.py:186} INFO - Started process (PID=13318) to work on /Users/punny/Documents/GitHub/NYC-Taxi-ETL-Pipeline/.venv/lib/python3.10/site-packages/airflow/example_dags/example_python_decorator.py
[2024-10-21T22:25:49.214+0700] {processor.py:914} INFO - Processing file /Users/punny/Documents/GitHub/NYC-Taxi-ETL-Pipeline/.venv/lib/python3.10/site-packages/airflow/example_dags/example_python_decorator.py for tasks to queue
[2024-10-21T22:25:49.215+0700] {logging_mixin.py:190} INFO - [2024-10-21T22:25:49.215+0700] {dagbag.py:588} INFO - Filling up the DagBag from /Users/punny/Documents/GitHub/NYC-Taxi-ETL-Pipeline/.venv/lib/python3.10/site-packages/airflow/example_dags/example_python_decorator.py
[2024-10-21T22:25:49.270+0700] {processor.py:925} INFO - DAG(s) 'example_python_decorator' retrieved from /Users/punny/Documents/GitHub/NYC-Taxi-ETL-Pipeline/.venv/lib/python3.10/site-packages/airflow/example_dags/example_python_decorator.py
[2024-10-21T22:25:49.666+0700] {logging_mixin.py:190} INFO - [2024-10-21T22:25:49.665+0700] {dag.py:3239} INFO - Sync 1 DAGs
[2024-10-21T22:25:49.678+0700] {logging_mixin.py:190} INFO - [2024-10-21T22:25:49.678+0700] {dag.py:4180} INFO - Setting next_dagrun for example_python_decorator to None, run_after=None
[2024-10-21T22:25:49.701+0700] {processor.py:208} INFO - Processing /Users/punny/Documents/GitHub/NYC-Taxi-ETL-Pipeline/.venv/lib/python3.10/site-packages/airflow/example_dags/example_python_decorator.py took 0.500 seconds
[2024-10-21T22:29:09.089+0700] {processor.py:186} INFO - Started process (PID=13590) to work on /Users/punny/Documents/GitHub/NYC-Taxi-ETL-Pipeline/.venv/lib/python3.10/site-packages/airflow/example_dags/example_python_decorator.py
[2024-10-21T22:29:09.092+0700] {processor.py:914} INFO - Processing file /Users/punny/Documents/GitHub/NYC-Taxi-ETL-Pipeline/.venv/lib/python3.10/site-packages/airflow/example_dags/example_python_decorator.py for tasks to queue
[2024-10-21T22:29:09.093+0700] {logging_mixin.py:190} INFO - [2024-10-21T22:29:09.093+0700] {dagbag.py:588} INFO - Filling up the DagBag from /Users/punny/Documents/GitHub/NYC-Taxi-ETL-Pipeline/.venv/lib/python3.10/site-packages/airflow/example_dags/example_python_decorator.py
[2024-10-21T22:29:09.142+0700] {processor.py:925} INFO - DAG(s) 'example_python_decorator' retrieved from /Users/punny/Documents/GitHub/NYC-Taxi-ETL-Pipeline/.venv/lib/python3.10/site-packages/airflow/example_dags/example_python_decorator.py
[2024-10-21T22:29:09.437+0700] {logging_mixin.py:190} INFO - [2024-10-21T22:29:09.437+0700] {dag.py:3239} INFO - Sync 1 DAGs
[2024-10-21T22:29:09.450+0700] {logging_mixin.py:190} INFO - [2024-10-21T22:29:09.450+0700] {dag.py:4180} INFO - Setting next_dagrun for example_python_decorator to None, run_after=None
[2024-10-21T22:29:09.473+0700] {processor.py:208} INFO - Processing /Users/punny/Documents/GitHub/NYC-Taxi-ETL-Pipeline/.venv/lib/python3.10/site-packages/airflow/example_dags/example_python_decorator.py took 0.392 seconds
[2024-10-21T22:32:02.007+0700] {processor.py:186} INFO - Started process (PID=13745) to work on /Users/punny/Documents/GitHub/NYC-Taxi-ETL-Pipeline/.venv/lib/python3.10/site-packages/airflow/example_dags/example_python_decorator.py
[2024-10-21T22:32:02.011+0700] {processor.py:914} INFO - Processing file /Users/punny/Documents/GitHub/NYC-Taxi-ETL-Pipeline/.venv/lib/python3.10/site-packages/airflow/example_dags/example_python_decorator.py for tasks to queue
[2024-10-21T22:32:02.012+0700] {logging_mixin.py:190} INFO - [2024-10-21T22:32:02.011+0700] {dagbag.py:588} INFO - Filling up the DagBag from /Users/punny/Documents/GitHub/NYC-Taxi-ETL-Pipeline/.venv/lib/python3.10/site-packages/airflow/example_dags/example_python_decorator.py
[2024-10-21T22:32:02.060+0700] {processor.py:925} INFO - DAG(s) 'example_python_decorator' retrieved from /Users/punny/Documents/GitHub/NYC-Taxi-ETL-Pipeline/.venv/lib/python3.10/site-packages/airflow/example_dags/example_python_decorator.py
[2024-10-21T22:32:02.350+0700] {logging_mixin.py:190} INFO - [2024-10-21T22:32:02.350+0700] {dag.py:3239} INFO - Sync 1 DAGs
[2024-10-21T22:32:02.363+0700] {logging_mixin.py:190} INFO - [2024-10-21T22:32:02.363+0700] {dag.py:4180} INFO - Setting next_dagrun for example_python_decorator to None, run_after=None
[2024-10-21T22:32:02.388+0700] {processor.py:208} INFO - Processing /Users/punny/Documents/GitHub/NYC-Taxi-ETL-Pipeline/.venv/lib/python3.10/site-packages/airflow/example_dags/example_python_decorator.py took 0.389 seconds
