[2024-10-21T12:54:22.948+0700] {processor.py:186} INFO - Started process (PID=34393) to work on /Users/punny/Documents/GitHub/NYC-Taxi-ETL-Pipeline/.venv/lib/python3.10/site-packages/airflow/example_dags/example_latest_only.py
[2024-10-21T12:54:22.953+0700] {processor.py:914} INFO - Processing file /Users/punny/Documents/GitHub/NYC-Taxi-ETL-Pipeline/.venv/lib/python3.10/site-packages/airflow/example_dags/example_latest_only.py for tasks to queue
[2024-10-21T12:54:22.956+0700] {logging_mixin.py:190} INFO - [2024-10-21T12:54:22.955+0700] {dagbag.py:588} INFO - Filling up the DagBag from /Users/punny/Documents/GitHub/NYC-Taxi-ETL-Pipeline/.venv/lib/python3.10/site-packages/airflow/example_dags/example_latest_only.py
[2024-10-21T12:54:22.974+0700] {processor.py:925} INFO - DAG(s) 'latest_only' retrieved from /Users/punny/Documents/GitHub/NYC-Taxi-ETL-Pipeline/.venv/lib/python3.10/site-packages/airflow/example_dags/example_latest_only.py
[2024-10-21T12:54:23.396+0700] {logging_mixin.py:190} INFO - [2024-10-21T12:54:23.395+0700] {dag.py:3239} INFO - Sync 1 DAGs
[2024-10-21T12:54:23.445+0700] {logging_mixin.py:190} INFO - [2024-10-21T12:54:23.444+0700] {dag.py:4180} INFO - Setting next_dagrun for latest_only to 2024-10-21 00:00:00+00:00, run_after=2024-10-21 04:00:00+00:00
[2024-10-21T12:54:23.488+0700] {processor.py:208} INFO - Processing /Users/punny/Documents/GitHub/NYC-Taxi-ETL-Pipeline/.venv/lib/python3.10/site-packages/airflow/example_dags/example_latest_only.py took 0.554 seconds
[2024-10-21T14:22:19.957+0700] {processor.py:186} INFO - Started process (PID=35246) to work on /Users/punny/Documents/GitHub/NYC-Taxi-ETL-Pipeline/.venv/lib/python3.10/site-packages/airflow/example_dags/example_latest_only.py
[2024-10-21T14:22:19.976+0700] {processor.py:914} INFO - Processing file /Users/punny/Documents/GitHub/NYC-Taxi-ETL-Pipeline/.venv/lib/python3.10/site-packages/airflow/example_dags/example_latest_only.py for tasks to queue
[2024-10-21T14:22:19.980+0700] {logging_mixin.py:190} INFO - [2024-10-21T14:22:19.979+0700] {dagbag.py:588} INFO - Filling up the DagBag from /Users/punny/Documents/GitHub/NYC-Taxi-ETL-Pipeline/.venv/lib/python3.10/site-packages/airflow/example_dags/example_latest_only.py
[2024-10-21T14:22:20.012+0700] {processor.py:925} INFO - DAG(s) 'latest_only' retrieved from /Users/punny/Documents/GitHub/NYC-Taxi-ETL-Pipeline/.venv/lib/python3.10/site-packages/airflow/example_dags/example_latest_only.py
[2024-10-21T14:22:20.764+0700] {logging_mixin.py:190} INFO - [2024-10-21T14:22:20.762+0700] {dag.py:3239} INFO - Sync 1 DAGs
[2024-10-21T14:22:20.894+0700] {logging_mixin.py:190} INFO - [2024-10-21T14:22:20.894+0700] {dag.py:4180} INFO - Setting next_dagrun for latest_only to 2024-10-21 00:00:00+00:00, run_after=2024-10-21 04:00:00+00:00
[2024-10-21T14:22:20.954+0700] {processor.py:208} INFO - Processing /Users/punny/Documents/GitHub/NYC-Taxi-ETL-Pipeline/.venv/lib/python3.10/site-packages/airflow/example_dags/example_latest_only.py took 1.018 seconds
[2024-10-21T14:49:29.337+0700] {processor.py:186} INFO - Started process (PID=36074) to work on /Users/punny/Documents/GitHub/NYC-Taxi-ETL-Pipeline/.venv/lib/python3.10/site-packages/airflow/example_dags/example_latest_only.py
[2024-10-21T14:49:29.347+0700] {processor.py:914} INFO - Processing file /Users/punny/Documents/GitHub/NYC-Taxi-ETL-Pipeline/.venv/lib/python3.10/site-packages/airflow/example_dags/example_latest_only.py for tasks to queue
[2024-10-21T14:49:29.352+0700] {logging_mixin.py:190} INFO - [2024-10-21T14:49:29.351+0700] {dagbag.py:588} INFO - Filling up the DagBag from /Users/punny/Documents/GitHub/NYC-Taxi-ETL-Pipeline/.venv/lib/python3.10/site-packages/airflow/example_dags/example_latest_only.py
[2024-10-21T14:49:29.435+0700] {processor.py:925} INFO - DAG(s) 'latest_only' retrieved from /Users/punny/Documents/GitHub/NYC-Taxi-ETL-Pipeline/.venv/lib/python3.10/site-packages/airflow/example_dags/example_latest_only.py
[2024-10-21T14:49:30.189+0700] {logging_mixin.py:190} INFO - [2024-10-21T14:49:30.189+0700] {dag.py:3239} INFO - Sync 1 DAGs
[2024-10-21T14:49:30.223+0700] {logging_mixin.py:190} INFO - [2024-10-21T14:49:30.223+0700] {dag.py:4180} INFO - Setting next_dagrun for latest_only to 2024-10-21 00:00:00+00:00, run_after=2024-10-21 04:00:00+00:00
[2024-10-21T14:49:30.249+0700] {processor.py:208} INFO - Processing /Users/punny/Documents/GitHub/NYC-Taxi-ETL-Pipeline/.venv/lib/python3.10/site-packages/airflow/example_dags/example_latest_only.py took 0.930 seconds
[2024-10-21T14:53:08.427+0700] {processor.py:186} INFO - Started process (PID=36660) to work on /Users/punny/Documents/GitHub/NYC-Taxi-ETL-Pipeline/.venv/lib/python3.10/site-packages/airflow/example_dags/example_latest_only.py
[2024-10-21T14:53:08.430+0700] {processor.py:914} INFO - Processing file /Users/punny/Documents/GitHub/NYC-Taxi-ETL-Pipeline/.venv/lib/python3.10/site-packages/airflow/example_dags/example_latest_only.py for tasks to queue
[2024-10-21T14:53:08.431+0700] {logging_mixin.py:190} INFO - [2024-10-21T14:53:08.431+0700] {dagbag.py:588} INFO - Filling up the DagBag from /Users/punny/Documents/GitHub/NYC-Taxi-ETL-Pipeline/.venv/lib/python3.10/site-packages/airflow/example_dags/example_latest_only.py
[2024-10-21T14:53:08.444+0700] {processor.py:925} INFO - DAG(s) 'latest_only' retrieved from /Users/punny/Documents/GitHub/NYC-Taxi-ETL-Pipeline/.venv/lib/python3.10/site-packages/airflow/example_dags/example_latest_only.py
[2024-10-21T14:53:08.682+0700] {logging_mixin.py:190} INFO - [2024-10-21T14:53:08.682+0700] {dag.py:3239} INFO - Sync 1 DAGs
[2024-10-21T14:53:08.711+0700] {logging_mixin.py:190} INFO - [2024-10-21T14:53:08.710+0700] {dag.py:4180} INFO - Setting next_dagrun for latest_only to 2024-10-21 00:00:00+00:00, run_after=2024-10-21 04:00:00+00:00
[2024-10-21T14:53:08.742+0700] {processor.py:208} INFO - Processing /Users/punny/Documents/GitHub/NYC-Taxi-ETL-Pipeline/.venv/lib/python3.10/site-packages/airflow/example_dags/example_latest_only.py took 0.328 seconds
[2024-10-21T14:56:30.881+0700] {processor.py:186} INFO - Started process (PID=37181) to work on /Users/punny/Documents/GitHub/NYC-Taxi-ETL-Pipeline/.venv/lib/python3.10/site-packages/airflow/example_dags/example_latest_only.py
[2024-10-21T14:56:30.884+0700] {processor.py:914} INFO - Processing file /Users/punny/Documents/GitHub/NYC-Taxi-ETL-Pipeline/.venv/lib/python3.10/site-packages/airflow/example_dags/example_latest_only.py for tasks to queue
[2024-10-21T14:56:30.885+0700] {logging_mixin.py:190} INFO - [2024-10-21T14:56:30.885+0700] {dagbag.py:588} INFO - Filling up the DagBag from /Users/punny/Documents/GitHub/NYC-Taxi-ETL-Pipeline/.venv/lib/python3.10/site-packages/airflow/example_dags/example_latest_only.py
[2024-10-21T14:56:30.896+0700] {processor.py:925} INFO - DAG(s) 'latest_only' retrieved from /Users/punny/Documents/GitHub/NYC-Taxi-ETL-Pipeline/.venv/lib/python3.10/site-packages/airflow/example_dags/example_latest_only.py
[2024-10-21T14:56:31.087+0700] {logging_mixin.py:190} INFO - [2024-10-21T14:56:31.087+0700] {dag.py:3239} INFO - Sync 1 DAGs
[2024-10-21T14:56:31.118+0700] {logging_mixin.py:190} INFO - [2024-10-21T14:56:31.117+0700] {dag.py:4180} INFO - Setting next_dagrun for latest_only to 2024-10-21 00:00:00+00:00, run_after=2024-10-21 04:00:00+00:00
[2024-10-21T14:56:31.142+0700] {processor.py:208} INFO - Processing /Users/punny/Documents/GitHub/NYC-Taxi-ETL-Pipeline/.venv/lib/python3.10/site-packages/airflow/example_dags/example_latest_only.py took 0.270 seconds
[2024-10-21T15:01:40.039+0700] {processor.py:186} INFO - Started process (PID=37948) to work on /Users/punny/Documents/GitHub/NYC-Taxi-ETL-Pipeline/.venv/lib/python3.10/site-packages/airflow/example_dags/example_latest_only.py
[2024-10-21T15:01:40.046+0700] {processor.py:914} INFO - Processing file /Users/punny/Documents/GitHub/NYC-Taxi-ETL-Pipeline/.venv/lib/python3.10/site-packages/airflow/example_dags/example_latest_only.py for tasks to queue
[2024-10-21T15:01:40.049+0700] {logging_mixin.py:190} INFO - [2024-10-21T15:01:40.048+0700] {dagbag.py:588} INFO - Filling up the DagBag from /Users/punny/Documents/GitHub/NYC-Taxi-ETL-Pipeline/.venv/lib/python3.10/site-packages/airflow/example_dags/example_latest_only.py
[2024-10-21T15:01:40.079+0700] {processor.py:925} INFO - DAG(s) 'latest_only' retrieved from /Users/punny/Documents/GitHub/NYC-Taxi-ETL-Pipeline/.venv/lib/python3.10/site-packages/airflow/example_dags/example_latest_only.py
[2024-10-21T15:01:40.600+0700] {logging_mixin.py:190} INFO - [2024-10-21T15:01:40.597+0700] {dag.py:3239} INFO - Sync 1 DAGs
[2024-10-21T15:01:40.653+0700] {logging_mixin.py:190} INFO - [2024-10-21T15:01:40.653+0700] {dag.py:4180} INFO - Setting next_dagrun for latest_only to 2024-10-21 04:00:00+00:00, run_after=2024-10-21 08:00:00+00:00
[2024-10-21T15:01:40.702+0700] {processor.py:208} INFO - Processing /Users/punny/Documents/GitHub/NYC-Taxi-ETL-Pipeline/.venv/lib/python3.10/site-packages/airflow/example_dags/example_latest_only.py took 0.677 seconds
[2024-10-21T15:07:15.736+0700] {processor.py:186} INFO - Started process (PID=38645) to work on /Users/punny/Documents/GitHub/NYC-Taxi-ETL-Pipeline/.venv/lib/python3.10/site-packages/airflow/example_dags/example_latest_only.py
[2024-10-21T15:07:15.741+0700] {processor.py:914} INFO - Processing file /Users/punny/Documents/GitHub/NYC-Taxi-ETL-Pipeline/.venv/lib/python3.10/site-packages/airflow/example_dags/example_latest_only.py for tasks to queue
[2024-10-21T15:07:15.743+0700] {logging_mixin.py:190} INFO - [2024-10-21T15:07:15.743+0700] {dagbag.py:588} INFO - Filling up the DagBag from /Users/punny/Documents/GitHub/NYC-Taxi-ETL-Pipeline/.venv/lib/python3.10/site-packages/airflow/example_dags/example_latest_only.py
[2024-10-21T15:07:15.763+0700] {processor.py:925} INFO - DAG(s) 'latest_only' retrieved from /Users/punny/Documents/GitHub/NYC-Taxi-ETL-Pipeline/.venv/lib/python3.10/site-packages/airflow/example_dags/example_latest_only.py
[2024-10-21T15:07:16.088+0700] {logging_mixin.py:190} INFO - [2024-10-21T15:07:16.086+0700] {dag.py:3239} INFO - Sync 1 DAGs
[2024-10-21T15:07:16.138+0700] {logging_mixin.py:190} INFO - [2024-10-21T15:07:16.138+0700] {dag.py:4180} INFO - Setting next_dagrun for latest_only to 2024-10-21 04:00:00+00:00, run_after=2024-10-21 08:00:00+00:00
[2024-10-21T15:07:16.175+0700] {processor.py:208} INFO - Processing /Users/punny/Documents/GitHub/NYC-Taxi-ETL-Pipeline/.venv/lib/python3.10/site-packages/airflow/example_dags/example_latest_only.py took 0.454 seconds
[2024-10-21T15:11:56.040+0700] {processor.py:186} INFO - Started process (PID=39271) to work on /Users/punny/Documents/GitHub/NYC-Taxi-ETL-Pipeline/.venv/lib/python3.10/site-packages/airflow/example_dags/example_latest_only.py
[2024-10-21T15:11:56.045+0700] {processor.py:914} INFO - Processing file /Users/punny/Documents/GitHub/NYC-Taxi-ETL-Pipeline/.venv/lib/python3.10/site-packages/airflow/example_dags/example_latest_only.py for tasks to queue
[2024-10-21T15:11:56.046+0700] {logging_mixin.py:190} INFO - [2024-10-21T15:11:56.046+0700] {dagbag.py:588} INFO - Filling up the DagBag from /Users/punny/Documents/GitHub/NYC-Taxi-ETL-Pipeline/.venv/lib/python3.10/site-packages/airflow/example_dags/example_latest_only.py
[2024-10-21T15:11:56.061+0700] {processor.py:925} INFO - DAG(s) 'latest_only' retrieved from /Users/punny/Documents/GitHub/NYC-Taxi-ETL-Pipeline/.venv/lib/python3.10/site-packages/airflow/example_dags/example_latest_only.py
[2024-10-21T15:11:56.375+0700] {logging_mixin.py:190} INFO - [2024-10-21T15:11:56.374+0700] {dag.py:3239} INFO - Sync 1 DAGs
[2024-10-21T15:11:56.409+0700] {logging_mixin.py:190} INFO - [2024-10-21T15:11:56.408+0700] {dag.py:4180} INFO - Setting next_dagrun for latest_only to 2024-10-21 04:00:00+00:00, run_after=2024-10-21 08:00:00+00:00
[2024-10-21T15:11:56.444+0700] {processor.py:208} INFO - Processing /Users/punny/Documents/GitHub/NYC-Taxi-ETL-Pipeline/.venv/lib/python3.10/site-packages/airflow/example_dags/example_latest_only.py took 0.419 seconds
[2024-10-21T15:16:14.884+0700] {processor.py:186} INFO - Started process (PID=39794) to work on /Users/punny/Documents/GitHub/NYC-Taxi-ETL-Pipeline/.venv/lib/python3.10/site-packages/airflow/example_dags/example_latest_only.py
[2024-10-21T15:16:14.891+0700] {processor.py:914} INFO - Processing file /Users/punny/Documents/GitHub/NYC-Taxi-ETL-Pipeline/.venv/lib/python3.10/site-packages/airflow/example_dags/example_latest_only.py for tasks to queue
[2024-10-21T15:16:14.893+0700] {logging_mixin.py:190} INFO - [2024-10-21T15:16:14.893+0700] {dagbag.py:588} INFO - Filling up the DagBag from /Users/punny/Documents/GitHub/NYC-Taxi-ETL-Pipeline/.venv/lib/python3.10/site-packages/airflow/example_dags/example_latest_only.py
[2024-10-21T15:16:14.913+0700] {processor.py:925} INFO - DAG(s) 'latest_only' retrieved from /Users/punny/Documents/GitHub/NYC-Taxi-ETL-Pipeline/.venv/lib/python3.10/site-packages/airflow/example_dags/example_latest_only.py
[2024-10-21T15:16:15.342+0700] {logging_mixin.py:190} INFO - [2024-10-21T15:16:15.342+0700] {dag.py:3239} INFO - Sync 1 DAGs
[2024-10-21T15:16:15.381+0700] {logging_mixin.py:190} INFO - [2024-10-21T15:16:15.381+0700] {dag.py:4180} INFO - Setting next_dagrun for latest_only to 2024-10-21 04:00:00+00:00, run_after=2024-10-21 08:00:00+00:00
[2024-10-21T15:16:15.423+0700] {processor.py:208} INFO - Processing /Users/punny/Documents/GitHub/NYC-Taxi-ETL-Pipeline/.venv/lib/python3.10/site-packages/airflow/example_dags/example_latest_only.py took 0.554 seconds
[2024-10-21T15:20:36.426+0700] {processor.py:186} INFO - Started process (PID=40364) to work on /Users/punny/Documents/GitHub/NYC-Taxi-ETL-Pipeline/.venv/lib/python3.10/site-packages/airflow/example_dags/example_latest_only.py
[2024-10-21T15:20:36.433+0700] {processor.py:914} INFO - Processing file /Users/punny/Documents/GitHub/NYC-Taxi-ETL-Pipeline/.venv/lib/python3.10/site-packages/airflow/example_dags/example_latest_only.py for tasks to queue
[2024-10-21T15:20:36.435+0700] {logging_mixin.py:190} INFO - [2024-10-21T15:20:36.434+0700] {dagbag.py:588} INFO - Filling up the DagBag from /Users/punny/Documents/GitHub/NYC-Taxi-ETL-Pipeline/.venv/lib/python3.10/site-packages/airflow/example_dags/example_latest_only.py
[2024-10-21T15:20:36.452+0700] {processor.py:925} INFO - DAG(s) 'latest_only' retrieved from /Users/punny/Documents/GitHub/NYC-Taxi-ETL-Pipeline/.venv/lib/python3.10/site-packages/airflow/example_dags/example_latest_only.py
[2024-10-21T15:20:36.739+0700] {logging_mixin.py:190} INFO - [2024-10-21T15:20:36.738+0700] {dag.py:3239} INFO - Sync 1 DAGs
[2024-10-21T15:20:36.770+0700] {logging_mixin.py:190} INFO - [2024-10-21T15:20:36.769+0700] {dag.py:4180} INFO - Setting next_dagrun for latest_only to 2024-10-21 04:00:00+00:00, run_after=2024-10-21 08:00:00+00:00
[2024-10-21T15:20:36.801+0700] {processor.py:208} INFO - Processing /Users/punny/Documents/GitHub/NYC-Taxi-ETL-Pipeline/.venv/lib/python3.10/site-packages/airflow/example_dags/example_latest_only.py took 0.387 seconds
[2024-10-21T15:24:39.110+0700] {processor.py:186} INFO - Started process (PID=40863) to work on /Users/punny/Documents/GitHub/NYC-Taxi-ETL-Pipeline/.venv/lib/python3.10/site-packages/airflow/example_dags/example_latest_only.py
[2024-10-21T15:24:39.115+0700] {processor.py:914} INFO - Processing file /Users/punny/Documents/GitHub/NYC-Taxi-ETL-Pipeline/.venv/lib/python3.10/site-packages/airflow/example_dags/example_latest_only.py for tasks to queue
[2024-10-21T15:24:39.117+0700] {logging_mixin.py:190} INFO - [2024-10-21T15:24:39.117+0700] {dagbag.py:588} INFO - Filling up the DagBag from /Users/punny/Documents/GitHub/NYC-Taxi-ETL-Pipeline/.venv/lib/python3.10/site-packages/airflow/example_dags/example_latest_only.py
[2024-10-21T15:24:39.133+0700] {processor.py:925} INFO - DAG(s) 'latest_only' retrieved from /Users/punny/Documents/GitHub/NYC-Taxi-ETL-Pipeline/.venv/lib/python3.10/site-packages/airflow/example_dags/example_latest_only.py
[2024-10-21T15:24:39.473+0700] {logging_mixin.py:190} INFO - [2024-10-21T15:24:39.472+0700] {dag.py:3239} INFO - Sync 1 DAGs
[2024-10-21T15:24:39.510+0700] {logging_mixin.py:190} INFO - [2024-10-21T15:24:39.510+0700] {dag.py:4180} INFO - Setting next_dagrun for latest_only to 2024-10-21 04:00:00+00:00, run_after=2024-10-21 08:00:00+00:00
[2024-10-21T15:24:39.544+0700] {processor.py:208} INFO - Processing /Users/punny/Documents/GitHub/NYC-Taxi-ETL-Pipeline/.venv/lib/python3.10/site-packages/airflow/example_dags/example_latest_only.py took 0.449 seconds
[2024-10-21T15:28:34.487+0700] {processor.py:186} INFO - Started process (PID=41334) to work on /Users/punny/Documents/GitHub/NYC-Taxi-ETL-Pipeline/.venv/lib/python3.10/site-packages/airflow/example_dags/example_latest_only.py
[2024-10-21T15:28:34.492+0700] {processor.py:914} INFO - Processing file /Users/punny/Documents/GitHub/NYC-Taxi-ETL-Pipeline/.venv/lib/python3.10/site-packages/airflow/example_dags/example_latest_only.py for tasks to queue
[2024-10-21T15:28:34.493+0700] {logging_mixin.py:190} INFO - [2024-10-21T15:28:34.493+0700] {dagbag.py:588} INFO - Filling up the DagBag from /Users/punny/Documents/GitHub/NYC-Taxi-ETL-Pipeline/.venv/lib/python3.10/site-packages/airflow/example_dags/example_latest_only.py
[2024-10-21T15:28:34.508+0700] {processor.py:925} INFO - DAG(s) 'latest_only' retrieved from /Users/punny/Documents/GitHub/NYC-Taxi-ETL-Pipeline/.venv/lib/python3.10/site-packages/airflow/example_dags/example_latest_only.py
[2024-10-21T15:28:34.811+0700] {logging_mixin.py:190} INFO - [2024-10-21T15:28:34.811+0700] {dag.py:3239} INFO - Sync 1 DAGs
[2024-10-21T15:28:34.848+0700] {logging_mixin.py:190} INFO - [2024-10-21T15:28:34.847+0700] {dag.py:4180} INFO - Setting next_dagrun for latest_only to 2024-10-21 04:00:00+00:00, run_after=2024-10-21 08:00:00+00:00
[2024-10-21T15:28:34.884+0700] {processor.py:208} INFO - Processing /Users/punny/Documents/GitHub/NYC-Taxi-ETL-Pipeline/.venv/lib/python3.10/site-packages/airflow/example_dags/example_latest_only.py took 0.408 seconds
[2024-10-21T15:32:39.649+0700] {processor.py:186} INFO - Started process (PID=41885) to work on /Users/punny/Documents/GitHub/NYC-Taxi-ETL-Pipeline/.venv/lib/python3.10/site-packages/airflow/example_dags/example_latest_only.py
[2024-10-21T15:32:39.656+0700] {processor.py:914} INFO - Processing file /Users/punny/Documents/GitHub/NYC-Taxi-ETL-Pipeline/.venv/lib/python3.10/site-packages/airflow/example_dags/example_latest_only.py for tasks to queue
[2024-10-21T15:32:39.658+0700] {logging_mixin.py:190} INFO - [2024-10-21T15:32:39.657+0700] {dagbag.py:588} INFO - Filling up the DagBag from /Users/punny/Documents/GitHub/NYC-Taxi-ETL-Pipeline/.venv/lib/python3.10/site-packages/airflow/example_dags/example_latest_only.py
[2024-10-21T15:32:39.672+0700] {processor.py:925} INFO - DAG(s) 'latest_only' retrieved from /Users/punny/Documents/GitHub/NYC-Taxi-ETL-Pipeline/.venv/lib/python3.10/site-packages/airflow/example_dags/example_latest_only.py
[2024-10-21T15:32:39.991+0700] {logging_mixin.py:190} INFO - [2024-10-21T15:32:39.990+0700] {dag.py:3239} INFO - Sync 1 DAGs
[2024-10-21T15:32:40.030+0700] {logging_mixin.py:190} INFO - [2024-10-21T15:32:40.028+0700] {dag.py:4180} INFO - Setting next_dagrun for latest_only to 2024-10-21 04:00:00+00:00, run_after=2024-10-21 08:00:00+00:00
[2024-10-21T15:32:40.073+0700] {processor.py:208} INFO - Processing /Users/punny/Documents/GitHub/NYC-Taxi-ETL-Pipeline/.venv/lib/python3.10/site-packages/airflow/example_dags/example_latest_only.py took 0.436 seconds
[2024-10-21T15:36:35.052+0700] {processor.py:186} INFO - Started process (PID=42358) to work on /Users/punny/Documents/GitHub/NYC-Taxi-ETL-Pipeline/.venv/lib/python3.10/site-packages/airflow/example_dags/example_latest_only.py
[2024-10-21T15:36:35.057+0700] {processor.py:914} INFO - Processing file /Users/punny/Documents/GitHub/NYC-Taxi-ETL-Pipeline/.venv/lib/python3.10/site-packages/airflow/example_dags/example_latest_only.py for tasks to queue
[2024-10-21T15:36:35.058+0700] {logging_mixin.py:190} INFO - [2024-10-21T15:36:35.058+0700] {dagbag.py:588} INFO - Filling up the DagBag from /Users/punny/Documents/GitHub/NYC-Taxi-ETL-Pipeline/.venv/lib/python3.10/site-packages/airflow/example_dags/example_latest_only.py
[2024-10-21T15:36:35.073+0700] {processor.py:925} INFO - DAG(s) 'latest_only' retrieved from /Users/punny/Documents/GitHub/NYC-Taxi-ETL-Pipeline/.venv/lib/python3.10/site-packages/airflow/example_dags/example_latest_only.py
[2024-10-21T15:36:35.432+0700] {logging_mixin.py:190} INFO - [2024-10-21T15:36:35.431+0700] {dag.py:3239} INFO - Sync 1 DAGs
[2024-10-21T15:36:35.464+0700] {logging_mixin.py:190} INFO - [2024-10-21T15:36:35.464+0700] {dag.py:4180} INFO - Setting next_dagrun for latest_only to 2024-10-21 04:00:00+00:00, run_after=2024-10-21 08:00:00+00:00
[2024-10-21T15:36:35.494+0700] {processor.py:208} INFO - Processing /Users/punny/Documents/GitHub/NYC-Taxi-ETL-Pipeline/.venv/lib/python3.10/site-packages/airflow/example_dags/example_latest_only.py took 0.458 seconds
[2024-10-21T15:40:37.881+0700] {processor.py:186} INFO - Started process (PID=42967) to work on /Users/punny/Documents/GitHub/NYC-Taxi-ETL-Pipeline/.venv/lib/python3.10/site-packages/airflow/example_dags/example_latest_only.py
[2024-10-21T15:40:37.885+0700] {processor.py:914} INFO - Processing file /Users/punny/Documents/GitHub/NYC-Taxi-ETL-Pipeline/.venv/lib/python3.10/site-packages/airflow/example_dags/example_latest_only.py for tasks to queue
[2024-10-21T15:40:37.887+0700] {logging_mixin.py:190} INFO - [2024-10-21T15:40:37.886+0700] {dagbag.py:588} INFO - Filling up the DagBag from /Users/punny/Documents/GitHub/NYC-Taxi-ETL-Pipeline/.venv/lib/python3.10/site-packages/airflow/example_dags/example_latest_only.py
[2024-10-21T15:40:37.910+0700] {processor.py:925} INFO - DAG(s) 'latest_only' retrieved from /Users/punny/Documents/GitHub/NYC-Taxi-ETL-Pipeline/.venv/lib/python3.10/site-packages/airflow/example_dags/example_latest_only.py
[2024-10-21T15:40:38.346+0700] {logging_mixin.py:190} INFO - [2024-10-21T15:40:38.345+0700] {dag.py:3239} INFO - Sync 1 DAGs
[2024-10-21T15:40:38.390+0700] {logging_mixin.py:190} INFO - [2024-10-21T15:40:38.390+0700] {dag.py:4180} INFO - Setting next_dagrun for latest_only to 2024-10-21 04:00:00+00:00, run_after=2024-10-21 08:00:00+00:00
[2024-10-21T15:40:38.426+0700] {processor.py:208} INFO - Processing /Users/punny/Documents/GitHub/NYC-Taxi-ETL-Pipeline/.venv/lib/python3.10/site-packages/airflow/example_dags/example_latest_only.py took 0.563 seconds
[2024-10-21T15:44:31.514+0700] {processor.py:186} INFO - Started process (PID=43452) to work on /Users/punny/Documents/GitHub/NYC-Taxi-ETL-Pipeline/.venv/lib/python3.10/site-packages/airflow/example_dags/example_latest_only.py
[2024-10-21T15:44:31.517+0700] {processor.py:914} INFO - Processing file /Users/punny/Documents/GitHub/NYC-Taxi-ETL-Pipeline/.venv/lib/python3.10/site-packages/airflow/example_dags/example_latest_only.py for tasks to queue
[2024-10-21T15:44:31.519+0700] {logging_mixin.py:190} INFO - [2024-10-21T15:44:31.519+0700] {dagbag.py:588} INFO - Filling up the DagBag from /Users/punny/Documents/GitHub/NYC-Taxi-ETL-Pipeline/.venv/lib/python3.10/site-packages/airflow/example_dags/example_latest_only.py
[2024-10-21T15:44:31.538+0700] {processor.py:925} INFO - DAG(s) 'latest_only' retrieved from /Users/punny/Documents/GitHub/NYC-Taxi-ETL-Pipeline/.venv/lib/python3.10/site-packages/airflow/example_dags/example_latest_only.py
[2024-10-21T15:44:31.832+0700] {logging_mixin.py:190} INFO - [2024-10-21T15:44:31.827+0700] {dag.py:3239} INFO - Sync 1 DAGs
[2024-10-21T15:44:31.868+0700] {logging_mixin.py:190} INFO - [2024-10-21T15:44:31.867+0700] {dag.py:4180} INFO - Setting next_dagrun for latest_only to 2024-10-21 04:00:00+00:00, run_after=2024-10-21 08:00:00+00:00
[2024-10-21T15:44:31.899+0700] {processor.py:208} INFO - Processing /Users/punny/Documents/GitHub/NYC-Taxi-ETL-Pipeline/.venv/lib/python3.10/site-packages/airflow/example_dags/example_latest_only.py took 0.400 seconds
[2024-10-21T15:48:22.850+0700] {processor.py:186} INFO - Started process (PID=43915) to work on /Users/punny/Documents/GitHub/NYC-Taxi-ETL-Pipeline/.venv/lib/python3.10/site-packages/airflow/example_dags/example_latest_only.py
[2024-10-21T15:48:22.854+0700] {processor.py:914} INFO - Processing file /Users/punny/Documents/GitHub/NYC-Taxi-ETL-Pipeline/.venv/lib/python3.10/site-packages/airflow/example_dags/example_latest_only.py for tasks to queue
[2024-10-21T15:48:22.856+0700] {logging_mixin.py:190} INFO - [2024-10-21T15:48:22.856+0700] {dagbag.py:588} INFO - Filling up the DagBag from /Users/punny/Documents/GitHub/NYC-Taxi-ETL-Pipeline/.venv/lib/python3.10/site-packages/airflow/example_dags/example_latest_only.py
[2024-10-21T15:48:22.871+0700] {processor.py:925} INFO - DAG(s) 'latest_only' retrieved from /Users/punny/Documents/GitHub/NYC-Taxi-ETL-Pipeline/.venv/lib/python3.10/site-packages/airflow/example_dags/example_latest_only.py
[2024-10-21T15:48:23.123+0700] {logging_mixin.py:190} INFO - [2024-10-21T15:48:23.123+0700] {dag.py:3239} INFO - Sync 1 DAGs
[2024-10-21T15:48:23.155+0700] {logging_mixin.py:190} INFO - [2024-10-21T15:48:23.154+0700] {dag.py:4180} INFO - Setting next_dagrun for latest_only to 2024-10-21 04:00:00+00:00, run_after=2024-10-21 08:00:00+00:00
[2024-10-21T15:48:23.191+0700] {processor.py:208} INFO - Processing /Users/punny/Documents/GitHub/NYC-Taxi-ETL-Pipeline/.venv/lib/python3.10/site-packages/airflow/example_dags/example_latest_only.py took 0.348 seconds
[2024-10-21T15:52:22.053+0700] {processor.py:186} INFO - Started process (PID=44453) to work on /Users/punny/Documents/GitHub/NYC-Taxi-ETL-Pipeline/.venv/lib/python3.10/site-packages/airflow/example_dags/example_latest_only.py
[2024-10-21T15:52:22.058+0700] {processor.py:914} INFO - Processing file /Users/punny/Documents/GitHub/NYC-Taxi-ETL-Pipeline/.venv/lib/python3.10/site-packages/airflow/example_dags/example_latest_only.py for tasks to queue
[2024-10-21T15:52:22.060+0700] {logging_mixin.py:190} INFO - [2024-10-21T15:52:22.059+0700] {dagbag.py:588} INFO - Filling up the DagBag from /Users/punny/Documents/GitHub/NYC-Taxi-ETL-Pipeline/.venv/lib/python3.10/site-packages/airflow/example_dags/example_latest_only.py
[2024-10-21T15:52:22.074+0700] {processor.py:925} INFO - DAG(s) 'latest_only' retrieved from /Users/punny/Documents/GitHub/NYC-Taxi-ETL-Pipeline/.venv/lib/python3.10/site-packages/airflow/example_dags/example_latest_only.py
[2024-10-21T15:52:22.335+0700] {logging_mixin.py:190} INFO - [2024-10-21T15:52:22.335+0700] {dag.py:3239} INFO - Sync 1 DAGs
[2024-10-21T15:52:22.366+0700] {logging_mixin.py:190} INFO - [2024-10-21T15:52:22.366+0700] {dag.py:4180} INFO - Setting next_dagrun for latest_only to 2024-10-21 04:00:00+00:00, run_after=2024-10-21 08:00:00+00:00
[2024-10-21T15:52:22.397+0700] {processor.py:208} INFO - Processing /Users/punny/Documents/GitHub/NYC-Taxi-ETL-Pipeline/.venv/lib/python3.10/site-packages/airflow/example_dags/example_latest_only.py took 0.357 seconds
[2024-10-21T15:56:18.906+0700] {processor.py:186} INFO - Started process (PID=44931) to work on /Users/punny/Documents/GitHub/NYC-Taxi-ETL-Pipeline/.venv/lib/python3.10/site-packages/airflow/example_dags/example_latest_only.py
[2024-10-21T15:56:18.910+0700] {processor.py:914} INFO - Processing file /Users/punny/Documents/GitHub/NYC-Taxi-ETL-Pipeline/.venv/lib/python3.10/site-packages/airflow/example_dags/example_latest_only.py for tasks to queue
[2024-10-21T15:56:18.913+0700] {logging_mixin.py:190} INFO - [2024-10-21T15:56:18.913+0700] {dagbag.py:588} INFO - Filling up the DagBag from /Users/punny/Documents/GitHub/NYC-Taxi-ETL-Pipeline/.venv/lib/python3.10/site-packages/airflow/example_dags/example_latest_only.py
[2024-10-21T15:56:18.938+0700] {processor.py:925} INFO - DAG(s) 'latest_only' retrieved from /Users/punny/Documents/GitHub/NYC-Taxi-ETL-Pipeline/.venv/lib/python3.10/site-packages/airflow/example_dags/example_latest_only.py
[2024-10-21T15:56:19.388+0700] {logging_mixin.py:190} INFO - [2024-10-21T15:56:19.387+0700] {dag.py:3239} INFO - Sync 1 DAGs
[2024-10-21T15:56:19.429+0700] {logging_mixin.py:190} INFO - [2024-10-21T15:56:19.429+0700] {dag.py:4180} INFO - Setting next_dagrun for latest_only to 2024-10-21 04:00:00+00:00, run_after=2024-10-21 08:00:00+00:00
[2024-10-21T15:56:19.466+0700] {processor.py:208} INFO - Processing /Users/punny/Documents/GitHub/NYC-Taxi-ETL-Pipeline/.venv/lib/python3.10/site-packages/airflow/example_dags/example_latest_only.py took 0.573 seconds
[2024-10-21T16:00:36.636+0700] {processor.py:186} INFO - Started process (PID=45537) to work on /Users/punny/Documents/GitHub/NYC-Taxi-ETL-Pipeline/.venv/lib/python3.10/site-packages/airflow/example_dags/example_latest_only.py
[2024-10-21T16:00:36.642+0700] {processor.py:914} INFO - Processing file /Users/punny/Documents/GitHub/NYC-Taxi-ETL-Pipeline/.venv/lib/python3.10/site-packages/airflow/example_dags/example_latest_only.py for tasks to queue
[2024-10-21T16:00:36.645+0700] {logging_mixin.py:190} INFO - [2024-10-21T16:00:36.644+0700] {dagbag.py:588} INFO - Filling up the DagBag from /Users/punny/Documents/GitHub/NYC-Taxi-ETL-Pipeline/.venv/lib/python3.10/site-packages/airflow/example_dags/example_latest_only.py
[2024-10-21T16:00:36.664+0700] {processor.py:925} INFO - DAG(s) 'latest_only' retrieved from /Users/punny/Documents/GitHub/NYC-Taxi-ETL-Pipeline/.venv/lib/python3.10/site-packages/airflow/example_dags/example_latest_only.py
[2024-10-21T16:00:37.012+0700] {logging_mixin.py:190} INFO - [2024-10-21T16:00:37.011+0700] {dag.py:3239} INFO - Sync 1 DAGs
[2024-10-21T16:00:37.055+0700] {logging_mixin.py:190} INFO - [2024-10-21T16:00:37.055+0700] {dag.py:4180} INFO - Setting next_dagrun for latest_only to 2024-10-21 04:00:00+00:00, run_after=2024-10-21 08:00:00+00:00
[2024-10-21T16:00:37.096+0700] {processor.py:208} INFO - Processing /Users/punny/Documents/GitHub/NYC-Taxi-ETL-Pipeline/.venv/lib/python3.10/site-packages/airflow/example_dags/example_latest_only.py took 0.469 seconds
[2024-10-21T16:04:45.920+0700] {processor.py:186} INFO - Started process (PID=46058) to work on /Users/punny/Documents/GitHub/NYC-Taxi-ETL-Pipeline/.venv/lib/python3.10/site-packages/airflow/example_dags/example_latest_only.py
[2024-10-21T16:04:45.924+0700] {processor.py:914} INFO - Processing file /Users/punny/Documents/GitHub/NYC-Taxi-ETL-Pipeline/.venv/lib/python3.10/site-packages/airflow/example_dags/example_latest_only.py for tasks to queue
[2024-10-21T16:04:45.925+0700] {logging_mixin.py:190} INFO - [2024-10-21T16:04:45.925+0700] {dagbag.py:588} INFO - Filling up the DagBag from /Users/punny/Documents/GitHub/NYC-Taxi-ETL-Pipeline/.venv/lib/python3.10/site-packages/airflow/example_dags/example_latest_only.py
[2024-10-21T16:04:45.936+0700] {processor.py:925} INFO - DAG(s) 'latest_only' retrieved from /Users/punny/Documents/GitHub/NYC-Taxi-ETL-Pipeline/.venv/lib/python3.10/site-packages/airflow/example_dags/example_latest_only.py
[2024-10-21T16:04:46.132+0700] {logging_mixin.py:190} INFO - [2024-10-21T16:04:46.131+0700] {dag.py:3239} INFO - Sync 1 DAGs
[2024-10-21T16:04:46.154+0700] {logging_mixin.py:190} INFO - [2024-10-21T16:04:46.154+0700] {dag.py:4180} INFO - Setting next_dagrun for latest_only to 2024-10-21 04:00:00+00:00, run_after=2024-10-21 08:00:00+00:00
[2024-10-21T16:04:46.177+0700] {processor.py:208} INFO - Processing /Users/punny/Documents/GitHub/NYC-Taxi-ETL-Pipeline/.venv/lib/python3.10/site-packages/airflow/example_dags/example_latest_only.py took 0.267 seconds
[2024-10-21T20:38:39.901+0700] {processor.py:186} INFO - Started process (PID=4409) to work on /Users/punny/Documents/GitHub/NYC-Taxi-ETL-Pipeline/.venv/lib/python3.10/site-packages/airflow/example_dags/example_latest_only.py
[2024-10-21T20:38:39.904+0700] {processor.py:914} INFO - Processing file /Users/punny/Documents/GitHub/NYC-Taxi-ETL-Pipeline/.venv/lib/python3.10/site-packages/airflow/example_dags/example_latest_only.py for tasks to queue
[2024-10-21T20:38:39.905+0700] {logging_mixin.py:190} INFO - [2024-10-21T20:38:39.905+0700] {dagbag.py:588} INFO - Filling up the DagBag from /Users/punny/Documents/GitHub/NYC-Taxi-ETL-Pipeline/.venv/lib/python3.10/site-packages/airflow/example_dags/example_latest_only.py
[2024-10-21T20:38:39.914+0700] {processor.py:925} INFO - DAG(s) 'latest_only' retrieved from /Users/punny/Documents/GitHub/NYC-Taxi-ETL-Pipeline/.venv/lib/python3.10/site-packages/airflow/example_dags/example_latest_only.py
[2024-10-21T20:38:40.092+0700] {logging_mixin.py:190} INFO - [2024-10-21T20:38:40.092+0700] {dag.py:3239} INFO - Sync 1 DAGs
[2024-10-21T20:38:40.114+0700] {logging_mixin.py:190} INFO - [2024-10-21T20:38:40.113+0700] {dag.py:4180} INFO - Setting next_dagrun for latest_only to 2024-10-21 08:00:00+00:00, run_after=2024-10-21 12:00:00+00:00
[2024-10-21T20:38:40.136+0700] {processor.py:208} INFO - Processing /Users/punny/Documents/GitHub/NYC-Taxi-ETL-Pipeline/.venv/lib/python3.10/site-packages/airflow/example_dags/example_latest_only.py took 0.244 seconds
[2024-10-21T20:42:04.989+0700] {processor.py:186} INFO - Started process (PID=4683) to work on /Users/punny/Documents/GitHub/NYC-Taxi-ETL-Pipeline/.venv/lib/python3.10/site-packages/airflow/example_dags/example_latest_only.py
[2024-10-21T20:42:04.995+0700] {processor.py:914} INFO - Processing file /Users/punny/Documents/GitHub/NYC-Taxi-ETL-Pipeline/.venv/lib/python3.10/site-packages/airflow/example_dags/example_latest_only.py for tasks to queue
[2024-10-21T20:42:04.998+0700] {logging_mixin.py:190} INFO - [2024-10-21T20:42:04.997+0700] {dagbag.py:588} INFO - Filling up the DagBag from /Users/punny/Documents/GitHub/NYC-Taxi-ETL-Pipeline/.venv/lib/python3.10/site-packages/airflow/example_dags/example_latest_only.py
[2024-10-21T20:42:05.016+0700] {processor.py:925} INFO - DAG(s) 'latest_only' retrieved from /Users/punny/Documents/GitHub/NYC-Taxi-ETL-Pipeline/.venv/lib/python3.10/site-packages/airflow/example_dags/example_latest_only.py
[2024-10-21T20:42:05.267+0700] {logging_mixin.py:190} INFO - [2024-10-21T20:42:05.267+0700] {dag.py:3239} INFO - Sync 1 DAGs
[2024-10-21T20:42:05.296+0700] {logging_mixin.py:190} INFO - [2024-10-21T20:42:05.296+0700] {dag.py:4180} INFO - Setting next_dagrun for latest_only to 2024-10-21 08:00:00+00:00, run_after=2024-10-21 12:00:00+00:00
[2024-10-21T20:42:05.338+0700] {processor.py:208} INFO - Processing /Users/punny/Documents/GitHub/NYC-Taxi-ETL-Pipeline/.venv/lib/python3.10/site-packages/airflow/example_dags/example_latest_only.py took 0.362 seconds
[2024-10-21T20:46:03.979+0700] {processor.py:186} INFO - Started process (PID=5060) to work on /Users/punny/Documents/GitHub/NYC-Taxi-ETL-Pipeline/.venv/lib/python3.10/site-packages/airflow/example_dags/example_latest_only.py
[2024-10-21T20:46:03.984+0700] {processor.py:914} INFO - Processing file /Users/punny/Documents/GitHub/NYC-Taxi-ETL-Pipeline/.venv/lib/python3.10/site-packages/airflow/example_dags/example_latest_only.py for tasks to queue
[2024-10-21T20:46:03.986+0700] {logging_mixin.py:190} INFO - [2024-10-21T20:46:03.985+0700] {dagbag.py:588} INFO - Filling up the DagBag from /Users/punny/Documents/GitHub/NYC-Taxi-ETL-Pipeline/.venv/lib/python3.10/site-packages/airflow/example_dags/example_latest_only.py
[2024-10-21T20:46:03.999+0700] {processor.py:925} INFO - DAG(s) 'latest_only' retrieved from /Users/punny/Documents/GitHub/NYC-Taxi-ETL-Pipeline/.venv/lib/python3.10/site-packages/airflow/example_dags/example_latest_only.py
[2024-10-21T20:46:04.250+0700] {logging_mixin.py:190} INFO - [2024-10-21T20:46:04.250+0700] {dag.py:3239} INFO - Sync 1 DAGs
[2024-10-21T20:46:04.407+0700] {logging_mixin.py:190} INFO - [2024-10-21T20:46:04.407+0700] {dag.py:4180} INFO - Setting next_dagrun for latest_only to 2024-10-21 08:00:00+00:00, run_after=2024-10-21 12:00:00+00:00
[2024-10-21T20:46:04.436+0700] {processor.py:208} INFO - Processing /Users/punny/Documents/GitHub/NYC-Taxi-ETL-Pipeline/.venv/lib/python3.10/site-packages/airflow/example_dags/example_latest_only.py took 0.466 seconds
[2024-10-21T20:49:54.678+0700] {processor.py:186} INFO - Started process (PID=5431) to work on /Users/punny/Documents/GitHub/NYC-Taxi-ETL-Pipeline/.venv/lib/python3.10/site-packages/airflow/example_dags/example_latest_only.py
[2024-10-21T20:49:54.682+0700] {processor.py:914} INFO - Processing file /Users/punny/Documents/GitHub/NYC-Taxi-ETL-Pipeline/.venv/lib/python3.10/site-packages/airflow/example_dags/example_latest_only.py for tasks to queue
[2024-10-21T20:49:54.683+0700] {logging_mixin.py:190} INFO - [2024-10-21T20:49:54.683+0700] {dagbag.py:588} INFO - Filling up the DagBag from /Users/punny/Documents/GitHub/NYC-Taxi-ETL-Pipeline/.venv/lib/python3.10/site-packages/airflow/example_dags/example_latest_only.py
[2024-10-21T20:49:54.694+0700] {processor.py:925} INFO - DAG(s) 'latest_only' retrieved from /Users/punny/Documents/GitHub/NYC-Taxi-ETL-Pipeline/.venv/lib/python3.10/site-packages/airflow/example_dags/example_latest_only.py
[2024-10-21T20:49:54.909+0700] {logging_mixin.py:190} INFO - [2024-10-21T20:49:54.909+0700] {dag.py:3239} INFO - Sync 1 DAGs
[2024-10-21T20:49:54.935+0700] {logging_mixin.py:190} INFO - [2024-10-21T20:49:54.934+0700] {dag.py:4180} INFO - Setting next_dagrun for latest_only to 2024-10-21 08:00:00+00:00, run_after=2024-10-21 12:00:00+00:00
[2024-10-21T20:49:54.960+0700] {processor.py:208} INFO - Processing /Users/punny/Documents/GitHub/NYC-Taxi-ETL-Pipeline/.venv/lib/python3.10/site-packages/airflow/example_dags/example_latest_only.py took 0.291 seconds
[2024-10-21T20:57:50.623+0700] {processor.py:186} INFO - Started process (PID=6310) to work on /Users/punny/Documents/GitHub/NYC-Taxi-ETL-Pipeline/.venv/lib/python3.10/site-packages/airflow/example_dags/example_latest_only.py
[2024-10-21T20:57:50.629+0700] {processor.py:914} INFO - Processing file /Users/punny/Documents/GitHub/NYC-Taxi-ETL-Pipeline/.venv/lib/python3.10/site-packages/airflow/example_dags/example_latest_only.py for tasks to queue
[2024-10-21T20:57:50.630+0700] {logging_mixin.py:190} INFO - [2024-10-21T20:57:50.630+0700] {dagbag.py:588} INFO - Filling up the DagBag from /Users/punny/Documents/GitHub/NYC-Taxi-ETL-Pipeline/.venv/lib/python3.10/site-packages/airflow/example_dags/example_latest_only.py
[2024-10-21T20:57:50.642+0700] {processor.py:925} INFO - DAG(s) 'latest_only' retrieved from /Users/punny/Documents/GitHub/NYC-Taxi-ETL-Pipeline/.venv/lib/python3.10/site-packages/airflow/example_dags/example_latest_only.py
[2024-10-21T20:57:50.869+0700] {logging_mixin.py:190} INFO - [2024-10-21T20:57:50.868+0700] {dag.py:3239} INFO - Sync 1 DAGs
[2024-10-21T20:57:50.896+0700] {logging_mixin.py:190} INFO - [2024-10-21T20:57:50.896+0700] {dag.py:4180} INFO - Setting next_dagrun for latest_only to 2024-10-21 08:00:00+00:00, run_after=2024-10-21 12:00:00+00:00
[2024-10-21T20:57:50.924+0700] {processor.py:208} INFO - Processing /Users/punny/Documents/GitHub/NYC-Taxi-ETL-Pipeline/.venv/lib/python3.10/site-packages/airflow/example_dags/example_latest_only.py took 0.312 seconds
[2024-10-21T21:02:04.691+0700] {processor.py:186} INFO - Started process (PID=6543) to work on /Users/punny/Documents/GitHub/NYC-Taxi-ETL-Pipeline/.venv/lib/python3.10/site-packages/airflow/example_dags/example_latest_only.py
[2024-10-21T21:02:04.695+0700] {processor.py:914} INFO - Processing file /Users/punny/Documents/GitHub/NYC-Taxi-ETL-Pipeline/.venv/lib/python3.10/site-packages/airflow/example_dags/example_latest_only.py for tasks to queue
[2024-10-21T21:02:04.697+0700] {logging_mixin.py:190} INFO - [2024-10-21T21:02:04.697+0700] {dagbag.py:588} INFO - Filling up the DagBag from /Users/punny/Documents/GitHub/NYC-Taxi-ETL-Pipeline/.venv/lib/python3.10/site-packages/airflow/example_dags/example_latest_only.py
[2024-10-21T21:02:04.710+0700] {processor.py:925} INFO - DAG(s) 'latest_only' retrieved from /Users/punny/Documents/GitHub/NYC-Taxi-ETL-Pipeline/.venv/lib/python3.10/site-packages/airflow/example_dags/example_latest_only.py
[2024-10-21T21:02:04.947+0700] {logging_mixin.py:190} INFO - [2024-10-21T21:02:04.947+0700] {dag.py:3239} INFO - Sync 1 DAGs
[2024-10-21T21:02:05.008+0700] {logging_mixin.py:190} INFO - [2024-10-21T21:02:05.008+0700] {dag.py:4180} INFO - Setting next_dagrun for latest_only to 2024-10-21 08:00:00+00:00, run_after=2024-10-21 12:00:00+00:00
[2024-10-21T21:02:05.046+0700] {processor.py:208} INFO - Processing /Users/punny/Documents/GitHub/NYC-Taxi-ETL-Pipeline/.venv/lib/python3.10/site-packages/airflow/example_dags/example_latest_only.py took 0.366 seconds
[2024-10-21T21:05:38.796+0700] {processor.py:186} INFO - Started process (PID=6879) to work on /Users/punny/Documents/GitHub/NYC-Taxi-ETL-Pipeline/.venv/lib/python3.10/site-packages/airflow/example_dags/example_latest_only.py
[2024-10-21T21:05:38.799+0700] {processor.py:914} INFO - Processing file /Users/punny/Documents/GitHub/NYC-Taxi-ETL-Pipeline/.venv/lib/python3.10/site-packages/airflow/example_dags/example_latest_only.py for tasks to queue
[2024-10-21T21:05:38.800+0700] {logging_mixin.py:190} INFO - [2024-10-21T21:05:38.800+0700] {dagbag.py:588} INFO - Filling up the DagBag from /Users/punny/Documents/GitHub/NYC-Taxi-ETL-Pipeline/.venv/lib/python3.10/site-packages/airflow/example_dags/example_latest_only.py
[2024-10-21T21:05:38.809+0700] {processor.py:925} INFO - DAG(s) 'latest_only' retrieved from /Users/punny/Documents/GitHub/NYC-Taxi-ETL-Pipeline/.venv/lib/python3.10/site-packages/airflow/example_dags/example_latest_only.py
[2024-10-21T21:05:38.991+0700] {logging_mixin.py:190} INFO - [2024-10-21T21:05:38.990+0700] {dag.py:3239} INFO - Sync 1 DAGs
[2024-10-21T21:05:39.012+0700] {logging_mixin.py:190} INFO - [2024-10-21T21:05:39.011+0700] {dag.py:4180} INFO - Setting next_dagrun for latest_only to 2024-10-21 08:00:00+00:00, run_after=2024-10-21 12:00:00+00:00
[2024-10-21T21:05:39.034+0700] {processor.py:208} INFO - Processing /Users/punny/Documents/GitHub/NYC-Taxi-ETL-Pipeline/.venv/lib/python3.10/site-packages/airflow/example_dags/example_latest_only.py took 0.248 seconds
[2024-10-21T21:09:25.463+0700] {processor.py:186} INFO - Started process (PID=7144) to work on /Users/punny/Documents/GitHub/NYC-Taxi-ETL-Pipeline/.venv/lib/python3.10/site-packages/airflow/example_dags/example_latest_only.py
[2024-10-21T21:09:25.467+0700] {processor.py:914} INFO - Processing file /Users/punny/Documents/GitHub/NYC-Taxi-ETL-Pipeline/.venv/lib/python3.10/site-packages/airflow/example_dags/example_latest_only.py for tasks to queue
[2024-10-21T21:09:25.468+0700] {logging_mixin.py:190} INFO - [2024-10-21T21:09:25.468+0700] {dagbag.py:588} INFO - Filling up the DagBag from /Users/punny/Documents/GitHub/NYC-Taxi-ETL-Pipeline/.venv/lib/python3.10/site-packages/airflow/example_dags/example_latest_only.py
[2024-10-21T21:09:25.480+0700] {processor.py:925} INFO - DAG(s) 'latest_only' retrieved from /Users/punny/Documents/GitHub/NYC-Taxi-ETL-Pipeline/.venv/lib/python3.10/site-packages/airflow/example_dags/example_latest_only.py
[2024-10-21T21:09:25.684+0700] {logging_mixin.py:190} INFO - [2024-10-21T21:09:25.683+0700] {dag.py:3239} INFO - Sync 1 DAGs
[2024-10-21T21:09:25.708+0700] {logging_mixin.py:190} INFO - [2024-10-21T21:09:25.707+0700] {dag.py:4180} INFO - Setting next_dagrun for latest_only to 2024-10-21 08:00:00+00:00, run_after=2024-10-21 12:00:00+00:00
[2024-10-21T21:09:25.732+0700] {processor.py:208} INFO - Processing /Users/punny/Documents/GitHub/NYC-Taxi-ETL-Pipeline/.venv/lib/python3.10/site-packages/airflow/example_dags/example_latest_only.py took 0.276 seconds
[2024-10-21T21:12:22.033+0700] {processor.py:186} INFO - Started process (PID=7331) to work on /Users/punny/Documents/GitHub/NYC-Taxi-ETL-Pipeline/.venv/lib/python3.10/site-packages/airflow/example_dags/example_latest_only.py
[2024-10-21T21:12:22.038+0700] {processor.py:914} INFO - Processing file /Users/punny/Documents/GitHub/NYC-Taxi-ETL-Pipeline/.venv/lib/python3.10/site-packages/airflow/example_dags/example_latest_only.py for tasks to queue
[2024-10-21T21:12:22.040+0700] {logging_mixin.py:190} INFO - [2024-10-21T21:12:22.039+0700] {dagbag.py:588} INFO - Filling up the DagBag from /Users/punny/Documents/GitHub/NYC-Taxi-ETL-Pipeline/.venv/lib/python3.10/site-packages/airflow/example_dags/example_latest_only.py
[2024-10-21T21:12:22.054+0700] {processor.py:925} INFO - DAG(s) 'latest_only' retrieved from /Users/punny/Documents/GitHub/NYC-Taxi-ETL-Pipeline/.venv/lib/python3.10/site-packages/airflow/example_dags/example_latest_only.py
[2024-10-21T21:12:22.274+0700] {logging_mixin.py:190} INFO - [2024-10-21T21:12:22.274+0700] {dag.py:3239} INFO - Sync 1 DAGs
[2024-10-21T21:12:22.302+0700] {logging_mixin.py:190} INFO - [2024-10-21T21:12:22.302+0700] {dag.py:4180} INFO - Setting next_dagrun for latest_only to 2024-10-21 08:00:00+00:00, run_after=2024-10-21 12:00:00+00:00
[2024-10-21T21:12:22.323+0700] {processor.py:208} INFO - Processing /Users/punny/Documents/GitHub/NYC-Taxi-ETL-Pipeline/.venv/lib/python3.10/site-packages/airflow/example_dags/example_latest_only.py took 0.299 seconds
[2024-10-21T21:15:32.688+0700] {processor.py:186} INFO - Started process (PID=7747) to work on /Users/punny/Documents/GitHub/NYC-Taxi-ETL-Pipeline/.venv/lib/python3.10/site-packages/airflow/example_dags/example_latest_only.py
[2024-10-21T21:15:32.692+0700] {processor.py:914} INFO - Processing file /Users/punny/Documents/GitHub/NYC-Taxi-ETL-Pipeline/.venv/lib/python3.10/site-packages/airflow/example_dags/example_latest_only.py for tasks to queue
[2024-10-21T21:15:32.694+0700] {logging_mixin.py:190} INFO - [2024-10-21T21:15:32.694+0700] {dagbag.py:588} INFO - Filling up the DagBag from /Users/punny/Documents/GitHub/NYC-Taxi-ETL-Pipeline/.venv/lib/python3.10/site-packages/airflow/example_dags/example_latest_only.py
[2024-10-21T21:15:32.707+0700] {processor.py:925} INFO - DAG(s) 'latest_only' retrieved from /Users/punny/Documents/GitHub/NYC-Taxi-ETL-Pipeline/.venv/lib/python3.10/site-packages/airflow/example_dags/example_latest_only.py
[2024-10-21T21:15:32.961+0700] {logging_mixin.py:190} INFO - [2024-10-21T21:15:32.961+0700] {dag.py:3239} INFO - Sync 1 DAGs
[2024-10-21T21:15:32.985+0700] {logging_mixin.py:190} INFO - [2024-10-21T21:15:32.985+0700] {dag.py:4180} INFO - Setting next_dagrun for latest_only to 2024-10-21 08:00:00+00:00, run_after=2024-10-21 12:00:00+00:00
[2024-10-21T21:15:33.007+0700] {processor.py:208} INFO - Processing /Users/punny/Documents/GitHub/NYC-Taxi-ETL-Pipeline/.venv/lib/python3.10/site-packages/airflow/example_dags/example_latest_only.py took 0.330 seconds
[2024-10-21T21:18:58.455+0700] {processor.py:186} INFO - Started process (PID=7979) to work on /Users/punny/Documents/GitHub/NYC-Taxi-ETL-Pipeline/.venv/lib/python3.10/site-packages/airflow/example_dags/example_latest_only.py
[2024-10-21T21:18:58.458+0700] {processor.py:914} INFO - Processing file /Users/punny/Documents/GitHub/NYC-Taxi-ETL-Pipeline/.venv/lib/python3.10/site-packages/airflow/example_dags/example_latest_only.py for tasks to queue
[2024-10-21T21:18:58.459+0700] {logging_mixin.py:190} INFO - [2024-10-21T21:18:58.459+0700] {dagbag.py:588} INFO - Filling up the DagBag from /Users/punny/Documents/GitHub/NYC-Taxi-ETL-Pipeline/.venv/lib/python3.10/site-packages/airflow/example_dags/example_latest_only.py
[2024-10-21T21:18:58.471+0700] {processor.py:925} INFO - DAG(s) 'latest_only' retrieved from /Users/punny/Documents/GitHub/NYC-Taxi-ETL-Pipeline/.venv/lib/python3.10/site-packages/airflow/example_dags/example_latest_only.py
[2024-10-21T21:18:58.681+0700] {logging_mixin.py:190} INFO - [2024-10-21T21:18:58.680+0700] {dag.py:3239} INFO - Sync 1 DAGs
[2024-10-21T21:18:58.706+0700] {logging_mixin.py:190} INFO - [2024-10-21T21:18:58.706+0700] {dag.py:4180} INFO - Setting next_dagrun for latest_only to 2024-10-21 08:00:00+00:00, run_after=2024-10-21 12:00:00+00:00
[2024-10-21T21:18:58.730+0700] {processor.py:208} INFO - Processing /Users/punny/Documents/GitHub/NYC-Taxi-ETL-Pipeline/.venv/lib/python3.10/site-packages/airflow/example_dags/example_latest_only.py took 0.284 seconds
[2024-10-21T21:21:47.743+0700] {processor.py:186} INFO - Started process (PID=8134) to work on /Users/punny/Documents/GitHub/NYC-Taxi-ETL-Pipeline/.venv/lib/python3.10/site-packages/airflow/example_dags/example_latest_only.py
[2024-10-21T21:21:47.747+0700] {processor.py:914} INFO - Processing file /Users/punny/Documents/GitHub/NYC-Taxi-ETL-Pipeline/.venv/lib/python3.10/site-packages/airflow/example_dags/example_latest_only.py for tasks to queue
[2024-10-21T21:21:47.749+0700] {logging_mixin.py:190} INFO - [2024-10-21T21:21:47.748+0700] {dagbag.py:588} INFO - Filling up the DagBag from /Users/punny/Documents/GitHub/NYC-Taxi-ETL-Pipeline/.venv/lib/python3.10/site-packages/airflow/example_dags/example_latest_only.py
[2024-10-21T21:21:47.758+0700] {processor.py:925} INFO - DAG(s) 'latest_only' retrieved from /Users/punny/Documents/GitHub/NYC-Taxi-ETL-Pipeline/.venv/lib/python3.10/site-packages/airflow/example_dags/example_latest_only.py
[2024-10-21T21:21:47.974+0700] {logging_mixin.py:190} INFO - [2024-10-21T21:21:47.973+0700] {dag.py:3239} INFO - Sync 1 DAGs
[2024-10-21T21:21:48.001+0700] {logging_mixin.py:190} INFO - [2024-10-21T21:21:48.001+0700] {dag.py:4180} INFO - Setting next_dagrun for latest_only to 2024-10-21 08:00:00+00:00, run_after=2024-10-21 12:00:00+00:00
[2024-10-21T21:21:48.026+0700] {processor.py:208} INFO - Processing /Users/punny/Documents/GitHub/NYC-Taxi-ETL-Pipeline/.venv/lib/python3.10/site-packages/airflow/example_dags/example_latest_only.py took 0.292 seconds
[2024-10-21T21:24:44.452+0700] {processor.py:186} INFO - Started process (PID=8418) to work on /Users/punny/Documents/GitHub/NYC-Taxi-ETL-Pipeline/.venv/lib/python3.10/site-packages/airflow/example_dags/example_latest_only.py
[2024-10-21T21:24:44.455+0700] {processor.py:914} INFO - Processing file /Users/punny/Documents/GitHub/NYC-Taxi-ETL-Pipeline/.venv/lib/python3.10/site-packages/airflow/example_dags/example_latest_only.py for tasks to queue
[2024-10-21T21:24:44.456+0700] {logging_mixin.py:190} INFO - [2024-10-21T21:24:44.456+0700] {dagbag.py:588} INFO - Filling up the DagBag from /Users/punny/Documents/GitHub/NYC-Taxi-ETL-Pipeline/.venv/lib/python3.10/site-packages/airflow/example_dags/example_latest_only.py
[2024-10-21T21:24:44.467+0700] {processor.py:925} INFO - DAG(s) 'latest_only' retrieved from /Users/punny/Documents/GitHub/NYC-Taxi-ETL-Pipeline/.venv/lib/python3.10/site-packages/airflow/example_dags/example_latest_only.py
[2024-10-21T21:24:44.662+0700] {logging_mixin.py:190} INFO - [2024-10-21T21:24:44.661+0700] {dag.py:3239} INFO - Sync 1 DAGs
[2024-10-21T21:24:44.686+0700] {logging_mixin.py:190} INFO - [2024-10-21T21:24:44.686+0700] {dag.py:4180} INFO - Setting next_dagrun for latest_only to 2024-10-21 08:00:00+00:00, run_after=2024-10-21 12:00:00+00:00
[2024-10-21T21:24:44.708+0700] {processor.py:208} INFO - Processing /Users/punny/Documents/GitHub/NYC-Taxi-ETL-Pipeline/.venv/lib/python3.10/site-packages/airflow/example_dags/example_latest_only.py took 0.264 seconds
[2024-10-21T21:28:18.239+0700] {processor.py:186} INFO - Started process (PID=8766) to work on /Users/punny/Documents/GitHub/NYC-Taxi-ETL-Pipeline/.venv/lib/python3.10/site-packages/airflow/example_dags/example_latest_only.py
[2024-10-21T21:28:18.242+0700] {processor.py:914} INFO - Processing file /Users/punny/Documents/GitHub/NYC-Taxi-ETL-Pipeline/.venv/lib/python3.10/site-packages/airflow/example_dags/example_latest_only.py for tasks to queue
[2024-10-21T21:28:18.243+0700] {logging_mixin.py:190} INFO - [2024-10-21T21:28:18.243+0700] {dagbag.py:588} INFO - Filling up the DagBag from /Users/punny/Documents/GitHub/NYC-Taxi-ETL-Pipeline/.venv/lib/python3.10/site-packages/airflow/example_dags/example_latest_only.py
[2024-10-21T21:28:18.253+0700] {processor.py:925} INFO - DAG(s) 'latest_only' retrieved from /Users/punny/Documents/GitHub/NYC-Taxi-ETL-Pipeline/.venv/lib/python3.10/site-packages/airflow/example_dags/example_latest_only.py
[2024-10-21T21:28:18.444+0700] {logging_mixin.py:190} INFO - [2024-10-21T21:28:18.444+0700] {dag.py:3239} INFO - Sync 1 DAGs
[2024-10-21T21:28:18.467+0700] {logging_mixin.py:190} INFO - [2024-10-21T21:28:18.467+0700] {dag.py:4180} INFO - Setting next_dagrun for latest_only to 2024-10-21 08:00:00+00:00, run_after=2024-10-21 12:00:00+00:00
[2024-10-21T21:28:18.491+0700] {processor.py:208} INFO - Processing /Users/punny/Documents/GitHub/NYC-Taxi-ETL-Pipeline/.venv/lib/python3.10/site-packages/airflow/example_dags/example_latest_only.py took 0.259 seconds
[2024-10-21T21:31:12.707+0700] {processor.py:186} INFO - Started process (PID=9014) to work on /Users/punny/Documents/GitHub/NYC-Taxi-ETL-Pipeline/.venv/lib/python3.10/site-packages/airflow/example_dags/example_latest_only.py
[2024-10-21T21:31:12.710+0700] {processor.py:914} INFO - Processing file /Users/punny/Documents/GitHub/NYC-Taxi-ETL-Pipeline/.venv/lib/python3.10/site-packages/airflow/example_dags/example_latest_only.py for tasks to queue
[2024-10-21T21:31:12.711+0700] {logging_mixin.py:190} INFO - [2024-10-21T21:31:12.711+0700] {dagbag.py:588} INFO - Filling up the DagBag from /Users/punny/Documents/GitHub/NYC-Taxi-ETL-Pipeline/.venv/lib/python3.10/site-packages/airflow/example_dags/example_latest_only.py
[2024-10-21T21:31:12.722+0700] {processor.py:925} INFO - DAG(s) 'latest_only' retrieved from /Users/punny/Documents/GitHub/NYC-Taxi-ETL-Pipeline/.venv/lib/python3.10/site-packages/airflow/example_dags/example_latest_only.py
[2024-10-21T21:31:12.900+0700] {logging_mixin.py:190} INFO - [2024-10-21T21:31:12.899+0700] {dag.py:3239} INFO - Sync 1 DAGs
[2024-10-21T21:31:12.920+0700] {logging_mixin.py:190} INFO - [2024-10-21T21:31:12.920+0700] {dag.py:4180} INFO - Setting next_dagrun for latest_only to 2024-10-21 08:00:00+00:00, run_after=2024-10-21 12:00:00+00:00
[2024-10-21T21:31:12.940+0700] {processor.py:208} INFO - Processing /Users/punny/Documents/GitHub/NYC-Taxi-ETL-Pipeline/.venv/lib/python3.10/site-packages/airflow/example_dags/example_latest_only.py took 0.241 seconds
[2024-10-21T21:34:04.296+0700] {processor.py:186} INFO - Started process (PID=9202) to work on /Users/punny/Documents/GitHub/NYC-Taxi-ETL-Pipeline/.venv/lib/python3.10/site-packages/airflow/example_dags/example_latest_only.py
[2024-10-21T21:34:04.300+0700] {processor.py:914} INFO - Processing file /Users/punny/Documents/GitHub/NYC-Taxi-ETL-Pipeline/.venv/lib/python3.10/site-packages/airflow/example_dags/example_latest_only.py for tasks to queue
[2024-10-21T21:34:04.301+0700] {logging_mixin.py:190} INFO - [2024-10-21T21:34:04.300+0700] {dagbag.py:588} INFO - Filling up the DagBag from /Users/punny/Documents/GitHub/NYC-Taxi-ETL-Pipeline/.venv/lib/python3.10/site-packages/airflow/example_dags/example_latest_only.py
[2024-10-21T21:34:04.312+0700] {processor.py:925} INFO - DAG(s) 'latest_only' retrieved from /Users/punny/Documents/GitHub/NYC-Taxi-ETL-Pipeline/.venv/lib/python3.10/site-packages/airflow/example_dags/example_latest_only.py
[2024-10-21T21:34:04.492+0700] {logging_mixin.py:190} INFO - [2024-10-21T21:34:04.492+0700] {dag.py:3239} INFO - Sync 1 DAGs
[2024-10-21T21:34:04.514+0700] {logging_mixin.py:190} INFO - [2024-10-21T21:34:04.514+0700] {dag.py:4180} INFO - Setting next_dagrun for latest_only to 2024-10-21 08:00:00+00:00, run_after=2024-10-21 12:00:00+00:00
[2024-10-21T21:34:04.537+0700] {processor.py:208} INFO - Processing /Users/punny/Documents/GitHub/NYC-Taxi-ETL-Pipeline/.venv/lib/python3.10/site-packages/airflow/example_dags/example_latest_only.py took 0.249 seconds
[2024-10-21T21:36:59.313+0700] {processor.py:186} INFO - Started process (PID=9450) to work on /Users/punny/Documents/GitHub/NYC-Taxi-ETL-Pipeline/.venv/lib/python3.10/site-packages/airflow/example_dags/example_latest_only.py
[2024-10-21T21:36:59.317+0700] {processor.py:914} INFO - Processing file /Users/punny/Documents/GitHub/NYC-Taxi-ETL-Pipeline/.venv/lib/python3.10/site-packages/airflow/example_dags/example_latest_only.py for tasks to queue
[2024-10-21T21:36:59.318+0700] {logging_mixin.py:190} INFO - [2024-10-21T21:36:59.318+0700] {dagbag.py:588} INFO - Filling up the DagBag from /Users/punny/Documents/GitHub/NYC-Taxi-ETL-Pipeline/.venv/lib/python3.10/site-packages/airflow/example_dags/example_latest_only.py
[2024-10-21T21:36:59.327+0700] {processor.py:925} INFO - DAG(s) 'latest_only' retrieved from /Users/punny/Documents/GitHub/NYC-Taxi-ETL-Pipeline/.venv/lib/python3.10/site-packages/airflow/example_dags/example_latest_only.py
[2024-10-21T21:36:59.520+0700] {logging_mixin.py:190} INFO - [2024-10-21T21:36:59.519+0700] {dag.py:3239} INFO - Sync 1 DAGs
[2024-10-21T21:36:59.541+0700] {logging_mixin.py:190} INFO - [2024-10-21T21:36:59.541+0700] {dag.py:4180} INFO - Setting next_dagrun for latest_only to 2024-10-21 08:00:00+00:00, run_after=2024-10-21 12:00:00+00:00
[2024-10-21T21:36:59.564+0700] {processor.py:208} INFO - Processing /Users/punny/Documents/GitHub/NYC-Taxi-ETL-Pipeline/.venv/lib/python3.10/site-packages/airflow/example_dags/example_latest_only.py took 0.259 seconds
[2024-10-21T21:41:13.604+0700] {processor.py:186} INFO - Started process (PID=9900) to work on /Users/punny/Documents/GitHub/NYC-Taxi-ETL-Pipeline/.venv/lib/python3.10/site-packages/airflow/example_dags/example_latest_only.py
[2024-10-21T21:41:13.607+0700] {processor.py:914} INFO - Processing file /Users/punny/Documents/GitHub/NYC-Taxi-ETL-Pipeline/.venv/lib/python3.10/site-packages/airflow/example_dags/example_latest_only.py for tasks to queue
[2024-10-21T21:41:13.608+0700] {logging_mixin.py:190} INFO - [2024-10-21T21:41:13.608+0700] {dagbag.py:588} INFO - Filling up the DagBag from /Users/punny/Documents/GitHub/NYC-Taxi-ETL-Pipeline/.venv/lib/python3.10/site-packages/airflow/example_dags/example_latest_only.py
[2024-10-21T21:41:13.619+0700] {processor.py:925} INFO - DAG(s) 'latest_only' retrieved from /Users/punny/Documents/GitHub/NYC-Taxi-ETL-Pipeline/.venv/lib/python3.10/site-packages/airflow/example_dags/example_latest_only.py
[2024-10-21T21:41:13.806+0700] {logging_mixin.py:190} INFO - [2024-10-21T21:41:13.806+0700] {dag.py:3239} INFO - Sync 1 DAGs
[2024-10-21T21:41:13.828+0700] {logging_mixin.py:190} INFO - [2024-10-21T21:41:13.828+0700] {dag.py:4180} INFO - Setting next_dagrun for latest_only to 2024-10-21 08:00:00+00:00, run_after=2024-10-21 12:00:00+00:00
[2024-10-21T21:41:13.849+0700] {processor.py:208} INFO - Processing /Users/punny/Documents/GitHub/NYC-Taxi-ETL-Pipeline/.venv/lib/python3.10/site-packages/airflow/example_dags/example_latest_only.py took 0.253 seconds
[2024-10-21T21:44:45.491+0700] {processor.py:186} INFO - Started process (PID=10215) to work on /Users/punny/Documents/GitHub/NYC-Taxi-ETL-Pipeline/.venv/lib/python3.10/site-packages/airflow/example_dags/example_latest_only.py
[2024-10-21T21:44:45.495+0700] {processor.py:914} INFO - Processing file /Users/punny/Documents/GitHub/NYC-Taxi-ETL-Pipeline/.venv/lib/python3.10/site-packages/airflow/example_dags/example_latest_only.py for tasks to queue
[2024-10-21T21:44:45.497+0700] {logging_mixin.py:190} INFO - [2024-10-21T21:44:45.496+0700] {dagbag.py:588} INFO - Filling up the DagBag from /Users/punny/Documents/GitHub/NYC-Taxi-ETL-Pipeline/.venv/lib/python3.10/site-packages/airflow/example_dags/example_latest_only.py
[2024-10-21T21:44:45.507+0700] {processor.py:925} INFO - DAG(s) 'latest_only' retrieved from /Users/punny/Documents/GitHub/NYC-Taxi-ETL-Pipeline/.venv/lib/python3.10/site-packages/airflow/example_dags/example_latest_only.py
[2024-10-21T21:44:45.700+0700] {logging_mixin.py:190} INFO - [2024-10-21T21:44:45.700+0700] {dag.py:3239} INFO - Sync 1 DAGs
[2024-10-21T21:44:45.735+0700] {logging_mixin.py:190} INFO - [2024-10-21T21:44:45.735+0700] {dag.py:4180} INFO - Setting next_dagrun for latest_only to 2024-10-21 08:00:00+00:00, run_after=2024-10-21 12:00:00+00:00
[2024-10-21T21:44:45.775+0700] {processor.py:208} INFO - Processing /Users/punny/Documents/GitHub/NYC-Taxi-ETL-Pipeline/.venv/lib/python3.10/site-packages/airflow/example_dags/example_latest_only.py took 0.293 seconds
[2024-10-21T21:47:49.303+0700] {processor.py:186} INFO - Started process (PID=10518) to work on /Users/punny/Documents/GitHub/NYC-Taxi-ETL-Pipeline/.venv/lib/python3.10/site-packages/airflow/example_dags/example_latest_only.py
[2024-10-21T21:47:49.307+0700] {processor.py:914} INFO - Processing file /Users/punny/Documents/GitHub/NYC-Taxi-ETL-Pipeline/.venv/lib/python3.10/site-packages/airflow/example_dags/example_latest_only.py for tasks to queue
[2024-10-21T21:47:49.308+0700] {logging_mixin.py:190} INFO - [2024-10-21T21:47:49.308+0700] {dagbag.py:588} INFO - Filling up the DagBag from /Users/punny/Documents/GitHub/NYC-Taxi-ETL-Pipeline/.venv/lib/python3.10/site-packages/airflow/example_dags/example_latest_only.py
[2024-10-21T21:47:49.318+0700] {processor.py:925} INFO - DAG(s) 'latest_only' retrieved from /Users/punny/Documents/GitHub/NYC-Taxi-ETL-Pipeline/.venv/lib/python3.10/site-packages/airflow/example_dags/example_latest_only.py
[2024-10-21T21:47:49.501+0700] {logging_mixin.py:190} INFO - [2024-10-21T21:47:49.500+0700] {dag.py:3239} INFO - Sync 1 DAGs
[2024-10-21T21:47:49.522+0700] {logging_mixin.py:190} INFO - [2024-10-21T21:47:49.522+0700] {dag.py:4180} INFO - Setting next_dagrun for latest_only to 2024-10-21 08:00:00+00:00, run_after=2024-10-21 12:00:00+00:00
[2024-10-21T21:47:49.544+0700] {processor.py:208} INFO - Processing /Users/punny/Documents/GitHub/NYC-Taxi-ETL-Pipeline/.venv/lib/python3.10/site-packages/airflow/example_dags/example_latest_only.py took 0.248 seconds
[2024-10-21T21:52:15.742+0700] {processor.py:186} INFO - Started process (PID=10846) to work on /Users/punny/Documents/GitHub/NYC-Taxi-ETL-Pipeline/.venv/lib/python3.10/site-packages/airflow/example_dags/example_latest_only.py
[2024-10-21T21:52:15.746+0700] {processor.py:914} INFO - Processing file /Users/punny/Documents/GitHub/NYC-Taxi-ETL-Pipeline/.venv/lib/python3.10/site-packages/airflow/example_dags/example_latest_only.py for tasks to queue
[2024-10-21T21:52:15.747+0700] {logging_mixin.py:190} INFO - [2024-10-21T21:52:15.747+0700] {dagbag.py:588} INFO - Filling up the DagBag from /Users/punny/Documents/GitHub/NYC-Taxi-ETL-Pipeline/.venv/lib/python3.10/site-packages/airflow/example_dags/example_latest_only.py
[2024-10-21T21:52:15.757+0700] {processor.py:925} INFO - DAG(s) 'latest_only' retrieved from /Users/punny/Documents/GitHub/NYC-Taxi-ETL-Pipeline/.venv/lib/python3.10/site-packages/airflow/example_dags/example_latest_only.py
[2024-10-21T21:52:15.943+0700] {logging_mixin.py:190} INFO - [2024-10-21T21:52:15.943+0700] {dag.py:3239} INFO - Sync 1 DAGs
[2024-10-21T21:52:15.963+0700] {logging_mixin.py:190} INFO - [2024-10-21T21:52:15.963+0700] {dag.py:4180} INFO - Setting next_dagrun for latest_only to 2024-10-21 08:00:00+00:00, run_after=2024-10-21 12:00:00+00:00
[2024-10-21T21:52:15.985+0700] {processor.py:208} INFO - Processing /Users/punny/Documents/GitHub/NYC-Taxi-ETL-Pipeline/.venv/lib/python3.10/site-packages/airflow/example_dags/example_latest_only.py took 0.253 seconds
[2024-10-21T21:57:09.115+0700] {processor.py:186} INFO - Started process (PID=11447) to work on /Users/punny/Documents/GitHub/NYC-Taxi-ETL-Pipeline/.venv/lib/python3.10/site-packages/airflow/example_dags/example_latest_only.py
[2024-10-21T21:57:09.119+0700] {processor.py:914} INFO - Processing file /Users/punny/Documents/GitHub/NYC-Taxi-ETL-Pipeline/.venv/lib/python3.10/site-packages/airflow/example_dags/example_latest_only.py for tasks to queue
[2024-10-21T21:57:09.120+0700] {logging_mixin.py:190} INFO - [2024-10-21T21:57:09.120+0700] {dagbag.py:588} INFO - Filling up the DagBag from /Users/punny/Documents/GitHub/NYC-Taxi-ETL-Pipeline/.venv/lib/python3.10/site-packages/airflow/example_dags/example_latest_only.py
[2024-10-21T21:57:09.129+0700] {processor.py:925} INFO - DAG(s) 'latest_only' retrieved from /Users/punny/Documents/GitHub/NYC-Taxi-ETL-Pipeline/.venv/lib/python3.10/site-packages/airflow/example_dags/example_latest_only.py
[2024-10-21T21:57:09.309+0700] {logging_mixin.py:190} INFO - [2024-10-21T21:57:09.308+0700] {dag.py:3239} INFO - Sync 1 DAGs
[2024-10-21T21:57:09.330+0700] {logging_mixin.py:190} INFO - [2024-10-21T21:57:09.330+0700] {dag.py:4180} INFO - Setting next_dagrun for latest_only to 2024-10-21 08:00:00+00:00, run_after=2024-10-21 12:00:00+00:00
[2024-10-21T21:57:09.351+0700] {processor.py:208} INFO - Processing /Users/punny/Documents/GitHub/NYC-Taxi-ETL-Pipeline/.venv/lib/python3.10/site-packages/airflow/example_dags/example_latest_only.py took 0.244 seconds
[2024-10-21T22:00:41.936+0700] {processor.py:186} INFO - Started process (PID=11818) to work on /Users/punny/Documents/GitHub/NYC-Taxi-ETL-Pipeline/.venv/lib/python3.10/site-packages/airflow/example_dags/example_latest_only.py
[2024-10-21T22:00:41.939+0700] {processor.py:914} INFO - Processing file /Users/punny/Documents/GitHub/NYC-Taxi-ETL-Pipeline/.venv/lib/python3.10/site-packages/airflow/example_dags/example_latest_only.py for tasks to queue
[2024-10-21T22:00:41.941+0700] {logging_mixin.py:190} INFO - [2024-10-21T22:00:41.940+0700] {dagbag.py:588} INFO - Filling up the DagBag from /Users/punny/Documents/GitHub/NYC-Taxi-ETL-Pipeline/.venv/lib/python3.10/site-packages/airflow/example_dags/example_latest_only.py
[2024-10-21T22:00:41.950+0700] {processor.py:925} INFO - DAG(s) 'latest_only' retrieved from /Users/punny/Documents/GitHub/NYC-Taxi-ETL-Pipeline/.venv/lib/python3.10/site-packages/airflow/example_dags/example_latest_only.py
[2024-10-21T22:00:42.128+0700] {logging_mixin.py:190} INFO - [2024-10-21T22:00:42.128+0700] {dag.py:3239} INFO - Sync 1 DAGs
[2024-10-21T22:00:42.149+0700] {logging_mixin.py:190} INFO - [2024-10-21T22:00:42.148+0700] {dag.py:4180} INFO - Setting next_dagrun for latest_only to 2024-10-21 08:00:00+00:00, run_after=2024-10-21 12:00:00+00:00
[2024-10-21T22:00:42.169+0700] {processor.py:208} INFO - Processing /Users/punny/Documents/GitHub/NYC-Taxi-ETL-Pipeline/.venv/lib/python3.10/site-packages/airflow/example_dags/example_latest_only.py took 0.237 seconds
[2024-10-21T22:17:41.054+0700] {processor.py:186} INFO - Started process (PID=12108) to work on /Users/punny/Documents/GitHub/NYC-Taxi-ETL-Pipeline/.venv/lib/python3.10/site-packages/airflow/example_dags/example_latest_only.py
[2024-10-21T22:17:41.058+0700] {processor.py:914} INFO - Processing file /Users/punny/Documents/GitHub/NYC-Taxi-ETL-Pipeline/.venv/lib/python3.10/site-packages/airflow/example_dags/example_latest_only.py for tasks to queue
[2024-10-21T22:17:41.060+0700] {logging_mixin.py:190} INFO - [2024-10-21T22:17:41.059+0700] {dagbag.py:588} INFO - Filling up the DagBag from /Users/punny/Documents/GitHub/NYC-Taxi-ETL-Pipeline/.venv/lib/python3.10/site-packages/airflow/example_dags/example_latest_only.py
[2024-10-21T22:17:41.070+0700] {processor.py:925} INFO - DAG(s) 'latest_only' retrieved from /Users/punny/Documents/GitHub/NYC-Taxi-ETL-Pipeline/.venv/lib/python3.10/site-packages/airflow/example_dags/example_latest_only.py
[2024-10-21T22:17:41.275+0700] {logging_mixin.py:190} INFO - [2024-10-21T22:17:41.275+0700] {dag.py:3239} INFO - Sync 1 DAGs
[2024-10-21T22:17:41.299+0700] {logging_mixin.py:190} INFO - [2024-10-21T22:17:41.298+0700] {dag.py:4180} INFO - Setting next_dagrun for latest_only to 2024-10-21 08:00:00+00:00, run_after=2024-10-21 12:00:00+00:00
[2024-10-21T22:17:41.320+0700] {processor.py:208} INFO - Processing /Users/punny/Documents/GitHub/NYC-Taxi-ETL-Pipeline/.venv/lib/python3.10/site-packages/airflow/example_dags/example_latest_only.py took 0.274 seconds
[2024-10-21T22:21:36.672+0700] {processor.py:186} INFO - Started process (PID=12572) to work on /Users/punny/Documents/GitHub/NYC-Taxi-ETL-Pipeline/.venv/lib/python3.10/site-packages/airflow/example_dags/example_latest_only.py
[2024-10-21T22:21:36.676+0700] {processor.py:914} INFO - Processing file /Users/punny/Documents/GitHub/NYC-Taxi-ETL-Pipeline/.venv/lib/python3.10/site-packages/airflow/example_dags/example_latest_only.py for tasks to queue
[2024-10-21T22:21:36.677+0700] {logging_mixin.py:190} INFO - [2024-10-21T22:21:36.677+0700] {dagbag.py:588} INFO - Filling up the DagBag from /Users/punny/Documents/GitHub/NYC-Taxi-ETL-Pipeline/.venv/lib/python3.10/site-packages/airflow/example_dags/example_latest_only.py
[2024-10-21T22:21:36.687+0700] {processor.py:925} INFO - DAG(s) 'latest_only' retrieved from /Users/punny/Documents/GitHub/NYC-Taxi-ETL-Pipeline/.venv/lib/python3.10/site-packages/airflow/example_dags/example_latest_only.py
[2024-10-21T22:21:37.007+0700] {logging_mixin.py:190} INFO - [2024-10-21T22:21:37.006+0700] {dag.py:3239} INFO - Sync 1 DAGs
[2024-10-21T22:21:37.039+0700] {logging_mixin.py:190} INFO - [2024-10-21T22:21:37.038+0700] {dag.py:4180} INFO - Setting next_dagrun for latest_only to 2024-10-21 08:00:00+00:00, run_after=2024-10-21 12:00:00+00:00
[2024-10-21T22:21:37.063+0700] {processor.py:208} INFO - Processing /Users/punny/Documents/GitHub/NYC-Taxi-ETL-Pipeline/.venv/lib/python3.10/site-packages/airflow/example_dags/example_latest_only.py took 0.399 seconds
[2024-10-21T22:26:27.181+0700] {processor.py:186} INFO - Started process (PID=13373) to work on /Users/punny/Documents/GitHub/NYC-Taxi-ETL-Pipeline/.venv/lib/python3.10/site-packages/airflow/example_dags/example_latest_only.py
[2024-10-21T22:26:27.184+0700] {processor.py:914} INFO - Processing file /Users/punny/Documents/GitHub/NYC-Taxi-ETL-Pipeline/.venv/lib/python3.10/site-packages/airflow/example_dags/example_latest_only.py for tasks to queue
[2024-10-21T22:26:27.185+0700] {logging_mixin.py:190} INFO - [2024-10-21T22:26:27.185+0700] {dagbag.py:588} INFO - Filling up the DagBag from /Users/punny/Documents/GitHub/NYC-Taxi-ETL-Pipeline/.venv/lib/python3.10/site-packages/airflow/example_dags/example_latest_only.py
[2024-10-21T22:26:27.195+0700] {processor.py:925} INFO - DAG(s) 'latest_only' retrieved from /Users/punny/Documents/GitHub/NYC-Taxi-ETL-Pipeline/.venv/lib/python3.10/site-packages/airflow/example_dags/example_latest_only.py
[2024-10-21T22:26:27.370+0700] {logging_mixin.py:190} INFO - [2024-10-21T22:26:27.369+0700] {dag.py:3239} INFO - Sync 1 DAGs
[2024-10-21T22:26:27.391+0700] {logging_mixin.py:190} INFO - [2024-10-21T22:26:27.390+0700] {dag.py:4180} INFO - Setting next_dagrun for latest_only to 2024-10-21 08:00:00+00:00, run_after=2024-10-21 12:00:00+00:00
[2024-10-21T22:26:27.412+0700] {processor.py:208} INFO - Processing /Users/punny/Documents/GitHub/NYC-Taxi-ETL-Pipeline/.venv/lib/python3.10/site-packages/airflow/example_dags/example_latest_only.py took 0.241 seconds
[2024-10-21T22:29:37.416+0700] {processor.py:186} INFO - Started process (PID=13613) to work on /Users/punny/Documents/GitHub/NYC-Taxi-ETL-Pipeline/.venv/lib/python3.10/site-packages/airflow/example_dags/example_latest_only.py
[2024-10-21T22:29:37.420+0700] {processor.py:914} INFO - Processing file /Users/punny/Documents/GitHub/NYC-Taxi-ETL-Pipeline/.venv/lib/python3.10/site-packages/airflow/example_dags/example_latest_only.py for tasks to queue
[2024-10-21T22:29:37.421+0700] {logging_mixin.py:190} INFO - [2024-10-21T22:29:37.421+0700] {dagbag.py:588} INFO - Filling up the DagBag from /Users/punny/Documents/GitHub/NYC-Taxi-ETL-Pipeline/.venv/lib/python3.10/site-packages/airflow/example_dags/example_latest_only.py
[2024-10-21T22:29:37.431+0700] {processor.py:925} INFO - DAG(s) 'latest_only' retrieved from /Users/punny/Documents/GitHub/NYC-Taxi-ETL-Pipeline/.venv/lib/python3.10/site-packages/airflow/example_dags/example_latest_only.py
[2024-10-21T22:29:37.611+0700] {logging_mixin.py:190} INFO - [2024-10-21T22:29:37.610+0700] {dag.py:3239} INFO - Sync 1 DAGs
[2024-10-21T22:29:37.631+0700] {logging_mixin.py:190} INFO - [2024-10-21T22:29:37.631+0700] {dag.py:4180} INFO - Setting next_dagrun for latest_only to 2024-10-21 08:00:00+00:00, run_after=2024-10-21 12:00:00+00:00
[2024-10-21T22:29:37.652+0700] {processor.py:208} INFO - Processing /Users/punny/Documents/GitHub/NYC-Taxi-ETL-Pipeline/.venv/lib/python3.10/site-packages/airflow/example_dags/example_latest_only.py took 0.245 seconds
[2024-10-21T22:32:28.867+0700] {processor.py:186} INFO - Started process (PID=13771) to work on /Users/punny/Documents/GitHub/NYC-Taxi-ETL-Pipeline/.venv/lib/python3.10/site-packages/airflow/example_dags/example_latest_only.py
[2024-10-21T22:32:28.870+0700] {processor.py:914} INFO - Processing file /Users/punny/Documents/GitHub/NYC-Taxi-ETL-Pipeline/.venv/lib/python3.10/site-packages/airflow/example_dags/example_latest_only.py for tasks to queue
[2024-10-21T22:32:28.871+0700] {logging_mixin.py:190} INFO - [2024-10-21T22:32:28.870+0700] {dagbag.py:588} INFO - Filling up the DagBag from /Users/punny/Documents/GitHub/NYC-Taxi-ETL-Pipeline/.venv/lib/python3.10/site-packages/airflow/example_dags/example_latest_only.py
[2024-10-21T22:32:28.880+0700] {processor.py:925} INFO - DAG(s) 'latest_only' retrieved from /Users/punny/Documents/GitHub/NYC-Taxi-ETL-Pipeline/.venv/lib/python3.10/site-packages/airflow/example_dags/example_latest_only.py
[2024-10-21T22:32:29.057+0700] {logging_mixin.py:190} INFO - [2024-10-21T22:32:29.057+0700] {dag.py:3239} INFO - Sync 1 DAGs
[2024-10-21T22:32:29.078+0700] {logging_mixin.py:190} INFO - [2024-10-21T22:32:29.077+0700] {dag.py:4180} INFO - Setting next_dagrun for latest_only to 2024-10-21 08:00:00+00:00, run_after=2024-10-21 12:00:00+00:00
[2024-10-21T22:32:29.099+0700] {processor.py:208} INFO - Processing /Users/punny/Documents/GitHub/NYC-Taxi-ETL-Pipeline/.venv/lib/python3.10/site-packages/airflow/example_dags/example_latest_only.py took 0.241 seconds
