[2024-10-21T14:23:40.378+0700] {processor.py:186} INFO - Started process (PID=35453) to work on /Users/punny/Documents/GitHub/NYC-Taxi-ETL-Pipeline/.venv/lib/python3.10/site-packages/airflow/example_dags/example_branch_python_dop_operator_3.py
[2024-10-21T14:23:40.382+0700] {processor.py:914} INFO - Processing file /Users/punny/Documents/GitHub/NYC-Taxi-ETL-Pipeline/.venv/lib/python3.10/site-packages/airflow/example_dags/example_branch_python_dop_operator_3.py for tasks to queue
[2024-10-21T14:23:40.384+0700] {logging_mixin.py:190} INFO - [2024-10-21T14:23:40.384+0700] {dagbag.py:588} INFO - Filling up the DagBag from /Users/punny/Documents/GitHub/NYC-Taxi-ETL-Pipeline/.venv/lib/python3.10/site-packages/airflow/example_dags/example_branch_python_dop_operator_3.py
[2024-10-21T14:23:40.458+0700] {processor.py:925} INFO - DAG(s) 'example_branch_dop_operator_v3' retrieved from /Users/punny/Documents/GitHub/NYC-Taxi-ETL-Pipeline/.venv/lib/python3.10/site-packages/airflow/example_dags/example_branch_python_dop_operator_3.py
[2024-10-21T14:23:40.709+0700] {logging_mixin.py:190} INFO - [2024-10-21T14:23:40.708+0700] {dag.py:3239} INFO - Sync 1 DAGs
[2024-10-21T14:23:40.749+0700] {logging_mixin.py:190} INFO - [2024-10-21T14:23:40.749+0700] {dag.py:4180} INFO - Setting next_dagrun for example_branch_dop_operator_v3 to 2024-10-21 07:22:00+00:00, run_after=2024-10-21 07:23:00+00:00
[2024-10-21T14:23:40.777+0700] {processor.py:208} INFO - Processing /Users/punny/Documents/GitHub/NYC-Taxi-ETL-Pipeline/.venv/lib/python3.10/site-packages/airflow/example_dags/example_branch_python_dop_operator_3.py took 0.411 seconds
[2024-10-21T14:53:48.250+0700] {processor.py:186} INFO - Started process (PID=36758) to work on /Users/punny/Documents/GitHub/NYC-Taxi-ETL-Pipeline/.venv/lib/python3.10/site-packages/airflow/example_dags/example_branch_python_dop_operator_3.py
[2024-10-21T14:53:48.254+0700] {processor.py:914} INFO - Processing file /Users/punny/Documents/GitHub/NYC-Taxi-ETL-Pipeline/.venv/lib/python3.10/site-packages/airflow/example_dags/example_branch_python_dop_operator_3.py for tasks to queue
[2024-10-21T14:53:48.256+0700] {logging_mixin.py:190} INFO - [2024-10-21T14:53:48.255+0700] {dagbag.py:588} INFO - Filling up the DagBag from /Users/punny/Documents/GitHub/NYC-Taxi-ETL-Pipeline/.venv/lib/python3.10/site-packages/airflow/example_dags/example_branch_python_dop_operator_3.py
[2024-10-21T14:53:48.329+0700] {processor.py:925} INFO - DAG(s) 'example_branch_dop_operator_v3' retrieved from /Users/punny/Documents/GitHub/NYC-Taxi-ETL-Pipeline/.venv/lib/python3.10/site-packages/airflow/example_dags/example_branch_python_dop_operator_3.py
[2024-10-21T14:53:48.645+0700] {logging_mixin.py:190} INFO - [2024-10-21T14:53:48.644+0700] {dag.py:3239} INFO - Sync 1 DAGs
[2024-10-21T14:53:48.694+0700] {logging_mixin.py:190} INFO - [2024-10-21T14:53:48.693+0700] {dag.py:4180} INFO - Setting next_dagrun for example_branch_dop_operator_v3 to 2024-10-21 07:52:00+00:00, run_after=2024-10-21 07:53:00+00:00
[2024-10-21T14:53:48.730+0700] {processor.py:208} INFO - Processing /Users/punny/Documents/GitHub/NYC-Taxi-ETL-Pipeline/.venv/lib/python3.10/site-packages/airflow/example_dags/example_branch_python_dop_operator_3.py took 0.490 seconds
[2024-10-21T15:03:09.986+0700] {processor.py:186} INFO - Started process (PID=38150) to work on /Users/punny/Documents/GitHub/NYC-Taxi-ETL-Pipeline/.venv/lib/python3.10/site-packages/airflow/example_dags/example_branch_python_dop_operator_3.py
[2024-10-21T15:03:09.990+0700] {processor.py:914} INFO - Processing file /Users/punny/Documents/GitHub/NYC-Taxi-ETL-Pipeline/.venv/lib/python3.10/site-packages/airflow/example_dags/example_branch_python_dop_operator_3.py for tasks to queue
[2024-10-21T15:03:09.992+0700] {logging_mixin.py:190} INFO - [2024-10-21T15:03:09.992+0700] {dagbag.py:588} INFO - Filling up the DagBag from /Users/punny/Documents/GitHub/NYC-Taxi-ETL-Pipeline/.venv/lib/python3.10/site-packages/airflow/example_dags/example_branch_python_dop_operator_3.py
[2024-10-21T15:03:10.220+0700] {processor.py:925} INFO - DAG(s) 'example_branch_dop_operator_v3' retrieved from /Users/punny/Documents/GitHub/NYC-Taxi-ETL-Pipeline/.venv/lib/python3.10/site-packages/airflow/example_dags/example_branch_python_dop_operator_3.py
[2024-10-21T15:03:10.720+0700] {logging_mixin.py:190} INFO - [2024-10-21T15:03:10.719+0700] {dag.py:3239} INFO - Sync 1 DAGs
[2024-10-21T15:03:10.784+0700] {logging_mixin.py:190} INFO - [2024-10-21T15:03:10.784+0700] {dag.py:4180} INFO - Setting next_dagrun for example_branch_dop_operator_v3 to 2024-10-21 08:02:00+00:00, run_after=2024-10-21 08:03:00+00:00
[2024-10-21T15:03:10.829+0700] {processor.py:208} INFO - Processing /Users/punny/Documents/GitHub/NYC-Taxi-ETL-Pipeline/.venv/lib/python3.10/site-packages/airflow/example_dags/example_branch_python_dop_operator_3.py took 0.882 seconds
[2024-10-21T15:12:38.576+0700] {processor.py:186} INFO - Started process (PID=39362) to work on /Users/punny/Documents/GitHub/NYC-Taxi-ETL-Pipeline/.venv/lib/python3.10/site-packages/airflow/example_dags/example_branch_python_dop_operator_3.py
[2024-10-21T15:12:38.586+0700] {processor.py:914} INFO - Processing file /Users/punny/Documents/GitHub/NYC-Taxi-ETL-Pipeline/.venv/lib/python3.10/site-packages/airflow/example_dags/example_branch_python_dop_operator_3.py for tasks to queue
[2024-10-21T15:12:38.591+0700] {logging_mixin.py:190} INFO - [2024-10-21T15:12:38.590+0700] {dagbag.py:588} INFO - Filling up the DagBag from /Users/punny/Documents/GitHub/NYC-Taxi-ETL-Pipeline/.venv/lib/python3.10/site-packages/airflow/example_dags/example_branch_python_dop_operator_3.py
[2024-10-21T15:12:38.781+0700] {processor.py:925} INFO - DAG(s) 'example_branch_dop_operator_v3' retrieved from /Users/punny/Documents/GitHub/NYC-Taxi-ETL-Pipeline/.venv/lib/python3.10/site-packages/airflow/example_dags/example_branch_python_dop_operator_3.py
[2024-10-21T15:12:39.095+0700] {logging_mixin.py:190} INFO - [2024-10-21T15:12:39.094+0700] {dag.py:3239} INFO - Sync 1 DAGs
[2024-10-21T15:12:39.146+0700] {logging_mixin.py:190} INFO - [2024-10-21T15:12:39.145+0700] {dag.py:4180} INFO - Setting next_dagrun for example_branch_dop_operator_v3 to 2024-10-21 08:11:00+00:00, run_after=2024-10-21 08:12:00+00:00
[2024-10-21T15:12:39.181+0700] {processor.py:208} INFO - Processing /Users/punny/Documents/GitHub/NYC-Taxi-ETL-Pipeline/.venv/lib/python3.10/site-packages/airflow/example_dags/example_branch_python_dop_operator_3.py took 0.615 seconds
[2024-10-21T15:21:16.366+0700] {processor.py:186} INFO - Started process (PID=40442) to work on /Users/punny/Documents/GitHub/NYC-Taxi-ETL-Pipeline/.venv/lib/python3.10/site-packages/airflow/example_dags/example_branch_python_dop_operator_3.py
[2024-10-21T15:21:16.369+0700] {processor.py:914} INFO - Processing file /Users/punny/Documents/GitHub/NYC-Taxi-ETL-Pipeline/.venv/lib/python3.10/site-packages/airflow/example_dags/example_branch_python_dop_operator_3.py for tasks to queue
[2024-10-21T15:21:16.371+0700] {logging_mixin.py:190} INFO - [2024-10-21T15:21:16.371+0700] {dagbag.py:588} INFO - Filling up the DagBag from /Users/punny/Documents/GitHub/NYC-Taxi-ETL-Pipeline/.venv/lib/python3.10/site-packages/airflow/example_dags/example_branch_python_dop_operator_3.py
[2024-10-21T15:21:16.434+0700] {processor.py:925} INFO - DAG(s) 'example_branch_dop_operator_v3' retrieved from /Users/punny/Documents/GitHub/NYC-Taxi-ETL-Pipeline/.venv/lib/python3.10/site-packages/airflow/example_dags/example_branch_python_dop_operator_3.py
[2024-10-21T15:21:16.690+0700] {logging_mixin.py:190} INFO - [2024-10-21T15:21:16.690+0700] {dag.py:3239} INFO - Sync 1 DAGs
[2024-10-21T15:21:16.731+0700] {logging_mixin.py:190} INFO - [2024-10-21T15:21:16.730+0700] {dag.py:4180} INFO - Setting next_dagrun for example_branch_dop_operator_v3 to 2024-10-21 08:20:00+00:00, run_after=2024-10-21 08:21:00+00:00
[2024-10-21T15:21:16.759+0700] {processor.py:208} INFO - Processing /Users/punny/Documents/GitHub/NYC-Taxi-ETL-Pipeline/.venv/lib/python3.10/site-packages/airflow/example_dags/example_branch_python_dop_operator_3.py took 0.407 seconds
[2024-10-21T15:29:13.930+0700] {processor.py:186} INFO - Started process (PID=41422) to work on /Users/punny/Documents/GitHub/NYC-Taxi-ETL-Pipeline/.venv/lib/python3.10/site-packages/airflow/example_dags/example_branch_python_dop_operator_3.py
[2024-10-21T15:29:13.935+0700] {processor.py:914} INFO - Processing file /Users/punny/Documents/GitHub/NYC-Taxi-ETL-Pipeline/.venv/lib/python3.10/site-packages/airflow/example_dags/example_branch_python_dop_operator_3.py for tasks to queue
[2024-10-21T15:29:13.937+0700] {logging_mixin.py:190} INFO - [2024-10-21T15:29:13.936+0700] {dagbag.py:588} INFO - Filling up the DagBag from /Users/punny/Documents/GitHub/NYC-Taxi-ETL-Pipeline/.venv/lib/python3.10/site-packages/airflow/example_dags/example_branch_python_dop_operator_3.py
[2024-10-21T15:29:14.061+0700] {processor.py:925} INFO - DAG(s) 'example_branch_dop_operator_v3' retrieved from /Users/punny/Documents/GitHub/NYC-Taxi-ETL-Pipeline/.venv/lib/python3.10/site-packages/airflow/example_dags/example_branch_python_dop_operator_3.py
[2024-10-21T15:29:14.524+0700] {logging_mixin.py:190} INFO - [2024-10-21T15:29:14.523+0700] {dag.py:3239} INFO - Sync 1 DAGs
[2024-10-21T15:29:14.572+0700] {logging_mixin.py:190} INFO - [2024-10-21T15:29:14.571+0700] {dag.py:4180} INFO - Setting next_dagrun for example_branch_dop_operator_v3 to 2024-10-21 08:28:00+00:00, run_after=2024-10-21 08:29:00+00:00
[2024-10-21T15:29:14.638+0700] {processor.py:208} INFO - Processing /Users/punny/Documents/GitHub/NYC-Taxi-ETL-Pipeline/.venv/lib/python3.10/site-packages/airflow/example_dags/example_branch_python_dop_operator_3.py took 0.716 seconds
[2024-10-21T15:37:12.321+0700] {processor.py:186} INFO - Started process (PID=42430) to work on /Users/punny/Documents/GitHub/NYC-Taxi-ETL-Pipeline/.venv/lib/python3.10/site-packages/airflow/example_dags/example_branch_python_dop_operator_3.py
[2024-10-21T15:37:12.326+0700] {processor.py:914} INFO - Processing file /Users/punny/Documents/GitHub/NYC-Taxi-ETL-Pipeline/.venv/lib/python3.10/site-packages/airflow/example_dags/example_branch_python_dop_operator_3.py for tasks to queue
[2024-10-21T15:37:12.328+0700] {logging_mixin.py:190} INFO - [2024-10-21T15:37:12.328+0700] {dagbag.py:588} INFO - Filling up the DagBag from /Users/punny/Documents/GitHub/NYC-Taxi-ETL-Pipeline/.venv/lib/python3.10/site-packages/airflow/example_dags/example_branch_python_dop_operator_3.py
[2024-10-21T15:37:12.449+0700] {processor.py:925} INFO - DAG(s) 'example_branch_dop_operator_v3' retrieved from /Users/punny/Documents/GitHub/NYC-Taxi-ETL-Pipeline/.venv/lib/python3.10/site-packages/airflow/example_dags/example_branch_python_dop_operator_3.py
[2024-10-21T15:37:12.843+0700] {logging_mixin.py:190} INFO - [2024-10-21T15:37:12.843+0700] {dag.py:3239} INFO - Sync 1 DAGs
[2024-10-21T15:37:12.940+0700] {logging_mixin.py:190} INFO - [2024-10-21T15:37:12.939+0700] {dag.py:4180} INFO - Setting next_dagrun for example_branch_dop_operator_v3 to 2024-10-21 08:36:00+00:00, run_after=2024-10-21 08:37:00+00:00
[2024-10-21T15:37:13.002+0700] {processor.py:208} INFO - Processing /Users/punny/Documents/GitHub/NYC-Taxi-ETL-Pipeline/.venv/lib/python3.10/site-packages/airflow/example_dags/example_branch_python_dop_operator_3.py took 0.690 seconds
[2024-10-21T15:45:07.182+0700] {processor.py:186} INFO - Started process (PID=43532) to work on /Users/punny/Documents/GitHub/NYC-Taxi-ETL-Pipeline/.venv/lib/python3.10/site-packages/airflow/example_dags/example_branch_python_dop_operator_3.py
[2024-10-21T15:45:07.189+0700] {processor.py:914} INFO - Processing file /Users/punny/Documents/GitHub/NYC-Taxi-ETL-Pipeline/.venv/lib/python3.10/site-packages/airflow/example_dags/example_branch_python_dop_operator_3.py for tasks to queue
[2024-10-21T15:45:07.190+0700] {logging_mixin.py:190} INFO - [2024-10-21T15:45:07.190+0700] {dagbag.py:588} INFO - Filling up the DagBag from /Users/punny/Documents/GitHub/NYC-Taxi-ETL-Pipeline/.venv/lib/python3.10/site-packages/airflow/example_dags/example_branch_python_dop_operator_3.py
[2024-10-21T15:45:07.255+0700] {processor.py:925} INFO - DAG(s) 'example_branch_dop_operator_v3' retrieved from /Users/punny/Documents/GitHub/NYC-Taxi-ETL-Pipeline/.venv/lib/python3.10/site-packages/airflow/example_dags/example_branch_python_dop_operator_3.py
[2024-10-21T15:45:07.534+0700] {logging_mixin.py:190} INFO - [2024-10-21T15:45:07.533+0700] {dag.py:3239} INFO - Sync 1 DAGs
[2024-10-21T15:45:07.573+0700] {logging_mixin.py:190} INFO - [2024-10-21T15:45:07.573+0700] {dag.py:4180} INFO - Setting next_dagrun for example_branch_dop_operator_v3 to 2024-10-21 08:44:00+00:00, run_after=2024-10-21 08:45:00+00:00
[2024-10-21T15:45:07.606+0700] {processor.py:208} INFO - Processing /Users/punny/Documents/GitHub/NYC-Taxi-ETL-Pipeline/.venv/lib/python3.10/site-packages/airflow/example_dags/example_branch_python_dop_operator_3.py took 0.434 seconds
[2024-10-21T15:52:58.330+0700] {processor.py:186} INFO - Started process (PID=44528) to work on /Users/punny/Documents/GitHub/NYC-Taxi-ETL-Pipeline/.venv/lib/python3.10/site-packages/airflow/example_dags/example_branch_python_dop_operator_3.py
[2024-10-21T15:52:58.337+0700] {processor.py:914} INFO - Processing file /Users/punny/Documents/GitHub/NYC-Taxi-ETL-Pipeline/.venv/lib/python3.10/site-packages/airflow/example_dags/example_branch_python_dop_operator_3.py for tasks to queue
[2024-10-21T15:52:58.340+0700] {logging_mixin.py:190} INFO - [2024-10-21T15:52:58.339+0700] {dagbag.py:588} INFO - Filling up the DagBag from /Users/punny/Documents/GitHub/NYC-Taxi-ETL-Pipeline/.venv/lib/python3.10/site-packages/airflow/example_dags/example_branch_python_dop_operator_3.py
[2024-10-21T15:52:58.438+0700] {processor.py:925} INFO - DAG(s) 'example_branch_dop_operator_v3' retrieved from /Users/punny/Documents/GitHub/NYC-Taxi-ETL-Pipeline/.venv/lib/python3.10/site-packages/airflow/example_dags/example_branch_python_dop_operator_3.py
[2024-10-21T15:52:58.680+0700] {logging_mixin.py:190} INFO - [2024-10-21T15:52:58.679+0700] {dag.py:3239} INFO - Sync 1 DAGs
[2024-10-21T15:52:58.720+0700] {logging_mixin.py:190} INFO - [2024-10-21T15:52:58.720+0700] {dag.py:4180} INFO - Setting next_dagrun for example_branch_dop_operator_v3 to 2024-10-21 08:51:00+00:00, run_after=2024-10-21 08:52:00+00:00
[2024-10-21T15:52:58.790+0700] {processor.py:208} INFO - Processing /Users/punny/Documents/GitHub/NYC-Taxi-ETL-Pipeline/.venv/lib/python3.10/site-packages/airflow/example_dags/example_branch_python_dop_operator_3.py took 0.476 seconds
[2024-10-21T16:01:16.786+0700] {processor.py:186} INFO - Started process (PID=45614) to work on /Users/punny/Documents/GitHub/NYC-Taxi-ETL-Pipeline/.venv/lib/python3.10/site-packages/airflow/example_dags/example_branch_python_dop_operator_3.py
[2024-10-21T16:01:16.790+0700] {processor.py:914} INFO - Processing file /Users/punny/Documents/GitHub/NYC-Taxi-ETL-Pipeline/.venv/lib/python3.10/site-packages/airflow/example_dags/example_branch_python_dop_operator_3.py for tasks to queue
[2024-10-21T16:01:16.791+0700] {logging_mixin.py:190} INFO - [2024-10-21T16:01:16.791+0700] {dagbag.py:588} INFO - Filling up the DagBag from /Users/punny/Documents/GitHub/NYC-Taxi-ETL-Pipeline/.venv/lib/python3.10/site-packages/airflow/example_dags/example_branch_python_dop_operator_3.py
[2024-10-21T16:01:16.856+0700] {processor.py:925} INFO - DAG(s) 'example_branch_dop_operator_v3' retrieved from /Users/punny/Documents/GitHub/NYC-Taxi-ETL-Pipeline/.venv/lib/python3.10/site-packages/airflow/example_dags/example_branch_python_dop_operator_3.py
[2024-10-21T16:01:17.184+0700] {logging_mixin.py:190} INFO - [2024-10-21T16:01:17.184+0700] {dag.py:3239} INFO - Sync 1 DAGs
[2024-10-21T16:01:17.223+0700] {logging_mixin.py:190} INFO - [2024-10-21T16:01:17.223+0700] {dag.py:4180} INFO - Setting next_dagrun for example_branch_dop_operator_v3 to 2024-10-21 09:00:00+00:00, run_after=2024-10-21 09:01:00+00:00
[2024-10-21T16:01:17.252+0700] {processor.py:208} INFO - Processing /Users/punny/Documents/GitHub/NYC-Taxi-ETL-Pipeline/.venv/lib/python3.10/site-packages/airflow/example_dags/example_branch_python_dop_operator_3.py took 0.475 seconds
[2024-10-21T20:39:22.179+0700] {processor.py:186} INFO - Started process (PID=4450) to work on /Users/punny/Documents/GitHub/NYC-Taxi-ETL-Pipeline/.venv/lib/python3.10/site-packages/airflow/example_dags/example_branch_python_dop_operator_3.py
[2024-10-21T20:39:22.198+0700] {processor.py:914} INFO - Processing file /Users/punny/Documents/GitHub/NYC-Taxi-ETL-Pipeline/.venv/lib/python3.10/site-packages/airflow/example_dags/example_branch_python_dop_operator_3.py for tasks to queue
[2024-10-21T20:39:22.215+0700] {logging_mixin.py:190} INFO - [2024-10-21T20:39:22.214+0700] {dagbag.py:588} INFO - Filling up the DagBag from /Users/punny/Documents/GitHub/NYC-Taxi-ETL-Pipeline/.venv/lib/python3.10/site-packages/airflow/example_dags/example_branch_python_dop_operator_3.py
[2024-10-21T20:39:22.259+0700] {processor.py:925} INFO - DAG(s) 'example_branch_dop_operator_v3' retrieved from /Users/punny/Documents/GitHub/NYC-Taxi-ETL-Pipeline/.venv/lib/python3.10/site-packages/airflow/example_dags/example_branch_python_dop_operator_3.py
[2024-10-21T20:39:22.433+0700] {logging_mixin.py:190} INFO - [2024-10-21T20:39:22.433+0700] {dag.py:3239} INFO - Sync 1 DAGs
[2024-10-21T20:39:22.460+0700] {logging_mixin.py:190} INFO - [2024-10-21T20:39:22.460+0700] {dag.py:4180} INFO - Setting next_dagrun for example_branch_dop_operator_v3 to 2024-10-21 13:38:00+00:00, run_after=2024-10-21 13:39:00+00:00
[2024-10-21T20:39:22.483+0700] {processor.py:208} INFO - Processing /Users/punny/Documents/GitHub/NYC-Taxi-ETL-Pipeline/.venv/lib/python3.10/site-packages/airflow/example_dags/example_branch_python_dop_operator_3.py took 0.311 seconds
[2024-10-21T20:46:34.459+0700] {processor.py:186} INFO - Started process (PID=5115) to work on /Users/punny/Documents/GitHub/NYC-Taxi-ETL-Pipeline/.venv/lib/python3.10/site-packages/airflow/example_dags/example_branch_python_dop_operator_3.py
[2024-10-21T20:46:34.463+0700] {processor.py:914} INFO - Processing file /Users/punny/Documents/GitHub/NYC-Taxi-ETL-Pipeline/.venv/lib/python3.10/site-packages/airflow/example_dags/example_branch_python_dop_operator_3.py for tasks to queue
[2024-10-21T20:46:34.464+0700] {logging_mixin.py:190} INFO - [2024-10-21T20:46:34.464+0700] {dagbag.py:588} INFO - Filling up the DagBag from /Users/punny/Documents/GitHub/NYC-Taxi-ETL-Pipeline/.venv/lib/python3.10/site-packages/airflow/example_dags/example_branch_python_dop_operator_3.py
[2024-10-21T20:46:34.520+0700] {processor.py:925} INFO - DAG(s) 'example_branch_dop_operator_v3' retrieved from /Users/punny/Documents/GitHub/NYC-Taxi-ETL-Pipeline/.venv/lib/python3.10/site-packages/airflow/example_dags/example_branch_python_dop_operator_3.py
[2024-10-21T20:46:34.754+0700] {logging_mixin.py:190} INFO - [2024-10-21T20:46:34.754+0700] {dag.py:3239} INFO - Sync 1 DAGs
[2024-10-21T20:46:34.790+0700] {logging_mixin.py:190} INFO - [2024-10-21T20:46:34.789+0700] {dag.py:4180} INFO - Setting next_dagrun for example_branch_dop_operator_v3 to 2024-10-21 13:45:00+00:00, run_after=2024-10-21 13:46:00+00:00
[2024-10-21T20:46:34.816+0700] {processor.py:208} INFO - Processing /Users/punny/Documents/GitHub/NYC-Taxi-ETL-Pipeline/.venv/lib/python3.10/site-packages/airflow/example_dags/example_branch_python_dop_operator_3.py took 0.365 seconds
[2024-10-21T20:58:39.999+0700] {processor.py:186} INFO - Started process (PID=6354) to work on /Users/punny/Documents/GitHub/NYC-Taxi-ETL-Pipeline/.venv/lib/python3.10/site-packages/airflow/example_dags/example_branch_python_dop_operator_3.py
[2024-10-21T20:58:40.003+0700] {processor.py:914} INFO - Processing file /Users/punny/Documents/GitHub/NYC-Taxi-ETL-Pipeline/.venv/lib/python3.10/site-packages/airflow/example_dags/example_branch_python_dop_operator_3.py for tasks to queue
[2024-10-21T20:58:40.004+0700] {logging_mixin.py:190} INFO - [2024-10-21T20:58:40.004+0700] {dagbag.py:588} INFO - Filling up the DagBag from /Users/punny/Documents/GitHub/NYC-Taxi-ETL-Pipeline/.venv/lib/python3.10/site-packages/airflow/example_dags/example_branch_python_dop_operator_3.py
[2024-10-21T20:58:40.072+0700] {processor.py:925} INFO - DAG(s) 'example_branch_dop_operator_v3' retrieved from /Users/punny/Documents/GitHub/NYC-Taxi-ETL-Pipeline/.venv/lib/python3.10/site-packages/airflow/example_dags/example_branch_python_dop_operator_3.py
[2024-10-21T20:58:40.320+0700] {logging_mixin.py:190} INFO - [2024-10-21T20:58:40.320+0700] {dag.py:3239} INFO - Sync 1 DAGs
[2024-10-21T20:58:40.360+0700] {logging_mixin.py:190} INFO - [2024-10-21T20:58:40.359+0700] {dag.py:4180} INFO - Setting next_dagrun for example_branch_dop_operator_v3 to 2024-10-21 13:57:00+00:00, run_after=2024-10-21 13:58:00+00:00
[2024-10-21T20:58:40.398+0700] {processor.py:208} INFO - Processing /Users/punny/Documents/GitHub/NYC-Taxi-ETL-Pipeline/.venv/lib/python3.10/site-packages/airflow/example_dags/example_branch_python_dop_operator_3.py took 0.420 seconds
[2024-10-21T21:03:22.128+0700] {processor.py:186} INFO - Started process (PID=6691) to work on /Users/punny/Documents/GitHub/NYC-Taxi-ETL-Pipeline/.venv/lib/python3.10/site-packages/airflow/example_dags/example_branch_python_dop_operator_3.py
[2024-10-21T21:03:22.133+0700] {processor.py:914} INFO - Processing file /Users/punny/Documents/GitHub/NYC-Taxi-ETL-Pipeline/.venv/lib/python3.10/site-packages/airflow/example_dags/example_branch_python_dop_operator_3.py for tasks to queue
[2024-10-21T21:03:22.135+0700] {logging_mixin.py:190} INFO - [2024-10-21T21:03:22.135+0700] {dagbag.py:588} INFO - Filling up the DagBag from /Users/punny/Documents/GitHub/NYC-Taxi-ETL-Pipeline/.venv/lib/python3.10/site-packages/airflow/example_dags/example_branch_python_dop_operator_3.py
[2024-10-21T21:03:22.203+0700] {processor.py:925} INFO - DAG(s) 'example_branch_dop_operator_v3' retrieved from /Users/punny/Documents/GitHub/NYC-Taxi-ETL-Pipeline/.venv/lib/python3.10/site-packages/airflow/example_dags/example_branch_python_dop_operator_3.py
[2024-10-21T21:03:22.411+0700] {logging_mixin.py:190} INFO - [2024-10-21T21:03:22.410+0700] {dag.py:3239} INFO - Sync 1 DAGs
[2024-10-21T21:03:22.442+0700] {logging_mixin.py:190} INFO - [2024-10-21T21:03:22.442+0700] {dag.py:4180} INFO - Setting next_dagrun for example_branch_dop_operator_v3 to 2024-10-21 14:02:00+00:00, run_after=2024-10-21 14:03:00+00:00
[2024-10-21T21:03:22.466+0700] {processor.py:208} INFO - Processing /Users/punny/Documents/GitHub/NYC-Taxi-ETL-Pipeline/.venv/lib/python3.10/site-packages/airflow/example_dags/example_branch_python_dop_operator_3.py took 0.348 seconds
[2024-10-21T21:10:04.439+0700] {processor.py:186} INFO - Started process (PID=7179) to work on /Users/punny/Documents/GitHub/NYC-Taxi-ETL-Pipeline/.venv/lib/python3.10/site-packages/airflow/example_dags/example_branch_python_dop_operator_3.py
[2024-10-21T21:10:04.445+0700] {processor.py:914} INFO - Processing file /Users/punny/Documents/GitHub/NYC-Taxi-ETL-Pipeline/.venv/lib/python3.10/site-packages/airflow/example_dags/example_branch_python_dop_operator_3.py for tasks to queue
[2024-10-21T21:10:04.446+0700] {logging_mixin.py:190} INFO - [2024-10-21T21:10:04.446+0700] {dagbag.py:588} INFO - Filling up the DagBag from /Users/punny/Documents/GitHub/NYC-Taxi-ETL-Pipeline/.venv/lib/python3.10/site-packages/airflow/example_dags/example_branch_python_dop_operator_3.py
[2024-10-21T21:10:04.498+0700] {processor.py:925} INFO - DAG(s) 'example_branch_dop_operator_v3' retrieved from /Users/punny/Documents/GitHub/NYC-Taxi-ETL-Pipeline/.venv/lib/python3.10/site-packages/airflow/example_dags/example_branch_python_dop_operator_3.py
[2024-10-21T21:10:04.696+0700] {logging_mixin.py:190} INFO - [2024-10-21T21:10:04.696+0700] {dag.py:3239} INFO - Sync 1 DAGs
[2024-10-21T21:10:04.725+0700] {logging_mixin.py:190} INFO - [2024-10-21T21:10:04.725+0700] {dag.py:4180} INFO - Setting next_dagrun for example_branch_dop_operator_v3 to 2024-10-21 14:09:00+00:00, run_after=2024-10-21 14:10:00+00:00
[2024-10-21T21:10:04.749+0700] {processor.py:208} INFO - Processing /Users/punny/Documents/GitHub/NYC-Taxi-ETL-Pipeline/.venv/lib/python3.10/site-packages/airflow/example_dags/example_branch_python_dop_operator_3.py took 0.319 seconds
[2024-10-21T21:16:11.965+0700] {processor.py:186} INFO - Started process (PID=7828) to work on /Users/punny/Documents/GitHub/NYC-Taxi-ETL-Pipeline/.venv/lib/python3.10/site-packages/airflow/example_dags/example_branch_python_dop_operator_3.py
[2024-10-21T21:16:11.968+0700] {processor.py:914} INFO - Processing file /Users/punny/Documents/GitHub/NYC-Taxi-ETL-Pipeline/.venv/lib/python3.10/site-packages/airflow/example_dags/example_branch_python_dop_operator_3.py for tasks to queue
[2024-10-21T21:16:11.969+0700] {logging_mixin.py:190} INFO - [2024-10-21T21:16:11.969+0700] {dagbag.py:588} INFO - Filling up the DagBag from /Users/punny/Documents/GitHub/NYC-Taxi-ETL-Pipeline/.venv/lib/python3.10/site-packages/airflow/example_dags/example_branch_python_dop_operator_3.py
[2024-10-21T21:16:12.017+0700] {processor.py:925} INFO - DAG(s) 'example_branch_dop_operator_v3' retrieved from /Users/punny/Documents/GitHub/NYC-Taxi-ETL-Pipeline/.venv/lib/python3.10/site-packages/airflow/example_dags/example_branch_python_dop_operator_3.py
[2024-10-21T21:16:12.201+0700] {logging_mixin.py:190} INFO - [2024-10-21T21:16:12.200+0700] {dag.py:3239} INFO - Sync 1 DAGs
[2024-10-21T21:16:12.230+0700] {logging_mixin.py:190} INFO - [2024-10-21T21:16:12.230+0700] {dag.py:4180} INFO - Setting next_dagrun for example_branch_dop_operator_v3 to 2024-10-21 14:15:00+00:00, run_after=2024-10-21 14:16:00+00:00
[2024-10-21T21:16:12.254+0700] {processor.py:208} INFO - Processing /Users/punny/Documents/GitHub/NYC-Taxi-ETL-Pipeline/.venv/lib/python3.10/site-packages/airflow/example_dags/example_branch_python_dop_operator_3.py took 0.297 seconds
[2024-10-21T21:22:20.111+0700] {processor.py:186} INFO - Started process (PID=8176) to work on /Users/punny/Documents/GitHub/NYC-Taxi-ETL-Pipeline/.venv/lib/python3.10/site-packages/airflow/example_dags/example_branch_python_dop_operator_3.py
[2024-10-21T21:22:20.113+0700] {processor.py:914} INFO - Processing file /Users/punny/Documents/GitHub/NYC-Taxi-ETL-Pipeline/.venv/lib/python3.10/site-packages/airflow/example_dags/example_branch_python_dop_operator_3.py for tasks to queue
[2024-10-21T21:22:20.115+0700] {logging_mixin.py:190} INFO - [2024-10-21T21:22:20.114+0700] {dagbag.py:588} INFO - Filling up the DagBag from /Users/punny/Documents/GitHub/NYC-Taxi-ETL-Pipeline/.venv/lib/python3.10/site-packages/airflow/example_dags/example_branch_python_dop_operator_3.py
[2024-10-21T21:22:20.162+0700] {processor.py:925} INFO - DAG(s) 'example_branch_dop_operator_v3' retrieved from /Users/punny/Documents/GitHub/NYC-Taxi-ETL-Pipeline/.venv/lib/python3.10/site-packages/airflow/example_dags/example_branch_python_dop_operator_3.py
[2024-10-21T21:22:20.345+0700] {logging_mixin.py:190} INFO - [2024-10-21T21:22:20.345+0700] {dag.py:3239} INFO - Sync 1 DAGs
[2024-10-21T21:22:20.374+0700] {logging_mixin.py:190} INFO - [2024-10-21T21:22:20.374+0700] {dag.py:4180} INFO - Setting next_dagrun for example_branch_dop_operator_v3 to 2024-10-21 14:21:00+00:00, run_after=2024-10-21 14:22:00+00:00
[2024-10-21T21:22:20.397+0700] {processor.py:208} INFO - Processing /Users/punny/Documents/GitHub/NYC-Taxi-ETL-Pipeline/.venv/lib/python3.10/site-packages/airflow/example_dags/example_branch_python_dop_operator_3.py took 0.291 seconds
[2024-10-21T21:28:54.634+0700] {processor.py:186} INFO - Started process (PID=8810) to work on /Users/punny/Documents/GitHub/NYC-Taxi-ETL-Pipeline/.venv/lib/python3.10/site-packages/airflow/example_dags/example_branch_python_dop_operator_3.py
[2024-10-21T21:28:54.637+0700] {processor.py:914} INFO - Processing file /Users/punny/Documents/GitHub/NYC-Taxi-ETL-Pipeline/.venv/lib/python3.10/site-packages/airflow/example_dags/example_branch_python_dop_operator_3.py for tasks to queue
[2024-10-21T21:28:54.638+0700] {logging_mixin.py:190} INFO - [2024-10-21T21:28:54.638+0700] {dagbag.py:588} INFO - Filling up the DagBag from /Users/punny/Documents/GitHub/NYC-Taxi-ETL-Pipeline/.venv/lib/python3.10/site-packages/airflow/example_dags/example_branch_python_dop_operator_3.py
[2024-10-21T21:28:54.685+0700] {processor.py:925} INFO - DAG(s) 'example_branch_dop_operator_v3' retrieved from /Users/punny/Documents/GitHub/NYC-Taxi-ETL-Pipeline/.venv/lib/python3.10/site-packages/airflow/example_dags/example_branch_python_dop_operator_3.py
[2024-10-21T21:28:54.862+0700] {logging_mixin.py:190} INFO - [2024-10-21T21:28:54.862+0700] {dag.py:3239} INFO - Sync 1 DAGs
[2024-10-21T21:28:54.890+0700] {logging_mixin.py:190} INFO - [2024-10-21T21:28:54.890+0700] {dag.py:4180} INFO - Setting next_dagrun for example_branch_dop_operator_v3 to 2024-10-21 14:27:00+00:00, run_after=2024-10-21 14:28:00+00:00
[2024-10-21T21:28:54.911+0700] {processor.py:208} INFO - Processing /Users/punny/Documents/GitHub/NYC-Taxi-ETL-Pipeline/.venv/lib/python3.10/site-packages/airflow/example_dags/example_branch_python_dop_operator_3.py took 0.285 seconds
[2024-10-21T21:34:41.053+0700] {processor.py:186} INFO - Started process (PID=9245) to work on /Users/punny/Documents/GitHub/NYC-Taxi-ETL-Pipeline/.venv/lib/python3.10/site-packages/airflow/example_dags/example_branch_python_dop_operator_3.py
[2024-10-21T21:34:41.058+0700] {processor.py:914} INFO - Processing file /Users/punny/Documents/GitHub/NYC-Taxi-ETL-Pipeline/.venv/lib/python3.10/site-packages/airflow/example_dags/example_branch_python_dop_operator_3.py for tasks to queue
[2024-10-21T21:34:41.059+0700] {logging_mixin.py:190} INFO - [2024-10-21T21:34:41.059+0700] {dagbag.py:588} INFO - Filling up the DagBag from /Users/punny/Documents/GitHub/NYC-Taxi-ETL-Pipeline/.venv/lib/python3.10/site-packages/airflow/example_dags/example_branch_python_dop_operator_3.py
[2024-10-21T21:34:41.104+0700] {processor.py:925} INFO - DAG(s) 'example_branch_dop_operator_v3' retrieved from /Users/punny/Documents/GitHub/NYC-Taxi-ETL-Pipeline/.venv/lib/python3.10/site-packages/airflow/example_dags/example_branch_python_dop_operator_3.py
[2024-10-21T21:34:41.285+0700] {logging_mixin.py:190} INFO - [2024-10-21T21:34:41.285+0700] {dag.py:3239} INFO - Sync 1 DAGs
[2024-10-21T21:34:41.314+0700] {logging_mixin.py:190} INFO - [2024-10-21T21:34:41.313+0700] {dag.py:4180} INFO - Setting next_dagrun for example_branch_dop_operator_v3 to 2024-10-21 14:33:00+00:00, run_after=2024-10-21 14:34:00+00:00
[2024-10-21T21:34:41.336+0700] {processor.py:208} INFO - Processing /Users/punny/Documents/GitHub/NYC-Taxi-ETL-Pipeline/.venv/lib/python3.10/site-packages/airflow/example_dags/example_branch_python_dop_operator_3.py took 0.290 seconds
[2024-10-21T21:41:50.601+0700] {processor.py:186} INFO - Started process (PID=9941) to work on /Users/punny/Documents/GitHub/NYC-Taxi-ETL-Pipeline/.venv/lib/python3.10/site-packages/airflow/example_dags/example_branch_python_dop_operator_3.py
[2024-10-21T21:41:50.605+0700] {processor.py:914} INFO - Processing file /Users/punny/Documents/GitHub/NYC-Taxi-ETL-Pipeline/.venv/lib/python3.10/site-packages/airflow/example_dags/example_branch_python_dop_operator_3.py for tasks to queue
[2024-10-21T21:41:50.606+0700] {logging_mixin.py:190} INFO - [2024-10-21T21:41:50.606+0700] {dagbag.py:588} INFO - Filling up the DagBag from /Users/punny/Documents/GitHub/NYC-Taxi-ETL-Pipeline/.venv/lib/python3.10/site-packages/airflow/example_dags/example_branch_python_dop_operator_3.py
[2024-10-21T21:41:50.686+0700] {processor.py:925} INFO - DAG(s) 'example_branch_dop_operator_v3' retrieved from /Users/punny/Documents/GitHub/NYC-Taxi-ETL-Pipeline/.venv/lib/python3.10/site-packages/airflow/example_dags/example_branch_python_dop_operator_3.py
[2024-10-21T21:41:50.860+0700] {logging_mixin.py:190} INFO - [2024-10-21T21:41:50.860+0700] {dag.py:3239} INFO - Sync 1 DAGs
[2024-10-21T21:41:50.888+0700] {logging_mixin.py:190} INFO - [2024-10-21T21:41:50.887+0700] {dag.py:4180} INFO - Setting next_dagrun for example_branch_dop_operator_v3 to 2024-10-21 14:40:00+00:00, run_after=2024-10-21 14:41:00+00:00
[2024-10-21T21:41:50.909+0700] {processor.py:208} INFO - Processing /Users/punny/Documents/GitHub/NYC-Taxi-ETL-Pipeline/.venv/lib/python3.10/site-packages/airflow/example_dags/example_branch_python_dop_operator_3.py took 0.316 seconds
[2024-10-21T21:48:28.790+0700] {processor.py:186} INFO - Started process (PID=10567) to work on /Users/punny/Documents/GitHub/NYC-Taxi-ETL-Pipeline/.venv/lib/python3.10/site-packages/airflow/example_dags/example_branch_python_dop_operator_3.py
[2024-10-21T21:48:28.793+0700] {processor.py:914} INFO - Processing file /Users/punny/Documents/GitHub/NYC-Taxi-ETL-Pipeline/.venv/lib/python3.10/site-packages/airflow/example_dags/example_branch_python_dop_operator_3.py for tasks to queue
[2024-10-21T21:48:28.794+0700] {logging_mixin.py:190} INFO - [2024-10-21T21:48:28.794+0700] {dagbag.py:588} INFO - Filling up the DagBag from /Users/punny/Documents/GitHub/NYC-Taxi-ETL-Pipeline/.venv/lib/python3.10/site-packages/airflow/example_dags/example_branch_python_dop_operator_3.py
[2024-10-21T21:48:28.842+0700] {processor.py:925} INFO - DAG(s) 'example_branch_dop_operator_v3' retrieved from /Users/punny/Documents/GitHub/NYC-Taxi-ETL-Pipeline/.venv/lib/python3.10/site-packages/airflow/example_dags/example_branch_python_dop_operator_3.py
[2024-10-21T21:48:29.022+0700] {logging_mixin.py:190} INFO - [2024-10-21T21:48:29.021+0700] {dag.py:3239} INFO - Sync 1 DAGs
[2024-10-21T21:48:29.050+0700] {logging_mixin.py:190} INFO - [2024-10-21T21:48:29.050+0700] {dag.py:4180} INFO - Setting next_dagrun for example_branch_dop_operator_v3 to 2024-10-21 14:47:00+00:00, run_after=2024-10-21 14:48:00+00:00
[2024-10-21T21:48:29.072+0700] {processor.py:208} INFO - Processing /Users/punny/Documents/GitHub/NYC-Taxi-ETL-Pipeline/.venv/lib/python3.10/site-packages/airflow/example_dags/example_branch_python_dop_operator_3.py took 0.289 seconds
[2024-10-21T21:52:59.385+0700] {processor.py:186} INFO - Started process (PID=10891) to work on /Users/punny/Documents/GitHub/NYC-Taxi-ETL-Pipeline/.venv/lib/python3.10/site-packages/airflow/example_dags/example_branch_python_dop_operator_3.py
[2024-10-21T21:52:59.388+0700] {processor.py:914} INFO - Processing file /Users/punny/Documents/GitHub/NYC-Taxi-ETL-Pipeline/.venv/lib/python3.10/site-packages/airflow/example_dags/example_branch_python_dop_operator_3.py for tasks to queue
[2024-10-21T21:52:59.389+0700] {logging_mixin.py:190} INFO - [2024-10-21T21:52:59.389+0700] {dagbag.py:588} INFO - Filling up the DagBag from /Users/punny/Documents/GitHub/NYC-Taxi-ETL-Pipeline/.venv/lib/python3.10/site-packages/airflow/example_dags/example_branch_python_dop_operator_3.py
[2024-10-21T21:52:59.434+0700] {processor.py:925} INFO - DAG(s) 'example_branch_dop_operator_v3' retrieved from /Users/punny/Documents/GitHub/NYC-Taxi-ETL-Pipeline/.venv/lib/python3.10/site-packages/airflow/example_dags/example_branch_python_dop_operator_3.py
[2024-10-21T21:52:59.619+0700] {logging_mixin.py:190} INFO - [2024-10-21T21:52:59.619+0700] {dag.py:3239} INFO - Sync 1 DAGs
[2024-10-21T21:52:59.648+0700] {logging_mixin.py:190} INFO - [2024-10-21T21:52:59.648+0700] {dag.py:4180} INFO - Setting next_dagrun for example_branch_dop_operator_v3 to 2024-10-21 14:51:00+00:00, run_after=2024-10-21 14:52:00+00:00
[2024-10-21T21:52:59.669+0700] {processor.py:208} INFO - Processing /Users/punny/Documents/GitHub/NYC-Taxi-ETL-Pipeline/.venv/lib/python3.10/site-packages/airflow/example_dags/example_branch_python_dop_operator_3.py took 0.293 seconds
[2024-10-21T22:14:56.044+0700] {processor.py:186} INFO - Started process (PID=11922) to work on /Users/punny/Documents/GitHub/NYC-Taxi-ETL-Pipeline/.venv/lib/python3.10/site-packages/airflow/example_dags/example_branch_python_dop_operator_3.py
[2024-10-21T22:14:56.047+0700] {processor.py:914} INFO - Processing file /Users/punny/Documents/GitHub/NYC-Taxi-ETL-Pipeline/.venv/lib/python3.10/site-packages/airflow/example_dags/example_branch_python_dop_operator_3.py for tasks to queue
[2024-10-21T22:14:56.048+0700] {logging_mixin.py:190} INFO - [2024-10-21T22:14:56.048+0700] {dagbag.py:588} INFO - Filling up the DagBag from /Users/punny/Documents/GitHub/NYC-Taxi-ETL-Pipeline/.venv/lib/python3.10/site-packages/airflow/example_dags/example_branch_python_dop_operator_3.py
[2024-10-21T22:14:56.095+0700] {processor.py:925} INFO - DAG(s) 'example_branch_dop_operator_v3' retrieved from /Users/punny/Documents/GitHub/NYC-Taxi-ETL-Pipeline/.venv/lib/python3.10/site-packages/airflow/example_dags/example_branch_python_dop_operator_3.py
[2024-10-21T22:14:56.269+0700] {logging_mixin.py:190} INFO - [2024-10-21T22:14:56.268+0700] {dag.py:3239} INFO - Sync 1 DAGs
[2024-10-21T22:14:56.297+0700] {logging_mixin.py:190} INFO - [2024-10-21T22:14:56.296+0700] {dag.py:4180} INFO - Setting next_dagrun for example_branch_dop_operator_v3 to 2024-10-21 15:13:00+00:00, run_after=2024-10-21 15:14:00+00:00
[2024-10-21T22:14:56.321+0700] {processor.py:208} INFO - Processing /Users/punny/Documents/GitHub/NYC-Taxi-ETL-Pipeline/.venv/lib/python3.10/site-packages/airflow/example_dags/example_branch_python_dop_operator_3.py took 0.285 seconds
[2024-10-21T22:21:56.576+0700] {processor.py:186} INFO - Started process (PID=12771) to work on /Users/punny/Documents/GitHub/NYC-Taxi-ETL-Pipeline/.venv/lib/python3.10/site-packages/airflow/example_dags/example_branch_python_dop_operator_3.py
[2024-10-21T22:21:56.579+0700] {processor.py:914} INFO - Processing file /Users/punny/Documents/GitHub/NYC-Taxi-ETL-Pipeline/.venv/lib/python3.10/site-packages/airflow/example_dags/example_branch_python_dop_operator_3.py for tasks to queue
[2024-10-21T22:21:56.580+0700] {logging_mixin.py:190} INFO - [2024-10-21T22:21:56.580+0700] {dagbag.py:588} INFO - Filling up the DagBag from /Users/punny/Documents/GitHub/NYC-Taxi-ETL-Pipeline/.venv/lib/python3.10/site-packages/airflow/example_dags/example_branch_python_dop_operator_3.py
[2024-10-21T22:21:56.628+0700] {processor.py:925} INFO - DAG(s) 'example_branch_dop_operator_v3' retrieved from /Users/punny/Documents/GitHub/NYC-Taxi-ETL-Pipeline/.venv/lib/python3.10/site-packages/airflow/example_dags/example_branch_python_dop_operator_3.py
[2024-10-21T22:21:56.818+0700] {logging_mixin.py:190} INFO - [2024-10-21T22:21:56.817+0700] {dag.py:3239} INFO - Sync 1 DAGs
[2024-10-21T22:21:56.846+0700] {logging_mixin.py:190} INFO - [2024-10-21T22:21:56.846+0700] {dag.py:4180} INFO - Setting next_dagrun for example_branch_dop_operator_v3 to 2024-10-21 15:20:00+00:00, run_after=2024-10-21 15:21:00+00:00
[2024-10-21T22:21:56.868+0700] {processor.py:208} INFO - Processing /Users/punny/Documents/GitHub/NYC-Taxi-ETL-Pipeline/.venv/lib/python3.10/site-packages/airflow/example_dags/example_branch_python_dop_operator_3.py took 0.299 seconds
[2024-10-21T22:27:10.870+0700] {processor.py:186} INFO - Started process (PID=13416) to work on /Users/punny/Documents/GitHub/NYC-Taxi-ETL-Pipeline/.venv/lib/python3.10/site-packages/airflow/example_dags/example_branch_python_dop_operator_3.py
[2024-10-21T22:27:10.873+0700] {processor.py:914} INFO - Processing file /Users/punny/Documents/GitHub/NYC-Taxi-ETL-Pipeline/.venv/lib/python3.10/site-packages/airflow/example_dags/example_branch_python_dop_operator_3.py for tasks to queue
[2024-10-21T22:27:10.874+0700] {logging_mixin.py:190} INFO - [2024-10-21T22:27:10.874+0700] {dagbag.py:588} INFO - Filling up the DagBag from /Users/punny/Documents/GitHub/NYC-Taxi-ETL-Pipeline/.venv/lib/python3.10/site-packages/airflow/example_dags/example_branch_python_dop_operator_3.py
[2024-10-21T22:27:10.922+0700] {processor.py:925} INFO - DAG(s) 'example_branch_dop_operator_v3' retrieved from /Users/punny/Documents/GitHub/NYC-Taxi-ETL-Pipeline/.venv/lib/python3.10/site-packages/airflow/example_dags/example_branch_python_dop_operator_3.py
[2024-10-21T22:27:11.101+0700] {logging_mixin.py:190} INFO - [2024-10-21T22:27:11.101+0700] {dag.py:3239} INFO - Sync 1 DAGs
[2024-10-21T22:27:11.131+0700] {logging_mixin.py:190} INFO - [2024-10-21T22:27:11.130+0700] {dag.py:4180} INFO - Setting next_dagrun for example_branch_dop_operator_v3 to 2024-10-21 15:26:00+00:00, run_after=2024-10-21 15:27:00+00:00
[2024-10-21T22:27:11.153+0700] {processor.py:208} INFO - Processing /Users/punny/Documents/GitHub/NYC-Taxi-ETL-Pipeline/.venv/lib/python3.10/site-packages/airflow/example_dags/example_branch_python_dop_operator_3.py took 0.290 seconds
[2024-10-21T22:33:00.766+0700] {processor.py:186} INFO - Started process (PID=13801) to work on /Users/punny/Documents/GitHub/NYC-Taxi-ETL-Pipeline/.venv/lib/python3.10/site-packages/airflow/example_dags/example_branch_python_dop_operator_3.py
[2024-10-21T22:33:00.771+0700] {processor.py:914} INFO - Processing file /Users/punny/Documents/GitHub/NYC-Taxi-ETL-Pipeline/.venv/lib/python3.10/site-packages/airflow/example_dags/example_branch_python_dop_operator_3.py for tasks to queue
[2024-10-21T22:33:00.773+0700] {logging_mixin.py:190} INFO - [2024-10-21T22:33:00.773+0700] {dagbag.py:588} INFO - Filling up the DagBag from /Users/punny/Documents/GitHub/NYC-Taxi-ETL-Pipeline/.venv/lib/python3.10/site-packages/airflow/example_dags/example_branch_python_dop_operator_3.py
[2024-10-21T22:33:00.848+0700] {processor.py:925} INFO - DAG(s) 'example_branch_dop_operator_v3' retrieved from /Users/punny/Documents/GitHub/NYC-Taxi-ETL-Pipeline/.venv/lib/python3.10/site-packages/airflow/example_dags/example_branch_python_dop_operator_3.py
[2024-10-21T22:33:01.030+0700] {logging_mixin.py:190} INFO - [2024-10-21T22:33:01.029+0700] {dag.py:3239} INFO - Sync 1 DAGs
[2024-10-21T22:33:01.058+0700] {logging_mixin.py:190} INFO - [2024-10-21T22:33:01.058+0700] {dag.py:4180} INFO - Setting next_dagrun for example_branch_dop_operator_v3 to 2024-10-21 15:32:00+00:00, run_after=2024-10-21 15:33:00+00:00
[2024-10-21T22:33:01.080+0700] {processor.py:208} INFO - Processing /Users/punny/Documents/GitHub/NYC-Taxi-ETL-Pipeline/.venv/lib/python3.10/site-packages/airflow/example_dags/example_branch_python_dop_operator_3.py took 0.323 seconds
