[2024-10-21T13:09:41.947+0700] {processor.py:186} INFO - Started process (PID=34493) to work on /Users/punny/Documents/GitHub/NYC-Taxi-ETL-Pipeline/.venv/lib/python3.10/site-packages/airflow/example_dags/example_external_task_marker_dag.py
[2024-10-21T13:09:41.953+0700] {processor.py:914} INFO - Processing file /Users/punny/Documents/GitHub/NYC-Taxi-ETL-Pipeline/.venv/lib/python3.10/site-packages/airflow/example_dags/example_external_task_marker_dag.py for tasks to queue
[2024-10-21T13:09:41.956+0700] {logging_mixin.py:190} INFO - [2024-10-21T13:09:41.955+0700] {dagbag.py:588} INFO - Filling up the DagBag from /Users/punny/Documents/GitHub/NYC-Taxi-ETL-Pipeline/.venv/lib/python3.10/site-packages/airflow/example_dags/example_external_task_marker_dag.py
[2024-10-21T13:09:42.007+0700] {processor.py:925} INFO - DAG(s) 'example_external_task_marker_parent', 'example_external_task_marker_child' retrieved from /Users/punny/Documents/GitHub/NYC-Taxi-ETL-Pipeline/.venv/lib/python3.10/site-packages/airflow/example_dags/example_external_task_marker_dag.py
[2024-10-21T13:09:44.347+0700] {logging_mixin.py:190} INFO - [2024-10-21T13:09:44.346+0700] {dag.py:3239} INFO - Sync 2 DAGs
[2024-10-21T13:09:44.393+0700] {logging_mixin.py:190} INFO - [2024-10-21T13:09:44.393+0700] {dag.py:4180} INFO - Setting next_dagrun for example_external_task_marker_child to None, run_after=None
[2024-10-21T13:09:44.405+0700] {logging_mixin.py:190} INFO - [2024-10-21T13:09:44.404+0700] {dag.py:4180} INFO - Setting next_dagrun for example_external_task_marker_parent to None, run_after=None
[2024-10-21T13:09:44.462+0700] {processor.py:208} INFO - Processing /Users/punny/Documents/GitHub/NYC-Taxi-ETL-Pipeline/.venv/lib/python3.10/site-packages/airflow/example_dags/example_external_task_marker_dag.py took 2.532 seconds
[2024-10-21T14:22:45.051+0700] {processor.py:186} INFO - Started process (PID=35314) to work on /Users/punny/Documents/GitHub/NYC-Taxi-ETL-Pipeline/.venv/lib/python3.10/site-packages/airflow/example_dags/example_external_task_marker_dag.py
[2024-10-21T14:22:45.058+0700] {processor.py:914} INFO - Processing file /Users/punny/Documents/GitHub/NYC-Taxi-ETL-Pipeline/.venv/lib/python3.10/site-packages/airflow/example_dags/example_external_task_marker_dag.py for tasks to queue
[2024-10-21T14:22:45.061+0700] {logging_mixin.py:190} INFO - [2024-10-21T14:22:45.060+0700] {dagbag.py:588} INFO - Filling up the DagBag from /Users/punny/Documents/GitHub/NYC-Taxi-ETL-Pipeline/.venv/lib/python3.10/site-packages/airflow/example_dags/example_external_task_marker_dag.py
[2024-10-21T14:22:45.111+0700] {processor.py:925} INFO - DAG(s) 'example_external_task_marker_parent', 'example_external_task_marker_child' retrieved from /Users/punny/Documents/GitHub/NYC-Taxi-ETL-Pipeline/.venv/lib/python3.10/site-packages/airflow/example_dags/example_external_task_marker_dag.py
[2024-10-21T14:22:46.897+0700] {logging_mixin.py:190} INFO - [2024-10-21T14:22:46.896+0700] {dag.py:3239} INFO - Sync 2 DAGs
[2024-10-21T14:22:46.937+0700] {logging_mixin.py:190} INFO - [2024-10-21T14:22:46.936+0700] {dag.py:4180} INFO - Setting next_dagrun for example_external_task_marker_child to None, run_after=None
[2024-10-21T14:22:46.945+0700] {logging_mixin.py:190} INFO - [2024-10-21T14:22:46.944+0700] {dag.py:4180} INFO - Setting next_dagrun for example_external_task_marker_parent to None, run_after=None
[2024-10-21T14:22:46.989+0700] {processor.py:208} INFO - Processing /Users/punny/Documents/GitHub/NYC-Taxi-ETL-Pipeline/.venv/lib/python3.10/site-packages/airflow/example_dags/example_external_task_marker_dag.py took 1.954 seconds
[2024-10-21T14:49:44.703+0700] {processor.py:186} INFO - Started process (PID=36140) to work on /Users/punny/Documents/GitHub/NYC-Taxi-ETL-Pipeline/.venv/lib/python3.10/site-packages/airflow/example_dags/example_external_task_marker_dag.py
[2024-10-21T14:49:44.706+0700] {processor.py:914} INFO - Processing file /Users/punny/Documents/GitHub/NYC-Taxi-ETL-Pipeline/.venv/lib/python3.10/site-packages/airflow/example_dags/example_external_task_marker_dag.py for tasks to queue
[2024-10-21T14:49:44.708+0700] {logging_mixin.py:190} INFO - [2024-10-21T14:49:44.707+0700] {dagbag.py:588} INFO - Filling up the DagBag from /Users/punny/Documents/GitHub/NYC-Taxi-ETL-Pipeline/.venv/lib/python3.10/site-packages/airflow/example_dags/example_external_task_marker_dag.py
[2024-10-21T14:49:44.730+0700] {processor.py:925} INFO - DAG(s) 'example_external_task_marker_child', 'example_external_task_marker_parent' retrieved from /Users/punny/Documents/GitHub/NYC-Taxi-ETL-Pipeline/.venv/lib/python3.10/site-packages/airflow/example_dags/example_external_task_marker_dag.py
[2024-10-21T14:49:45.567+0700] {logging_mixin.py:190} INFO - [2024-10-21T14:49:45.567+0700] {dag.py:3239} INFO - Sync 2 DAGs
[2024-10-21T14:49:45.582+0700] {logging_mixin.py:190} INFO - [2024-10-21T14:49:45.582+0700] {dag.py:4180} INFO - Setting next_dagrun for example_external_task_marker_child to None, run_after=None
[2024-10-21T14:49:45.586+0700] {logging_mixin.py:190} INFO - [2024-10-21T14:49:45.586+0700] {dag.py:4180} INFO - Setting next_dagrun for example_external_task_marker_parent to None, run_after=None
[2024-10-21T14:49:45.606+0700] {processor.py:208} INFO - Processing /Users/punny/Documents/GitHub/NYC-Taxi-ETL-Pipeline/.venv/lib/python3.10/site-packages/airflow/example_dags/example_external_task_marker_dag.py took 0.911 seconds
[2024-10-21T14:53:18.780+0700] {processor.py:186} INFO - Started process (PID=36693) to work on /Users/punny/Documents/GitHub/NYC-Taxi-ETL-Pipeline/.venv/lib/python3.10/site-packages/airflow/example_dags/example_external_task_marker_dag.py
[2024-10-21T14:53:18.783+0700] {processor.py:914} INFO - Processing file /Users/punny/Documents/GitHub/NYC-Taxi-ETL-Pipeline/.venv/lib/python3.10/site-packages/airflow/example_dags/example_external_task_marker_dag.py for tasks to queue
[2024-10-21T14:53:18.784+0700] {logging_mixin.py:190} INFO - [2024-10-21T14:53:18.784+0700] {dagbag.py:588} INFO - Filling up the DagBag from /Users/punny/Documents/GitHub/NYC-Taxi-ETL-Pipeline/.venv/lib/python3.10/site-packages/airflow/example_dags/example_external_task_marker_dag.py
[2024-10-21T14:53:18.802+0700] {processor.py:925} INFO - DAG(s) 'example_external_task_marker_child', 'example_external_task_marker_parent' retrieved from /Users/punny/Documents/GitHub/NYC-Taxi-ETL-Pipeline/.venv/lib/python3.10/site-packages/airflow/example_dags/example_external_task_marker_dag.py
[2024-10-21T14:53:19.594+0700] {logging_mixin.py:190} INFO - [2024-10-21T14:53:19.594+0700] {dag.py:3239} INFO - Sync 2 DAGs
[2024-10-21T14:53:19.612+0700] {logging_mixin.py:190} INFO - [2024-10-21T14:53:19.611+0700] {dag.py:4180} INFO - Setting next_dagrun for example_external_task_marker_child to None, run_after=None
[2024-10-21T14:53:19.616+0700] {logging_mixin.py:190} INFO - [2024-10-21T14:53:19.616+0700] {dag.py:4180} INFO - Setting next_dagrun for example_external_task_marker_parent to None, run_after=None
[2024-10-21T14:53:19.639+0700] {processor.py:208} INFO - Processing /Users/punny/Documents/GitHub/NYC-Taxi-ETL-Pipeline/.venv/lib/python3.10/site-packages/airflow/example_dags/example_external_task_marker_dag.py took 0.868 seconds
[2024-10-21T14:56:43.189+0700] {processor.py:186} INFO - Started process (PID=37202) to work on /Users/punny/Documents/GitHub/NYC-Taxi-ETL-Pipeline/.venv/lib/python3.10/site-packages/airflow/example_dags/example_external_task_marker_dag.py
[2024-10-21T14:56:43.193+0700] {processor.py:914} INFO - Processing file /Users/punny/Documents/GitHub/NYC-Taxi-ETL-Pipeline/.venv/lib/python3.10/site-packages/airflow/example_dags/example_external_task_marker_dag.py for tasks to queue
[2024-10-21T14:56:43.194+0700] {logging_mixin.py:190} INFO - [2024-10-21T14:56:43.194+0700] {dagbag.py:588} INFO - Filling up the DagBag from /Users/punny/Documents/GitHub/NYC-Taxi-ETL-Pipeline/.venv/lib/python3.10/site-packages/airflow/example_dags/example_external_task_marker_dag.py
[2024-10-21T14:56:43.219+0700] {processor.py:925} INFO - DAG(s) 'example_external_task_marker_child', 'example_external_task_marker_parent' retrieved from /Users/punny/Documents/GitHub/NYC-Taxi-ETL-Pipeline/.venv/lib/python3.10/site-packages/airflow/example_dags/example_external_task_marker_dag.py
[2024-10-21T14:56:45.180+0700] {logging_mixin.py:190} INFO - [2024-10-21T14:56:45.180+0700] {dag.py:3239} INFO - Sync 2 DAGs
[2024-10-21T14:56:45.211+0700] {logging_mixin.py:190} INFO - [2024-10-21T14:56:45.210+0700] {dag.py:4180} INFO - Setting next_dagrun for example_external_task_marker_child to None, run_after=None
[2024-10-21T14:56:45.221+0700] {logging_mixin.py:190} INFO - [2024-10-21T14:56:45.220+0700] {dag.py:4180} INFO - Setting next_dagrun for example_external_task_marker_parent to None, run_after=None
[2024-10-21T14:56:45.262+0700] {processor.py:208} INFO - Processing /Users/punny/Documents/GitHub/NYC-Taxi-ETL-Pipeline/.venv/lib/python3.10/site-packages/airflow/example_dags/example_external_task_marker_dag.py took 2.087 seconds
[2024-10-21T15:02:07.529+0700] {processor.py:186} INFO - Started process (PID=38012) to work on /Users/punny/Documents/GitHub/NYC-Taxi-ETL-Pipeline/.venv/lib/python3.10/site-packages/airflow/example_dags/example_external_task_marker_dag.py
[2024-10-21T15:02:07.535+0700] {processor.py:914} INFO - Processing file /Users/punny/Documents/GitHub/NYC-Taxi-ETL-Pipeline/.venv/lib/python3.10/site-packages/airflow/example_dags/example_external_task_marker_dag.py for tasks to queue
[2024-10-21T15:02:07.540+0700] {logging_mixin.py:190} INFO - [2024-10-21T15:02:07.539+0700] {dagbag.py:588} INFO - Filling up the DagBag from /Users/punny/Documents/GitHub/NYC-Taxi-ETL-Pipeline/.venv/lib/python3.10/site-packages/airflow/example_dags/example_external_task_marker_dag.py
[2024-10-21T15:02:07.617+0700] {processor.py:925} INFO - DAG(s) 'example_external_task_marker_parent', 'example_external_task_marker_child' retrieved from /Users/punny/Documents/GitHub/NYC-Taxi-ETL-Pipeline/.venv/lib/python3.10/site-packages/airflow/example_dags/example_external_task_marker_dag.py
[2024-10-21T15:02:09.940+0700] {logging_mixin.py:190} INFO - [2024-10-21T15:02:09.939+0700] {dag.py:3239} INFO - Sync 2 DAGs
[2024-10-21T15:02:09.985+0700] {logging_mixin.py:190} INFO - [2024-10-21T15:02:09.984+0700] {dag.py:4180} INFO - Setting next_dagrun for example_external_task_marker_child to None, run_after=None
[2024-10-21T15:02:10.027+0700] {logging_mixin.py:190} INFO - [2024-10-21T15:02:10.026+0700] {dag.py:4180} INFO - Setting next_dagrun for example_external_task_marker_parent to None, run_after=None
[2024-10-21T15:02:10.081+0700] {processor.py:208} INFO - Processing /Users/punny/Documents/GitHub/NYC-Taxi-ETL-Pipeline/.venv/lib/python3.10/site-packages/airflow/example_dags/example_external_task_marker_dag.py took 2.593 seconds
[2024-10-21T15:07:32.336+0700] {processor.py:186} INFO - Started process (PID=38682) to work on /Users/punny/Documents/GitHub/NYC-Taxi-ETL-Pipeline/.venv/lib/python3.10/site-packages/airflow/example_dags/example_external_task_marker_dag.py
[2024-10-21T15:07:32.341+0700] {processor.py:914} INFO - Processing file /Users/punny/Documents/GitHub/NYC-Taxi-ETL-Pipeline/.venv/lib/python3.10/site-packages/airflow/example_dags/example_external_task_marker_dag.py for tasks to queue
[2024-10-21T15:07:32.343+0700] {logging_mixin.py:190} INFO - [2024-10-21T15:07:32.343+0700] {dagbag.py:588} INFO - Filling up the DagBag from /Users/punny/Documents/GitHub/NYC-Taxi-ETL-Pipeline/.venv/lib/python3.10/site-packages/airflow/example_dags/example_external_task_marker_dag.py
[2024-10-21T15:07:32.369+0700] {processor.py:925} INFO - DAG(s) 'example_external_task_marker_parent', 'example_external_task_marker_child' retrieved from /Users/punny/Documents/GitHub/NYC-Taxi-ETL-Pipeline/.venv/lib/python3.10/site-packages/airflow/example_dags/example_external_task_marker_dag.py
[2024-10-21T15:07:33.635+0700] {logging_mixin.py:190} INFO - [2024-10-21T15:07:33.635+0700] {dag.py:3239} INFO - Sync 2 DAGs
[2024-10-21T15:07:33.656+0700] {logging_mixin.py:190} INFO - [2024-10-21T15:07:33.656+0700] {dag.py:4180} INFO - Setting next_dagrun for example_external_task_marker_child to None, run_after=None
[2024-10-21T15:07:33.662+0700] {logging_mixin.py:190} INFO - [2024-10-21T15:07:33.661+0700] {dag.py:4180} INFO - Setting next_dagrun for example_external_task_marker_parent to None, run_after=None
[2024-10-21T15:07:33.688+0700] {processor.py:208} INFO - Processing /Users/punny/Documents/GitHub/NYC-Taxi-ETL-Pipeline/.venv/lib/python3.10/site-packages/airflow/example_dags/example_external_task_marker_dag.py took 1.363 seconds
[2024-10-21T15:12:10.822+0700] {processor.py:186} INFO - Started process (PID=39303) to work on /Users/punny/Documents/GitHub/NYC-Taxi-ETL-Pipeline/.venv/lib/python3.10/site-packages/airflow/example_dags/example_external_task_marker_dag.py
[2024-10-21T15:12:10.831+0700] {processor.py:914} INFO - Processing file /Users/punny/Documents/GitHub/NYC-Taxi-ETL-Pipeline/.venv/lib/python3.10/site-packages/airflow/example_dags/example_external_task_marker_dag.py for tasks to queue
[2024-10-21T15:12:10.833+0700] {logging_mixin.py:190} INFO - [2024-10-21T15:12:10.833+0700] {dagbag.py:588} INFO - Filling up the DagBag from /Users/punny/Documents/GitHub/NYC-Taxi-ETL-Pipeline/.venv/lib/python3.10/site-packages/airflow/example_dags/example_external_task_marker_dag.py
[2024-10-21T15:12:10.862+0700] {processor.py:925} INFO - DAG(s) 'example_external_task_marker_parent', 'example_external_task_marker_child' retrieved from /Users/punny/Documents/GitHub/NYC-Taxi-ETL-Pipeline/.venv/lib/python3.10/site-packages/airflow/example_dags/example_external_task_marker_dag.py
[2024-10-21T15:12:12.164+0700] {logging_mixin.py:190} INFO - [2024-10-21T15:12:12.163+0700] {dag.py:3239} INFO - Sync 2 DAGs
[2024-10-21T15:12:12.186+0700] {logging_mixin.py:190} INFO - [2024-10-21T15:12:12.186+0700] {dag.py:4180} INFO - Setting next_dagrun for example_external_task_marker_child to None, run_after=None
[2024-10-21T15:12:12.192+0700] {logging_mixin.py:190} INFO - [2024-10-21T15:12:12.192+0700] {dag.py:4180} INFO - Setting next_dagrun for example_external_task_marker_parent to None, run_after=None
[2024-10-21T15:12:12.222+0700] {processor.py:208} INFO - Processing /Users/punny/Documents/GitHub/NYC-Taxi-ETL-Pipeline/.venv/lib/python3.10/site-packages/airflow/example_dags/example_external_task_marker_dag.py took 1.411 seconds
[2024-10-21T15:16:30.076+0700] {processor.py:186} INFO - Started process (PID=39826) to work on /Users/punny/Documents/GitHub/NYC-Taxi-ETL-Pipeline/.venv/lib/python3.10/site-packages/airflow/example_dags/example_external_task_marker_dag.py
[2024-10-21T15:16:30.080+0700] {processor.py:914} INFO - Processing file /Users/punny/Documents/GitHub/NYC-Taxi-ETL-Pipeline/.venv/lib/python3.10/site-packages/airflow/example_dags/example_external_task_marker_dag.py for tasks to queue
[2024-10-21T15:16:30.082+0700] {logging_mixin.py:190} INFO - [2024-10-21T15:16:30.082+0700] {dagbag.py:588} INFO - Filling up the DagBag from /Users/punny/Documents/GitHub/NYC-Taxi-ETL-Pipeline/.venv/lib/python3.10/site-packages/airflow/example_dags/example_external_task_marker_dag.py
[2024-10-21T15:16:30.111+0700] {processor.py:925} INFO - DAG(s) 'example_external_task_marker_parent', 'example_external_task_marker_child' retrieved from /Users/punny/Documents/GitHub/NYC-Taxi-ETL-Pipeline/.venv/lib/python3.10/site-packages/airflow/example_dags/example_external_task_marker_dag.py
[2024-10-21T15:16:31.383+0700] {logging_mixin.py:190} INFO - [2024-10-21T15:16:31.382+0700] {dag.py:3239} INFO - Sync 2 DAGs
[2024-10-21T15:16:31.406+0700] {logging_mixin.py:190} INFO - [2024-10-21T15:16:31.406+0700] {dag.py:4180} INFO - Setting next_dagrun for example_external_task_marker_child to None, run_after=None
[2024-10-21T15:16:31.411+0700] {logging_mixin.py:190} INFO - [2024-10-21T15:16:31.411+0700] {dag.py:4180} INFO - Setting next_dagrun for example_external_task_marker_parent to None, run_after=None
[2024-10-21T15:16:31.444+0700] {processor.py:208} INFO - Processing /Users/punny/Documents/GitHub/NYC-Taxi-ETL-Pipeline/.venv/lib/python3.10/site-packages/airflow/example_dags/example_external_task_marker_dag.py took 1.378 seconds
[2024-10-21T15:20:49.372+0700] {processor.py:186} INFO - Started process (PID=40393) to work on /Users/punny/Documents/GitHub/NYC-Taxi-ETL-Pipeline/.venv/lib/python3.10/site-packages/airflow/example_dags/example_external_task_marker_dag.py
[2024-10-21T15:20:49.375+0700] {processor.py:914} INFO - Processing file /Users/punny/Documents/GitHub/NYC-Taxi-ETL-Pipeline/.venv/lib/python3.10/site-packages/airflow/example_dags/example_external_task_marker_dag.py for tasks to queue
[2024-10-21T15:20:49.376+0700] {logging_mixin.py:190} INFO - [2024-10-21T15:20:49.376+0700] {dagbag.py:588} INFO - Filling up the DagBag from /Users/punny/Documents/GitHub/NYC-Taxi-ETL-Pipeline/.venv/lib/python3.10/site-packages/airflow/example_dags/example_external_task_marker_dag.py
[2024-10-21T15:20:49.402+0700] {processor.py:925} INFO - DAG(s) 'example_external_task_marker_child', 'example_external_task_marker_parent' retrieved from /Users/punny/Documents/GitHub/NYC-Taxi-ETL-Pipeline/.venv/lib/python3.10/site-packages/airflow/example_dags/example_external_task_marker_dag.py
[2024-10-21T15:20:50.626+0700] {logging_mixin.py:190} INFO - [2024-10-21T15:20:50.626+0700] {dag.py:3239} INFO - Sync 2 DAGs
[2024-10-21T15:20:50.651+0700] {logging_mixin.py:190} INFO - [2024-10-21T15:20:50.651+0700] {dag.py:4180} INFO - Setting next_dagrun for example_external_task_marker_child to None, run_after=None
[2024-10-21T15:20:50.655+0700] {logging_mixin.py:190} INFO - [2024-10-21T15:20:50.655+0700] {dag.py:4180} INFO - Setting next_dagrun for example_external_task_marker_parent to None, run_after=None
[2024-10-21T15:20:50.684+0700] {processor.py:208} INFO - Processing /Users/punny/Documents/GitHub/NYC-Taxi-ETL-Pipeline/.venv/lib/python3.10/site-packages/airflow/example_dags/example_external_task_marker_dag.py took 1.320 seconds
[2024-10-21T15:24:52.542+0700] {processor.py:186} INFO - Started process (PID=40892) to work on /Users/punny/Documents/GitHub/NYC-Taxi-ETL-Pipeline/.venv/lib/python3.10/site-packages/airflow/example_dags/example_external_task_marker_dag.py
[2024-10-21T15:24:52.549+0700] {processor.py:914} INFO - Processing file /Users/punny/Documents/GitHub/NYC-Taxi-ETL-Pipeline/.venv/lib/python3.10/site-packages/airflow/example_dags/example_external_task_marker_dag.py for tasks to queue
[2024-10-21T15:24:52.552+0700] {logging_mixin.py:190} INFO - [2024-10-21T15:24:52.551+0700] {dagbag.py:588} INFO - Filling up the DagBag from /Users/punny/Documents/GitHub/NYC-Taxi-ETL-Pipeline/.venv/lib/python3.10/site-packages/airflow/example_dags/example_external_task_marker_dag.py
[2024-10-21T15:24:52.593+0700] {processor.py:925} INFO - DAG(s) 'example_external_task_marker_parent', 'example_external_task_marker_child' retrieved from /Users/punny/Documents/GitHub/NYC-Taxi-ETL-Pipeline/.venv/lib/python3.10/site-packages/airflow/example_dags/example_external_task_marker_dag.py
[2024-10-21T15:24:53.779+0700] {logging_mixin.py:190} INFO - [2024-10-21T15:24:53.778+0700] {dag.py:3239} INFO - Sync 2 DAGs
[2024-10-21T15:24:53.800+0700] {logging_mixin.py:190} INFO - [2024-10-21T15:24:53.800+0700] {dag.py:4180} INFO - Setting next_dagrun for example_external_task_marker_child to None, run_after=None
[2024-10-21T15:24:53.805+0700] {logging_mixin.py:190} INFO - [2024-10-21T15:24:53.805+0700] {dag.py:4180} INFO - Setting next_dagrun for example_external_task_marker_parent to None, run_after=None
[2024-10-21T15:24:53.829+0700] {processor.py:208} INFO - Processing /Users/punny/Documents/GitHub/NYC-Taxi-ETL-Pipeline/.venv/lib/python3.10/site-packages/airflow/example_dags/example_external_task_marker_dag.py took 1.298 seconds
[2024-10-21T15:28:47.884+0700] {processor.py:186} INFO - Started process (PID=41372) to work on /Users/punny/Documents/GitHub/NYC-Taxi-ETL-Pipeline/.venv/lib/python3.10/site-packages/airflow/example_dags/example_external_task_marker_dag.py
[2024-10-21T15:28:47.888+0700] {processor.py:914} INFO - Processing file /Users/punny/Documents/GitHub/NYC-Taxi-ETL-Pipeline/.venv/lib/python3.10/site-packages/airflow/example_dags/example_external_task_marker_dag.py for tasks to queue
[2024-10-21T15:28:47.890+0700] {logging_mixin.py:190} INFO - [2024-10-21T15:28:47.889+0700] {dagbag.py:588} INFO - Filling up the DagBag from /Users/punny/Documents/GitHub/NYC-Taxi-ETL-Pipeline/.venv/lib/python3.10/site-packages/airflow/example_dags/example_external_task_marker_dag.py
[2024-10-21T15:28:47.914+0700] {processor.py:925} INFO - DAG(s) 'example_external_task_marker_child', 'example_external_task_marker_parent' retrieved from /Users/punny/Documents/GitHub/NYC-Taxi-ETL-Pipeline/.venv/lib/python3.10/site-packages/airflow/example_dags/example_external_task_marker_dag.py
[2024-10-21T15:28:49.041+0700] {logging_mixin.py:190} INFO - [2024-10-21T15:28:49.040+0700] {dag.py:3239} INFO - Sync 2 DAGs
[2024-10-21T15:28:49.066+0700] {logging_mixin.py:190} INFO - [2024-10-21T15:28:49.066+0700] {dag.py:4180} INFO - Setting next_dagrun for example_external_task_marker_child to None, run_after=None
[2024-10-21T15:28:49.071+0700] {logging_mixin.py:190} INFO - [2024-10-21T15:28:49.071+0700] {dag.py:4180} INFO - Setting next_dagrun for example_external_task_marker_parent to None, run_after=None
[2024-10-21T15:28:49.106+0700] {processor.py:208} INFO - Processing /Users/punny/Documents/GitHub/NYC-Taxi-ETL-Pipeline/.venv/lib/python3.10/site-packages/airflow/example_dags/example_external_task_marker_dag.py took 1.233 seconds
[2024-10-21T15:32:53.326+0700] {processor.py:186} INFO - Started process (PID=41915) to work on /Users/punny/Documents/GitHub/NYC-Taxi-ETL-Pipeline/.venv/lib/python3.10/site-packages/airflow/example_dags/example_external_task_marker_dag.py
[2024-10-21T15:32:53.341+0700] {processor.py:914} INFO - Processing file /Users/punny/Documents/GitHub/NYC-Taxi-ETL-Pipeline/.venv/lib/python3.10/site-packages/airflow/example_dags/example_external_task_marker_dag.py for tasks to queue
[2024-10-21T15:32:53.343+0700] {logging_mixin.py:190} INFO - [2024-10-21T15:32:53.343+0700] {dagbag.py:588} INFO - Filling up the DagBag from /Users/punny/Documents/GitHub/NYC-Taxi-ETL-Pipeline/.venv/lib/python3.10/site-packages/airflow/example_dags/example_external_task_marker_dag.py
[2024-10-21T15:32:53.373+0700] {processor.py:925} INFO - DAG(s) 'example_external_task_marker_child', 'example_external_task_marker_parent' retrieved from /Users/punny/Documents/GitHub/NYC-Taxi-ETL-Pipeline/.venv/lib/python3.10/site-packages/airflow/example_dags/example_external_task_marker_dag.py
[2024-10-21T15:32:54.550+0700] {logging_mixin.py:190} INFO - [2024-10-21T15:32:54.548+0700] {dag.py:3239} INFO - Sync 2 DAGs
[2024-10-21T15:32:54.573+0700] {logging_mixin.py:190} INFO - [2024-10-21T15:32:54.572+0700] {dag.py:4180} INFO - Setting next_dagrun for example_external_task_marker_child to None, run_after=None
[2024-10-21T15:32:54.580+0700] {logging_mixin.py:190} INFO - [2024-10-21T15:32:54.577+0700] {dag.py:4180} INFO - Setting next_dagrun for example_external_task_marker_parent to None, run_after=None
[2024-10-21T15:32:54.614+0700] {processor.py:208} INFO - Processing /Users/punny/Documents/GitHub/NYC-Taxi-ETL-Pipeline/.venv/lib/python3.10/site-packages/airflow/example_dags/example_external_task_marker_dag.py took 1.302 seconds
[2024-10-21T15:36:49.228+0700] {processor.py:186} INFO - Started process (PID=42386) to work on /Users/punny/Documents/GitHub/NYC-Taxi-ETL-Pipeline/.venv/lib/python3.10/site-packages/airflow/example_dags/example_external_task_marker_dag.py
[2024-10-21T15:36:49.232+0700] {processor.py:914} INFO - Processing file /Users/punny/Documents/GitHub/NYC-Taxi-ETL-Pipeline/.venv/lib/python3.10/site-packages/airflow/example_dags/example_external_task_marker_dag.py for tasks to queue
[2024-10-21T15:36:49.234+0700] {logging_mixin.py:190} INFO - [2024-10-21T15:36:49.233+0700] {dagbag.py:588} INFO - Filling up the DagBag from /Users/punny/Documents/GitHub/NYC-Taxi-ETL-Pipeline/.venv/lib/python3.10/site-packages/airflow/example_dags/example_external_task_marker_dag.py
[2024-10-21T15:36:49.267+0700] {processor.py:925} INFO - DAG(s) 'example_external_task_marker_child', 'example_external_task_marker_parent' retrieved from /Users/punny/Documents/GitHub/NYC-Taxi-ETL-Pipeline/.venv/lib/python3.10/site-packages/airflow/example_dags/example_external_task_marker_dag.py
[2024-10-21T15:36:50.649+0700] {logging_mixin.py:190} INFO - [2024-10-21T15:36:50.649+0700] {dag.py:3239} INFO - Sync 2 DAGs
[2024-10-21T15:36:50.677+0700] {logging_mixin.py:190} INFO - [2024-10-21T15:36:50.677+0700] {dag.py:4180} INFO - Setting next_dagrun for example_external_task_marker_child to None, run_after=None
[2024-10-21T15:36:50.682+0700] {logging_mixin.py:190} INFO - [2024-10-21T15:36:50.682+0700] {dag.py:4180} INFO - Setting next_dagrun for example_external_task_marker_parent to None, run_after=None
[2024-10-21T15:36:50.716+0700] {processor.py:208} INFO - Processing /Users/punny/Documents/GitHub/NYC-Taxi-ETL-Pipeline/.venv/lib/python3.10/site-packages/airflow/example_dags/example_external_task_marker_dag.py took 1.499 seconds
[2024-10-21T15:40:51.716+0700] {processor.py:186} INFO - Started process (PID=43001) to work on /Users/punny/Documents/GitHub/NYC-Taxi-ETL-Pipeline/.venv/lib/python3.10/site-packages/airflow/example_dags/example_external_task_marker_dag.py
[2024-10-21T15:40:51.722+0700] {processor.py:914} INFO - Processing file /Users/punny/Documents/GitHub/NYC-Taxi-ETL-Pipeline/.venv/lib/python3.10/site-packages/airflow/example_dags/example_external_task_marker_dag.py for tasks to queue
[2024-10-21T15:40:51.724+0700] {logging_mixin.py:190} INFO - [2024-10-21T15:40:51.724+0700] {dagbag.py:588} INFO - Filling up the DagBag from /Users/punny/Documents/GitHub/NYC-Taxi-ETL-Pipeline/.venv/lib/python3.10/site-packages/airflow/example_dags/example_external_task_marker_dag.py
[2024-10-21T15:40:51.750+0700] {processor.py:925} INFO - DAG(s) 'example_external_task_marker_parent', 'example_external_task_marker_child' retrieved from /Users/punny/Documents/GitHub/NYC-Taxi-ETL-Pipeline/.venv/lib/python3.10/site-packages/airflow/example_dags/example_external_task_marker_dag.py
[2024-10-21T15:40:52.847+0700] {logging_mixin.py:190} INFO - [2024-10-21T15:40:52.846+0700] {dag.py:3239} INFO - Sync 2 DAGs
[2024-10-21T15:40:52.870+0700] {logging_mixin.py:190} INFO - [2024-10-21T15:40:52.870+0700] {dag.py:4180} INFO - Setting next_dagrun for example_external_task_marker_child to None, run_after=None
[2024-10-21T15:40:52.875+0700] {logging_mixin.py:190} INFO - [2024-10-21T15:40:52.874+0700] {dag.py:4180} INFO - Setting next_dagrun for example_external_task_marker_parent to None, run_after=None
[2024-10-21T15:40:52.905+0700] {processor.py:208} INFO - Processing /Users/punny/Documents/GitHub/NYC-Taxi-ETL-Pipeline/.venv/lib/python3.10/site-packages/airflow/example_dags/example_external_task_marker_dag.py took 1.207 seconds
[2024-10-21T15:44:44.659+0700] {processor.py:186} INFO - Started process (PID=43493) to work on /Users/punny/Documents/GitHub/NYC-Taxi-ETL-Pipeline/.venv/lib/python3.10/site-packages/airflow/example_dags/example_external_task_marker_dag.py
[2024-10-21T15:44:44.664+0700] {processor.py:914} INFO - Processing file /Users/punny/Documents/GitHub/NYC-Taxi-ETL-Pipeline/.venv/lib/python3.10/site-packages/airflow/example_dags/example_external_task_marker_dag.py for tasks to queue
[2024-10-21T15:44:44.665+0700] {logging_mixin.py:190} INFO - [2024-10-21T15:44:44.665+0700] {dagbag.py:588} INFO - Filling up the DagBag from /Users/punny/Documents/GitHub/NYC-Taxi-ETL-Pipeline/.venv/lib/python3.10/site-packages/airflow/example_dags/example_external_task_marker_dag.py
[2024-10-21T15:44:44.688+0700] {processor.py:925} INFO - DAG(s) 'example_external_task_marker_child', 'example_external_task_marker_parent' retrieved from /Users/punny/Documents/GitHub/NYC-Taxi-ETL-Pipeline/.venv/lib/python3.10/site-packages/airflow/example_dags/example_external_task_marker_dag.py
[2024-10-21T15:44:45.749+0700] {logging_mixin.py:190} INFO - [2024-10-21T15:44:45.749+0700] {dag.py:3239} INFO - Sync 2 DAGs
[2024-10-21T15:44:45.778+0700] {logging_mixin.py:190} INFO - [2024-10-21T15:44:45.778+0700] {dag.py:4180} INFO - Setting next_dagrun for example_external_task_marker_child to None, run_after=None
[2024-10-21T15:44:45.782+0700] {logging_mixin.py:190} INFO - [2024-10-21T15:44:45.782+0700] {dag.py:4180} INFO - Setting next_dagrun for example_external_task_marker_parent to None, run_after=None
[2024-10-21T15:44:45.818+0700] {processor.py:208} INFO - Processing /Users/punny/Documents/GitHub/NYC-Taxi-ETL-Pipeline/.venv/lib/python3.10/site-packages/airflow/example_dags/example_external_task_marker_dag.py took 1.170 seconds
[2024-10-21T15:48:36.641+0700] {processor.py:186} INFO - Started process (PID=43945) to work on /Users/punny/Documents/GitHub/NYC-Taxi-ETL-Pipeline/.venv/lib/python3.10/site-packages/airflow/example_dags/example_external_task_marker_dag.py
[2024-10-21T15:48:36.646+0700] {processor.py:914} INFO - Processing file /Users/punny/Documents/GitHub/NYC-Taxi-ETL-Pipeline/.venv/lib/python3.10/site-packages/airflow/example_dags/example_external_task_marker_dag.py for tasks to queue
[2024-10-21T15:48:36.647+0700] {logging_mixin.py:190} INFO - [2024-10-21T15:48:36.647+0700] {dagbag.py:588} INFO - Filling up the DagBag from /Users/punny/Documents/GitHub/NYC-Taxi-ETL-Pipeline/.venv/lib/python3.10/site-packages/airflow/example_dags/example_external_task_marker_dag.py
[2024-10-21T15:48:36.673+0700] {processor.py:925} INFO - DAG(s) 'example_external_task_marker_child', 'example_external_task_marker_parent' retrieved from /Users/punny/Documents/GitHub/NYC-Taxi-ETL-Pipeline/.venv/lib/python3.10/site-packages/airflow/example_dags/example_external_task_marker_dag.py
[2024-10-21T15:48:37.937+0700] {logging_mixin.py:190} INFO - [2024-10-21T15:48:37.936+0700] {dag.py:3239} INFO - Sync 2 DAGs
[2024-10-21T15:48:37.965+0700] {logging_mixin.py:190} INFO - [2024-10-21T15:48:37.965+0700] {dag.py:4180} INFO - Setting next_dagrun for example_external_task_marker_child to None, run_after=None
[2024-10-21T15:48:37.972+0700] {logging_mixin.py:190} INFO - [2024-10-21T15:48:37.972+0700] {dag.py:4180} INFO - Setting next_dagrun for example_external_task_marker_parent to None, run_after=None
[2024-10-21T15:48:38.003+0700] {processor.py:208} INFO - Processing /Users/punny/Documents/GitHub/NYC-Taxi-ETL-Pipeline/.venv/lib/python3.10/site-packages/airflow/example_dags/example_external_task_marker_dag.py took 1.374 seconds
[2024-10-21T15:52:35.398+0700] {processor.py:186} INFO - Started process (PID=44485) to work on /Users/punny/Documents/GitHub/NYC-Taxi-ETL-Pipeline/.venv/lib/python3.10/site-packages/airflow/example_dags/example_external_task_marker_dag.py
[2024-10-21T15:52:35.416+0700] {processor.py:914} INFO - Processing file /Users/punny/Documents/GitHub/NYC-Taxi-ETL-Pipeline/.venv/lib/python3.10/site-packages/airflow/example_dags/example_external_task_marker_dag.py for tasks to queue
[2024-10-21T15:52:35.419+0700] {logging_mixin.py:190} INFO - [2024-10-21T15:52:35.417+0700] {dagbag.py:588} INFO - Filling up the DagBag from /Users/punny/Documents/GitHub/NYC-Taxi-ETL-Pipeline/.venv/lib/python3.10/site-packages/airflow/example_dags/example_external_task_marker_dag.py
[2024-10-21T15:52:35.478+0700] {processor.py:925} INFO - DAG(s) 'example_external_task_marker_child', 'example_external_task_marker_parent' retrieved from /Users/punny/Documents/GitHub/NYC-Taxi-ETL-Pipeline/.venv/lib/python3.10/site-packages/airflow/example_dags/example_external_task_marker_dag.py
[2024-10-21T15:52:36.719+0700] {logging_mixin.py:190} INFO - [2024-10-21T15:52:36.719+0700] {dag.py:3239} INFO - Sync 2 DAGs
[2024-10-21T15:52:36.745+0700] {logging_mixin.py:190} INFO - [2024-10-21T15:52:36.745+0700] {dag.py:4180} INFO - Setting next_dagrun for example_external_task_marker_child to None, run_after=None
[2024-10-21T15:52:36.749+0700] {logging_mixin.py:190} INFO - [2024-10-21T15:52:36.749+0700] {dag.py:4180} INFO - Setting next_dagrun for example_external_task_marker_parent to None, run_after=None
[2024-10-21T15:52:36.794+0700] {processor.py:208} INFO - Processing /Users/punny/Documents/GitHub/NYC-Taxi-ETL-Pipeline/.venv/lib/python3.10/site-packages/airflow/example_dags/example_external_task_marker_dag.py took 1.413 seconds
[2024-10-21T15:56:34.946+0700] {processor.py:186} INFO - Started process (PID=44989) to work on /Users/punny/Documents/GitHub/NYC-Taxi-ETL-Pipeline/.venv/lib/python3.10/site-packages/airflow/example_dags/example_external_task_marker_dag.py
[2024-10-21T15:56:34.951+0700] {processor.py:914} INFO - Processing file /Users/punny/Documents/GitHub/NYC-Taxi-ETL-Pipeline/.venv/lib/python3.10/site-packages/airflow/example_dags/example_external_task_marker_dag.py for tasks to queue
[2024-10-21T15:56:34.953+0700] {logging_mixin.py:190} INFO - [2024-10-21T15:56:34.953+0700] {dagbag.py:588} INFO - Filling up the DagBag from /Users/punny/Documents/GitHub/NYC-Taxi-ETL-Pipeline/.venv/lib/python3.10/site-packages/airflow/example_dags/example_external_task_marker_dag.py
[2024-10-21T15:56:34.981+0700] {processor.py:925} INFO - DAG(s) 'example_external_task_marker_child', 'example_external_task_marker_parent' retrieved from /Users/punny/Documents/GitHub/NYC-Taxi-ETL-Pipeline/.venv/lib/python3.10/site-packages/airflow/example_dags/example_external_task_marker_dag.py
[2024-10-21T15:56:36.141+0700] {logging_mixin.py:190} INFO - [2024-10-21T15:56:36.140+0700] {dag.py:3239} INFO - Sync 2 DAGs
[2024-10-21T15:56:36.161+0700] {logging_mixin.py:190} INFO - [2024-10-21T15:56:36.161+0700] {dag.py:4180} INFO - Setting next_dagrun for example_external_task_marker_child to None, run_after=None
[2024-10-21T15:56:36.168+0700] {logging_mixin.py:190} INFO - [2024-10-21T15:56:36.167+0700] {dag.py:4180} INFO - Setting next_dagrun for example_external_task_marker_parent to None, run_after=None
[2024-10-21T15:56:36.196+0700] {processor.py:208} INFO - Processing /Users/punny/Documents/GitHub/NYC-Taxi-ETL-Pipeline/.venv/lib/python3.10/site-packages/airflow/example_dags/example_external_task_marker_dag.py took 1.259 seconds
[2024-10-21T16:00:50.136+0700] {processor.py:186} INFO - Started process (PID=45566) to work on /Users/punny/Documents/GitHub/NYC-Taxi-ETL-Pipeline/.venv/lib/python3.10/site-packages/airflow/example_dags/example_external_task_marker_dag.py
[2024-10-21T16:00:50.142+0700] {processor.py:914} INFO - Processing file /Users/punny/Documents/GitHub/NYC-Taxi-ETL-Pipeline/.venv/lib/python3.10/site-packages/airflow/example_dags/example_external_task_marker_dag.py for tasks to queue
[2024-10-21T16:00:50.144+0700] {logging_mixin.py:190} INFO - [2024-10-21T16:00:50.143+0700] {dagbag.py:588} INFO - Filling up the DagBag from /Users/punny/Documents/GitHub/NYC-Taxi-ETL-Pipeline/.venv/lib/python3.10/site-packages/airflow/example_dags/example_external_task_marker_dag.py
[2024-10-21T16:00:50.173+0700] {processor.py:925} INFO - DAG(s) 'example_external_task_marker_child', 'example_external_task_marker_parent' retrieved from /Users/punny/Documents/GitHub/NYC-Taxi-ETL-Pipeline/.venv/lib/python3.10/site-packages/airflow/example_dags/example_external_task_marker_dag.py
[2024-10-21T16:00:51.321+0700] {logging_mixin.py:190} INFO - [2024-10-21T16:00:51.320+0700] {dag.py:3239} INFO - Sync 2 DAGs
[2024-10-21T16:00:51.346+0700] {logging_mixin.py:190} INFO - [2024-10-21T16:00:51.345+0700] {dag.py:4180} INFO - Setting next_dagrun for example_external_task_marker_child to None, run_after=None
[2024-10-21T16:00:51.351+0700] {logging_mixin.py:190} INFO - [2024-10-21T16:00:51.350+0700] {dag.py:4180} INFO - Setting next_dagrun for example_external_task_marker_parent to None, run_after=None
[2024-10-21T16:00:51.379+0700] {processor.py:208} INFO - Processing /Users/punny/Documents/GitHub/NYC-Taxi-ETL-Pipeline/.venv/lib/python3.10/site-packages/airflow/example_dags/example_external_task_marker_dag.py took 1.262 seconds
[2024-10-21T20:38:50.871+0700] {processor.py:186} INFO - Started process (PID=4419) to work on /Users/punny/Documents/GitHub/NYC-Taxi-ETL-Pipeline/.venv/lib/python3.10/site-packages/airflow/example_dags/example_external_task_marker_dag.py
[2024-10-21T20:38:50.874+0700] {processor.py:914} INFO - Processing file /Users/punny/Documents/GitHub/NYC-Taxi-ETL-Pipeline/.venv/lib/python3.10/site-packages/airflow/example_dags/example_external_task_marker_dag.py for tasks to queue
[2024-10-21T20:38:50.875+0700] {logging_mixin.py:190} INFO - [2024-10-21T20:38:50.875+0700] {dagbag.py:588} INFO - Filling up the DagBag from /Users/punny/Documents/GitHub/NYC-Taxi-ETL-Pipeline/.venv/lib/python3.10/site-packages/airflow/example_dags/example_external_task_marker_dag.py
[2024-10-21T20:38:50.892+0700] {processor.py:925} INFO - DAG(s) 'example_external_task_marker_child', 'example_external_task_marker_parent' retrieved from /Users/punny/Documents/GitHub/NYC-Taxi-ETL-Pipeline/.venv/lib/python3.10/site-packages/airflow/example_dags/example_external_task_marker_dag.py
[2024-10-21T20:38:51.542+0700] {logging_mixin.py:190} INFO - [2024-10-21T20:38:51.541+0700] {dag.py:3239} INFO - Sync 2 DAGs
[2024-10-21T20:38:51.557+0700] {logging_mixin.py:190} INFO - [2024-10-21T20:38:51.556+0700] {dag.py:4180} INFO - Setting next_dagrun for example_external_task_marker_child to None, run_after=None
[2024-10-21T20:38:51.560+0700] {logging_mixin.py:190} INFO - [2024-10-21T20:38:51.560+0700] {dag.py:4180} INFO - Setting next_dagrun for example_external_task_marker_parent to None, run_after=None
[2024-10-21T20:38:51.580+0700] {processor.py:208} INFO - Processing /Users/punny/Documents/GitHub/NYC-Taxi-ETL-Pipeline/.venv/lib/python3.10/site-packages/airflow/example_dags/example_external_task_marker_dag.py took 0.716 seconds
[2024-10-21T20:42:17.666+0700] {processor.py:186} INFO - Started process (PID=4700) to work on /Users/punny/Documents/GitHub/NYC-Taxi-ETL-Pipeline/.venv/lib/python3.10/site-packages/airflow/example_dags/example_external_task_marker_dag.py
[2024-10-21T20:42:17.682+0700] {processor.py:914} INFO - Processing file /Users/punny/Documents/GitHub/NYC-Taxi-ETL-Pipeline/.venv/lib/python3.10/site-packages/airflow/example_dags/example_external_task_marker_dag.py for tasks to queue
[2024-10-21T20:42:17.683+0700] {logging_mixin.py:190} INFO - [2024-10-21T20:42:17.683+0700] {dagbag.py:588} INFO - Filling up the DagBag from /Users/punny/Documents/GitHub/NYC-Taxi-ETL-Pipeline/.venv/lib/python3.10/site-packages/airflow/example_dags/example_external_task_marker_dag.py
[2024-10-21T20:42:17.712+0700] {processor.py:925} INFO - DAG(s) 'example_external_task_marker_child', 'example_external_task_marker_parent' retrieved from /Users/punny/Documents/GitHub/NYC-Taxi-ETL-Pipeline/.venv/lib/python3.10/site-packages/airflow/example_dags/example_external_task_marker_dag.py
[2024-10-21T20:42:18.701+0700] {logging_mixin.py:190} INFO - [2024-10-21T20:42:18.700+0700] {dag.py:3239} INFO - Sync 2 DAGs
[2024-10-21T20:42:18.721+0700] {logging_mixin.py:190} INFO - [2024-10-21T20:42:18.721+0700] {dag.py:4180} INFO - Setting next_dagrun for example_external_task_marker_child to None, run_after=None
[2024-10-21T20:42:18.726+0700] {logging_mixin.py:190} INFO - [2024-10-21T20:42:18.726+0700] {dag.py:4180} INFO - Setting next_dagrun for example_external_task_marker_parent to None, run_after=None
[2024-10-21T20:42:18.752+0700] {processor.py:208} INFO - Processing /Users/punny/Documents/GitHub/NYC-Taxi-ETL-Pipeline/.venv/lib/python3.10/site-packages/airflow/example_dags/example_external_task_marker_dag.py took 1.097 seconds
[2024-10-21T20:46:17.346+0700] {processor.py:186} INFO - Started process (PID=5082) to work on /Users/punny/Documents/GitHub/NYC-Taxi-ETL-Pipeline/.venv/lib/python3.10/site-packages/airflow/example_dags/example_external_task_marker_dag.py
[2024-10-21T20:46:17.350+0700] {processor.py:914} INFO - Processing file /Users/punny/Documents/GitHub/NYC-Taxi-ETL-Pipeline/.venv/lib/python3.10/site-packages/airflow/example_dags/example_external_task_marker_dag.py for tasks to queue
[2024-10-21T20:46:17.352+0700] {logging_mixin.py:190} INFO - [2024-10-21T20:46:17.351+0700] {dagbag.py:588} INFO - Filling up the DagBag from /Users/punny/Documents/GitHub/NYC-Taxi-ETL-Pipeline/.venv/lib/python3.10/site-packages/airflow/example_dags/example_external_task_marker_dag.py
[2024-10-21T20:46:17.374+0700] {processor.py:925} INFO - DAG(s) 'example_external_task_marker_child', 'example_external_task_marker_parent' retrieved from /Users/punny/Documents/GitHub/NYC-Taxi-ETL-Pipeline/.venv/lib/python3.10/site-packages/airflow/example_dags/example_external_task_marker_dag.py
[2024-10-21T20:46:18.438+0700] {logging_mixin.py:190} INFO - [2024-10-21T20:46:18.437+0700] {dag.py:3239} INFO - Sync 2 DAGs
[2024-10-21T20:46:18.469+0700] {logging_mixin.py:190} INFO - [2024-10-21T20:46:18.468+0700] {dag.py:4180} INFO - Setting next_dagrun for example_external_task_marker_child to None, run_after=None
[2024-10-21T20:46:18.474+0700] {logging_mixin.py:190} INFO - [2024-10-21T20:46:18.473+0700] {dag.py:4180} INFO - Setting next_dagrun for example_external_task_marker_parent to None, run_after=None
[2024-10-21T20:46:18.500+0700] {processor.py:208} INFO - Processing /Users/punny/Documents/GitHub/NYC-Taxi-ETL-Pipeline/.venv/lib/python3.10/site-packages/airflow/example_dags/example_external_task_marker_dag.py took 1.165 seconds
[2024-10-21T20:50:07.160+0700] {processor.py:186} INFO - Started process (PID=5448) to work on /Users/punny/Documents/GitHub/NYC-Taxi-ETL-Pipeline/.venv/lib/python3.10/site-packages/airflow/example_dags/example_external_task_marker_dag.py
[2024-10-21T20:50:07.163+0700] {processor.py:914} INFO - Processing file /Users/punny/Documents/GitHub/NYC-Taxi-ETL-Pipeline/.venv/lib/python3.10/site-packages/airflow/example_dags/example_external_task_marker_dag.py for tasks to queue
[2024-10-21T20:50:07.164+0700] {logging_mixin.py:190} INFO - [2024-10-21T20:50:07.164+0700] {dagbag.py:588} INFO - Filling up the DagBag from /Users/punny/Documents/GitHub/NYC-Taxi-ETL-Pipeline/.venv/lib/python3.10/site-packages/airflow/example_dags/example_external_task_marker_dag.py
[2024-10-21T20:50:07.183+0700] {processor.py:925} INFO - DAG(s) 'example_external_task_marker_child', 'example_external_task_marker_parent' retrieved from /Users/punny/Documents/GitHub/NYC-Taxi-ETL-Pipeline/.venv/lib/python3.10/site-packages/airflow/example_dags/example_external_task_marker_dag.py
[2024-10-21T20:50:08.129+0700] {logging_mixin.py:190} INFO - [2024-10-21T20:50:08.128+0700] {dag.py:3239} INFO - Sync 2 DAGs
[2024-10-21T20:50:08.147+0700] {logging_mixin.py:190} INFO - [2024-10-21T20:50:08.147+0700] {dag.py:4180} INFO - Setting next_dagrun for example_external_task_marker_child to None, run_after=None
[2024-10-21T20:50:08.152+0700] {logging_mixin.py:190} INFO - [2024-10-21T20:50:08.152+0700] {dag.py:4180} INFO - Setting next_dagrun for example_external_task_marker_parent to None, run_after=None
[2024-10-21T20:50:08.177+0700] {processor.py:208} INFO - Processing /Users/punny/Documents/GitHub/NYC-Taxi-ETL-Pipeline/.venv/lib/python3.10/site-packages/airflow/example_dags/example_external_task_marker_dag.py took 1.024 seconds
[2024-10-21T20:58:02.853+0700] {processor.py:186} INFO - Started process (PID=6319) to work on /Users/punny/Documents/GitHub/NYC-Taxi-ETL-Pipeline/.venv/lib/python3.10/site-packages/airflow/example_dags/example_external_task_marker_dag.py
[2024-10-21T20:58:02.857+0700] {processor.py:914} INFO - Processing file /Users/punny/Documents/GitHub/NYC-Taxi-ETL-Pipeline/.venv/lib/python3.10/site-packages/airflow/example_dags/example_external_task_marker_dag.py for tasks to queue
[2024-10-21T20:58:02.858+0700] {logging_mixin.py:190} INFO - [2024-10-21T20:58:02.858+0700] {dagbag.py:588} INFO - Filling up the DagBag from /Users/punny/Documents/GitHub/NYC-Taxi-ETL-Pipeline/.venv/lib/python3.10/site-packages/airflow/example_dags/example_external_task_marker_dag.py
[2024-10-21T20:58:02.879+0700] {processor.py:925} INFO - DAG(s) 'example_external_task_marker_child', 'example_external_task_marker_parent' retrieved from /Users/punny/Documents/GitHub/NYC-Taxi-ETL-Pipeline/.venv/lib/python3.10/site-packages/airflow/example_dags/example_external_task_marker_dag.py
[2024-10-21T20:58:03.760+0700] {logging_mixin.py:190} INFO - [2024-10-21T20:58:03.759+0700] {dag.py:3239} INFO - Sync 2 DAGs
[2024-10-21T20:58:03.777+0700] {logging_mixin.py:190} INFO - [2024-10-21T20:58:03.777+0700] {dag.py:4180} INFO - Setting next_dagrun for example_external_task_marker_child to None, run_after=None
[2024-10-21T20:58:03.781+0700] {logging_mixin.py:190} INFO - [2024-10-21T20:58:03.781+0700] {dag.py:4180} INFO - Setting next_dagrun for example_external_task_marker_parent to None, run_after=None
[2024-10-21T20:58:03.804+0700] {processor.py:208} INFO - Processing /Users/punny/Documents/GitHub/NYC-Taxi-ETL-Pipeline/.venv/lib/python3.10/site-packages/airflow/example_dags/example_external_task_marker_dag.py took 0.961 seconds
[2024-10-21T21:02:17.144+0700] {processor.py:186} INFO - Started process (PID=6571) to work on /Users/punny/Documents/GitHub/NYC-Taxi-ETL-Pipeline/.venv/lib/python3.10/site-packages/airflow/example_dags/example_external_task_marker_dag.py
[2024-10-21T21:02:17.148+0700] {processor.py:914} INFO - Processing file /Users/punny/Documents/GitHub/NYC-Taxi-ETL-Pipeline/.venv/lib/python3.10/site-packages/airflow/example_dags/example_external_task_marker_dag.py for tasks to queue
[2024-10-21T21:02:17.149+0700] {logging_mixin.py:190} INFO - [2024-10-21T21:02:17.149+0700] {dagbag.py:588} INFO - Filling up the DagBag from /Users/punny/Documents/GitHub/NYC-Taxi-ETL-Pipeline/.venv/lib/python3.10/site-packages/airflow/example_dags/example_external_task_marker_dag.py
[2024-10-21T21:02:17.168+0700] {processor.py:925} INFO - DAG(s) 'example_external_task_marker_child', 'example_external_task_marker_parent' retrieved from /Users/punny/Documents/GitHub/NYC-Taxi-ETL-Pipeline/.venv/lib/python3.10/site-packages/airflow/example_dags/example_external_task_marker_dag.py
[2024-10-21T21:02:17.888+0700] {logging_mixin.py:190} INFO - [2024-10-21T21:02:17.888+0700] {dag.py:3239} INFO - Sync 2 DAGs
[2024-10-21T21:02:17.906+0700] {logging_mixin.py:190} INFO - [2024-10-21T21:02:17.905+0700] {dag.py:4180} INFO - Setting next_dagrun for example_external_task_marker_child to None, run_after=None
[2024-10-21T21:02:17.910+0700] {logging_mixin.py:190} INFO - [2024-10-21T21:02:17.909+0700] {dag.py:4180} INFO - Setting next_dagrun for example_external_task_marker_parent to None, run_after=None
[2024-10-21T21:02:17.932+0700] {processor.py:208} INFO - Processing /Users/punny/Documents/GitHub/NYC-Taxi-ETL-Pipeline/.venv/lib/python3.10/site-packages/airflow/example_dags/example_external_task_marker_dag.py took 0.795 seconds
[2024-10-21T21:05:50.062+0700] {processor.py:186} INFO - Started process (PID=6889) to work on /Users/punny/Documents/GitHub/NYC-Taxi-ETL-Pipeline/.venv/lib/python3.10/site-packages/airflow/example_dags/example_external_task_marker_dag.py
[2024-10-21T21:05:50.065+0700] {processor.py:914} INFO - Processing file /Users/punny/Documents/GitHub/NYC-Taxi-ETL-Pipeline/.venv/lib/python3.10/site-packages/airflow/example_dags/example_external_task_marker_dag.py for tasks to queue
[2024-10-21T21:05:50.066+0700] {logging_mixin.py:190} INFO - [2024-10-21T21:05:50.066+0700] {dagbag.py:588} INFO - Filling up the DagBag from /Users/punny/Documents/GitHub/NYC-Taxi-ETL-Pipeline/.venv/lib/python3.10/site-packages/airflow/example_dags/example_external_task_marker_dag.py
[2024-10-21T21:05:50.085+0700] {processor.py:925} INFO - DAG(s) 'example_external_task_marker_child', 'example_external_task_marker_parent' retrieved from /Users/punny/Documents/GitHub/NYC-Taxi-ETL-Pipeline/.venv/lib/python3.10/site-packages/airflow/example_dags/example_external_task_marker_dag.py
[2024-10-21T21:05:51.280+0700] {logging_mixin.py:190} INFO - [2024-10-21T21:05:51.280+0700] {dag.py:3239} INFO - Sync 2 DAGs
[2024-10-21T21:05:51.300+0700] {logging_mixin.py:190} INFO - [2024-10-21T21:05:51.300+0700] {dag.py:4180} INFO - Setting next_dagrun for example_external_task_marker_child to None, run_after=None
[2024-10-21T21:05:51.304+0700] {logging_mixin.py:190} INFO - [2024-10-21T21:05:51.303+0700] {dag.py:4180} INFO - Setting next_dagrun for example_external_task_marker_parent to None, run_after=None
[2024-10-21T21:05:51.325+0700] {processor.py:208} INFO - Processing /Users/punny/Documents/GitHub/NYC-Taxi-ETL-Pipeline/.venv/lib/python3.10/site-packages/airflow/example_dags/example_external_task_marker_dag.py took 1.271 seconds
[2024-10-21T21:09:36.804+0700] {processor.py:186} INFO - Started process (PID=7153) to work on /Users/punny/Documents/GitHub/NYC-Taxi-ETL-Pipeline/.venv/lib/python3.10/site-packages/airflow/example_dags/example_external_task_marker_dag.py
[2024-10-21T21:09:36.806+0700] {processor.py:914} INFO - Processing file /Users/punny/Documents/GitHub/NYC-Taxi-ETL-Pipeline/.venv/lib/python3.10/site-packages/airflow/example_dags/example_external_task_marker_dag.py for tasks to queue
[2024-10-21T21:09:36.808+0700] {logging_mixin.py:190} INFO - [2024-10-21T21:09:36.807+0700] {dagbag.py:588} INFO - Filling up the DagBag from /Users/punny/Documents/GitHub/NYC-Taxi-ETL-Pipeline/.venv/lib/python3.10/site-packages/airflow/example_dags/example_external_task_marker_dag.py
[2024-10-21T21:09:36.825+0700] {processor.py:925} INFO - DAG(s) 'example_external_task_marker_parent', 'example_external_task_marker_child' retrieved from /Users/punny/Documents/GitHub/NYC-Taxi-ETL-Pipeline/.venv/lib/python3.10/site-packages/airflow/example_dags/example_external_task_marker_dag.py
[2024-10-21T21:09:37.638+0700] {logging_mixin.py:190} INFO - [2024-10-21T21:09:37.637+0700] {dag.py:3239} INFO - Sync 2 DAGs
[2024-10-21T21:09:37.652+0700] {logging_mixin.py:190} INFO - [2024-10-21T21:09:37.652+0700] {dag.py:4180} INFO - Setting next_dagrun for example_external_task_marker_child to None, run_after=None
[2024-10-21T21:09:37.656+0700] {logging_mixin.py:190} INFO - [2024-10-21T21:09:37.656+0700] {dag.py:4180} INFO - Setting next_dagrun for example_external_task_marker_parent to None, run_after=None
[2024-10-21T21:09:37.676+0700] {processor.py:208} INFO - Processing /Users/punny/Documents/GitHub/NYC-Taxi-ETL-Pipeline/.venv/lib/python3.10/site-packages/airflow/example_dags/example_external_task_marker_dag.py took 0.880 seconds
[2024-10-21T21:15:43.953+0700] {processor.py:186} INFO - Started process (PID=7775) to work on /Users/punny/Documents/GitHub/NYC-Taxi-ETL-Pipeline/.venv/lib/python3.10/site-packages/airflow/example_dags/example_external_task_marker_dag.py
[2024-10-21T21:15:43.956+0700] {processor.py:914} INFO - Processing file /Users/punny/Documents/GitHub/NYC-Taxi-ETL-Pipeline/.venv/lib/python3.10/site-packages/airflow/example_dags/example_external_task_marker_dag.py for tasks to queue
[2024-10-21T21:15:43.957+0700] {logging_mixin.py:190} INFO - [2024-10-21T21:15:43.957+0700] {dagbag.py:588} INFO - Filling up the DagBag from /Users/punny/Documents/GitHub/NYC-Taxi-ETL-Pipeline/.venv/lib/python3.10/site-packages/airflow/example_dags/example_external_task_marker_dag.py
[2024-10-21T21:15:43.974+0700] {processor.py:925} INFO - DAG(s) 'example_external_task_marker_child', 'example_external_task_marker_parent' retrieved from /Users/punny/Documents/GitHub/NYC-Taxi-ETL-Pipeline/.venv/lib/python3.10/site-packages/airflow/example_dags/example_external_task_marker_dag.py
[2024-10-21T21:15:44.782+0700] {logging_mixin.py:190} INFO - [2024-10-21T21:15:44.782+0700] {dag.py:3239} INFO - Sync 2 DAGs
[2024-10-21T21:15:44.798+0700] {logging_mixin.py:190} INFO - [2024-10-21T21:15:44.797+0700] {dag.py:4180} INFO - Setting next_dagrun for example_external_task_marker_child to None, run_after=None
[2024-10-21T21:15:44.801+0700] {logging_mixin.py:190} INFO - [2024-10-21T21:15:44.801+0700] {dag.py:4180} INFO - Setting next_dagrun for example_external_task_marker_parent to None, run_after=None
[2024-10-21T21:15:44.822+0700] {processor.py:208} INFO - Processing /Users/punny/Documents/GitHub/NYC-Taxi-ETL-Pipeline/.venv/lib/python3.10/site-packages/airflow/example_dags/example_external_task_marker_dag.py took 0.878 seconds
[2024-10-21T21:21:50.532+0700] {processor.py:186} INFO - Started process (PID=8139) to work on /Users/punny/Documents/GitHub/NYC-Taxi-ETL-Pipeline/.venv/lib/python3.10/site-packages/airflow/example_dags/example_external_task_marker_dag.py
[2024-10-21T21:21:50.534+0700] {processor.py:914} INFO - Processing file /Users/punny/Documents/GitHub/NYC-Taxi-ETL-Pipeline/.venv/lib/python3.10/site-packages/airflow/example_dags/example_external_task_marker_dag.py for tasks to queue
[2024-10-21T21:21:50.537+0700] {logging_mixin.py:190} INFO - [2024-10-21T21:21:50.536+0700] {dagbag.py:588} INFO - Filling up the DagBag from /Users/punny/Documents/GitHub/NYC-Taxi-ETL-Pipeline/.venv/lib/python3.10/site-packages/airflow/example_dags/example_external_task_marker_dag.py
[2024-10-21T21:21:50.559+0700] {processor.py:925} INFO - DAG(s) 'example_external_task_marker_child', 'example_external_task_marker_parent' retrieved from /Users/punny/Documents/GitHub/NYC-Taxi-ETL-Pipeline/.venv/lib/python3.10/site-packages/airflow/example_dags/example_external_task_marker_dag.py
[2024-10-21T21:21:51.609+0700] {logging_mixin.py:190} INFO - [2024-10-21T21:21:51.608+0700] {dag.py:3239} INFO - Sync 2 DAGs
[2024-10-21T21:21:51.647+0700] {logging_mixin.py:190} INFO - [2024-10-21T21:21:51.646+0700] {dag.py:4180} INFO - Setting next_dagrun for example_external_task_marker_child to None, run_after=None
[2024-10-21T21:21:51.691+0700] {logging_mixin.py:190} INFO - [2024-10-21T21:21:51.689+0700] {dag.py:4180} INFO - Setting next_dagrun for example_external_task_marker_parent to None, run_after=None
[2024-10-21T21:21:51.830+0700] {processor.py:208} INFO - Processing /Users/punny/Documents/GitHub/NYC-Taxi-ETL-Pipeline/.venv/lib/python3.10/site-packages/airflow/example_dags/example_external_task_marker_dag.py took 1.309 seconds
[2024-10-21T21:28:25.626+0700] {processor.py:186} INFO - Started process (PID=8783) to work on /Users/punny/Documents/GitHub/NYC-Taxi-ETL-Pipeline/.venv/lib/python3.10/site-packages/airflow/example_dags/example_external_task_marker_dag.py
[2024-10-21T21:28:25.630+0700] {processor.py:914} INFO - Processing file /Users/punny/Documents/GitHub/NYC-Taxi-ETL-Pipeline/.venv/lib/python3.10/site-packages/airflow/example_dags/example_external_task_marker_dag.py for tasks to queue
[2024-10-21T21:28:25.631+0700] {logging_mixin.py:190} INFO - [2024-10-21T21:28:25.631+0700] {dagbag.py:588} INFO - Filling up the DagBag from /Users/punny/Documents/GitHub/NYC-Taxi-ETL-Pipeline/.venv/lib/python3.10/site-packages/airflow/example_dags/example_external_task_marker_dag.py
[2024-10-21T21:28:25.646+0700] {processor.py:925} INFO - DAG(s) 'example_external_task_marker_parent', 'example_external_task_marker_child' retrieved from /Users/punny/Documents/GitHub/NYC-Taxi-ETL-Pipeline/.venv/lib/python3.10/site-packages/airflow/example_dags/example_external_task_marker_dag.py
[2024-10-21T21:28:26.409+0700] {logging_mixin.py:190} INFO - [2024-10-21T21:28:26.408+0700] {dag.py:3239} INFO - Sync 2 DAGs
[2024-10-21T21:28:26.424+0700] {logging_mixin.py:190} INFO - [2024-10-21T21:28:26.424+0700] {dag.py:4180} INFO - Setting next_dagrun for example_external_task_marker_child to None, run_after=None
[2024-10-21T21:28:26.428+0700] {logging_mixin.py:190} INFO - [2024-10-21T21:28:26.428+0700] {dag.py:4180} INFO - Setting next_dagrun for example_external_task_marker_parent to None, run_after=None
[2024-10-21T21:28:26.449+0700] {processor.py:208} INFO - Processing /Users/punny/Documents/GitHub/NYC-Taxi-ETL-Pipeline/.venv/lib/python3.10/site-packages/airflow/example_dags/example_external_task_marker_dag.py took 0.831 seconds
[2024-10-21T21:34:10.727+0700] {processor.py:186} INFO - Started process (PID=9207) to work on /Users/punny/Documents/GitHub/NYC-Taxi-ETL-Pipeline/.venv/lib/python3.10/site-packages/airflow/example_dags/example_external_task_marker_dag.py
[2024-10-21T21:34:10.730+0700] {processor.py:914} INFO - Processing file /Users/punny/Documents/GitHub/NYC-Taxi-ETL-Pipeline/.venv/lib/python3.10/site-packages/airflow/example_dags/example_external_task_marker_dag.py for tasks to queue
[2024-10-21T21:34:10.731+0700] {logging_mixin.py:190} INFO - [2024-10-21T21:34:10.731+0700] {dagbag.py:588} INFO - Filling up the DagBag from /Users/punny/Documents/GitHub/NYC-Taxi-ETL-Pipeline/.venv/lib/python3.10/site-packages/airflow/example_dags/example_external_task_marker_dag.py
[2024-10-21T21:34:10.748+0700] {processor.py:925} INFO - DAG(s) 'example_external_task_marker_parent', 'example_external_task_marker_child' retrieved from /Users/punny/Documents/GitHub/NYC-Taxi-ETL-Pipeline/.venv/lib/python3.10/site-packages/airflow/example_dags/example_external_task_marker_dag.py
[2024-10-21T21:34:11.367+0700] {logging_mixin.py:190} INFO - [2024-10-21T21:34:11.366+0700] {dag.py:3239} INFO - Sync 2 DAGs
[2024-10-21T21:34:11.382+0700] {logging_mixin.py:190} INFO - [2024-10-21T21:34:11.381+0700] {dag.py:4180} INFO - Setting next_dagrun for example_external_task_marker_child to None, run_after=None
[2024-10-21T21:34:11.385+0700] {logging_mixin.py:190} INFO - [2024-10-21T21:34:11.385+0700] {dag.py:4180} INFO - Setting next_dagrun for example_external_task_marker_parent to None, run_after=None
[2024-10-21T21:34:11.404+0700] {processor.py:208} INFO - Processing /Users/punny/Documents/GitHub/NYC-Taxi-ETL-Pipeline/.venv/lib/python3.10/site-packages/airflow/example_dags/example_external_task_marker_dag.py took 0.685 seconds
[2024-10-21T21:37:09.986+0700] {processor.py:186} INFO - Started process (PID=9473) to work on /Users/punny/Documents/GitHub/NYC-Taxi-ETL-Pipeline/.venv/lib/python3.10/site-packages/airflow/example_dags/example_external_task_marker_dag.py
[2024-10-21T21:37:09.989+0700] {processor.py:914} INFO - Processing file /Users/punny/Documents/GitHub/NYC-Taxi-ETL-Pipeline/.venv/lib/python3.10/site-packages/airflow/example_dags/example_external_task_marker_dag.py for tasks to queue
[2024-10-21T21:37:09.990+0700] {logging_mixin.py:190} INFO - [2024-10-21T21:37:09.990+0700] {dagbag.py:588} INFO - Filling up the DagBag from /Users/punny/Documents/GitHub/NYC-Taxi-ETL-Pipeline/.venv/lib/python3.10/site-packages/airflow/example_dags/example_external_task_marker_dag.py
[2024-10-21T21:37:10.007+0700] {processor.py:925} INFO - DAG(s) 'example_external_task_marker_child', 'example_external_task_marker_parent' retrieved from /Users/punny/Documents/GitHub/NYC-Taxi-ETL-Pipeline/.venv/lib/python3.10/site-packages/airflow/example_dags/example_external_task_marker_dag.py
[2024-10-21T21:37:10.604+0700] {logging_mixin.py:190} INFO - [2024-10-21T21:37:10.603+0700] {dag.py:3239} INFO - Sync 2 DAGs
[2024-10-21T21:37:10.618+0700] {logging_mixin.py:190} INFO - [2024-10-21T21:37:10.618+0700] {dag.py:4180} INFO - Setting next_dagrun for example_external_task_marker_child to None, run_after=None
[2024-10-21T21:37:10.622+0700] {logging_mixin.py:190} INFO - [2024-10-21T21:37:10.622+0700] {dag.py:4180} INFO - Setting next_dagrun for example_external_task_marker_parent to None, run_after=None
[2024-10-21T21:37:10.641+0700] {processor.py:208} INFO - Processing /Users/punny/Documents/GitHub/NYC-Taxi-ETL-Pipeline/.venv/lib/python3.10/site-packages/airflow/example_dags/example_external_task_marker_dag.py took 0.663 seconds
[2024-10-21T21:44:57.310+0700] {processor.py:186} INFO - Started process (PID=10238) to work on /Users/punny/Documents/GitHub/NYC-Taxi-ETL-Pipeline/.venv/lib/python3.10/site-packages/airflow/example_dags/example_external_task_marker_dag.py
[2024-10-21T21:44:57.313+0700] {processor.py:914} INFO - Processing file /Users/punny/Documents/GitHub/NYC-Taxi-ETL-Pipeline/.venv/lib/python3.10/site-packages/airflow/example_dags/example_external_task_marker_dag.py for tasks to queue
[2024-10-21T21:44:57.315+0700] {logging_mixin.py:190} INFO - [2024-10-21T21:44:57.314+0700] {dagbag.py:588} INFO - Filling up the DagBag from /Users/punny/Documents/GitHub/NYC-Taxi-ETL-Pipeline/.venv/lib/python3.10/site-packages/airflow/example_dags/example_external_task_marker_dag.py
[2024-10-21T21:44:57.337+0700] {processor.py:925} INFO - DAG(s) 'example_external_task_marker_parent', 'example_external_task_marker_child' retrieved from /Users/punny/Documents/GitHub/NYC-Taxi-ETL-Pipeline/.venv/lib/python3.10/site-packages/airflow/example_dags/example_external_task_marker_dag.py
[2024-10-21T21:44:57.966+0700] {logging_mixin.py:190} INFO - [2024-10-21T21:44:57.965+0700] {dag.py:3239} INFO - Sync 2 DAGs
[2024-10-21T21:44:57.980+0700] {logging_mixin.py:190} INFO - [2024-10-21T21:44:57.979+0700] {dag.py:4180} INFO - Setting next_dagrun for example_external_task_marker_child to None, run_after=None
[2024-10-21T21:44:57.983+0700] {logging_mixin.py:190} INFO - [2024-10-21T21:44:57.983+0700] {dag.py:4180} INFO - Setting next_dagrun for example_external_task_marker_parent to None, run_after=None
[2024-10-21T21:44:58.002+0700] {processor.py:208} INFO - Processing /Users/punny/Documents/GitHub/NYC-Taxi-ETL-Pipeline/.venv/lib/python3.10/site-packages/airflow/example_dags/example_external_task_marker_dag.py took 0.701 seconds
[2024-10-21T21:48:00.078+0700] {processor.py:186} INFO - Started process (PID=10542) to work on /Users/punny/Documents/GitHub/NYC-Taxi-ETL-Pipeline/.venv/lib/python3.10/site-packages/airflow/example_dags/example_external_task_marker_dag.py
[2024-10-21T21:48:00.083+0700] {processor.py:914} INFO - Processing file /Users/punny/Documents/GitHub/NYC-Taxi-ETL-Pipeline/.venv/lib/python3.10/site-packages/airflow/example_dags/example_external_task_marker_dag.py for tasks to queue
[2024-10-21T21:48:00.084+0700] {logging_mixin.py:190} INFO - [2024-10-21T21:48:00.084+0700] {dagbag.py:588} INFO - Filling up the DagBag from /Users/punny/Documents/GitHub/NYC-Taxi-ETL-Pipeline/.venv/lib/python3.10/site-packages/airflow/example_dags/example_external_task_marker_dag.py
[2024-10-21T21:48:00.099+0700] {processor.py:925} INFO - DAG(s) 'example_external_task_marker_child', 'example_external_task_marker_parent' retrieved from /Users/punny/Documents/GitHub/NYC-Taxi-ETL-Pipeline/.venv/lib/python3.10/site-packages/airflow/example_dags/example_external_task_marker_dag.py
[2024-10-21T21:48:00.708+0700] {logging_mixin.py:190} INFO - [2024-10-21T21:48:00.708+0700] {dag.py:3239} INFO - Sync 2 DAGs
[2024-10-21T21:48:00.724+0700] {logging_mixin.py:190} INFO - [2024-10-21T21:48:00.723+0700] {dag.py:4180} INFO - Setting next_dagrun for example_external_task_marker_child to None, run_after=None
[2024-10-21T21:48:00.727+0700] {logging_mixin.py:190} INFO - [2024-10-21T21:48:00.727+0700] {dag.py:4180} INFO - Setting next_dagrun for example_external_task_marker_parent to None, run_after=None
[2024-10-21T21:48:00.747+0700] {processor.py:208} INFO - Processing /Users/punny/Documents/GitHub/NYC-Taxi-ETL-Pipeline/.venv/lib/python3.10/site-packages/airflow/example_dags/example_external_task_marker_dag.py took 0.678 seconds
[2024-10-21T21:52:27.185+0700] {processor.py:186} INFO - Started process (PID=10855) to work on /Users/punny/Documents/GitHub/NYC-Taxi-ETL-Pipeline/.venv/lib/python3.10/site-packages/airflow/example_dags/example_external_task_marker_dag.py
[2024-10-21T21:52:27.190+0700] {processor.py:914} INFO - Processing file /Users/punny/Documents/GitHub/NYC-Taxi-ETL-Pipeline/.venv/lib/python3.10/site-packages/airflow/example_dags/example_external_task_marker_dag.py for tasks to queue
[2024-10-21T21:52:27.192+0700] {logging_mixin.py:190} INFO - [2024-10-21T21:52:27.191+0700] {dagbag.py:588} INFO - Filling up the DagBag from /Users/punny/Documents/GitHub/NYC-Taxi-ETL-Pipeline/.venv/lib/python3.10/site-packages/airflow/example_dags/example_external_task_marker_dag.py
[2024-10-21T21:52:27.223+0700] {processor.py:925} INFO - DAG(s) 'example_external_task_marker_parent', 'example_external_task_marker_child' retrieved from /Users/punny/Documents/GitHub/NYC-Taxi-ETL-Pipeline/.venv/lib/python3.10/site-packages/airflow/example_dags/example_external_task_marker_dag.py
[2024-10-21T21:52:28.070+0700] {logging_mixin.py:190} INFO - [2024-10-21T21:52:28.070+0700] {dag.py:3239} INFO - Sync 2 DAGs
[2024-10-21T21:52:28.085+0700] {logging_mixin.py:190} INFO - [2024-10-21T21:52:28.085+0700] {dag.py:4180} INFO - Setting next_dagrun for example_external_task_marker_child to None, run_after=None
[2024-10-21T21:52:28.089+0700] {logging_mixin.py:190} INFO - [2024-10-21T21:52:28.089+0700] {dag.py:4180} INFO - Setting next_dagrun for example_external_task_marker_parent to None, run_after=None
[2024-10-21T21:52:28.129+0700] {processor.py:208} INFO - Processing /Users/punny/Documents/GitHub/NYC-Taxi-ETL-Pipeline/.venv/lib/python3.10/site-packages/airflow/example_dags/example_external_task_marker_dag.py took 0.954 seconds
[2024-10-21T21:57:19.578+0700] {processor.py:186} INFO - Started process (PID=11460) to work on /Users/punny/Documents/GitHub/NYC-Taxi-ETL-Pipeline/.venv/lib/python3.10/site-packages/airflow/example_dags/example_external_task_marker_dag.py
[2024-10-21T21:57:19.584+0700] {processor.py:914} INFO - Processing file /Users/punny/Documents/GitHub/NYC-Taxi-ETL-Pipeline/.venv/lib/python3.10/site-packages/airflow/example_dags/example_external_task_marker_dag.py for tasks to queue
[2024-10-21T21:57:19.586+0700] {logging_mixin.py:190} INFO - [2024-10-21T21:57:19.586+0700] {dagbag.py:588} INFO - Filling up the DagBag from /Users/punny/Documents/GitHub/NYC-Taxi-ETL-Pipeline/.venv/lib/python3.10/site-packages/airflow/example_dags/example_external_task_marker_dag.py
[2024-10-21T21:57:19.633+0700] {processor.py:925} INFO - DAG(s) 'example_external_task_marker_parent', 'example_external_task_marker_child' retrieved from /Users/punny/Documents/GitHub/NYC-Taxi-ETL-Pipeline/.venv/lib/python3.10/site-packages/airflow/example_dags/example_external_task_marker_dag.py
[2024-10-21T21:57:20.731+0700] {logging_mixin.py:190} INFO - [2024-10-21T21:57:20.730+0700] {dag.py:3239} INFO - Sync 2 DAGs
[2024-10-21T22:00:50.917+0700] {processor.py:186} INFO - Started process (PID=11827) to work on /Users/punny/Documents/GitHub/NYC-Taxi-ETL-Pipeline/.venv/lib/python3.10/site-packages/airflow/example_dags/example_external_task_marker_dag.py
[2024-10-21T22:00:50.921+0700] {processor.py:914} INFO - Processing file /Users/punny/Documents/GitHub/NYC-Taxi-ETL-Pipeline/.venv/lib/python3.10/site-packages/airflow/example_dags/example_external_task_marker_dag.py for tasks to queue
[2024-10-21T22:00:50.922+0700] {logging_mixin.py:190} INFO - [2024-10-21T22:00:50.922+0700] {dagbag.py:588} INFO - Filling up the DagBag from /Users/punny/Documents/GitHub/NYC-Taxi-ETL-Pipeline/.venv/lib/python3.10/site-packages/airflow/example_dags/example_external_task_marker_dag.py
[2024-10-21T22:00:50.938+0700] {processor.py:925} INFO - DAG(s) 'example_external_task_marker_child', 'example_external_task_marker_parent' retrieved from /Users/punny/Documents/GitHub/NYC-Taxi-ETL-Pipeline/.venv/lib/python3.10/site-packages/airflow/example_dags/example_external_task_marker_dag.py
[2024-10-21T22:00:51.686+0700] {logging_mixin.py:190} INFO - [2024-10-21T22:00:51.685+0700] {dag.py:3239} INFO - Sync 2 DAGs
[2024-10-21T22:00:51.700+0700] {logging_mixin.py:190} INFO - [2024-10-21T22:00:51.700+0700] {dag.py:4180} INFO - Setting next_dagrun for example_external_task_marker_child to None, run_after=None
[2024-10-21T22:00:51.704+0700] {logging_mixin.py:190} INFO - [2024-10-21T22:00:51.704+0700] {dag.py:4180} INFO - Setting next_dagrun for example_external_task_marker_parent to None, run_after=None
[2024-10-21T22:00:51.723+0700] {processor.py:208} INFO - Processing /Users/punny/Documents/GitHub/NYC-Taxi-ETL-Pipeline/.venv/lib/python3.10/site-packages/airflow/example_dags/example_external_task_marker_dag.py took 0.813 seconds
[2024-10-21T22:17:52.306+0700] {processor.py:186} INFO - Started process (PID=12129) to work on /Users/punny/Documents/GitHub/NYC-Taxi-ETL-Pipeline/.venv/lib/python3.10/site-packages/airflow/example_dags/example_external_task_marker_dag.py
[2024-10-21T22:17:52.311+0700] {processor.py:914} INFO - Processing file /Users/punny/Documents/GitHub/NYC-Taxi-ETL-Pipeline/.venv/lib/python3.10/site-packages/airflow/example_dags/example_external_task_marker_dag.py for tasks to queue
[2024-10-21T22:17:52.312+0700] {logging_mixin.py:190} INFO - [2024-10-21T22:17:52.311+0700] {dagbag.py:588} INFO - Filling up the DagBag from /Users/punny/Documents/GitHub/NYC-Taxi-ETL-Pipeline/.venv/lib/python3.10/site-packages/airflow/example_dags/example_external_task_marker_dag.py
[2024-10-21T22:17:52.329+0700] {processor.py:925} INFO - DAG(s) 'example_external_task_marker_child', 'example_external_task_marker_parent' retrieved from /Users/punny/Documents/GitHub/NYC-Taxi-ETL-Pipeline/.venv/lib/python3.10/site-packages/airflow/example_dags/example_external_task_marker_dag.py
[2024-10-21T22:17:53.113+0700] {logging_mixin.py:190} INFO - [2024-10-21T22:17:53.113+0700] {dag.py:3239} INFO - Sync 2 DAGs
[2024-10-21T22:17:53.127+0700] {logging_mixin.py:190} INFO - [2024-10-21T22:17:53.127+0700] {dag.py:4180} INFO - Setting next_dagrun for example_external_task_marker_child to None, run_after=None
[2024-10-21T22:17:53.131+0700] {logging_mixin.py:190} INFO - [2024-10-21T22:17:53.130+0700] {dag.py:4180} INFO - Setting next_dagrun for example_external_task_marker_parent to None, run_after=None
[2024-10-21T22:17:53.151+0700] {processor.py:208} INFO - Processing /Users/punny/Documents/GitHub/NYC-Taxi-ETL-Pipeline/.venv/lib/python3.10/site-packages/airflow/example_dags/example_external_task_marker_dag.py took 0.853 seconds
[2024-10-21T22:26:37.827+0700] {processor.py:186} INFO - Started process (PID=13382) to work on /Users/punny/Documents/GitHub/NYC-Taxi-ETL-Pipeline/.venv/lib/python3.10/site-packages/airflow/example_dags/example_external_task_marker_dag.py
[2024-10-21T22:26:37.831+0700] {processor.py:914} INFO - Processing file /Users/punny/Documents/GitHub/NYC-Taxi-ETL-Pipeline/.venv/lib/python3.10/site-packages/airflow/example_dags/example_external_task_marker_dag.py for tasks to queue
[2024-10-21T22:26:37.832+0700] {logging_mixin.py:190} INFO - [2024-10-21T22:26:37.831+0700] {dagbag.py:588} INFO - Filling up the DagBag from /Users/punny/Documents/GitHub/NYC-Taxi-ETL-Pipeline/.venv/lib/python3.10/site-packages/airflow/example_dags/example_external_task_marker_dag.py
[2024-10-21T22:26:37.850+0700] {processor.py:925} INFO - DAG(s) 'example_external_task_marker_child', 'example_external_task_marker_parent' retrieved from /Users/punny/Documents/GitHub/NYC-Taxi-ETL-Pipeline/.venv/lib/python3.10/site-packages/airflow/example_dags/example_external_task_marker_dag.py
[2024-10-21T22:26:38.645+0700] {logging_mixin.py:190} INFO - [2024-10-21T22:26:38.644+0700] {dag.py:3239} INFO - Sync 2 DAGs
[2024-10-21T22:26:38.659+0700] {logging_mixin.py:190} INFO - [2024-10-21T22:26:38.659+0700] {dag.py:4180} INFO - Setting next_dagrun for example_external_task_marker_child to None, run_after=None
[2024-10-21T22:26:38.662+0700] {logging_mixin.py:190} INFO - [2024-10-21T22:26:38.662+0700] {dag.py:4180} INFO - Setting next_dagrun for example_external_task_marker_parent to None, run_after=None
[2024-10-21T22:26:38.681+0700] {processor.py:208} INFO - Processing /Users/punny/Documents/GitHub/NYC-Taxi-ETL-Pipeline/.venv/lib/python3.10/site-packages/airflow/example_dags/example_external_task_marker_dag.py took 0.863 seconds
[2024-10-21T22:29:48.358+0700] {processor.py:186} INFO - Started process (PID=13625) to work on /Users/punny/Documents/GitHub/NYC-Taxi-ETL-Pipeline/.venv/lib/python3.10/site-packages/airflow/example_dags/example_external_task_marker_dag.py
[2024-10-21T22:29:48.361+0700] {processor.py:914} INFO - Processing file /Users/punny/Documents/GitHub/NYC-Taxi-ETL-Pipeline/.venv/lib/python3.10/site-packages/airflow/example_dags/example_external_task_marker_dag.py for tasks to queue
[2024-10-21T22:29:48.363+0700] {logging_mixin.py:190} INFO - [2024-10-21T22:29:48.362+0700] {dagbag.py:588} INFO - Filling up the DagBag from /Users/punny/Documents/GitHub/NYC-Taxi-ETL-Pipeline/.venv/lib/python3.10/site-packages/airflow/example_dags/example_external_task_marker_dag.py
[2024-10-21T22:29:48.378+0700] {processor.py:925} INFO - DAG(s) 'example_external_task_marker_child', 'example_external_task_marker_parent' retrieved from /Users/punny/Documents/GitHub/NYC-Taxi-ETL-Pipeline/.venv/lib/python3.10/site-packages/airflow/example_dags/example_external_task_marker_dag.py
[2024-10-21T22:29:49.115+0700] {logging_mixin.py:190} INFO - [2024-10-21T22:29:49.115+0700] {dag.py:3239} INFO - Sync 2 DAGs
[2024-10-21T22:29:49.129+0700] {logging_mixin.py:190} INFO - [2024-10-21T22:29:49.129+0700] {dag.py:4180} INFO - Setting next_dagrun for example_external_task_marker_child to None, run_after=None
[2024-10-21T22:29:49.132+0700] {logging_mixin.py:190} INFO - [2024-10-21T22:29:49.132+0700] {dag.py:4180} INFO - Setting next_dagrun for example_external_task_marker_parent to None, run_after=None
[2024-10-21T22:29:49.151+0700] {processor.py:208} INFO - Processing /Users/punny/Documents/GitHub/NYC-Taxi-ETL-Pipeline/.venv/lib/python3.10/site-packages/airflow/example_dags/example_external_task_marker_dag.py took 0.802 seconds
