[2024-10-21T12:20:54.570+0700] {processor.py:186} INFO - Started process (PID=33910) to work on /Users/punny/Documents/GitHub/NYC-Taxi-ETL-Pipeline/.venv/lib/python3.10/site-packages/airflow/example_dags/tutorial_objectstorage.py
[2024-10-21T12:20:54.594+0700] {processor.py:914} INFO - Processing file /Users/punny/Documents/GitHub/NYC-Taxi-ETL-Pipeline/.venv/lib/python3.10/site-packages/airflow/example_dags/tutorial_objectstorage.py for tasks to queue
[2024-10-21T12:20:54.596+0700] {logging_mixin.py:190} INFO - [2024-10-21T12:20:54.596+0700] {dagbag.py:588} INFO - Filling up the DagBag from /Users/punny/Documents/GitHub/NYC-Taxi-ETL-Pipeline/.venv/lib/python3.10/site-packages/airflow/example_dags/tutorial_objectstorage.py
[2024-10-21T12:20:54.758+0700] {processor.py:925} INFO - DAG(s) 'tutorial_objectstorage' retrieved from /Users/punny/Documents/GitHub/NYC-Taxi-ETL-Pipeline/.venv/lib/python3.10/site-packages/airflow/example_dags/tutorial_objectstorage.py
[2024-10-21T12:20:55.203+0700] {logging_mixin.py:190} INFO - [2024-10-21T12:20:55.202+0700] {dag.py:3239} INFO - Sync 1 DAGs
[2024-10-21T12:20:55.241+0700] {logging_mixin.py:190} INFO - [2024-10-21T12:20:55.241+0700] {dag.py:4180} INFO - Setting next_dagrun for tutorial_objectstorage to None, run_after=None
[2024-10-21T12:20:55.291+0700] {processor.py:208} INFO - Processing /Users/punny/Documents/GitHub/NYC-Taxi-ETL-Pipeline/.venv/lib/python3.10/site-packages/airflow/example_dags/tutorial_objectstorage.py took 0.732 seconds
[2024-10-21T13:41:35.476+0700] {processor.py:186} INFO - Started process (PID=34802) to work on /Users/punny/Documents/GitHub/NYC-Taxi-ETL-Pipeline/.venv/lib/python3.10/site-packages/airflow/example_dags/tutorial_objectstorage.py
[2024-10-21T13:41:35.483+0700] {processor.py:914} INFO - Processing file /Users/punny/Documents/GitHub/NYC-Taxi-ETL-Pipeline/.venv/lib/python3.10/site-packages/airflow/example_dags/tutorial_objectstorage.py for tasks to queue
[2024-10-21T13:41:35.486+0700] {logging_mixin.py:190} INFO - [2024-10-21T13:41:35.485+0700] {dagbag.py:588} INFO - Filling up the DagBag from /Users/punny/Documents/GitHub/NYC-Taxi-ETL-Pipeline/.venv/lib/python3.10/site-packages/airflow/example_dags/tutorial_objectstorage.py
[2024-10-21T13:41:35.709+0700] {processor.py:925} INFO - DAG(s) 'tutorial_objectstorage' retrieved from /Users/punny/Documents/GitHub/NYC-Taxi-ETL-Pipeline/.venv/lib/python3.10/site-packages/airflow/example_dags/tutorial_objectstorage.py
[2024-10-21T13:41:36.215+0700] {logging_mixin.py:190} INFO - [2024-10-21T13:41:36.214+0700] {dag.py:3239} INFO - Sync 1 DAGs
[2024-10-21T13:41:36.248+0700] {logging_mixin.py:190} INFO - [2024-10-21T13:41:36.247+0700] {dag.py:4180} INFO - Setting next_dagrun for tutorial_objectstorage to None, run_after=None
[2024-10-21T13:41:36.303+0700] {processor.py:208} INFO - Processing /Users/punny/Documents/GitHub/NYC-Taxi-ETL-Pipeline/.venv/lib/python3.10/site-packages/airflow/example_dags/tutorial_objectstorage.py took 0.842 seconds
[2024-10-21T14:39:35.038+0700] {processor.py:186} INFO - Started process (PID=35592) to work on /Users/punny/Documents/GitHub/NYC-Taxi-ETL-Pipeline/.venv/lib/python3.10/site-packages/airflow/example_dags/tutorial_objectstorage.py
[2024-10-21T14:39:35.043+0700] {processor.py:914} INFO - Processing file /Users/punny/Documents/GitHub/NYC-Taxi-ETL-Pipeline/.venv/lib/python3.10/site-packages/airflow/example_dags/tutorial_objectstorage.py for tasks to queue
[2024-10-21T14:39:35.045+0700] {logging_mixin.py:190} INFO - [2024-10-21T14:39:35.044+0700] {dagbag.py:588} INFO - Filling up the DagBag from /Users/punny/Documents/GitHub/NYC-Taxi-ETL-Pipeline/.venv/lib/python3.10/site-packages/airflow/example_dags/tutorial_objectstorage.py
[2024-10-21T14:39:35.113+0700] {processor.py:925} INFO - DAG(s) 'tutorial_objectstorage' retrieved from /Users/punny/Documents/GitHub/NYC-Taxi-ETL-Pipeline/.venv/lib/python3.10/site-packages/airflow/example_dags/tutorial_objectstorage.py
[2024-10-21T14:39:35.445+0700] {logging_mixin.py:190} INFO - [2024-10-21T14:39:35.444+0700] {dag.py:3239} INFO - Sync 1 DAGs
[2024-10-21T14:39:35.471+0700] {logging_mixin.py:190} INFO - [2024-10-21T14:39:35.470+0700] {dag.py:4180} INFO - Setting next_dagrun for tutorial_objectstorage to None, run_after=None
[2024-10-21T14:39:35.506+0700] {processor.py:208} INFO - Processing /Users/punny/Documents/GitHub/NYC-Taxi-ETL-Pipeline/.venv/lib/python3.10/site-packages/airflow/example_dags/tutorial_objectstorage.py took 0.483 seconds
[2024-10-21T14:50:54.630+0700] {processor.py:186} INFO - Started process (PID=36324) to work on /Users/punny/Documents/GitHub/NYC-Taxi-ETL-Pipeline/.venv/lib/python3.10/site-packages/airflow/example_dags/tutorial_objectstorage.py
[2024-10-21T14:50:54.635+0700] {processor.py:914} INFO - Processing file /Users/punny/Documents/GitHub/NYC-Taxi-ETL-Pipeline/.venv/lib/python3.10/site-packages/airflow/example_dags/tutorial_objectstorage.py for tasks to queue
[2024-10-21T14:50:54.636+0700] {logging_mixin.py:190} INFO - [2024-10-21T14:50:54.636+0700] {dagbag.py:588} INFO - Filling up the DagBag from /Users/punny/Documents/GitHub/NYC-Taxi-ETL-Pipeline/.venv/lib/python3.10/site-packages/airflow/example_dags/tutorial_objectstorage.py
[2024-10-21T14:50:54.681+0700] {processor.py:925} INFO - DAG(s) 'tutorial_objectstorage' retrieved from /Users/punny/Documents/GitHub/NYC-Taxi-ETL-Pipeline/.venv/lib/python3.10/site-packages/airflow/example_dags/tutorial_objectstorage.py
[2024-10-21T14:50:54.907+0700] {logging_mixin.py:190} INFO - [2024-10-21T14:50:54.906+0700] {dag.py:3239} INFO - Sync 1 DAGs
[2024-10-21T14:50:54.922+0700] {logging_mixin.py:190} INFO - [2024-10-21T14:50:54.921+0700] {dag.py:4180} INFO - Setting next_dagrun for tutorial_objectstorage to None, run_after=None
[2024-10-21T14:50:54.944+0700] {processor.py:208} INFO - Processing /Users/punny/Documents/GitHub/NYC-Taxi-ETL-Pipeline/.venv/lib/python3.10/site-packages/airflow/example_dags/tutorial_objectstorage.py took 0.323 seconds
[2024-10-21T14:54:35.304+0700] {processor.py:186} INFO - Started process (PID=36870) to work on /Users/punny/Documents/GitHub/NYC-Taxi-ETL-Pipeline/.venv/lib/python3.10/site-packages/airflow/example_dags/tutorial_objectstorage.py
[2024-10-21T14:54:35.307+0700] {processor.py:914} INFO - Processing file /Users/punny/Documents/GitHub/NYC-Taxi-ETL-Pipeline/.venv/lib/python3.10/site-packages/airflow/example_dags/tutorial_objectstorage.py for tasks to queue
[2024-10-21T14:54:35.309+0700] {logging_mixin.py:190} INFO - [2024-10-21T14:54:35.308+0700] {dagbag.py:588} INFO - Filling up the DagBag from /Users/punny/Documents/GitHub/NYC-Taxi-ETL-Pipeline/.venv/lib/python3.10/site-packages/airflow/example_dags/tutorial_objectstorage.py
[2024-10-21T14:54:35.353+0700] {processor.py:925} INFO - DAG(s) 'tutorial_objectstorage' retrieved from /Users/punny/Documents/GitHub/NYC-Taxi-ETL-Pipeline/.venv/lib/python3.10/site-packages/airflow/example_dags/tutorial_objectstorage.py
[2024-10-21T14:54:35.553+0700] {logging_mixin.py:190} INFO - [2024-10-21T14:54:35.552+0700] {dag.py:3239} INFO - Sync 1 DAGs
[2024-10-21T14:54:35.568+0700] {logging_mixin.py:190} INFO - [2024-10-21T14:54:35.567+0700] {dag.py:4180} INFO - Setting next_dagrun for tutorial_objectstorage to None, run_after=None
[2024-10-21T14:54:35.590+0700] {processor.py:208} INFO - Processing /Users/punny/Documents/GitHub/NYC-Taxi-ETL-Pipeline/.venv/lib/python3.10/site-packages/airflow/example_dags/tutorial_objectstorage.py took 0.296 seconds
[2024-10-21T14:59:06.052+0700] {processor.py:186} INFO - Started process (PID=37553) to work on /Users/punny/Documents/GitHub/NYC-Taxi-ETL-Pipeline/.venv/lib/python3.10/site-packages/airflow/example_dags/tutorial_objectstorage.py
[2024-10-21T14:59:06.070+0700] {processor.py:914} INFO - Processing file /Users/punny/Documents/GitHub/NYC-Taxi-ETL-Pipeline/.venv/lib/python3.10/site-packages/airflow/example_dags/tutorial_objectstorage.py for tasks to queue
[2024-10-21T14:59:06.156+0700] {logging_mixin.py:190} INFO - [2024-10-21T14:59:06.155+0700] {dagbag.py:588} INFO - Filling up the DagBag from /Users/punny/Documents/GitHub/NYC-Taxi-ETL-Pipeline/.venv/lib/python3.10/site-packages/airflow/example_dags/tutorial_objectstorage.py
[2024-10-21T14:59:06.292+0700] {processor.py:925} INFO - DAG(s) 'tutorial_objectstorage' retrieved from /Users/punny/Documents/GitHub/NYC-Taxi-ETL-Pipeline/.venv/lib/python3.10/site-packages/airflow/example_dags/tutorial_objectstorage.py
[2024-10-21T14:59:07.618+0700] {logging_mixin.py:190} INFO - [2024-10-21T14:59:07.617+0700] {dag.py:3239} INFO - Sync 1 DAGs
[2024-10-21T14:59:07.654+0700] {logging_mixin.py:190} INFO - [2024-10-21T14:59:07.653+0700] {dag.py:4180} INFO - Setting next_dagrun for tutorial_objectstorage to None, run_after=None
[2024-10-21T14:59:07.715+0700] {processor.py:208} INFO - Processing /Users/punny/Documents/GitHub/NYC-Taxi-ETL-Pipeline/.venv/lib/python3.10/site-packages/airflow/example_dags/tutorial_objectstorage.py took 1.677 seconds
[2024-10-21T15:04:45.329+0700] {processor.py:186} INFO - Started process (PID=38352) to work on /Users/punny/Documents/GitHub/NYC-Taxi-ETL-Pipeline/.venv/lib/python3.10/site-packages/airflow/example_dags/tutorial_objectstorage.py
[2024-10-21T15:04:45.335+0700] {processor.py:914} INFO - Processing file /Users/punny/Documents/GitHub/NYC-Taxi-ETL-Pipeline/.venv/lib/python3.10/site-packages/airflow/example_dags/tutorial_objectstorage.py for tasks to queue
[2024-10-21T15:04:45.336+0700] {logging_mixin.py:190} INFO - [2024-10-21T15:04:45.336+0700] {dagbag.py:588} INFO - Filling up the DagBag from /Users/punny/Documents/GitHub/NYC-Taxi-ETL-Pipeline/.venv/lib/python3.10/site-packages/airflow/example_dags/tutorial_objectstorage.py
[2024-10-21T15:04:45.405+0700] {processor.py:925} INFO - DAG(s) 'tutorial_objectstorage' retrieved from /Users/punny/Documents/GitHub/NYC-Taxi-ETL-Pipeline/.venv/lib/python3.10/site-packages/airflow/example_dags/tutorial_objectstorage.py
[2024-10-21T15:04:45.724+0700] {logging_mixin.py:190} INFO - [2024-10-21T15:04:45.723+0700] {dag.py:3239} INFO - Sync 1 DAGs
[2024-10-21T15:04:45.759+0700] {logging_mixin.py:190} INFO - [2024-10-21T15:04:45.758+0700] {dag.py:4180} INFO - Setting next_dagrun for tutorial_objectstorage to None, run_after=None
[2024-10-21T15:04:45.796+0700] {processor.py:208} INFO - Processing /Users/punny/Documents/GitHub/NYC-Taxi-ETL-Pipeline/.venv/lib/python3.10/site-packages/airflow/example_dags/tutorial_objectstorage.py took 0.485 seconds
[2024-10-21T15:09:18.434+0700] {processor.py:186} INFO - Started process (PID=38890) to work on /Users/punny/Documents/GitHub/NYC-Taxi-ETL-Pipeline/.venv/lib/python3.10/site-packages/airflow/example_dags/tutorial_objectstorage.py
[2024-10-21T15:09:18.440+0700] {processor.py:914} INFO - Processing file /Users/punny/Documents/GitHub/NYC-Taxi-ETL-Pipeline/.venv/lib/python3.10/site-packages/airflow/example_dags/tutorial_objectstorage.py for tasks to queue
[2024-10-21T15:09:18.442+0700] {logging_mixin.py:190} INFO - [2024-10-21T15:09:18.441+0700] {dagbag.py:588} INFO - Filling up the DagBag from /Users/punny/Documents/GitHub/NYC-Taxi-ETL-Pipeline/.venv/lib/python3.10/site-packages/airflow/example_dags/tutorial_objectstorage.py
[2024-10-21T15:09:18.518+0700] {processor.py:925} INFO - DAG(s) 'tutorial_objectstorage' retrieved from /Users/punny/Documents/GitHub/NYC-Taxi-ETL-Pipeline/.venv/lib/python3.10/site-packages/airflow/example_dags/tutorial_objectstorage.py
[2024-10-21T15:09:18.845+0700] {logging_mixin.py:190} INFO - [2024-10-21T15:09:18.845+0700] {dag.py:3239} INFO - Sync 1 DAGs
[2024-10-21T15:09:18.869+0700] {logging_mixin.py:190} INFO - [2024-10-21T15:09:18.869+0700] {dag.py:4180} INFO - Setting next_dagrun for tutorial_objectstorage to None, run_after=None
[2024-10-21T15:09:18.906+0700] {processor.py:208} INFO - Processing /Users/punny/Documents/GitHub/NYC-Taxi-ETL-Pipeline/.venv/lib/python3.10/site-packages/airflow/example_dags/tutorial_objectstorage.py took 0.487 seconds
[2024-10-21T15:13:46.644+0700] {processor.py:186} INFO - Started process (PID=39495) to work on /Users/punny/Documents/GitHub/NYC-Taxi-ETL-Pipeline/.venv/lib/python3.10/site-packages/airflow/example_dags/tutorial_objectstorage.py
[2024-10-21T15:13:46.648+0700] {processor.py:914} INFO - Processing file /Users/punny/Documents/GitHub/NYC-Taxi-ETL-Pipeline/.venv/lib/python3.10/site-packages/airflow/example_dags/tutorial_objectstorage.py for tasks to queue
[2024-10-21T15:13:46.649+0700] {logging_mixin.py:190} INFO - [2024-10-21T15:13:46.649+0700] {dagbag.py:588} INFO - Filling up the DagBag from /Users/punny/Documents/GitHub/NYC-Taxi-ETL-Pipeline/.venv/lib/python3.10/site-packages/airflow/example_dags/tutorial_objectstorage.py
[2024-10-21T15:13:46.723+0700] {processor.py:925} INFO - DAG(s) 'tutorial_objectstorage' retrieved from /Users/punny/Documents/GitHub/NYC-Taxi-ETL-Pipeline/.venv/lib/python3.10/site-packages/airflow/example_dags/tutorial_objectstorage.py
[2024-10-21T15:13:47.026+0700] {logging_mixin.py:190} INFO - [2024-10-21T15:13:47.025+0700] {dag.py:3239} INFO - Sync 1 DAGs
[2024-10-21T15:13:47.045+0700] {logging_mixin.py:190} INFO - [2024-10-21T15:13:47.045+0700] {dag.py:4180} INFO - Setting next_dagrun for tutorial_objectstorage to None, run_after=None
[2024-10-21T15:13:47.075+0700] {processor.py:208} INFO - Processing /Users/punny/Documents/GitHub/NYC-Taxi-ETL-Pipeline/.venv/lib/python3.10/site-packages/airflow/example_dags/tutorial_objectstorage.py took 0.440 seconds
[2024-10-21T15:18:11.184+0700] {processor.py:186} INFO - Started process (PID=40022) to work on /Users/punny/Documents/GitHub/NYC-Taxi-ETL-Pipeline/.venv/lib/python3.10/site-packages/airflow/example_dags/tutorial_objectstorage.py
[2024-10-21T15:18:11.189+0700] {processor.py:914} INFO - Processing file /Users/punny/Documents/GitHub/NYC-Taxi-ETL-Pipeline/.venv/lib/python3.10/site-packages/airflow/example_dags/tutorial_objectstorage.py for tasks to queue
[2024-10-21T15:18:11.192+0700] {logging_mixin.py:190} INFO - [2024-10-21T15:18:11.192+0700] {dagbag.py:588} INFO - Filling up the DagBag from /Users/punny/Documents/GitHub/NYC-Taxi-ETL-Pipeline/.venv/lib/python3.10/site-packages/airflow/example_dags/tutorial_objectstorage.py
[2024-10-21T15:18:11.265+0700] {processor.py:925} INFO - DAG(s) 'tutorial_objectstorage' retrieved from /Users/punny/Documents/GitHub/NYC-Taxi-ETL-Pipeline/.venv/lib/python3.10/site-packages/airflow/example_dags/tutorial_objectstorage.py
[2024-10-21T15:18:11.595+0700] {logging_mixin.py:190} INFO - [2024-10-21T15:18:11.594+0700] {dag.py:3239} INFO - Sync 1 DAGs
[2024-10-21T15:18:11.618+0700] {logging_mixin.py:190} INFO - [2024-10-21T15:18:11.618+0700] {dag.py:4180} INFO - Setting next_dagrun for tutorial_objectstorage to None, run_after=None
[2024-10-21T15:18:11.652+0700] {processor.py:208} INFO - Processing /Users/punny/Documents/GitHub/NYC-Taxi-ETL-Pipeline/.venv/lib/python3.10/site-packages/airflow/example_dags/tutorial_objectstorage.py took 0.480 seconds
[2024-10-21T15:22:18.837+0700] {processor.py:186} INFO - Started process (PID=40573) to work on /Users/punny/Documents/GitHub/NYC-Taxi-ETL-Pipeline/.venv/lib/python3.10/site-packages/airflow/example_dags/tutorial_objectstorage.py
[2024-10-21T15:22:18.842+0700] {processor.py:914} INFO - Processing file /Users/punny/Documents/GitHub/NYC-Taxi-ETL-Pipeline/.venv/lib/python3.10/site-packages/airflow/example_dags/tutorial_objectstorage.py for tasks to queue
[2024-10-21T15:22:18.844+0700] {logging_mixin.py:190} INFO - [2024-10-21T15:22:18.843+0700] {dagbag.py:588} INFO - Filling up the DagBag from /Users/punny/Documents/GitHub/NYC-Taxi-ETL-Pipeline/.venv/lib/python3.10/site-packages/airflow/example_dags/tutorial_objectstorage.py
[2024-10-21T15:22:18.916+0700] {processor.py:925} INFO - DAG(s) 'tutorial_objectstorage' retrieved from /Users/punny/Documents/GitHub/NYC-Taxi-ETL-Pipeline/.venv/lib/python3.10/site-packages/airflow/example_dags/tutorial_objectstorage.py
[2024-10-21T15:22:19.254+0700] {logging_mixin.py:190} INFO - [2024-10-21T15:22:19.254+0700] {dag.py:3239} INFO - Sync 1 DAGs
[2024-10-21T15:22:19.285+0700] {logging_mixin.py:190} INFO - [2024-10-21T15:22:19.285+0700] {dag.py:4180} INFO - Setting next_dagrun for tutorial_objectstorage to None, run_after=None
[2024-10-21T15:22:19.319+0700] {processor.py:208} INFO - Processing /Users/punny/Documents/GitHub/NYC-Taxi-ETL-Pipeline/.venv/lib/python3.10/site-packages/airflow/example_dags/tutorial_objectstorage.py took 0.491 seconds
[2024-10-21T15:26:18.342+0700] {processor.py:186} INFO - Started process (PID=41065) to work on /Users/punny/Documents/GitHub/NYC-Taxi-ETL-Pipeline/.venv/lib/python3.10/site-packages/airflow/example_dags/tutorial_objectstorage.py
[2024-10-21T15:26:18.347+0700] {processor.py:914} INFO - Processing file /Users/punny/Documents/GitHub/NYC-Taxi-ETL-Pipeline/.venv/lib/python3.10/site-packages/airflow/example_dags/tutorial_objectstorage.py for tasks to queue
[2024-10-21T15:26:18.350+0700] {logging_mixin.py:190} INFO - [2024-10-21T15:26:18.350+0700] {dagbag.py:588} INFO - Filling up the DagBag from /Users/punny/Documents/GitHub/NYC-Taxi-ETL-Pipeline/.venv/lib/python3.10/site-packages/airflow/example_dags/tutorial_objectstorage.py
[2024-10-21T15:26:18.413+0700] {processor.py:925} INFO - DAG(s) 'tutorial_objectstorage' retrieved from /Users/punny/Documents/GitHub/NYC-Taxi-ETL-Pipeline/.venv/lib/python3.10/site-packages/airflow/example_dags/tutorial_objectstorage.py
[2024-10-21T15:26:18.698+0700] {logging_mixin.py:190} INFO - [2024-10-21T15:26:18.697+0700] {dag.py:3239} INFO - Sync 1 DAGs
[2024-10-21T15:26:18.720+0700] {logging_mixin.py:190} INFO - [2024-10-21T15:26:18.719+0700] {dag.py:4180} INFO - Setting next_dagrun for tutorial_objectstorage to None, run_after=None
[2024-10-21T15:26:18.746+0700] {processor.py:208} INFO - Processing /Users/punny/Documents/GitHub/NYC-Taxi-ETL-Pipeline/.venv/lib/python3.10/site-packages/airflow/example_dags/tutorial_objectstorage.py took 0.411 seconds
[2024-10-21T15:30:28.490+0700] {processor.py:186} INFO - Started process (PID=41628) to work on /Users/punny/Documents/GitHub/NYC-Taxi-ETL-Pipeline/.venv/lib/python3.10/site-packages/airflow/example_dags/tutorial_objectstorage.py
[2024-10-21T15:30:28.494+0700] {processor.py:914} INFO - Processing file /Users/punny/Documents/GitHub/NYC-Taxi-ETL-Pipeline/.venv/lib/python3.10/site-packages/airflow/example_dags/tutorial_objectstorage.py for tasks to queue
[2024-10-21T15:30:28.496+0700] {logging_mixin.py:190} INFO - [2024-10-21T15:30:28.495+0700] {dagbag.py:588} INFO - Filling up the DagBag from /Users/punny/Documents/GitHub/NYC-Taxi-ETL-Pipeline/.venv/lib/python3.10/site-packages/airflow/example_dags/tutorial_objectstorage.py
[2024-10-21T15:30:28.568+0700] {processor.py:925} INFO - DAG(s) 'tutorial_objectstorage' retrieved from /Users/punny/Documents/GitHub/NYC-Taxi-ETL-Pipeline/.venv/lib/python3.10/site-packages/airflow/example_dags/tutorial_objectstorage.py
[2024-10-21T15:30:28.838+0700] {logging_mixin.py:190} INFO - [2024-10-21T15:30:28.837+0700] {dag.py:3239} INFO - Sync 1 DAGs
[2024-10-21T15:30:28.870+0700] {logging_mixin.py:190} INFO - [2024-10-21T15:30:28.870+0700] {dag.py:4180} INFO - Setting next_dagrun for tutorial_objectstorage to None, run_after=None
[2024-10-21T15:30:28.904+0700] {processor.py:208} INFO - Processing /Users/punny/Documents/GitHub/NYC-Taxi-ETL-Pipeline/.venv/lib/python3.10/site-packages/airflow/example_dags/tutorial_objectstorage.py took 0.424 seconds
[2024-10-21T15:34:26.483+0700] {processor.py:186} INFO - Started process (PID=42096) to work on /Users/punny/Documents/GitHub/NYC-Taxi-ETL-Pipeline/.venv/lib/python3.10/site-packages/airflow/example_dags/tutorial_objectstorage.py
[2024-10-21T15:34:26.487+0700] {processor.py:914} INFO - Processing file /Users/punny/Documents/GitHub/NYC-Taxi-ETL-Pipeline/.venv/lib/python3.10/site-packages/airflow/example_dags/tutorial_objectstorage.py for tasks to queue
[2024-10-21T15:34:26.490+0700] {logging_mixin.py:190} INFO - [2024-10-21T15:34:26.489+0700] {dagbag.py:588} INFO - Filling up the DagBag from /Users/punny/Documents/GitHub/NYC-Taxi-ETL-Pipeline/.venv/lib/python3.10/site-packages/airflow/example_dags/tutorial_objectstorage.py
[2024-10-21T15:34:26.559+0700] {processor.py:925} INFO - DAG(s) 'tutorial_objectstorage' retrieved from /Users/punny/Documents/GitHub/NYC-Taxi-ETL-Pipeline/.venv/lib/python3.10/site-packages/airflow/example_dags/tutorial_objectstorage.py
[2024-10-21T15:34:26.859+0700] {logging_mixin.py:190} INFO - [2024-10-21T15:34:26.858+0700] {dag.py:3239} INFO - Sync 1 DAGs
[2024-10-21T15:34:26.882+0700] {logging_mixin.py:190} INFO - [2024-10-21T15:34:26.882+0700] {dag.py:4180} INFO - Setting next_dagrun for tutorial_objectstorage to None, run_after=None
[2024-10-21T15:34:26.917+0700] {processor.py:208} INFO - Processing /Users/punny/Documents/GitHub/NYC-Taxi-ETL-Pipeline/.venv/lib/python3.10/site-packages/airflow/example_dags/tutorial_objectstorage.py took 0.444 seconds
[2024-10-21T15:38:16.180+0700] {processor.py:186} INFO - Started process (PID=42594) to work on /Users/punny/Documents/GitHub/NYC-Taxi-ETL-Pipeline/.venv/lib/python3.10/site-packages/airflow/example_dags/tutorial_objectstorage.py
[2024-10-21T15:38:16.184+0700] {processor.py:914} INFO - Processing file /Users/punny/Documents/GitHub/NYC-Taxi-ETL-Pipeline/.venv/lib/python3.10/site-packages/airflow/example_dags/tutorial_objectstorage.py for tasks to queue
[2024-10-21T15:38:16.186+0700] {logging_mixin.py:190} INFO - [2024-10-21T15:38:16.185+0700] {dagbag.py:588} INFO - Filling up the DagBag from /Users/punny/Documents/GitHub/NYC-Taxi-ETL-Pipeline/.venv/lib/python3.10/site-packages/airflow/example_dags/tutorial_objectstorage.py
[2024-10-21T15:38:16.257+0700] {processor.py:925} INFO - DAG(s) 'tutorial_objectstorage' retrieved from /Users/punny/Documents/GitHub/NYC-Taxi-ETL-Pipeline/.venv/lib/python3.10/site-packages/airflow/example_dags/tutorial_objectstorage.py
[2024-10-21T15:38:16.521+0700] {logging_mixin.py:190} INFO - [2024-10-21T15:38:16.520+0700] {dag.py:3239} INFO - Sync 1 DAGs
[2024-10-21T15:38:16.543+0700] {logging_mixin.py:190} INFO - [2024-10-21T15:38:16.543+0700] {dag.py:4180} INFO - Setting next_dagrun for tutorial_objectstorage to None, run_after=None
[2024-10-21T15:38:16.574+0700] {processor.py:208} INFO - Processing /Users/punny/Documents/GitHub/NYC-Taxi-ETL-Pipeline/.venv/lib/python3.10/site-packages/airflow/example_dags/tutorial_objectstorage.py took 0.404 seconds
[2024-10-21T15:42:16.241+0700] {processor.py:186} INFO - Started process (PID=43166) to work on /Users/punny/Documents/GitHub/NYC-Taxi-ETL-Pipeline/.venv/lib/python3.10/site-packages/airflow/example_dags/tutorial_objectstorage.py
[2024-10-21T15:42:16.248+0700] {processor.py:914} INFO - Processing file /Users/punny/Documents/GitHub/NYC-Taxi-ETL-Pipeline/.venv/lib/python3.10/site-packages/airflow/example_dags/tutorial_objectstorage.py for tasks to queue
[2024-10-21T15:42:16.250+0700] {logging_mixin.py:190} INFO - [2024-10-21T15:42:16.249+0700] {dagbag.py:588} INFO - Filling up the DagBag from /Users/punny/Documents/GitHub/NYC-Taxi-ETL-Pipeline/.venv/lib/python3.10/site-packages/airflow/example_dags/tutorial_objectstorage.py
[2024-10-21T15:42:16.309+0700] {processor.py:925} INFO - DAG(s) 'tutorial_objectstorage' retrieved from /Users/punny/Documents/GitHub/NYC-Taxi-ETL-Pipeline/.venv/lib/python3.10/site-packages/airflow/example_dags/tutorial_objectstorage.py
[2024-10-21T15:42:16.561+0700] {logging_mixin.py:190} INFO - [2024-10-21T15:42:16.560+0700] {dag.py:3239} INFO - Sync 1 DAGs
[2024-10-21T15:42:16.589+0700] {logging_mixin.py:190} INFO - [2024-10-21T15:42:16.589+0700] {dag.py:4180} INFO - Setting next_dagrun for tutorial_objectstorage to None, run_after=None
[2024-10-21T15:42:16.620+0700] {processor.py:208} INFO - Processing /Users/punny/Documents/GitHub/NYC-Taxi-ETL-Pipeline/.venv/lib/python3.10/site-packages/airflow/example_dags/tutorial_objectstorage.py took 0.389 seconds
[2024-10-21T15:46:10.120+0700] {processor.py:186} INFO - Started process (PID=43657) to work on /Users/punny/Documents/GitHub/NYC-Taxi-ETL-Pipeline/.venv/lib/python3.10/site-packages/airflow/example_dags/tutorial_objectstorage.py
[2024-10-21T15:46:10.124+0700] {processor.py:914} INFO - Processing file /Users/punny/Documents/GitHub/NYC-Taxi-ETL-Pipeline/.venv/lib/python3.10/site-packages/airflow/example_dags/tutorial_objectstorage.py for tasks to queue
[2024-10-21T15:46:10.126+0700] {logging_mixin.py:190} INFO - [2024-10-21T15:46:10.125+0700] {dagbag.py:588} INFO - Filling up the DagBag from /Users/punny/Documents/GitHub/NYC-Taxi-ETL-Pipeline/.venv/lib/python3.10/site-packages/airflow/example_dags/tutorial_objectstorage.py
[2024-10-21T15:46:10.195+0700] {processor.py:925} INFO - DAG(s) 'tutorial_objectstorage' retrieved from /Users/punny/Documents/GitHub/NYC-Taxi-ETL-Pipeline/.venv/lib/python3.10/site-packages/airflow/example_dags/tutorial_objectstorage.py
[2024-10-21T15:46:10.505+0700] {logging_mixin.py:190} INFO - [2024-10-21T15:46:10.505+0700] {dag.py:3239} INFO - Sync 1 DAGs
[2024-10-21T15:46:10.530+0700] {logging_mixin.py:190} INFO - [2024-10-21T15:46:10.529+0700] {dag.py:4180} INFO - Setting next_dagrun for tutorial_objectstorage to None, run_after=None
[2024-10-21T15:46:10.558+0700] {processor.py:208} INFO - Processing /Users/punny/Documents/GitHub/NYC-Taxi-ETL-Pipeline/.venv/lib/python3.10/site-packages/airflow/example_dags/tutorial_objectstorage.py took 0.454 seconds
[2024-10-21T15:50:09.767+0700] {processor.py:186} INFO - Started process (PID=44192) to work on /Users/punny/Documents/GitHub/NYC-Taxi-ETL-Pipeline/.venv/lib/python3.10/site-packages/airflow/example_dags/tutorial_objectstorage.py
[2024-10-21T15:50:09.771+0700] {processor.py:914} INFO - Processing file /Users/punny/Documents/GitHub/NYC-Taxi-ETL-Pipeline/.venv/lib/python3.10/site-packages/airflow/example_dags/tutorial_objectstorage.py for tasks to queue
[2024-10-21T15:50:09.773+0700] {logging_mixin.py:190} INFO - [2024-10-21T15:50:09.772+0700] {dagbag.py:588} INFO - Filling up the DagBag from /Users/punny/Documents/GitHub/NYC-Taxi-ETL-Pipeline/.venv/lib/python3.10/site-packages/airflow/example_dags/tutorial_objectstorage.py
[2024-10-21T15:50:09.840+0700] {processor.py:925} INFO - DAG(s) 'tutorial_objectstorage' retrieved from /Users/punny/Documents/GitHub/NYC-Taxi-ETL-Pipeline/.venv/lib/python3.10/site-packages/airflow/example_dags/tutorial_objectstorage.py
[2024-10-21T15:50:10.113+0700] {logging_mixin.py:190} INFO - [2024-10-21T15:50:10.113+0700] {dag.py:3239} INFO - Sync 1 DAGs
[2024-10-21T15:50:10.135+0700] {logging_mixin.py:190} INFO - [2024-10-21T15:50:10.135+0700] {dag.py:4180} INFO - Setting next_dagrun for tutorial_objectstorage to None, run_after=None
[2024-10-21T15:50:10.167+0700] {processor.py:208} INFO - Processing /Users/punny/Documents/GitHub/NYC-Taxi-ETL-Pipeline/.venv/lib/python3.10/site-packages/airflow/example_dags/tutorial_objectstorage.py took 0.414 seconds
[2024-10-21T15:53:59.513+0700] {processor.py:186} INFO - Started process (PID=44653) to work on /Users/punny/Documents/GitHub/NYC-Taxi-ETL-Pipeline/.venv/lib/python3.10/site-packages/airflow/example_dags/tutorial_objectstorage.py
[2024-10-21T15:53:59.517+0700] {processor.py:914} INFO - Processing file /Users/punny/Documents/GitHub/NYC-Taxi-ETL-Pipeline/.venv/lib/python3.10/site-packages/airflow/example_dags/tutorial_objectstorage.py for tasks to queue
[2024-10-21T15:53:59.519+0700] {logging_mixin.py:190} INFO - [2024-10-21T15:53:59.519+0700] {dagbag.py:588} INFO - Filling up the DagBag from /Users/punny/Documents/GitHub/NYC-Taxi-ETL-Pipeline/.venv/lib/python3.10/site-packages/airflow/example_dags/tutorial_objectstorage.py
[2024-10-21T15:53:59.582+0700] {processor.py:925} INFO - DAG(s) 'tutorial_objectstorage' retrieved from /Users/punny/Documents/GitHub/NYC-Taxi-ETL-Pipeline/.venv/lib/python3.10/site-packages/airflow/example_dags/tutorial_objectstorage.py
[2024-10-21T15:53:59.830+0700] {logging_mixin.py:190} INFO - [2024-10-21T15:53:59.830+0700] {dag.py:3239} INFO - Sync 1 DAGs
[2024-10-21T15:53:59.850+0700] {logging_mixin.py:190} INFO - [2024-10-21T15:53:59.850+0700] {dag.py:4180} INFO - Setting next_dagrun for tutorial_objectstorage to None, run_after=None
[2024-10-21T15:53:59.886+0700] {processor.py:208} INFO - Processing /Users/punny/Documents/GitHub/NYC-Taxi-ETL-Pipeline/.venv/lib/python3.10/site-packages/airflow/example_dags/tutorial_objectstorage.py took 0.388 seconds
[2024-10-21T15:58:10.817+0700] {processor.py:186} INFO - Started process (PID=45175) to work on /Users/punny/Documents/GitHub/NYC-Taxi-ETL-Pipeline/.venv/lib/python3.10/site-packages/airflow/example_dags/tutorial_objectstorage.py
[2024-10-21T15:58:10.824+0700] {processor.py:914} INFO - Processing file /Users/punny/Documents/GitHub/NYC-Taxi-ETL-Pipeline/.venv/lib/python3.10/site-packages/airflow/example_dags/tutorial_objectstorage.py for tasks to queue
[2024-10-21T15:58:10.826+0700] {logging_mixin.py:190} INFO - [2024-10-21T15:58:10.826+0700] {dagbag.py:588} INFO - Filling up the DagBag from /Users/punny/Documents/GitHub/NYC-Taxi-ETL-Pipeline/.venv/lib/python3.10/site-packages/airflow/example_dags/tutorial_objectstorage.py
[2024-10-21T15:58:10.894+0700] {processor.py:925} INFO - DAG(s) 'tutorial_objectstorage' retrieved from /Users/punny/Documents/GitHub/NYC-Taxi-ETL-Pipeline/.venv/lib/python3.10/site-packages/airflow/example_dags/tutorial_objectstorage.py
[2024-10-21T15:58:11.154+0700] {logging_mixin.py:190} INFO - [2024-10-21T15:58:11.154+0700] {dag.py:3239} INFO - Sync 1 DAGs
[2024-10-21T15:58:11.177+0700] {logging_mixin.py:190} INFO - [2024-10-21T15:58:11.176+0700] {dag.py:4180} INFO - Setting next_dagrun for tutorial_objectstorage to None, run_after=None
[2024-10-21T15:58:11.212+0700] {processor.py:208} INFO - Processing /Users/punny/Documents/GitHub/NYC-Taxi-ETL-Pipeline/.venv/lib/python3.10/site-packages/airflow/example_dags/tutorial_objectstorage.py took 0.403 seconds
[2024-10-21T16:02:18.274+0700] {processor.py:186} INFO - Started process (PID=45733) to work on /Users/punny/Documents/GitHub/NYC-Taxi-ETL-Pipeline/.venv/lib/python3.10/site-packages/airflow/example_dags/tutorial_objectstorage.py
[2024-10-21T16:02:18.279+0700] {processor.py:914} INFO - Processing file /Users/punny/Documents/GitHub/NYC-Taxi-ETL-Pipeline/.venv/lib/python3.10/site-packages/airflow/example_dags/tutorial_objectstorage.py for tasks to queue
[2024-10-21T16:02:18.282+0700] {logging_mixin.py:190} INFO - [2024-10-21T16:02:18.282+0700] {dagbag.py:588} INFO - Filling up the DagBag from /Users/punny/Documents/GitHub/NYC-Taxi-ETL-Pipeline/.venv/lib/python3.10/site-packages/airflow/example_dags/tutorial_objectstorage.py
[2024-10-21T16:02:18.348+0700] {processor.py:925} INFO - DAG(s) 'tutorial_objectstorage' retrieved from /Users/punny/Documents/GitHub/NYC-Taxi-ETL-Pipeline/.venv/lib/python3.10/site-packages/airflow/example_dags/tutorial_objectstorage.py
[2024-10-21T16:02:18.640+0700] {logging_mixin.py:190} INFO - [2024-10-21T16:02:18.639+0700] {dag.py:3239} INFO - Sync 1 DAGs
[2024-10-21T16:02:18.659+0700] {logging_mixin.py:190} INFO - [2024-10-21T16:02:18.659+0700] {dag.py:4180} INFO - Setting next_dagrun for tutorial_objectstorage to None, run_after=None
[2024-10-21T16:02:18.692+0700] {processor.py:208} INFO - Processing /Users/punny/Documents/GitHub/NYC-Taxi-ETL-Pipeline/.venv/lib/python3.10/site-packages/airflow/example_dags/tutorial_objectstorage.py took 0.427 seconds
[2024-10-21T20:36:33.015+0700] {processor.py:186} INFO - Started process (PID=4228) to work on /Users/punny/Documents/GitHub/NYC-Taxi-ETL-Pipeline/.venv/lib/python3.10/site-packages/airflow/example_dags/tutorial_objectstorage.py
[2024-10-21T20:36:33.018+0700] {processor.py:914} INFO - Processing file /Users/punny/Documents/GitHub/NYC-Taxi-ETL-Pipeline/.venv/lib/python3.10/site-packages/airflow/example_dags/tutorial_objectstorage.py for tasks to queue
[2024-10-21T20:36:33.020+0700] {logging_mixin.py:190} INFO - [2024-10-21T20:36:33.019+0700] {dagbag.py:588} INFO - Filling up the DagBag from /Users/punny/Documents/GitHub/NYC-Taxi-ETL-Pipeline/.venv/lib/python3.10/site-packages/airflow/example_dags/tutorial_objectstorage.py
[2024-10-21T20:36:33.065+0700] {processor.py:925} INFO - DAG(s) 'tutorial_objectstorage' retrieved from /Users/punny/Documents/GitHub/NYC-Taxi-ETL-Pipeline/.venv/lib/python3.10/site-packages/airflow/example_dags/tutorial_objectstorage.py
[2024-10-21T20:36:33.257+0700] {logging_mixin.py:190} INFO - [2024-10-21T20:36:33.257+0700] {dag.py:3239} INFO - Sync 1 DAGs
[2024-10-21T20:36:33.272+0700] {logging_mixin.py:190} INFO - [2024-10-21T20:36:33.271+0700] {dag.py:4180} INFO - Setting next_dagrun for tutorial_objectstorage to None, run_after=None
[2024-10-21T20:36:33.293+0700] {processor.py:208} INFO - Processing /Users/punny/Documents/GitHub/NYC-Taxi-ETL-Pipeline/.venv/lib/python3.10/site-packages/airflow/example_dags/tutorial_objectstorage.py took 0.288 seconds
[2024-10-21T20:40:20.102+0700] {processor.py:186} INFO - Started process (PID=4509) to work on /Users/punny/Documents/GitHub/NYC-Taxi-ETL-Pipeline/.venv/lib/python3.10/site-packages/airflow/example_dags/tutorial_objectstorage.py
[2024-10-21T20:40:20.105+0700] {processor.py:914} INFO - Processing file /Users/punny/Documents/GitHub/NYC-Taxi-ETL-Pipeline/.venv/lib/python3.10/site-packages/airflow/example_dags/tutorial_objectstorage.py for tasks to queue
[2024-10-21T20:40:20.106+0700] {logging_mixin.py:190} INFO - [2024-10-21T20:40:20.106+0700] {dagbag.py:588} INFO - Filling up the DagBag from /Users/punny/Documents/GitHub/NYC-Taxi-ETL-Pipeline/.venv/lib/python3.10/site-packages/airflow/example_dags/tutorial_objectstorage.py
[2024-10-21T20:40:20.149+0700] {processor.py:925} INFO - DAG(s) 'tutorial_objectstorage' retrieved from /Users/punny/Documents/GitHub/NYC-Taxi-ETL-Pipeline/.venv/lib/python3.10/site-packages/airflow/example_dags/tutorial_objectstorage.py
[2024-10-21T20:40:20.356+0700] {logging_mixin.py:190} INFO - [2024-10-21T20:40:20.356+0700] {dag.py:3239} INFO - Sync 1 DAGs
[2024-10-21T20:40:20.373+0700] {logging_mixin.py:190} INFO - [2024-10-21T20:40:20.372+0700] {dag.py:4180} INFO - Setting next_dagrun for tutorial_objectstorage to None, run_after=None
[2024-10-21T20:40:20.396+0700] {processor.py:208} INFO - Processing /Users/punny/Documents/GitHub/NYC-Taxi-ETL-Pipeline/.venv/lib/python3.10/site-packages/airflow/example_dags/tutorial_objectstorage.py took 0.302 seconds
[2024-10-21T20:43:49.818+0700] {processor.py:186} INFO - Started process (PID=4868) to work on /Users/punny/Documents/GitHub/NYC-Taxi-ETL-Pipeline/.venv/lib/python3.10/site-packages/airflow/example_dags/tutorial_objectstorage.py
[2024-10-21T20:43:49.822+0700] {processor.py:914} INFO - Processing file /Users/punny/Documents/GitHub/NYC-Taxi-ETL-Pipeline/.venv/lib/python3.10/site-packages/airflow/example_dags/tutorial_objectstorage.py for tasks to queue
[2024-10-21T20:43:49.824+0700] {logging_mixin.py:190} INFO - [2024-10-21T20:43:49.824+0700] {dagbag.py:588} INFO - Filling up the DagBag from /Users/punny/Documents/GitHub/NYC-Taxi-ETL-Pipeline/.venv/lib/python3.10/site-packages/airflow/example_dags/tutorial_objectstorage.py
[2024-10-21T20:43:49.886+0700] {processor.py:925} INFO - DAG(s) 'tutorial_objectstorage' retrieved from /Users/punny/Documents/GitHub/NYC-Taxi-ETL-Pipeline/.venv/lib/python3.10/site-packages/airflow/example_dags/tutorial_objectstorage.py
[2024-10-21T20:43:50.263+0700] {logging_mixin.py:190} INFO - [2024-10-21T20:43:50.262+0700] {dag.py:3239} INFO - Sync 1 DAGs
[2024-10-21T20:43:50.302+0700] {logging_mixin.py:190} INFO - [2024-10-21T20:43:50.301+0700] {dag.py:4180} INFO - Setting next_dagrun for tutorial_objectstorage to None, run_after=None
[2024-10-21T20:43:50.333+0700] {processor.py:208} INFO - Processing /Users/punny/Documents/GitHub/NYC-Taxi-ETL-Pipeline/.venv/lib/python3.10/site-packages/airflow/example_dags/tutorial_objectstorage.py took 0.525 seconds
[2024-10-21T20:47:40.899+0700] {processor.py:186} INFO - Started process (PID=5247) to work on /Users/punny/Documents/GitHub/NYC-Taxi-ETL-Pipeline/.venv/lib/python3.10/site-packages/airflow/example_dags/tutorial_objectstorage.py
[2024-10-21T20:47:40.903+0700] {processor.py:914} INFO - Processing file /Users/punny/Documents/GitHub/NYC-Taxi-ETL-Pipeline/.venv/lib/python3.10/site-packages/airflow/example_dags/tutorial_objectstorage.py for tasks to queue
[2024-10-21T20:47:40.905+0700] {logging_mixin.py:190} INFO - [2024-10-21T20:47:40.904+0700] {dagbag.py:588} INFO - Filling up the DagBag from /Users/punny/Documents/GitHub/NYC-Taxi-ETL-Pipeline/.venv/lib/python3.10/site-packages/airflow/example_dags/tutorial_objectstorage.py
[2024-10-21T20:47:40.954+0700] {processor.py:925} INFO - DAG(s) 'tutorial_objectstorage' retrieved from /Users/punny/Documents/GitHub/NYC-Taxi-ETL-Pipeline/.venv/lib/python3.10/site-packages/airflow/example_dags/tutorial_objectstorage.py
[2024-10-21T20:47:41.157+0700] {logging_mixin.py:190} INFO - [2024-10-21T20:47:41.156+0700] {dag.py:3239} INFO - Sync 1 DAGs
[2024-10-21T20:47:41.172+0700] {logging_mixin.py:190} INFO - [2024-10-21T20:47:41.172+0700] {dag.py:4180} INFO - Setting next_dagrun for tutorial_objectstorage to None, run_after=None
[2024-10-21T20:47:41.194+0700] {processor.py:208} INFO - Processing /Users/punny/Documents/GitHub/NYC-Taxi-ETL-Pipeline/.venv/lib/python3.10/site-packages/airflow/example_dags/tutorial_objectstorage.py took 0.304 seconds
[2024-10-21T20:51:18.026+0700] {processor.py:186} INFO - Started process (PID=5553) to work on /Users/punny/Documents/GitHub/NYC-Taxi-ETL-Pipeline/.venv/lib/python3.10/site-packages/airflow/example_dags/tutorial_objectstorage.py
[2024-10-21T20:51:18.029+0700] {processor.py:914} INFO - Processing file /Users/punny/Documents/GitHub/NYC-Taxi-ETL-Pipeline/.venv/lib/python3.10/site-packages/airflow/example_dags/tutorial_objectstorage.py for tasks to queue
[2024-10-21T20:51:18.031+0700] {logging_mixin.py:190} INFO - [2024-10-21T20:51:18.031+0700] {dagbag.py:588} INFO - Filling up the DagBag from /Users/punny/Documents/GitHub/NYC-Taxi-ETL-Pipeline/.venv/lib/python3.10/site-packages/airflow/example_dags/tutorial_objectstorage.py
[2024-10-21T20:51:18.099+0700] {processor.py:925} INFO - DAG(s) 'tutorial_objectstorage' retrieved from /Users/punny/Documents/GitHub/NYC-Taxi-ETL-Pipeline/.venv/lib/python3.10/site-packages/airflow/example_dags/tutorial_objectstorage.py
[2024-10-21T20:51:18.390+0700] {logging_mixin.py:190} INFO - [2024-10-21T20:51:18.389+0700] {dag.py:3239} INFO - Sync 1 DAGs
[2024-10-21T20:51:18.415+0700] {logging_mixin.py:190} INFO - [2024-10-21T20:51:18.415+0700] {dag.py:4180} INFO - Setting next_dagrun for tutorial_objectstorage to None, run_after=None
[2024-10-21T20:51:18.459+0700] {processor.py:208} INFO - Processing /Users/punny/Documents/GitHub/NYC-Taxi-ETL-Pipeline/.venv/lib/python3.10/site-packages/airflow/example_dags/tutorial_objectstorage.py took 0.440 seconds
[2024-10-21T20:55:28.190+0700] {processor.py:186} INFO - Started process (PID=6064) to work on /Users/punny/Documents/GitHub/NYC-Taxi-ETL-Pipeline/.venv/lib/python3.10/site-packages/airflow/example_dags/tutorial_objectstorage.py
[2024-10-21T20:55:28.193+0700] {processor.py:914} INFO - Processing file /Users/punny/Documents/GitHub/NYC-Taxi-ETL-Pipeline/.venv/lib/python3.10/site-packages/airflow/example_dags/tutorial_objectstorage.py for tasks to queue
[2024-10-21T20:55:28.195+0700] {logging_mixin.py:190} INFO - [2024-10-21T20:55:28.194+0700] {dagbag.py:588} INFO - Filling up the DagBag from /Users/punny/Documents/GitHub/NYC-Taxi-ETL-Pipeline/.venv/lib/python3.10/site-packages/airflow/example_dags/tutorial_objectstorage.py
[2024-10-21T20:55:28.239+0700] {processor.py:925} INFO - DAG(s) 'tutorial_objectstorage' retrieved from /Users/punny/Documents/GitHub/NYC-Taxi-ETL-Pipeline/.venv/lib/python3.10/site-packages/airflow/example_dags/tutorial_objectstorage.py
[2024-10-21T20:55:28.421+0700] {logging_mixin.py:190} INFO - [2024-10-21T20:55:28.420+0700] {dag.py:3239} INFO - Sync 1 DAGs
[2024-10-21T20:55:28.435+0700] {logging_mixin.py:190} INFO - [2024-10-21T20:55:28.435+0700] {dag.py:4180} INFO - Setting next_dagrun for tutorial_objectstorage to None, run_after=None
[2024-10-21T20:55:28.457+0700] {processor.py:208} INFO - Processing /Users/punny/Documents/GitHub/NYC-Taxi-ETL-Pipeline/.venv/lib/python3.10/site-packages/airflow/example_dags/tutorial_objectstorage.py took 0.273 seconds
[2024-10-21T20:59:53.679+0700] {processor.py:186} INFO - Started process (PID=6416) to work on /Users/punny/Documents/GitHub/NYC-Taxi-ETL-Pipeline/.venv/lib/python3.10/site-packages/airflow/example_dags/tutorial_objectstorage.py
[2024-10-21T20:59:53.683+0700] {processor.py:914} INFO - Processing file /Users/punny/Documents/GitHub/NYC-Taxi-ETL-Pipeline/.venv/lib/python3.10/site-packages/airflow/example_dags/tutorial_objectstorage.py for tasks to queue
[2024-10-21T20:59:53.685+0700] {logging_mixin.py:190} INFO - [2024-10-21T20:59:53.684+0700] {dagbag.py:588} INFO - Filling up the DagBag from /Users/punny/Documents/GitHub/NYC-Taxi-ETL-Pipeline/.venv/lib/python3.10/site-packages/airflow/example_dags/tutorial_objectstorage.py
[2024-10-21T20:59:53.730+0700] {processor.py:925} INFO - DAG(s) 'tutorial_objectstorage' retrieved from /Users/punny/Documents/GitHub/NYC-Taxi-ETL-Pipeline/.venv/lib/python3.10/site-packages/airflow/example_dags/tutorial_objectstorage.py
[2024-10-21T20:59:53.906+0700] {logging_mixin.py:190} INFO - [2024-10-21T20:59:53.905+0700] {dag.py:3239} INFO - Sync 1 DAGs
[2024-10-21T20:59:53.921+0700] {logging_mixin.py:190} INFO - [2024-10-21T20:59:53.920+0700] {dag.py:4180} INFO - Setting next_dagrun for tutorial_objectstorage to None, run_after=None
[2024-10-21T20:59:53.944+0700] {processor.py:208} INFO - Processing /Users/punny/Documents/GitHub/NYC-Taxi-ETL-Pipeline/.venv/lib/python3.10/site-packages/airflow/example_dags/tutorial_objectstorage.py took 0.273 seconds
[2024-10-21T21:03:57.835+0700] {processor.py:186} INFO - Started process (PID=6724) to work on /Users/punny/Documents/GitHub/NYC-Taxi-ETL-Pipeline/.venv/lib/python3.10/site-packages/airflow/example_dags/tutorial_objectstorage.py
[2024-10-21T21:03:57.838+0700] {processor.py:914} INFO - Processing file /Users/punny/Documents/GitHub/NYC-Taxi-ETL-Pipeline/.venv/lib/python3.10/site-packages/airflow/example_dags/tutorial_objectstorage.py for tasks to queue
[2024-10-21T21:03:57.839+0700] {logging_mixin.py:190} INFO - [2024-10-21T21:03:57.839+0700] {dagbag.py:588} INFO - Filling up the DagBag from /Users/punny/Documents/GitHub/NYC-Taxi-ETL-Pipeline/.venv/lib/python3.10/site-packages/airflow/example_dags/tutorial_objectstorage.py
[2024-10-21T21:03:57.882+0700] {processor.py:925} INFO - DAG(s) 'tutorial_objectstorage' retrieved from /Users/punny/Documents/GitHub/NYC-Taxi-ETL-Pipeline/.venv/lib/python3.10/site-packages/airflow/example_dags/tutorial_objectstorage.py
[2024-10-21T21:03:58.063+0700] {logging_mixin.py:190} INFO - [2024-10-21T21:03:58.063+0700] {dag.py:3239} INFO - Sync 1 DAGs
[2024-10-21T21:03:58.077+0700] {logging_mixin.py:190} INFO - [2024-10-21T21:03:58.077+0700] {dag.py:4180} INFO - Setting next_dagrun for tutorial_objectstorage to None, run_after=None
[2024-10-21T21:03:58.099+0700] {processor.py:208} INFO - Processing /Users/punny/Documents/GitHub/NYC-Taxi-ETL-Pipeline/.venv/lib/python3.10/site-packages/airflow/example_dags/tutorial_objectstorage.py took 0.273 seconds
[2024-10-21T21:07:14.746+0700] {processor.py:186} INFO - Started process (PID=7000) to work on /Users/punny/Documents/GitHub/NYC-Taxi-ETL-Pipeline/.venv/lib/python3.10/site-packages/airflow/example_dags/tutorial_objectstorage.py
[2024-10-21T21:07:14.750+0700] {processor.py:914} INFO - Processing file /Users/punny/Documents/GitHub/NYC-Taxi-ETL-Pipeline/.venv/lib/python3.10/site-packages/airflow/example_dags/tutorial_objectstorage.py for tasks to queue
[2024-10-21T21:07:14.751+0700] {logging_mixin.py:190} INFO - [2024-10-21T21:07:14.751+0700] {dagbag.py:588} INFO - Filling up the DagBag from /Users/punny/Documents/GitHub/NYC-Taxi-ETL-Pipeline/.venv/lib/python3.10/site-packages/airflow/example_dags/tutorial_objectstorage.py
[2024-10-21T21:07:14.802+0700] {processor.py:925} INFO - DAG(s) 'tutorial_objectstorage' retrieved from /Users/punny/Documents/GitHub/NYC-Taxi-ETL-Pipeline/.venv/lib/python3.10/site-packages/airflow/example_dags/tutorial_objectstorage.py
[2024-10-21T21:07:15.023+0700] {logging_mixin.py:190} INFO - [2024-10-21T21:07:15.022+0700] {dag.py:3239} INFO - Sync 1 DAGs
[2024-10-21T21:07:15.050+0700] {logging_mixin.py:190} INFO - [2024-10-21T21:07:15.050+0700] {dag.py:4180} INFO - Setting next_dagrun for tutorial_objectstorage to None, run_after=None
[2024-10-21T21:07:15.080+0700] {processor.py:208} INFO - Processing /Users/punny/Documents/GitHub/NYC-Taxi-ETL-Pipeline/.venv/lib/python3.10/site-packages/airflow/example_dags/tutorial_objectstorage.py took 0.343 seconds
[2024-10-21T21:10:38.875+0700] {processor.py:186} INFO - Started process (PID=7210) to work on /Users/punny/Documents/GitHub/NYC-Taxi-ETL-Pipeline/.venv/lib/python3.10/site-packages/airflow/example_dags/tutorial_objectstorage.py
[2024-10-21T21:10:38.878+0700] {processor.py:914} INFO - Processing file /Users/punny/Documents/GitHub/NYC-Taxi-ETL-Pipeline/.venv/lib/python3.10/site-packages/airflow/example_dags/tutorial_objectstorage.py for tasks to queue
[2024-10-21T21:10:38.880+0700] {logging_mixin.py:190} INFO - [2024-10-21T21:10:38.880+0700] {dagbag.py:588} INFO - Filling up the DagBag from /Users/punny/Documents/GitHub/NYC-Taxi-ETL-Pipeline/.venv/lib/python3.10/site-packages/airflow/example_dags/tutorial_objectstorage.py
[2024-10-21T21:10:38.923+0700] {processor.py:925} INFO - DAG(s) 'tutorial_objectstorage' retrieved from /Users/punny/Documents/GitHub/NYC-Taxi-ETL-Pipeline/.venv/lib/python3.10/site-packages/airflow/example_dags/tutorial_objectstorage.py
[2024-10-21T21:10:39.102+0700] {logging_mixin.py:190} INFO - [2024-10-21T21:10:39.102+0700] {dag.py:3239} INFO - Sync 1 DAGs
[2024-10-21T21:10:39.117+0700] {logging_mixin.py:190} INFO - [2024-10-21T21:10:39.117+0700] {dag.py:4180} INFO - Setting next_dagrun for tutorial_objectstorage to None, run_after=None
[2024-10-21T21:10:39.139+0700] {processor.py:208} INFO - Processing /Users/punny/Documents/GitHub/NYC-Taxi-ETL-Pipeline/.venv/lib/python3.10/site-packages/airflow/example_dags/tutorial_objectstorage.py took 0.272 seconds
[2024-10-21T21:13:40.999+0700] {processor.py:186} INFO - Started process (PID=7527) to work on /Users/punny/Documents/GitHub/NYC-Taxi-ETL-Pipeline/.venv/lib/python3.10/site-packages/airflow/example_dags/tutorial_objectstorage.py
[2024-10-21T21:13:41.001+0700] {processor.py:914} INFO - Processing file /Users/punny/Documents/GitHub/NYC-Taxi-ETL-Pipeline/.venv/lib/python3.10/site-packages/airflow/example_dags/tutorial_objectstorage.py for tasks to queue
[2024-10-21T21:13:41.002+0700] {logging_mixin.py:190} INFO - [2024-10-21T21:13:41.002+0700] {dagbag.py:588} INFO - Filling up the DagBag from /Users/punny/Documents/GitHub/NYC-Taxi-ETL-Pipeline/.venv/lib/python3.10/site-packages/airflow/example_dags/tutorial_objectstorage.py
[2024-10-21T21:13:41.053+0700] {processor.py:925} INFO - DAG(s) 'tutorial_objectstorage' retrieved from /Users/punny/Documents/GitHub/NYC-Taxi-ETL-Pipeline/.venv/lib/python3.10/site-packages/airflow/example_dags/tutorial_objectstorage.py
[2024-10-21T21:13:41.264+0700] {logging_mixin.py:190} INFO - [2024-10-21T21:13:41.263+0700] {dag.py:3239} INFO - Sync 1 DAGs
[2024-10-21T21:13:41.278+0700] {logging_mixin.py:190} INFO - [2024-10-21T21:13:41.278+0700] {dag.py:4180} INFO - Setting next_dagrun for tutorial_objectstorage to None, run_after=None
[2024-10-21T21:13:41.307+0700] {processor.py:208} INFO - Processing /Users/punny/Documents/GitHub/NYC-Taxi-ETL-Pipeline/.venv/lib/python3.10/site-packages/airflow/example_dags/tutorial_objectstorage.py took 0.317 seconds
[2024-10-21T21:16:55.554+0700] {processor.py:186} INFO - Started process (PID=7865) to work on /Users/punny/Documents/GitHub/NYC-Taxi-ETL-Pipeline/.venv/lib/python3.10/site-packages/airflow/example_dags/tutorial_objectstorage.py
[2024-10-21T21:16:55.558+0700] {processor.py:914} INFO - Processing file /Users/punny/Documents/GitHub/NYC-Taxi-ETL-Pipeline/.venv/lib/python3.10/site-packages/airflow/example_dags/tutorial_objectstorage.py for tasks to queue
[2024-10-21T21:16:55.559+0700] {logging_mixin.py:190} INFO - [2024-10-21T21:16:55.559+0700] {dagbag.py:588} INFO - Filling up the DagBag from /Users/punny/Documents/GitHub/NYC-Taxi-ETL-Pipeline/.venv/lib/python3.10/site-packages/airflow/example_dags/tutorial_objectstorage.py
[2024-10-21T21:16:55.631+0700] {processor.py:925} INFO - DAG(s) 'tutorial_objectstorage' retrieved from /Users/punny/Documents/GitHub/NYC-Taxi-ETL-Pipeline/.venv/lib/python3.10/site-packages/airflow/example_dags/tutorial_objectstorage.py
[2024-10-21T21:16:55.917+0700] {logging_mixin.py:190} INFO - [2024-10-21T21:16:55.916+0700] {dag.py:3239} INFO - Sync 1 DAGs
[2024-10-21T21:16:55.949+0700] {logging_mixin.py:190} INFO - [2024-10-21T21:16:55.948+0700] {dag.py:4180} INFO - Setting next_dagrun for tutorial_objectstorage to None, run_after=None
[2024-10-21T21:16:55.980+0700] {processor.py:208} INFO - Processing /Users/punny/Documents/GitHub/NYC-Taxi-ETL-Pipeline/.venv/lib/python3.10/site-packages/airflow/example_dags/tutorial_objectstorage.py took 0.437 seconds
[2024-10-21T21:20:05.750+0700] {processor.py:186} INFO - Started process (PID=8042) to work on /Users/punny/Documents/GitHub/NYC-Taxi-ETL-Pipeline/.venv/lib/python3.10/site-packages/airflow/example_dags/tutorial_objectstorage.py
[2024-10-21T21:20:05.753+0700] {processor.py:914} INFO - Processing file /Users/punny/Documents/GitHub/NYC-Taxi-ETL-Pipeline/.venv/lib/python3.10/site-packages/airflow/example_dags/tutorial_objectstorage.py for tasks to queue
[2024-10-21T21:20:05.754+0700] {logging_mixin.py:190} INFO - [2024-10-21T21:20:05.754+0700] {dagbag.py:588} INFO - Filling up the DagBag from /Users/punny/Documents/GitHub/NYC-Taxi-ETL-Pipeline/.venv/lib/python3.10/site-packages/airflow/example_dags/tutorial_objectstorage.py
[2024-10-21T21:20:05.796+0700] {processor.py:925} INFO - DAG(s) 'tutorial_objectstorage' retrieved from /Users/punny/Documents/GitHub/NYC-Taxi-ETL-Pipeline/.venv/lib/python3.10/site-packages/airflow/example_dags/tutorial_objectstorage.py
[2024-10-21T21:20:05.971+0700] {logging_mixin.py:190} INFO - [2024-10-21T21:20:05.971+0700] {dag.py:3239} INFO - Sync 1 DAGs
[2024-10-21T21:20:05.986+0700] {logging_mixin.py:190} INFO - [2024-10-21T21:20:05.986+0700] {dag.py:4180} INFO - Setting next_dagrun for tutorial_objectstorage to None, run_after=None
[2024-10-21T21:20:06.010+0700] {processor.py:208} INFO - Processing /Users/punny/Documents/GitHub/NYC-Taxi-ETL-Pipeline/.venv/lib/python3.10/site-packages/airflow/example_dags/tutorial_objectstorage.py took 0.269 seconds
[2024-10-21T21:22:55.875+0700] {processor.py:186} INFO - Started process (PID=8237) to work on /Users/punny/Documents/GitHub/NYC-Taxi-ETL-Pipeline/.venv/lib/python3.10/site-packages/airflow/example_dags/tutorial_objectstorage.py
[2024-10-21T21:22:55.878+0700] {processor.py:914} INFO - Processing file /Users/punny/Documents/GitHub/NYC-Taxi-ETL-Pipeline/.venv/lib/python3.10/site-packages/airflow/example_dags/tutorial_objectstorage.py for tasks to queue
[2024-10-21T21:22:55.879+0700] {logging_mixin.py:190} INFO - [2024-10-21T21:22:55.879+0700] {dagbag.py:588} INFO - Filling up the DagBag from /Users/punny/Documents/GitHub/NYC-Taxi-ETL-Pipeline/.venv/lib/python3.10/site-packages/airflow/example_dags/tutorial_objectstorage.py
[2024-10-21T21:22:55.925+0700] {processor.py:925} INFO - DAG(s) 'tutorial_objectstorage' retrieved from /Users/punny/Documents/GitHub/NYC-Taxi-ETL-Pipeline/.venv/lib/python3.10/site-packages/airflow/example_dags/tutorial_objectstorage.py
[2024-10-21T21:22:56.104+0700] {logging_mixin.py:190} INFO - [2024-10-21T21:22:56.104+0700] {dag.py:3239} INFO - Sync 1 DAGs
[2024-10-21T21:22:56.119+0700] {logging_mixin.py:190} INFO - [2024-10-21T21:22:56.118+0700] {dag.py:4180} INFO - Setting next_dagrun for tutorial_objectstorage to None, run_after=None
[2024-10-21T21:22:56.157+0700] {processor.py:208} INFO - Processing /Users/punny/Documents/GitHub/NYC-Taxi-ETL-Pipeline/.venv/lib/python3.10/site-packages/airflow/example_dags/tutorial_objectstorage.py took 0.289 seconds
[2024-10-21T21:26:00.783+0700] {processor.py:186} INFO - Started process (PID=8577) to work on /Users/punny/Documents/GitHub/NYC-Taxi-ETL-Pipeline/.venv/lib/python3.10/site-packages/airflow/example_dags/tutorial_objectstorage.py
[2024-10-21T21:26:00.789+0700] {processor.py:914} INFO - Processing file /Users/punny/Documents/GitHub/NYC-Taxi-ETL-Pipeline/.venv/lib/python3.10/site-packages/airflow/example_dags/tutorial_objectstorage.py for tasks to queue
[2024-10-21T21:26:00.791+0700] {logging_mixin.py:190} INFO - [2024-10-21T21:26:00.790+0700] {dagbag.py:588} INFO - Filling up the DagBag from /Users/punny/Documents/GitHub/NYC-Taxi-ETL-Pipeline/.venv/lib/python3.10/site-packages/airflow/example_dags/tutorial_objectstorage.py
[2024-10-21T21:26:00.892+0700] {processor.py:925} INFO - DAG(s) 'tutorial_objectstorage' retrieved from /Users/punny/Documents/GitHub/NYC-Taxi-ETL-Pipeline/.venv/lib/python3.10/site-packages/airflow/example_dags/tutorial_objectstorage.py
[2024-10-21T21:26:01.220+0700] {logging_mixin.py:190} INFO - [2024-10-21T21:26:01.219+0700] {dag.py:3239} INFO - Sync 1 DAGs
[2024-10-21T21:26:01.242+0700] {logging_mixin.py:190} INFO - [2024-10-21T21:26:01.242+0700] {dag.py:4180} INFO - Setting next_dagrun for tutorial_objectstorage to None, run_after=None
[2024-10-21T21:26:01.325+0700] {processor.py:208} INFO - Processing /Users/punny/Documents/GitHub/NYC-Taxi-ETL-Pipeline/.venv/lib/python3.10/site-packages/airflow/example_dags/tutorial_objectstorage.py took 0.561 seconds
[2024-10-21T21:29:27.946+0700] {processor.py:186} INFO - Started process (PID=8844) to work on /Users/punny/Documents/GitHub/NYC-Taxi-ETL-Pipeline/.venv/lib/python3.10/site-packages/airflow/example_dags/tutorial_objectstorage.py
[2024-10-21T21:29:27.949+0700] {processor.py:914} INFO - Processing file /Users/punny/Documents/GitHub/NYC-Taxi-ETL-Pipeline/.venv/lib/python3.10/site-packages/airflow/example_dags/tutorial_objectstorage.py for tasks to queue
[2024-10-21T21:29:27.950+0700] {logging_mixin.py:190} INFO - [2024-10-21T21:29:27.950+0700] {dagbag.py:588} INFO - Filling up the DagBag from /Users/punny/Documents/GitHub/NYC-Taxi-ETL-Pipeline/.venv/lib/python3.10/site-packages/airflow/example_dags/tutorial_objectstorage.py
[2024-10-21T21:29:27.994+0700] {processor.py:925} INFO - DAG(s) 'tutorial_objectstorage' retrieved from /Users/punny/Documents/GitHub/NYC-Taxi-ETL-Pipeline/.venv/lib/python3.10/site-packages/airflow/example_dags/tutorial_objectstorage.py
[2024-10-21T21:29:28.170+0700] {logging_mixin.py:190} INFO - [2024-10-21T21:29:28.170+0700] {dag.py:3239} INFO - Sync 1 DAGs
[2024-10-21T21:29:28.184+0700] {logging_mixin.py:190} INFO - [2024-10-21T21:29:28.184+0700] {dag.py:4180} INFO - Setting next_dagrun for tutorial_objectstorage to None, run_after=None
[2024-10-21T21:29:28.205+0700] {processor.py:208} INFO - Processing /Users/punny/Documents/GitHub/NYC-Taxi-ETL-Pipeline/.venv/lib/python3.10/site-packages/airflow/example_dags/tutorial_objectstorage.py took 0.266 seconds
[2024-10-21T21:32:18.761+0700] {processor.py:186} INFO - Started process (PID=9090) to work on /Users/punny/Documents/GitHub/NYC-Taxi-ETL-Pipeline/.venv/lib/python3.10/site-packages/airflow/example_dags/tutorial_objectstorage.py
[2024-10-21T21:32:18.764+0700] {processor.py:914} INFO - Processing file /Users/punny/Documents/GitHub/NYC-Taxi-ETL-Pipeline/.venv/lib/python3.10/site-packages/airflow/example_dags/tutorial_objectstorage.py for tasks to queue
[2024-10-21T21:32:18.766+0700] {logging_mixin.py:190} INFO - [2024-10-21T21:32:18.766+0700] {dagbag.py:588} INFO - Filling up the DagBag from /Users/punny/Documents/GitHub/NYC-Taxi-ETL-Pipeline/.venv/lib/python3.10/site-packages/airflow/example_dags/tutorial_objectstorage.py
[2024-10-21T21:32:18.810+0700] {processor.py:925} INFO - DAG(s) 'tutorial_objectstorage' retrieved from /Users/punny/Documents/GitHub/NYC-Taxi-ETL-Pipeline/.venv/lib/python3.10/site-packages/airflow/example_dags/tutorial_objectstorage.py
[2024-10-21T21:32:18.985+0700] {logging_mixin.py:190} INFO - [2024-10-21T21:32:18.984+0700] {dag.py:3239} INFO - Sync 1 DAGs
[2024-10-21T21:32:18.999+0700] {logging_mixin.py:190} INFO - [2024-10-21T21:32:18.998+0700] {dag.py:4180} INFO - Setting next_dagrun for tutorial_objectstorage to None, run_after=None
[2024-10-21T21:32:19.021+0700] {processor.py:208} INFO - Processing /Users/punny/Documents/GitHub/NYC-Taxi-ETL-Pipeline/.venv/lib/python3.10/site-packages/airflow/example_dags/tutorial_objectstorage.py took 0.267 seconds
[2024-10-21T21:35:15.081+0700] {processor.py:186} INFO - Started process (PID=9291) to work on /Users/punny/Documents/GitHub/NYC-Taxi-ETL-Pipeline/.venv/lib/python3.10/site-packages/airflow/example_dags/tutorial_objectstorage.py
[2024-10-21T21:35:15.085+0700] {processor.py:914} INFO - Processing file /Users/punny/Documents/GitHub/NYC-Taxi-ETL-Pipeline/.venv/lib/python3.10/site-packages/airflow/example_dags/tutorial_objectstorage.py for tasks to queue
[2024-10-21T21:35:15.086+0700] {logging_mixin.py:190} INFO - [2024-10-21T21:35:15.086+0700] {dagbag.py:588} INFO - Filling up the DagBag from /Users/punny/Documents/GitHub/NYC-Taxi-ETL-Pipeline/.venv/lib/python3.10/site-packages/airflow/example_dags/tutorial_objectstorage.py
[2024-10-21T21:35:15.131+0700] {processor.py:925} INFO - DAG(s) 'tutorial_objectstorage' retrieved from /Users/punny/Documents/GitHub/NYC-Taxi-ETL-Pipeline/.venv/lib/python3.10/site-packages/airflow/example_dags/tutorial_objectstorage.py
[2024-10-21T21:35:15.337+0700] {logging_mixin.py:190} INFO - [2024-10-21T21:35:15.336+0700] {dag.py:3239} INFO - Sync 1 DAGs
[2024-10-21T21:35:15.352+0700] {logging_mixin.py:190} INFO - [2024-10-21T21:35:15.352+0700] {dag.py:4180} INFO - Setting next_dagrun for tutorial_objectstorage to None, run_after=None
[2024-10-21T21:35:15.374+0700] {processor.py:208} INFO - Processing /Users/punny/Documents/GitHub/NYC-Taxi-ETL-Pipeline/.venv/lib/python3.10/site-packages/airflow/example_dags/tutorial_objectstorage.py took 0.301 seconds
[2024-10-21T21:38:12.343+0700] {processor.py:186} INFO - Started process (PID=9575) to work on /Users/punny/Documents/GitHub/NYC-Taxi-ETL-Pipeline/.venv/lib/python3.10/site-packages/airflow/example_dags/tutorial_objectstorage.py
[2024-10-21T21:38:12.346+0700] {processor.py:914} INFO - Processing file /Users/punny/Documents/GitHub/NYC-Taxi-ETL-Pipeline/.venv/lib/python3.10/site-packages/airflow/example_dags/tutorial_objectstorage.py for tasks to queue
[2024-10-21T21:38:12.347+0700] {logging_mixin.py:190} INFO - [2024-10-21T21:38:12.347+0700] {dagbag.py:588} INFO - Filling up the DagBag from /Users/punny/Documents/GitHub/NYC-Taxi-ETL-Pipeline/.venv/lib/python3.10/site-packages/airflow/example_dags/tutorial_objectstorage.py
[2024-10-21T21:38:12.392+0700] {processor.py:925} INFO - DAG(s) 'tutorial_objectstorage' retrieved from /Users/punny/Documents/GitHub/NYC-Taxi-ETL-Pipeline/.venv/lib/python3.10/site-packages/airflow/example_dags/tutorial_objectstorage.py
[2024-10-21T21:38:12.570+0700] {logging_mixin.py:190} INFO - [2024-10-21T21:38:12.570+0700] {dag.py:3239} INFO - Sync 1 DAGs
[2024-10-21T21:38:12.584+0700] {logging_mixin.py:190} INFO - [2024-10-21T21:38:12.584+0700] {dag.py:4180} INFO - Setting next_dagrun for tutorial_objectstorage to None, run_after=None
[2024-10-21T21:38:12.606+0700] {processor.py:208} INFO - Processing /Users/punny/Documents/GitHub/NYC-Taxi-ETL-Pipeline/.venv/lib/python3.10/site-packages/airflow/example_dags/tutorial_objectstorage.py took 0.270 seconds
[2024-10-21T21:42:22.190+0700] {processor.py:186} INFO - Started process (PID=9970) to work on /Users/punny/Documents/GitHub/NYC-Taxi-ETL-Pipeline/.venv/lib/python3.10/site-packages/airflow/example_dags/tutorial_objectstorage.py
[2024-10-21T21:42:22.193+0700] {processor.py:914} INFO - Processing file /Users/punny/Documents/GitHub/NYC-Taxi-ETL-Pipeline/.venv/lib/python3.10/site-packages/airflow/example_dags/tutorial_objectstorage.py for tasks to queue
[2024-10-21T21:42:22.194+0700] {logging_mixin.py:190} INFO - [2024-10-21T21:42:22.194+0700] {dagbag.py:588} INFO - Filling up the DagBag from /Users/punny/Documents/GitHub/NYC-Taxi-ETL-Pipeline/.venv/lib/python3.10/site-packages/airflow/example_dags/tutorial_objectstorage.py
[2024-10-21T21:42:22.238+0700] {processor.py:925} INFO - DAG(s) 'tutorial_objectstorage' retrieved from /Users/punny/Documents/GitHub/NYC-Taxi-ETL-Pipeline/.venv/lib/python3.10/site-packages/airflow/example_dags/tutorial_objectstorage.py
[2024-10-21T21:42:22.412+0700] {logging_mixin.py:190} INFO - [2024-10-21T21:42:22.412+0700] {dag.py:3239} INFO - Sync 1 DAGs
[2024-10-21T21:42:22.427+0700] {logging_mixin.py:190} INFO - [2024-10-21T21:42:22.426+0700] {dag.py:4180} INFO - Setting next_dagrun for tutorial_objectstorage to None, run_after=None
[2024-10-21T21:42:22.447+0700] {processor.py:208} INFO - Processing /Users/punny/Documents/GitHub/NYC-Taxi-ETL-Pipeline/.venv/lib/python3.10/site-packages/airflow/example_dags/tutorial_objectstorage.py took 0.264 seconds
[2024-10-21T21:46:04.832+0700] {processor.py:186} INFO - Started process (PID=10394) to work on /Users/punny/Documents/GitHub/NYC-Taxi-ETL-Pipeline/.venv/lib/python3.10/site-packages/airflow/example_dags/tutorial_objectstorage.py
[2024-10-21T21:46:04.836+0700] {processor.py:914} INFO - Processing file /Users/punny/Documents/GitHub/NYC-Taxi-ETL-Pipeline/.venv/lib/python3.10/site-packages/airflow/example_dags/tutorial_objectstorage.py for tasks to queue
[2024-10-21T21:46:04.837+0700] {logging_mixin.py:190} INFO - [2024-10-21T21:46:04.836+0700] {dagbag.py:588} INFO - Filling up the DagBag from /Users/punny/Documents/GitHub/NYC-Taxi-ETL-Pipeline/.venv/lib/python3.10/site-packages/airflow/example_dags/tutorial_objectstorage.py
[2024-10-21T21:46:04.879+0700] {processor.py:925} INFO - DAG(s) 'tutorial_objectstorage' retrieved from /Users/punny/Documents/GitHub/NYC-Taxi-ETL-Pipeline/.venv/lib/python3.10/site-packages/airflow/example_dags/tutorial_objectstorage.py
[2024-10-21T21:46:05.055+0700] {logging_mixin.py:190} INFO - [2024-10-21T21:46:05.055+0700] {dag.py:3239} INFO - Sync 1 DAGs
[2024-10-21T21:46:05.069+0700] {logging_mixin.py:190} INFO - [2024-10-21T21:46:05.069+0700] {dag.py:4180} INFO - Setting next_dagrun for tutorial_objectstorage to None, run_after=None
[2024-10-21T21:46:05.089+0700] {processor.py:208} INFO - Processing /Users/punny/Documents/GitHub/NYC-Taxi-ETL-Pipeline/.venv/lib/python3.10/site-packages/airflow/example_dags/tutorial_objectstorage.py took 0.266 seconds
[2024-10-21T21:49:03.590+0700] {processor.py:186} INFO - Started process (PID=10599) to work on /Users/punny/Documents/GitHub/NYC-Taxi-ETL-Pipeline/.venv/lib/python3.10/site-packages/airflow/example_dags/tutorial_objectstorage.py
[2024-10-21T21:49:03.593+0700] {processor.py:914} INFO - Processing file /Users/punny/Documents/GitHub/NYC-Taxi-ETL-Pipeline/.venv/lib/python3.10/site-packages/airflow/example_dags/tutorial_objectstorage.py for tasks to queue
[2024-10-21T21:49:03.594+0700] {logging_mixin.py:190} INFO - [2024-10-21T21:49:03.594+0700] {dagbag.py:588} INFO - Filling up the DagBag from /Users/punny/Documents/GitHub/NYC-Taxi-ETL-Pipeline/.venv/lib/python3.10/site-packages/airflow/example_dags/tutorial_objectstorage.py
[2024-10-21T21:49:03.639+0700] {processor.py:925} INFO - DAG(s) 'tutorial_objectstorage' retrieved from /Users/punny/Documents/GitHub/NYC-Taxi-ETL-Pipeline/.venv/lib/python3.10/site-packages/airflow/example_dags/tutorial_objectstorage.py
[2024-10-21T21:49:03.818+0700] {logging_mixin.py:190} INFO - [2024-10-21T21:49:03.817+0700] {dag.py:3239} INFO - Sync 1 DAGs
[2024-10-21T21:49:03.832+0700] {logging_mixin.py:190} INFO - [2024-10-21T21:49:03.832+0700] {dag.py:4180} INFO - Setting next_dagrun for tutorial_objectstorage to None, run_after=None
[2024-10-21T21:49:03.853+0700] {processor.py:208} INFO - Processing /Users/punny/Documents/GitHub/NYC-Taxi-ETL-Pipeline/.venv/lib/python3.10/site-packages/airflow/example_dags/tutorial_objectstorage.py took 0.271 seconds
[2024-10-21T21:50:32.844+0700] {processor.py:186} INFO - Started process (PID=10716) to work on /Users/punny/Documents/GitHub/NYC-Taxi-ETL-Pipeline/.venv/lib/python3.10/site-packages/airflow/example_dags/tutorial_objectstorage.py
[2024-10-21T21:50:32.848+0700] {processor.py:914} INFO - Processing file /Users/punny/Documents/GitHub/NYC-Taxi-ETL-Pipeline/.venv/lib/python3.10/site-packages/airflow/example_dags/tutorial_objectstorage.py for tasks to queue
[2024-10-21T21:50:32.850+0700] {logging_mixin.py:190} INFO - [2024-10-21T21:50:32.850+0700] {dagbag.py:588} INFO - Filling up the DagBag from /Users/punny/Documents/GitHub/NYC-Taxi-ETL-Pipeline/.venv/lib/python3.10/site-packages/airflow/example_dags/tutorial_objectstorage.py
[2024-10-21T21:50:32.899+0700] {processor.py:925} INFO - DAG(s) 'tutorial_objectstorage' retrieved from /Users/punny/Documents/GitHub/NYC-Taxi-ETL-Pipeline/.venv/lib/python3.10/site-packages/airflow/example_dags/tutorial_objectstorage.py
[2024-10-21T21:50:33.091+0700] {logging_mixin.py:190} INFO - [2024-10-21T21:50:33.091+0700] {dag.py:3239} INFO - Sync 1 DAGs
[2024-10-21T21:50:33.107+0700] {logging_mixin.py:190} INFO - [2024-10-21T21:50:33.106+0700] {dag.py:4180} INFO - Setting next_dagrun for tutorial_objectstorage to None, run_after=None
[2024-10-21T21:50:33.131+0700] {processor.py:208} INFO - Processing /Users/punny/Documents/GitHub/NYC-Taxi-ETL-Pipeline/.venv/lib/python3.10/site-packages/airflow/example_dags/tutorial_objectstorage.py took 0.297 seconds
[2024-10-21T21:54:11.726+0700] {processor.py:186} INFO - Started process (PID=10997) to work on /Users/punny/Documents/GitHub/NYC-Taxi-ETL-Pipeline/.venv/lib/python3.10/site-packages/airflow/example_dags/tutorial_objectstorage.py
[2024-10-21T21:54:11.728+0700] {processor.py:914} INFO - Processing file /Users/punny/Documents/GitHub/NYC-Taxi-ETL-Pipeline/.venv/lib/python3.10/site-packages/airflow/example_dags/tutorial_objectstorage.py for tasks to queue
[2024-10-21T21:54:11.730+0700] {logging_mixin.py:190} INFO - [2024-10-21T21:54:11.729+0700] {dagbag.py:588} INFO - Filling up the DagBag from /Users/punny/Documents/GitHub/NYC-Taxi-ETL-Pipeline/.venv/lib/python3.10/site-packages/airflow/example_dags/tutorial_objectstorage.py
[2024-10-21T21:54:11.772+0700] {processor.py:925} INFO - DAG(s) 'tutorial_objectstorage' retrieved from /Users/punny/Documents/GitHub/NYC-Taxi-ETL-Pipeline/.venv/lib/python3.10/site-packages/airflow/example_dags/tutorial_objectstorage.py
[2024-10-21T21:54:11.948+0700] {logging_mixin.py:190} INFO - [2024-10-21T21:54:11.947+0700] {dag.py:3239} INFO - Sync 1 DAGs
[2024-10-21T21:54:11.961+0700] {logging_mixin.py:190} INFO - [2024-10-21T21:54:11.961+0700] {dag.py:4180} INFO - Setting next_dagrun for tutorial_objectstorage to None, run_after=None
[2024-10-21T21:54:11.981+0700] {processor.py:208} INFO - Processing /Users/punny/Documents/GitHub/NYC-Taxi-ETL-Pipeline/.venv/lib/python3.10/site-packages/airflow/example_dags/tutorial_objectstorage.py took 0.263 seconds
[2024-10-21T21:58:24.025+0700] {processor.py:186} INFO - Started process (PID=11587) to work on /Users/punny/Documents/GitHub/NYC-Taxi-ETL-Pipeline/.venv/lib/python3.10/site-packages/airflow/example_dags/tutorial_objectstorage.py
[2024-10-21T21:58:24.028+0700] {processor.py:914} INFO - Processing file /Users/punny/Documents/GitHub/NYC-Taxi-ETL-Pipeline/.venv/lib/python3.10/site-packages/airflow/example_dags/tutorial_objectstorage.py for tasks to queue
[2024-10-21T21:58:24.029+0700] {logging_mixin.py:190} INFO - [2024-10-21T21:58:24.029+0700] {dagbag.py:588} INFO - Filling up the DagBag from /Users/punny/Documents/GitHub/NYC-Taxi-ETL-Pipeline/.venv/lib/python3.10/site-packages/airflow/example_dags/tutorial_objectstorage.py
[2024-10-21T21:58:24.075+0700] {processor.py:925} INFO - DAG(s) 'tutorial_objectstorage' retrieved from /Users/punny/Documents/GitHub/NYC-Taxi-ETL-Pipeline/.venv/lib/python3.10/site-packages/airflow/example_dags/tutorial_objectstorage.py
[2024-10-21T21:58:24.252+0700] {logging_mixin.py:190} INFO - [2024-10-21T21:58:24.251+0700] {dag.py:3239} INFO - Sync 1 DAGs
[2024-10-21T21:58:24.266+0700] {logging_mixin.py:190} INFO - [2024-10-21T21:58:24.265+0700] {dag.py:4180} INFO - Setting next_dagrun for tutorial_objectstorage to None, run_after=None
[2024-10-21T21:58:24.287+0700] {processor.py:208} INFO - Processing /Users/punny/Documents/GitHub/NYC-Taxi-ETL-Pipeline/.venv/lib/python3.10/site-packages/airflow/example_dags/tutorial_objectstorage.py took 0.272 seconds
[2024-10-21T22:15:57.358+0700] {processor.py:186} INFO - Started process (PID=11994) to work on /Users/punny/Documents/GitHub/NYC-Taxi-ETL-Pipeline/.venv/lib/python3.10/site-packages/airflow/example_dags/tutorial_objectstorage.py
[2024-10-21T22:15:57.361+0700] {processor.py:914} INFO - Processing file /Users/punny/Documents/GitHub/NYC-Taxi-ETL-Pipeline/.venv/lib/python3.10/site-packages/airflow/example_dags/tutorial_objectstorage.py for tasks to queue
[2024-10-21T22:15:57.362+0700] {logging_mixin.py:190} INFO - [2024-10-21T22:15:57.362+0700] {dagbag.py:588} INFO - Filling up the DagBag from /Users/punny/Documents/GitHub/NYC-Taxi-ETL-Pipeline/.venv/lib/python3.10/site-packages/airflow/example_dags/tutorial_objectstorage.py
[2024-10-21T22:15:57.406+0700] {processor.py:925} INFO - DAG(s) 'tutorial_objectstorage' retrieved from /Users/punny/Documents/GitHub/NYC-Taxi-ETL-Pipeline/.venv/lib/python3.10/site-packages/airflow/example_dags/tutorial_objectstorage.py
[2024-10-21T22:15:57.587+0700] {logging_mixin.py:190} INFO - [2024-10-21T22:15:57.587+0700] {dag.py:3239} INFO - Sync 1 DAGs
[2024-10-21T22:15:57.602+0700] {logging_mixin.py:190} INFO - [2024-10-21T22:15:57.602+0700] {dag.py:4180} INFO - Setting next_dagrun for tutorial_objectstorage to None, run_after=None
[2024-10-21T22:15:57.625+0700] {processor.py:208} INFO - Processing /Users/punny/Documents/GitHub/NYC-Taxi-ETL-Pipeline/.venv/lib/python3.10/site-packages/airflow/example_dags/tutorial_objectstorage.py took 0.275 seconds
[2024-10-21T22:18:52.906+0700] {processor.py:186} INFO - Started process (PID=12298) to work on /Users/punny/Documents/GitHub/NYC-Taxi-ETL-Pipeline/.venv/lib/python3.10/site-packages/airflow/example_dags/tutorial_objectstorage.py
[2024-10-21T22:18:52.909+0700] {processor.py:914} INFO - Processing file /Users/punny/Documents/GitHub/NYC-Taxi-ETL-Pipeline/.venv/lib/python3.10/site-packages/airflow/example_dags/tutorial_objectstorage.py for tasks to queue
[2024-10-21T22:18:52.911+0700] {logging_mixin.py:190} INFO - [2024-10-21T22:18:52.910+0700] {dagbag.py:588} INFO - Filling up the DagBag from /Users/punny/Documents/GitHub/NYC-Taxi-ETL-Pipeline/.venv/lib/python3.10/site-packages/airflow/example_dags/tutorial_objectstorage.py
[2024-10-21T22:18:52.953+0700] {processor.py:925} INFO - DAG(s) 'tutorial_objectstorage' retrieved from /Users/punny/Documents/GitHub/NYC-Taxi-ETL-Pipeline/.venv/lib/python3.10/site-packages/airflow/example_dags/tutorial_objectstorage.py
[2024-10-21T22:18:53.119+0700] {logging_mixin.py:190} INFO - [2024-10-21T22:18:53.119+0700] {dag.py:3239} INFO - Sync 1 DAGs
[2024-10-21T22:18:53.133+0700] {logging_mixin.py:190} INFO - [2024-10-21T22:18:53.133+0700] {dag.py:4180} INFO - Setting next_dagrun for tutorial_objectstorage to None, run_after=None
[2024-10-21T22:18:53.154+0700] {processor.py:208} INFO - Processing /Users/punny/Documents/GitHub/NYC-Taxi-ETL-Pipeline/.venv/lib/python3.10/site-packages/airflow/example_dags/tutorial_objectstorage.py took 0.256 seconds
[2024-10-21T22:23:33.657+0700] {processor.py:186} INFO - Started process (PID=13021) to work on /Users/punny/Documents/GitHub/NYC-Taxi-ETL-Pipeline/.venv/lib/python3.10/site-packages/airflow/example_dags/tutorial_objectstorage.py
[2024-10-21T22:23:33.659+0700] {processor.py:914} INFO - Processing file /Users/punny/Documents/GitHub/NYC-Taxi-ETL-Pipeline/.venv/lib/python3.10/site-packages/airflow/example_dags/tutorial_objectstorage.py for tasks to queue
[2024-10-21T22:23:33.661+0700] {logging_mixin.py:190} INFO - [2024-10-21T22:23:33.660+0700] {dagbag.py:588} INFO - Filling up the DagBag from /Users/punny/Documents/GitHub/NYC-Taxi-ETL-Pipeline/.venv/lib/python3.10/site-packages/airflow/example_dags/tutorial_objectstorage.py
[2024-10-21T22:23:33.705+0700] {processor.py:925} INFO - DAG(s) 'tutorial_objectstorage' retrieved from /Users/punny/Documents/GitHub/NYC-Taxi-ETL-Pipeline/.venv/lib/python3.10/site-packages/airflow/example_dags/tutorial_objectstorage.py
[2024-10-21T22:23:33.900+0700] {logging_mixin.py:190} INFO - [2024-10-21T22:23:33.900+0700] {dag.py:3239} INFO - Sync 1 DAGs
[2024-10-21T22:23:33.918+0700] {logging_mixin.py:190} INFO - [2024-10-21T22:23:33.918+0700] {dag.py:4180} INFO - Setting next_dagrun for tutorial_objectstorage to None, run_after=None
[2024-10-21T22:23:33.942+0700] {processor.py:208} INFO - Processing /Users/punny/Documents/GitHub/NYC-Taxi-ETL-Pipeline/.venv/lib/python3.10/site-packages/airflow/example_dags/tutorial_objectstorage.py took 0.294 seconds
[2024-10-21T22:27:51.807+0700] {processor.py:186} INFO - Started process (PID=13452) to work on /Users/punny/Documents/GitHub/NYC-Taxi-ETL-Pipeline/.venv/lib/python3.10/site-packages/airflow/example_dags/tutorial_objectstorage.py
[2024-10-21T22:27:51.810+0700] {processor.py:914} INFO - Processing file /Users/punny/Documents/GitHub/NYC-Taxi-ETL-Pipeline/.venv/lib/python3.10/site-packages/airflow/example_dags/tutorial_objectstorage.py for tasks to queue
[2024-10-21T22:27:51.811+0700] {logging_mixin.py:190} INFO - [2024-10-21T22:27:51.811+0700] {dagbag.py:588} INFO - Filling up the DagBag from /Users/punny/Documents/GitHub/NYC-Taxi-ETL-Pipeline/.venv/lib/python3.10/site-packages/airflow/example_dags/tutorial_objectstorage.py
[2024-10-21T22:27:51.854+0700] {processor.py:925} INFO - DAG(s) 'tutorial_objectstorage' retrieved from /Users/punny/Documents/GitHub/NYC-Taxi-ETL-Pipeline/.venv/lib/python3.10/site-packages/airflow/example_dags/tutorial_objectstorage.py
[2024-10-21T22:27:52.032+0700] {logging_mixin.py:190} INFO - [2024-10-21T22:27:52.032+0700] {dag.py:3239} INFO - Sync 1 DAGs
[2024-10-21T22:27:52.046+0700] {logging_mixin.py:190} INFO - [2024-10-21T22:27:52.046+0700] {dag.py:4180} INFO - Setting next_dagrun for tutorial_objectstorage to None, run_after=None
[2024-10-21T22:27:52.067+0700] {processor.py:208} INFO - Processing /Users/punny/Documents/GitHub/NYC-Taxi-ETL-Pipeline/.venv/lib/python3.10/site-packages/airflow/example_dags/tutorial_objectstorage.py took 0.270 seconds
[2024-10-21T22:30:48.708+0700] {processor.py:186} INFO - Started process (PID=13679) to work on /Users/punny/Documents/GitHub/NYC-Taxi-ETL-Pipeline/.venv/lib/python3.10/site-packages/airflow/example_dags/tutorial_objectstorage.py
[2024-10-21T22:30:48.712+0700] {processor.py:914} INFO - Processing file /Users/punny/Documents/GitHub/NYC-Taxi-ETL-Pipeline/.venv/lib/python3.10/site-packages/airflow/example_dags/tutorial_objectstorage.py for tasks to queue
[2024-10-21T22:30:48.713+0700] {logging_mixin.py:190} INFO - [2024-10-21T22:30:48.713+0700] {dagbag.py:588} INFO - Filling up the DagBag from /Users/punny/Documents/GitHub/NYC-Taxi-ETL-Pipeline/.venv/lib/python3.10/site-packages/airflow/example_dags/tutorial_objectstorage.py
[2024-10-21T22:30:48.760+0700] {processor.py:925} INFO - DAG(s) 'tutorial_objectstorage' retrieved from /Users/punny/Documents/GitHub/NYC-Taxi-ETL-Pipeline/.venv/lib/python3.10/site-packages/airflow/example_dags/tutorial_objectstorage.py
[2024-10-21T22:30:48.938+0700] {logging_mixin.py:190} INFO - [2024-10-21T22:30:48.938+0700] {dag.py:3239} INFO - Sync 1 DAGs
[2024-10-21T22:30:48.952+0700] {logging_mixin.py:190} INFO - [2024-10-21T22:30:48.952+0700] {dag.py:4180} INFO - Setting next_dagrun for tutorial_objectstorage to None, run_after=None
[2024-10-21T22:30:48.973+0700] {processor.py:208} INFO - Processing /Users/punny/Documents/GitHub/NYC-Taxi-ETL-Pipeline/.venv/lib/python3.10/site-packages/airflow/example_dags/tutorial_objectstorage.py took 0.273 seconds
[2024-10-21T22:33:44.673+0700] {processor.py:186} INFO - Started process (PID=13858) to work on /Users/punny/Documents/GitHub/NYC-Taxi-ETL-Pipeline/.venv/lib/python3.10/site-packages/airflow/example_dags/tutorial_objectstorage.py
[2024-10-21T22:33:44.676+0700] {processor.py:914} INFO - Processing file /Users/punny/Documents/GitHub/NYC-Taxi-ETL-Pipeline/.venv/lib/python3.10/site-packages/airflow/example_dags/tutorial_objectstorage.py for tasks to queue
[2024-10-21T22:33:44.677+0700] {logging_mixin.py:190} INFO - [2024-10-21T22:33:44.677+0700] {dagbag.py:588} INFO - Filling up the DagBag from /Users/punny/Documents/GitHub/NYC-Taxi-ETL-Pipeline/.venv/lib/python3.10/site-packages/airflow/example_dags/tutorial_objectstorage.py
[2024-10-21T22:33:44.720+0700] {processor.py:925} INFO - DAG(s) 'tutorial_objectstorage' retrieved from /Users/punny/Documents/GitHub/NYC-Taxi-ETL-Pipeline/.venv/lib/python3.10/site-packages/airflow/example_dags/tutorial_objectstorage.py
[2024-10-21T22:33:44.896+0700] {logging_mixin.py:190} INFO - [2024-10-21T22:33:44.895+0700] {dag.py:3239} INFO - Sync 1 DAGs
[2024-10-21T22:33:44.909+0700] {logging_mixin.py:190} INFO - [2024-10-21T22:33:44.909+0700] {dag.py:4180} INFO - Setting next_dagrun for tutorial_objectstorage to None, run_after=None
[2024-10-21T22:33:44.930+0700] {processor.py:208} INFO - Processing /Users/punny/Documents/GitHub/NYC-Taxi-ETL-Pipeline/.venv/lib/python3.10/site-packages/airflow/example_dags/tutorial_objectstorage.py took 0.264 seconds
