[2024-10-21T12:21:02.432+0700] {processor.py:186} INFO - Started process (PID=33976) to work on /Users/punny/Documents/GitHub/NYC-Taxi-ETL-Pipeline/.venv/lib/python3.10/site-packages/airflow/example_dags/tutorial_dag.py
[2024-10-21T12:21:02.436+0700] {processor.py:914} INFO - Processing file /Users/punny/Documents/GitHub/NYC-Taxi-ETL-Pipeline/.venv/lib/python3.10/site-packages/airflow/example_dags/tutorial_dag.py for tasks to queue
[2024-10-21T12:21:02.438+0700] {logging_mixin.py:190} INFO - [2024-10-21T12:21:02.438+0700] {dagbag.py:588} INFO - Filling up the DagBag from /Users/punny/Documents/GitHub/NYC-Taxi-ETL-Pipeline/.venv/lib/python3.10/site-packages/airflow/example_dags/tutorial_dag.py
[2024-10-21T12:21:02.514+0700] {processor.py:925} INFO - DAG(s) 'tutorial_dag' retrieved from /Users/punny/Documents/GitHub/NYC-Taxi-ETL-Pipeline/.venv/lib/python3.10/site-packages/airflow/example_dags/tutorial_dag.py
[2024-10-21T12:21:02.856+0700] {logging_mixin.py:190} INFO - [2024-10-21T12:21:02.855+0700] {dag.py:3239} INFO - Sync 1 DAGs
[2024-10-21T12:21:02.879+0700] {logging_mixin.py:190} INFO - [2024-10-21T12:21:02.878+0700] {dag.py:4180} INFO - Setting next_dagrun for tutorial_dag to None, run_after=None
[2024-10-21T12:21:02.913+0700] {processor.py:208} INFO - Processing /Users/punny/Documents/GitHub/NYC-Taxi-ETL-Pipeline/.venv/lib/python3.10/site-packages/airflow/example_dags/tutorial_dag.py took 0.495 seconds
[2024-10-21T13:41:43.518+0700] {processor.py:186} INFO - Started process (PID=34831) to work on /Users/punny/Documents/GitHub/NYC-Taxi-ETL-Pipeline/.venv/lib/python3.10/site-packages/airflow/example_dags/tutorial_dag.py
[2024-10-21T13:41:43.523+0700] {processor.py:914} INFO - Processing file /Users/punny/Documents/GitHub/NYC-Taxi-ETL-Pipeline/.venv/lib/python3.10/site-packages/airflow/example_dags/tutorial_dag.py for tasks to queue
[2024-10-21T13:41:43.526+0700] {logging_mixin.py:190} INFO - [2024-10-21T13:41:43.526+0700] {dagbag.py:588} INFO - Filling up the DagBag from /Users/punny/Documents/GitHub/NYC-Taxi-ETL-Pipeline/.venv/lib/python3.10/site-packages/airflow/example_dags/tutorial_dag.py
[2024-10-21T13:41:43.593+0700] {processor.py:925} INFO - DAG(s) 'tutorial_dag' retrieved from /Users/punny/Documents/GitHub/NYC-Taxi-ETL-Pipeline/.venv/lib/python3.10/site-packages/airflow/example_dags/tutorial_dag.py
[2024-10-21T13:41:43.920+0700] {logging_mixin.py:190} INFO - [2024-10-21T13:41:43.919+0700] {dag.py:3239} INFO - Sync 1 DAGs
[2024-10-21T13:41:43.940+0700] {logging_mixin.py:190} INFO - [2024-10-21T13:41:43.939+0700] {dag.py:4180} INFO - Setting next_dagrun for tutorial_dag to None, run_after=None
[2024-10-21T13:41:43.974+0700] {processor.py:208} INFO - Processing /Users/punny/Documents/GitHub/NYC-Taxi-ETL-Pipeline/.venv/lib/python3.10/site-packages/airflow/example_dags/tutorial_dag.py took 0.466 seconds
[2024-10-21T14:39:40.565+0700] {processor.py:186} INFO - Started process (PID=35602) to work on /Users/punny/Documents/GitHub/NYC-Taxi-ETL-Pipeline/.venv/lib/python3.10/site-packages/airflow/example_dags/tutorial_dag.py
[2024-10-21T14:39:40.569+0700] {processor.py:914} INFO - Processing file /Users/punny/Documents/GitHub/NYC-Taxi-ETL-Pipeline/.venv/lib/python3.10/site-packages/airflow/example_dags/tutorial_dag.py for tasks to queue
[2024-10-21T14:39:40.571+0700] {logging_mixin.py:190} INFO - [2024-10-21T14:39:40.571+0700] {dagbag.py:588} INFO - Filling up the DagBag from /Users/punny/Documents/GitHub/NYC-Taxi-ETL-Pipeline/.venv/lib/python3.10/site-packages/airflow/example_dags/tutorial_dag.py
[2024-10-21T14:39:40.617+0700] {processor.py:925} INFO - DAG(s) 'tutorial_dag' retrieved from /Users/punny/Documents/GitHub/NYC-Taxi-ETL-Pipeline/.venv/lib/python3.10/site-packages/airflow/example_dags/tutorial_dag.py
[2024-10-21T14:39:40.918+0700] {logging_mixin.py:190} INFO - [2024-10-21T14:39:40.918+0700] {dag.py:3239} INFO - Sync 1 DAGs
[2024-10-21T14:39:40.939+0700] {logging_mixin.py:190} INFO - [2024-10-21T14:39:40.939+0700] {dag.py:4180} INFO - Setting next_dagrun for tutorial_dag to None, run_after=None
[2024-10-21T14:39:40.985+0700] {processor.py:208} INFO - Processing /Users/punny/Documents/GitHub/NYC-Taxi-ETL-Pipeline/.venv/lib/python3.10/site-packages/airflow/example_dags/tutorial_dag.py took 0.431 seconds
[2024-10-21T14:50:58.566+0700] {processor.py:186} INFO - Started process (PID=36325) to work on /Users/punny/Documents/GitHub/NYC-Taxi-ETL-Pipeline/.venv/lib/python3.10/site-packages/airflow/example_dags/tutorial_dag.py
[2024-10-21T14:50:58.570+0700] {processor.py:914} INFO - Processing file /Users/punny/Documents/GitHub/NYC-Taxi-ETL-Pipeline/.venv/lib/python3.10/site-packages/airflow/example_dags/tutorial_dag.py for tasks to queue
[2024-10-21T14:50:58.571+0700] {logging_mixin.py:190} INFO - [2024-10-21T14:50:58.570+0700] {dagbag.py:588} INFO - Filling up the DagBag from /Users/punny/Documents/GitHub/NYC-Taxi-ETL-Pipeline/.venv/lib/python3.10/site-packages/airflow/example_dags/tutorial_dag.py
[2024-10-21T14:50:58.602+0700] {processor.py:925} INFO - DAG(s) 'tutorial_dag' retrieved from /Users/punny/Documents/GitHub/NYC-Taxi-ETL-Pipeline/.venv/lib/python3.10/site-packages/airflow/example_dags/tutorial_dag.py
[2024-10-21T14:50:58.830+0700] {logging_mixin.py:190} INFO - [2024-10-21T14:50:58.829+0700] {dag.py:3239} INFO - Sync 1 DAGs
[2024-10-21T14:50:58.847+0700] {logging_mixin.py:190} INFO - [2024-10-21T14:50:58.847+0700] {dag.py:4180} INFO - Setting next_dagrun for tutorial_dag to None, run_after=None
[2024-10-21T14:50:58.935+0700] {processor.py:208} INFO - Processing /Users/punny/Documents/GitHub/NYC-Taxi-ETL-Pipeline/.venv/lib/python3.10/site-packages/airflow/example_dags/tutorial_dag.py took 0.380 seconds
[2024-10-21T14:54:38.867+0700] {processor.py:186} INFO - Started process (PID=36879) to work on /Users/punny/Documents/GitHub/NYC-Taxi-ETL-Pipeline/.venv/lib/python3.10/site-packages/airflow/example_dags/tutorial_dag.py
[2024-10-21T14:54:38.870+0700] {processor.py:914} INFO - Processing file /Users/punny/Documents/GitHub/NYC-Taxi-ETL-Pipeline/.venv/lib/python3.10/site-packages/airflow/example_dags/tutorial_dag.py for tasks to queue
[2024-10-21T14:54:38.871+0700] {logging_mixin.py:190} INFO - [2024-10-21T14:54:38.871+0700] {dagbag.py:588} INFO - Filling up the DagBag from /Users/punny/Documents/GitHub/NYC-Taxi-ETL-Pipeline/.venv/lib/python3.10/site-packages/airflow/example_dags/tutorial_dag.py
[2024-10-21T14:54:38.907+0700] {processor.py:925} INFO - DAG(s) 'tutorial_dag' retrieved from /Users/punny/Documents/GitHub/NYC-Taxi-ETL-Pipeline/.venv/lib/python3.10/site-packages/airflow/example_dags/tutorial_dag.py
[2024-10-21T14:54:39.106+0700] {logging_mixin.py:190} INFO - [2024-10-21T14:54:39.105+0700] {dag.py:3239} INFO - Sync 1 DAGs
[2024-10-21T14:54:39.119+0700] {logging_mixin.py:190} INFO - [2024-10-21T14:54:39.119+0700] {dag.py:4180} INFO - Setting next_dagrun for tutorial_dag to None, run_after=None
[2024-10-21T14:54:39.143+0700] {processor.py:208} INFO - Processing /Users/punny/Documents/GitHub/NYC-Taxi-ETL-Pipeline/.venv/lib/python3.10/site-packages/airflow/example_dags/tutorial_dag.py took 0.285 seconds
[2024-10-21T14:59:12.342+0700] {processor.py:186} INFO - Started process (PID=37563) to work on /Users/punny/Documents/GitHub/NYC-Taxi-ETL-Pipeline/.venv/lib/python3.10/site-packages/airflow/example_dags/tutorial_dag.py
[2024-10-21T14:59:12.346+0700] {processor.py:914} INFO - Processing file /Users/punny/Documents/GitHub/NYC-Taxi-ETL-Pipeline/.venv/lib/python3.10/site-packages/airflow/example_dags/tutorial_dag.py for tasks to queue
[2024-10-21T14:59:12.347+0700] {logging_mixin.py:190} INFO - [2024-10-21T14:59:12.347+0700] {dagbag.py:588} INFO - Filling up the DagBag from /Users/punny/Documents/GitHub/NYC-Taxi-ETL-Pipeline/.venv/lib/python3.10/site-packages/airflow/example_dags/tutorial_dag.py
[2024-10-21T14:59:12.387+0700] {processor.py:925} INFO - DAG(s) 'tutorial_dag' retrieved from /Users/punny/Documents/GitHub/NYC-Taxi-ETL-Pipeline/.venv/lib/python3.10/site-packages/airflow/example_dags/tutorial_dag.py
[2024-10-21T14:59:12.619+0700] {logging_mixin.py:190} INFO - [2024-10-21T14:59:12.619+0700] {dag.py:3239} INFO - Sync 1 DAGs
[2024-10-21T14:59:12.637+0700] {logging_mixin.py:190} INFO - [2024-10-21T14:59:12.636+0700] {dag.py:4180} INFO - Setting next_dagrun for tutorial_dag to None, run_after=None
[2024-10-21T14:59:12.668+0700] {processor.py:208} INFO - Processing /Users/punny/Documents/GitHub/NYC-Taxi-ETL-Pipeline/.venv/lib/python3.10/site-packages/airflow/example_dags/tutorial_dag.py took 0.338 seconds
[2024-10-21T15:04:49.820+0700] {processor.py:186} INFO - Started process (PID=38362) to work on /Users/punny/Documents/GitHub/NYC-Taxi-ETL-Pipeline/.venv/lib/python3.10/site-packages/airflow/example_dags/tutorial_dag.py
[2024-10-21T15:04:49.825+0700] {processor.py:914} INFO - Processing file /Users/punny/Documents/GitHub/NYC-Taxi-ETL-Pipeline/.venv/lib/python3.10/site-packages/airflow/example_dags/tutorial_dag.py for tasks to queue
[2024-10-21T15:04:49.829+0700] {logging_mixin.py:190} INFO - [2024-10-21T15:04:49.828+0700] {dagbag.py:588} INFO - Filling up the DagBag from /Users/punny/Documents/GitHub/NYC-Taxi-ETL-Pipeline/.venv/lib/python3.10/site-packages/airflow/example_dags/tutorial_dag.py
[2024-10-21T15:04:49.874+0700] {processor.py:925} INFO - DAG(s) 'tutorial_dag' retrieved from /Users/punny/Documents/GitHub/NYC-Taxi-ETL-Pipeline/.venv/lib/python3.10/site-packages/airflow/example_dags/tutorial_dag.py
[2024-10-21T15:04:50.170+0700] {logging_mixin.py:190} INFO - [2024-10-21T15:04:50.170+0700] {dag.py:3239} INFO - Sync 1 DAGs
[2024-10-21T15:04:50.190+0700] {logging_mixin.py:190} INFO - [2024-10-21T15:04:50.190+0700] {dag.py:4180} INFO - Setting next_dagrun for tutorial_dag to None, run_after=None
[2024-10-21T15:04:50.223+0700] {processor.py:208} INFO - Processing /Users/punny/Documents/GitHub/NYC-Taxi-ETL-Pipeline/.venv/lib/python3.10/site-packages/airflow/example_dags/tutorial_dag.py took 0.420 seconds
[2024-10-21T15:09:25.850+0700] {processor.py:186} INFO - Started process (PID=38899) to work on /Users/punny/Documents/GitHub/NYC-Taxi-ETL-Pipeline/.venv/lib/python3.10/site-packages/airflow/example_dags/tutorial_dag.py
[2024-10-21T15:09:25.854+0700] {processor.py:914} INFO - Processing file /Users/punny/Documents/GitHub/NYC-Taxi-ETL-Pipeline/.venv/lib/python3.10/site-packages/airflow/example_dags/tutorial_dag.py for tasks to queue
[2024-10-21T15:09:25.855+0700] {logging_mixin.py:190} INFO - [2024-10-21T15:09:25.855+0700] {dagbag.py:588} INFO - Filling up the DagBag from /Users/punny/Documents/GitHub/NYC-Taxi-ETL-Pipeline/.venv/lib/python3.10/site-packages/airflow/example_dags/tutorial_dag.py
[2024-10-21T15:09:25.908+0700] {processor.py:925} INFO - DAG(s) 'tutorial_dag' retrieved from /Users/punny/Documents/GitHub/NYC-Taxi-ETL-Pipeline/.venv/lib/python3.10/site-packages/airflow/example_dags/tutorial_dag.py
[2024-10-21T15:09:26.222+0700] {logging_mixin.py:190} INFO - [2024-10-21T15:09:26.222+0700] {dag.py:3239} INFO - Sync 1 DAGs
[2024-10-21T15:09:26.265+0700] {logging_mixin.py:190} INFO - [2024-10-21T15:09:26.265+0700] {dag.py:4180} INFO - Setting next_dagrun for tutorial_dag to None, run_after=None
[2024-10-21T15:09:26.308+0700] {processor.py:208} INFO - Processing /Users/punny/Documents/GitHub/NYC-Taxi-ETL-Pipeline/.venv/lib/python3.10/site-packages/airflow/example_dags/tutorial_dag.py took 0.465 seconds
[2024-10-21T15:13:51.416+0700] {processor.py:186} INFO - Started process (PID=39504) to work on /Users/punny/Documents/GitHub/NYC-Taxi-ETL-Pipeline/.venv/lib/python3.10/site-packages/airflow/example_dags/tutorial_dag.py
[2024-10-21T15:13:51.421+0700] {processor.py:914} INFO - Processing file /Users/punny/Documents/GitHub/NYC-Taxi-ETL-Pipeline/.venv/lib/python3.10/site-packages/airflow/example_dags/tutorial_dag.py for tasks to queue
[2024-10-21T15:13:51.423+0700] {logging_mixin.py:190} INFO - [2024-10-21T15:13:51.423+0700] {dagbag.py:588} INFO - Filling up the DagBag from /Users/punny/Documents/GitHub/NYC-Taxi-ETL-Pipeline/.venv/lib/python3.10/site-packages/airflow/example_dags/tutorial_dag.py
[2024-10-21T15:13:51.469+0700] {processor.py:925} INFO - DAG(s) 'tutorial_dag' retrieved from /Users/punny/Documents/GitHub/NYC-Taxi-ETL-Pipeline/.venv/lib/python3.10/site-packages/airflow/example_dags/tutorial_dag.py
[2024-10-21T15:13:51.757+0700] {logging_mixin.py:190} INFO - [2024-10-21T15:13:51.756+0700] {dag.py:3239} INFO - Sync 1 DAGs
[2024-10-21T15:13:51.781+0700] {logging_mixin.py:190} INFO - [2024-10-21T15:13:51.780+0700] {dag.py:4180} INFO - Setting next_dagrun for tutorial_dag to None, run_after=None
[2024-10-21T15:13:51.826+0700] {processor.py:208} INFO - Processing /Users/punny/Documents/GitHub/NYC-Taxi-ETL-Pipeline/.venv/lib/python3.10/site-packages/airflow/example_dags/tutorial_dag.py took 0.426 seconds
[2024-10-21T15:18:15.967+0700] {processor.py:186} INFO - Started process (PID=40032) to work on /Users/punny/Documents/GitHub/NYC-Taxi-ETL-Pipeline/.venv/lib/python3.10/site-packages/airflow/example_dags/tutorial_dag.py
[2024-10-21T15:18:15.971+0700] {processor.py:914} INFO - Processing file /Users/punny/Documents/GitHub/NYC-Taxi-ETL-Pipeline/.venv/lib/python3.10/site-packages/airflow/example_dags/tutorial_dag.py for tasks to queue
[2024-10-21T15:18:15.973+0700] {logging_mixin.py:190} INFO - [2024-10-21T15:18:15.972+0700] {dagbag.py:588} INFO - Filling up the DagBag from /Users/punny/Documents/GitHub/NYC-Taxi-ETL-Pipeline/.venv/lib/python3.10/site-packages/airflow/example_dags/tutorial_dag.py
[2024-10-21T15:18:16.018+0700] {processor.py:925} INFO - DAG(s) 'tutorial_dag' retrieved from /Users/punny/Documents/GitHub/NYC-Taxi-ETL-Pipeline/.venv/lib/python3.10/site-packages/airflow/example_dags/tutorial_dag.py
[2024-10-21T15:18:16.288+0700] {logging_mixin.py:190} INFO - [2024-10-21T15:18:16.287+0700] {dag.py:3239} INFO - Sync 1 DAGs
[2024-10-21T15:18:16.309+0700] {logging_mixin.py:190} INFO - [2024-10-21T15:18:16.309+0700] {dag.py:4180} INFO - Setting next_dagrun for tutorial_dag to None, run_after=None
[2024-10-21T15:18:16.352+0700] {processor.py:208} INFO - Processing /Users/punny/Documents/GitHub/NYC-Taxi-ETL-Pipeline/.venv/lib/python3.10/site-packages/airflow/example_dags/tutorial_dag.py took 0.394 seconds
[2024-10-21T15:22:23.579+0700] {processor.py:186} INFO - Started process (PID=40582) to work on /Users/punny/Documents/GitHub/NYC-Taxi-ETL-Pipeline/.venv/lib/python3.10/site-packages/airflow/example_dags/tutorial_dag.py
[2024-10-21T15:22:23.585+0700] {processor.py:914} INFO - Processing file /Users/punny/Documents/GitHub/NYC-Taxi-ETL-Pipeline/.venv/lib/python3.10/site-packages/airflow/example_dags/tutorial_dag.py for tasks to queue
[2024-10-21T15:22:23.587+0700] {logging_mixin.py:190} INFO - [2024-10-21T15:22:23.586+0700] {dagbag.py:588} INFO - Filling up the DagBag from /Users/punny/Documents/GitHub/NYC-Taxi-ETL-Pipeline/.venv/lib/python3.10/site-packages/airflow/example_dags/tutorial_dag.py
[2024-10-21T15:22:23.629+0700] {processor.py:925} INFO - DAG(s) 'tutorial_dag' retrieved from /Users/punny/Documents/GitHub/NYC-Taxi-ETL-Pipeline/.venv/lib/python3.10/site-packages/airflow/example_dags/tutorial_dag.py
[2024-10-21T15:22:23.906+0700] {logging_mixin.py:190} INFO - [2024-10-21T15:22:23.905+0700] {dag.py:3239} INFO - Sync 1 DAGs
[2024-10-21T15:22:23.923+0700] {logging_mixin.py:190} INFO - [2024-10-21T15:22:23.923+0700] {dag.py:4180} INFO - Setting next_dagrun for tutorial_dag to None, run_after=None
[2024-10-21T15:22:23.953+0700] {processor.py:208} INFO - Processing /Users/punny/Documents/GitHub/NYC-Taxi-ETL-Pipeline/.venv/lib/python3.10/site-packages/airflow/example_dags/tutorial_dag.py took 0.385 seconds
[2024-10-21T15:26:23.077+0700] {processor.py:186} INFO - Started process (PID=41075) to work on /Users/punny/Documents/GitHub/NYC-Taxi-ETL-Pipeline/.venv/lib/python3.10/site-packages/airflow/example_dags/tutorial_dag.py
[2024-10-21T15:26:23.084+0700] {processor.py:914} INFO - Processing file /Users/punny/Documents/GitHub/NYC-Taxi-ETL-Pipeline/.venv/lib/python3.10/site-packages/airflow/example_dags/tutorial_dag.py for tasks to queue
[2024-10-21T15:26:23.086+0700] {logging_mixin.py:190} INFO - [2024-10-21T15:26:23.086+0700] {dagbag.py:588} INFO - Filling up the DagBag from /Users/punny/Documents/GitHub/NYC-Taxi-ETL-Pipeline/.venv/lib/python3.10/site-packages/airflow/example_dags/tutorial_dag.py
[2024-10-21T15:26:23.141+0700] {processor.py:925} INFO - DAG(s) 'tutorial_dag' retrieved from /Users/punny/Documents/GitHub/NYC-Taxi-ETL-Pipeline/.venv/lib/python3.10/site-packages/airflow/example_dags/tutorial_dag.py
[2024-10-21T15:26:23.415+0700] {logging_mixin.py:190} INFO - [2024-10-21T15:26:23.413+0700] {dag.py:3239} INFO - Sync 1 DAGs
[2024-10-21T15:26:23.436+0700] {logging_mixin.py:190} INFO - [2024-10-21T15:26:23.435+0700] {dag.py:4180} INFO - Setting next_dagrun for tutorial_dag to None, run_after=None
[2024-10-21T15:26:23.470+0700] {processor.py:208} INFO - Processing /Users/punny/Documents/GitHub/NYC-Taxi-ETL-Pipeline/.venv/lib/python3.10/site-packages/airflow/example_dags/tutorial_dag.py took 0.402 seconds
[2024-10-21T15:30:33.332+0700] {processor.py:186} INFO - Started process (PID=41637) to work on /Users/punny/Documents/GitHub/NYC-Taxi-ETL-Pipeline/.venv/lib/python3.10/site-packages/airflow/example_dags/tutorial_dag.py
[2024-10-21T15:30:33.337+0700] {processor.py:914} INFO - Processing file /Users/punny/Documents/GitHub/NYC-Taxi-ETL-Pipeline/.venv/lib/python3.10/site-packages/airflow/example_dags/tutorial_dag.py for tasks to queue
[2024-10-21T15:30:33.339+0700] {logging_mixin.py:190} INFO - [2024-10-21T15:30:33.339+0700] {dagbag.py:588} INFO - Filling up the DagBag from /Users/punny/Documents/GitHub/NYC-Taxi-ETL-Pipeline/.venv/lib/python3.10/site-packages/airflow/example_dags/tutorial_dag.py
[2024-10-21T15:30:33.382+0700] {processor.py:925} INFO - DAG(s) 'tutorial_dag' retrieved from /Users/punny/Documents/GitHub/NYC-Taxi-ETL-Pipeline/.venv/lib/python3.10/site-packages/airflow/example_dags/tutorial_dag.py
[2024-10-21T15:30:33.645+0700] {logging_mixin.py:190} INFO - [2024-10-21T15:30:33.644+0700] {dag.py:3239} INFO - Sync 1 DAGs
[2024-10-21T15:30:33.664+0700] {logging_mixin.py:190} INFO - [2024-10-21T15:30:33.664+0700] {dag.py:4180} INFO - Setting next_dagrun for tutorial_dag to None, run_after=None
[2024-10-21T15:30:33.693+0700] {processor.py:208} INFO - Processing /Users/punny/Documents/GitHub/NYC-Taxi-ETL-Pipeline/.venv/lib/python3.10/site-packages/airflow/example_dags/tutorial_dag.py took 0.371 seconds
[2024-10-21T15:34:31.395+0700] {processor.py:186} INFO - Started process (PID=42106) to work on /Users/punny/Documents/GitHub/NYC-Taxi-ETL-Pipeline/.venv/lib/python3.10/site-packages/airflow/example_dags/tutorial_dag.py
[2024-10-21T15:34:31.400+0700] {processor.py:914} INFO - Processing file /Users/punny/Documents/GitHub/NYC-Taxi-ETL-Pipeline/.venv/lib/python3.10/site-packages/airflow/example_dags/tutorial_dag.py for tasks to queue
[2024-10-21T15:34:31.402+0700] {logging_mixin.py:190} INFO - [2024-10-21T15:34:31.402+0700] {dagbag.py:588} INFO - Filling up the DagBag from /Users/punny/Documents/GitHub/NYC-Taxi-ETL-Pipeline/.venv/lib/python3.10/site-packages/airflow/example_dags/tutorial_dag.py
[2024-10-21T15:34:31.461+0700] {processor.py:925} INFO - DAG(s) 'tutorial_dag' retrieved from /Users/punny/Documents/GitHub/NYC-Taxi-ETL-Pipeline/.venv/lib/python3.10/site-packages/airflow/example_dags/tutorial_dag.py
[2024-10-21T15:34:31.727+0700] {logging_mixin.py:190} INFO - [2024-10-21T15:34:31.726+0700] {dag.py:3239} INFO - Sync 1 DAGs
[2024-10-21T15:34:31.745+0700] {logging_mixin.py:190} INFO - [2024-10-21T15:34:31.745+0700] {dag.py:4180} INFO - Setting next_dagrun for tutorial_dag to None, run_after=None
[2024-10-21T15:34:31.775+0700] {processor.py:208} INFO - Processing /Users/punny/Documents/GitHub/NYC-Taxi-ETL-Pipeline/.venv/lib/python3.10/site-packages/airflow/example_dags/tutorial_dag.py took 0.396 seconds
[2024-10-21T15:38:20.824+0700] {processor.py:186} INFO - Started process (PID=42603) to work on /Users/punny/Documents/GitHub/NYC-Taxi-ETL-Pipeline/.venv/lib/python3.10/site-packages/airflow/example_dags/tutorial_dag.py
[2024-10-21T15:38:20.829+0700] {processor.py:914} INFO - Processing file /Users/punny/Documents/GitHub/NYC-Taxi-ETL-Pipeline/.venv/lib/python3.10/site-packages/airflow/example_dags/tutorial_dag.py for tasks to queue
[2024-10-21T15:38:20.830+0700] {logging_mixin.py:190} INFO - [2024-10-21T15:38:20.830+0700] {dagbag.py:588} INFO - Filling up the DagBag from /Users/punny/Documents/GitHub/NYC-Taxi-ETL-Pipeline/.venv/lib/python3.10/site-packages/airflow/example_dags/tutorial_dag.py
[2024-10-21T15:38:20.874+0700] {processor.py:925} INFO - DAG(s) 'tutorial_dag' retrieved from /Users/punny/Documents/GitHub/NYC-Taxi-ETL-Pipeline/.venv/lib/python3.10/site-packages/airflow/example_dags/tutorial_dag.py
[2024-10-21T15:38:21.102+0700] {logging_mixin.py:190} INFO - [2024-10-21T15:38:21.101+0700] {dag.py:3239} INFO - Sync 1 DAGs
[2024-10-21T15:38:21.118+0700] {logging_mixin.py:190} INFO - [2024-10-21T15:38:21.118+0700] {dag.py:4180} INFO - Setting next_dagrun for tutorial_dag to None, run_after=None
[2024-10-21T15:38:21.147+0700] {processor.py:208} INFO - Processing /Users/punny/Documents/GitHub/NYC-Taxi-ETL-Pipeline/.venv/lib/python3.10/site-packages/airflow/example_dags/tutorial_dag.py took 0.334 seconds
[2024-10-21T15:42:20.789+0700] {processor.py:186} INFO - Started process (PID=43178) to work on /Users/punny/Documents/GitHub/NYC-Taxi-ETL-Pipeline/.venv/lib/python3.10/site-packages/airflow/example_dags/tutorial_dag.py
[2024-10-21T15:42:20.793+0700] {processor.py:914} INFO - Processing file /Users/punny/Documents/GitHub/NYC-Taxi-ETL-Pipeline/.venv/lib/python3.10/site-packages/airflow/example_dags/tutorial_dag.py for tasks to queue
[2024-10-21T15:42:20.795+0700] {logging_mixin.py:190} INFO - [2024-10-21T15:42:20.794+0700] {dagbag.py:588} INFO - Filling up the DagBag from /Users/punny/Documents/GitHub/NYC-Taxi-ETL-Pipeline/.venv/lib/python3.10/site-packages/airflow/example_dags/tutorial_dag.py
[2024-10-21T15:42:20.840+0700] {processor.py:925} INFO - DAG(s) 'tutorial_dag' retrieved from /Users/punny/Documents/GitHub/NYC-Taxi-ETL-Pipeline/.venv/lib/python3.10/site-packages/airflow/example_dags/tutorial_dag.py
[2024-10-21T15:42:21.102+0700] {logging_mixin.py:190} INFO - [2024-10-21T15:42:21.102+0700] {dag.py:3239} INFO - Sync 1 DAGs
[2024-10-21T15:42:21.122+0700] {logging_mixin.py:190} INFO - [2024-10-21T15:42:21.122+0700] {dag.py:4180} INFO - Setting next_dagrun for tutorial_dag to None, run_after=None
[2024-10-21T15:42:21.172+0700] {processor.py:208} INFO - Processing /Users/punny/Documents/GitHub/NYC-Taxi-ETL-Pipeline/.venv/lib/python3.10/site-packages/airflow/example_dags/tutorial_dag.py took 0.391 seconds
[2024-10-21T15:46:14.843+0700] {processor.py:186} INFO - Started process (PID=43667) to work on /Users/punny/Documents/GitHub/NYC-Taxi-ETL-Pipeline/.venv/lib/python3.10/site-packages/airflow/example_dags/tutorial_dag.py
[2024-10-21T15:46:14.848+0700] {processor.py:914} INFO - Processing file /Users/punny/Documents/GitHub/NYC-Taxi-ETL-Pipeline/.venv/lib/python3.10/site-packages/airflow/example_dags/tutorial_dag.py for tasks to queue
[2024-10-21T15:46:14.850+0700] {logging_mixin.py:190} INFO - [2024-10-21T15:46:14.849+0700] {dagbag.py:588} INFO - Filling up the DagBag from /Users/punny/Documents/GitHub/NYC-Taxi-ETL-Pipeline/.venv/lib/python3.10/site-packages/airflow/example_dags/tutorial_dag.py
[2024-10-21T15:46:14.892+0700] {processor.py:925} INFO - DAG(s) 'tutorial_dag' retrieved from /Users/punny/Documents/GitHub/NYC-Taxi-ETL-Pipeline/.venv/lib/python3.10/site-packages/airflow/example_dags/tutorial_dag.py
[2024-10-21T15:46:15.146+0700] {logging_mixin.py:190} INFO - [2024-10-21T15:46:15.146+0700] {dag.py:3239} INFO - Sync 1 DAGs
[2024-10-21T15:46:15.164+0700] {logging_mixin.py:190} INFO - [2024-10-21T15:46:15.164+0700] {dag.py:4180} INFO - Setting next_dagrun for tutorial_dag to None, run_after=None
[2024-10-21T15:46:15.215+0700] {processor.py:208} INFO - Processing /Users/punny/Documents/GitHub/NYC-Taxi-ETL-Pipeline/.venv/lib/python3.10/site-packages/airflow/example_dags/tutorial_dag.py took 0.380 seconds
[2024-10-21T15:50:14.148+0700] {processor.py:186} INFO - Started process (PID=44202) to work on /Users/punny/Documents/GitHub/NYC-Taxi-ETL-Pipeline/.venv/lib/python3.10/site-packages/airflow/example_dags/tutorial_dag.py
[2024-10-21T15:50:14.152+0700] {processor.py:914} INFO - Processing file /Users/punny/Documents/GitHub/NYC-Taxi-ETL-Pipeline/.venv/lib/python3.10/site-packages/airflow/example_dags/tutorial_dag.py for tasks to queue
[2024-10-21T15:50:14.155+0700] {logging_mixin.py:190} INFO - [2024-10-21T15:50:14.154+0700] {dagbag.py:588} INFO - Filling up the DagBag from /Users/punny/Documents/GitHub/NYC-Taxi-ETL-Pipeline/.venv/lib/python3.10/site-packages/airflow/example_dags/tutorial_dag.py
[2024-10-21T15:50:14.202+0700] {processor.py:925} INFO - DAG(s) 'tutorial_dag' retrieved from /Users/punny/Documents/GitHub/NYC-Taxi-ETL-Pipeline/.venv/lib/python3.10/site-packages/airflow/example_dags/tutorial_dag.py
[2024-10-21T15:50:14.454+0700] {logging_mixin.py:190} INFO - [2024-10-21T15:50:14.453+0700] {dag.py:3239} INFO - Sync 1 DAGs
[2024-10-21T15:50:14.476+0700] {logging_mixin.py:190} INFO - [2024-10-21T15:50:14.476+0700] {dag.py:4180} INFO - Setting next_dagrun for tutorial_dag to None, run_after=None
[2024-10-21T15:50:14.515+0700] {processor.py:208} INFO - Processing /Users/punny/Documents/GitHub/NYC-Taxi-ETL-Pipeline/.venv/lib/python3.10/site-packages/airflow/example_dags/tutorial_dag.py took 0.381 seconds
[2024-10-21T15:54:04.294+0700] {processor.py:186} INFO - Started process (PID=44657) to work on /Users/punny/Documents/GitHub/NYC-Taxi-ETL-Pipeline/.venv/lib/python3.10/site-packages/airflow/example_dags/tutorial_dag.py
[2024-10-21T15:54:04.298+0700] {processor.py:914} INFO - Processing file /Users/punny/Documents/GitHub/NYC-Taxi-ETL-Pipeline/.venv/lib/python3.10/site-packages/airflow/example_dags/tutorial_dag.py for tasks to queue
[2024-10-21T15:54:04.299+0700] {logging_mixin.py:190} INFO - [2024-10-21T15:54:04.299+0700] {dagbag.py:588} INFO - Filling up the DagBag from /Users/punny/Documents/GitHub/NYC-Taxi-ETL-Pipeline/.venv/lib/python3.10/site-packages/airflow/example_dags/tutorial_dag.py
[2024-10-21T15:54:04.341+0700] {processor.py:925} INFO - DAG(s) 'tutorial_dag' retrieved from /Users/punny/Documents/GitHub/NYC-Taxi-ETL-Pipeline/.venv/lib/python3.10/site-packages/airflow/example_dags/tutorial_dag.py
[2024-10-21T15:54:04.613+0700] {logging_mixin.py:190} INFO - [2024-10-21T15:54:04.613+0700] {dag.py:3239} INFO - Sync 1 DAGs
[2024-10-21T15:54:04.631+0700] {logging_mixin.py:190} INFO - [2024-10-21T15:54:04.631+0700] {dag.py:4180} INFO - Setting next_dagrun for tutorial_dag to None, run_after=None
[2024-10-21T15:54:04.664+0700] {processor.py:208} INFO - Processing /Users/punny/Documents/GitHub/NYC-Taxi-ETL-Pipeline/.venv/lib/python3.10/site-packages/airflow/example_dags/tutorial_dag.py took 0.376 seconds
[2024-10-21T15:58:15.906+0700] {processor.py:186} INFO - Started process (PID=45186) to work on /Users/punny/Documents/GitHub/NYC-Taxi-ETL-Pipeline/.venv/lib/python3.10/site-packages/airflow/example_dags/tutorial_dag.py
[2024-10-21T15:58:15.910+0700] {processor.py:914} INFO - Processing file /Users/punny/Documents/GitHub/NYC-Taxi-ETL-Pipeline/.venv/lib/python3.10/site-packages/airflow/example_dags/tutorial_dag.py for tasks to queue
[2024-10-21T15:58:15.911+0700] {logging_mixin.py:190} INFO - [2024-10-21T15:58:15.911+0700] {dagbag.py:588} INFO - Filling up the DagBag from /Users/punny/Documents/GitHub/NYC-Taxi-ETL-Pipeline/.venv/lib/python3.10/site-packages/airflow/example_dags/tutorial_dag.py
[2024-10-21T15:58:16.044+0700] {processor.py:925} INFO - DAG(s) 'tutorial_dag' retrieved from /Users/punny/Documents/GitHub/NYC-Taxi-ETL-Pipeline/.venv/lib/python3.10/site-packages/airflow/example_dags/tutorial_dag.py
[2024-10-21T15:58:16.334+0700] {logging_mixin.py:190} INFO - [2024-10-21T15:58:16.333+0700] {dag.py:3239} INFO - Sync 1 DAGs
[2024-10-21T15:58:16.351+0700] {logging_mixin.py:190} INFO - [2024-10-21T15:58:16.350+0700] {dag.py:4180} INFO - Setting next_dagrun for tutorial_dag to None, run_after=None
[2024-10-21T15:58:16.388+0700] {processor.py:208} INFO - Processing /Users/punny/Documents/GitHub/NYC-Taxi-ETL-Pipeline/.venv/lib/python3.10/site-packages/airflow/example_dags/tutorial_dag.py took 0.500 seconds
[2024-10-21T16:02:22.823+0700] {processor.py:186} INFO - Started process (PID=45743) to work on /Users/punny/Documents/GitHub/NYC-Taxi-ETL-Pipeline/.venv/lib/python3.10/site-packages/airflow/example_dags/tutorial_dag.py
[2024-10-21T16:02:22.827+0700] {processor.py:914} INFO - Processing file /Users/punny/Documents/GitHub/NYC-Taxi-ETL-Pipeline/.venv/lib/python3.10/site-packages/airflow/example_dags/tutorial_dag.py for tasks to queue
[2024-10-21T16:02:22.829+0700] {logging_mixin.py:190} INFO - [2024-10-21T16:02:22.829+0700] {dagbag.py:588} INFO - Filling up the DagBag from /Users/punny/Documents/GitHub/NYC-Taxi-ETL-Pipeline/.venv/lib/python3.10/site-packages/airflow/example_dags/tutorial_dag.py
[2024-10-21T16:02:22.868+0700] {processor.py:925} INFO - DAG(s) 'tutorial_dag' retrieved from /Users/punny/Documents/GitHub/NYC-Taxi-ETL-Pipeline/.venv/lib/python3.10/site-packages/airflow/example_dags/tutorial_dag.py
[2024-10-21T16:02:23.120+0700] {logging_mixin.py:190} INFO - [2024-10-21T16:02:23.119+0700] {dag.py:3239} INFO - Sync 1 DAGs
[2024-10-21T16:02:23.139+0700] {logging_mixin.py:190} INFO - [2024-10-21T16:02:23.139+0700] {dag.py:4180} INFO - Setting next_dagrun for tutorial_dag to None, run_after=None
[2024-10-21T16:02:23.172+0700] {processor.py:208} INFO - Processing /Users/punny/Documents/GitHub/NYC-Taxi-ETL-Pipeline/.venv/lib/python3.10/site-packages/airflow/example_dags/tutorial_dag.py took 0.359 seconds
[2024-10-21T20:36:36.730+0700] {processor.py:186} INFO - Started process (PID=4234) to work on /Users/punny/Documents/GitHub/NYC-Taxi-ETL-Pipeline/.venv/lib/python3.10/site-packages/airflow/example_dags/tutorial_dag.py
[2024-10-21T20:36:36.735+0700] {processor.py:914} INFO - Processing file /Users/punny/Documents/GitHub/NYC-Taxi-ETL-Pipeline/.venv/lib/python3.10/site-packages/airflow/example_dags/tutorial_dag.py for tasks to queue
[2024-10-21T20:36:36.736+0700] {logging_mixin.py:190} INFO - [2024-10-21T20:36:36.736+0700] {dagbag.py:588} INFO - Filling up the DagBag from /Users/punny/Documents/GitHub/NYC-Taxi-ETL-Pipeline/.venv/lib/python3.10/site-packages/airflow/example_dags/tutorial_dag.py
[2024-10-21T20:36:36.771+0700] {processor.py:925} INFO - DAG(s) 'tutorial_dag' retrieved from /Users/punny/Documents/GitHub/NYC-Taxi-ETL-Pipeline/.venv/lib/python3.10/site-packages/airflow/example_dags/tutorial_dag.py
[2024-10-21T20:36:36.968+0700] {logging_mixin.py:190} INFO - [2024-10-21T20:36:36.967+0700] {dag.py:3239} INFO - Sync 1 DAGs
[2024-10-21T20:36:36.985+0700] {logging_mixin.py:190} INFO - [2024-10-21T20:36:36.984+0700] {dag.py:4180} INFO - Setting next_dagrun for tutorial_dag to None, run_after=None
[2024-10-21T20:36:37.012+0700] {processor.py:208} INFO - Processing /Users/punny/Documents/GitHub/NYC-Taxi-ETL-Pipeline/.venv/lib/python3.10/site-packages/airflow/example_dags/tutorial_dag.py took 0.292 seconds
[2024-10-21T20:40:23.567+0700] {processor.py:186} INFO - Started process (PID=4513) to work on /Users/punny/Documents/GitHub/NYC-Taxi-ETL-Pipeline/.venv/lib/python3.10/site-packages/airflow/example_dags/tutorial_dag.py
[2024-10-21T20:40:23.570+0700] {processor.py:914} INFO - Processing file /Users/punny/Documents/GitHub/NYC-Taxi-ETL-Pipeline/.venv/lib/python3.10/site-packages/airflow/example_dags/tutorial_dag.py for tasks to queue
[2024-10-21T20:40:23.572+0700] {logging_mixin.py:190} INFO - [2024-10-21T20:40:23.571+0700] {dagbag.py:588} INFO - Filling up the DagBag from /Users/punny/Documents/GitHub/NYC-Taxi-ETL-Pipeline/.venv/lib/python3.10/site-packages/airflow/example_dags/tutorial_dag.py
[2024-10-21T20:40:23.605+0700] {processor.py:925} INFO - DAG(s) 'tutorial_dag' retrieved from /Users/punny/Documents/GitHub/NYC-Taxi-ETL-Pipeline/.venv/lib/python3.10/site-packages/airflow/example_dags/tutorial_dag.py
[2024-10-21T20:40:23.785+0700] {logging_mixin.py:190} INFO - [2024-10-21T20:40:23.784+0700] {dag.py:3239} INFO - Sync 1 DAGs
[2024-10-21T20:40:23.798+0700] {logging_mixin.py:190} INFO - [2024-10-21T20:40:23.798+0700] {dag.py:4180} INFO - Setting next_dagrun for tutorial_dag to None, run_after=None
[2024-10-21T20:40:23.822+0700] {processor.py:208} INFO - Processing /Users/punny/Documents/GitHub/NYC-Taxi-ETL-Pipeline/.venv/lib/python3.10/site-packages/airflow/example_dags/tutorial_dag.py took 0.261 seconds
[2024-10-21T20:43:55.718+0700] {processor.py:186} INFO - Started process (PID=4882) to work on /Users/punny/Documents/GitHub/NYC-Taxi-ETL-Pipeline/.venv/lib/python3.10/site-packages/airflow/example_dags/tutorial_dag.py
[2024-10-21T20:43:55.724+0700] {processor.py:914} INFO - Processing file /Users/punny/Documents/GitHub/NYC-Taxi-ETL-Pipeline/.venv/lib/python3.10/site-packages/airflow/example_dags/tutorial_dag.py for tasks to queue
[2024-10-21T20:43:55.726+0700] {logging_mixin.py:190} INFO - [2024-10-21T20:43:55.725+0700] {dagbag.py:588} INFO - Filling up the DagBag from /Users/punny/Documents/GitHub/NYC-Taxi-ETL-Pipeline/.venv/lib/python3.10/site-packages/airflow/example_dags/tutorial_dag.py
[2024-10-21T20:43:55.786+0700] {processor.py:925} INFO - DAG(s) 'tutorial_dag' retrieved from /Users/punny/Documents/GitHub/NYC-Taxi-ETL-Pipeline/.venv/lib/python3.10/site-packages/airflow/example_dags/tutorial_dag.py
[2024-10-21T20:43:56.044+0700] {logging_mixin.py:190} INFO - [2024-10-21T20:43:56.043+0700] {dag.py:3239} INFO - Sync 1 DAGs
[2024-10-21T20:43:56.062+0700] {logging_mixin.py:190} INFO - [2024-10-21T20:43:56.061+0700] {dag.py:4180} INFO - Setting next_dagrun for tutorial_dag to None, run_after=None
[2024-10-21T20:43:56.094+0700] {processor.py:208} INFO - Processing /Users/punny/Documents/GitHub/NYC-Taxi-ETL-Pipeline/.venv/lib/python3.10/site-packages/airflow/example_dags/tutorial_dag.py took 0.387 seconds
[2024-10-21T20:47:44.413+0700] {processor.py:186} INFO - Started process (PID=5253) to work on /Users/punny/Documents/GitHub/NYC-Taxi-ETL-Pipeline/.venv/lib/python3.10/site-packages/airflow/example_dags/tutorial_dag.py
[2024-10-21T20:47:44.416+0700] {processor.py:914} INFO - Processing file /Users/punny/Documents/GitHub/NYC-Taxi-ETL-Pipeline/.venv/lib/python3.10/site-packages/airflow/example_dags/tutorial_dag.py for tasks to queue
[2024-10-21T20:47:44.418+0700] {logging_mixin.py:190} INFO - [2024-10-21T20:47:44.417+0700] {dagbag.py:588} INFO - Filling up the DagBag from /Users/punny/Documents/GitHub/NYC-Taxi-ETL-Pipeline/.venv/lib/python3.10/site-packages/airflow/example_dags/tutorial_dag.py
[2024-10-21T20:47:44.447+0700] {processor.py:925} INFO - DAG(s) 'tutorial_dag' retrieved from /Users/punny/Documents/GitHub/NYC-Taxi-ETL-Pipeline/.venv/lib/python3.10/site-packages/airflow/example_dags/tutorial_dag.py
[2024-10-21T20:47:44.631+0700] {logging_mixin.py:190} INFO - [2024-10-21T20:47:44.631+0700] {dag.py:3239} INFO - Sync 1 DAGs
[2024-10-21T20:47:44.644+0700] {logging_mixin.py:190} INFO - [2024-10-21T20:47:44.644+0700] {dag.py:4180} INFO - Setting next_dagrun for tutorial_dag to None, run_after=None
[2024-10-21T20:47:44.668+0700] {processor.py:208} INFO - Processing /Users/punny/Documents/GitHub/NYC-Taxi-ETL-Pipeline/.venv/lib/python3.10/site-packages/airflow/example_dags/tutorial_dag.py took 0.264 seconds
[2024-10-21T20:51:21.832+0700] {processor.py:186} INFO - Started process (PID=5559) to work on /Users/punny/Documents/GitHub/NYC-Taxi-ETL-Pipeline/.venv/lib/python3.10/site-packages/airflow/example_dags/tutorial_dag.py
[2024-10-21T20:51:21.836+0700] {processor.py:914} INFO - Processing file /Users/punny/Documents/GitHub/NYC-Taxi-ETL-Pipeline/.venv/lib/python3.10/site-packages/airflow/example_dags/tutorial_dag.py for tasks to queue
[2024-10-21T20:51:21.837+0700] {logging_mixin.py:190} INFO - [2024-10-21T20:51:21.837+0700] {dagbag.py:588} INFO - Filling up the DagBag from /Users/punny/Documents/GitHub/NYC-Taxi-ETL-Pipeline/.venv/lib/python3.10/site-packages/airflow/example_dags/tutorial_dag.py
[2024-10-21T20:51:21.876+0700] {processor.py:925} INFO - DAG(s) 'tutorial_dag' retrieved from /Users/punny/Documents/GitHub/NYC-Taxi-ETL-Pipeline/.venv/lib/python3.10/site-packages/airflow/example_dags/tutorial_dag.py
[2024-10-21T20:51:22.078+0700] {logging_mixin.py:190} INFO - [2024-10-21T20:51:22.078+0700] {dag.py:3239} INFO - Sync 1 DAGs
[2024-10-21T20:51:22.095+0700] {logging_mixin.py:190} INFO - [2024-10-21T20:51:22.095+0700] {dag.py:4180} INFO - Setting next_dagrun for tutorial_dag to None, run_after=None
[2024-10-21T20:51:22.120+0700] {processor.py:208} INFO - Processing /Users/punny/Documents/GitHub/NYC-Taxi-ETL-Pipeline/.venv/lib/python3.10/site-packages/airflow/example_dags/tutorial_dag.py took 0.296 seconds
[2024-10-21T20:55:30.857+0700] {processor.py:186} INFO - Started process (PID=6068) to work on /Users/punny/Documents/GitHub/NYC-Taxi-ETL-Pipeline/.venv/lib/python3.10/site-packages/airflow/example_dags/tutorial_dag.py
[2024-10-21T20:55:30.861+0700] {processor.py:914} INFO - Processing file /Users/punny/Documents/GitHub/NYC-Taxi-ETL-Pipeline/.venv/lib/python3.10/site-packages/airflow/example_dags/tutorial_dag.py for tasks to queue
[2024-10-21T20:55:30.862+0700] {logging_mixin.py:190} INFO - [2024-10-21T20:55:30.862+0700] {dagbag.py:588} INFO - Filling up the DagBag from /Users/punny/Documents/GitHub/NYC-Taxi-ETL-Pipeline/.venv/lib/python3.10/site-packages/airflow/example_dags/tutorial_dag.py
[2024-10-21T20:55:30.891+0700] {processor.py:925} INFO - DAG(s) 'tutorial_dag' retrieved from /Users/punny/Documents/GitHub/NYC-Taxi-ETL-Pipeline/.venv/lib/python3.10/site-packages/airflow/example_dags/tutorial_dag.py
[2024-10-21T20:55:31.080+0700] {logging_mixin.py:190} INFO - [2024-10-21T20:55:31.080+0700] {dag.py:3239} INFO - Sync 1 DAGs
[2024-10-21T20:55:31.093+0700] {logging_mixin.py:190} INFO - [2024-10-21T20:55:31.093+0700] {dag.py:4180} INFO - Setting next_dagrun for tutorial_dag to None, run_after=None
[2024-10-21T20:55:31.117+0700] {processor.py:208} INFO - Processing /Users/punny/Documents/GitHub/NYC-Taxi-ETL-Pipeline/.venv/lib/python3.10/site-packages/airflow/example_dags/tutorial_dag.py took 0.269 seconds
[2024-10-21T20:59:57.061+0700] {processor.py:186} INFO - Started process (PID=6417) to work on /Users/punny/Documents/GitHub/NYC-Taxi-ETL-Pipeline/.venv/lib/python3.10/site-packages/airflow/example_dags/tutorial_dag.py
[2024-10-21T20:59:57.065+0700] {processor.py:914} INFO - Processing file /Users/punny/Documents/GitHub/NYC-Taxi-ETL-Pipeline/.venv/lib/python3.10/site-packages/airflow/example_dags/tutorial_dag.py for tasks to queue
[2024-10-21T20:59:57.066+0700] {logging_mixin.py:190} INFO - [2024-10-21T20:59:57.065+0700] {dagbag.py:588} INFO - Filling up the DagBag from /Users/punny/Documents/GitHub/NYC-Taxi-ETL-Pipeline/.venv/lib/python3.10/site-packages/airflow/example_dags/tutorial_dag.py
[2024-10-21T20:59:57.095+0700] {processor.py:925} INFO - DAG(s) 'tutorial_dag' retrieved from /Users/punny/Documents/GitHub/NYC-Taxi-ETL-Pipeline/.venv/lib/python3.10/site-packages/airflow/example_dags/tutorial_dag.py
[2024-10-21T20:59:57.280+0700] {logging_mixin.py:190} INFO - [2024-10-21T20:59:57.279+0700] {dag.py:3239} INFO - Sync 1 DAGs
[2024-10-21T20:59:57.294+0700] {logging_mixin.py:190} INFO - [2024-10-21T20:59:57.293+0700] {dag.py:4180} INFO - Setting next_dagrun for tutorial_dag to None, run_after=None
[2024-10-21T20:59:57.317+0700] {processor.py:208} INFO - Processing /Users/punny/Documents/GitHub/NYC-Taxi-ETL-Pipeline/.venv/lib/python3.10/site-packages/airflow/example_dags/tutorial_dag.py took 0.263 seconds
[2024-10-21T21:04:01.494+0700] {processor.py:186} INFO - Started process (PID=6728) to work on /Users/punny/Documents/GitHub/NYC-Taxi-ETL-Pipeline/.venv/lib/python3.10/site-packages/airflow/example_dags/tutorial_dag.py
[2024-10-21T21:04:01.497+0700] {processor.py:914} INFO - Processing file /Users/punny/Documents/GitHub/NYC-Taxi-ETL-Pipeline/.venv/lib/python3.10/site-packages/airflow/example_dags/tutorial_dag.py for tasks to queue
[2024-10-21T21:04:01.498+0700] {logging_mixin.py:190} INFO - [2024-10-21T21:04:01.498+0700] {dagbag.py:588} INFO - Filling up the DagBag from /Users/punny/Documents/GitHub/NYC-Taxi-ETL-Pipeline/.venv/lib/python3.10/site-packages/airflow/example_dags/tutorial_dag.py
[2024-10-21T21:04:01.527+0700] {processor.py:925} INFO - DAG(s) 'tutorial_dag' retrieved from /Users/punny/Documents/GitHub/NYC-Taxi-ETL-Pipeline/.venv/lib/python3.10/site-packages/airflow/example_dags/tutorial_dag.py
[2024-10-21T21:04:01.699+0700] {logging_mixin.py:190} INFO - [2024-10-21T21:04:01.699+0700] {dag.py:3239} INFO - Sync 1 DAGs
[2024-10-21T21:04:01.713+0700] {logging_mixin.py:190} INFO - [2024-10-21T21:04:01.713+0700] {dag.py:4180} INFO - Setting next_dagrun for tutorial_dag to None, run_after=None
[2024-10-21T21:04:01.734+0700] {processor.py:208} INFO - Processing /Users/punny/Documents/GitHub/NYC-Taxi-ETL-Pipeline/.venv/lib/python3.10/site-packages/airflow/example_dags/tutorial_dag.py took 0.248 seconds
[2024-10-21T21:07:18.748+0700] {processor.py:186} INFO - Started process (PID=7012) to work on /Users/punny/Documents/GitHub/NYC-Taxi-ETL-Pipeline/.venv/lib/python3.10/site-packages/airflow/example_dags/tutorial_dag.py
[2024-10-21T21:07:18.756+0700] {processor.py:914} INFO - Processing file /Users/punny/Documents/GitHub/NYC-Taxi-ETL-Pipeline/.venv/lib/python3.10/site-packages/airflow/example_dags/tutorial_dag.py for tasks to queue
[2024-10-21T21:07:18.758+0700] {logging_mixin.py:190} INFO - [2024-10-21T21:07:18.758+0700] {dagbag.py:588} INFO - Filling up the DagBag from /Users/punny/Documents/GitHub/NYC-Taxi-ETL-Pipeline/.venv/lib/python3.10/site-packages/airflow/example_dags/tutorial_dag.py
[2024-10-21T21:07:18.796+0700] {processor.py:925} INFO - DAG(s) 'tutorial_dag' retrieved from /Users/punny/Documents/GitHub/NYC-Taxi-ETL-Pipeline/.venv/lib/python3.10/site-packages/airflow/example_dags/tutorial_dag.py
[2024-10-21T21:07:19.013+0700] {logging_mixin.py:190} INFO - [2024-10-21T21:07:19.013+0700] {dag.py:3239} INFO - Sync 1 DAGs
[2024-10-21T21:07:19.032+0700] {logging_mixin.py:190} INFO - [2024-10-21T21:07:19.031+0700] {dag.py:4180} INFO - Setting next_dagrun for tutorial_dag to None, run_after=None
[2024-10-21T21:07:19.061+0700] {processor.py:208} INFO - Processing /Users/punny/Documents/GitHub/NYC-Taxi-ETL-Pipeline/.venv/lib/python3.10/site-packages/airflow/example_dags/tutorial_dag.py took 0.325 seconds
[2024-10-21T21:10:42.263+0700] {processor.py:186} INFO - Started process (PID=7213) to work on /Users/punny/Documents/GitHub/NYC-Taxi-ETL-Pipeline/.venv/lib/python3.10/site-packages/airflow/example_dags/tutorial_dag.py
[2024-10-21T21:10:42.267+0700] {processor.py:914} INFO - Processing file /Users/punny/Documents/GitHub/NYC-Taxi-ETL-Pipeline/.venv/lib/python3.10/site-packages/airflow/example_dags/tutorial_dag.py for tasks to queue
[2024-10-21T21:10:42.268+0700] {logging_mixin.py:190} INFO - [2024-10-21T21:10:42.268+0700] {dagbag.py:588} INFO - Filling up the DagBag from /Users/punny/Documents/GitHub/NYC-Taxi-ETL-Pipeline/.venv/lib/python3.10/site-packages/airflow/example_dags/tutorial_dag.py
[2024-10-21T21:10:42.298+0700] {processor.py:925} INFO - DAG(s) 'tutorial_dag' retrieved from /Users/punny/Documents/GitHub/NYC-Taxi-ETL-Pipeline/.venv/lib/python3.10/site-packages/airflow/example_dags/tutorial_dag.py
[2024-10-21T21:10:42.481+0700] {logging_mixin.py:190} INFO - [2024-10-21T21:10:42.481+0700] {dag.py:3239} INFO - Sync 1 DAGs
[2024-10-21T21:10:42.494+0700] {logging_mixin.py:190} INFO - [2024-10-21T21:10:42.494+0700] {dag.py:4180} INFO - Setting next_dagrun for tutorial_dag to None, run_after=None
[2024-10-21T21:10:42.518+0700] {processor.py:208} INFO - Processing /Users/punny/Documents/GitHub/NYC-Taxi-ETL-Pipeline/.venv/lib/python3.10/site-packages/airflow/example_dags/tutorial_dag.py took 0.262 seconds
[2024-10-21T21:13:45.126+0700] {processor.py:186} INFO - Started process (PID=7534) to work on /Users/punny/Documents/GitHub/NYC-Taxi-ETL-Pipeline/.venv/lib/python3.10/site-packages/airflow/example_dags/tutorial_dag.py
[2024-10-21T21:13:45.129+0700] {processor.py:914} INFO - Processing file /Users/punny/Documents/GitHub/NYC-Taxi-ETL-Pipeline/.venv/lib/python3.10/site-packages/airflow/example_dags/tutorial_dag.py for tasks to queue
[2024-10-21T21:13:45.130+0700] {logging_mixin.py:190} INFO - [2024-10-21T21:13:45.130+0700] {dagbag.py:588} INFO - Filling up the DagBag from /Users/punny/Documents/GitHub/NYC-Taxi-ETL-Pipeline/.venv/lib/python3.10/site-packages/airflow/example_dags/tutorial_dag.py
[2024-10-21T21:13:45.171+0700] {processor.py:925} INFO - DAG(s) 'tutorial_dag' retrieved from /Users/punny/Documents/GitHub/NYC-Taxi-ETL-Pipeline/.venv/lib/python3.10/site-packages/airflow/example_dags/tutorial_dag.py
[2024-10-21T21:13:45.397+0700] {logging_mixin.py:190} INFO - [2024-10-21T21:13:45.396+0700] {dag.py:3239} INFO - Sync 1 DAGs
[2024-10-21T21:13:45.412+0700] {logging_mixin.py:190} INFO - [2024-10-21T21:13:45.412+0700] {dag.py:4180} INFO - Setting next_dagrun for tutorial_dag to None, run_after=None
[2024-10-21T21:13:45.439+0700] {processor.py:208} INFO - Processing /Users/punny/Documents/GitHub/NYC-Taxi-ETL-Pipeline/.venv/lib/python3.10/site-packages/airflow/example_dags/tutorial_dag.py took 0.321 seconds
[2024-10-21T21:17:01.581+0700] {processor.py:186} INFO - Started process (PID=7869) to work on /Users/punny/Documents/GitHub/NYC-Taxi-ETL-Pipeline/.venv/lib/python3.10/site-packages/airflow/example_dags/tutorial_dag.py
[2024-10-21T21:17:01.593+0700] {processor.py:914} INFO - Processing file /Users/punny/Documents/GitHub/NYC-Taxi-ETL-Pipeline/.venv/lib/python3.10/site-packages/airflow/example_dags/tutorial_dag.py for tasks to queue
[2024-10-21T21:17:01.596+0700] {logging_mixin.py:190} INFO - [2024-10-21T21:17:01.595+0700] {dagbag.py:588} INFO - Filling up the DagBag from /Users/punny/Documents/GitHub/NYC-Taxi-ETL-Pipeline/.venv/lib/python3.10/site-packages/airflow/example_dags/tutorial_dag.py
[2024-10-21T21:17:01.655+0700] {processor.py:925} INFO - DAG(s) 'tutorial_dag' retrieved from /Users/punny/Documents/GitHub/NYC-Taxi-ETL-Pipeline/.venv/lib/python3.10/site-packages/airflow/example_dags/tutorial_dag.py
[2024-10-21T21:17:01.984+0700] {logging_mixin.py:190} INFO - [2024-10-21T21:17:01.984+0700] {dag.py:3239} INFO - Sync 1 DAGs
[2024-10-21T21:17:02.010+0700] {logging_mixin.py:190} INFO - [2024-10-21T21:17:02.010+0700] {dag.py:4180} INFO - Setting next_dagrun for tutorial_dag to None, run_after=None
[2024-10-21T21:17:02.060+0700] {processor.py:208} INFO - Processing /Users/punny/Documents/GitHub/NYC-Taxi-ETL-Pipeline/.venv/lib/python3.10/site-packages/airflow/example_dags/tutorial_dag.py took 0.492 seconds
[2024-10-21T21:20:09.192+0700] {processor.py:186} INFO - Started process (PID=8046) to work on /Users/punny/Documents/GitHub/NYC-Taxi-ETL-Pipeline/.venv/lib/python3.10/site-packages/airflow/example_dags/tutorial_dag.py
[2024-10-21T21:20:09.197+0700] {processor.py:914} INFO - Processing file /Users/punny/Documents/GitHub/NYC-Taxi-ETL-Pipeline/.venv/lib/python3.10/site-packages/airflow/example_dags/tutorial_dag.py for tasks to queue
[2024-10-21T21:20:09.198+0700] {logging_mixin.py:190} INFO - [2024-10-21T21:20:09.198+0700] {dagbag.py:588} INFO - Filling up the DagBag from /Users/punny/Documents/GitHub/NYC-Taxi-ETL-Pipeline/.venv/lib/python3.10/site-packages/airflow/example_dags/tutorial_dag.py
[2024-10-21T21:20:09.229+0700] {processor.py:925} INFO - DAG(s) 'tutorial_dag' retrieved from /Users/punny/Documents/GitHub/NYC-Taxi-ETL-Pipeline/.venv/lib/python3.10/site-packages/airflow/example_dags/tutorial_dag.py
[2024-10-21T21:20:09.412+0700] {logging_mixin.py:190} INFO - [2024-10-21T21:20:09.412+0700] {dag.py:3239} INFO - Sync 1 DAGs
[2024-10-21T21:20:09.425+0700] {logging_mixin.py:190} INFO - [2024-10-21T21:20:09.425+0700] {dag.py:4180} INFO - Setting next_dagrun for tutorial_dag to None, run_after=None
[2024-10-21T21:20:09.448+0700] {processor.py:208} INFO - Processing /Users/punny/Documents/GitHub/NYC-Taxi-ETL-Pipeline/.venv/lib/python3.10/site-packages/airflow/example_dags/tutorial_dag.py took 0.263 seconds
[2024-10-21T21:22:59.607+0700] {processor.py:186} INFO - Started process (PID=8240) to work on /Users/punny/Documents/GitHub/NYC-Taxi-ETL-Pipeline/.venv/lib/python3.10/site-packages/airflow/example_dags/tutorial_dag.py
[2024-10-21T21:22:59.610+0700] {processor.py:914} INFO - Processing file /Users/punny/Documents/GitHub/NYC-Taxi-ETL-Pipeline/.venv/lib/python3.10/site-packages/airflow/example_dags/tutorial_dag.py for tasks to queue
[2024-10-21T21:22:59.612+0700] {logging_mixin.py:190} INFO - [2024-10-21T21:22:59.611+0700] {dagbag.py:588} INFO - Filling up the DagBag from /Users/punny/Documents/GitHub/NYC-Taxi-ETL-Pipeline/.venv/lib/python3.10/site-packages/airflow/example_dags/tutorial_dag.py
[2024-10-21T21:22:59.645+0700] {processor.py:925} INFO - DAG(s) 'tutorial_dag' retrieved from /Users/punny/Documents/GitHub/NYC-Taxi-ETL-Pipeline/.venv/lib/python3.10/site-packages/airflow/example_dags/tutorial_dag.py
[2024-10-21T21:22:59.855+0700] {logging_mixin.py:190} INFO - [2024-10-21T21:22:59.855+0700] {dag.py:3239} INFO - Sync 1 DAGs
[2024-10-21T21:22:59.870+0700] {logging_mixin.py:190} INFO - [2024-10-21T21:22:59.870+0700] {dag.py:4180} INFO - Setting next_dagrun for tutorial_dag to None, run_after=None
[2024-10-21T21:22:59.898+0700] {processor.py:208} INFO - Processing /Users/punny/Documents/GitHub/NYC-Taxi-ETL-Pipeline/.venv/lib/python3.10/site-packages/airflow/example_dags/tutorial_dag.py took 0.300 seconds
[2024-10-21T21:26:06.267+0700] {processor.py:186} INFO - Started process (PID=8583) to work on /Users/punny/Documents/GitHub/NYC-Taxi-ETL-Pipeline/.venv/lib/python3.10/site-packages/airflow/example_dags/tutorial_dag.py
[2024-10-21T21:26:06.272+0700] {processor.py:914} INFO - Processing file /Users/punny/Documents/GitHub/NYC-Taxi-ETL-Pipeline/.venv/lib/python3.10/site-packages/airflow/example_dags/tutorial_dag.py for tasks to queue
[2024-10-21T21:26:06.273+0700] {logging_mixin.py:190} INFO - [2024-10-21T21:26:06.273+0700] {dagbag.py:588} INFO - Filling up the DagBag from /Users/punny/Documents/GitHub/NYC-Taxi-ETL-Pipeline/.venv/lib/python3.10/site-packages/airflow/example_dags/tutorial_dag.py
[2024-10-21T21:26:06.317+0700] {processor.py:925} INFO - DAG(s) 'tutorial_dag' retrieved from /Users/punny/Documents/GitHub/NYC-Taxi-ETL-Pipeline/.venv/lib/python3.10/site-packages/airflow/example_dags/tutorial_dag.py
[2024-10-21T21:26:06.740+0700] {logging_mixin.py:190} INFO - [2024-10-21T21:26:06.739+0700] {dag.py:3239} INFO - Sync 1 DAGs
[2024-10-21T21:26:06.807+0700] {logging_mixin.py:190} INFO - [2024-10-21T21:26:06.806+0700] {dag.py:4180} INFO - Setting next_dagrun for tutorial_dag to None, run_after=None
[2024-10-21T21:26:06.849+0700] {processor.py:208} INFO - Processing /Users/punny/Documents/GitHub/NYC-Taxi-ETL-Pipeline/.venv/lib/python3.10/site-packages/airflow/example_dags/tutorial_dag.py took 0.589 seconds
[2024-10-21T21:29:31.439+0700] {processor.py:186} INFO - Started process (PID=8850) to work on /Users/punny/Documents/GitHub/NYC-Taxi-ETL-Pipeline/.venv/lib/python3.10/site-packages/airflow/example_dags/tutorial_dag.py
[2024-10-21T21:29:31.441+0700] {processor.py:914} INFO - Processing file /Users/punny/Documents/GitHub/NYC-Taxi-ETL-Pipeline/.venv/lib/python3.10/site-packages/airflow/example_dags/tutorial_dag.py for tasks to queue
[2024-10-21T21:29:31.443+0700] {logging_mixin.py:190} INFO - [2024-10-21T21:29:31.442+0700] {dagbag.py:588} INFO - Filling up the DagBag from /Users/punny/Documents/GitHub/NYC-Taxi-ETL-Pipeline/.venv/lib/python3.10/site-packages/airflow/example_dags/tutorial_dag.py
[2024-10-21T21:29:31.473+0700] {processor.py:925} INFO - DAG(s) 'tutorial_dag' retrieved from /Users/punny/Documents/GitHub/NYC-Taxi-ETL-Pipeline/.venv/lib/python3.10/site-packages/airflow/example_dags/tutorial_dag.py
[2024-10-21T21:29:31.648+0700] {logging_mixin.py:190} INFO - [2024-10-21T21:29:31.647+0700] {dag.py:3239} INFO - Sync 1 DAGs
[2024-10-21T21:29:31.664+0700] {logging_mixin.py:190} INFO - [2024-10-21T21:29:31.663+0700] {dag.py:4180} INFO - Setting next_dagrun for tutorial_dag to None, run_after=None
[2024-10-21T21:29:31.693+0700] {processor.py:208} INFO - Processing /Users/punny/Documents/GitHub/NYC-Taxi-ETL-Pipeline/.venv/lib/python3.10/site-packages/airflow/example_dags/tutorial_dag.py took 0.263 seconds
[2024-10-21T21:32:22.104+0700] {processor.py:186} INFO - Started process (PID=9094) to work on /Users/punny/Documents/GitHub/NYC-Taxi-ETL-Pipeline/.venv/lib/python3.10/site-packages/airflow/example_dags/tutorial_dag.py
[2024-10-21T21:32:22.106+0700] {processor.py:914} INFO - Processing file /Users/punny/Documents/GitHub/NYC-Taxi-ETL-Pipeline/.venv/lib/python3.10/site-packages/airflow/example_dags/tutorial_dag.py for tasks to queue
[2024-10-21T21:32:22.108+0700] {logging_mixin.py:190} INFO - [2024-10-21T21:32:22.107+0700] {dagbag.py:588} INFO - Filling up the DagBag from /Users/punny/Documents/GitHub/NYC-Taxi-ETL-Pipeline/.venv/lib/python3.10/site-packages/airflow/example_dags/tutorial_dag.py
[2024-10-21T21:32:22.137+0700] {processor.py:925} INFO - DAG(s) 'tutorial_dag' retrieved from /Users/punny/Documents/GitHub/NYC-Taxi-ETL-Pipeline/.venv/lib/python3.10/site-packages/airflow/example_dags/tutorial_dag.py
[2024-10-21T21:32:22.329+0700] {logging_mixin.py:190} INFO - [2024-10-21T21:32:22.329+0700] {dag.py:3239} INFO - Sync 1 DAGs
[2024-10-21T21:32:22.343+0700] {logging_mixin.py:190} INFO - [2024-10-21T21:32:22.342+0700] {dag.py:4180} INFO - Setting next_dagrun for tutorial_dag to None, run_after=None
[2024-10-21T21:32:22.369+0700] {processor.py:208} INFO - Processing /Users/punny/Documents/GitHub/NYC-Taxi-ETL-Pipeline/.venv/lib/python3.10/site-packages/airflow/example_dags/tutorial_dag.py took 0.273 seconds
[2024-10-21T21:35:19.123+0700] {processor.py:186} INFO - Started process (PID=9299) to work on /Users/punny/Documents/GitHub/NYC-Taxi-ETL-Pipeline/.venv/lib/python3.10/site-packages/airflow/example_dags/tutorial_dag.py
[2024-10-21T21:35:19.127+0700] {processor.py:914} INFO - Processing file /Users/punny/Documents/GitHub/NYC-Taxi-ETL-Pipeline/.venv/lib/python3.10/site-packages/airflow/example_dags/tutorial_dag.py for tasks to queue
[2024-10-21T21:35:19.129+0700] {logging_mixin.py:190} INFO - [2024-10-21T21:35:19.128+0700] {dagbag.py:588} INFO - Filling up the DagBag from /Users/punny/Documents/GitHub/NYC-Taxi-ETL-Pipeline/.venv/lib/python3.10/site-packages/airflow/example_dags/tutorial_dag.py
[2024-10-21T21:35:19.161+0700] {processor.py:925} INFO - DAG(s) 'tutorial_dag' retrieved from /Users/punny/Documents/GitHub/NYC-Taxi-ETL-Pipeline/.venv/lib/python3.10/site-packages/airflow/example_dags/tutorial_dag.py
[2024-10-21T21:35:19.397+0700] {logging_mixin.py:190} INFO - [2024-10-21T21:35:19.396+0700] {dag.py:3239} INFO - Sync 1 DAGs
[2024-10-21T21:35:19.417+0700] {logging_mixin.py:190} INFO - [2024-10-21T21:35:19.417+0700] {dag.py:4180} INFO - Setting next_dagrun for tutorial_dag to None, run_after=None
[2024-10-21T21:35:19.446+0700] {processor.py:208} INFO - Processing /Users/punny/Documents/GitHub/NYC-Taxi-ETL-Pipeline/.venv/lib/python3.10/site-packages/airflow/example_dags/tutorial_dag.py took 0.331 seconds
[2024-10-21T21:38:15.959+0700] {processor.py:186} INFO - Started process (PID=9579) to work on /Users/punny/Documents/GitHub/NYC-Taxi-ETL-Pipeline/.venv/lib/python3.10/site-packages/airflow/example_dags/tutorial_dag.py
[2024-10-21T21:38:15.962+0700] {processor.py:914} INFO - Processing file /Users/punny/Documents/GitHub/NYC-Taxi-ETL-Pipeline/.venv/lib/python3.10/site-packages/airflow/example_dags/tutorial_dag.py for tasks to queue
[2024-10-21T21:38:15.963+0700] {logging_mixin.py:190} INFO - [2024-10-21T21:38:15.963+0700] {dagbag.py:588} INFO - Filling up the DagBag from /Users/punny/Documents/GitHub/NYC-Taxi-ETL-Pipeline/.venv/lib/python3.10/site-packages/airflow/example_dags/tutorial_dag.py
[2024-10-21T21:38:15.992+0700] {processor.py:925} INFO - DAG(s) 'tutorial_dag' retrieved from /Users/punny/Documents/GitHub/NYC-Taxi-ETL-Pipeline/.venv/lib/python3.10/site-packages/airflow/example_dags/tutorial_dag.py
[2024-10-21T21:38:16.169+0700] {logging_mixin.py:190} INFO - [2024-10-21T21:38:16.169+0700] {dag.py:3239} INFO - Sync 1 DAGs
[2024-10-21T21:38:16.188+0700] {logging_mixin.py:190} INFO - [2024-10-21T21:38:16.188+0700] {dag.py:4180} INFO - Setting next_dagrun for tutorial_dag to None, run_after=None
[2024-10-21T21:38:16.228+0700] {processor.py:208} INFO - Processing /Users/punny/Documents/GitHub/NYC-Taxi-ETL-Pipeline/.venv/lib/python3.10/site-packages/airflow/example_dags/tutorial_dag.py took 0.278 seconds
[2024-10-21T21:42:25.545+0700] {processor.py:186} INFO - Started process (PID=9974) to work on /Users/punny/Documents/GitHub/NYC-Taxi-ETL-Pipeline/.venv/lib/python3.10/site-packages/airflow/example_dags/tutorial_dag.py
[2024-10-21T21:42:25.549+0700] {processor.py:914} INFO - Processing file /Users/punny/Documents/GitHub/NYC-Taxi-ETL-Pipeline/.venv/lib/python3.10/site-packages/airflow/example_dags/tutorial_dag.py for tasks to queue
[2024-10-21T21:42:25.550+0700] {logging_mixin.py:190} INFO - [2024-10-21T21:42:25.549+0700] {dagbag.py:588} INFO - Filling up the DagBag from /Users/punny/Documents/GitHub/NYC-Taxi-ETL-Pipeline/.venv/lib/python3.10/site-packages/airflow/example_dags/tutorial_dag.py
[2024-10-21T21:42:25.579+0700] {processor.py:925} INFO - DAG(s) 'tutorial_dag' retrieved from /Users/punny/Documents/GitHub/NYC-Taxi-ETL-Pipeline/.venv/lib/python3.10/site-packages/airflow/example_dags/tutorial_dag.py
[2024-10-21T21:42:25.755+0700] {logging_mixin.py:190} INFO - [2024-10-21T21:42:25.754+0700] {dag.py:3239} INFO - Sync 1 DAGs
[2024-10-21T21:42:25.768+0700] {logging_mixin.py:190} INFO - [2024-10-21T21:42:25.767+0700] {dag.py:4180} INFO - Setting next_dagrun for tutorial_dag to None, run_after=None
[2024-10-21T21:42:25.790+0700] {processor.py:208} INFO - Processing /Users/punny/Documents/GitHub/NYC-Taxi-ETL-Pipeline/.venv/lib/python3.10/site-packages/airflow/example_dags/tutorial_dag.py took 0.252 seconds
[2024-10-21T21:46:08.215+0700] {processor.py:186} INFO - Started process (PID=10395) to work on /Users/punny/Documents/GitHub/NYC-Taxi-ETL-Pipeline/.venv/lib/python3.10/site-packages/airflow/example_dags/tutorial_dag.py
[2024-10-21T21:46:08.218+0700] {processor.py:914} INFO - Processing file /Users/punny/Documents/GitHub/NYC-Taxi-ETL-Pipeline/.venv/lib/python3.10/site-packages/airflow/example_dags/tutorial_dag.py for tasks to queue
[2024-10-21T21:46:08.220+0700] {logging_mixin.py:190} INFO - [2024-10-21T21:46:08.220+0700] {dagbag.py:588} INFO - Filling up the DagBag from /Users/punny/Documents/GitHub/NYC-Taxi-ETL-Pipeline/.venv/lib/python3.10/site-packages/airflow/example_dags/tutorial_dag.py
[2024-10-21T21:46:08.250+0700] {processor.py:925} INFO - DAG(s) 'tutorial_dag' retrieved from /Users/punny/Documents/GitHub/NYC-Taxi-ETL-Pipeline/.venv/lib/python3.10/site-packages/airflow/example_dags/tutorial_dag.py
[2024-10-21T21:46:08.426+0700] {logging_mixin.py:190} INFO - [2024-10-21T21:46:08.426+0700] {dag.py:3239} INFO - Sync 1 DAGs
[2024-10-21T21:46:08.439+0700] {logging_mixin.py:190} INFO - [2024-10-21T21:46:08.439+0700] {dag.py:4180} INFO - Setting next_dagrun for tutorial_dag to None, run_after=None
[2024-10-21T21:46:08.461+0700] {processor.py:208} INFO - Processing /Users/punny/Documents/GitHub/NYC-Taxi-ETL-Pipeline/.venv/lib/python3.10/site-packages/airflow/example_dags/tutorial_dag.py took 0.253 seconds
[2024-10-21T21:49:06.970+0700] {processor.py:186} INFO - Started process (PID=10602) to work on /Users/punny/Documents/GitHub/NYC-Taxi-ETL-Pipeline/.venv/lib/python3.10/site-packages/airflow/example_dags/tutorial_dag.py
[2024-10-21T21:49:06.974+0700] {processor.py:914} INFO - Processing file /Users/punny/Documents/GitHub/NYC-Taxi-ETL-Pipeline/.venv/lib/python3.10/site-packages/airflow/example_dags/tutorial_dag.py for tasks to queue
[2024-10-21T21:49:06.975+0700] {logging_mixin.py:190} INFO - [2024-10-21T21:49:06.975+0700] {dagbag.py:588} INFO - Filling up the DagBag from /Users/punny/Documents/GitHub/NYC-Taxi-ETL-Pipeline/.venv/lib/python3.10/site-packages/airflow/example_dags/tutorial_dag.py
[2024-10-21T21:49:07.005+0700] {processor.py:925} INFO - DAG(s) 'tutorial_dag' retrieved from /Users/punny/Documents/GitHub/NYC-Taxi-ETL-Pipeline/.venv/lib/python3.10/site-packages/airflow/example_dags/tutorial_dag.py
[2024-10-21T21:49:07.195+0700] {logging_mixin.py:190} INFO - [2024-10-21T21:49:07.194+0700] {dag.py:3239} INFO - Sync 1 DAGs
[2024-10-21T21:49:07.208+0700] {logging_mixin.py:190} INFO - [2024-10-21T21:49:07.208+0700] {dag.py:4180} INFO - Setting next_dagrun for tutorial_dag to None, run_after=None
[2024-10-21T21:49:07.232+0700] {processor.py:208} INFO - Processing /Users/punny/Documents/GitHub/NYC-Taxi-ETL-Pipeline/.venv/lib/python3.10/site-packages/airflow/example_dags/tutorial_dag.py took 0.271 seconds
[2024-10-21T21:50:36.561+0700] {processor.py:186} INFO - Started process (PID=10722) to work on /Users/punny/Documents/GitHub/NYC-Taxi-ETL-Pipeline/.venv/lib/python3.10/site-packages/airflow/example_dags/tutorial_dag.py
[2024-10-21T21:50:36.564+0700] {processor.py:914} INFO - Processing file /Users/punny/Documents/GitHub/NYC-Taxi-ETL-Pipeline/.venv/lib/python3.10/site-packages/airflow/example_dags/tutorial_dag.py for tasks to queue
[2024-10-21T21:50:36.565+0700] {logging_mixin.py:190} INFO - [2024-10-21T21:50:36.565+0700] {dagbag.py:588} INFO - Filling up the DagBag from /Users/punny/Documents/GitHub/NYC-Taxi-ETL-Pipeline/.venv/lib/python3.10/site-packages/airflow/example_dags/tutorial_dag.py
[2024-10-21T21:50:36.602+0700] {processor.py:925} INFO - DAG(s) 'tutorial_dag' retrieved from /Users/punny/Documents/GitHub/NYC-Taxi-ETL-Pipeline/.venv/lib/python3.10/site-packages/airflow/example_dags/tutorial_dag.py
[2024-10-21T21:50:36.779+0700] {logging_mixin.py:190} INFO - [2024-10-21T21:50:36.779+0700] {dag.py:3239} INFO - Sync 1 DAGs
[2024-10-21T21:50:36.792+0700] {logging_mixin.py:190} INFO - [2024-10-21T21:50:36.791+0700] {dag.py:4180} INFO - Setting next_dagrun for tutorial_dag to None, run_after=None
[2024-10-21T21:50:36.814+0700] {processor.py:208} INFO - Processing /Users/punny/Documents/GitHub/NYC-Taxi-ETL-Pipeline/.venv/lib/python3.10/site-packages/airflow/example_dags/tutorial_dag.py took 0.260 seconds
[2024-10-21T21:54:18.712+0700] {processor.py:186} INFO - Started process (PID=11011) to work on /Users/punny/Documents/GitHub/NYC-Taxi-ETL-Pipeline/.venv/lib/python3.10/site-packages/airflow/example_dags/tutorial_dag.py
[2024-10-21T21:54:18.715+0700] {processor.py:914} INFO - Processing file /Users/punny/Documents/GitHub/NYC-Taxi-ETL-Pipeline/.venv/lib/python3.10/site-packages/airflow/example_dags/tutorial_dag.py for tasks to queue
[2024-10-21T21:54:18.716+0700] {logging_mixin.py:190} INFO - [2024-10-21T21:54:18.716+0700] {dagbag.py:588} INFO - Filling up the DagBag from /Users/punny/Documents/GitHub/NYC-Taxi-ETL-Pipeline/.venv/lib/python3.10/site-packages/airflow/example_dags/tutorial_dag.py
[2024-10-21T21:54:18.747+0700] {processor.py:925} INFO - DAG(s) 'tutorial_dag' retrieved from /Users/punny/Documents/GitHub/NYC-Taxi-ETL-Pipeline/.venv/lib/python3.10/site-packages/airflow/example_dags/tutorial_dag.py
[2024-10-21T21:54:18.929+0700] {logging_mixin.py:190} INFO - [2024-10-21T21:54:18.928+0700] {dag.py:3239} INFO - Sync 1 DAGs
[2024-10-21T21:54:18.942+0700] {logging_mixin.py:190} INFO - [2024-10-21T21:54:18.942+0700] {dag.py:4180} INFO - Setting next_dagrun for tutorial_dag to None, run_after=None
[2024-10-21T21:54:18.965+0700] {processor.py:208} INFO - Processing /Users/punny/Documents/GitHub/NYC-Taxi-ETL-Pipeline/.venv/lib/python3.10/site-packages/airflow/example_dags/tutorial_dag.py took 0.259 seconds
[2024-10-21T21:58:27.750+0700] {processor.py:186} INFO - Started process (PID=11592) to work on /Users/punny/Documents/GitHub/NYC-Taxi-ETL-Pipeline/.venv/lib/python3.10/site-packages/airflow/example_dags/tutorial_dag.py
[2024-10-21T21:58:27.753+0700] {processor.py:914} INFO - Processing file /Users/punny/Documents/GitHub/NYC-Taxi-ETL-Pipeline/.venv/lib/python3.10/site-packages/airflow/example_dags/tutorial_dag.py for tasks to queue
[2024-10-21T21:58:27.754+0700] {logging_mixin.py:190} INFO - [2024-10-21T21:58:27.754+0700] {dagbag.py:588} INFO - Filling up the DagBag from /Users/punny/Documents/GitHub/NYC-Taxi-ETL-Pipeline/.venv/lib/python3.10/site-packages/airflow/example_dags/tutorial_dag.py
[2024-10-21T21:58:27.784+0700] {processor.py:925} INFO - DAG(s) 'tutorial_dag' retrieved from /Users/punny/Documents/GitHub/NYC-Taxi-ETL-Pipeline/.venv/lib/python3.10/site-packages/airflow/example_dags/tutorial_dag.py
[2024-10-21T21:58:27.983+0700] {logging_mixin.py:190} INFO - [2024-10-21T21:58:27.982+0700] {dag.py:3239} INFO - Sync 1 DAGs
[2024-10-21T21:58:27.996+0700] {logging_mixin.py:190} INFO - [2024-10-21T21:58:27.996+0700] {dag.py:4180} INFO - Setting next_dagrun for tutorial_dag to None, run_after=None
[2024-10-21T21:58:28.031+0700] {processor.py:208} INFO - Processing /Users/punny/Documents/GitHub/NYC-Taxi-ETL-Pipeline/.venv/lib/python3.10/site-packages/airflow/example_dags/tutorial_dag.py took 0.291 seconds
[2024-10-21T22:16:00.784+0700] {processor.py:186} INFO - Started process (PID=11997) to work on /Users/punny/Documents/GitHub/NYC-Taxi-ETL-Pipeline/.venv/lib/python3.10/site-packages/airflow/example_dags/tutorial_dag.py
[2024-10-21T22:16:00.788+0700] {processor.py:914} INFO - Processing file /Users/punny/Documents/GitHub/NYC-Taxi-ETL-Pipeline/.venv/lib/python3.10/site-packages/airflow/example_dags/tutorial_dag.py for tasks to queue
[2024-10-21T22:16:00.789+0700] {logging_mixin.py:190} INFO - [2024-10-21T22:16:00.789+0700] {dagbag.py:588} INFO - Filling up the DagBag from /Users/punny/Documents/GitHub/NYC-Taxi-ETL-Pipeline/.venv/lib/python3.10/site-packages/airflow/example_dags/tutorial_dag.py
[2024-10-21T22:16:00.820+0700] {processor.py:925} INFO - DAG(s) 'tutorial_dag' retrieved from /Users/punny/Documents/GitHub/NYC-Taxi-ETL-Pipeline/.venv/lib/python3.10/site-packages/airflow/example_dags/tutorial_dag.py
[2024-10-21T22:16:01.017+0700] {logging_mixin.py:190} INFO - [2024-10-21T22:16:01.016+0700] {dag.py:3239} INFO - Sync 1 DAGs
[2024-10-21T22:16:01.031+0700] {logging_mixin.py:190} INFO - [2024-10-21T22:16:01.030+0700] {dag.py:4180} INFO - Setting next_dagrun for tutorial_dag to None, run_after=None
[2024-10-21T22:16:01.054+0700] {processor.py:208} INFO - Processing /Users/punny/Documents/GitHub/NYC-Taxi-ETL-Pipeline/.venv/lib/python3.10/site-packages/airflow/example_dags/tutorial_dag.py took 0.279 seconds
[2024-10-21T22:18:56.237+0700] {processor.py:186} INFO - Started process (PID=12300) to work on /Users/punny/Documents/GitHub/NYC-Taxi-ETL-Pipeline/.venv/lib/python3.10/site-packages/airflow/example_dags/tutorial_dag.py
[2024-10-21T22:18:56.241+0700] {processor.py:914} INFO - Processing file /Users/punny/Documents/GitHub/NYC-Taxi-ETL-Pipeline/.venv/lib/python3.10/site-packages/airflow/example_dags/tutorial_dag.py for tasks to queue
[2024-10-21T22:18:56.242+0700] {logging_mixin.py:190} INFO - [2024-10-21T22:18:56.242+0700] {dagbag.py:588} INFO - Filling up the DagBag from /Users/punny/Documents/GitHub/NYC-Taxi-ETL-Pipeline/.venv/lib/python3.10/site-packages/airflow/example_dags/tutorial_dag.py
[2024-10-21T22:18:56.271+0700] {processor.py:925} INFO - DAG(s) 'tutorial_dag' retrieved from /Users/punny/Documents/GitHub/NYC-Taxi-ETL-Pipeline/.venv/lib/python3.10/site-packages/airflow/example_dags/tutorial_dag.py
[2024-10-21T22:18:56.446+0700] {logging_mixin.py:190} INFO - [2024-10-21T22:18:56.445+0700] {dag.py:3239} INFO - Sync 1 DAGs
[2024-10-21T22:18:56.459+0700] {logging_mixin.py:190} INFO - [2024-10-21T22:18:56.459+0700] {dag.py:4180} INFO - Setting next_dagrun for tutorial_dag to None, run_after=None
[2024-10-21T22:18:56.483+0700] {processor.py:208} INFO - Processing /Users/punny/Documents/GitHub/NYC-Taxi-ETL-Pipeline/.venv/lib/python3.10/site-packages/airflow/example_dags/tutorial_dag.py took 0.255 seconds
[2024-10-21T22:23:43.382+0700] {processor.py:186} INFO - Started process (PID=13048) to work on /Users/punny/Documents/GitHub/NYC-Taxi-ETL-Pipeline/.venv/lib/python3.10/site-packages/airflow/example_dags/tutorial_dag.py
[2024-10-21T22:23:43.385+0700] {processor.py:914} INFO - Processing file /Users/punny/Documents/GitHub/NYC-Taxi-ETL-Pipeline/.venv/lib/python3.10/site-packages/airflow/example_dags/tutorial_dag.py for tasks to queue
[2024-10-21T22:23:43.386+0700] {logging_mixin.py:190} INFO - [2024-10-21T22:23:43.386+0700] {dagbag.py:588} INFO - Filling up the DagBag from /Users/punny/Documents/GitHub/NYC-Taxi-ETL-Pipeline/.venv/lib/python3.10/site-packages/airflow/example_dags/tutorial_dag.py
[2024-10-21T22:23:43.416+0700] {processor.py:925} INFO - DAG(s) 'tutorial_dag' retrieved from /Users/punny/Documents/GitHub/NYC-Taxi-ETL-Pipeline/.venv/lib/python3.10/site-packages/airflow/example_dags/tutorial_dag.py
[2024-10-21T22:23:43.593+0700] {logging_mixin.py:190} INFO - [2024-10-21T22:23:43.593+0700] {dag.py:3239} INFO - Sync 1 DAGs
[2024-10-21T22:23:43.607+0700] {logging_mixin.py:190} INFO - [2024-10-21T22:23:43.607+0700] {dag.py:4180} INFO - Setting next_dagrun for tutorial_dag to None, run_after=None
[2024-10-21T22:23:43.630+0700] {processor.py:208} INFO - Processing /Users/punny/Documents/GitHub/NYC-Taxi-ETL-Pipeline/.venv/lib/python3.10/site-packages/airflow/example_dags/tutorial_dag.py took 0.253 seconds
[2024-10-21T22:27:55.358+0700] {processor.py:186} INFO - Started process (PID=13456) to work on /Users/punny/Documents/GitHub/NYC-Taxi-ETL-Pipeline/.venv/lib/python3.10/site-packages/airflow/example_dags/tutorial_dag.py
[2024-10-21T22:27:55.362+0700] {processor.py:914} INFO - Processing file /Users/punny/Documents/GitHub/NYC-Taxi-ETL-Pipeline/.venv/lib/python3.10/site-packages/airflow/example_dags/tutorial_dag.py for tasks to queue
[2024-10-21T22:27:55.363+0700] {logging_mixin.py:190} INFO - [2024-10-21T22:27:55.363+0700] {dagbag.py:588} INFO - Filling up the DagBag from /Users/punny/Documents/GitHub/NYC-Taxi-ETL-Pipeline/.venv/lib/python3.10/site-packages/airflow/example_dags/tutorial_dag.py
[2024-10-21T22:27:55.396+0700] {processor.py:925} INFO - DAG(s) 'tutorial_dag' retrieved from /Users/punny/Documents/GitHub/NYC-Taxi-ETL-Pipeline/.venv/lib/python3.10/site-packages/airflow/example_dags/tutorial_dag.py
[2024-10-21T22:27:55.588+0700] {logging_mixin.py:190} INFO - [2024-10-21T22:27:55.587+0700] {dag.py:3239} INFO - Sync 1 DAGs
[2024-10-21T22:27:55.603+0700] {logging_mixin.py:190} INFO - [2024-10-21T22:27:55.603+0700] {dag.py:4180} INFO - Setting next_dagrun for tutorial_dag to None, run_after=None
[2024-10-21T22:27:55.628+0700] {processor.py:208} INFO - Processing /Users/punny/Documents/GitHub/NYC-Taxi-ETL-Pipeline/.venv/lib/python3.10/site-packages/airflow/example_dags/tutorial_dag.py took 0.278 seconds
[2024-10-21T22:30:52.108+0700] {processor.py:186} INFO - Started process (PID=13680) to work on /Users/punny/Documents/GitHub/NYC-Taxi-ETL-Pipeline/.venv/lib/python3.10/site-packages/airflow/example_dags/tutorial_dag.py
[2024-10-21T22:30:52.111+0700] {processor.py:914} INFO - Processing file /Users/punny/Documents/GitHub/NYC-Taxi-ETL-Pipeline/.venv/lib/python3.10/site-packages/airflow/example_dags/tutorial_dag.py for tasks to queue
[2024-10-21T22:30:52.112+0700] {logging_mixin.py:190} INFO - [2024-10-21T22:30:52.112+0700] {dagbag.py:588} INFO - Filling up the DagBag from /Users/punny/Documents/GitHub/NYC-Taxi-ETL-Pipeline/.venv/lib/python3.10/site-packages/airflow/example_dags/tutorial_dag.py
[2024-10-21T22:30:52.140+0700] {processor.py:925} INFO - DAG(s) 'tutorial_dag' retrieved from /Users/punny/Documents/GitHub/NYC-Taxi-ETL-Pipeline/.venv/lib/python3.10/site-packages/airflow/example_dags/tutorial_dag.py
[2024-10-21T22:30:52.321+0700] {logging_mixin.py:190} INFO - [2024-10-21T22:30:52.321+0700] {dag.py:3239} INFO - Sync 1 DAGs
[2024-10-21T22:30:52.334+0700] {logging_mixin.py:190} INFO - [2024-10-21T22:30:52.333+0700] {dag.py:4180} INFO - Setting next_dagrun for tutorial_dag to None, run_after=None
[2024-10-21T22:30:52.357+0700] {processor.py:208} INFO - Processing /Users/punny/Documents/GitHub/NYC-Taxi-ETL-Pipeline/.venv/lib/python3.10/site-packages/airflow/example_dags/tutorial_dag.py took 0.257 seconds
[2024-10-21T22:33:48.987+0700] {processor.py:186} INFO - Started process (PID=13859) to work on /Users/punny/Documents/GitHub/NYC-Taxi-ETL-Pipeline/.venv/lib/python3.10/site-packages/airflow/example_dags/tutorial_dag.py
[2024-10-21T22:33:48.991+0700] {processor.py:914} INFO - Processing file /Users/punny/Documents/GitHub/NYC-Taxi-ETL-Pipeline/.venv/lib/python3.10/site-packages/airflow/example_dags/tutorial_dag.py for tasks to queue
[2024-10-21T22:33:48.994+0700] {logging_mixin.py:190} INFO - [2024-10-21T22:33:48.992+0700] {dagbag.py:588} INFO - Filling up the DagBag from /Users/punny/Documents/GitHub/NYC-Taxi-ETL-Pipeline/.venv/lib/python3.10/site-packages/airflow/example_dags/tutorial_dag.py
[2024-10-21T22:33:49.032+0700] {processor.py:925} INFO - DAG(s) 'tutorial_dag' retrieved from /Users/punny/Documents/GitHub/NYC-Taxi-ETL-Pipeline/.venv/lib/python3.10/site-packages/airflow/example_dags/tutorial_dag.py
[2024-10-21T22:33:49.261+0700] {logging_mixin.py:190} INFO - [2024-10-21T22:33:49.260+0700] {dag.py:3239} INFO - Sync 1 DAGs
[2024-10-22T07:22:00.539+0700] {logging_mixin.py:190} INFO - [2024-10-22T07:22:00.538+0700] {dag.py:4180} INFO - Setting next_dagrun for tutorial_dag to None, run_after=None
[2024-10-22T07:22:01.500+0700] {processor.py:208} INFO - Processing /Users/punny/Documents/GitHub/NYC-Taxi-ETL-Pipeline/.venv/lib/python3.10/site-packages/airflow/example_dags/tutorial_dag.py took 2.796 seconds
