[2024-10-21T13:41:26.216+0700] {processor.py:186} INFO - Started process (PID=34787) to work on /Users/punny/Documents/GitHub/NYC-Taxi-ETL-Pipeline/.venv/lib/python3.10/site-packages/airflow/example_dags/tutorial_taskflow_api.py
[2024-10-21T13:41:26.223+0700] {processor.py:914} INFO - Processing file /Users/punny/Documents/GitHub/NYC-Taxi-ETL-Pipeline/.venv/lib/python3.10/site-packages/airflow/example_dags/tutorial_taskflow_api.py for tasks to queue
[2024-10-21T13:41:26.226+0700] {logging_mixin.py:190} INFO - [2024-10-21T13:41:26.225+0700] {dagbag.py:588} INFO - Filling up the DagBag from /Users/punny/Documents/GitHub/NYC-Taxi-ETL-Pipeline/.venv/lib/python3.10/site-packages/airflow/example_dags/tutorial_taskflow_api.py
[2024-10-21T13:41:26.385+0700] {processor.py:925} INFO - DAG(s) 'tutorial_taskflow_api' retrieved from /Users/punny/Documents/GitHub/NYC-Taxi-ETL-Pipeline/.venv/lib/python3.10/site-packages/airflow/example_dags/tutorial_taskflow_api.py
[2024-10-21T13:41:27.040+0700] {logging_mixin.py:190} INFO - [2024-10-21T13:41:27.039+0700] {dag.py:3239} INFO - Sync 1 DAGs
[2024-10-21T13:41:27.060+0700] {logging_mixin.py:190} INFO - [2024-10-21T13:41:27.060+0700] {dag.py:4180} INFO - Setting next_dagrun for tutorial_taskflow_api to None, run_after=None
[2024-10-21T13:41:27.110+0700] {processor.py:208} INFO - Processing /Users/punny/Documents/GitHub/NYC-Taxi-ETL-Pipeline/.venv/lib/python3.10/site-packages/airflow/example_dags/tutorial_taskflow_api.py took 0.909 seconds
[2024-10-21T14:39:29.384+0700] {processor.py:186} INFO - Started process (PID=35573) to work on /Users/punny/Documents/GitHub/NYC-Taxi-ETL-Pipeline/.venv/lib/python3.10/site-packages/airflow/example_dags/tutorial_taskflow_api.py
[2024-10-21T14:39:29.390+0700] {processor.py:914} INFO - Processing file /Users/punny/Documents/GitHub/NYC-Taxi-ETL-Pipeline/.venv/lib/python3.10/site-packages/airflow/example_dags/tutorial_taskflow_api.py for tasks to queue
[2024-10-21T14:39:29.392+0700] {logging_mixin.py:190} INFO - [2024-10-21T14:39:29.392+0700] {dagbag.py:588} INFO - Filling up the DagBag from /Users/punny/Documents/GitHub/NYC-Taxi-ETL-Pipeline/.venv/lib/python3.10/site-packages/airflow/example_dags/tutorial_taskflow_api.py
[2024-10-21T14:39:29.499+0700] {processor.py:925} INFO - DAG(s) 'tutorial_taskflow_api' retrieved from /Users/punny/Documents/GitHub/NYC-Taxi-ETL-Pipeline/.venv/lib/python3.10/site-packages/airflow/example_dags/tutorial_taskflow_api.py
[2024-10-21T14:39:29.864+0700] {logging_mixin.py:190} INFO - [2024-10-21T14:39:29.863+0700] {dag.py:3239} INFO - Sync 1 DAGs
[2024-10-21T14:39:29.890+0700] {logging_mixin.py:190} INFO - [2024-10-21T14:39:29.889+0700] {dag.py:4180} INFO - Setting next_dagrun for tutorial_taskflow_api to None, run_after=None
[2024-10-21T14:39:29.927+0700] {processor.py:208} INFO - Processing /Users/punny/Documents/GitHub/NYC-Taxi-ETL-Pipeline/.venv/lib/python3.10/site-packages/airflow/example_dags/tutorial_taskflow_api.py took 0.554 seconds
[2024-10-21T14:50:50.987+0700] {processor.py:186} INFO - Started process (PID=36315) to work on /Users/punny/Documents/GitHub/NYC-Taxi-ETL-Pipeline/.venv/lib/python3.10/site-packages/airflow/example_dags/tutorial_taskflow_api.py
[2024-10-21T14:50:50.990+0700] {processor.py:914} INFO - Processing file /Users/punny/Documents/GitHub/NYC-Taxi-ETL-Pipeline/.venv/lib/python3.10/site-packages/airflow/example_dags/tutorial_taskflow_api.py for tasks to queue
[2024-10-21T14:50:50.991+0700] {logging_mixin.py:190} INFO - [2024-10-21T14:50:50.991+0700] {dagbag.py:588} INFO - Filling up the DagBag from /Users/punny/Documents/GitHub/NYC-Taxi-ETL-Pipeline/.venv/lib/python3.10/site-packages/airflow/example_dags/tutorial_taskflow_api.py
[2024-10-21T14:50:51.033+0700] {processor.py:925} INFO - DAG(s) 'tutorial_taskflow_api' retrieved from /Users/punny/Documents/GitHub/NYC-Taxi-ETL-Pipeline/.venv/lib/python3.10/site-packages/airflow/example_dags/tutorial_taskflow_api.py
[2024-10-21T14:50:51.223+0700] {logging_mixin.py:190} INFO - [2024-10-21T14:50:51.222+0700] {dag.py:3239} INFO - Sync 1 DAGs
[2024-10-21T14:50:51.237+0700] {logging_mixin.py:190} INFO - [2024-10-21T14:50:51.237+0700] {dag.py:4180} INFO - Setting next_dagrun for tutorial_taskflow_api to None, run_after=None
[2024-10-21T14:50:51.259+0700] {processor.py:208} INFO - Processing /Users/punny/Documents/GitHub/NYC-Taxi-ETL-Pipeline/.venv/lib/python3.10/site-packages/airflow/example_dags/tutorial_taskflow_api.py took 0.281 seconds
[2024-10-21T14:54:31.605+0700] {processor.py:186} INFO - Started process (PID=36860) to work on /Users/punny/Documents/GitHub/NYC-Taxi-ETL-Pipeline/.venv/lib/python3.10/site-packages/airflow/example_dags/tutorial_taskflow_api.py
[2024-10-21T14:54:31.608+0700] {processor.py:914} INFO - Processing file /Users/punny/Documents/GitHub/NYC-Taxi-ETL-Pipeline/.venv/lib/python3.10/site-packages/airflow/example_dags/tutorial_taskflow_api.py for tasks to queue
[2024-10-21T14:54:31.610+0700] {logging_mixin.py:190} INFO - [2024-10-21T14:54:31.609+0700] {dagbag.py:588} INFO - Filling up the DagBag from /Users/punny/Documents/GitHub/NYC-Taxi-ETL-Pipeline/.venv/lib/python3.10/site-packages/airflow/example_dags/tutorial_taskflow_api.py
[2024-10-21T14:54:31.656+0700] {processor.py:925} INFO - DAG(s) 'tutorial_taskflow_api' retrieved from /Users/punny/Documents/GitHub/NYC-Taxi-ETL-Pipeline/.venv/lib/python3.10/site-packages/airflow/example_dags/tutorial_taskflow_api.py
[2024-10-21T14:54:31.895+0700] {logging_mixin.py:190} INFO - [2024-10-21T14:54:31.894+0700] {dag.py:3239} INFO - Sync 1 DAGs
[2024-10-21T14:54:31.913+0700] {logging_mixin.py:190} INFO - [2024-10-21T14:54:31.913+0700] {dag.py:4180} INFO - Setting next_dagrun for tutorial_taskflow_api to None, run_after=None
[2024-10-21T14:54:31.938+0700] {processor.py:208} INFO - Processing /Users/punny/Documents/GitHub/NYC-Taxi-ETL-Pipeline/.venv/lib/python3.10/site-packages/airflow/example_dags/tutorial_taskflow_api.py took 0.343 seconds
[2024-10-21T14:59:01.987+0700] {processor.py:186} INFO - Started process (PID=37543) to work on /Users/punny/Documents/GitHub/NYC-Taxi-ETL-Pipeline/.venv/lib/python3.10/site-packages/airflow/example_dags/tutorial_taskflow_api.py
[2024-10-21T14:59:01.991+0700] {processor.py:914} INFO - Processing file /Users/punny/Documents/GitHub/NYC-Taxi-ETL-Pipeline/.venv/lib/python3.10/site-packages/airflow/example_dags/tutorial_taskflow_api.py for tasks to queue
[2024-10-21T14:59:01.993+0700] {logging_mixin.py:190} INFO - [2024-10-21T14:59:01.992+0700] {dagbag.py:588} INFO - Filling up the DagBag from /Users/punny/Documents/GitHub/NYC-Taxi-ETL-Pipeline/.venv/lib/python3.10/site-packages/airflow/example_dags/tutorial_taskflow_api.py
[2024-10-21T14:59:02.058+0700] {processor.py:925} INFO - DAG(s) 'tutorial_taskflow_api' retrieved from /Users/punny/Documents/GitHub/NYC-Taxi-ETL-Pipeline/.venv/lib/python3.10/site-packages/airflow/example_dags/tutorial_taskflow_api.py
[2024-10-21T14:59:02.306+0700] {logging_mixin.py:190} INFO - [2024-10-21T14:59:02.306+0700] {dag.py:3239} INFO - Sync 1 DAGs
[2024-10-21T14:59:02.325+0700] {logging_mixin.py:190} INFO - [2024-10-21T14:59:02.325+0700] {dag.py:4180} INFO - Setting next_dagrun for tutorial_taskflow_api to None, run_after=None
[2024-10-21T14:59:02.352+0700] {processor.py:208} INFO - Processing /Users/punny/Documents/GitHub/NYC-Taxi-ETL-Pipeline/.venv/lib/python3.10/site-packages/airflow/example_dags/tutorial_taskflow_api.py took 0.373 seconds
[2024-10-21T15:04:41.346+0700] {processor.py:186} INFO - Started process (PID=38351) to work on /Users/punny/Documents/GitHub/NYC-Taxi-ETL-Pipeline/.venv/lib/python3.10/site-packages/airflow/example_dags/tutorial_taskflow_api.py
[2024-10-21T15:04:41.351+0700] {processor.py:914} INFO - Processing file /Users/punny/Documents/GitHub/NYC-Taxi-ETL-Pipeline/.venv/lib/python3.10/site-packages/airflow/example_dags/tutorial_taskflow_api.py for tasks to queue
[2024-10-21T15:04:41.353+0700] {logging_mixin.py:190} INFO - [2024-10-21T15:04:41.352+0700] {dagbag.py:588} INFO - Filling up the DagBag from /Users/punny/Documents/GitHub/NYC-Taxi-ETL-Pipeline/.venv/lib/python3.10/site-packages/airflow/example_dags/tutorial_taskflow_api.py
[2024-10-21T15:04:41.422+0700] {processor.py:925} INFO - DAG(s) 'tutorial_taskflow_api' retrieved from /Users/punny/Documents/GitHub/NYC-Taxi-ETL-Pipeline/.venv/lib/python3.10/site-packages/airflow/example_dags/tutorial_taskflow_api.py
[2024-10-21T15:04:41.730+0700] {logging_mixin.py:190} INFO - [2024-10-21T15:04:41.728+0700] {dag.py:3239} INFO - Sync 1 DAGs
[2024-10-21T15:04:41.756+0700] {logging_mixin.py:190} INFO - [2024-10-21T15:04:41.756+0700] {dag.py:4180} INFO - Setting next_dagrun for tutorial_taskflow_api to None, run_after=None
[2024-10-21T15:04:41.797+0700] {processor.py:208} INFO - Processing /Users/punny/Documents/GitHub/NYC-Taxi-ETL-Pipeline/.venv/lib/python3.10/site-packages/airflow/example_dags/tutorial_taskflow_api.py took 0.462 seconds
[2024-10-21T15:09:14.035+0700] {processor.py:186} INFO - Started process (PID=38881) to work on /Users/punny/Documents/GitHub/NYC-Taxi-ETL-Pipeline/.venv/lib/python3.10/site-packages/airflow/example_dags/tutorial_taskflow_api.py
[2024-10-21T15:09:14.040+0700] {processor.py:914} INFO - Processing file /Users/punny/Documents/GitHub/NYC-Taxi-ETL-Pipeline/.venv/lib/python3.10/site-packages/airflow/example_dags/tutorial_taskflow_api.py for tasks to queue
[2024-10-21T15:09:14.043+0700] {logging_mixin.py:190} INFO - [2024-10-21T15:09:14.043+0700] {dagbag.py:588} INFO - Filling up the DagBag from /Users/punny/Documents/GitHub/NYC-Taxi-ETL-Pipeline/.venv/lib/python3.10/site-packages/airflow/example_dags/tutorial_taskflow_api.py
[2024-10-21T15:09:14.111+0700] {processor.py:925} INFO - DAG(s) 'tutorial_taskflow_api' retrieved from /Users/punny/Documents/GitHub/NYC-Taxi-ETL-Pipeline/.venv/lib/python3.10/site-packages/airflow/example_dags/tutorial_taskflow_api.py
[2024-10-21T15:09:14.477+0700] {logging_mixin.py:190} INFO - [2024-10-21T15:09:14.476+0700] {dag.py:3239} INFO - Sync 1 DAGs
[2024-10-21T15:09:14.503+0700] {logging_mixin.py:190} INFO - [2024-10-21T15:09:14.502+0700] {dag.py:4180} INFO - Setting next_dagrun for tutorial_taskflow_api to None, run_after=None
[2024-10-21T15:09:14.538+0700] {processor.py:208} INFO - Processing /Users/punny/Documents/GitHub/NYC-Taxi-ETL-Pipeline/.venv/lib/python3.10/site-packages/airflow/example_dags/tutorial_taskflow_api.py took 0.515 seconds
[2024-10-21T15:13:42.561+0700] {processor.py:186} INFO - Started process (PID=39486) to work on /Users/punny/Documents/GitHub/NYC-Taxi-ETL-Pipeline/.venv/lib/python3.10/site-packages/airflow/example_dags/tutorial_taskflow_api.py
[2024-10-21T15:13:42.565+0700] {processor.py:914} INFO - Processing file /Users/punny/Documents/GitHub/NYC-Taxi-ETL-Pipeline/.venv/lib/python3.10/site-packages/airflow/example_dags/tutorial_taskflow_api.py for tasks to queue
[2024-10-21T15:13:42.566+0700] {logging_mixin.py:190} INFO - [2024-10-21T15:13:42.566+0700] {dagbag.py:588} INFO - Filling up the DagBag from /Users/punny/Documents/GitHub/NYC-Taxi-ETL-Pipeline/.venv/lib/python3.10/site-packages/airflow/example_dags/tutorial_taskflow_api.py
[2024-10-21T15:13:42.628+0700] {processor.py:925} INFO - DAG(s) 'tutorial_taskflow_api' retrieved from /Users/punny/Documents/GitHub/NYC-Taxi-ETL-Pipeline/.venv/lib/python3.10/site-packages/airflow/example_dags/tutorial_taskflow_api.py
[2024-10-21T15:13:42.909+0700] {logging_mixin.py:190} INFO - [2024-10-21T15:13:42.908+0700] {dag.py:3239} INFO - Sync 1 DAGs
[2024-10-21T15:13:42.931+0700] {logging_mixin.py:190} INFO - [2024-10-21T15:13:42.930+0700] {dag.py:4180} INFO - Setting next_dagrun for tutorial_taskflow_api to None, run_after=None
[2024-10-21T15:13:42.964+0700] {processor.py:208} INFO - Processing /Users/punny/Documents/GitHub/NYC-Taxi-ETL-Pipeline/.venv/lib/python3.10/site-packages/airflow/example_dags/tutorial_taskflow_api.py took 0.414 seconds
[2024-10-21T15:18:06.523+0700] {processor.py:186} INFO - Started process (PID=40013) to work on /Users/punny/Documents/GitHub/NYC-Taxi-ETL-Pipeline/.venv/lib/python3.10/site-packages/airflow/example_dags/tutorial_taskflow_api.py
[2024-10-21T15:18:06.527+0700] {processor.py:914} INFO - Processing file /Users/punny/Documents/GitHub/NYC-Taxi-ETL-Pipeline/.venv/lib/python3.10/site-packages/airflow/example_dags/tutorial_taskflow_api.py for tasks to queue
[2024-10-21T15:18:06.528+0700] {logging_mixin.py:190} INFO - [2024-10-21T15:18:06.528+0700] {dagbag.py:588} INFO - Filling up the DagBag from /Users/punny/Documents/GitHub/NYC-Taxi-ETL-Pipeline/.venv/lib/python3.10/site-packages/airflow/example_dags/tutorial_taskflow_api.py
[2024-10-21T15:18:06.594+0700] {processor.py:925} INFO - DAG(s) 'tutorial_taskflow_api' retrieved from /Users/punny/Documents/GitHub/NYC-Taxi-ETL-Pipeline/.venv/lib/python3.10/site-packages/airflow/example_dags/tutorial_taskflow_api.py
[2024-10-21T15:18:06.917+0700] {logging_mixin.py:190} INFO - [2024-10-21T15:18:06.917+0700] {dag.py:3239} INFO - Sync 1 DAGs
[2024-10-21T15:18:06.938+0700] {logging_mixin.py:190} INFO - [2024-10-21T15:18:06.938+0700] {dag.py:4180} INFO - Setting next_dagrun for tutorial_taskflow_api to None, run_after=None
[2024-10-21T15:18:06.970+0700] {processor.py:208} INFO - Processing /Users/punny/Documents/GitHub/NYC-Taxi-ETL-Pipeline/.venv/lib/python3.10/site-packages/airflow/example_dags/tutorial_taskflow_api.py took 0.457 seconds
[2024-10-21T15:22:14.833+0700] {processor.py:186} INFO - Started process (PID=40563) to work on /Users/punny/Documents/GitHub/NYC-Taxi-ETL-Pipeline/.venv/lib/python3.10/site-packages/airflow/example_dags/tutorial_taskflow_api.py
[2024-10-21T15:22:14.838+0700] {processor.py:914} INFO - Processing file /Users/punny/Documents/GitHub/NYC-Taxi-ETL-Pipeline/.venv/lib/python3.10/site-packages/airflow/example_dags/tutorial_taskflow_api.py for tasks to queue
[2024-10-21T15:22:14.840+0700] {logging_mixin.py:190} INFO - [2024-10-21T15:22:14.839+0700] {dagbag.py:588} INFO - Filling up the DagBag from /Users/punny/Documents/GitHub/NYC-Taxi-ETL-Pipeline/.venv/lib/python3.10/site-packages/airflow/example_dags/tutorial_taskflow_api.py
[2024-10-21T15:22:14.906+0700] {processor.py:925} INFO - DAG(s) 'tutorial_taskflow_api' retrieved from /Users/punny/Documents/GitHub/NYC-Taxi-ETL-Pipeline/.venv/lib/python3.10/site-packages/airflow/example_dags/tutorial_taskflow_api.py
[2024-10-21T15:22:15.177+0700] {logging_mixin.py:190} INFO - [2024-10-21T15:22:15.176+0700] {dag.py:3239} INFO - Sync 1 DAGs
[2024-10-21T15:22:15.201+0700] {logging_mixin.py:190} INFO - [2024-10-21T15:22:15.201+0700] {dag.py:4180} INFO - Setting next_dagrun for tutorial_taskflow_api to None, run_after=None
[2024-10-21T15:22:15.233+0700] {processor.py:208} INFO - Processing /Users/punny/Documents/GitHub/NYC-Taxi-ETL-Pipeline/.venv/lib/python3.10/site-packages/airflow/example_dags/tutorial_taskflow_api.py took 0.415 seconds
[2024-10-21T15:26:14.263+0700] {processor.py:186} INFO - Started process (PID=41055) to work on /Users/punny/Documents/GitHub/NYC-Taxi-ETL-Pipeline/.venv/lib/python3.10/site-packages/airflow/example_dags/tutorial_taskflow_api.py
[2024-10-21T15:26:14.266+0700] {processor.py:914} INFO - Processing file /Users/punny/Documents/GitHub/NYC-Taxi-ETL-Pipeline/.venv/lib/python3.10/site-packages/airflow/example_dags/tutorial_taskflow_api.py for tasks to queue
[2024-10-21T15:26:14.270+0700] {logging_mixin.py:190} INFO - [2024-10-21T15:26:14.269+0700] {dagbag.py:588} INFO - Filling up the DagBag from /Users/punny/Documents/GitHub/NYC-Taxi-ETL-Pipeline/.venv/lib/python3.10/site-packages/airflow/example_dags/tutorial_taskflow_api.py
[2024-10-21T15:26:14.334+0700] {processor.py:925} INFO - DAG(s) 'tutorial_taskflow_api' retrieved from /Users/punny/Documents/GitHub/NYC-Taxi-ETL-Pipeline/.venv/lib/python3.10/site-packages/airflow/example_dags/tutorial_taskflow_api.py
[2024-10-21T15:26:14.650+0700] {logging_mixin.py:190} INFO - [2024-10-21T15:26:14.648+0700] {dag.py:3239} INFO - Sync 1 DAGs
[2024-10-21T15:26:14.677+0700] {logging_mixin.py:190} INFO - [2024-10-21T15:26:14.676+0700] {dag.py:4180} INFO - Setting next_dagrun for tutorial_taskflow_api to None, run_after=None
[2024-10-21T15:26:14.718+0700] {processor.py:208} INFO - Processing /Users/punny/Documents/GitHub/NYC-Taxi-ETL-Pipeline/.venv/lib/python3.10/site-packages/airflow/example_dags/tutorial_taskflow_api.py took 0.465 seconds
[2024-10-21T15:30:24.120+0700] {processor.py:186} INFO - Started process (PID=41618) to work on /Users/punny/Documents/GitHub/NYC-Taxi-ETL-Pipeline/.venv/lib/python3.10/site-packages/airflow/example_dags/tutorial_taskflow_api.py
[2024-10-21T15:30:24.125+0700] {processor.py:914} INFO - Processing file /Users/punny/Documents/GitHub/NYC-Taxi-ETL-Pipeline/.venv/lib/python3.10/site-packages/airflow/example_dags/tutorial_taskflow_api.py for tasks to queue
[2024-10-21T15:30:24.132+0700] {logging_mixin.py:190} INFO - [2024-10-21T15:30:24.131+0700] {dagbag.py:588} INFO - Filling up the DagBag from /Users/punny/Documents/GitHub/NYC-Taxi-ETL-Pipeline/.venv/lib/python3.10/site-packages/airflow/example_dags/tutorial_taskflow_api.py
[2024-10-21T15:30:24.226+0700] {processor.py:925} INFO - DAG(s) 'tutorial_taskflow_api' retrieved from /Users/punny/Documents/GitHub/NYC-Taxi-ETL-Pipeline/.venv/lib/python3.10/site-packages/airflow/example_dags/tutorial_taskflow_api.py
[2024-10-21T15:30:24.540+0700] {logging_mixin.py:190} INFO - [2024-10-21T15:30:24.540+0700] {dag.py:3239} INFO - Sync 1 DAGs
[2024-10-21T15:30:24.568+0700] {logging_mixin.py:190} INFO - [2024-10-21T15:30:24.568+0700] {dag.py:4180} INFO - Setting next_dagrun for tutorial_taskflow_api to None, run_after=None
[2024-10-21T15:30:24.602+0700] {processor.py:208} INFO - Processing /Users/punny/Documents/GitHub/NYC-Taxi-ETL-Pipeline/.venv/lib/python3.10/site-packages/airflow/example_dags/tutorial_taskflow_api.py took 0.499 seconds
[2024-10-21T15:34:22.335+0700] {processor.py:186} INFO - Started process (PID=42086) to work on /Users/punny/Documents/GitHub/NYC-Taxi-ETL-Pipeline/.venv/lib/python3.10/site-packages/airflow/example_dags/tutorial_taskflow_api.py
[2024-10-21T15:34:22.340+0700] {processor.py:914} INFO - Processing file /Users/punny/Documents/GitHub/NYC-Taxi-ETL-Pipeline/.venv/lib/python3.10/site-packages/airflow/example_dags/tutorial_taskflow_api.py for tasks to queue
[2024-10-21T15:34:22.342+0700] {logging_mixin.py:190} INFO - [2024-10-21T15:34:22.342+0700] {dagbag.py:588} INFO - Filling up the DagBag from /Users/punny/Documents/GitHub/NYC-Taxi-ETL-Pipeline/.venv/lib/python3.10/site-packages/airflow/example_dags/tutorial_taskflow_api.py
[2024-10-21T15:34:22.422+0700] {processor.py:925} INFO - DAG(s) 'tutorial_taskflow_api' retrieved from /Users/punny/Documents/GitHub/NYC-Taxi-ETL-Pipeline/.venv/lib/python3.10/site-packages/airflow/example_dags/tutorial_taskflow_api.py
[2024-10-21T15:34:22.677+0700] {logging_mixin.py:190} INFO - [2024-10-21T15:34:22.675+0700] {dag.py:3239} INFO - Sync 1 DAGs
[2024-10-21T15:34:22.697+0700] {logging_mixin.py:190} INFO - [2024-10-21T15:34:22.697+0700] {dag.py:4180} INFO - Setting next_dagrun for tutorial_taskflow_api to None, run_after=None
[2024-10-21T15:34:22.728+0700] {processor.py:208} INFO - Processing /Users/punny/Documents/GitHub/NYC-Taxi-ETL-Pipeline/.venv/lib/python3.10/site-packages/airflow/example_dags/tutorial_taskflow_api.py took 0.410 seconds
[2024-10-21T15:38:12.217+0700] {processor.py:186} INFO - Started process (PID=42583) to work on /Users/punny/Documents/GitHub/NYC-Taxi-ETL-Pipeline/.venv/lib/python3.10/site-packages/airflow/example_dags/tutorial_taskflow_api.py
[2024-10-21T15:38:12.221+0700] {processor.py:914} INFO - Processing file /Users/punny/Documents/GitHub/NYC-Taxi-ETL-Pipeline/.venv/lib/python3.10/site-packages/airflow/example_dags/tutorial_taskflow_api.py for tasks to queue
[2024-10-21T15:38:12.223+0700] {logging_mixin.py:190} INFO - [2024-10-21T15:38:12.222+0700] {dagbag.py:588} INFO - Filling up the DagBag from /Users/punny/Documents/GitHub/NYC-Taxi-ETL-Pipeline/.venv/lib/python3.10/site-packages/airflow/example_dags/tutorial_taskflow_api.py
[2024-10-21T15:38:12.279+0700] {processor.py:925} INFO - DAG(s) 'tutorial_taskflow_api' retrieved from /Users/punny/Documents/GitHub/NYC-Taxi-ETL-Pipeline/.venv/lib/python3.10/site-packages/airflow/example_dags/tutorial_taskflow_api.py
[2024-10-21T15:38:12.531+0700] {logging_mixin.py:190} INFO - [2024-10-21T15:38:12.530+0700] {dag.py:3239} INFO - Sync 1 DAGs
[2024-10-21T15:38:12.551+0700] {logging_mixin.py:190} INFO - [2024-10-21T15:38:12.550+0700] {dag.py:4180} INFO - Setting next_dagrun for tutorial_taskflow_api to None, run_after=None
[2024-10-21T15:38:12.589+0700] {processor.py:208} INFO - Processing /Users/punny/Documents/GitHub/NYC-Taxi-ETL-Pipeline/.venv/lib/python3.10/site-packages/airflow/example_dags/tutorial_taskflow_api.py took 0.378 seconds
[2024-10-21T15:42:12.378+0700] {processor.py:186} INFO - Started process (PID=43157) to work on /Users/punny/Documents/GitHub/NYC-Taxi-ETL-Pipeline/.venv/lib/python3.10/site-packages/airflow/example_dags/tutorial_taskflow_api.py
[2024-10-21T15:42:12.383+0700] {processor.py:914} INFO - Processing file /Users/punny/Documents/GitHub/NYC-Taxi-ETL-Pipeline/.venv/lib/python3.10/site-packages/airflow/example_dags/tutorial_taskflow_api.py for tasks to queue
[2024-10-21T15:42:12.386+0700] {logging_mixin.py:190} INFO - [2024-10-21T15:42:12.385+0700] {dagbag.py:588} INFO - Filling up the DagBag from /Users/punny/Documents/GitHub/NYC-Taxi-ETL-Pipeline/.venv/lib/python3.10/site-packages/airflow/example_dags/tutorial_taskflow_api.py
[2024-10-21T15:42:12.455+0700] {processor.py:925} INFO - DAG(s) 'tutorial_taskflow_api' retrieved from /Users/punny/Documents/GitHub/NYC-Taxi-ETL-Pipeline/.venv/lib/python3.10/site-packages/airflow/example_dags/tutorial_taskflow_api.py
[2024-10-21T15:42:12.707+0700] {logging_mixin.py:190} INFO - [2024-10-21T15:42:12.707+0700] {dag.py:3239} INFO - Sync 1 DAGs
[2024-10-21T15:42:12.727+0700] {logging_mixin.py:190} INFO - [2024-10-21T15:42:12.727+0700] {dag.py:4180} INFO - Setting next_dagrun for tutorial_taskflow_api to None, run_after=None
[2024-10-21T15:42:12.760+0700] {processor.py:208} INFO - Processing /Users/punny/Documents/GitHub/NYC-Taxi-ETL-Pipeline/.venv/lib/python3.10/site-packages/airflow/example_dags/tutorial_taskflow_api.py took 0.391 seconds
[2024-10-21T15:46:06.273+0700] {processor.py:186} INFO - Started process (PID=43648) to work on /Users/punny/Documents/GitHub/NYC-Taxi-ETL-Pipeline/.venv/lib/python3.10/site-packages/airflow/example_dags/tutorial_taskflow_api.py
[2024-10-21T15:46:06.279+0700] {processor.py:914} INFO - Processing file /Users/punny/Documents/GitHub/NYC-Taxi-ETL-Pipeline/.venv/lib/python3.10/site-packages/airflow/example_dags/tutorial_taskflow_api.py for tasks to queue
[2024-10-21T15:46:06.283+0700] {logging_mixin.py:190} INFO - [2024-10-21T15:46:06.282+0700] {dagbag.py:588} INFO - Filling up the DagBag from /Users/punny/Documents/GitHub/NYC-Taxi-ETL-Pipeline/.venv/lib/python3.10/site-packages/airflow/example_dags/tutorial_taskflow_api.py
[2024-10-21T15:46:06.351+0700] {processor.py:925} INFO - DAG(s) 'tutorial_taskflow_api' retrieved from /Users/punny/Documents/GitHub/NYC-Taxi-ETL-Pipeline/.venv/lib/python3.10/site-packages/airflow/example_dags/tutorial_taskflow_api.py
[2024-10-21T15:46:06.649+0700] {logging_mixin.py:190} INFO - [2024-10-21T15:46:06.648+0700] {dag.py:3239} INFO - Sync 1 DAGs
[2024-10-21T15:46:06.672+0700] {logging_mixin.py:190} INFO - [2024-10-21T15:46:06.672+0700] {dag.py:4180} INFO - Setting next_dagrun for tutorial_taskflow_api to None, run_after=None
[2024-10-21T15:46:06.705+0700] {processor.py:208} INFO - Processing /Users/punny/Documents/GitHub/NYC-Taxi-ETL-Pipeline/.venv/lib/python3.10/site-packages/airflow/example_dags/tutorial_taskflow_api.py took 0.442 seconds
[2024-10-21T15:50:05.866+0700] {processor.py:186} INFO - Started process (PID=44182) to work on /Users/punny/Documents/GitHub/NYC-Taxi-ETL-Pipeline/.venv/lib/python3.10/site-packages/airflow/example_dags/tutorial_taskflow_api.py
[2024-10-21T15:50:05.871+0700] {processor.py:914} INFO - Processing file /Users/punny/Documents/GitHub/NYC-Taxi-ETL-Pipeline/.venv/lib/python3.10/site-packages/airflow/example_dags/tutorial_taskflow_api.py for tasks to queue
[2024-10-21T15:50:05.872+0700] {logging_mixin.py:190} INFO - [2024-10-21T15:50:05.872+0700] {dagbag.py:588} INFO - Filling up the DagBag from /Users/punny/Documents/GitHub/NYC-Taxi-ETL-Pipeline/.venv/lib/python3.10/site-packages/airflow/example_dags/tutorial_taskflow_api.py
[2024-10-21T15:50:05.934+0700] {processor.py:925} INFO - DAG(s) 'tutorial_taskflow_api' retrieved from /Users/punny/Documents/GitHub/NYC-Taxi-ETL-Pipeline/.venv/lib/python3.10/site-packages/airflow/example_dags/tutorial_taskflow_api.py
[2024-10-21T15:50:06.240+0700] {logging_mixin.py:190} INFO - [2024-10-21T15:50:06.240+0700] {dag.py:3239} INFO - Sync 1 DAGs
[2024-10-21T15:50:06.265+0700] {logging_mixin.py:190} INFO - [2024-10-21T15:50:06.265+0700] {dag.py:4180} INFO - Setting next_dagrun for tutorial_taskflow_api to None, run_after=None
[2024-10-21T15:50:06.304+0700] {processor.py:208} INFO - Processing /Users/punny/Documents/GitHub/NYC-Taxi-ETL-Pipeline/.venv/lib/python3.10/site-packages/airflow/example_dags/tutorial_taskflow_api.py took 0.446 seconds
[2024-10-21T15:53:55.407+0700] {processor.py:186} INFO - Started process (PID=44644) to work on /Users/punny/Documents/GitHub/NYC-Taxi-ETL-Pipeline/.venv/lib/python3.10/site-packages/airflow/example_dags/tutorial_taskflow_api.py
[2024-10-21T15:53:55.411+0700] {processor.py:914} INFO - Processing file /Users/punny/Documents/GitHub/NYC-Taxi-ETL-Pipeline/.venv/lib/python3.10/site-packages/airflow/example_dags/tutorial_taskflow_api.py for tasks to queue
[2024-10-21T15:53:55.414+0700] {logging_mixin.py:190} INFO - [2024-10-21T15:53:55.414+0700] {dagbag.py:588} INFO - Filling up the DagBag from /Users/punny/Documents/GitHub/NYC-Taxi-ETL-Pipeline/.venv/lib/python3.10/site-packages/airflow/example_dags/tutorial_taskflow_api.py
[2024-10-21T15:53:55.469+0700] {processor.py:925} INFO - DAG(s) 'tutorial_taskflow_api' retrieved from /Users/punny/Documents/GitHub/NYC-Taxi-ETL-Pipeline/.venv/lib/python3.10/site-packages/airflow/example_dags/tutorial_taskflow_api.py
[2024-10-21T15:53:55.725+0700] {logging_mixin.py:190} INFO - [2024-10-21T15:53:55.724+0700] {dag.py:3239} INFO - Sync 1 DAGs
[2024-10-21T15:53:55.745+0700] {logging_mixin.py:190} INFO - [2024-10-21T15:53:55.745+0700] {dag.py:4180} INFO - Setting next_dagrun for tutorial_taskflow_api to None, run_after=None
[2024-10-21T15:53:55.778+0700] {processor.py:208} INFO - Processing /Users/punny/Documents/GitHub/NYC-Taxi-ETL-Pipeline/.venv/lib/python3.10/site-packages/airflow/example_dags/tutorial_taskflow_api.py took 0.379 seconds
[2024-10-21T15:58:06.883+0700] {processor.py:186} INFO - Started process (PID=45166) to work on /Users/punny/Documents/GitHub/NYC-Taxi-ETL-Pipeline/.venv/lib/python3.10/site-packages/airflow/example_dags/tutorial_taskflow_api.py
[2024-10-21T15:58:06.890+0700] {processor.py:914} INFO - Processing file /Users/punny/Documents/GitHub/NYC-Taxi-ETL-Pipeline/.venv/lib/python3.10/site-packages/airflow/example_dags/tutorial_taskflow_api.py for tasks to queue
[2024-10-21T15:58:06.891+0700] {logging_mixin.py:190} INFO - [2024-10-21T15:58:06.891+0700] {dagbag.py:588} INFO - Filling up the DagBag from /Users/punny/Documents/GitHub/NYC-Taxi-ETL-Pipeline/.venv/lib/python3.10/site-packages/airflow/example_dags/tutorial_taskflow_api.py
[2024-10-21T15:58:06.972+0700] {processor.py:925} INFO - DAG(s) 'tutorial_taskflow_api' retrieved from /Users/punny/Documents/GitHub/NYC-Taxi-ETL-Pipeline/.venv/lib/python3.10/site-packages/airflow/example_dags/tutorial_taskflow_api.py
[2024-10-21T15:58:07.309+0700] {logging_mixin.py:190} INFO - [2024-10-21T15:58:07.308+0700] {dag.py:3239} INFO - Sync 1 DAGs
[2024-10-21T15:58:07.333+0700] {logging_mixin.py:190} INFO - [2024-10-21T15:58:07.332+0700] {dag.py:4180} INFO - Setting next_dagrun for tutorial_taskflow_api to None, run_after=None
[2024-10-21T15:58:07.367+0700] {processor.py:208} INFO - Processing /Users/punny/Documents/GitHub/NYC-Taxi-ETL-Pipeline/.venv/lib/python3.10/site-packages/airflow/example_dags/tutorial_taskflow_api.py took 0.496 seconds
[2024-10-21T16:02:14.253+0700] {processor.py:186} INFO - Started process (PID=45724) to work on /Users/punny/Documents/GitHub/NYC-Taxi-ETL-Pipeline/.venv/lib/python3.10/site-packages/airflow/example_dags/tutorial_taskflow_api.py
[2024-10-21T16:02:14.257+0700] {processor.py:914} INFO - Processing file /Users/punny/Documents/GitHub/NYC-Taxi-ETL-Pipeline/.venv/lib/python3.10/site-packages/airflow/example_dags/tutorial_taskflow_api.py for tasks to queue
[2024-10-21T16:02:14.258+0700] {logging_mixin.py:190} INFO - [2024-10-21T16:02:14.258+0700] {dagbag.py:588} INFO - Filling up the DagBag from /Users/punny/Documents/GitHub/NYC-Taxi-ETL-Pipeline/.venv/lib/python3.10/site-packages/airflow/example_dags/tutorial_taskflow_api.py
[2024-10-21T16:02:14.316+0700] {processor.py:925} INFO - DAG(s) 'tutorial_taskflow_api' retrieved from /Users/punny/Documents/GitHub/NYC-Taxi-ETL-Pipeline/.venv/lib/python3.10/site-packages/airflow/example_dags/tutorial_taskflow_api.py
[2024-10-21T16:02:14.582+0700] {logging_mixin.py:190} INFO - [2024-10-21T16:02:14.581+0700] {dag.py:3239} INFO - Sync 1 DAGs
[2024-10-21T16:02:14.603+0700] {logging_mixin.py:190} INFO - [2024-10-21T16:02:14.603+0700] {dag.py:4180} INFO - Setting next_dagrun for tutorial_taskflow_api to None, run_after=None
[2024-10-21T16:02:14.630+0700] {processor.py:208} INFO - Processing /Users/punny/Documents/GitHub/NYC-Taxi-ETL-Pipeline/.venv/lib/python3.10/site-packages/airflow/example_dags/tutorial_taskflow_api.py took 0.383 seconds
[2024-10-21T20:36:29.466+0700] {processor.py:186} INFO - Started process (PID=4225) to work on /Users/punny/Documents/GitHub/NYC-Taxi-ETL-Pipeline/.venv/lib/python3.10/site-packages/airflow/example_dags/tutorial_taskflow_api.py
[2024-10-21T20:36:29.469+0700] {processor.py:914} INFO - Processing file /Users/punny/Documents/GitHub/NYC-Taxi-ETL-Pipeline/.venv/lib/python3.10/site-packages/airflow/example_dags/tutorial_taskflow_api.py for tasks to queue
[2024-10-21T20:36:29.471+0700] {logging_mixin.py:190} INFO - [2024-10-21T20:36:29.470+0700] {dagbag.py:588} INFO - Filling up the DagBag from /Users/punny/Documents/GitHub/NYC-Taxi-ETL-Pipeline/.venv/lib/python3.10/site-packages/airflow/example_dags/tutorial_taskflow_api.py
[2024-10-21T20:36:29.519+0700] {processor.py:925} INFO - DAG(s) 'tutorial_taskflow_api' retrieved from /Users/punny/Documents/GitHub/NYC-Taxi-ETL-Pipeline/.venv/lib/python3.10/site-packages/airflow/example_dags/tutorial_taskflow_api.py
[2024-10-21T20:36:29.726+0700] {logging_mixin.py:190} INFO - [2024-10-21T20:36:29.725+0700] {dag.py:3239} INFO - Sync 1 DAGs
[2024-10-21T20:36:29.741+0700] {logging_mixin.py:190} INFO - [2024-10-21T20:36:29.740+0700] {dag.py:4180} INFO - Setting next_dagrun for tutorial_taskflow_api to None, run_after=None
[2024-10-21T20:36:29.763+0700] {processor.py:208} INFO - Processing /Users/punny/Documents/GitHub/NYC-Taxi-ETL-Pipeline/.venv/lib/python3.10/site-packages/airflow/example_dags/tutorial_taskflow_api.py took 0.302 seconds
[2024-10-21T20:40:16.758+0700] {processor.py:186} INFO - Started process (PID=4504) to work on /Users/punny/Documents/GitHub/NYC-Taxi-ETL-Pipeline/.venv/lib/python3.10/site-packages/airflow/example_dags/tutorial_taskflow_api.py
[2024-10-21T20:40:16.763+0700] {processor.py:914} INFO - Processing file /Users/punny/Documents/GitHub/NYC-Taxi-ETL-Pipeline/.venv/lib/python3.10/site-packages/airflow/example_dags/tutorial_taskflow_api.py for tasks to queue
[2024-10-21T20:40:16.765+0700] {logging_mixin.py:190} INFO - [2024-10-21T20:40:16.764+0700] {dagbag.py:588} INFO - Filling up the DagBag from /Users/punny/Documents/GitHub/NYC-Taxi-ETL-Pipeline/.venv/lib/python3.10/site-packages/airflow/example_dags/tutorial_taskflow_api.py
[2024-10-21T20:40:16.808+0700] {processor.py:925} INFO - DAG(s) 'tutorial_taskflow_api' retrieved from /Users/punny/Documents/GitHub/NYC-Taxi-ETL-Pipeline/.venv/lib/python3.10/site-packages/airflow/example_dags/tutorial_taskflow_api.py
[2024-10-21T20:40:16.991+0700] {logging_mixin.py:190} INFO - [2024-10-21T20:40:16.991+0700] {dag.py:3239} INFO - Sync 1 DAGs
[2024-10-21T20:40:17.006+0700] {logging_mixin.py:190} INFO - [2024-10-21T20:40:17.006+0700] {dag.py:4180} INFO - Setting next_dagrun for tutorial_taskflow_api to None, run_after=None
[2024-10-21T20:40:17.026+0700] {processor.py:208} INFO - Processing /Users/punny/Documents/GitHub/NYC-Taxi-ETL-Pipeline/.venv/lib/python3.10/site-packages/airflow/example_dags/tutorial_taskflow_api.py took 0.275 seconds
[2024-10-21T20:43:44.453+0700] {processor.py:186} INFO - Started process (PID=4863) to work on /Users/punny/Documents/GitHub/NYC-Taxi-ETL-Pipeline/.venv/lib/python3.10/site-packages/airflow/example_dags/tutorial_taskflow_api.py
[2024-10-21T20:43:44.457+0700] {processor.py:914} INFO - Processing file /Users/punny/Documents/GitHub/NYC-Taxi-ETL-Pipeline/.venv/lib/python3.10/site-packages/airflow/example_dags/tutorial_taskflow_api.py for tasks to queue
[2024-10-21T20:43:44.458+0700] {logging_mixin.py:190} INFO - [2024-10-21T20:43:44.458+0700] {dagbag.py:588} INFO - Filling up the DagBag from /Users/punny/Documents/GitHub/NYC-Taxi-ETL-Pipeline/.venv/lib/python3.10/site-packages/airflow/example_dags/tutorial_taskflow_api.py
[2024-10-21T20:43:44.513+0700] {processor.py:925} INFO - DAG(s) 'tutorial_taskflow_api' retrieved from /Users/punny/Documents/GitHub/NYC-Taxi-ETL-Pipeline/.venv/lib/python3.10/site-packages/airflow/example_dags/tutorial_taskflow_api.py
[2024-10-21T20:43:44.733+0700] {logging_mixin.py:190} INFO - [2024-10-21T20:43:44.733+0700] {dag.py:3239} INFO - Sync 1 DAGs
[2024-10-21T20:43:44.751+0700] {logging_mixin.py:190} INFO - [2024-10-21T20:43:44.751+0700] {dag.py:4180} INFO - Setting next_dagrun for tutorial_taskflow_api to None, run_after=None
[2024-10-21T20:43:44.778+0700] {processor.py:208} INFO - Processing /Users/punny/Documents/GitHub/NYC-Taxi-ETL-Pipeline/.venv/lib/python3.10/site-packages/airflow/example_dags/tutorial_taskflow_api.py took 0.336 seconds
[2024-10-21T20:47:37.008+0700] {processor.py:186} INFO - Started process (PID=5240) to work on /Users/punny/Documents/GitHub/NYC-Taxi-ETL-Pipeline/.venv/lib/python3.10/site-packages/airflow/example_dags/tutorial_taskflow_api.py
[2024-10-21T20:47:37.014+0700] {processor.py:914} INFO - Processing file /Users/punny/Documents/GitHub/NYC-Taxi-ETL-Pipeline/.venv/lib/python3.10/site-packages/airflow/example_dags/tutorial_taskflow_api.py for tasks to queue
[2024-10-21T20:47:37.015+0700] {logging_mixin.py:190} INFO - [2024-10-21T20:47:37.014+0700] {dagbag.py:588} INFO - Filling up the DagBag from /Users/punny/Documents/GitHub/NYC-Taxi-ETL-Pipeline/.venv/lib/python3.10/site-packages/airflow/example_dags/tutorial_taskflow_api.py
[2024-10-21T20:47:37.064+0700] {processor.py:925} INFO - DAG(s) 'tutorial_taskflow_api' retrieved from /Users/punny/Documents/GitHub/NYC-Taxi-ETL-Pipeline/.venv/lib/python3.10/site-packages/airflow/example_dags/tutorial_taskflow_api.py
[2024-10-21T20:47:37.253+0700] {logging_mixin.py:190} INFO - [2024-10-21T20:47:37.253+0700] {dag.py:3239} INFO - Sync 1 DAGs
[2024-10-21T20:47:37.269+0700] {logging_mixin.py:190} INFO - [2024-10-21T20:47:37.269+0700] {dag.py:4180} INFO - Setting next_dagrun for tutorial_taskflow_api to None, run_after=None
[2024-10-21T20:47:37.293+0700] {processor.py:208} INFO - Processing /Users/punny/Documents/GitHub/NYC-Taxi-ETL-Pipeline/.venv/lib/python3.10/site-packages/airflow/example_dags/tutorial_taskflow_api.py took 0.296 seconds
[2024-10-21T20:51:14.161+0700] {processor.py:186} INFO - Started process (PID=5550) to work on /Users/punny/Documents/GitHub/NYC-Taxi-ETL-Pipeline/.venv/lib/python3.10/site-packages/airflow/example_dags/tutorial_taskflow_api.py
[2024-10-21T20:51:14.165+0700] {processor.py:914} INFO - Processing file /Users/punny/Documents/GitHub/NYC-Taxi-ETL-Pipeline/.venv/lib/python3.10/site-packages/airflow/example_dags/tutorial_taskflow_api.py for tasks to queue
[2024-10-21T20:51:14.166+0700] {logging_mixin.py:190} INFO - [2024-10-21T20:51:14.166+0700] {dagbag.py:588} INFO - Filling up the DagBag from /Users/punny/Documents/GitHub/NYC-Taxi-ETL-Pipeline/.venv/lib/python3.10/site-packages/airflow/example_dags/tutorial_taskflow_api.py
[2024-10-21T20:51:14.211+0700] {processor.py:925} INFO - DAG(s) 'tutorial_taskflow_api' retrieved from /Users/punny/Documents/GitHub/NYC-Taxi-ETL-Pipeline/.venv/lib/python3.10/site-packages/airflow/example_dags/tutorial_taskflow_api.py
[2024-10-21T20:51:14.399+0700] {logging_mixin.py:190} INFO - [2024-10-21T20:51:14.399+0700] {dag.py:3239} INFO - Sync 1 DAGs
[2024-10-21T20:51:14.414+0700] {logging_mixin.py:190} INFO - [2024-10-21T20:51:14.414+0700] {dag.py:4180} INFO - Setting next_dagrun for tutorial_taskflow_api to None, run_after=None
[2024-10-21T20:51:14.437+0700] {processor.py:208} INFO - Processing /Users/punny/Documents/GitHub/NYC-Taxi-ETL-Pipeline/.venv/lib/python3.10/site-packages/airflow/example_dags/tutorial_taskflow_api.py took 0.283 seconds
[2024-10-21T20:55:20.843+0700] {processor.py:186} INFO - Started process (PID=6042) to work on /Users/punny/Documents/GitHub/NYC-Taxi-ETL-Pipeline/.venv/lib/python3.10/site-packages/airflow/example_dags/tutorial_taskflow_api.py
[2024-10-21T20:55:20.846+0700] {processor.py:914} INFO - Processing file /Users/punny/Documents/GitHub/NYC-Taxi-ETL-Pipeline/.venv/lib/python3.10/site-packages/airflow/example_dags/tutorial_taskflow_api.py for tasks to queue
[2024-10-21T20:55:20.847+0700] {logging_mixin.py:190} INFO - [2024-10-21T20:55:20.847+0700] {dagbag.py:588} INFO - Filling up the DagBag from /Users/punny/Documents/GitHub/NYC-Taxi-ETL-Pipeline/.venv/lib/python3.10/site-packages/airflow/example_dags/tutorial_taskflow_api.py
[2024-10-21T20:55:20.892+0700] {processor.py:925} INFO - DAG(s) 'tutorial_taskflow_api' retrieved from /Users/punny/Documents/GitHub/NYC-Taxi-ETL-Pipeline/.venv/lib/python3.10/site-packages/airflow/example_dags/tutorial_taskflow_api.py
[2024-10-21T20:55:21.079+0700] {logging_mixin.py:190} INFO - [2024-10-21T20:55:21.079+0700] {dag.py:3239} INFO - Sync 1 DAGs
[2024-10-21T20:55:21.094+0700] {logging_mixin.py:190} INFO - [2024-10-21T20:55:21.094+0700] {dag.py:4180} INFO - Setting next_dagrun for tutorial_taskflow_api to None, run_after=None
[2024-10-21T20:55:21.115+0700] {processor.py:208} INFO - Processing /Users/punny/Documents/GitHub/NYC-Taxi-ETL-Pipeline/.venv/lib/python3.10/site-packages/airflow/example_dags/tutorial_taskflow_api.py took 0.280 seconds
[2024-10-21T20:59:50.179+0700] {processor.py:186} INFO - Started process (PID=6412) to work on /Users/punny/Documents/GitHub/NYC-Taxi-ETL-Pipeline/.venv/lib/python3.10/site-packages/airflow/example_dags/tutorial_taskflow_api.py
[2024-10-21T20:59:50.182+0700] {processor.py:914} INFO - Processing file /Users/punny/Documents/GitHub/NYC-Taxi-ETL-Pipeline/.venv/lib/python3.10/site-packages/airflow/example_dags/tutorial_taskflow_api.py for tasks to queue
[2024-10-21T20:59:50.183+0700] {logging_mixin.py:190} INFO - [2024-10-21T20:59:50.183+0700] {dagbag.py:588} INFO - Filling up the DagBag from /Users/punny/Documents/GitHub/NYC-Taxi-ETL-Pipeline/.venv/lib/python3.10/site-packages/airflow/example_dags/tutorial_taskflow_api.py
[2024-10-21T20:59:50.227+0700] {processor.py:925} INFO - DAG(s) 'tutorial_taskflow_api' retrieved from /Users/punny/Documents/GitHub/NYC-Taxi-ETL-Pipeline/.venv/lib/python3.10/site-packages/airflow/example_dags/tutorial_taskflow_api.py
[2024-10-21T20:59:50.413+0700] {logging_mixin.py:190} INFO - [2024-10-21T20:59:50.413+0700] {dag.py:3239} INFO - Sync 1 DAGs
[2024-10-21T20:59:50.428+0700] {logging_mixin.py:190} INFO - [2024-10-21T20:59:50.428+0700] {dag.py:4180} INFO - Setting next_dagrun for tutorial_taskflow_api to None, run_after=None
[2024-10-21T20:59:50.451+0700] {processor.py:208} INFO - Processing /Users/punny/Documents/GitHub/NYC-Taxi-ETL-Pipeline/.venv/lib/python3.10/site-packages/airflow/example_dags/tutorial_taskflow_api.py took 0.281 seconds
[2024-10-21T21:03:54.336+0700] {processor.py:186} INFO - Started process (PID=6721) to work on /Users/punny/Documents/GitHub/NYC-Taxi-ETL-Pipeline/.venv/lib/python3.10/site-packages/airflow/example_dags/tutorial_taskflow_api.py
[2024-10-21T21:03:54.340+0700] {processor.py:914} INFO - Processing file /Users/punny/Documents/GitHub/NYC-Taxi-ETL-Pipeline/.venv/lib/python3.10/site-packages/airflow/example_dags/tutorial_taskflow_api.py for tasks to queue
[2024-10-21T21:03:54.341+0700] {logging_mixin.py:190} INFO - [2024-10-21T21:03:54.341+0700] {dagbag.py:588} INFO - Filling up the DagBag from /Users/punny/Documents/GitHub/NYC-Taxi-ETL-Pipeline/.venv/lib/python3.10/site-packages/airflow/example_dags/tutorial_taskflow_api.py
[2024-10-21T21:03:54.387+0700] {processor.py:925} INFO - DAG(s) 'tutorial_taskflow_api' retrieved from /Users/punny/Documents/GitHub/NYC-Taxi-ETL-Pipeline/.venv/lib/python3.10/site-packages/airflow/example_dags/tutorial_taskflow_api.py
[2024-10-21T21:03:54.571+0700] {logging_mixin.py:190} INFO - [2024-10-21T21:03:54.570+0700] {dag.py:3239} INFO - Sync 1 DAGs
[2024-10-21T21:03:54.585+0700] {logging_mixin.py:190} INFO - [2024-10-21T21:03:54.585+0700] {dag.py:4180} INFO - Setting next_dagrun for tutorial_taskflow_api to None, run_after=None
[2024-10-21T21:03:54.608+0700] {processor.py:208} INFO - Processing /Users/punny/Documents/GitHub/NYC-Taxi-ETL-Pipeline/.venv/lib/python3.10/site-packages/airflow/example_dags/tutorial_taskflow_api.py took 0.282 seconds
[2024-10-21T21:07:10.778+0700] {processor.py:186} INFO - Started process (PID=6994) to work on /Users/punny/Documents/GitHub/NYC-Taxi-ETL-Pipeline/.venv/lib/python3.10/site-packages/airflow/example_dags/tutorial_taskflow_api.py
[2024-10-21T21:07:10.782+0700] {processor.py:914} INFO - Processing file /Users/punny/Documents/GitHub/NYC-Taxi-ETL-Pipeline/.venv/lib/python3.10/site-packages/airflow/example_dags/tutorial_taskflow_api.py for tasks to queue
[2024-10-21T21:07:10.784+0700] {logging_mixin.py:190} INFO - [2024-10-21T21:07:10.784+0700] {dagbag.py:588} INFO - Filling up the DagBag from /Users/punny/Documents/GitHub/NYC-Taxi-ETL-Pipeline/.venv/lib/python3.10/site-packages/airflow/example_dags/tutorial_taskflow_api.py
[2024-10-21T21:07:10.836+0700] {processor.py:925} INFO - DAG(s) 'tutorial_taskflow_api' retrieved from /Users/punny/Documents/GitHub/NYC-Taxi-ETL-Pipeline/.venv/lib/python3.10/site-packages/airflow/example_dags/tutorial_taskflow_api.py
[2024-10-21T21:07:11.073+0700] {logging_mixin.py:190} INFO - [2024-10-21T21:07:11.072+0700] {dag.py:3239} INFO - Sync 1 DAGs
[2024-10-21T21:07:11.091+0700] {logging_mixin.py:190} INFO - [2024-10-21T21:07:11.090+0700] {dag.py:4180} INFO - Setting next_dagrun for tutorial_taskflow_api to None, run_after=None
[2024-10-21T21:07:11.117+0700] {processor.py:208} INFO - Processing /Users/punny/Documents/GitHub/NYC-Taxi-ETL-Pipeline/.venv/lib/python3.10/site-packages/airflow/example_dags/tutorial_taskflow_api.py took 0.348 seconds
[2024-10-21T21:10:35.445+0700] {processor.py:186} INFO - Started process (PID=7207) to work on /Users/punny/Documents/GitHub/NYC-Taxi-ETL-Pipeline/.venv/lib/python3.10/site-packages/airflow/example_dags/tutorial_taskflow_api.py
[2024-10-21T21:10:35.448+0700] {processor.py:914} INFO - Processing file /Users/punny/Documents/GitHub/NYC-Taxi-ETL-Pipeline/.venv/lib/python3.10/site-packages/airflow/example_dags/tutorial_taskflow_api.py for tasks to queue
[2024-10-21T21:10:35.449+0700] {logging_mixin.py:190} INFO - [2024-10-21T21:10:35.449+0700] {dagbag.py:588} INFO - Filling up the DagBag from /Users/punny/Documents/GitHub/NYC-Taxi-ETL-Pipeline/.venv/lib/python3.10/site-packages/airflow/example_dags/tutorial_taskflow_api.py
[2024-10-21T21:10:35.493+0700] {processor.py:925} INFO - DAG(s) 'tutorial_taskflow_api' retrieved from /Users/punny/Documents/GitHub/NYC-Taxi-ETL-Pipeline/.venv/lib/python3.10/site-packages/airflow/example_dags/tutorial_taskflow_api.py
[2024-10-21T21:10:35.678+0700] {logging_mixin.py:190} INFO - [2024-10-21T21:10:35.677+0700] {dag.py:3239} INFO - Sync 1 DAGs
[2024-10-21T21:10:35.692+0700] {logging_mixin.py:190} INFO - [2024-10-21T21:10:35.692+0700] {dag.py:4180} INFO - Setting next_dagrun for tutorial_taskflow_api to None, run_after=None
[2024-10-21T21:10:35.714+0700] {processor.py:208} INFO - Processing /Users/punny/Documents/GitHub/NYC-Taxi-ETL-Pipeline/.venv/lib/python3.10/site-packages/airflow/example_dags/tutorial_taskflow_api.py took 0.278 seconds
[2024-10-21T21:13:37.132+0700] {processor.py:186} INFO - Started process (PID=7519) to work on /Users/punny/Documents/GitHub/NYC-Taxi-ETL-Pipeline/.venv/lib/python3.10/site-packages/airflow/example_dags/tutorial_taskflow_api.py
[2024-10-21T21:13:37.137+0700] {processor.py:914} INFO - Processing file /Users/punny/Documents/GitHub/NYC-Taxi-ETL-Pipeline/.venv/lib/python3.10/site-packages/airflow/example_dags/tutorial_taskflow_api.py for tasks to queue
[2024-10-21T21:13:37.139+0700] {logging_mixin.py:190} INFO - [2024-10-21T21:13:37.139+0700] {dagbag.py:588} INFO - Filling up the DagBag from /Users/punny/Documents/GitHub/NYC-Taxi-ETL-Pipeline/.venv/lib/python3.10/site-packages/airflow/example_dags/tutorial_taskflow_api.py
[2024-10-21T21:13:37.220+0700] {processor.py:925} INFO - DAG(s) 'tutorial_taskflow_api' retrieved from /Users/punny/Documents/GitHub/NYC-Taxi-ETL-Pipeline/.venv/lib/python3.10/site-packages/airflow/example_dags/tutorial_taskflow_api.py
[2024-10-21T21:13:37.434+0700] {logging_mixin.py:190} INFO - [2024-10-21T21:13:37.433+0700] {dag.py:3239} INFO - Sync 1 DAGs
[2024-10-21T21:13:37.453+0700] {logging_mixin.py:190} INFO - [2024-10-21T21:13:37.453+0700] {dag.py:4180} INFO - Setting next_dagrun for tutorial_taskflow_api to None, run_after=None
[2024-10-21T21:13:37.474+0700] {processor.py:208} INFO - Processing /Users/punny/Documents/GitHub/NYC-Taxi-ETL-Pipeline/.venv/lib/python3.10/site-packages/airflow/example_dags/tutorial_taskflow_api.py took 0.350 seconds
[2024-10-21T21:16:51.508+0700] {processor.py:186} INFO - Started process (PID=7862) to work on /Users/punny/Documents/GitHub/NYC-Taxi-ETL-Pipeline/.venv/lib/python3.10/site-packages/airflow/example_dags/tutorial_taskflow_api.py
[2024-10-21T21:16:51.513+0700] {processor.py:914} INFO - Processing file /Users/punny/Documents/GitHub/NYC-Taxi-ETL-Pipeline/.venv/lib/python3.10/site-packages/airflow/example_dags/tutorial_taskflow_api.py for tasks to queue
[2024-10-21T21:16:51.514+0700] {logging_mixin.py:190} INFO - [2024-10-21T21:16:51.514+0700] {dagbag.py:588} INFO - Filling up the DagBag from /Users/punny/Documents/GitHub/NYC-Taxi-ETL-Pipeline/.venv/lib/python3.10/site-packages/airflow/example_dags/tutorial_taskflow_api.py
[2024-10-21T21:16:51.591+0700] {processor.py:925} INFO - DAG(s) 'tutorial_taskflow_api' retrieved from /Users/punny/Documents/GitHub/NYC-Taxi-ETL-Pipeline/.venv/lib/python3.10/site-packages/airflow/example_dags/tutorial_taskflow_api.py
[2024-10-21T21:16:51.887+0700] {logging_mixin.py:190} INFO - [2024-10-21T21:16:51.887+0700] {dag.py:3239} INFO - Sync 1 DAGs
[2024-10-21T21:16:51.911+0700] {logging_mixin.py:190} INFO - [2024-10-21T21:16:51.911+0700] {dag.py:4180} INFO - Setting next_dagrun for tutorial_taskflow_api to None, run_after=None
[2024-10-21T21:16:51.944+0700] {processor.py:208} INFO - Processing /Users/punny/Documents/GitHub/NYC-Taxi-ETL-Pipeline/.venv/lib/python3.10/site-packages/airflow/example_dags/tutorial_taskflow_api.py took 0.450 seconds
[2024-10-21T21:20:02.421+0700] {processor.py:186} INFO - Started process (PID=8039) to work on /Users/punny/Documents/GitHub/NYC-Taxi-ETL-Pipeline/.venv/lib/python3.10/site-packages/airflow/example_dags/tutorial_taskflow_api.py
[2024-10-21T21:20:02.425+0700] {processor.py:914} INFO - Processing file /Users/punny/Documents/GitHub/NYC-Taxi-ETL-Pipeline/.venv/lib/python3.10/site-packages/airflow/example_dags/tutorial_taskflow_api.py for tasks to queue
[2024-10-21T21:20:02.426+0700] {logging_mixin.py:190} INFO - [2024-10-21T21:20:02.426+0700] {dagbag.py:588} INFO - Filling up the DagBag from /Users/punny/Documents/GitHub/NYC-Taxi-ETL-Pipeline/.venv/lib/python3.10/site-packages/airflow/example_dags/tutorial_taskflow_api.py
[2024-10-21T21:20:02.469+0700] {processor.py:925} INFO - DAG(s) 'tutorial_taskflow_api' retrieved from /Users/punny/Documents/GitHub/NYC-Taxi-ETL-Pipeline/.venv/lib/python3.10/site-packages/airflow/example_dags/tutorial_taskflow_api.py
[2024-10-21T21:20:02.648+0700] {logging_mixin.py:190} INFO - [2024-10-21T21:20:02.647+0700] {dag.py:3239} INFO - Sync 1 DAGs
[2024-10-21T21:20:02.662+0700] {logging_mixin.py:190} INFO - [2024-10-21T21:20:02.662+0700] {dag.py:4180} INFO - Setting next_dagrun for tutorial_taskflow_api to None, run_after=None
[2024-10-21T21:20:02.684+0700] {processor.py:208} INFO - Processing /Users/punny/Documents/GitHub/NYC-Taxi-ETL-Pipeline/.venv/lib/python3.10/site-packages/airflow/example_dags/tutorial_taskflow_api.py took 0.270 seconds
[2024-10-21T21:22:52.236+0700] {processor.py:186} INFO - Started process (PID=8234) to work on /Users/punny/Documents/GitHub/NYC-Taxi-ETL-Pipeline/.venv/lib/python3.10/site-packages/airflow/example_dags/tutorial_taskflow_api.py
[2024-10-21T21:22:52.238+0700] {processor.py:914} INFO - Processing file /Users/punny/Documents/GitHub/NYC-Taxi-ETL-Pipeline/.venv/lib/python3.10/site-packages/airflow/example_dags/tutorial_taskflow_api.py for tasks to queue
[2024-10-21T21:22:52.240+0700] {logging_mixin.py:190} INFO - [2024-10-21T21:22:52.239+0700] {dagbag.py:588} INFO - Filling up the DagBag from /Users/punny/Documents/GitHub/NYC-Taxi-ETL-Pipeline/.venv/lib/python3.10/site-packages/airflow/example_dags/tutorial_taskflow_api.py
[2024-10-21T21:22:52.285+0700] {processor.py:925} INFO - DAG(s) 'tutorial_taskflow_api' retrieved from /Users/punny/Documents/GitHub/NYC-Taxi-ETL-Pipeline/.venv/lib/python3.10/site-packages/airflow/example_dags/tutorial_taskflow_api.py
[2024-10-21T21:22:52.474+0700] {logging_mixin.py:190} INFO - [2024-10-21T21:22:52.473+0700] {dag.py:3239} INFO - Sync 1 DAGs
[2024-10-21T21:22:52.489+0700] {logging_mixin.py:190} INFO - [2024-10-21T21:22:52.489+0700] {dag.py:4180} INFO - Setting next_dagrun for tutorial_taskflow_api to None, run_after=None
[2024-10-21T21:22:52.513+0700] {processor.py:208} INFO - Processing /Users/punny/Documents/GitHub/NYC-Taxi-ETL-Pipeline/.venv/lib/python3.10/site-packages/airflow/example_dags/tutorial_taskflow_api.py took 0.286 seconds
[2024-10-21T21:25:55.072+0700] {processor.py:186} INFO - Started process (PID=8573) to work on /Users/punny/Documents/GitHub/NYC-Taxi-ETL-Pipeline/.venv/lib/python3.10/site-packages/airflow/example_dags/tutorial_taskflow_api.py
[2024-10-21T21:25:55.076+0700] {processor.py:914} INFO - Processing file /Users/punny/Documents/GitHub/NYC-Taxi-ETL-Pipeline/.venv/lib/python3.10/site-packages/airflow/example_dags/tutorial_taskflow_api.py for tasks to queue
[2024-10-21T21:25:55.078+0700] {logging_mixin.py:190} INFO - [2024-10-21T21:25:55.078+0700] {dagbag.py:588} INFO - Filling up the DagBag from /Users/punny/Documents/GitHub/NYC-Taxi-ETL-Pipeline/.venv/lib/python3.10/site-packages/airflow/example_dags/tutorial_taskflow_api.py
[2024-10-21T21:25:55.136+0700] {processor.py:925} INFO - DAG(s) 'tutorial_taskflow_api' retrieved from /Users/punny/Documents/GitHub/NYC-Taxi-ETL-Pipeline/.venv/lib/python3.10/site-packages/airflow/example_dags/tutorial_taskflow_api.py
[2024-10-21T21:25:55.407+0700] {logging_mixin.py:190} INFO - [2024-10-21T21:25:55.406+0700] {dag.py:3239} INFO - Sync 1 DAGs
[2024-10-21T21:25:55.424+0700] {logging_mixin.py:190} INFO - [2024-10-21T21:25:55.424+0700] {dag.py:4180} INFO - Setting next_dagrun for tutorial_taskflow_api to None, run_after=None
[2024-10-21T21:25:55.464+0700] {processor.py:208} INFO - Processing /Users/punny/Documents/GitHub/NYC-Taxi-ETL-Pipeline/.venv/lib/python3.10/site-packages/airflow/example_dags/tutorial_taskflow_api.py took 0.403 seconds
[2024-10-21T21:29:24.503+0700] {processor.py:186} INFO - Started process (PID=8840) to work on /Users/punny/Documents/GitHub/NYC-Taxi-ETL-Pipeline/.venv/lib/python3.10/site-packages/airflow/example_dags/tutorial_taskflow_api.py
[2024-10-21T21:29:24.506+0700] {processor.py:914} INFO - Processing file /Users/punny/Documents/GitHub/NYC-Taxi-ETL-Pipeline/.venv/lib/python3.10/site-packages/airflow/example_dags/tutorial_taskflow_api.py for tasks to queue
[2024-10-21T21:29:24.507+0700] {logging_mixin.py:190} INFO - [2024-10-21T21:29:24.507+0700] {dagbag.py:588} INFO - Filling up the DagBag from /Users/punny/Documents/GitHub/NYC-Taxi-ETL-Pipeline/.venv/lib/python3.10/site-packages/airflow/example_dags/tutorial_taskflow_api.py
[2024-10-21T21:29:24.550+0700] {processor.py:925} INFO - DAG(s) 'tutorial_taskflow_api' retrieved from /Users/punny/Documents/GitHub/NYC-Taxi-ETL-Pipeline/.venv/lib/python3.10/site-packages/airflow/example_dags/tutorial_taskflow_api.py
[2024-10-21T21:29:24.734+0700] {logging_mixin.py:190} INFO - [2024-10-21T21:29:24.734+0700] {dag.py:3239} INFO - Sync 1 DAGs
[2024-10-21T21:29:24.749+0700] {logging_mixin.py:190} INFO - [2024-10-21T21:29:24.748+0700] {dag.py:4180} INFO - Setting next_dagrun for tutorial_taskflow_api to None, run_after=None
[2024-10-21T21:29:24.771+0700] {processor.py:208} INFO - Processing /Users/punny/Documents/GitHub/NYC-Taxi-ETL-Pipeline/.venv/lib/python3.10/site-packages/airflow/example_dags/tutorial_taskflow_api.py took 0.277 seconds
[2024-10-21T21:32:15.258+0700] {processor.py:186} INFO - Started process (PID=9088) to work on /Users/punny/Documents/GitHub/NYC-Taxi-ETL-Pipeline/.venv/lib/python3.10/site-packages/airflow/example_dags/tutorial_taskflow_api.py
[2024-10-21T21:32:15.261+0700] {processor.py:914} INFO - Processing file /Users/punny/Documents/GitHub/NYC-Taxi-ETL-Pipeline/.venv/lib/python3.10/site-packages/airflow/example_dags/tutorial_taskflow_api.py for tasks to queue
[2024-10-21T21:32:15.262+0700] {logging_mixin.py:190} INFO - [2024-10-21T21:32:15.262+0700] {dagbag.py:588} INFO - Filling up the DagBag from /Users/punny/Documents/GitHub/NYC-Taxi-ETL-Pipeline/.venv/lib/python3.10/site-packages/airflow/example_dags/tutorial_taskflow_api.py
[2024-10-21T21:32:15.306+0700] {processor.py:925} INFO - DAG(s) 'tutorial_taskflow_api' retrieved from /Users/punny/Documents/GitHub/NYC-Taxi-ETL-Pipeline/.venv/lib/python3.10/site-packages/airflow/example_dags/tutorial_taskflow_api.py
[2024-10-21T21:32:15.503+0700] {logging_mixin.py:190} INFO - [2024-10-21T21:32:15.503+0700] {dag.py:3239} INFO - Sync 1 DAGs
[2024-10-21T21:32:15.518+0700] {logging_mixin.py:190} INFO - [2024-10-21T21:32:15.518+0700] {dag.py:4180} INFO - Setting next_dagrun for tutorial_taskflow_api to None, run_after=None
[2024-10-21T21:32:15.542+0700] {processor.py:208} INFO - Processing /Users/punny/Documents/GitHub/NYC-Taxi-ETL-Pipeline/.venv/lib/python3.10/site-packages/airflow/example_dags/tutorial_taskflow_api.py took 0.290 seconds
[2024-10-21T21:35:11.684+0700] {processor.py:186} INFO - Started process (PID=9276) to work on /Users/punny/Documents/GitHub/NYC-Taxi-ETL-Pipeline/.venv/lib/python3.10/site-packages/airflow/example_dags/tutorial_taskflow_api.py
[2024-10-21T21:35:11.687+0700] {processor.py:914} INFO - Processing file /Users/punny/Documents/GitHub/NYC-Taxi-ETL-Pipeline/.venv/lib/python3.10/site-packages/airflow/example_dags/tutorial_taskflow_api.py for tasks to queue
[2024-10-21T21:35:11.688+0700] {logging_mixin.py:190} INFO - [2024-10-21T21:35:11.688+0700] {dagbag.py:588} INFO - Filling up the DagBag from /Users/punny/Documents/GitHub/NYC-Taxi-ETL-Pipeline/.venv/lib/python3.10/site-packages/airflow/example_dags/tutorial_taskflow_api.py
[2024-10-21T21:35:11.733+0700] {processor.py:925} INFO - DAG(s) 'tutorial_taskflow_api' retrieved from /Users/punny/Documents/GitHub/NYC-Taxi-ETL-Pipeline/.venv/lib/python3.10/site-packages/airflow/example_dags/tutorial_taskflow_api.py
[2024-10-21T21:35:11.917+0700] {logging_mixin.py:190} INFO - [2024-10-21T21:35:11.917+0700] {dag.py:3239} INFO - Sync 1 DAGs
[2024-10-21T21:35:11.931+0700] {logging_mixin.py:190} INFO - [2024-10-21T21:35:11.931+0700] {dag.py:4180} INFO - Setting next_dagrun for tutorial_taskflow_api to None, run_after=None
[2024-10-21T21:35:11.952+0700] {processor.py:208} INFO - Processing /Users/punny/Documents/GitHub/NYC-Taxi-ETL-Pipeline/.venv/lib/python3.10/site-packages/airflow/example_dags/tutorial_taskflow_api.py took 0.276 seconds
[2024-10-21T21:38:08.827+0700] {processor.py:186} INFO - Started process (PID=9570) to work on /Users/punny/Documents/GitHub/NYC-Taxi-ETL-Pipeline/.venv/lib/python3.10/site-packages/airflow/example_dags/tutorial_taskflow_api.py
[2024-10-21T21:38:08.830+0700] {processor.py:914} INFO - Processing file /Users/punny/Documents/GitHub/NYC-Taxi-ETL-Pipeline/.venv/lib/python3.10/site-packages/airflow/example_dags/tutorial_taskflow_api.py for tasks to queue
[2024-10-21T21:38:08.832+0700] {logging_mixin.py:190} INFO - [2024-10-21T21:38:08.831+0700] {dagbag.py:588} INFO - Filling up the DagBag from /Users/punny/Documents/GitHub/NYC-Taxi-ETL-Pipeline/.venv/lib/python3.10/site-packages/airflow/example_dags/tutorial_taskflow_api.py
[2024-10-21T21:38:08.881+0700] {processor.py:925} INFO - DAG(s) 'tutorial_taskflow_api' retrieved from /Users/punny/Documents/GitHub/NYC-Taxi-ETL-Pipeline/.venv/lib/python3.10/site-packages/airflow/example_dags/tutorial_taskflow_api.py
[2024-10-21T21:38:09.099+0700] {logging_mixin.py:190} INFO - [2024-10-21T21:38:09.098+0700] {dag.py:3239} INFO - Sync 1 DAGs
[2024-10-21T21:38:09.113+0700] {logging_mixin.py:190} INFO - [2024-10-21T21:38:09.112+0700] {dag.py:4180} INFO - Setting next_dagrun for tutorial_taskflow_api to None, run_after=None
[2024-10-21T21:38:09.135+0700] {processor.py:208} INFO - Processing /Users/punny/Documents/GitHub/NYC-Taxi-ETL-Pipeline/.venv/lib/python3.10/site-packages/airflow/example_dags/tutorial_taskflow_api.py took 0.315 seconds
[2024-10-21T21:42:19.227+0700] {processor.py:186} INFO - Started process (PID=9966) to work on /Users/punny/Documents/GitHub/NYC-Taxi-ETL-Pipeline/.venv/lib/python3.10/site-packages/airflow/example_dags/tutorial_taskflow_api.py
[2024-10-21T21:42:19.231+0700] {processor.py:914} INFO - Processing file /Users/punny/Documents/GitHub/NYC-Taxi-ETL-Pipeline/.venv/lib/python3.10/site-packages/airflow/example_dags/tutorial_taskflow_api.py for tasks to queue
[2024-10-21T21:42:19.233+0700] {logging_mixin.py:190} INFO - [2024-10-21T21:42:19.232+0700] {dagbag.py:588} INFO - Filling up the DagBag from /Users/punny/Documents/GitHub/NYC-Taxi-ETL-Pipeline/.venv/lib/python3.10/site-packages/airflow/example_dags/tutorial_taskflow_api.py
[2024-10-21T21:42:19.274+0700] {processor.py:925} INFO - DAG(s) 'tutorial_taskflow_api' retrieved from /Users/punny/Documents/GitHub/NYC-Taxi-ETL-Pipeline/.venv/lib/python3.10/site-packages/airflow/example_dags/tutorial_taskflow_api.py
[2024-10-21T21:42:19.444+0700] {logging_mixin.py:190} INFO - [2024-10-21T21:42:19.444+0700] {dag.py:3239} INFO - Sync 1 DAGs
[2024-10-21T21:42:19.458+0700] {logging_mixin.py:190} INFO - [2024-10-21T21:42:19.458+0700] {dag.py:4180} INFO - Setting next_dagrun for tutorial_taskflow_api to None, run_after=None
[2024-10-21T21:42:19.479+0700] {processor.py:208} INFO - Processing /Users/punny/Documents/GitHub/NYC-Taxi-ETL-Pipeline/.venv/lib/python3.10/site-packages/airflow/example_dags/tutorial_taskflow_api.py took 0.260 seconds
[2024-10-21T21:46:01.506+0700] {processor.py:186} INFO - Started process (PID=10390) to work on /Users/punny/Documents/GitHub/NYC-Taxi-ETL-Pipeline/.venv/lib/python3.10/site-packages/airflow/example_dags/tutorial_taskflow_api.py
[2024-10-21T21:46:01.509+0700] {processor.py:914} INFO - Processing file /Users/punny/Documents/GitHub/NYC-Taxi-ETL-Pipeline/.venv/lib/python3.10/site-packages/airflow/example_dags/tutorial_taskflow_api.py for tasks to queue
[2024-10-21T21:46:01.510+0700] {logging_mixin.py:190} INFO - [2024-10-21T21:46:01.510+0700] {dagbag.py:588} INFO - Filling up the DagBag from /Users/punny/Documents/GitHub/NYC-Taxi-ETL-Pipeline/.venv/lib/python3.10/site-packages/airflow/example_dags/tutorial_taskflow_api.py
[2024-10-21T21:46:01.554+0700] {processor.py:925} INFO - DAG(s) 'tutorial_taskflow_api' retrieved from /Users/punny/Documents/GitHub/NYC-Taxi-ETL-Pipeline/.venv/lib/python3.10/site-packages/airflow/example_dags/tutorial_taskflow_api.py
[2024-10-21T21:46:01.732+0700] {logging_mixin.py:190} INFO - [2024-10-21T21:46:01.732+0700] {dag.py:3239} INFO - Sync 1 DAGs
[2024-10-21T21:46:01.746+0700] {logging_mixin.py:190} INFO - [2024-10-21T21:46:01.746+0700] {dag.py:4180} INFO - Setting next_dagrun for tutorial_taskflow_api to None, run_after=None
[2024-10-21T21:46:01.768+0700] {processor.py:208} INFO - Processing /Users/punny/Documents/GitHub/NYC-Taxi-ETL-Pipeline/.venv/lib/python3.10/site-packages/airflow/example_dags/tutorial_taskflow_api.py took 0.270 seconds
[2024-10-21T21:48:59.881+0700] {processor.py:186} INFO - Started process (PID=10596) to work on /Users/punny/Documents/GitHub/NYC-Taxi-ETL-Pipeline/.venv/lib/python3.10/site-packages/airflow/example_dags/tutorial_taskflow_api.py
[2024-10-21T21:48:59.885+0700] {processor.py:914} INFO - Processing file /Users/punny/Documents/GitHub/NYC-Taxi-ETL-Pipeline/.venv/lib/python3.10/site-packages/airflow/example_dags/tutorial_taskflow_api.py for tasks to queue
[2024-10-21T21:48:59.886+0700] {logging_mixin.py:190} INFO - [2024-10-21T21:48:59.886+0700] {dagbag.py:588} INFO - Filling up the DagBag from /Users/punny/Documents/GitHub/NYC-Taxi-ETL-Pipeline/.venv/lib/python3.10/site-packages/airflow/example_dags/tutorial_taskflow_api.py
[2024-10-21T21:48:59.930+0700] {processor.py:925} INFO - DAG(s) 'tutorial_taskflow_api' retrieved from /Users/punny/Documents/GitHub/NYC-Taxi-ETL-Pipeline/.venv/lib/python3.10/site-packages/airflow/example_dags/tutorial_taskflow_api.py
[2024-10-21T21:49:00.116+0700] {logging_mixin.py:190} INFO - [2024-10-21T21:49:00.116+0700] {dag.py:3239} INFO - Sync 1 DAGs
[2024-10-21T21:49:00.146+0700] {logging_mixin.py:190} INFO - [2024-10-21T21:49:00.145+0700] {dag.py:4180} INFO - Setting next_dagrun for tutorial_taskflow_api to None, run_after=None
[2024-10-21T21:49:00.167+0700] {processor.py:208} INFO - Processing /Users/punny/Documents/GitHub/NYC-Taxi-ETL-Pipeline/.venv/lib/python3.10/site-packages/airflow/example_dags/tutorial_taskflow_api.py took 0.293 seconds
[2024-10-21T21:50:29.288+0700] {processor.py:186} INFO - Started process (PID=10707) to work on /Users/punny/Documents/GitHub/NYC-Taxi-ETL-Pipeline/.venv/lib/python3.10/site-packages/airflow/example_dags/tutorial_taskflow_api.py
[2024-10-21T21:50:29.291+0700] {processor.py:914} INFO - Processing file /Users/punny/Documents/GitHub/NYC-Taxi-ETL-Pipeline/.venv/lib/python3.10/site-packages/airflow/example_dags/tutorial_taskflow_api.py for tasks to queue
[2024-10-21T21:50:29.292+0700] {logging_mixin.py:190} INFO - [2024-10-21T21:50:29.292+0700] {dagbag.py:588} INFO - Filling up the DagBag from /Users/punny/Documents/GitHub/NYC-Taxi-ETL-Pipeline/.venv/lib/python3.10/site-packages/airflow/example_dags/tutorial_taskflow_api.py
[2024-10-21T21:50:29.341+0700] {processor.py:925} INFO - DAG(s) 'tutorial_taskflow_api' retrieved from /Users/punny/Documents/GitHub/NYC-Taxi-ETL-Pipeline/.venv/lib/python3.10/site-packages/airflow/example_dags/tutorial_taskflow_api.py
[2024-10-21T21:50:29.524+0700] {logging_mixin.py:190} INFO - [2024-10-21T21:50:29.524+0700] {dag.py:3239} INFO - Sync 1 DAGs
[2024-10-21T21:50:29.539+0700] {logging_mixin.py:190} INFO - [2024-10-21T21:50:29.539+0700] {dag.py:4180} INFO - Setting next_dagrun for tutorial_taskflow_api to None, run_after=None
[2024-10-21T21:50:29.561+0700] {processor.py:208} INFO - Processing /Users/punny/Documents/GitHub/NYC-Taxi-ETL-Pipeline/.venv/lib/python3.10/site-packages/airflow/example_dags/tutorial_taskflow_api.py took 0.282 seconds
[2024-10-21T21:54:08.301+0700] {processor.py:186} INFO - Started process (PID=10992) to work on /Users/punny/Documents/GitHub/NYC-Taxi-ETL-Pipeline/.venv/lib/python3.10/site-packages/airflow/example_dags/tutorial_taskflow_api.py
[2024-10-21T21:54:08.304+0700] {processor.py:914} INFO - Processing file /Users/punny/Documents/GitHub/NYC-Taxi-ETL-Pipeline/.venv/lib/python3.10/site-packages/airflow/example_dags/tutorial_taskflow_api.py for tasks to queue
[2024-10-21T21:54:08.306+0700] {logging_mixin.py:190} INFO - [2024-10-21T21:54:08.305+0700] {dagbag.py:588} INFO - Filling up the DagBag from /Users/punny/Documents/GitHub/NYC-Taxi-ETL-Pipeline/.venv/lib/python3.10/site-packages/airflow/example_dags/tutorial_taskflow_api.py
[2024-10-21T21:54:08.349+0700] {processor.py:925} INFO - DAG(s) 'tutorial_taskflow_api' retrieved from /Users/punny/Documents/GitHub/NYC-Taxi-ETL-Pipeline/.venv/lib/python3.10/site-packages/airflow/example_dags/tutorial_taskflow_api.py
[2024-10-21T21:54:08.529+0700] {logging_mixin.py:190} INFO - [2024-10-21T21:54:08.528+0700] {dag.py:3239} INFO - Sync 1 DAGs
[2024-10-21T21:54:08.543+0700] {logging_mixin.py:190} INFO - [2024-10-21T21:54:08.543+0700] {dag.py:4180} INFO - Setting next_dagrun for tutorial_taskflow_api to None, run_after=None
[2024-10-21T21:54:08.564+0700] {processor.py:208} INFO - Processing /Users/punny/Documents/GitHub/NYC-Taxi-ETL-Pipeline/.venv/lib/python3.10/site-packages/airflow/example_dags/tutorial_taskflow_api.py took 0.271 seconds
[2024-10-21T21:58:20.350+0700] {processor.py:186} INFO - Started process (PID=11583) to work on /Users/punny/Documents/GitHub/NYC-Taxi-ETL-Pipeline/.venv/lib/python3.10/site-packages/airflow/example_dags/tutorial_taskflow_api.py
[2024-10-21T21:58:20.354+0700] {processor.py:914} INFO - Processing file /Users/punny/Documents/GitHub/NYC-Taxi-ETL-Pipeline/.venv/lib/python3.10/site-packages/airflow/example_dags/tutorial_taskflow_api.py for tasks to queue
[2024-10-21T21:58:20.355+0700] {logging_mixin.py:190} INFO - [2024-10-21T21:58:20.355+0700] {dagbag.py:588} INFO - Filling up the DagBag from /Users/punny/Documents/GitHub/NYC-Taxi-ETL-Pipeline/.venv/lib/python3.10/site-packages/airflow/example_dags/tutorial_taskflow_api.py
[2024-10-21T21:58:20.405+0700] {processor.py:925} INFO - DAG(s) 'tutorial_taskflow_api' retrieved from /Users/punny/Documents/GitHub/NYC-Taxi-ETL-Pipeline/.venv/lib/python3.10/site-packages/airflow/example_dags/tutorial_taskflow_api.py
[2024-10-21T21:58:20.586+0700] {logging_mixin.py:190} INFO - [2024-10-21T21:58:20.585+0700] {dag.py:3239} INFO - Sync 1 DAGs
[2024-10-21T21:58:20.600+0700] {logging_mixin.py:190} INFO - [2024-10-21T21:58:20.600+0700] {dag.py:4180} INFO - Setting next_dagrun for tutorial_taskflow_api to None, run_after=None
[2024-10-21T21:58:20.623+0700] {processor.py:208} INFO - Processing /Users/punny/Documents/GitHub/NYC-Taxi-ETL-Pipeline/.venv/lib/python3.10/site-packages/airflow/example_dags/tutorial_taskflow_api.py took 0.282 seconds
[2024-10-21T22:15:53.740+0700] {processor.py:186} INFO - Started process (PID=11991) to work on /Users/punny/Documents/GitHub/NYC-Taxi-ETL-Pipeline/.venv/lib/python3.10/site-packages/airflow/example_dags/tutorial_taskflow_api.py
[2024-10-21T22:15:53.744+0700] {processor.py:914} INFO - Processing file /Users/punny/Documents/GitHub/NYC-Taxi-ETL-Pipeline/.venv/lib/python3.10/site-packages/airflow/example_dags/tutorial_taskflow_api.py for tasks to queue
[2024-10-21T22:15:53.745+0700] {logging_mixin.py:190} INFO - [2024-10-21T22:15:53.745+0700] {dagbag.py:588} INFO - Filling up the DagBag from /Users/punny/Documents/GitHub/NYC-Taxi-ETL-Pipeline/.venv/lib/python3.10/site-packages/airflow/example_dags/tutorial_taskflow_api.py
[2024-10-21T22:15:53.798+0700] {processor.py:925} INFO - DAG(s) 'tutorial_taskflow_api' retrieved from /Users/punny/Documents/GitHub/NYC-Taxi-ETL-Pipeline/.venv/lib/python3.10/site-packages/airflow/example_dags/tutorial_taskflow_api.py
[2024-10-21T22:15:54.004+0700] {logging_mixin.py:190} INFO - [2024-10-21T22:15:54.004+0700] {dag.py:3239} INFO - Sync 1 DAGs
[2024-10-21T22:15:54.019+0700] {logging_mixin.py:190} INFO - [2024-10-21T22:15:54.019+0700] {dag.py:4180} INFO - Setting next_dagrun for tutorial_taskflow_api to None, run_after=None
[2024-10-21T22:15:54.044+0700] {processor.py:208} INFO - Processing /Users/punny/Documents/GitHub/NYC-Taxi-ETL-Pipeline/.venv/lib/python3.10/site-packages/airflow/example_dags/tutorial_taskflow_api.py took 0.315 seconds
[2024-10-21T22:18:49.583+0700] {processor.py:186} INFO - Started process (PID=12283) to work on /Users/punny/Documents/GitHub/NYC-Taxi-ETL-Pipeline/.venv/lib/python3.10/site-packages/airflow/example_dags/tutorial_taskflow_api.py
[2024-10-21T22:18:49.588+0700] {processor.py:914} INFO - Processing file /Users/punny/Documents/GitHub/NYC-Taxi-ETL-Pipeline/.venv/lib/python3.10/site-packages/airflow/example_dags/tutorial_taskflow_api.py for tasks to queue
[2024-10-21T22:18:49.589+0700] {logging_mixin.py:190} INFO - [2024-10-21T22:18:49.589+0700] {dagbag.py:588} INFO - Filling up the DagBag from /Users/punny/Documents/GitHub/NYC-Taxi-ETL-Pipeline/.venv/lib/python3.10/site-packages/airflow/example_dags/tutorial_taskflow_api.py
[2024-10-21T22:18:49.635+0700] {processor.py:925} INFO - DAG(s) 'tutorial_taskflow_api' retrieved from /Users/punny/Documents/GitHub/NYC-Taxi-ETL-Pipeline/.venv/lib/python3.10/site-packages/airflow/example_dags/tutorial_taskflow_api.py
[2024-10-21T22:18:49.817+0700] {logging_mixin.py:190} INFO - [2024-10-21T22:18:49.816+0700] {dag.py:3239} INFO - Sync 1 DAGs
[2024-10-21T22:18:49.832+0700] {logging_mixin.py:190} INFO - [2024-10-21T22:18:49.832+0700] {dag.py:4180} INFO - Setting next_dagrun for tutorial_taskflow_api to None, run_after=None
[2024-10-21T22:18:49.856+0700] {processor.py:208} INFO - Processing /Users/punny/Documents/GitHub/NYC-Taxi-ETL-Pipeline/.venv/lib/python3.10/site-packages/airflow/example_dags/tutorial_taskflow_api.py took 0.283 seconds
[2024-10-21T22:23:20.587+0700] {processor.py:186} INFO - Started process (PID=12933) to work on /Users/punny/Documents/GitHub/NYC-Taxi-ETL-Pipeline/.venv/lib/python3.10/site-packages/airflow/example_dags/tutorial_taskflow_api.py
[2024-10-21T22:23:20.592+0700] {processor.py:914} INFO - Processing file /Users/punny/Documents/GitHub/NYC-Taxi-ETL-Pipeline/.venv/lib/python3.10/site-packages/airflow/example_dags/tutorial_taskflow_api.py for tasks to queue
[2024-10-21T22:23:20.596+0700] {logging_mixin.py:190} INFO - [2024-10-21T22:23:20.595+0700] {dagbag.py:588} INFO - Filling up the DagBag from /Users/punny/Documents/GitHub/NYC-Taxi-ETL-Pipeline/.venv/lib/python3.10/site-packages/airflow/example_dags/tutorial_taskflow_api.py
[2024-10-21T22:23:20.733+0700] {processor.py:925} INFO - DAG(s) 'tutorial_taskflow_api' retrieved from /Users/punny/Documents/GitHub/NYC-Taxi-ETL-Pipeline/.venv/lib/python3.10/site-packages/airflow/example_dags/tutorial_taskflow_api.py
[2024-10-21T22:23:21.235+0700] {logging_mixin.py:190} INFO - [2024-10-21T22:23:21.234+0700] {dag.py:3239} INFO - Sync 1 DAGs
[2024-10-21T22:23:21.277+0700] {logging_mixin.py:190} INFO - [2024-10-21T22:23:21.276+0700] {dag.py:4180} INFO - Setting next_dagrun for tutorial_taskflow_api to None, run_after=None
[2024-10-21T22:23:21.331+0700] {processor.py:208} INFO - Processing /Users/punny/Documents/GitHub/NYC-Taxi-ETL-Pipeline/.venv/lib/python3.10/site-packages/airflow/example_dags/tutorial_taskflow_api.py took 0.752 seconds
[2024-10-21T22:27:48.524+0700] {processor.py:186} INFO - Started process (PID=13451) to work on /Users/punny/Documents/GitHub/NYC-Taxi-ETL-Pipeline/.venv/lib/python3.10/site-packages/airflow/example_dags/tutorial_taskflow_api.py
[2024-10-21T22:27:48.527+0700] {processor.py:914} INFO - Processing file /Users/punny/Documents/GitHub/NYC-Taxi-ETL-Pipeline/.venv/lib/python3.10/site-packages/airflow/example_dags/tutorial_taskflow_api.py for tasks to queue
[2024-10-21T22:27:48.528+0700] {logging_mixin.py:190} INFO - [2024-10-21T22:27:48.528+0700] {dagbag.py:588} INFO - Filling up the DagBag from /Users/punny/Documents/GitHub/NYC-Taxi-ETL-Pipeline/.venv/lib/python3.10/site-packages/airflow/example_dags/tutorial_taskflow_api.py
[2024-10-21T22:27:48.580+0700] {processor.py:925} INFO - DAG(s) 'tutorial_taskflow_api' retrieved from /Users/punny/Documents/GitHub/NYC-Taxi-ETL-Pipeline/.venv/lib/python3.10/site-packages/airflow/example_dags/tutorial_taskflow_api.py
[2024-10-21T22:27:48.774+0700] {logging_mixin.py:190} INFO - [2024-10-21T22:27:48.773+0700] {dag.py:3239} INFO - Sync 1 DAGs
[2024-10-21T22:27:48.789+0700] {logging_mixin.py:190} INFO - [2024-10-21T22:27:48.789+0700] {dag.py:4180} INFO - Setting next_dagrun for tutorial_taskflow_api to None, run_after=None
[2024-10-21T22:27:48.812+0700] {processor.py:208} INFO - Processing /Users/punny/Documents/GitHub/NYC-Taxi-ETL-Pipeline/.venv/lib/python3.10/site-packages/airflow/example_dags/tutorial_taskflow_api.py took 0.296 seconds
[2024-10-21T22:30:45.250+0700] {processor.py:186} INFO - Started process (PID=13674) to work on /Users/punny/Documents/GitHub/NYC-Taxi-ETL-Pipeline/.venv/lib/python3.10/site-packages/airflow/example_dags/tutorial_taskflow_api.py
[2024-10-21T22:30:45.253+0700] {processor.py:914} INFO - Processing file /Users/punny/Documents/GitHub/NYC-Taxi-ETL-Pipeline/.venv/lib/python3.10/site-packages/airflow/example_dags/tutorial_taskflow_api.py for tasks to queue
[2024-10-21T22:30:45.254+0700] {logging_mixin.py:190} INFO - [2024-10-21T22:30:45.254+0700] {dagbag.py:588} INFO - Filling up the DagBag from /Users/punny/Documents/GitHub/NYC-Taxi-ETL-Pipeline/.venv/lib/python3.10/site-packages/airflow/example_dags/tutorial_taskflow_api.py
[2024-10-21T22:30:45.303+0700] {processor.py:925} INFO - DAG(s) 'tutorial_taskflow_api' retrieved from /Users/punny/Documents/GitHub/NYC-Taxi-ETL-Pipeline/.venv/lib/python3.10/site-packages/airflow/example_dags/tutorial_taskflow_api.py
[2024-10-21T22:30:45.499+0700] {logging_mixin.py:190} INFO - [2024-10-21T22:30:45.499+0700] {dag.py:3239} INFO - Sync 1 DAGs
[2024-10-21T22:30:45.514+0700] {logging_mixin.py:190} INFO - [2024-10-21T22:30:45.514+0700] {dag.py:4180} INFO - Setting next_dagrun for tutorial_taskflow_api to None, run_after=None
[2024-10-21T22:30:45.535+0700] {processor.py:208} INFO - Processing /Users/punny/Documents/GitHub/NYC-Taxi-ETL-Pipeline/.venv/lib/python3.10/site-packages/airflow/example_dags/tutorial_taskflow_api.py took 0.293 seconds
[2024-10-21T22:33:41.291+0700] {processor.py:186} INFO - Started process (PID=13855) to work on /Users/punny/Documents/GitHub/NYC-Taxi-ETL-Pipeline/.venv/lib/python3.10/site-packages/airflow/example_dags/tutorial_taskflow_api.py
[2024-10-21T22:33:41.295+0700] {processor.py:914} INFO - Processing file /Users/punny/Documents/GitHub/NYC-Taxi-ETL-Pipeline/.venv/lib/python3.10/site-packages/airflow/example_dags/tutorial_taskflow_api.py for tasks to queue
[2024-10-21T22:33:41.296+0700] {logging_mixin.py:190} INFO - [2024-10-21T22:33:41.296+0700] {dagbag.py:588} INFO - Filling up the DagBag from /Users/punny/Documents/GitHub/NYC-Taxi-ETL-Pipeline/.venv/lib/python3.10/site-packages/airflow/example_dags/tutorial_taskflow_api.py
[2024-10-21T22:33:41.338+0700] {processor.py:925} INFO - DAG(s) 'tutorial_taskflow_api' retrieved from /Users/punny/Documents/GitHub/NYC-Taxi-ETL-Pipeline/.venv/lib/python3.10/site-packages/airflow/example_dags/tutorial_taskflow_api.py
[2024-10-21T22:33:41.527+0700] {logging_mixin.py:190} INFO - [2024-10-21T22:33:41.527+0700] {dag.py:3239} INFO - Sync 1 DAGs
[2024-10-21T22:33:41.543+0700] {logging_mixin.py:190} INFO - [2024-10-21T22:33:41.543+0700] {dag.py:4180} INFO - Setting next_dagrun for tutorial_taskflow_api to None, run_after=None
[2024-10-21T22:33:41.568+0700] {processor.py:208} INFO - Processing /Users/punny/Documents/GitHub/NYC-Taxi-ETL-Pipeline/.venv/lib/python3.10/site-packages/airflow/example_dags/tutorial_taskflow_api.py took 0.286 seconds
