[2024-10-21T12:21:06.957+0700] {processor.py:186} INFO - Started process (PID=34004) to work on /Users/punny/Documents/GitHub/NYC-Taxi-ETL-Pipeline/.venv/lib/python3.10/site-packages/airflow/example_dags/tutorial.py
[2024-10-21T12:21:06.960+0700] {processor.py:914} INFO - Processing file /Users/punny/Documents/GitHub/NYC-Taxi-ETL-Pipeline/.venv/lib/python3.10/site-packages/airflow/example_dags/tutorial.py for tasks to queue
[2024-10-21T12:21:06.961+0700] {logging_mixin.py:190} INFO - [2024-10-21T12:21:06.961+0700] {dagbag.py:588} INFO - Filling up the DagBag from /Users/punny/Documents/GitHub/NYC-Taxi-ETL-Pipeline/.venv/lib/python3.10/site-packages/airflow/example_dags/tutorial.py
[2024-10-21T12:21:06.975+0700] {processor.py:925} INFO - DAG(s) 'tutorial' retrieved from /Users/punny/Documents/GitHub/NYC-Taxi-ETL-Pipeline/.venv/lib/python3.10/site-packages/airflow/example_dags/tutorial.py
[2024-10-21T12:21:07.223+0700] {logging_mixin.py:190} INFO - [2024-10-21T12:21:07.223+0700] {dag.py:3239} INFO - Sync 1 DAGs
[2024-10-21T12:21:07.254+0700] {logging_mixin.py:190} INFO - [2024-10-21T12:21:07.253+0700] {dag.py:4180} INFO - Setting next_dagrun for tutorial to 2024-10-20 00:00:00+00:00, run_after=2024-10-21 00:00:00+00:00
[2024-10-21T12:21:07.283+0700] {processor.py:208} INFO - Processing /Users/punny/Documents/GitHub/NYC-Taxi-ETL-Pipeline/.venv/lib/python3.10/site-packages/airflow/example_dags/tutorial.py took 0.339 seconds
[2024-10-21T13:41:48.332+0700] {processor.py:186} INFO - Started process (PID=34854) to work on /Users/punny/Documents/GitHub/NYC-Taxi-ETL-Pipeline/.venv/lib/python3.10/site-packages/airflow/example_dags/tutorial.py
[2024-10-21T13:41:48.336+0700] {processor.py:914} INFO - Processing file /Users/punny/Documents/GitHub/NYC-Taxi-ETL-Pipeline/.venv/lib/python3.10/site-packages/airflow/example_dags/tutorial.py for tasks to queue
[2024-10-21T13:41:48.338+0700] {logging_mixin.py:190} INFO - [2024-10-21T13:41:48.338+0700] {dagbag.py:588} INFO - Filling up the DagBag from /Users/punny/Documents/GitHub/NYC-Taxi-ETL-Pipeline/.venv/lib/python3.10/site-packages/airflow/example_dags/tutorial.py
[2024-10-21T13:41:48.355+0700] {processor.py:925} INFO - DAG(s) 'tutorial' retrieved from /Users/punny/Documents/GitHub/NYC-Taxi-ETL-Pipeline/.venv/lib/python3.10/site-packages/airflow/example_dags/tutorial.py
[2024-10-21T13:41:48.632+0700] {logging_mixin.py:190} INFO - [2024-10-21T13:41:48.631+0700] {dag.py:3239} INFO - Sync 1 DAGs
[2024-10-21T13:41:48.674+0700] {logging_mixin.py:190} INFO - [2024-10-21T13:41:48.673+0700] {dag.py:4180} INFO - Setting next_dagrun for tutorial to 2024-10-20 00:00:00+00:00, run_after=2024-10-21 00:00:00+00:00
[2024-10-21T13:41:48.711+0700] {processor.py:208} INFO - Processing /Users/punny/Documents/GitHub/NYC-Taxi-ETL-Pipeline/.venv/lib/python3.10/site-packages/airflow/example_dags/tutorial.py took 0.393 seconds
[2024-10-21T14:39:45.250+0700] {processor.py:186} INFO - Started process (PID=35614) to work on /Users/punny/Documents/GitHub/NYC-Taxi-ETL-Pipeline/.venv/lib/python3.10/site-packages/airflow/example_dags/tutorial.py
[2024-10-21T14:39:45.260+0700] {processor.py:914} INFO - Processing file /Users/punny/Documents/GitHub/NYC-Taxi-ETL-Pipeline/.venv/lib/python3.10/site-packages/airflow/example_dags/tutorial.py for tasks to queue
[2024-10-21T14:39:45.262+0700] {logging_mixin.py:190} INFO - [2024-10-21T14:39:45.262+0700] {dagbag.py:588} INFO - Filling up the DagBag from /Users/punny/Documents/GitHub/NYC-Taxi-ETL-Pipeline/.venv/lib/python3.10/site-packages/airflow/example_dags/tutorial.py
[2024-10-21T14:39:45.284+0700] {processor.py:925} INFO - DAG(s) 'tutorial' retrieved from /Users/punny/Documents/GitHub/NYC-Taxi-ETL-Pipeline/.venv/lib/python3.10/site-packages/airflow/example_dags/tutorial.py
[2024-10-21T14:39:45.554+0700] {logging_mixin.py:190} INFO - [2024-10-21T14:39:45.554+0700] {dag.py:3239} INFO - Sync 1 DAGs
[2024-10-21T14:39:45.586+0700] {logging_mixin.py:190} INFO - [2024-10-21T14:39:45.585+0700] {dag.py:4180} INFO - Setting next_dagrun for tutorial to 2024-10-20 00:00:00+00:00, run_after=2024-10-21 00:00:00+00:00
[2024-10-21T14:39:45.632+0700] {processor.py:208} INFO - Processing /Users/punny/Documents/GitHub/NYC-Taxi-ETL-Pipeline/.venv/lib/python3.10/site-packages/airflow/example_dags/tutorial.py took 0.395 seconds
[2024-10-21T14:51:02.642+0700] {processor.py:186} INFO - Started process (PID=36342) to work on /Users/punny/Documents/GitHub/NYC-Taxi-ETL-Pipeline/.venv/lib/python3.10/site-packages/airflow/example_dags/tutorial.py
[2024-10-21T14:51:02.646+0700] {processor.py:914} INFO - Processing file /Users/punny/Documents/GitHub/NYC-Taxi-ETL-Pipeline/.venv/lib/python3.10/site-packages/airflow/example_dags/tutorial.py for tasks to queue
[2024-10-21T14:51:02.647+0700] {logging_mixin.py:190} INFO - [2024-10-21T14:51:02.647+0700] {dagbag.py:588} INFO - Filling up the DagBag from /Users/punny/Documents/GitHub/NYC-Taxi-ETL-Pipeline/.venv/lib/python3.10/site-packages/airflow/example_dags/tutorial.py
[2024-10-21T14:51:02.657+0700] {processor.py:925} INFO - DAG(s) 'tutorial' retrieved from /Users/punny/Documents/GitHub/NYC-Taxi-ETL-Pipeline/.venv/lib/python3.10/site-packages/airflow/example_dags/tutorial.py
[2024-10-21T14:51:02.883+0700] {logging_mixin.py:190} INFO - [2024-10-21T14:51:02.883+0700] {dag.py:3239} INFO - Sync 1 DAGs
[2024-10-21T14:51:02.908+0700] {logging_mixin.py:190} INFO - [2024-10-21T14:51:02.908+0700] {dag.py:4180} INFO - Setting next_dagrun for tutorial to 2024-10-20 00:00:00+00:00, run_after=2024-10-21 00:00:00+00:00
[2024-10-21T14:51:02.932+0700] {processor.py:208} INFO - Processing /Users/punny/Documents/GitHub/NYC-Taxi-ETL-Pipeline/.venv/lib/python3.10/site-packages/airflow/example_dags/tutorial.py took 0.297 seconds
[2024-10-21T14:54:42.492+0700] {processor.py:186} INFO - Started process (PID=36880) to work on /Users/punny/Documents/GitHub/NYC-Taxi-ETL-Pipeline/.venv/lib/python3.10/site-packages/airflow/example_dags/tutorial.py
[2024-10-21T14:54:42.496+0700] {processor.py:914} INFO - Processing file /Users/punny/Documents/GitHub/NYC-Taxi-ETL-Pipeline/.venv/lib/python3.10/site-packages/airflow/example_dags/tutorial.py for tasks to queue
[2024-10-21T14:54:42.498+0700] {logging_mixin.py:190} INFO - [2024-10-21T14:54:42.498+0700] {dagbag.py:588} INFO - Filling up the DagBag from /Users/punny/Documents/GitHub/NYC-Taxi-ETL-Pipeline/.venv/lib/python3.10/site-packages/airflow/example_dags/tutorial.py
[2024-10-21T14:54:42.509+0700] {processor.py:925} INFO - DAG(s) 'tutorial' retrieved from /Users/punny/Documents/GitHub/NYC-Taxi-ETL-Pipeline/.venv/lib/python3.10/site-packages/airflow/example_dags/tutorial.py
[2024-10-21T14:54:42.704+0700] {logging_mixin.py:190} INFO - [2024-10-21T14:54:42.704+0700] {dag.py:3239} INFO - Sync 1 DAGs
[2024-10-21T14:54:42.727+0700] {logging_mixin.py:190} INFO - [2024-10-21T14:54:42.727+0700] {dag.py:4180} INFO - Setting next_dagrun for tutorial to 2024-10-20 00:00:00+00:00, run_after=2024-10-21 00:00:00+00:00
[2024-10-21T14:54:42.751+0700] {processor.py:208} INFO - Processing /Users/punny/Documents/GitHub/NYC-Taxi-ETL-Pipeline/.venv/lib/python3.10/site-packages/airflow/example_dags/tutorial.py took 0.267 seconds
[2024-10-21T14:59:15.952+0700] {processor.py:186} INFO - Started process (PID=37574) to work on /Users/punny/Documents/GitHub/NYC-Taxi-ETL-Pipeline/.venv/lib/python3.10/site-packages/airflow/example_dags/tutorial.py
[2024-10-21T14:59:15.956+0700] {processor.py:914} INFO - Processing file /Users/punny/Documents/GitHub/NYC-Taxi-ETL-Pipeline/.venv/lib/python3.10/site-packages/airflow/example_dags/tutorial.py for tasks to queue
[2024-10-21T14:59:15.957+0700] {logging_mixin.py:190} INFO - [2024-10-21T14:59:15.957+0700] {dagbag.py:588} INFO - Filling up the DagBag from /Users/punny/Documents/GitHub/NYC-Taxi-ETL-Pipeline/.venv/lib/python3.10/site-packages/airflow/example_dags/tutorial.py
[2024-10-21T14:59:15.970+0700] {processor.py:925} INFO - DAG(s) 'tutorial' retrieved from /Users/punny/Documents/GitHub/NYC-Taxi-ETL-Pipeline/.venv/lib/python3.10/site-packages/airflow/example_dags/tutorial.py
[2024-10-21T14:59:16.234+0700] {logging_mixin.py:190} INFO - [2024-10-21T14:59:16.234+0700] {dag.py:3239} INFO - Sync 1 DAGs
[2024-10-21T14:59:16.265+0700] {logging_mixin.py:190} INFO - [2024-10-21T14:59:16.265+0700] {dag.py:4180} INFO - Setting next_dagrun for tutorial to 2024-10-20 00:00:00+00:00, run_after=2024-10-21 00:00:00+00:00
[2024-10-21T14:59:16.292+0700] {processor.py:208} INFO - Processing /Users/punny/Documents/GitHub/NYC-Taxi-ETL-Pipeline/.venv/lib/python3.10/site-packages/airflow/example_dags/tutorial.py took 0.350 seconds
[2024-10-21T15:04:54.299+0700] {processor.py:186} INFO - Started process (PID=38371) to work on /Users/punny/Documents/GitHub/NYC-Taxi-ETL-Pipeline/.venv/lib/python3.10/site-packages/airflow/example_dags/tutorial.py
[2024-10-21T15:04:54.308+0700] {processor.py:914} INFO - Processing file /Users/punny/Documents/GitHub/NYC-Taxi-ETL-Pipeline/.venv/lib/python3.10/site-packages/airflow/example_dags/tutorial.py for tasks to queue
[2024-10-21T15:04:54.311+0700] {logging_mixin.py:190} INFO - [2024-10-21T15:04:54.310+0700] {dagbag.py:588} INFO - Filling up the DagBag from /Users/punny/Documents/GitHub/NYC-Taxi-ETL-Pipeline/.venv/lib/python3.10/site-packages/airflow/example_dags/tutorial.py
[2024-10-21T15:04:54.332+0700] {processor.py:925} INFO - DAG(s) 'tutorial' retrieved from /Users/punny/Documents/GitHub/NYC-Taxi-ETL-Pipeline/.venv/lib/python3.10/site-packages/airflow/example_dags/tutorial.py
[2024-10-21T15:04:54.614+0700] {logging_mixin.py:190} INFO - [2024-10-21T15:04:54.614+0700] {dag.py:3239} INFO - Sync 1 DAGs
[2024-10-21T15:04:54.649+0700] {logging_mixin.py:190} INFO - [2024-10-21T15:04:54.648+0700] {dag.py:4180} INFO - Setting next_dagrun for tutorial to 2024-10-20 00:00:00+00:00, run_after=2024-10-21 00:00:00+00:00
[2024-10-21T15:04:54.681+0700] {processor.py:208} INFO - Processing /Users/punny/Documents/GitHub/NYC-Taxi-ETL-Pipeline/.venv/lib/python3.10/site-packages/airflow/example_dags/tutorial.py took 0.399 seconds
[2024-10-21T15:09:31.481+0700] {processor.py:186} INFO - Started process (PID=38917) to work on /Users/punny/Documents/GitHub/NYC-Taxi-ETL-Pipeline/.venv/lib/python3.10/site-packages/airflow/example_dags/tutorial.py
[2024-10-21T15:09:31.486+0700] {processor.py:914} INFO - Processing file /Users/punny/Documents/GitHub/NYC-Taxi-ETL-Pipeline/.venv/lib/python3.10/site-packages/airflow/example_dags/tutorial.py for tasks to queue
[2024-10-21T15:09:31.488+0700] {logging_mixin.py:190} INFO - [2024-10-21T15:09:31.488+0700] {dagbag.py:588} INFO - Filling up the DagBag from /Users/punny/Documents/GitHub/NYC-Taxi-ETL-Pipeline/.venv/lib/python3.10/site-packages/airflow/example_dags/tutorial.py
[2024-10-21T15:09:31.523+0700] {processor.py:925} INFO - DAG(s) 'tutorial' retrieved from /Users/punny/Documents/GitHub/NYC-Taxi-ETL-Pipeline/.venv/lib/python3.10/site-packages/airflow/example_dags/tutorial.py
[2024-10-21T15:09:31.876+0700] {logging_mixin.py:190} INFO - [2024-10-21T15:09:31.876+0700] {dag.py:3239} INFO - Sync 1 DAGs
[2024-10-21T15:09:31.913+0700] {logging_mixin.py:190} INFO - [2024-10-21T15:09:31.912+0700] {dag.py:4180} INFO - Setting next_dagrun for tutorial to 2024-10-20 00:00:00+00:00, run_after=2024-10-21 00:00:00+00:00
[2024-10-21T15:09:31.948+0700] {processor.py:208} INFO - Processing /Users/punny/Documents/GitHub/NYC-Taxi-ETL-Pipeline/.venv/lib/python3.10/site-packages/airflow/example_dags/tutorial.py took 0.480 seconds
[2024-10-21T15:13:55.428+0700] {processor.py:186} INFO - Started process (PID=39506) to work on /Users/punny/Documents/GitHub/NYC-Taxi-ETL-Pipeline/.venv/lib/python3.10/site-packages/airflow/example_dags/tutorial.py
[2024-10-21T15:13:55.433+0700] {processor.py:914} INFO - Processing file /Users/punny/Documents/GitHub/NYC-Taxi-ETL-Pipeline/.venv/lib/python3.10/site-packages/airflow/example_dags/tutorial.py for tasks to queue
[2024-10-21T15:13:55.435+0700] {logging_mixin.py:190} INFO - [2024-10-21T15:13:55.435+0700] {dagbag.py:588} INFO - Filling up the DagBag from /Users/punny/Documents/GitHub/NYC-Taxi-ETL-Pipeline/.venv/lib/python3.10/site-packages/airflow/example_dags/tutorial.py
[2024-10-21T15:13:55.449+0700] {processor.py:925} INFO - DAG(s) 'tutorial' retrieved from /Users/punny/Documents/GitHub/NYC-Taxi-ETL-Pipeline/.venv/lib/python3.10/site-packages/airflow/example_dags/tutorial.py
[2024-10-21T15:13:55.762+0700] {logging_mixin.py:190} INFO - [2024-10-21T15:13:55.762+0700] {dag.py:3239} INFO - Sync 1 DAGs
[2024-10-21T15:13:55.795+0700] {logging_mixin.py:190} INFO - [2024-10-21T15:13:55.794+0700] {dag.py:4180} INFO - Setting next_dagrun for tutorial to 2024-10-20 00:00:00+00:00, run_after=2024-10-21 00:00:00+00:00
[2024-10-21T15:13:55.832+0700] {processor.py:208} INFO - Processing /Users/punny/Documents/GitHub/NYC-Taxi-ETL-Pipeline/.venv/lib/python3.10/site-packages/airflow/example_dags/tutorial.py took 0.418 seconds
[2024-10-21T15:18:20.042+0700] {processor.py:186} INFO - Started process (PID=40041) to work on /Users/punny/Documents/GitHub/NYC-Taxi-ETL-Pipeline/.venv/lib/python3.10/site-packages/airflow/example_dags/tutorial.py
[2024-10-21T15:18:20.047+0700] {processor.py:914} INFO - Processing file /Users/punny/Documents/GitHub/NYC-Taxi-ETL-Pipeline/.venv/lib/python3.10/site-packages/airflow/example_dags/tutorial.py for tasks to queue
[2024-10-21T15:18:20.049+0700] {logging_mixin.py:190} INFO - [2024-10-21T15:18:20.049+0700] {dagbag.py:588} INFO - Filling up the DagBag from /Users/punny/Documents/GitHub/NYC-Taxi-ETL-Pipeline/.venv/lib/python3.10/site-packages/airflow/example_dags/tutorial.py
[2024-10-21T15:18:20.062+0700] {processor.py:925} INFO - DAG(s) 'tutorial' retrieved from /Users/punny/Documents/GitHub/NYC-Taxi-ETL-Pipeline/.venv/lib/python3.10/site-packages/airflow/example_dags/tutorial.py
[2024-10-21T15:18:20.340+0700] {logging_mixin.py:190} INFO - [2024-10-21T15:18:20.339+0700] {dag.py:3239} INFO - Sync 1 DAGs
[2024-10-21T15:18:20.379+0700] {logging_mixin.py:190} INFO - [2024-10-21T15:18:20.379+0700] {dag.py:4180} INFO - Setting next_dagrun for tutorial to 2024-10-20 00:00:00+00:00, run_after=2024-10-21 00:00:00+00:00
[2024-10-21T15:18:20.410+0700] {processor.py:208} INFO - Processing /Users/punny/Documents/GitHub/NYC-Taxi-ETL-Pipeline/.venv/lib/python3.10/site-packages/airflow/example_dags/tutorial.py took 0.377 seconds
[2024-10-21T15:22:27.679+0700] {processor.py:186} INFO - Started process (PID=40591) to work on /Users/punny/Documents/GitHub/NYC-Taxi-ETL-Pipeline/.venv/lib/python3.10/site-packages/airflow/example_dags/tutorial.py
[2024-10-21T15:22:27.684+0700] {processor.py:914} INFO - Processing file /Users/punny/Documents/GitHub/NYC-Taxi-ETL-Pipeline/.venv/lib/python3.10/site-packages/airflow/example_dags/tutorial.py for tasks to queue
[2024-10-21T15:22:27.686+0700] {logging_mixin.py:190} INFO - [2024-10-21T15:22:27.685+0700] {dagbag.py:588} INFO - Filling up the DagBag from /Users/punny/Documents/GitHub/NYC-Taxi-ETL-Pipeline/.venv/lib/python3.10/site-packages/airflow/example_dags/tutorial.py
[2024-10-21T15:22:27.703+0700] {processor.py:925} INFO - DAG(s) 'tutorial' retrieved from /Users/punny/Documents/GitHub/NYC-Taxi-ETL-Pipeline/.venv/lib/python3.10/site-packages/airflow/example_dags/tutorial.py
[2024-10-21T15:22:27.972+0700] {logging_mixin.py:190} INFO - [2024-10-21T15:22:27.971+0700] {dag.py:3239} INFO - Sync 1 DAGs
[2024-10-21T15:22:28.005+0700] {logging_mixin.py:190} INFO - [2024-10-21T15:22:28.005+0700] {dag.py:4180} INFO - Setting next_dagrun for tutorial to 2024-10-20 00:00:00+00:00, run_after=2024-10-21 00:00:00+00:00
[2024-10-21T15:22:28.039+0700] {processor.py:208} INFO - Processing /Users/punny/Documents/GitHub/NYC-Taxi-ETL-Pipeline/.venv/lib/python3.10/site-packages/airflow/example_dags/tutorial.py took 0.374 seconds
[2024-10-21T15:26:27.102+0700] {processor.py:186} INFO - Started process (PID=41076) to work on /Users/punny/Documents/GitHub/NYC-Taxi-ETL-Pipeline/.venv/lib/python3.10/site-packages/airflow/example_dags/tutorial.py
[2024-10-21T15:26:27.107+0700] {processor.py:914} INFO - Processing file /Users/punny/Documents/GitHub/NYC-Taxi-ETL-Pipeline/.venv/lib/python3.10/site-packages/airflow/example_dags/tutorial.py for tasks to queue
[2024-10-21T15:26:27.108+0700] {logging_mixin.py:190} INFO - [2024-10-21T15:26:27.108+0700] {dagbag.py:588} INFO - Filling up the DagBag from /Users/punny/Documents/GitHub/NYC-Taxi-ETL-Pipeline/.venv/lib/python3.10/site-packages/airflow/example_dags/tutorial.py
[2024-10-21T15:26:27.126+0700] {processor.py:925} INFO - DAG(s) 'tutorial' retrieved from /Users/punny/Documents/GitHub/NYC-Taxi-ETL-Pipeline/.venv/lib/python3.10/site-packages/airflow/example_dags/tutorial.py
[2024-10-21T15:26:27.437+0700] {logging_mixin.py:190} INFO - [2024-10-21T15:26:27.436+0700] {dag.py:3239} INFO - Sync 1 DAGs
[2024-10-21T15:26:27.467+0700] {logging_mixin.py:190} INFO - [2024-10-21T15:26:27.466+0700] {dag.py:4180} INFO - Setting next_dagrun for tutorial to 2024-10-20 00:00:00+00:00, run_after=2024-10-21 00:00:00+00:00
[2024-10-21T15:26:27.496+0700] {processor.py:208} INFO - Processing /Users/punny/Documents/GitHub/NYC-Taxi-ETL-Pipeline/.venv/lib/python3.10/site-packages/airflow/example_dags/tutorial.py took 0.403 seconds
[2024-10-21T15:30:37.315+0700] {processor.py:186} INFO - Started process (PID=41638) to work on /Users/punny/Documents/GitHub/NYC-Taxi-ETL-Pipeline/.venv/lib/python3.10/site-packages/airflow/example_dags/tutorial.py
[2024-10-21T15:30:37.323+0700] {processor.py:914} INFO - Processing file /Users/punny/Documents/GitHub/NYC-Taxi-ETL-Pipeline/.venv/lib/python3.10/site-packages/airflow/example_dags/tutorial.py for tasks to queue
[2024-10-21T15:30:37.327+0700] {logging_mixin.py:190} INFO - [2024-10-21T15:30:37.326+0700] {dagbag.py:588} INFO - Filling up the DagBag from /Users/punny/Documents/GitHub/NYC-Taxi-ETL-Pipeline/.venv/lib/python3.10/site-packages/airflow/example_dags/tutorial.py
[2024-10-21T15:30:37.350+0700] {processor.py:925} INFO - DAG(s) 'tutorial' retrieved from /Users/punny/Documents/GitHub/NYC-Taxi-ETL-Pipeline/.venv/lib/python3.10/site-packages/airflow/example_dags/tutorial.py
[2024-10-21T15:30:37.606+0700] {logging_mixin.py:190} INFO - [2024-10-21T15:30:37.606+0700] {dag.py:3239} INFO - Sync 1 DAGs
[2024-10-21T15:30:37.640+0700] {logging_mixin.py:190} INFO - [2024-10-21T15:30:37.638+0700] {dag.py:4180} INFO - Setting next_dagrun for tutorial to 2024-10-20 00:00:00+00:00, run_after=2024-10-21 00:00:00+00:00
[2024-10-21T15:30:37.672+0700] {processor.py:208} INFO - Processing /Users/punny/Documents/GitHub/NYC-Taxi-ETL-Pipeline/.venv/lib/python3.10/site-packages/airflow/example_dags/tutorial.py took 0.369 seconds
[2024-10-21T15:34:35.242+0700] {processor.py:186} INFO - Started process (PID=42116) to work on /Users/punny/Documents/GitHub/NYC-Taxi-ETL-Pipeline/.venv/lib/python3.10/site-packages/airflow/example_dags/tutorial.py
[2024-10-21T15:34:35.248+0700] {processor.py:914} INFO - Processing file /Users/punny/Documents/GitHub/NYC-Taxi-ETL-Pipeline/.venv/lib/python3.10/site-packages/airflow/example_dags/tutorial.py for tasks to queue
[2024-10-21T15:34:35.249+0700] {logging_mixin.py:190} INFO - [2024-10-21T15:34:35.249+0700] {dagbag.py:588} INFO - Filling up the DagBag from /Users/punny/Documents/GitHub/NYC-Taxi-ETL-Pipeline/.venv/lib/python3.10/site-packages/airflow/example_dags/tutorial.py
[2024-10-21T15:34:35.265+0700] {processor.py:925} INFO - DAG(s) 'tutorial' retrieved from /Users/punny/Documents/GitHub/NYC-Taxi-ETL-Pipeline/.venv/lib/python3.10/site-packages/airflow/example_dags/tutorial.py
[2024-10-21T15:34:35.540+0700] {logging_mixin.py:190} INFO - [2024-10-21T15:34:35.539+0700] {dag.py:3239} INFO - Sync 1 DAGs
[2024-10-21T15:34:35.573+0700] {logging_mixin.py:190} INFO - [2024-10-21T15:34:35.573+0700] {dag.py:4180} INFO - Setting next_dagrun for tutorial to 2024-10-20 00:00:00+00:00, run_after=2024-10-21 00:00:00+00:00
[2024-10-21T15:34:35.605+0700] {processor.py:208} INFO - Processing /Users/punny/Documents/GitHub/NYC-Taxi-ETL-Pipeline/.venv/lib/python3.10/site-packages/airflow/example_dags/tutorial.py took 0.372 seconds
[2024-10-21T15:38:24.816+0700] {processor.py:186} INFO - Started process (PID=42612) to work on /Users/punny/Documents/GitHub/NYC-Taxi-ETL-Pipeline/.venv/lib/python3.10/site-packages/airflow/example_dags/tutorial.py
[2024-10-21T15:38:24.822+0700] {processor.py:914} INFO - Processing file /Users/punny/Documents/GitHub/NYC-Taxi-ETL-Pipeline/.venv/lib/python3.10/site-packages/airflow/example_dags/tutorial.py for tasks to queue
[2024-10-21T15:38:24.824+0700] {logging_mixin.py:190} INFO - [2024-10-21T15:38:24.823+0700] {dagbag.py:588} INFO - Filling up the DagBag from /Users/punny/Documents/GitHub/NYC-Taxi-ETL-Pipeline/.venv/lib/python3.10/site-packages/airflow/example_dags/tutorial.py
[2024-10-21T15:38:24.838+0700] {processor.py:925} INFO - DAG(s) 'tutorial' retrieved from /Users/punny/Documents/GitHub/NYC-Taxi-ETL-Pipeline/.venv/lib/python3.10/site-packages/airflow/example_dags/tutorial.py
[2024-10-21T15:38:25.116+0700] {logging_mixin.py:190} INFO - [2024-10-21T15:38:25.115+0700] {dag.py:3239} INFO - Sync 1 DAGs
[2024-10-21T15:38:25.150+0700] {logging_mixin.py:190} INFO - [2024-10-21T15:38:25.150+0700] {dag.py:4180} INFO - Setting next_dagrun for tutorial to 2024-10-20 00:00:00+00:00, run_after=2024-10-21 00:00:00+00:00
[2024-10-21T15:38:25.183+0700] {processor.py:208} INFO - Processing /Users/punny/Documents/GitHub/NYC-Taxi-ETL-Pipeline/.venv/lib/python3.10/site-packages/airflow/example_dags/tutorial.py took 0.378 seconds
[2024-10-21T15:42:24.836+0700] {processor.py:186} INFO - Started process (PID=43187) to work on /Users/punny/Documents/GitHub/NYC-Taxi-ETL-Pipeline/.venv/lib/python3.10/site-packages/airflow/example_dags/tutorial.py
[2024-10-21T15:42:24.840+0700] {processor.py:914} INFO - Processing file /Users/punny/Documents/GitHub/NYC-Taxi-ETL-Pipeline/.venv/lib/python3.10/site-packages/airflow/example_dags/tutorial.py for tasks to queue
[2024-10-21T15:42:24.842+0700] {logging_mixin.py:190} INFO - [2024-10-21T15:42:24.842+0700] {dagbag.py:588} INFO - Filling up the DagBag from /Users/punny/Documents/GitHub/NYC-Taxi-ETL-Pipeline/.venv/lib/python3.10/site-packages/airflow/example_dags/tutorial.py
[2024-10-21T15:42:24.860+0700] {processor.py:925} INFO - DAG(s) 'tutorial' retrieved from /Users/punny/Documents/GitHub/NYC-Taxi-ETL-Pipeline/.venv/lib/python3.10/site-packages/airflow/example_dags/tutorial.py
[2024-10-21T15:42:25.135+0700] {logging_mixin.py:190} INFO - [2024-10-21T15:42:25.135+0700] {dag.py:3239} INFO - Sync 1 DAGs
[2024-10-21T15:42:25.170+0700] {logging_mixin.py:190} INFO - [2024-10-21T15:42:25.170+0700] {dag.py:4180} INFO - Setting next_dagrun for tutorial to 2024-10-20 00:00:00+00:00, run_after=2024-10-21 00:00:00+00:00
[2024-10-21T15:42:25.205+0700] {processor.py:208} INFO - Processing /Users/punny/Documents/GitHub/NYC-Taxi-ETL-Pipeline/.venv/lib/python3.10/site-packages/airflow/example_dags/tutorial.py took 0.385 seconds
[2024-10-21T15:46:18.892+0700] {processor.py:186} INFO - Started process (PID=43677) to work on /Users/punny/Documents/GitHub/NYC-Taxi-ETL-Pipeline/.venv/lib/python3.10/site-packages/airflow/example_dags/tutorial.py
[2024-10-21T15:46:18.897+0700] {processor.py:914} INFO - Processing file /Users/punny/Documents/GitHub/NYC-Taxi-ETL-Pipeline/.venv/lib/python3.10/site-packages/airflow/example_dags/tutorial.py for tasks to queue
[2024-10-21T15:46:18.900+0700] {logging_mixin.py:190} INFO - [2024-10-21T15:46:18.900+0700] {dagbag.py:588} INFO - Filling up the DagBag from /Users/punny/Documents/GitHub/NYC-Taxi-ETL-Pipeline/.venv/lib/python3.10/site-packages/airflow/example_dags/tutorial.py
[2024-10-21T15:46:18.917+0700] {processor.py:925} INFO - DAG(s) 'tutorial' retrieved from /Users/punny/Documents/GitHub/NYC-Taxi-ETL-Pipeline/.venv/lib/python3.10/site-packages/airflow/example_dags/tutorial.py
[2024-10-21T15:46:19.204+0700] {logging_mixin.py:190} INFO - [2024-10-21T15:46:19.203+0700] {dag.py:3239} INFO - Sync 1 DAGs
[2024-10-21T15:46:19.235+0700] {logging_mixin.py:190} INFO - [2024-10-21T15:46:19.235+0700] {dag.py:4180} INFO - Setting next_dagrun for tutorial to 2024-10-20 00:00:00+00:00, run_after=2024-10-21 00:00:00+00:00
[2024-10-21T15:46:19.268+0700] {processor.py:208} INFO - Processing /Users/punny/Documents/GitHub/NYC-Taxi-ETL-Pipeline/.venv/lib/python3.10/site-packages/airflow/example_dags/tutorial.py took 0.387 seconds
[2024-10-21T15:50:18.477+0700] {processor.py:186} INFO - Started process (PID=44204) to work on /Users/punny/Documents/GitHub/NYC-Taxi-ETL-Pipeline/.venv/lib/python3.10/site-packages/airflow/example_dags/tutorial.py
[2024-10-21T15:50:18.483+0700] {processor.py:914} INFO - Processing file /Users/punny/Documents/GitHub/NYC-Taxi-ETL-Pipeline/.venv/lib/python3.10/site-packages/airflow/example_dags/tutorial.py for tasks to queue
[2024-10-21T15:50:18.484+0700] {logging_mixin.py:190} INFO - [2024-10-21T15:50:18.483+0700] {dagbag.py:588} INFO - Filling up the DagBag from /Users/punny/Documents/GitHub/NYC-Taxi-ETL-Pipeline/.venv/lib/python3.10/site-packages/airflow/example_dags/tutorial.py
[2024-10-21T15:50:18.498+0700] {processor.py:925} INFO - DAG(s) 'tutorial' retrieved from /Users/punny/Documents/GitHub/NYC-Taxi-ETL-Pipeline/.venv/lib/python3.10/site-packages/airflow/example_dags/tutorial.py
[2024-10-21T15:50:18.829+0700] {logging_mixin.py:190} INFO - [2024-10-21T15:50:18.829+0700] {dag.py:3239} INFO - Sync 1 DAGs
[2024-10-21T15:50:18.862+0700] {logging_mixin.py:190} INFO - [2024-10-21T15:50:18.862+0700] {dag.py:4180} INFO - Setting next_dagrun for tutorial to 2024-10-20 00:00:00+00:00, run_after=2024-10-21 00:00:00+00:00
[2024-10-21T15:50:18.895+0700] {processor.py:208} INFO - Processing /Users/punny/Documents/GitHub/NYC-Taxi-ETL-Pipeline/.venv/lib/python3.10/site-packages/airflow/example_dags/tutorial.py took 0.430 seconds
[2024-10-21T15:54:08.043+0700] {processor.py:186} INFO - Started process (PID=44667) to work on /Users/punny/Documents/GitHub/NYC-Taxi-ETL-Pipeline/.venv/lib/python3.10/site-packages/airflow/example_dags/tutorial.py
[2024-10-21T15:54:08.046+0700] {processor.py:914} INFO - Processing file /Users/punny/Documents/GitHub/NYC-Taxi-ETL-Pipeline/.venv/lib/python3.10/site-packages/airflow/example_dags/tutorial.py for tasks to queue
[2024-10-21T15:54:08.047+0700] {logging_mixin.py:190} INFO - [2024-10-21T15:54:08.047+0700] {dagbag.py:588} INFO - Filling up the DagBag from /Users/punny/Documents/GitHub/NYC-Taxi-ETL-Pipeline/.venv/lib/python3.10/site-packages/airflow/example_dags/tutorial.py
[2024-10-21T15:54:08.062+0700] {processor.py:925} INFO - DAG(s) 'tutorial' retrieved from /Users/punny/Documents/GitHub/NYC-Taxi-ETL-Pipeline/.venv/lib/python3.10/site-packages/airflow/example_dags/tutorial.py
[2024-10-21T15:54:08.326+0700] {logging_mixin.py:190} INFO - [2024-10-21T15:54:08.326+0700] {dag.py:3239} INFO - Sync 1 DAGs
[2024-10-21T15:54:08.356+0700] {logging_mixin.py:190} INFO - [2024-10-21T15:54:08.356+0700] {dag.py:4180} INFO - Setting next_dagrun for tutorial to 2024-10-20 00:00:00+00:00, run_after=2024-10-21 00:00:00+00:00
[2024-10-21T15:54:08.388+0700] {processor.py:208} INFO - Processing /Users/punny/Documents/GitHub/NYC-Taxi-ETL-Pipeline/.venv/lib/python3.10/site-packages/airflow/example_dags/tutorial.py took 0.353 seconds
[2024-10-21T15:58:20.647+0700] {processor.py:186} INFO - Started process (PID=45196) to work on /Users/punny/Documents/GitHub/NYC-Taxi-ETL-Pipeline/.venv/lib/python3.10/site-packages/airflow/example_dags/tutorial.py
[2024-10-21T15:58:20.652+0700] {processor.py:914} INFO - Processing file /Users/punny/Documents/GitHub/NYC-Taxi-ETL-Pipeline/.venv/lib/python3.10/site-packages/airflow/example_dags/tutorial.py for tasks to queue
[2024-10-21T15:58:20.653+0700] {logging_mixin.py:190} INFO - [2024-10-21T15:58:20.653+0700] {dagbag.py:588} INFO - Filling up the DagBag from /Users/punny/Documents/GitHub/NYC-Taxi-ETL-Pipeline/.venv/lib/python3.10/site-packages/airflow/example_dags/tutorial.py
[2024-10-21T15:58:20.667+0700] {processor.py:925} INFO - DAG(s) 'tutorial' retrieved from /Users/punny/Documents/GitHub/NYC-Taxi-ETL-Pipeline/.venv/lib/python3.10/site-packages/airflow/example_dags/tutorial.py
[2024-10-21T15:58:20.942+0700] {logging_mixin.py:190} INFO - [2024-10-21T15:58:20.942+0700] {dag.py:3239} INFO - Sync 1 DAGs
[2024-10-21T15:58:20.976+0700] {logging_mixin.py:190} INFO - [2024-10-21T15:58:20.976+0700] {dag.py:4180} INFO - Setting next_dagrun for tutorial to 2024-10-20 00:00:00+00:00, run_after=2024-10-21 00:00:00+00:00
[2024-10-21T15:58:21.007+0700] {processor.py:208} INFO - Processing /Users/punny/Documents/GitHub/NYC-Taxi-ETL-Pipeline/.venv/lib/python3.10/site-packages/airflow/example_dags/tutorial.py took 0.375 seconds
[2024-10-21T16:02:26.776+0700] {processor.py:186} INFO - Started process (PID=45752) to work on /Users/punny/Documents/GitHub/NYC-Taxi-ETL-Pipeline/.venv/lib/python3.10/site-packages/airflow/example_dags/tutorial.py
[2024-10-21T16:02:26.781+0700] {processor.py:914} INFO - Processing file /Users/punny/Documents/GitHub/NYC-Taxi-ETL-Pipeline/.venv/lib/python3.10/site-packages/airflow/example_dags/tutorial.py for tasks to queue
[2024-10-21T16:02:26.783+0700] {logging_mixin.py:190} INFO - [2024-10-21T16:02:26.783+0700] {dagbag.py:588} INFO - Filling up the DagBag from /Users/punny/Documents/GitHub/NYC-Taxi-ETL-Pipeline/.venv/lib/python3.10/site-packages/airflow/example_dags/tutorial.py
[2024-10-21T16:02:26.794+0700] {processor.py:925} INFO - DAG(s) 'tutorial' retrieved from /Users/punny/Documents/GitHub/NYC-Taxi-ETL-Pipeline/.venv/lib/python3.10/site-packages/airflow/example_dags/tutorial.py
[2024-10-21T16:02:27.070+0700] {logging_mixin.py:190} INFO - [2024-10-21T16:02:27.070+0700] {dag.py:3239} INFO - Sync 1 DAGs
[2024-10-21T16:02:27.106+0700] {logging_mixin.py:190} INFO - [2024-10-21T16:02:27.106+0700] {dag.py:4180} INFO - Setting next_dagrun for tutorial to 2024-10-20 00:00:00+00:00, run_after=2024-10-21 00:00:00+00:00
[2024-10-21T16:02:27.149+0700] {processor.py:208} INFO - Processing /Users/punny/Documents/GitHub/NYC-Taxi-ETL-Pipeline/.venv/lib/python3.10/site-packages/airflow/example_dags/tutorial.py took 0.380 seconds
[2024-10-21T20:36:40.409+0700] {processor.py:186} INFO - Started process (PID=4242) to work on /Users/punny/Documents/GitHub/NYC-Taxi-ETL-Pipeline/.venv/lib/python3.10/site-packages/airflow/example_dags/tutorial.py
[2024-10-21T20:36:40.411+0700] {processor.py:914} INFO - Processing file /Users/punny/Documents/GitHub/NYC-Taxi-ETL-Pipeline/.venv/lib/python3.10/site-packages/airflow/example_dags/tutorial.py for tasks to queue
[2024-10-21T20:36:40.413+0700] {logging_mixin.py:190} INFO - [2024-10-21T20:36:40.412+0700] {dagbag.py:588} INFO - Filling up the DagBag from /Users/punny/Documents/GitHub/NYC-Taxi-ETL-Pipeline/.venv/lib/python3.10/site-packages/airflow/example_dags/tutorial.py
[2024-10-21T20:36:40.423+0700] {processor.py:925} INFO - DAG(s) 'tutorial' retrieved from /Users/punny/Documents/GitHub/NYC-Taxi-ETL-Pipeline/.venv/lib/python3.10/site-packages/airflow/example_dags/tutorial.py
[2024-10-21T20:36:40.618+0700] {logging_mixin.py:190} INFO - [2024-10-21T20:36:40.618+0700] {dag.py:3239} INFO - Sync 1 DAGs
[2024-10-21T20:36:40.645+0700] {logging_mixin.py:190} INFO - [2024-10-21T20:36:40.645+0700] {dag.py:4180} INFO - Setting next_dagrun for tutorial to 2024-10-20 00:00:00+00:00, run_after=2024-10-21 00:00:00+00:00
[2024-10-21T20:36:40.670+0700] {processor.py:208} INFO - Processing /Users/punny/Documents/GitHub/NYC-Taxi-ETL-Pipeline/.venv/lib/python3.10/site-packages/airflow/example_dags/tutorial.py took 0.266 seconds
[2024-10-21T20:40:27.278+0700] {processor.py:186} INFO - Started process (PID=4518) to work on /Users/punny/Documents/GitHub/NYC-Taxi-ETL-Pipeline/.venv/lib/python3.10/site-packages/airflow/example_dags/tutorial.py
[2024-10-21T20:40:27.281+0700] {processor.py:914} INFO - Processing file /Users/punny/Documents/GitHub/NYC-Taxi-ETL-Pipeline/.venv/lib/python3.10/site-packages/airflow/example_dags/tutorial.py for tasks to queue
[2024-10-21T20:40:27.282+0700] {logging_mixin.py:190} INFO - [2024-10-21T20:40:27.282+0700] {dagbag.py:588} INFO - Filling up the DagBag from /Users/punny/Documents/GitHub/NYC-Taxi-ETL-Pipeline/.venv/lib/python3.10/site-packages/airflow/example_dags/tutorial.py
[2024-10-21T20:40:27.295+0700] {processor.py:925} INFO - DAG(s) 'tutorial' retrieved from /Users/punny/Documents/GitHub/NYC-Taxi-ETL-Pipeline/.venv/lib/python3.10/site-packages/airflow/example_dags/tutorial.py
[2024-10-21T20:40:27.488+0700] {logging_mixin.py:190} INFO - [2024-10-21T20:40:27.487+0700] {dag.py:3239} INFO - Sync 1 DAGs
[2024-10-21T20:40:27.511+0700] {logging_mixin.py:190} INFO - [2024-10-21T20:40:27.511+0700] {dag.py:4180} INFO - Setting next_dagrun for tutorial to 2024-10-20 00:00:00+00:00, run_after=2024-10-21 00:00:00+00:00
[2024-10-21T20:40:27.533+0700] {processor.py:208} INFO - Processing /Users/punny/Documents/GitHub/NYC-Taxi-ETL-Pipeline/.venv/lib/python3.10/site-packages/airflow/example_dags/tutorial.py took 0.263 seconds
[2024-10-21T20:44:00.209+0700] {processor.py:186} INFO - Started process (PID=4889) to work on /Users/punny/Documents/GitHub/NYC-Taxi-ETL-Pipeline/.venv/lib/python3.10/site-packages/airflow/example_dags/tutorial.py
[2024-10-21T20:44:00.219+0700] {processor.py:914} INFO - Processing file /Users/punny/Documents/GitHub/NYC-Taxi-ETL-Pipeline/.venv/lib/python3.10/site-packages/airflow/example_dags/tutorial.py for tasks to queue
[2024-10-21T20:44:00.222+0700] {logging_mixin.py:190} INFO - [2024-10-21T20:44:00.221+0700] {dagbag.py:588} INFO - Filling up the DagBag from /Users/punny/Documents/GitHub/NYC-Taxi-ETL-Pipeline/.venv/lib/python3.10/site-packages/airflow/example_dags/tutorial.py
[2024-10-21T20:44:00.271+0700] {processor.py:925} INFO - DAG(s) 'tutorial' retrieved from /Users/punny/Documents/GitHub/NYC-Taxi-ETL-Pipeline/.venv/lib/python3.10/site-packages/airflow/example_dags/tutorial.py
[2024-10-21T20:44:00.823+0700] {logging_mixin.py:190} INFO - [2024-10-21T20:44:00.823+0700] {dag.py:3239} INFO - Sync 1 DAGs
[2024-10-21T20:44:00.853+0700] {logging_mixin.py:190} INFO - [2024-10-21T20:44:00.853+0700] {dag.py:4180} INFO - Setting next_dagrun for tutorial to 2024-10-20 00:00:00+00:00, run_after=2024-10-21 00:00:00+00:00
[2024-10-21T20:44:00.881+0700] {processor.py:208} INFO - Processing /Users/punny/Documents/GitHub/NYC-Taxi-ETL-Pipeline/.venv/lib/python3.10/site-packages/airflow/example_dags/tutorial.py took 0.683 seconds
[2024-10-21T20:47:47.805+0700] {processor.py:186} INFO - Started process (PID=5257) to work on /Users/punny/Documents/GitHub/NYC-Taxi-ETL-Pipeline/.venv/lib/python3.10/site-packages/airflow/example_dags/tutorial.py
[2024-10-21T20:47:47.810+0700] {processor.py:914} INFO - Processing file /Users/punny/Documents/GitHub/NYC-Taxi-ETL-Pipeline/.venv/lib/python3.10/site-packages/airflow/example_dags/tutorial.py for tasks to queue
[2024-10-21T20:47:47.812+0700] {logging_mixin.py:190} INFO - [2024-10-21T20:47:47.811+0700] {dagbag.py:588} INFO - Filling up the DagBag from /Users/punny/Documents/GitHub/NYC-Taxi-ETL-Pipeline/.venv/lib/python3.10/site-packages/airflow/example_dags/tutorial.py
[2024-10-21T20:47:47.823+0700] {processor.py:925} INFO - DAG(s) 'tutorial' retrieved from /Users/punny/Documents/GitHub/NYC-Taxi-ETL-Pipeline/.venv/lib/python3.10/site-packages/airflow/example_dags/tutorial.py
[2024-10-21T20:47:48.007+0700] {logging_mixin.py:190} INFO - [2024-10-21T20:47:48.007+0700] {dag.py:3239} INFO - Sync 1 DAGs
[2024-10-21T20:47:48.030+0700] {logging_mixin.py:190} INFO - [2024-10-21T20:47:48.030+0700] {dag.py:4180} INFO - Setting next_dagrun for tutorial to 2024-10-20 00:00:00+00:00, run_after=2024-10-21 00:00:00+00:00
[2024-10-21T20:47:48.051+0700] {processor.py:208} INFO - Processing /Users/punny/Documents/GitHub/NYC-Taxi-ETL-Pipeline/.venv/lib/python3.10/site-packages/airflow/example_dags/tutorial.py took 0.255 seconds
[2024-10-21T20:51:24.456+0700] {processor.py:186} INFO - Started process (PID=5566) to work on /Users/punny/Documents/GitHub/NYC-Taxi-ETL-Pipeline/.venv/lib/python3.10/site-packages/airflow/example_dags/tutorial.py
[2024-10-21T20:51:24.461+0700] {processor.py:914} INFO - Processing file /Users/punny/Documents/GitHub/NYC-Taxi-ETL-Pipeline/.venv/lib/python3.10/site-packages/airflow/example_dags/tutorial.py for tasks to queue
[2024-10-21T20:51:24.462+0700] {logging_mixin.py:190} INFO - [2024-10-21T20:51:24.462+0700] {dagbag.py:588} INFO - Filling up the DagBag from /Users/punny/Documents/GitHub/NYC-Taxi-ETL-Pipeline/.venv/lib/python3.10/site-packages/airflow/example_dags/tutorial.py
[2024-10-21T20:51:24.473+0700] {processor.py:925} INFO - DAG(s) 'tutorial' retrieved from /Users/punny/Documents/GitHub/NYC-Taxi-ETL-Pipeline/.venv/lib/python3.10/site-packages/airflow/example_dags/tutorial.py
[2024-10-21T20:51:24.680+0700] {logging_mixin.py:190} INFO - [2024-10-21T20:51:24.680+0700] {dag.py:3239} INFO - Sync 1 DAGs
[2024-10-21T20:51:24.705+0700] {logging_mixin.py:190} INFO - [2024-10-21T20:51:24.704+0700] {dag.py:4180} INFO - Setting next_dagrun for tutorial to 2024-10-20 00:00:00+00:00, run_after=2024-10-21 00:00:00+00:00
[2024-10-21T20:51:24.729+0700] {processor.py:208} INFO - Processing /Users/punny/Documents/GitHub/NYC-Taxi-ETL-Pipeline/.venv/lib/python3.10/site-packages/airflow/example_dags/tutorial.py took 0.282 seconds
[2024-10-21T20:55:34.297+0700] {processor.py:186} INFO - Started process (PID=6080) to work on /Users/punny/Documents/GitHub/NYC-Taxi-ETL-Pipeline/.venv/lib/python3.10/site-packages/airflow/example_dags/tutorial.py
[2024-10-21T20:55:34.301+0700] {processor.py:914} INFO - Processing file /Users/punny/Documents/GitHub/NYC-Taxi-ETL-Pipeline/.venv/lib/python3.10/site-packages/airflow/example_dags/tutorial.py for tasks to queue
[2024-10-21T20:55:34.302+0700] {logging_mixin.py:190} INFO - [2024-10-21T20:55:34.302+0700] {dagbag.py:588} INFO - Filling up the DagBag from /Users/punny/Documents/GitHub/NYC-Taxi-ETL-Pipeline/.venv/lib/python3.10/site-packages/airflow/example_dags/tutorial.py
[2024-10-21T20:55:34.313+0700] {processor.py:925} INFO - DAG(s) 'tutorial' retrieved from /Users/punny/Documents/GitHub/NYC-Taxi-ETL-Pipeline/.venv/lib/python3.10/site-packages/airflow/example_dags/tutorial.py
[2024-10-21T20:55:34.497+0700] {logging_mixin.py:190} INFO - [2024-10-21T20:55:34.497+0700] {dag.py:3239} INFO - Sync 1 DAGs
[2024-10-21T20:55:34.519+0700] {logging_mixin.py:190} INFO - [2024-10-21T20:55:34.519+0700] {dag.py:4180} INFO - Setting next_dagrun for tutorial to 2024-10-20 00:00:00+00:00, run_after=2024-10-21 00:00:00+00:00
[2024-10-21T20:55:34.541+0700] {processor.py:208} INFO - Processing /Users/punny/Documents/GitHub/NYC-Taxi-ETL-Pipeline/.venv/lib/python3.10/site-packages/airflow/example_dags/tutorial.py took 0.250 seconds
[2024-10-21T21:00:00.180+0700] {processor.py:186} INFO - Started process (PID=6421) to work on /Users/punny/Documents/GitHub/NYC-Taxi-ETL-Pipeline/.venv/lib/python3.10/site-packages/airflow/example_dags/tutorial.py
[2024-10-21T21:00:00.184+0700] {processor.py:914} INFO - Processing file /Users/punny/Documents/GitHub/NYC-Taxi-ETL-Pipeline/.venv/lib/python3.10/site-packages/airflow/example_dags/tutorial.py for tasks to queue
[2024-10-21T21:00:00.185+0700] {logging_mixin.py:190} INFO - [2024-10-21T21:00:00.185+0700] {dagbag.py:588} INFO - Filling up the DagBag from /Users/punny/Documents/GitHub/NYC-Taxi-ETL-Pipeline/.venv/lib/python3.10/site-packages/airflow/example_dags/tutorial.py
[2024-10-21T21:00:00.196+0700] {processor.py:925} INFO - DAG(s) 'tutorial' retrieved from /Users/punny/Documents/GitHub/NYC-Taxi-ETL-Pipeline/.venv/lib/python3.10/site-packages/airflow/example_dags/tutorial.py
[2024-10-21T21:00:00.381+0700] {logging_mixin.py:190} INFO - [2024-10-21T21:00:00.381+0700] {dag.py:3239} INFO - Sync 1 DAGs
[2024-10-21T21:00:00.403+0700] {logging_mixin.py:190} INFO - [2024-10-21T21:00:00.402+0700] {dag.py:4180} INFO - Setting next_dagrun for tutorial to 2024-10-20 00:00:00+00:00, run_after=2024-10-21 00:00:00+00:00
[2024-10-21T21:00:00.423+0700] {processor.py:208} INFO - Processing /Users/punny/Documents/GitHub/NYC-Taxi-ETL-Pipeline/.venv/lib/python3.10/site-packages/airflow/example_dags/tutorial.py took 0.252 seconds
[2024-10-21T21:04:04.998+0700] {processor.py:186} INFO - Started process (PID=6735) to work on /Users/punny/Documents/GitHub/NYC-Taxi-ETL-Pipeline/.venv/lib/python3.10/site-packages/airflow/example_dags/tutorial.py
[2024-10-21T21:04:05.002+0700] {processor.py:914} INFO - Processing file /Users/punny/Documents/GitHub/NYC-Taxi-ETL-Pipeline/.venv/lib/python3.10/site-packages/airflow/example_dags/tutorial.py for tasks to queue
[2024-10-21T21:04:05.003+0700] {logging_mixin.py:190} INFO - [2024-10-21T21:04:05.003+0700] {dagbag.py:588} INFO - Filling up the DagBag from /Users/punny/Documents/GitHub/NYC-Taxi-ETL-Pipeline/.venv/lib/python3.10/site-packages/airflow/example_dags/tutorial.py
[2024-10-21T21:04:05.014+0700] {processor.py:925} INFO - DAG(s) 'tutorial' retrieved from /Users/punny/Documents/GitHub/NYC-Taxi-ETL-Pipeline/.venv/lib/python3.10/site-packages/airflow/example_dags/tutorial.py
[2024-10-21T21:04:05.204+0700] {logging_mixin.py:190} INFO - [2024-10-21T21:04:05.204+0700] {dag.py:3239} INFO - Sync 1 DAGs
[2024-10-21T21:04:05.227+0700] {logging_mixin.py:190} INFO - [2024-10-21T21:04:05.227+0700] {dag.py:4180} INFO - Setting next_dagrun for tutorial to 2024-10-20 00:00:00+00:00, run_after=2024-10-21 00:00:00+00:00
[2024-10-21T21:04:05.249+0700] {processor.py:208} INFO - Processing /Users/punny/Documents/GitHub/NYC-Taxi-ETL-Pipeline/.venv/lib/python3.10/site-packages/airflow/example_dags/tutorial.py took 0.258 seconds
[2024-10-21T21:07:22.676+0700] {processor.py:186} INFO - Started process (PID=7016) to work on /Users/punny/Documents/GitHub/NYC-Taxi-ETL-Pipeline/.venv/lib/python3.10/site-packages/airflow/example_dags/tutorial.py
[2024-10-21T21:07:22.679+0700] {processor.py:914} INFO - Processing file /Users/punny/Documents/GitHub/NYC-Taxi-ETL-Pipeline/.venv/lib/python3.10/site-packages/airflow/example_dags/tutorial.py for tasks to queue
[2024-10-21T21:07:22.681+0700] {logging_mixin.py:190} INFO - [2024-10-21T21:07:22.680+0700] {dagbag.py:588} INFO - Filling up the DagBag from /Users/punny/Documents/GitHub/NYC-Taxi-ETL-Pipeline/.venv/lib/python3.10/site-packages/airflow/example_dags/tutorial.py
[2024-10-21T21:07:22.695+0700] {processor.py:925} INFO - DAG(s) 'tutorial' retrieved from /Users/punny/Documents/GitHub/NYC-Taxi-ETL-Pipeline/.venv/lib/python3.10/site-packages/airflow/example_dags/tutorial.py
[2024-10-21T21:07:22.907+0700] {logging_mixin.py:190} INFO - [2024-10-21T21:07:22.907+0700] {dag.py:3239} INFO - Sync 1 DAGs
[2024-10-21T21:07:22.933+0700] {logging_mixin.py:190} INFO - [2024-10-21T21:07:22.932+0700] {dag.py:4180} INFO - Setting next_dagrun for tutorial to 2024-10-20 00:00:00+00:00, run_after=2024-10-21 00:00:00+00:00
[2024-10-21T21:07:22.958+0700] {processor.py:208} INFO - Processing /Users/punny/Documents/GitHub/NYC-Taxi-ETL-Pipeline/.venv/lib/python3.10/site-packages/airflow/example_dags/tutorial.py took 0.288 seconds
[2024-10-21T21:10:45.648+0700] {processor.py:186} INFO - Started process (PID=7216) to work on /Users/punny/Documents/GitHub/NYC-Taxi-ETL-Pipeline/.venv/lib/python3.10/site-packages/airflow/example_dags/tutorial.py
[2024-10-21T21:10:45.651+0700] {processor.py:914} INFO - Processing file /Users/punny/Documents/GitHub/NYC-Taxi-ETL-Pipeline/.venv/lib/python3.10/site-packages/airflow/example_dags/tutorial.py for tasks to queue
[2024-10-21T21:10:45.653+0700] {logging_mixin.py:190} INFO - [2024-10-21T21:10:45.652+0700] {dagbag.py:588} INFO - Filling up the DagBag from /Users/punny/Documents/GitHub/NYC-Taxi-ETL-Pipeline/.venv/lib/python3.10/site-packages/airflow/example_dags/tutorial.py
[2024-10-21T21:10:45.664+0700] {processor.py:925} INFO - DAG(s) 'tutorial' retrieved from /Users/punny/Documents/GitHub/NYC-Taxi-ETL-Pipeline/.venv/lib/python3.10/site-packages/airflow/example_dags/tutorial.py
[2024-10-21T21:10:45.853+0700] {logging_mixin.py:190} INFO - [2024-10-21T21:10:45.853+0700] {dag.py:3239} INFO - Sync 1 DAGs
[2024-10-21T21:10:45.875+0700] {logging_mixin.py:190} INFO - [2024-10-21T21:10:45.875+0700] {dag.py:4180} INFO - Setting next_dagrun for tutorial to 2024-10-20 00:00:00+00:00, run_after=2024-10-21 00:00:00+00:00
[2024-10-21T21:10:45.898+0700] {processor.py:208} INFO - Processing /Users/punny/Documents/GitHub/NYC-Taxi-ETL-Pipeline/.venv/lib/python3.10/site-packages/airflow/example_dags/tutorial.py took 0.257 seconds
[2024-10-21T21:13:48.862+0700] {processor.py:186} INFO - Started process (PID=7545) to work on /Users/punny/Documents/GitHub/NYC-Taxi-ETL-Pipeline/.venv/lib/python3.10/site-packages/airflow/example_dags/tutorial.py
[2024-10-21T21:13:48.865+0700] {processor.py:914} INFO - Processing file /Users/punny/Documents/GitHub/NYC-Taxi-ETL-Pipeline/.venv/lib/python3.10/site-packages/airflow/example_dags/tutorial.py for tasks to queue
[2024-10-21T21:13:48.867+0700] {logging_mixin.py:190} INFO - [2024-10-21T21:13:48.867+0700] {dagbag.py:588} INFO - Filling up the DagBag from /Users/punny/Documents/GitHub/NYC-Taxi-ETL-Pipeline/.venv/lib/python3.10/site-packages/airflow/example_dags/tutorial.py
[2024-10-21T21:13:48.877+0700] {processor.py:925} INFO - DAG(s) 'tutorial' retrieved from /Users/punny/Documents/GitHub/NYC-Taxi-ETL-Pipeline/.venv/lib/python3.10/site-packages/airflow/example_dags/tutorial.py
[2024-10-21T21:13:49.088+0700] {logging_mixin.py:190} INFO - [2024-10-21T21:13:49.088+0700] {dag.py:3239} INFO - Sync 1 DAGs
[2024-10-21T21:13:49.114+0700] {logging_mixin.py:190} INFO - [2024-10-21T21:13:49.113+0700] {dag.py:4180} INFO - Setting next_dagrun for tutorial to 2024-10-20 00:00:00+00:00, run_after=2024-10-21 00:00:00+00:00
[2024-10-21T21:13:49.139+0700] {processor.py:208} INFO - Processing /Users/punny/Documents/GitHub/NYC-Taxi-ETL-Pipeline/.venv/lib/python3.10/site-packages/airflow/example_dags/tutorial.py took 0.284 seconds
[2024-10-21T21:17:06.161+0700] {processor.py:186} INFO - Started process (PID=7874) to work on /Users/punny/Documents/GitHub/NYC-Taxi-ETL-Pipeline/.venv/lib/python3.10/site-packages/airflow/example_dags/tutorial.py
[2024-10-21T21:17:06.165+0700] {processor.py:914} INFO - Processing file /Users/punny/Documents/GitHub/NYC-Taxi-ETL-Pipeline/.venv/lib/python3.10/site-packages/airflow/example_dags/tutorial.py for tasks to queue
[2024-10-21T21:17:06.167+0700] {logging_mixin.py:190} INFO - [2024-10-21T21:17:06.166+0700] {dagbag.py:588} INFO - Filling up the DagBag from /Users/punny/Documents/GitHub/NYC-Taxi-ETL-Pipeline/.venv/lib/python3.10/site-packages/airflow/example_dags/tutorial.py
[2024-10-21T21:17:06.180+0700] {processor.py:925} INFO - DAG(s) 'tutorial' retrieved from /Users/punny/Documents/GitHub/NYC-Taxi-ETL-Pipeline/.venv/lib/python3.10/site-packages/airflow/example_dags/tutorial.py
[2024-10-21T21:17:06.436+0700] {logging_mixin.py:190} INFO - [2024-10-21T21:17:06.435+0700] {dag.py:3239} INFO - Sync 1 DAGs
[2024-10-21T21:17:06.467+0700] {logging_mixin.py:190} INFO - [2024-10-21T21:17:06.467+0700] {dag.py:4180} INFO - Setting next_dagrun for tutorial to 2024-10-20 00:00:00+00:00, run_after=2024-10-21 00:00:00+00:00
[2024-10-21T21:17:06.499+0700] {processor.py:208} INFO - Processing /Users/punny/Documents/GitHub/NYC-Taxi-ETL-Pipeline/.venv/lib/python3.10/site-packages/airflow/example_dags/tutorial.py took 0.348 seconds
[2024-10-21T21:20:12.607+0700] {processor.py:186} INFO - Started process (PID=8048) to work on /Users/punny/Documents/GitHub/NYC-Taxi-ETL-Pipeline/.venv/lib/python3.10/site-packages/airflow/example_dags/tutorial.py
[2024-10-21T21:20:12.610+0700] {processor.py:914} INFO - Processing file /Users/punny/Documents/GitHub/NYC-Taxi-ETL-Pipeline/.venv/lib/python3.10/site-packages/airflow/example_dags/tutorial.py for tasks to queue
[2024-10-21T21:20:12.611+0700] {logging_mixin.py:190} INFO - [2024-10-21T21:20:12.611+0700] {dagbag.py:588} INFO - Filling up the DagBag from /Users/punny/Documents/GitHub/NYC-Taxi-ETL-Pipeline/.venv/lib/python3.10/site-packages/airflow/example_dags/tutorial.py
[2024-10-21T21:20:12.621+0700] {processor.py:925} INFO - DAG(s) 'tutorial' retrieved from /Users/punny/Documents/GitHub/NYC-Taxi-ETL-Pipeline/.venv/lib/python3.10/site-packages/airflow/example_dags/tutorial.py
[2024-10-21T21:20:12.821+0700] {logging_mixin.py:190} INFO - [2024-10-21T21:20:12.820+0700] {dag.py:3239} INFO - Sync 1 DAGs
[2024-10-21T21:20:12.844+0700] {logging_mixin.py:190} INFO - [2024-10-21T21:20:12.843+0700] {dag.py:4180} INFO - Setting next_dagrun for tutorial to 2024-10-20 00:00:00+00:00, run_after=2024-10-21 00:00:00+00:00
[2024-10-21T21:20:12.864+0700] {processor.py:208} INFO - Processing /Users/punny/Documents/GitHub/NYC-Taxi-ETL-Pipeline/.venv/lib/python3.10/site-packages/airflow/example_dags/tutorial.py took 0.263 seconds
[2024-10-21T21:23:02.850+0700] {processor.py:186} INFO - Started process (PID=8244) to work on /Users/punny/Documents/GitHub/NYC-Taxi-ETL-Pipeline/.venv/lib/python3.10/site-packages/airflow/example_dags/tutorial.py
[2024-10-21T21:23:02.853+0700] {processor.py:914} INFO - Processing file /Users/punny/Documents/GitHub/NYC-Taxi-ETL-Pipeline/.venv/lib/python3.10/site-packages/airflow/example_dags/tutorial.py for tasks to queue
[2024-10-21T21:23:02.854+0700] {logging_mixin.py:190} INFO - [2024-10-21T21:23:02.854+0700] {dagbag.py:588} INFO - Filling up the DagBag from /Users/punny/Documents/GitHub/NYC-Taxi-ETL-Pipeline/.venv/lib/python3.10/site-packages/airflow/example_dags/tutorial.py
[2024-10-21T21:23:02.865+0700] {processor.py:925} INFO - DAG(s) 'tutorial' retrieved from /Users/punny/Documents/GitHub/NYC-Taxi-ETL-Pipeline/.venv/lib/python3.10/site-packages/airflow/example_dags/tutorial.py
[2024-10-21T21:23:03.062+0700] {logging_mixin.py:190} INFO - [2024-10-21T21:23:03.061+0700] {dag.py:3239} INFO - Sync 1 DAGs
[2024-10-21T21:23:03.086+0700] {logging_mixin.py:190} INFO - [2024-10-21T21:23:03.086+0700] {dag.py:4180} INFO - Setting next_dagrun for tutorial to 2024-10-20 00:00:00+00:00, run_after=2024-10-21 00:00:00+00:00
[2024-10-21T21:23:03.109+0700] {processor.py:208} INFO - Processing /Users/punny/Documents/GitHub/NYC-Taxi-ETL-Pipeline/.venv/lib/python3.10/site-packages/airflow/example_dags/tutorial.py took 0.268 seconds
[2024-10-21T21:26:11.940+0700] {processor.py:186} INFO - Started process (PID=8589) to work on /Users/punny/Documents/GitHub/NYC-Taxi-ETL-Pipeline/.venv/lib/python3.10/site-packages/airflow/example_dags/tutorial.py
[2024-10-21T21:26:11.947+0700] {processor.py:914} INFO - Processing file /Users/punny/Documents/GitHub/NYC-Taxi-ETL-Pipeline/.venv/lib/python3.10/site-packages/airflow/example_dags/tutorial.py for tasks to queue
[2024-10-21T21:26:11.949+0700] {logging_mixin.py:190} INFO - [2024-10-21T21:26:11.949+0700] {dagbag.py:588} INFO - Filling up the DagBag from /Users/punny/Documents/GitHub/NYC-Taxi-ETL-Pipeline/.venv/lib/python3.10/site-packages/airflow/example_dags/tutorial.py
[2024-10-21T21:26:11.993+0700] {processor.py:925} INFO - DAG(s) 'tutorial' retrieved from /Users/punny/Documents/GitHub/NYC-Taxi-ETL-Pipeline/.venv/lib/python3.10/site-packages/airflow/example_dags/tutorial.py
[2024-10-21T21:26:12.395+0700] {logging_mixin.py:190} INFO - [2024-10-21T21:26:12.394+0700] {dag.py:3239} INFO - Sync 1 DAGs
[2024-10-21T21:26:12.427+0700] {logging_mixin.py:190} INFO - [2024-10-21T21:26:12.427+0700] {dag.py:4180} INFO - Setting next_dagrun for tutorial to 2024-10-20 00:00:00+00:00, run_after=2024-10-21 00:00:00+00:00
[2024-10-21T21:26:12.458+0700] {processor.py:208} INFO - Processing /Users/punny/Documents/GitHub/NYC-Taxi-ETL-Pipeline/.venv/lib/python3.10/site-packages/airflow/example_dags/tutorial.py took 0.526 seconds
[2024-10-21T21:29:34.790+0700] {processor.py:186} INFO - Started process (PID=8853) to work on /Users/punny/Documents/GitHub/NYC-Taxi-ETL-Pipeline/.venv/lib/python3.10/site-packages/airflow/example_dags/tutorial.py
[2024-10-21T21:29:34.793+0700] {processor.py:914} INFO - Processing file /Users/punny/Documents/GitHub/NYC-Taxi-ETL-Pipeline/.venv/lib/python3.10/site-packages/airflow/example_dags/tutorial.py for tasks to queue
[2024-10-21T21:29:34.794+0700] {logging_mixin.py:190} INFO - [2024-10-21T21:29:34.794+0700] {dagbag.py:588} INFO - Filling up the DagBag from /Users/punny/Documents/GitHub/NYC-Taxi-ETL-Pipeline/.venv/lib/python3.10/site-packages/airflow/example_dags/tutorial.py
[2024-10-21T21:29:34.805+0700] {processor.py:925} INFO - DAG(s) 'tutorial' retrieved from /Users/punny/Documents/GitHub/NYC-Taxi-ETL-Pipeline/.venv/lib/python3.10/site-packages/airflow/example_dags/tutorial.py
[2024-10-21T21:29:34.989+0700] {logging_mixin.py:190} INFO - [2024-10-21T21:29:34.988+0700] {dag.py:3239} INFO - Sync 1 DAGs
[2024-10-21T21:29:35.010+0700] {logging_mixin.py:190} INFO - [2024-10-21T21:29:35.010+0700] {dag.py:4180} INFO - Setting next_dagrun for tutorial to 2024-10-20 00:00:00+00:00, run_after=2024-10-21 00:00:00+00:00
[2024-10-21T21:29:35.030+0700] {processor.py:208} INFO - Processing /Users/punny/Documents/GitHub/NYC-Taxi-ETL-Pipeline/.venv/lib/python3.10/site-packages/airflow/example_dags/tutorial.py took 0.248 seconds
[2024-10-21T21:32:25.518+0700] {processor.py:186} INFO - Started process (PID=9097) to work on /Users/punny/Documents/GitHub/NYC-Taxi-ETL-Pipeline/.venv/lib/python3.10/site-packages/airflow/example_dags/tutorial.py
[2024-10-21T21:32:25.521+0700] {processor.py:914} INFO - Processing file /Users/punny/Documents/GitHub/NYC-Taxi-ETL-Pipeline/.venv/lib/python3.10/site-packages/airflow/example_dags/tutorial.py for tasks to queue
[2024-10-21T21:32:25.522+0700] {logging_mixin.py:190} INFO - [2024-10-21T21:32:25.522+0700] {dagbag.py:588} INFO - Filling up the DagBag from /Users/punny/Documents/GitHub/NYC-Taxi-ETL-Pipeline/.venv/lib/python3.10/site-packages/airflow/example_dags/tutorial.py
[2024-10-21T21:32:25.532+0700] {processor.py:925} INFO - DAG(s) 'tutorial' retrieved from /Users/punny/Documents/GitHub/NYC-Taxi-ETL-Pipeline/.venv/lib/python3.10/site-packages/airflow/example_dags/tutorial.py
[2024-10-21T21:32:25.713+0700] {logging_mixin.py:190} INFO - [2024-10-21T21:32:25.713+0700] {dag.py:3239} INFO - Sync 1 DAGs
[2024-10-21T21:32:25.735+0700] {logging_mixin.py:190} INFO - [2024-10-21T21:32:25.735+0700] {dag.py:4180} INFO - Setting next_dagrun for tutorial to 2024-10-20 00:00:00+00:00, run_after=2024-10-21 00:00:00+00:00
[2024-10-21T21:32:25.757+0700] {processor.py:208} INFO - Processing /Users/punny/Documents/GitHub/NYC-Taxi-ETL-Pipeline/.venv/lib/python3.10/site-packages/airflow/example_dags/tutorial.py took 0.248 seconds
[2024-10-21T21:35:22.712+0700] {processor.py:186} INFO - Started process (PID=9304) to work on /Users/punny/Documents/GitHub/NYC-Taxi-ETL-Pipeline/.venv/lib/python3.10/site-packages/airflow/example_dags/tutorial.py
[2024-10-21T21:35:22.715+0700] {processor.py:914} INFO - Processing file /Users/punny/Documents/GitHub/NYC-Taxi-ETL-Pipeline/.venv/lib/python3.10/site-packages/airflow/example_dags/tutorial.py for tasks to queue
[2024-10-21T21:35:22.717+0700] {logging_mixin.py:190} INFO - [2024-10-21T21:35:22.716+0700] {dagbag.py:588} INFO - Filling up the DagBag from /Users/punny/Documents/GitHub/NYC-Taxi-ETL-Pipeline/.venv/lib/python3.10/site-packages/airflow/example_dags/tutorial.py
[2024-10-21T21:35:22.727+0700] {processor.py:925} INFO - DAG(s) 'tutorial' retrieved from /Users/punny/Documents/GitHub/NYC-Taxi-ETL-Pipeline/.venv/lib/python3.10/site-packages/airflow/example_dags/tutorial.py
[2024-10-21T21:35:22.919+0700] {logging_mixin.py:190} INFO - [2024-10-21T21:35:22.919+0700] {dag.py:3239} INFO - Sync 1 DAGs
[2024-10-21T21:35:22.941+0700] {logging_mixin.py:190} INFO - [2024-10-21T21:35:22.941+0700] {dag.py:4180} INFO - Setting next_dagrun for tutorial to 2024-10-20 00:00:00+00:00, run_after=2024-10-21 00:00:00+00:00
[2024-10-21T21:35:22.964+0700] {processor.py:208} INFO - Processing /Users/punny/Documents/GitHub/NYC-Taxi-ETL-Pipeline/.venv/lib/python3.10/site-packages/airflow/example_dags/tutorial.py took 0.258 seconds
[2024-10-21T21:38:19.770+0700] {processor.py:186} INFO - Started process (PID=9582) to work on /Users/punny/Documents/GitHub/NYC-Taxi-ETL-Pipeline/.venv/lib/python3.10/site-packages/airflow/example_dags/tutorial.py
[2024-10-21T21:38:19.773+0700] {processor.py:914} INFO - Processing file /Users/punny/Documents/GitHub/NYC-Taxi-ETL-Pipeline/.venv/lib/python3.10/site-packages/airflow/example_dags/tutorial.py for tasks to queue
[2024-10-21T21:38:19.774+0700] {logging_mixin.py:190} INFO - [2024-10-21T21:38:19.774+0700] {dagbag.py:588} INFO - Filling up the DagBag from /Users/punny/Documents/GitHub/NYC-Taxi-ETL-Pipeline/.venv/lib/python3.10/site-packages/airflow/example_dags/tutorial.py
[2024-10-21T21:38:19.787+0700] {processor.py:925} INFO - DAG(s) 'tutorial' retrieved from /Users/punny/Documents/GitHub/NYC-Taxi-ETL-Pipeline/.venv/lib/python3.10/site-packages/airflow/example_dags/tutorial.py
[2024-10-21T21:38:19.982+0700] {logging_mixin.py:190} INFO - [2024-10-21T21:38:19.981+0700] {dag.py:3239} INFO - Sync 1 DAGs
[2024-10-21T21:38:20.004+0700] {logging_mixin.py:190} INFO - [2024-10-21T21:38:20.004+0700] {dag.py:4180} INFO - Setting next_dagrun for tutorial to 2024-10-20 00:00:00+00:00, run_after=2024-10-21 00:00:00+00:00
[2024-10-21T21:38:20.030+0700] {processor.py:208} INFO - Processing /Users/punny/Documents/GitHub/NYC-Taxi-ETL-Pipeline/.venv/lib/python3.10/site-packages/airflow/example_dags/tutorial.py took 0.270 seconds
[2024-10-21T21:42:28.821+0700] {processor.py:186} INFO - Started process (PID=9975) to work on /Users/punny/Documents/GitHub/NYC-Taxi-ETL-Pipeline/.venv/lib/python3.10/site-packages/airflow/example_dags/tutorial.py
[2024-10-21T21:42:28.825+0700] {processor.py:914} INFO - Processing file /Users/punny/Documents/GitHub/NYC-Taxi-ETL-Pipeline/.venv/lib/python3.10/site-packages/airflow/example_dags/tutorial.py for tasks to queue
[2024-10-21T21:42:28.826+0700] {logging_mixin.py:190} INFO - [2024-10-21T21:42:28.826+0700] {dagbag.py:588} INFO - Filling up the DagBag from /Users/punny/Documents/GitHub/NYC-Taxi-ETL-Pipeline/.venv/lib/python3.10/site-packages/airflow/example_dags/tutorial.py
[2024-10-21T21:42:28.836+0700] {processor.py:925} INFO - DAG(s) 'tutorial' retrieved from /Users/punny/Documents/GitHub/NYC-Taxi-ETL-Pipeline/.venv/lib/python3.10/site-packages/airflow/example_dags/tutorial.py
[2024-10-21T21:42:29.009+0700] {logging_mixin.py:190} INFO - [2024-10-21T21:42:29.009+0700] {dag.py:3239} INFO - Sync 1 DAGs
[2024-10-21T21:42:29.030+0700] {logging_mixin.py:190} INFO - [2024-10-21T21:42:29.030+0700] {dag.py:4180} INFO - Setting next_dagrun for tutorial to 2024-10-20 00:00:00+00:00, run_after=2024-10-21 00:00:00+00:00
[2024-10-21T21:42:29.050+0700] {processor.py:208} INFO - Processing /Users/punny/Documents/GitHub/NYC-Taxi-ETL-Pipeline/.venv/lib/python3.10/site-packages/airflow/example_dags/tutorial.py took 0.238 seconds
[2024-10-21T21:46:11.526+0700] {processor.py:186} INFO - Started process (PID=10399) to work on /Users/punny/Documents/GitHub/NYC-Taxi-ETL-Pipeline/.venv/lib/python3.10/site-packages/airflow/example_dags/tutorial.py
[2024-10-21T21:46:11.530+0700] {processor.py:914} INFO - Processing file /Users/punny/Documents/GitHub/NYC-Taxi-ETL-Pipeline/.venv/lib/python3.10/site-packages/airflow/example_dags/tutorial.py for tasks to queue
[2024-10-21T21:46:11.531+0700] {logging_mixin.py:190} INFO - [2024-10-21T21:46:11.531+0700] {dagbag.py:588} INFO - Filling up the DagBag from /Users/punny/Documents/GitHub/NYC-Taxi-ETL-Pipeline/.venv/lib/python3.10/site-packages/airflow/example_dags/tutorial.py
[2024-10-21T21:46:11.541+0700] {processor.py:925} INFO - DAG(s) 'tutorial' retrieved from /Users/punny/Documents/GitHub/NYC-Taxi-ETL-Pipeline/.venv/lib/python3.10/site-packages/airflow/example_dags/tutorial.py
[2024-10-21T21:46:11.724+0700] {logging_mixin.py:190} INFO - [2024-10-21T21:46:11.724+0700] {dag.py:3239} INFO - Sync 1 DAGs
[2024-10-21T21:46:11.745+0700] {logging_mixin.py:190} INFO - [2024-10-21T21:46:11.745+0700] {dag.py:4180} INFO - Setting next_dagrun for tutorial to 2024-10-20 00:00:00+00:00, run_after=2024-10-21 00:00:00+00:00
[2024-10-21T21:46:11.766+0700] {processor.py:208} INFO - Processing /Users/punny/Documents/GitHub/NYC-Taxi-ETL-Pipeline/.venv/lib/python3.10/site-packages/airflow/example_dags/tutorial.py took 0.250 seconds
[2024-10-21T21:49:10.175+0700] {processor.py:186} INFO - Started process (PID=10605) to work on /Users/punny/Documents/GitHub/NYC-Taxi-ETL-Pipeline/.venv/lib/python3.10/site-packages/airflow/example_dags/tutorial.py
[2024-10-21T21:49:10.179+0700] {processor.py:914} INFO - Processing file /Users/punny/Documents/GitHub/NYC-Taxi-ETL-Pipeline/.venv/lib/python3.10/site-packages/airflow/example_dags/tutorial.py for tasks to queue
[2024-10-21T21:49:10.180+0700] {logging_mixin.py:190} INFO - [2024-10-21T21:49:10.180+0700] {dagbag.py:588} INFO - Filling up the DagBag from /Users/punny/Documents/GitHub/NYC-Taxi-ETL-Pipeline/.venv/lib/python3.10/site-packages/airflow/example_dags/tutorial.py
[2024-10-21T21:49:10.190+0700] {processor.py:925} INFO - DAG(s) 'tutorial' retrieved from /Users/punny/Documents/GitHub/NYC-Taxi-ETL-Pipeline/.venv/lib/python3.10/site-packages/airflow/example_dags/tutorial.py
[2024-10-21T21:49:10.365+0700] {logging_mixin.py:190} INFO - [2024-10-21T21:49:10.364+0700] {dag.py:3239} INFO - Sync 1 DAGs
[2024-10-21T21:49:10.386+0700] {logging_mixin.py:190} INFO - [2024-10-21T21:49:10.386+0700] {dag.py:4180} INFO - Setting next_dagrun for tutorial to 2024-10-20 00:00:00+00:00, run_after=2024-10-21 00:00:00+00:00
[2024-10-21T21:49:10.408+0700] {processor.py:208} INFO - Processing /Users/punny/Documents/GitHub/NYC-Taxi-ETL-Pipeline/.venv/lib/python3.10/site-packages/airflow/example_dags/tutorial.py took 0.242 seconds
[2024-10-21T21:50:40.145+0700] {processor.py:186} INFO - Started process (PID=10725) to work on /Users/punny/Documents/GitHub/NYC-Taxi-ETL-Pipeline/.venv/lib/python3.10/site-packages/airflow/example_dags/tutorial.py
[2024-10-21T21:50:40.148+0700] {processor.py:914} INFO - Processing file /Users/punny/Documents/GitHub/NYC-Taxi-ETL-Pipeline/.venv/lib/python3.10/site-packages/airflow/example_dags/tutorial.py for tasks to queue
[2024-10-21T21:50:40.149+0700] {logging_mixin.py:190} INFO - [2024-10-21T21:50:40.149+0700] {dagbag.py:588} INFO - Filling up the DagBag from /Users/punny/Documents/GitHub/NYC-Taxi-ETL-Pipeline/.venv/lib/python3.10/site-packages/airflow/example_dags/tutorial.py
[2024-10-21T21:50:40.159+0700] {processor.py:925} INFO - DAG(s) 'tutorial' retrieved from /Users/punny/Documents/GitHub/NYC-Taxi-ETL-Pipeline/.venv/lib/python3.10/site-packages/airflow/example_dags/tutorial.py
[2024-10-21T21:50:40.351+0700] {logging_mixin.py:190} INFO - [2024-10-21T21:50:40.351+0700] {dag.py:3239} INFO - Sync 1 DAGs
[2024-10-21T21:50:40.374+0700] {logging_mixin.py:190} INFO - [2024-10-21T21:50:40.373+0700] {dag.py:4180} INFO - Setting next_dagrun for tutorial to 2024-10-20 00:00:00+00:00, run_after=2024-10-21 00:00:00+00:00
[2024-10-21T21:50:40.396+0700] {processor.py:208} INFO - Processing /Users/punny/Documents/GitHub/NYC-Taxi-ETL-Pipeline/.venv/lib/python3.10/site-packages/airflow/example_dags/tutorial.py took 0.259 seconds
[2024-10-21T21:54:25.441+0700] {processor.py:186} INFO - Started process (PID=11053) to work on /Users/punny/Documents/GitHub/NYC-Taxi-ETL-Pipeline/.venv/lib/python3.10/site-packages/airflow/example_dags/tutorial.py
[2024-10-21T21:54:25.445+0700] {processor.py:914} INFO - Processing file /Users/punny/Documents/GitHub/NYC-Taxi-ETL-Pipeline/.venv/lib/python3.10/site-packages/airflow/example_dags/tutorial.py for tasks to queue
[2024-10-21T21:54:25.446+0700] {logging_mixin.py:190} INFO - [2024-10-21T21:54:25.446+0700] {dagbag.py:588} INFO - Filling up the DagBag from /Users/punny/Documents/GitHub/NYC-Taxi-ETL-Pipeline/.venv/lib/python3.10/site-packages/airflow/example_dags/tutorial.py
[2024-10-21T21:54:25.455+0700] {processor.py:925} INFO - DAG(s) 'tutorial' retrieved from /Users/punny/Documents/GitHub/NYC-Taxi-ETL-Pipeline/.venv/lib/python3.10/site-packages/airflow/example_dags/tutorial.py
[2024-10-21T21:54:25.636+0700] {logging_mixin.py:190} INFO - [2024-10-21T21:54:25.636+0700] {dag.py:3239} INFO - Sync 1 DAGs
[2024-10-21T21:54:25.659+0700] {logging_mixin.py:190} INFO - [2024-10-21T21:54:25.658+0700] {dag.py:4180} INFO - Setting next_dagrun for tutorial to 2024-10-20 00:00:00+00:00, run_after=2024-10-21 00:00:00+00:00
[2024-10-21T21:54:25.682+0700] {processor.py:208} INFO - Processing /Users/punny/Documents/GitHub/NYC-Taxi-ETL-Pipeline/.venv/lib/python3.10/site-packages/airflow/example_dags/tutorial.py took 0.251 seconds
[2024-10-21T21:58:36.147+0700] {processor.py:186} INFO - Started process (PID=11610) to work on /Users/punny/Documents/GitHub/NYC-Taxi-ETL-Pipeline/.venv/lib/python3.10/site-packages/airflow/example_dags/tutorial.py
[2024-10-21T21:58:36.150+0700] {processor.py:914} INFO - Processing file /Users/punny/Documents/GitHub/NYC-Taxi-ETL-Pipeline/.venv/lib/python3.10/site-packages/airflow/example_dags/tutorial.py for tasks to queue
[2024-10-21T21:58:36.151+0700] {logging_mixin.py:190} INFO - [2024-10-21T21:58:36.151+0700] {dagbag.py:588} INFO - Filling up the DagBag from /Users/punny/Documents/GitHub/NYC-Taxi-ETL-Pipeline/.venv/lib/python3.10/site-packages/airflow/example_dags/tutorial.py
[2024-10-21T21:58:36.162+0700] {processor.py:925} INFO - DAG(s) 'tutorial' retrieved from /Users/punny/Documents/GitHub/NYC-Taxi-ETL-Pipeline/.venv/lib/python3.10/site-packages/airflow/example_dags/tutorial.py
[2024-10-21T21:58:36.357+0700] {logging_mixin.py:190} INFO - [2024-10-21T21:58:36.357+0700] {dag.py:3239} INFO - Sync 1 DAGs
[2024-10-21T21:58:36.383+0700] {logging_mixin.py:190} INFO - [2024-10-21T21:58:36.382+0700] {dag.py:4180} INFO - Setting next_dagrun for tutorial to 2024-10-20 00:00:00+00:00, run_after=2024-10-21 00:00:00+00:00
[2024-10-21T21:58:36.406+0700] {processor.py:208} INFO - Processing /Users/punny/Documents/GitHub/NYC-Taxi-ETL-Pipeline/.venv/lib/python3.10/site-packages/airflow/example_dags/tutorial.py took 0.267 seconds
[2024-10-21T22:16:04.200+0700] {processor.py:186} INFO - Started process (PID=12003) to work on /Users/punny/Documents/GitHub/NYC-Taxi-ETL-Pipeline/.venv/lib/python3.10/site-packages/airflow/example_dags/tutorial.py
[2024-10-21T22:16:04.203+0700] {processor.py:914} INFO - Processing file /Users/punny/Documents/GitHub/NYC-Taxi-ETL-Pipeline/.venv/lib/python3.10/site-packages/airflow/example_dags/tutorial.py for tasks to queue
[2024-10-21T22:16:04.205+0700] {logging_mixin.py:190} INFO - [2024-10-21T22:16:04.204+0700] {dagbag.py:588} INFO - Filling up the DagBag from /Users/punny/Documents/GitHub/NYC-Taxi-ETL-Pipeline/.venv/lib/python3.10/site-packages/airflow/example_dags/tutorial.py
[2024-10-21T22:16:04.215+0700] {processor.py:925} INFO - DAG(s) 'tutorial' retrieved from /Users/punny/Documents/GitHub/NYC-Taxi-ETL-Pipeline/.venv/lib/python3.10/site-packages/airflow/example_dags/tutorial.py
[2024-10-21T22:16:04.419+0700] {logging_mixin.py:190} INFO - [2024-10-21T22:16:04.419+0700] {dag.py:3239} INFO - Sync 1 DAGs
[2024-10-21T22:16:04.443+0700] {logging_mixin.py:190} INFO - [2024-10-21T22:16:04.442+0700] {dag.py:4180} INFO - Setting next_dagrun for tutorial to 2024-10-20 00:00:00+00:00, run_after=2024-10-21 00:00:00+00:00
[2024-10-21T22:16:04.464+0700] {processor.py:208} INFO - Processing /Users/punny/Documents/GitHub/NYC-Taxi-ETL-Pipeline/.venv/lib/python3.10/site-packages/airflow/example_dags/tutorial.py took 0.272 seconds
[2024-10-21T22:18:59.607+0700] {processor.py:186} INFO - Started process (PID=12315) to work on /Users/punny/Documents/GitHub/NYC-Taxi-ETL-Pipeline/.venv/lib/python3.10/site-packages/airflow/example_dags/tutorial.py
[2024-10-21T22:18:59.611+0700] {processor.py:914} INFO - Processing file /Users/punny/Documents/GitHub/NYC-Taxi-ETL-Pipeline/.venv/lib/python3.10/site-packages/airflow/example_dags/tutorial.py for tasks to queue
[2024-10-21T22:18:59.612+0700] {logging_mixin.py:190} INFO - [2024-10-21T22:18:59.611+0700] {dagbag.py:588} INFO - Filling up the DagBag from /Users/punny/Documents/GitHub/NYC-Taxi-ETL-Pipeline/.venv/lib/python3.10/site-packages/airflow/example_dags/tutorial.py
[2024-10-21T22:18:59.621+0700] {processor.py:925} INFO - DAG(s) 'tutorial' retrieved from /Users/punny/Documents/GitHub/NYC-Taxi-ETL-Pipeline/.venv/lib/python3.10/site-packages/airflow/example_dags/tutorial.py
[2024-10-21T22:18:59.803+0700] {logging_mixin.py:190} INFO - [2024-10-21T22:18:59.803+0700] {dag.py:3239} INFO - Sync 1 DAGs
[2024-10-21T22:18:59.825+0700] {logging_mixin.py:190} INFO - [2024-10-21T22:18:59.825+0700] {dag.py:4180} INFO - Setting next_dagrun for tutorial to 2024-10-20 00:00:00+00:00, run_after=2024-10-21 00:00:00+00:00
[2024-10-21T22:18:59.846+0700] {processor.py:208} INFO - Processing /Users/punny/Documents/GitHub/NYC-Taxi-ETL-Pipeline/.venv/lib/python3.10/site-packages/airflow/example_dags/tutorial.py took 0.245 seconds
[2024-10-21T22:23:50.590+0700] {processor.py:186} INFO - Started process (PID=13063) to work on /Users/punny/Documents/GitHub/NYC-Taxi-ETL-Pipeline/.venv/lib/python3.10/site-packages/airflow/example_dags/tutorial.py
[2024-10-21T22:23:50.594+0700] {processor.py:914} INFO - Processing file /Users/punny/Documents/GitHub/NYC-Taxi-ETL-Pipeline/.venv/lib/python3.10/site-packages/airflow/example_dags/tutorial.py for tasks to queue
[2024-10-21T22:23:50.596+0700] {logging_mixin.py:190} INFO - [2024-10-21T22:23:50.595+0700] {dagbag.py:588} INFO - Filling up the DagBag from /Users/punny/Documents/GitHub/NYC-Taxi-ETL-Pipeline/.venv/lib/python3.10/site-packages/airflow/example_dags/tutorial.py
[2024-10-21T22:23:50.606+0700] {processor.py:925} INFO - DAG(s) 'tutorial' retrieved from /Users/punny/Documents/GitHub/NYC-Taxi-ETL-Pipeline/.venv/lib/python3.10/site-packages/airflow/example_dags/tutorial.py
[2024-10-21T22:23:50.848+0700] {logging_mixin.py:190} INFO - [2024-10-21T22:23:50.848+0700] {dag.py:3239} INFO - Sync 1 DAGs
[2024-10-21T22:23:50.871+0700] {logging_mixin.py:190} INFO - [2024-10-21T22:23:50.871+0700] {dag.py:4180} INFO - Setting next_dagrun for tutorial to 2024-10-20 00:00:00+00:00, run_after=2024-10-21 00:00:00+00:00
[2024-10-21T22:23:50.896+0700] {processor.py:208} INFO - Processing /Users/punny/Documents/GitHub/NYC-Taxi-ETL-Pipeline/.venv/lib/python3.10/site-packages/airflow/example_dags/tutorial.py took 0.316 seconds
[2024-10-21T22:28:00.614+0700] {processor.py:186} INFO - Started process (PID=13463) to work on /Users/punny/Documents/GitHub/NYC-Taxi-ETL-Pipeline/.venv/lib/python3.10/site-packages/airflow/example_dags/tutorial.py
[2024-10-21T22:28:00.619+0700] {processor.py:914} INFO - Processing file /Users/punny/Documents/GitHub/NYC-Taxi-ETL-Pipeline/.venv/lib/python3.10/site-packages/airflow/example_dags/tutorial.py for tasks to queue
[2024-10-21T22:28:00.621+0700] {logging_mixin.py:190} INFO - [2024-10-21T22:28:00.620+0700] {dagbag.py:588} INFO - Filling up the DagBag from /Users/punny/Documents/GitHub/NYC-Taxi-ETL-Pipeline/.venv/lib/python3.10/site-packages/airflow/example_dags/tutorial.py
[2024-10-21T22:28:00.633+0700] {processor.py:925} INFO - DAG(s) 'tutorial' retrieved from /Users/punny/Documents/GitHub/NYC-Taxi-ETL-Pipeline/.venv/lib/python3.10/site-packages/airflow/example_dags/tutorial.py
[2024-10-21T22:28:00.824+0700] {logging_mixin.py:190} INFO - [2024-10-21T22:28:00.824+0700] {dag.py:3239} INFO - Sync 1 DAGs
[2024-10-21T22:28:00.846+0700] {logging_mixin.py:190} INFO - [2024-10-21T22:28:00.845+0700] {dag.py:4180} INFO - Setting next_dagrun for tutorial to 2024-10-20 00:00:00+00:00, run_after=2024-10-21 00:00:00+00:00
[2024-10-21T22:28:00.866+0700] {processor.py:208} INFO - Processing /Users/punny/Documents/GitHub/NYC-Taxi-ETL-Pipeline/.venv/lib/python3.10/site-packages/airflow/example_dags/tutorial.py took 0.260 seconds
[2024-10-21T22:30:55.476+0700] {processor.py:186} INFO - Started process (PID=13683) to work on /Users/punny/Documents/GitHub/NYC-Taxi-ETL-Pipeline/.venv/lib/python3.10/site-packages/airflow/example_dags/tutorial.py
[2024-10-21T22:30:55.479+0700] {processor.py:914} INFO - Processing file /Users/punny/Documents/GitHub/NYC-Taxi-ETL-Pipeline/.venv/lib/python3.10/site-packages/airflow/example_dags/tutorial.py for tasks to queue
[2024-10-21T22:30:55.480+0700] {logging_mixin.py:190} INFO - [2024-10-21T22:30:55.480+0700] {dagbag.py:588} INFO - Filling up the DagBag from /Users/punny/Documents/GitHub/NYC-Taxi-ETL-Pipeline/.venv/lib/python3.10/site-packages/airflow/example_dags/tutorial.py
[2024-10-21T22:30:55.490+0700] {processor.py:925} INFO - DAG(s) 'tutorial' retrieved from /Users/punny/Documents/GitHub/NYC-Taxi-ETL-Pipeline/.venv/lib/python3.10/site-packages/airflow/example_dags/tutorial.py
[2024-10-21T22:30:55.677+0700] {logging_mixin.py:190} INFO - [2024-10-21T22:30:55.677+0700] {dag.py:3239} INFO - Sync 1 DAGs
[2024-10-21T22:30:55.699+0700] {logging_mixin.py:190} INFO - [2024-10-21T22:30:55.699+0700] {dag.py:4180} INFO - Setting next_dagrun for tutorial to 2024-10-20 00:00:00+00:00, run_after=2024-10-21 00:00:00+00:00
[2024-10-21T22:30:55.721+0700] {processor.py:208} INFO - Processing /Users/punny/Documents/GitHub/NYC-Taxi-ETL-Pipeline/.venv/lib/python3.10/site-packages/airflow/example_dags/tutorial.py took 0.254 seconds
