[2024-10-20T20:41:31.664+0700] {processor.py:186} INFO - Started process (PID=22426) to work on /Users/punny/Documents/GitHub/NYC-Taxi-ETL-Pipeline/.venv/lib/python3.10/site-packages/airflow/example_dags/subdags/subdag.py
[2024-10-20T20:41:31.667+0700] {processor.py:914} INFO - Processing file /Users/punny/Documents/GitHub/NYC-Taxi-ETL-Pipeline/.venv/lib/python3.10/site-packages/airflow/example_dags/subdags/subdag.py for tasks to queue
[2024-10-20T20:41:31.668+0700] {logging_mixin.py:190} INFO - [2024-10-20T20:41:31.668+0700] {dagbag.py:588} INFO - Filling up the DagBag from /Users/punny/Documents/GitHub/NYC-Taxi-ETL-Pipeline/.venv/lib/python3.10/site-packages/airflow/example_dags/subdags/subdag.py
[2024-10-20T20:41:31.671+0700] {processor.py:927} WARNING - No viable dags retrieved from /Users/punny/Documents/GitHub/NYC-Taxi-ETL-Pipeline/.venv/lib/python3.10/site-packages/airflow/example_dags/subdags/subdag.py
[2024-10-20T20:41:31.853+0700] {processor.py:208} INFO - Processing /Users/punny/Documents/GitHub/NYC-Taxi-ETL-Pipeline/.venv/lib/python3.10/site-packages/airflow/example_dags/subdags/subdag.py took 0.199 seconds
[2024-10-20T20:46:03.887+0700] {processor.py:186} INFO - Started process (PID=23213) to work on /Users/punny/Documents/GitHub/NYC-Taxi-ETL-Pipeline/.venv/lib/python3.10/site-packages/airflow/example_dags/subdags/subdag.py
[2024-10-20T20:46:03.890+0700] {processor.py:914} INFO - Processing file /Users/punny/Documents/GitHub/NYC-Taxi-ETL-Pipeline/.venv/lib/python3.10/site-packages/airflow/example_dags/subdags/subdag.py for tasks to queue
[2024-10-20T20:46:03.891+0700] {logging_mixin.py:190} INFO - [2024-10-20T20:46:03.891+0700] {dagbag.py:588} INFO - Filling up the DagBag from /Users/punny/Documents/GitHub/NYC-Taxi-ETL-Pipeline/.venv/lib/python3.10/site-packages/airflow/example_dags/subdags/subdag.py
[2024-10-20T20:46:03.894+0700] {processor.py:927} WARNING - No viable dags retrieved from /Users/punny/Documents/GitHub/NYC-Taxi-ETL-Pipeline/.venv/lib/python3.10/site-packages/airflow/example_dags/subdags/subdag.py
[2024-10-20T20:46:04.086+0700] {processor.py:208} INFO - Processing /Users/punny/Documents/GitHub/NYC-Taxi-ETL-Pipeline/.venv/lib/python3.10/site-packages/airflow/example_dags/subdags/subdag.py took 0.208 seconds
[2024-10-20T20:49:21.051+0700] {processor.py:186} INFO - Started process (PID=23685) to work on /Users/punny/Documents/GitHub/NYC-Taxi-ETL-Pipeline/.venv/lib/python3.10/site-packages/airflow/example_dags/subdags/subdag.py
[2024-10-20T20:49:21.053+0700] {processor.py:914} INFO - Processing file /Users/punny/Documents/GitHub/NYC-Taxi-ETL-Pipeline/.venv/lib/python3.10/site-packages/airflow/example_dags/subdags/subdag.py for tasks to queue
[2024-10-20T20:49:21.054+0700] {logging_mixin.py:190} INFO - [2024-10-20T20:49:21.054+0700] {dagbag.py:588} INFO - Filling up the DagBag from /Users/punny/Documents/GitHub/NYC-Taxi-ETL-Pipeline/.venv/lib/python3.10/site-packages/airflow/example_dags/subdags/subdag.py
[2024-10-20T20:49:21.059+0700] {processor.py:927} WARNING - No viable dags retrieved from /Users/punny/Documents/GitHub/NYC-Taxi-ETL-Pipeline/.venv/lib/python3.10/site-packages/airflow/example_dags/subdags/subdag.py
[2024-10-20T20:49:21.308+0700] {processor.py:208} INFO - Processing /Users/punny/Documents/GitHub/NYC-Taxi-ETL-Pipeline/.venv/lib/python3.10/site-packages/airflow/example_dags/subdags/subdag.py took 0.263 seconds
[2024-10-20T20:52:34.771+0700] {processor.py:186} INFO - Started process (PID=24123) to work on /Users/punny/Documents/GitHub/NYC-Taxi-ETL-Pipeline/.venv/lib/python3.10/site-packages/airflow/example_dags/subdags/subdag.py
[2024-10-20T20:52:34.774+0700] {processor.py:914} INFO - Processing file /Users/punny/Documents/GitHub/NYC-Taxi-ETL-Pipeline/.venv/lib/python3.10/site-packages/airflow/example_dags/subdags/subdag.py for tasks to queue
[2024-10-20T20:52:34.775+0700] {logging_mixin.py:190} INFO - [2024-10-20T20:52:34.775+0700] {dagbag.py:588} INFO - Filling up the DagBag from /Users/punny/Documents/GitHub/NYC-Taxi-ETL-Pipeline/.venv/lib/python3.10/site-packages/airflow/example_dags/subdags/subdag.py
[2024-10-20T20:52:34.778+0700] {processor.py:927} WARNING - No viable dags retrieved from /Users/punny/Documents/GitHub/NYC-Taxi-ETL-Pipeline/.venv/lib/python3.10/site-packages/airflow/example_dags/subdags/subdag.py
[2024-10-20T20:52:35.002+0700] {processor.py:208} INFO - Processing /Users/punny/Documents/GitHub/NYC-Taxi-ETL-Pipeline/.venv/lib/python3.10/site-packages/airflow/example_dags/subdags/subdag.py took 0.242 seconds
[2024-10-20T20:56:00.925+0700] {processor.py:186} INFO - Started process (PID=24646) to work on /Users/punny/Documents/GitHub/NYC-Taxi-ETL-Pipeline/.venv/lib/python3.10/site-packages/airflow/example_dags/subdags/subdag.py
[2024-10-20T20:56:00.928+0700] {processor.py:914} INFO - Processing file /Users/punny/Documents/GitHub/NYC-Taxi-ETL-Pipeline/.venv/lib/python3.10/site-packages/airflow/example_dags/subdags/subdag.py for tasks to queue
[2024-10-20T20:56:00.929+0700] {logging_mixin.py:190} INFO - [2024-10-20T20:56:00.929+0700] {dagbag.py:588} INFO - Filling up the DagBag from /Users/punny/Documents/GitHub/NYC-Taxi-ETL-Pipeline/.venv/lib/python3.10/site-packages/airflow/example_dags/subdags/subdag.py
[2024-10-20T20:56:00.931+0700] {processor.py:927} WARNING - No viable dags retrieved from /Users/punny/Documents/GitHub/NYC-Taxi-ETL-Pipeline/.venv/lib/python3.10/site-packages/airflow/example_dags/subdags/subdag.py
[2024-10-20T20:56:01.114+0700] {processor.py:208} INFO - Processing /Users/punny/Documents/GitHub/NYC-Taxi-ETL-Pipeline/.venv/lib/python3.10/site-packages/airflow/example_dags/subdags/subdag.py took 0.199 seconds
[2024-10-20T20:59:25.471+0700] {processor.py:186} INFO - Started process (PID=25205) to work on /Users/punny/Documents/GitHub/NYC-Taxi-ETL-Pipeline/.venv/lib/python3.10/site-packages/airflow/example_dags/subdags/subdag.py
[2024-10-20T20:59:25.488+0700] {processor.py:914} INFO - Processing file /Users/punny/Documents/GitHub/NYC-Taxi-ETL-Pipeline/.venv/lib/python3.10/site-packages/airflow/example_dags/subdags/subdag.py for tasks to queue
[2024-10-20T20:59:25.491+0700] {logging_mixin.py:190} INFO - [2024-10-20T20:59:25.491+0700] {dagbag.py:588} INFO - Filling up the DagBag from /Users/punny/Documents/GitHub/NYC-Taxi-ETL-Pipeline/.venv/lib/python3.10/site-packages/airflow/example_dags/subdags/subdag.py
[2024-10-20T20:59:25.496+0700] {processor.py:927} WARNING - No viable dags retrieved from /Users/punny/Documents/GitHub/NYC-Taxi-ETL-Pipeline/.venv/lib/python3.10/site-packages/airflow/example_dags/subdags/subdag.py
[2024-10-20T20:59:25.810+0700] {processor.py:208} INFO - Processing /Users/punny/Documents/GitHub/NYC-Taxi-ETL-Pipeline/.venv/lib/python3.10/site-packages/airflow/example_dags/subdags/subdag.py took 0.364 seconds
[2024-10-20T21:02:59.153+0700] {processor.py:186} INFO - Started process (PID=25740) to work on /Users/punny/Documents/GitHub/NYC-Taxi-ETL-Pipeline/.venv/lib/python3.10/site-packages/airflow/example_dags/subdags/subdag.py
[2024-10-20T21:02:59.156+0700] {processor.py:914} INFO - Processing file /Users/punny/Documents/GitHub/NYC-Taxi-ETL-Pipeline/.venv/lib/python3.10/site-packages/airflow/example_dags/subdags/subdag.py for tasks to queue
[2024-10-20T21:02:59.157+0700] {logging_mixin.py:190} INFO - [2024-10-20T21:02:59.157+0700] {dagbag.py:588} INFO - Filling up the DagBag from /Users/punny/Documents/GitHub/NYC-Taxi-ETL-Pipeline/.venv/lib/python3.10/site-packages/airflow/example_dags/subdags/subdag.py
[2024-10-20T21:02:59.161+0700] {processor.py:927} WARNING - No viable dags retrieved from /Users/punny/Documents/GitHub/NYC-Taxi-ETL-Pipeline/.venv/lib/python3.10/site-packages/airflow/example_dags/subdags/subdag.py
[2024-10-20T21:02:59.368+0700] {processor.py:208} INFO - Processing /Users/punny/Documents/GitHub/NYC-Taxi-ETL-Pipeline/.venv/lib/python3.10/site-packages/airflow/example_dags/subdags/subdag.py took 0.223 seconds
[2024-10-20T21:06:53.897+0700] {processor.py:186} INFO - Started process (PID=26340) to work on /Users/punny/Documents/GitHub/NYC-Taxi-ETL-Pipeline/.venv/lib/python3.10/site-packages/airflow/example_dags/subdags/subdag.py
[2024-10-20T21:06:53.901+0700] {processor.py:914} INFO - Processing file /Users/punny/Documents/GitHub/NYC-Taxi-ETL-Pipeline/.venv/lib/python3.10/site-packages/airflow/example_dags/subdags/subdag.py for tasks to queue
[2024-10-20T21:06:53.902+0700] {logging_mixin.py:190} INFO - [2024-10-20T21:06:53.902+0700] {dagbag.py:588} INFO - Filling up the DagBag from /Users/punny/Documents/GitHub/NYC-Taxi-ETL-Pipeline/.venv/lib/python3.10/site-packages/airflow/example_dags/subdags/subdag.py
[2024-10-20T21:06:53.904+0700] {processor.py:927} WARNING - No viable dags retrieved from /Users/punny/Documents/GitHub/NYC-Taxi-ETL-Pipeline/.venv/lib/python3.10/site-packages/airflow/example_dags/subdags/subdag.py
[2024-10-20T21:06:54.091+0700] {processor.py:208} INFO - Processing /Users/punny/Documents/GitHub/NYC-Taxi-ETL-Pipeline/.venv/lib/python3.10/site-packages/airflow/example_dags/subdags/subdag.py took 0.203 seconds
[2024-10-20T21:09:52.306+0700] {processor.py:186} INFO - Started process (PID=26706) to work on /Users/punny/Documents/GitHub/NYC-Taxi-ETL-Pipeline/.venv/lib/python3.10/site-packages/airflow/example_dags/subdags/subdag.py
[2024-10-20T21:09:52.309+0700] {processor.py:914} INFO - Processing file /Users/punny/Documents/GitHub/NYC-Taxi-ETL-Pipeline/.venv/lib/python3.10/site-packages/airflow/example_dags/subdags/subdag.py for tasks to queue
[2024-10-20T21:09:52.310+0700] {logging_mixin.py:190} INFO - [2024-10-20T21:09:52.310+0700] {dagbag.py:588} INFO - Filling up the DagBag from /Users/punny/Documents/GitHub/NYC-Taxi-ETL-Pipeline/.venv/lib/python3.10/site-packages/airflow/example_dags/subdags/subdag.py
[2024-10-20T21:09:52.313+0700] {processor.py:927} WARNING - No viable dags retrieved from /Users/punny/Documents/GitHub/NYC-Taxi-ETL-Pipeline/.venv/lib/python3.10/site-packages/airflow/example_dags/subdags/subdag.py
[2024-10-20T21:09:52.502+0700] {processor.py:208} INFO - Processing /Users/punny/Documents/GitHub/NYC-Taxi-ETL-Pipeline/.venv/lib/python3.10/site-packages/airflow/example_dags/subdags/subdag.py took 0.205 seconds
[2024-10-20T21:28:01.432+0700] {processor.py:186} INFO - Started process (PID=27205) to work on /Users/punny/Documents/GitHub/NYC-Taxi-ETL-Pipeline/.venv/lib/python3.10/site-packages/airflow/example_dags/subdags/subdag.py
[2024-10-20T21:28:01.435+0700] {processor.py:914} INFO - Processing file /Users/punny/Documents/GitHub/NYC-Taxi-ETL-Pipeline/.venv/lib/python3.10/site-packages/airflow/example_dags/subdags/subdag.py for tasks to queue
[2024-10-20T21:28:01.436+0700] {logging_mixin.py:190} INFO - [2024-10-20T21:28:01.436+0700] {dagbag.py:588} INFO - Filling up the DagBag from /Users/punny/Documents/GitHub/NYC-Taxi-ETL-Pipeline/.venv/lib/python3.10/site-packages/airflow/example_dags/subdags/subdag.py
[2024-10-20T21:28:01.439+0700] {processor.py:927} WARNING - No viable dags retrieved from /Users/punny/Documents/GitHub/NYC-Taxi-ETL-Pipeline/.venv/lib/python3.10/site-packages/airflow/example_dags/subdags/subdag.py
[2024-10-20T21:28:01.630+0700] {processor.py:208} INFO - Processing /Users/punny/Documents/GitHub/NYC-Taxi-ETL-Pipeline/.venv/lib/python3.10/site-packages/airflow/example_dags/subdags/subdag.py took 0.207 seconds
[2024-10-20T21:31:33.221+0700] {processor.py:186} INFO - Started process (PID=27845) to work on /Users/punny/Documents/GitHub/NYC-Taxi-ETL-Pipeline/.venv/lib/python3.10/site-packages/airflow/example_dags/subdags/subdag.py
[2024-10-20T21:31:33.225+0700] {processor.py:914} INFO - Processing file /Users/punny/Documents/GitHub/NYC-Taxi-ETL-Pipeline/.venv/lib/python3.10/site-packages/airflow/example_dags/subdags/subdag.py for tasks to queue
[2024-10-20T21:31:33.226+0700] {logging_mixin.py:190} INFO - [2024-10-20T21:31:33.226+0700] {dagbag.py:588} INFO - Filling up the DagBag from /Users/punny/Documents/GitHub/NYC-Taxi-ETL-Pipeline/.venv/lib/python3.10/site-packages/airflow/example_dags/subdags/subdag.py
[2024-10-20T21:31:33.229+0700] {processor.py:927} WARNING - No viable dags retrieved from /Users/punny/Documents/GitHub/NYC-Taxi-ETL-Pipeline/.venv/lib/python3.10/site-packages/airflow/example_dags/subdags/subdag.py
[2024-10-20T21:31:33.418+0700] {processor.py:208} INFO - Processing /Users/punny/Documents/GitHub/NYC-Taxi-ETL-Pipeline/.venv/lib/python3.10/site-packages/airflow/example_dags/subdags/subdag.py took 0.206 seconds
[2024-10-20T21:55:21.031+0700] {processor.py:186} INFO - Started process (PID=31033) to work on /Users/punny/Documents/GitHub/NYC-Taxi-ETL-Pipeline/.venv/lib/python3.10/site-packages/airflow/example_dags/subdags/subdag.py
[2024-10-20T21:55:21.034+0700] {processor.py:914} INFO - Processing file /Users/punny/Documents/GitHub/NYC-Taxi-ETL-Pipeline/.venv/lib/python3.10/site-packages/airflow/example_dags/subdags/subdag.py for tasks to queue
[2024-10-20T21:55:21.036+0700] {logging_mixin.py:190} INFO - [2024-10-20T21:55:21.035+0700] {dagbag.py:588} INFO - Filling up the DagBag from /Users/punny/Documents/GitHub/NYC-Taxi-ETL-Pipeline/.venv/lib/python3.10/site-packages/airflow/example_dags/subdags/subdag.py
[2024-10-20T21:55:21.038+0700] {processor.py:927} WARNING - No viable dags retrieved from /Users/punny/Documents/GitHub/NYC-Taxi-ETL-Pipeline/.venv/lib/python3.10/site-packages/airflow/example_dags/subdags/subdag.py
[2024-10-20T21:55:21.227+0700] {processor.py:208} INFO - Processing /Users/punny/Documents/GitHub/NYC-Taxi-ETL-Pipeline/.venv/lib/python3.10/site-packages/airflow/example_dags/subdags/subdag.py took 0.205 seconds
[2024-10-20T21:59:19.691+0700] {processor.py:186} INFO - Started process (PID=31631) to work on /Users/punny/Documents/GitHub/NYC-Taxi-ETL-Pipeline/.venv/lib/python3.10/site-packages/airflow/example_dags/subdags/subdag.py
[2024-10-20T21:59:19.694+0700] {processor.py:914} INFO - Processing file /Users/punny/Documents/GitHub/NYC-Taxi-ETL-Pipeline/.venv/lib/python3.10/site-packages/airflow/example_dags/subdags/subdag.py for tasks to queue
[2024-10-20T21:59:19.695+0700] {logging_mixin.py:190} INFO - [2024-10-20T21:59:19.695+0700] {dagbag.py:588} INFO - Filling up the DagBag from /Users/punny/Documents/GitHub/NYC-Taxi-ETL-Pipeline/.venv/lib/python3.10/site-packages/airflow/example_dags/subdags/subdag.py
[2024-10-20T21:59:19.698+0700] {processor.py:927} WARNING - No viable dags retrieved from /Users/punny/Documents/GitHub/NYC-Taxi-ETL-Pipeline/.venv/lib/python3.10/site-packages/airflow/example_dags/subdags/subdag.py
[2024-10-20T21:59:19.870+0700] {processor.py:208} INFO - Processing /Users/punny/Documents/GitHub/NYC-Taxi-ETL-Pipeline/.venv/lib/python3.10/site-packages/airflow/example_dags/subdags/subdag.py took 0.186 seconds
[2024-10-21T00:00:38.797+0700] {processor.py:186} INFO - Started process (PID=32338) to work on /Users/punny/Documents/GitHub/NYC-Taxi-ETL-Pipeline/.venv/lib/python3.10/site-packages/airflow/example_dags/subdags/subdag.py
[2024-10-21T00:00:38.801+0700] {processor.py:914} INFO - Processing file /Users/punny/Documents/GitHub/NYC-Taxi-ETL-Pipeline/.venv/lib/python3.10/site-packages/airflow/example_dags/subdags/subdag.py for tasks to queue
[2024-10-21T00:00:38.804+0700] {logging_mixin.py:190} INFO - [2024-10-21T00:00:38.804+0700] {dagbag.py:588} INFO - Filling up the DagBag from /Users/punny/Documents/GitHub/NYC-Taxi-ETL-Pipeline/.venv/lib/python3.10/site-packages/airflow/example_dags/subdags/subdag.py
[2024-10-21T00:00:38.809+0700] {processor.py:927} WARNING - No viable dags retrieved from /Users/punny/Documents/GitHub/NYC-Taxi-ETL-Pipeline/.venv/lib/python3.10/site-packages/airflow/example_dags/subdags/subdag.py
[2024-10-21T00:00:39.066+0700] {processor.py:208} INFO - Processing /Users/punny/Documents/GitHub/NYC-Taxi-ETL-Pipeline/.venv/lib/python3.10/site-packages/airflow/example_dags/subdags/subdag.py took 0.283 seconds
[2024-10-21T02:18:29.189+0700] {processor.py:186} INFO - Started process (PID=33050) to work on /Users/punny/Documents/GitHub/NYC-Taxi-ETL-Pipeline/.venv/lib/python3.10/site-packages/airflow/example_dags/subdags/subdag.py
[2024-10-21T02:18:29.192+0700] {processor.py:914} INFO - Processing file /Users/punny/Documents/GitHub/NYC-Taxi-ETL-Pipeline/.venv/lib/python3.10/site-packages/airflow/example_dags/subdags/subdag.py for tasks to queue
[2024-10-21T02:18:29.193+0700] {logging_mixin.py:190} INFO - [2024-10-21T02:18:29.193+0700] {dagbag.py:588} INFO - Filling up the DagBag from /Users/punny/Documents/GitHub/NYC-Taxi-ETL-Pipeline/.venv/lib/python3.10/site-packages/airflow/example_dags/subdags/subdag.py
[2024-10-21T02:18:29.195+0700] {processor.py:927} WARNING - No viable dags retrieved from /Users/punny/Documents/GitHub/NYC-Taxi-ETL-Pipeline/.venv/lib/python3.10/site-packages/airflow/example_dags/subdags/subdag.py
[2024-10-21T02:18:29.375+0700] {processor.py:208} INFO - Processing /Users/punny/Documents/GitHub/NYC-Taxi-ETL-Pipeline/.venv/lib/python3.10/site-packages/airflow/example_dags/subdags/subdag.py took 0.195 seconds
[2024-10-21T04:20:46.591+0700] {processor.py:186} INFO - Started process (PID=33671) to work on /Users/punny/Documents/GitHub/NYC-Taxi-ETL-Pipeline/.venv/lib/python3.10/site-packages/airflow/example_dags/subdags/subdag.py
[2024-10-21T04:20:46.594+0700] {processor.py:914} INFO - Processing file /Users/punny/Documents/GitHub/NYC-Taxi-ETL-Pipeline/.venv/lib/python3.10/site-packages/airflow/example_dags/subdags/subdag.py for tasks to queue
[2024-10-21T04:20:46.596+0700] {logging_mixin.py:190} INFO - [2024-10-21T04:20:46.596+0700] {dagbag.py:588} INFO - Filling up the DagBag from /Users/punny/Documents/GitHub/NYC-Taxi-ETL-Pipeline/.venv/lib/python3.10/site-packages/airflow/example_dags/subdags/subdag.py
[2024-10-21T04:20:46.598+0700] {processor.py:927} WARNING - No viable dags retrieved from /Users/punny/Documents/GitHub/NYC-Taxi-ETL-Pipeline/.venv/lib/python3.10/site-packages/airflow/example_dags/subdags/subdag.py
[2024-10-21T04:20:46.769+0700] {processor.py:208} INFO - Processing /Users/punny/Documents/GitHub/NYC-Taxi-ETL-Pipeline/.venv/lib/python3.10/site-packages/airflow/example_dags/subdags/subdag.py took 0.186 seconds
